--------Parameters--------
Namespace(batch=32, bi=False, check_point=1, cuda=False, dataset='us_hhs', dropout=0.2, epilambda=0.5, epochs=500, gpu=3, hidsp=15, horizon=2, k=10, lamda=0.01, lr=0.1, model='cola_gnn_epi', mylog=False, n_hidden=20, n_layer=1, patience=200, rnn_model='RNN', save_dir='save', seed=42, shuffle=False, sim_mat='us_hhs-adj', test=0.2, train=0.6, val=0.2, weight_decay=0.0005, window=20)
--------------------------
data shape (364, 10)
size of train/val/test sets 197 73 73
#params: 5145
begin training
Epoch   1|time: 3.22s|train_loss 0.01429353|val_loss 0.01301352
Best validation epoch: 1 Tue May 23 11:12:10 2023
TEST MAE 17.8816 | std 5.2000 | RMSE 18.6408 | RMSEs 17.9004 | PCC -0.4208 | PCCs 0.0614 | R2 -389.3340 | R2s -624.6040 | Var -30.1462 | Vars -0.1295 | Peak 6.8883
Epoch   2|time: 3.26s|train_loss 0.00913384|val_loss 0.00072189
Best validation epoch: 2 Tue May 23 11:12:14 2023
TEST MAE 0.9769 | std 0.3843 | RMSE 1.3006 | RMSEs 1.2311 | PCC 0.5035 | PCCs 0.1271 | R2 -0.9003 | R2s -1.6562 | Var 0.1693 | Vars 0.0076 | Peak 0.6557
Epoch   3|time: 3.29s|train_loss 0.00707579|val_loss 0.00086293
Epoch   4|time: 3.43s|train_loss 0.00721534|val_loss 0.00078130
Epoch   5|time: 3.21s|train_loss 0.00702513|val_loss 0.00052274
Best validation epoch: 5 Tue May 23 11:12:25 2023
TEST MAE 0.6730 | std 0.2658 | RMSE 0.9898 | RMSEs 0.9316 | PCC 0.6217 | PCCs 0.7994 | R2 -0.1005 | R2s -0.5036 | Var 0.2877 | Vars 0.0912 | Peak 0.4980
Epoch   6|time: 3.23s|train_loss 0.00631432|val_loss 0.00056144
Epoch   7|time: 3.40s|train_loss 0.00582809|val_loss 0.00122770
Epoch   8|time: 3.17s|train_loss 0.00595142|val_loss 0.00162697
Epoch   9|time: 3.18s|train_loss 0.00614534|val_loss 0.00159927
Epoch  10|time: 3.34s|train_loss 0.00592602|val_loss 0.00188415
Epoch  11|time: 3.25s|train_loss 0.00574963|val_loss 0.00049647
Best validation epoch: 11 Tue May 23 11:12:45 2023
TEST MAE 0.5993 | std 0.2272 | RMSE 0.8904 | RMSEs 0.8381 | PCC 0.6433 | PCCs 0.8733 | R2 0.1093 | R2s -0.2159 | Var 0.3268 | Vars 0.1248 | Peak 0.4381
Epoch  12|time: 3.17s|train_loss 0.00551540|val_loss 0.00117984
Epoch  13|time: 3.60s|train_loss 0.00555362|val_loss 0.00048760
Best validation epoch: 13 Tue May 23 11:12:52 2023
TEST MAE 0.6659 | std 0.2665 | RMSE 0.9633 | RMSEs 0.9084 | PCC 0.7763 | PCCs 0.8698 | R2 -0.0423 | R2s -0.4322 | Var 0.4030 | Vars 0.2504 | Peak 0.4854
Epoch  14|time: 3.29s|train_loss 0.00550800|val_loss 0.00079113
Epoch  15|time: 3.31s|train_loss 0.00532096|val_loss 0.00036595
Best validation epoch: 15 Tue May 23 11:13:00 2023
TEST MAE 0.4881 | std 0.1868 | RMSE 0.7349 | RMSEs 0.6940 | PCC 0.8670 | PCCs 0.8661 | R2 0.3932 | R2s 0.1656 | Var 0.5888 | Vars 0.4645 | Peak 0.3598
Epoch  16|time: 2.39s|train_loss 0.00509072|val_loss 0.00104842
Epoch  17|time: 2.43s|train_loss 0.00553874|val_loss 0.00195353
Epoch  18|time: 3.21s|train_loss 0.00604029|val_loss 0.00130715
Epoch  19|time: 3.46s|train_loss 0.00579732|val_loss 0.00131367
Epoch  20|time: 3.19s|train_loss 0.00567694|val_loss 0.00044970
Epoch  21|time: 3.18s|train_loss 0.00535424|val_loss 0.00057331
Epoch  22|time: 3.31s|train_loss 0.00519184|val_loss 0.00031160
Best validation epoch: 22 Tue May 23 11:13:22 2023
TEST MAE 0.4416 | std 0.1453 | RMSE 0.6102 | RMSEs 0.5855 | PCC 0.9101 | PCCs 0.8642 | R2 0.5818 | R2s 0.3906 | Var 0.7887 | Vars 0.7178 | Peak 0.2703
Epoch  23|time: 3.18s|train_loss 0.00587650|val_loss 0.00088935
Epoch  24|time: 3.21s|train_loss 0.00572472|val_loss 0.00111754
Epoch  25|time: 3.51s|train_loss 0.00540252|val_loss 0.00055740
Epoch  26|time: 3.18s|train_loss 0.00518374|val_loss 0.00094561
Epoch  27|time: 3.18s|train_loss 0.00575154|val_loss 0.00112717
Epoch  28|time: 3.27s|train_loss 0.00560575|val_loss 0.00133846
Epoch  29|time: 3.29s|train_loss 0.00545797|val_loss 0.00055635
Epoch  30|time: 3.20s|train_loss 0.00555728|val_loss 0.00134390
Epoch  31|time: 3.39s|train_loss 0.00561430|val_loss 0.00100639
Epoch  32|time: 3.19s|train_loss 0.00550362|val_loss 0.00053964
Epoch  33|time: 3.31s|train_loss 0.00533415|val_loss 0.00071070
Epoch  34|time: 3.18s|train_loss 0.00533182|val_loss 0.00054421
Epoch  35|time: 3.20s|train_loss 0.00528767|val_loss 0.00053973
Epoch  36|time: 3.17s|train_loss 0.00529222|val_loss 0.00091697
Epoch  37|time: 3.27s|train_loss 0.00544638|val_loss 0.00076433
Epoch  38|time: 3.20s|train_loss 0.00550538|val_loss 0.00079542
Epoch  39|time: 3.31s|train_loss 0.00553221|val_loss 0.00107687
Epoch  40|time: 3.35s|train_loss 0.00576431|val_loss 0.00049151
Epoch  41|time: 3.18s|train_loss 0.00559563|val_loss 0.00060338
Epoch  42|time: 3.17s|train_loss 0.00533266|val_loss 0.00044259
Epoch  43|time: 3.40s|train_loss 0.00557576|val_loss 0.00193279
Epoch  44|time: 3.18s|train_loss 0.00636806|val_loss 0.00093020
Epoch  45|time: 3.18s|train_loss 0.00595548|val_loss 0.00138190
Epoch  46|time: 3.40s|train_loss 0.00606266|val_loss 0.00162697
Epoch  47|time: 3.26s|train_loss 0.00571218|val_loss 0.00110362
Epoch  48|time: 3.19s|train_loss 0.00546272|val_loss 0.00105947
Epoch  49|time: 3.23s|train_loss 0.00559497|val_loss 0.00033366
Epoch  50|time: 3.40s|train_loss 0.00564864|val_loss 0.00103778
Epoch  51|time: 3.17s|train_loss 0.00552372|val_loss 0.00063750
Epoch  52|time: 3.39s|train_loss 0.00526298|val_loss 0.00122723
Epoch  53|time: 3.40s|train_loss 0.00553517|val_loss 0.00047946
Epoch  54|time: 3.66s|train_loss 0.00530909|val_loss 0.00059471
Epoch  55|time: 3.60s|train_loss 0.00510379|val_loss 0.00024354
Best validation epoch: 55 Tue May 23 11:15:11 2023
TEST MAE 0.3289 | std 0.0905 | RMSE 0.4747 | RMSEs 0.4590 | PCC 0.8837 | PCCs 0.8171 | R2 0.7469 | R2s 0.6178 | Var 0.7761 | Vars 0.6633 | Peak 0.2106
Epoch  56|time: 3.18s|train_loss 0.00506702|val_loss 0.00053754
Epoch  57|time: 3.30s|train_loss 0.00516933|val_loss 0.00060749
Epoch  58|time: 3.21s|train_loss 0.00517219|val_loss 0.00046421
Epoch  59|time: 3.16s|train_loss 0.00552152|val_loss 0.00124569
Epoch  60|time: 3.18s|train_loss 0.00548848|val_loss 0.00038362
Epoch  61|time: 3.25s|train_loss 0.00531581|val_loss 0.00039788
Epoch  62|time: 3.17s|train_loss 0.00503776|val_loss 0.00067908
Epoch  63|time: 3.18s|train_loss 0.00536823|val_loss 0.00146796
Epoch  64|time: 3.28s|train_loss 0.00598700|val_loss 0.00166445
Epoch  65|time: 3.26s|train_loss 0.00591977|val_loss 0.00124913
Epoch  66|time: 3.18s|train_loss 0.00575465|val_loss 0.00108386
Epoch  67|time: 3.20s|train_loss 0.00548693|val_loss 0.00048761
Epoch  68|time: 3.45s|train_loss 0.00509593|val_loss 0.00032100
Epoch  69|time: 3.17s|train_loss 0.00519167|val_loss 0.00067504
Epoch  70|time: 3.26s|train_loss 0.00544926|val_loss 0.00086451
Epoch  71|time: 3.27s|train_loss 0.00527817|val_loss 0.00031413
Epoch  72|time: 3.17s|train_loss 0.00521076|val_loss 0.00102356
Epoch  73|time: 3.31s|train_loss 0.00587619|val_loss 0.00150908
Epoch  74|time: 3.17s|train_loss 0.00587034|val_loss 0.00189470
Epoch  75|time: 3.25s|train_loss 0.00575719|val_loss 0.00053578
Epoch  76|time: 3.18s|train_loss 0.00549147|val_loss 0.00057472
Epoch  77|time: 3.39s|train_loss 0.00517077|val_loss 0.00033137
Epoch  78|time: 3.17s|train_loss 0.00508551|val_loss 0.00064391
Epoch  79|time: 3.27s|train_loss 0.00521777|val_loss 0.00101652
Epoch  80|time: 3.31s|train_loss 0.00535569|val_loss 0.00068918
Epoch  81|time: 3.17s|train_loss 0.00650253|val_loss 0.00084837
Epoch  82|time: 3.17s|train_loss 0.00626276|val_loss 0.00151503
Epoch  83|time: 3.27s|train_loss 0.00714351|val_loss 0.00224433
Epoch  84|time: 3.19s|train_loss 0.00601031|val_loss 0.00138182
Epoch  85|time: 3.26s|train_loss 0.00568914|val_loss 0.00053440
Epoch  86|time: 3.48s|train_loss 0.00567746|val_loss 0.00114674
Epoch  87|time: 3.19s|train_loss 0.00558552|val_loss 0.00059447
Epoch  88|time: 3.19s|train_loss 0.00529903|val_loss 0.00050870
Epoch  89|time: 3.45s|train_loss 0.00551059|val_loss 0.00052348
Epoch  90|time: 3.20s|train_loss 0.00549471|val_loss 0.00086575
Epoch  91|time: 3.18s|train_loss 0.00533493|val_loss 0.00055598
Epoch  92|time: 3.33s|train_loss 0.00528127|val_loss 0.00065443
Epoch  93|time: 3.26s|train_loss 0.00562217|val_loss 0.00059260
Epoch  94|time: 3.17s|train_loss 0.00550983|val_loss 0.00053749
Epoch  95|time: 3.40s|train_loss 0.00551895|val_loss 0.00056587
Epoch  96|time: 3.19s|train_loss 0.00558493|val_loss 0.00054332
Epoch  97|time: 3.18s|train_loss 0.00551932|val_loss 0.00056805
Epoch  98|time: 3.42s|train_loss 0.00550956|val_loss 0.00107385
Epoch  99|time: 3.18s|train_loss 0.00560428|val_loss 0.00102491
Epoch 100|time: 3.18s|train_loss 0.00570836|val_loss 0.00058444
Epoch 101|time: 3.26s|train_loss 0.00546148|val_loss 0.00062157
Epoch 102|time: 3.18s|train_loss 0.00565712|val_loss 0.00144761
Epoch 103|time: 3.26s|train_loss 0.00623173|val_loss 0.00198232
Epoch 104|time: 3.22s|train_loss 0.00640530|val_loss 0.00178845
Epoch 105|time: 3.36s|train_loss 0.00597829|val_loss 0.00120693
Epoch 106|time: 3.18s|train_loss 0.00594162|val_loss 0.00053859
Epoch 107|time: 3.38s|train_loss 0.00583001|val_loss 0.00082434
Epoch 108|time: 3.18s|train_loss 0.00560115|val_loss 0.00103148
Epoch 109|time: 3.17s|train_loss 0.00563553|val_loss 0.00071663
Epoch 110|time: 3.30s|train_loss 0.00573545|val_loss 0.00059382
Epoch 111|time: 3.18s|train_loss 0.00544712|val_loss 0.00058841
Epoch 112|time: 3.28s|train_loss 0.00548236|val_loss 0.00054969
Epoch 113|time: 3.20s|train_loss 0.00545048|val_loss 0.00054423
Epoch 114|time: 3.19s|train_loss 0.00546369|val_loss 0.00053605
Epoch 115|time: 3.19s|train_loss 0.00542686|val_loss 0.00054204
Epoch 116|time: 3.21s|train_loss 0.00542981|val_loss 0.00057229
Epoch 117|time: 3.48s|train_loss 0.00550675|val_loss 0.00076442
Epoch 118|time: 3.21s|train_loss 0.00556723|val_loss 0.00123676
Epoch 119|time: 3.21s|train_loss 0.00590324|val_loss 0.00117864
Epoch 120|time: 3.43s|train_loss 0.00575730|val_loss 0.00131712
Epoch 121|time: 3.29s|train_loss 0.00598866|val_loss 0.00124596
Epoch 122|time: 3.22s|train_loss 0.00566756|val_loss 0.00098913
Epoch 123|time: 3.34s|train_loss 0.00585276|val_loss 0.00074724
Epoch 124|time: 3.22s|train_loss 0.00603229|val_loss 0.00107389
Epoch 125|time: 3.31s|train_loss 0.00609202|val_loss 0.00097799
Epoch 126|time: 3.32s|train_loss 0.00557037|val_loss 0.00053699
Epoch 127|time: 3.23s|train_loss 0.00542598|val_loss 0.00059191
Epoch 128|time: 3.23s|train_loss 0.00541893|val_loss 0.00054174
Epoch 129|time: 3.24s|train_loss 0.00533897|val_loss 0.00098953
Epoch 130|time: 3.22s|train_loss 0.00554882|val_loss 0.00065721
Epoch 131|time: 3.32s|train_loss 0.00568085|val_loss 0.00055525
Epoch 132|time: 3.32s|train_loss 0.00547992|val_loss 0.00054713
Epoch 133|time: 3.24s|train_loss 0.00537431|val_loss 0.00055039
Epoch 134|time: 3.25s|train_loss 0.00528259|val_loss 0.00075416
Epoch 135|time: 3.47s|train_loss 0.00546945|val_loss 0.00055425
Epoch 136|time: 3.23s|train_loss 0.00535347|val_loss 0.00057690
Epoch 137|time: 3.24s|train_loss 0.00529405|val_loss 0.00056155
Epoch 138|time: 3.23s|train_loss 0.00548690|val_loss 0.00106512
Epoch 139|time: 3.33s|train_loss 0.00563041|val_loss 0.00088330
Epoch 140|time: 3.23s|train_loss 0.00557208|val_loss 0.00092146
Epoch 141|time: 3.36s|train_loss 0.00555805|val_loss 0.00075015
Epoch 142|time: 3.35s|train_loss 0.00549287|val_loss 0.00098972
Epoch 143|time: 3.24s|train_loss 0.00543543|val_loss 0.00084066
Epoch 144|time: 3.38s|train_loss 0.00583267|val_loss 0.00064924
Epoch 145|time: 3.39s|train_loss 0.00540145|val_loss 0.00073857
Epoch 146|time: 3.24s|train_loss 0.00566811|val_loss 0.00106339
Epoch 147|time: 3.25s|train_loss 0.00557342|val_loss 0.00055195
Epoch 148|time: 3.25s|train_loss 0.00550423|val_loss 0.00060303
Epoch 149|time: 3.32s|train_loss 0.00548139|val_loss 0.00058992
Epoch 150|time: 3.34s|train_loss 0.00546012|val_loss 0.00053913
Epoch 151|time: 3.24s|train_loss 0.00545348|val_loss 0.00064106
Epoch 152|time: 3.24s|train_loss 0.00551744|val_loss 0.00105099
Epoch 153|time: 3.46s|train_loss 0.00564838|val_loss 0.00066864
Epoch 154|time: 3.24s|train_loss 0.00553507|val_loss 0.00059330
Epoch 155|time: 3.25s|train_loss 0.00551911|val_loss 0.00054763
Epoch 156|time: 3.32s|train_loss 0.00552079|val_loss 0.00101541
Epoch 157|time: 3.24s|train_loss 0.00573476|val_loss 0.00078777
Epoch 158|time: 3.37s|train_loss 0.00589351|val_loss 0.00165219
Epoch 159|time: 3.32s|train_loss 0.00678645|val_loss 0.00053472
Epoch 160|time: 3.48s|train_loss 0.00635751|val_loss 0.00094309
Epoch 161|time: 3.24s|train_loss 0.00668999|val_loss 0.00121994
Epoch 162|time: 3.25s|train_loss 0.00617669|val_loss 0.00111589
Epoch 163|time: 3.27s|train_loss 0.00621108|val_loss 0.00068436
Epoch 164|time: 3.17s|train_loss 0.00633600|val_loss 0.00122904
Epoch 165|time: 3.19s|train_loss 0.00618014|val_loss 0.00088869
Epoch 166|time: 3.18s|train_loss 0.00630614|val_loss 0.00151540
Epoch 167|time: 3.26s|train_loss 0.00594770|val_loss 0.00067268
Epoch 168|time: 3.31s|train_loss 0.00570242|val_loss 0.00069321
Epoch 169|time: 3.17s|train_loss 0.00548449|val_loss 0.00056241
Epoch 170|time: 3.18s|train_loss 0.00555796|val_loss 0.00089233
Epoch 171|time: 3.18s|train_loss 0.00552986|val_loss 0.00060730
Epoch 172|time: 3.27s|train_loss 0.00558677|val_loss 0.00052330
Epoch 173|time: 3.20s|train_loss 0.00558978|val_loss 0.00089615
Epoch 174|time: 3.20s|train_loss 0.00546946|val_loss 0.00065584
Epoch 175|time: 3.25s|train_loss 0.00561072|val_loss 0.00124643
Epoch 176|time: 3.17s|train_loss 0.00579873|val_loss 0.00067009
Epoch 177|time: 3.26s|train_loss 0.00561352|val_loss 0.00054377
Epoch 178|time: 3.18s|train_loss 0.00612420|val_loss 0.00068553
Epoch 179|time: 3.41s|train_loss 0.00593157|val_loss 0.00103533
Epoch 180|time: 3.17s|train_loss 0.00600099|val_loss 0.00214480
Epoch 181|time: 3.46s|train_loss 0.00635129|val_loss 0.00106689
Epoch 182|time: 3.18s|train_loss 0.00606937|val_loss 0.00065674
Epoch 183|time: 3.18s|train_loss 0.00542839|val_loss 0.00073442
Epoch 184|time: 3.37s|train_loss 0.00534536|val_loss 0.00049318
Epoch 185|time: 3.27s|train_loss 0.00537210|val_loss 0.00041315
Epoch 186|time: 3.18s|train_loss 0.00554425|val_loss 0.00148468
Epoch 187|time: 3.32s|train_loss 0.00569352|val_loss 0.00055275
Epoch 188|time: 3.18s|train_loss 0.00540451|val_loss 0.00064702
Epoch 189|time: 3.19s|train_loss 0.00541285|val_loss 0.00164189
Epoch 190|time: 3.36s|train_loss 0.00592118|val_loss 0.00116643
Epoch 191|time: 3.27s|train_loss 0.00574204|val_loss 0.00049407
Epoch 192|time: 3.17s|train_loss 0.00578750|val_loss 0.00111058
Epoch 193|time: 3.21s|train_loss 0.00572663|val_loss 0.00060489
Epoch 194|time: 3.18s|train_loss 0.00539747|val_loss 0.00129947
Epoch 195|time: 3.25s|train_loss 0.00559896|val_loss 0.00061441
Epoch 196|time: 3.29s|train_loss 0.00554504|val_loss 0.00044739
Epoch 197|time: 3.38s|train_loss 0.00532549|val_loss 0.00094722
Epoch 198|time: 3.18s|train_loss 0.00584054|val_loss 0.00039481
Epoch 199|time: 3.50s|train_loss 0.00568897|val_loss 0.00085921
Epoch 200|time: 3.18s|train_loss 0.00532705|val_loss 0.00069435
Epoch 201|time: 3.17s|train_loss 0.00555952|val_loss 0.00169548
Epoch 202|time: 3.30s|train_loss 0.00633661|val_loss 0.00056146
Epoch 203|time: 3.17s|train_loss 0.00545142|val_loss 0.00055200
Epoch 204|time: 3.17s|train_loss 0.00541081|val_loss 0.00040054
Epoch 205|time: 3.33s|train_loss 0.00546755|val_loss 0.00089887
Epoch 206|time: 3.18s|train_loss 0.00555492|val_loss 0.00029695
Epoch 207|time: 3.18s|train_loss 0.00516194|val_loss 0.00044412
Epoch 208|time: 3.22s|train_loss 0.00520821|val_loss 0.00040206
Epoch 209|time: 3.37s|train_loss 0.00554693|val_loss 0.00056675
Epoch 210|time: 3.20s|train_loss 0.00545047|val_loss 0.00064821
Epoch 211|time: 3.19s|train_loss 0.00578399|val_loss 0.00068779
Epoch 212|time: 3.29s|train_loss 0.00552892|val_loss 0.00029828
Epoch 213|time: 3.28s|train_loss 0.00546180|val_loss 0.00035823
Epoch 214|time: 3.22s|train_loss 0.00541843|val_loss 0.00021449
Best validation epoch: 214 Tue May 23 11:23:49 2023
TEST MAE 0.3278 | std 0.0980 | RMSE 0.4700 | RMSEs 0.4539 | PCC 0.8957 | PCCs 0.8430 | R2 0.7518 | R2s 0.6267 | Var 0.8022 | Vars 0.7070 | Peak 0.2112
Epoch 215|time: 3.22s|train_loss 0.00557155|val_loss 0.00054164
Epoch 216|time: 3.23s|train_loss 0.00570732|val_loss 0.00079751
Epoch 217|time: 3.27s|train_loss 0.00577919|val_loss 0.00044362
Epoch 218|time: 3.35s|train_loss 0.00596503|val_loss 0.00091294
Epoch 219|time: 3.23s|train_loss 0.00562607|val_loss 0.00045881
Epoch 220|time: 3.24s|train_loss 0.00559037|val_loss 0.00096574
Epoch 221|time: 3.30s|train_loss 0.00542986|val_loss 0.00034086
Epoch 222|time: 3.23s|train_loss 0.00537725|val_loss 0.00094952
Epoch 223|time: 3.32s|train_loss 0.00547963|val_loss 0.00053761
Epoch 224|time: 3.38s|train_loss 0.00557447|val_loss 0.00056734
Epoch 225|time: 3.24s|train_loss 0.00551257|val_loss 0.00097005
Epoch 226|time: 3.24s|train_loss 0.00546154|val_loss 0.00046857
Epoch 227|time: 3.50s|train_loss 0.00551483|val_loss 0.00030515
Epoch 228|time: 3.26s|train_loss 0.00520709|val_loss 0.00065886
Epoch 229|time: 3.25s|train_loss 0.00538391|val_loss 0.00052375
Epoch 230|time: 3.41s|train_loss 0.00533632|val_loss 0.00052724
Epoch 231|time: 3.36s|train_loss 0.00523220|val_loss 0.00026338
Epoch 232|time: 3.29s|train_loss 0.00514712|val_loss 0.00039602
Epoch 233|time: 3.40s|train_loss 0.00519720|val_loss 0.00066329
Epoch 234|time: 3.46s|train_loss 0.00532220|val_loss 0.00066413
Epoch 235|time: 3.34s|train_loss 0.00524585|val_loss 0.00024231
Epoch 236|time: 3.43s|train_loss 0.00537036|val_loss 0.00024678
Epoch 237|time: 3.47s|train_loss 0.00586143|val_loss 0.00055049
Epoch 238|time: 3.37s|train_loss 0.00587656|val_loss 0.00110930
Epoch 239|time: 3.37s|train_loss 0.00555027|val_loss 0.00040178
Epoch 240|time: 3.35s|train_loss 0.00549957|val_loss 0.00113529
Epoch 241|time: 3.55s|train_loss 0.00576319|val_loss 0.00089189
Epoch 242|time: 3.38s|train_loss 0.00562640|val_loss 0.00064188
Epoch 243|time: 3.39s|train_loss 0.00516334|val_loss 0.00036239
Epoch 244|time: 3.39s|train_loss 0.00529698|val_loss 0.00041526
Epoch 245|time: 3.47s|train_loss 0.00533124|val_loss 0.00090156
Epoch 246|time: 3.42s|train_loss 0.00540960|val_loss 0.00096086
Epoch 247|time: 3.46s|train_loss 0.00541155|val_loss 0.00035693
Epoch 248|time: 3.40s|train_loss 0.00517513|val_loss 0.00079333
Epoch 249|time: 3.41s|train_loss 0.00539651|val_loss 0.00034420
Epoch 250|time: 3.48s|train_loss 0.00516586|val_loss 0.00027143
Epoch 251|time: 3.78s|train_loss 0.00508502|val_loss 0.00075269
Epoch 252|time: 3.40s|train_loss 0.00557947|val_loss 0.00030230
Epoch 253|time: 3.62s|train_loss 0.00515610|val_loss 0.00031864
Epoch 254|time: 3.42s|train_loss 0.00530774|val_loss 0.00023957
Epoch 255|time: 3.50s|train_loss 0.00537817|val_loss 0.00024618
Epoch 256|time: 3.49s|train_loss 0.00516324|val_loss 0.00030184
Epoch 257|time: 3.41s|train_loss 0.00507211|val_loss 0.00040477
Epoch 258|time: 3.43s|train_loss 0.00529785|val_loss 0.00054670
Epoch 259|time: 3.57s|train_loss 0.00526794|val_loss 0.00039947
Epoch 260|time: 3.40s|train_loss 0.00541285|val_loss 0.00093090
Epoch 261|time: 3.40s|train_loss 0.00538952|val_loss 0.00106745
Epoch 262|time: 3.53s|train_loss 0.00550218|val_loss 0.00059960
Epoch 263|time: 3.40s|train_loss 0.00554859|val_loss 0.00040869
Epoch 264|time: 3.53s|train_loss 0.00542936|val_loss 0.00072738
Epoch 265|time: 3.44s|train_loss 0.00545538|val_loss 0.00066781
Epoch 266|time: 3.41s|train_loss 0.00519615|val_loss 0.00027826
Epoch 267|time: 3.41s|train_loss 0.00507919|val_loss 0.00023865
Epoch 268|time: 3.44s|train_loss 0.00513597|val_loss 0.00024232
Epoch 269|time: 3.61s|train_loss 0.00520881|val_loss 0.00049129
Epoch 270|time: 3.52s|train_loss 0.00508513|val_loss 0.00028791
Epoch 271|time: 3.42s|train_loss 0.00531200|val_loss 0.00033983
Epoch 272|time: 3.43s|train_loss 0.00510826|val_loss 0.00024589
Epoch 273|time: 3.61s|train_loss 0.00506277|val_loss 0.00020209
Best validation epoch: 273 Tue May 23 11:27:11 2023
TEST MAE 0.2718 | std 0.0801 | RMSE 0.3987 | RMSEs 0.3835 | PCC 0.9120 | PCCs 0.8687 | R2 0.8215 | R2s 0.7354 | Var 0.8317 | Vars 0.7510 | Peak 0.1741
Epoch 274|time: 3.43s|train_loss 0.00510722|val_loss 0.00041593
Epoch 275|time: 3.44s|train_loss 0.00502413|val_loss 0.00037479
Epoch 276|time: 3.49s|train_loss 0.00506723|val_loss 0.00020427
Epoch 277|time: 3.50s|train_loss 0.00501534|val_loss 0.00024397
Epoch 278|time: 3.43s|train_loss 0.00500913|val_loss 0.00037324
Epoch 279|time: 3.48s|train_loss 0.00505149|val_loss 0.00062567
Epoch 280|time: 3.43s|train_loss 0.00525556|val_loss 0.00096195
Epoch 281|time: 3.43s|train_loss 0.00540597|val_loss 0.00040061
Epoch 282|time: 3.60s|train_loss 0.00515536|val_loss 0.00022516
Epoch 283|time: 3.43s|train_loss 0.00508458|val_loss 0.00026757
Epoch 284|time: 3.43s|train_loss 0.00511694|val_loss 0.00048608
Epoch 285|time: 3.43s|train_loss 0.00522382|val_loss 0.00077312
Epoch 286|time: 3.72s|train_loss 0.00531260|val_loss 0.00064751
Epoch 287|time: 3.65s|train_loss 0.00517952|val_loss 0.00034334
Epoch 288|time: 3.43s|train_loss 0.00522578|val_loss 0.00163274
Epoch 289|time: 3.45s|train_loss 0.00590543|val_loss 0.00079507
Epoch 290|time: 3.59s|train_loss 0.00546694|val_loss 0.00050375
Epoch 291|time: 3.51s|train_loss 0.00536561|val_loss 0.00048083
Epoch 292|time: 3.45s|train_loss 0.00537707|val_loss 0.00113151
Epoch 293|time: 3.61s|train_loss 0.00548269|val_loss 0.00137001
Epoch 294|time: 3.44s|train_loss 0.00556016|val_loss 0.00104804
Epoch 295|time: 3.44s|train_loss 0.00565004|val_loss 0.00067218
Epoch 296|time: 3.62s|train_loss 0.00589583|val_loss 0.00063092
Epoch 297|time: 3.44s|train_loss 0.00571139|val_loss 0.00070110
Epoch 298|time: 3.44s|train_loss 0.00547542|val_loss 0.00062426
Epoch 299|time: 3.52s|train_loss 0.00533835|val_loss 0.00057758
Epoch 300|time: 3.44s|train_loss 0.00544280|val_loss 0.00042264
Epoch 301|time: 3.52s|train_loss 0.00544883|val_loss 0.00034595
Epoch 302|time: 3.47s|train_loss 0.00530130|val_loss 0.00024786
Epoch 303|time: 3.51s|train_loss 0.00522061|val_loss 0.00041820
Epoch 304|time: 3.51s|train_loss 0.00565947|val_loss 0.00113984
Epoch 305|time: 3.52s|train_loss 0.00564684|val_loss 0.00081083
Epoch 306|time: 3.43s|train_loss 0.00524951|val_loss 0.00029466
Epoch 307|time: 3.51s|train_loss 0.00537799|val_loss 0.00034718
Epoch 308|time: 3.42s|train_loss 0.00528018|val_loss 0.00086565
Epoch 309|time: 3.50s|train_loss 0.00539924|val_loss 0.00069706
Epoch 310|time: 3.42s|train_loss 0.00522574|val_loss 0.00028372
Epoch 311|time: 3.42s|train_loss 0.00512115|val_loss 0.00039093
Epoch 312|time: 3.42s|train_loss 0.00511804|val_loss 0.00058256
Epoch 313|time: 3.58s|train_loss 0.00517866|val_loss 0.00044870
Epoch 314|time: 3.42s|train_loss 0.00544454|val_loss 0.00093472
Epoch 315|time: 3.53s|train_loss 0.00543555|val_loss 0.00052368
Epoch 316|time: 3.47s|train_loss 0.00570379|val_loss 0.00148020
Epoch 317|time: 3.45s|train_loss 0.00575735|val_loss 0.00101758
Epoch 318|time: 3.43s|train_loss 0.00538297|val_loss 0.00113454
Epoch 319|time: 3.57s|train_loss 0.00575855|val_loss 0.00116433
Epoch 320|time: 3.47s|train_loss 0.00559758|val_loss 0.00108691
Epoch 321|time: 3.43s|train_loss 0.00540437|val_loss 0.00076790
Epoch 322|time: 4.03s|train_loss 0.00535726|val_loss 0.00103141
Epoch 323|time: 4.10s|train_loss 0.00547875|val_loss 0.00073426
Epoch 324|time: 3.69s|train_loss 0.00535899|val_loss 0.00065217
Epoch 325|time: 3.42s|train_loss 0.00514676|val_loss 0.00063293
Epoch 326|time: 3.43s|train_loss 0.00526882|val_loss 0.00044945
Epoch 327|time: 3.56s|train_loss 0.00517121|val_loss 0.00050989
Epoch 328|time: 3.46s|train_loss 0.00505969|val_loss 0.00031227
Epoch 329|time: 3.55s|train_loss 0.00509483|val_loss 0.00020403
Epoch 330|time: 3.60s|train_loss 0.00506678|val_loss 0.00038522
Epoch 331|time: 3.44s|train_loss 0.00506986|val_loss 0.00031131
Epoch 332|time: 3.45s|train_loss 0.00499774|val_loss 0.00032316
Epoch 333|time: 3.63s|train_loss 0.00498510|val_loss 0.00028635
Epoch 334|time: 3.44s|train_loss 0.00522523|val_loss 0.00023689
Epoch 335|time: 3.46s|train_loss 0.00500742|val_loss 0.00029429
Epoch 336|time: 3.55s|train_loss 0.00511698|val_loss 0.00077679
Epoch 337|time: 3.69s|train_loss 0.00524079|val_loss 0.00042947
Epoch 338|time: 3.50s|train_loss 0.00506758|val_loss 0.00024149
Epoch 339|time: 3.50s|train_loss 0.00508895|val_loss 0.00023544
Epoch 340|time: 3.46s|train_loss 0.00506501|val_loss 0.00034281
Epoch 341|time: 3.59s|train_loss 0.00528923|val_loss 0.00024602
Epoch 342|time: 3.56s|train_loss 0.00538435|val_loss 0.00106339
Epoch 343|time: 3.48s|train_loss 0.00565797|val_loss 0.00129155
Epoch 344|time: 3.59s|train_loss 0.00549573|val_loss 0.00069417
Epoch 345|time: 3.52s|train_loss 0.00552253|val_loss 0.00049121
Epoch 346|time: 3.50s|train_loss 0.00499909|val_loss 0.00021644
Epoch 347|time: 3.81s|train_loss 0.00526827|val_loss 0.00024710
Epoch 348|time: 3.49s|train_loss 0.00520223|val_loss 0.00026317
Epoch 349|time: 3.50s|train_loss 0.00508397|val_loss 0.00043818
Epoch 350|time: 3.72s|train_loss 0.00512863|val_loss 0.00021551
Epoch 351|time: 3.57s|train_loss 0.00527663|val_loss 0.00029654
Epoch 352|time: 3.50s|train_loss 0.00519360|val_loss 0.00060634
Epoch 353|time: 3.63s|train_loss 0.00532384|val_loss 0.00051190
Epoch 354|time: 3.49s|train_loss 0.00512955|val_loss 0.00021119
Epoch 355|time: 3.55s|train_loss 0.00520145|val_loss 0.00023942
Epoch 356|time: 3.61s|train_loss 0.00505775|val_loss 0.00020520
Epoch 357|time: 3.50s|train_loss 0.00503355|val_loss 0.00020482
Epoch 358|time: 3.56s|train_loss 0.00507660|val_loss 0.00035428
Epoch 359|time: 3.48s|train_loss 0.00508646|val_loss 0.00041976
Epoch 360|time: 3.49s|train_loss 0.00516395|val_loss 0.00037827
Epoch 361|time: 3.65s|train_loss 0.00515381|val_loss 0.00026591
Epoch 362|time: 3.49s|train_loss 0.00509172|val_loss 0.00034299
Epoch 363|time: 3.50s|train_loss 0.00511547|val_loss 0.00037688
Epoch 364|time: 3.59s|train_loss 0.00522869|val_loss 0.00048455
Epoch 365|time: 3.58s|train_loss 0.00532746|val_loss 0.00030488
Epoch 366|time: 3.48s|train_loss 0.00505314|val_loss 0.00040776
Epoch 367|time: 3.59s|train_loss 0.00520781|val_loss 0.00027013
Epoch 368|time: 3.47s|train_loss 0.00530067|val_loss 0.00053408
Epoch 369|time: 3.57s|train_loss 0.00508408|val_loss 0.00064475
Epoch 370|time: 3.48s|train_loss 0.00544169|val_loss 0.00056479
Epoch 371|time: 3.53s|train_loss 0.00520614|val_loss 0.00049856
Epoch 372|time: 3.53s|train_loss 0.00522203|val_loss 0.00061522
Epoch 373|time: 3.46s|train_loss 0.00514235|val_loss 0.00054051
Epoch 374|time: 3.46s|train_loss 0.00511132|val_loss 0.00027936
Epoch 375|time: 3.65s|train_loss 0.00506767|val_loss 0.00026154
Epoch 376|time: 3.46s|train_loss 0.00492955|val_loss 0.00037223
Epoch 377|time: 3.45s|train_loss 0.00504428|val_loss 0.00024900
Epoch 378|time: 3.50s|train_loss 0.00500429|val_loss 0.00032822
Epoch 379|time: 3.54s|train_loss 0.00499990|val_loss 0.00043389
Epoch 380|time: 3.46s|train_loss 0.00513913|val_loss 0.00025743
Epoch 381|time: 3.52s|train_loss 0.00522121|val_loss 0.00029300
Epoch 382|time: 3.44s|train_loss 0.00497152|val_loss 0.00031430
Epoch 383|time: 3.54s|train_loss 0.00498532|val_loss 0.00023696
Epoch 384|time: 3.54s|train_loss 0.00493703|val_loss 0.00024116
Epoch 385|time: 3.46s|train_loss 0.00496454|val_loss 0.00022098
Epoch 386|time: 3.48s|train_loss 0.00498568|val_loss 0.00020343
Epoch 387|time: 3.59s|train_loss 0.00508812|val_loss 0.00036043
Epoch 388|time: 3.56s|train_loss 0.00522789|val_loss 0.00034343
Epoch 389|time: 3.59s|train_loss 0.00519326|val_loss 0.00023511
Epoch 390|time: 3.46s|train_loss 0.00502579|val_loss 0.00029621
Epoch 391|time: 3.46s|train_loss 0.00506310|val_loss 0.00048334
Epoch 392|time: 3.57s|train_loss 0.00502448|val_loss 0.00029527
Epoch 393|time: 3.53s|train_loss 0.00499988|val_loss 0.00037715
Epoch 394|time: 3.46s|train_loss 0.00497121|val_loss 0.00026352
Epoch 395|time: 3.54s|train_loss 0.00503064|val_loss 0.00022462
Epoch 396|time: 3.47s|train_loss 0.00497085|val_loss 0.00041359
Epoch 397|time: 3.54s|train_loss 0.00510945|val_loss 0.00023966
Epoch 398|time: 3.50s|train_loss 0.00505244|val_loss 0.00033962
Epoch 399|time: 3.43s|train_loss 0.00498890|val_loss 0.00025704
Epoch 400|time: 3.44s|train_loss 0.00498449|val_loss 0.00020479
Epoch 401|time: 3.45s|train_loss 0.00499206|val_loss 0.00028574
Epoch 402|time: 3.52s|train_loss 0.00509776|val_loss 0.00021795
Epoch 403|time: 3.43s|train_loss 0.00493352|val_loss 0.00020522
Epoch 404|time: 3.59s|train_loss 0.00496598|val_loss 0.00036471
Epoch 405|time: 3.53s|train_loss 0.00514167|val_loss 0.00022881
Epoch 406|time: 3.43s|train_loss 0.00502863|val_loss 0.00023021
Epoch 407|time: 3.69s|train_loss 0.00495790|val_loss 0.00049065
Epoch 408|time: 3.44s|train_loss 0.00523331|val_loss 0.00037883
Epoch 409|time: 3.49s|train_loss 0.00510021|val_loss 0.00027635
Epoch 410|time: 3.44s|train_loss 0.00503343|val_loss 0.00028389
Epoch 411|time: 3.51s|train_loss 0.00502607|val_loss 0.00022686
Epoch 412|time: 3.53s|train_loss 0.00498779|val_loss 0.00033148
Epoch 413|time: 3.44s|train_loss 0.00502222|val_loss 0.00020451
Epoch 414|time: 3.44s|train_loss 0.00498474|val_loss 0.00027674
Epoch 415|time: 3.58s|train_loss 0.00498313|val_loss 0.00022684
Epoch 416|time: 3.56s|train_loss 0.00492254|val_loss 0.00021617
Epoch 417|time: 3.46s|train_loss 0.00499390|val_loss 0.00023667
Epoch 418|time: 3.46s|train_loss 0.00501975|val_loss 0.00020983
Epoch 419|time: 3.46s|train_loss 0.00497818|val_loss 0.00020708
Epoch 420|time: 3.45s|train_loss 0.00500667|val_loss 0.00020607
Epoch 421|time: 3.56s|train_loss 0.00502713|val_loss 0.00024927
Epoch 422|time: 3.45s|train_loss 0.00502079|val_loss 0.00024076
Epoch 423|time: 3.59s|train_loss 0.00501493|val_loss 0.00021064
Epoch 424|time: 3.52s|train_loss 0.00501932|val_loss 0.00019904
Best validation epoch: 424 Tue May 23 11:36:03 2023
TEST MAE 0.2590 | std 0.0756 | RMSE 0.3857 | RMSEs 0.3715 | PCC 0.9184 | PCCs 0.8775 | R2 0.8329 | R2s 0.7509 | Var 0.8434 | Vars 0.7669 | Peak 0.1652
Epoch 425|time: 3.47s|train_loss 0.00500148|val_loss 0.00027311
Epoch 426|time: 3.56s|train_loss 0.00499338|val_loss 0.00033246
Epoch 427|time: 3.47s|train_loss 0.00501004|val_loss 0.00028483
Epoch 428|time: 3.46s|train_loss 0.00499355|val_loss 0.00030824
Epoch 429|time: 3.63s|train_loss 0.00493529|val_loss 0.00023062
Epoch 430|time: 3.46s|train_loss 0.00495461|val_loss 0.00028109
Epoch 431|time: 3.47s|train_loss 0.00504867|val_loss 0.00022049
Epoch 432|time: 3.59s|train_loss 0.00495400|val_loss 0.00024632
Epoch 433|time: 3.46s|train_loss 0.00495631|val_loss 0.00023388
Epoch 434|time: 3.54s|train_loss 0.00500565|val_loss 0.00022192
Epoch 435|time: 3.59s|train_loss 0.00498000|val_loss 0.00030432
Epoch 436|time: 3.47s|train_loss 0.00498794|val_loss 0.00028037
Epoch 437|time: 3.47s|train_loss 0.00495402|val_loss 0.00022083
Epoch 438|time: 3.67s|train_loss 0.00493199|val_loss 0.00022772
Epoch 439|time: 3.56s|train_loss 0.00499334|val_loss 0.00021798
Epoch 440|time: 3.48s|train_loss 0.00490297|val_loss 0.00020192
Epoch 441|time: 3.53s|train_loss 0.00496105|val_loss 0.00023060
Epoch 442|time: 3.48s|train_loss 0.00499262|val_loss 0.00023849
Epoch 443|time: 2.69s|train_loss 0.00512823|val_loss 0.00035254
Epoch 444|time: 2.34s|train_loss 0.00591812|val_loss 0.00095707
Epoch 445|time: 2.98s|train_loss 0.00595782|val_loss 0.00081042
Epoch 446|time: 3.82s|train_loss 0.00555486|val_loss 0.00072029
Epoch 447|time: 3.89s|train_loss 0.00567319|val_loss 0.00056930
Epoch 448|time: 3.95s|train_loss 0.00597007|val_loss 0.00178136
Epoch 449|time: 3.96s|train_loss 0.00598890|val_loss 0.00053677
Epoch 450|time: 3.89s|train_loss 0.00565469|val_loss 0.00059181
Epoch 451|time: 3.90s|train_loss 0.00563599|val_loss 0.00083366
Epoch 452|time: 3.92s|train_loss 0.00554882|val_loss 0.00094743
Epoch 453|time: 3.99s|train_loss 0.00576595|val_loss 0.00061034
Epoch 454|time: 3.95s|train_loss 0.00571834|val_loss 0.00055171
Epoch 455|time: 3.94s|train_loss 0.00554075|val_loss 0.00077075
Epoch 456|time: 3.92s|train_loss 0.00564908|val_loss 0.00131497
Epoch 457|time: 4.10s|train_loss 0.00609238|val_loss 0.00068281
Epoch 458|time: 3.93s|train_loss 0.00579513|val_loss 0.00087838
Epoch 459|time: 3.93s|train_loss 0.00552234|val_loss 0.00054321
Epoch 460|time: 4.02s|train_loss 0.00548323|val_loss 0.00057753
Epoch 461|time: 4.05s|train_loss 0.00539856|val_loss 0.00062968
Epoch 462|time: 4.03s|train_loss 0.00554766|val_loss 0.00090953
Epoch 463|time: 3.94s|train_loss 0.00565025|val_loss 0.00075063
Epoch 464|time: 4.00s|train_loss 0.00578764|val_loss 0.00053599
Epoch 465|time: 4.06s|train_loss 0.00553155|val_loss 0.00069069
Epoch 466|time: 3.95s|train_loss 0.00565034|val_loss 0.00053982
Epoch 467|time: 4.18s|train_loss 0.00552420|val_loss 0.00053625
Epoch 468|time: 3.96s|train_loss 0.00574102|val_loss 0.00112589
Epoch 469|time: 4.00s|train_loss 0.00584821|val_loss 0.00070696
Epoch 470|time: 3.99s|train_loss 0.00566929|val_loss 0.00079946
Epoch 471|time: 4.20s|train_loss 0.00567339|val_loss 0.00148262
Epoch 472|time: 4.06s|train_loss 0.00597512|val_loss 0.00062560
Epoch 473|time: 3.99s|train_loss 0.00570782|val_loss 0.00127338
Epoch 474|time: 4.01s|train_loss 0.00595437|val_loss 0.00066887
Epoch 475|time: 4.21s|train_loss 0.00590026|val_loss 0.00067279
Epoch 476|time: 4.05s|train_loss 0.00592851|val_loss 0.00191404
Epoch 477|time: 4.12s|train_loss 0.00578686|val_loss 0.00105201
Epoch 478|time: 4.01s|train_loss 0.00574032|val_loss 0.00053693
Epoch 479|time: 4.03s|train_loss 0.00556803|val_loss 0.00063481
Epoch 480|time: 4.00s|train_loss 0.00559018|val_loss 0.00055632
Epoch 481|time: 4.11s|train_loss 0.00547079|val_loss 0.00058970
Epoch 482|time: 4.07s|train_loss 0.00550475|val_loss 0.00053575
Epoch 483|time: 4.01s|train_loss 0.00552562|val_loss 0.00075498
Epoch 484|time: 4.10s|train_loss 0.00557154|val_loss 0.00063887
Epoch 485|time: 4.16s|train_loss 0.00545149|val_loss 0.00055410
Epoch 486|time: 4.17s|train_loss 0.00552165|val_loss 0.00068842
Epoch 487|time: 4.09s|train_loss 0.00554314|val_loss 0.00062841
Epoch 488|time: 4.01s|train_loss 0.00548710|val_loss 0.00057976
Epoch 489|time: 4.15s|train_loss 0.00547685|val_loss 0.00063503
Epoch 490|time: 4.02s|train_loss 0.00546304|val_loss 0.00064009
Epoch 491|time: 4.02s|train_loss 0.00550197|val_loss 0.00177836
Epoch 492|time: 4.02s|train_loss 0.00588633|val_loss 0.00101327
Epoch 493|time: 4.02s|train_loss 0.00555340|val_loss 0.00067397
Epoch 494|time: 4.24s|train_loss 0.00558806|val_loss 0.00126060
Epoch 495|time: 4.04s|train_loss 0.00618387|val_loss 0.00059752
Epoch 496|time: 4.10s|train_loss 0.00610136|val_loss 0.00138823
Epoch 497|time: 4.18s|train_loss 0.00593938|val_loss 0.00058390
Epoch 498|time: 4.09s|train_loss 0.00560179|val_loss 0.00058256
Epoch 499|time: 4.24s|train_loss 0.00559382|val_loss 0.00077121
Epoch 500|time: 4.08s|train_loss 0.00544081|val_loss 0.00060698
Final evaluation
TEST MAE 0.2590 | std 0.0756 | RMSE 0.3857 | RMSEs 0.3715 | PCC 0.9184 | PCCs 0.8775 | R2 0.8329 | R2s 0.7509 | Var 0.8434 | Vars 0.7669 | Peak 0.1652
