--------Parameters--------
Namespace(batch=32, bi=False, check_point=1, cuda=False, dataset='us_hhs', dropout=0.2, epilambda=0.5, epochs=500, gpu=3, hidsp=15, horizon=2, k=10, lamda=0.01, lr=0.001, model='cola_gnn_epi', mylog=False, n_hidden=10, n_layer=1, patience=200, rnn_model='RNN', save_dir='save', seed=42, shuffle=False, sim_mat='us_hhs-adj', test=0.2, train=0.6, val=0.2, weight_decay=0.0005, window=20)
--------------------------
data shape (364, 10)
size of train/val/test sets 197 73 73
#params: 2005
begin training
Epoch   1|time: 3.04s|train_loss 0.00746800|val_loss 0.00159652
Best validation epoch: 1 Tue May 23 02:05:07 2023
TEST MAE 2.2772 | std 0.7191 | RMSE 2.6205 | RMSEs 2.5093 | PCC -0.6864 | PCCs -0.8339 | R2 -6.7138 | R2s -10.4864 | Var -0.8887 | Vars -0.9754 | Peak 1.2492
Epoch   2|time: 3.33s|train_loss 0.00648435|val_loss 0.00081519
Best validation epoch: 2 Tue May 23 02:05:11 2023
TEST MAE 1.1098 | std 0.4356 | RMSE 1.5177 | RMSEs 1.4324 | PCC -0.3236 | PCCs -0.8169 | R2 -1.5874 | R2s -2.5813 | Var -0.2929 | Vars -0.5852 | Peak 0.7642
Epoch   3|time: 3.14s|train_loss 0.00586962|val_loss 0.00072550
Best validation epoch: 3 Tue May 23 02:05:15 2023
TEST MAE 0.7159 | std 0.2127 | RMSE 0.9909 | RMSEs 0.9464 | PCC 0.1449 | PCCs -0.6714 | R2 -0.1030 | R2s -0.5778 | Var -0.0797 | Vars -0.4026 | Peak 0.4002
Epoch   4|time: 3.15s|train_loss 0.00567184|val_loss 0.00074978
Epoch   5|time: 3.16s|train_loss 0.00561698|val_loss 0.00062171
Best validation epoch: 5 Tue May 23 02:05:22 2023
TEST MAE 0.6174 | std 0.2208 | RMSE 0.8940 | RMSEs 0.8421 | PCC 0.3941 | PCCs 0.0986 | R2 0.1023 | R2s -0.2312 | Var 0.1527 | Vars -0.0181 | Peak 0.3699
Epoch   6|time: 3.08s|train_loss 0.00557146|val_loss 0.00057478
Best validation epoch: 6 Tue May 23 02:05:26 2023
TEST MAE 0.6335 | std 0.3209 | RMSE 0.9614 | RMSEs 0.8850 | PCC 0.4875 | PCCs 0.3514 | R2 -0.0382 | R2s -0.3385 | Var 0.2301 | Vars 0.1247 | Peak 0.4387
Epoch   7|time: 3.08s|train_loss 0.00548850|val_loss 0.00056580
Best validation epoch: 7 Tue May 23 02:05:29 2023
TEST MAE 0.5554 | std 0.1828 | RMSE 0.7896 | RMSEs 0.7453 | PCC 0.5649 | PCCs 0.4671 | R2 0.2997 | R2s 0.0260 | Var 0.3157 | Vars 0.2110 | Peak 0.3113
Epoch   8|time: 3.31s|train_loss 0.00547504|val_loss 0.00051782
Best validation epoch: 8 Tue May 23 02:05:34 2023
TEST MAE 0.5245 | std 0.2254 | RMSE 0.7861 | RMSEs 0.7282 | PCC 0.6232 | PCCs 0.5653 | R2 0.3058 | R2s 0.0877 | Var 0.3764 | Vars 0.3050 | Peak 0.3267
Epoch   9|time: 3.09s|train_loss 0.00541458|val_loss 0.00048904
Best validation epoch: 9 Tue May 23 02:05:37 2023
TEST MAE 0.5135 | std 0.2504 | RMSE 0.7836 | RMSEs 0.7188 | PCC 0.6628 | PCCs 0.6226 | R2 0.3102 | R2s 0.1162 | Var 0.4235 | Vars 0.3730 | Peak 0.3305
Epoch  10|time: 3.18s|train_loss 0.00539317|val_loss 0.00047191
Best validation epoch: 10 Tue May 23 02:05:41 2023
TEST MAE 0.4805 | std 0.2122 | RMSE 0.7236 | RMSEs 0.6676 | PCC 0.6938 | PCCs 0.6612 | R2 0.4118 | R2s 0.2322 | Var 0.4706 | Vars 0.4254 | Peak 0.2951
Epoch  11|time: 3.12s|train_loss 0.00538214|val_loss 0.00045184
Best validation epoch: 11 Tue May 23 02:05:45 2023
TEST MAE 0.4721 | std 0.2282 | RMSE 0.7203 | RMSEs 0.6601 | PCC 0.7159 | PCCs 0.6890 | R2 0.4171 | R2s 0.2531 | Var 0.5016 | Vars 0.4649 | Peak 0.2957
Epoch  12|time: 3.10s|train_loss 0.00532662|val_loss 0.00044628
Best validation epoch: 12 Tue May 23 02:05:49 2023
TEST MAE 0.4456 | std 0.1709 | RMSE 0.6564 | RMSEs 0.6115 | PCC 0.7354 | PCCs 0.7079 | R2 0.5159 | R2s 0.3456 | Var 0.5347 | Vars 0.4922 | Peak 0.2584
Epoch  13|time: 3.29s|train_loss 0.00529668|val_loss 0.00042246
Best validation epoch: 13 Tue May 23 02:05:53 2023
TEST MAE 0.4519 | std 0.2297 | RMSE 0.6932 | RMSEs 0.6328 | PCC 0.7511 | PCCs 0.7289 | R2 0.4602 | R2s 0.3152 | Var 0.5546 | Vars 0.5230 | Peak 0.2827
Epoch  14|time: 3.13s|train_loss 0.00531598|val_loss 0.00040878
Best validation epoch: 14 Tue May 23 02:05:57 2023
TEST MAE 0.4216 | std 0.1911 | RMSE 0.6426 | RMSEs 0.5919 | PCC 0.7654 | PCCs 0.7415 | R2 0.5362 | R2s 0.3956 | Var 0.5792 | Vars 0.5418 | Peak 0.2574
Epoch  15|time: 3.07s|train_loss 0.00526663|val_loss 0.00040956
Epoch  16|time: 3.07s|train_loss 0.00517002|val_loss 0.00038509
Best validation epoch: 16 Tue May 23 02:06:04 2023
TEST MAE 0.4142 | std 0.2138 | RMSE 0.6480 | RMSEs 0.5912 | PCC 0.7917 | PCCs 0.7652 | R2 0.5282 | R2s 0.4029 | Var 0.6130 | Vars 0.5753 | Peak 0.2692
Epoch  17|time: 3.05s|train_loss 0.00509974|val_loss 0.00036729
Best validation epoch: 17 Tue May 23 02:06:08 2023
TEST MAE 0.3884 | std 0.1774 | RMSE 0.6081 | RMSEs 0.5598 | PCC 0.7990 | PCCs 0.7674 | R2 0.5846 | R2s 0.4617 | Var 0.6253 | Vars 0.5766 | Peak 0.2516
Epoch  18|time: 3.22s|train_loss 0.00506384|val_loss 0.00036530
Best validation epoch: 18 Tue May 23 02:06:12 2023
TEST MAE 0.3799 | std 0.1410 | RMSE 0.5714 | RMSEs 0.5343 | PCC 0.8038 | PCCs 0.7673 | R2 0.6333 | R2s 0.5017 | Var 0.6399 | Vars 0.5779 | Peak 0.2311
Epoch  19|time: 3.14s|train_loss 0.00504147|val_loss 0.00034424
Best validation epoch: 19 Tue May 23 02:06:15 2023
TEST MAE 0.3722 | std 0.1802 | RMSE 0.5895 | RMSEs 0.5413 | PCC 0.8180 | PCCs 0.7865 | R2 0.6096 | R2s 0.4983 | Var 0.6593 | Vars 0.6078 | Peak 0.2468
Epoch  20|time: 3.16s|train_loss 0.00501182|val_loss 0.00032866
Best validation epoch: 20 Tue May 23 02:06:19 2023
TEST MAE 0.3517 | std 0.1536 | RMSE 0.5534 | RMSEs 0.5124 | PCC 0.8251 | PCCs 0.7934 | R2 0.6560 | R2s 0.5474 | Var 0.6763 | Vars 0.6189 | Peak 0.2285
Epoch  21|time: 3.19s|train_loss 0.00493809|val_loss 0.00031943
Best validation epoch: 21 Tue May 23 02:06:23 2023
TEST MAE 0.3400 | std 0.1379 | RMSE 0.5261 | RMSEs 0.4896 | PCC 0.8367 | PCCs 0.8119 | R2 0.6891 | R2s 0.5833 | Var 0.6979 | Vars 0.6481 | Peak 0.2117
Epoch  22|time: 3.09s|train_loss 0.00487804|val_loss 0.00031104
Best validation epoch: 22 Tue May 23 02:06:27 2023
TEST MAE 0.3368 | std 0.1393 | RMSE 0.5230 | RMSEs 0.4861 | PCC 0.8394 | PCCs 0.8161 | R2 0.6928 | R2s 0.5896 | Var 0.7032 | Vars 0.6540 | Peak 0.2096
Epoch  23|time: 3.21s|train_loss 0.00486437|val_loss 0.00030524
Best validation epoch: 23 Tue May 23 02:06:31 2023
TEST MAE 0.3300 | std 0.1225 | RMSE 0.5047 | RMSEs 0.4718 | PCC 0.8473 | PCCs 0.8268 | R2 0.7139 | R2s 0.6095 | Var 0.7172 | Vars 0.6687 | Peak 0.2000
Epoch  24|time: 3.09s|train_loss 0.00484476|val_loss 0.00029488
Best validation epoch: 24 Tue May 23 02:06:35 2023
TEST MAE 0.3209 | std 0.1407 | RMSE 0.5104 | RMSEs 0.4721 | PCC 0.8534 | PCCs 0.8312 | R2 0.7073 | R2s 0.6155 | Var 0.7258 | Vars 0.6772 | Peak 0.2040
Epoch  25|time: 3.23s|train_loss 0.00478204|val_loss 0.00028699
Best validation epoch: 25 Tue May 23 02:06:39 2023
TEST MAE 0.3145 | std 0.1267 | RMSE 0.4981 | RMSEs 0.4631 | PCC 0.8557 | PCCs 0.8310 | R2 0.7213 | R2s 0.6285 | Var 0.7302 | Vars 0.6769 | Peak 0.1995
Epoch  26|time: 3.28s|train_loss 0.00473520|val_loss 0.00028341
Best validation epoch: 26 Tue May 23 02:06:43 2023
TEST MAE 0.3187 | std 0.1446 | RMSE 0.5110 | RMSEs 0.4713 | PCC 0.8594 | PCCs 0.8352 | R2 0.7066 | R2s 0.6186 | Var 0.7361 | Vars 0.6834 | Peak 0.2055
Epoch  27|time: 3.09s|train_loss 0.00470653|val_loss 0.00027271
Best validation epoch: 27 Tue May 23 02:06:47 2023
TEST MAE 0.3061 | std 0.1245 | RMSE 0.4883 | RMSEs 0.4537 | PCC 0.8624 | PCCs 0.8379 | R2 0.7321 | R2s 0.6439 | Var 0.7426 | Vars 0.6869 | Peak 0.1944
Epoch  28|time: 3.13s|train_loss 0.00466799|val_loss 0.00026996
Best validation epoch: 28 Tue May 23 02:06:50 2023
TEST MAE 0.3016 | std 0.1155 | RMSE 0.4774 | RMSEs 0.4453 | PCC 0.8661 | PCCs 0.8412 | R2 0.7440 | R2s 0.6557 | Var 0.7492 | Vars 0.6920 | Peak 0.1892
Epoch  29|time: 3.13s|train_loss 0.00461173|val_loss 0.00026620
Best validation epoch: 29 Tue May 23 02:06:54 2023
TEST MAE 0.2949 | std 0.1252 | RMSE 0.4820 | RMSEs 0.4466 | PCC 0.8721 | PCCs 0.8469 | R2 0.7390 | R2s 0.6562 | Var 0.7575 | Vars 0.7009 | Peak 0.1917
Epoch  30|time: 3.26s|train_loss 0.00457742|val_loss 0.00025797
Best validation epoch: 30 Tue May 23 02:06:58 2023
TEST MAE 0.2908 | std 0.1139 | RMSE 0.4649 | RMSEs 0.4332 | PCC 0.8747 | PCCs 0.8510 | R2 0.7572 | R2s 0.6747 | Var 0.7644 | Vars 0.7080 | Peak 0.1824
Epoch  31|time: 3.10s|train_loss 0.00452999|val_loss 0.00026087
Epoch  32|time: 3.06s|train_loss 0.00453899|val_loss 0.00025301
Best validation epoch: 32 Tue May 23 02:07:05 2023
TEST MAE 0.2934 | std 0.1190 | RMSE 0.4676 | RMSEs 0.4345 | PCC 0.8765 | PCCs 0.8531 | R2 0.7544 | R2s 0.6739 | Var 0.7681 | Vars 0.7089 | Peak 0.1833
Epoch  33|time: 3.09s|train_loss 0.00449446|val_loss 0.00024603
Best validation epoch: 33 Tue May 23 02:07:09 2023
TEST MAE 0.2915 | std 0.1087 | RMSE 0.4568 | RMSEs 0.4270 | PCC 0.8772 | PCCs 0.8548 | R2 0.7656 | R2s 0.6826 | Var 0.7692 | Vars 0.7076 | Peak 0.1769
Epoch  34|time: 3.11s|train_loss 0.00446308|val_loss 0.00024447
Best validation epoch: 34 Tue May 23 02:07:13 2023
TEST MAE 0.2904 | std 0.1116 | RMSE 0.4583 | RMSEs 0.4275 | PCC 0.8782 | PCCs 0.8536 | R2 0.7641 | R2s 0.6831 | Var 0.7713 | Vars 0.7084 | Peak 0.1784
Epoch  35|time: 3.16s|train_loss 0.00446703|val_loss 0.00024335
Best validation epoch: 35 Tue May 23 02:07:17 2023
TEST MAE 0.2879 | std 0.1147 | RMSE 0.4600 | RMSEs 0.4284 | PCC 0.8801 | PCCs 0.8522 | R2 0.7623 | R2s 0.6825 | Var 0.7742 | Vars 0.7107 | Peak 0.1812
Epoch  36|time: 3.24s|train_loss 0.00446581|val_loss 0.00026374
Epoch  37|time: 3.05s|train_loss 0.00444008|val_loss 0.00026334
Epoch  38|time: 3.08s|train_loss 0.00442599|val_loss 0.00024061
Best validation epoch: 38 Tue May 23 02:07:27 2023
TEST MAE 0.2849 | std 0.0907 | RMSE 0.4330 | RMSEs 0.4097 | PCC 0.8890 | PCCs 0.8651 | R2 0.7894 | R2s 0.7035 | Var 0.7902 | Vars 0.7289 | Peak 0.1633
Epoch  39|time: 3.12s|train_loss 0.00438639|val_loss 0.00023493
Best validation epoch: 39 Tue May 23 02:07:31 2023
TEST MAE 0.2789 | std 0.1069 | RMSE 0.4387 | RMSEs 0.4104 | PCC 0.8888 | PCCs 0.8635 | R2 0.7838 | R2s 0.7073 | Var 0.7899 | Vars 0.7276 | Peak 0.1686
Epoch  40|time: 3.07s|train_loss 0.00440946|val_loss 0.00023074
Best validation epoch: 40 Tue May 23 02:07:34 2023
TEST MAE 0.2787 | std 0.0971 | RMSE 0.4316 | RMSEs 0.4060 | PCC 0.8899 | PCCs 0.8651 | R2 0.7908 | R2s 0.7114 | Var 0.7915 | Vars 0.7281 | Peak 0.1642
Epoch  41|time: 2.01s|train_loss 0.00437342|val_loss 0.00023439
Epoch  42|time: 2.03s|train_loss 0.00440082|val_loss 0.00023260
Epoch  43|time: 3.15s|train_loss 0.00435997|val_loss 0.00023985
Epoch  44|time: 3.10s|train_loss 0.00434027|val_loss 0.00023598
Epoch  45|time: 3.12s|train_loss 0.00438925|val_loss 0.00022740
Best validation epoch: 45 Tue May 23 02:07:48 2023
TEST MAE 0.2800 | std 0.0939 | RMSE 0.4256 | RMSEs 0.4021 | PCC 0.8930 | PCCs 0.8664 | R2 0.7965 | R2s 0.7154 | Var 0.7966 | Vars 0.7314 | Peak 0.1611
Epoch  46|time: 3.25s|train_loss 0.00435893|val_loss 0.00022789
Epoch  47|time: 3.00s|train_loss 0.00435503|val_loss 0.00024823
Epoch  48|time: 3.01s|train_loss 0.00442038|val_loss 0.00023234
Epoch  49|time: 3.14s|train_loss 0.00433847|val_loss 0.00024056
Epoch  50|time: 3.21s|train_loss 0.00432916|val_loss 0.00024970
Epoch  51|time: 3.10s|train_loss 0.00437846|val_loss 0.00021956
Best validation epoch: 51 Tue May 23 02:08:08 2023
TEST MAE 0.2793 | std 0.1035 | RMSE 0.4266 | RMSEs 0.4007 | PCC 0.8947 | PCCs 0.8675 | R2 0.7956 | R2s 0.7192 | Var 0.7974 | Vars 0.7290 | Peak 0.1626
Epoch  52|time: 3.12s|train_loss 0.00440049|val_loss 0.00022143
Epoch  53|time: 3.11s|train_loss 0.00431644|val_loss 0.00021885
Best validation epoch: 53 Tue May 23 02:08:15 2023
TEST MAE 0.2773 | std 0.1000 | RMSE 0.4211 | RMSEs 0.3965 | PCC 0.8966 | PCCs 0.8678 | R2 0.8008 | R2s 0.7243 | Var 0.8021 | Vars 0.7333 | Peak 0.1598
Epoch  54|time: 3.09s|train_loss 0.00430335|val_loss 0.00023206
Epoch  55|time: 3.22s|train_loss 0.00432253|val_loss 0.00023603
Epoch  56|time: 3.15s|train_loss 0.00437033|val_loss 0.00022612
Epoch  57|time: 3.10s|train_loss 0.00433618|val_loss 0.00021819
Best validation epoch: 57 Tue May 23 02:08:28 2023
TEST MAE 0.2650 | std 0.0974 | RMSE 0.4117 | RMSEs 0.3870 | PCC 0.9005 | PCCs 0.8723 | R2 0.8096 | R2s 0.7376 | Var 0.8099 | Vars 0.7449 | Peak 0.1576
Epoch  58|time: 3.22s|train_loss 0.00431390|val_loss 0.00022003
Epoch  59|time: 3.12s|train_loss 0.00429756|val_loss 0.00023694
Epoch  60|time: 3.13s|train_loss 0.00430946|val_loss 0.00023466
Epoch  61|time: 3.26s|train_loss 0.00427802|val_loss 0.00022167
Epoch  62|time: 3.12s|train_loss 0.00425573|val_loss 0.00023102
Epoch  63|time: 3.14s|train_loss 0.00428717|val_loss 0.00021446
Best validation epoch: 63 Tue May 23 02:08:48 2023
TEST MAE 0.2746 | std 0.0925 | RMSE 0.4115 | RMSEs 0.3889 | PCC 0.9028 | PCCs 0.8753 | R2 0.8098 | R2s 0.7325 | Var 0.8111 | Vars 0.7460 | Peak 0.1553
Epoch  64|time: 3.35s|train_loss 0.00427760|val_loss 0.00022480
Epoch  65|time: 3.07s|train_loss 0.00427403|val_loss 0.00023063
Epoch  66|time: 3.10s|train_loss 0.00427692|val_loss 0.00022291
Epoch  67|time: 3.14s|train_loss 0.00428748|val_loss 0.00021802
Epoch  68|time: 3.20s|train_loss 0.00423106|val_loss 0.00021688
Epoch  69|time: 3.09s|train_loss 0.00429051|val_loss 0.00021495
Epoch  70|time: 3.20s|train_loss 0.00425231|val_loss 0.00022772
Epoch  71|time: 3.07s|train_loss 0.00424612|val_loss 0.00024853
Epoch  72|time: 3.12s|train_loss 0.00425139|val_loss 0.00022385
Epoch  73|time: 3.10s|train_loss 0.00424892|val_loss 0.00021920
Epoch  74|time: 3.15s|train_loss 0.00424023|val_loss 0.00021667
Epoch  75|time: 3.06s|train_loss 0.00422397|val_loss 0.00024603
Epoch  76|time: 3.07s|train_loss 0.00426800|val_loss 0.00022533
Epoch  77|time: 3.16s|train_loss 0.00424234|val_loss 0.00022105
Epoch  78|time: 3.08s|train_loss 0.00422968|val_loss 0.00021082
Best validation epoch: 78 Tue May 23 02:09:36 2023
TEST MAE 0.2529 | std 0.0924 | RMSE 0.3966 | RMSEs 0.3737 | PCC 0.9084 | PCCs 0.8798 | R2 0.8233 | R2s 0.7544 | Var 0.8250 | Vars 0.7612 | Peak 0.1540
Epoch  79|time: 3.10s|train_loss 0.00420858|val_loss 0.00020811
Best validation epoch: 79 Tue May 23 02:09:39 2023
TEST MAE 0.2525 | std 0.0909 | RMSE 0.3945 | RMSEs 0.3720 | PCC 0.9094 | PCCs 0.8812 | R2 0.8252 | R2s 0.7563 | Var 0.8265 | Vars 0.7633 | Peak 0.1527
Epoch  80|time: 3.20s|train_loss 0.00420418|val_loss 0.00020883
Epoch  81|time: 3.11s|train_loss 0.00424631|val_loss 0.00021809
Epoch  82|time: 3.12s|train_loss 0.00421825|val_loss 0.00021306
Epoch  83|time: 3.25s|train_loss 0.00420931|val_loss 0.00022561
Epoch  84|time: 3.10s|train_loss 0.00421545|val_loss 0.00022018
Epoch  85|time: 3.07s|train_loss 0.00418025|val_loss 0.00021073
Epoch  86|time: 3.31s|train_loss 0.00418337|val_loss 0.00023356
Epoch  87|time: 3.20s|train_loss 0.00425728|val_loss 0.00020933
Epoch  88|time: 3.14s|train_loss 0.00418570|val_loss 0.00022639
Epoch  89|time: 3.13s|train_loss 0.00419905|val_loss 0.00022915
Epoch  90|time: 3.14s|train_loss 0.00420165|val_loss 0.00022588
Epoch  91|time: 3.10s|train_loss 0.00420249|val_loss 0.00021881
Epoch  92|time: 3.19s|train_loss 0.00417673|val_loss 0.00020906
Epoch  93|time: 3.12s|train_loss 0.00413841|val_loss 0.00020745
Best validation epoch: 93 Tue May 23 02:10:24 2023
TEST MAE 0.2524 | std 0.0962 | RMSE 0.3919 | RMSEs 0.3679 | PCC 0.9120 | PCCs 0.8877 | R2 0.8275 | R2s 0.7615 | Var 0.8278 | Vars 0.7677 | Peak 0.1509
Epoch  94|time: 3.10s|train_loss 0.00413943|val_loss 0.00021061
Epoch  95|time: 3.12s|train_loss 0.00412350|val_loss 0.00021099
Epoch  96|time: 3.07s|train_loss 0.00412048|val_loss 0.00020812
Epoch  97|time: 3.19s|train_loss 0.00413871|val_loss 0.00021380
Epoch  98|time: 3.17s|train_loss 0.00415981|val_loss 0.00020421
Best validation epoch: 98 Tue May 23 02:10:41 2023
TEST MAE 0.2682 | std 0.0869 | RMSE 0.3975 | RMSEs 0.3767 | PCC 0.9130 | PCCs 0.8890 | R2 0.8225 | R2s 0.7459 | Var 0.8252 | Vars 0.7629 | Peak 0.1503
Epoch  99|time: 3.09s|train_loss 0.00412249|val_loss 0.00021873
Epoch 100|time: 3.16s|train_loss 0.00409309|val_loss 0.00020731
Epoch 101|time: 3.19s|train_loss 0.00408140|val_loss 0.00021353
Epoch 102|time: 3.10s|train_loss 0.00413728|val_loss 0.00020780
Epoch 103|time: 3.05s|train_loss 0.00414398|val_loss 0.00022088
Epoch 104|time: 3.09s|train_loss 0.00411640|val_loss 0.00022694
Epoch 105|time: 3.07s|train_loss 0.00413246|val_loss 0.00021953
Epoch 106|time: 3.25s|train_loss 0.00410165|val_loss 0.00021175
Epoch 107|time: 3.07s|train_loss 0.00409344|val_loss 0.00020958
Epoch 108|time: 3.23s|train_loss 0.00406688|val_loss 0.00020246
Best validation epoch: 108 Tue May 23 02:11:13 2023
TEST MAE 0.2454 | std 0.0928 | RMSE 0.3849 | RMSEs 0.3614 | PCC 0.9148 | PCCs 0.8916 | R2 0.8336 | R2s 0.7695 | Var 0.8336 | Vars 0.7767 | Peak 0.1490
Epoch 109|time: 3.12s|train_loss 0.00407286|val_loss 0.00020512
Epoch 110|time: 3.17s|train_loss 0.00406185|val_loss 0.00021387
Epoch 111|time: 3.08s|train_loss 0.00405220|val_loss 0.00020667
Epoch 112|time: 3.09s|train_loss 0.00405225|val_loss 0.00020963
Epoch 113|time: 3.12s|train_loss 0.00404037|val_loss 0.00020550
Epoch 114|time: 3.11s|train_loss 0.00404223|val_loss 0.00020857
Epoch 115|time: 3.19s|train_loss 0.00404902|val_loss 0.00020568
Epoch 116|time: 3.14s|train_loss 0.00405728|val_loss 0.00020117
Best validation epoch: 116 Tue May 23 02:11:39 2023
TEST MAE 0.2480 | std 0.0934 | RMSE 0.3867 | RMSEs 0.3625 | PCC 0.9151 | PCCs 0.8925 | R2 0.8320 | R2s 0.7681 | Var 0.8321 | Vars 0.7750 | Peak 0.1485
Epoch 117|time: 3.22s|train_loss 0.00405287|val_loss 0.00020382
Epoch 118|time: 3.09s|train_loss 0.00403529|val_loss 0.00020111
Best validation epoch: 118 Tue May 23 02:11:46 2023
TEST MAE 0.2420 | std 0.0910 | RMSE 0.3810 | RMSEs 0.3580 | PCC 0.9159 | PCCs 0.8909 | R2 0.8369 | R2s 0.7744 | Var 0.8375 | Vars 0.7797 | Peak 0.1479
Epoch 119|time: 3.14s|train_loss 0.00403435|val_loss 0.00020127
Epoch 120|time: 3.26s|train_loss 0.00403566|val_loss 0.00021035
Epoch 121|time: 3.04s|train_loss 0.00405287|val_loss 0.00020819
Epoch 122|time: 3.11s|train_loss 0.00405617|val_loss 0.00020279
Epoch 123|time: 3.30s|train_loss 0.00403757|val_loss 0.00024733
Epoch 124|time: 3.20s|train_loss 0.00404076|val_loss 0.00019891
Best validation epoch: 124 Tue May 23 02:12:05 2023
TEST MAE 0.2612 | std 0.0816 | RMSE 0.3868 | RMSEs 0.3676 | PCC 0.9169 | PCCs 0.8939 | R2 0.8320 | R2s 0.7568 | Var 0.8358 | Vars 0.7789 | Peak 0.1464
Epoch 125|time: 3.11s|train_loss 0.00406164|val_loss 0.00021884
Epoch 126|time: 3.23s|train_loss 0.00404848|val_loss 0.00024073
Epoch 127|time: 3.10s|train_loss 0.00408889|val_loss 0.00023621
Epoch 128|time: 3.17s|train_loss 0.00407669|val_loss 0.00021913
Epoch 129|time: 3.18s|train_loss 0.00407405|val_loss 0.00021443
Epoch 130|time: 3.09s|train_loss 0.00401950|val_loss 0.00021796
Epoch 131|time: 3.09s|train_loss 0.00401826|val_loss 0.00020239
Epoch 132|time: 3.10s|train_loss 0.00401685|val_loss 0.00020436
Epoch 133|time: 3.17s|train_loss 0.00401839|val_loss 0.00020472
Epoch 134|time: 3.09s|train_loss 0.00402195|val_loss 0.00021561
Epoch 135|time: 3.13s|train_loss 0.00404336|val_loss 0.00021179
Epoch 136|time: 3.13s|train_loss 0.00402983|val_loss 0.00021458
Epoch 137|time: 3.09s|train_loss 0.00403867|val_loss 0.00021359
Epoch 138|time: 3.19s|train_loss 0.00401006|val_loss 0.00020236
Epoch 139|time: 3.13s|train_loss 0.00399851|val_loss 0.00020426
Epoch 140|time: 3.05s|train_loss 0.00399893|val_loss 0.00020555
Epoch 141|time: 3.07s|train_loss 0.00399428|val_loss 0.00020804
Epoch 142|time: 3.37s|train_loss 0.00399865|val_loss 0.00021062
Epoch 143|time: 3.13s|train_loss 0.00399055|val_loss 0.00020223
Epoch 144|time: 3.15s|train_loss 0.00401023|val_loss 0.00021125
Epoch 145|time: 3.11s|train_loss 0.00399914|val_loss 0.00020143
Epoch 146|time: 3.17s|train_loss 0.00397177|val_loss 0.00019977
Epoch 147|time: 3.03s|train_loss 0.00400253|val_loss 0.00019686
Best validation epoch: 147 Tue May 23 02:13:18 2023
TEST MAE 0.2364 | std 0.0880 | RMSE 0.3729 | RMSEs 0.3508 | PCC 0.9195 | PCCs 0.8953 | R2 0.8438 | R2s 0.7832 | Var 0.8451 | Vars 0.7905 | Peak 0.1462
Epoch 148|time: 3.30s|train_loss 0.00397336|val_loss 0.00019790
Epoch 149|time: 3.10s|train_loss 0.00395957|val_loss 0.00020371
Epoch 150|time: 3.11s|train_loss 0.00396444|val_loss 0.00021063
Epoch 151|time: 3.10s|train_loss 0.00401564|val_loss 0.00022083
Epoch 152|time: 3.15s|train_loss 0.00399797|val_loss 0.00024313
Epoch 153|time: 3.16s|train_loss 0.00402259|val_loss 0.00023933
Epoch 154|time: 3.10s|train_loss 0.00398764|val_loss 0.00023691
Epoch 155|time: 3.22s|train_loss 0.00397444|val_loss 0.00023039
Epoch 156|time: 3.17s|train_loss 0.00394842|val_loss 0.00022650
Epoch 157|time: 3.11s|train_loss 0.00394215|val_loss 0.00022476
Epoch 158|time: 3.09s|train_loss 0.00393713|val_loss 0.00022485
Epoch 159|time: 3.07s|train_loss 0.00390964|val_loss 0.00022354
Epoch 160|time: 3.14s|train_loss 0.00390509|val_loss 0.00021996
Epoch 161|time: 3.20s|train_loss 0.00390012|val_loss 0.00021517
Epoch 162|time: 3.08s|train_loss 0.00389964|val_loss 0.00021227
Epoch 163|time: 3.10s|train_loss 0.00387457|val_loss 0.00021228
Epoch 164|time: 3.17s|train_loss 0.00390241|val_loss 0.00021162
Epoch 165|time: 3.16s|train_loss 0.00388718|val_loss 0.00021342
Epoch 166|time: 3.04s|train_loss 0.00386815|val_loss 0.00020958
Epoch 167|time: 3.16s|train_loss 0.00386655|val_loss 0.00021190
Epoch 168|time: 3.09s|train_loss 0.00389180|val_loss 0.00021003
Epoch 169|time: 3.09s|train_loss 0.00384143|val_loss 0.00021234
Epoch 170|time: 3.14s|train_loss 0.00382657|val_loss 0.00020686
Epoch 171|time: 3.04s|train_loss 0.00383125|val_loss 0.00020858
Epoch 172|time: 3.08s|train_loss 0.00381502|val_loss 0.00020496
Epoch 173|time: 3.07s|train_loss 0.00382263|val_loss 0.00020504
Epoch 174|time: 3.36s|train_loss 0.00383668|val_loss 0.00020399
Epoch 175|time: 3.11s|train_loss 0.00381545|val_loss 0.00020318
Epoch 176|time: 3.09s|train_loss 0.00378938|val_loss 0.00020347
Epoch 177|time: 3.26s|train_loss 0.00381303|val_loss 0.00020009
Epoch 178|time: 3.09s|train_loss 0.00379151|val_loss 0.00020018
Epoch 179|time: 3.23s|train_loss 0.00377947|val_loss 0.00020007
Epoch 180|time: 3.48s|train_loss 0.00379867|val_loss 0.00019878
Epoch 181|time: 3.15s|train_loss 0.00376453|val_loss 0.00019933
Epoch 182|time: 3.45s|train_loss 0.00378282|val_loss 0.00019606
Best validation epoch: 182 Tue May 23 02:15:10 2023
TEST MAE 0.2356 | std 0.0800 | RMSE 0.3662 | RMSEs 0.3452 | PCC 0.9240 | PCCs 0.9084 | R2 0.8494 | R2s 0.7882 | Var 0.8501 | Vars 0.7991 | Peak 0.1365
Epoch 183|time: 3.24s|train_loss 0.00379170|val_loss 0.00019819
Epoch 184|time: 3.18s|train_loss 0.00379678|val_loss 0.00019738
Epoch 185|time: 3.21s|train_loss 0.00376537|val_loss 0.00019675
Epoch 186|time: 3.13s|train_loss 0.00377622|val_loss 0.00019757
Epoch 187|time: 3.07s|train_loss 0.00377289|val_loss 0.00019576
Best validation epoch: 187 Tue May 23 02:15:26 2023
TEST MAE 0.2303 | std 0.0795 | RMSE 0.3604 | RMSEs 0.3396 | PCC 0.9253 | PCCs 0.9090 | R2 0.8541 | R2s 0.7957 | Var 0.8543 | Vars 0.8055 | Peak 0.1352
Epoch 188|time: 3.14s|train_loss 0.00376237|val_loss 0.00019624
Epoch 189|time: 3.26s|train_loss 0.00377016|val_loss 0.00019507
Best validation epoch: 189 Tue May 23 02:15:33 2023
TEST MAE 0.2317 | std 0.0795 | RMSE 0.3611 | RMSEs 0.3404 | PCC 0.9252 | PCCs 0.9087 | R2 0.8535 | R2s 0.7945 | Var 0.8538 | Vars 0.8041 | Peak 0.1355
Epoch 190|time: 3.08s|train_loss 0.00374666|val_loss 0.00019755
Epoch 191|time: 3.08s|train_loss 0.00377491|val_loss 0.00019599
Epoch 192|time: 3.33s|train_loss 0.00373955|val_loss 0.00019595
Epoch 193|time: 3.11s|train_loss 0.00382841|val_loss 0.00019674
Epoch 194|time: 3.11s|train_loss 0.00379280|val_loss 0.00019467
Best validation epoch: 194 Tue May 23 02:15:50 2023
TEST MAE 0.2260 | std 0.0789 | RMSE 0.3572 | RMSEs 0.3364 | PCC 0.9261 | PCCs 0.9083 | R2 0.8566 | R2s 0.8001 | Var 0.8566 | Vars 0.8072 | Peak 0.1358
Epoch 195|time: 3.21s|train_loss 0.00376389|val_loss 0.00019291
Best validation epoch: 195 Tue May 23 02:15:54 2023
TEST MAE 0.2290 | std 0.0780 | RMSE 0.3595 | RMSEs 0.3391 | PCC 0.9261 | PCCs 0.9092 | R2 0.8548 | R2s 0.7960 | Var 0.8549 | Vars 0.8043 | Peak 0.1355
Epoch 196|time: 3.10s|train_loss 0.00374239|val_loss 0.00019291
Epoch 197|time: 3.21s|train_loss 0.00373191|val_loss 0.00019476
Epoch 198|time: 3.15s|train_loss 0.00372042|val_loss 0.00019236
Best validation epoch: 198 Tue May 23 02:16:04 2023
TEST MAE 0.2287 | std 0.0785 | RMSE 0.3593 | RMSEs 0.3388 | PCC 0.9259 | PCCs 0.9083 | R2 0.8550 | R2s 0.7967 | Var 0.8551 | Vars 0.8048 | Peak 0.1361
Epoch 199|time: 3.21s|train_loss 0.00372170|val_loss 0.00019221
Best validation epoch: 199 Tue May 23 02:16:08 2023
TEST MAE 0.2285 | std 0.0786 | RMSE 0.3592 | RMSEs 0.3385 | PCC 0.9259 | PCCs 0.9082 | R2 0.8551 | R2s 0.7973 | Var 0.8551 | Vars 0.8044 | Peak 0.1365
Epoch 200|time: 3.18s|train_loss 0.00373248|val_loss 0.00019326
Epoch 201|time: 3.05s|train_loss 0.00372498|val_loss 0.00019160
Best validation epoch: 201 Tue May 23 02:16:15 2023
TEST MAE 0.2280 | std 0.0783 | RMSE 0.3581 | RMSEs 0.3377 | PCC 0.9262 | PCCs 0.9083 | R2 0.8560 | R2s 0.7981 | Var 0.8560 | Vars 0.8058 | Peak 0.1359
Epoch 202|time: 3.08s|train_loss 0.00372413|val_loss 0.00019231
Epoch 203|time: 3.22s|train_loss 0.00371002|val_loss 0.00019306
Epoch 204|time: 3.11s|train_loss 0.00371862|val_loss 0.00019190
Epoch 205|time: 3.08s|train_loss 0.00372574|val_loss 0.00019412
Epoch 206|time: 3.15s|train_loss 0.00374806|val_loss 0.00019051
Best validation epoch: 206 Tue May 23 02:16:31 2023
TEST MAE 0.2280 | std 0.0768 | RMSE 0.3584 | RMSEs 0.3385 | PCC 0.9270 | PCCs 0.9096 | R2 0.8557 | R2s 0.7960 | Var 0.8568 | Vars 0.8075 | Peak 0.1352
Epoch 207|time: 3.15s|train_loss 0.00372834|val_loss 0.00019155
Epoch 208|time: 3.10s|train_loss 0.00374820|val_loss 0.00019039
Best validation epoch: 208 Tue May 23 02:16:38 2023
TEST MAE 0.2284 | std 0.0769 | RMSE 0.3599 | RMSEs 0.3396 | PCC 0.9270 | PCCs 0.9105 | R2 0.8545 | R2s 0.7946 | Var 0.8547 | Vars 0.8031 | Peak 0.1359
Epoch 209|time: 3.37s|train_loss 0.00372494|val_loss 0.00018876
Best validation epoch: 209 Tue May 23 02:16:42 2023
TEST MAE 0.2298 | std 0.0761 | RMSE 0.3611 | RMSEs 0.3411 | PCC 0.9271 | PCCs 0.9105 | R2 0.8536 | R2s 0.7922 | Var 0.8544 | Vars 0.8027 | Peak 0.1357
Epoch 210|time: 3.14s|train_loss 0.00370493|val_loss 0.00019152
Epoch 211|time: 3.10s|train_loss 0.00370337|val_loss 0.00019160
Epoch 212|time: 3.13s|train_loss 0.00370633|val_loss 0.00019167
Epoch 213|time: 3.12s|train_loss 0.00369891|val_loss 0.00019284
Epoch 214|time: 3.18s|train_loss 0.00373293|val_loss 0.00019163
Epoch 215|time: 3.16s|train_loss 0.00371150|val_loss 0.00019199
Epoch 216|time: 3.20s|train_loss 0.00370987|val_loss 0.00018892
Epoch 217|time: 3.14s|train_loss 0.00371757|val_loss 0.00018885
Epoch 218|time: 3.28s|train_loss 0.00368554|val_loss 0.00019073
Epoch 219|time: 3.19s|train_loss 0.00371431|val_loss 0.00018811
Best validation epoch: 219 Tue May 23 02:17:15 2023
TEST MAE 0.2272 | std 0.0769 | RMSE 0.3576 | RMSEs 0.3375 | PCC 0.9274 | PCCs 0.9096 | R2 0.8564 | R2s 0.7977 | Var 0.8565 | Vars 0.8053 | Peak 0.1356
Epoch 220|time: 3.13s|train_loss 0.00370091|val_loss 0.00018801
Best validation epoch: 220 Tue May 23 02:17:19 2023
TEST MAE 0.2276 | std 0.0767 | RMSE 0.3580 | RMSEs 0.3379 | PCC 0.9276 | PCCs 0.9100 | R2 0.8560 | R2s 0.7970 | Var 0.8562 | Vars 0.8046 | Peak 0.1355
Epoch 221|time: 3.31s|train_loss 0.00368954|val_loss 0.00018759
Best validation epoch: 221 Tue May 23 02:17:23 2023
TEST MAE 0.2257 | std 0.0759 | RMSE 0.3554 | RMSEs 0.3357 | PCC 0.9282 | PCCs 0.9103 | R2 0.8581 | R2s 0.7997 | Var 0.8584 | Vars 0.8080 | Peak 0.1347
Epoch 222|time: 3.15s|train_loss 0.00371044|val_loss 0.00018752
Best validation epoch: 222 Tue May 23 02:17:27 2023
TEST MAE 0.2251 | std 0.0753 | RMSE 0.3541 | RMSEs 0.3348 | PCC 0.9285 | PCCs 0.9105 | R2 0.8591 | R2s 0.8007 | Var 0.8597 | Vars 0.8101 | Peak 0.1341
Epoch 223|time: 3.13s|train_loss 0.00369131|val_loss 0.00018868
Epoch 224|time: 3.19s|train_loss 0.00369994|val_loss 0.00018806
Epoch 225|time: 3.13s|train_loss 0.00369249|val_loss 0.00019424
Epoch 226|time: 3.14s|train_loss 0.00367793|val_loss 0.00018798
Epoch 227|time: 3.26s|train_loss 0.00368161|val_loss 0.00019040
Epoch 228|time: 3.17s|train_loss 0.00367550|val_loss 0.00018682
Best validation epoch: 228 Tue May 23 02:17:46 2023
TEST MAE 0.2243 | std 0.0758 | RMSE 0.3539 | RMSEs 0.3343 | PCC 0.9284 | PCCs 0.9101 | R2 0.8593 | R2s 0.8014 | Var 0.8597 | Vars 0.8104 | Peak 0.1344
Epoch 229|time: 3.18s|train_loss 0.00368455|val_loss 0.00018800
Epoch 230|time: 3.13s|train_loss 0.00367732|val_loss 0.00018728
Epoch 231|time: 3.09s|train_loss 0.00368986|val_loss 0.00018752
Epoch 232|time: 3.10s|train_loss 0.00367961|val_loss 0.00018826
Epoch 233|time: 3.14s|train_loss 0.00369634|val_loss 0.00018698
Epoch 234|time: 3.16s|train_loss 0.00367094|val_loss 0.00018659
Best validation epoch: 234 Tue May 23 02:18:06 2023
TEST MAE 0.2220 | std 0.0749 | RMSE 0.3503 | RMSEs 0.3312 | PCC 0.9293 | PCCs 0.9106 | R2 0.8621 | R2s 0.8053 | Var 0.8623 | Vars 0.8135 | Peak 0.1335
Epoch 235|time: 3.09s|train_loss 0.00366891|val_loss 0.00018643
Best validation epoch: 235 Tue May 23 02:18:10 2023
TEST MAE 0.2220 | std 0.0753 | RMSE 0.3513 | RMSEs 0.3317 | PCC 0.9292 | PCCs 0.9109 | R2 0.8613 | R2s 0.8049 | Var 0.8614 | Vars 0.8117 | Peak 0.1343
Epoch 236|time: 3.23s|train_loss 0.00367303|val_loss 0.00018666
Epoch 237|time: 3.21s|train_loss 0.00367725|val_loss 0.00018794
Epoch 238|time: 3.14s|train_loss 0.00369420|val_loss 0.00018608
Best validation epoch: 238 Tue May 23 02:18:20 2023
TEST MAE 0.2222 | std 0.0750 | RMSE 0.3505 | RMSEs 0.3313 | PCC 0.9293 | PCCs 0.9102 | R2 0.8620 | R2s 0.8052 | Var 0.8622 | Vars 0.8134 | Peak 0.1336
Epoch 239|time: 3.16s|train_loss 0.00366833|val_loss 0.00018621
Epoch 240|time: 3.07s|train_loss 0.00367390|val_loss 0.00018608
Best validation epoch: 240 Tue May 23 02:18:27 2023
TEST MAE 0.2223 | std 0.0764 | RMSE 0.3525 | RMSEs 0.3324 | PCC 0.9290 | PCCs 0.9107 | R2 0.8605 | R2s 0.8044 | Var 0.8605 | Vars 0.8106 | Peak 0.1350
Epoch 241|time: 3.19s|train_loss 0.00367422|val_loss 0.00018586
Best validation epoch: 241 Tue May 23 02:18:31 2023
TEST MAE 0.2259 | std 0.0761 | RMSE 0.3563 | RMSEs 0.3367 | PCC 0.9290 | PCCs 0.9114 | R2 0.8574 | R2s 0.7977 | Var 0.8591 | Vars 0.8101 | Peak 0.1343
Epoch 242|time: 3.12s|train_loss 0.00367813|val_loss 0.00019327
Epoch 243|time: 3.17s|train_loss 0.00368093|val_loss 0.00018504
Best validation epoch: 243 Tue May 23 02:18:38 2023
TEST MAE 0.2225 | std 0.0761 | RMSE 0.3538 | RMSEs 0.3338 | PCC 0.9290 | PCCs 0.9112 | R2 0.8594 | R2s 0.8021 | Var 0.8595 | Vars 0.8096 | Peak 0.1348
Epoch 244|time: 3.25s|train_loss 0.00366062|val_loss 0.00018571
Epoch 245|time: 3.18s|train_loss 0.00365324|val_loss 0.00018550
Epoch 246|time: 3.17s|train_loss 0.00366800|val_loss 0.00018478
Best validation epoch: 246 Tue May 23 02:18:48 2023
TEST MAE 0.2231 | std 0.0764 | RMSE 0.3554 | RMSEs 0.3352 | PCC 0.9289 | PCCs 0.9116 | R2 0.8581 | R2s 0.8002 | Var 0.8583 | Vars 0.8079 | Peak 0.1354
Epoch 247|time: 3.12s|train_loss 0.00368468|val_loss 0.00018515
Epoch 248|time: 3.18s|train_loss 0.00367702|val_loss 0.00018493
Epoch 249|time: 3.09s|train_loss 0.00366944|val_loss 0.00018519
Epoch 250|time: 3.16s|train_loss 0.00366882|val_loss 0.00018504
Epoch 251|time: 3.10s|train_loss 0.00367529|val_loss 0.00018554
Epoch 252|time: 3.09s|train_loss 0.00364753|val_loss 0.00018853
Epoch 253|time: 3.13s|train_loss 0.00365593|val_loss 0.00018604
Epoch 254|time: 3.21s|train_loss 0.00364414|val_loss 0.00018955
Epoch 255|time: 3.15s|train_loss 0.00366540|val_loss 0.00018452
Best validation epoch: 255 Tue May 23 02:19:17 2023
TEST MAE 0.2282 | std 0.0742 | RMSE 0.3570 | RMSEs 0.3383 | PCC 0.9298 | PCCs 0.9121 | R2 0.8569 | R2s 0.7947 | Var 0.8603 | Vars 0.8113 | Peak 0.1331
Epoch 256|time: 3.12s|train_loss 0.00365569|val_loss 0.00018991
Epoch 257|time: 3.20s|train_loss 0.00365595|val_loss 0.00018472
Epoch 258|time: 3.05s|train_loss 0.00364185|val_loss 0.00018581
Epoch 259|time: 3.05s|train_loss 0.00365015|val_loss 0.00018454
Epoch 260|time: 3.21s|train_loss 0.00365050|val_loss 0.00018565
Epoch 261|time: 3.07s|train_loss 0.00363859|val_loss 0.00018507
Epoch 262|time: 3.11s|train_loss 0.00368026|val_loss 0.00018653
Epoch 263|time: 3.20s|train_loss 0.00365069|val_loss 0.00018343
Best validation epoch: 263 Tue May 23 02:19:43 2023
TEST MAE 0.2195 | std 0.0733 | RMSE 0.3462 | RMSEs 0.3278 | PCC 0.9307 | PCCs 0.9111 | R2 0.8654 | R2s 0.8094 | Var 0.8655 | Vars 0.8168 | Peak 0.1322
Epoch 264|time: 3.15s|train_loss 0.00367680|val_loss 0.00018267
Best validation epoch: 264 Tue May 23 02:19:47 2023
TEST MAE 0.2187 | std 0.0727 | RMSE 0.3453 | RMSEs 0.3270 | PCC 0.9310 | PCCs 0.9114 | R2 0.8660 | R2s 0.8102 | Var 0.8661 | Vars 0.8173 | Peak 0.1319
Epoch 265|time: 3.08s|train_loss 0.00365257|val_loss 0.00018848
Epoch 266|time: 3.12s|train_loss 0.00365083|val_loss 0.00018125
Best validation epoch: 266 Tue May 23 02:19:54 2023
TEST MAE 0.2232 | std 0.0715 | RMSE 0.3509 | RMSEs 0.3329 | PCC 0.9310 | PCCs 0.9133 | R2 0.8617 | R2s 0.8014 | Var 0.8630 | Vars 0.8129 | Peak 0.1312
Epoch 267|time: 3.08s|train_loss 0.00364776|val_loss 0.00018267
Epoch 268|time: 3.11s|train_loss 0.00366300|val_loss 0.00018649
Epoch 269|time: 3.13s|train_loss 0.00363861|val_loss 0.00018300
Epoch 270|time: 3.10s|train_loss 0.00364299|val_loss 0.00018324
Epoch 271|time: 3.06s|train_loss 0.00364622|val_loss 0.00019214
Epoch 272|time: 3.25s|train_loss 0.00366967|val_loss 0.00018413
Epoch 273|time: 3.07s|train_loss 0.00366024|val_loss 0.00018799
Epoch 274|time: 3.14s|train_loss 0.00365340|val_loss 0.00018221
Epoch 275|time: 3.14s|train_loss 0.00363708|val_loss 0.00018342
Epoch 276|time: 3.20s|train_loss 0.00364492|val_loss 0.00018145
Epoch 277|time: 3.13s|train_loss 0.00367947|val_loss 0.00018936
Epoch 278|time: 3.23s|train_loss 0.00364839|val_loss 0.00018373
Epoch 279|time: 3.09s|train_loss 0.00363926|val_loss 0.00019120
Epoch 280|time: 3.18s|train_loss 0.00362527|val_loss 0.00018342
Epoch 281|time: 3.20s|train_loss 0.00363200|val_loss 0.00018500
Epoch 282|time: 3.24s|train_loss 0.00365543|val_loss 0.00018194
Epoch 283|time: 3.10s|train_loss 0.00363442|val_loss 0.00018264
Epoch 284|time: 3.10s|train_loss 0.00362630|val_loss 0.00018553
Epoch 285|time: 3.19s|train_loss 0.00366844|val_loss 0.00018234
Epoch 286|time: 3.08s|train_loss 0.00363048|val_loss 0.00018369
Epoch 287|time: 3.07s|train_loss 0.00362660|val_loss 0.00018197
Epoch 288|time: 3.17s|train_loss 0.00362828|val_loss 0.00018318
Epoch 289|time: 3.04s|train_loss 0.00366447|val_loss 0.00018080
Best validation epoch: 289 Tue May 23 02:21:07 2023
TEST MAE 0.2206 | std 0.0704 | RMSE 0.3459 | RMSEs 0.3284 | PCC 0.9320 | PCCs 0.9129 | R2 0.8656 | R2s 0.8072 | Var 0.8667 | Vars 0.8175 | Peak 0.1298
Epoch 290|time: 3.15s|train_loss 0.00362986|val_loss 0.00018124
Epoch 291|time: 3.18s|train_loss 0.00362704|val_loss 0.00018059
Best validation epoch: 291 Tue May 23 02:21:14 2023
TEST MAE 0.2193 | std 0.0728 | RMSE 0.3481 | RMSEs 0.3293 | PCC 0.9316 | PCCs 0.9134 | R2 0.8638 | R2s 0.8070 | Var 0.8640 | Vars 0.8135 | Peak 0.1316
Epoch 292|time: 3.14s|train_loss 0.00361675|val_loss 0.00018165
Epoch 293|time: 3.24s|train_loss 0.00363798|val_loss 0.00018605
Epoch 294|time: 3.08s|train_loss 0.00361789|val_loss 0.00018383
Epoch 295|time: 3.06s|train_loss 0.00361844|val_loss 0.00018655
Epoch 296|time: 3.09s|train_loss 0.00361215|val_loss 0.00017875
Best validation epoch: 296 Tue May 23 02:21:30 2023
TEST MAE 0.2212 | std 0.0713 | RMSE 0.3489 | RMSEs 0.3310 | PCC 0.9319 | PCCs 0.9135 | R2 0.8632 | R2s 0.8039 | Var 0.8644 | Vars 0.8140 | Peak 0.1305
Epoch 297|time: 3.15s|train_loss 0.00362941|val_loss 0.00018001
Epoch 298|time: 3.06s|train_loss 0.00362304|val_loss 0.00018219
Epoch 299|time: 3.09s|train_loss 0.00361453|val_loss 0.00018131
Epoch 300|time: 3.10s|train_loss 0.00362766|val_loss 0.00019283
Epoch 301|time: 3.23s|train_loss 0.00362163|val_loss 0.00018813
Epoch 302|time: 3.15s|train_loss 0.00362781|val_loss 0.00018949
Epoch 303|time: 3.13s|train_loss 0.00362654|val_loss 0.00017990
Epoch 304|time: 3.07s|train_loss 0.00363213|val_loss 0.00017972
Epoch 305|time: 3.11s|train_loss 0.00362316|val_loss 0.00017871
Best validation epoch: 305 Tue May 23 02:22:00 2023
TEST MAE 0.2187 | std 0.0696 | RMSE 0.3457 | RMSEs 0.3282 | PCC 0.9328 | PCCs 0.9146 | R2 0.8657 | R2s 0.8070 | Var 0.8667 | Vars 0.8170 | Peak 0.1292
Epoch 306|time: 3.20s|train_loss 0.00361904|val_loss 0.00018422
Epoch 307|time: 3.19s|train_loss 0.00363764|val_loss 0.00018091
Epoch 308|time: 3.08s|train_loss 0.00364186|val_loss 0.00018241
Epoch 309|time: 3.02s|train_loss 0.00362678|val_loss 0.00017938
Epoch 310|time: 3.02s|train_loss 0.00363448|val_loss 0.00018429
Epoch 311|time: 3.12s|train_loss 0.00360200|val_loss 0.00017826
Best validation epoch: 311 Tue May 23 02:22:19 2023
TEST MAE 0.2258 | std 0.0725 | RMSE 0.3551 | RMSEs 0.3369 | PCC 0.9328 | PCCs 0.9159 | R2 0.8583 | R2s 0.7949 | Var 0.8624 | Vars 0.8114 | Peak 0.1320
Epoch 312|time: 3.03s|train_loss 0.00361593|val_loss 0.00018550
Epoch 313|time: 3.00s|train_loss 0.00360883|val_loss 0.00018060
Epoch 314|time: 3.00s|train_loss 0.00361738|val_loss 0.00018067
Epoch 315|time: 3.19s|train_loss 0.00361063|val_loss 0.00018020
Epoch 316|time: 2.98s|train_loss 0.00361804|val_loss 0.00017887
Epoch 317|time: 3.06s|train_loss 0.00361503|val_loss 0.00018182
Epoch 318|time: 3.15s|train_loss 0.00359945|val_loss 0.00017861
Epoch 319|time: 3.17s|train_loss 0.00366102|val_loss 0.00017889
Epoch 320|time: 3.22s|train_loss 0.00360200|val_loss 0.00018109
Epoch 321|time: 3.18s|train_loss 0.00363600|val_loss 0.00017946
Epoch 322|time: 3.12s|train_loss 0.00360196|val_loss 0.00018752
Epoch 323|time: 3.12s|train_loss 0.00359035|val_loss 0.00017962
Epoch 324|time: 3.11s|train_loss 0.00359415|val_loss 0.00018046
Epoch 325|time: 3.30s|train_loss 0.00361089|val_loss 0.00017872
Epoch 326|time: 3.05s|train_loss 0.00361094|val_loss 0.00017724
Best validation epoch: 326 Tue May 23 02:23:07 2023
TEST MAE 0.2190 | std 0.0700 | RMSE 0.3447 | RMSEs 0.3273 | PCC 0.9331 | PCCs 0.9137 | R2 0.8665 | R2s 0.8085 | Var 0.8676 | Vars 0.8179 | Peak 0.1291
Epoch 327|time: 3.08s|train_loss 0.00360954|val_loss 0.00018253
Epoch 328|time: 3.09s|train_loss 0.00359893|val_loss 0.00017815
Epoch 329|time: 3.14s|train_loss 0.00362090|val_loss 0.00018679
Epoch 330|time: 3.11s|train_loss 0.00360390|val_loss 0.00017994
Epoch 331|time: 3.27s|train_loss 0.00359883|val_loss 0.00017926
Epoch 332|time: 3.10s|train_loss 0.00360458|val_loss 0.00017888
Epoch 333|time: 3.14s|train_loss 0.00359914|val_loss 0.00017960
Epoch 334|time: 3.19s|train_loss 0.00359807|val_loss 0.00017858
Epoch 335|time: 3.14s|train_loss 0.00359793|val_loss 0.00018141
Epoch 336|time: 3.11s|train_loss 0.00360309|val_loss 0.00017877
Epoch 337|time: 3.13s|train_loss 0.00359115|val_loss 0.00017956
Epoch 338|time: 3.27s|train_loss 0.00358708|val_loss 0.00017704
Best validation epoch: 338 Tue May 23 02:23:45 2023
TEST MAE 0.2135 | std 0.0690 | RMSE 0.3387 | RMSEs 0.3215 | PCC 0.9341 | PCCs 0.9141 | R2 0.8711 | R2s 0.8160 | Var 0.8712 | Vars 0.8223 | Peak 0.1286
Epoch 339|time: 3.21s|train_loss 0.00358012|val_loss 0.00017884
Epoch 340|time: 3.09s|train_loss 0.00358881|val_loss 0.00017739
Epoch 341|time: 3.12s|train_loss 0.00358227|val_loss 0.00018129
Epoch 342|time: 3.06s|train_loss 0.00362098|val_loss 0.00017814
Epoch 343|time: 3.20s|train_loss 0.00359392|val_loss 0.00018076
Epoch 344|time: 3.25s|train_loss 0.00360007|val_loss 0.00017766
Epoch 345|time: 3.12s|train_loss 0.00358282|val_loss 0.00017714
Epoch 346|time: 3.10s|train_loss 0.00359616|val_loss 0.00017586
Best validation epoch: 346 Tue May 23 02:24:11 2023
TEST MAE 0.2171 | std 0.0688 | RMSE 0.3434 | RMSEs 0.3261 | PCC 0.9344 | PCCs 0.9158 | R2 0.8675 | R2s 0.8094 | Var 0.8692 | Vars 0.8199 | Peak 0.1280
Epoch 347|time: 3.06s|train_loss 0.00358947|val_loss 0.00017981
Epoch 348|time: 3.21s|train_loss 0.00358994|val_loss 0.00017661
Epoch 349|time: 3.14s|train_loss 0.00361060|val_loss 0.00017813
Epoch 350|time: 3.12s|train_loss 0.00357955|val_loss 0.00017904
Epoch 351|time: 3.09s|train_loss 0.00358874|val_loss 0.00017732
Epoch 352|time: 3.17s|train_loss 0.00357114|val_loss 0.00018044
Epoch 353|time: 3.34s|train_loss 0.00358238|val_loss 0.00017775
Epoch 354|time: 3.12s|train_loss 0.00358548|val_loss 0.00018190
Epoch 355|time: 3.08s|train_loss 0.00357507|val_loss 0.00017922
Epoch 356|time: 3.17s|train_loss 0.00356236|val_loss 0.00018098
Epoch 357|time: 3.12s|train_loss 0.00356023|val_loss 0.00017864
Epoch 358|time: 3.19s|train_loss 0.00356709|val_loss 0.00018273
Epoch 359|time: 3.26s|train_loss 0.00356307|val_loss 0.00017566
Best validation epoch: 359 Tue May 23 02:24:53 2023
TEST MAE 0.2129 | std 0.0680 | RMSE 0.3388 | RMSEs 0.3217 | PCC 0.9348 | PCCs 0.9154 | R2 0.8710 | R2s 0.8154 | Var 0.8713 | Vars 0.8216 | Peak 0.1271
Epoch 360|time: 3.06s|train_loss 0.00355402|val_loss 0.00017743
Epoch 361|time: 3.20s|train_loss 0.00363202|val_loss 0.00017661
Epoch 362|time: 3.05s|train_loss 0.00356441|val_loss 0.00017652
Epoch 363|time: 3.06s|train_loss 0.00357585|val_loss 0.00017709
Epoch 364|time: 3.05s|train_loss 0.00358320|val_loss 0.00017891
Epoch 365|time: 3.12s|train_loss 0.00356542|val_loss 0.00018421
Epoch 366|time: 3.12s|train_loss 0.00355207|val_loss 0.00017721
Epoch 367|time: 3.09s|train_loss 0.00357224|val_loss 0.00018071
Epoch 368|time: 3.12s|train_loss 0.00357898|val_loss 0.00017485
Best validation epoch: 368 Tue May 23 02:25:22 2023
TEST MAE 0.2160 | std 0.0661 | RMSE 0.3391 | RMSEs 0.3223 | PCC 0.9359 | PCCs 0.9175 | R2 0.8709 | R2s 0.8131 | Var 0.8725 | Vars 0.8237 | Peak 0.1256
Epoch 369|time: 3.08s|train_loss 0.00357005|val_loss 0.00018013
Epoch 370|time: 3.13s|train_loss 0.00357124|val_loss 0.00017753
Epoch 371|time: 3.18s|train_loss 0.00357307|val_loss 0.00017925
Epoch 372|time: 3.08s|train_loss 0.00358401|val_loss 0.00017850
Epoch 373|time: 3.13s|train_loss 0.00359339|val_loss 0.00017743
Epoch 374|time: 3.07s|train_loss 0.00357026|val_loss 0.00017792
Epoch 375|time: 3.09s|train_loss 0.00357874|val_loss 0.00017530
Epoch 376|time: 3.25s|train_loss 0.00357975|val_loss 0.00018439
Epoch 377|time: 3.06s|train_loss 0.00356846|val_loss 0.00018151
Epoch 378|time: 3.10s|train_loss 0.00357305|val_loss 0.00018049
Epoch 379|time: 3.10s|train_loss 0.00359661|val_loss 0.00017625
Epoch 380|time: 3.20s|train_loss 0.00356167|val_loss 0.00018144
Epoch 381|time: 3.25s|train_loss 0.00356130|val_loss 0.00017696
Epoch 382|time: 3.09s|train_loss 0.00354386|val_loss 0.00017803
Epoch 383|time: 3.07s|train_loss 0.00356000|val_loss 0.00017858
Epoch 384|time: 3.16s|train_loss 0.00360007|val_loss 0.00017708
Epoch 385|time: 3.22s|train_loss 0.00355557|val_loss 0.00017891
Epoch 386|time: 3.08s|train_loss 0.00354849|val_loss 0.00017631
Epoch 387|time: 3.10s|train_loss 0.00357526|val_loss 0.00017541
Epoch 388|time: 3.08s|train_loss 0.00365826|val_loss 0.00017485
Epoch 389|time: 3.07s|train_loss 0.00372519|val_loss 0.00017587
Epoch 390|time: 3.23s|train_loss 0.00368520|val_loss 0.00017797
Epoch 391|time: 3.15s|train_loss 0.00369222|val_loss 0.00017588
Epoch 392|time: 3.13s|train_loss 0.00364150|val_loss 0.00017587
Epoch 393|time: 3.12s|train_loss 0.00362531|val_loss 0.00017524
Epoch 394|time: 3.20s|train_loss 0.00362518|val_loss 0.00017644
Epoch 395|time: 3.14s|train_loss 0.00358729|val_loss 0.00017715
Epoch 396|time: 3.08s|train_loss 0.00358303|val_loss 0.00017636
Epoch 397|time: 3.34s|train_loss 0.00356789|val_loss 0.00017902
Epoch 398|time: 3.24s|train_loss 0.00357165|val_loss 0.00018229
Epoch 399|time: 3.10s|train_loss 0.00355186|val_loss 0.00018119
Epoch 400|time: 3.16s|train_loss 0.00356236|val_loss 0.00017645
Epoch 401|time: 3.11s|train_loss 0.00356486|val_loss 0.00017459
Best validation epoch: 401 Tue May 23 02:27:06 2023
TEST MAE 0.2103 | std 0.0665 | RMSE 0.3330 | RMSEs 0.3163 | PCC 0.9362 | PCCs 0.9154 | R2 0.8754 | R2s 0.8219 | Var 0.8754 | Vars 0.8260 | Peak 0.1262
Epoch 402|time: 3.18s|train_loss 0.00356843|val_loss 0.00018001
Epoch 403|time: 3.18s|train_loss 0.00356490|val_loss 0.00018652
Epoch 404|time: 3.19s|train_loss 0.00356323|val_loss 0.00019581
Epoch 405|time: 3.24s|train_loss 0.00356758|val_loss 0.00018596
Epoch 406|time: 3.27s|train_loss 0.00355831|val_loss 0.00018520
Epoch 407|time: 3.14s|train_loss 0.00355446|val_loss 0.00018731
Epoch 408|time: 3.23s|train_loss 0.00356228|val_loss 0.00018253
Epoch 409|time: 3.30s|train_loss 0.00355702|val_loss 0.00017806
Epoch 410|time: 3.13s|train_loss 0.00355292|val_loss 0.00017605
Epoch 411|time: 3.11s|train_loss 0.00354931|val_loss 0.00017504
Epoch 412|time: 3.13s|train_loss 0.00355415|val_loss 0.00017531
Epoch 413|time: 3.21s|train_loss 0.00353734|val_loss 0.00017515
Epoch 414|time: 3.16s|train_loss 0.00356292|val_loss 0.00017693
Epoch 415|time: 3.13s|train_loss 0.00355751|val_loss 0.00018480
Epoch 416|time: 3.12s|train_loss 0.00356453|val_loss 0.00017984
Epoch 417|time: 3.15s|train_loss 0.00354870|val_loss 0.00017834
Epoch 418|time: 3.12s|train_loss 0.00354970|val_loss 0.00017446
Best validation epoch: 418 Tue May 23 02:28:01 2023
TEST MAE 0.2108 | std 0.0644 | RMSE 0.3315 | RMSEs 0.3154 | PCC 0.9371 | PCCs 0.9168 | R2 0.8766 | R2s 0.8221 | Var 0.8770 | Vars 0.8289 | Peak 0.1240
Epoch 419|time: 3.14s|train_loss 0.00354181|val_loss 0.00017393
Best validation epoch: 419 Tue May 23 02:28:05 2023
TEST MAE 0.2112 | std 0.0644 | RMSE 0.3319 | RMSEs 0.3157 | PCC 0.9373 | PCCs 0.9174 | R2 0.8762 | R2s 0.8216 | Var 0.8769 | Vars 0.8291 | Peak 0.1237
Epoch 420|time: 3.11s|train_loss 0.00353312|val_loss 0.00017678
Epoch 421|time: 3.11s|train_loss 0.00353472|val_loss 0.00017520
Epoch 422|time: 3.09s|train_loss 0.00353874|val_loss 0.00017674
Epoch 423|time: 3.17s|train_loss 0.00354302|val_loss 0.00017571
Epoch 424|time: 3.06s|train_loss 0.00355357|val_loss 0.00017486
Epoch 425|time: 3.16s|train_loss 0.00352698|val_loss 0.00017637
Epoch 426|time: 3.08s|train_loss 0.00356316|val_loss 0.00017546
Epoch 427|time: 3.05s|train_loss 0.00352689|val_loss 0.00017711
Epoch 428|time: 3.36s|train_loss 0.00354514|val_loss 0.00017501
Epoch 429|time: 3.17s|train_loss 0.00354336|val_loss 0.00017626
Epoch 430|time: 3.11s|train_loss 0.00354671|val_loss 0.00017554
Epoch 431|time: 3.27s|train_loss 0.00353889|val_loss 0.00017560
Epoch 432|time: 3.13s|train_loss 0.00354986|val_loss 0.00017658
Epoch 433|time: 3.31s|train_loss 0.00353529|val_loss 0.00017769
Epoch 434|time: 3.14s|train_loss 0.00351963|val_loss 0.00017248
Best validation epoch: 434 Tue May 23 02:28:53 2023
TEST MAE 0.2113 | std 0.0636 | RMSE 0.3314 | RMSEs 0.3151 | PCC 0.9386 | PCCs 0.9197 | R2 0.8767 | R2s 0.8214 | Var 0.8781 | Vars 0.8305 | Peak 0.1222
Epoch 435|time: 3.08s|train_loss 0.00352665|val_loss 0.00017597
Epoch 436|time: 3.09s|train_loss 0.00352390|val_loss 0.00017540
Epoch 437|time: 3.17s|train_loss 0.00352404|val_loss 0.00017586
Epoch 438|time: 3.19s|train_loss 0.00353278|val_loss 0.00017399
Epoch 439|time: 3.14s|train_loss 0.00353703|val_loss 0.00017522
Epoch 440|time: 3.14s|train_loss 0.00353006|val_loss 0.00017477
Epoch 441|time: 3.10s|train_loss 0.00352904|val_loss 0.00017498
Epoch 442|time: 3.18s|train_loss 0.00352772|val_loss 0.00017484
Epoch 443|time: 3.12s|train_loss 0.00353072|val_loss 0.00017417
Epoch 444|time: 3.14s|train_loss 0.00356439|val_loss 0.00017308
Epoch 445|time: 3.07s|train_loss 0.00354461|val_loss 0.00017326
Epoch 446|time: 3.15s|train_loss 0.00351438|val_loss 0.00017334
Epoch 447|time: 3.26s|train_loss 0.00351369|val_loss 0.00017775
Epoch 448|time: 3.14s|train_loss 0.00354733|val_loss 0.00018350
Epoch 449|time: 3.08s|train_loss 0.00352740|val_loss 0.00018063
Epoch 450|time: 3.15s|train_loss 0.00357143|val_loss 0.00017322
Epoch 451|time: 3.17s|train_loss 0.00360368|val_loss 0.00017599
Epoch 452|time: 2.20s|train_loss 0.00352497|val_loss 0.00017221
Best validation epoch: 452 Tue May 23 02:29:49 2023
TEST MAE 0.2077 | std 0.0637 | RMSE 0.3286 | RMSEs 0.3122 | PCC 0.9384 | PCCs 0.9182 | R2 0.8787 | R2s 0.8258 | Var 0.8791 | Vars 0.8313 | Peak 0.1221
Epoch 453|time: 2.10s|train_loss 0.00353304|val_loss 0.00017863
Epoch 454|time: 3.10s|train_loss 0.00351514|val_loss 0.00017275
Epoch 455|time: 3.12s|train_loss 0.00352412|val_loss 0.00017326
Epoch 456|time: 3.23s|train_loss 0.00352429|val_loss 0.00017374
Epoch 457|time: 3.53s|train_loss 0.00353473|val_loss 0.00017179
Best validation epoch: 457 Tue May 23 02:30:05 2023
TEST MAE 0.2157 | std 0.0622 | RMSE 0.3343 | RMSEs 0.3193 | PCC 0.9380 | PCCs 0.9177 | R2 0.8744 | R2s 0.8160 | Var 0.8773 | Vars 0.8282 | Peak 0.1214
Epoch 458|time: 3.47s|train_loss 0.00352040|val_loss 0.00017618
Epoch 459|time: 3.10s|train_loss 0.00352047|val_loss 0.00017365
Epoch 460|time: 3.26s|train_loss 0.00352515|val_loss 0.00017882
Epoch 461|time: 3.05s|train_loss 0.00352221|val_loss 0.00017532
Epoch 462|time: 3.12s|train_loss 0.00354298|val_loss 0.00017375
Epoch 463|time: 3.08s|train_loss 0.00351759|val_loss 0.00017396
Epoch 464|time: 3.20s|train_loss 0.00351532|val_loss 0.00017169
Best validation epoch: 464 Tue May 23 02:30:28 2023
TEST MAE 0.2097 | std 0.0639 | RMSE 0.3308 | RMSEs 0.3147 | PCC 0.9376 | PCCs 0.9171 | R2 0.8771 | R2s 0.8232 | Var 0.8771 | Vars 0.8274 | Peak 0.1227
Epoch 465|time: 3.11s|train_loss 0.00353664|val_loss 0.00017254
Epoch 466|time: 3.09s|train_loss 0.00350029|val_loss 0.00017864
Epoch 467|time: 3.08s|train_loss 0.00352426|val_loss 0.00017780
Epoch 468|time: 3.08s|train_loss 0.00352615|val_loss 0.00017673
Epoch 469|time: 3.18s|train_loss 0.00350994|val_loss 0.00017340
Epoch 470|time: 3.19s|train_loss 0.00350379|val_loss 0.00017313
Epoch 471|time: 3.06s|train_loss 0.00350599|val_loss 0.00017290
Epoch 472|time: 3.12s|train_loss 0.00350904|val_loss 0.00017394
Epoch 473|time: 3.12s|train_loss 0.00349235|val_loss 0.00017268
Epoch 474|time: 3.17s|train_loss 0.00352025|val_loss 0.00017295
Epoch 475|time: 3.29s|train_loss 0.00350803|val_loss 0.00017359
Epoch 476|time: 3.05s|train_loss 0.00348830|val_loss 0.00017246
Epoch 477|time: 3.10s|train_loss 0.00352533|val_loss 0.00017280
Epoch 478|time: 3.25s|train_loss 0.00349752|val_loss 0.00017270
Epoch 479|time: 3.13s|train_loss 0.00349627|val_loss 0.00017323
Epoch 480|time: 3.11s|train_loss 0.00349632|val_loss 0.00017659
Epoch 481|time: 3.24s|train_loss 0.00349327|val_loss 0.00017354
Epoch 482|time: 3.06s|train_loss 0.00349924|val_loss 0.00017334
Epoch 483|time: 3.14s|train_loss 0.00349139|val_loss 0.00017323
Epoch 484|time: 3.08s|train_loss 0.00351126|val_loss 0.00017286
Epoch 485|time: 3.33s|train_loss 0.00349274|val_loss 0.00017369
Epoch 486|time: 3.09s|train_loss 0.00351503|val_loss 0.00017075
Best validation epoch: 486 Tue May 23 02:31:38 2023
TEST MAE 0.2086 | std 0.0613 | RMSE 0.3303 | RMSEs 0.3148 | PCC 0.9379 | PCCs 0.9170 | R2 0.8775 | R2s 0.8225 | Var 0.8778 | Vars 0.8278 | Peak 0.1215
Epoch 487|time: 3.07s|train_loss 0.00350458|val_loss 0.00017185
Epoch 488|time: 3.28s|train_loss 0.00349081|val_loss 0.00017128
Epoch 489|time: 3.11s|train_loss 0.00347861|val_loss 0.00017490
Epoch 490|time: 3.14s|train_loss 0.00347977|val_loss 0.00017372
Epoch 491|time: 3.09s|train_loss 0.00351828|val_loss 0.00017270
Epoch 492|time: 3.11s|train_loss 0.00348112|val_loss 0.00017355
Epoch 493|time: 3.08s|train_loss 0.00351953|val_loss 0.00017117
Epoch 494|time: 3.18s|train_loss 0.00347907|val_loss 0.00017150
Epoch 495|time: 3.07s|train_loss 0.00348765|val_loss 0.00017329
Epoch 496|time: 3.18s|train_loss 0.00349052|val_loss 0.00017245
Epoch 497|time: 3.11s|train_loss 0.00348873|val_loss 0.00017242
Epoch 498|time: 3.02s|train_loss 0.00347697|val_loss 0.00017256
Epoch 499|time: 2.97s|train_loss 0.00347764|val_loss 0.00017486
Epoch 500|time: 3.10s|train_loss 0.00348875|val_loss 0.00017578
Final evaluation
TEST MAE 0.2086 | std 0.0613 | RMSE 0.3303 | RMSEs 0.3148 | PCC 0.9379 | PCCs 0.9170 | R2 0.8775 | R2s 0.8225 | Var 0.8778 | Vars 0.8278 | Peak 0.1215
