--------Parameters--------
Namespace(batch=32, bi=False, check_point=1, cuda=False, dataset='us_hhs', dropout=0.2, epilambda=0.5, epochs=500, gpu=3, hidsp=15, horizon=2, k=10, lamda=0.01, lr=0.01, model='cola_gnn_epi', mylog=False, n_hidden=10, n_layer=1, patience=200, rnn_model='RNN', save_dir='save', seed=42, shuffle=False, sim_mat='us_hhs-adj', test=0.2, train=0.6, val=0.2, weight_decay=0.0005, window=20)
--------------------------
data shape (364, 10)
size of train/val/test sets 197 73 73
#params: 2005
begin training
Epoch   1|time: 3.28s|train_loss 0.00604663|val_loss 0.00052361
Best validation epoch: 1 Tue May 23 06:09:31 2023
TEST MAE 0.5394 | std 0.1641 | RMSE 0.7481 | RMSEs 0.7102 | PCC 0.6144 | PCCs 0.5700 | R2 0.3714 | R2s 0.0940 | Var 0.3768 | Vars 0.3105 | Peak 0.2848
Epoch   2|time: 3.60s|train_loss 0.00539498|val_loss 0.00042075
Best validation epoch: 2 Tue May 23 06:09:35 2023
TEST MAE 0.4978 | std 0.2239 | RMSE 0.7141 | RMSEs 0.6635 | PCC 0.7047 | PCCs 0.6512 | R2 0.4271 | R2s 0.2430 | Var 0.4956 | Vars 0.3994 | Peak 0.2907
Epoch   3|time: 3.45s|train_loss 0.00522160|val_loss 0.00039767
Best validation epoch: 3 Tue May 23 06:09:39 2023
TEST MAE 0.4272 | std 0.1076 | RMSE 0.5694 | RMSEs 0.5490 | PCC 0.8045 | PCCs 0.7611 | R2 0.6359 | R2s 0.4329 | Var 0.6470 | Vars 0.5738 | Peak 0.2099
Epoch   4|time: 3.43s|train_loss 0.00497064|val_loss 0.00029948
Best validation epoch: 4 Tue May 23 06:09:44 2023
TEST MAE 0.3598 | std 0.1615 | RMSE 0.5938 | RMSEs 0.5527 | PCC 0.8445 | PCCs 0.7893 | R2 0.6039 | R2s 0.4733 | Var 0.6767 | Vars 0.5950 | Peak 0.2572
Epoch   5|time: 3.41s|train_loss 0.00471752|val_loss 0.00030066
Epoch   6|time: 3.40s|train_loss 0.00459156|val_loss 0.00030659
Epoch   7|time: 3.42s|train_loss 0.00450832|val_loss 0.00028040
Best validation epoch: 7 Tue May 23 06:09:55 2023
TEST MAE 0.3295 | std 0.1241 | RMSE 0.5035 | RMSEs 0.4767 | PCC 0.8823 | PCCs 0.8365 | R2 0.7152 | R2s 0.6016 | Var 0.7735 | Vars 0.6907 | Peak 0.2042
Epoch   8|time: 3.54s|train_loss 0.00448209|val_loss 0.00042955
Epoch   9|time: 3.40s|train_loss 0.00474729|val_loss 0.00030808
Epoch  10|time: 3.44s|train_loss 0.00458633|val_loss 0.00034127
Epoch  11|time: 3.41s|train_loss 0.00441922|val_loss 0.00030237
Epoch  12|time: 3.47s|train_loss 0.00447196|val_loss 0.00034766
Epoch  13|time: 3.52s|train_loss 0.00441241|val_loss 0.00029352
Epoch  14|time: 3.41s|train_loss 0.00427884|val_loss 0.00023273
Best validation epoch: 14 Tue May 23 06:10:20 2023
TEST MAE 0.2905 | std 0.0724 | RMSE 0.4217 | RMSEs 0.4054 | PCC 0.8999 | PCCs 0.8685 | R2 0.8002 | R2s 0.7018 | Var 0.8016 | Vars 0.7300 | Peak 0.1543
Epoch  15|time: 3.49s|train_loss 0.00436328|val_loss 0.00022587
Best validation epoch: 15 Tue May 23 06:10:24 2023
TEST MAE 0.2960 | std 0.0717 | RMSE 0.4164 | RMSEs 0.4022 | PCC 0.9022 | PCCs 0.8747 | R2 0.8052 | R2s 0.7034 | Var 0.8134 | Vars 0.7483 | Peak 0.1515
Epoch  16|time: 3.39s|train_loss 0.00410725|val_loss 0.00022100
Best validation epoch: 16 Tue May 23 06:10:28 2023
TEST MAE 0.2770 | std 0.0741 | RMSE 0.4035 | RMSEs 0.3871 | PCC 0.9058 | PCCs 0.8760 | R2 0.8171 | R2s 0.7301 | Var 0.8191 | Vars 0.7533 | Peak 0.1484
Epoch  17|time: 3.41s|train_loss 0.00414808|val_loss 0.00024000
Epoch  18|time: 3.51s|train_loss 0.00409925|val_loss 0.00021106
Best validation epoch: 18 Tue May 23 06:10:36 2023
TEST MAE 0.2677 | std 0.0750 | RMSE 0.3927 | RMSEs 0.3774 | PCC 0.9123 | PCCs 0.8860 | R2 0.8267 | R2s 0.7406 | Var 0.8319 | Vars 0.7683 | Peak 0.1465
Epoch  19|time: 3.54s|train_loss 0.00415792|val_loss 0.00023553
Epoch  20|time: 3.40s|train_loss 0.00410816|val_loss 0.00022379
Epoch  21|time: 3.40s|train_loss 0.00409303|val_loss 0.00021348
Epoch  22|time: 3.41s|train_loss 0.00404938|val_loss 0.00020708
Best validation epoch: 22 Tue May 23 06:10:50 2023
TEST MAE 0.2495 | std 0.0878 | RMSE 0.4106 | RMSEs 0.3886 | PCC 0.9164 | PCCs 0.8842 | R2 0.8106 | R2s 0.7340 | Var 0.8321 | Vars 0.7676 | Peak 0.1637
Epoch  23|time: 3.50s|train_loss 0.00402194|val_loss 0.00019635
Best validation epoch: 23 Tue May 23 06:10:55 2023
TEST MAE 0.2526 | std 0.0741 | RMSE 0.3777 | RMSEs 0.3621 | PCC 0.9180 | PCCs 0.8925 | R2 0.8397 | R2s 0.7622 | Var 0.8420 | Vars 0.7799 | Peak 0.1419
Epoch  24|time: 3.40s|train_loss 0.00401724|val_loss 0.00019840
Epoch  25|time: 3.41s|train_loss 0.00395570|val_loss 0.00020097
Epoch  26|time: 3.48s|train_loss 0.00397478|val_loss 0.00020858
Epoch  27|time: 3.40s|train_loss 0.00394766|val_loss 0.00025137
Epoch  28|time: 3.40s|train_loss 0.00394926|val_loss 0.00023690
Epoch  29|time: 3.60s|train_loss 0.00393060|val_loss 0.00021789
Epoch  30|time: 3.40s|train_loss 0.00388886|val_loss 0.00019990
Epoch  31|time: 3.40s|train_loss 0.00387313|val_loss 0.00018903
Best validation epoch: 31 Tue May 23 06:11:23 2023
TEST MAE 0.2290 | std 0.0721 | RMSE 0.3594 | RMSEs 0.3421 | PCC 0.9255 | PCCs 0.8985 | R2 0.8549 | R2s 0.7906 | Var 0.8560 | Vars 0.7974 | Peak 0.1387
Epoch  32|time: 3.48s|train_loss 0.00390385|val_loss 0.00018758
Best validation epoch: 32 Tue May 23 06:11:27 2023
TEST MAE 0.2273 | std 0.0719 | RMSE 0.3560 | RMSEs 0.3388 | PCC 0.9265 | PCCs 0.9010 | R2 0.8576 | R2s 0.7945 | Var 0.8581 | Vars 0.8015 | Peak 0.1368
Epoch  33|time: 3.40s|train_loss 0.00372730|val_loss 0.00018840
Epoch  34|time: 3.48s|train_loss 0.00401041|val_loss 0.00018451
Best validation epoch: 34 Tue May 23 06:11:35 2023
TEST MAE 0.2261 | std 0.0731 | RMSE 0.3545 | RMSEs 0.3371 | PCC 0.9274 | PCCs 0.9024 | R2 0.8588 | R2s 0.7971 | Var 0.8600 | Vars 0.8039 | Peak 0.1359
Epoch  35|time: 3.47s|train_loss 0.00384137|val_loss 0.00020376
Epoch  36|time: 3.45s|train_loss 0.00380970|val_loss 0.00020413
Epoch  37|time: 3.54s|train_loss 0.00376414|val_loss 0.00023223
Epoch  38|time: 3.40s|train_loss 0.00367348|val_loss 0.00018879
Epoch  39|time: 3.41s|train_loss 0.00356839|val_loss 0.00018938
Epoch  40|time: 3.45s|train_loss 0.00359282|val_loss 0.00018544
Epoch  41|time: 3.40s|train_loss 0.00363905|val_loss 0.00018718
Epoch  42|time: 3.41s|train_loss 0.00359289|val_loss 0.00018185
Best validation epoch: 42 Tue May 23 06:12:03 2023
TEST MAE 0.2221 | std 0.0684 | RMSE 0.3472 | RMSEs 0.3310 | PCC 0.9299 | PCCs 0.9049 | R2 0.8646 | R2s 0.8032 | Var 0.8647 | Vars 0.8096 | Peak 0.1321
Epoch  43|time: 3.41s|train_loss 0.00357493|val_loss 0.00018082
Best validation epoch: 43 Tue May 23 06:12:07 2023
TEST MAE 0.2261 | std 0.0672 | RMSE 0.3481 | RMSEs 0.3327 | PCC 0.9300 | PCCs 0.9071 | R2 0.8639 | R2s 0.7994 | Var 0.8647 | Vars 0.8107 | Peak 0.1307
Epoch  44|time: 3.40s|train_loss 0.00357392|val_loss 0.00020629
Epoch  45|time: 3.51s|train_loss 0.00353983|val_loss 0.00019799
Epoch  46|time: 3.40s|train_loss 0.00357605|val_loss 0.00018206
Epoch  47|time: 3.40s|train_loss 0.00343443|val_loss 0.00019290
Epoch  48|time: 3.44s|train_loss 0.00364873|val_loss 0.00020212
Epoch  49|time: 3.40s|train_loss 0.00352963|val_loss 0.00018904
Epoch  50|time: 3.49s|train_loss 0.00361011|val_loss 0.00024956
Epoch  51|time: 3.45s|train_loss 0.00359673|val_loss 0.00023643
Epoch  52|time: 3.54s|train_loss 0.00377596|val_loss 0.00022308
Epoch  53|time: 3.40s|train_loss 0.00362324|val_loss 0.00018396
Epoch  54|time: 3.46s|train_loss 0.00346313|val_loss 0.00020625
Epoch  55|time: 3.39s|train_loss 0.00345420|val_loss 0.00018336
Epoch  56|time: 3.40s|train_loss 0.00356033|val_loss 0.00022357
Epoch  57|time: 3.41s|train_loss 0.00332450|val_loss 0.00024029
Epoch  58|time: 3.40s|train_loss 0.00348317|val_loss 0.00023754
Epoch  59|time: 3.39s|train_loss 0.00340399|val_loss 0.00021262
Epoch  60|time: 3.58s|train_loss 0.00331595|val_loss 0.00022211
Epoch  61|time: 3.40s|train_loss 0.00326502|val_loss 0.00018097
Epoch  62|time: 3.39s|train_loss 0.00327746|val_loss 0.00018688
Epoch  63|time: 3.45s|train_loss 0.00329296|val_loss 0.00018021
Best validation epoch: 63 Tue May 23 06:13:17 2023
TEST MAE 0.2188 | std 0.0646 | RMSE 0.3426 | RMSEs 0.3268 | PCC 0.9329 | PCCs 0.9073 | R2 0.8682 | R2s 0.8085 | Var 0.8702 | Vars 0.8149 | Peak 0.1312
Epoch  64|time: 3.48s|train_loss 0.00322868|val_loss 0.00018506
Epoch  65|time: 3.51s|train_loss 0.00327022|val_loss 0.00019872
Epoch  66|time: 3.40s|train_loss 0.00343158|val_loss 0.00020828
Epoch  67|time: 3.40s|train_loss 0.00342625|val_loss 0.00022433
Epoch  68|time: 3.54s|train_loss 0.00341354|val_loss 0.00024881
Epoch  69|time: 3.36s|train_loss 0.00336636|val_loss 0.00022204
Epoch  70|time: 3.34s|train_loss 0.00323808|val_loss 0.00031489
Epoch  71|time: 3.39s|train_loss 0.00336056|val_loss 0.00018981
Epoch  72|time: 3.32s|train_loss 0.00323642|val_loss 0.00031205
Epoch  73|time: 3.32s|train_loss 0.00329560|val_loss 0.00019594
Epoch  74|time: 3.44s|train_loss 0.00314883|val_loss 0.00017888
Best validation epoch: 74 Tue May 23 06:13:55 2023
TEST MAE 0.2249 | std 0.0647 | RMSE 0.3426 | RMSEs 0.3276 | PCC 0.9323 | PCCs 0.9084 | R2 0.8681 | R2s 0.8054 | Var 0.8691 | Vars 0.8176 | Peak 0.1265
Epoch  75|time: 3.32s|train_loss 0.00316542|val_loss 0.00018207
Epoch  76|time: 3.33s|train_loss 0.00315365|val_loss 0.00018786
Epoch  77|time: 3.38s|train_loss 0.00322043|val_loss 0.00021611
Epoch  78|time: 3.32s|train_loss 0.00316812|val_loss 0.00019026
Epoch  79|time: 3.41s|train_loss 0.00314829|val_loss 0.00017635
Best validation epoch: 79 Tue May 23 06:14:13 2023
TEST MAE 0.2200 | std 0.0633 | RMSE 0.3435 | RMSEs 0.3286 | PCC 0.9320 | PCCs 0.9050 | R2 0.8675 | R2s 0.8057 | Var 0.8683 | Vars 0.8114 | Peak 0.1300
Epoch  80|time: 3.39s|train_loss 0.00311923|val_loss 0.00017442
Best validation epoch: 80 Tue May 23 06:14:17 2023
TEST MAE 0.2147 | std 0.0631 | RMSE 0.3351 | RMSEs 0.3199 | PCC 0.9350 | PCCs 0.9117 | R2 0.8739 | R2s 0.8150 | Var 0.8740 | Vars 0.8219 | Peak 0.1255
Epoch  81|time: 3.32s|train_loss 0.00323090|val_loss 0.00018561
Epoch  82|time: 3.51s|train_loss 0.00322544|val_loss 0.00017291
Best validation epoch: 82 Tue May 23 06:14:24 2023
TEST MAE 0.2140 | std 0.0634 | RMSE 0.3359 | RMSEs 0.3207 | PCC 0.9346 | PCCs 0.9107 | R2 0.8732 | R2s 0.8150 | Var 0.8733 | Vars 0.8212 | Peak 0.1262
Epoch  83|time: 3.32s|train_loss 0.00333994|val_loss 0.00018845
Epoch  84|time: 3.32s|train_loss 0.00319918|val_loss 0.00017607
Epoch  85|time: 3.35s|train_loss 0.00311774|val_loss 0.00018417
Epoch  86|time: 3.47s|train_loss 0.00312855|val_loss 0.00017710
Epoch  87|time: 3.33s|train_loss 0.00318158|val_loss 0.00017482
Epoch  88|time: 3.49s|train_loss 0.00316354|val_loss 0.00018521
Epoch  89|time: 3.32s|train_loss 0.00311576|val_loss 0.00018658
Epoch  90|time: 3.32s|train_loss 0.00309943|val_loss 0.00018270
Epoch  91|time: 3.41s|train_loss 0.00308967|val_loss 0.00017593
Epoch  92|time: 3.32s|train_loss 0.00307269|val_loss 0.00017318
Epoch  93|time: 3.47s|train_loss 0.00313473|val_loss 0.00017491
Epoch  94|time: 3.74s|train_loss 0.00306242|val_loss 0.00017832
Epoch  95|time: 3.39s|train_loss 0.00300936|val_loss 0.00017446
Epoch  96|time: 3.53s|train_loss 0.00303549|val_loss 0.00017670
Epoch  97|time: 3.49s|train_loss 0.00321855|val_loss 0.00017458
Epoch  98|time: 3.39s|train_loss 0.00320288|val_loss 0.00017859
Epoch  99|time: 3.41s|train_loss 0.00328937|val_loss 0.00018147
Epoch 100|time: 3.54s|train_loss 0.00319685|val_loss 0.00017287
Best validation epoch: 100 Tue May 23 06:15:27 2023
TEST MAE 0.2111 | std 0.0618 | RMSE 0.3320 | RMSEs 0.3170 | PCC 0.9364 | PCCs 0.9131 | R2 0.8762 | R2s 0.8186 | Var 0.8763 | Vars 0.8227 | Peak 0.1242
Epoch 101|time: 3.40s|train_loss 0.00310182|val_loss 0.00017466
Epoch 102|time: 3.45s|train_loss 0.00301756|val_loss 0.00017794
Epoch 103|time: 3.40s|train_loss 0.00300699|val_loss 0.00017661
Epoch 104|time: 3.53s|train_loss 0.00312293|val_loss 0.00018062
Epoch 105|time: 3.40s|train_loss 0.00299376|val_loss 0.00017373
Epoch 106|time: 3.39s|train_loss 0.00298424|val_loss 0.00017809
Epoch 107|time: 3.39s|train_loss 0.00301708|val_loss 0.00017816
Epoch 108|time: 3.58s|train_loss 0.00295622|val_loss 0.00018092
Epoch 109|time: 3.51s|train_loss 0.00295919|val_loss 0.00017755
Epoch 110|time: 3.44s|train_loss 0.00292008|val_loss 0.00017493
Epoch 111|time: 3.53s|train_loss 0.00296611|val_loss 0.00018171
Epoch 112|time: 3.42s|train_loss 0.00298660|val_loss 0.00018559
Epoch 113|time: 3.39s|train_loss 0.00298318|val_loss 0.00017375
Epoch 114|time: 3.51s|train_loss 0.00310331|val_loss 0.00018726
Epoch 115|time: 3.39s|train_loss 0.00327160|val_loss 0.00017694
Epoch 116|time: 3.39s|train_loss 0.00336909|val_loss 0.00018195
Epoch 117|time: 3.45s|train_loss 0.00322829|val_loss 0.00025860
Epoch 118|time: 3.48s|train_loss 0.00326458|val_loss 0.00018302
Epoch 119|time: 3.40s|train_loss 0.00306084|val_loss 0.00018210
Epoch 120|time: 3.44s|train_loss 0.00299392|val_loss 0.00017644
Epoch 121|time: 3.51s|train_loss 0.00295998|val_loss 0.00017631
Epoch 122|time: 3.46s|train_loss 0.00294921|val_loss 0.00017471
Epoch 123|time: 3.44s|train_loss 0.00295630|val_loss 0.00017078
Best validation epoch: 123 Tue May 23 06:16:47 2023
TEST MAE 0.2072 | std 0.0638 | RMSE 0.3297 | RMSEs 0.3138 | PCC 0.9375 | PCCs 0.9146 | R2 0.8779 | R2s 0.8236 | Var 0.8790 | Vars 0.8287 | Peak 0.1258
Epoch 124|time: 3.39s|train_loss 0.00299614|val_loss 0.00017179
Epoch 125|time: 3.45s|train_loss 0.00293941|val_loss 0.00017206
Epoch 126|time: 3.40s|train_loss 0.00312447|val_loss 0.00017119
Epoch 127|time: 3.39s|train_loss 0.00308152|val_loss 0.00017831
Epoch 128|time: 3.57s|train_loss 0.00298462|val_loss 0.00017909
Epoch 129|time: 3.39s|train_loss 0.00296443|val_loss 0.00018930
Epoch 130|time: 3.40s|train_loss 0.00295971|val_loss 0.00018025
Epoch 131|time: 3.51s|train_loss 0.00284884|val_loss 0.00017124
Epoch 132|time: 3.49s|train_loss 0.00297704|val_loss 0.00016752
Best validation epoch: 132 Tue May 23 06:17:19 2023
TEST MAE 0.2158 | std 0.0586 | RMSE 0.3333 | RMSEs 0.3200 | PCC 0.9383 | PCCs 0.9148 | R2 0.8752 | R2s 0.8123 | Var 0.8786 | Vars 0.8250 | Peak 0.1204
Epoch 133|time: 3.39s|train_loss 0.00292863|val_loss 0.00017348
Epoch 134|time: 3.46s|train_loss 0.00302313|val_loss 0.00016949
Epoch 135|time: 3.39s|train_loss 0.00287099|val_loss 0.00017418
Epoch 136|time: 3.48s|train_loss 0.00293707|val_loss 0.00017730
Epoch 137|time: 3.43s|train_loss 0.00304046|val_loss 0.00017813
Epoch 138|time: 3.52s|train_loss 0.00309317|val_loss 0.00017425
Epoch 139|time: 3.40s|train_loss 0.00313901|val_loss 0.00017162
Epoch 140|time: 3.50s|train_loss 0.00300648|val_loss 0.00018718
Epoch 141|time: 3.40s|train_loss 0.00293569|val_loss 0.00018475
Epoch 142|time: 3.44s|train_loss 0.00300374|val_loss 0.00019666
Epoch 143|time: 3.40s|train_loss 0.00310972|val_loss 0.00018235
Epoch 144|time: 3.41s|train_loss 0.00309539|val_loss 0.00018645
Epoch 145|time: 3.44s|train_loss 0.00295020|val_loss 0.00021246
Epoch 146|time: 3.49s|train_loss 0.00289389|val_loss 0.00021736
Epoch 147|time: 3.40s|train_loss 0.00302650|val_loss 0.00018145
Epoch 148|time: 3.43s|train_loss 0.00310199|val_loss 0.00018321
Epoch 149|time: 3.42s|train_loss 0.00300117|val_loss 0.00016888
Epoch 150|time: 3.49s|train_loss 0.00294522|val_loss 0.00017477
Epoch 151|time: 3.41s|train_loss 0.00303525|val_loss 0.00017208
Epoch 152|time: 3.40s|train_loss 0.00300508|val_loss 0.00017399
Epoch 153|time: 3.40s|train_loss 0.00295982|val_loss 0.00017873
Epoch 154|time: 3.47s|train_loss 0.00295515|val_loss 0.00017342
Epoch 155|time: 3.39s|train_loss 0.00293990|val_loss 0.00018051
Epoch 156|time: 3.47s|train_loss 0.00291685|val_loss 0.00017272
Epoch 157|time: 3.50s|train_loss 0.00308764|val_loss 0.00017158
Epoch 158|time: 3.42s|train_loss 0.00288556|val_loss 0.00018642
Epoch 159|time: 3.39s|train_loss 0.00283283|val_loss 0.00017154
Epoch 160|time: 3.52s|train_loss 0.00277688|val_loss 0.00018096
Epoch 161|time: 3.40s|train_loss 0.00279791|val_loss 0.00017944
Epoch 162|time: 3.39s|train_loss 0.00274726|val_loss 0.00018841
Epoch 163|time: 3.48s|train_loss 0.00281126|val_loss 0.00018492
Epoch 164|time: 3.44s|train_loss 0.00281436|val_loss 0.00021954
Epoch 165|time: 3.40s|train_loss 0.00282939|val_loss 0.00018146
Epoch 166|time: 3.44s|train_loss 0.00290240|val_loss 0.00017074
Epoch 167|time: 3.41s|train_loss 0.00297210|val_loss 0.00017872
Epoch 168|time: 3.47s|train_loss 0.00305938|val_loss 0.00017100
Epoch 169|time: 3.45s|train_loss 0.00319639|val_loss 0.00017567
Epoch 170|time: 3.40s|train_loss 0.00292053|val_loss 0.00018028
Epoch 171|time: 3.39s|train_loss 0.00293870|val_loss 0.00017597
Epoch 172|time: 3.42s|train_loss 0.00286500|val_loss 0.00019259
Epoch 173|time: 3.48s|train_loss 0.00284692|val_loss 0.00019421
Epoch 174|time: 3.41s|train_loss 0.00296805|val_loss 0.00018925
Epoch 175|time: 3.43s|train_loss 0.00315583|val_loss 0.00019761
Epoch 176|time: 3.41s|train_loss 0.00299188|val_loss 0.00017969
Epoch 177|time: 3.44s|train_loss 0.00294227|val_loss 0.00017312
Epoch 178|time: 3.50s|train_loss 0.00289908|val_loss 0.00017834
Epoch 179|time: 3.39s|train_loss 0.00288342|val_loss 0.00017022
Epoch 180|time: 3.53s|train_loss 0.00284727|val_loss 0.00017275
Epoch 181|time: 3.39s|train_loss 0.00279697|val_loss 0.00016781
Epoch 182|time: 3.48s|train_loss 0.00292409|val_loss 0.00017326
Epoch 183|time: 3.48s|train_loss 0.00288666|val_loss 0.00017204
Epoch 184|time: 3.39s|train_loss 0.00321425|val_loss 0.00017720
Epoch 185|time: 3.40s|train_loss 0.00320785|val_loss 0.00018559
Epoch 186|time: 3.57s|train_loss 0.00305110|val_loss 0.00017611
Epoch 187|time: 3.50s|train_loss 0.00293140|val_loss 0.00016948
Epoch 188|time: 3.40s|train_loss 0.00279049|val_loss 0.00016731
Best validation epoch: 188 Tue May 23 06:20:32 2023
TEST MAE 0.2143 | std 0.0605 | RMSE 0.3389 | RMSEs 0.3250 | PCC 0.9336 | PCCs 0.9066 | R2 0.8709 | R2s 0.8091 | Var 0.8709 | Vars 0.8128 | Peak 0.1268
Epoch 189|time: 3.44s|train_loss 0.00284470|val_loss 0.00017604
Epoch 190|time: 3.40s|train_loss 0.00295081|val_loss 0.00019419
Epoch 191|time: 3.42s|train_loss 0.00289508|val_loss 0.00017609
Epoch 192|time: 3.45s|train_loss 0.00266487|val_loss 0.00016793
Epoch 193|time: 3.48s|train_loss 0.00279307|val_loss 0.00016925
Epoch 194|time: 3.41s|train_loss 0.00318049|val_loss 0.00016868
Epoch 195|time: 3.42s|train_loss 0.00289007|val_loss 0.00018019
Epoch 196|time: 3.47s|train_loss 0.00281384|val_loss 0.00017465
Epoch 197|time: 3.40s|train_loss 0.00279431|val_loss 0.00017647
Epoch 198|time: 3.45s|train_loss 0.00277607|val_loss 0.00016828
Epoch 199|time: 3.41s|train_loss 0.00274079|val_loss 0.00016431
Best validation epoch: 199 Tue May 23 06:21:10 2023
TEST MAE 0.2176 | std 0.0643 | RMSE 0.3482 | RMSEs 0.3327 | PCC 0.9356 | PCCs 0.9150 | R2 0.8638 | R2s 0.7972 | Var 0.8672 | Vars 0.8108 | Peak 0.1297
Epoch 200|time: 3.50s|train_loss 0.00274951|val_loss 0.00017409
Epoch 201|time: 3.40s|train_loss 0.00275691|val_loss 0.00018792
Epoch 202|time: 3.41s|train_loss 0.00276696|val_loss 0.00017126
Epoch 203|time: 3.43s|train_loss 0.00269350|val_loss 0.00016939
Epoch 204|time: 3.41s|train_loss 0.00272234|val_loss 0.00016930
Epoch 205|time: 3.41s|train_loss 0.00273960|val_loss 0.00016887
Epoch 206|time: 3.60s|train_loss 0.00299568|val_loss 0.00018140
Epoch 207|time: 3.40s|train_loss 0.00265612|val_loss 0.00016422
Best validation epoch: 207 Tue May 23 06:21:39 2023
TEST MAE 0.2226 | std 0.0691 | RMSE 0.3575 | RMSEs 0.3408 | PCC 0.9342 | PCCs 0.9145 | R2 0.8564 | R2s 0.7871 | Var 0.8615 | Vars 0.8043 | Peak 0.1341
Epoch 208|time: 3.44s|train_loss 0.00283612|val_loss 0.00017294
Epoch 209|time: 3.46s|train_loss 0.00272059|val_loss 0.00016387
Best validation epoch: 209 Tue May 23 06:21:47 2023
TEST MAE 0.2401 | std 0.0707 | RMSE 0.3785 | RMSEs 0.3620 | PCC 0.9331 | PCCs 0.9124 | R2 0.8391 | R2s 0.7558 | Var 0.8540 | Vars 0.7922 | Peak 0.1372
Epoch 210|time: 3.48s|train_loss 0.00267861|val_loss 0.00016836
Epoch 211|time: 3.42s|train_loss 0.00273630|val_loss 0.00018282
Epoch 212|time: 3.41s|train_loss 0.00272820|val_loss 0.00016603
Epoch 213|time: 3.40s|train_loss 0.00267173|val_loss 0.00016307
Best validation epoch: 213 Tue May 23 06:22:01 2023
TEST MAE 0.2230 | std 0.0732 | RMSE 0.3613 | RMSEs 0.3438 | PCC 0.9323 | PCCs 0.9124 | R2 0.8534 | R2s 0.7854 | Var 0.8546 | Vars 0.7925 | Peak 0.1385
Epoch 214|time: 3.44s|train_loss 0.00276788|val_loss 0.00016454
Epoch 215|time: 3.40s|train_loss 0.00308991|val_loss 0.00016519
Epoch 216|time: 3.40s|train_loss 0.00287457|val_loss 0.00017552
Epoch 217|time: 3.44s|train_loss 0.00285905|val_loss 0.00016998
Epoch 218|time: 3.44s|train_loss 0.00266451|val_loss 0.00016673
Epoch 219|time: 3.40s|train_loss 0.00276050|val_loss 0.00018033
Epoch 220|time: 3.39s|train_loss 0.00261690|val_loss 0.00016441
Epoch 221|time: 3.40s|train_loss 0.00261619|val_loss 0.00019679
Epoch 222|time: 3.39s|train_loss 0.00266330|val_loss 0.00020900
Epoch 223|time: 3.52s|train_loss 0.00261503|val_loss 0.00016536
Epoch 224|time: 3.40s|train_loss 0.00286490|val_loss 0.00016726
Epoch 225|time: 3.40s|train_loss 0.00274065|val_loss 0.00016702
Epoch 226|time: 3.41s|train_loss 0.00258899|val_loss 0.00016479
Epoch 227|time: 3.41s|train_loss 0.00260944|val_loss 0.00018020
Epoch 228|time: 3.45s|train_loss 0.00262034|val_loss 0.00017317
Epoch 229|time: 3.39s|train_loss 0.00258867|val_loss 0.00020690
Epoch 230|time: 3.41s|train_loss 0.00261388|val_loss 0.00021031
Epoch 231|time: 3.40s|train_loss 0.00266396|val_loss 0.00018803
Epoch 232|time: 3.50s|train_loss 0.00271962|val_loss 0.00020181
Epoch 233|time: 3.40s|train_loss 0.00269512|val_loss 0.00019435
Epoch 234|time: 3.39s|train_loss 0.00253814|val_loss 0.00019905
Epoch 235|time: 3.47s|train_loss 0.00254923|val_loss 0.00018085
Epoch 236|time: 3.40s|train_loss 0.00251550|val_loss 0.00016996
Epoch 237|time: 3.45s|train_loss 0.00249429|val_loss 0.00016324
Epoch 238|time: 3.45s|train_loss 0.00257243|val_loss 0.00020008
Epoch 239|time: 3.40s|train_loss 0.00257862|val_loss 0.00017363
Epoch 240|time: 3.39s|train_loss 0.00247939|val_loss 0.00016217
Best validation epoch: 240 Tue May 23 06:23:34 2023
TEST MAE 0.2201 | std 0.0664 | RMSE 0.3535 | RMSEs 0.3380 | PCC 0.9324 | PCCs 0.9090 | R2 0.8596 | R2s 0.7912 | Var 0.8617 | Vars 0.8013 | Peak 0.1313
Epoch 241|time: 3.39s|train_loss 0.00250918|val_loss 0.00017016
Epoch 242|time: 3.52s|train_loss 0.00251526|val_loss 0.00016673
Epoch 243|time: 3.40s|train_loss 0.00249530|val_loss 0.00016512
Epoch 244|time: 3.39s|train_loss 0.00241380|val_loss 0.00017273
Epoch 245|time: 3.40s|train_loss 0.00241498|val_loss 0.00016903
Epoch 246|time: 3.54s|train_loss 0.00245635|val_loss 0.00016086
Best validation epoch: 246 Tue May 23 06:23:56 2023
TEST MAE 0.2376 | std 0.0758 | RMSE 0.3890 | RMSEs 0.3696 | PCC 0.9314 | PCCs 0.9151 | R2 0.8300 | R2s 0.7473 | Var 0.8391 | Vars 0.7723 | Peak 0.1485
Epoch 247|time: 3.39s|train_loss 0.00239017|val_loss 0.00019442
Epoch 248|time: 3.41s|train_loss 0.00238818|val_loss 0.00016667
Epoch 249|time: 3.47s|train_loss 0.00241792|val_loss 0.00017166
Epoch 250|time: 3.40s|train_loss 0.00246507|val_loss 0.00016664
Epoch 251|time: 3.40s|train_loss 0.00265966|val_loss 0.00016826
Epoch 252|time: 3.41s|train_loss 0.00272056|val_loss 0.00017809
Epoch 253|time: 3.40s|train_loss 0.00283391|val_loss 0.00016273
Epoch 254|time: 3.40s|train_loss 0.00257454|val_loss 0.00016651
Epoch 255|time: 3.44s|train_loss 0.00256950|val_loss 0.00016784
Epoch 256|time: 3.41s|train_loss 0.00249645|val_loss 0.00017372
Epoch 257|time: 3.40s|train_loss 0.00242463|val_loss 0.00016174
Epoch 258|time: 3.48s|train_loss 0.00245499|val_loss 0.00016869
Epoch 259|time: 3.41s|train_loss 0.00241010|val_loss 0.00016888
Epoch 260|time: 3.45s|train_loss 0.00240711|val_loss 0.00016897
Epoch 261|time: 3.40s|train_loss 0.00243953|val_loss 0.00016934
Epoch 262|time: 3.41s|train_loss 0.00259874|val_loss 0.00016399
Epoch 263|time: 3.39s|train_loss 0.00235805|val_loss 0.00017819
Epoch 264|time: 3.46s|train_loss 0.00233232|val_loss 0.00017748
Epoch 265|time: 3.39s|train_loss 0.00245097|val_loss 0.00016846
Epoch 266|time: 3.42s|train_loss 0.00301528|val_loss 0.00016441
Epoch 267|time: 3.40s|train_loss 0.00386286|val_loss 0.00018247
Epoch 268|time: 3.39s|train_loss 0.00326105|val_loss 0.00017187
Epoch 269|time: 3.57s|train_loss 0.00269759|val_loss 0.00016833
Epoch 270|time: 3.40s|train_loss 0.00271525|val_loss 0.00016749
Epoch 271|time: 3.40s|train_loss 0.00262117|val_loss 0.00017133
Epoch 272|time: 2.36s|train_loss 0.00250474|val_loss 0.00016435
Epoch 273|time: 1.97s|train_loss 0.00252980|val_loss 0.00018703
Epoch 274|time: 2.40s|train_loss 0.00242246|val_loss 0.00017023
Epoch 275|time: 3.08s|train_loss 0.00235733|val_loss 0.00016035
Best validation epoch: 275 Tue May 23 06:25:32 2023
TEST MAE 0.2553 | std 0.0762 | RMSE 0.4200 | RMSEs 0.4003 | PCC 0.9309 | PCCs 0.9156 | R2 0.8019 | R2s 0.6999 | Var 0.8234 | Vars 0.7485 | Peak 0.1607
Epoch 276|time: 3.16s|train_loss 0.00235380|val_loss 0.00017305
Epoch 277|time: 3.24s|train_loss 0.00245900|val_loss 0.00017231
Epoch 278|time: 3.10s|train_loss 0.00247244|val_loss 0.00018850
Epoch 279|time: 3.10s|train_loss 0.00244214|val_loss 0.00017961
Epoch 280|time: 3.01s|train_loss 0.00239023|val_loss 0.00017446
Epoch 281|time: 3.04s|train_loss 0.00242627|val_loss 0.00017398
Epoch 282|time: 3.10s|train_loss 0.00237571|val_loss 0.00018972
Epoch 283|time: 3.02s|train_loss 0.00230661|val_loss 0.00018015
Epoch 284|time: 3.01s|train_loss 0.00232780|val_loss 0.00018227
Epoch 285|time: 3.02s|train_loss 0.00239831|val_loss 0.00018425
Epoch 286|time: 3.03s|train_loss 0.00227407|val_loss 0.00017598
Epoch 287|time: 3.02s|train_loss 0.00234968|val_loss 0.00017540
Epoch 288|time: 3.14s|train_loss 0.00233930|val_loss 0.00017687
Epoch 289|time: 3.01s|train_loss 0.00234284|val_loss 0.00016830
Epoch 290|time: 3.02s|train_loss 0.00230713|val_loss 0.00016451
Epoch 291|time: 3.02s|train_loss 0.00234739|val_loss 0.00017593
Epoch 292|time: 3.08s|train_loss 0.00233571|val_loss 0.00016342
Epoch 293|time: 3.03s|train_loss 0.00247333|val_loss 0.00017151
Epoch 294|time: 3.02s|train_loss 0.00246270|val_loss 0.00016720
Epoch 295|time: 3.01s|train_loss 0.00228974|val_loss 0.00016654
Epoch 296|time: 3.10s|train_loss 0.00232689|val_loss 0.00018372
Epoch 297|time: 3.01s|train_loss 0.00240077|val_loss 0.00022317
Epoch 298|time: 3.04s|train_loss 0.00244611|val_loss 0.00019945
Epoch 299|time: 3.07s|train_loss 0.00230243|val_loss 0.00017877
Epoch 300|time: 3.01s|train_loss 0.00228956|val_loss 0.00016762
Epoch 301|time: 3.02s|train_loss 0.00229301|val_loss 0.00016550
Epoch 302|time: 3.14s|train_loss 0.00227201|val_loss 0.00017017
Epoch 303|time: 3.01s|train_loss 0.00223880|val_loss 0.00017178
Epoch 304|time: 3.02s|train_loss 0.00230815|val_loss 0.00017301
Epoch 305|time: 3.02s|train_loss 0.00247240|val_loss 0.00016851
Epoch 306|time: 3.10s|train_loss 0.00225083|val_loss 0.00018853
Epoch 307|time: 3.02s|train_loss 0.00223369|val_loss 0.00020944
Epoch 308|time: 3.01s|train_loss 0.00242736|val_loss 0.00019480
Epoch 309|time: 3.07s|train_loss 0.00240616|val_loss 0.00016469
Epoch 310|time: 3.08s|train_loss 0.00231620|val_loss 0.00018188
Epoch 311|time: 3.03s|train_loss 0.00231751|val_loss 0.00019485
Epoch 312|time: 3.02s|train_loss 0.00227534|val_loss 0.00019569
Epoch 313|time: 3.01s|train_loss 0.00223800|val_loss 0.00016428
Epoch 314|time: 3.03s|train_loss 0.00226460|val_loss 0.00017360
Epoch 315|time: 3.13s|train_loss 0.00217266|val_loss 0.00022514
Epoch 316|time: 3.03s|train_loss 0.00225356|val_loss 0.00017920
Epoch 317|time: 3.02s|train_loss 0.00231663|val_loss 0.00016630
Epoch 318|time: 3.05s|train_loss 0.00220264|val_loss 0.00016911
Epoch 319|time: 3.10s|train_loss 0.00215454|val_loss 0.00016736
Epoch 320|time: 3.09s|train_loss 0.00210346|val_loss 0.00016319
Epoch 321|time: 3.03s|train_loss 0.00212345|val_loss 0.00016119
Epoch 322|time: 3.09s|train_loss 0.00214606|val_loss 0.00016761
Epoch 323|time: 3.02s|train_loss 0.00224554|val_loss 0.00016208
Epoch 324|time: 3.09s|train_loss 0.00226734|val_loss 0.00017354
Epoch 325|time: 3.24s|train_loss 0.00234386|val_loss 0.00016555
Epoch 326|time: 3.02s|train_loss 0.00252507|val_loss 0.00017139
Epoch 327|time: 3.01s|train_loss 0.00239370|val_loss 0.00017119
Epoch 328|time: 3.06s|train_loss 0.00229706|val_loss 0.00018804
Epoch 329|time: 3.08s|train_loss 0.00236505|val_loss 0.00017512
Epoch 330|time: 3.02s|train_loss 0.00231836|val_loss 0.00017177
Epoch 331|time: 3.01s|train_loss 0.00236759|val_loss 0.00019102
Epoch 332|time: 3.18s|train_loss 0.00238495|val_loss 0.00016528
Epoch 333|time: 3.01s|train_loss 0.00243943|val_loss 0.00016784
Epoch 334|time: 3.13s|train_loss 0.00230202|val_loss 0.00016526
Epoch 335|time: 3.02s|train_loss 0.00221556|val_loss 0.00017596
Epoch 336|time: 3.01s|train_loss 0.00218530|val_loss 0.00016881
Epoch 337|time: 3.01s|train_loss 0.00225915|val_loss 0.00016832
Epoch 338|time: 3.07s|train_loss 0.00213491|val_loss 0.00017090
Epoch 339|time: 3.01s|train_loss 0.00222129|val_loss 0.00016955
Epoch 340|time: 3.01s|train_loss 0.00218911|val_loss 0.00017125
Epoch 341|time: 3.01s|train_loss 0.00216093|val_loss 0.00016385
Epoch 342|time: 3.16s|train_loss 0.00202383|val_loss 0.00017415
Epoch 343|time: 3.02s|train_loss 0.00217011|val_loss 0.00018371
Epoch 344|time: 3.01s|train_loss 0.00219373|val_loss 0.00016556
Epoch 345|time: 3.20s|train_loss 0.00212330|val_loss 0.00017753
Epoch 346|time: 3.01s|train_loss 0.00210148|val_loss 0.00016788
Epoch 347|time: 3.00s|train_loss 0.00230590|val_loss 0.00016390
Epoch 348|time: 3.39s|train_loss 0.00209331|val_loss 0.00016607
Epoch 349|time: 3.01s|train_loss 0.00224374|val_loss 0.00016274
Epoch 350|time: 3.01s|train_loss 0.00217084|val_loss 0.00017098
Epoch 351|time: 3.05s|train_loss 0.00223989|val_loss 0.00017337
Epoch 352|time: 3.06s|train_loss 0.00206018|val_loss 0.00017111
Epoch 353|time: 3.02s|train_loss 0.00202433|val_loss 0.00017834
Epoch 354|time: 3.01s|train_loss 0.00238686|val_loss 0.00016541
Epoch 355|time: 3.17s|train_loss 0.00221713|val_loss 0.00016536
Epoch 356|time: 3.08s|train_loss 0.00211284|val_loss 0.00016267
Epoch 357|time: 3.21s|train_loss 0.00223571|val_loss 0.00017407
Epoch 358|time: 3.03s|train_loss 0.00275774|val_loss 0.00020289
Epoch 359|time: 3.00s|train_loss 0.00240013|val_loss 0.00017524
Epoch 360|time: 3.02s|train_loss 0.00230060|val_loss 0.00017028
Epoch 361|time: 3.03s|train_loss 0.00224206|val_loss 0.00018181
Epoch 362|time: 3.05s|train_loss 0.00213126|val_loss 0.00021502
Epoch 363|time: 3.10s|train_loss 0.00232908|val_loss 0.00029101
Epoch 364|time: 3.61s|train_loss 0.00233289|val_loss 0.00019823
Epoch 365|time: 3.05s|train_loss 0.00234778|val_loss 0.00017217
Epoch 366|time: 3.10s|train_loss 0.00216978|val_loss 0.00017027
Epoch 367|time: 3.07s|train_loss 0.00222808|val_loss 0.00017407
Epoch 368|time: 3.02s|train_loss 0.00216839|val_loss 0.00018767
Epoch 369|time: 3.02s|train_loss 0.00211401|val_loss 0.00019664
Epoch 370|time: 3.07s|train_loss 0.00220826|val_loss 0.00017780
Epoch 371|time: 3.09s|train_loss 0.00214521|val_loss 0.00022640
Epoch 372|time: 3.00s|train_loss 0.00215108|val_loss 0.00020979
Epoch 373|time: 3.01s|train_loss 0.00215652|val_loss 0.00017053
Epoch 374|time: 3.09s|train_loss 0.00226656|val_loss 0.00017667
Epoch 375|time: 3.07s|train_loss 0.00221141|val_loss 0.00018411
Epoch 376|time: 3.03s|train_loss 0.00243449|val_loss 0.00017391
Epoch 377|time: 3.14s|train_loss 0.00219245|val_loss 0.00018758
Epoch 378|time: 3.01s|train_loss 0.00217941|val_loss 0.00017573
Epoch 379|time: 3.01s|train_loss 0.00218903|val_loss 0.00017186
Epoch 380|time: 3.07s|train_loss 0.00218829|val_loss 0.00017378
Epoch 381|time: 3.05s|train_loss 0.00262219|val_loss 0.00017394
Epoch 382|time: 3.01s|train_loss 0.00236338|val_loss 0.00016976
Epoch 383|time: 3.00s|train_loss 0.00223337|val_loss 0.00016404
Epoch 384|time: 3.12s|train_loss 0.00246505|val_loss 0.00016975
Epoch 385|time: 3.01s|train_loss 0.00235711|val_loss 0.00017716
Epoch 386|time: 3.02s|train_loss 0.00227776|val_loss 0.00018560
Epoch 387|time: 3.03s|train_loss 0.00226112|val_loss 0.00017303
Epoch 388|time: 3.02s|train_loss 0.00217043|val_loss 0.00016527
Epoch 389|time: 3.09s|train_loss 0.00209746|val_loss 0.00017799
Epoch 390|time: 3.02s|train_loss 0.00213400|val_loss 0.00016920
Epoch 391|time: 3.03s|train_loss 0.00202836|val_loss 0.00017149
Epoch 392|time: 3.03s|train_loss 0.00200796|val_loss 0.00017294
Epoch 393|time: 3.01s|train_loss 0.00198271|val_loss 0.00020187
Epoch 394|time: 3.15s|train_loss 0.00204142|val_loss 0.00016993
Epoch 395|time: 3.00s|train_loss 0.00202934|val_loss 0.00018736
Epoch 396|time: 3.02s|train_loss 0.00201604|val_loss 0.00016871
Epoch 397|time: 3.03s|train_loss 0.00197732|val_loss 0.00017336
Epoch 398|time: 3.06s|train_loss 0.00196194|val_loss 0.00016642
Epoch 399|time: 3.01s|train_loss 0.00194183|val_loss 0.00016883
Epoch 400|time: 3.02s|train_loss 0.00200634|val_loss 0.00016727
Epoch 401|time: 3.02s|train_loss 0.00229826|val_loss 0.00018334
Epoch 402|time: 3.09s|train_loss 0.00207663|val_loss 0.00017324
Epoch 403|time: 3.01s|train_loss 0.00217425|val_loss 0.00016505
Epoch 404|time: 3.02s|train_loss 0.00213635|val_loss 0.00017205
Epoch 405|time: 3.00s|train_loss 0.00211774|val_loss 0.00018078
Epoch 406|time: 3.01s|train_loss 0.00206037|val_loss 0.00017008
Epoch 407|time: 3.04s|train_loss 0.00235577|val_loss 0.00016558
Epoch 408|time: 3.08s|train_loss 0.00216888|val_loss 0.00019076
Epoch 409|time: 3.02s|train_loss 0.00245040|val_loss 0.00016904
Epoch 410|time: 3.09s|train_loss 0.00248587|val_loss 0.00017143
Epoch 411|time: 3.01s|train_loss 0.00248718|val_loss 0.00016572
Epoch 412|time: 3.07s|train_loss 0.00215654|val_loss 0.00016974
Epoch 413|time: 3.01s|train_loss 0.00242704|val_loss 0.00016846
Epoch 414|time: 3.06s|train_loss 0.00228175|val_loss 0.00016534
Epoch 415|time: 3.01s|train_loss 0.00216385|val_loss 0.00018519
Epoch 416|time: 3.14s|train_loss 0.00201874|val_loss 0.00017309
Epoch 417|time: 3.18s|train_loss 0.00203828|val_loss 0.00017947
Epoch 418|time: 3.01s|train_loss 0.00206192|val_loss 0.00017150
Epoch 419|time: 3.02s|train_loss 0.00206943|val_loss 0.00017313
Epoch 420|time: 3.02s|train_loss 0.00219789|val_loss 0.00016532
Epoch 421|time: 3.01s|train_loss 0.00231641|val_loss 0.00017685
Epoch 422|time: 3.07s|train_loss 0.00220151|val_loss 0.00018436
Epoch 423|time: 3.02s|train_loss 0.00213280|val_loss 0.00018958
Epoch 424|time: 3.02s|train_loss 0.00222639|val_loss 0.00018582
Epoch 425|time: 3.04s|train_loss 0.00213412|val_loss 0.00019798
Epoch 426|time: 3.07s|train_loss 0.00210627|val_loss 0.00019035
Epoch 427|time: 3.01s|train_loss 0.00214936|val_loss 0.00016721
Epoch 428|time: 3.01s|train_loss 0.00206806|val_loss 0.00017236
Epoch 429|time: 3.01s|train_loss 0.00199929|val_loss 0.00021198
Epoch 430|time: 3.10s|train_loss 0.00209328|val_loss 0.00017710
Epoch 431|time: 3.01s|train_loss 0.00213173|val_loss 0.00016859
Epoch 432|time: 3.01s|train_loss 0.00206996|val_loss 0.00017738
Epoch 433|time: 3.05s|train_loss 0.00197658|val_loss 0.00017009
Epoch 434|time: 3.02s|train_loss 0.00207786|val_loss 0.00018656
Epoch 435|time: 3.08s|train_loss 0.00209718|val_loss 0.00017173
Epoch 436|time: 3.16s|train_loss 0.00196057|val_loss 0.00018027
Epoch 437|time: 3.02s|train_loss 0.00203141|val_loss 0.00019845
Epoch 438|time: 3.00s|train_loss 0.00219792|val_loss 0.00016993
Epoch 439|time: 3.02s|train_loss 0.00235960|val_loss 0.00017779
Epoch 440|time: 3.15s|train_loss 0.00209807|val_loss 0.00016940
Epoch 441|time: 3.00s|train_loss 0.00205939|val_loss 0.00016972
Epoch 442|time: 3.01s|train_loss 0.00205915|val_loss 0.00016757
Epoch 443|time: 3.04s|train_loss 0.00200350|val_loss 0.00018143
Epoch 444|time: 3.10s|train_loss 0.00198997|val_loss 0.00016665
Epoch 445|time: 3.02s|train_loss 0.00224116|val_loss 0.00017910
Epoch 446|time: 3.04s|train_loss 0.00221032|val_loss 0.00016645
Epoch 447|time: 3.02s|train_loss 0.00209439|val_loss 0.00017880
Epoch 448|time: 3.01s|train_loss 0.00213926|val_loss 0.00016821
Epoch 449|time: 3.10s|train_loss 0.00204478|val_loss 0.00017445
Epoch 450|time: 3.03s|train_loss 0.00211505|val_loss 0.00016754
Epoch 451|time: 3.02s|train_loss 0.00207709|val_loss 0.00017936
Epoch 452|time: 3.02s|train_loss 0.00213579|val_loss 0.00016926
Epoch 453|time: 3.04s|train_loss 0.00220382|val_loss 0.00016856
Epoch 454|time: 3.09s|train_loss 0.00208118|val_loss 0.00017675
Epoch 455|time: 3.02s|train_loss 0.00205613|val_loss 0.00022363
Epoch 456|time: 3.17s|train_loss 0.00207176|val_loss 0.00022132
Epoch 457|time: 3.02s|train_loss 0.00197084|val_loss 0.00027162
Epoch 458|time: 3.08s|train_loss 0.00202768|val_loss 0.00018892
Epoch 459|time: 3.01s|train_loss 0.00191045|val_loss 0.00018196
Epoch 460|time: 3.05s|train_loss 0.00192411|val_loss 0.00017553
Epoch 461|time: 3.03s|train_loss 0.00203765|val_loss 0.00020681
Epoch 462|time: 3.09s|train_loss 0.00220155|val_loss 0.00017842
Epoch 463|time: 3.08s|train_loss 0.00226695|val_loss 0.00016215
Epoch 464|time: 3.01s|train_loss 0.00196527|val_loss 0.00016703
Epoch 465|time: 3.01s|train_loss 0.00200499|val_loss 0.00018611
Epoch 466|time: 3.06s|train_loss 0.00202929|val_loss 0.00016994
Epoch 467|time: 3.01s|train_loss 0.00211430|val_loss 0.00022125
Epoch 468|time: 3.10s|train_loss 0.00202702|val_loss 0.00022300
Epoch 469|time: 3.03s|train_loss 0.00203349|val_loss 0.00021821
Epoch 470|time: 3.01s|train_loss 0.00214861|val_loss 0.00018747
Epoch 471|time: 3.01s|train_loss 0.00221808|val_loss 0.00017281
Epoch 472|time: 3.04s|train_loss 0.00226191|val_loss 0.00016866
Epoch 473|time: 3.00s|train_loss 0.00214425|val_loss 0.00016938
Epoch 474|time: 3.01s|train_loss 0.00198719|val_loss 0.00016666
Epoch 475|time: 3.01s|train_loss 0.00202744|val_loss 0.00016312
Final evaluation
TEST MAE 0.2553 | std 0.0762 | RMSE 0.4200 | RMSEs 0.4003 | PCC 0.9309 | PCCs 0.9156 | R2 0.8019 | R2s 0.6999 | Var 0.8234 | Vars 0.7485 | Peak 0.1607
