--------Parameters--------
Namespace(batch=32, bi=False, check_point=1, cuda=False, dataset='us_hhs', dropout=0.2, epilambda=0.1, epochs=500, gpu=3, hidsp=15, horizon=2, k=10, lamda=0.01, lr=0.001, model='cola_gnn_epi', mylog=False, n_hidden=30, n_layer=1, patience=200, rnn_model='RNN', save_dir='save', seed=42, shuffle=False, sim_mat='us_hhs-adj', test=0.2, train=0.6, val=0.2, weight_decay=0.0005, window=20)
--------------------------
data shape (364, 10)
size of train/val/test sets 197 73 73
#params: 9885
begin training
Epoch   1|time: 3.66s|train_loss 0.00370004|val_loss 0.00154095
Best validation epoch: 1 Tue May 23 04:13:05 2023
TEST MAE 2.0409 | std 0.7637 | RMSE 2.5273 | RMSEs 2.3915 | PCC -0.7933 | PCCs -0.8291 | R2 -6.1750 | R2s -9.1064 | Var -1.4961 | Vars -1.7478 | Peak 1.2457
Epoch   2|time: 3.81s|train_loss 0.00208480|val_loss 0.00112769
Best validation epoch: 2 Tue May 23 04:13:10 2023
TEST MAE 1.2448 | std 0.2771 | RMSE 1.4288 | RMSEs 1.3937 | PCC 0.1041 | PCCs -0.7885 | R2 -1.2931 | R2s -2.9674 | Var -0.4491 | Vars -0.7631 | Peak 0.3000
Epoch   3|time: 3.73s|train_loss 0.00187724|val_loss 0.00066285
Best validation epoch: 3 Tue May 23 04:13:15 2023
TEST MAE 0.6920 | std 0.1898 | RMSE 0.9456 | RMSEs 0.9028 | PCC 0.2377 | PCCs -0.4089 | R2 -0.0044 | R2s -0.4403 | Var 0.0009 | Vars -0.2433 | Peak 0.3661
Epoch   4|time: 3.88s|train_loss 0.00163520|val_loss 0.00053357
Best validation epoch: 4 Tue May 23 04:13:19 2023
TEST MAE 0.6025 | std 0.2607 | RMSE 0.9347 | RMSEs 0.8644 | PCC 0.4655 | PCCs 0.2249 | R2 0.0187 | R2s -0.2826 | Var 0.2100 | Vars 0.0599 | Peak 0.4310
Epoch   5|time: 3.74s|train_loss 0.00152294|val_loss 0.00051913
Best validation epoch: 5 Tue May 23 04:13:24 2023
TEST MAE 0.5447 | std 0.1412 | RMSE 0.7374 | RMSEs 0.7033 | PCC 0.6331 | PCCs 0.5731 | R2 0.3893 | R2s 0.1196 | Var 0.3893 | Vars 0.2734 | Peak 0.2767
Epoch   6|time: 3.94s|train_loss 0.00144553|val_loss 0.00045501
Best validation epoch: 6 Tue May 23 04:13:29 2023
TEST MAE 0.5458 | std 0.2841 | RMSE 0.8484 | RMSEs 0.7775 | PCC 0.7408 | PCCs 0.6912 | R2 0.1914 | R2s -0.0338 | Var 0.4749 | Vars 0.4118 | Peak 0.3893
Epoch   7|time: 3.74s|train_loss 0.00140215|val_loss 0.00038361
Best validation epoch: 7 Tue May 23 04:13:33 2023
TEST MAE 0.4059 | std 0.1371 | RMSE 0.6048 | RMSEs 0.5659 | PCC 0.7859 | PCCs 0.7507 | R2 0.5892 | R2s 0.4412 | Var 0.5970 | Vars 0.5325 | Peak 0.2445
Epoch   8|time: 3.91s|train_loss 0.00136489|val_loss 0.00033934
Best validation epoch: 8 Tue May 23 04:13:38 2023
TEST MAE 0.3740 | std 0.1751 | RMSE 0.5993 | RMSEs 0.5513 | PCC 0.8170 | PCCs 0.7799 | R2 0.5965 | R2s 0.4786 | Var 0.6493 | Vars 0.5920 | Peak 0.2538
Epoch   9|time: 3.84s|train_loss 0.00131128|val_loss 0.00031845
Best validation epoch: 9 Tue May 23 04:13:43 2023
TEST MAE 0.3602 | std 0.1717 | RMSE 0.5672 | RMSEs 0.5231 | PCC 0.8369 | PCCs 0.8025 | R2 0.6386 | R2s 0.5306 | Var 0.6924 | Vars 0.6342 | Peak 0.2374
Epoch  10|time: 3.86s|train_loss 0.00134089|val_loss 0.00029488
Best validation epoch: 10 Tue May 23 04:13:47 2023
TEST MAE 0.3244 | std 0.1103 | RMSE 0.4921 | RMSEs 0.4643 | PCC 0.8543 | PCCs 0.8222 | R2 0.7279 | R2s 0.6181 | Var 0.7287 | Vars 0.6657 | Peak 0.1960
Epoch  11|time: 3.73s|train_loss 0.00129216|val_loss 0.00027923
Best validation epoch: 11 Tue May 23 04:13:52 2023
TEST MAE 0.3154 | std 0.1382 | RMSE 0.4981 | RMSEs 0.4624 | PCC 0.8711 | PCCs 0.8401 | R2 0.7213 | R2s 0.6309 | Var 0.7548 | Vars 0.6960 | Peak 0.2023
Epoch  12|time: 3.74s|train_loss 0.00124966|val_loss 0.00025762
Best validation epoch: 12 Tue May 23 04:13:56 2023
TEST MAE 0.2909 | std 0.1182 | RMSE 0.4659 | RMSEs 0.4353 | PCC 0.8824 | PCCs 0.8502 | R2 0.7562 | R2s 0.6704 | Var 0.7747 | Vars 0.7134 | Peak 0.1871
Epoch  13|time: 3.73s|train_loss 0.00122486|val_loss 0.00024481
Best validation epoch: 13 Tue May 23 04:14:01 2023
TEST MAE 0.2746 | std 0.1011 | RMSE 0.4427 | RMSEs 0.4160 | PCC 0.8915 | PCCs 0.8580 | R2 0.7799 | R2s 0.6963 | Var 0.7885 | Vars 0.7257 | Peak 0.1763
Epoch  14|time: 3.72s|train_loss 0.00121534|val_loss 0.00024154
Best validation epoch: 14 Tue May 23 04:14:06 2023
TEST MAE 0.2737 | std 0.1088 | RMSE 0.4528 | RMSEs 0.4247 | PCC 0.8987 | PCCs 0.8634 | R2 0.7697 | R2s 0.6852 | Var 0.7945 | Vars 0.7301 | Peak 0.1836
Epoch  15|time: 4.12s|train_loss 0.00120287|val_loss 0.00024560
Epoch  16|time: 3.74s|train_loss 0.00117341|val_loss 0.00022773
Best validation epoch: 16 Tue May 23 04:14:14 2023
TEST MAE 0.2653 | std 0.0964 | RMSE 0.4253 | RMSEs 0.4018 | PCC 0.9052 | PCCs 0.8698 | R2 0.7968 | R2s 0.7159 | Var 0.8161 | Vars 0.7487 | Peak 0.1692
Epoch  17|time: 3.74s|train_loss 0.00116807|val_loss 0.00022919
Epoch  18|time: 3.75s|train_loss 0.00114849|val_loss 0.00024399
Epoch  19|time: 3.73s|train_loss 0.00114337|val_loss 0.00021855
Best validation epoch: 19 Tue May 23 04:14:26 2023
TEST MAE 0.2514 | std 0.0864 | RMSE 0.4078 | RMSEs 0.3871 | PCC 0.9122 | PCCs 0.8765 | R2 0.8132 | R2s 0.7345 | Var 0.8283 | Vars 0.7600 | Peak 0.1599
Epoch  20|time: 3.85s|train_loss 0.00114279|val_loss 0.00021711
Best validation epoch: 20 Tue May 23 04:14:31 2023
TEST MAE 0.2441 | std 0.0767 | RMSE 0.3918 | RMSEs 0.3731 | PCC 0.9133 | PCCs 0.8782 | R2 0.8276 | R2s 0.7514 | Var 0.8313 | Vars 0.7630 | Peak 0.1514
Epoch  21|time: 3.73s|train_loss 0.00112485|val_loss 0.00026426
Epoch  22|time: 3.72s|train_loss 0.00112020|val_loss 0.00021018
Best validation epoch: 22 Tue May 23 04:14:39 2023
TEST MAE 0.2392 | std 0.0757 | RMSE 0.3830 | RMSEs 0.3646 | PCC 0.9167 | PCCs 0.8838 | R2 0.8352 | R2s 0.7625 | Var 0.8384 | Vars 0.7731 | Peak 0.1475
Epoch  23|time: 3.73s|train_loss 0.00110824|val_loss 0.00020938
Best validation epoch: 23 Tue May 23 04:14:44 2023
TEST MAE 0.2421 | std 0.0719 | RMSE 0.3761 | RMSEs 0.3595 | PCC 0.9176 | PCCs 0.8855 | R2 0.8411 | R2s 0.7671 | Var 0.8412 | Vars 0.7763 | Peak 0.1435
Epoch  24|time: 3.81s|train_loss 0.00110998|val_loss 0.00021430
Epoch  25|time: 3.82s|train_loss 0.00110506|val_loss 0.00022833
Epoch  26|time: 3.74s|train_loss 0.00109592|val_loss 0.00021896
Epoch  27|time: 3.76s|train_loss 0.00112405|val_loss 0.00020393
Best validation epoch: 27 Tue May 23 04:15:00 2023
TEST MAE 0.2337 | std 0.0765 | RMSE 0.3798 | RMSEs 0.3616 | PCC 0.9212 | PCCs 0.8887 | R2 0.8380 | R2s 0.7669 | Var 0.8450 | Vars 0.7804 | Peak 0.1473
Epoch  28|time: 3.81s|train_loss 0.00113675|val_loss 0.00019938
Best validation epoch: 28 Tue May 23 04:15:04 2023
TEST MAE 0.2351 | std 0.0723 | RMSE 0.3681 | RMSEs 0.3518 | PCC 0.9216 | PCCs 0.8900 | R2 0.8478 | R2s 0.7773 | Var 0.8483 | Vars 0.7843 | Peak 0.1412
Epoch  29|time: 3.64s|train_loss 0.00109645|val_loss 0.00019832
Best validation epoch: 29 Tue May 23 04:15:09 2023
TEST MAE 0.2344 | std 0.0765 | RMSE 0.3741 | RMSEs 0.3563 | PCC 0.9224 | PCCs 0.8907 | R2 0.8428 | R2s 0.7734 | Var 0.8496 | Vars 0.7858 | Peak 0.1447
Epoch  30|time: 3.37s|train_loss 0.00109503|val_loss 0.00020072
Epoch  31|time: 3.40s|train_loss 0.00108909|val_loss 0.00019591
Best validation epoch: 31 Tue May 23 04:15:16 2023
TEST MAE 0.2339 | std 0.0730 | RMSE 0.3690 | RMSEs 0.3523 | PCC 0.9221 | PCCs 0.8898 | R2 0.8471 | R2s 0.7773 | Var 0.8487 | Vars 0.7839 | Peak 0.1419
Epoch  32|time: 3.47s|train_loss 0.00109690|val_loss 0.00019457
Best validation epoch: 32 Tue May 23 04:15:21 2023
TEST MAE 0.2345 | std 0.0724 | RMSE 0.3663 | RMSEs 0.3499 | PCC 0.9224 | PCCs 0.8904 | R2 0.8493 | R2s 0.7798 | Var 0.8502 | Vars 0.7855 | Peak 0.1404
Epoch  33|time: 3.37s|train_loss 0.00109580|val_loss 0.00019396
Best validation epoch: 33 Tue May 23 04:15:25 2023
TEST MAE 0.2308 | std 0.0729 | RMSE 0.3669 | RMSEs 0.3501 | PCC 0.9235 | PCCs 0.8918 | R2 0.8488 | R2s 0.7802 | Var 0.8513 | Vars 0.7875 | Peak 0.1413
Epoch  34|time: 3.55s|train_loss 0.00108218|val_loss 0.00020473
Epoch  35|time: 3.48s|train_loss 0.00107942|val_loss 0.00019015
Best validation epoch: 35 Tue May 23 04:15:33 2023
TEST MAE 0.2308 | std 0.0707 | RMSE 0.3620 | RMSEs 0.3460 | PCC 0.9245 | PCCs 0.8927 | R2 0.8528 | R2s 0.7843 | Var 0.8537 | Vars 0.7899 | Peak 0.1384
Epoch  36|time: 3.37s|train_loss 0.00106338|val_loss 0.00018837
Best validation epoch: 36 Tue May 23 04:15:37 2023
TEST MAE 0.2319 | std 0.0706 | RMSE 0.3616 | RMSEs 0.3456 | PCC 0.9243 | PCCs 0.8925 | R2 0.8531 | R2s 0.7851 | Var 0.8542 | Vars 0.7901 | Peak 0.1383
Epoch  37|time: 3.38s|train_loss 0.00105806|val_loss 0.00019001
Epoch  38|time: 3.45s|train_loss 0.00107315|val_loss 0.00020433
Epoch  39|time: 3.37s|train_loss 0.00106758|val_loss 0.00019121
Epoch  40|time: 3.37s|train_loss 0.00109656|val_loss 0.00019937
Epoch  41|time: 3.38s|train_loss 0.00106677|val_loss 0.00019036
Epoch  42|time: 3.55s|train_loss 0.00105921|val_loss 0.00019565
Epoch  43|time: 3.38s|train_loss 0.00106287|val_loss 0.00018906
Epoch  44|time: 3.41s|train_loss 0.00106028|val_loss 0.00019681
Epoch  45|time: 3.50s|train_loss 0.00104788|val_loss 0.00018967
Epoch  46|time: 3.50s|train_loss 0.00105413|val_loss 0.00018647
Best validation epoch: 46 Tue May 23 04:16:12 2023
TEST MAE 0.2273 | std 0.0703 | RMSE 0.3581 | RMSEs 0.3419 | PCC 0.9272 | PCCs 0.8958 | R2 0.8560 | R2s 0.7900 | Var 0.8594 | Vars 0.7966 | Peak 0.1384
Epoch  47|time: 3.36s|train_loss 0.00105304|val_loss 0.00019573
Epoch  48|time: 3.64s|train_loss 0.00105015|val_loss 0.00019626
Epoch  49|time: 3.36s|train_loss 0.00105441|val_loss 0.00019421
Epoch  50|time: 3.37s|train_loss 0.00104922|val_loss 0.00021758
Epoch  51|time: 3.45s|train_loss 0.00106610|val_loss 0.00019426
Epoch  52|time: 3.44s|train_loss 0.00104699|val_loss 0.00021545
Epoch  53|time: 3.36s|train_loss 0.00109224|val_loss 0.00020228
Epoch  54|time: 3.37s|train_loss 0.00106858|val_loss 0.00018473
Best validation epoch: 54 Tue May 23 04:16:40 2023
TEST MAE 0.2299 | std 0.0679 | RMSE 0.3512 | RMSEs 0.3362 | PCC 0.9282 | PCCs 0.8977 | R2 0.8615 | R2s 0.7958 | Var 0.8615 | Vars 0.7994 | Peak 0.1340
Epoch  55|time: 3.39s|train_loss 0.00105273|val_loss 0.00018469
Best validation epoch: 55 Tue May 23 04:16:44 2023
TEST MAE 0.2248 | std 0.0672 | RMSE 0.3491 | RMSEs 0.3339 | PCC 0.9294 | PCCs 0.8996 | R2 0.8631 | R2s 0.7987 | Var 0.8632 | Vars 0.8029 | Peak 0.1326
Epoch  56|time: 3.61s|train_loss 0.00103814|val_loss 0.00018352
Best validation epoch: 56 Tue May 23 04:16:48 2023
TEST MAE 0.2222 | std 0.0676 | RMSE 0.3496 | RMSEs 0.3341 | PCC 0.9297 | PCCs 0.9000 | R2 0.8627 | R2s 0.7989 | Var 0.8635 | Vars 0.8034 | Peak 0.1336
Epoch  57|time: 3.37s|train_loss 0.00103266|val_loss 0.00018837
Epoch  58|time: 3.37s|train_loss 0.00104069|val_loss 0.00018916
Epoch  59|time: 3.50s|train_loss 0.00105208|val_loss 0.00018808
Epoch  60|time: 3.47s|train_loss 0.00105844|val_loss 0.00018895
Epoch  61|time: 3.37s|train_loss 0.00105696|val_loss 0.00019303
Epoch  62|time: 3.47s|train_loss 0.00104229|val_loss 0.00018482
Epoch  63|time: 3.47s|train_loss 0.00104986|val_loss 0.00018307
Best validation epoch: 63 Tue May 23 04:17:13 2023
TEST MAE 0.2289 | std 0.0663 | RMSE 0.3458 | RMSEs 0.3312 | PCC 0.9308 | PCCs 0.9027 | R2 0.8657 | R2s 0.8013 | Var 0.8663 | Vars 0.8085 | Peak 0.1307
Epoch  64|time: 3.46s|train_loss 0.00103026|val_loss 0.00018894
Epoch  65|time: 3.46s|train_loss 0.00103916|val_loss 0.00020685
Epoch  66|time: 3.37s|train_loss 0.00103351|val_loss 0.00019046
Epoch  67|time: 3.46s|train_loss 0.00107179|val_loss 0.00018028
Best validation epoch: 67 Tue May 23 04:17:28 2023
TEST MAE 0.2229 | std 0.0670 | RMSE 0.3467 | RMSEs 0.3313 | PCC 0.9308 | PCCs 0.9012 | R2 0.8650 | R2s 0.8024 | Var 0.8664 | Vars 0.8062 | Peak 0.1331
Epoch  68|time: 3.38s|train_loss 0.00103801|val_loss 0.00019124
Epoch  69|time: 3.36s|train_loss 0.00102700|val_loss 0.00018635
Epoch  70|time: 3.60s|train_loss 0.00104747|val_loss 0.00018328
Epoch  71|time: 3.38s|train_loss 0.00102238|val_loss 0.00018416
Epoch  72|time: 3.37s|train_loss 0.00102985|val_loss 0.00018061
Epoch  73|time: 3.59s|train_loss 0.00103185|val_loss 0.00018969
Epoch  74|time: 3.45s|train_loss 0.00103359|val_loss 0.00017959
Best validation epoch: 74 Tue May 23 04:17:53 2023
TEST MAE 0.2183 | std 0.0669 | RMSE 0.3455 | RMSEs 0.3297 | PCC 0.9321 | PCCs 0.9032 | R2 0.8659 | R2s 0.8047 | Var 0.8681 | Vars 0.8099 | Peak 0.1332
Epoch  75|time: 3.37s|train_loss 0.00102209|val_loss 0.00018936
Epoch  76|time: 3.45s|train_loss 0.00102543|val_loss 0.00018129
Epoch  77|time: 3.37s|train_loss 0.00102896|val_loss 0.00018394
Epoch  78|time: 3.40s|train_loss 0.00102058|val_loss 0.00017891
Best validation epoch: 78 Tue May 23 04:18:07 2023
TEST MAE 0.2196 | std 0.0653 | RMSE 0.3438 | RMSEs 0.3288 | PCC 0.9321 | PCCs 0.9024 | R2 0.8672 | R2s 0.8051 | Var 0.8684 | Vars 0.8088 | Peak 0.1318
Epoch  79|time: 3.38s|train_loss 0.00101535|val_loss 0.00018071
Epoch  80|time: 3.37s|train_loss 0.00103428|val_loss 0.00018677
Epoch  81|time: 3.52s|train_loss 0.00102303|val_loss 0.00018222
Epoch  82|time: 3.38s|train_loss 0.00103448|val_loss 0.00017881
Best validation epoch: 82 Tue May 23 04:18:22 2023
TEST MAE 0.2210 | std 0.0650 | RMSE 0.3398 | RMSEs 0.3252 | PCC 0.9329 | PCCs 0.9044 | R2 0.8703 | R2s 0.8090 | Var 0.8703 | Vars 0.8120 | Peak 0.1292
Epoch  83|time: 3.39s|train_loss 0.00102496|val_loss 0.00017854
Best validation epoch: 83 Tue May 23 04:18:26 2023
TEST MAE 0.2197 | std 0.0648 | RMSE 0.3394 | RMSEs 0.3248 | PCC 0.9331 | PCCs 0.9047 | R2 0.8706 | R2s 0.8096 | Var 0.8707 | Vars 0.8124 | Peak 0.1294
Epoch  84|time: 3.61s|train_loss 0.00101811|val_loss 0.00018220
Epoch  85|time: 3.39s|train_loss 0.00102603|val_loss 0.00019551
Epoch  86|time: 3.37s|train_loss 0.00101391|val_loss 0.00019645
Epoch  87|time: 3.49s|train_loss 0.00101548|val_loss 0.00018852
Epoch  88|time: 3.37s|train_loss 0.00102215|val_loss 0.00021738
Epoch  89|time: 3.46s|train_loss 0.00102049|val_loss 0.00018360
Epoch  90|time: 3.46s|train_loss 0.00102914|val_loss 0.00017685
Best validation epoch: 90 Tue May 23 04:18:51 2023
TEST MAE 0.2206 | std 0.0639 | RMSE 0.3395 | RMSEs 0.3249 | PCC 0.9330 | PCCs 0.9044 | R2 0.8705 | R2s 0.8093 | Var 0.8706 | Vars 0.8124 | Peak 0.1292
Epoch  91|time: 3.38s|train_loss 0.00103148|val_loss 0.00018328
Epoch  92|time: 3.48s|train_loss 0.00102510|val_loss 0.00018683
Epoch  93|time: 3.37s|train_loss 0.00101562|val_loss 0.00017711
Epoch  94|time: 3.37s|train_loss 0.00100618|val_loss 0.00018615
Epoch  95|time: 3.47s|train_loss 0.00100658|val_loss 0.00018382
Epoch  96|time: 3.46s|train_loss 0.00100870|val_loss 0.00018998
Epoch  97|time: 3.44s|train_loss 0.00100653|val_loss 0.00017928
Epoch  98|time: 3.52s|train_loss 0.00104493|val_loss 0.00019423
Epoch  99|time: 3.37s|train_loss 0.00100487|val_loss 0.00018714
Epoch 100|time: 3.37s|train_loss 0.00103085|val_loss 0.00018747
Epoch 101|time: 3.63s|train_loss 0.00101910|val_loss 0.00018819
Epoch 102|time: 3.48s|train_loss 0.00102473|val_loss 0.00019239
Epoch 103|time: 3.37s|train_loss 0.00101455|val_loss 0.00018198
Epoch 104|time: 3.54s|train_loss 0.00101125|val_loss 0.00018303
Epoch 105|time: 3.37s|train_loss 0.00100267|val_loss 0.00018084
Epoch 106|time: 3.48s|train_loss 0.00100646|val_loss 0.00018137
Epoch 107|time: 3.46s|train_loss 0.00100187|val_loss 0.00017883
Epoch 108|time: 3.36s|train_loss 0.00099794|val_loss 0.00017816
Epoch 109|time: 3.37s|train_loss 0.00099112|val_loss 0.00017995
Epoch 110|time: 3.48s|train_loss 0.00099622|val_loss 0.00018656
Epoch 111|time: 3.37s|train_loss 0.00100580|val_loss 0.00017835
Epoch 112|time: 3.45s|train_loss 0.00099617|val_loss 0.00017772
Epoch 113|time: 3.47s|train_loss 0.00098839|val_loss 0.00018025
Epoch 114|time: 3.46s|train_loss 0.00099499|val_loss 0.00018004
Epoch 115|time: 3.36s|train_loss 0.00099334|val_loss 0.00017818
Epoch 116|time: 3.36s|train_loss 0.00100601|val_loss 0.00018702
Epoch 117|time: 3.45s|train_loss 0.00099344|val_loss 0.00018656
Epoch 118|time: 3.37s|train_loss 0.00099754|val_loss 0.00019504
Epoch 119|time: 3.36s|train_loss 0.00099652|val_loss 0.00017613
Best validation epoch: 119 Tue May 23 04:20:31 2023
TEST MAE 0.2211 | std 0.0639 | RMSE 0.3368 | RMSEs 0.3220 | PCC 0.9346 | PCCs 0.9079 | R2 0.8726 | R2s 0.8129 | Var 0.8728 | Vars 0.8168 | Peak 0.1278
Epoch 120|time: 3.35s|train_loss 0.00100948|val_loss 0.00019015
Epoch 121|time: 3.67s|train_loss 0.00102294|val_loss 0.00019760
Epoch 122|time: 3.38s|train_loss 0.00098160|val_loss 0.00018284
Epoch 123|time: 3.38s|train_loss 0.00102073|val_loss 0.00018462
Epoch 124|time: 3.52s|train_loss 0.00099649|val_loss 0.00018080
Epoch 125|time: 3.46s|train_loss 0.00098407|val_loss 0.00020496
Epoch 126|time: 3.40s|train_loss 0.00100144|val_loss 0.00018175
Epoch 127|time: 3.47s|train_loss 0.00099072|val_loss 0.00018895
Epoch 128|time: 3.37s|train_loss 0.00100204|val_loss 0.00018722
Epoch 129|time: 3.37s|train_loss 0.00097838|val_loss 0.00017744
Epoch 130|time: 3.43s|train_loss 0.00100591|val_loss 0.00018557
Epoch 131|time: 3.58s|train_loss 0.00098862|val_loss 0.00017856
Epoch 132|time: 3.31s|train_loss 0.00096760|val_loss 0.00017760
Epoch 133|time: 3.41s|train_loss 0.00097001|val_loss 0.00017832
Epoch 134|time: 3.31s|train_loss 0.00100138|val_loss 0.00018634
Epoch 135|time: 3.41s|train_loss 0.00098378|val_loss 0.00018217
Epoch 136|time: 3.52s|train_loss 0.00097641|val_loss 0.00018648
Epoch 137|time: 3.30s|train_loss 0.00101705|val_loss 0.00017720
Epoch 138|time: 3.30s|train_loss 0.00099530|val_loss 0.00017820
Epoch 139|time: 3.38s|train_loss 0.00099822|val_loss 0.00019045
Epoch 140|time: 3.30s|train_loss 0.00097833|val_loss 0.00019385
Epoch 141|time: 3.30s|train_loss 0.00098898|val_loss 0.00018096
Epoch 142|time: 3.30s|train_loss 0.00096623|val_loss 0.00017773
Epoch 143|time: 3.29s|train_loss 0.00096518|val_loss 0.00017829
Epoch 144|time: 3.29s|train_loss 0.00101236|val_loss 0.00020823
Epoch 145|time: 3.60s|train_loss 0.00099406|val_loss 0.00017949
Epoch 146|time: 3.30s|train_loss 0.00097724|val_loss 0.00018145
Epoch 147|time: 3.31s|train_loss 0.00100912|val_loss 0.00020504
Epoch 148|time: 3.44s|train_loss 0.00101475|val_loss 0.00017997
Epoch 149|time: 3.46s|train_loss 0.00101250|val_loss 0.00020988
Epoch 150|time: 3.29s|train_loss 0.00097579|val_loss 0.00017649
Epoch 151|time: 3.39s|train_loss 0.00095915|val_loss 0.00018445
Epoch 152|time: 3.30s|train_loss 0.00098098|val_loss 0.00019501
Epoch 153|time: 3.40s|train_loss 0.00096195|val_loss 0.00018027
Epoch 154|time: 3.49s|train_loss 0.00097410|val_loss 0.00017940
Epoch 155|time: 3.28s|train_loss 0.00095551|val_loss 0.00018506
Epoch 156|time: 3.28s|train_loss 0.00095624|val_loss 0.00017548
Best validation epoch: 156 Tue May 23 04:22:37 2023
TEST MAE 0.2185 | std 0.0637 | RMSE 0.3349 | RMSEs 0.3202 | PCC 0.9349 | PCCs 0.9077 | R2 0.8740 | R2s 0.8153 | Var 0.8740 | Vars 0.8179 | Peak 0.1275
Epoch 157|time: 3.36s|train_loss 0.00096149|val_loss 0.00017743
Epoch 158|time: 3.37s|train_loss 0.00099190|val_loss 0.00020393
Epoch 159|time: 3.42s|train_loss 0.00096473|val_loss 0.00018534
Epoch 160|time: 3.31s|train_loss 0.00100244|val_loss 0.00017745
Epoch 161|time: 3.29s|train_loss 0.00098229|val_loss 0.00017750
Epoch 162|time: 3.38s|train_loss 0.00096906|val_loss 0.00017721
Epoch 163|time: 3.45s|train_loss 0.00097505|val_loss 0.00018792
Epoch 164|time: 3.29s|train_loss 0.00096566|val_loss 0.00017833
Epoch 165|time: 3.36s|train_loss 0.00095903|val_loss 0.00017832
Epoch 166|time: 3.29s|train_loss 0.00096729|val_loss 0.00018351
Epoch 167|time: 3.47s|train_loss 0.00095722|val_loss 0.00017852
Epoch 168|time: 3.36s|train_loss 0.00096096|val_loss 0.00017808
Epoch 169|time: 3.30s|train_loss 0.00094722|val_loss 0.00018409
Epoch 170|time: 3.30s|train_loss 0.00095434|val_loss 0.00017778
Epoch 171|time: 3.36s|train_loss 0.00095615|val_loss 0.00017644
Epoch 172|time: 3.29s|train_loss 0.00094694|val_loss 0.00017844
Epoch 173|time: 3.39s|train_loss 0.00094826|val_loss 0.00018332
Epoch 174|time: 3.40s|train_loss 0.00095620|val_loss 0.00019174
Epoch 175|time: 3.30s|train_loss 0.00095400|val_loss 0.00017558
Epoch 176|time: 3.28s|train_loss 0.00094764|val_loss 0.00017673
Epoch 177|time: 3.36s|train_loss 0.00098532|val_loss 0.00017758
Epoch 178|time: 3.38s|train_loss 0.00094749|val_loss 0.00018102
Epoch 179|time: 3.29s|train_loss 0.00095282|val_loss 0.00018932
Epoch 180|time: 3.40s|train_loss 0.00095841|val_loss 0.00018305
Epoch 181|time: 3.29s|train_loss 0.00096755|val_loss 0.00017625
Epoch 182|time: 3.36s|train_loss 0.00093895|val_loss 0.00017669
Epoch 183|time: 3.39s|train_loss 0.00095484|val_loss 0.00017653
Epoch 184|time: 3.28s|train_loss 0.00094278|val_loss 0.00018418
Epoch 185|time: 3.37s|train_loss 0.00094839|val_loss 0.00017981
Epoch 186|time: 3.40s|train_loss 0.00096353|val_loss 0.00019026
Epoch 187|time: 3.40s|train_loss 0.00094868|val_loss 0.00020475
Epoch 188|time: 3.29s|train_loss 0.00095557|val_loss 0.00017863
Epoch 189|time: 3.42s|train_loss 0.00095457|val_loss 0.00017600
Epoch 190|time: 3.28s|train_loss 0.00095831|val_loss 0.00017596
Epoch 191|time: 3.30s|train_loss 0.00098316|val_loss 0.00018618
Epoch 192|time: 3.44s|train_loss 0.00096491|val_loss 0.00019208
Epoch 193|time: 3.31s|train_loss 0.00095975|val_loss 0.00017920
Epoch 194|time: 3.29s|train_loss 0.00094610|val_loss 0.00017975
Epoch 195|time: 3.44s|train_loss 0.00094499|val_loss 0.00017589
Epoch 196|time: 3.40s|train_loss 0.00094111|val_loss 0.00017774
Epoch 197|time: 3.30s|train_loss 0.00094341|val_loss 0.00017853
Epoch 198|time: 3.37s|train_loss 0.00094892|val_loss 0.00017761
Epoch 199|time: 3.30s|train_loss 0.00094042|val_loss 0.00017806
Epoch 200|time: 3.37s|train_loss 0.00098324|val_loss 0.00017701
Epoch 201|time: 3.43s|train_loss 0.00096976|val_loss 0.00017680
Epoch 202|time: 3.29s|train_loss 0.00093456|val_loss 0.00019711
Epoch 203|time: 3.35s|train_loss 0.00095231|val_loss 0.00018156
Epoch 204|time: 3.29s|train_loss 0.00093278|val_loss 0.00018621
Epoch 205|time: 3.32s|train_loss 0.00095659|val_loss 0.00018928
Epoch 206|time: 3.38s|train_loss 0.00093607|val_loss 0.00017634
Epoch 207|time: 3.36s|train_loss 0.00092579|val_loss 0.00017492
Best validation epoch: 207 Tue May 23 04:25:28 2023
TEST MAE 0.2157 | std 0.0637 | RMSE 0.3317 | RMSEs 0.3171 | PCC 0.9362 | PCCs 0.9103 | R2 0.8764 | R2s 0.8188 | Var 0.8764 | Vars 0.8220 | Peak 0.1252
Epoch 208|time: 3.28s|train_loss 0.00098684|val_loss 0.00017752
Epoch 209|time: 3.41s|train_loss 0.00094128|val_loss 0.00017635
Epoch 210|time: 3.36s|train_loss 0.00094473|val_loss 0.00020508
Epoch 211|time: 3.30s|train_loss 0.00094613|val_loss 0.00018887
Epoch 212|time: 3.29s|train_loss 0.00097037|val_loss 0.00018021
Epoch 213|time: 3.45s|train_loss 0.00092878|val_loss 0.00017749
Epoch 214|time: 3.37s|train_loss 0.00095045|val_loss 0.00017727
Epoch 215|time: 3.29s|train_loss 0.00093316|val_loss 0.00018185
Epoch 216|time: 3.38s|train_loss 0.00095562|val_loss 0.00017783
Epoch 217|time: 3.30s|train_loss 0.00095455|val_loss 0.00018257
Epoch 218|time: 3.29s|train_loss 0.00092224|val_loss 0.00018286
Epoch 219|time: 3.37s|train_loss 0.00092909|val_loss 0.00017524
Epoch 220|time: 3.29s|train_loss 0.00092301|val_loss 0.00017517
Epoch 221|time: 3.32s|train_loss 0.00093898|val_loss 0.00017879
Epoch 222|time: 3.45s|train_loss 0.00092374|val_loss 0.00017848
Epoch 223|time: 3.30s|train_loss 0.00093146|val_loss 0.00019919
Epoch 224|time: 3.39s|train_loss 0.00092592|val_loss 0.00018283
Epoch 225|time: 3.43s|train_loss 0.00093155|val_loss 0.00018238
Epoch 226|time: 3.29s|train_loss 0.00097214|val_loss 0.00017737
Epoch 227|time: 3.28s|train_loss 0.00093572|val_loss 0.00017705
Epoch 228|time: 3.48s|train_loss 0.00091621|val_loss 0.00017572
Epoch 229|time: 3.29s|train_loss 0.00093229|val_loss 0.00018348
Epoch 230|time: 3.29s|train_loss 0.00091863|val_loss 0.00017822
Epoch 231|time: 3.36s|train_loss 0.00095568|val_loss 0.00018250
Epoch 232|time: 3.30s|train_loss 0.00092366|val_loss 0.00017671
Epoch 233|time: 3.38s|train_loss 0.00091350|val_loss 0.00018471
Epoch 234|time: 3.31s|train_loss 0.00093211|val_loss 0.00017728
Epoch 235|time: 3.29s|train_loss 0.00096005|val_loss 0.00017673
Epoch 236|time: 3.29s|train_loss 0.00095579|val_loss 0.00017779
Epoch 237|time: 3.37s|train_loss 0.00092036|val_loss 0.00018765
Epoch 238|time: 3.38s|train_loss 0.00091369|val_loss 0.00018483
Epoch 239|time: 3.29s|train_loss 0.00092900|val_loss 0.00017923
Epoch 240|time: 3.33s|train_loss 0.00091953|val_loss 0.00018086
Epoch 241|time: 3.31s|train_loss 0.00094697|val_loss 0.00017682
Epoch 242|time: 3.38s|train_loss 0.00091386|val_loss 0.00017402
Best validation epoch: 242 Tue May 23 04:27:26 2023
TEST MAE 0.2177 | std 0.0640 | RMSE 0.3317 | RMSEs 0.3172 | PCC 0.9369 | PCCs 0.9115 | R2 0.8764 | R2s 0.8186 | Var 0.8770 | Vars 0.8230 | Peak 0.1236
Epoch 243|time: 3.38s|train_loss 0.00091489|val_loss 0.00018721
Epoch 244|time: 3.30s|train_loss 0.00091574|val_loss 0.00019402
Epoch 245|time: 3.30s|train_loss 0.00093070|val_loss 0.00018004
Epoch 246|time: 3.44s|train_loss 0.00091752|val_loss 0.00017542
Epoch 247|time: 3.28s|train_loss 0.00091312|val_loss 0.00017946
Epoch 248|time: 3.29s|train_loss 0.00092352|val_loss 0.00017929
Epoch 249|time: 3.29s|train_loss 0.00093263|val_loss 0.00018358
Epoch 250|time: 3.30s|train_loss 0.00090884|val_loss 0.00017772
Epoch 251|time: 3.42s|train_loss 0.00091198|val_loss 0.00017996
Epoch 252|time: 3.31s|train_loss 0.00090851|val_loss 0.00017711
Epoch 253|time: 3.30s|train_loss 0.00091196|val_loss 0.00017965
Epoch 254|time: 3.28s|train_loss 0.00090710|val_loss 0.00017561
Epoch 255|time: 3.30s|train_loss 0.00090200|val_loss 0.00018219
Epoch 256|time: 3.36s|train_loss 0.00090315|val_loss 0.00018153
Epoch 257|time: 3.41s|train_loss 0.00089004|val_loss 0.00017958
Epoch 258|time: 3.47s|train_loss 0.00091953|val_loss 0.00017610
Epoch 259|time: 3.30s|train_loss 0.00090658|val_loss 0.00017831
Epoch 260|time: 3.37s|train_loss 0.00090183|val_loss 0.00019173
Epoch 261|time: 3.38s|train_loss 0.00090501|val_loss 0.00020399
Epoch 262|time: 3.29s|train_loss 0.00092137|val_loss 0.00018771
Epoch 263|time: 3.30s|train_loss 0.00091524|val_loss 0.00018323
Epoch 264|time: 3.41s|train_loss 0.00090176|val_loss 0.00019130
Epoch 265|time: 3.47s|train_loss 0.00090162|val_loss 0.00017511
Epoch 266|time: 3.37s|train_loss 0.00089732|val_loss 0.00018222
Epoch 267|time: 3.51s|train_loss 0.00090868|val_loss 0.00017804
Epoch 268|time: 3.36s|train_loss 0.00089579|val_loss 0.00017389
Best validation epoch: 268 Tue May 23 04:28:54 2023
TEST MAE 0.2147 | std 0.0643 | RMSE 0.3313 | RMSEs 0.3164 | PCC 0.9369 | PCCs 0.9125 | R2 0.8767 | R2s 0.8199 | Var 0.8769 | Vars 0.8232 | Peak 0.1237
Epoch 269|time: 3.48s|train_loss 0.00089879|val_loss 0.00017892
Epoch 270|time: 3.49s|train_loss 0.00090001|val_loss 0.00018663
Epoch 271|time: 3.37s|train_loss 0.00089125|val_loss 0.00019435
Epoch 272|time: 3.43s|train_loss 0.00088852|val_loss 0.00018423
Epoch 273|time: 3.38s|train_loss 0.00089549|val_loss 0.00018063
Epoch 274|time: 3.54s|train_loss 0.00088849|val_loss 0.00018125
Epoch 275|time: 3.47s|train_loss 0.00088063|val_loss 0.00020145
Epoch 276|time: 3.36s|train_loss 0.00088712|val_loss 0.00017463
Epoch 277|time: 3.38s|train_loss 0.00087488|val_loss 0.00017419
Epoch 278|time: 3.55s|train_loss 0.00088676|val_loss 0.00017886
Epoch 279|time: 3.36s|train_loss 0.00088039|val_loss 0.00017682
Epoch 280|time: 3.36s|train_loss 0.00087032|val_loss 0.00017803
Epoch 281|time: 3.47s|train_loss 0.00088800|val_loss 0.00018493
Epoch 282|time: 3.38s|train_loss 0.00089375|val_loss 0.00018192
Epoch 283|time: 3.36s|train_loss 0.00087448|val_loss 0.00017466
Epoch 284|time: 3.54s|train_loss 0.00088005|val_loss 0.00017733
Epoch 285|time: 3.37s|train_loss 0.00089943|val_loss 0.00018316
Epoch 286|time: 3.37s|train_loss 0.00086388|val_loss 0.00018018
Epoch 287|time: 3.57s|train_loss 0.00089579|val_loss 0.00017481
Epoch 288|time: 3.45s|train_loss 0.00087345|val_loss 0.00017937
Epoch 289|time: 3.36s|train_loss 0.00088004|val_loss 0.00018367
Epoch 290|time: 3.38s|train_loss 0.00088886|val_loss 0.00018027
Epoch 291|time: 3.38s|train_loss 0.00087013|val_loss 0.00017825
Epoch 292|time: 3.61s|train_loss 0.00086449|val_loss 0.00018313
Epoch 293|time: 3.47s|train_loss 0.00085790|val_loss 0.00018018
Epoch 294|time: 3.38s|train_loss 0.00086592|val_loss 0.00018316
Epoch 295|time: 3.36s|train_loss 0.00086171|val_loss 0.00017404
Epoch 296|time: 3.45s|train_loss 0.00087511|val_loss 0.00017996
Epoch 297|time: 3.44s|train_loss 0.00085747|val_loss 0.00018080
Epoch 298|time: 3.36s|train_loss 0.00085468|val_loss 0.00018188
Epoch 299|time: 3.41s|train_loss 0.00086005|val_loss 0.00018592
Epoch 300|time: 3.37s|train_loss 0.00084800|val_loss 0.00018162
Epoch 301|time: 3.37s|train_loss 0.00085042|val_loss 0.00018037
Epoch 302|time: 3.54s|train_loss 0.00084564|val_loss 0.00018294
Epoch 303|time: 3.38s|train_loss 0.00086873|val_loss 0.00017697
Epoch 304|time: 3.38s|train_loss 0.00084477|val_loss 0.00017713
Epoch 305|time: 3.46s|train_loss 0.00085428|val_loss 0.00017678
Epoch 306|time: 3.48s|train_loss 0.00084162|val_loss 0.00018829
Epoch 307|time: 3.51s|train_loss 0.00085571|val_loss 0.00019625
Epoch 308|time: 3.36s|train_loss 0.00084073|val_loss 0.00018382
Epoch 309|time: 3.45s|train_loss 0.00085207|val_loss 0.00018646
Epoch 310|time: 3.37s|train_loss 0.00084260|val_loss 0.00017354
Best validation epoch: 310 Tue May 23 04:31:19 2023
TEST MAE 0.2208 | std 0.0631 | RMSE 0.3344 | RMSEs 0.3204 | PCC 0.9362 | PCCs 0.9118 | R2 0.8744 | R2s 0.8140 | Var 0.8763 | Vars 0.8233 | Peak 0.1224
Epoch 311|time: 3.36s|train_loss 0.00082779|val_loss 0.00017734
Epoch 312|time: 3.35s|train_loss 0.00083972|val_loss 0.00018387
Epoch 313|time: 3.48s|train_loss 0.00081977|val_loss 0.00018042
Epoch 314|time: 3.36s|train_loss 0.00083374|val_loss 0.00017592
Epoch 315|time: 3.36s|train_loss 0.00086470|val_loss 0.00017636
Epoch 316|time: 3.45s|train_loss 0.00081773|val_loss 0.00017640
Epoch 317|time: 3.38s|train_loss 0.00083801|val_loss 0.00017724
Epoch 318|time: 3.35s|train_loss 0.00082279|val_loss 0.00018832
Epoch 319|time: 3.46s|train_loss 0.00083757|val_loss 0.00018208
Epoch 320|time: 3.45s|train_loss 0.00082741|val_loss 0.00017839
Epoch 321|time: 3.36s|train_loss 0.00083577|val_loss 0.00018091
Epoch 322|time: 3.59s|train_loss 0.00086928|val_loss 0.00017510
Epoch 323|time: 3.36s|train_loss 0.00086989|val_loss 0.00017973
Epoch 324|time: 3.36s|train_loss 0.00083380|val_loss 0.00017617
Epoch 325|time: 3.54s|train_loss 0.00082564|val_loss 0.00021018
Epoch 326|time: 3.35s|train_loss 0.00083311|val_loss 0.00017867
Epoch 327|time: 3.57s|train_loss 0.00084961|val_loss 0.00017816
Epoch 328|time: 3.49s|train_loss 0.00080774|val_loss 0.00018165
Epoch 329|time: 3.37s|train_loss 0.00085962|val_loss 0.00017592
Epoch 330|time: 3.36s|train_loss 0.00083415|val_loss 0.00018451
Epoch 331|time: 3.54s|train_loss 0.00083092|val_loss 0.00017631
Epoch 332|time: 3.37s|train_loss 0.00082254|val_loss 0.00017812
Epoch 333|time: 3.37s|train_loss 0.00081044|val_loss 0.00017984
Epoch 334|time: 3.36s|train_loss 0.00085734|val_loss 0.00017864
Epoch 335|time: 3.45s|train_loss 0.00080567|val_loss 0.00017882
Epoch 336|time: 3.41s|train_loss 0.00081141|val_loss 0.00018007
Epoch 337|time: 3.37s|train_loss 0.00080465|val_loss 0.00017441
Epoch 338|time: 3.37s|train_loss 0.00079324|val_loss 0.00017528
Epoch 339|time: 3.55s|train_loss 0.00084508|val_loss 0.00017390
Epoch 340|time: 3.41s|train_loss 0.00079876|val_loss 0.00017628
Epoch 341|time: 3.36s|train_loss 0.00080832|val_loss 0.00018228
Epoch 342|time: 3.55s|train_loss 0.00081239|val_loss 0.00017895
Epoch 343|time: 3.37s|train_loss 0.00081332|val_loss 0.00019495
Epoch 344|time: 3.48s|train_loss 0.00080616|val_loss 0.00017774
Epoch 345|time: 3.47s|train_loss 0.00081731|val_loss 0.00017786
Epoch 346|time: 3.38s|train_loss 0.00079055|val_loss 0.00017696
Epoch 347|time: 3.36s|train_loss 0.00078299|val_loss 0.00017479
Epoch 348|time: 3.47s|train_loss 0.00082833|val_loss 0.00018541
Epoch 349|time: 3.47s|train_loss 0.00085228|val_loss 0.00018777
Epoch 350|time: 3.36s|train_loss 0.00081562|val_loss 0.00018791
Epoch 351|time: 3.43s|train_loss 0.00081341|val_loss 0.00017815
Epoch 352|time: 3.37s|train_loss 0.00080047|val_loss 0.00018919
Epoch 353|time: 3.45s|train_loss 0.00082258|val_loss 0.00017667
Epoch 354|time: 3.50s|train_loss 0.00081835|val_loss 0.00017783
Epoch 355|time: 3.37s|train_loss 0.00079532|val_loss 0.00017947
Epoch 356|time: 3.36s|train_loss 0.00079376|val_loss 0.00018294
Epoch 357|time: 3.41s|train_loss 0.00080319|val_loss 0.00018034
Epoch 358|time: 3.45s|train_loss 0.00080502|val_loss 0.00017717
Epoch 359|time: 3.36s|train_loss 0.00078820|val_loss 0.00019732
Epoch 360|time: 3.51s|train_loss 0.00082304|val_loss 0.00017612
Epoch 361|time: 3.39s|train_loss 0.00079415|val_loss 0.00017461
Epoch 362|time: 3.47s|train_loss 0.00079656|val_loss 0.00017307
Best validation epoch: 362 Tue May 23 04:34:17 2023
TEST MAE 0.2116 | std 0.0635 | RMSE 0.3297 | RMSEs 0.3145 | PCC 0.9372 | PCCs 0.9129 | R2 0.8779 | R2s 0.8226 | Var 0.8781 | Vars 0.8247 | Peak 0.1237
Epoch 363|time: 3.55s|train_loss 0.00078615|val_loss 0.00018460
Epoch 364|time: 3.36s|train_loss 0.00078442|val_loss 0.00017551
Epoch 365|time: 3.37s|train_loss 0.00080187|val_loss 0.00017186
Best validation epoch: 365 Tue May 23 04:34:28 2023
TEST MAE 0.2133 | std 0.0620 | RMSE 0.3306 | RMSEs 0.3159 | PCC 0.9366 | PCCs 0.9123 | R2 0.8772 | R2s 0.8203 | Var 0.8772 | Vars 0.8239 | Peak 0.1223
Epoch 366|time: 3.45s|train_loss 0.00079039|val_loss 0.00017834
Epoch 367|time: 3.36s|train_loss 0.00080632|val_loss 0.00018491
Epoch 368|time: 3.37s|train_loss 0.00081569|val_loss 0.00017552
Epoch 369|time: 3.36s|train_loss 0.00080918|val_loss 0.00017201
Epoch 370|time: 3.35s|train_loss 0.00081778|val_loss 0.00017872
Epoch 371|time: 3.55s|train_loss 0.00080998|val_loss 0.00017527
Epoch 372|time: 3.38s|train_loss 0.00079464|val_loss 0.00018374
Epoch 373|time: 3.36s|train_loss 0.00083746|val_loss 0.00018365
Epoch 374|time: 3.44s|train_loss 0.00078977|val_loss 0.00018402
Epoch 375|time: 3.37s|train_loss 0.00079634|val_loss 0.00018218
Epoch 376|time: 3.48s|train_loss 0.00078088|val_loss 0.00017414
Epoch 377|time: 3.49s|train_loss 0.00080216|val_loss 0.00017627
Epoch 378|time: 3.36s|train_loss 0.00080343|val_loss 0.00017721
Epoch 379|time: 3.35s|train_loss 0.00080807|val_loss 0.00017473
Epoch 380|time: 3.39s|train_loss 0.00076604|val_loss 0.00017534
Epoch 381|time: 3.47s|train_loss 0.00081710|val_loss 0.00017984
Epoch 382|time: 3.37s|train_loss 0.00076784|val_loss 0.00018258
Epoch 383|time: 3.45s|train_loss 0.00077080|val_loss 0.00017917
Epoch 384|time: 3.37s|train_loss 0.00077136|val_loss 0.00017737
Epoch 385|time: 3.48s|train_loss 0.00080342|val_loss 0.00017085
Best validation epoch: 385 Tue May 23 04:35:37 2023
TEST MAE 0.2150 | std 0.0628 | RMSE 0.3323 | RMSEs 0.3179 | PCC 0.9361 | PCCs 0.9120 | R2 0.8760 | R2s 0.8178 | Var 0.8762 | Vars 0.8230 | Peak 0.1227
Epoch 386|time: 3.37s|train_loss 0.00080606|val_loss 0.00017494
Epoch 387|time: 3.36s|train_loss 0.00078613|val_loss 0.00018428
Epoch 388|time: 3.37s|train_loss 0.00079352|val_loss 0.00017403
Epoch 389|time: 3.45s|train_loss 0.00077131|val_loss 0.00017257
Epoch 390|time: 3.36s|train_loss 0.00076503|val_loss 0.00017799
Epoch 391|time: 3.42s|train_loss 0.00078501|val_loss 0.00018476
Epoch 392|time: 3.40s|train_loss 0.00078422|val_loss 0.00017756
Epoch 393|time: 3.26s|train_loss 0.00077489|val_loss 0.00017173
Epoch 394|time: 2.21s|train_loss 0.00076083|val_loss 0.00017879
Epoch 395|time: 2.64s|train_loss 0.00076385|val_loss 0.00017661
Epoch 396|time: 3.43s|train_loss 0.00076236|val_loss 0.00019173
Epoch 397|time: 3.57s|train_loss 0.00075857|val_loss 0.00018529
Epoch 398|time: 3.54s|train_loss 0.00077712|val_loss 0.00019657
Epoch 399|time: 3.41s|train_loss 0.00076146|val_loss 0.00017691
Epoch 400|time: 3.39s|train_loss 0.00076237|val_loss 0.00019575
Epoch 401|time: 3.50s|train_loss 0.00075953|val_loss 0.00017674
Epoch 402|time: 3.39s|train_loss 0.00076173|val_loss 0.00018088
Epoch 403|time: 3.54s|train_loss 0.00075756|val_loss 0.00017359
Epoch 404|time: 3.42s|train_loss 0.00079935|val_loss 0.00017844
Epoch 405|time: 3.39s|train_loss 0.00075263|val_loss 0.00017811
Epoch 406|time: 3.39s|train_loss 0.00076261|val_loss 0.00017946
Epoch 407|time: 3.46s|train_loss 0.00075321|val_loss 0.00017428
Epoch 408|time: 3.38s|train_loss 0.00075650|val_loss 0.00017500
Epoch 409|time: 3.59s|train_loss 0.00076595|val_loss 0.00017382
Epoch 410|time: 3.42s|train_loss 0.00077340|val_loss 0.00019639
Epoch 411|time: 3.40s|train_loss 0.00079208|val_loss 0.00017451
Epoch 412|time: 3.46s|train_loss 0.00075973|val_loss 0.00018115
Epoch 413|time: 3.48s|train_loss 0.00077010|val_loss 0.00017853
Epoch 414|time: 3.38s|train_loss 0.00077616|val_loss 0.00021238
Epoch 415|time: 3.47s|train_loss 0.00078329|val_loss 0.00017431
Epoch 416|time: 3.40s|train_loss 0.00075675|val_loss 0.00017997
Epoch 417|time: 3.48s|train_loss 0.00075566|val_loss 0.00017156
Epoch 418|time: 3.63s|train_loss 0.00075713|val_loss 0.00017780
Epoch 419|time: 3.38s|train_loss 0.00075919|val_loss 0.00017531
Epoch 420|time: 3.38s|train_loss 0.00078471|val_loss 0.00018194
Epoch 421|time: 3.78s|train_loss 0.00082144|val_loss 0.00017172
Epoch 422|time: 3.40s|train_loss 0.00076414|val_loss 0.00017914
Epoch 423|time: 3.47s|train_loss 0.00076723|val_loss 0.00017403
Epoch 424|time: 3.64s|train_loss 0.00078431|val_loss 0.00017519
Epoch 425|time: 3.41s|train_loss 0.00074691|val_loss 0.00017206
Epoch 426|time: 3.38s|train_loss 0.00075592|val_loss 0.00017472
Epoch 427|time: 3.63s|train_loss 0.00076625|val_loss 0.00018195
Epoch 428|time: 3.39s|train_loss 0.00074873|val_loss 0.00017417
Epoch 429|time: 3.38s|train_loss 0.00076951|val_loss 0.00017032
Best validation epoch: 429 Tue May 23 04:38:08 2023
TEST MAE 0.2175 | std 0.0630 | RMSE 0.3311 | RMSEs 0.3170 | PCC 0.9377 | PCCs 0.9147 | R2 0.8768 | R2s 0.8179 | Var 0.8789 | Vars 0.8272 | Peak 0.1208
Epoch 430|time: 3.38s|train_loss 0.00079067|val_loss 0.00018697
Epoch 431|time: 3.45s|train_loss 0.00075490|val_loss 0.00018621
Epoch 432|time: 3.61s|train_loss 0.00077930|val_loss 0.00017629
Epoch 433|time: 3.39s|train_loss 0.00074463|val_loss 0.00017003
Best validation epoch: 433 Tue May 23 04:38:23 2023
TEST MAE 0.2117 | std 0.0626 | RMSE 0.3279 | RMSEs 0.3131 | PCC 0.9382 | PCCs 0.9155 | R2 0.8792 | R2s 0.8233 | Var 0.8797 | Vars 0.8281 | Peak 0.1209
Epoch 434|time: 3.40s|train_loss 0.00073592|val_loss 0.00017618
Epoch 435|time: 3.58s|train_loss 0.00075093|val_loss 0.00017747
Epoch 436|time: 3.39s|train_loss 0.00077434|val_loss 0.00017725
Epoch 437|time: 3.38s|train_loss 0.00074060|val_loss 0.00018177
Epoch 438|time: 3.45s|train_loss 0.00073432|val_loss 0.00017270
Epoch 439|time: 3.38s|train_loss 0.00074575|val_loss 0.00017539
Epoch 440|time: 3.49s|train_loss 0.00076741|val_loss 0.00017855
Epoch 441|time: 3.47s|train_loss 0.00079870|val_loss 0.00017134
Epoch 442|time: 3.39s|train_loss 0.00078805|val_loss 0.00017787
Epoch 443|time: 3.39s|train_loss 0.00075484|val_loss 0.00016906
Best validation epoch: 443 Tue May 23 04:38:58 2023
TEST MAE 0.2139 | std 0.0621 | RMSE 0.3302 | RMSEs 0.3156 | PCC 0.9379 | PCCs 0.9153 | R2 0.8775 | R2s 0.8198 | Var 0.8782 | Vars 0.8251 | Peak 0.1210
Epoch 444|time: 3.56s|train_loss 0.00074897|val_loss 0.00017700
Epoch 445|time: 3.41s|train_loss 0.00074607|val_loss 0.00018578
Epoch 446|time: 3.50s|train_loss 0.00075462|val_loss 0.00017681
Epoch 447|time: 3.38s|train_loss 0.00073628|val_loss 0.00017642
Epoch 448|time: 3.50s|train_loss 0.00072439|val_loss 0.00018260
Epoch 449|time: 3.60s|train_loss 0.00072749|val_loss 0.00017211
Epoch 450|time: 3.38s|train_loss 0.00072864|val_loss 0.00017013
Epoch 451|time: 3.37s|train_loss 0.00073338|val_loss 0.00017895
Epoch 452|time: 3.57s|train_loss 0.00079201|val_loss 0.00017540
Epoch 453|time: 3.38s|train_loss 0.00074179|val_loss 0.00016908
Epoch 454|time: 3.44s|train_loss 0.00079004|val_loss 0.00019448
Epoch 455|time: 3.56s|train_loss 0.00075127|val_loss 0.00017892
Epoch 456|time: 3.68s|train_loss 0.00076749|val_loss 0.00017316
Epoch 457|time: 3.38s|train_loss 0.00083245|val_loss 0.00017825
Epoch 458|time: 3.47s|train_loss 0.00077665|val_loss 0.00018442
Epoch 459|time: 3.49s|train_loss 0.00075455|val_loss 0.00018119
Epoch 460|time: 3.38s|train_loss 0.00073278|val_loss 0.00017589
Epoch 461|time: 3.41s|train_loss 0.00073683|val_loss 0.00017059
Epoch 462|time: 3.46s|train_loss 0.00073525|val_loss 0.00017238
Epoch 463|time: 3.46s|train_loss 0.00073623|val_loss 0.00017873
Epoch 464|time: 3.46s|train_loss 0.00072384|val_loss 0.00017278
Epoch 465|time: 3.40s|train_loss 0.00073351|val_loss 0.00017534
Epoch 466|time: 3.52s|train_loss 0.00086707|val_loss 0.00017960
Epoch 467|time: 3.55s|train_loss 0.00078818|val_loss 0.00016924
Epoch 468|time: 3.47s|train_loss 0.00078408|val_loss 0.00018410
Epoch 469|time: 3.49s|train_loss 0.00076657|val_loss 0.00018230
Epoch 470|time: 3.39s|train_loss 0.00077263|val_loss 0.00017944
Epoch 471|time: 3.37s|train_loss 0.00073685|val_loss 0.00018626
Epoch 472|time: 3.53s|train_loss 0.00073933|val_loss 0.00018149
Epoch 473|time: 3.48s|train_loss 0.00074959|val_loss 0.00018118
Epoch 474|time: 3.39s|train_loss 0.00073188|val_loss 0.00017817
Epoch 475|time: 3.50s|train_loss 0.00072830|val_loss 0.00019053
Epoch 476|time: 3.39s|train_loss 0.00076050|val_loss 0.00019557
Epoch 477|time: 3.47s|train_loss 0.00071782|val_loss 0.00016884
Best validation epoch: 477 Tue May 23 04:40:56 2023
TEST MAE 0.2135 | std 0.0625 | RMSE 0.3284 | RMSEs 0.3136 | PCC 0.9391 | PCCs 0.9161 | R2 0.8788 | R2s 0.8226 | Var 0.8797 | Vars 0.8271 | Peak 0.1201
Epoch 478|time: 3.59s|train_loss 0.00071768|val_loss 0.00018934
Epoch 479|time: 3.37s|train_loss 0.00071585|val_loss 0.00017744
Epoch 480|time: 3.38s|train_loss 0.00072808|val_loss 0.00017644
Epoch 481|time: 3.61s|train_loss 0.00071990|val_loss 0.00017970
Epoch 482|time: 3.39s|train_loss 0.00071248|val_loss 0.00017607
Epoch 483|time: 3.44s|train_loss 0.00073549|val_loss 0.00017160
Epoch 484|time: 3.59s|train_loss 0.00071869|val_loss 0.00017625
Epoch 485|time: 3.38s|train_loss 0.00072080|val_loss 0.00017095
Epoch 486|time: 3.50s|train_loss 0.00071691|val_loss 0.00017931
Epoch 487|time: 3.56s|train_loss 0.00073281|val_loss 0.00018057
Epoch 488|time: 3.38s|train_loss 0.00074323|val_loss 0.00017601
Epoch 489|time: 3.42s|train_loss 0.00073719|val_loss 0.00017069
Epoch 490|time: 3.52s|train_loss 0.00072618|val_loss 0.00017510
Epoch 491|time: 3.46s|train_loss 0.00070419|val_loss 0.00018236
Epoch 492|time: 3.49s|train_loss 0.00071600|val_loss 0.00017336
Epoch 493|time: 3.40s|train_loss 0.00071547|val_loss 0.00017521
Epoch 494|time: 3.39s|train_loss 0.00070706|val_loss 0.00017503
Epoch 495|time: 3.68s|train_loss 0.00071272|val_loss 0.00017091
Epoch 496|time: 3.38s|train_loss 0.00072774|val_loss 0.00017415
Epoch 497|time: 3.39s|train_loss 0.00072641|val_loss 0.00017841
Epoch 498|time: 3.53s|train_loss 0.00070962|val_loss 0.00017419
Epoch 499|time: 3.38s|train_loss 0.00070080|val_loss 0.00017322
Epoch 500|time: 3.48s|train_loss 0.00071235|val_loss 0.00017389
Final evaluation
TEST MAE 0.2135 | std 0.0625 | RMSE 0.3284 | RMSEs 0.3136 | PCC 0.9391 | PCCs 0.9161 | R2 0.8788 | R2s 0.8226 | Var 0.8797 | Vars 0.8271 | Peak 0.1201
