--------Parameters--------
Namespace(batch=32, bi=False, check_point=1, cuda=False, dataset='us_hhs', dropout=0.2, epilambda=1.0, epochs=500, gpu=3, hidsp=15, horizon=4, k=10, lamda=0.01, lr=0.1, model='cola_gnn_epi', mylog=False, n_hidden=30, n_layer=1, patience=200, rnn_model='RNN', save_dir='save', seed=42, shuffle=False, sim_mat='us_hhs-adj', test=0.2, train=0.6, val=0.2, weight_decay=0.0005, window=20)
--------------------------
data shape (364, 10)
size of train/val/test sets 195 73 73
#params: 9885
begin training
Epoch   1|time: 3.40s|train_loss 0.03976858|val_loss 0.00465702
Best validation epoch: 1 Tue May 23 23:57:27 2023
TEST MAE 6.2742 | std 1.8719 | RMSE 6.6223 | RMSEs 6.3498 | PCC -0.5289 | PCCs -0.7071 | R2 -48.2636 | R2s -75.5961 | Var -4.0435 | Vars -0.6553 | Peak 2.6939
Epoch   2|time: 3.61s|train_loss 0.02992123|val_loss 0.00880385
Epoch   3|time: 3.47s|train_loss 0.03455325|val_loss 0.00185875
Best validation epoch: 3 Tue May 23 23:57:35 2023
TEST MAE 2.5429 | std 0.7866 | RMSE 2.7696 | RMSEs 2.6516 | PCC -0.2546 | PCCs 0.7295 | R2 -7.6164 | R2s -11.9907 | Var -0.3527 | Vars 0.0201 | Peak 1.2291
Epoch   4|time: 3.36s|train_loss 0.02588686|val_loss 0.00053590
Best validation epoch: 4 Tue May 23 23:57:39 2023
TEST MAE 0.6710 | std 0.2626 | RMSE 0.9891 | RMSEs 0.9303 | PCC 0.5460 | PCCs 0.7482 | R2 -0.0990 | R2s -0.4987 | Var 0.2416 | Vars 0.0261 | Peak 0.4945
Epoch   5|time: 3.33s|train_loss 0.02218450|val_loss 0.00083508
Epoch   6|time: 3.50s|train_loss 0.05080178|val_loss 0.00052657
Best validation epoch: 6 Tue May 23 23:57:47 2023
TEST MAE 0.5552 | std 0.1421 | RMSE 0.7469 | RMSEs 0.7189 | PCC 0.6333 | PCCs 0.6674 | R2 0.3733 | R2s 0.0794 | Var 0.3748 | Vars 0.1563 | Peak 0.2868
Epoch   7|time: 3.49s|train_loss 0.02799168|val_loss 0.00050445
Best validation epoch: 7 Tue May 23 23:57:51 2023
TEST MAE 0.5298 | std 0.1286 | RMSE 0.7020 | RMSEs 0.6777 | PCC 0.6920 | PCCs 0.6721 | R2 0.4464 | R2s 0.1760 | Var 0.4465 | Vars 0.2469 | Peak 0.2593
Epoch   8|time: 3.61s|train_loss 0.02713250|val_loss 0.00108101
Epoch   9|time: 3.36s|train_loss 0.02430462|val_loss 0.00052949
Epoch  10|time: 3.60s|train_loss 0.02225248|val_loss 0.00138860
Epoch  11|time: 3.35s|train_loss 0.02186128|val_loss 0.00130157
Epoch  12|time: 3.34s|train_loss 0.02211194|val_loss 0.00265946
Epoch  13|time: 3.60s|train_loss 0.02191640|val_loss 0.00053565
Epoch  14|time: 3.46s|train_loss 0.02150534|val_loss 0.00181094
Epoch  15|time: 3.43s|train_loss 0.02211671|val_loss 0.00210817
Epoch  16|time: 3.38s|train_loss 0.02204279|val_loss 0.00146567
Epoch  17|time: 3.33s|train_loss 0.02202374|val_loss 0.00051849
Epoch  18|time: 2.90s|train_loss 0.02163694|val_loss 0.00113639
Epoch  19|time: 2.20s|train_loss 0.02155706|val_loss 0.00141442
Epoch  20|time: 2.26s|train_loss 0.02152777|val_loss 0.00115799
Epoch  21|time: 2.14s|train_loss 0.02161196|val_loss 0.00072604
Epoch  22|time: 2.12s|train_loss 0.02116203|val_loss 0.00172416
Epoch  23|time: 2.13s|train_loss 0.02156367|val_loss 0.00048951
Best validation epoch: 23 Tue May 23 23:58:40 2023
TEST MAE 0.7284 | std 0.2868 | RMSE 1.0230 | RMSEs 0.9697 | PCC 0.7611 | PCCs 0.6761 | R2 -0.1755 | R2s -0.6428 | Var 0.4034 | Vars 0.2523 | Peak 0.5087
Epoch  24|time: 2.23s|train_loss 0.02179153|val_loss 0.00197585
Epoch  25|time: 2.13s|train_loss 0.02238679|val_loss 0.00089338
Epoch  26|time: 3.10s|train_loss 0.02157607|val_loss 0.00184071
Epoch  27|time: 3.65s|train_loss 0.02136793|val_loss 0.00081540
Epoch  28|time: 3.82s|train_loss 0.02117466|val_loss 0.00046700
Best validation epoch: 28 Tue May 23 23:58:56 2023
TEST MAE 0.7272 | std 0.2558 | RMSE 0.9712 | RMSEs 0.9285 | PCC 0.7945 | PCCs 0.6817 | R2 -0.0596 | R2s -0.5251 | Var 0.5293 | Vars 0.4017 | Peak 0.4621
Epoch  29|time: 3.55s|train_loss 0.02161851|val_loss 0.00206669
Epoch  30|time: 3.44s|train_loss 0.02188569|val_loss 0.00155736
Epoch  31|time: 3.45s|train_loss 0.02147407|val_loss 0.00164887
Epoch  32|time: 3.61s|train_loss 0.02152668|val_loss 0.00127768
Epoch  33|time: 3.43s|train_loss 0.02165971|val_loss 0.00245015
Epoch  34|time: 3.39s|train_loss 0.02164474|val_loss 0.00068790
Epoch  35|time: 3.53s|train_loss 0.02134497|val_loss 0.00038450
Best validation epoch: 35 Tue May 23 23:59:21 2023
TEST MAE 0.5274 | std 0.1946 | RMSE 0.7941 | RMSEs 0.7533 | PCC 0.7944 | PCCs 0.7028 | R2 0.2916 | R2s 0.0124 | Var 0.5200 | Vars 0.3610 | Peak 0.3822
Epoch  36|time: 3.40s|train_loss 0.02144517|val_loss 0.00072095
Epoch  37|time: 3.51s|train_loss 0.02209861|val_loss 0.00050610
Epoch  38|time: 3.55s|train_loss 0.02212476|val_loss 0.00063285
Epoch  39|time: 3.41s|train_loss 0.02198540|val_loss 0.00048902
Epoch  40|time: 3.37s|train_loss 0.02164007|val_loss 0.00140306
Epoch  41|time: 3.52s|train_loss 0.02136233|val_loss 0.00154358
Epoch  42|time: 3.46s|train_loss 0.02128047|val_loss 0.00137424
Epoch  43|time: 3.32s|train_loss 0.02165292|val_loss 0.00035829
Best validation epoch: 43 Tue May 23 23:59:49 2023
TEST MAE 0.4704 | std 0.1493 | RMSE 0.6979 | RMSEs 0.6674 | PCC 0.7764 | PCCs 0.6416 | R2 0.4528 | R2s 0.2174 | Var 0.5437 | Vars 0.3601 | Peak 0.3217
Epoch  44|time: 3.33s|train_loss 0.02129019|val_loss 0.00126352
Epoch  45|time: 3.49s|train_loss 0.02133233|val_loss 0.00045504
Epoch  46|time: 3.51s|train_loss 0.02172877|val_loss 0.00155856
Epoch  47|time: 4.51s|train_loss 0.02204807|val_loss 0.00120223
Epoch  48|time: 3.94s|train_loss 0.02145384|val_loss 0.00053261
Epoch  49|time: 3.86s|train_loss 0.02112279|val_loss 0.00187537
Epoch  50|time: 3.79s|train_loss 0.02204283|val_loss 0.00105924
Epoch  51|time: 3.84s|train_loss 0.02134200|val_loss 0.00156874
Epoch  52|time: 3.70s|train_loss 0.02147131|val_loss 0.00078172
Epoch  53|time: 3.69s|train_loss 0.02136852|val_loss 0.00071334
Epoch  54|time: 3.90s|train_loss 0.02123706|val_loss 0.00039310
Epoch  55|time: 3.73s|train_loss 0.02117190|val_loss 0.00061563
Epoch  56|time: 3.81s|train_loss 0.02198234|val_loss 0.00049392
Epoch  57|time: 3.74s|train_loss 0.02241571|val_loss 0.00056279
Epoch  58|time: 3.69s|train_loss 0.02132871|val_loss 0.00100939
Epoch  59|time: 3.85s|train_loss 0.02131155|val_loss 0.00053434
Epoch  60|time: 3.94s|train_loss 0.02130661|val_loss 0.00049511
Epoch  61|time: 3.83s|train_loss 0.02113534|val_loss 0.00069877
Epoch  62|time: 3.88s|train_loss 0.02159065|val_loss 0.00176710
Epoch  63|time: 3.70s|train_loss 0.02155153|val_loss 0.00076081
Epoch  64|time: 3.78s|train_loss 0.02149479|val_loss 0.00039613
Epoch  65|time: 3.83s|train_loss 0.02124259|val_loss 0.00109874
Epoch  66|time: 3.70s|train_loss 0.02122375|val_loss 0.00047506
Epoch  67|time: 3.79s|train_loss 0.02104158|val_loss 0.00049246
Epoch  68|time: 3.69s|train_loss 0.02092862|val_loss 0.00087125
Epoch  69|time: 3.84s|train_loss 0.02146656|val_loss 0.00083882
Epoch  70|time: 3.84s|train_loss 0.02147197|val_loss 0.00228659
Epoch  71|time: 3.70s|train_loss 0.02207348|val_loss 0.00299253
Epoch  72|time: 3.71s|train_loss 0.02179730|val_loss 0.00112681
Epoch  73|time: 3.74s|train_loss 0.02293435|val_loss 0.00192133
Epoch  74|time: 3.77s|train_loss 0.02176022|val_loss 0.00138324
Epoch  75|time: 3.78s|train_loss 0.02147012|val_loss 0.00220561
Epoch  76|time: 3.33s|train_loss 0.02215104|val_loss 0.00263850
Epoch  77|time: 3.55s|train_loss 0.02253228|val_loss 0.00055312
Epoch  78|time: 3.50s|train_loss 0.02114999|val_loss 0.00055592
Epoch  79|time: 3.34s|train_loss 0.02110598|val_loss 0.00045319
Epoch  80|time: 3.33s|train_loss 0.02099599|val_loss 0.00061982
Epoch  81|time: 3.42s|train_loss 0.02136677|val_loss 0.00217281
Epoch  82|time: 3.33s|train_loss 0.02158421|val_loss 0.00143584
Epoch  83|time: 3.40s|train_loss 0.02147364|val_loss 0.00051386
Epoch  84|time: 3.35s|train_loss 0.02138594|val_loss 0.00071962
Epoch  85|time: 3.34s|train_loss 0.02111594|val_loss 0.00039973
Epoch  86|time: 3.32s|train_loss 0.02111400|val_loss 0.00135333
Epoch  87|time: 3.43s|train_loss 0.02147721|val_loss 0.00117176
Epoch  88|time: 3.45s|train_loss 0.02151610|val_loss 0.00102461
Epoch  89|time: 3.34s|train_loss 0.02154046|val_loss 0.00052170
Epoch  90|time: 3.45s|train_loss 0.02157771|val_loss 0.00121018
Epoch  91|time: 3.32s|train_loss 0.02121491|val_loss 0.00057073
Epoch  92|time: 3.41s|train_loss 0.02097245|val_loss 0.00109758
Epoch  93|time: 3.42s|train_loss 0.02177146|val_loss 0.00044760
Epoch  94|time: 3.51s|train_loss 0.02117644|val_loss 0.00071528
Epoch  95|time: 3.34s|train_loss 0.02128529|val_loss 0.00271295
Epoch  96|time: 3.44s|train_loss 0.02155075|val_loss 0.00125985
Epoch  97|time: 3.34s|train_loss 0.02169071|val_loss 0.00045250
Epoch  98|time: 3.34s|train_loss 0.02178138|val_loss 0.00172811
Epoch  99|time: 3.42s|train_loss 0.02190781|val_loss 0.00382460
Epoch 100|time: 3.37s|train_loss 0.02232265|val_loss 0.00133055
Epoch 101|time: 3.33s|train_loss 0.02146052|val_loss 0.00165893
Epoch 102|time: 3.65s|train_loss 0.02206208|val_loss 0.00189779
Epoch 103|time: 3.34s|train_loss 0.02213014|val_loss 0.00278385
Epoch 104|time: 3.32s|train_loss 0.02301158|val_loss 0.00125126
Epoch 105|time: 3.43s|train_loss 0.02185854|val_loss 0.00054962
Epoch 106|time: 3.41s|train_loss 0.02161928|val_loss 0.00061244
Epoch 107|time: 3.35s|train_loss 0.02111721|val_loss 0.00052615
Epoch 108|time: 3.50s|train_loss 0.02102969|val_loss 0.00095034
Epoch 109|time: 3.33s|train_loss 0.02142407|val_loss 0.00053973
Epoch 110|time: 3.42s|train_loss 0.02121953|val_loss 0.00090125
Epoch 111|time: 3.48s|train_loss 0.02116958|val_loss 0.00038381
Epoch 112|time: 3.59s|train_loss 0.02103016|val_loss 0.00122442
Epoch 113|time: 3.43s|train_loss 0.02146135|val_loss 0.00197682
Epoch 114|time: 3.34s|train_loss 0.02195799|val_loss 0.00166030
Epoch 115|time: 3.34s|train_loss 0.02152204|val_loss 0.00101973
Epoch 116|time: 3.54s|train_loss 0.02116887|val_loss 0.00066236
Epoch 117|time: 3.34s|train_loss 0.02116069|val_loss 0.00063178
Epoch 118|time: 3.33s|train_loss 0.02113003|val_loss 0.00093588
Epoch 119|time: 3.43s|train_loss 0.02117914|val_loss 0.00054682
Epoch 120|time: 3.41s|train_loss 0.02110273|val_loss 0.00098721
Epoch 121|time: 3.33s|train_loss 0.02132388|val_loss 0.00050537
Epoch 122|time: 3.50s|train_loss 0.02111900|val_loss 0.00162529
Epoch 123|time: 3.33s|train_loss 0.02170156|val_loss 0.00084138
Epoch 124|time: 3.42s|train_loss 0.02120043|val_loss 0.00124948
Epoch 125|time: 3.54s|train_loss 0.02141691|val_loss 0.00119736
Epoch 126|time: 3.33s|train_loss 0.02166058|val_loss 0.00064806
Epoch 127|time: 3.33s|train_loss 0.02140351|val_loss 0.00059934
Epoch 128|time: 3.44s|train_loss 0.02138207|val_loss 0.00046460
Epoch 129|time: 3.41s|train_loss 0.02113816|val_loss 0.00066426
Epoch 130|time: 3.70s|train_loss 0.02095558|val_loss 0.00059803
Epoch 131|time: 3.49s|train_loss 0.02145431|val_loss 0.00051305
Epoch 132|time: 3.35s|train_loss 0.02165918|val_loss 0.00136466
Epoch 133|time: 3.33s|train_loss 0.02182827|val_loss 0.00142995
Epoch 134|time: 3.58s|train_loss 0.02157569|val_loss 0.00094904
Epoch 135|time: 3.34s|train_loss 0.02133632|val_loss 0.00198779
Epoch 136|time: 3.34s|train_loss 0.02181089|val_loss 0.00097709
Epoch 137|time: 3.62s|train_loss 0.02143879|val_loss 0.00055970
Epoch 138|time: 3.42s|train_loss 0.02166732|val_loss 0.00084109
Epoch 139|time: 3.34s|train_loss 0.02126633|val_loss 0.00118972
Epoch 140|time: 3.37s|train_loss 0.02148754|val_loss 0.00143819
Epoch 141|time: 3.34s|train_loss 0.02151071|val_loss 0.00114592
Epoch 142|time: 3.36s|train_loss 0.02160692|val_loss 0.00075131
Epoch 143|time: 3.58s|train_loss 0.02138273|val_loss 0.00082250
Epoch 144|time: 3.34s|train_loss 0.02164444|val_loss 0.00159644
Epoch 145|time: 3.34s|train_loss 0.02198651|val_loss 0.00337894
Epoch 146|time: 3.44s|train_loss 0.02229864|val_loss 0.00141417
Epoch 147|time: 3.52s|train_loss 0.02148484|val_loss 0.00058865
Epoch 148|time: 3.42s|train_loss 0.02105769|val_loss 0.00058070
Epoch 149|time: 3.41s|train_loss 0.02100847|val_loss 0.00122638
Epoch 150|time: 3.35s|train_loss 0.02160187|val_loss 0.00104658
Epoch 151|time: 3.34s|train_loss 0.02171476|val_loss 0.00387627
Epoch 152|time: 3.46s|train_loss 0.02233829|val_loss 0.00209548
Epoch 153|time: 3.33s|train_loss 0.02210386|val_loss 0.00333943
Epoch 154|time: 3.34s|train_loss 0.02271283|val_loss 0.00254952
Epoch 155|time: 3.33s|train_loss 0.02308594|val_loss 0.00076583
Epoch 156|time: 3.42s|train_loss 0.02141763|val_loss 0.00088025
Epoch 157|time: 3.36s|train_loss 0.02145458|val_loss 0.00068090
Epoch 158|time: 3.35s|train_loss 0.02171490|val_loss 0.00171983
Epoch 159|time: 3.33s|train_loss 0.02173674|val_loss 0.00061676
Epoch 160|time: 3.44s|train_loss 0.02148030|val_loss 0.00103007
Epoch 161|time: 3.36s|train_loss 0.02141466|val_loss 0.00103729
Epoch 162|time: 3.43s|train_loss 0.02132300|val_loss 0.00050648
Epoch 163|time: 3.40s|train_loss 0.02114244|val_loss 0.00059141
Epoch 164|time: 3.33s|train_loss 0.02101944|val_loss 0.00090965
Epoch 165|time: 3.54s|train_loss 0.02126530|val_loss 0.00040094
Epoch 166|time: 3.54s|train_loss 0.02105646|val_loss 0.00091390
Epoch 167|time: 3.33s|train_loss 0.02113952|val_loss 0.00046167
Epoch 168|time: 3.33s|train_loss 0.02095774|val_loss 0.00034206
Best validation epoch: 168 Wed May 24 00:07:08 2023
TEST MAE 0.5772 | std 0.1623 | RMSE 0.7744 | RMSEs 0.7483 | PCC 0.8037 | PCCs 0.6993 | R2 0.3263 | R2s -0.0097 | Var 0.6370 | Vars 0.4867 | Peak 0.3449
Epoch 169|time: 3.52s|train_loss 0.02146483|val_loss 0.00037996
Epoch 170|time: 3.33s|train_loss 0.02147303|val_loss 0.00163227
Epoch 171|time: 3.33s|train_loss 0.02149436|val_loss 0.00111502
Epoch 172|time: 3.48s|train_loss 0.02147281|val_loss 0.00044212
Epoch 173|time: 3.33s|train_loss 0.02095587|val_loss 0.00090608
Epoch 174|time: 3.34s|train_loss 0.02140294|val_loss 0.00147620
Epoch 175|time: 3.46s|train_loss 0.02149678|val_loss 0.00060908
Epoch 176|time: 3.34s|train_loss 0.02112077|val_loss 0.00041124
Epoch 177|time: 3.32s|train_loss 0.02096961|val_loss 0.00051437
Epoch 178|time: 3.42s|train_loss 0.02135336|val_loss 0.00076966
Epoch 179|time: 3.34s|train_loss 0.02167767|val_loss 0.00208130
Epoch 180|time: 3.43s|train_loss 0.02207551|val_loss 0.00264693
Epoch 181|time: 3.33s|train_loss 0.02152412|val_loss 0.00036908
Epoch 182|time: 3.33s|train_loss 0.02112790|val_loss 0.00092127
Epoch 183|time: 3.58s|train_loss 0.02140283|val_loss 0.00089324
Epoch 184|time: 3.53s|train_loss 0.02117752|val_loss 0.00120700
Epoch 185|time: 3.33s|train_loss 0.02127817|val_loss 0.00044007
Epoch 186|time: 3.33s|train_loss 0.02143728|val_loss 0.00226795
Epoch 187|time: 3.49s|train_loss 0.02145897|val_loss 0.00145637
Epoch 188|time: 3.33s|train_loss 0.02165089|val_loss 0.00099356
Epoch 189|time: 3.40s|train_loss 0.02145041|val_loss 0.00092496
Epoch 190|time: 3.47s|train_loss 0.02138887|val_loss 0.00040293
Epoch 191|time: 3.33s|train_loss 0.02117588|val_loss 0.00103115
Epoch 192|time: 3.31s|train_loss 0.02129342|val_loss 0.00046770
Epoch 193|time: 3.49s|train_loss 0.02094536|val_loss 0.00145278
Epoch 194|time: 3.44s|train_loss 0.02160732|val_loss 0.00073981
Epoch 195|time: 3.33s|train_loss 0.02127502|val_loss 0.00059843
Epoch 196|time: 3.43s|train_loss 0.02111440|val_loss 0.00180902
Epoch 197|time: 3.32s|train_loss 0.02207010|val_loss 0.00245581
Epoch 198|time: 3.41s|train_loss 0.02157662|val_loss 0.00112501
Epoch 199|time: 3.42s|train_loss 0.02141009|val_loss 0.00099707
Epoch 200|time: 3.56s|train_loss 0.02152914|val_loss 0.00152917
Epoch 201|time: 3.49s|train_loss 0.02159521|val_loss 0.00035742
Epoch 202|time: 3.47s|train_loss 0.02096698|val_loss 0.00042726
Epoch 203|time: 3.32s|train_loss 0.02098231|val_loss 0.00034414
Epoch 204|time: 3.52s|train_loss 0.02093667|val_loss 0.00097713
Epoch 205|time: 3.34s|train_loss 0.02101478|val_loss 0.00039924
Epoch 206|time: 3.33s|train_loss 0.02091453|val_loss 0.00106352
Epoch 207|time: 3.47s|train_loss 0.02110293|val_loss 0.00168093
Epoch 208|time: 3.42s|train_loss 0.02169062|val_loss 0.00132879
Epoch 209|time: 3.33s|train_loss 0.02123342|val_loss 0.00183299
Epoch 210|time: 3.60s|train_loss 0.02205635|val_loss 0.00137655
Epoch 211|time: 3.34s|train_loss 0.02150455|val_loss 0.00056147
Epoch 212|time: 3.44s|train_loss 0.02122085|val_loss 0.00160814
Epoch 213|time: 3.51s|train_loss 0.02164277|val_loss 0.00079136
Epoch 214|time: 3.33s|train_loss 0.02164792|val_loss 0.00053010
Epoch 215|time: 3.34s|train_loss 0.02134896|val_loss 0.00054578
Epoch 216|time: 3.44s|train_loss 0.02164596|val_loss 0.00231444
Epoch 217|time: 3.32s|train_loss 0.02179414|val_loss 0.00193120
Epoch 218|time: 3.65s|train_loss 0.02177133|val_loss 0.00051701
Epoch 219|time: 3.79s|train_loss 0.02151660|val_loss 0.00121149
Epoch 220|time: 4.43s|train_loss 0.02170602|val_loss 0.00135053
Epoch 221|time: 3.47s|train_loss 0.02152474|val_loss 0.00183946
Epoch 222|time: 3.46s|train_loss 0.02223242|val_loss 0.00288079
Epoch 223|time: 3.32s|train_loss 0.02346220|val_loss 0.00100750
Epoch 224|time: 3.34s|train_loss 0.02219606|val_loss 0.00098382
Epoch 225|time: 3.32s|train_loss 0.02193491|val_loss 0.00086260
Epoch 226|time: 3.42s|train_loss 0.02214434|val_loss 0.00057877
Epoch 227|time: 3.46s|train_loss 0.02192393|val_loss 0.00161765
Epoch 228|time: 3.32s|train_loss 0.02181821|val_loss 0.00055644
Epoch 229|time: 3.34s|train_loss 0.02117777|val_loss 0.00046629
Epoch 230|time: 3.59s|train_loss 0.02117487|val_loss 0.00063939
Epoch 231|time: 3.33s|train_loss 0.02108812|val_loss 0.00110079
Epoch 232|time: 3.32s|train_loss 0.02124036|val_loss 0.00040184
Epoch 233|time: 3.45s|train_loss 0.02117308|val_loss 0.00047254
Epoch 234|time: 3.33s|train_loss 0.02101614|val_loss 0.00136706
Epoch 235|time: 3.71s|train_loss 0.02140707|val_loss 0.00122316
Epoch 236|time: 3.50s|train_loss 0.02147725|val_loss 0.00178747
Epoch 237|time: 3.32s|train_loss 0.02155309|val_loss 0.00127561
Epoch 238|time: 3.32s|train_loss 0.02146502|val_loss 0.00121348
Epoch 239|time: 3.42s|train_loss 0.02168690|val_loss 0.00083114
Epoch 240|time: 3.42s|train_loss 0.02140934|val_loss 0.00103777
Epoch 241|time: 3.35s|train_loss 0.02145509|val_loss 0.00119796
Epoch 242|time: 3.49s|train_loss 0.02143099|val_loss 0.00085940
Epoch 243|time: 3.34s|train_loss 0.02099602|val_loss 0.00153064
Epoch 244|time: 3.45s|train_loss 0.02190343|val_loss 0.00077533
Epoch 245|time: 3.48s|train_loss 0.02239358|val_loss 0.00216881
Epoch 246|time: 3.34s|train_loss 0.02163298|val_loss 0.00075271
Epoch 247|time: 3.33s|train_loss 0.02101157|val_loss 0.00076231
Epoch 248|time: 3.53s|train_loss 0.02099923|val_loss 0.00087418
Epoch 249|time: 3.40s|train_loss 0.02130250|val_loss 0.00107851
Epoch 250|time: 3.33s|train_loss 0.02173566|val_loss 0.00073252
Epoch 251|time: 3.48s|train_loss 0.02114978|val_loss 0.00151573
Epoch 252|time: 3.33s|train_loss 0.02167652|val_loss 0.00083290
Epoch 253|time: 3.54s|train_loss 0.02143513|val_loss 0.00086670
Epoch 254|time: 3.49s|train_loss 0.02183976|val_loss 0.00152435
Epoch 255|time: 3.33s|train_loss 0.02191262|val_loss 0.00208920
Epoch 256|time: 3.33s|train_loss 0.02216309|val_loss 0.00208123
Epoch 257|time: 3.40s|train_loss 0.02222291|val_loss 0.00064060
Epoch 258|time: 3.42s|train_loss 0.02102860|val_loss 0.00044378
Epoch 259|time: 3.33s|train_loss 0.02127515|val_loss 0.00165823
Epoch 260|time: 3.35s|train_loss 0.02183315|val_loss 0.00062007
Epoch 261|time: 3.33s|train_loss 0.02150243|val_loss 0.00065096
Epoch 262|time: 3.45s|train_loss 0.02179278|val_loss 0.00178439
Epoch 263|time: 3.46s|train_loss 0.02182357|val_loss 0.00126989
Epoch 264|time: 3.33s|train_loss 0.02158191|val_loss 0.00051866
Epoch 265|time: 3.34s|train_loss 0.02130303|val_loss 0.00148614
Epoch 266|time: 3.40s|train_loss 0.02156240|val_loss 0.00054871
Epoch 267|time: 3.34s|train_loss 0.02136401|val_loss 0.00167873
Epoch 268|time: 3.42s|train_loss 0.02156337|val_loss 0.00080058
Epoch 269|time: 3.44s|train_loss 0.02172479|val_loss 0.00074276
Epoch 270|time: 3.45s|train_loss 0.02183254|val_loss 0.00081290
Epoch 271|time: 3.62s|train_loss 0.02131085|val_loss 0.00067333
Epoch 272|time: 3.43s|train_loss 0.02118385|val_loss 0.00058053
Epoch 273|time: 3.34s|train_loss 0.02181820|val_loss 0.00217444
Epoch 274|time: 3.43s|train_loss 0.02258057|val_loss 0.00066161
Epoch 275|time: 3.37s|train_loss 0.02204424|val_loss 0.00192163
Epoch 276|time: 3.43s|train_loss 0.02193946|val_loss 0.00148018
Epoch 277|time: 3.47s|train_loss 0.02150967|val_loss 0.00076293
Epoch 278|time: 3.34s|train_loss 0.02139014|val_loss 0.00061093
Epoch 279|time: 3.33s|train_loss 0.02109269|val_loss 0.00058208
Epoch 280|time: 3.45s|train_loss 0.02121368|val_loss 0.00083662
Epoch 281|time: 3.33s|train_loss 0.02126356|val_loss 0.00139079
Epoch 282|time: 3.43s|train_loss 0.02180724|val_loss 0.00059423
Epoch 283|time: 3.43s|train_loss 0.02184794|val_loss 0.00100362
Epoch 284|time: 3.32s|train_loss 0.02155178|val_loss 0.00134116
Epoch 285|time: 3.33s|train_loss 0.02173961|val_loss 0.00101913
Epoch 286|time: 3.46s|train_loss 0.02139177|val_loss 0.00160931
Epoch 287|time: 3.33s|train_loss 0.02168085|val_loss 0.00100414
Epoch 288|time: 3.61s|train_loss 0.02148251|val_loss 0.00084716
Epoch 289|time: 3.43s|train_loss 0.02156811|val_loss 0.00060558
Epoch 290|time: 3.46s|train_loss 0.02103488|val_loss 0.00052130
Epoch 291|time: 3.32s|train_loss 0.02123060|val_loss 0.00083827
Epoch 292|time: 3.53s|train_loss 0.02118634|val_loss 0.00059278
Epoch 293|time: 3.32s|train_loss 0.02148600|val_loss 0.00077557
Epoch 294|time: 3.32s|train_loss 0.02519820|val_loss 0.00445680
Epoch 295|time: 3.50s|train_loss 0.02415934|val_loss 0.00227169
Epoch 296|time: 3.34s|train_loss 0.02349717|val_loss 0.00360926
Epoch 297|time: 3.35s|train_loss 0.02275963|val_loss 0.00418627
Epoch 298|time: 3.34s|train_loss 0.02280703|val_loss 0.00172993
Epoch 299|time: 3.36s|train_loss 0.02204258|val_loss 0.00285933
Epoch 300|time: 3.42s|train_loss 0.02205149|val_loss 0.00164253
Epoch 301|time: 3.45s|train_loss 0.02142870|val_loss 0.00069845
Epoch 302|time: 3.33s|train_loss 0.02114090|val_loss 0.00095915
Epoch 303|time: 3.32s|train_loss 0.02138844|val_loss 0.00105035
Epoch 304|time: 3.52s|train_loss 0.02150978|val_loss 0.00051780
Epoch 305|time: 3.33s|train_loss 0.02123595|val_loss 0.00054692
Epoch 306|time: 3.38s|train_loss 0.02102949|val_loss 0.00050835
Epoch 307|time: 4.29s|train_loss 0.02126404|val_loss 0.00048463
Epoch 308|time: 3.96s|train_loss 0.02110407|val_loss 0.00067178
Epoch 309|time: 4.14s|train_loss 0.02125144|val_loss 0.00122777
Epoch 310|time: 3.70s|train_loss 0.02215591|val_loss 0.00158213
Epoch 311|time: 3.71s|train_loss 0.02176365|val_loss 0.00178333
Epoch 312|time: 3.80s|train_loss 0.02146174|val_loss 0.00072694
Epoch 313|time: 3.70s|train_loss 0.02107167|val_loss 0.00057987
Epoch 314|time: 3.86s|train_loss 0.02139538|val_loss 0.00057319
Epoch 315|time: 3.72s|train_loss 0.02115815|val_loss 0.00097971
Epoch 316|time: 3.70s|train_loss 0.02168231|val_loss 0.00120962
Epoch 317|time: 3.93s|train_loss 0.02140858|val_loss 0.00107154
Epoch 318|time: 3.80s|train_loss 0.02150578|val_loss 0.00056053
Epoch 319|time: 3.71s|train_loss 0.02127420|val_loss 0.00096059
Epoch 320|time: 3.57s|train_loss 0.02152840|val_loss 0.00062116
Epoch 321|time: 3.33s|train_loss 0.02152602|val_loss 0.00081734
Epoch 322|time: 3.46s|train_loss 0.02159454|val_loss 0.00120865
Epoch 323|time: 3.42s|train_loss 0.02148701|val_loss 0.00055607
Epoch 324|time: 3.34s|train_loss 0.02120644|val_loss 0.00211517
Epoch 325|time: 3.32s|train_loss 0.02181241|val_loss 0.00132056
Epoch 326|time: 3.47s|train_loss 0.02160721|val_loss 0.00063585
Epoch 327|time: 3.33s|train_loss 0.02159174|val_loss 0.00126169
Epoch 328|time: 3.44s|train_loss 0.02132752|val_loss 0.00113251
Epoch 329|time: 3.35s|train_loss 0.02147553|val_loss 0.00079687
Epoch 330|time: 3.32s|train_loss 0.02115988|val_loss 0.00086503
Epoch 331|time: 3.34s|train_loss 0.02109037|val_loss 0.00075524
Epoch 332|time: 3.51s|train_loss 0.02130788|val_loss 0.00055596
Epoch 333|time: 3.33s|train_loss 0.02147947|val_loss 0.00073978
Epoch 334|time: 3.34s|train_loss 0.02114201|val_loss 0.00052447
Epoch 335|time: 3.35s|train_loss 0.02119736|val_loss 0.00094576
Epoch 336|time: 3.40s|train_loss 0.02132201|val_loss 0.00072805
Epoch 337|time: 3.35s|train_loss 0.02139331|val_loss 0.00206271
Epoch 338|time: 3.39s|train_loss 0.02211966|val_loss 0.00352860
Epoch 339|time: 3.35s|train_loss 0.02246151|val_loss 0.00265074
Epoch 340|time: 3.47s|train_loss 0.02234381|val_loss 0.00145909
Epoch 341|time: 3.32s|train_loss 0.02161801|val_loss 0.00102536
Epoch 342|time: 3.42s|train_loss 0.02150511|val_loss 0.00146808
Epoch 343|time: 3.37s|train_loss 0.02165962|val_loss 0.00053848
Epoch 344|time: 3.32s|train_loss 0.02118307|val_loss 0.00096796
Epoch 345|time: 3.32s|train_loss 0.02130479|val_loss 0.00064965
Epoch 346|time: 3.45s|train_loss 0.02121366|val_loss 0.00053832
Epoch 347|time: 3.32s|train_loss 0.02105314|val_loss 0.00213300
Epoch 348|time: 3.33s|train_loss 0.02229070|val_loss 0.00176004
Epoch 349|time: 3.33s|train_loss 0.02184827|val_loss 0.00057601
Epoch 350|time: 3.41s|train_loss 0.02169985|val_loss 0.00146733
Epoch 351|time: 3.33s|train_loss 0.02146313|val_loss 0.00098750
Epoch 352|time: 3.40s|train_loss 0.02116707|val_loss 0.00178762
Epoch 353|time: 3.32s|train_loss 0.02155779|val_loss 0.00185398
Epoch 354|time: 3.32s|train_loss 0.02228395|val_loss 0.00221541
Epoch 355|time: 3.48s|train_loss 0.02320339|val_loss 0.00321857
Epoch 356|time: 3.33s|train_loss 0.02331798|val_loss 0.00144623
Epoch 357|time: 3.33s|train_loss 0.02219788|val_loss 0.00060386
Epoch 358|time: 3.50s|train_loss 0.02176440|val_loss 0.00108801
Epoch 359|time: 3.32s|train_loss 0.02137685|val_loss 0.00055560
Epoch 360|time: 3.41s|train_loss 0.02122138|val_loss 0.00057339
Epoch 361|time: 3.37s|train_loss 0.02122574|val_loss 0.00055882
Epoch 362|time: 3.32s|train_loss 0.02099590|val_loss 0.00092083
Epoch 363|time: 3.33s|train_loss 0.02131016|val_loss 0.00076773
Epoch 364|time: 3.41s|train_loss 0.02121945|val_loss 0.00069828
Epoch 365|time: 3.35s|train_loss 0.02129572|val_loss 0.00073248
Epoch 366|time: 3.33s|train_loss 0.02121843|val_loss 0.00094237
Epoch 367|time: 3.43s|train_loss 0.02137953|val_loss 0.00081405
Epoch 368|time: 3.32s|train_loss 0.02128163|val_loss 0.00132592
Final evaluation
TEST MAE 0.5772 | std 0.1623 | RMSE 0.7744 | RMSEs 0.7483 | PCC 0.8037 | PCCs 0.6993 | R2 0.3263 | R2s -0.0097 | Var 0.6370 | Vars 0.4867 | Peak 0.3449
