--------Parameters--------
Namespace(batch=32, bi=False, check_point=1, cuda=False, dataset='us_hhs', dropout=0.2, epilambda=0.5, epochs=500, gpu=3, hidsp=15, horizon=4, k=10, lamda=0.01, lr=0.01, model='cola_gnn_epi', mylog=False, n_hidden=20, n_layer=1, patience=200, rnn_model='RNN', save_dir='save', seed=42, shuffle=False, sim_mat='us_hhs-adj', test=0.2, train=0.6, val=0.2, weight_decay=0.0005, window=20)
--------------------------
data shape (364, 10)
size of train/val/test sets 195 73 73
#params: 5145
begin training
Epoch   1|time: 3.16s|train_loss 0.01233021|val_loss 0.00056801
Best validation epoch: 1 Tue May 23 19:35:43 2023
TEST MAE 0.6244 | std 0.2042 | RMSE 0.7814 | RMSEs 0.7482 | PCC 0.8458 | PCCs 0.8054 | R2 0.3141 | R2s 0.0081 | Var 0.7122 | Vars 0.6342 | Peak 0.3121
Epoch   2|time: 3.37s|train_loss 0.01122274|val_loss 0.00032219
Best validation epoch: 2 Tue May 23 19:35:47 2023
TEST MAE 0.3170 | std 0.0987 | RMSE 0.4901 | RMSEs 0.4687 | PCC 0.8727 | PCCs 0.8162 | R2 0.7302 | R2s 0.6086 | Var 0.7510 | Vars 0.6508 | Peak 0.1946
Epoch   3|time: 3.32s|train_loss 0.01060435|val_loss 0.00027180
Best validation epoch: 3 Tue May 23 19:35:52 2023
TEST MAE 0.3054 | std 0.0769 | RMSE 0.4614 | RMSEs 0.4443 | PCC 0.8796 | PCCs 0.8279 | R2 0.7608 | R2s 0.6405 | Var 0.7613 | Vars 0.6637 | Peak 0.1781
Epoch   4|time: 3.38s|train_loss 0.01001291|val_loss 0.00028604
Epoch   5|time: 3.25s|train_loss 0.00937490|val_loss 0.00026994
Best validation epoch: 5 Tue May 23 19:35:59 2023
TEST MAE 0.3092 | std 0.1015 | RMSE 0.4807 | RMSEs 0.4603 | PCC 0.8846 | PCCs 0.8314 | R2 0.7405 | R2s 0.6221 | Var 0.7803 | Vars 0.6828 | Peak 0.1921
Epoch   6|time: 3.26s|train_loss 0.00880175|val_loss 0.00037422
Epoch   7|time: 3.32s|train_loss 0.00819150|val_loss 0.00047135
Epoch   8|time: 3.37s|train_loss 0.00836882|val_loss 0.00028180
Epoch   9|time: 3.23s|train_loss 0.00789726|val_loss 0.00024206
Best validation epoch: 9 Tue May 23 19:36:13 2023
TEST MAE 0.2779 | std 0.0819 | RMSE 0.4401 | RMSEs 0.4231 | PCC 0.8891 | PCCs 0.8365 | R2 0.7824 | R2s 0.6759 | Var 0.7895 | Vars 0.6910 | Peak 0.1707
Epoch  10|time: 3.42s|train_loss 0.00772352|val_loss 0.00025403
Epoch  11|time: 3.40s|train_loss 0.00762892|val_loss 0.00025153
Epoch  12|time: 3.28s|train_loss 0.00755853|val_loss 0.00024616
Epoch  13|time: 3.40s|train_loss 0.00757325|val_loss 0.00023777
Best validation epoch: 13 Tue May 23 19:36:27 2023
TEST MAE 0.2833 | std 0.0759 | RMSE 0.4252 | RMSEs 0.4105 | PCC 0.8933 | PCCs 0.8460 | R2 0.7969 | R2s 0.6906 | Var 0.7970 | Vars 0.7000 | Peak 0.1623
Epoch  14|time: 3.28s|train_loss 0.00744067|val_loss 0.00024851
Epoch  15|time: 3.36s|train_loss 0.00743595|val_loss 0.00024114
Epoch  16|time: 3.34s|train_loss 0.00748524|val_loss 0.00024326
Epoch  17|time: 3.27s|train_loss 0.00778244|val_loss 0.00024569
Epoch  18|time: 3.28s|train_loss 0.00750672|val_loss 0.00029225
Epoch  19|time: 3.34s|train_loss 0.00738346|val_loss 0.00028310
Epoch  20|time: 3.35s|train_loss 0.00752636|val_loss 0.00025956
Epoch  21|time: 3.25s|train_loss 0.00730287|val_loss 0.00030469
Epoch  22|time: 3.40s|train_loss 0.00728574|val_loss 0.00025082
Epoch  23|time: 3.25s|train_loss 0.00723918|val_loss 0.00031183
Epoch  24|time: 3.27s|train_loss 0.00713163|val_loss 0.00041688
Epoch  25|time: 3.48s|train_loss 0.00736435|val_loss 0.00026968
Epoch  26|time: 3.23s|train_loss 0.00728279|val_loss 0.00024192
Epoch  27|time: 3.27s|train_loss 0.00731643|val_loss 0.00025186
Epoch  28|time: 3.44s|train_loss 0.00705400|val_loss 0.00024268
Epoch  29|time: 3.33s|train_loss 0.00694514|val_loss 0.00023747
Best validation epoch: 29 Tue May 23 19:37:21 2023
TEST MAE 0.2779 | std 0.0834 | RMSE 0.4289 | RMSEs 0.4130 | PCC 0.8934 | PCCs 0.8470 | R2 0.7934 | R2s 0.6900 | Var 0.7981 | Vars 0.7020 | Peak 0.1658
Epoch  30|time: 3.21s|train_loss 0.00695207|val_loss 0.00025999
Epoch  31|time: 3.34s|train_loss 0.00693738|val_loss 0.00024065
Epoch  32|time: 3.24s|train_loss 0.00685282|val_loss 0.00025160
Epoch  33|time: 3.36s|train_loss 0.00663512|val_loss 0.00024468
Epoch  34|time: 3.30s|train_loss 0.00660858|val_loss 0.00025233
Epoch  35|time: 3.26s|train_loss 0.00665329|val_loss 0.00023613
Best validation epoch: 35 Tue May 23 19:37:42 2023
TEST MAE 0.2696 | std 0.0839 | RMSE 0.4120 | RMSEs 0.3953 | PCC 0.8999 | PCCs 0.8598 | R2 0.8094 | R2s 0.7163 | Var 0.8098 | Vars 0.7261 | Peak 0.1586
Epoch  36|time: 3.26s|train_loss 0.00656530|val_loss 0.00024841
Epoch  37|time: 3.30s|train_loss 0.00685987|val_loss 0.00027377
Epoch  38|time: 3.42s|train_loss 0.00653823|val_loss 0.00025090
Epoch  39|time: 3.32s|train_loss 0.00656306|val_loss 0.00023414
Best validation epoch: 39 Tue May 23 19:37:56 2023
TEST MAE 0.2711 | std 0.0781 | RMSE 0.4290 | RMSEs 0.4141 | PCC 0.8947 | PCCs 0.8445 | R2 0.7933 | R2s 0.6872 | Var 0.7997 | Vars 0.7009 | Peak 0.1681
Epoch  40|time: 3.29s|train_loss 0.00647858|val_loss 0.00026790
Epoch  41|time: 3.20s|train_loss 0.00633703|val_loss 0.00025379
Epoch  42|time: 3.28s|train_loss 0.00633507|val_loss 0.00024790
Epoch  43|time: 3.25s|train_loss 0.00627982|val_loss 0.00023074
Best validation epoch: 43 Tue May 23 19:38:09 2023
TEST MAE 0.2720 | std 0.0791 | RMSE 0.4140 | RMSEs 0.3990 | PCC 0.8995 | PCCs 0.8579 | R2 0.8074 | R2s 0.7079 | Var 0.8080 | Vars 0.7161 | Peak 0.1588
Epoch  44|time: 2.15s|train_loss 0.00634254|val_loss 0.00024111
Epoch  45|time: 2.47s|train_loss 0.00628838|val_loss 0.00025877
Epoch  46|time: 3.31s|train_loss 0.00632196|val_loss 0.00024389
Epoch  47|time: 3.35s|train_loss 0.00625258|val_loss 0.00023556
Epoch  48|time: 3.26s|train_loss 0.00627380|val_loss 0.00023951
Epoch  49|time: 3.43s|train_loss 0.00632383|val_loss 0.00024526
Epoch  50|time: 3.34s|train_loss 0.00641860|val_loss 0.00025435
Epoch  51|time: 3.38s|train_loss 0.00640452|val_loss 0.00023624
Epoch  52|time: 3.39s|train_loss 0.00638712|val_loss 0.00024583
Epoch  53|time: 3.26s|train_loss 0.00640227|val_loss 0.00025777
Epoch  54|time: 3.28s|train_loss 0.00663911|val_loss 0.00025614
Epoch  55|time: 3.46s|train_loss 0.00633845|val_loss 0.00025183
Epoch  56|time: 3.32s|train_loss 0.00651202|val_loss 0.00026626
Epoch  57|time: 3.32s|train_loss 0.00621064|val_loss 0.00026642
Epoch  58|time: 3.36s|train_loss 0.00627786|val_loss 0.00034652
Epoch  59|time: 3.25s|train_loss 0.00617505|val_loss 0.00034947
Epoch  60|time: 3.33s|train_loss 0.00621141|val_loss 0.00026663
Epoch  61|time: 3.42s|train_loss 0.00609771|val_loss 0.00024358
Epoch  62|time: 3.29s|train_loss 0.00611386|val_loss 0.00023119
Epoch  63|time: 3.22s|train_loss 0.00611551|val_loss 0.00024115
Epoch  64|time: 3.22s|train_loss 0.00613679|val_loss 0.00023907
Epoch  65|time: 3.34s|train_loss 0.00613324|val_loss 0.00030506
Epoch  66|time: 3.27s|train_loss 0.00623732|val_loss 0.00025032
Epoch  67|time: 3.35s|train_loss 0.00607196|val_loss 0.00022708
Best validation epoch: 67 Tue May 23 19:39:28 2023
TEST MAE 0.2912 | std 0.0767 | RMSE 0.4304 | RMSEs 0.4174 | PCC 0.8936 | PCCs 0.8466 | R2 0.7919 | R2s 0.6745 | Var 0.7920 | Vars 0.6804 | Peak 0.1644
Epoch  68|time: 3.24s|train_loss 0.00625197|val_loss 0.00024151
Epoch  69|time: 3.23s|train_loss 0.00635329|val_loss 0.00028875
Epoch  70|time: 3.45s|train_loss 0.00627251|val_loss 0.00026549
Epoch  71|time: 3.33s|train_loss 0.00618204|val_loss 0.00025466
Epoch  72|time: 3.23s|train_loss 0.00612233|val_loss 0.00024536
Epoch  73|time: 3.53s|train_loss 0.00604054|val_loss 0.00022818
Epoch  74|time: 3.24s|train_loss 0.00606012|val_loss 0.00023845
Epoch  75|time: 3.39s|train_loss 0.00631367|val_loss 0.00023932
Epoch  76|time: 3.24s|train_loss 0.00647452|val_loss 0.00022849
Epoch  77|time: 3.42s|train_loss 0.00626905|val_loss 0.00023765
Epoch  78|time: 3.27s|train_loss 0.00620702|val_loss 0.00024644
Epoch  79|time: 3.41s|train_loss 0.00615411|val_loss 0.00024335
Epoch  80|time: 3.28s|train_loss 0.00613553|val_loss 0.00023990
Epoch  81|time: 3.28s|train_loss 0.00612828|val_loss 0.00024947
Epoch  82|time: 3.25s|train_loss 0.00602943|val_loss 0.00024282
Epoch  83|time: 3.26s|train_loss 0.00604549|val_loss 0.00024032
Epoch  84|time: 3.25s|train_loss 0.00602861|val_loss 0.00022986
Epoch  85|time: 3.33s|train_loss 0.00615391|val_loss 0.00025644
Epoch  86|time: 3.28s|train_loss 0.00630087|val_loss 0.00026184
Epoch  87|time: 3.23s|train_loss 0.00623984|val_loss 0.00026459
Epoch  88|time: 3.31s|train_loss 0.00613099|val_loss 0.00031643
Epoch  89|time: 3.26s|train_loss 0.00607762|val_loss 0.00030519
Epoch  90|time: 3.32s|train_loss 0.00607359|val_loss 0.00024499
Epoch  91|time: 3.38s|train_loss 0.00603673|val_loss 0.00027589
Epoch  92|time: 3.26s|train_loss 0.00616517|val_loss 0.00023834
Epoch  93|time: 3.24s|train_loss 0.00612400|val_loss 0.00023910
Epoch  94|time: 3.46s|train_loss 0.00596949|val_loss 0.00025651
Epoch  95|time: 3.23s|train_loss 0.00610171|val_loss 0.00026265
Epoch  96|time: 3.30s|train_loss 0.00605636|val_loss 0.00026831
Epoch  97|time: 3.35s|train_loss 0.00602381|val_loss 0.00024110
Epoch  98|time: 3.26s|train_loss 0.00596402|val_loss 0.00023322
Epoch  99|time: 3.31s|train_loss 0.00602272|val_loss 0.00023561
Epoch 100|time: 3.39s|train_loss 0.00613459|val_loss 0.00023824
Epoch 101|time: 3.20s|train_loss 0.00604528|val_loss 0.00024159
Epoch 102|time: 3.23s|train_loss 0.00591979|val_loss 0.00026972
Epoch 103|time: 3.40s|train_loss 0.00599784|val_loss 0.00026040
Epoch 104|time: 3.34s|train_loss 0.00594369|val_loss 0.00024066
Epoch 105|time: 3.24s|train_loss 0.00600619|val_loss 0.00024138
Epoch 106|time: 3.33s|train_loss 0.00591545|val_loss 0.00023875
Epoch 107|time: 3.24s|train_loss 0.00587667|val_loss 0.00024638
Epoch 108|time: 3.30s|train_loss 0.00593954|val_loss 0.00023025
Epoch 109|time: 3.41s|train_loss 0.00591231|val_loss 0.00023593
Epoch 110|time: 3.22s|train_loss 0.00596879|val_loss 0.00023349
Epoch 111|time: 3.27s|train_loss 0.00582015|val_loss 0.00022626
Best validation epoch: 111 Tue May 23 19:41:54 2023
TEST MAE 0.2777 | std 0.0792 | RMSE 0.4223 | RMSEs 0.4074 | PCC 0.8995 | PCCs 0.8625 | R2 0.7997 | R2s 0.6858 | Var 0.8008 | Vars 0.7005 | Peak 0.1612
Epoch 112|time: 3.55s|train_loss 0.00577377|val_loss 0.00024281
Epoch 113|time: 3.25s|train_loss 0.00576993|val_loss 0.00022761
Epoch 114|time: 3.26s|train_loss 0.00578502|val_loss 0.00022799
Epoch 115|time: 3.50s|train_loss 0.00583686|val_loss 0.00025648
Epoch 116|time: 3.22s|train_loss 0.00583012|val_loss 0.00022431
Best validation epoch: 116 Tue May 23 19:42:11 2023
TEST MAE 0.2835 | std 0.0893 | RMSE 0.4339 | RMSEs 0.4149 | PCC 0.9048 | PCCs 0.8772 | R2 0.7885 | R2s 0.6732 | Var 0.7958 | Vars 0.7009 | Peak 0.1638
Epoch 117|time: 3.29s|train_loss 0.00584700|val_loss 0.00022679
Epoch 118|time: 3.35s|train_loss 0.00581574|val_loss 0.00023739
Epoch 119|time: 3.18s|train_loss 0.00583927|val_loss 0.00022699
Epoch 120|time: 3.29s|train_loss 0.00582692|val_loss 0.00025402
Epoch 121|time: 3.35s|train_loss 0.00581827|val_loss 0.00032047
Epoch 122|time: 3.30s|train_loss 0.00597381|val_loss 0.00022934
Epoch 123|time: 3.23s|train_loss 0.00591581|val_loss 0.00022875
Epoch 124|time: 3.46s|train_loss 0.00571514|val_loss 0.00024682
Epoch 125|time: 3.24s|train_loss 0.00591777|val_loss 0.00025626
Epoch 126|time: 3.30s|train_loss 0.00600919|val_loss 0.00022766
Epoch 127|time: 3.21s|train_loss 0.00582652|val_loss 0.00024060
Epoch 128|time: 3.25s|train_loss 0.00580712|val_loss 0.00022696
Epoch 129|time: 3.35s|train_loss 0.00573036|val_loss 0.00022481
Epoch 130|time: 3.33s|train_loss 0.00571568|val_loss 0.00023331
Epoch 131|time: 3.37s|train_loss 0.00570084|val_loss 0.00024333
Epoch 132|time: 3.21s|train_loss 0.00577727|val_loss 0.00032263
Epoch 133|time: 3.28s|train_loss 0.00572515|val_loss 0.00028318
Epoch 134|time: 3.23s|train_loss 0.00563038|val_loss 0.00023243
Epoch 135|time: 3.28s|train_loss 0.00561426|val_loss 0.00022923
Epoch 136|time: 3.33s|train_loss 0.00565170|val_loss 0.00022497
Epoch 137|time: 3.22s|train_loss 0.00572579|val_loss 0.00025684
Epoch 138|time: 3.17s|train_loss 0.00592369|val_loss 0.00025878
Epoch 139|time: 3.36s|train_loss 0.00575983|val_loss 0.00024584
Epoch 140|time: 3.34s|train_loss 0.00574125|val_loss 0.00026022
Epoch 141|time: 3.19s|train_loss 0.00572982|val_loss 0.00025778
Epoch 142|time: 3.32s|train_loss 0.00571350|val_loss 0.00024208
Epoch 143|time: 3.22s|train_loss 0.00557985|val_loss 0.00025801
Epoch 144|time: 3.31s|train_loss 0.00565726|val_loss 0.00026678
Epoch 145|time: 3.26s|train_loss 0.00570895|val_loss 0.00022891
Epoch 146|time: 3.26s|train_loss 0.00569135|val_loss 0.00026334
Epoch 147|time: 3.25s|train_loss 0.00587721|val_loss 0.00023226
Epoch 148|time: 3.26s|train_loss 0.00571932|val_loss 0.00022586
Epoch 149|time: 3.26s|train_loss 0.00563136|val_loss 0.00023408
Epoch 150|time: 3.33s|train_loss 0.00562715|val_loss 0.00025096
Epoch 151|time: 3.32s|train_loss 0.00564392|val_loss 0.00025341
Epoch 152|time: 3.18s|train_loss 0.00556081|val_loss 0.00023644
Epoch 153|time: 3.22s|train_loss 0.00566983|val_loss 0.00024503
Epoch 154|time: 3.29s|train_loss 0.00560522|val_loss 0.00025380
Epoch 155|time: 3.21s|train_loss 0.00564490|val_loss 0.00026986
Epoch 156|time: 3.22s|train_loss 0.00562462|val_loss 0.00024873
Epoch 157|time: 3.28s|train_loss 0.00558165|val_loss 0.00030661
Epoch 158|time: 3.29s|train_loss 0.00562996|val_loss 0.00027277
Epoch 159|time: 3.17s|train_loss 0.00560089|val_loss 0.00031283
Epoch 160|time: 3.26s|train_loss 0.00562139|val_loss 0.00024826
Epoch 161|time: 3.26s|train_loss 0.00557838|val_loss 0.00023277
Epoch 162|time: 3.21s|train_loss 0.00545635|val_loss 0.00023629
Epoch 163|time: 3.25s|train_loss 0.00552083|val_loss 0.00023772
Epoch 164|time: 3.44s|train_loss 0.00547321|val_loss 0.00025524
Epoch 165|time: 3.15s|train_loss 0.00564405|val_loss 0.00022933
Epoch 166|time: 3.38s|train_loss 0.00547717|val_loss 0.00023668
Epoch 167|time: 3.21s|train_loss 0.00546067|val_loss 0.00024877
Epoch 168|time: 3.44s|train_loss 0.00536508|val_loss 0.00027471
Epoch 169|time: 4.06s|train_loss 0.00552476|val_loss 0.00023519
Epoch 170|time: 3.32s|train_loss 0.00555167|val_loss 0.00022177
Best validation epoch: 170 Tue May 23 19:45:10 2023
TEST MAE 0.3039 | std 0.0877 | RMSE 0.4605 | RMSEs 0.4423 | PCC 0.8934 | PCCs 0.8582 | R2 0.7618 | R2s 0.6232 | Var 0.7681 | Vars 0.6473 | Peak 0.1708
Epoch 171|time: 3.26s|train_loss 0.00568002|val_loss 0.00024430
Epoch 172|time: 3.34s|train_loss 0.00576298|val_loss 0.00021970
Best validation epoch: 172 Tue May 23 19:45:17 2023
TEST MAE 0.2929 | std 0.0920 | RMSE 0.4639 | RMSEs 0.4416 | PCC 0.9000 | PCCs 0.8776 | R2 0.7583 | R2s 0.6188 | Var 0.7748 | Vars 0.6728 | Peak 0.1751
Epoch 173|time: 3.22s|train_loss 0.00575866|val_loss 0.00025795
Epoch 174|time: 3.18s|train_loss 0.00554379|val_loss 0.00023690
Epoch 175|time: 3.24s|train_loss 0.00551366|val_loss 0.00022157
Epoch 176|time: 3.30s|train_loss 0.00530078|val_loss 0.00023927
Epoch 177|time: 3.23s|train_loss 0.00552017|val_loss 0.00024766
Epoch 178|time: 3.34s|train_loss 0.00544322|val_loss 0.00023809
Epoch 179|time: 3.24s|train_loss 0.00578366|val_loss 0.00021692
Best validation epoch: 179 Tue May 23 19:45:41 2023
TEST MAE 0.2806 | std 0.0792 | RMSE 0.4383 | RMSEs 0.4213 | PCC 0.8957 | PCCs 0.8628 | R2 0.7842 | R2s 0.6589 | Var 0.7866 | Vars 0.6803 | Peak 0.1635
Epoch 180|time: 3.18s|train_loss 0.00575261|val_loss 0.00022505
Epoch 181|time: 3.36s|train_loss 0.00567311|val_loss 0.00022885
Epoch 182|time: 3.22s|train_loss 0.00542707|val_loss 0.00022470
Epoch 183|time: 3.40s|train_loss 0.00533104|val_loss 0.00022837
Epoch 184|time: 3.28s|train_loss 0.00519971|val_loss 0.00025776
Epoch 185|time: 3.20s|train_loss 0.00541020|val_loss 0.00024214
Epoch 186|time: 3.38s|train_loss 0.00541210|val_loss 0.00023113
Epoch 187|time: 3.23s|train_loss 0.00524606|val_loss 0.00025788
Epoch 188|time: 3.26s|train_loss 0.00546376|val_loss 0.00027110
Epoch 189|time: 3.24s|train_loss 0.00548222|val_loss 0.00028399
Epoch 190|time: 3.35s|train_loss 0.00535508|val_loss 0.00022576
Epoch 191|time: 3.29s|train_loss 0.00529183|val_loss 0.00023055
Epoch 192|time: 3.22s|train_loss 0.00540316|val_loss 0.00024427
Epoch 193|time: 3.31s|train_loss 0.00543670|val_loss 0.00023150
Epoch 194|time: 3.16s|train_loss 0.00570880|val_loss 0.00022977
Epoch 195|time: 3.31s|train_loss 0.00524423|val_loss 0.00022290
Epoch 196|time: 3.31s|train_loss 0.00508317|val_loss 0.00021675
Best validation epoch: 196 Tue May 23 19:46:37 2023
TEST MAE 0.2956 | std 0.0814 | RMSE 0.4574 | RMSEs 0.4404 | PCC 0.8901 | PCCs 0.8511 | R2 0.7649 | R2s 0.6228 | Var 0.7707 | Vars 0.6483 | Peak 0.1725
Epoch 197|time: 3.26s|train_loss 0.00499463|val_loss 0.00022307
Epoch 198|time: 3.15s|train_loss 0.00512337|val_loss 0.00022684
Epoch 199|time: 3.17s|train_loss 0.00527790|val_loss 0.00028389
Epoch 200|time: 3.23s|train_loss 0.00523430|val_loss 0.00025137
Epoch 201|time: 3.32s|train_loss 0.00502753|val_loss 0.00024996
Epoch 202|time: 3.29s|train_loss 0.00514091|val_loss 0.00025648
Epoch 203|time: 3.23s|train_loss 0.00495194|val_loss 0.00024889
Epoch 204|time: 3.37s|train_loss 0.00493326|val_loss 0.00024857
Epoch 205|time: 3.26s|train_loss 0.00484663|val_loss 0.00026158
Epoch 206|time: 3.22s|train_loss 0.00495468|val_loss 0.00027180
Epoch 207|time: 3.20s|train_loss 0.00478566|val_loss 0.00024359
Epoch 208|time: 3.31s|train_loss 0.00481274|val_loss 0.00023448
Epoch 209|time: 3.33s|train_loss 0.00464055|val_loss 0.00022252
Epoch 210|time: 3.24s|train_loss 0.00468840|val_loss 0.00024192
Epoch 211|time: 3.31s|train_loss 0.00481463|val_loss 0.00022495
Epoch 212|time: 3.21s|train_loss 0.00454196|val_loss 0.00021888
Epoch 213|time: 3.27s|train_loss 0.00464459|val_loss 0.00024719
Epoch 214|time: 3.40s|train_loss 0.00468471|val_loss 0.00022373
Epoch 215|time: 3.33s|train_loss 0.00478618|val_loss 0.00022279
Epoch 216|time: 3.23s|train_loss 0.00496825|val_loss 0.00021742
Epoch 217|time: 3.24s|train_loss 0.00479014|val_loss 0.00023095
Epoch 218|time: 3.27s|train_loss 0.00458758|val_loss 0.00022616
Epoch 219|time: 3.36s|train_loss 0.00440478|val_loss 0.00022400
Epoch 220|time: 3.44s|train_loss 0.00446776|val_loss 0.00022025
Epoch 221|time: 3.22s|train_loss 0.00430107|val_loss 0.00021750
Epoch 222|time: 3.20s|train_loss 0.00434403|val_loss 0.00027038
Epoch 223|time: 3.33s|train_loss 0.00598080|val_loss 0.00024145
Epoch 224|time: 3.24s|train_loss 0.00564838|val_loss 0.00030959
Epoch 225|time: 3.23s|train_loss 0.00554042|val_loss 0.00065068
Epoch 226|time: 3.17s|train_loss 0.00575208|val_loss 0.00021156
Best validation epoch: 226 Tue May 23 19:48:16 2023
TEST MAE 0.3154 | std 0.0932 | RMSE 0.4861 | RMSEs 0.4650 | PCC 0.8922 | PCCs 0.8653 | R2 0.7346 | R2s 0.5701 | Var 0.7617 | Vars 0.6517 | Peak 0.1810
Epoch 227|time: 3.24s|train_loss 0.00500187|val_loss 0.00022653
Epoch 228|time: 3.17s|train_loss 0.00482339|val_loss 0.00026115
Epoch 229|time: 3.43s|train_loss 0.00483456|val_loss 0.00023421
Epoch 230|time: 3.23s|train_loss 0.00547810|val_loss 0.00021084
Best validation epoch: 230 Tue May 23 19:48:30 2023
TEST MAE 0.2858 | std 0.0808 | RMSE 0.4557 | RMSEs 0.4374 | PCC 0.8864 | PCCs 0.8499 | R2 0.7667 | R2s 0.6291 | Var 0.7687 | Vars 0.6508 | Peak 0.1723
Epoch 231|time: 3.24s|train_loss 0.00529253|val_loss 0.00022178
Epoch 232|time: 3.35s|train_loss 0.00517094|val_loss 0.00028914
Epoch 233|time: 3.23s|train_loss 0.00534970|val_loss 0.00021138
Epoch 234|time: 3.34s|train_loss 0.00549451|val_loss 0.00022589
Epoch 235|time: 3.38s|train_loss 0.00501458|val_loss 0.00021594
Epoch 236|time: 3.21s|train_loss 0.00485453|val_loss 0.00023599
Epoch 237|time: 3.26s|train_loss 0.00505896|val_loss 0.00025169
Epoch 238|time: 3.39s|train_loss 0.00490166|val_loss 0.00025704
Epoch 239|time: 3.24s|train_loss 0.00477949|val_loss 0.00023237
Epoch 240|time: 3.22s|train_loss 0.00484322|val_loss 0.00021351
Epoch 241|time: 3.34s|train_loss 0.00486174|val_loss 0.00023131
Epoch 242|time: 3.33s|train_loss 0.00518926|val_loss 0.00023458
Epoch 243|time: 3.20s|train_loss 0.00540717|val_loss 0.00023812
Epoch 244|time: 3.35s|train_loss 0.00522058|val_loss 0.00021467
Epoch 245|time: 3.24s|train_loss 0.00492087|val_loss 0.00021402
Epoch 246|time: 3.29s|train_loss 0.00482798|val_loss 0.00021900
Epoch 247|time: 3.19s|train_loss 0.00496610|val_loss 0.00022063
Epoch 248|time: 3.40s|train_loss 0.00497614|val_loss 0.00021656
Epoch 249|time: 3.25s|train_loss 0.00473641|val_loss 0.00022321
Epoch 250|time: 3.21s|train_loss 0.00477671|val_loss 0.00021393
Epoch 251|time: 3.41s|train_loss 0.00467895|val_loss 0.00021987
Epoch 252|time: 3.32s|train_loss 0.00462879|val_loss 0.00023099
Epoch 253|time: 3.23s|train_loss 0.00461293|val_loss 0.00021783
Epoch 254|time: 3.41s|train_loss 0.00462593|val_loss 0.00021452
Epoch 255|time: 3.16s|train_loss 0.00473331|val_loss 0.00022530
Epoch 256|time: 3.62s|train_loss 0.00472138|val_loss 0.00022677
Epoch 257|time: 3.25s|train_loss 0.00464328|val_loss 0.00024815
Epoch 258|time: 3.22s|train_loss 0.00473136|val_loss 0.00026308
Epoch 259|time: 3.23s|train_loss 0.00446744|val_loss 0.00024868
Epoch 260|time: 3.38s|train_loss 0.00448155|val_loss 0.00024198
Epoch 261|time: 3.20s|train_loss 0.00440599|val_loss 0.00023716
Epoch 262|time: 3.29s|train_loss 0.00453619|val_loss 0.00022028
Epoch 263|time: 3.37s|train_loss 0.00450785|val_loss 0.00023483
Epoch 264|time: 3.22s|train_loss 0.00474647|val_loss 0.00023923
Epoch 265|time: 3.17s|train_loss 0.00465866|val_loss 0.00022341
Epoch 266|time: 3.48s|train_loss 0.00454874|val_loss 0.00021939
Epoch 267|time: 3.23s|train_loss 0.00447307|val_loss 0.00021610
Epoch 268|time: 3.23s|train_loss 0.00436268|val_loss 0.00023355
Epoch 269|time: 3.36s|train_loss 0.00437389|val_loss 0.00021315
Epoch 270|time: 3.29s|train_loss 0.00435679|val_loss 0.00021191
Epoch 271|time: 3.27s|train_loss 0.00442901|val_loss 0.00022844
Epoch 272|time: 3.42s|train_loss 0.00420690|val_loss 0.00021386
Epoch 273|time: 3.27s|train_loss 0.00433458|val_loss 0.00022534
Epoch 274|time: 3.30s|train_loss 0.00425984|val_loss 0.00021141
Epoch 275|time: 3.39s|train_loss 0.00446232|val_loss 0.00023125
Epoch 276|time: 3.17s|train_loss 0.00445822|val_loss 0.00024462
Epoch 277|time: 3.20s|train_loss 0.00441767|val_loss 0.00024186
Epoch 278|time: 3.26s|train_loss 0.00418743|val_loss 0.00021486
Epoch 279|time: 3.18s|train_loss 0.00414530|val_loss 0.00022190
Epoch 280|time: 3.31s|train_loss 0.00423537|val_loss 0.00021278
Epoch 281|time: 3.25s|train_loss 0.00416221|val_loss 0.00020818
Best validation epoch: 281 Tue May 23 19:51:18 2023
TEST MAE 0.3206 | std 0.1028 | RMSE 0.5313 | RMSEs 0.5052 | PCC 0.8755 | PCCs 0.8424 | R2 0.6829 | R2s 0.4928 | Var 0.6954 | Vars 0.5329 | Peak 0.1960
Epoch 282|time: 3.22s|train_loss 0.00420260|val_loss 0.00021364
Epoch 283|time: 3.21s|train_loss 0.00419619|val_loss 0.00022617
Epoch 284|time: 3.29s|train_loss 0.00408901|val_loss 0.00022032
Epoch 285|time: 3.19s|train_loss 0.00401153|val_loss 0.00020708
Best validation epoch: 285 Tue May 23 19:51:32 2023
TEST MAE 0.3448 | std 0.1091 | RMSE 0.5654 | RMSEs 0.5390 | PCC 0.8645 | PCCs 0.8274 | R2 0.6409 | R2s 0.4181 | Var 0.6540 | Vars 0.4601 | Peak 0.2157
Epoch 286|time: 3.26s|train_loss 0.00400766|val_loss 0.00021570
Epoch 287|time: 3.21s|train_loss 0.00401209|val_loss 0.00021041
Epoch 288|time: 3.29s|train_loss 0.00414216|val_loss 0.00022249
Epoch 289|time: 3.21s|train_loss 0.00418565|val_loss 0.00023028
Epoch 290|time: 3.39s|train_loss 0.00421135|val_loss 0.00028476
Epoch 291|time: 3.21s|train_loss 0.00435510|val_loss 0.00025751
Epoch 292|time: 3.27s|train_loss 0.00398393|val_loss 0.00024850
Epoch 293|time: 3.44s|train_loss 0.00396915|val_loss 0.00024298
Epoch 294|time: 3.17s|train_loss 0.00414906|val_loss 0.00024450
Epoch 295|time: 3.22s|train_loss 0.00397297|val_loss 0.00024931
Epoch 296|time: 3.42s|train_loss 0.00386586|val_loss 0.00024246
Epoch 297|time: 3.27s|train_loss 0.00393953|val_loss 0.00023616
Epoch 298|time: 3.36s|train_loss 0.00404543|val_loss 0.00022549
Epoch 299|time: 3.29s|train_loss 0.00402222|val_loss 0.00024292
Epoch 300|time: 3.23s|train_loss 0.00395987|val_loss 0.00028749
Epoch 301|time: 3.25s|train_loss 0.00411735|val_loss 0.00023478
Epoch 302|time: 3.47s|train_loss 0.00410771|val_loss 0.00026014
Epoch 303|time: 3.24s|train_loss 0.00434811|val_loss 0.00027575
Epoch 304|time: 3.23s|train_loss 0.00404463|val_loss 0.00024622
Epoch 305|time: 3.31s|train_loss 0.00389360|val_loss 0.00022366
Epoch 306|time: 3.32s|train_loss 0.00377839|val_loss 0.00021823
Epoch 307|time: 3.27s|train_loss 0.00384200|val_loss 0.00021125
Epoch 308|time: 3.33s|train_loss 0.00397520|val_loss 0.00022334
Epoch 309|time: 3.24s|train_loss 0.00385574|val_loss 0.00027119
Epoch 310|time: 3.24s|train_loss 0.00410608|val_loss 0.00023012
Epoch 311|time: 3.30s|train_loss 0.00442744|val_loss 0.00022399
Epoch 312|time: 3.30s|train_loss 0.00408187|val_loss 0.00021611
Epoch 313|time: 3.15s|train_loss 0.00373014|val_loss 0.00021519
Epoch 314|time: 3.14s|train_loss 0.00360610|val_loss 0.00021542
Epoch 315|time: 3.10s|train_loss 0.00359124|val_loss 0.00021478
Epoch 316|time: 3.22s|train_loss 0.00339602|val_loss 0.00021584
Epoch 317|time: 3.28s|train_loss 0.00338602|val_loss 0.00023392
Epoch 318|time: 3.16s|train_loss 0.00344134|val_loss 0.00021998
Epoch 319|time: 3.21s|train_loss 0.00365603|val_loss 0.00022464
Epoch 320|time: 3.40s|train_loss 0.00357525|val_loss 0.00024414
Epoch 321|time: 3.27s|train_loss 0.00385724|val_loss 0.00028837
Epoch 322|time: 3.17s|train_loss 0.00396593|val_loss 0.00028565
Epoch 323|time: 3.37s|train_loss 0.00412294|val_loss 0.00025193
Epoch 324|time: 3.24s|train_loss 0.00397333|val_loss 0.00026181
Epoch 325|time: 3.23s|train_loss 0.00379580|val_loss 0.00026715
Epoch 326|time: 3.30s|train_loss 0.00363230|val_loss 0.00026636
Epoch 327|time: 3.23s|train_loss 0.00359321|val_loss 0.00026426
Epoch 328|time: 3.25s|train_loss 0.00337959|val_loss 0.00024952
Epoch 329|time: 3.20s|train_loss 0.00347524|val_loss 0.00026273
Epoch 330|time: 3.28s|train_loss 0.00336292|val_loss 0.00025405
Epoch 331|time: 3.19s|train_loss 0.00331431|val_loss 0.00027910
Epoch 332|time: 3.23s|train_loss 0.00339021|val_loss 0.00026228
Epoch 333|time: 3.38s|train_loss 0.00326440|val_loss 0.00024918
Epoch 334|time: 3.31s|train_loss 0.00319381|val_loss 0.00025172
Epoch 335|time: 3.22s|train_loss 0.00316279|val_loss 0.00024338
Epoch 336|time: 3.33s|train_loss 0.00332685|val_loss 0.00028033
Epoch 337|time: 3.23s|train_loss 0.00359377|val_loss 0.00024991
Epoch 338|time: 3.23s|train_loss 0.00370545|val_loss 0.00024368
Epoch 339|time: 3.53s|train_loss 0.00343199|val_loss 0.00023105
Epoch 340|time: 3.20s|train_loss 0.00349122|val_loss 0.00022291
Epoch 341|time: 3.20s|train_loss 0.00348279|val_loss 0.00026980
Epoch 342|time: 3.33s|train_loss 0.00342766|val_loss 0.00022937
Epoch 343|time: 3.22s|train_loss 0.00320836|val_loss 0.00030410
Epoch 344|time: 3.31s|train_loss 0.00359370|val_loss 0.00023021
Epoch 345|time: 3.17s|train_loss 0.00358200|val_loss 0.00035835
Epoch 346|time: 3.22s|train_loss 0.00349256|val_loss 0.00024901
Epoch 347|time: 3.22s|train_loss 0.00365112|val_loss 0.00025791
Epoch 348|time: 3.33s|train_loss 0.00361607|val_loss 0.00025476
Epoch 349|time: 3.17s|train_loss 0.00360614|val_loss 0.00024886
Epoch 350|time: 3.20s|train_loss 0.00314914|val_loss 0.00025048
Epoch 351|time: 3.34s|train_loss 0.00305958|val_loss 0.00024400
Epoch 352|time: 3.26s|train_loss 0.00305040|val_loss 0.00024565
Epoch 353|time: 3.29s|train_loss 0.00297268|val_loss 0.00023945
Epoch 354|time: 3.32s|train_loss 0.00303126|val_loss 0.00025109
Epoch 355|time: 3.15s|train_loss 0.00294460|val_loss 0.00023699
Epoch 356|time: 3.21s|train_loss 0.00289506|val_loss 0.00024058
Epoch 357|time: 3.31s|train_loss 0.00309099|val_loss 0.00024181
Epoch 358|time: 3.40s|train_loss 0.00296148|val_loss 0.00024103
Epoch 359|time: 3.20s|train_loss 0.00292808|val_loss 0.00025970
Epoch 360|time: 3.29s|train_loss 0.00298219|val_loss 0.00024977
Epoch 361|time: 3.25s|train_loss 0.00337580|val_loss 0.00024994
Epoch 362|time: 3.34s|train_loss 0.00313241|val_loss 0.00024052
Epoch 363|time: 3.28s|train_loss 0.00285929|val_loss 0.00023625
Epoch 364|time: 3.26s|train_loss 0.00278605|val_loss 0.00023941
Epoch 365|time: 3.19s|train_loss 0.00292145|val_loss 0.00023988
Epoch 366|time: 3.37s|train_loss 0.00310410|val_loss 0.00023979
Epoch 367|time: 3.19s|train_loss 0.00298217|val_loss 0.00024302
Epoch 368|time: 3.27s|train_loss 0.00313382|val_loss 0.00026825
Epoch 369|time: 3.33s|train_loss 0.00304108|val_loss 0.00023156
Epoch 370|time: 3.21s|train_loss 0.00298274|val_loss 0.00024049
Epoch 371|time: 3.26s|train_loss 0.00283765|val_loss 0.00024310
Epoch 372|time: 3.39s|train_loss 0.00286112|val_loss 0.00023510
Epoch 373|time: 3.23s|train_loss 0.00287191|val_loss 0.00023180
Epoch 374|time: 3.21s|train_loss 0.00268431|val_loss 0.00023511
Epoch 375|time: 3.30s|train_loss 0.00275083|val_loss 0.00023141
Epoch 376|time: 3.37s|train_loss 0.00276302|val_loss 0.00024207
Epoch 377|time: 3.26s|train_loss 0.00278705|val_loss 0.00026676
Epoch 378|time: 3.32s|train_loss 0.00281561|val_loss 0.00028658
Epoch 379|time: 3.24s|train_loss 0.00284151|val_loss 0.00023208
Epoch 380|time: 3.34s|train_loss 0.00287083|val_loss 0.00023110
Epoch 381|time: 3.19s|train_loss 0.00335900|val_loss 0.00022589
Epoch 382|time: 3.32s|train_loss 0.00337596|val_loss 0.00023220
Epoch 383|time: 3.18s|train_loss 0.00323690|val_loss 0.00023023
Epoch 384|time: 3.26s|train_loss 0.00298901|val_loss 0.00024188
Epoch 385|time: 3.38s|train_loss 0.00287589|val_loss 0.00024426
Epoch 386|time: 3.33s|train_loss 0.00292301|val_loss 0.00023893
Epoch 387|time: 3.24s|train_loss 0.00287446|val_loss 0.00026564
Epoch 388|time: 3.38s|train_loss 0.00312594|val_loss 0.00024546
Epoch 389|time: 3.24s|train_loss 0.00310430|val_loss 0.00022747
Epoch 390|time: 3.36s|train_loss 0.00289943|val_loss 0.00024268
Epoch 391|time: 3.25s|train_loss 0.00284943|val_loss 0.00024371
Epoch 392|time: 3.24s|train_loss 0.00273516|val_loss 0.00023866
Epoch 393|time: 3.28s|train_loss 0.00301199|val_loss 0.00023397
Epoch 394|time: 3.49s|train_loss 0.00304444|val_loss 0.00022972
Epoch 395|time: 3.25s|train_loss 0.00344271|val_loss 0.00022137
Epoch 396|time: 3.23s|train_loss 0.00333607|val_loss 0.00023257
Epoch 397|time: 3.37s|train_loss 0.00331282|val_loss 0.00025080
Epoch 398|time: 3.30s|train_loss 0.00297533|val_loss 0.00023575
Epoch 399|time: 3.30s|train_loss 0.00318935|val_loss 0.00025369
Epoch 400|time: 3.50s|train_loss 0.00272249|val_loss 0.00023540
Epoch 401|time: 3.23s|train_loss 0.00289904|val_loss 0.00023429
Epoch 402|time: 3.20s|train_loss 0.00269843|val_loss 0.00022115
Epoch 403|time: 3.32s|train_loss 0.00270200|val_loss 0.00022971
Epoch 404|time: 3.30s|train_loss 0.00316351|val_loss 0.00023784
Epoch 405|time: 3.23s|train_loss 0.00282390|val_loss 0.00021550
Epoch 406|time: 3.37s|train_loss 0.00304838|val_loss 0.00021602
Epoch 407|time: 3.29s|train_loss 0.00277184|val_loss 0.00023396
Epoch 408|time: 3.37s|train_loss 0.00260920|val_loss 0.00023092
Epoch 409|time: 3.31s|train_loss 0.00270043|val_loss 0.00022259
Epoch 410|time: 3.23s|train_loss 0.00249775|val_loss 0.00022634
Epoch 411|time: 3.24s|train_loss 0.00256822|val_loss 0.00023824
Epoch 412|time: 3.32s|train_loss 0.00262979|val_loss 0.00025057
Epoch 413|time: 3.33s|train_loss 0.00263872|val_loss 0.00023644
Epoch 414|time: 3.22s|train_loss 0.00294329|val_loss 0.00021508
Epoch 415|time: 3.31s|train_loss 0.00292611|val_loss 0.00025760
Epoch 416|time: 3.25s|train_loss 0.00278425|val_loss 0.00022860
Epoch 417|time: 3.23s|train_loss 0.00276030|val_loss 0.00022225
Epoch 418|time: 3.46s|train_loss 0.00292315|val_loss 0.00026084
Epoch 419|time: 3.24s|train_loss 0.00329184|val_loss 0.00021529
Epoch 420|time: 3.24s|train_loss 0.00285374|val_loss 0.00021595
Epoch 421|time: 3.52s|train_loss 0.00266285|val_loss 0.00024931
Epoch 422|time: 3.36s|train_loss 0.00250347|val_loss 0.00022164
Epoch 423|time: 3.26s|train_loss 0.00250161|val_loss 0.00022082
Epoch 424|time: 3.34s|train_loss 0.00248127|val_loss 0.00024419
Epoch 425|time: 3.29s|train_loss 0.00258349|val_loss 0.00022406
Epoch 426|time: 3.28s|train_loss 0.00251095|val_loss 0.00021700
Epoch 427|time: 3.43s|train_loss 0.00250384|val_loss 0.00022168
Epoch 428|time: 3.29s|train_loss 0.00277634|val_loss 0.00021891
Epoch 429|time: 3.20s|train_loss 0.00262040|val_loss 0.00024724
Epoch 430|time: 3.37s|train_loss 0.00259418|val_loss 0.00025790
Epoch 431|time: 3.22s|train_loss 0.00246300|val_loss 0.00022972
Epoch 432|time: 3.30s|train_loss 0.00265042|val_loss 0.00022602
Epoch 433|time: 3.32s|train_loss 0.00239188|val_loss 0.00021299
Epoch 434|time: 3.24s|train_loss 0.00262061|val_loss 0.00021299
Epoch 435|time: 3.22s|train_loss 0.00311092|val_loss 0.00021409
Epoch 436|time: 3.49s|train_loss 0.00256636|val_loss 0.00025299
Epoch 437|time: 3.26s|train_loss 0.00253211|val_loss 0.00025980
Epoch 438|time: 3.25s|train_loss 0.00241125|val_loss 0.00022041
Epoch 439|time: 3.26s|train_loss 0.00269718|val_loss 0.00020856
Epoch 440|time: 3.38s|train_loss 0.00291230|val_loss 0.00021984
Epoch 441|time: 3.27s|train_loss 0.00259756|val_loss 0.00023838
Epoch 442|time: 3.43s|train_loss 0.00250599|val_loss 0.00022274
Epoch 443|time: 3.25s|train_loss 0.00279449|val_loss 0.00022149
Epoch 444|time: 3.31s|train_loss 0.00260032|val_loss 0.00026139
Epoch 445|time: 3.31s|train_loss 0.00241010|val_loss 0.00021083
Epoch 446|time: 3.29s|train_loss 0.00224805|val_loss 0.00021247
Epoch 447|time: 3.28s|train_loss 0.00229602|val_loss 0.00024404
Epoch 448|time: 3.38s|train_loss 0.00229850|val_loss 0.00027460
Epoch 449|time: 3.29s|train_loss 0.00243688|val_loss 0.00033011
Epoch 450|time: 3.35s|train_loss 0.00236455|val_loss 0.00022521
Epoch 451|time: 3.35s|train_loss 0.00247044|val_loss 0.00022744
Epoch 452|time: 3.25s|train_loss 0.00231427|val_loss 0.00022080
Epoch 453|time: 3.27s|train_loss 0.00223560|val_loss 0.00021584
Epoch 454|time: 3.46s|train_loss 0.00232047|val_loss 0.00022799
Epoch 455|time: 3.28s|train_loss 0.00276280|val_loss 0.00021677
Epoch 456|time: 3.22s|train_loss 0.00233001|val_loss 0.00025305
Epoch 457|time: 3.33s|train_loss 0.00231808|val_loss 0.00025289
Epoch 458|time: 3.23s|train_loss 0.00251101|val_loss 0.00028304
Epoch 459|time: 3.26s|train_loss 0.00248014|val_loss 0.00024295
Epoch 460|time: 3.33s|train_loss 0.00262012|val_loss 0.00025528
Epoch 461|time: 3.25s|train_loss 0.00239280|val_loss 0.00022624
Epoch 462|time: 3.24s|train_loss 0.00269264|val_loss 0.00024418
Epoch 463|time: 3.42s|train_loss 0.00248006|val_loss 0.00021479
Epoch 464|time: 3.30s|train_loss 0.00236998|val_loss 0.00021954
Epoch 465|time: 3.25s|train_loss 0.00240211|val_loss 0.00021615
Epoch 466|time: 3.26s|train_loss 0.00234365|val_loss 0.00021719
Epoch 467|time: 3.25s|train_loss 0.00236454|val_loss 0.00022562
Epoch 468|time: 3.28s|train_loss 0.00230147|val_loss 0.00021357
Epoch 469|time: 3.21s|train_loss 0.00226279|val_loss 0.00022652
Epoch 470|time: 3.22s|train_loss 0.00221058|val_loss 0.00020928
Epoch 471|time: 3.27s|train_loss 0.00213021|val_loss 0.00022885
Epoch 472|time: 3.25s|train_loss 0.00222786|val_loss 0.00024601
Epoch 473|time: 3.40s|train_loss 0.00221478|val_loss 0.00021121
Epoch 474|time: 3.22s|train_loss 0.00241004|val_loss 0.00021929
Epoch 475|time: 3.27s|train_loss 0.00227586|val_loss 0.00021503
Epoch 476|time: 3.45s|train_loss 0.00259881|val_loss 0.00021236
Epoch 477|time: 3.24s|train_loss 0.00232776|val_loss 0.00021902
Epoch 478|time: 3.32s|train_loss 0.00224286|val_loss 0.00021197
Epoch 479|time: 3.32s|train_loss 0.00219895|val_loss 0.00021418
Epoch 480|time: 3.23s|train_loss 0.00219582|val_loss 0.00024963
Epoch 481|time: 3.27s|train_loss 0.00214365|val_loss 0.00022419
Epoch 482|time: 3.37s|train_loss 0.00220483|val_loss 0.00021868
Epoch 483|time: 3.21s|train_loss 0.00237748|val_loss 0.00023412
Epoch 484|time: 3.27s|train_loss 0.00208579|val_loss 0.00024486
Epoch 485|time: 3.35s|train_loss 0.00210653|val_loss 0.00023401
Final evaluation
TEST MAE 0.3448 | std 0.1091 | RMSE 0.5654 | RMSEs 0.5390 | PCC 0.8645 | PCCs 0.8274 | R2 0.6409 | R2s 0.4181 | Var 0.6540 | Vars 0.4601 | Peak 0.2157
