--------Parameters--------
Namespace(batch=32, bi=False, check_point=1, cuda=False, dataset='us_hhs', dropout=0.2, epilambda=0.5, epochs=500, gpu=3, hidsp=15, horizon=1, k=10, lamda=0.01, lr=0.01, model='cola_gnn_epi', mylog=False, n_hidden=20, n_layer=1, patience=200, rnn_model='RNN', save_dir='save', seed=42, shuffle=False, sim_mat='us_hhs-adj', test=0.2, train=0.6, val=0.2, weight_decay=0.0005, window=20)
--------------------------
data shape (364, 10)
size of train/val/test sets 198 73 73
#params: 5145
begin training
Epoch   1|time: 3.18s|train_loss 0.00422981|val_loss 0.00046420
Best validation epoch: 1 Mon May 22 20:16:17 2023
TEST MAE 0.5253 | std 0.1741 | RMSE 0.6357 | RMSEs 0.6065 | PCC 0.9377 | PCCs 0.9255 | R2 0.5461 | R2s 0.3512 | Var 0.8547 | Vars 0.8397 | Peak 0.2578
Epoch   2|time: 3.19s|train_loss 0.00319515|val_loss 0.00027628
Best validation epoch: 2 Mon May 22 20:16:21 2023
TEST MAE 0.3829 | std 0.1023 | RMSE 0.4541 | RMSEs 0.4397 | PCC 0.9463 | PCCs 0.9381 | R2 0.7684 | R2s 0.6150 | Var 0.8936 | Vars 0.8719 | Peak 0.1463
Epoch   3|time: 3.18s|train_loss 0.00307109|val_loss 0.00023130
Best validation epoch: 3 Mon May 22 20:16:25 2023
TEST MAE 0.2962 | std 0.0877 | RMSE 0.3811 | RMSEs 0.3654 | PCC 0.9535 | PCCs 0.9406 | R2 0.8368 | R2s 0.7615 | Var 0.9089 | Vars 0.8763 | Peak 0.1391
Epoch   4|time: 3.17s|train_loss 0.00292294|val_loss 0.00018158
Best validation epoch: 4 Mon May 22 20:16:29 2023
TEST MAE 0.2272 | std 0.0557 | RMSE 0.3043 | RMSEs 0.2945 | PCC 0.9573 | PCCs 0.9432 | R2 0.8960 | R2s 0.8378 | Var 0.9164 | Vars 0.8842 | Peak 0.1034
Epoch   5|time: 3.16s|train_loss 0.00291292|val_loss 0.00014683
Best validation epoch: 5 Mon May 22 20:16:33 2023
TEST MAE 0.1846 | std 0.0485 | RMSE 0.2693 | RMSEs 0.2591 | PCC 0.9598 | PCCs 0.9436 | R2 0.9185 | R2s 0.8767 | Var 0.9211 | Vars 0.8854 | Peak 0.0969
Epoch   6|time: 3.26s|train_loss 0.00286439|val_loss 0.00015348
Epoch   7|time: 3.17s|train_loss 0.00283138|val_loss 0.00016633
Epoch   8|time: 3.30s|train_loss 0.00278987|val_loss 0.00014170
Best validation epoch: 8 Mon May 22 20:16:43 2023
TEST MAE 0.1816 | std 0.0454 | RMSE 0.2628 | RMSEs 0.2536 | PCC 0.9619 | PCCs 0.9452 | R2 0.9224 | R2s 0.8814 | Var 0.9253 | Vars 0.8898 | Peak 0.0938
Epoch   9|time: 3.20s|train_loss 0.00280986|val_loss 0.00022983
Epoch  10|time: 3.16s|train_loss 0.00279235|val_loss 0.00021605
Epoch  11|time: 3.18s|train_loss 0.00272811|val_loss 0.00019191
Epoch  12|time: 3.29s|train_loss 0.00271651|val_loss 0.00019991
Epoch  13|time: 3.18s|train_loss 0.00273875|val_loss 0.00026294
Epoch  14|time: 3.17s|train_loss 0.00268294|val_loss 0.00017659
Epoch  15|time: 3.22s|train_loss 0.00270050|val_loss 0.00016746
Epoch  16|time: 3.29s|train_loss 0.00266200|val_loss 0.00025711
Epoch  17|time: 3.16s|train_loss 0.00264845|val_loss 0.00014743
Epoch  18|time: 3.22s|train_loss 0.00259065|val_loss 0.00013473
Best validation epoch: 18 Mon May 22 20:17:16 2023
TEST MAE 0.1645 | std 0.0434 | RMSE 0.2479 | RMSEs 0.2386 | PCC 0.9651 | PCCs 0.9484 | R2 0.9309 | R2s 0.8948 | Var 0.9310 | Vars 0.8968 | Peak 0.0921
Epoch  19|time: 3.16s|train_loss 0.00257442|val_loss 0.00013759
Epoch  20|time: 3.17s|train_loss 0.00257359|val_loss 0.00013455
Best validation epoch: 20 Mon May 22 20:17:23 2023
TEST MAE 0.1627 | std 0.0439 | RMSE 0.2463 | RMSEs 0.2368 | PCC 0.9654 | PCCs 0.9490 | R2 0.9319 | R2s 0.8965 | Var 0.9319 | Vars 0.8978 | Peak 0.0919
Epoch  21|time: 3.17s|train_loss 0.00256944|val_loss 0.00015058
Epoch  22|time: 3.17s|train_loss 0.00255638|val_loss 0.00017219
Epoch  23|time: 3.17s|train_loss 0.00252075|val_loss 0.00023174
Epoch  24|time: 3.23s|train_loss 0.00252885|val_loss 0.00013849
Epoch  25|time: 3.17s|train_loss 0.00246657|val_loss 0.00013565
Epoch  26|time: 3.25s|train_loss 0.00262259|val_loss 0.00013473
Epoch  27|time: 3.20s|train_loss 0.00253103|val_loss 0.00016703
Epoch  28|time: 3.20s|train_loss 0.00246963|val_loss 0.00013839
Epoch  29|time: 3.18s|train_loss 0.00243613|val_loss 0.00015129
Epoch  30|time: 3.40s|train_loss 0.00243916|val_loss 0.00013472
Epoch  31|time: 3.16s|train_loss 0.00243299|val_loss 0.00013687
Epoch  32|time: 3.17s|train_loss 0.00248328|val_loss 0.00014032
Epoch  33|time: 3.26s|train_loss 0.00244859|val_loss 0.00013506
Epoch  34|time: 3.25s|train_loss 0.00231794|val_loss 0.00017654
Epoch  35|time: 3.16s|train_loss 0.00242264|val_loss 0.00015402
Epoch  36|time: 3.43s|train_loss 0.00239200|val_loss 0.00013431
Best validation epoch: 36 Mon May 22 20:18:16 2023
TEST MAE 0.1632 | std 0.0433 | RMSE 0.2461 | RMSEs 0.2370 | PCC 0.9655 | PCCs 0.9488 | R2 0.9320 | R2s 0.8960 | Var 0.9322 | Vars 0.8971 | Peak 0.0917
Epoch  37|time: 3.33s|train_loss 0.00228098|val_loss 0.00016900
Epoch  38|time: 3.18s|train_loss 0.00232355|val_loss 0.00014410
Epoch  39|time: 3.27s|train_loss 0.00226355|val_loss 0.00013718
Epoch  40|time: 3.27s|train_loss 0.00225726|val_loss 0.00013443
Epoch  41|time: 3.17s|train_loss 0.00219751|val_loss 0.00013841
Epoch  42|time: 3.30s|train_loss 0.00223418|val_loss 0.00013547
Epoch  43|time: 3.18s|train_loss 0.00220113|val_loss 0.00014391
Epoch  44|time: 3.25s|train_loss 0.00222857|val_loss 0.00017919
Epoch  45|time: 3.32s|train_loss 0.00211767|val_loss 0.00014091
Epoch  46|time: 3.18s|train_loss 0.00216876|val_loss 0.00013775
Epoch  47|time: 3.17s|train_loss 0.00211296|val_loss 0.00013725
Epoch  48|time: 3.19s|train_loss 0.00214601|val_loss 0.00014256
Epoch  49|time: 3.25s|train_loss 0.00206991|val_loss 0.00014746
Epoch  50|time: 3.18s|train_loss 0.00218723|val_loss 0.00013619
Epoch  51|time: 3.28s|train_loss 0.00210111|val_loss 0.00013613
Epoch  52|time: 3.17s|train_loss 0.00208558|val_loss 0.00015242
Epoch  53|time: 3.18s|train_loss 0.00211042|val_loss 0.00013567
Epoch  54|time: 3.43s|train_loss 0.00217414|val_loss 0.00015420
Epoch  55|time: 3.28s|train_loss 0.00212113|val_loss 0.00015302
Epoch  56|time: 3.15s|train_loss 0.00205517|val_loss 0.00016941
Epoch  57|time: 3.21s|train_loss 0.00206407|val_loss 0.00015157
Epoch  58|time: 3.14s|train_loss 0.00204296|val_loss 0.00014381
Epoch  59|time: 3.24s|train_loss 0.00204601|val_loss 0.00013564
Epoch  60|time: 3.16s|train_loss 0.00209903|val_loss 0.00013747
Epoch  61|time: 3.31s|train_loss 0.00201488|val_loss 0.00013983
Epoch  62|time: 3.17s|train_loss 0.00203966|val_loss 0.00014013
Epoch  63|time: 3.26s|train_loss 0.00207706|val_loss 0.00015285
Epoch  64|time: 3.20s|train_loss 0.00216943|val_loss 0.00014176
Epoch  65|time: 3.17s|train_loss 0.00204285|val_loss 0.00014538
Epoch  66|time: 3.17s|train_loss 0.00199780|val_loss 0.00013707
Epoch  67|time: 3.18s|train_loss 0.00205284|val_loss 0.00015387
Epoch  68|time: 3.26s|train_loss 0.00206146|val_loss 0.00014249
Epoch  69|time: 3.15s|train_loss 0.00200134|val_loss 0.00013623
Epoch  70|time: 3.17s|train_loss 0.00199365|val_loss 0.00013777
Epoch  71|time: 3.17s|train_loss 0.00199586|val_loss 0.00014477
Epoch  72|time: 3.16s|train_loss 0.00199694|val_loss 0.00017555
Epoch  73|time: 3.37s|train_loss 0.00198659|val_loss 0.00013621
Epoch  74|time: 3.35s|train_loss 0.00200431|val_loss 0.00014142
Epoch  75|time: 3.24s|train_loss 0.00203215|val_loss 0.00013517
Epoch  76|time: 3.25s|train_loss 0.00203072|val_loss 0.00017784
Epoch  77|time: 3.30s|train_loss 0.00201466|val_loss 0.00020776
Epoch  78|time: 3.16s|train_loss 0.00206357|val_loss 0.00015090
Epoch  79|time: 3.33s|train_loss 0.00203537|val_loss 0.00014553
Epoch  80|time: 3.16s|train_loss 0.00198668|val_loss 0.00016038
Epoch  81|time: 3.28s|train_loss 0.00199048|val_loss 0.00016661
Epoch  82|time: 3.27s|train_loss 0.00201496|val_loss 0.00015360
Epoch  83|time: 3.16s|train_loss 0.00197802|val_loss 0.00020304
Epoch  84|time: 3.17s|train_loss 0.00200378|val_loss 0.00016248
Epoch  85|time: 3.19s|train_loss 0.00201831|val_loss 0.00016261
Epoch  86|time: 3.23s|train_loss 0.00198135|val_loss 0.00013604
Epoch  87|time: 3.23s|train_loss 0.00199277|val_loss 0.00013763
Epoch  88|time: 3.17s|train_loss 0.00198084|val_loss 0.00013778
Epoch  89|time: 3.20s|train_loss 0.00193682|val_loss 0.00014371
Epoch  90|time: 3.25s|train_loss 0.00204028|val_loss 0.00015726
Epoch  91|time: 3.28s|train_loss 0.00206575|val_loss 0.00013847
Epoch  92|time: 3.28s|train_loss 0.00195673|val_loss 0.00014855
Epoch  93|time: 3.17s|train_loss 0.00197939|val_loss 0.00013778
Epoch  94|time: 3.15s|train_loss 0.00200087|val_loss 0.00015273
Epoch  95|time: 3.32s|train_loss 0.00200901|val_loss 0.00014574
Epoch  96|time: 3.16s|train_loss 0.00206165|val_loss 0.00013393
Best validation epoch: 96 Mon May 22 20:21:30 2023
TEST MAE 0.1619 | std 0.0443 | RMSE 0.2460 | RMSEs 0.2365 | PCC 0.9655 | PCCs 0.9493 | R2 0.9320 | R2s 0.8969 | Var 0.9322 | Vars 0.8982 | Peak 0.0919
Epoch  97|time: 3.16s|train_loss 0.00203964|val_loss 0.00013568
Epoch  98|time: 3.26s|train_loss 0.00200623|val_loss 0.00013970
Epoch  99|time: 3.16s|train_loss 0.00195212|val_loss 0.00014667
Epoch 100|time: 3.24s|train_loss 0.00197278|val_loss 0.00014070
Epoch 101|time: 3.34s|train_loss 0.00196284|val_loss 0.00017910
Epoch 102|time: 3.17s|train_loss 0.00197223|val_loss 0.00013975
Epoch 103|time: 3.15s|train_loss 0.00202266|val_loss 0.00013581
Epoch 104|time: 3.34s|train_loss 0.00193514|val_loss 0.00015025
Epoch 105|time: 3.25s|train_loss 0.00195944|val_loss 0.00013475
Epoch 106|time: 2.78s|train_loss 0.00193570|val_loss 0.00016135
Epoch 107|time: 2.03s|train_loss 0.00198429|val_loss 0.00014100
Epoch 108|time: 2.04s|train_loss 0.00193388|val_loss 0.00015444
Epoch 109|time: 2.17s|train_loss 0.00193705|val_loss 0.00014339
Epoch 110|time: 2.19s|train_loss 0.00196230|val_loss 0.00013593
Epoch 111|time: 2.33s|train_loss 0.00195177|val_loss 0.00013500
Epoch 112|time: 3.24s|train_loss 0.00193267|val_loss 0.00014483
Epoch 113|time: 3.29s|train_loss 0.00193981|val_loss 0.00015954
Epoch 114|time: 3.33s|train_loss 0.00190398|val_loss 0.00014100
Epoch 115|time: 3.21s|train_loss 0.00190703|val_loss 0.00013501
Epoch 116|time: 3.33s|train_loss 0.00200262|val_loss 0.00014691
Epoch 117|time: 3.17s|train_loss 0.00203507|val_loss 0.00014884
Epoch 118|time: 3.27s|train_loss 0.00204663|val_loss 0.00014022
Epoch 119|time: 3.58s|train_loss 0.00199702|val_loss 0.00013729
Epoch 120|time: 3.42s|train_loss 0.00195377|val_loss 0.00016922
Epoch 121|time: 4.44s|train_loss 0.00205153|val_loss 0.00014517
Epoch 122|time: 3.16s|train_loss 0.00199939|val_loss 0.00018320
Epoch 123|time: 3.28s|train_loss 0.00194694|val_loss 0.00016898
Epoch 124|time: 3.18s|train_loss 0.00194702|val_loss 0.00016545
Epoch 125|time: 3.16s|train_loss 0.00196246|val_loss 0.00013745
Epoch 126|time: 3.16s|train_loss 0.00194570|val_loss 0.00014905
Epoch 127|time: 3.24s|train_loss 0.00197115|val_loss 0.00013737
Epoch 128|time: 3.99s|train_loss 0.00192023|val_loss 0.00013668
Epoch 129|time: 3.99s|train_loss 0.00191064|val_loss 0.00014592
Epoch 130|time: 4.29s|train_loss 0.00194356|val_loss 0.00013717
Epoch 131|time: 4.03s|train_loss 0.00193149|val_loss 0.00013594
Epoch 132|time: 3.62s|train_loss 0.00189652|val_loss 0.00015326
Epoch 133|time: 3.31s|train_loss 0.00191761|val_loss 0.00016253
Epoch 134|time: 3.21s|train_loss 0.00195571|val_loss 0.00013809
Epoch 135|time: 3.28s|train_loss 0.00187984|val_loss 0.00013553
Epoch 136|time: 3.22s|train_loss 0.00193624|val_loss 0.00014651
Epoch 137|time: 3.30s|train_loss 0.00190679|val_loss 0.00013885
Epoch 138|time: 3.24s|train_loss 0.00192349|val_loss 0.00013721
Epoch 139|time: 3.19s|train_loss 0.00190177|val_loss 0.00013483
Epoch 140|time: 3.18s|train_loss 0.00196320|val_loss 0.00013498
Epoch 141|time: 3.26s|train_loss 0.00196147|val_loss 0.00013759
Epoch 142|time: 3.14s|train_loss 0.00201206|val_loss 0.00014223
Epoch 143|time: 3.14s|train_loss 0.00189694|val_loss 0.00013911
Epoch 144|time: 3.18s|train_loss 0.00195723|val_loss 0.00016157
Epoch 145|time: 3.16s|train_loss 0.00196152|val_loss 0.00013877
Epoch 146|time: 3.14s|train_loss 0.00196890|val_loss 0.00013918
Epoch 147|time: 3.29s|train_loss 0.00191055|val_loss 0.00013899
Epoch 148|time: 3.30s|train_loss 0.00197043|val_loss 0.00013497
Epoch 149|time: 3.13s|train_loss 0.00197485|val_loss 0.00015236
Epoch 150|time: 3.13s|train_loss 0.00200659|val_loss 0.00015801
Epoch 151|time: 3.25s|train_loss 0.00192395|val_loss 0.00013729
Epoch 152|time: 3.14s|train_loss 0.00192748|val_loss 0.00013470
Epoch 153|time: 3.13s|train_loss 0.00201939|val_loss 0.00013626
Epoch 154|time: 3.40s|train_loss 0.00193174|val_loss 0.00013421
Epoch 155|time: 3.22s|train_loss 0.00191023|val_loss 0.00015045
Epoch 156|time: 3.15s|train_loss 0.00194313|val_loss 0.00013521
Epoch 157|time: 3.29s|train_loss 0.00189337|val_loss 0.00014107
Epoch 158|time: 3.14s|train_loss 0.00189157|val_loss 0.00013441
Epoch 159|time: 3.13s|train_loss 0.00196153|val_loss 0.00015265
Epoch 160|time: 3.23s|train_loss 0.00187206|val_loss 0.00013398
Epoch 161|time: 3.13s|train_loss 0.00189159|val_loss 0.00013594
Epoch 162|time: 3.13s|train_loss 0.00189991|val_loss 0.00013413
Epoch 163|time: 3.50s|train_loss 0.00188704|val_loss 0.00013593
Epoch 164|time: 3.33s|train_loss 0.00191662|val_loss 0.00013469
Epoch 165|time: 3.51s|train_loss 0.00182766|val_loss 0.00013572
Epoch 166|time: 3.48s|train_loss 0.00182220|val_loss 0.00014189
Epoch 167|time: 3.26s|train_loss 0.00191005|val_loss 0.00014238
Epoch 168|time: 3.19s|train_loss 0.00197235|val_loss 0.00015652
Epoch 169|time: 3.42s|train_loss 0.00191939|val_loss 0.00014386
Epoch 170|time: 3.19s|train_loss 0.00197305|val_loss 0.00014683
Epoch 171|time: 3.20s|train_loss 0.00192509|val_loss 0.00013518
Epoch 172|time: 3.22s|train_loss 0.00188713|val_loss 0.00015359
Epoch 173|time: 3.18s|train_loss 0.00185087|val_loss 0.00014865
Epoch 174|time: 3.31s|train_loss 0.00185642|val_loss 0.00013785
Epoch 175|time: 3.32s|train_loss 0.00186922|val_loss 0.00013347
Best validation epoch: 175 Mon May 22 20:25:46 2023
TEST MAE 0.1633 | std 0.0439 | RMSE 0.2469 | RMSEs 0.2377 | PCC 0.9652 | PCCs 0.9487 | R2 0.9315 | R2s 0.8955 | Var 0.9315 | Vars 0.8968 | Peak 0.0916
Epoch 176|time: 3.13s|train_loss 0.00180474|val_loss 0.00013789
Epoch 177|time: 3.14s|train_loss 0.00182924|val_loss 0.00013476
Epoch 178|time: 3.26s|train_loss 0.00177264|val_loss 0.00014205
Epoch 179|time: 3.14s|train_loss 0.00188359|val_loss 0.00013544
Epoch 180|time: 3.24s|train_loss 0.00188500|val_loss 0.00014565
Epoch 181|time: 3.14s|train_loss 0.00183017|val_loss 0.00013583
Epoch 182|time: 3.17s|train_loss 0.00186379|val_loss 0.00014235
Epoch 183|time: 3.22s|train_loss 0.00186459|val_loss 0.00013689
Epoch 184|time: 3.23s|train_loss 0.00198488|val_loss 0.00014182
Epoch 185|time: 3.16s|train_loss 0.00194978|val_loss 0.00013397
Epoch 186|time: 3.15s|train_loss 0.00190812|val_loss 0.00013451
Epoch 187|time: 3.15s|train_loss 0.00189539|val_loss 0.00015605
Epoch 188|time: 3.21s|train_loss 0.00192779|val_loss 0.00013458
Epoch 189|time: 3.13s|train_loss 0.00205859|val_loss 0.00013588
Epoch 190|time: 3.13s|train_loss 0.00187601|val_loss 0.00018976
Epoch 191|time: 3.30s|train_loss 0.00182518|val_loss 0.00016068
Epoch 192|time: 3.14s|train_loss 0.00178854|val_loss 0.00013714
Epoch 193|time: 3.13s|train_loss 0.00176673|val_loss 0.00013915
Epoch 194|time: 3.43s|train_loss 0.00173940|val_loss 0.00013898
Epoch 195|time: 3.13s|train_loss 0.00175774|val_loss 0.00015114
Epoch 196|time: 3.13s|train_loss 0.00190090|val_loss 0.00013499
Epoch 197|time: 3.14s|train_loss 0.00182954|val_loss 0.00013620
Epoch 198|time: 3.21s|train_loss 0.00192780|val_loss 0.00014030
Epoch 199|time: 3.12s|train_loss 0.00188455|val_loss 0.00013815
Epoch 200|time: 3.24s|train_loss 0.00179450|val_loss 0.00013585
Epoch 201|time: 3.25s|train_loss 0.00179127|val_loss 0.00013575
Epoch 202|time: 3.70s|train_loss 0.00174821|val_loss 0.00013639
Epoch 203|time: 3.19s|train_loss 0.00176606|val_loss 0.00013445
Epoch 204|time: 3.18s|train_loss 0.00182337|val_loss 0.00017727
Epoch 205|time: 3.12s|train_loss 0.00175265|val_loss 0.00016880
Epoch 206|time: 3.26s|train_loss 0.00181546|val_loss 0.00013776
Epoch 207|time: 3.13s|train_loss 0.00171092|val_loss 0.00014211
Epoch 208|time: 3.21s|train_loss 0.00188103|val_loss 0.00014422
Epoch 209|time: 3.18s|train_loss 0.00181675|val_loss 0.00015770
Epoch 210|time: 3.14s|train_loss 0.00180889|val_loss 0.00013658
Epoch 211|time: 3.12s|train_loss 0.00169761|val_loss 0.00013693
Epoch 212|time: 3.42s|train_loss 0.00168756|val_loss 0.00015056
Epoch 213|time: 3.15s|train_loss 0.00169676|val_loss 0.00013811
Epoch 214|time: 3.13s|train_loss 0.00171937|val_loss 0.00013524
Epoch 215|time: 3.14s|train_loss 0.00169448|val_loss 0.00018027
Epoch 216|time: 3.28s|train_loss 0.00179795|val_loss 0.00016330
Epoch 217|time: 3.07s|train_loss 0.00167187|val_loss 0.00013719
Epoch 218|time: 3.06s|train_loss 0.00176886|val_loss 0.00015222
Epoch 219|time: 3.26s|train_loss 0.00167571|val_loss 0.00014861
Epoch 220|time: 3.07s|train_loss 0.00167532|val_loss 0.00013756
Epoch 221|time: 3.13s|train_loss 0.00170740|val_loss 0.00015302
Epoch 222|time: 3.16s|train_loss 0.00169986|val_loss 0.00013481
Epoch 223|time: 3.07s|train_loss 0.00169727|val_loss 0.00014198
Epoch 224|time: 3.06s|train_loss 0.00168656|val_loss 0.00013962
Epoch 225|time: 3.06s|train_loss 0.00172329|val_loss 0.00014137
Epoch 226|time: 3.15s|train_loss 0.00171420|val_loss 0.00013671
Epoch 227|time: 3.06s|train_loss 0.00163838|val_loss 0.00014827
Epoch 228|time: 3.06s|train_loss 0.00177003|val_loss 0.00013742
Epoch 229|time: 3.06s|train_loss 0.00167194|val_loss 0.00013382
Epoch 230|time: 3.14s|train_loss 0.00166570|val_loss 0.00014541
Epoch 231|time: 3.07s|train_loss 0.00162072|val_loss 0.00013691
Epoch 232|time: 3.19s|train_loss 0.00164349|val_loss 0.00014146
Epoch 233|time: 3.06s|train_loss 0.00170256|val_loss 0.00014722
Epoch 234|time: 3.06s|train_loss 0.00172313|val_loss 0.00013381
Epoch 235|time: 3.22s|train_loss 0.00174566|val_loss 0.00014764
Epoch 236|time: 3.06s|train_loss 0.00165656|val_loss 0.00018287
Epoch 237|time: 3.06s|train_loss 0.00162682|val_loss 0.00017919
Epoch 238|time: 3.13s|train_loss 0.00169739|val_loss 0.00015350
Epoch 239|time: 3.08s|train_loss 0.00184332|val_loss 0.00013842
Epoch 240|time: 3.17s|train_loss 0.00180697|val_loss 0.00013345
Best validation epoch: 240 Mon May 22 20:29:13 2023
TEST MAE 0.1631 | std 0.0430 | RMSE 0.2459 | RMSEs 0.2371 | PCC 0.9654 | PCCs 0.9489 | R2 0.9321 | R2s 0.8956 | Var 0.9321 | Vars 0.8973 | Peak 0.0899
Epoch 241|time: 3.24s|train_loss 0.00190203|val_loss 0.00013848
Epoch 242|time: 3.49s|train_loss 0.00191526|val_loss 0.00015690
Epoch 243|time: 3.06s|train_loss 0.00175196|val_loss 0.00014391
Epoch 244|time: 3.13s|train_loss 0.00173221|val_loss 0.00014177
Epoch 245|time: 3.05s|train_loss 0.00177478|val_loss 0.00014163
Epoch 246|time: 3.06s|train_loss 0.00182569|val_loss 0.00013443
Epoch 247|time: 3.08s|train_loss 0.00186702|val_loss 0.00013633
Epoch 248|time: 3.15s|train_loss 0.00168006|val_loss 0.00013454
Epoch 249|time: 3.09s|train_loss 0.00170065|val_loss 0.00013355
Epoch 250|time: 3.07s|train_loss 0.00163036|val_loss 0.00013532
Epoch 251|time: 3.16s|train_loss 0.00163921|val_loss 0.00014868
Epoch 252|time: 3.07s|train_loss 0.00163011|val_loss 0.00014748
Epoch 253|time: 3.16s|train_loss 0.00159298|val_loss 0.00013405
Epoch 254|time: 3.20s|train_loss 0.00158078|val_loss 0.00013427
Epoch 255|time: 3.07s|train_loss 0.00158227|val_loss 0.00014438
Epoch 256|time: 3.05s|train_loss 0.00155522|val_loss 0.00013486
Epoch 257|time: 3.07s|train_loss 0.00156047|val_loss 0.00014282
Epoch 258|time: 3.15s|train_loss 0.00154912|val_loss 0.00013285
Best validation epoch: 258 Mon May 22 20:30:10 2023
TEST MAE 0.1649 | std 0.0423 | RMSE 0.2476 | RMSEs 0.2391 | PCC 0.9654 | PCCs 0.9491 | R2 0.9311 | R2s 0.8935 | Var 0.9318 | Vars 0.8971 | Peak 0.0885
Epoch 259|time: 3.07s|train_loss 0.00158112|val_loss 0.00013708
Epoch 260|time: 3.06s|train_loss 0.00158546|val_loss 0.00013349
Epoch 261|time: 3.12s|train_loss 0.00158402|val_loss 0.00017816
Epoch 262|time: 3.18s|train_loss 0.00159336|val_loss 0.00015095
Epoch 263|time: 3.16s|train_loss 0.00154538|val_loss 0.00013724
Epoch 264|time: 3.18s|train_loss 0.00151152|val_loss 0.00014031
Epoch 265|time: 3.08s|train_loss 0.00153908|val_loss 0.00013779
Epoch 266|time: 3.25s|train_loss 0.00153694|val_loss 0.00015892
Epoch 267|time: 3.07s|train_loss 0.00151659|val_loss 0.00014677
Epoch 268|time: 3.07s|train_loss 0.00154056|val_loss 0.00014649
Epoch 269|time: 3.08s|train_loss 0.00150210|val_loss 0.00013359
Epoch 270|time: 3.15s|train_loss 0.00155141|val_loss 0.00013895
Epoch 271|time: 3.06s|train_loss 0.00160929|val_loss 0.00013432
Epoch 272|time: 3.16s|train_loss 0.00150333|val_loss 0.00015664
Epoch 273|time: 3.07s|train_loss 0.00149697|val_loss 0.00013384
Epoch 274|time: 3.06s|train_loss 0.00160060|val_loss 0.00013502
Epoch 275|time: 3.08s|train_loss 0.00149920|val_loss 0.00014181
Epoch 276|time: 3.17s|train_loss 0.00150207|val_loss 0.00013505
Epoch 277|time: 3.07s|train_loss 0.00149823|val_loss 0.00013361
Epoch 278|time: 3.07s|train_loss 0.00156572|val_loss 0.00013419
Epoch 279|time: 3.09s|train_loss 0.00155918|val_loss 0.00013826
Epoch 280|time: 3.16s|train_loss 0.00153697|val_loss 0.00014603
Epoch 281|time: 3.07s|train_loss 0.00147734|val_loss 0.00014594
Epoch 282|time: 3.07s|train_loss 0.00164346|val_loss 0.00015543
Epoch 283|time: 3.07s|train_loss 0.00162723|val_loss 0.00017127
Epoch 284|time: 3.06s|train_loss 0.00167899|val_loss 0.00013626
Epoch 285|time: 3.14s|train_loss 0.00158312|val_loss 0.00013492
Epoch 286|time: 3.08s|train_loss 0.00157796|val_loss 0.00013970
Epoch 287|time: 3.06s|train_loss 0.00154863|val_loss 0.00013557
Epoch 288|time: 3.08s|train_loss 0.00152361|val_loss 0.00016790
Epoch 289|time: 3.22s|train_loss 0.00154870|val_loss 0.00013766
Epoch 290|time: 3.15s|train_loss 0.00144909|val_loss 0.00014562
Epoch 291|time: 3.06s|train_loss 0.00159778|val_loss 0.00013506
Epoch 292|time: 3.13s|train_loss 0.00146246|val_loss 0.00016054
Epoch 293|time: 3.07s|train_loss 0.00150768|val_loss 0.00013778
Epoch 294|time: 3.16s|train_loss 0.00140265|val_loss 0.00014669
Epoch 295|time: 3.11s|train_loss 0.00146140|val_loss 0.00013469
Epoch 296|time: 3.09s|train_loss 0.00142907|val_loss 0.00014365
Epoch 297|time: 3.09s|train_loss 0.00142849|val_loss 0.00013393
Epoch 298|time: 3.07s|train_loss 0.00145055|val_loss 0.00016689
Epoch 299|time: 3.15s|train_loss 0.00148645|val_loss 0.00015558
Epoch 300|time: 3.08s|train_loss 0.00139993|val_loss 0.00015088
Epoch 301|time: 3.06s|train_loss 0.00145487|val_loss 0.00014041
Epoch 302|time: 3.11s|train_loss 0.00143972|val_loss 0.00015831
Epoch 303|time: 3.07s|train_loss 0.00141560|val_loss 0.00014288
Epoch 304|time: 3.15s|train_loss 0.00142140|val_loss 0.00013775
Epoch 305|time: 3.10s|train_loss 0.00141779|val_loss 0.00013516
Epoch 306|time: 3.07s|train_loss 0.00135282|val_loss 0.00013891
Epoch 307|time: 3.08s|train_loss 0.00135353|val_loss 0.00013299
Epoch 308|time: 3.14s|train_loss 0.00137067|val_loss 0.00014100
Epoch 309|time: 3.07s|train_loss 0.00141998|val_loss 0.00018659
Epoch 310|time: 3.07s|train_loss 0.00137593|val_loss 0.00015586
Epoch 311|time: 3.27s|train_loss 0.00135535|val_loss 0.00015802
Epoch 312|time: 3.15s|train_loss 0.00136598|val_loss 0.00014387
Epoch 313|time: 3.08s|train_loss 0.00132200|val_loss 0.00013686
Epoch 314|time: 3.07s|train_loss 0.00133442|val_loss 0.00015626
Epoch 315|time: 3.11s|train_loss 0.00132200|val_loss 0.00014397
Epoch 316|time: 3.08s|train_loss 0.00127477|val_loss 0.00014420
Epoch 317|time: 3.07s|train_loss 0.00130059|val_loss 0.00013512
Epoch 318|time: 3.17s|train_loss 0.00158423|val_loss 0.00013610
Epoch 319|time: 3.08s|train_loss 0.00175445|val_loss 0.00014552
Epoch 320|time: 3.17s|train_loss 0.00152981|val_loss 0.00013963
Epoch 321|time: 3.08s|train_loss 0.00147373|val_loss 0.00013786
Epoch 322|time: 3.14s|train_loss 0.00142091|val_loss 0.00013540
Epoch 323|time: 3.09s|train_loss 0.00140631|val_loss 0.00016291
Epoch 324|time: 3.09s|train_loss 0.00138308|val_loss 0.00013522
Epoch 325|time: 3.07s|train_loss 0.00134003|val_loss 0.00013639
Epoch 326|time: 3.21s|train_loss 0.00135203|val_loss 0.00015225
Epoch 327|time: 3.08s|train_loss 0.00145697|val_loss 0.00013441
Epoch 328|time: 3.17s|train_loss 0.00146211|val_loss 0.00014118
Epoch 329|time: 3.08s|train_loss 0.00138860|val_loss 0.00013749
Epoch 330|time: 3.06s|train_loss 0.00134455|val_loss 0.00013590
Epoch 331|time: 3.09s|train_loss 0.00131195|val_loss 0.00013903
Epoch 332|time: 3.14s|train_loss 0.00131348|val_loss 0.00015447
Epoch 333|time: 3.09s|train_loss 0.00131662|val_loss 0.00013616
Epoch 334|time: 3.21s|train_loss 0.00130970|val_loss 0.00014740
Epoch 335|time: 3.10s|train_loss 0.00134850|val_loss 0.00016702
Epoch 336|time: 3.39s|train_loss 0.00151604|val_loss 0.00020139
Epoch 337|time: 3.56s|train_loss 0.00137990|val_loss 0.00017864
Epoch 338|time: 3.49s|train_loss 0.00139040|val_loss 0.00015854
Epoch 339|time: 3.51s|train_loss 0.00129507|val_loss 0.00015317
Epoch 340|time: 3.76s|train_loss 0.00126967|val_loss 0.00014119
Epoch 341|time: 3.50s|train_loss 0.00126078|val_loss 0.00013537
Epoch 342|time: 3.50s|train_loss 0.00125664|val_loss 0.00014708
Epoch 343|time: 3.51s|train_loss 0.00129822|val_loss 0.00013694
Epoch 344|time: 3.50s|train_loss 0.00123774|val_loss 0.00013477
Epoch 345|time: 3.58s|train_loss 0.00122253|val_loss 0.00013387
Epoch 346|time: 3.51s|train_loss 0.00122353|val_loss 0.00014127
Epoch 347|time: 3.50s|train_loss 0.00119359|val_loss 0.00013386
Epoch 348|time: 3.55s|train_loss 0.00121004|val_loss 0.00013330
Epoch 349|time: 3.50s|train_loss 0.00120272|val_loss 0.00015160
Epoch 350|time: 3.57s|train_loss 0.00121636|val_loss 0.00014000
Epoch 351|time: 3.50s|train_loss 0.00132855|val_loss 0.00014870
Epoch 352|time: 3.54s|train_loss 0.00136176|val_loss 0.00014588
Epoch 353|time: 3.48s|train_loss 0.00126596|val_loss 0.00013449
Epoch 354|time: 3.65s|train_loss 0.00122683|val_loss 0.00013556
Epoch 355|time: 3.50s|train_loss 0.00118587|val_loss 0.00015748
Epoch 356|time: 3.61s|train_loss 0.00120198|val_loss 0.00013332
Epoch 357|time: 3.54s|train_loss 0.00119370|val_loss 0.00016118
Epoch 358|time: 3.49s|train_loss 0.00118640|val_loss 0.00014011
Epoch 359|time: 3.56s|train_loss 0.00118380|val_loss 0.00014104
Epoch 360|time: 3.50s|train_loss 0.00117557|val_loss 0.00013972
Epoch 361|time: 3.50s|train_loss 0.00116749|val_loss 0.00014097
Epoch 362|time: 3.49s|train_loss 0.00118655|val_loss 0.00014111
Epoch 363|time: 3.58s|train_loss 0.00125616|val_loss 0.00014616
Epoch 364|time: 3.56s|train_loss 0.00125308|val_loss 0.00013423
Epoch 365|time: 3.59s|train_loss 0.00132176|val_loss 0.00013457
Epoch 366|time: 3.50s|train_loss 0.00127665|val_loss 0.00014991
Epoch 367|time: 3.49s|train_loss 0.00127737|val_loss 0.00015390
Epoch 368|time: 3.60s|train_loss 0.00122934|val_loss 0.00014461
Epoch 369|time: 3.52s|train_loss 0.00117772|val_loss 0.00014056
Epoch 370|time: 3.50s|train_loss 0.00118151|val_loss 0.00013377
Epoch 371|time: 3.69s|train_loss 0.00115330|val_loss 0.00014518
Epoch 372|time: 3.59s|train_loss 0.00122152|val_loss 0.00013713
Epoch 373|time: 3.51s|train_loss 0.00123298|val_loss 0.00015566
Epoch 374|time: 3.51s|train_loss 0.00126587|val_loss 0.00014942
Epoch 375|time: 3.50s|train_loss 0.00138267|val_loss 0.00013998
Epoch 376|time: 3.48s|train_loss 0.00125472|val_loss 0.00013434
Epoch 377|time: 3.55s|train_loss 0.00124233|val_loss 0.00015281
Epoch 378|time: 3.59s|train_loss 0.00119686|val_loss 0.00013672
Epoch 379|time: 3.51s|train_loss 0.00115373|val_loss 0.00013276
Best validation epoch: 379 Mon May 22 20:36:45 2023
TEST MAE 0.1621 | std 0.0433 | RMSE 0.2453 | RMSEs 0.2363 | PCC 0.9657 | PCCs 0.9495 | R2 0.9324 | R2s 0.8964 | Var 0.9324 | Vars 0.8979 | Peak 0.0894
Epoch 380|time: 3.49s|train_loss 0.00115315|val_loss 0.00013670
Epoch 381|time: 3.57s|train_loss 0.00112505|val_loss 0.00013742
Epoch 382|time: 3.52s|train_loss 0.00112612|val_loss 0.00013566
Epoch 383|time: 3.50s|train_loss 0.00111809|val_loss 0.00013432
Epoch 384|time: 3.50s|train_loss 0.00115261|val_loss 0.00013894
Epoch 385|time: 3.51s|train_loss 0.00122077|val_loss 0.00014214
Epoch 386|time: 4.79s|train_loss 0.00133180|val_loss 0.00013516
Epoch 387|time: 4.01s|train_loss 0.00130173|val_loss 0.00013274
Best validation epoch: 387 Mon May 22 20:37:16 2023
TEST MAE 0.1613 | std 0.0433 | RMSE 0.2448 | RMSEs 0.2356 | PCC 0.9658 | PCCs 0.9498 | R2 0.9327 | R2s 0.8972 | Var 0.9327 | Vars 0.8989 | Peak 0.0894
Epoch 388|time: 3.79s|train_loss 0.00120986|val_loss 0.00016697
Epoch 389|time: 3.78s|train_loss 0.00128622|val_loss 0.00014973
Epoch 390|time: 3.86s|train_loss 0.00119019|val_loss 0.00013512
Epoch 391|time: 3.96s|train_loss 0.00118482|val_loss 0.00013918
Epoch 392|time: 3.95s|train_loss 0.00114487|val_loss 0.00013888
Epoch 393|time: 3.58s|train_loss 0.00112700|val_loss 0.00013395
Epoch 394|time: 3.59s|train_loss 0.00112395|val_loss 0.00013669
Epoch 395|time: 3.59s|train_loss 0.00113686|val_loss 0.00014956
Epoch 396|time: 3.50s|train_loss 0.00125079|val_loss 0.00015430
Epoch 397|time: 3.42s|train_loss 0.00135846|val_loss 0.00013420
Epoch 398|time: 3.39s|train_loss 0.00124975|val_loss 0.00013608
Epoch 399|time: 3.14s|train_loss 0.00118113|val_loss 0.00014488
Epoch 400|time: 3.22s|train_loss 0.00131215|val_loss 0.00014508
Epoch 401|time: 3.24s|train_loss 0.00113191|val_loss 0.00013525
Epoch 402|time: 3.16s|train_loss 0.00116948|val_loss 0.00013894
Epoch 403|time: 3.16s|train_loss 0.00116853|val_loss 0.00016503
Epoch 404|time: 3.34s|train_loss 0.00114098|val_loss 0.00015726
Epoch 405|time: 3.16s|train_loss 0.00111163|val_loss 0.00014317
Epoch 406|time: 3.18s|train_loss 0.00108376|val_loss 0.00014850
Epoch 407|time: 3.15s|train_loss 0.00107148|val_loss 0.00016495
Epoch 408|time: 3.15s|train_loss 0.00107074|val_loss 0.00013432
Epoch 409|time: 3.14s|train_loss 0.00111712|val_loss 0.00013563
Epoch 410|time: 3.28s|train_loss 0.00107744|val_loss 0.00016760
Epoch 411|time: 3.15s|train_loss 0.00110738|val_loss 0.00014950
Epoch 412|time: 3.14s|train_loss 0.00111379|val_loss 0.00013349
Epoch 413|time: 3.15s|train_loss 0.00120866|val_loss 0.00014599
Epoch 414|time: 3.33s|train_loss 0.00127322|val_loss 0.00014103
Epoch 415|time: 3.16s|train_loss 0.00143793|val_loss 0.00013382
Epoch 416|time: 3.15s|train_loss 0.00129351|val_loss 0.00013951
Epoch 417|time: 3.27s|train_loss 0.00125678|val_loss 0.00013477
Epoch 418|time: 3.24s|train_loss 0.00119984|val_loss 0.00013404
Epoch 419|time: 3.15s|train_loss 0.00113926|val_loss 0.00013414
Epoch 420|time: 3.17s|train_loss 0.00114664|val_loss 0.00013308
Epoch 421|time: 3.16s|train_loss 0.00110891|val_loss 0.00015462
Epoch 422|time: 3.14s|train_loss 0.00111380|val_loss 0.00016760
Epoch 423|time: 3.16s|train_loss 0.00111762|val_loss 0.00015849
Epoch 424|time: 3.24s|train_loss 0.00110746|val_loss 0.00013701
Epoch 425|time: 3.16s|train_loss 0.00114088|val_loss 0.00014295
Epoch 426|time: 3.20s|train_loss 0.00109341|val_loss 0.00018818
Epoch 427|time: 3.15s|train_loss 0.00111644|val_loss 0.00017451
Epoch 428|time: 3.24s|train_loss 0.00110232|val_loss 0.00017040
Epoch 429|time: 3.16s|train_loss 0.00109182|val_loss 0.00015330
Epoch 430|time: 3.14s|train_loss 0.00107142|val_loss 0.00014096
Epoch 431|time: 3.15s|train_loss 0.00108133|val_loss 0.00015542
Epoch 432|time: 3.26s|train_loss 0.00112490|val_loss 0.00018585
Epoch 433|time: 3.17s|train_loss 0.00110449|val_loss 0.00014404
Epoch 434|time: 3.16s|train_loss 0.00107171|val_loss 0.00013686
Epoch 435|time: 3.20s|train_loss 0.00107708|val_loss 0.00013852
Epoch 436|time: 3.23s|train_loss 0.00105804|val_loss 0.00013517
Epoch 437|time: 3.32s|train_loss 0.00107749|val_loss 0.00013852
Epoch 438|time: 3.14s|train_loss 0.00111613|val_loss 0.00014010
Epoch 439|time: 3.17s|train_loss 0.00111030|val_loss 0.00017609
Epoch 440|time: 3.16s|train_loss 0.00117078|val_loss 0.00013656
Epoch 441|time: 3.16s|train_loss 0.00158140|val_loss 0.00013477
Epoch 442|time: 3.44s|train_loss 0.00148372|val_loss 0.00013410
Epoch 443|time: 3.16s|train_loss 0.00148918|val_loss 0.00013645
Epoch 444|time: 3.26s|train_loss 0.00138181|val_loss 0.00013465
Epoch 445|time: 3.20s|train_loss 0.00121137|val_loss 0.00013457
Epoch 446|time: 3.22s|train_loss 0.00117203|val_loss 0.00013327
Epoch 447|time: 3.14s|train_loss 0.00113742|val_loss 0.00013272
Best validation epoch: 447 Mon May 22 20:40:34 2023
TEST MAE 0.1625 | std 0.0438 | RMSE 0.2466 | RMSEs 0.2375 | PCC 0.9655 | PCCs 0.9497 | R2 0.9317 | R2s 0.8955 | Var 0.9319 | Vars 0.8977 | Peak 0.0894
Epoch 448|time: 3.72s|train_loss 0.00110249|val_loss 0.00014340
Epoch 449|time: 3.48s|train_loss 0.00109131|val_loss 0.00013777
Epoch 450|time: 3.35s|train_loss 0.00104626|val_loss 0.00013653
Epoch 451|time: 3.15s|train_loss 0.00106810|val_loss 0.00015576
Epoch 452|time: 3.14s|train_loss 0.00105149|val_loss 0.00014076
Epoch 453|time: 3.13s|train_loss 0.00103912|val_loss 0.00015970
Epoch 454|time: 3.13s|train_loss 0.00103893|val_loss 0.00014289
Epoch 455|time: 3.21s|train_loss 0.00102323|val_loss 0.00014342
Epoch 456|time: 3.13s|train_loss 0.00107769|val_loss 0.00014554
Epoch 457|time: 3.15s|train_loss 0.00110914|val_loss 0.00013837
Epoch 458|time: 3.14s|train_loss 0.00107290|val_loss 0.00014307
Epoch 459|time: 3.13s|train_loss 0.00107762|val_loss 0.00013348
Epoch 460|time: 3.27s|train_loss 0.00108957|val_loss 0.00014229
Epoch 461|time: 3.15s|train_loss 0.00106193|val_loss 0.00014297
Epoch 462|time: 3.14s|train_loss 0.00115288|val_loss 0.00014068
Epoch 463|time: 3.21s|train_loss 0.00107301|val_loss 0.00013714
Epoch 464|time: 3.23s|train_loss 0.00104238|val_loss 0.00013297
Epoch 465|time: 3.13s|train_loss 0.00104048|val_loss 0.00013538
Epoch 466|time: 3.21s|train_loss 0.00107085|val_loss 0.00014357
Epoch 467|time: 3.19s|train_loss 0.00108720|val_loss 0.00013685
Epoch 468|time: 3.13s|train_loss 0.00109409|val_loss 0.00013766
Epoch 469|time: 3.23s|train_loss 0.00105461|val_loss 0.00014040
Epoch 470|time: 3.15s|train_loss 0.00113257|val_loss 0.00017284
Epoch 471|time: 3.15s|train_loss 0.00113820|val_loss 0.00013792
Epoch 472|time: 3.13s|train_loss 0.00109438|val_loss 0.00013379
Epoch 473|time: 3.27s|train_loss 0.00115305|val_loss 0.00015046
Epoch 474|time: 3.25s|train_loss 0.00132413|val_loss 0.00014257
Epoch 475|time: 3.14s|train_loss 0.00111747|val_loss 0.00013370
Epoch 476|time: 3.25s|train_loss 0.00114553|val_loss 0.00013875
Epoch 477|time: 3.16s|train_loss 0.00111461|val_loss 0.00015650
Epoch 478|time: 3.66s|train_loss 0.00111677|val_loss 0.00015031
Epoch 479|time: 3.30s|train_loss 0.00111225|val_loss 0.00017201
Epoch 480|time: 3.14s|train_loss 0.00112536|val_loss 0.00014871
Epoch 481|time: 3.14s|train_loss 0.00109522|val_loss 0.00015846
Epoch 482|time: 3.25s|train_loss 0.00109231|val_loss 0.00019433
Epoch 483|time: 3.14s|train_loss 0.00110564|val_loss 0.00015876
Epoch 484|time: 3.13s|train_loss 0.00107595|val_loss 0.00014164
Epoch 485|time: 3.13s|train_loss 0.00102299|val_loss 0.00013832
Epoch 486|time: 3.13s|train_loss 0.00100408|val_loss 0.00014013
Epoch 487|time: 3.14s|train_loss 0.00100700|val_loss 0.00015952
Epoch 488|time: 3.40s|train_loss 0.00099504|val_loss 0.00014908
Epoch 489|time: 3.15s|train_loss 0.00098334|val_loss 0.00013438
Epoch 490|time: 3.14s|train_loss 0.00099466|val_loss 0.00013649
Epoch 491|time: 3.14s|train_loss 0.00108542|val_loss 0.00013499
Epoch 492|time: 3.34s|train_loss 0.00115896|val_loss 0.00013715
Epoch 493|time: 3.16s|train_loss 0.00135985|val_loss 0.00013395
Epoch 494|time: 3.27s|train_loss 0.00125851|val_loss 0.00014195
Epoch 495|time: 3.18s|train_loss 0.00124637|val_loss 0.00013304
Epoch 496|time: 3.26s|train_loss 0.00118908|val_loss 0.00013413
Epoch 497|time: 3.15s|train_loss 0.00106260|val_loss 0.00013404
Epoch 498|time: 3.16s|train_loss 0.00113269|val_loss 0.00014631
Epoch 499|time: 3.31s|train_loss 0.00111956|val_loss 0.00015157
Epoch 500|time: 3.24s|train_loss 0.00108674|val_loss 0.00014954
Final evaluation
TEST MAE 0.1625 | std 0.0438 | RMSE 0.2466 | RMSEs 0.2375 | PCC 0.9655 | PCCs 0.9497 | R2 0.9317 | R2s 0.8955 | Var 0.9319 | Vars 0.8977 | Peak 0.0894
