--------Parameters--------
Namespace(batch=32, bi=False, check_point=1, cuda=False, dataset='us_hhs', dropout=0.2, epilambda=0.5, epochs=500, gpu=3, hidsp=15, horizon=4, k=10, lamda=0.01, lr=0.001, model='cola_gnn_epi', mylog=False, n_hidden=20, n_layer=1, patience=200, rnn_model='RNN', save_dir='save', seed=42, shuffle=False, sim_mat='us_hhs-adj', test=0.2, train=0.6, val=0.2, weight_decay=0.0005, window=20)
--------------------------
data shape (364, 10)
size of train/val/test sets 195 73 73
#params: 5145
begin training
Epoch   1|time: 3.21s|train_loss 0.01283211|val_loss 0.00045769
Best validation epoch: 1 Tue May 23 15:26:14 2023
TEST MAE 0.5116 | std 0.2032 | RMSE 0.7667 | RMSEs 0.7275 | PCC 0.8501 | PCCs 0.7905 | R2 0.3396 | R2s 0.0781 | Var 0.6170 | Vars 0.5033 | Peak 0.3653
Epoch   2|time: 3.14s|train_loss 0.01157833|val_loss 0.00071301
Epoch   3|time: 3.30s|train_loss 0.01147373|val_loss 0.00029283
Best validation epoch: 3 Tue May 23 15:26:21 2023
TEST MAE 0.3353 | std 0.1198 | RMSE 0.5551 | RMSEs 0.5278 | PCC 0.8545 | PCCs 0.7912 | R2 0.6539 | R2s 0.5102 | Var 0.6954 | Vars 0.5765 | Peak 0.2426
Epoch   4|time: 3.15s|train_loss 0.01123114|val_loss 0.00031054
Epoch   5|time: 3.17s|train_loss 0.01114497|val_loss 0.00032225
Epoch   6|time: 3.15s|train_loss 0.01100359|val_loss 0.00032352
Epoch   7|time: 3.36s|train_loss 0.01092681|val_loss 0.00026804
Best validation epoch: 7 Tue May 23 15:26:35 2023
TEST MAE 0.3068 | std 0.1027 | RMSE 0.4976 | RMSEs 0.4749 | PCC 0.8658 | PCCs 0.8051 | R2 0.7218 | R2s 0.5990 | Var 0.7376 | Vars 0.6294 | Peak 0.2084
Epoch   8|time: 3.15s|train_loss 0.01081723|val_loss 0.00026517
Best validation epoch: 8 Tue May 23 15:26:39 2023
TEST MAE 0.3040 | std 0.0971 | RMSE 0.4857 | RMSEs 0.4645 | PCC 0.8671 | PCCs 0.8076 | R2 0.7350 | R2s 0.6147 | Var 0.7432 | Vars 0.6357 | Peak 0.2000
Epoch   9|time: 3.22s|train_loss 0.01070243|val_loss 0.00026264
Best validation epoch: 9 Tue May 23 15:26:43 2023
TEST MAE 0.2995 | std 0.0962 | RMSE 0.4807 | RMSEs 0.4598 | PCC 0.8693 | PCCs 0.8107 | R2 0.7404 | R2s 0.6221 | Var 0.7490 | Vars 0.6428 | Peak 0.1975
Epoch  10|time: 3.24s|train_loss 0.01059466|val_loss 0.00027013
Epoch  11|time: 3.17s|train_loss 0.01045682|val_loss 0.00025952
Best validation epoch: 11 Tue May 23 15:26:50 2023
TEST MAE 0.2944 | std 0.0974 | RMSE 0.4778 | RMSEs 0.4566 | PCC 0.8725 | PCCs 0.8151 | R2 0.7436 | R2s 0.6277 | Var 0.7564 | Vars 0.6521 | Peak 0.1965
Epoch  12|time: 3.38s|train_loss 0.01032424|val_loss 0.00026637
Epoch  13|time: 3.26s|train_loss 0.01015498|val_loss 0.00025754
Best validation epoch: 13 Tue May 23 15:26:57 2023
TEST MAE 0.2897 | std 0.0919 | RMSE 0.4672 | RMSEs 0.4473 | PCC 0.8756 | PCCs 0.8193 | R2 0.7548 | R2s 0.6411 | Var 0.7629 | Vars 0.6592 | Peak 0.1887
Epoch  14|time: 3.16s|train_loss 0.00994262|val_loss 0.00025771
Epoch  15|time: 3.32s|train_loss 0.00986133|val_loss 0.00025883
Epoch  16|time: 3.16s|train_loss 0.00965545|val_loss 0.00025764
Epoch  17|time: 3.24s|train_loss 0.00943313|val_loss 0.00025584
Best validation epoch: 17 Tue May 23 15:27:11 2023
TEST MAE 0.2866 | std 0.0888 | RMSE 0.4588 | RMSEs 0.4396 | PCC 0.8809 | PCCs 0.8270 | R2 0.7636 | R2s 0.6526 | Var 0.7743 | Vars 0.6723 | Peak 0.1824
Epoch  18|time: 3.19s|train_loss 0.00932655|val_loss 0.00026334
Epoch  19|time: 3.15s|train_loss 0.00916536|val_loss 0.00026169
Epoch  20|time: 3.16s|train_loss 0.00910087|val_loss 0.00025275
Best validation epoch: 20 Tue May 23 15:27:21 2023
TEST MAE 0.2829 | std 0.0846 | RMSE 0.4508 | RMSEs 0.4323 | PCC 0.8845 | PCCs 0.8322 | R2 0.7717 | R2s 0.6630 | Var 0.7801 | Vars 0.6797 | Peak 0.1767
Epoch  21|time: 3.26s|train_loss 0.00896832|val_loss 0.00025682
Epoch  22|time: 3.15s|train_loss 0.00892774|val_loss 0.00025098
Best validation epoch: 22 Tue May 23 15:27:28 2023
TEST MAE 0.2844 | std 0.0807 | RMSE 0.4420 | RMSEs 0.4248 | PCC 0.8857 | PCCs 0.8344 | R2 0.7806 | R2s 0.6726 | Var 0.7838 | Vars 0.6832 | Peak 0.1703
Epoch  23|time: 3.27s|train_loss 0.00885928|val_loss 0.00026177
Epoch  24|time: 3.15s|train_loss 0.00874296|val_loss 0.00025450
Epoch  25|time: 3.16s|train_loss 0.00880917|val_loss 0.00025668
Epoch  26|time: 3.16s|train_loss 0.00848448|val_loss 0.00025211
Epoch  27|time: 3.33s|train_loss 0.00850175|val_loss 0.00027165
Epoch  28|time: 3.15s|train_loss 0.00844443|val_loss 0.00026236
Epoch  29|time: 3.16s|train_loss 0.00831466|val_loss 0.00027331
Epoch  30|time: 3.33s|train_loss 0.00830439|val_loss 0.00025141
Epoch  31|time: 3.24s|train_loss 0.00827815|val_loss 0.00025370
Epoch  32|time: 3.17s|train_loss 0.00817775|val_loss 0.00025416
Epoch  33|time: 3.28s|train_loss 0.00815566|val_loss 0.00026570
Epoch  34|time: 3.17s|train_loss 0.00814728|val_loss 0.00025200
Epoch  35|time: 3.15s|train_loss 0.00808325|val_loss 0.00025838
Epoch  36|time: 3.29s|train_loss 0.00806711|val_loss 0.00026483
Epoch  37|time: 3.26s|train_loss 0.00808737|val_loss 0.00025848
Epoch  38|time: 3.16s|train_loss 0.00794202|val_loss 0.00027333
Epoch  39|time: 3.19s|train_loss 0.00796159|val_loss 0.00027544
Epoch  40|time: 3.16s|train_loss 0.00796735|val_loss 0.00026853
Epoch  41|time: 3.16s|train_loss 0.00790773|val_loss 0.00025822
Epoch  42|time: 3.37s|train_loss 0.00790505|val_loss 0.00026134
Epoch  43|time: 3.16s|train_loss 0.00786926|val_loss 0.00025719
Epoch  44|time: 3.15s|train_loss 0.00786852|val_loss 0.00025540
Epoch  45|time: 3.28s|train_loss 0.00785477|val_loss 0.00025182
Epoch  46|time: 3.28s|train_loss 0.00782325|val_loss 0.00025196
Epoch  47|time: 3.15s|train_loss 0.00785125|val_loss 0.00025388
Epoch  48|time: 3.30s|train_loss 0.00781976|val_loss 0.00025451
Epoch  49|time: 3.15s|train_loss 0.00784935|val_loss 0.00025970
Epoch  50|time: 3.15s|train_loss 0.00783236|val_loss 0.00025908
Epoch  51|time: 3.27s|train_loss 0.00779180|val_loss 0.00026453
Epoch  52|time: 3.15s|train_loss 0.00777736|val_loss 0.00025585
Epoch  53|time: 3.15s|train_loss 0.00782816|val_loss 0.00025557
Epoch  54|time: 3.14s|train_loss 0.00787645|val_loss 0.00026997
Epoch  55|time: 3.27s|train_loss 0.00778002|val_loss 0.00025314
Epoch  56|time: 3.24s|train_loss 0.00779975|val_loss 0.00025482
Epoch  57|time: 3.18s|train_loss 0.00769618|val_loss 0.00025722
Epoch  58|time: 3.42s|train_loss 0.00776138|val_loss 0.00025200
Epoch  59|time: 3.15s|train_loss 0.00769650|val_loss 0.00024898
Best validation epoch: 59 Tue May 23 15:29:28 2023
TEST MAE 0.2822 | std 0.0867 | RMSE 0.4280 | RMSEs 0.4115 | PCC 0.8935 | PCCs 0.8483 | R2 0.7942 | R2s 0.6922 | Var 0.7979 | Vars 0.7007 | Peak 0.1613
Epoch  60|time: 3.18s|train_loss 0.00768094|val_loss 0.00024970
Epoch  61|time: 3.30s|train_loss 0.00769505|val_loss 0.00025972
Epoch  62|time: 3.17s|train_loss 0.00764920|val_loss 0.00024686
Best validation epoch: 62 Tue May 23 15:29:39 2023
TEST MAE 0.2799 | std 0.0846 | RMSE 0.4198 | RMSEs 0.4041 | PCC 0.8961 | PCCs 0.8542 | R2 0.8020 | R2s 0.7009 | Var 0.8022 | Vars 0.7101 | Peak 0.1590
Epoch  63|time: 3.32s|train_loss 0.00762625|val_loss 0.00025465
Epoch  64|time: 3.60s|train_loss 0.00761520|val_loss 0.00025547
Epoch  65|time: 4.63s|train_loss 0.00766640|val_loss 0.00027179
Epoch  66|time: 3.69s|train_loss 0.00766897|val_loss 0.00026748
Epoch  67|time: 4.91s|train_loss 0.00760624|val_loss 0.00027915
Epoch  68|time: 4.23s|train_loss 0.00764701|val_loss 0.00024686
Epoch  69|time: 4.00s|train_loss 0.00769163|val_loss 0.00024229
Best validation epoch: 69 Tue May 23 15:30:08 2023
TEST MAE 0.2796 | std 0.0859 | RMSE 0.4233 | RMSEs 0.4070 | PCC 0.8948 | PCCs 0.8524 | R2 0.7987 | R2s 0.6984 | Var 0.8001 | Vars 0.7060 | Peak 0.1606
Epoch  70|time: 3.77s|train_loss 0.00778001|val_loss 0.00024627
Epoch  71|time: 3.51s|train_loss 0.00776935|val_loss 0.00024551
Epoch  72|time: 3.26s|train_loss 0.00774767|val_loss 0.00023870
Best validation epoch: 72 Tue May 23 15:30:19 2023
TEST MAE 0.2736 | std 0.0844 | RMSE 0.4211 | RMSEs 0.4045 | PCC 0.8965 | PCCs 0.8555 | R2 0.8008 | R2s 0.7031 | Var 0.8036 | Vars 0.7130 | Peak 0.1608
Epoch  73|time: 3.93s|train_loss 0.00768782|val_loss 0.00024113
Epoch  74|time: 3.31s|train_loss 0.00769293|val_loss 0.00023864
Best validation epoch: 74 Tue May 23 15:30:27 2023
TEST MAE 0.2702 | std 0.0832 | RMSE 0.4185 | RMSEs 0.4023 | PCC 0.8972 | PCCs 0.8561 | R2 0.8032 | R2s 0.7055 | Var 0.8049 | Vars 0.7149 | Peak 0.1604
Epoch  75|time: 3.45s|train_loss 0.00789108|val_loss 0.00024835
Epoch  76|time: 3.57s|train_loss 0.00764331|val_loss 0.00024208
Epoch  77|time: 3.34s|train_loss 0.00768878|val_loss 0.00024750
Epoch  78|time: 3.31s|train_loss 0.00764103|val_loss 0.00023696
Best validation epoch: 78 Tue May 23 15:30:42 2023
TEST MAE 0.2690 | std 0.0830 | RMSE 0.4181 | RMSEs 0.4019 | PCC 0.8975 | PCCs 0.8555 | R2 0.8036 | R2s 0.7058 | Var 0.8054 | Vars 0.7146 | Peak 0.1605
Epoch  79|time: 3.39s|train_loss 0.00763489|val_loss 0.00025099
Epoch  80|time: 4.08s|train_loss 0.00758321|val_loss 0.00024075
Epoch  81|time: 4.54s|train_loss 0.00758885|val_loss 0.00025095
Epoch  82|time: 3.67s|train_loss 0.00756494|val_loss 0.00023758
Epoch  83|time: 3.57s|train_loss 0.00755568|val_loss 0.00023630
Best validation epoch: 83 Tue May 23 15:31:02 2023
TEST MAE 0.2678 | std 0.0827 | RMSE 0.4197 | RMSEs 0.4035 | PCC 0.8974 | PCCs 0.8544 | R2 0.8021 | R2s 0.7039 | Var 0.8053 | Vars 0.7134 | Peak 0.1616
Epoch  84|time: 3.53s|train_loss 0.00753326|val_loss 0.00024055
Epoch  85|time: 3.45s|train_loss 0.00753980|val_loss 0.00023895
Epoch  86|time: 3.63s|train_loss 0.00754337|val_loss 0.00023852
Epoch  87|time: 3.24s|train_loss 0.00751916|val_loss 0.00024170
Epoch  88|time: 3.52s|train_loss 0.00753356|val_loss 0.00023902
Epoch  89|time: 3.49s|train_loss 0.00746108|val_loss 0.00023883
Epoch  90|time: 3.33s|train_loss 0.00747593|val_loss 0.00024118
Epoch  91|time: 3.37s|train_loss 0.00745585|val_loss 0.00024149
Epoch  92|time: 3.28s|train_loss 0.00754906|val_loss 0.00023828
Epoch  93|time: 3.37s|train_loss 0.00751465|val_loss 0.00024262
Epoch  94|time: 3.58s|train_loss 0.00740268|val_loss 0.00023726
Epoch  95|time: 3.81s|train_loss 0.00745143|val_loss 0.00025512
Epoch  96|time: 3.28s|train_loss 0.00740871|val_loss 0.00024164
Epoch  97|time: 3.42s|train_loss 0.00737729|val_loss 0.00026653
Epoch  98|time: 3.55s|train_loss 0.00737791|val_loss 0.00023876
Epoch  99|time: 3.66s|train_loss 0.00741264|val_loss 0.00024878
Epoch 100|time: 3.29s|train_loss 0.00743677|val_loss 0.00023743
Epoch 101|time: 3.23s|train_loss 0.00741205|val_loss 0.00024336
Epoch 102|time: 3.09s|train_loss 0.00731157|val_loss 0.00024115
Epoch 103|time: 3.10s|train_loss 0.00729486|val_loss 0.00023629
Best validation epoch: 103 Tue May 23 15:32:11 2023
TEST MAE 0.2647 | std 0.0826 | RMSE 0.4146 | RMSEs 0.3986 | PCC 0.8992 | PCCs 0.8571 | R2 0.8069 | R2s 0.7103 | Var 0.8085 | Vars 0.7186 | Peak 0.1606
Epoch 104|time: 3.33s|train_loss 0.00729150|val_loss 0.00024737
Epoch 105|time: 3.16s|train_loss 0.00725771|val_loss 0.00023540
Best validation epoch: 105 Tue May 23 15:32:18 2023
TEST MAE 0.2670 | std 0.0821 | RMSE 0.4119 | RMSEs 0.3963 | PCC 0.8998 | PCCs 0.8586 | R2 0.8094 | R2s 0.7124 | Var 0.8095 | Vars 0.7202 | Peak 0.1587
Epoch 106|time: 3.11s|train_loss 0.00724386|val_loss 0.00025152
Epoch 107|time: 3.32s|train_loss 0.00724818|val_loss 0.00023371
Best validation epoch: 107 Tue May 23 15:32:26 2023
TEST MAE 0.2703 | std 0.0804 | RMSE 0.4130 | RMSEs 0.3980 | PCC 0.8993 | PCCs 0.8581 | R2 0.8084 | R2s 0.7086 | Var 0.8084 | Vars 0.7173 | Peak 0.1588
Epoch 108|time: 3.25s|train_loss 0.00723771|val_loss 0.00024275
Epoch 109|time: 3.83s|train_loss 0.00719463|val_loss 0.00024186
Epoch 110|time: 3.27s|train_loss 0.00722880|val_loss 0.00023591
Epoch 111|time: 2.88s|train_loss 0.00718071|val_loss 0.00025414
Epoch 112|time: 2.01s|train_loss 0.00711785|val_loss 0.00023424
Epoch 113|time: 2.02s|train_loss 0.00710248|val_loss 0.00023566
Epoch 114|time: 2.12s|train_loss 0.00713063|val_loss 0.00024006
Epoch 115|time: 1.99s|train_loss 0.00708745|val_loss 0.00023233
Best validation epoch: 115 Tue May 23 15:32:48 2023
TEST MAE 0.2765 | std 0.0790 | RMSE 0.4170 | RMSEs 0.4029 | PCC 0.8973 | PCCs 0.8550 | R2 0.8047 | R2s 0.6999 | Var 0.8050 | Vars 0.7121 | Peak 0.1597
Epoch 116|time: 1.99s|train_loss 0.00712134|val_loss 0.00025556
Epoch 117|time: 1.98s|train_loss 0.00713664|val_loss 0.00023302
Epoch 118|time: 2.02s|train_loss 0.00704270|val_loss 0.00024460
Epoch 119|time: 2.42s|train_loss 0.00699597|val_loss 0.00023338
Epoch 120|time: 3.25s|train_loss 0.00699424|val_loss 0.00023018
Best validation epoch: 120 Tue May 23 15:33:00 2023
TEST MAE 0.2805 | std 0.0792 | RMSE 0.4234 | RMSEs 0.4095 | PCC 0.8941 | PCCs 0.8492 | R2 0.7986 | R2s 0.6909 | Var 0.7990 | Vars 0.6991 | Peak 0.1624
Epoch 121|time: 3.39s|train_loss 0.00694555|val_loss 0.00025195
Epoch 122|time: 3.28s|train_loss 0.00694107|val_loss 0.00023665
Epoch 123|time: 3.17s|train_loss 0.00693359|val_loss 0.00024443
Epoch 124|time: 3.55s|train_loss 0.00690709|val_loss 0.00023864
Epoch 125|time: 3.33s|train_loss 0.00695772|val_loss 0.00023664
Epoch 126|time: 3.16s|train_loss 0.00695851|val_loss 0.00024498
Epoch 127|time: 3.41s|train_loss 0.00683019|val_loss 0.00023387
Epoch 128|time: 3.17s|train_loss 0.00686910|val_loss 0.00023736
Epoch 129|time: 4.46s|train_loss 0.00677769|val_loss 0.00023588
Epoch 130|time: 3.56s|train_loss 0.00675600|val_loss 0.00023969
Epoch 131|time: 3.52s|train_loss 0.00674672|val_loss 0.00023538
Epoch 132|time: 3.52s|train_loss 0.00693107|val_loss 0.00025072
Epoch 133|time: 3.70s|train_loss 0.00689509|val_loss 0.00023367
Epoch 134|time: 3.52s|train_loss 0.00669743|val_loss 0.00024262
Epoch 135|time: 3.60s|train_loss 0.00669602|val_loss 0.00023601
Epoch 136|time: 3.73s|train_loss 0.00673017|val_loss 0.00023032
Epoch 137|time: 3.53s|train_loss 0.00681703|val_loss 0.00024321
Epoch 138|time: 3.61s|train_loss 0.00691930|val_loss 0.00023786
Epoch 139|time: 3.63s|train_loss 0.00670754|val_loss 0.00023807
Epoch 140|time: 3.52s|train_loss 0.00669057|val_loss 0.00023875
Epoch 141|time: 3.58s|train_loss 0.00673304|val_loss 0.00023632
Epoch 142|time: 3.52s|train_loss 0.00662690|val_loss 0.00024264
Epoch 143|time: 4.14s|train_loss 0.00660852|val_loss 0.00023591
Epoch 144|time: 4.15s|train_loss 0.00661735|val_loss 0.00023928
Epoch 145|time: 4.04s|train_loss 0.00659882|val_loss 0.00024101
Epoch 146|time: 3.73s|train_loss 0.00659626|val_loss 0.00023553
Epoch 147|time: 3.48s|train_loss 0.00666898|val_loss 0.00023421
Epoch 148|time: 3.59s|train_loss 0.00663917|val_loss 0.00024370
Epoch 149|time: 3.60s|train_loss 0.00663563|val_loss 0.00023457
Epoch 150|time: 3.38s|train_loss 0.00656807|val_loss 0.00025062
Epoch 151|time: 3.43s|train_loss 0.00660528|val_loss 0.00023804
Epoch 152|time: 4.37s|train_loss 0.00653968|val_loss 0.00023904
Epoch 153|time: 3.87s|train_loss 0.00669631|val_loss 0.00023944
Epoch 154|time: 3.41s|train_loss 0.00666012|val_loss 0.00023533
Epoch 155|time: 3.40s|train_loss 0.00663386|val_loss 0.00024596
Epoch 156|time: 3.28s|train_loss 0.00660877|val_loss 0.00023991
Epoch 157|time: 3.57s|train_loss 0.00658279|val_loss 0.00023765
Epoch 158|time: 3.52s|train_loss 0.00654895|val_loss 0.00023612
Epoch 159|time: 3.88s|train_loss 0.00661550|val_loss 0.00023362
Epoch 160|time: 3.69s|train_loss 0.00652263|val_loss 0.00023761
Epoch 161|time: 4.14s|train_loss 0.00653317|val_loss 0.00023171
Epoch 162|time: 4.03s|train_loss 0.00649140|val_loss 0.00024675
Epoch 163|time: 3.26s|train_loss 0.00655892|val_loss 0.00023188
Epoch 164|time: 3.77s|train_loss 0.00654439|val_loss 0.00023576
Epoch 165|time: 3.84s|train_loss 0.00659089|val_loss 0.00024136
Epoch 166|time: 3.57s|train_loss 0.00644892|val_loss 0.00023205
Epoch 167|time: 3.61s|train_loss 0.00643638|val_loss 0.00023320
Epoch 168|time: 3.37s|train_loss 0.00642108|val_loss 0.00024399
Epoch 169|time: 3.43s|train_loss 0.00649684|val_loss 0.00023106
Epoch 170|time: 3.18s|train_loss 0.00640584|val_loss 0.00024406
Epoch 171|time: 3.44s|train_loss 0.00657564|val_loss 0.00023381
Epoch 172|time: 3.15s|train_loss 0.00642669|val_loss 0.00023502
Epoch 173|time: 3.16s|train_loss 0.00649647|val_loss 0.00023186
Epoch 174|time: 3.16s|train_loss 0.00641583|val_loss 0.00023408
Epoch 175|time: 3.24s|train_loss 0.00641968|val_loss 0.00023368
Epoch 176|time: 3.16s|train_loss 0.00644881|val_loss 0.00023786
Epoch 177|time: 3.23s|train_loss 0.00638162|val_loss 0.00023412
Epoch 178|time: 3.26s|train_loss 0.00643446|val_loss 0.00024089
Epoch 179|time: 3.29s|train_loss 0.00642622|val_loss 0.00023787
Epoch 180|time: 3.27s|train_loss 0.00637730|val_loss 0.00025714
Epoch 181|time: 3.16s|train_loss 0.00640044|val_loss 0.00023850
Epoch 182|time: 3.17s|train_loss 0.00634725|val_loss 0.00024264
Epoch 183|time: 3.27s|train_loss 0.00636498|val_loss 0.00024028
Epoch 184|time: 3.38s|train_loss 0.00636279|val_loss 0.00024061
Epoch 185|time: 3.62s|train_loss 0.00633137|val_loss 0.00024191
Epoch 186|time: 3.55s|train_loss 0.00638901|val_loss 0.00023819
Epoch 187|time: 3.65s|train_loss 0.00641389|val_loss 0.00024268
Epoch 188|time: 3.41s|train_loss 0.00629301|val_loss 0.00023569
Epoch 189|time: 3.49s|train_loss 0.00644235|val_loss 0.00023957
Epoch 190|time: 3.36s|train_loss 0.00629229|val_loss 0.00023833
Epoch 191|time: 3.43s|train_loss 0.00628702|val_loss 0.00023748
Epoch 192|time: 3.24s|train_loss 0.00638114|val_loss 0.00023955
Epoch 193|time: 3.28s|train_loss 0.00630289|val_loss 0.00025641
Epoch 194|time: 3.25s|train_loss 0.00635594|val_loss 0.00023188
Epoch 195|time: 3.58s|train_loss 0.00642088|val_loss 0.00023253
Epoch 196|time: 3.49s|train_loss 0.00629264|val_loss 0.00023932
Epoch 197|time: 3.48s|train_loss 0.00628229|val_loss 0.00023040
Epoch 198|time: 3.66s|train_loss 0.00630392|val_loss 0.00023107
Epoch 199|time: 3.59s|train_loss 0.00634510|val_loss 0.00025550
Epoch 200|time: 3.47s|train_loss 0.00634047|val_loss 0.00024273
Epoch 201|time: 3.87s|train_loss 0.00622069|val_loss 0.00026089
Epoch 202|time: 3.35s|train_loss 0.00644410|val_loss 0.00024226
Epoch 203|time: 3.45s|train_loss 0.00641097|val_loss 0.00023632
Epoch 204|time: 3.84s|train_loss 0.00625766|val_loss 0.00023202
Epoch 205|time: 3.53s|train_loss 0.00627321|val_loss 0.00023019
Epoch 206|time: 3.45s|train_loss 0.00621710|val_loss 0.00023154
Epoch 207|time: 3.51s|train_loss 0.00615120|val_loss 0.00023220
Epoch 208|time: 3.33s|train_loss 0.00615399|val_loss 0.00023457
Epoch 209|time: 3.39s|train_loss 0.00614629|val_loss 0.00024070
Epoch 210|time: 4.05s|train_loss 0.00619121|val_loss 0.00023572
Epoch 211|time: 3.64s|train_loss 0.00619328|val_loss 0.00024291
Epoch 212|time: 4.15s|train_loss 0.00615557|val_loss 0.00023489
Epoch 213|time: 4.76s|train_loss 0.00620342|val_loss 0.00023501
Epoch 214|time: 4.39s|train_loss 0.00623651|val_loss 0.00025111
Epoch 215|time: 5.18s|train_loss 0.00614932|val_loss 0.00023000
Best validation epoch: 215 Tue May 23 15:38:39 2023
TEST MAE 0.2875 | std 0.0789 | RMSE 0.4275 | RMSEs 0.4140 | PCC 0.8936 | PCCs 0.8496 | R2 0.7947 | R2s 0.6788 | Var 0.7963 | Vars 0.6943 | Peak 0.1637
Epoch 216|time: 5.05s|train_loss 0.00611663|val_loss 0.00023535
Epoch 217|time: 4.68s|train_loss 0.00616491|val_loss 0.00023241
Epoch 218|time: 5.65s|train_loss 0.00608797|val_loss 0.00023054
Epoch 219|time: 4.70s|train_loss 0.00609007|val_loss 0.00024458
Epoch 220|time: 4.45s|train_loss 0.00611111|val_loss 0.00023452
Epoch 221|time: 4.48s|train_loss 0.00604542|val_loss 0.00023398
Epoch 222|time: 4.54s|train_loss 0.00615016|val_loss 0.00024561
Epoch 223|time: 4.71s|train_loss 0.00624875|val_loss 0.00023227
Epoch 224|time: 3.96s|train_loss 0.00620758|val_loss 0.00024094
Epoch 225|time: 3.65s|train_loss 0.00628020|val_loss 0.00023069
Epoch 226|time: 3.13s|train_loss 0.00602677|val_loss 0.00023279
Epoch 227|time: 3.14s|train_loss 0.00608150|val_loss 0.00023179
Epoch 228|time: 3.33s|train_loss 0.00604123|val_loss 0.00023244
Epoch 229|time: 3.15s|train_loss 0.00606764|val_loss 0.00023961
Epoch 230|time: 3.14s|train_loss 0.00606596|val_loss 0.00023110
Epoch 231|time: 3.36s|train_loss 0.00604094|val_loss 0.00023110
Epoch 232|time: 3.20s|train_loss 0.00600930|val_loss 0.00024681
Epoch 233|time: 3.17s|train_loss 0.00610396|val_loss 0.00023536
Epoch 234|time: 3.26s|train_loss 0.00632541|val_loss 0.00022739
Best validation epoch: 234 Tue May 23 15:39:55 2023
TEST MAE 0.2926 | std 0.0775 | RMSE 0.4366 | RMSEs 0.4236 | PCC 0.8893 | PCCs 0.8415 | R2 0.7859 | R2s 0.6615 | Var 0.7869 | Vars 0.6744 | Peak 0.1695
Epoch 235|time: 3.75s|train_loss 0.00604495|val_loss 0.00025465
Epoch 236|time: 3.26s|train_loss 0.00609083|val_loss 0.00022602
Best validation epoch: 236 Tue May 23 15:40:03 2023
TEST MAE 0.2853 | std 0.0791 | RMSE 0.4272 | RMSEs 0.4134 | PCC 0.8939 | PCCs 0.8500 | R2 0.7950 | R2s 0.6800 | Var 0.7955 | Vars 0.6910 | Peak 0.1644
Epoch 237|time: 3.13s|train_loss 0.00600650|val_loss 0.00023819
Epoch 238|time: 3.21s|train_loss 0.00600489|val_loss 0.00024061
Epoch 239|time: 3.85s|train_loss 0.00602507|val_loss 0.00023025
Epoch 240|time: 3.59s|train_loss 0.00597951|val_loss 0.00023005
Epoch 241|time: 3.35s|train_loss 0.00625436|val_loss 0.00024390
Epoch 242|time: 3.65s|train_loss 0.00612570|val_loss 0.00023167
Epoch 243|time: 3.61s|train_loss 0.00596656|val_loss 0.00024841
Epoch 244|time: 3.47s|train_loss 0.00601123|val_loss 0.00023606
Epoch 245|time: 3.72s|train_loss 0.00595304|val_loss 0.00023291
Epoch 246|time: 3.25s|train_loss 0.00608015|val_loss 0.00023110
Epoch 247|time: 3.27s|train_loss 0.00607003|val_loss 0.00023378
Epoch 248|time: 4.61s|train_loss 0.00609393|val_loss 0.00023138
Epoch 249|time: 4.12s|train_loss 0.00592786|val_loss 0.00023268
Epoch 250|time: 3.38s|train_loss 0.00604198|val_loss 0.00023047
Epoch 251|time: 3.71s|train_loss 0.00593076|val_loss 0.00024587
Epoch 252|time: 3.50s|train_loss 0.00595004|val_loss 0.00023895
Epoch 253|time: 3.66s|train_loss 0.00596318|val_loss 0.00023739
Epoch 254|time: 3.29s|train_loss 0.00595480|val_loss 0.00022839
Epoch 255|time: 3.35s|train_loss 0.00595818|val_loss 0.00022886
Epoch 256|time: 3.83s|train_loss 0.00599396|val_loss 0.00022788
Epoch 257|time: 3.54s|train_loss 0.00598269|val_loss 0.00022426
Best validation epoch: 257 Tue May 23 15:41:19 2023
TEST MAE 0.2856 | std 0.0774 | RMSE 0.4332 | RMSEs 0.4197 | PCC 0.8905 | PCCs 0.8428 | R2 0.7892 | R2s 0.6701 | Var 0.7895 | Vars 0.6767 | Peak 0.1695
Epoch 258|time: 4.16s|train_loss 0.00586121|val_loss 0.00023236
Epoch 259|time: 3.78s|train_loss 0.00594185|val_loss 0.00023172
Epoch 260|time: 3.34s|train_loss 0.00591378|val_loss 0.00023328
Epoch 261|time: 3.33s|train_loss 0.00588423|val_loss 0.00023391
Epoch 262|time: 3.32s|train_loss 0.00586254|val_loss 0.00022905
Epoch 263|time: 3.51s|train_loss 0.00586053|val_loss 0.00026050
Epoch 264|time: 3.62s|train_loss 0.00593271|val_loss 0.00024304
Epoch 265|time: 3.46s|train_loss 0.00585406|val_loss 0.00023922
Epoch 266|time: 3.80s|train_loss 0.00585075|val_loss 0.00024014
Epoch 267|time: 3.98s|train_loss 0.00584492|val_loss 0.00025866
Epoch 268|time: 3.83s|train_loss 0.00591956|val_loss 0.00023287
Epoch 269|time: 3.79s|train_loss 0.00591133|val_loss 0.00023833
Epoch 270|time: 3.67s|train_loss 0.00577397|val_loss 0.00023462
Epoch 271|time: 4.04s|train_loss 0.00586355|val_loss 0.00023316
Epoch 272|time: 3.79s|train_loss 0.00581914|val_loss 0.00024265
Epoch 273|time: 3.60s|train_loss 0.00584574|val_loss 0.00023541
Epoch 274|time: 3.56s|train_loss 0.00594063|val_loss 0.00024172
Epoch 275|time: 3.94s|train_loss 0.00599805|val_loss 0.00023038
Epoch 276|time: 4.21s|train_loss 0.00584378|val_loss 0.00023437
Epoch 277|time: 4.00s|train_loss 0.00579594|val_loss 0.00024513
Epoch 278|time: 3.50s|train_loss 0.00583563|val_loss 0.00022934
Epoch 279|time: 3.23s|train_loss 0.00577537|val_loss 0.00024051
Epoch 280|time: 3.61s|train_loss 0.00585402|val_loss 0.00023798
Epoch 281|time: 3.53s|train_loss 0.00582761|val_loss 0.00024247
Epoch 282|time: 3.36s|train_loss 0.00577356|val_loss 0.00023312
Epoch 283|time: 3.48s|train_loss 0.00581092|val_loss 0.00023231
Epoch 284|time: 3.31s|train_loss 0.00572354|val_loss 0.00024099
Epoch 285|time: 3.25s|train_loss 0.00573698|val_loss 0.00023457
Epoch 286|time: 3.86s|train_loss 0.00575045|val_loss 0.00023637
Epoch 287|time: 3.13s|train_loss 0.00569679|val_loss 0.00025555
Epoch 288|time: 3.13s|train_loss 0.00571219|val_loss 0.00023509
Epoch 289|time: 3.23s|train_loss 0.00572683|val_loss 0.00023360
Epoch 290|time: 3.22s|train_loss 0.00583968|val_loss 0.00022934
Epoch 291|time: 3.13s|train_loss 0.00566243|val_loss 0.00023582
Epoch 292|time: 3.35s|train_loss 0.00569901|val_loss 0.00023312
Epoch 293|time: 3.12s|train_loss 0.00563673|val_loss 0.00024185
Epoch 294|time: 3.13s|train_loss 0.00567576|val_loss 0.00023425
Epoch 295|time: 3.33s|train_loss 0.00563405|val_loss 0.00023183
Epoch 296|time: 3.14s|train_loss 0.00561156|val_loss 0.00024542
Epoch 297|time: 3.13s|train_loss 0.00558530|val_loss 0.00023186
Epoch 298|time: 3.29s|train_loss 0.00563629|val_loss 0.00022897
Epoch 299|time: 3.25s|train_loss 0.00565510|val_loss 0.00023567
Epoch 300|time: 3.13s|train_loss 0.00559735|val_loss 0.00022752
Epoch 301|time: 3.16s|train_loss 0.00557565|val_loss 0.00023078
Epoch 302|time: 3.26s|train_loss 0.00557175|val_loss 0.00023093
Epoch 303|time: 3.23s|train_loss 0.00560903|val_loss 0.00023157
Epoch 304|time: 3.31s|train_loss 0.00556424|val_loss 0.00023841
Epoch 305|time: 3.13s|train_loss 0.00554941|val_loss 0.00024483
Epoch 306|time: 3.23s|train_loss 0.00558402|val_loss 0.00023319
Epoch 307|time: 3.16s|train_loss 0.00551333|val_loss 0.00024051
Epoch 308|time: 3.21s|train_loss 0.00565150|val_loss 0.00023594
Epoch 309|time: 3.21s|train_loss 0.00553861|val_loss 0.00023105
Epoch 310|time: 3.12s|train_loss 0.00558353|val_loss 0.00023358
Epoch 311|time: 3.27s|train_loss 0.00555425|val_loss 0.00023544
Epoch 312|time: 3.13s|train_loss 0.00547436|val_loss 0.00024014
Epoch 313|time: 3.20s|train_loss 0.00549198|val_loss 0.00022832
Epoch 314|time: 3.26s|train_loss 0.00560737|val_loss 0.00023485
Epoch 315|time: 3.13s|train_loss 0.00559257|val_loss 0.00023309
Epoch 316|time: 3.15s|train_loss 0.00554816|val_loss 0.00022571
Epoch 317|time: 3.49s|train_loss 0.00546583|val_loss 0.00024712
Epoch 318|time: 3.14s|train_loss 0.00555184|val_loss 0.00023789
Epoch 319|time: 3.44s|train_loss 0.00560595|val_loss 0.00023637
Epoch 320|time: 3.31s|train_loss 0.00549687|val_loss 0.00024323
Epoch 321|time: 3.24s|train_loss 0.00550021|val_loss 0.00023524
Epoch 322|time: 3.14s|train_loss 0.00553177|val_loss 0.00023835
Epoch 323|time: 4.10s|train_loss 0.00541734|val_loss 0.00023322
Epoch 324|time: 3.48s|train_loss 0.00541946|val_loss 0.00024249
Epoch 325|time: 3.17s|train_loss 0.00540568|val_loss 0.00023372
Epoch 326|time: 4.29s|train_loss 0.00538659|val_loss 0.00023204
Epoch 327|time: 5.33s|train_loss 0.00542144|val_loss 0.00023497
Epoch 328|time: 3.61s|train_loss 0.00542306|val_loss 0.00023581
Epoch 329|time: 3.51s|train_loss 0.00543724|val_loss 0.00023983
Epoch 330|time: 4.26s|train_loss 0.00542327|val_loss 0.00022928
Epoch 331|time: 3.79s|train_loss 0.00542396|val_loss 0.00023100
Epoch 332|time: 3.55s|train_loss 0.00552253|val_loss 0.00022986
Epoch 333|time: 3.81s|train_loss 0.00538816|val_loss 0.00023465
Epoch 334|time: 3.20s|train_loss 0.00531416|val_loss 0.00022962
Epoch 335|time: 3.18s|train_loss 0.00548362|val_loss 0.00023248
Epoch 336|time: 3.28s|train_loss 0.00544518|val_loss 0.00023587
Epoch 337|time: 3.32s|train_loss 0.00547346|val_loss 0.00023746
Epoch 338|time: 3.14s|train_loss 0.00538759|val_loss 0.00025830
Epoch 339|time: 3.26s|train_loss 0.00546954|val_loss 0.00023426
Epoch 340|time: 3.60s|train_loss 0.00552544|val_loss 0.00023315
Epoch 341|time: 3.69s|train_loss 0.00566041|val_loss 0.00024603
Epoch 342|time: 3.46s|train_loss 0.00553545|val_loss 0.00023180
Epoch 343|time: 3.16s|train_loss 0.00566113|val_loss 0.00028068
Epoch 344|time: 3.16s|train_loss 0.00561087|val_loss 0.00030743
Epoch 345|time: 3.33s|train_loss 0.00545033|val_loss 0.00032877
Epoch 346|time: 3.13s|train_loss 0.00540439|val_loss 0.00024606
Epoch 347|time: 3.50s|train_loss 0.00533675|val_loss 0.00024843
Epoch 348|time: 3.22s|train_loss 0.00528307|val_loss 0.00023868
Epoch 349|time: 3.63s|train_loss 0.00531948|val_loss 0.00022761
Epoch 350|time: 3.42s|train_loss 0.00535883|val_loss 0.00023216
Epoch 351|time: 4.90s|train_loss 0.00527824|val_loss 0.00023226
Epoch 352|time: 3.73s|train_loss 0.00523334|val_loss 0.00023863
Epoch 353|time: 3.18s|train_loss 0.00526118|val_loss 0.00023695
Epoch 354|time: 3.14s|train_loss 0.00526282|val_loss 0.00023416
Epoch 355|time: 3.29s|train_loss 0.00526112|val_loss 0.00022907
Epoch 356|time: 3.19s|train_loss 0.00530357|val_loss 0.00023460
Epoch 357|time: 3.28s|train_loss 0.00527154|val_loss 0.00023472
Epoch 358|time: 3.14s|train_loss 0.00520563|val_loss 0.00024562
Epoch 359|time: 3.21s|train_loss 0.00523756|val_loss 0.00023281
Epoch 360|time: 3.53s|train_loss 0.00521340|val_loss 0.00023445
Epoch 361|time: 3.13s|train_loss 0.00521000|val_loss 0.00023311
Epoch 362|time: 3.12s|train_loss 0.00518048|val_loss 0.00023765
Epoch 363|time: 3.35s|train_loss 0.00520207|val_loss 0.00024318
Epoch 364|time: 3.22s|train_loss 0.00519398|val_loss 0.00023888
Epoch 365|time: 3.13s|train_loss 0.00522429|val_loss 0.00023317
Epoch 366|time: 4.69s|train_loss 0.00527109|val_loss 0.00023746
Epoch 367|time: 4.41s|train_loss 0.00520242|val_loss 0.00023259
Epoch 368|time: 3.87s|train_loss 0.00515845|val_loss 0.00026128
Epoch 369|time: 3.85s|train_loss 0.00515207|val_loss 0.00025443
Epoch 370|time: 3.65s|train_loss 0.00515507|val_loss 0.00024838
Epoch 371|time: 3.54s|train_loss 0.00514434|val_loss 0.00023436
Epoch 372|time: 3.89s|train_loss 0.00515596|val_loss 0.00023986
Epoch 373|time: 3.71s|train_loss 0.00513159|val_loss 0.00022669
Epoch 374|time: 3.82s|train_loss 0.00514221|val_loss 0.00023378
Epoch 375|time: 4.02s|train_loss 0.00526664|val_loss 0.00024794
Epoch 376|time: 3.82s|train_loss 0.00528379|val_loss 0.00023572
Epoch 377|time: 3.62s|train_loss 0.00510940|val_loss 0.00023654
Epoch 378|time: 4.12s|train_loss 0.00517657|val_loss 0.00023560
Epoch 379|time: 4.23s|train_loss 0.00511047|val_loss 0.00024216
Epoch 380|time: 3.41s|train_loss 0.00509391|val_loss 0.00025512
Epoch 381|time: 3.51s|train_loss 0.00521809|val_loss 0.00025225
Epoch 382|time: 3.43s|train_loss 0.00524611|val_loss 0.00027031
Epoch 383|time: 3.50s|train_loss 0.00525429|val_loss 0.00024742
Epoch 384|time: 4.26s|train_loss 0.00521840|val_loss 0.00025834
Epoch 385|time: 3.28s|train_loss 0.00508953|val_loss 0.00023820
Epoch 386|time: 3.32s|train_loss 0.00505697|val_loss 0.00026295
Epoch 387|time: 3.41s|train_loss 0.00504369|val_loss 0.00022741
Epoch 388|time: 3.15s|train_loss 0.00505586|val_loss 0.00022578
Epoch 389|time: 3.15s|train_loss 0.00512525|val_loss 0.00024668
Epoch 390|time: 3.37s|train_loss 0.00508693|val_loss 0.00023229
Epoch 391|time: 3.99s|train_loss 0.00514375|val_loss 0.00027519
Epoch 392|time: 3.55s|train_loss 0.00514366|val_loss 0.00026027
Epoch 393|time: 3.45s|train_loss 0.00523437|val_loss 0.00029282
Epoch 394|time: 3.22s|train_loss 0.00514145|val_loss 0.00023665
Epoch 395|time: 3.47s|train_loss 0.00510875|val_loss 0.00025439
Epoch 396|time: 5.50s|train_loss 0.00515084|val_loss 0.00023671
Epoch 397|time: 6.36s|train_loss 0.00496840|val_loss 0.00022582
Epoch 398|time: 5.29s|train_loss 0.00501340|val_loss 0.00024085
Epoch 399|time: 5.88s|train_loss 0.00510993|val_loss 0.00023807
Epoch 400|time: 6.07s|train_loss 0.00498151|val_loss 0.00023496
Epoch 401|time: 5.22s|train_loss 0.00503203|val_loss 0.00023017
Epoch 402|time: 6.04s|train_loss 0.00497029|val_loss 0.00024349
Epoch 403|time: 6.32s|train_loss 0.00496411|val_loss 0.00022554
Epoch 404|time: 5.80s|train_loss 0.00516918|val_loss 0.00023232
Epoch 405|time: 5.55s|train_loss 0.00499206|val_loss 0.00022835
Epoch 406|time: 5.30s|train_loss 0.00502079|val_loss 0.00023140
Epoch 407|time: 5.06s|train_loss 0.00491069|val_loss 0.00023236
Epoch 408|time: 3.27s|train_loss 0.00489662|val_loss 0.00023496
Epoch 409|time: 3.13s|train_loss 0.00501951|val_loss 0.00025756
Epoch 410|time: 3.22s|train_loss 0.00494334|val_loss 0.00022987
Epoch 411|time: 3.15s|train_loss 0.00488935|val_loss 0.00023740
Epoch 412|time: 3.20s|train_loss 0.00489917|val_loss 0.00023603
Epoch 413|time: 3.15s|train_loss 0.00509131|val_loss 0.00025281
Epoch 414|time: 3.14s|train_loss 0.00515297|val_loss 0.00024777
Epoch 415|time: 3.22s|train_loss 0.00518293|val_loss 0.00026745
Epoch 416|time: 3.20s|train_loss 0.00512198|val_loss 0.00023749
Epoch 417|time: 3.28s|train_loss 0.00503299|val_loss 0.00025481
Epoch 418|time: 3.90s|train_loss 0.00498880|val_loss 0.00024624
Epoch 419|time: 4.97s|train_loss 0.00500056|val_loss 0.00024180
Epoch 420|time: 3.70s|train_loss 0.00501830|val_loss 0.00023144
Epoch 421|time: 3.61s|train_loss 0.00496633|val_loss 0.00022887
Epoch 422|time: 3.33s|train_loss 0.00488764|val_loss 0.00024056
Epoch 423|time: 3.61s|train_loss 0.00498064|val_loss 0.00022342
Best validation epoch: 423 Tue May 23 15:51:26 2023
TEST MAE 0.3048 | std 0.0815 | RMSE 0.4484 | RMSEs 0.4341 | PCC 0.8853 | PCCs 0.8354 | R2 0.7742 | R2s 0.6425 | Var 0.7775 | Vars 0.6622 | Peak 0.1713
Epoch 424|time: 3.40s|train_loss 0.00487996|val_loss 0.00024950
Epoch 425|time: 3.31s|train_loss 0.00488923|val_loss 0.00022945
Epoch 426|time: 3.85s|train_loss 0.00492113|val_loss 0.00026405
Epoch 427|time: 3.44s|train_loss 0.00503138|val_loss 0.00024304
Epoch 428|time: 3.36s|train_loss 0.00495714|val_loss 0.00026894
Epoch 429|time: 3.37s|train_loss 0.00488155|val_loss 0.00022857
Epoch 430|time: 3.29s|train_loss 0.00484684|val_loss 0.00022931
Epoch 431|time: 3.33s|train_loss 0.00481955|val_loss 0.00023744
Epoch 432|time: 3.38s|train_loss 0.00479886|val_loss 0.00023186
Epoch 433|time: 3.51s|train_loss 0.00488629|val_loss 0.00024241
Epoch 434|time: 3.47s|train_loss 0.00488950|val_loss 0.00022996
Epoch 435|time: 3.33s|train_loss 0.00498868|val_loss 0.00025118
Epoch 436|time: 3.50s|train_loss 0.00497175|val_loss 0.00023251
Epoch 437|time: 4.12s|train_loss 0.00496170|val_loss 0.00028042
Epoch 438|time: 3.48s|train_loss 0.00505083|val_loss 0.00024190
Epoch 439|time: 3.32s|train_loss 0.00501680|val_loss 0.00025336
Epoch 440|time: 3.70s|train_loss 0.00506676|val_loss 0.00023347
Epoch 441|time: 3.24s|train_loss 0.00491853|val_loss 0.00024506
Epoch 442|time: 3.12s|train_loss 0.00481985|val_loss 0.00022777
Epoch 443|time: 3.27s|train_loss 0.00482205|val_loss 0.00023242
Epoch 444|time: 4.32s|train_loss 0.00478954|val_loss 0.00022881
Epoch 445|time: 3.69s|train_loss 0.00475380|val_loss 0.00024180
Epoch 446|time: 3.15s|train_loss 0.00473502|val_loss 0.00022374
Epoch 447|time: 3.06s|train_loss 0.00492814|val_loss 0.00022207
Best validation epoch: 447 Tue May 23 15:52:50 2023
TEST MAE 0.2915 | std 0.0918 | RMSE 0.4411 | RMSEs 0.4229 | PCC 0.8875 | PCCs 0.8427 | R2 0.7815 | R2s 0.6713 | Var 0.7819 | Vars 0.6778 | Peak 0.1689
Epoch 448|time: 3.06s|train_loss 0.00496056|val_loss 0.00022428
Epoch 449|time: 3.07s|train_loss 0.00489085|val_loss 0.00024319
Epoch 450|time: 3.30s|train_loss 0.00487784|val_loss 0.00023517
Epoch 451|time: 3.05s|train_loss 0.00475041|val_loss 0.00024263
Epoch 452|time: 3.21s|train_loss 0.00477227|val_loss 0.00023036
Epoch 453|time: 3.04s|train_loss 0.00476114|val_loss 0.00024028
Epoch 454|time: 3.07s|train_loss 0.00483929|val_loss 0.00023549
Epoch 455|time: 3.23s|train_loss 0.00476009|val_loss 0.00025726
Epoch 456|time: 3.05s|train_loss 0.00475192|val_loss 0.00023910
Epoch 457|time: 3.28s|train_loss 0.00473375|val_loss 0.00023863
Epoch 458|time: 4.10s|train_loss 0.00472527|val_loss 0.00022854
Epoch 459|time: 3.90s|train_loss 0.00468289|val_loss 0.00023492
Epoch 460|time: 3.54s|train_loss 0.00472394|val_loss 0.00022931
Epoch 461|time: 3.44s|train_loss 0.00472162|val_loss 0.00022373
Epoch 462|time: 3.47s|train_loss 0.00475270|val_loss 0.00024223
Epoch 463|time: 3.55s|train_loss 0.00470216|val_loss 0.00024156
Epoch 464|time: 3.34s|train_loss 0.00475561|val_loss 0.00023627
Epoch 465|time: 3.42s|train_loss 0.00465089|val_loss 0.00022435
Epoch 466|time: 3.51s|train_loss 0.00467725|val_loss 0.00023641
Epoch 467|time: 3.57s|train_loss 0.00461435|val_loss 0.00022823
Epoch 468|time: 4.08s|train_loss 0.00464823|val_loss 0.00024014
Epoch 469|time: 4.12s|train_loss 0.00461447|val_loss 0.00022708
Epoch 470|time: 3.44s|train_loss 0.00460182|val_loss 0.00023564
Epoch 471|time: 3.51s|train_loss 0.00460604|val_loss 0.00022822
Epoch 472|time: 3.37s|train_loss 0.00460965|val_loss 0.00025277
Epoch 473|time: 3.19s|train_loss 0.00463964|val_loss 0.00023011
Epoch 474|time: 3.18s|train_loss 0.00458245|val_loss 0.00023720
Epoch 475|time: 3.18s|train_loss 0.00462251|val_loss 0.00023734
Epoch 476|time: 3.28s|train_loss 0.00473713|val_loss 0.00023985
Epoch 477|time: 3.39s|train_loss 0.00481416|val_loss 0.00022914
Epoch 478|time: 3.43s|train_loss 0.00470558|val_loss 0.00023630
Epoch 479|time: 3.36s|train_loss 0.00468957|val_loss 0.00023659
Epoch 480|time: 3.24s|train_loss 0.00457963|val_loss 0.00023647
Epoch 481|time: 3.23s|train_loss 0.00459361|val_loss 0.00022699
Epoch 482|time: 3.12s|train_loss 0.00457858|val_loss 0.00024189
Epoch 483|time: 3.13s|train_loss 0.00458814|val_loss 0.00023320
Epoch 484|time: 3.24s|train_loss 0.00469890|val_loss 0.00024098
Epoch 485|time: 3.12s|train_loss 0.00462094|val_loss 0.00023409
Epoch 486|time: 3.32s|train_loss 0.00457148|val_loss 0.00025196
Epoch 487|time: 3.24s|train_loss 0.00464817|val_loss 0.00023500
Epoch 488|time: 3.12s|train_loss 0.00459706|val_loss 0.00024237
Epoch 489|time: 3.11s|train_loss 0.00458069|val_loss 0.00025156
Epoch 490|time: 3.32s|train_loss 0.00454312|val_loss 0.00022819
Epoch 491|time: 3.12s|train_loss 0.00464950|val_loss 0.00022829
Epoch 492|time: 3.12s|train_loss 0.00451855|val_loss 0.00023349
Epoch 493|time: 3.13s|train_loss 0.00462646|val_loss 0.00022792
Epoch 494|time: 3.22s|train_loss 0.00465211|val_loss 0.00022442
Epoch 495|time: 3.13s|train_loss 0.00459193|val_loss 0.00022703
Epoch 496|time: 3.12s|train_loss 0.00459800|val_loss 0.00022993
Epoch 497|time: 3.13s|train_loss 0.00461790|val_loss 0.00022389
Epoch 498|time: 3.22s|train_loss 0.00458476|val_loss 0.00023411
Epoch 499|time: 3.12s|train_loss 0.00454185|val_loss 0.00022834
Epoch 500|time: 3.23s|train_loss 0.00445463|val_loss 0.00024109
Final evaluation
TEST MAE 0.2915 | std 0.0918 | RMSE 0.4411 | RMSEs 0.4229 | PCC 0.8875 | PCCs 0.8427 | R2 0.7815 | R2s 0.6713 | Var 0.7819 | Vars 0.6778 | Peak 0.1689
