--------Parameters--------
Namespace(batch=32, bi=False, check_point=1, cuda=False, dataset='us_hhs', dropout=0.2, epilambda=0.1, epochs=500, gpu=3, hidsp=15, horizon=2, k=10, lamda=0.01, lr=0.1, model='cola_gnn_epi', mylog=False, n_hidden=10, n_layer=1, patience=200, rnn_model='RNN', save_dir='save', seed=42, shuffle=False, sim_mat='us_hhs-adj', test=0.2, train=0.6, val=0.2, weight_decay=0.0005, window=20)
--------------------------
data shape (364, 10)
size of train/val/test sets 197 73 73
#params: 2005
begin training
Epoch   1|time: 3.26s|train_loss 0.00360608|val_loss 0.00315660
Best validation epoch: 1 Tue May 23 09:53:08 2023
TEST MAE 3.8734 | std 1.1463 | RMSE 4.1164 | RMSEs 3.9520 | PCC 0.4988 | PCCs 0.2825 | R2 -18.0346 | R2s -30.9453 | Var -1.2104 | Vars -0.0635 | Peak 1.1986
Epoch   2|time: 3.50s|train_loss 0.00233918|val_loss 0.00116258
Best validation epoch: 2 Tue May 23 09:53:13 2023
TEST MAE 1.3453 | std 0.3767 | RMSE 1.5026 | RMSEs 1.4514 | PCC 0.6015 | PCCs 0.7566 | R2 -1.5364 | R2s -3.3735 | Var 0.2939 | Vars 0.2606 | Peak 0.2929
Epoch   3|time: 3.64s|train_loss 0.00180042|val_loss 0.00114217
Best validation epoch: 3 Tue May 23 09:53:17 2023
TEST MAE 1.3402 | std 0.3731 | RMSE 1.5000 | RMSEs 1.4490 | PCC 0.5903 | PCCs 0.7724 | R2 -1.5275 | R2s -3.3694 | Var 0.2793 | Vars 0.2288 | Peak 0.2859
Epoch   4|time: 3.06s|train_loss 0.00178000|val_loss 0.00086471
Best validation epoch: 4 Tue May 23 09:53:21 2023
TEST MAE 0.9044 | std 0.1999 | RMSE 1.0475 | RMSEs 1.0212 | PCC 0.5207 | PCCs 0.5286 | R2 -0.2326 | R2s -1.0940 | Var 0.2242 | Vars 0.0374 | Peak 0.2003
Epoch   5|time: 3.04s|train_loss 0.00199555|val_loss 0.00161656
Epoch   6|time: 3.13s|train_loss 0.00184762|val_loss 0.00127253
Epoch   7|time: 3.03s|train_loss 0.00188794|val_loss 0.00099821
Epoch   8|time: 3.17s|train_loss 0.00152449|val_loss 0.00076510
Best validation epoch: 8 Tue May 23 09:53:34 2023
TEST MAE 1.0702 | std 0.4020 | RMSE 1.3651 | RMSEs 1.2942 | PCC 0.5824 | PCCs 0.8535 | R2 -1.0933 | R2s -1.9487 | Var 0.1931 | Vars 0.0682 | Peak 0.6804
Epoch   9|time: 3.06s|train_loss 0.00139044|val_loss 0.00059386
Best validation epoch: 9 Tue May 23 09:53:38 2023
TEST MAE 0.8276 | std 0.3344 | RMSE 1.1515 | RMSEs 1.0874 | PCC 0.6356 | PCCs 0.8504 | R2 -0.4894 | R2s -1.0614 | Var 0.2567 | Vars 0.0900 | Peak 0.5825
Epoch  10|time: 3.04s|train_loss 0.00138786|val_loss 0.00063256
Epoch  11|time: 3.17s|train_loss 0.00128911|val_loss 0.00038711
Best validation epoch: 11 Tue May 23 09:53:45 2023
TEST MAE 0.4621 | std 0.1663 | RMSE 0.6962 | RMSEs 0.6584 | PCC 0.8275 | PCCs 0.8565 | R2 0.4555 | R2s 0.2479 | Var 0.5520 | Vars 0.4037 | Peak 0.3278
Epoch  12|time: 3.04s|train_loss 0.00105430|val_loss 0.00027604
Best validation epoch: 12 Tue May 23 09:53:48 2023
TEST MAE 0.3280 | std 0.1051 | RMSE 0.5010 | RMSEs 0.4774 | PCC 0.8933 | PCCs 0.8543 | R2 0.7180 | R2s 0.5995 | Var 0.7429 | Vars 0.6423 | Peak 0.2148
Epoch  13|time: 3.03s|train_loss 0.00111649|val_loss 0.00026187
Best validation epoch: 13 Tue May 23 09:53:52 2023
TEST MAE 0.2809 | std 0.0770 | RMSE 0.4063 | RMSEs 0.3924 | PCC 0.9028 | PCCs 0.8511 | R2 0.8146 | R2s 0.7208 | Var 0.8148 | Vars 0.7232 | Peak 0.1685
Epoch  14|time: 3.53s|train_loss 0.00124968|val_loss 0.00048585
Epoch  15|time: 3.14s|train_loss 0.00105134|val_loss 0.00023082
Best validation epoch: 15 Tue May 23 09:54:00 2023
TEST MAE 0.2810 | std 0.0840 | RMSE 0.4255 | RMSEs 0.4080 | PCC 0.9085 | PCCs 0.8610 | R2 0.7967 | R2s 0.7030 | Var 0.8113 | Vars 0.7261 | Peak 0.1799
Epoch  16|time: 3.12s|train_loss 0.00118493|val_loss 0.00022277
Best validation epoch: 16 Tue May 23 09:54:03 2023
TEST MAE 0.2856 | std 0.0885 | RMSE 0.4380 | RMSEs 0.4193 | PCC 0.9102 | PCCs 0.8641 | R2 0.7845 | R2s 0.6879 | Var 0.8096 | Vars 0.7262 | Peak 0.1874
Epoch  17|time: 3.23s|train_loss 0.00118110|val_loss 0.00042833
Epoch  18|time: 3.62s|train_loss 0.00112730|val_loss 0.00079624
Epoch  19|time: 3.15s|train_loss 0.00134044|val_loss 0.00049942
Epoch  20|time: 3.11s|train_loss 0.00114185|val_loss 0.00029995
Epoch  21|time: 3.04s|train_loss 0.00095083|val_loss 0.00022967
Epoch  22|time: 3.12s|train_loss 0.00108167|val_loss 0.00024053
Epoch  23|time: 3.30s|train_loss 0.00098990|val_loss 0.00025803
Epoch  24|time: 3.30s|train_loss 0.00097662|val_loss 0.00032595
Epoch  25|time: 3.29s|train_loss 0.00110625|val_loss 0.00020727
Best validation epoch: 25 Tue May 23 09:54:33 2023
TEST MAE 0.3121 | std 0.0883 | RMSE 0.4524 | RMSEs 0.4368 | PCC 0.9107 | PCCs 0.8650 | R2 0.7701 | R2s 0.6556 | Var 0.8275 | Vars 0.7469 | Peak 0.1938
Epoch  26|time: 3.48s|train_loss 0.00101960|val_loss 0.00023813
Epoch  27|time: 3.21s|train_loss 0.00102159|val_loss 0.00023328
Epoch  28|time: 3.54s|train_loss 0.00106531|val_loss 0.00021178
Epoch  29|time: 3.21s|train_loss 0.00109987|val_loss 0.00023611
Epoch  30|time: 3.13s|train_loss 0.00108207|val_loss 0.00048997
Epoch  31|time: 3.16s|train_loss 0.00102842|val_loss 0.00020925
Epoch  32|time: 3.50s|train_loss 0.00097048|val_loss 0.00021194
Epoch  33|time: 3.08s|train_loss 0.00097917|val_loss 0.00027113
Epoch  34|time: 3.04s|train_loss 0.00099582|val_loss 0.00021122
Epoch  35|time: 3.59s|train_loss 0.00102370|val_loss 0.00020374
Best validation epoch: 35 Tue May 23 09:55:07 2023
TEST MAE 0.2757 | std 0.0862 | RMSE 0.4212 | RMSEs 0.4029 | PCC 0.9168 | PCCs 0.8767 | R2 0.8007 | R2s 0.7116 | Var 0.8342 | Vars 0.7625 | Peak 0.1778
Epoch  36|time: 2.62s|train_loss 0.00098675|val_loss 0.00021301
Epoch  37|time: 2.08s|train_loss 0.00121872|val_loss 0.00023071
Epoch  38|time: 2.88s|train_loss 0.00114309|val_loss 0.00061094
Epoch  39|time: 3.39s|train_loss 0.00140765|val_loss 0.00036546
Epoch  40|time: 3.39s|train_loss 0.00155770|val_loss 0.00069146
Epoch  41|time: 3.50s|train_loss 0.00142042|val_loss 0.00047423
Epoch  42|time: 3.42s|train_loss 0.00125396|val_loss 0.00028526
Epoch  43|time: 4.38s|train_loss 0.00112868|val_loss 0.00036679
Epoch  44|time: 3.90s|train_loss 0.00104419|val_loss 0.00030122
Epoch  45|time: 4.36s|train_loss 0.00110527|val_loss 0.00050254
Epoch  46|time: 3.84s|train_loss 0.00110190|val_loss 0.00025839
Epoch  47|time: 2.98s|train_loss 0.00108909|val_loss 0.00045506
Epoch  48|time: 2.97s|train_loss 0.00114700|val_loss 0.00032433
Epoch  49|time: 2.97s|train_loss 0.00114076|val_loss 0.00047117
Epoch  50|time: 4.23s|train_loss 0.00120179|val_loss 0.00029989
Epoch  51|time: 2.95s|train_loss 0.00106270|val_loss 0.00020213
Best validation epoch: 51 Tue May 23 09:56:02 2023
TEST MAE 0.2629 | std 0.0771 | RMSE 0.3938 | RMSEs 0.3784 | PCC 0.9144 | PCCs 0.8721 | R2 0.8258 | R2s 0.7429 | Var 0.8360 | Vars 0.7584 | Peak 0.1671
Epoch  52|time: 2.99s|train_loss 0.00111447|val_loss 0.00060602
Epoch  53|time: 3.03s|train_loss 0.00125470|val_loss 0.00026193
Epoch  54|time: 3.04s|train_loss 0.00115735|val_loss 0.00042230
Epoch  55|time: 2.97s|train_loss 0.00118259|val_loss 0.00048987
Epoch  56|time: 2.98s|train_loss 0.00126117|val_loss 0.00022637
Epoch  57|time: 2.98s|train_loss 0.00116806|val_loss 0.00057052
Epoch  58|time: 2.97s|train_loss 0.00107607|val_loss 0.00020693
Epoch  59|time: 3.07s|train_loss 0.00099825|val_loss 0.00019986
Best validation epoch: 59 Tue May 23 09:56:27 2023
TEST MAE 0.2572 | std 0.0769 | RMSE 0.3863 | RMSEs 0.3712 | PCC 0.9181 | PCCs 0.8790 | R2 0.8323 | R2s 0.7514 | Var 0.8429 | Vars 0.7675 | Peak 0.1628
Epoch  60|time: 2.96s|train_loss 0.00102433|val_loss 0.00020776
Epoch  61|time: 3.00s|train_loss 0.00098741|val_loss 0.00022488
Epoch  62|time: 2.96s|train_loss 0.00098850|val_loss 0.00021385
Epoch  63|time: 2.98s|train_loss 0.00094183|val_loss 0.00022196
Epoch  64|time: 3.04s|train_loss 0.00095930|val_loss 0.00033146
Epoch  65|time: 2.97s|train_loss 0.00104386|val_loss 0.00025192
Epoch  66|time: 2.99s|train_loss 0.00107803|val_loss 0.00035827
Epoch  67|time: 2.97s|train_loss 0.00100644|val_loss 0.00022917
Epoch  68|time: 3.05s|train_loss 0.00097580|val_loss 0.00030468
Epoch  69|time: 3.02s|train_loss 0.00101270|val_loss 0.00055586
Epoch  70|time: 2.98s|train_loss 0.00102927|val_loss 0.00036349
Epoch  71|time: 2.95s|train_loss 0.00102020|val_loss 0.00030837
Epoch  72|time: 3.06s|train_loss 0.00101747|val_loss 0.00029701
Epoch  73|time: 2.95s|train_loss 0.00103449|val_loss 0.00021724
Epoch  74|time: 2.98s|train_loss 0.00095126|val_loss 0.00035396
Epoch  75|time: 3.10s|train_loss 0.00100318|val_loss 0.00028236
Epoch  76|time: 3.12s|train_loss 0.00115449|val_loss 0.00024382
Epoch  77|time: 3.10s|train_loss 0.00108565|val_loss 0.00024518
Epoch  78|time: 3.02s|train_loss 0.00116499|val_loss 0.00024377
Epoch  79|time: 2.99s|train_loss 0.00121917|val_loss 0.00045936
Epoch  80|time: 2.97s|train_loss 0.00127683|val_loss 0.00033070
Epoch  81|time: 3.04s|train_loss 0.00116441|val_loss 0.00021370
Epoch  82|time: 3.08s|train_loss 0.00119091|val_loss 0.00024198
Epoch  83|time: 2.95s|train_loss 0.00110938|val_loss 0.00029159
Epoch  84|time: 2.97s|train_loss 0.00100401|val_loss 0.00020594
Epoch  85|time: 2.98s|train_loss 0.00094357|val_loss 0.00025943
Epoch  86|time: 3.67s|train_loss 0.00096524|val_loss 0.00021955
Epoch  87|time: 3.23s|train_loss 0.00095799|val_loss 0.00020982
Epoch  88|time: 3.17s|train_loss 0.00092572|val_loss 0.00024608
Epoch  89|time: 3.11s|train_loss 0.00100441|val_loss 0.00020085
Epoch  90|time: 3.16s|train_loss 0.00096278|val_loss 0.00020752
Epoch  91|time: 3.47s|train_loss 0.00097083|val_loss 0.00024570
Epoch  92|time: 3.14s|train_loss 0.00100436|val_loss 0.00020527
Epoch  93|time: 3.04s|train_loss 0.00102785|val_loss 0.00062169
Epoch  94|time: 3.21s|train_loss 0.00106914|val_loss 0.00051160
Epoch  95|time: 3.24s|train_loss 0.00121771|val_loss 0.00053370
Epoch  96|time: 3.30s|train_loss 0.00145471|val_loss 0.00045662
Epoch  97|time: 3.19s|train_loss 0.00126495|val_loss 0.00067412
Epoch  98|time: 3.11s|train_loss 0.00122908|val_loss 0.00037336
Epoch  99|time: 3.02s|train_loss 0.00122768|val_loss 0.00069661
Epoch 100|time: 3.15s|train_loss 0.00153117|val_loss 0.00067660
Epoch 101|time: 3.01s|train_loss 0.00136562|val_loss 0.00047053
Epoch 102|time: 3.03s|train_loss 0.00116482|val_loss 0.00036005
Epoch 103|time: 3.03s|train_loss 0.00121828|val_loss 0.00064079
Epoch 104|time: 3.00s|train_loss 0.00132152|val_loss 0.00036789
Epoch 105|time: 3.14s|train_loss 0.00131834|val_loss 0.00052535
Epoch 106|time: 3.18s|train_loss 0.00100383|val_loss 0.00041136
Epoch 107|time: 3.61s|train_loss 0.00116198|val_loss 0.00049918
Epoch 108|time: 3.41s|train_loss 0.00114320|val_loss 0.00036083
Epoch 109|time: 3.81s|train_loss 0.00105912|val_loss 0.00048942
Epoch 110|time: 3.93s|train_loss 0.00120005|val_loss 0.00023334
Epoch 111|time: 3.08s|train_loss 0.00107113|val_loss 0.00047592
Epoch 112|time: 3.09s|train_loss 0.00105156|val_loss 0.00022331
Epoch 113|time: 3.67s|train_loss 0.00098063|val_loss 0.00072023
Epoch 114|time: 3.23s|train_loss 0.00132694|val_loss 0.00025906
Epoch 115|time: 3.15s|train_loss 0.00120906|val_loss 0.00022761
Epoch 116|time: 3.30s|train_loss 0.00110862|val_loss 0.00027106
Epoch 117|time: 3.29s|train_loss 0.00110803|val_loss 0.00021042
Epoch 118|time: 3.13s|train_loss 0.00097930|val_loss 0.00021181
Epoch 119|time: 3.29s|train_loss 0.00096877|val_loss 0.00039086
Epoch 120|time: 3.37s|train_loss 0.00099509|val_loss 0.00048434
Epoch 121|time: 3.02s|train_loss 0.00113830|val_loss 0.00058088
Epoch 122|time: 2.96s|train_loss 0.00106825|val_loss 0.00020267
Epoch 123|time: 3.09s|train_loss 0.00098011|val_loss 0.00040912
Epoch 124|time: 3.12s|train_loss 0.00110106|val_loss 0.00061480
Epoch 125|time: 3.02s|train_loss 0.00121901|val_loss 0.00034463
Epoch 126|time: 3.02s|train_loss 0.00112035|val_loss 0.00051656
Epoch 127|time: 3.02s|train_loss 0.00125345|val_loss 0.00021438
Epoch 128|time: 3.07s|train_loss 0.00115009|val_loss 0.00021596
Epoch 129|time: 4.85s|train_loss 0.00105092|val_loss 0.00020683
Epoch 130|time: 5.63s|train_loss 0.00102556|val_loss 0.00020624
Epoch 131|time: 4.65s|train_loss 0.00111033|val_loss 0.00052281
Epoch 132|time: 5.31s|train_loss 0.00110908|val_loss 0.00025289
Epoch 133|time: 5.54s|train_loss 0.00095824|val_loss 0.00038679
Epoch 134|time: 4.70s|train_loss 0.00101508|val_loss 0.00032754
Epoch 135|time: 4.92s|train_loss 0.00100924|val_loss 0.00022415
Epoch 136|time: 3.00s|train_loss 0.00094615|val_loss 0.00048108
Epoch 137|time: 2.99s|train_loss 0.00113666|val_loss 0.00060346
Epoch 138|time: 3.06s|train_loss 0.00112281|val_loss 0.00021378
Epoch 139|time: 3.02s|train_loss 0.00094798|val_loss 0.00025535
Epoch 140|time: 2.99s|train_loss 0.00108201|val_loss 0.00036433
Epoch 141|time: 3.11s|train_loss 0.00114131|val_loss 0.00031333
Epoch 142|time: 3.07s|train_loss 0.00098801|val_loss 0.00020422
Epoch 143|time: 3.00s|train_loss 0.00101537|val_loss 0.00021374
Epoch 144|time: 3.07s|train_loss 0.00101309|val_loss 0.00022011
Epoch 145|time: 3.02s|train_loss 0.00111496|val_loss 0.00021341
Epoch 146|time: 3.08s|train_loss 0.00100999|val_loss 0.00020077
Epoch 147|time: 3.08s|train_loss 0.00095155|val_loss 0.00019987
Epoch 148|time: 2.99s|train_loss 0.00097717|val_loss 0.00022515
Epoch 149|time: 3.01s|train_loss 0.00097218|val_loss 0.00020148
Epoch 150|time: 2.99s|train_loss 0.00091317|val_loss 0.00028696
Epoch 151|time: 3.27s|train_loss 0.00098226|val_loss 0.00027988
Epoch 152|time: 2.99s|train_loss 0.00099102|val_loss 0.00020212
Epoch 153|time: 3.04s|train_loss 0.00101203|val_loss 0.00020511
Epoch 154|time: 3.06s|train_loss 0.00095964|val_loss 0.00025500
Epoch 155|time: 3.01s|train_loss 0.00107441|val_loss 0.00019437
Best validation epoch: 155 Tue May 23 10:01:40 2023
TEST MAE 0.2579 | std 0.0775 | RMSE 0.3889 | RMSEs 0.3734 | PCC 0.9193 | PCCs 0.8799 | R2 0.8301 | R2s 0.7501 | Var 0.8449 | Vars 0.7725 | Peak 0.1658
Epoch 156|time: 3.08s|train_loss 0.00092466|val_loss 0.00022290
Epoch 157|time: 3.08s|train_loss 0.00093317|val_loss 0.00023274
Epoch 158|time: 2.98s|train_loss 0.00090292|val_loss 0.00024125
Epoch 159|time: 3.01s|train_loss 0.00090602|val_loss 0.00039637
Epoch 160|time: 3.10s|train_loss 0.00096900|val_loss 0.00027020
Epoch 161|time: 3.00s|train_loss 0.00097448|val_loss 0.00021082
Epoch 162|time: 2.99s|train_loss 0.00096543|val_loss 0.00030875
Epoch 163|time: 3.00s|train_loss 0.00103409|val_loss 0.00023184
Epoch 164|time: 3.23s|train_loss 0.00104996|val_loss 0.00076705
Epoch 165|time: 3.00s|train_loss 0.00109085|val_loss 0.00034273
Epoch 166|time: 2.99s|train_loss 0.00105706|val_loss 0.00043403
Epoch 167|time: 3.11s|train_loss 0.00117261|val_loss 0.00049319
Epoch 168|time: 2.98s|train_loss 0.00116708|val_loss 0.00032692
Epoch 169|time: 3.01s|train_loss 0.00115033|val_loss 0.00024525
Epoch 170|time: 3.17s|train_loss 0.00112416|val_loss 0.00025417
Epoch 171|time: 3.00s|train_loss 0.00110449|val_loss 0.00021037
Epoch 172|time: 3.00s|train_loss 0.00120037|val_loss 0.00036578
Epoch 173|time: 3.15s|train_loss 0.00116424|val_loss 0.00027281
Epoch 174|time: 3.13s|train_loss 0.00110540|val_loss 0.00025141
Epoch 175|time: 3.01s|train_loss 0.00108045|val_loss 0.00037126
Epoch 176|time: 3.00s|train_loss 0.00114428|val_loss 0.00023344
Epoch 177|time: 3.10s|train_loss 0.00123878|val_loss 0.00025514
Epoch 178|time: 3.06s|train_loss 0.00154050|val_loss 0.00020459
Epoch 179|time: 3.00s|train_loss 0.00122236|val_loss 0.00020914
Epoch 180|time: 3.11s|train_loss 0.00122457|val_loss 0.00020469
Epoch 181|time: 2.99s|train_loss 0.00121455|val_loss 0.00027371
Epoch 182|time: 3.00s|train_loss 0.00118612|val_loss 0.00025203
Epoch 183|time: 3.15s|train_loss 0.00117321|val_loss 0.00022035
Epoch 184|time: 2.99s|train_loss 0.00115594|val_loss 0.00025606
Epoch 185|time: 3.00s|train_loss 0.00117328|val_loss 0.00031386
Epoch 186|time: 3.00s|train_loss 0.00123005|val_loss 0.00020618
Epoch 187|time: 3.06s|train_loss 0.00116863|val_loss 0.00028933
Epoch 188|time: 3.07s|train_loss 0.00117540|val_loss 0.00020253
Epoch 189|time: 3.00s|train_loss 0.00118261|val_loss 0.00021511
Epoch 190|time: 3.14s|train_loss 0.00113335|val_loss 0.00023309
Epoch 191|time: 3.01s|train_loss 0.00116968|val_loss 0.00021343
Epoch 192|time: 3.09s|train_loss 0.00111991|val_loss 0.00020795
Epoch 193|time: 3.02s|train_loss 0.00115939|val_loss 0.00020858
Epoch 194|time: 3.01s|train_loss 0.00119878|val_loss 0.00021353
Epoch 195|time: 3.01s|train_loss 0.00114702|val_loss 0.00030741
Epoch 196|time: 3.05s|train_loss 0.00119018|val_loss 0.00023132
Epoch 197|time: 3.09s|train_loss 0.00115917|val_loss 0.00020534
Epoch 198|time: 3.01s|train_loss 0.00114393|val_loss 0.00020464
Epoch 199|time: 3.04s|train_loss 0.00113329|val_loss 0.00020073
Epoch 200|time: 3.18s|train_loss 0.00112682|val_loss 0.00020413
Epoch 201|time: 3.06s|train_loss 0.00112269|val_loss 0.00031070
Epoch 202|time: 3.19s|train_loss 0.00121323|val_loss 0.00024100
Epoch 203|time: 3.10s|train_loss 0.00114264|val_loss 0.00020785
Epoch 204|time: 3.10s|train_loss 0.00114616|val_loss 0.00021005
Epoch 205|time: 3.12s|train_loss 0.00114031|val_loss 0.00020545
Epoch 206|time: 3.23s|train_loss 0.00117196|val_loss 0.00022364
Epoch 207|time: 3.12s|train_loss 0.00116810|val_loss 0.00022679
Epoch 208|time: 3.15s|train_loss 0.00117970|val_loss 0.00020340
Epoch 209|time: 3.27s|train_loss 0.00115587|val_loss 0.00022958
Epoch 210|time: 3.23s|train_loss 0.00116325|val_loss 0.00019919
Epoch 211|time: 3.12s|train_loss 0.00115124|val_loss 0.00021741
Epoch 212|time: 3.16s|train_loss 0.00116258|val_loss 0.00019790
Epoch 213|time: 3.15s|train_loss 0.00113964|val_loss 0.00020736
Epoch 214|time: 3.17s|train_loss 0.00117251|val_loss 0.00022929
Epoch 215|time: 3.16s|train_loss 0.00116040|val_loss 0.00029839
Epoch 216|time: 3.34s|train_loss 0.00115016|val_loss 0.00025062
Epoch 217|time: 3.74s|train_loss 0.00119476|val_loss 0.00022014
Epoch 218|time: 3.50s|train_loss 0.00113790|val_loss 0.00022918
Epoch 219|time: 4.03s|train_loss 0.00116947|val_loss 0.00028609
Epoch 220|time: 3.65s|train_loss 0.00115323|val_loss 0.00020539
Epoch 221|time: 3.50s|train_loss 0.00113127|val_loss 0.00020628
Epoch 222|time: 3.23s|train_loss 0.00114832|val_loss 0.00019654
Epoch 223|time: 3.40s|train_loss 0.00111837|val_loss 0.00020071
Epoch 224|time: 3.35s|train_loss 0.00112866|val_loss 0.00022285
Epoch 225|time: 3.20s|train_loss 0.00111833|val_loss 0.00020192
Epoch 226|time: 3.21s|train_loss 0.00111901|val_loss 0.00027982
Epoch 227|time: 3.36s|train_loss 0.00115349|val_loss 0.00021116
Epoch 228|time: 3.36s|train_loss 0.00113815|val_loss 0.00024907
Epoch 229|time: 3.48s|train_loss 0.00115300|val_loss 0.00021037
Epoch 230|time: 3.60s|train_loss 0.00116209|val_loss 0.00020379
Epoch 231|time: 3.21s|train_loss 0.00114043|val_loss 0.00020223
Epoch 232|time: 3.19s|train_loss 0.00113595|val_loss 0.00020787
Epoch 233|time: 3.17s|train_loss 0.00116787|val_loss 0.00020504
Epoch 234|time: 3.24s|train_loss 0.00113376|val_loss 0.00022647
Epoch 235|time: 3.24s|train_loss 0.00112796|val_loss 0.00021940
Epoch 236|time: 3.14s|train_loss 0.00113257|val_loss 0.00020340
Epoch 237|time: 3.12s|train_loss 0.00112654|val_loss 0.00020630
Epoch 238|time: 4.04s|train_loss 0.00116820|val_loss 0.00022348
Epoch 239|time: 3.88s|train_loss 0.00112682|val_loss 0.00021421
Epoch 240|time: 4.86s|train_loss 0.00113516|val_loss 0.00019965
Epoch 241|time: 5.42s|train_loss 0.00113796|val_loss 0.00020984
Epoch 242|time: 5.06s|train_loss 0.00113341|val_loss 0.00019271
Best validation epoch: 242 Tue May 23 10:06:23 2023
TEST MAE 0.2378 | std 0.0661 | RMSE 0.3577 | RMSEs 0.3434 | PCC 0.9254 | PCCs 0.8909 | R2 0.8563 | R2s 0.7866 | Var 0.8563 | Vars 0.7915 | Peak 0.1428
Epoch 243|time: 4.32s|train_loss 0.00113884|val_loss 0.00026851
Epoch 244|time: 4.02s|train_loss 0.00117835|val_loss 0.00021980
Epoch 245|time: 4.55s|train_loss 0.00114986|val_loss 0.00023294
Epoch 246|time: 4.43s|train_loss 0.00116370|val_loss 0.00021875
Epoch 247|time: 4.98s|train_loss 0.00111971|val_loss 0.00024009
Epoch 248|time: 4.37s|train_loss 0.00118967|val_loss 0.00021289
Epoch 249|time: 4.30s|train_loss 0.00117376|val_loss 0.00021957
Epoch 250|time: 4.60s|train_loss 0.00114272|val_loss 0.00026285
Epoch 251|time: 3.20s|train_loss 0.00121919|val_loss 0.00037132
Epoch 252|time: 3.29s|train_loss 0.00118259|val_loss 0.00028793
Epoch 253|time: 3.22s|train_loss 0.00121553|val_loss 0.00023609
Epoch 254|time: 3.24s|train_loss 0.00116452|val_loss 0.00021519
Epoch 255|time: 3.65s|train_loss 0.00115236|val_loss 0.00021388
Epoch 256|time: 3.27s|train_loss 0.00114655|val_loss 0.00020836
Epoch 257|time: 3.29s|train_loss 0.00114950|val_loss 0.00021786
Epoch 258|time: 3.52s|train_loss 0.00114243|val_loss 0.00020409
Epoch 259|time: 3.26s|train_loss 0.00114275|val_loss 0.00021612
Epoch 260|time: 3.25s|train_loss 0.00113436|val_loss 0.00020649
Epoch 261|time: 3.40s|train_loss 0.00114755|val_loss 0.00022013
Epoch 262|time: 3.24s|train_loss 0.00116077|val_loss 0.00022240
Epoch 263|time: 3.31s|train_loss 0.00113862|val_loss 0.00020137
Epoch 264|time: 3.32s|train_loss 0.00114442|val_loss 0.00021668
Epoch 265|time: 3.50s|train_loss 0.00113391|val_loss 0.00020100
Epoch 266|time: 3.23s|train_loss 0.00112179|val_loss 0.00022291
Epoch 267|time: 3.31s|train_loss 0.00115484|val_loss 0.00019840
Epoch 268|time: 3.21s|train_loss 0.00114421|val_loss 0.00020519
Epoch 269|time: 3.21s|train_loss 0.00111644|val_loss 0.00020896
Epoch 270|time: 3.21s|train_loss 0.00114512|val_loss 0.00020478
Epoch 271|time: 3.24s|train_loss 0.00113950|val_loss 0.00022092
Epoch 272|time: 3.31s|train_loss 0.00118563|val_loss 0.00044531
Epoch 273|time: 3.24s|train_loss 0.00121289|val_loss 0.00025546
Epoch 274|time: 3.27s|train_loss 0.00116808|val_loss 0.00024606
Epoch 275|time: 3.22s|train_loss 0.00112939|val_loss 0.00021030
Epoch 276|time: 3.25s|train_loss 0.00114488|val_loss 0.00021765
Epoch 277|time: 3.37s|train_loss 0.00115116|val_loss 0.00020253
Epoch 278|time: 3.21s|train_loss 0.00114074|val_loss 0.00028455
Epoch 279|time: 3.21s|train_loss 0.00115199|val_loss 0.00027151
Epoch 280|time: 3.23s|train_loss 0.00113938|val_loss 0.00031212
Epoch 281|time: 3.33s|train_loss 0.00117729|val_loss 0.00027086
Epoch 282|time: 3.21s|train_loss 0.00116946|val_loss 0.00022296
Epoch 283|time: 3.24s|train_loss 0.00113630|val_loss 0.00020743
Epoch 284|time: 3.20s|train_loss 0.00110739|val_loss 0.00021497
Epoch 285|time: 3.27s|train_loss 0.00115908|val_loss 0.00024527
Epoch 286|time: 3.22s|train_loss 0.00112518|val_loss 0.00021063
Epoch 287|time: 3.21s|train_loss 0.00112761|val_loss 0.00023776
Epoch 288|time: 3.21s|train_loss 0.00113604|val_loss 0.00021231
Epoch 289|time: 3.25s|train_loss 0.00116004|val_loss 0.00020167
Epoch 290|time: 3.22s|train_loss 0.00111563|val_loss 0.00019571
Epoch 291|time: 3.30s|train_loss 0.00107794|val_loss 0.00020356
Epoch 292|time: 3.31s|train_loss 0.00112540|val_loss 0.00023162
Epoch 293|time: 3.21s|train_loss 0.00118280|val_loss 0.00020670
Epoch 294|time: 3.21s|train_loss 0.00115973|val_loss 0.00028363
Epoch 295|time: 3.35s|train_loss 0.00118625|val_loss 0.00022938
Epoch 296|time: 3.21s|train_loss 0.00113740|val_loss 0.00026266
Epoch 297|time: 3.20s|train_loss 0.00115081|val_loss 0.00031583
Epoch 298|time: 3.23s|train_loss 0.00120965|val_loss 0.00026121
Epoch 299|time: 3.26s|train_loss 0.00116107|val_loss 0.00020634
Epoch 300|time: 3.20s|train_loss 0.00112846|val_loss 0.00021188
Epoch 301|time: 3.24s|train_loss 0.00112491|val_loss 0.00028023
Epoch 302|time: 3.19s|train_loss 0.00116771|val_loss 0.00022670
Epoch 303|time: 3.21s|train_loss 0.00121394|val_loss 0.00024727
Epoch 304|time: 3.24s|train_loss 0.00115627|val_loss 0.00022553
Epoch 305|time: 3.27s|train_loss 0.00117293|val_loss 0.00020721
Epoch 306|time: 3.34s|train_loss 0.00116291|val_loss 0.00024171
Epoch 307|time: 3.22s|train_loss 0.00115787|val_loss 0.00029598
Epoch 308|time: 3.26s|train_loss 0.00120329|val_loss 0.00031115
Epoch 309|time: 3.28s|train_loss 0.00116894|val_loss 0.00038256
Epoch 310|time: 3.25s|train_loss 0.00121109|val_loss 0.00032135
Epoch 311|time: 3.31s|train_loss 0.00117953|val_loss 0.00021732
Epoch 312|time: 3.21s|train_loss 0.00113267|val_loss 0.00020438
Epoch 313|time: 3.28s|train_loss 0.00114919|val_loss 0.00020604
Epoch 314|time: 3.31s|train_loss 0.00113258|val_loss 0.00020612
Epoch 315|time: 3.20s|train_loss 0.00111820|val_loss 0.00026747
Epoch 316|time: 3.20s|train_loss 0.00119175|val_loss 0.00020459
Epoch 317|time: 3.28s|train_loss 0.00113319|val_loss 0.00020037
Epoch 318|time: 3.30s|train_loss 0.00111501|val_loss 0.00022252
Epoch 319|time: 3.20s|train_loss 0.00119492|val_loss 0.00019877
Epoch 320|time: 3.22s|train_loss 0.00115365|val_loss 0.00021754
Epoch 321|time: 3.20s|train_loss 0.00116702|val_loss 0.00024535
Epoch 322|time: 3.22s|train_loss 0.00114723|val_loss 0.00020941
Epoch 323|time: 3.31s|train_loss 0.00113255|val_loss 0.00020230
Epoch 324|time: 3.23s|train_loss 0.00113336|val_loss 0.00020599
Epoch 325|time: 3.23s|train_loss 0.00113732|val_loss 0.00020098
Epoch 326|time: 3.38s|train_loss 0.00114994|val_loss 0.00023334
Epoch 327|time: 3.38s|train_loss 0.00113551|val_loss 0.00025881
Epoch 328|time: 3.23s|train_loss 0.00114010|val_loss 0.00022104
Epoch 329|time: 3.30s|train_loss 0.00113603|val_loss 0.00020712
Epoch 330|time: 3.22s|train_loss 0.00116020|val_loss 0.00021383
Epoch 331|time: 3.24s|train_loss 0.00113206|val_loss 0.00020760
Epoch 332|time: 3.32s|train_loss 0.00265233|val_loss 0.00019857
Epoch 333|time: 3.23s|train_loss 0.00164471|val_loss 0.00021004
Epoch 334|time: 3.23s|train_loss 0.00158076|val_loss 0.00019975
Epoch 335|time: 3.26s|train_loss 0.00138847|val_loss 0.00020077
Epoch 336|time: 3.27s|train_loss 0.00120657|val_loss 0.00022160
Epoch 337|time: 3.31s|train_loss 0.00116136|val_loss 0.00020285
Epoch 338|time: 3.29s|train_loss 0.00113185|val_loss 0.00020286
Epoch 339|time: 3.24s|train_loss 0.00113176|val_loss 0.00020454
Epoch 340|time: 3.24s|train_loss 0.00112576|val_loss 0.00019640
Epoch 341|time: 3.32s|train_loss 0.00112721|val_loss 0.00019782
Epoch 342|time: 3.23s|train_loss 0.00115517|val_loss 0.00019814
Epoch 343|time: 3.24s|train_loss 0.00113856|val_loss 0.00019869
Epoch 344|time: 3.24s|train_loss 0.00115318|val_loss 0.00021562
Epoch 345|time: 3.34s|train_loss 0.00112490|val_loss 0.00025064
Epoch 346|time: 3.26s|train_loss 0.00113648|val_loss 0.00024309
Epoch 347|time: 3.27s|train_loss 0.00114736|val_loss 0.00022536
Epoch 348|time: 3.25s|train_loss 0.00114520|val_loss 0.00020791
Epoch 349|time: 3.23s|train_loss 0.00115960|val_loss 0.00019814
Epoch 350|time: 3.30s|train_loss 0.00112758|val_loss 0.00021777
Epoch 351|time: 3.35s|train_loss 0.00112903|val_loss 0.00019713
Epoch 352|time: 3.24s|train_loss 0.00113438|val_loss 0.00026200
Epoch 353|time: 3.25s|train_loss 0.00114587|val_loss 0.00028325
Epoch 354|time: 3.27s|train_loss 0.00114090|val_loss 0.00019884
Epoch 355|time: 3.31s|train_loss 0.00114986|val_loss 0.00020393
Epoch 356|time: 3.27s|train_loss 0.00111350|val_loss 0.00020132
Epoch 357|time: 3.33s|train_loss 0.00113458|val_loss 0.00023495
Epoch 358|time: 3.26s|train_loss 0.00113884|val_loss 0.00020013
Epoch 359|time: 3.31s|train_loss 0.00112130|val_loss 0.00022444
Epoch 360|time: 3.31s|train_loss 0.00117281|val_loss 0.00025158
Epoch 361|time: 3.25s|train_loss 0.00113312|val_loss 0.00020251
Epoch 362|time: 3.29s|train_loss 0.00114556|val_loss 0.00021965
Epoch 363|time: 3.36s|train_loss 0.00114402|val_loss 0.00021636
Epoch 364|time: 3.26s|train_loss 0.00114404|val_loss 0.00022379
Epoch 365|time: 3.39s|train_loss 0.00113345|val_loss 0.00019889
Epoch 366|time: 3.38s|train_loss 0.00112199|val_loss 0.00020583
Epoch 367|time: 3.26s|train_loss 0.00113902|val_loss 0.00026395
Epoch 368|time: 3.26s|train_loss 0.00115867|val_loss 0.00023277
Epoch 369|time: 3.33s|train_loss 0.00114212|val_loss 0.00021726
Epoch 370|time: 3.25s|train_loss 0.00113522|val_loss 0.00020601
Epoch 371|time: 3.26s|train_loss 0.00112069|val_loss 0.00020740
Epoch 372|time: 3.34s|train_loss 0.00113443|val_loss 0.00021304
Epoch 373|time: 3.33s|train_loss 0.00113722|val_loss 0.00019894
Epoch 374|time: 3.27s|train_loss 0.00113858|val_loss 0.00022178
Epoch 375|time: 3.42s|train_loss 0.00113423|val_loss 0.00020305
Epoch 376|time: 3.28s|train_loss 0.00114776|val_loss 0.00022503
Epoch 377|time: 3.28s|train_loss 0.00113771|val_loss 0.00023590
Epoch 378|time: 3.39s|train_loss 0.00112372|val_loss 0.00023807
Epoch 379|time: 3.27s|train_loss 0.00115729|val_loss 0.00020627
Epoch 380|time: 3.26s|train_loss 0.00113913|val_loss 0.00022106
Epoch 381|time: 3.31s|train_loss 0.00114158|val_loss 0.00025629
Epoch 382|time: 3.27s|train_loss 0.00114493|val_loss 0.00022384
Epoch 383|time: 3.37s|train_loss 0.00114062|val_loss 0.00021137
Epoch 384|time: 3.32s|train_loss 0.00118242|val_loss 0.00028345
Epoch 385|time: 3.26s|train_loss 0.00115495|val_loss 0.00026291
Epoch 386|time: 3.28s|train_loss 0.00114250|val_loss 0.00020290
Epoch 387|time: 3.42s|train_loss 0.00114167|val_loss 0.00028230
Epoch 388|time: 3.27s|train_loss 0.00117080|val_loss 0.00019762
Epoch 389|time: 3.27s|train_loss 0.00114102|val_loss 0.00024279
Epoch 390|time: 3.37s|train_loss 0.00114158|val_loss 0.00024192
Epoch 391|time: 3.27s|train_loss 0.00116061|val_loss 0.00025507
Epoch 392|time: 3.34s|train_loss 0.00112323|val_loss 0.00021629
Epoch 393|time: 3.33s|train_loss 0.00115123|val_loss 0.00021282
Epoch 394|time: 3.25s|train_loss 0.00116596|val_loss 0.00025967
Epoch 395|time: 3.27s|train_loss 0.00115262|val_loss 0.00023191
Epoch 396|time: 3.36s|train_loss 0.00112896|val_loss 0.00021246
Epoch 397|time: 3.41s|train_loss 0.00113740|val_loss 0.00019944
Epoch 398|time: 3.26s|train_loss 0.00114282|val_loss 0.00022969
Epoch 399|time: 3.30s|train_loss 0.00114416|val_loss 0.00020657
Epoch 400|time: 3.28s|train_loss 0.00114388|val_loss 0.00025565
Epoch 401|time: 3.34s|train_loss 0.00115409|val_loss 0.00020759
Epoch 402|time: 3.31s|train_loss 0.00114573|val_loss 0.00019826
Epoch 403|time: 3.27s|train_loss 0.00114861|val_loss 0.00028210
Epoch 404|time: 3.27s|train_loss 0.00118192|val_loss 0.00022814
Epoch 405|time: 3.49s|train_loss 0.00116917|val_loss 0.00020031
Epoch 406|time: 3.26s|train_loss 0.00116037|val_loss 0.00022483
Epoch 407|time: 3.27s|train_loss 0.00116934|val_loss 0.00021732
Epoch 408|time: 3.54s|train_loss 0.00115543|val_loss 0.00019979
Epoch 409|time: 3.28s|train_loss 0.00117186|val_loss 0.00025436
Epoch 410|time: 3.27s|train_loss 0.00114418|val_loss 0.00023221
Epoch 411|time: 3.37s|train_loss 0.00114401|val_loss 0.00020597
Epoch 412|time: 3.28s|train_loss 0.00115060|val_loss 0.00019815
Epoch 413|time: 3.27s|train_loss 0.00112761|val_loss 0.00020233
Epoch 414|time: 3.29s|train_loss 0.00114770|val_loss 0.00019907
Epoch 415|time: 3.32s|train_loss 0.00112755|val_loss 0.00021407
Epoch 416|time: 3.27s|train_loss 0.00114716|val_loss 0.00020223
Epoch 417|time: 3.30s|train_loss 0.00114146|val_loss 0.00020969
Epoch 418|time: 3.27s|train_loss 0.00115129|val_loss 0.00021938
Epoch 419|time: 3.35s|train_loss 0.00115272|val_loss 0.00020817
Epoch 420|time: 3.30s|train_loss 0.00113029|val_loss 0.00020370
Epoch 421|time: 3.28s|train_loss 0.00113671|val_loss 0.00025024
Epoch 422|time: 3.28s|train_loss 0.00116698|val_loss 0.00033245
Epoch 423|time: 3.27s|train_loss 0.00118419|val_loss 0.00032073
Epoch 424|time: 3.27s|train_loss 0.00117295|val_loss 0.00025699
Epoch 425|time: 3.33s|train_loss 0.00113370|val_loss 0.00020263
Epoch 426|time: 3.32s|train_loss 0.00115376|val_loss 0.00020095
Epoch 427|time: 3.26s|train_loss 0.00112426|val_loss 0.00020331
Epoch 428|time: 3.28s|train_loss 0.00114039|val_loss 0.00020429
Epoch 429|time: 3.34s|train_loss 0.00112744|val_loss 0.00026722
Epoch 430|time: 3.27s|train_loss 0.00117189|val_loss 0.00023571
Epoch 431|time: 3.28s|train_loss 0.00111424|val_loss 0.00024761
Epoch 432|time: 3.46s|train_loss 0.00114786|val_loss 0.00028315
Epoch 433|time: 3.36s|train_loss 0.00116797|val_loss 0.00038612
Epoch 434|time: 3.30s|train_loss 0.00120246|val_loss 0.00034853
Epoch 435|time: 3.35s|train_loss 0.00120432|val_loss 0.00024739
Epoch 436|time: 3.28s|train_loss 0.00114803|val_loss 0.00025240
Epoch 437|time: 3.27s|train_loss 0.00114893|val_loss 0.00022672
Epoch 438|time: 3.50s|train_loss 0.00116522|val_loss 0.00021893
Epoch 439|time: 3.27s|train_loss 0.00115435|val_loss 0.00023022
Epoch 440|time: 3.28s|train_loss 0.00114977|val_loss 0.00020415
Epoch 441|time: 3.32s|train_loss 0.00115689|val_loss 0.00021167
Epoch 442|time: 3.28s|train_loss 0.00114214|val_loss 0.00021088
Final evaluation
TEST MAE 0.2378 | std 0.0661 | RMSE 0.3577 | RMSEs 0.3434 | PCC 0.9254 | PCCs 0.8909 | R2 0.8563 | R2s 0.7866 | Var 0.8563 | Vars 0.7915 | Peak 0.1428
