--------Parameters--------
Namespace(batch=32, bi=False, check_point=1, cuda=False, dataset='us_hhs', dropout=0.2, epilambda=0.1, epochs=500, gpu=3, hidsp=15, horizon=1, k=10, lamda=0.01, lr=0.001, model='cola_gnn_epi', mylog=False, n_hidden=30, n_layer=1, patience=200, rnn_model='RNN', save_dir='save', seed=42, shuffle=False, sim_mat='us_hhs-adj', test=0.2, train=0.6, val=0.2, weight_decay=0.0005, window=20)
--------------------------
data shape (364, 10)
size of train/val/test sets 198 73 73
#params: 9885
begin training
Epoch   1|time: 2.74s|train_loss 0.00327334|val_loss 0.00153085
Best validation epoch: 1 Mon May 22 17:14:28 2023
TEST MAE 2.0623 | std 0.7691 | RMSE 2.5607 | RMSEs 2.4243 | PCC -0.8466 | PCCs -0.9009 | R2 -6.3660 | R2s -9.3791 | Var -1.5885 | Vars -1.8663 | Peak 1.2671
Epoch   2|time: 3.57s|train_loss 0.00151430|val_loss 0.00114070
Best validation epoch: 2 Mon May 22 17:14:32 2023
TEST MAE 1.2581 | std 0.2814 | RMSE 1.4443 | RMSEs 1.4089 | PCC 0.0857 | PCCs -0.8490 | R2 -1.3433 | R2s -3.0406 | Var -0.4836 | Vars -0.8033 | Peak 0.3097
Epoch   3|time: 3.51s|train_loss 0.00144991|val_loss 0.00069675
Best validation epoch: 3 Mon May 22 17:14:36 2023
TEST MAE 0.7383 | std 0.1647 | RMSE 0.9514 | RMSEs 0.9187 | PCC 0.2515 | PCCs -0.4484 | R2 -0.0168 | R2s -0.5311 | Var -0.0071 | Vars -0.2537 | Peak 0.3312
Epoch   4|time: 3.45s|train_loss 0.00119139|val_loss 0.00052914
Best validation epoch: 4 Mon May 22 17:14:41 2023
TEST MAE 0.6152 | std 0.2855 | RMSE 0.9649 | RMSEs 0.8909 | PCC 0.4748 | PCCs 0.2489 | R2 -0.0459 | R2s -0.3601 | Var 0.2145 | Vars 0.0715 | Peak 0.4527
Epoch   5|time: 4.36s|train_loss 0.00103503|val_loss 0.00052440
Best validation epoch: 5 Mon May 22 17:14:46 2023
TEST MAE 0.5557 | std 0.1300 | RMSE 0.7248 | RMSEs 0.6964 | PCC 0.6543 | PCCs 0.6152 | R2 0.4098 | R2s 0.1208 | Var 0.4182 | Vars 0.3105 | Peak 0.2545
Epoch   6|time: 5.20s|train_loss 0.00094772|val_loss 0.00041174
Best validation epoch: 6 Mon May 22 17:14:52 2023
TEST MAE 0.4861 | std 0.2542 | RMSE 0.7812 | RMSEs 0.7141 | PCC 0.7735 | PCCs 0.7348 | R2 0.3145 | R2s 0.1290 | Var 0.5226 | Vars 0.4630 | Peak 0.3529
Epoch   7|time: 3.43s|train_loss 0.00091364|val_loss 0.00036919
Best validation epoch: 7 Mon May 22 17:14:56 2023
TEST MAE 0.3905 | std 0.1162 | RMSE 0.5624 | RMSEs 0.5297 | PCC 0.8150 | PCCs 0.7916 | R2 0.6447 | R2s 0.5043 | Var 0.6449 | Vars 0.5909 | Peak 0.2174
Epoch   8|time: 3.40s|train_loss 0.00085237|val_loss 0.00031323
Best validation epoch: 8 Mon May 22 17:15:00 2023
TEST MAE 0.3816 | std 0.1939 | RMSE 0.5938 | RMSEs 0.5425 | PCC 0.8487 | PCCs 0.8221 | R2 0.6038 | R2s 0.4987 | Var 0.7044 | Vars 0.6638 | Peak 0.2468
Epoch   9|time: 4.22s|train_loss 0.00081417|val_loss 0.00027900
Best validation epoch: 9 Mon May 22 17:15:05 2023
TEST MAE 0.3075 | std 0.1088 | RMSE 0.4751 | RMSEs 0.4459 | PCC 0.8649 | PCCs 0.8396 | R2 0.7465 | R2s 0.6496 | Var 0.7475 | Vars 0.6936 | Peak 0.1896
Epoch  10|time: 3.86s|train_loss 0.00080737|val_loss 0.00025639
Best validation epoch: 10 Mon May 22 17:15:10 2023
TEST MAE 0.2920 | std 0.0990 | RMSE 0.4509 | RMSEs 0.4251 | PCC 0.8785 | PCCs 0.8547 | R2 0.7717 | R2s 0.6790 | Var 0.7718 | Vars 0.7158 | Peak 0.1793
Epoch  11|time: 4.29s|train_loss 0.00079438|val_loss 0.00027275
Epoch  12|time: 3.95s|train_loss 0.00078645|val_loss 0.00022396
Best validation epoch: 12 Mon May 22 17:15:19 2023
TEST MAE 0.2567 | std 0.0974 | RMSE 0.4141 | RMSEs 0.3860 | PCC 0.9034 | PCCs 0.8805 | R2 0.8074 | R2s 0.7401 | Var 0.8132 | Vars 0.7663 | Peak 0.1645
Epoch  13|time: 3.81s|train_loss 0.00077229|val_loss 0.00021804
Best validation epoch: 13 Mon May 22 17:15:25 2023
TEST MAE 0.2473 | std 0.0909 | RMSE 0.4008 | RMSEs 0.3741 | PCC 0.9125 | PCCs 0.8890 | R2 0.8196 | R2s 0.7554 | Var 0.8251 | Vars 0.7786 | Peak 0.1584
Epoch  14|time: 4.30s|train_loss 0.00075468|val_loss 0.00023585
Epoch  15|time: 3.61s|train_loss 0.00073392|val_loss 0.00020204
Best validation epoch: 15 Mon May 22 17:15:34 2023
TEST MAE 0.2348 | std 0.0919 | RMSE 0.3927 | RMSEs 0.3665 | PCC 0.9253 | PCCs 0.9010 | R2 0.8268 | R2s 0.7659 | Var 0.8438 | Vars 0.7967 | Peak 0.1573
Epoch  16|time: 3.38s|train_loss 0.00072985|val_loss 0.00022025
Epoch  17|time: 3.54s|train_loss 0.00073107|val_loss 0.00018478
Best validation epoch: 17 Mon May 22 17:15:41 2023
TEST MAE 0.2158 | std 0.0711 | RMSE 0.3471 | RMSEs 0.3275 | PCC 0.9330 | PCCs 0.9099 | R2 0.8647 | R2s 0.8097 | Var 0.8673 | Vars 0.8202 | Peak 0.1354
Epoch  18|time: 3.50s|train_loss 0.00071297|val_loss 0.00018178
Best validation epoch: 18 Mon May 22 17:15:46 2023
TEST MAE 0.2141 | std 0.0674 | RMSE 0.3392 | RMSEs 0.3214 | PCC 0.9351 | PCCs 0.9117 | R2 0.8707 | R2s 0.8156 | Var 0.8717 | Vars 0.8238 | Peak 0.1316
Epoch  19|time: 3.38s|train_loss 0.00070105|val_loss 0.00018025
Best validation epoch: 19 Mon May 22 17:15:50 2023
TEST MAE 0.2130 | std 0.0655 | RMSE 0.3345 | RMSEs 0.3176 | PCC 0.9369 | PCCs 0.9132 | R2 0.8743 | R2s 0.8193 | Var 0.8748 | Vars 0.8264 | Peak 0.1292
Epoch  20|time: 3.47s|train_loss 0.00070793|val_loss 0.00017448
Best validation epoch: 20 Mon May 22 17:15:54 2023
TEST MAE 0.2085 | std 0.0680 | RMSE 0.3374 | RMSEs 0.3194 | PCC 0.9387 | PCCs 0.9146 | R2 0.8721 | R2s 0.8183 | Var 0.8768 | Vars 0.8282 | Peak 0.1324
Epoch  21|time: 3.46s|train_loss 0.00070743|val_loss 0.00017143
Best validation epoch: 21 Mon May 22 17:15:58 2023
TEST MAE 0.2066 | std 0.0672 | RMSE 0.3340 | RMSEs 0.3164 | PCC 0.9403 | PCCs 0.9163 | R2 0.8747 | R2s 0.8215 | Var 0.8801 | Vars 0.8317 | Peak 0.1314
Epoch  22|time: 3.41s|train_loss 0.00068897|val_loss 0.00017905
Epoch  23|time: 4.00s|train_loss 0.00069966|val_loss 0.00017059
Best validation epoch: 23 Mon May 22 17:16:06 2023
TEST MAE 0.2055 | std 0.0612 | RMSE 0.3191 | RMSEs 0.3041 | PCC 0.9426 | PCCs 0.9198 | R2 0.8856 | R2s 0.8334 | Var 0.8858 | Vars 0.8384 | Peak 0.1220
Epoch  24|time: 3.38s|train_loss 0.00069536|val_loss 0.00017561
Epoch  25|time: 3.61s|train_loss 0.00068233|val_loss 0.00018411
Epoch  26|time: 3.40s|train_loss 0.00068520|val_loss 0.00016362
Best validation epoch: 26 Mon May 22 17:16:18 2023
TEST MAE 0.2014 | std 0.0638 | RMSE 0.3159 | RMSEs 0.3002 | PCC 0.9468 | PCCs 0.9249 | R2 0.8879 | R2s 0.8390 | Var 0.8948 | Vars 0.8500 | Peak 0.1245
Epoch  27|time: 3.37s|train_loss 0.00068497|val_loss 0.00016157
Best validation epoch: 27 Mon May 22 17:16:22 2023
TEST MAE 0.1966 | std 0.0613 | RMSE 0.3122 | RMSEs 0.2968 | PCC 0.9479 | PCCs 0.9262 | R2 0.8905 | R2s 0.8423 | Var 0.8956 | Vars 0.8510 | Peak 0.1228
Epoch  28|time: 3.52s|train_loss 0.00066763|val_loss 0.00015951
Best validation epoch: 28 Mon May 22 17:16:26 2023
TEST MAE 0.1990 | std 0.0617 | RMSE 0.3093 | RMSEs 0.2944 | PCC 0.9485 | PCCs 0.9270 | R2 0.8925 | R2s 0.8448 | Var 0.8987 | Vars 0.8545 | Peak 0.1218
Epoch  29|time: 3.40s|train_loss 0.00068136|val_loss 0.00016140
Epoch  30|time: 3.74s|train_loss 0.00069561|val_loss 0.00015976
Epoch  31|time: 3.38s|train_loss 0.00067890|val_loss 0.00016007
Epoch  32|time: 3.45s|train_loss 0.00068139|val_loss 0.00017765
Epoch  33|time: 3.43s|train_loss 0.00070006|val_loss 0.00016222
Epoch  34|time: 3.40s|train_loss 0.00066998|val_loss 0.00015672
Best validation epoch: 34 Mon May 22 17:16:48 2023
TEST MAE 0.1940 | std 0.0549 | RMSE 0.2884 | RMSEs 0.2764 | PCC 0.9529 | PCCs 0.9338 | R2 0.9065 | R2s 0.8611 | Var 0.9078 | Vars 0.8676 | Peak 0.1077
Epoch  35|time: 3.38s|train_loss 0.00065734|val_loss 0.00014854
Best validation epoch: 35 Mon May 22 17:16:52 2023
TEST MAE 0.1847 | std 0.0554 | RMSE 0.2850 | RMSEs 0.2718 | PCC 0.9539 | PCCs 0.9346 | R2 0.9088 | R2s 0.8667 | Var 0.9095 | Vars 0.8691 | Peak 0.1104
Epoch  36|time: 3.39s|train_loss 0.00066315|val_loss 0.00015332
Epoch  37|time: 3.39s|train_loss 0.00065556|val_loss 0.00015295
Epoch  38|time: 3.39s|train_loss 0.00064797|val_loss 0.00014905
Epoch  39|time: 3.72s|train_loss 0.00064783|val_loss 0.00014787
Best validation epoch: 39 Mon May 22 17:17:07 2023
TEST MAE 0.1826 | std 0.0532 | RMSE 0.2792 | RMSEs 0.2667 | PCC 0.9554 | PCCs 0.9364 | R2 0.9125 | R2s 0.8710 | Var 0.9125 | Vars 0.8728 | Peak 0.1070
Epoch  40|time: 4.29s|train_loss 0.00064546|val_loss 0.00016615
Epoch  41|time: 3.45s|train_loss 0.00066927|val_loss 0.00015518
Epoch  42|time: 3.74s|train_loss 0.00065029|val_loss 0.00016754
Epoch  43|time: 3.38s|train_loss 0.00065831|val_loss 0.00015414
Epoch  44|time: 3.46s|train_loss 0.00064232|val_loss 0.00014986
Epoch  45|time: 3.49s|train_loss 0.00064720|val_loss 0.00014607
Best validation epoch: 45 Mon May 22 17:17:29 2023
TEST MAE 0.1814 | std 0.0511 | RMSE 0.2729 | RMSEs 0.2614 | PCC 0.9575 | PCCs 0.9393 | R2 0.9164 | R2s 0.8756 | Var 0.9167 | Vars 0.8784 | Peak 0.1027
Epoch  46|time: 3.69s|train_loss 0.00063990|val_loss 0.00014278
Best validation epoch: 46 Mon May 22 17:17:34 2023
TEST MAE 0.1781 | std 0.0519 | RMSE 0.2734 | RMSEs 0.2611 | PCC 0.9579 | PCCs 0.9396 | R2 0.9161 | R2s 0.8765 | Var 0.9174 | Vars 0.8790 | Peak 0.1062
Epoch  47|time: 3.38s|train_loss 0.00064144|val_loss 0.00014809
Epoch  48|time: 3.38s|train_loss 0.00064644|val_loss 0.00017349
Epoch  49|time: 3.44s|train_loss 0.00064120|val_loss 0.00014241
Best validation epoch: 49 Mon May 22 17:17:45 2023
TEST MAE 0.1799 | std 0.0500 | RMSE 0.2696 | RMSEs 0.2585 | PCC 0.9587 | PCCs 0.9409 | R2 0.9184 | R2s 0.8782 | Var 0.9190 | Vars 0.8814 | Peak 0.1010
Epoch  50|time: 3.39s|train_loss 0.00064474|val_loss 0.00014417
Epoch  51|time: 3.51s|train_loss 0.00064294|val_loss 0.00014850
Epoch  52|time: 3.38s|train_loss 0.00063058|val_loss 0.00014142
Best validation epoch: 52 Mon May 22 17:17:56 2023
TEST MAE 0.1746 | std 0.0510 | RMSE 0.2697 | RMSEs 0.2575 | PCC 0.9597 | PCCs 0.9419 | R2 0.9183 | R2s 0.8799 | Var 0.9201 | Vars 0.8831 | Peak 0.1054
Epoch  53|time: 3.38s|train_loss 0.00062866|val_loss 0.00014543
Epoch  54|time: 3.46s|train_loss 0.00065203|val_loss 0.00014142
Epoch  55|time: 3.39s|train_loss 0.00062547|val_loss 0.00014085
Best validation epoch: 55 Mon May 22 17:18:07 2023
TEST MAE 0.1727 | std 0.0503 | RMSE 0.2657 | RMSEs 0.2537 | PCC 0.9602 | PCCs 0.9428 | R2 0.9207 | R2s 0.8831 | Var 0.9214 | Vars 0.8849 | Peak 0.1031
Epoch  56|time: 3.39s|train_loss 0.00062276|val_loss 0.00014109
Epoch  57|time: 3.39s|train_loss 0.00062830|val_loss 0.00013837
Best validation epoch: 57 Mon May 22 17:18:14 2023
TEST MAE 0.1733 | std 0.0497 | RMSE 0.2632 | RMSEs 0.2518 | PCC 0.9603 | PCCs 0.9430 | R2 0.9222 | R2s 0.8847 | Var 0.9222 | Vars 0.8858 | Peak 0.1009
Epoch  58|time: 3.45s|train_loss 0.00061868|val_loss 0.00013810
Best validation epoch: 58 Mon May 22 17:18:19 2023
TEST MAE 0.1733 | std 0.0491 | RMSE 0.2625 | RMSEs 0.2512 | PCC 0.9606 | PCCs 0.9435 | R2 0.9226 | R2s 0.8850 | Var 0.9226 | Vars 0.8866 | Peak 0.0998
Epoch  59|time: 3.38s|train_loss 0.00061649|val_loss 0.00015847
Epoch  60|time: 3.50s|train_loss 0.00062145|val_loss 0.00017646
Epoch  61|time: 3.46s|train_loss 0.00062426|val_loss 0.00016118
Epoch  62|time: 3.64s|train_loss 0.00062180|val_loss 0.00014317
Epoch  63|time: 3.47s|train_loss 0.00062295|val_loss 0.00015993
Epoch  64|time: 3.49s|train_loss 0.00062071|val_loss 0.00013871
Epoch  65|time: 3.70s|train_loss 0.00061157|val_loss 0.00013730
Best validation epoch: 65 Mon May 22 17:18:44 2023
TEST MAE 0.1721 | std 0.0496 | RMSE 0.2609 | RMSEs 0.2496 | PCC 0.9611 | PCCs 0.9439 | R2 0.9235 | R2s 0.8866 | Var 0.9237 | Vars 0.8876 | Peak 0.1007
Epoch  66|time: 3.57s|train_loss 0.00061889|val_loss 0.00014454
Epoch  67|time: 3.46s|train_loss 0.00062686|val_loss 0.00013945
Epoch  68|time: 3.61s|train_loss 0.00061562|val_loss 0.00014483
Epoch  69|time: 3.42s|train_loss 0.00061285|val_loss 0.00014501
Epoch  70|time: 3.60s|train_loss 0.00061105|val_loss 0.00013791
Epoch  71|time: 3.89s|train_loss 0.00062171|val_loss 0.00014267
Epoch  72|time: 3.41s|train_loss 0.00061564|val_loss 0.00014201
Epoch  73|time: 3.54s|train_loss 0.00061390|val_loss 0.00013807
Epoch  74|time: 3.46s|train_loss 0.00061536|val_loss 0.00014513
Epoch  75|time: 3.55s|train_loss 0.00060837|val_loss 0.00013618
Best validation epoch: 75 Mon May 22 17:19:20 2023
TEST MAE 0.1696 | std 0.0485 | RMSE 0.2582 | RMSEs 0.2471 | PCC 0.9625 | PCCs 0.9455 | R2 0.9251 | R2s 0.8888 | Var 0.9261 | Vars 0.8907 | Peak 0.0998
Epoch  76|time: 3.56s|train_loss 0.00061154|val_loss 0.00015591
Epoch  77|time: 3.49s|train_loss 0.00061567|val_loss 0.00015402
Epoch  78|time: 3.51s|train_loss 0.00061066|val_loss 0.00013787
Epoch  79|time: 3.70s|train_loss 0.00060466|val_loss 0.00013779
Epoch  80|time: 3.56s|train_loss 0.00061642|val_loss 0.00013983
Epoch  81|time: 3.46s|train_loss 0.00060289|val_loss 0.00014517
Epoch  82|time: 3.58s|train_loss 0.00060886|val_loss 0.00013641
Epoch  83|time: 3.38s|train_loss 0.00060314|val_loss 0.00014480
Epoch  84|time: 3.37s|train_loss 0.00060403|val_loss 0.00013978
Epoch  85|time: 3.47s|train_loss 0.00060520|val_loss 0.00014850
Epoch  86|time: 3.40s|train_loss 0.00061229|val_loss 0.00014446
Epoch  87|time: 3.46s|train_loss 0.00059699|val_loss 0.00014030
Epoch  88|time: 3.38s|train_loss 0.00059968|val_loss 0.00013799
Epoch  89|time: 3.47s|train_loss 0.00059552|val_loss 0.00014155
Epoch  90|time: 3.38s|train_loss 0.00060054|val_loss 0.00014121
Epoch  91|time: 3.38s|train_loss 0.00059559|val_loss 0.00014252
Epoch  92|time: 3.38s|train_loss 0.00059996|val_loss 0.00013667
Epoch  93|time: 3.50s|train_loss 0.00061591|val_loss 0.00013812
Epoch  94|time: 3.37s|train_loss 0.00060250|val_loss 0.00014085
Epoch  95|time: 3.38s|train_loss 0.00060818|val_loss 0.00013839
Epoch  96|time: 3.54s|train_loss 0.00059534|val_loss 0.00013751
Epoch  97|time: 3.37s|train_loss 0.00058989|val_loss 0.00014462
Epoch  98|time: 3.37s|train_loss 0.00059329|val_loss 0.00013661
Epoch  99|time: 3.45s|train_loss 0.00059167|val_loss 0.00013780
Epoch 100|time: 3.37s|train_loss 0.00058896|val_loss 0.00013710
Epoch 101|time: 3.37s|train_loss 0.00058869|val_loss 0.00013543
Best validation epoch: 101 Mon May 22 17:20:51 2023
TEST MAE 0.1660 | std 0.0466 | RMSE 0.2523 | RMSEs 0.2417 | PCC 0.9638 | PCCs 0.9471 | R2 0.9285 | R2s 0.8930 | Var 0.9288 | Vars 0.8940 | Peak 0.0965
Epoch 102|time: 3.48s|train_loss 0.00059935|val_loss 0.00013632
Epoch 103|time: 3.49s|train_loss 0.00060693|val_loss 0.00014185
Epoch 104|time: 3.39s|train_loss 0.00060399|val_loss 0.00013579
Epoch 105|time: 3.40s|train_loss 0.00059433|val_loss 0.00014146
Epoch 106|time: 3.50s|train_loss 0.00058998|val_loss 0.00013754
Epoch 107|time: 3.70s|train_loss 0.00059413|val_loss 0.00013917
Epoch 108|time: 4.81s|train_loss 0.00059471|val_loss 0.00013902
Epoch 109|time: 3.96s|train_loss 0.00060454|val_loss 0.00013738
Epoch 110|time: 4.80s|train_loss 0.00058643|val_loss 0.00013629
Epoch 111|time: 3.75s|train_loss 0.00058504|val_loss 0.00013674
Epoch 112|time: 4.16s|train_loss 0.00059144|val_loss 0.00013536
Best validation epoch: 112 Mon May 22 17:21:34 2023
TEST MAE 0.1667 | std 0.0465 | RMSE 0.2524 | RMSEs 0.2421 | PCC 0.9640 | PCCs 0.9471 | R2 0.9284 | R2s 0.8927 | Var 0.9292 | Vars 0.8942 | Peak 0.0969
Epoch 113|time: 3.65s|train_loss 0.00059808|val_loss 0.00014282
Epoch 114|time: 3.59s|train_loss 0.00059489|val_loss 0.00014383
Epoch 115|time: 3.70s|train_loss 0.00059431|val_loss 0.00013593
Epoch 116|time: 3.54s|train_loss 0.00058668|val_loss 0.00013777
Epoch 117|time: 3.81s|train_loss 0.00058569|val_loss 0.00013785
Epoch 118|time: 3.61s|train_loss 0.00059539|val_loss 0.00013548
Epoch 119|time: 3.87s|train_loss 0.00058958|val_loss 0.00014483
Epoch 120|time: 3.83s|train_loss 0.00058674|val_loss 0.00013805
Epoch 121|time: 3.87s|train_loss 0.00058868|val_loss 0.00013855
Epoch 122|time: 3.66s|train_loss 0.00059451|val_loss 0.00014394
Epoch 123|time: 3.62s|train_loss 0.00059253|val_loss 0.00014313
Epoch 124|time: 3.82s|train_loss 0.00058126|val_loss 0.00013815
Epoch 125|time: 3.46s|train_loss 0.00057932|val_loss 0.00013593
Epoch 126|time: 4.11s|train_loss 0.00057936|val_loss 0.00013681
Epoch 127|time: 3.45s|train_loss 0.00058455|val_loss 0.00014506
Epoch 128|time: 3.90s|train_loss 0.00059181|val_loss 0.00013876
Epoch 129|time: 3.68s|train_loss 0.00057705|val_loss 0.00013778
Epoch 130|time: 3.81s|train_loss 0.00059004|val_loss 0.00014965
Epoch 131|time: 4.98s|train_loss 0.00058554|val_loss 0.00015115
Epoch 132|time: 4.08s|train_loss 0.00058499|val_loss 0.00014099
Epoch 133|time: 4.50s|train_loss 0.00058276|val_loss 0.00013649
Epoch 134|time: 4.05s|train_loss 0.00057673|val_loss 0.00013629
Epoch 135|time: 3.88s|train_loss 0.00059946|val_loss 0.00013594
Epoch 136|time: 3.83s|train_loss 0.00057829|val_loss 0.00013688
Epoch 137|time: 3.85s|train_loss 0.00058247|val_loss 0.00014258
Epoch 138|time: 4.01s|train_loss 0.00059267|val_loss 0.00013907
Epoch 139|time: 3.90s|train_loss 0.00059827|val_loss 0.00013618
Epoch 140|time: 3.53s|train_loss 0.00058178|val_loss 0.00013901
Epoch 141|time: 3.77s|train_loss 0.00057461|val_loss 0.00014144
Epoch 142|time: 3.45s|train_loss 0.00057690|val_loss 0.00013682
Epoch 143|time: 3.48s|train_loss 0.00057483|val_loss 0.00013705
Epoch 144|time: 3.55s|train_loss 0.00057778|val_loss 0.00014516
Epoch 145|time: 3.71s|train_loss 0.00057784|val_loss 0.00015122
Epoch 146|time: 3.82s|train_loss 0.00057831|val_loss 0.00014511
Epoch 147|time: 3.71s|train_loss 0.00057729|val_loss 0.00014627
Epoch 148|time: 3.67s|train_loss 0.00058449|val_loss 0.00015847
Epoch 149|time: 3.99s|train_loss 0.00058086|val_loss 0.00014385
Epoch 150|time: 3.48s|train_loss 0.00059098|val_loss 0.00013548
Epoch 151|time: 3.47s|train_loss 0.00058096|val_loss 0.00013495
Best validation epoch: 151 Mon May 22 17:24:02 2023
TEST MAE 0.1647 | std 0.0458 | RMSE 0.2492 | RMSEs 0.2391 | PCC 0.9645 | PCCs 0.9480 | R2 0.9303 | R2s 0.8949 | Var 0.9303 | Vars 0.8956 | Peak 0.0932
Epoch 152|time: 4.70s|train_loss 0.00058107|val_loss 0.00013874
Epoch 153|time: 4.17s|train_loss 0.00058586|val_loss 0.00013851
Epoch 154|time: 4.40s|train_loss 0.00057060|val_loss 0.00013623
Epoch 155|time: 3.60s|train_loss 0.00057486|val_loss 0.00013555
Epoch 156|time: 3.74s|train_loss 0.00057591|val_loss 0.00013579
Epoch 157|time: 3.68s|train_loss 0.00057600|val_loss 0.00013878
Epoch 158|time: 3.71s|train_loss 0.00058079|val_loss 0.00013574
Epoch 159|time: 3.93s|train_loss 0.00057799|val_loss 0.00013867
Epoch 160|time: 3.71s|train_loss 0.00057663|val_loss 0.00013912
Epoch 161|time: 3.41s|train_loss 0.00057323|val_loss 0.00014753
Epoch 162|time: 3.45s|train_loss 0.00057936|val_loss 0.00015442
Epoch 163|time: 3.50s|train_loss 0.00058348|val_loss 0.00014253
Epoch 164|time: 3.41s|train_loss 0.00057383|val_loss 0.00014197
Epoch 165|time: 3.50s|train_loss 0.00056978|val_loss 0.00013519
Epoch 166|time: 3.47s|train_loss 0.00057469|val_loss 0.00014242
Epoch 167|time: 3.54s|train_loss 0.00057678|val_loss 0.00013601
Epoch 168|time: 3.42s|train_loss 0.00056762|val_loss 0.00014126
Epoch 169|time: 3.45s|train_loss 0.00057093|val_loss 0.00014422
Epoch 170|time: 3.65s|train_loss 0.00056847|val_loss 0.00014034
Epoch 171|time: 4.10s|train_loss 0.00056916|val_loss 0.00014054
Epoch 172|time: 4.09s|train_loss 0.00056492|val_loss 0.00013566
Epoch 173|time: 3.75s|train_loss 0.00057379|val_loss 0.00013734
Epoch 174|time: 3.78s|train_loss 0.00057493|val_loss 0.00013785
Epoch 175|time: 3.92s|train_loss 0.00057241|val_loss 0.00015222
Epoch 176|time: 3.65s|train_loss 0.00058553|val_loss 0.00013669
Epoch 177|time: 4.04s|train_loss 0.00057912|val_loss 0.00014729
Epoch 178|time: 3.60s|train_loss 0.00057329|val_loss 0.00013970
Epoch 179|time: 3.69s|train_loss 0.00056667|val_loss 0.00014361
Epoch 180|time: 4.18s|train_loss 0.00056485|val_loss 0.00014188
Epoch 181|time: 4.02s|train_loss 0.00057192|val_loss 0.00013825
Epoch 182|time: 4.12s|train_loss 0.00056093|val_loss 0.00013629
Epoch 183|time: 3.51s|train_loss 0.00058172|val_loss 0.00013736
Epoch 184|time: 3.65s|train_loss 0.00056724|val_loss 0.00015072
Epoch 185|time: 3.69s|train_loss 0.00057498|val_loss 0.00014673
Epoch 186|time: 3.77s|train_loss 0.00057028|val_loss 0.00013460
Best validation epoch: 186 Mon May 22 17:26:15 2023
TEST MAE 0.1637 | std 0.0454 | RMSE 0.2480 | RMSEs 0.2381 | PCC 0.9649 | PCCs 0.9483 | R2 0.9309 | R2s 0.8956 | Var 0.9310 | Vars 0.8962 | Peak 0.0928
Epoch 187|time: 3.57s|train_loss 0.00056768|val_loss 0.00013657
Epoch 188|time: 3.67s|train_loss 0.00056664|val_loss 0.00013997
Epoch 189|time: 3.57s|train_loss 0.00056125|val_loss 0.00013710
Epoch 190|time: 3.64s|train_loss 0.00056774|val_loss 0.00013539
Epoch 191|time: 3.79s|train_loss 0.00056208|val_loss 0.00013697
Epoch 192|time: 3.47s|train_loss 0.00057121|val_loss 0.00013584
Epoch 193|time: 3.51s|train_loss 0.00056234|val_loss 0.00013554
Epoch 194|time: 3.98s|train_loss 0.00056688|val_loss 0.00013808
Epoch 195|time: 3.60s|train_loss 0.00056260|val_loss 0.00013625
Epoch 196|time: 3.67s|train_loss 0.00056009|val_loss 0.00013605
Epoch 197|time: 3.65s|train_loss 0.00056734|val_loss 0.00013480
Epoch 198|time: 3.56s|train_loss 0.00056540|val_loss 0.00013587
Epoch 199|time: 3.82s|train_loss 0.00056056|val_loss 0.00014212
Epoch 200|time: 3.52s|train_loss 0.00056405|val_loss 0.00013769
Epoch 201|time: 3.38s|train_loss 0.00055875|val_loss 0.00013729
Epoch 202|time: 3.43s|train_loss 0.00056174|val_loss 0.00013609
Epoch 203|time: 4.01s|train_loss 0.00055902|val_loss 0.00013663
Epoch 204|time: 3.68s|train_loss 0.00055607|val_loss 0.00013570
Epoch 205|time: 3.54s|train_loss 0.00055832|val_loss 0.00015704
Epoch 206|time: 4.58s|train_loss 0.00057474|val_loss 0.00015290
Epoch 207|time: 3.75s|train_loss 0.00056992|val_loss 0.00013870
Epoch 208|time: 3.62s|train_loss 0.00057161|val_loss 0.00013658
Epoch 209|time: 3.72s|train_loss 0.00056396|val_loss 0.00015242
Epoch 210|time: 3.68s|train_loss 0.00057788|val_loss 0.00013699
Epoch 211|time: 3.66s|train_loss 0.00056145|val_loss 0.00014233
Epoch 212|time: 3.71s|train_loss 0.00056136|val_loss 0.00015155
Epoch 213|time: 4.08s|train_loss 0.00055935|val_loss 0.00016263
Epoch 214|time: 3.43s|train_loss 0.00056398|val_loss 0.00013716
Epoch 215|time: 3.46s|train_loss 0.00056322|val_loss 0.00013698
Epoch 216|time: 3.52s|train_loss 0.00057169|val_loss 0.00013747
Epoch 217|time: 3.43s|train_loss 0.00055884|val_loss 0.00013627
Epoch 218|time: 3.61s|train_loss 0.00056401|val_loss 0.00014036
Epoch 219|time: 3.41s|train_loss 0.00056648|val_loss 0.00014056
Epoch 220|time: 3.44s|train_loss 0.00058325|val_loss 0.00014070
Epoch 221|time: 3.64s|train_loss 0.00055852|val_loss 0.00014079
Epoch 222|time: 4.01s|train_loss 0.00055919|val_loss 0.00013874
Epoch 223|time: 5.04s|train_loss 0.00056050|val_loss 0.00013978
Epoch 224|time: 3.76s|train_loss 0.00056247|val_loss 0.00013650
Epoch 225|time: 3.84s|train_loss 0.00055652|val_loss 0.00013742
Epoch 226|time: 3.77s|train_loss 0.00055267|val_loss 0.00013610
Epoch 227|time: 3.84s|train_loss 0.00055220|val_loss 0.00013677
Epoch 228|time: 3.61s|train_loss 0.00057093|val_loss 0.00014021
Epoch 229|time: 3.89s|train_loss 0.00055416|val_loss 0.00014169
Epoch 230|time: 3.60s|train_loss 0.00055341|val_loss 0.00013760
Epoch 231|time: 3.79s|train_loss 0.00057779|val_loss 0.00013676
Epoch 232|time: 4.05s|train_loss 0.00055623|val_loss 0.00014427
Epoch 233|time: 3.78s|train_loss 0.00056426|val_loss 0.00015670
Epoch 234|time: 3.69s|train_loss 0.00056147|val_loss 0.00014252
Epoch 235|time: 3.58s|train_loss 0.00056832|val_loss 0.00013716
Epoch 236|time: 3.54s|train_loss 0.00056711|val_loss 0.00013812
Epoch 237|time: 3.86s|train_loss 0.00055837|val_loss 0.00014332
Epoch 238|time: 3.70s|train_loss 0.00056462|val_loss 0.00013687
Epoch 239|time: 3.53s|train_loss 0.00055245|val_loss 0.00013842
Epoch 240|time: 3.72s|train_loss 0.00055092|val_loss 0.00013761
Epoch 241|time: 3.78s|train_loss 0.00054770|val_loss 0.00013703
Epoch 242|time: 3.76s|train_loss 0.00054777|val_loss 0.00013730
Epoch 243|time: 3.54s|train_loss 0.00055197|val_loss 0.00013602
Epoch 244|time: 3.65s|train_loss 0.00054593|val_loss 0.00013582
Epoch 245|time: 3.83s|train_loss 0.00055464|val_loss 0.00013876
Epoch 246|time: 3.43s|train_loss 0.00057929|val_loss 0.00013663
Epoch 247|time: 3.42s|train_loss 0.00055858|val_loss 0.00013651
Epoch 248|time: 3.42s|train_loss 0.00056813|val_loss 0.00013785
Epoch 249|time: 3.37s|train_loss 0.00056934|val_loss 0.00013478
Epoch 250|time: 3.38s|train_loss 0.00056955|val_loss 0.00014345
Epoch 251|time: 3.50s|train_loss 0.00056462|val_loss 0.00014320
Epoch 252|time: 3.38s|train_loss 0.00056267|val_loss 0.00013602
Epoch 253|time: 3.38s|train_loss 0.00056081|val_loss 0.00013693
Epoch 254|time: 3.46s|train_loss 0.00057453|val_loss 0.00013464
Epoch 255|time: 3.46s|train_loss 0.00055664|val_loss 0.00014172
Epoch 256|time: 3.38s|train_loss 0.00055473|val_loss 0.00014294
Epoch 257|time: 3.58s|train_loss 0.00055400|val_loss 0.00013536
Epoch 258|time: 3.38s|train_loss 0.00055901|val_loss 0.00013709
Epoch 259|time: 3.48s|train_loss 0.00054792|val_loss 0.00013742
Epoch 260|time: 3.41s|train_loss 0.00055399|val_loss 0.00014287
Epoch 261|time: 3.38s|train_loss 0.00055542|val_loss 0.00013961
Epoch 262|time: 3.68s|train_loss 0.00056649|val_loss 0.00015810
Epoch 263|time: 3.38s|train_loss 0.00055514|val_loss 0.00013992
Epoch 264|time: 3.46s|train_loss 0.00055359|val_loss 0.00014276
Epoch 265|time: 3.44s|train_loss 0.00055147|val_loss 0.00013667
Epoch 266|time: 3.37s|train_loss 0.00054724|val_loss 0.00013699
Epoch 267|time: 3.38s|train_loss 0.00054490|val_loss 0.00013959
Epoch 268|time: 3.39s|train_loss 0.00054829|val_loss 0.00013989
Epoch 269|time: 3.46s|train_loss 0.00055625|val_loss 0.00014366
Epoch 270|time: 3.38s|train_loss 0.00054979|val_loss 0.00013855
Epoch 271|time: 3.39s|train_loss 0.00054329|val_loss 0.00013737
Epoch 272|time: 3.38s|train_loss 0.00054252|val_loss 0.00013697
Epoch 273|time: 3.54s|train_loss 0.00054059|val_loss 0.00014747
Epoch 274|time: 3.40s|train_loss 0.00055189|val_loss 0.00014514
Epoch 275|time: 3.41s|train_loss 0.00054547|val_loss 0.00013538
Epoch 276|time: 4.09s|train_loss 0.00054756|val_loss 0.00014392
Epoch 277|time: 3.68s|train_loss 0.00054640|val_loss 0.00013936
Epoch 278|time: 3.47s|train_loss 0.00054410|val_loss 0.00014203
Epoch 279|time: 3.75s|train_loss 0.00055005|val_loss 0.00015751
Epoch 280|time: 3.38s|train_loss 0.00055002|val_loss 0.00013771
Epoch 281|time: 3.38s|train_loss 0.00054602|val_loss 0.00013554
Epoch 282|time: 3.49s|train_loss 0.00054707|val_loss 0.00014884
Epoch 283|time: 3.43s|train_loss 0.00055253|val_loss 0.00013733
Epoch 284|time: 3.38s|train_loss 0.00053845|val_loss 0.00013907
Epoch 285|time: 3.36s|train_loss 0.00055808|val_loss 0.00013772
Epoch 286|time: 3.38s|train_loss 0.00055801|val_loss 0.00013906
Epoch 287|time: 3.54s|train_loss 0.00054616|val_loss 0.00013709
Epoch 288|time: 3.39s|train_loss 0.00055133|val_loss 0.00013604
Epoch 289|time: 3.37s|train_loss 0.00054030|val_loss 0.00013737
Epoch 290|time: 3.36s|train_loss 0.00053970|val_loss 0.00013899
Epoch 291|time: 3.55s|train_loss 0.00056163|val_loss 0.00014752
Epoch 292|time: 3.36s|train_loss 0.00053996|val_loss 0.00013526
Epoch 293|time: 3.37s|train_loss 0.00053597|val_loss 0.00013995
Epoch 294|time: 3.39s|train_loss 0.00053656|val_loss 0.00013530
Epoch 295|time: 3.73s|train_loss 0.00054720|val_loss 0.00013518
Epoch 296|time: 3.36s|train_loss 0.00055080|val_loss 0.00013612
Epoch 297|time: 3.45s|train_loss 0.00054507|val_loss 0.00013854
Epoch 298|time: 3.40s|train_loss 0.00053891|val_loss 0.00014287
Epoch 299|time: 3.39s|train_loss 0.00055940|val_loss 0.00013681
Epoch 300|time: 3.46s|train_loss 0.00054280|val_loss 0.00013513
Epoch 301|time: 3.61s|train_loss 0.00055369|val_loss 0.00016417
Epoch 302|time: 3.48s|train_loss 0.00054395|val_loss 0.00013894
Epoch 303|time: 3.67s|train_loss 0.00054328|val_loss 0.00014322
Epoch 304|time: 3.49s|train_loss 0.00054087|val_loss 0.00014355
Epoch 305|time: 3.49s|train_loss 0.00055421|val_loss 0.00013977
Epoch 306|time: 3.44s|train_loss 0.00053755|val_loss 0.00013578
Epoch 307|time: 3.37s|train_loss 0.00053917|val_loss 0.00014506
Epoch 308|time: 3.36s|train_loss 0.00055741|val_loss 0.00014264
Epoch 309|time: 3.46s|train_loss 0.00054015|val_loss 0.00013457
Best validation epoch: 309 Mon May 22 17:33:36 2023
TEST MAE 0.1633 | std 0.0448 | RMSE 0.2472 | RMSEs 0.2375 | PCC 0.9652 | PCCs 0.9485 | R2 0.9314 | R2s 0.8959 | Var 0.9317 | Vars 0.8967 | Peak 0.0929
Epoch 310|time: 3.40s|train_loss 0.00053782|val_loss 0.00014331
Epoch 311|time: 4.61s|train_loss 0.00053736|val_loss 0.00014546
Epoch 312|time: 3.83s|train_loss 0.00053963|val_loss 0.00013480
Epoch 313|time: 3.78s|train_loss 0.00053543|val_loss 0.00014448
Epoch 314|time: 3.77s|train_loss 0.00053559|val_loss 0.00013770
Epoch 315|time: 3.76s|train_loss 0.00053215|val_loss 0.00013567
Epoch 316|time: 4.23s|train_loss 0.00054114|val_loss 0.00013799
Epoch 317|time: 3.78s|train_loss 0.00053884|val_loss 0.00013897
Epoch 318|time: 4.04s|train_loss 0.00053631|val_loss 0.00013523
Epoch 319|time: 3.58s|train_loss 0.00053731|val_loss 0.00013734
Epoch 320|time: 3.87s|train_loss 0.00054461|val_loss 0.00015085
Epoch 321|time: 3.83s|train_loss 0.00053551|val_loss 0.00013554
Epoch 322|time: 3.98s|train_loss 0.00053116|val_loss 0.00013574
Epoch 323|time: 4.02s|train_loss 0.00053102|val_loss 0.00013674
Epoch 324|time: 4.08s|train_loss 0.00053682|val_loss 0.00014720
Epoch 325|time: 4.42s|train_loss 0.00053446|val_loss 0.00013542
Epoch 326|time: 4.42s|train_loss 0.00056464|val_loss 0.00014344
Epoch 327|time: 4.98s|train_loss 0.00053459|val_loss 0.00014079
Epoch 328|time: 4.10s|train_loss 0.00053059|val_loss 0.00014151
Epoch 329|time: 3.89s|train_loss 0.00053517|val_loss 0.00013624
Epoch 330|time: 4.43s|train_loss 0.00052838|val_loss 0.00013757
Epoch 331|time: 3.64s|train_loss 0.00054782|val_loss 0.00015726
Epoch 332|time: 3.75s|train_loss 0.00055639|val_loss 0.00014104
Epoch 333|time: 3.71s|train_loss 0.00053196|val_loss 0.00014218
Epoch 334|time: 4.01s|train_loss 0.00054000|val_loss 0.00013791
Epoch 335|time: 4.03s|train_loss 0.00053390|val_loss 0.00013753
Epoch 336|time: 4.34s|train_loss 0.00053857|val_loss 0.00013957
Epoch 337|time: 4.24s|train_loss 0.00052682|val_loss 0.00013617
Epoch 338|time: 3.96s|train_loss 0.00054286|val_loss 0.00014151
Epoch 339|time: 3.94s|train_loss 0.00054394|val_loss 0.00013725
Epoch 340|time: 3.59s|train_loss 0.00053132|val_loss 0.00013544
Epoch 341|time: 3.76s|train_loss 0.00053050|val_loss 0.00013658
Epoch 342|time: 4.08s|train_loss 0.00053039|val_loss 0.00013539
Epoch 343|time: 3.93s|train_loss 0.00053269|val_loss 0.00013575
Epoch 344|time: 4.04s|train_loss 0.00053524|val_loss 0.00014535
Epoch 345|time: 3.76s|train_loss 0.00053270|val_loss 0.00013375
Best validation epoch: 345 Mon May 22 17:36:01 2023
TEST MAE 0.1634 | std 0.0450 | RMSE 0.2475 | RMSEs 0.2377 | PCC 0.9650 | PCCs 0.9484 | R2 0.9312 | R2s 0.8957 | Var 0.9312 | Vars 0.8964 | Peak 0.0926
Epoch 346|time: 3.54s|train_loss 0.00053854|val_loss 0.00013775
Epoch 347|time: 3.74s|train_loss 0.00052693|val_loss 0.00013512
Epoch 348|time: 3.69s|train_loss 0.00052538|val_loss 0.00013878
Epoch 349|time: 3.68s|train_loss 0.00052363|val_loss 0.00013584
Epoch 350|time: 3.37s|train_loss 0.00053186|val_loss 0.00013838
Epoch 351|time: 3.37s|train_loss 0.00051994|val_loss 0.00013588
Epoch 352|time: 3.63s|train_loss 0.00052060|val_loss 0.00013418
Epoch 353|time: 3.37s|train_loss 0.00052067|val_loss 0.00013688
Epoch 354|time: 3.37s|train_loss 0.00054616|val_loss 0.00013444
Epoch 355|time: 3.66s|train_loss 0.00052753|val_loss 0.00013414
Epoch 356|time: 3.37s|train_loss 0.00052875|val_loss 0.00015485
Epoch 357|time: 3.53s|train_loss 0.00051650|val_loss 0.00013812
Epoch 358|time: 3.66s|train_loss 0.00052193|val_loss 0.00013457
Epoch 359|time: 3.36s|train_loss 0.00051748|val_loss 0.00013599
Epoch 360|time: 3.42s|train_loss 0.00052507|val_loss 0.00013465
Epoch 361|time: 3.39s|train_loss 0.00052359|val_loss 0.00014410
Epoch 362|time: 3.43s|train_loss 0.00051434|val_loss 0.00013555
Epoch 363|time: 3.42s|train_loss 0.00052163|val_loss 0.00013607
Epoch 364|time: 3.38s|train_loss 0.00051232|val_loss 0.00013578
Epoch 365|time: 3.39s|train_loss 0.00051513|val_loss 0.00013612
Epoch 366|time: 3.49s|train_loss 0.00050880|val_loss 0.00013966
Epoch 367|time: 3.38s|train_loss 0.00051452|val_loss 0.00013720
Epoch 368|time: 3.37s|train_loss 0.00050768|val_loss 0.00013573
Epoch 369|time: 3.38s|train_loss 0.00051572|val_loss 0.00013926
Epoch 370|time: 3.37s|train_loss 0.00050802|val_loss 0.00013521
Epoch 371|time: 3.45s|train_loss 0.00051861|val_loss 0.00013524
Epoch 372|time: 3.41s|train_loss 0.00050681|val_loss 0.00013665
Epoch 373|time: 3.52s|train_loss 0.00050975|val_loss 0.00013428
Epoch 374|time: 3.38s|train_loss 0.00050089|val_loss 0.00013907
Epoch 375|time: 3.49s|train_loss 0.00050822|val_loss 0.00014112
Epoch 376|time: 3.46s|train_loss 0.00050891|val_loss 0.00013475
Epoch 377|time: 3.38s|train_loss 0.00050377|val_loss 0.00013510
Epoch 378|time: 3.50s|train_loss 0.00049997|val_loss 0.00013471
Epoch 379|time: 3.39s|train_loss 0.00050451|val_loss 0.00013487
Epoch 380|time: 3.50s|train_loss 0.00050874|val_loss 0.00013761
Epoch 381|time: 3.43s|train_loss 0.00050664|val_loss 0.00013620
Epoch 382|time: 4.33s|train_loss 0.00050742|val_loss 0.00013474
Epoch 383|time: 3.46s|train_loss 0.00050018|val_loss 0.00014408
Epoch 384|time: 3.47s|train_loss 0.00050119|val_loss 0.00013746
Epoch 385|time: 3.37s|train_loss 0.00050261|val_loss 0.00013503
Epoch 386|time: 3.38s|train_loss 0.00049623|val_loss 0.00013353
Best validation epoch: 386 Mon May 22 17:38:24 2023
TEST MAE 0.1633 | std 0.0448 | RMSE 0.2470 | RMSEs 0.2372 | PCC 0.9652 | PCCs 0.9487 | R2 0.9315 | R2s 0.8961 | Var 0.9316 | Vars 0.8969 | Peak 0.0923
Epoch 387|time: 3.39s|train_loss 0.00049171|val_loss 0.00013509
Epoch 388|time: 3.38s|train_loss 0.00050200|val_loss 0.00013675
Epoch 389|time: 3.38s|train_loss 0.00049034|val_loss 0.00013862
Epoch 390|time: 3.73s|train_loss 0.00049278|val_loss 0.00013665
Epoch 391|time: 3.37s|train_loss 0.00049814|val_loss 0.00013550
Epoch 392|time: 3.40s|train_loss 0.00049780|val_loss 0.00014432
Epoch 393|time: 3.38s|train_loss 0.00049766|val_loss 0.00013771
Epoch 394|time: 3.47s|train_loss 0.00050234|val_loss 0.00013867
Epoch 395|time: 3.48s|train_loss 0.00049734|val_loss 0.00014988
Epoch 396|time: 3.37s|train_loss 0.00049186|val_loss 0.00013949
Epoch 397|time: 3.41s|train_loss 0.00049985|val_loss 0.00013719
Epoch 398|time: 3.57s|train_loss 0.00049209|val_loss 0.00014547
Epoch 399|time: 3.38s|train_loss 0.00049499|val_loss 0.00014630
Epoch 400|time: 3.37s|train_loss 0.00050435|val_loss 0.00013949
Epoch 401|time: 3.40s|train_loss 0.00049141|val_loss 0.00014236
Epoch 402|time: 3.37s|train_loss 0.00050406|val_loss 0.00013687
Epoch 403|time: 3.47s|train_loss 0.00049557|val_loss 0.00013599
Epoch 404|time: 3.37s|train_loss 0.00050913|val_loss 0.00014166
Epoch 405|time: 3.36s|train_loss 0.00049420|val_loss 0.00013619
Epoch 406|time: 3.44s|train_loss 0.00049465|val_loss 0.00013534
Epoch 407|time: 3.60s|train_loss 0.00048932|val_loss 0.00013476
Epoch 408|time: 3.46s|train_loss 0.00049274|val_loss 0.00013861
Epoch 409|time: 3.39s|train_loss 0.00048892|val_loss 0.00013567
Epoch 410|time: 3.38s|train_loss 0.00049191|val_loss 0.00013478
Epoch 411|time: 3.38s|train_loss 0.00048737|val_loss 0.00013403
Epoch 412|time: 3.62s|train_loss 0.00048882|val_loss 0.00013427
Epoch 413|time: 3.38s|train_loss 0.00051072|val_loss 0.00013908
Epoch 414|time: 3.37s|train_loss 0.00049159|val_loss 0.00013615
Epoch 415|time: 3.48s|train_loss 0.00048706|val_loss 0.00013720
Epoch 416|time: 3.37s|train_loss 0.00048999|val_loss 0.00013439
Epoch 417|time: 3.44s|train_loss 0.00048538|val_loss 0.00013770
Epoch 418|time: 3.44s|train_loss 0.00049266|val_loss 0.00013457
Epoch 419|time: 3.38s|train_loss 0.00048738|val_loss 0.00013773
Epoch 420|time: 3.39s|train_loss 0.00049756|val_loss 0.00013544
Epoch 421|time: 3.43s|train_loss 0.00049978|val_loss 0.00013945
Epoch 422|time: 3.48s|train_loss 0.00048634|val_loss 0.00013802
Epoch 423|time: 3.38s|train_loss 0.00048529|val_loss 0.00014066
Epoch 424|time: 3.44s|train_loss 0.00048414|val_loss 0.00013395
Epoch 425|time: 3.61s|train_loss 0.00048567|val_loss 0.00013800
Epoch 426|time: 3.46s|train_loss 0.00048887|val_loss 0.00014138
Epoch 427|time: 3.50s|train_loss 0.00048896|val_loss 0.00013481
Epoch 428|time: 3.38s|train_loss 0.00048757|val_loss 0.00013915
Epoch 429|time: 3.39s|train_loss 0.00049629|val_loss 0.00013501
Epoch 430|time: 3.46s|train_loss 0.00049452|val_loss 0.00013485
Epoch 431|time: 3.38s|train_loss 0.00048239|val_loss 0.00013527
Epoch 432|time: 3.40s|train_loss 0.00048116|val_loss 0.00013800
Epoch 433|time: 3.50s|train_loss 0.00048871|val_loss 0.00013442
Epoch 434|time: 3.40s|train_loss 0.00048896|val_loss 0.00013589
Epoch 435|time: 3.38s|train_loss 0.00048607|val_loss 0.00013530
Epoch 436|time: 3.48s|train_loss 0.00048471|val_loss 0.00014085
Epoch 437|time: 3.38s|train_loss 0.00048342|val_loss 0.00013530
Epoch 438|time: 3.42s|train_loss 0.00048966|val_loss 0.00013545
Epoch 439|time: 3.39s|train_loss 0.00048574|val_loss 0.00013518
Epoch 440|time: 3.46s|train_loss 0.00048440|val_loss 0.00013599
Epoch 441|time: 3.37s|train_loss 0.00048144|val_loss 0.00013548
Epoch 442|time: 3.55s|train_loss 0.00048296|val_loss 0.00014213
Epoch 443|time: 3.38s|train_loss 0.00050433|val_loss 0.00013807
Epoch 444|time: 3.46s|train_loss 0.00050139|val_loss 0.00014146
Epoch 445|time: 3.39s|train_loss 0.00048777|val_loss 0.00014628
Epoch 446|time: 3.38s|train_loss 0.00049228|val_loss 0.00013832
Epoch 447|time: 3.49s|train_loss 0.00050406|val_loss 0.00013573
Epoch 448|time: 3.39s|train_loss 0.00048323|val_loss 0.00013585
Epoch 449|time: 3.39s|train_loss 0.00049711|val_loss 0.00013928
Epoch 450|time: 3.66s|train_loss 0.00048502|val_loss 0.00013485
Epoch 451|time: 3.38s|train_loss 0.00051385|val_loss 0.00013513
Epoch 452|time: 3.38s|train_loss 0.00048189|val_loss 0.00013968
Epoch 453|time: 3.39s|train_loss 0.00047866|val_loss 0.00013378
Epoch 454|time: 3.45s|train_loss 0.00047748|val_loss 0.00013299
Best validation epoch: 454 Mon May 22 17:42:18 2023
TEST MAE 0.1631 | std 0.0456 | RMSE 0.2469 | RMSEs 0.2368 | PCC 0.9652 | PCCs 0.9489 | R2 0.9315 | R2s 0.8964 | Var 0.9315 | Vars 0.8972 | Peak 0.0914
Epoch 455|time: 3.38s|train_loss 0.00048090|val_loss 0.00013600
Epoch 456|time: 3.46s|train_loss 0.00048445|val_loss 0.00013441
Epoch 457|time: 3.38s|train_loss 0.00047573|val_loss 0.00013834
Epoch 458|time: 3.49s|train_loss 0.00047654|val_loss 0.00013434
Epoch 459|time: 3.47s|train_loss 0.00047764|val_loss 0.00013834
Epoch 460|time: 3.60s|train_loss 0.00048959|val_loss 0.00013511
Epoch 461|time: 3.40s|train_loss 0.00048617|val_loss 0.00013386
Epoch 462|time: 3.48s|train_loss 0.00047408|val_loss 0.00013851
Epoch 463|time: 3.39s|train_loss 0.00050305|val_loss 0.00013573
Epoch 464|time: 3.40s|train_loss 0.00047869|val_loss 0.00013395
Epoch 465|time: 3.38s|train_loss 0.00047416|val_loss 0.00013715
Epoch 466|time: 3.40s|train_loss 0.00050203|val_loss 0.00013390
Epoch 467|time: 3.48s|train_loss 0.00048112|val_loss 0.00014789
Epoch 468|time: 3.45s|train_loss 0.00048367|val_loss 0.00013514
Epoch 469|time: 3.40s|train_loss 0.00047819|val_loss 0.00013369
Epoch 470|time: 3.45s|train_loss 0.00047888|val_loss 0.00014254
Epoch 471|time: 3.39s|train_loss 0.00048567|val_loss 0.00013576
Epoch 472|time: 3.49s|train_loss 0.00048239|val_loss 0.00013557
Epoch 473|time: 3.40s|train_loss 0.00048030|val_loss 0.00013443
Epoch 474|time: 3.39s|train_loss 0.00048641|val_loss 0.00013449
Epoch 475|time: 3.39s|train_loss 0.00048252|val_loss 0.00013881
Epoch 476|time: 3.54s|train_loss 0.00047501|val_loss 0.00013446
Epoch 477|time: 3.62s|train_loss 0.00047800|val_loss 0.00013520
Epoch 478|time: 3.38s|train_loss 0.00048635|val_loss 0.00013492
Epoch 479|time: 3.48s|train_loss 0.00048079|val_loss 0.00013886
Epoch 480|time: 3.40s|train_loss 0.00048389|val_loss 0.00013395
Epoch 481|time: 3.38s|train_loss 0.00047517|val_loss 0.00013852
Epoch 482|time: 3.69s|train_loss 0.00047681|val_loss 0.00014109
Epoch 483|time: 3.37s|train_loss 0.00048293|val_loss 0.00013346
Epoch 484|time: 3.37s|train_loss 0.00048871|val_loss 0.00014712
Epoch 485|time: 3.45s|train_loss 0.00048978|val_loss 0.00013362
Epoch 486|time: 3.46s|train_loss 0.00049427|val_loss 0.00014017
Epoch 487|time: 3.38s|train_loss 0.00048868|val_loss 0.00013366
Epoch 488|time: 3.39s|train_loss 0.00047607|val_loss 0.00013586
Epoch 489|time: 3.38s|train_loss 0.00047798|val_loss 0.00013568
Epoch 490|time: 3.49s|train_loss 0.00047523|val_loss 0.00013532
Epoch 491|time: 3.44s|train_loss 0.00048035|val_loss 0.00014123
Epoch 492|time: 3.37s|train_loss 0.00047864|val_loss 0.00013609
Epoch 493|time: 3.38s|train_loss 0.00047642|val_loss 0.00013812
Epoch 494|time: 3.37s|train_loss 0.00047504|val_loss 0.00013324
Epoch 495|time: 3.68s|train_loss 0.00048630|val_loss 0.00014087
Epoch 496|time: 3.38s|train_loss 0.00049685|val_loss 0.00013692
Epoch 497|time: 3.39s|train_loss 0.00047401|val_loss 0.00013292
Best validation epoch: 497 Mon May 22 17:44:47 2023
TEST MAE 0.1629 | std 0.0455 | RMSE 0.2471 | RMSEs 0.2369 | PCC 0.9653 | PCCs 0.9490 | R2 0.9314 | R2s 0.8966 | Var 0.9318 | Vars 0.8976 | Peak 0.0928
Epoch 498|time: 3.38s|train_loss 0.00049762|val_loss 0.00013910
Epoch 499|time: 3.56s|train_loss 0.00047691|val_loss 0.00014514
Epoch 500|time: 3.49s|train_loss 0.00048756|val_loss 0.00014084
Final evaluation
TEST MAE 0.1629 | std 0.0455 | RMSE 0.2471 | RMSEs 0.2369 | PCC 0.9653 | PCCs 0.9490 | R2 0.9314 | R2s 0.8966 | Var 0.9318 | Vars 0.8976 | Peak 0.0928
