--------Parameters--------
Namespace(batch=32, bi=False, check_point=1, cuda=False, dataset='us_hhs', dropout=0.2, epilambda=0.1, epochs=500, gpu=3, hidsp=15, horizon=1, k=10, lamda=0.01, lr=0.1, model='cola_gnn_epi', mylog=False, n_hidden=30, n_layer=1, patience=200, rnn_model='RNN', save_dir='save', seed=42, shuffle=False, sim_mat='us_hhs-adj', test=0.2, train=0.6, val=0.2, weight_decay=0.0005, window=20)
--------------------------
data shape (364, 10)
size of train/val/test sets 198 73 73
#params: 9885
begin training
Epoch   1|time: 3.62s|train_loss 0.00717029|val_loss 0.00389062
Best validation epoch: 1 Tue May 23 00:31:17 2023
TEST MAE 5.2333 | std 1.5459 | RMSE 5.5042 | RMSEs 5.2818 | PCC -0.3471 | PCCs 0.5865 | R2 -33.0325 | R2s -52.2418 | Var -2.2679 | Vars 0.1242 | Peak 2.2177
Epoch   2|time: 3.53s|train_loss 0.00305593|val_loss 0.00304861
Best validation epoch: 2 Tue May 23 00:31:21 2023
TEST MAE 4.1483 | std 1.2442 | RMSE 4.4097 | RMSEs 4.2282 | PCC -0.4388 | PCCs -0.9262 | R2 -20.8436 | R2s -32.6946 | Var -1.5126 | Vars -0.1568 | Peak 1.8581
Epoch   3|time: 3.68s|train_loss 0.00277163|val_loss 0.00328462
Epoch   4|time: 3.63s|train_loss 0.00253100|val_loss 0.00093381
Best validation epoch: 4 Tue May 23 00:31:29 2023
TEST MAE 1.2933 | std 0.4611 | RMSE 1.5763 | RMSEs 1.4978 | PCC 0.3451 | PCCs -0.2253 | R2 -1.7912 | R2s -2.9786 | Var 0.0878 | Vars -0.0027 | Peak 0.7758
Epoch   5|time: 3.49s|train_loss 0.00186158|val_loss 0.00212846
Epoch   6|time: 3.71s|train_loss 0.00200274|val_loss 0.00066154
Best validation epoch: 6 Tue May 23 00:31:37 2023
TEST MAE 0.7030 | std 0.1406 | RMSE 0.8535 | RMSEs 0.8339 | PCC 0.4984 | PCCs -0.3812 | R2 0.1817 | R2s -0.3088 | Var 0.2475 | Vars -0.0017 | Peak 0.2446
Epoch   7|time: 3.68s|train_loss 0.00137222|val_loss 0.00058307
Best validation epoch: 7 Tue May 23 00:31:42 2023
TEST MAE 0.7840 | std 0.3164 | RMSE 1.1239 | RMSEs 1.0587 | PCC 0.5098 | PCCs -0.4041 | R2 -0.4189 | R2s -0.9470 | Var 0.1972 | Vars -0.0017 | Peak 0.5706
Epoch   8|time: 3.62s|train_loss 0.00135387|val_loss 0.00142949
Epoch   9|time: 3.53s|train_loss 0.00157399|val_loss 0.00125417
Epoch  10|time: 3.52s|train_loss 0.00131670|val_loss 0.00095546
Epoch  11|time: 3.74s|train_loss 0.00115867|val_loss 0.00053946
Best validation epoch: 11 Tue May 23 00:31:57 2023
TEST MAE 0.6664 | std 0.2569 | RMSE 0.9814 | RMSEs 0.9233 | PCC 0.5139 | PCCs -0.8171 | R2 -0.0820 | R2s -0.4763 | Var 0.2242 | Vars -0.0018 | Peak 0.4896
Epoch  12|time: 3.54s|train_loss 0.00115699|val_loss 0.00132145
Epoch  13|time: 3.47s|train_loss 0.00149210|val_loss 0.00088272
Epoch  14|time: 3.67s|train_loss 0.00140056|val_loss 0.00102604
Epoch  15|time: 3.58s|train_loss 0.00125112|val_loss 0.00053405
Best validation epoch: 15 Tue May 23 00:32:12 2023
TEST MAE 0.6015 | std 0.2096 | RMSE 0.8769 | RMSEs 0.8281 | PCC 0.5313 | PCCs 0.8179 | R2 0.1363 | R2s -0.1900 | Var 0.2553 | Vars 0.0216 | Peak 0.4131
Epoch  16|time: 3.65s|train_loss 0.00111033|val_loss 0.00074706
Epoch  17|time: 3.75s|train_loss 0.00119794|val_loss 0.00055950
Epoch  18|time: 3.58s|train_loss 0.00147341|val_loss 0.00131726
Epoch  19|time: 3.68s|train_loss 0.00155169|val_loss 0.00059904
Epoch  20|time: 3.54s|train_loss 0.00144552|val_loss 0.00119958
Epoch  21|time: 3.54s|train_loss 0.00138469|val_loss 0.00139363
Epoch  22|time: 3.55s|train_loss 0.00143199|val_loss 0.00166178
Epoch  23|time: 3.69s|train_loss 0.00146338|val_loss 0.00118037
Epoch  24|time: 3.63s|train_loss 0.00125428|val_loss 0.00080614
Epoch  25|time: 3.57s|train_loss 0.00150105|val_loss 0.00168657
Epoch  26|time: 3.46s|train_loss 0.00188062|val_loss 0.00225450
Epoch  27|time: 3.60s|train_loss 0.00157580|val_loss 0.00048933
Best validation epoch: 27 Tue May 23 00:32:56 2023
TEST MAE 0.6775 | std 0.2677 | RMSE 0.9913 | RMSEs 0.9304 | PCC 0.5653 | PCCs 0.6229 | R2 -0.1040 | R2s -0.4970 | Var 0.2521 | Vars 0.0513 | Peak 0.4980
Epoch  28|time: 3.61s|train_loss 0.00104081|val_loss 0.00085146
Epoch  29|time: 3.59s|train_loss 0.00133244|val_loss 0.00158146
Epoch  30|time: 3.63s|train_loss 0.00144732|val_loss 0.00088874
Epoch  31|time: 3.50s|train_loss 0.00110853|val_loss 0.00050900
Epoch  32|time: 3.65s|train_loss 0.00093258|val_loss 0.00069801
Epoch  33|time: 3.88s|train_loss 0.00112364|val_loss 0.00184471
Epoch  34|time: 3.50s|train_loss 0.00194232|val_loss 0.00239995
Epoch  35|time: 3.64s|train_loss 0.00177759|val_loss 0.00088398
Epoch  36|time: 3.44s|train_loss 0.00142197|val_loss 0.00060664
Epoch  37|time: 3.53s|train_loss 0.00106718|val_loss 0.00039193
Best validation epoch: 37 Tue May 23 00:33:33 2023
TEST MAE 0.4106 | std 0.1068 | RMSE 0.5368 | RMSEs 0.5143 | PCC 0.8410 | PCCs 0.8588 | R2 0.6764 | R2s 0.5049 | Var 0.6923 | Vars 0.6752 | Peak 0.1891
Epoch  38|time: 3.83s|train_loss 0.00097041|val_loss 0.00117674
Epoch  39|time: 3.42s|train_loss 0.00131041|val_loss 0.00131954
Epoch  40|time: 3.41s|train_loss 0.00154670|val_loss 0.00037926
Best validation epoch: 40 Tue May 23 00:33:44 2023
TEST MAE 0.3719 | std 0.1489 | RMSE 0.5365 | RMSEs 0.4904 | PCC 0.8346 | PCCs 0.8493 | R2 0.6766 | R2s 0.5856 | Var 0.6931 | Vars 0.6850 | Peak 0.2110
Epoch  41|time: 3.56s|train_loss 0.00122729|val_loss 0.00041969
Epoch  42|time: 3.45s|train_loss 0.00097298|val_loss 0.00041121
Epoch  43|time: 3.70s|train_loss 0.00087244|val_loss 0.00031288
Best validation epoch: 43 Tue May 23 00:33:56 2023
TEST MAE 0.3433 | std 0.1269 | RMSE 0.4877 | RMSEs 0.4557 | PCC 0.8630 | PCCs 0.8848 | R2 0.7329 | R2s 0.6128 | Var 0.7330 | Vars 0.7056 | Peak 0.1887
Epoch  44|time: 3.42s|train_loss 0.00098390|val_loss 0.00164530
Epoch  45|time: 3.46s|train_loss 0.00133266|val_loss 0.00065945
Epoch  46|time: 3.60s|train_loss 0.00091744|val_loss 0.00059564
Epoch  47|time: 3.58s|train_loss 0.00122697|val_loss 0.00043660
Epoch  48|time: 3.42s|train_loss 0.00112336|val_loss 0.00167987
Epoch  49|time: 3.52s|train_loss 0.00140856|val_loss 0.00180008
Epoch  50|time: 3.71s|train_loss 0.00198013|val_loss 0.00225165
Epoch  51|time: 3.63s|train_loss 0.00190725|val_loss 0.00041893
Epoch  52|time: 3.58s|train_loss 0.00132618|val_loss 0.00057115
Epoch  53|time: 3.53s|train_loss 0.00134102|val_loss 0.00054898
Epoch  54|time: 3.67s|train_loss 0.00198126|val_loss 0.00108061
Epoch  55|time: 3.58s|train_loss 0.00148003|val_loss 0.00064282
Epoch  56|time: 3.50s|train_loss 0.00122531|val_loss 0.00095800
Epoch  57|time: 3.69s|train_loss 0.00130156|val_loss 0.00100976
Epoch  58|time: 3.55s|train_loss 0.00094147|val_loss 0.00084956
Epoch  59|time: 3.51s|train_loss 0.00090435|val_loss 0.00038311
Epoch  60|time: 3.58s|train_loss 0.00129084|val_loss 0.00038345
Epoch  61|time: 3.68s|train_loss 0.00093663|val_loss 0.00035976
Epoch  62|time: 3.51s|train_loss 0.00083713|val_loss 0.00078861
Epoch  63|time: 3.74s|train_loss 0.00097077|val_loss 0.00033411
Epoch  64|time: 3.51s|train_loss 0.00092700|val_loss 0.00101337
Epoch  65|time: 3.60s|train_loss 0.00130623|val_loss 0.00129550
Epoch  66|time: 4.02s|train_loss 0.00101036|val_loss 0.00039785
Epoch  67|time: 3.48s|train_loss 0.00088869|val_loss 0.00056007
Epoch  68|time: 3.52s|train_loss 0.00116562|val_loss 0.00037312
Epoch  69|time: 3.53s|train_loss 0.00092023|val_loss 0.00037916
Epoch  70|time: 3.48s|train_loss 0.00083250|val_loss 0.00056660
Epoch  71|time: 3.71s|train_loss 0.00086762|val_loss 0.00050638
Epoch  72|time: 3.53s|train_loss 0.00132962|val_loss 0.00059655
Epoch  73|time: 3.43s|train_loss 0.00193410|val_loss 0.00110465
Epoch  74|time: 3.70s|train_loss 0.00133459|val_loss 0.00106811
Epoch  75|time: 3.59s|train_loss 0.00121795|val_loss 0.00039341
Epoch  76|time: 3.41s|train_loss 0.00085769|val_loss 0.00125557
Epoch  77|time: 3.48s|train_loss 0.00174125|val_loss 0.00098519
Epoch  78|time: 3.48s|train_loss 0.00496320|val_loss 0.00741516
Epoch  79|time: 3.60s|train_loss 0.00394858|val_loss 0.00176768
Epoch  80|time: 3.72s|train_loss 0.00268907|val_loss 0.00132499
Epoch  81|time: 3.51s|train_loss 0.00205449|val_loss 0.00100543
Epoch  82|time: 3.54s|train_loss 0.00195477|val_loss 0.00052954
Epoch  83|time: 3.65s|train_loss 0.00147196|val_loss 0.00161595
Epoch  84|time: 3.57s|train_loss 0.00122914|val_loss 0.00059523
Epoch  85|time: 3.70s|train_loss 0.00098685|val_loss 0.00100586
Epoch  86|time: 3.49s|train_loss 0.00118096|val_loss 0.00131816
Epoch  87|time: 3.49s|train_loss 0.00157322|val_loss 0.00056742
Epoch  88|time: 3.60s|train_loss 0.00132423|val_loss 0.00043685
Epoch  89|time: 3.64s|train_loss 0.00141629|val_loss 0.00096333
Epoch  90|time: 3.49s|train_loss 0.00095763|val_loss 0.00077209
Epoch  91|time: 3.64s|train_loss 0.00099359|val_loss 0.00053711
Epoch  92|time: 3.51s|train_loss 0.00101024|val_loss 0.00074503
Epoch  93|time: 3.64s|train_loss 0.00122586|val_loss 0.00117774
Epoch  94|time: 3.65s|train_loss 0.00126858|val_loss 0.00109205
Epoch  95|time: 3.49s|train_loss 0.00123341|val_loss 0.00056426
Epoch  96|time: 3.55s|train_loss 0.00102150|val_loss 0.00130752
Epoch  97|time: 3.48s|train_loss 0.00127873|val_loss 0.00137546
Epoch  98|time: 3.59s|train_loss 0.00166064|val_loss 0.00039327
Epoch  99|time: 3.74s|train_loss 0.00127792|val_loss 0.00101515
Epoch 100|time: 3.63s|train_loss 0.00145388|val_loss 0.00071069
Epoch 101|time: 3.48s|train_loss 0.00135498|val_loss 0.00040130
Epoch 102|time: 3.68s|train_loss 0.00096648|val_loss 0.00063770
Epoch 103|time: 3.62s|train_loss 0.00095490|val_loss 0.00040525
Epoch 104|time: 3.49s|train_loss 0.00103731|val_loss 0.00037079
Epoch 105|time: 3.74s|train_loss 0.00132434|val_loss 0.00053891
Epoch 106|time: 3.55s|train_loss 0.00123339|val_loss 0.00130822
Epoch 107|time: 3.54s|train_loss 0.00106435|val_loss 0.00041307
Epoch 108|time: 3.65s|train_loss 0.00095359|val_loss 0.00072206
Epoch 109|time: 3.49s|train_loss 0.00110327|val_loss 0.00049377
Epoch 110|time: 3.63s|train_loss 0.00166504|val_loss 0.00102373
Epoch 111|time: 3.60s|train_loss 0.00125473|val_loss 0.00072330
Epoch 112|time: 3.54s|train_loss 0.00123585|val_loss 0.00114182
Epoch 113|time: 3.59s|train_loss 0.00131646|val_loss 0.00136673
Epoch 114|time: 3.54s|train_loss 0.00181794|val_loss 0.00339973
Epoch 115|time: 3.48s|train_loss 0.00255622|val_loss 0.00311551
Epoch 116|time: 3.71s|train_loss 0.00286609|val_loss 0.00077176
Epoch 117|time: 3.85s|train_loss 0.00145456|val_loss 0.00083043
Epoch 118|time: 3.55s|train_loss 0.00141498|val_loss 0.00136138
Epoch 119|time: 3.70s|train_loss 0.00140505|val_loss 0.00073985
Epoch 120|time: 3.51s|train_loss 0.00092628|val_loss 0.00040171
Epoch 121|time: 2.52s|train_loss 0.00102408|val_loss 0.00051789
Epoch 122|time: 2.74s|train_loss 0.00131968|val_loss 0.00046429
Epoch 123|time: 3.72s|train_loss 0.00100003|val_loss 0.00038658
Epoch 124|time: 3.52s|train_loss 0.00111865|val_loss 0.00096462
Epoch 125|time: 3.83s|train_loss 0.00133694|val_loss 0.00086688
Epoch 126|time: 3.59s|train_loss 0.00180549|val_loss 0.00177565
Epoch 127|time: 3.68s|train_loss 0.00179682|val_loss 0.00221215
Epoch 128|time: 3.57s|train_loss 0.00200684|val_loss 0.00186726
Epoch 129|time: 3.48s|train_loss 0.00127033|val_loss 0.00051127
Epoch 130|time: 3.74s|train_loss 0.00110833|val_loss 0.00044027
Epoch 131|time: 3.68s|train_loss 0.00149234|val_loss 0.00193923
Epoch 132|time: 3.55s|train_loss 0.00190401|val_loss 0.00041767
Epoch 133|time: 3.66s|train_loss 0.00134420|val_loss 0.00040161
Epoch 134|time: 3.74s|train_loss 0.00154244|val_loss 0.00215127
Epoch 135|time: 3.59s|train_loss 0.00199406|val_loss 0.00060665
Epoch 136|time: 3.66s|train_loss 0.00183822|val_loss 0.00128970
Epoch 137|time: 3.52s|train_loss 0.00156732|val_loss 0.00050721
Epoch 138|time: 3.66s|train_loss 0.00149039|val_loss 0.00204666
Epoch 139|time: 3.69s|train_loss 0.00208815|val_loss 0.00204778
Epoch 140|time: 3.57s|train_loss 0.00189192|val_loss 0.00102938
Epoch 141|time: 3.55s|train_loss 0.00192889|val_loss 0.00058263
Epoch 142|time: 3.60s|train_loss 0.00201380|val_loss 0.00074621
Epoch 143|time: 3.57s|train_loss 0.00240208|val_loss 0.00316390
Epoch 144|time: 3.72s|train_loss 0.00275093|val_loss 0.00241361
Epoch 145|time: 3.55s|train_loss 0.00171451|val_loss 0.00085014
Epoch 146|time: 3.75s|train_loss 0.00168134|val_loss 0.00196936
Epoch 147|time: 3.72s|train_loss 0.00219443|val_loss 0.00142858
Epoch 148|time: 3.55s|train_loss 0.00210729|val_loss 0.00106609
Epoch 149|time: 3.65s|train_loss 0.00162389|val_loss 0.00155479
Epoch 150|time: 3.57s|train_loss 0.00146241|val_loss 0.00042708
Epoch 151|time: 3.76s|train_loss 0.00099350|val_loss 0.00082367
Epoch 152|time: 3.72s|train_loss 0.00097493|val_loss 0.00062044
Epoch 153|time: 3.67s|train_loss 0.00096736|val_loss 0.00068551
Epoch 154|time: 3.59s|train_loss 0.00116639|val_loss 0.00091190
Epoch 155|time: 3.85s|train_loss 0.00100319|val_loss 0.00075566
Epoch 156|time: 3.57s|train_loss 0.00099587|val_loss 0.00069570
Epoch 157|time: 3.48s|train_loss 0.00119314|val_loss 0.00115203
Epoch 158|time: 3.79s|train_loss 0.00111175|val_loss 0.00043227
Epoch 159|time: 3.48s|train_loss 0.00090221|val_loss 0.00061725
Epoch 160|time: 3.55s|train_loss 0.00090252|val_loss 0.00035564
Epoch 161|time: 3.68s|train_loss 0.00089560|val_loss 0.00069880
Epoch 162|time: 3.44s|train_loss 0.00092234|val_loss 0.00045816
Epoch 163|time: 3.79s|train_loss 0.00094625|val_loss 0.00045017
Epoch 164|time: 3.56s|train_loss 0.00087683|val_loss 0.00044344
Epoch 165|time: 3.50s|train_loss 0.00090847|val_loss 0.00056914
Epoch 166|time: 3.64s|train_loss 0.00097269|val_loss 0.00037094
Epoch 167|time: 3.73s|train_loss 0.00101611|val_loss 0.00068184
Epoch 168|time: 3.53s|train_loss 0.00174025|val_loss 0.00193764
Epoch 169|time: 3.60s|train_loss 0.00192883|val_loss 0.00172986
Epoch 170|time: 3.54s|train_loss 0.00201761|val_loss 0.00177858
Epoch 171|time: 3.64s|train_loss 0.00132669|val_loss 0.00061784
Epoch 172|time: 3.50s|train_loss 0.00151056|val_loss 0.00211280
Epoch 173|time: 3.57s|train_loss 0.00200779|val_loss 0.00207551
Epoch 174|time: 3.60s|train_loss 0.00143867|val_loss 0.00081429
Epoch 175|time: 3.60s|train_loss 0.00110283|val_loss 0.00093396
Epoch 176|time: 3.66s|train_loss 0.00135172|val_loss 0.00088778
Epoch 177|time: 3.67s|train_loss 0.00161535|val_loss 0.00233511
Epoch 178|time: 3.50s|train_loss 0.00278502|val_loss 0.00095602
Epoch 179|time: 3.54s|train_loss 0.00266099|val_loss 0.00160264
Epoch 180|time: 3.59s|train_loss 0.00141153|val_loss 0.00072236
Epoch 181|time: 3.58s|train_loss 0.00107012|val_loss 0.00084297
Epoch 182|time: 3.53s|train_loss 0.00118904|val_loss 0.00195329
Epoch 183|time: 3.50s|train_loss 0.00195080|val_loss 0.00187999
Epoch 184|time: 4.23s|train_loss 0.00182618|val_loss 0.00048103
Epoch 185|time: 4.87s|train_loss 0.00142645|val_loss 0.00106269
Epoch 186|time: 3.63s|train_loss 0.00131138|val_loss 0.00163015
Epoch 187|time: 3.91s|train_loss 0.00132415|val_loss 0.00118096
Epoch 188|time: 3.69s|train_loss 0.00140756|val_loss 0.00041661
Epoch 189|time: 3.60s|train_loss 0.00095535|val_loss 0.00050121
Epoch 190|time: 3.52s|train_loss 0.00094114|val_loss 0.00039118
Epoch 191|time: 3.77s|train_loss 0.00086564|val_loss 0.00047037
Epoch 192|time: 3.51s|train_loss 0.00099608|val_loss 0.00103742
Epoch 193|time: 3.63s|train_loss 0.00117812|val_loss 0.00101896
Epoch 194|time: 3.49s|train_loss 0.00108158|val_loss 0.00120183
Epoch 195|time: 3.58s|train_loss 0.00115774|val_loss 0.00046236
Epoch 196|time: 3.61s|train_loss 0.00096132|val_loss 0.00111451
Epoch 197|time: 3.51s|train_loss 0.00139088|val_loss 0.00114389
Epoch 198|time: 3.51s|train_loss 0.00145558|val_loss 0.00048489
Epoch 199|time: 3.82s|train_loss 0.00184777|val_loss 0.00088636
Epoch 200|time: 3.76s|train_loss 0.00142272|val_loss 0.00140779
Epoch 201|time: 3.52s|train_loss 0.00129300|val_loss 0.00095463
Epoch 202|time: 3.69s|train_loss 0.00100476|val_loss 0.00038224
Epoch 203|time: 3.56s|train_loss 0.00091598|val_loss 0.00036486
Epoch 204|time: 3.65s|train_loss 0.00093647|val_loss 0.00081070
Epoch 205|time: 3.53s|train_loss 0.00087332|val_loss 0.00036808
Epoch 206|time: 3.55s|train_loss 0.00084830|val_loss 0.00036393
Epoch 207|time: 3.65s|train_loss 0.00091578|val_loss 0.00078159
Epoch 208|time: 3.52s|train_loss 0.00097646|val_loss 0.00036331
Epoch 209|time: 3.61s|train_loss 0.00084982|val_loss 0.00034361
Epoch 210|time: 3.62s|train_loss 0.00086995|val_loss 0.00037538
Epoch 211|time: 3.55s|train_loss 0.00092070|val_loss 0.00037222
Epoch 212|time: 3.59s|train_loss 0.00089370|val_loss 0.00043762
Epoch 213|time: 3.75s|train_loss 0.00123510|val_loss 0.00066178
Epoch 214|time: 3.53s|train_loss 0.00117820|val_loss 0.00061969
Epoch 215|time: 3.52s|train_loss 0.00119533|val_loss 0.00038496
Epoch 216|time: 3.68s|train_loss 0.00084251|val_loss 0.00039125
Epoch 217|time: 3.69s|train_loss 0.00080144|val_loss 0.00035377
Epoch 218|time: 3.84s|train_loss 0.00081091|val_loss 0.00049448
Epoch 219|time: 3.66s|train_loss 0.00110696|val_loss 0.00035825
Epoch 220|time: 4.00s|train_loss 0.00084049|val_loss 0.00065121
Epoch 221|time: 4.54s|train_loss 0.00092452|val_loss 0.00114931
Epoch 222|time: 4.55s|train_loss 0.00163402|val_loss 0.00067947
Epoch 223|time: 3.74s|train_loss 0.00145056|val_loss 0.00074516
Epoch 224|time: 3.57s|train_loss 0.00128272|val_loss 0.00060865
Epoch 225|time: 3.68s|train_loss 0.00131310|val_loss 0.00084063
Epoch 226|time: 3.59s|train_loss 0.00130073|val_loss 0.00061523
Epoch 227|time: 3.68s|train_loss 0.00130520|val_loss 0.00038349
Epoch 228|time: 4.15s|train_loss 0.00131514|val_loss 0.00051137
Epoch 229|time: 4.11s|train_loss 0.00207133|val_loss 0.00043384
Epoch 230|time: 3.71s|train_loss 0.00161742|val_loss 0.00218602
Epoch 231|time: 3.87s|train_loss 0.00220831|val_loss 0.00294010
Epoch 232|time: 3.76s|train_loss 0.00186469|val_loss 0.00077705
Epoch 233|time: 3.61s|train_loss 0.00109239|val_loss 0.00042760
Epoch 234|time: 3.67s|train_loss 0.00081671|val_loss 0.00041221
Epoch 235|time: 3.55s|train_loss 0.00099692|val_loss 0.00075137
Epoch 236|time: 3.66s|train_loss 0.00123027|val_loss 0.00095971
Epoch 237|time: 3.75s|train_loss 0.00123757|val_loss 0.00091698
Epoch 238|time: 3.65s|train_loss 0.00117378|val_loss 0.00129399
Epoch 239|time: 3.68s|train_loss 0.00117314|val_loss 0.00040598
Epoch 240|time: 3.62s|train_loss 0.00097343|val_loss 0.00085901
Epoch 241|time: 3.73s|train_loss 0.00095969|val_loss 0.00050595
Epoch 242|time: 3.73s|train_loss 0.00110447|val_loss 0.00100345
Epoch 243|time: 3.60s|train_loss 0.00118124|val_loss 0.00045239
Final evaluation
TEST MAE 0.3433 | std 0.1269 | RMSE 0.4877 | RMSEs 0.4557 | PCC 0.8630 | PCCs 0.8848 | R2 0.7329 | R2s 0.6128 | Var 0.7330 | Vars 0.7056 | Peak 0.1887
