--------Parameters--------
Namespace(batch=32, bi=False, check_point=1, cuda=False, dataset='us_hhs', dropout=0.2, epilambda=0.5, epochs=500, gpu=3, hidsp=15, horizon=1, k=10, lamda=0.01, lr=0.001, model='cola_gnn_epi', mylog=False, n_hidden=20, n_layer=1, patience=200, rnn_model='RNN', save_dir='save', seed=42, shuffle=False, sim_mat='us_hhs-adj', test=0.2, train=0.6, val=0.2, weight_decay=0.0005, window=20)
--------------------------
data shape (364, 10)
size of train/val/test sets 198 73 73
#params: 5145
begin training
Epoch   1|time: 3.46s|train_loss 0.00548779|val_loss 0.00044507
Best validation epoch: 1 Mon May 22 16:17:04 2023
TEST MAE 0.4816 | std 0.1846 | RMSE 0.7120 | RMSEs 0.6720 | PCC 0.8804 | PCCs 0.8482 | R2 0.4305 | R2s 0.2163 | Var 0.6571 | Vars 0.5626 | Peak 0.3473
Epoch   2|time: 3.65s|train_loss 0.00383639|val_loss 0.00063356
Epoch   3|time: 3.77s|train_loss 0.00350345|val_loss 0.00033587
Best validation epoch: 3 Mon May 22 16:17:13 2023
TEST MAE 0.3656 | std 0.1361 | RMSE 0.5364 | RMSEs 0.5073 | PCC 0.9345 | PCCs 0.9139 | R2 0.6768 | R2s 0.5533 | Var 0.8148 | Vars 0.7651 | Peak 0.2428
Epoch   4|time: 3.29s|train_loss 0.00332184|val_loss 0.00023132
Best validation epoch: 4 Mon May 22 16:17:17 2023
TEST MAE 0.2411 | std 0.0840 | RMSE 0.3872 | RMSEs 0.3628 | PCC 0.9357 | PCCs 0.9170 | R2 0.8315 | R2s 0.7700 | Var 0.8502 | Vars 0.8012 | Peak 0.1531
Epoch   5|time: 3.24s|train_loss 0.00319407|val_loss 0.00023739
Epoch   6|time: 3.51s|train_loss 0.00310739|val_loss 0.00025070
Epoch   7|time: 3.23s|train_loss 0.00309065|val_loss 0.00018072
Best validation epoch: 7 Mon May 22 16:17:28 2023
TEST MAE 0.2247 | std 0.0603 | RMSE 0.3234 | RMSEs 0.3087 | PCC 0.9413 | PCCs 0.9242 | R2 0.8825 | R2s 0.8269 | Var 0.8848 | Vars 0.8441 | Peak 0.1181
Epoch   8|time: 3.21s|train_loss 0.00305642|val_loss 0.00018889
Epoch   9|time: 3.22s|train_loss 0.00305404|val_loss 0.00016524
Best validation epoch: 9 Mon May 22 16:17:35 2023
TEST MAE 0.1984 | std 0.0603 | RMSE 0.3069 | RMSEs 0.2901 | PCC 0.9465 | PCCs 0.9300 | R2 0.8942 | R2s 0.8493 | Var 0.8942 | Vars 0.8560 | Peak 0.1177
Epoch  10|time: 3.47s|train_loss 0.00301857|val_loss 0.00016843
Epoch  11|time: 3.26s|train_loss 0.00302988|val_loss 0.00016263
Best validation epoch: 11 Mon May 22 16:17:42 2023
TEST MAE 0.1969 | std 0.0579 | RMSE 0.3008 | RMSEs 0.2849 | PCC 0.9491 | PCCs 0.9331 | R2 0.8984 | R2s 0.8542 | Var 0.8985 | Vars 0.8615 | Peak 0.1138
Epoch  12|time: 3.31s|train_loss 0.00301379|val_loss 0.00016305
Epoch  13|time: 3.28s|train_loss 0.00298628|val_loss 0.00015420
Best validation epoch: 13 Mon May 22 16:17:50 2023
TEST MAE 0.1878 | std 0.0584 | RMSE 0.2927 | RMSEs 0.2767 | PCC 0.9512 | PCCs 0.9351 | R2 0.9038 | R2s 0.8628 | Var 0.9041 | Vars 0.8672 | Peak 0.1124
Epoch  14|time: 3.39s|train_loss 0.00296938|val_loss 0.00015405
Best validation epoch: 14 Mon May 22 16:17:54 2023
TEST MAE 0.1906 | std 0.0558 | RMSE 0.2904 | RMSEs 0.2758 | PCC 0.9518 | PCCs 0.9360 | R2 0.9052 | R2s 0.8626 | Var 0.9055 | Vars 0.8690 | Peak 0.1093
Epoch  15|time: 3.23s|train_loss 0.00296283|val_loss 0.00018630
Epoch  16|time: 3.28s|train_loss 0.00295788|val_loss 0.00015400
Best validation epoch: 16 Mon May 22 16:18:01 2023
TEST MAE 0.1921 | std 0.0553 | RMSE 0.2885 | RMSEs 0.2746 | PCC 0.9530 | PCCs 0.9375 | R2 0.9065 | R2s 0.8635 | Var 0.9077 | Vars 0.8720 | Peak 0.1077
Epoch  17|time: 3.57s|train_loss 0.00292693|val_loss 0.00015585
Epoch  18|time: 3.21s|train_loss 0.00290663|val_loss 0.00015010
Best validation epoch: 18 Mon May 22 16:18:09 2023
TEST MAE 0.1811 | std 0.0573 | RMSE 0.2859 | RMSEs 0.2701 | PCC 0.9548 | PCCs 0.9388 | R2 0.9082 | R2s 0.8696 | Var 0.9095 | Vars 0.8737 | Peak 0.1110
Epoch  19|time: 3.29s|train_loss 0.00291750|val_loss 0.00015853
Epoch  20|time: 3.29s|train_loss 0.00290261|val_loss 0.00015435
Epoch  21|time: 3.65s|train_loss 0.00289642|val_loss 0.00014756
Best validation epoch: 21 Mon May 22 16:18:20 2023
TEST MAE 0.1796 | std 0.0568 | RMSE 0.2796 | RMSEs 0.2647 | PCC 0.9557 | PCCs 0.9398 | R2 0.9122 | R2s 0.8742 | Var 0.9123 | Vars 0.8771 | Peak 0.1083
Epoch  22|time: 3.38s|train_loss 0.00287404|val_loss 0.00014863
Epoch  23|time: 3.27s|train_loss 0.00287271|val_loss 0.00014523
Best validation epoch: 23 Mon May 22 16:18:27 2023
TEST MAE 0.1778 | std 0.0562 | RMSE 0.2775 | RMSEs 0.2628 | PCC 0.9562 | PCCs 0.9402 | R2 0.9135 | R2s 0.8759 | Var 0.9138 | Vars 0.8785 | Peak 0.1078
Epoch  24|time: 3.25s|train_loss 0.00284958|val_loss 0.00014719
Epoch  25|time: 3.48s|train_loss 0.00285379|val_loss 0.00014556
Epoch  26|time: 3.36s|train_loss 0.00283668|val_loss 0.00014553
Epoch  27|time: 3.25s|train_loss 0.00283426|val_loss 0.00014678
Epoch  28|time: 3.39s|train_loss 0.00282074|val_loss 0.00014693
Epoch  29|time: 3.28s|train_loss 0.00280550|val_loss 0.00015826
Epoch  30|time: 3.27s|train_loss 0.00280468|val_loss 0.00014581
Epoch  31|time: 3.60s|train_loss 0.00280007|val_loss 0.00015013
Epoch  32|time: 3.24s|train_loss 0.00279838|val_loss 0.00014849
Epoch  33|time: 3.26s|train_loss 0.00278173|val_loss 0.00014930
Epoch  34|time: 3.28s|train_loss 0.00278826|val_loss 0.00015217
Epoch  35|time: 3.31s|train_loss 0.00277883|val_loss 0.00015371
Epoch  36|time: 3.26s|train_loss 0.00281501|val_loss 0.00014738
Epoch  37|time: 3.25s|train_loss 0.00275587|val_loss 0.00014671
Epoch  38|time: 3.47s|train_loss 0.00275498|val_loss 0.00014615
Epoch  39|time: 3.28s|train_loss 0.00277773|val_loss 0.00014153
Best validation epoch: 39 Mon May 22 16:19:21 2023
TEST MAE 0.1733 | std 0.0521 | RMSE 0.2680 | RMSEs 0.2548 | PCC 0.9590 | PCCs 0.9433 | R2 0.9193 | R2s 0.8829 | Var 0.9196 | Vars 0.8847 | Peak 0.1032
Epoch  40|time: 3.47s|train_loss 0.00276576|val_loss 0.00015125
Epoch  41|time: 3.20s|train_loss 0.00272057|val_loss 0.00014284
Epoch  42|time: 3.28s|train_loss 0.00273217|val_loss 0.00014483
Epoch  43|time: 3.33s|train_loss 0.00274155|val_loss 0.00015638
Epoch  44|time: 3.30s|train_loss 0.00272208|val_loss 0.00014820
Epoch  45|time: 3.38s|train_loss 0.00271131|val_loss 0.00014569
Epoch  46|time: 3.42s|train_loss 0.00268568|val_loss 0.00014252
Epoch  47|time: 3.22s|train_loss 0.00268355|val_loss 0.00014229
Epoch  48|time: 3.28s|train_loss 0.00268719|val_loss 0.00016691
Epoch  49|time: 3.52s|train_loss 0.00270072|val_loss 0.00014954
Epoch  50|time: 3.23s|train_loss 0.00270049|val_loss 0.00014313
Epoch  51|time: 3.25s|train_loss 0.00270001|val_loss 0.00015477
Epoch  52|time: 3.29s|train_loss 0.00266843|val_loss 0.00014228
Epoch  53|time: 3.25s|train_loss 0.00265870|val_loss 0.00014058
Best validation epoch: 53 Mon May 22 16:20:09 2023
TEST MAE 0.1719 | std 0.0498 | RMSE 0.2635 | RMSEs 0.2511 | PCC 0.9604 | PCCs 0.9447 | R2 0.9220 | R2s 0.8856 | Var 0.9223 | Vars 0.8871 | Peak 0.1002
Epoch  54|time: 3.49s|train_loss 0.00266532|val_loss 0.00013974
Best validation epoch: 54 Mon May 22 16:20:13 2023
TEST MAE 0.1714 | std 0.0498 | RMSE 0.2634 | RMSEs 0.2511 | PCC 0.9604 | PCCs 0.9446 | R2 0.9221 | R2s 0.8856 | Var 0.9223 | Vars 0.8869 | Peak 0.1006
Epoch  55|time: 3.21s|train_loss 0.00264905|val_loss 0.00014965
Epoch  56|time: 3.26s|train_loss 0.00270800|val_loss 0.00015120
Epoch  57|time: 3.33s|train_loss 0.00275598|val_loss 0.00014129
Epoch  58|time: 3.32s|train_loss 0.00273257|val_loss 0.00014355
Epoch  59|time: 3.28s|train_loss 0.00267864|val_loss 0.00014355
Epoch  60|time: 3.44s|train_loss 0.00264370|val_loss 0.00015894
Epoch  61|time: 3.27s|train_loss 0.00273171|val_loss 0.00014191
Epoch  62|time: 3.21s|train_loss 0.00272382|val_loss 0.00014943
Epoch  63|time: 3.47s|train_loss 0.00274652|val_loss 0.00016015
Epoch  64|time: 3.31s|train_loss 0.00264107|val_loss 0.00013927
Best validation epoch: 64 Mon May 22 16:20:47 2023
TEST MAE 0.1698 | std 0.0483 | RMSE 0.2602 | RMSEs 0.2484 | PCC 0.9617 | PCCs 0.9459 | R2 0.9239 | R2s 0.8879 | Var 0.9248 | Vars 0.8898 | Peak 0.0995
Epoch  65|time: 3.29s|train_loss 0.00266975|val_loss 0.00013927
Epoch  66|time: 3.39s|train_loss 0.00271349|val_loss 0.00014819
Epoch  67|time: 3.38s|train_loss 0.00271431|val_loss 0.00014754
Epoch  68|time: 3.25s|train_loss 0.00268275|val_loss 0.00013949
Epoch  69|time: 3.27s|train_loss 0.00262418|val_loss 0.00013924
Best validation epoch: 69 Mon May 22 16:21:04 2023
TEST MAE 0.1685 | std 0.0488 | RMSE 0.2598 | RMSEs 0.2477 | PCC 0.9617 | PCCs 0.9462 | R2 0.9242 | R2s 0.8887 | Var 0.9248 | Vars 0.8904 | Peak 0.0998
Epoch  70|time: 3.42s|train_loss 0.00269177|val_loss 0.00014649
Epoch  71|time: 3.51s|train_loss 0.00272217|val_loss 0.00014144
Epoch  72|time: 3.51s|train_loss 0.00267264|val_loss 0.00013907
Best validation epoch: 72 Mon May 22 16:21:15 2023
TEST MAE 0.1682 | std 0.0473 | RMSE 0.2575 | RMSEs 0.2461 | PCC 0.9621 | PCCs 0.9464 | R2 0.9255 | R2s 0.8896 | Var 0.9255 | Vars 0.8911 | Peak 0.0969
Epoch  73|time: 3.41s|train_loss 0.00266451|val_loss 0.00014308
Epoch  74|time: 3.40s|train_loss 0.00267252|val_loss 0.00014291
Epoch  75|time: 3.57s|train_loss 0.00267251|val_loss 0.00013770
Best validation epoch: 75 Mon May 22 16:21:26 2023
TEST MAE 0.1671 | std 0.0466 | RMSE 0.2559 | RMSEs 0.2447 | PCC 0.9625 | PCCs 0.9467 | R2 0.9264 | R2s 0.8907 | Var 0.9264 | Vars 0.8918 | Peak 0.0964
Epoch  76|time: 3.49s|train_loss 0.00265363|val_loss 0.00013817
Epoch  77|time: 3.51s|train_loss 0.00264636|val_loss 0.00014014
Epoch  78|time: 3.28s|train_loss 0.00265230|val_loss 0.00015522
Epoch  79|time: 3.19s|train_loss 0.00265283|val_loss 0.00014153
Epoch  80|time: 3.39s|train_loss 0.00263881|val_loss 0.00014220
Epoch  81|time: 3.34s|train_loss 0.00263123|val_loss 0.00014002
Epoch  82|time: 3.22s|train_loss 0.00262632|val_loss 0.00014147
Epoch  83|time: 3.37s|train_loss 0.00262536|val_loss 0.00014063
Epoch  84|time: 3.28s|train_loss 0.00263098|val_loss 0.00013752
Best validation epoch: 84 Mon May 22 16:21:57 2023
TEST MAE 0.1662 | std 0.0460 | RMSE 0.2545 | RMSEs 0.2436 | PCC 0.9632 | PCCs 0.9470 | R2 0.9272 | R2s 0.8917 | Var 0.9277 | Vars 0.8930 | Peak 0.0969
Epoch  85|time: 3.26s|train_loss 0.00261624|val_loss 0.00013951
Epoch  86|time: 3.28s|train_loss 0.00260928|val_loss 0.00014354
Epoch  87|time: 3.27s|train_loss 0.00262046|val_loss 0.00014121
Epoch  88|time: 3.34s|train_loss 0.00261276|val_loss 0.00014104
Epoch  89|time: 3.41s|train_loss 0.00260613|val_loss 0.00013829
Epoch  90|time: 3.24s|train_loss 0.00261552|val_loss 0.00013648
Best validation epoch: 90 Mon May 22 16:22:18 2023
TEST MAE 0.1670 | std 0.0466 | RMSE 0.2549 | RMSEs 0.2439 | PCC 0.9630 | PCCs 0.9469 | R2 0.9270 | R2s 0.8914 | Var 0.9274 | Vars 0.8925 | Peak 0.0971
Epoch  91|time: 3.15s|train_loss 0.00260547|val_loss 0.00015505
Epoch  92|time: 3.35s|train_loss 0.00260523|val_loss 0.00013863
Epoch  93|time: 3.27s|train_loss 0.00259392|val_loss 0.00013949
Epoch  94|time: 3.16s|train_loss 0.00260014|val_loss 0.00013609
Best validation epoch: 94 Mon May 22 16:22:32 2023
TEST MAE 0.1648 | std 0.0456 | RMSE 0.2524 | RMSEs 0.2416 | PCC 0.9637 | PCCs 0.9478 | R2 0.9284 | R2s 0.8933 | Var 0.9287 | Vars 0.8944 | Peak 0.0958
Epoch  95|time: 3.12s|train_loss 0.00258685|val_loss 0.00013622
Epoch  96|time: 3.28s|train_loss 0.00258600|val_loss 0.00013787
Epoch  97|time: 3.14s|train_loss 0.00260028|val_loss 0.00013764
Epoch  98|time: 3.25s|train_loss 0.00258449|val_loss 0.00014799
Epoch  99|time: 3.28s|train_loss 0.00258584|val_loss 0.00013487
Best validation epoch: 99 Mon May 22 16:22:49 2023
TEST MAE 0.1652 | std 0.0455 | RMSE 0.2523 | RMSEs 0.2419 | PCC 0.9636 | PCCs 0.9476 | R2 0.9285 | R2s 0.8927 | Var 0.9285 | Vars 0.8938 | Peak 0.0944
Epoch 100|time: 3.32s|train_loss 0.00259799|val_loss 0.00013525
Epoch 101|time: 3.13s|train_loss 0.00258136|val_loss 0.00013672
Epoch 102|time: 3.34s|train_loss 0.00258528|val_loss 0.00013877
Epoch 103|time: 4.05s|train_loss 0.00258012|val_loss 0.00014546
Epoch 104|time: 3.68s|train_loss 0.00258104|val_loss 0.00015111
Epoch 105|time: 3.29s|train_loss 0.00256099|val_loss 0.00013514
Epoch 106|time: 3.53s|train_loss 0.00256267|val_loss 0.00013453
Best validation epoch: 106 Mon May 22 16:23:14 2023
TEST MAE 0.1643 | std 0.0450 | RMSE 0.2510 | RMSEs 0.2408 | PCC 0.9640 | PCCs 0.9480 | R2 0.9292 | R2s 0.8937 | Var 0.9292 | Vars 0.8948 | Peak 0.0938
Epoch 107|time: 3.25s|train_loss 0.00256362|val_loss 0.00013566
Epoch 108|time: 4.03s|train_loss 0.00256204|val_loss 0.00014730
Epoch 109|time: 3.70s|train_loss 0.00255838|val_loss 0.00013597
Epoch 110|time: 3.30s|train_loss 0.00254906|val_loss 0.00013528
Epoch 111|time: 3.41s|train_loss 0.00254995|val_loss 0.00014002
Epoch 112|time: 3.60s|train_loss 0.00254981|val_loss 0.00013514
Epoch 113|time: 3.53s|train_loss 0.00254876|val_loss 0.00013521
Epoch 114|time: 3.41s|train_loss 0.00254379|val_loss 0.00013519
Epoch 115|time: 3.45s|train_loss 0.00254973|val_loss 0.00013507
Epoch 116|time: 3.73s|train_loss 0.00255207|val_loss 0.00014123
Epoch 117|time: 3.69s|train_loss 0.00254444|val_loss 0.00013543
Epoch 118|time: 3.83s|train_loss 0.00254396|val_loss 0.00013691
Epoch 119|time: 3.93s|train_loss 0.00252765|val_loss 0.00013498
Epoch 120|time: 4.19s|train_loss 0.00253715|val_loss 0.00013664
Epoch 121|time: 3.94s|train_loss 0.00257561|val_loss 0.00013786
Epoch 122|time: 4.28s|train_loss 0.00254359|val_loss 0.00014220
Epoch 123|time: 3.52s|train_loss 0.00253493|val_loss 0.00015064
Epoch 124|time: 3.66s|train_loss 0.00253095|val_loss 0.00013651
Epoch 125|time: 3.47s|train_loss 0.00252318|val_loss 0.00013978
Epoch 126|time: 3.54s|train_loss 0.00252175|val_loss 0.00013493
Epoch 127|time: 3.69s|train_loss 0.00252958|val_loss 0.00013559
Epoch 128|time: 4.09s|train_loss 0.00251856|val_loss 0.00013577
Epoch 129|time: 4.01s|train_loss 0.00251683|val_loss 0.00013541
Epoch 130|time: 4.15s|train_loss 0.00251276|val_loss 0.00013460
Epoch 131|time: 3.94s|train_loss 0.00251876|val_loss 0.00014798
Epoch 132|time: 4.11s|train_loss 0.00250662|val_loss 0.00014291
Epoch 133|time: 3.69s|train_loss 0.00251343|val_loss 0.00013635
Epoch 134|time: 3.58s|train_loss 0.00253686|val_loss 0.00014283
Epoch 135|time: 3.96s|train_loss 0.00250389|val_loss 0.00013514
Epoch 136|time: 3.74s|train_loss 0.00250665|val_loss 0.00013894
Epoch 137|time: 3.97s|train_loss 0.00249951|val_loss 0.00013712
Epoch 138|time: 3.76s|train_loss 0.00251144|val_loss 0.00013980
Epoch 139|time: 3.61s|train_loss 0.00250679|val_loss 0.00013894
Epoch 140|time: 3.73s|train_loss 0.00250026|val_loss 0.00013510
Epoch 141|time: 3.66s|train_loss 0.00249204|val_loss 0.00013885
Epoch 142|time: 3.64s|train_loss 0.00250482|val_loss 0.00015622
Epoch 143|time: 3.66s|train_loss 0.00249901|val_loss 0.00015944
Epoch 144|time: 3.62s|train_loss 0.00249170|val_loss 0.00013550
Epoch 145|time: 3.69s|train_loss 0.00249061|val_loss 0.00013619
Epoch 146|time: 3.71s|train_loss 0.00251540|val_loss 0.00014002
Epoch 147|time: 3.59s|train_loss 0.00248457|val_loss 0.00013347
Best validation epoch: 147 Mon May 22 16:25:48 2023
TEST MAE 0.1632 | std 0.0443 | RMSE 0.2485 | RMSEs 0.2387 | PCC 0.9647 | PCCs 0.9486 | R2 0.9306 | R2s 0.8951 | Var 0.9306 | Vars 0.8962 | Peak 0.0922
Epoch 148|time: 3.66s|train_loss 0.00250041|val_loss 0.00013990
Epoch 149|time: 3.75s|train_loss 0.00247602|val_loss 0.00013706
Epoch 150|time: 3.53s|train_loss 0.00248035|val_loss 0.00013836
Epoch 151|time: 3.75s|train_loss 0.00248423|val_loss 0.00013552
Epoch 152|time: 3.61s|train_loss 0.00247589|val_loss 0.00013692
Epoch 153|time: 3.73s|train_loss 0.00247622|val_loss 0.00013650
Epoch 154|time: 3.60s|train_loss 0.00247341|val_loss 0.00013680
Epoch 155|time: 3.63s|train_loss 0.00246862|val_loss 0.00013391
Epoch 156|time: 3.82s|train_loss 0.00246780|val_loss 0.00013757
Epoch 157|time: 3.72s|train_loss 0.00246450|val_loss 0.00014293
Epoch 158|time: 3.56s|train_loss 0.00247881|val_loss 0.00013746
Epoch 159|time: 3.73s|train_loss 0.00246703|val_loss 0.00013492
Epoch 160|time: 3.59s|train_loss 0.00244716|val_loss 0.00013359
Epoch 161|time: 3.54s|train_loss 0.00245109|val_loss 0.00013656
Epoch 162|time: 3.63s|train_loss 0.00246327|val_loss 0.00013477
Epoch 163|time: 3.69s|train_loss 0.00244426|val_loss 0.00013724
Epoch 164|time: 3.55s|train_loss 0.00245471|val_loss 0.00013490
Epoch 165|time: 3.74s|train_loss 0.00244174|val_loss 0.00013470
Epoch 166|time: 3.60s|train_loss 0.00246038|val_loss 0.00013721
Epoch 167|time: 3.66s|train_loss 0.00244481|val_loss 0.00013638
Epoch 168|time: 3.76s|train_loss 0.00244052|val_loss 0.00014619
Epoch 169|time: 3.58s|train_loss 0.00243406|val_loss 0.00013432
Epoch 170|time: 3.60s|train_loss 0.00242399|val_loss 0.00013485
Epoch 171|time: 3.59s|train_loss 0.00241900|val_loss 0.00013500
Epoch 172|time: 3.82s|train_loss 0.00242722|val_loss 0.00013699
Epoch 173|time: 3.69s|train_loss 0.00241760|val_loss 0.00013793
Epoch 174|time: 3.57s|train_loss 0.00241479|val_loss 0.00013463
Epoch 175|time: 3.64s|train_loss 0.00240530|val_loss 0.00013439
Epoch 176|time: 3.59s|train_loss 0.00240650|val_loss 0.00013471
Epoch 177|time: 3.65s|train_loss 0.00240187|val_loss 0.00013392
Epoch 178|time: 3.67s|train_loss 0.00239518|val_loss 0.00014417
Epoch 179|time: 3.68s|train_loss 0.00239518|val_loss 0.00013500
Epoch 180|time: 3.74s|train_loss 0.00238333|val_loss 0.00013364
Epoch 181|time: 3.84s|train_loss 0.00239095|val_loss 0.00013685
Epoch 182|time: 3.63s|train_loss 0.00241078|val_loss 0.00014043
Epoch 183|time: 3.58s|train_loss 0.00238045|val_loss 0.00013354
Epoch 184|time: 3.73s|train_loss 0.00238398|val_loss 0.00013580
Epoch 185|time: 3.59s|train_loss 0.00237679|val_loss 0.00013471
Epoch 186|time: 3.70s|train_loss 0.00238888|val_loss 0.00013648
Epoch 187|time: 3.68s|train_loss 0.00237712|val_loss 0.00014015
Epoch 188|time: 3.60s|train_loss 0.00235647|val_loss 0.00014615
Epoch 189|time: 3.85s|train_loss 0.00235764|val_loss 0.00013699
Epoch 190|time: 3.67s|train_loss 0.00237058|val_loss 0.00014138
Epoch 191|time: 3.79s|train_loss 0.00234566|val_loss 0.00013993
Epoch 192|time: 3.80s|train_loss 0.00233916|val_loss 0.00013448
Epoch 193|time: 3.60s|train_loss 0.00236361|val_loss 0.00013390
Epoch 194|time: 3.68s|train_loss 0.00234592|val_loss 0.00013377
Epoch 195|time: 4.02s|train_loss 0.00234223|val_loss 0.00013550
Epoch 196|time: 3.73s|train_loss 0.00232872|val_loss 0.00013470
Epoch 197|time: 3.62s|train_loss 0.00232922|val_loss 0.00013823
Epoch 198|time: 3.42s|train_loss 0.00233953|val_loss 0.00013590
Epoch 199|time: 3.33s|train_loss 0.00233091|val_loss 0.00013539
Epoch 200|time: 3.43s|train_loss 0.00229688|val_loss 0.00013422
Epoch 201|time: 3.27s|train_loss 0.00230241|val_loss 0.00013528
Epoch 202|time: 3.29s|train_loss 0.00228537|val_loss 0.00013437
Epoch 203|time: 3.29s|train_loss 0.00229183|val_loss 0.00013557
Epoch 204|time: 3.35s|train_loss 0.00231499|val_loss 0.00014628
Epoch 205|time: 3.58s|train_loss 0.00228275|val_loss 0.00013644
Epoch 206|time: 3.66s|train_loss 0.00228832|val_loss 0.00013785
Epoch 207|time: 3.38s|train_loss 0.00229312|val_loss 0.00014408
Epoch 208|time: 3.27s|train_loss 0.00231413|val_loss 0.00014556
Epoch 209|time: 3.53s|train_loss 0.00226274|val_loss 0.00013627
Epoch 210|time: 3.23s|train_loss 0.00226938|val_loss 0.00013847
Epoch 211|time: 3.25s|train_loss 0.00225613|val_loss 0.00013430
Epoch 212|time: 3.35s|train_loss 0.00224840|val_loss 0.00013389
Epoch 213|time: 3.35s|train_loss 0.00225157|val_loss 0.00013467
Epoch 214|time: 3.29s|train_loss 0.00226831|val_loss 0.00013329
Best validation epoch: 214 Mon May 22 16:29:50 2023
TEST MAE 0.1614 | std 0.0438 | RMSE 0.2457 | RMSEs 0.2362 | PCC 0.9655 | PCCs 0.9493 | R2 0.9322 | R2s 0.8970 | Var 0.9322 | Vars 0.8980 | Peak 0.0910
Epoch 215|time: 3.32s|train_loss 0.00224903|val_loss 0.00013348
Epoch 216|time: 3.29s|train_loss 0.00226765|val_loss 0.00013406
Epoch 217|time: 3.22s|train_loss 0.00224120|val_loss 0.00013649
Epoch 218|time: 3.39s|train_loss 0.00224619|val_loss 0.00014084
Epoch 219|time: 3.59s|train_loss 0.00224222|val_loss 0.00013464
Epoch 220|time: 3.59s|train_loss 0.00223980|val_loss 0.00013307
Best validation epoch: 220 Mon May 22 16:30:11 2023
TEST MAE 0.1619 | std 0.0435 | RMSE 0.2458 | RMSEs 0.2366 | PCC 0.9656 | PCCs 0.9495 | R2 0.9321 | R2s 0.8964 | Var 0.9323 | Vars 0.8981 | Peak 0.0901
Epoch 221|time: 3.36s|train_loss 0.00226982|val_loss 0.00013770
Epoch 222|time: 3.28s|train_loss 0.00224735|val_loss 0.00013381
Epoch 223|time: 3.42s|train_loss 0.00223690|val_loss 0.00013464
Epoch 224|time: 3.37s|train_loss 0.00221405|val_loss 0.00013441
Epoch 225|time: 3.26s|train_loss 0.00221688|val_loss 0.00013608
Epoch 226|time: 3.24s|train_loss 0.00223856|val_loss 0.00013439
Epoch 227|time: 3.35s|train_loss 0.00221662|val_loss 0.00014986
Epoch 228|time: 3.39s|train_loss 0.00221724|val_loss 0.00013471
Epoch 229|time: 3.28s|train_loss 0.00220002|val_loss 0.00013477
Epoch 230|time: 3.37s|train_loss 0.00222174|val_loss 0.00013416
Epoch 231|time: 3.28s|train_loss 0.00222176|val_loss 0.00014044
Epoch 232|time: 3.26s|train_loss 0.00219335|val_loss 0.00013395
Epoch 233|time: 3.57s|train_loss 0.00223093|val_loss 0.00013721
Epoch 234|time: 3.28s|train_loss 0.00219647|val_loss 0.00013292
Best validation epoch: 234 Mon May 22 16:30:58 2023
TEST MAE 0.1622 | std 0.0433 | RMSE 0.2457 | RMSEs 0.2366 | PCC 0.9656 | PCCs 0.9495 | R2 0.9322 | R2s 0.8964 | Var 0.9324 | Vars 0.8981 | Peak 0.0897
Epoch 235|time: 3.24s|train_loss 0.00221183|val_loss 0.00013269
Best validation epoch: 235 Mon May 22 16:31:02 2023
TEST MAE 0.1621 | std 0.0434 | RMSE 0.2458 | RMSEs 0.2367 | PCC 0.9656 | PCCs 0.9495 | R2 0.9321 | R2s 0.8963 | Var 0.9323 | Vars 0.8979 | Peak 0.0896
Epoch 236|time: 3.20s|train_loss 0.00218502|val_loss 0.00013379
Epoch 237|time: 3.26s|train_loss 0.00220138|val_loss 0.00015311
Epoch 238|time: 3.49s|train_loss 0.00223683|val_loss 0.00014263
Epoch 239|time: 3.26s|train_loss 0.00218672|val_loss 0.00013613
Epoch 240|time: 3.24s|train_loss 0.00221268|val_loss 0.00013332
Epoch 241|time: 3.49s|train_loss 0.00219332|val_loss 0.00013440
Epoch 242|time: 3.42s|train_loss 0.00220487|val_loss 0.00013446
Epoch 243|time: 3.27s|train_loss 0.00217724|val_loss 0.00013340
Epoch 244|time: 3.33s|train_loss 0.00217608|val_loss 0.00013447
Epoch 245|time: 3.23s|train_loss 0.00218680|val_loss 0.00013398
Epoch 246|time: 3.39s|train_loss 0.00219041|val_loss 0.00013507
Epoch 247|time: 3.37s|train_loss 0.00217668|val_loss 0.00013412
Epoch 248|time: 3.27s|train_loss 0.00218890|val_loss 0.00013361
Epoch 249|time: 3.26s|train_loss 0.00217762|val_loss 0.00013717
Epoch 250|time: 3.42s|train_loss 0.00217301|val_loss 0.00013876
Epoch 251|time: 3.23s|train_loss 0.00216312|val_loss 0.00014374
Epoch 252|time: 3.34s|train_loss 0.00216534|val_loss 0.00014590
Epoch 253|time: 3.30s|train_loss 0.00215258|val_loss 0.00013401
Epoch 254|time: 3.26s|train_loss 0.00215332|val_loss 0.00013311
Epoch 255|time: 3.28s|train_loss 0.00216789|val_loss 0.00013386
Epoch 256|time: 3.42s|train_loss 0.00214818|val_loss 0.00013328
Epoch 257|time: 3.19s|train_loss 0.00214758|val_loss 0.00013433
Epoch 258|time: 3.29s|train_loss 0.00216946|val_loss 0.00013350
Epoch 259|time: 3.68s|train_loss 0.00214261|val_loss 0.00013347
Epoch 260|time: 3.36s|train_loss 0.00215126|val_loss 0.00014416
Epoch 261|time: 3.22s|train_loss 0.00222448|val_loss 0.00013334
Epoch 262|time: 3.26s|train_loss 0.00213702|val_loss 0.00013595
Epoch 263|time: 3.27s|train_loss 0.00214983|val_loss 0.00013830
Epoch 264|time: 3.21s|train_loss 0.00216728|val_loss 0.00013379
Epoch 265|time: 3.36s|train_loss 0.00215587|val_loss 0.00013394
Epoch 266|time: 3.31s|train_loss 0.00217385|val_loss 0.00014727
Epoch 267|time: 3.23s|train_loss 0.00212033|val_loss 0.00013820
Epoch 268|time: 3.34s|train_loss 0.00213008|val_loss 0.00015274
Epoch 269|time: 3.42s|train_loss 0.00212470|val_loss 0.00014414
Epoch 270|time: 3.40s|train_loss 0.00211655|val_loss 0.00013949
Epoch 271|time: 3.26s|train_loss 0.00211455|val_loss 0.00013458
Epoch 272|time: 3.29s|train_loss 0.00209778|val_loss 0.00013888
Epoch 273|time: 3.20s|train_loss 0.00211030|val_loss 0.00013231
Best validation epoch: 273 Mon May 22 16:33:09 2023
TEST MAE 0.1615 | std 0.0436 | RMSE 0.2450 | RMSEs 0.2357 | PCC 0.9657 | PCCs 0.9495 | R2 0.9325 | R2s 0.8975 | Var 0.9325 | Vars 0.8986 | Peak 0.0908
Epoch 274|time: 3.55s|train_loss 0.00210563|val_loss 0.00013446
Epoch 275|time: 3.27s|train_loss 0.00208992|val_loss 0.00013513
Epoch 276|time: 3.20s|train_loss 0.00208626|val_loss 0.00013341
Epoch 277|time: 3.51s|train_loss 0.00210966|val_loss 0.00013695
Epoch 278|time: 3.31s|train_loss 0.00208636|val_loss 0.00013276
Epoch 279|time: 3.22s|train_loss 0.00209851|val_loss 0.00013432
Epoch 280|time: 3.38s|train_loss 0.00208698|val_loss 0.00013434
Epoch 281|time: 3.25s|train_loss 0.00207111|val_loss 0.00013605
Epoch 282|time: 3.24s|train_loss 0.00209238|val_loss 0.00013356
Epoch 283|time: 3.35s|train_loss 0.00209422|val_loss 0.00013807
Epoch 284|time: 3.31s|train_loss 0.00206772|val_loss 0.00013514
Epoch 285|time: 3.18s|train_loss 0.00208216|val_loss 0.00013712
Epoch 286|time: 3.19s|train_loss 0.00209211|val_loss 0.00013440
Epoch 287|time: 3.18s|train_loss 0.00207611|val_loss 0.00013382
Epoch 288|time: 3.26s|train_loss 0.00207244|val_loss 0.00013332
Epoch 289|time: 3.17s|train_loss 0.00211909|val_loss 0.00013299
Epoch 290|time: 3.18s|train_loss 0.00211249|val_loss 0.00013364
Epoch 291|time: 3.18s|train_loss 0.00205482|val_loss 0.00013996
Epoch 292|time: 3.25s|train_loss 0.00209812|val_loss 0.00013340
Epoch 293|time: 3.18s|train_loss 0.00204522|val_loss 0.00013341
Epoch 294|time: 3.18s|train_loss 0.00205966|val_loss 0.00013437
Epoch 295|time: 3.39s|train_loss 0.00205408|val_loss 0.00014195
Epoch 296|time: 3.30s|train_loss 0.00208062|val_loss 0.00013541
Epoch 297|time: 3.19s|train_loss 0.00207837|val_loss 0.00013615
Epoch 298|time: 3.32s|train_loss 0.00205330|val_loss 0.00013480
Epoch 299|time: 3.21s|train_loss 0.00206499|val_loss 0.00013567
Epoch 300|time: 3.19s|train_loss 0.00206059|val_loss 0.00013411
Epoch 301|time: 3.18s|train_loss 0.00204958|val_loss 0.00013377
Epoch 302|time: 3.32s|train_loss 0.00205205|val_loss 0.00013319
Epoch 303|time: 3.19s|train_loss 0.00203925|val_loss 0.00013331
Epoch 304|time: 3.24s|train_loss 0.00205578|val_loss 0.00013859
Epoch 305|time: 3.27s|train_loss 0.00203496|val_loss 0.00013834
Epoch 306|time: 3.34s|train_loss 0.00205287|val_loss 0.00013329
Epoch 307|time: 3.27s|train_loss 0.00203654|val_loss 0.00013332
Epoch 308|time: 3.29s|train_loss 0.00203993|val_loss 0.00013299
Epoch 309|time: 3.21s|train_loss 0.00208084|val_loss 0.00013840
Epoch 310|time: 3.25s|train_loss 0.00204709|val_loss 0.00013263
Epoch 311|time: 3.38s|train_loss 0.00204457|val_loss 0.00013797
Epoch 312|time: 3.23s|train_loss 0.00203230|val_loss 0.00013439
Epoch 313|time: 3.25s|train_loss 0.00203995|val_loss 0.00013250
Epoch 314|time: 2.77s|train_loss 0.00203004|val_loss 0.00013266
Epoch 315|time: 2.05s|train_loss 0.00203227|val_loss 0.00013331
Epoch 316|time: 2.10s|train_loss 0.00201151|val_loss 0.00013286
Epoch 317|time: 2.02s|train_loss 0.00204648|val_loss 0.00013317
Epoch 318|time: 2.00s|train_loss 0.00205645|val_loss 0.00013386
Epoch 319|time: 2.02s|train_loss 0.00202924|val_loss 0.00013374
Epoch 320|time: 2.09s|train_loss 0.00201970|val_loss 0.00013303
Epoch 321|time: 2.01s|train_loss 0.00203667|val_loss 0.00013389
Epoch 322|time: 2.02s|train_loss 0.00207341|val_loss 0.00013508
Epoch 323|time: 3.23s|train_loss 0.00208175|val_loss 0.00013225
Best validation epoch: 323 Mon May 22 16:35:43 2023
TEST MAE 0.1611 | std 0.0437 | RMSE 0.2446 | RMSEs 0.2353 | PCC 0.9660 | PCCs 0.9502 | R2 0.9328 | R2s 0.8977 | Var 0.9330 | Vars 0.8996 | Peak 0.0892
Epoch 324|time: 3.68s|train_loss 0.00202521|val_loss 0.00014257
Epoch 325|time: 3.62s|train_loss 0.00206109|val_loss 0.00013323
Epoch 326|time: 3.79s|train_loss 0.00204922|val_loss 0.00013632
Epoch 327|time: 3.65s|train_loss 0.00199466|val_loss 0.00013443
Epoch 328|time: 3.64s|train_loss 0.00201977|val_loss 0.00014023
Epoch 329|time: 3.72s|train_loss 0.00200293|val_loss 0.00013557
Epoch 330|time: 3.78s|train_loss 0.00199198|val_loss 0.00013774
Epoch 331|time: 3.74s|train_loss 0.00201265|val_loss 0.00013877
Epoch 332|time: 3.59s|train_loss 0.00206980|val_loss 0.00014635
Epoch 333|time: 3.56s|train_loss 0.00205101|val_loss 0.00013327
Epoch 334|time: 3.75s|train_loss 0.00203632|val_loss 0.00013579
Epoch 335|time: 3.57s|train_loss 0.00201687|val_loss 0.00014622
Epoch 336|time: 3.59s|train_loss 0.00204100|val_loss 0.00013464
Epoch 337|time: 3.80s|train_loss 0.00199388|val_loss 0.00014111
Epoch 338|time: 3.78s|train_loss 0.00200854|val_loss 0.00014084
Epoch 339|time: 3.61s|train_loss 0.00201917|val_loss 0.00013510
Epoch 340|time: 3.61s|train_loss 0.00199549|val_loss 0.00013976
Epoch 341|time: 3.57s|train_loss 0.00197936|val_loss 0.00013892
Epoch 342|time: 3.68s|train_loss 0.00200338|val_loss 0.00014912
Epoch 343|time: 3.72s|train_loss 0.00201925|val_loss 0.00014112
Epoch 344|time: 3.66s|train_loss 0.00200891|val_loss 0.00014346
Epoch 345|time: 3.62s|train_loss 0.00198527|val_loss 0.00013828
Epoch 346|time: 3.59s|train_loss 0.00198100|val_loss 0.00013691
Epoch 347|time: 3.67s|train_loss 0.00201231|val_loss 0.00014307
Epoch 348|time: 3.79s|train_loss 0.00200666|val_loss 0.00016621
Epoch 349|time: 3.59s|train_loss 0.00200299|val_loss 0.00014198
Epoch 350|time: 3.66s|train_loss 0.00203865|val_loss 0.00014098
Epoch 351|time: 3.61s|train_loss 0.00196059|val_loss 0.00013831
Epoch 352|time: 3.77s|train_loss 0.00199145|val_loss 0.00013672
Epoch 353|time: 3.64s|train_loss 0.00197966|val_loss 0.00013910
Epoch 354|time: 3.59s|train_loss 0.00200184|val_loss 0.00013999
Epoch 355|time: 3.63s|train_loss 0.00197666|val_loss 0.00013286
Epoch 356|time: 3.74s|train_loss 0.00197942|val_loss 0.00013620
Epoch 357|time: 3.65s|train_loss 0.00198910|val_loss 0.00014090
Epoch 358|time: 3.54s|train_loss 0.00195977|val_loss 0.00013572
Epoch 359|time: 3.56s|train_loss 0.00197419|val_loss 0.00013416
Epoch 360|time: 3.55s|train_loss 0.00199636|val_loss 0.00013316
Epoch 361|time: 3.53s|train_loss 0.00195104|val_loss 0.00013274
Epoch 362|time: 3.70s|train_loss 0.00198191|val_loss 0.00013247
Epoch 363|time: 3.55s|train_loss 0.00195356|val_loss 0.00013251
Epoch 364|time: 3.58s|train_loss 0.00194544|val_loss 0.00013285
Epoch 365|time: 3.54s|train_loss 0.00199363|val_loss 0.00013376
Epoch 366|time: 3.61s|train_loss 0.00196234|val_loss 0.00013297
Epoch 367|time: 3.78s|train_loss 0.00197536|val_loss 0.00013791
Epoch 368|time: 3.53s|train_loss 0.00195196|val_loss 0.00014160
Epoch 369|time: 3.54s|train_loss 0.00195022|val_loss 0.00013372
Epoch 370|time: 3.67s|train_loss 0.00194719|val_loss 0.00013518
Epoch 371|time: 3.64s|train_loss 0.00195335|val_loss 0.00014425
Epoch 372|time: 3.59s|train_loss 0.00195674|val_loss 0.00013911
Epoch 373|time: 3.75s|train_loss 0.00198776|val_loss 0.00013279
Epoch 374|time: 3.60s|train_loss 0.00198294|val_loss 0.00013473
Epoch 375|time: 3.57s|train_loss 0.00193206|val_loss 0.00013331
Epoch 376|time: 3.70s|train_loss 0.00193585|val_loss 0.00013365
Epoch 377|time: 3.59s|train_loss 0.00194412|val_loss 0.00013437
Epoch 378|time: 3.57s|train_loss 0.00196182|val_loss 0.00013358
Epoch 379|time: 3.53s|train_loss 0.00194339|val_loss 0.00013330
Epoch 380|time: 3.67s|train_loss 0.00194567|val_loss 0.00013473
Epoch 381|time: 3.75s|train_loss 0.00193307|val_loss 0.00013359
Epoch 382|time: 3.65s|train_loss 0.00193182|val_loss 0.00013274
Epoch 383|time: 3.58s|train_loss 0.00194798|val_loss 0.00013292
Epoch 384|time: 3.80s|train_loss 0.00195468|val_loss 0.00013369
Epoch 385|time: 3.61s|train_loss 0.00191663|val_loss 0.00013413
Epoch 386|time: 3.73s|train_loss 0.00196950|val_loss 0.00013254
Epoch 387|time: 3.59s|train_loss 0.00195897|val_loss 0.00013350
Epoch 388|time: 3.65s|train_loss 0.00194455|val_loss 0.00014020
Epoch 389|time: 3.80s|train_loss 0.00196073|val_loss 0.00013541
Epoch 390|time: 3.69s|train_loss 0.00194221|val_loss 0.00013401
Epoch 391|time: 3.67s|train_loss 0.00194894|val_loss 0.00013574
Epoch 392|time: 3.68s|train_loss 0.00191850|val_loss 0.00013452
Epoch 393|time: 3.65s|train_loss 0.00191031|val_loss 0.00013766
Epoch 394|time: 3.81s|train_loss 0.00194062|val_loss 0.00013880
Epoch 395|time: 3.58s|train_loss 0.00191463|val_loss 0.00014588
Epoch 396|time: 3.64s|train_loss 0.00194498|val_loss 0.00013699
Epoch 397|time: 3.71s|train_loss 0.00198172|val_loss 0.00013380
Epoch 398|time: 3.69s|train_loss 0.00190230|val_loss 0.00013364
Epoch 399|time: 3.66s|train_loss 0.00193174|val_loss 0.00014002
Epoch 400|time: 3.73s|train_loss 0.00193629|val_loss 0.00013529
Epoch 401|time: 3.67s|train_loss 0.00191001|val_loss 0.00013660
Epoch 402|time: 3.55s|train_loss 0.00191623|val_loss 0.00013510
Epoch 403|time: 3.67s|train_loss 0.00193314|val_loss 0.00014640
Epoch 404|time: 3.53s|train_loss 0.00191025|val_loss 0.00013678
Epoch 405|time: 3.54s|train_loss 0.00190983|val_loss 0.00013519
Epoch 406|time: 3.53s|train_loss 0.00190920|val_loss 0.00013355
Epoch 407|time: 3.55s|train_loss 0.00189317|val_loss 0.00013886
Epoch 408|time: 3.65s|train_loss 0.00189506|val_loss 0.00013299
Epoch 409|time: 3.54s|train_loss 0.00192467|val_loss 0.00013346
Epoch 410|time: 3.56s|train_loss 0.00188379|val_loss 0.00013379
Epoch 411|time: 3.67s|train_loss 0.00190093|val_loss 0.00013839
Epoch 412|time: 3.63s|train_loss 0.00197426|val_loss 0.00014291
Epoch 413|time: 3.56s|train_loss 0.00188386|val_loss 0.00013738
Epoch 414|time: 3.54s|train_loss 0.00190955|val_loss 0.00013737
Epoch 415|time: 3.55s|train_loss 0.00191312|val_loss 0.00013592
Epoch 416|time: 3.55s|train_loss 0.00188882|val_loss 0.00013988
Epoch 417|time: 3.72s|train_loss 0.00191172|val_loss 0.00013824
Epoch 418|time: 3.54s|train_loss 0.00190909|val_loss 0.00014288
Epoch 419|time: 3.59s|train_loss 0.00187295|val_loss 0.00013878
Epoch 420|time: 3.55s|train_loss 0.00188919|val_loss 0.00013330
Epoch 421|time: 3.54s|train_loss 0.00190665|val_loss 0.00013527
Epoch 422|time: 3.66s|train_loss 0.00196389|val_loss 0.00014129
Epoch 423|time: 3.56s|train_loss 0.00189689|val_loss 0.00014041
Epoch 424|time: 3.55s|train_loss 0.00193400|val_loss 0.00013618
Epoch 425|time: 3.61s|train_loss 0.00194738|val_loss 0.00014364
Epoch 426|time: 3.61s|train_loss 0.00195302|val_loss 0.00014209
Epoch 427|time: 3.59s|train_loss 0.00189722|val_loss 0.00014088
Epoch 428|time: 3.65s|train_loss 0.00189289|val_loss 0.00014281
Epoch 429|time: 3.56s|train_loss 0.00189552|val_loss 0.00013670
Epoch 430|time: 3.69s|train_loss 0.00185863|val_loss 0.00014705
Epoch 431|time: 3.57s|train_loss 0.00192634|val_loss 0.00014306
Epoch 432|time: 3.56s|train_loss 0.00187603|val_loss 0.00014607
Epoch 433|time: 3.57s|train_loss 0.00188968|val_loss 0.00013446
Epoch 434|time: 3.57s|train_loss 0.00185127|val_loss 0.00013957
Epoch 435|time: 3.54s|train_loss 0.00188189|val_loss 0.00013709
Epoch 436|time: 3.68s|train_loss 0.00184972|val_loss 0.00014055
Epoch 437|time: 3.56s|train_loss 0.00188407|val_loss 0.00013628
Epoch 438|time: 3.54s|train_loss 0.00192149|val_loss 0.00013793
Epoch 439|time: 3.65s|train_loss 0.00186980|val_loss 0.00013681
Epoch 440|time: 3.69s|train_loss 0.00188417|val_loss 0.00013876
Epoch 441|time: 3.54s|train_loss 0.00192075|val_loss 0.00014150
Epoch 442|time: 3.55s|train_loss 0.00197163|val_loss 0.00013893
Epoch 443|time: 3.55s|train_loss 0.00192227|val_loss 0.00013917
Epoch 444|time: 3.65s|train_loss 0.00188080|val_loss 0.00013393
Epoch 445|time: 3.56s|train_loss 0.00185661|val_loss 0.00013921
Epoch 446|time: 3.55s|train_loss 0.00185933|val_loss 0.00013682
Epoch 447|time: 3.54s|train_loss 0.00185931|val_loss 0.00013713
Epoch 448|time: 3.55s|train_loss 0.00187118|val_loss 0.00015316
Epoch 449|time: 3.53s|train_loss 0.00192545|val_loss 0.00014052
Epoch 450|time: 3.68s|train_loss 0.00189828|val_loss 0.00014794
Epoch 451|time: 3.54s|train_loss 0.00188926|val_loss 0.00014363
Epoch 452|time: 3.54s|train_loss 0.00191626|val_loss 0.00013700
Epoch 453|time: 3.57s|train_loss 0.00187114|val_loss 0.00013772
Epoch 454|time: 3.62s|train_loss 0.00185940|val_loss 0.00013436
Epoch 455|time: 3.54s|train_loss 0.00188685|val_loss 0.00013678
Epoch 456|time: 3.54s|train_loss 0.00189850|val_loss 0.00013563
Epoch 457|time: 3.54s|train_loss 0.00184782|val_loss 0.00013821
Epoch 458|time: 3.66s|train_loss 0.00186202|val_loss 0.00013412
Epoch 459|time: 3.61s|train_loss 0.00186995|val_loss 0.00013973
Epoch 460|time: 3.55s|train_loss 0.00190526|val_loss 0.00013406
Epoch 461|time: 3.65s|train_loss 0.00188156|val_loss 0.00013342
Epoch 462|time: 3.54s|train_loss 0.00185801|val_loss 0.00013688
Epoch 463|time: 3.63s|train_loss 0.00187111|val_loss 0.00013477
Epoch 464|time: 3.54s|train_loss 0.00184736|val_loss 0.00013386
Epoch 465|time: 3.54s|train_loss 0.00187547|val_loss 0.00014848
Epoch 466|time: 3.56s|train_loss 0.00193264|val_loss 0.00013426
Epoch 467|time: 3.67s|train_loss 0.00191165|val_loss 0.00013238
Epoch 468|time: 3.66s|train_loss 0.00183988|val_loss 0.00013452
Epoch 469|time: 3.55s|train_loss 0.00185050|val_loss 0.00013434
Epoch 470|time: 3.55s|train_loss 0.00186792|val_loss 0.00015722
Epoch 471|time: 3.54s|train_loss 0.00192037|val_loss 0.00013616
Epoch 472|time: 3.65s|train_loss 0.00192541|val_loss 0.00013293
Epoch 473|time: 3.54s|train_loss 0.00188556|val_loss 0.00013688
Epoch 474|time: 3.55s|train_loss 0.00184587|val_loss 0.00013565
Epoch 475|time: 3.55s|train_loss 0.00184641|val_loss 0.00013453
Epoch 476|time: 3.53s|train_loss 0.00183777|val_loss 0.00013209
Best validation epoch: 476 Mon May 22 16:44:57 2023
TEST MAE 0.1602 | std 0.0438 | RMSE 0.2430 | RMSEs 0.2336 | PCC 0.9665 | PCCs 0.9511 | R2 0.9337 | R2s 0.8992 | Var 0.9340 | Vars 0.9010 | Peak 0.0882
Epoch 477|time: 3.78s|train_loss 0.00184961|val_loss 0.00013761
Epoch 478|time: 4.08s|train_loss 0.00187996|val_loss 0.00014913
Epoch 479|time: 3.22s|train_loss 0.00189516|val_loss 0.00014031
Epoch 480|time: 3.17s|train_loss 0.00184183|val_loss 0.00013657
Epoch 481|time: 3.29s|train_loss 0.00186466|val_loss 0.00013547
Epoch 482|time: 3.28s|train_loss 0.00188616|val_loss 0.00013786
Epoch 483|time: 3.16s|train_loss 0.00183930|val_loss 0.00013429
Epoch 484|time: 3.44s|train_loss 0.00187717|val_loss 0.00013775
Epoch 485|time: 3.16s|train_loss 0.00184659|val_loss 0.00014436
Epoch 486|time: 3.26s|train_loss 0.00187837|val_loss 0.00013703
Epoch 487|time: 3.15s|train_loss 0.00185677|val_loss 0.00013479
Epoch 488|time: 3.16s|train_loss 0.00186969|val_loss 0.00013704
Epoch 489|time: 3.15s|train_loss 0.00186078|val_loss 0.00015829
Epoch 490|time: 3.21s|train_loss 0.00182769|val_loss 0.00013335
Epoch 491|time: 3.25s|train_loss 0.00184382|val_loss 0.00016287
Epoch 492|time: 3.16s|train_loss 0.00184098|val_loss 0.00014582
Epoch 493|time: 3.22s|train_loss 0.00187124|val_loss 0.00013693
Epoch 494|time: 3.16s|train_loss 0.00184311|val_loss 0.00013513
Epoch 495|time: 3.16s|train_loss 0.00189141|val_loss 0.00013256
Epoch 496|time: 3.18s|train_loss 0.00181926|val_loss 0.00013991
Epoch 497|time: 3.23s|train_loss 0.00180978|val_loss 0.00014121
Epoch 498|time: 3.16s|train_loss 0.00181857|val_loss 0.00013389
Epoch 499|time: 3.16s|train_loss 0.00180492|val_loss 0.00013292
Epoch 500|time: 3.18s|train_loss 0.00183319|val_loss 0.00013672
Final evaluation
TEST MAE 0.1602 | std 0.0438 | RMSE 0.2430 | RMSEs 0.2336 | PCC 0.9665 | PCCs 0.9511 | R2 0.9337 | R2s 0.8992 | Var 0.9340 | Vars 0.9010 | Peak 0.0882
