--------Parameters--------
Namespace(batch=32, bi=False, check_point=1, cuda=False, dataset='us_hhs', dropout=0.2, epilambda=0.1, epochs=500, gpu=3, hidsp=15, horizon=2, k=10, lamda=0.01, lr=0.001, model='cola_gnn_epi', mylog=False, n_hidden=10, n_layer=1, patience=200, rnn_model='RNN', save_dir='save', seed=42, shuffle=False, sim_mat='us_hhs-adj', test=0.2, train=0.6, val=0.2, weight_decay=0.0005, window=20)
--------------------------
data shape (364, 10)
size of train/val/test sets 197 73 73
#params: 2005
begin training
Epoch   1|time: 2.95s|train_loss 0.00319955|val_loss 0.00159640
Best validation epoch: 1 Tue May 23 01:38:08 2023
TEST MAE 2.2771 | std 0.7190 | RMSE 2.6204 | RMSEs 2.5093 | PCC -0.6864 | PCCs -0.8339 | R2 -6.7133 | R2s -10.4858 | Var -0.8888 | Vars -0.9757 | Peak 1.2491
Epoch   2|time: 3.13s|train_loss 0.00230113|val_loss 0.00081495
Best validation epoch: 2 Tue May 23 01:38:12 2023
TEST MAE 1.1093 | std 0.4353 | RMSE 1.5172 | RMSEs 1.4319 | PCC -0.3232 | PCCs -0.8169 | R2 -1.5856 | R2s -2.5789 | Var -0.2927 | Vars -0.5855 | Peak 0.7640
Epoch   3|time: 3.08s|train_loss 0.00175713|val_loss 0.00072564
Best validation epoch: 3 Tue May 23 01:38:16 2023
TEST MAE 0.7160 | std 0.2125 | RMSE 0.9907 | RMSEs 0.9463 | PCC 0.1452 | PCCs -0.6719 | R2 -0.1026 | R2s -0.5776 | Var -0.0796 | Vars -0.4027 | Peak 0.4000
Epoch   4|time: 3.21s|train_loss 0.00161435|val_loss 0.00075006
Epoch   5|time: 3.06s|train_loss 0.00159165|val_loss 0.00062189
Best validation epoch: 5 Tue May 23 01:38:23 2023
TEST MAE 0.6172 | std 0.2203 | RMSE 0.8934 | RMSEs 0.8417 | PCC 0.3947 | PCCs 0.0994 | R2 0.1034 | R2s -0.2301 | Var 0.1533 | Vars -0.0176 | Peak 0.3694
Epoch   6|time: 3.09s|train_loss 0.00156425|val_loss 0.00057503
Best validation epoch: 6 Tue May 23 01:38:27 2023
TEST MAE 0.6349 | std 0.3220 | RMSE 0.9631 | RMSEs 0.8865 | PCC 0.4879 | PCCs 0.3523 | R2 -0.0420 | R2s -0.3431 | Var 0.2303 | Vars 0.1254 | Peak 0.4399
Epoch   7|time: 3.17s|train_loss 0.00149253|val_loss 0.00056470
Best validation epoch: 7 Tue May 23 01:38:31 2023
TEST MAE 0.5542 | std 0.1845 | RMSE 0.7903 | RMSEs 0.7454 | PCC 0.5655 | PCCs 0.4682 | R2 0.2983 | R2s 0.0268 | Var 0.3162 | Vars 0.2118 | Peak 0.3126
Epoch   8|time: 3.33s|train_loss 0.00148900|val_loss 0.00051778
Best validation epoch: 8 Tue May 23 01:38:35 2023
TEST MAE 0.5244 | std 0.2257 | RMSE 0.7863 | RMSEs 0.7283 | PCC 0.6237 | PCCs 0.5657 | R2 0.3055 | R2s 0.0876 | Var 0.3768 | Vars 0.3053 | Peak 0.3270
Epoch   9|time: 3.13s|train_loss 0.00144008|val_loss 0.00048911
Best validation epoch: 9 Tue May 23 01:38:38 2023
TEST MAE 0.5130 | std 0.2496 | RMSE 0.7828 | RMSEs 0.7181 | PCC 0.6632 | PCCs 0.6228 | R2 0.3117 | R2s 0.1178 | Var 0.4239 | Vars 0.3731 | Peak 0.3301
Epoch  10|time: 3.09s|train_loss 0.00143370|val_loss 0.00047170
Best validation epoch: 10 Tue May 23 01:38:42 2023
TEST MAE 0.4806 | std 0.2132 | RMSE 0.7243 | RMSEs 0.6681 | PCC 0.6942 | PCCs 0.6614 | R2 0.4107 | R2s 0.2314 | Var 0.4709 | Vars 0.4256 | Peak 0.2957
Epoch  11|time: 3.02s|train_loss 0.00143826|val_loss 0.00045178
Best validation epoch: 11 Tue May 23 01:38:46 2023
TEST MAE 0.4717 | std 0.2277 | RMSE 0.7197 | RMSEs 0.6596 | PCC 0.7164 | PCCs 0.6893 | R2 0.4182 | R2s 0.2542 | Var 0.5022 | Vars 0.4652 | Peak 0.2954
Epoch  12|time: 3.06s|train_loss 0.00139669|val_loss 0.00044585
Best validation epoch: 12 Tue May 23 01:38:50 2023
TEST MAE 0.4452 | std 0.1714 | RMSE 0.6563 | RMSEs 0.6113 | PCC 0.7359 | PCCs 0.7082 | R2 0.5161 | R2s 0.3463 | Var 0.5354 | Vars 0.4926 | Peak 0.2585
Epoch  13|time: 3.07s|train_loss 0.00137711|val_loss 0.00042229
Best validation epoch: 13 Tue May 23 01:38:54 2023
TEST MAE 0.4523 | std 0.2302 | RMSE 0.6935 | RMSEs 0.6330 | PCC 0.7516 | PCCs 0.7294 | R2 0.4598 | R2s 0.3147 | Var 0.5554 | Vars 0.5236 | Peak 0.2829
Epoch  14|time: 3.16s|train_loss 0.00141935|val_loss 0.00040935
Best validation epoch: 14 Tue May 23 01:38:58 2023
TEST MAE 0.4196 | std 0.1847 | RMSE 0.6362 | RMSEs 0.5874 | PCC 0.7665 | PCCs 0.7421 | R2 0.5453 | R2s 0.4033 | Var 0.5812 | Vars 0.5426 | Peak 0.2541
Epoch  15|time: 3.11s|train_loss 0.00136990|val_loss 0.00039763
Best validation epoch: 15 Tue May 23 01:39:01 2023
TEST MAE 0.4050 | std 0.1697 | RMSE 0.6097 | RMSEs 0.5651 | PCC 0.7810 | PCCs 0.7574 | R2 0.5824 | R2s 0.4449 | Var 0.6045 | Vars 0.5655 | Peak 0.2426
Epoch  16|time: 3.04s|train_loss 0.00133877|val_loss 0.00038485
Best validation epoch: 16 Tue May 23 01:39:05 2023
TEST MAE 0.4108 | std 0.2112 | RMSE 0.6400 | RMSEs 0.5837 | PCC 0.7929 | PCCs 0.7708 | R2 0.5399 | R2s 0.4177 | Var 0.6169 | Vars 0.5844 | Peak 0.2616
Epoch  17|time: 3.08s|train_loss 0.00134050|val_loss 0.00037319
Best validation epoch: 17 Tue May 23 01:39:09 2023
TEST MAE 0.3822 | std 0.1599 | RMSE 0.5860 | RMSEs 0.5423 | PCC 0.8031 | PCCs 0.7773 | R2 0.6143 | R2s 0.4909 | Var 0.6347 | Vars 0.5920 | Peak 0.2366
Epoch  18|time: 3.10s|train_loss 0.00133520|val_loss 0.00035805
Best validation epoch: 18 Tue May 23 01:39:13 2023
TEST MAE 0.3720 | std 0.1650 | RMSE 0.5765 | RMSEs 0.5318 | PCC 0.8127 | PCCs 0.7881 | R2 0.6267 | R2s 0.5122 | Var 0.6521 | Vars 0.6103 | Peak 0.2337
Epoch  19|time: 3.12s|train_loss 0.00133818|val_loss 0.00034438
Best validation epoch: 19 Tue May 23 01:39:17 2023
TEST MAE 0.3681 | std 0.1797 | RMSE 0.5791 | RMSEs 0.5306 | PCC 0.8220 | PCCs 0.7989 | R2 0.6233 | R2s 0.5178 | Var 0.6669 | Vars 0.6275 | Peak 0.2370
Epoch  20|time: 3.19s|train_loss 0.00130864|val_loss 0.00033336
Best validation epoch: 20 Tue May 23 01:39:21 2023
TEST MAE 0.3529 | std 0.1603 | RMSE 0.5544 | RMSEs 0.5106 | PCC 0.8296 | PCCs 0.8057 | R2 0.6548 | R2s 0.5516 | Var 0.6807 | Vars 0.6376 | Peak 0.2257
Epoch  21|time: 3.08s|train_loss 0.00127302|val_loss 0.00032406
Best validation epoch: 21 Tue May 23 01:39:24 2023
TEST MAE 0.3395 | std 0.1427 | RMSE 0.5293 | RMSEs 0.4901 | PCC 0.8390 | PCCs 0.8167 | R2 0.6853 | R2s 0.5844 | Var 0.6985 | Vars 0.6552 | Peak 0.2133
Epoch  22|time: 3.06s|train_loss 0.00124208|val_loss 0.00031347
Best validation epoch: 22 Tue May 23 01:39:28 2023
TEST MAE 0.3335 | std 0.1509 | RMSE 0.5312 | RMSEs 0.4893 | PCC 0.8449 | PCCs 0.8219 | R2 0.6830 | R2s 0.5886 | Var 0.7069 | Vars 0.6627 | Peak 0.2156
Epoch  23|time: 3.11s|train_loss 0.00123971|val_loss 0.00030735
Best validation epoch: 23 Tue May 23 01:39:32 2023
TEST MAE 0.3248 | std 0.1252 | RMSE 0.5040 | RMSEs 0.4695 | PCC 0.8504 | PCCs 0.8279 | R2 0.7146 | R2s 0.6163 | Var 0.7200 | Vars 0.6726 | Peak 0.2013
Epoch  24|time: 3.32s|train_loss 0.00122700|val_loss 0.00029450
Best validation epoch: 24 Tue May 23 01:39:36 2023
TEST MAE 0.3146 | std 0.1358 | RMSE 0.5011 | RMSEs 0.4639 | PCC 0.8572 | PCCs 0.8360 | R2 0.7179 | R2s 0.6288 | Var 0.7319 | Vars 0.6854 | Peak 0.2003
Epoch  25|time: 3.12s|train_loss 0.00121740|val_loss 0.00028732
Best validation epoch: 25 Tue May 23 01:39:40 2023
TEST MAE 0.3097 | std 0.1365 | RMSE 0.4987 | RMSEs 0.4609 | PCC 0.8605 | PCCs 0.8387 | R2 0.7206 | R2s 0.6344 | Var 0.7378 | Vars 0.6894 | Peak 0.1999
Epoch  26|time: 3.10s|train_loss 0.00120408|val_loss 0.00027929
Best validation epoch: 26 Tue May 23 01:39:44 2023
TEST MAE 0.3056 | std 0.1328 | RMSE 0.4923 | RMSEs 0.4554 | PCC 0.8634 | PCCs 0.8418 | R2 0.7277 | R2s 0.6431 | Var 0.7437 | Vars 0.6938 | Peak 0.1968
Epoch  27|time: 3.12s|train_loss 0.00119421|val_loss 0.00027310
Best validation epoch: 27 Tue May 23 01:39:48 2023
TEST MAE 0.2992 | std 0.1247 | RMSE 0.4823 | RMSEs 0.4471 | PCC 0.8672 | PCCs 0.8456 | R2 0.7386 | R2s 0.6553 | Var 0.7504 | Vars 0.6995 | Peak 0.1919
Epoch  28|time: 3.18s|train_loss 0.00118570|val_loss 0.00026842
Best validation epoch: 28 Tue May 23 01:39:52 2023
TEST MAE 0.2935 | std 0.1148 | RMSE 0.4698 | RMSEs 0.4371 | PCC 0.8712 | PCCs 0.8504 | R2 0.7521 | R2s 0.6688 | Var 0.7580 | Vars 0.7066 | Peak 0.1857
Epoch  29|time: 3.11s|train_loss 0.00115819|val_loss 0.00026421
Best validation epoch: 29 Tue May 23 01:39:56 2023
TEST MAE 0.2870 | std 0.1130 | RMSE 0.4631 | RMSEs 0.4307 | PCC 0.8761 | PCCs 0.8556 | R2 0.7590 | R2s 0.6790 | Var 0.7662 | Vars 0.7151 | Peak 0.1820
Epoch  30|time: 3.10s|train_loss 0.00116024|val_loss 0.00025909
Best validation epoch: 30 Tue May 23 01:39:59 2023
TEST MAE 0.2837 | std 0.1081 | RMSE 0.4553 | RMSEs 0.4244 | PCC 0.8789 | PCCs 0.8589 | R2 0.7671 | R2s 0.6874 | Var 0.7718 | Vars 0.7199 | Peak 0.1776
Epoch  31|time: 3.23s|train_loss 0.00112872|val_loss 0.00025400
Best validation epoch: 31 Tue May 23 01:40:03 2023
TEST MAE 0.2843 | std 0.1032 | RMSE 0.4504 | RMSEs 0.4212 | PCC 0.8798 | PCCs 0.8599 | R2 0.7722 | R2s 0.6905 | Var 0.7739 | Vars 0.7202 | Peak 0.1746
Epoch  32|time: 3.09s|train_loss 0.00114865|val_loss 0.00024904
Best validation epoch: 32 Tue May 23 01:40:07 2023
TEST MAE 0.2833 | std 0.1133 | RMSE 0.4561 | RMSEs 0.4240 | PCC 0.8805 | PCCs 0.8598 | R2 0.7663 | R2s 0.6893 | Var 0.7752 | Vars 0.7200 | Peak 0.1776
Epoch  33|time: 3.37s|train_loss 0.00111847|val_loss 0.00024554
Best validation epoch: 33 Tue May 23 01:40:11 2023
TEST MAE 0.2871 | std 0.1151 | RMSE 0.4550 | RMSEs 0.4232 | PCC 0.8820 | PCCs 0.8631 | R2 0.7675 | R2s 0.6903 | Var 0.7777 | Vars 0.7213 | Peak 0.1752
Epoch  34|time: 3.10s|train_loss 0.00111480|val_loss 0.00024709
Epoch  35|time: 3.07s|train_loss 0.00111471|val_loss 0.00024500
Best validation epoch: 35 Tue May 23 01:40:18 2023
TEST MAE 0.2787 | std 0.1089 | RMSE 0.4489 | RMSEs 0.4180 | PCC 0.8858 | PCCs 0.8617 | R2 0.7736 | R2s 0.6979 | Var 0.7836 | Vars 0.7256 | Peak 0.1751
Epoch  36|time: 3.07s|train_loss 0.00109400|val_loss 0.00024444
Best validation epoch: 36 Tue May 23 01:40:22 2023
TEST MAE 0.2763 | std 0.0970 | RMSE 0.4343 | RMSEs 0.4075 | PCC 0.8886 | PCCs 0.8656 | R2 0.7881 | R2s 0.7102 | Var 0.7892 | Vars 0.7318 | Peak 0.1664
Epoch  37|time: 3.10s|train_loss 0.00109922|val_loss 0.00023646
Best validation epoch: 37 Tue May 23 01:40:26 2023
TEST MAE 0.2722 | std 0.1055 | RMSE 0.4380 | RMSEs 0.4085 | PCC 0.8913 | PCCs 0.8680 | R2 0.7845 | R2s 0.7109 | Var 0.7937 | Vars 0.7367 | Peak 0.1694
Epoch  38|time: 3.10s|train_loss 0.00108813|val_loss 0.00023721
Epoch  39|time: 3.09s|train_loss 0.00107968|val_loss 0.00023113
Best validation epoch: 39 Tue May 23 01:40:33 2023
TEST MAE 0.2714 | std 0.0977 | RMSE 0.4279 | RMSEs 0.4013 | PCC 0.8925 | PCCs 0.8688 | R2 0.7943 | R2s 0.7192 | Var 0.7965 | Vars 0.7375 | Peak 0.1636
Epoch  40|time: 3.05s|train_loss 0.00107617|val_loss 0.00023663
Epoch  41|time: 3.20s|train_loss 0.00107538|val_loss 0.00023288
Epoch  42|time: 3.04s|train_loss 0.00108155|val_loss 0.00022413
Best validation epoch: 42 Tue May 23 01:40:43 2023
TEST MAE 0.2697 | std 0.0992 | RMSE 0.4239 | RMSEs 0.3975 | PCC 0.8954 | PCCs 0.8720 | R2 0.7981 | R2s 0.7245 | Var 0.8016 | Vars 0.7413 | Peak 0.1618
Epoch  43|time: 3.09s|train_loss 0.00106649|val_loss 0.00022251
Best validation epoch: 43 Tue May 23 01:40:47 2023
TEST MAE 0.2693 | std 0.0944 | RMSE 0.4194 | RMSEs 0.3947 | PCC 0.8962 | PCCs 0.8727 | R2 0.8024 | R2s 0.7268 | Var 0.8028 | Vars 0.7424 | Peak 0.1596
Epoch  44|time: 3.15s|train_loss 0.00106041|val_loss 0.00022877
Epoch  45|time: 3.10s|train_loss 0.00108305|val_loss 0.00023820
Epoch  46|time: 3.11s|train_loss 0.00108639|val_loss 0.00022360
Epoch  47|time: 3.37s|train_loss 0.00107255|val_loss 0.00021950
Best validation epoch: 47 Tue May 23 01:41:00 2023
TEST MAE 0.2659 | std 0.0955 | RMSE 0.4150 | RMSEs 0.3903 | PCC 0.8990 | PCCs 0.8735 | R2 0.8065 | R2s 0.7333 | Var 0.8079 | Vars 0.7456 | Peak 0.1584
Epoch  48|time: 3.09s|train_loss 0.00107956|val_loss 0.00022650
Epoch  49|time: 3.11s|train_loss 0.00106856|val_loss 0.00021782
Best validation epoch: 49 Tue May 23 01:41:07 2023
TEST MAE 0.2614 | std 0.0970 | RMSE 0.4139 | RMSEs 0.3885 | PCC 0.9015 | PCCs 0.8751 | R2 0.8076 | R2s 0.7365 | Var 0.8126 | Vars 0.7508 | Peak 0.1594
Epoch  50|time: 3.15s|train_loss 0.00107005|val_loss 0.00021839
Epoch  51|time: 3.19s|train_loss 0.00108375|val_loss 0.00022736
Epoch  52|time: 3.07s|train_loss 0.00110052|val_loss 0.00021511
Best validation epoch: 52 Tue May 23 01:41:17 2023
TEST MAE 0.2634 | std 0.0936 | RMSE 0.4086 | RMSEs 0.3849 | PCC 0.9021 | PCCs 0.8752 | R2 0.8124 | R2s 0.7402 | Var 0.8136 | Vars 0.7509 | Peak 0.1561
Epoch  53|time: 3.11s|train_loss 0.00104195|val_loss 0.00021420
Best validation epoch: 53 Tue May 23 01:41:21 2023
TEST MAE 0.2670 | std 0.0993 | RMSE 0.4137 | RMSEs 0.3885 | PCC 0.9027 | PCCs 0.8766 | R2 0.8077 | R2s 0.7363 | Var 0.8144 | Vars 0.7516 | Peak 0.1588
Epoch  54|time: 3.19s|train_loss 0.00105905|val_loss 0.00022211
Epoch  55|time: 3.13s|train_loss 0.00105234|val_loss 0.00021165
Best validation epoch: 55 Tue May 23 01:41:28 2023
TEST MAE 0.2594 | std 0.0951 | RMSE 0.4063 | RMSEs 0.3819 | PCC 0.9041 | PCCs 0.8776 | R2 0.8146 | R2s 0.7447 | Var 0.8172 | Vars 0.7554 | Peak 0.1564
Epoch  56|time: 3.10s|train_loss 0.00106250|val_loss 0.00021476
Epoch  57|time: 3.11s|train_loss 0.00104242|val_loss 0.00021741
Epoch  58|time: 3.13s|train_loss 0.00104948|val_loss 0.00022756
Epoch  59|time: 3.13s|train_loss 0.00105340|val_loss 0.00022411
Epoch  60|time: 3.05s|train_loss 0.00104926|val_loss 0.00021158
Best validation epoch: 60 Tue May 23 01:41:44 2023
TEST MAE 0.2585 | std 0.0969 | RMSE 0.4069 | RMSEs 0.3821 | PCC 0.9075 | PCCs 0.8806 | R2 0.8140 | R2s 0.7451 | Var 0.8235 | Vars 0.7628 | Peak 0.1583
Epoch  61|time: 3.06s|train_loss 0.00103367|val_loss 0.00020677
Best validation epoch: 61 Tue May 23 01:41:48 2023
TEST MAE 0.2591 | std 0.0939 | RMSE 0.4012 | RMSEs 0.3776 | PCC 0.9075 | PCCs 0.8814 | R2 0.8192 | R2s 0.7501 | Var 0.8231 | Vars 0.7617 | Peak 0.1538
Epoch  62|time: 3.08s|train_loss 0.00102822|val_loss 0.00020943
Epoch  63|time: 3.05s|train_loss 0.00103840|val_loss 0.00023330
Epoch  64|time: 3.04s|train_loss 0.00103470|val_loss 0.00021140
Epoch  65|time: 3.21s|train_loss 0.00102693|val_loss 0.00021633
Epoch  66|time: 3.05s|train_loss 0.00102986|val_loss 0.00021178
Epoch  67|time: 3.19s|train_loss 0.00104537|val_loss 0.00020852
Epoch  68|time: 3.15s|train_loss 0.00101583|val_loss 0.00020466
Best validation epoch: 68 Tue May 23 01:42:11 2023
TEST MAE 0.2505 | std 0.0871 | RMSE 0.3894 | RMSEs 0.3678 | PCC 0.9112 | PCCs 0.8838 | R2 0.8297 | R2s 0.7616 | Var 0.8301 | Vars 0.7689 | Peak 0.1498
Epoch  69|time: 3.08s|train_loss 0.00107679|val_loss 0.00020948
Epoch  70|time: 3.03s|train_loss 0.00103701|val_loss 0.00022460
Epoch  71|time: 3.11s|train_loss 0.00102983|val_loss 0.00024824
Epoch  72|time: 3.16s|train_loss 0.00102775|val_loss 0.00021181
Epoch  73|time: 3.08s|train_loss 0.00102412|val_loss 0.00020322
Best validation epoch: 73 Tue May 23 01:42:27 2023
TEST MAE 0.2544 | std 0.0848 | RMSE 0.3894 | RMSEs 0.3686 | PCC 0.9119 | PCCs 0.8857 | R2 0.8297 | R2s 0.7593 | Var 0.8301 | Vars 0.7702 | Peak 0.1485
Epoch  74|time: 3.12s|train_loss 0.00101357|val_loss 0.00020112
Best validation epoch: 74 Tue May 23 01:42:31 2023
TEST MAE 0.2469 | std 0.0879 | RMSE 0.3873 | RMSEs 0.3652 | PCC 0.9128 | PCCs 0.8854 | R2 0.8315 | R2s 0.7652 | Var 0.8330 | Vars 0.7727 | Peak 0.1504
Epoch  75|time: 3.21s|train_loss 0.00101004|val_loss 0.00020959
Epoch  76|time: 3.09s|train_loss 0.00101956|val_loss 0.00021338
Epoch  77|time: 3.08s|train_loss 0.00102610|val_loss 0.00021324
Epoch  78|time: 3.08s|train_loss 0.00101774|val_loss 0.00020315
Epoch  79|time: 3.09s|train_loss 0.00101689|val_loss 0.00019849
Best validation epoch: 79 Tue May 23 01:42:47 2023
TEST MAE 0.2480 | std 0.0867 | RMSE 0.3838 | RMSEs 0.3623 | PCC 0.9146 | PCCs 0.8891 | R2 0.8346 | R2s 0.7685 | Var 0.8354 | Vars 0.7757 | Peak 0.1470
Epoch  80|time: 3.13s|train_loss 0.00100876|val_loss 0.00019870
Epoch  81|time: 3.06s|train_loss 0.00105179|val_loss 0.00020182
Epoch  82|time: 3.03s|train_loss 0.00100310|val_loss 0.00021211
Epoch  83|time: 3.22s|train_loss 0.00101007|val_loss 0.00021501
Epoch  84|time: 3.01s|train_loss 0.00102089|val_loss 0.00020211
Epoch  85|time: 3.08s|train_loss 0.00099478|val_loss 0.00019697
Best validation epoch: 85 Tue May 23 01:43:06 2023
TEST MAE 0.2441 | std 0.0827 | RMSE 0.3768 | RMSEs 0.3565 | PCC 0.9173 | PCCs 0.8919 | R2 0.8406 | R2s 0.7750 | Var 0.8406 | Vars 0.7823 | Peak 0.1439
Epoch  86|time: 3.10s|train_loss 0.00101767|val_loss 0.00020007
Epoch  87|time: 3.02s|train_loss 0.00100457|val_loss 0.00020242
Epoch  88|time: 2.96s|train_loss 0.00099939|val_loss 0.00020170
Epoch  89|time: 3.07s|train_loss 0.00101352|val_loss 0.00020288
Epoch  90|time: 3.08s|train_loss 0.00099220|val_loss 0.00019647
Best validation epoch: 90 Tue May 23 01:43:22 2023
TEST MAE 0.2438 | std 0.0875 | RMSE 0.3789 | RMSEs 0.3570 | PCC 0.9172 | PCCs 0.8923 | R2 0.8388 | R2s 0.7754 | Var 0.8396 | Vars 0.7811 | Peak 0.1455
Epoch  91|time: 3.03s|train_loss 0.00099609|val_loss 0.00019780
Epoch  92|time: 3.08s|train_loss 0.00100872|val_loss 0.00019731
Epoch  93|time: 3.01s|train_loss 0.00100078|val_loss 0.00019815
Epoch  94|time: 3.19s|train_loss 0.00100720|val_loss 0.00019794
Epoch  95|time: 2.98s|train_loss 0.00099619|val_loss 0.00019815
Epoch  96|time: 3.14s|train_loss 0.00099188|val_loss 0.00019987
Epoch  97|time: 3.09s|train_loss 0.00101695|val_loss 0.00019522
Best validation epoch: 97 Tue May 23 01:43:45 2023
TEST MAE 0.2373 | std 0.0847 | RMSE 0.3724 | RMSEs 0.3511 | PCC 0.9196 | PCCs 0.8952 | R2 0.8442 | R2s 0.7825 | Var 0.8446 | Vars 0.7880 | Peak 0.1437
Epoch  98|time: 3.19s|train_loss 0.00099752|val_loss 0.00020202
Epoch  99|time: 3.13s|train_loss 0.00099540|val_loss 0.00019572
Epoch 100|time: 3.07s|train_loss 0.00099609|val_loss 0.00019568
Epoch 101|time: 3.09s|train_loss 0.00098192|val_loss 0.00019667
Epoch 102|time: 3.11s|train_loss 0.00097784|val_loss 0.00019299
Best validation epoch: 102 Tue May 23 01:44:01 2023
TEST MAE 0.2372 | std 0.0847 | RMSE 0.3716 | RMSEs 0.3502 | PCC 0.9202 | PCCs 0.8960 | R2 0.8449 | R2s 0.7837 | Var 0.8454 | Vars 0.7892 | Peak 0.1438
Epoch 103|time: 3.04s|train_loss 0.00100959|val_loss 0.00019540
Epoch 104|time: 3.03s|train_loss 0.00098360|val_loss 0.00020894
Epoch 105|time: 3.15s|train_loss 0.00098601|val_loss 0.00019303
Epoch 106|time: 3.02s|train_loss 0.00097798|val_loss 0.00019892
Epoch 107|time: 3.10s|train_loss 0.00098710|val_loss 0.00019670
Epoch 108|time: 3.17s|train_loss 0.00097666|val_loss 0.00019239
Best validation epoch: 108 Tue May 23 01:44:20 2023
TEST MAE 0.2349 | std 0.0819 | RMSE 0.3664 | RMSEs 0.3462 | PCC 0.9220 | PCCs 0.8983 | R2 0.8492 | R2s 0.7881 | Var 0.8493 | Vars 0.7942 | Peak 0.1412
Epoch 109|time: 3.02s|train_loss 0.00096972|val_loss 0.00019509
Epoch 110|time: 3.02s|train_loss 0.00097581|val_loss 0.00020662
Epoch 111|time: 3.16s|train_loss 0.00097051|val_loss 0.00019559
Epoch 112|time: 3.17s|train_loss 0.00097264|val_loss 0.00019279
Epoch 113|time: 3.06s|train_loss 0.00095662|val_loss 0.00019309
Epoch 114|time: 3.13s|train_loss 0.00096213|val_loss 0.00019524
Epoch 115|time: 3.05s|train_loss 0.00097121|val_loss 0.00019491
Epoch 116|time: 3.12s|train_loss 0.00096751|val_loss 0.00019250
Epoch 117|time: 3.07s|train_loss 0.00097672|val_loss 0.00019238
Best validation epoch: 117 Tue May 23 01:44:49 2023
TEST MAE 0.2338 | std 0.0851 | RMSE 0.3671 | RMSEs 0.3456 | PCC 0.9229 | PCCs 0.9002 | R2 0.8486 | R2s 0.7898 | Var 0.8505 | Vars 0.7959 | Peak 0.1430
Epoch 118|time: 3.03s|train_loss 0.00096401|val_loss 0.00019262
Epoch 119|time: 3.05s|train_loss 0.00096726|val_loss 0.00019169
Best validation epoch: 119 Tue May 23 01:44:56 2023
TEST MAE 0.2297 | std 0.0805 | RMSE 0.3618 | RMSEs 0.3418 | PCC 0.9241 | PCCs 0.8997 | R2 0.8530 | R2s 0.7936 | Var 0.8537 | Vars 0.7989 | Peak 0.1407
Epoch 120|time: 3.21s|train_loss 0.00096311|val_loss 0.00019232
Epoch 121|time: 3.48s|train_loss 0.00095479|val_loss 0.00019211
Epoch 122|time: 3.18s|train_loss 0.00096141|val_loss 0.00018880
Best validation epoch: 122 Tue May 23 01:45:06 2023
TEST MAE 0.2356 | std 0.0781 | RMSE 0.3625 | RMSEs 0.3434 | PCC 0.9245 | PCCs 0.9011 | R2 0.8524 | R2s 0.7904 | Var 0.8524 | Vars 0.7963 | Peak 0.1387
Epoch 123|time: 3.40s|train_loss 0.00096305|val_loss 0.00019320
Epoch 124|time: 3.10s|train_loss 0.00094605|val_loss 0.00019262
Epoch 125|time: 3.17s|train_loss 0.00095412|val_loss 0.00019229
Epoch 126|time: 3.16s|train_loss 0.00095350|val_loss 0.00019419
Epoch 127|time: 3.05s|train_loss 0.00094951|val_loss 0.00019594
Epoch 128|time: 3.05s|train_loss 0.00096330|val_loss 0.00019209
Epoch 129|time: 3.11s|train_loss 0.00097078|val_loss 0.00019316
Epoch 130|time: 3.15s|train_loss 0.00094753|val_loss 0.00020050
Epoch 131|time: 3.12s|train_loss 0.00095305|val_loss 0.00018978
Epoch 132|time: 3.06s|train_loss 0.00095673|val_loss 0.00019171
Epoch 133|time: 3.16s|train_loss 0.00095825|val_loss 0.00018977
Epoch 134|time: 3.11s|train_loss 0.00095042|val_loss 0.00018849
Best validation epoch: 134 Tue May 23 01:45:45 2023
TEST MAE 0.2338 | std 0.0783 | RMSE 0.3601 | RMSEs 0.3409 | PCC 0.9258 | PCCs 0.9038 | R2 0.8543 | R2s 0.7936 | Var 0.8544 | Vars 0.7991 | Peak 0.1375
Epoch 135|time: 3.05s|train_loss 0.00094123|val_loss 0.00019305
Epoch 136|time: 3.12s|train_loss 0.00093901|val_loss 0.00019095
Epoch 137|time: 3.01s|train_loss 0.00095742|val_loss 0.00019543
Epoch 138|time: 3.10s|train_loss 0.00093964|val_loss 0.00018884
Epoch 139|time: 3.03s|train_loss 0.00093256|val_loss 0.00018867
Epoch 140|time: 3.09s|train_loss 0.00093466|val_loss 0.00019539
Epoch 141|time: 3.06s|train_loss 0.00092390|val_loss 0.00019018
Epoch 142|time: 3.18s|train_loss 0.00093188|val_loss 0.00018972
Epoch 143|time: 3.13s|train_loss 0.00092228|val_loss 0.00018873
Epoch 144|time: 3.05s|train_loss 0.00093421|val_loss 0.00019433
Epoch 145|time: 3.09s|train_loss 0.00093958|val_loss 0.00018929
Epoch 146|time: 3.04s|train_loss 0.00092504|val_loss 0.00018784
Best validation epoch: 146 Tue May 23 01:46:22 2023
TEST MAE 0.2258 | std 0.0776 | RMSE 0.3543 | RMSEs 0.3350 | PCC 0.9274 | PCCs 0.9052 | R2 0.8590 | R2s 0.8013 | Var 0.8591 | Vars 0.8065 | Peak 0.1372
Epoch 147|time: 3.14s|train_loss 0.00093886|val_loss 0.00018843
Epoch 148|time: 3.07s|train_loss 0.00092931|val_loss 0.00019364
Epoch 149|time: 3.09s|train_loss 0.00091696|val_loss 0.00019355
Epoch 150|time: 3.03s|train_loss 0.00092001|val_loss 0.00018692
Best validation epoch: 150 Tue May 23 01:46:35 2023
TEST MAE 0.2271 | std 0.0768 | RMSE 0.3547 | RMSEs 0.3356 | PCC 0.9276 | PCCs 0.9060 | R2 0.8587 | R2s 0.7999 | Var 0.8588 | Vars 0.8064 | Peak 0.1367
Epoch 151|time: 3.17s|train_loss 0.00093508|val_loss 0.00019381
Epoch 152|time: 3.12s|train_loss 0.00093937|val_loss 0.00022315
Epoch 153|time: 3.07s|train_loss 0.00094805|val_loss 0.00019566
Epoch 154|time: 3.06s|train_loss 0.00091306|val_loss 0.00018999
Epoch 155|time: 3.14s|train_loss 0.00091765|val_loss 0.00020235
Epoch 156|time: 3.15s|train_loss 0.00091196|val_loss 0.00019005
Epoch 157|time: 3.05s|train_loss 0.00091610|val_loss 0.00020137
Epoch 158|time: 3.14s|train_loss 0.00091888|val_loss 0.00018810
Epoch 159|time: 3.05s|train_loss 0.00090606|val_loss 0.00019256
Epoch 160|time: 3.04s|train_loss 0.00090929|val_loss 0.00021485
Epoch 161|time: 3.18s|train_loss 0.00092558|val_loss 0.00019175
Epoch 162|time: 3.07s|train_loss 0.00091096|val_loss 0.00018992
Epoch 163|time: 3.05s|train_loss 0.00090230|val_loss 0.00018770
Epoch 164|time: 3.07s|train_loss 0.00092992|val_loss 0.00018616
Best validation epoch: 164 Tue May 23 01:47:20 2023
TEST MAE 0.2231 | std 0.0754 | RMSE 0.3502 | RMSEs 0.3315 | PCC 0.9293 | PCCs 0.9077 | R2 0.8622 | R2s 0.8046 | Var 0.8622 | Vars 0.8104 | Peak 0.1356
Epoch 165|time: 3.11s|train_loss 0.00091991|val_loss 0.00018729
Epoch 166|time: 3.08s|train_loss 0.00090809|val_loss 0.00018733
Epoch 167|time: 3.10s|train_loss 0.00090717|val_loss 0.00019255
Epoch 168|time: 3.06s|train_loss 0.00093912|val_loss 0.00019169
Epoch 169|time: 3.10s|train_loss 0.00090474|val_loss 0.00018832
Epoch 170|time: 3.13s|train_loss 0.00090607|val_loss 0.00018594
Best validation epoch: 170 Tue May 23 01:47:39 2023
TEST MAE 0.2220 | std 0.0760 | RMSE 0.3503 | RMSEs 0.3313 | PCC 0.9294 | PCCs 0.9072 | R2 0.8622 | R2s 0.8057 | Var 0.8628 | Vars 0.8102 | Peak 0.1367
Epoch 171|time: 3.04s|train_loss 0.00090913|val_loss 0.00018625
Epoch 172|time: 3.05s|train_loss 0.00089948|val_loss 0.00018730
Epoch 173|time: 3.04s|train_loss 0.00090434|val_loss 0.00018679
Epoch 174|time: 3.18s|train_loss 0.00091164|val_loss 0.00018422
Best validation epoch: 174 Tue May 23 01:47:52 2023
TEST MAE 0.2219 | std 0.0751 | RMSE 0.3490 | RMSEs 0.3303 | PCC 0.9297 | PCCs 0.9077 | R2 0.8631 | R2s 0.8064 | Var 0.8632 | Vars 0.8115 | Peak 0.1357
Epoch 175|time: 3.04s|train_loss 0.00089976|val_loss 0.00018597
Epoch 176|time: 3.10s|train_loss 0.00089893|val_loss 0.00019104
Epoch 177|time: 3.14s|train_loss 0.00091308|val_loss 0.00018676
Epoch 178|time: 3.04s|train_loss 0.00091049|val_loss 0.00018789
Epoch 179|time: 3.05s|train_loss 0.00089612|val_loss 0.00018450
Epoch 180|time: 3.15s|train_loss 0.00091808|val_loss 0.00018480
Epoch 181|time: 3.02s|train_loss 0.00089124|val_loss 0.00018347
Best validation epoch: 181 Tue May 23 01:48:14 2023
TEST MAE 0.2230 | std 0.0741 | RMSE 0.3489 | RMSEs 0.3307 | PCC 0.9301 | PCCs 0.9081 | R2 0.8632 | R2s 0.8056 | Var 0.8633 | Vars 0.8101 | Peak 0.1348
Epoch 182|time: 3.04s|train_loss 0.00089338|val_loss 0.00018437
Epoch 183|time: 3.09s|train_loss 0.00090325|val_loss 0.00018606
Epoch 184|time: 3.14s|train_loss 0.00089619|val_loss 0.00018629
Epoch 185|time: 3.04s|train_loss 0.00089738|val_loss 0.00018268
Best validation epoch: 185 Tue May 23 01:48:27 2023
TEST MAE 0.2230 | std 0.0740 | RMSE 0.3490 | RMSEs 0.3307 | PCC 0.9305 | PCCs 0.9094 | R2 0.8631 | R2s 0.8052 | Var 0.8632 | Vars 0.8106 | Peak 0.1346
Epoch 186|time: 3.06s|train_loss 0.00090997|val_loss 0.00018580
Epoch 187|time: 3.12s|train_loss 0.00090877|val_loss 0.00019086
Epoch 188|time: 3.04s|train_loss 0.00089749|val_loss 0.00018245
Best validation epoch: 188 Tue May 23 01:48:37 2023
TEST MAE 0.2212 | std 0.0734 | RMSE 0.3468 | RMSEs 0.3287 | PCC 0.9309 | PCCs 0.9098 | R2 0.8649 | R2s 0.8079 | Var 0.8650 | Vars 0.8132 | Peak 0.1339
Epoch 189|time: 3.09s|train_loss 0.00091286|val_loss 0.00018506
Epoch 190|time: 3.10s|train_loss 0.00089293|val_loss 0.00018591
Epoch 191|time: 3.05s|train_loss 0.00089555|val_loss 0.00018949
Epoch 192|time: 3.16s|train_loss 0.00089411|val_loss 0.00018393
Epoch 193|time: 3.10s|train_loss 0.00090947|val_loss 0.00018335
Epoch 194|time: 3.05s|train_loss 0.00093522|val_loss 0.00018504
Epoch 195|time: 3.13s|train_loss 0.00089992|val_loss 0.00018346
Epoch 196|time: 3.10s|train_loss 0.00089092|val_loss 0.00018677
Epoch 197|time: 3.03s|train_loss 0.00089086|val_loss 0.00018591
Epoch 198|time: 3.16s|train_loss 0.00088516|val_loss 0.00018146
Best validation epoch: 198 Tue May 23 01:49:09 2023
TEST MAE 0.2215 | std 0.0738 | RMSE 0.3475 | RMSEs 0.3293 | PCC 0.9308 | PCCs 0.9088 | R2 0.8644 | R2s 0.8074 | Var 0.8647 | Vars 0.8116 | Peak 0.1351
Epoch 199|time: 3.06s|train_loss 0.00088633|val_loss 0.00017986
Best validation epoch: 199 Tue May 23 01:49:13 2023
TEST MAE 0.2240 | std 0.0727 | RMSE 0.3488 | RMSEs 0.3312 | PCC 0.9308 | PCCs 0.9091 | R2 0.8633 | R2s 0.8040 | Var 0.8639 | Vars 0.8112 | Peak 0.1339
Epoch 200|time: 3.02s|train_loss 0.00089250|val_loss 0.00018710
Epoch 201|time: 3.12s|train_loss 0.00089710|val_loss 0.00018117
Epoch 202|time: 3.00s|train_loss 0.00089450|val_loss 0.00018912
Epoch 203|time: 3.00s|train_loss 0.00088391|val_loss 0.00018664
Epoch 204|time: 3.07s|train_loss 0.00088963|val_loss 0.00018289
Epoch 205|time: 3.11s|train_loss 0.00088776|val_loss 0.00018239
Epoch 206|time: 3.02s|train_loss 0.00090645|val_loss 0.00018177
Epoch 207|time: 3.09s|train_loss 0.00091002|val_loss 0.00018130
Epoch 208|time: 3.12s|train_loss 0.00091545|val_loss 0.00018898
Epoch 209|time: 3.06s|train_loss 0.00090452|val_loss 0.00018039
Epoch 210|time: 3.14s|train_loss 0.00088162|val_loss 0.00018307
Epoch 211|time: 3.07s|train_loss 0.00088524|val_loss 0.00018507
Epoch 212|time: 3.04s|train_loss 0.00088999|val_loss 0.00018325
Epoch 213|time: 3.08s|train_loss 0.00088637|val_loss 0.00018288
Epoch 214|time: 3.07s|train_loss 0.00090504|val_loss 0.00018757
Epoch 215|time: 3.33s|train_loss 0.00090101|val_loss 0.00018242
Epoch 216|time: 3.05s|train_loss 0.00089160|val_loss 0.00018538
Epoch 217|time: 3.00s|train_loss 0.00090159|val_loss 0.00018463
Epoch 218|time: 3.03s|train_loss 0.00087962|val_loss 0.00018306
Epoch 219|time: 3.17s|train_loss 0.00090616|val_loss 0.00018205
Epoch 220|time: 3.00s|train_loss 0.00089056|val_loss 0.00017992
Epoch 221|time: 3.13s|train_loss 0.00088504|val_loss 0.00017850
Best validation epoch: 221 Tue May 23 01:50:21 2023
TEST MAE 0.2220 | std 0.0699 | RMSE 0.3448 | RMSEs 0.3281 | PCC 0.9324 | PCCs 0.9108 | R2 0.8665 | R2s 0.8072 | Var 0.8674 | Vars 0.8157 | Peak 0.1321
Epoch 222|time: 3.04s|train_loss 0.00090190|val_loss 0.00018151
Epoch 223|time: 3.08s|train_loss 0.00088371|val_loss 0.00018120
Epoch 224|time: 3.08s|train_loss 0.00089250|val_loss 0.00018494
Epoch 225|time: 3.10s|train_loss 0.00088567|val_loss 0.00018814
Epoch 226|time: 3.08s|train_loss 0.00087801|val_loss 0.00017775
Best validation epoch: 226 Tue May 23 01:50:37 2023
TEST MAE 0.2205 | std 0.0709 | RMSE 0.3449 | RMSEs 0.3277 | PCC 0.9324 | PCCs 0.9111 | R2 0.8664 | R2s 0.8080 | Var 0.8668 | Vars 0.8147 | Peak 0.1329
Epoch 227|time: 3.09s|train_loss 0.00088133|val_loss 0.00017827
Epoch 228|time: 3.17s|train_loss 0.00088135|val_loss 0.00018124
Epoch 229|time: 3.05s|train_loss 0.00088476|val_loss 0.00017777
Epoch 230|time: 3.15s|train_loss 0.00087885|val_loss 0.00017905
Epoch 231|time: 3.04s|train_loss 0.00088996|val_loss 0.00018089
Epoch 232|time: 3.05s|train_loss 0.00088097|val_loss 0.00018152
Epoch 233|time: 3.09s|train_loss 0.00089958|val_loss 0.00017918
Epoch 234|time: 3.02s|train_loss 0.00087995|val_loss 0.00017958
Epoch 235|time: 3.03s|train_loss 0.00087881|val_loss 0.00017948
Epoch 236|time: 3.06s|train_loss 0.00088674|val_loss 0.00018047
Epoch 237|time: 3.22s|train_loss 0.00088067|val_loss 0.00017937
Epoch 238|time: 3.02s|train_loss 0.00089466|val_loss 0.00017773
Best validation epoch: 238 Tue May 23 01:51:15 2023
TEST MAE 0.2247 | std 0.0678 | RMSE 0.3449 | RMSEs 0.3292 | PCC 0.9331 | PCCs 0.9113 | R2 0.8663 | R2s 0.8051 | Var 0.8689 | Vars 0.8178 | Peak 0.1304
Epoch 239|time: 3.04s|train_loss 0.00088018|val_loss 0.00017978
Epoch 240|time: 3.17s|train_loss 0.00088699|val_loss 0.00018007
Epoch 241|time: 3.08s|train_loss 0.00089082|val_loss 0.00018610
Epoch 242|time: 3.06s|train_loss 0.00089764|val_loss 0.00018491
Epoch 243|time: 3.14s|train_loss 0.00089515|val_loss 0.00019614
Epoch 244|time: 3.04s|train_loss 0.00088623|val_loss 0.00018548
Epoch 245|time: 3.09s|train_loss 0.00087668|val_loss 0.00017886
Epoch 246|time: 3.23s|train_loss 0.00088858|val_loss 0.00017865
Epoch 247|time: 3.05s|train_loss 0.00089170|val_loss 0.00017642
Best validation epoch: 247 Tue May 23 01:51:44 2023
TEST MAE 0.2174 | std 0.0702 | RMSE 0.3421 | RMSEs 0.3249 | PCC 0.9333 | PCCs 0.9123 | R2 0.8685 | R2s 0.8115 | Var 0.8687 | Vars 0.8169 | Peak 0.1321
Epoch 248|time: 3.02s|train_loss 0.00090014|val_loss 0.00017868
Epoch 249|time: 3.04s|train_loss 0.00088396|val_loss 0.00017790
Epoch 250|time: 3.04s|train_loss 0.00087356|val_loss 0.00017794
Epoch 251|time: 3.15s|train_loss 0.00089575|val_loss 0.00017738
Epoch 252|time: 3.04s|train_loss 0.00087430|val_loss 0.00019320
Epoch 253|time: 3.12s|train_loss 0.00088589|val_loss 0.00018153
Epoch 254|time: 3.07s|train_loss 0.00087153|val_loss 0.00017760
Epoch 255|time: 3.15s|train_loss 0.00088431|val_loss 0.00017682
Epoch 256|time: 3.03s|train_loss 0.00088129|val_loss 0.00017909
Epoch 257|time: 3.07s|train_loss 0.00087950|val_loss 0.00017828
Epoch 258|time: 3.08s|train_loss 0.00087080|val_loss 0.00017649
Epoch 259|time: 3.09s|train_loss 0.00087533|val_loss 0.00018026
Epoch 260|time: 3.13s|train_loss 0.00088209|val_loss 0.00017809
Epoch 261|time: 3.06s|train_loss 0.00087381|val_loss 0.00018227
Epoch 262|time: 3.12s|train_loss 0.00089974|val_loss 0.00018183
Epoch 263|time: 3.03s|train_loss 0.00087839|val_loss 0.00017557
Best validation epoch: 263 Tue May 23 01:52:34 2023
TEST MAE 0.2151 | std 0.0685 | RMSE 0.3377 | RMSEs 0.3212 | PCC 0.9340 | PCCs 0.9117 | R2 0.8719 | R2s 0.8161 | Var 0.8719 | Vars 0.8211 | Peak 0.1307
Epoch 264|time: 3.02s|train_loss 0.00089126|val_loss 0.00017866
Epoch 265|time: 3.10s|train_loss 0.00087351|val_loss 0.00019249
Epoch 266|time: 3.07s|train_loss 0.00088529|val_loss 0.00017569
Epoch 267|time: 3.09s|train_loss 0.00088630|val_loss 0.00018681
Epoch 268|time: 3.08s|train_loss 0.00089649|val_loss 0.00019545
Epoch 269|time: 3.17s|train_loss 0.00087728|val_loss 0.00018255
Epoch 270|time: 3.00s|train_loss 0.00088827|val_loss 0.00019240
Epoch 271|time: 3.09s|train_loss 0.00088134|val_loss 0.00018737
Epoch 272|time: 3.09s|train_loss 0.00090529|val_loss 0.00017626
Epoch 273|time: 3.02s|train_loss 0.00087645|val_loss 0.00017474
Best validation epoch: 273 Tue May 23 01:53:05 2023
TEST MAE 0.2174 | std 0.0674 | RMSE 0.3401 | RMSEs 0.3239 | PCC 0.9348 | PCCs 0.9144 | R2 0.8701 | R2s 0.8116 | Var 0.8712 | Vars 0.8201 | Peak 0.1287
Epoch 274|time: 3.13s|train_loss 0.00088876|val_loss 0.00017850
Epoch 275|time: 3.01s|train_loss 0.00087115|val_loss 0.00017690
Epoch 276|time: 3.07s|train_loss 0.00088346|val_loss 0.00017505
Epoch 277|time: 3.02s|train_loss 0.00089613|val_loss 0.00020688
Epoch 278|time: 3.03s|train_loss 0.00088796|val_loss 0.00019341
Epoch 279|time: 3.12s|train_loss 0.00087741|val_loss 0.00017951
Epoch 280|time: 3.03s|train_loss 0.00087290|val_loss 0.00018114
Epoch 281|time: 3.02s|train_loss 0.00087487|val_loss 0.00017592
Epoch 282|time: 3.07s|train_loss 0.00088930|val_loss 0.00017680
Epoch 283|time: 3.09s|train_loss 0.00087213|val_loss 0.00017598
Epoch 284|time: 3.13s|train_loss 0.00086353|val_loss 0.00017680
Epoch 285|time: 3.07s|train_loss 0.00090610|val_loss 0.00017786
Epoch 286|time: 3.08s|train_loss 0.00087871|val_loss 0.00017523
Epoch 287|time: 3.13s|train_loss 0.00087129|val_loss 0.00017813
Epoch 288|time: 3.12s|train_loss 0.00087468|val_loss 0.00017672
Epoch 289|time: 3.06s|train_loss 0.00090478|val_loss 0.00017390
Best validation epoch: 289 Tue May 23 01:53:55 2023
TEST MAE 0.2171 | std 0.0666 | RMSE 0.3380 | RMSEs 0.3222 | PCC 0.9352 | PCCs 0.9135 | R2 0.8716 | R2s 0.8138 | Var 0.8723 | Vars 0.8205 | Peak 0.1281
Epoch 290|time: 3.00s|train_loss 0.00087966|val_loss 0.00017398
Epoch 291|time: 3.04s|train_loss 0.00086714|val_loss 0.00017484
Epoch 292|time: 3.14s|train_loss 0.00086723|val_loss 0.00017486
Epoch 293|time: 3.07s|train_loss 0.00088738|val_loss 0.00019638
Epoch 294|time: 3.10s|train_loss 0.00087218|val_loss 0.00017927
Epoch 295|time: 3.04s|train_loss 0.00086971|val_loss 0.00017389
Best validation epoch: 295 Tue May 23 01:54:14 2023
TEST MAE 0.2144 | std 0.0679 | RMSE 0.3373 | RMSEs 0.3207 | PCC 0.9350 | PCCs 0.9135 | R2 0.8722 | R2s 0.8164 | Var 0.8722 | Vars 0.8202 | Peak 0.1301
Epoch 296|time: 3.09s|train_loss 0.00086370|val_loss 0.00018201
Epoch 297|time: 3.17s|train_loss 0.00088356|val_loss 0.00017403
Epoch 298|time: 3.15s|train_loss 0.00087532|val_loss 0.00017586
Epoch 299|time: 3.03s|train_loss 0.00086581|val_loss 0.00017520
Epoch 300|time: 3.19s|train_loss 0.00087006|val_loss 0.00018907
Epoch 301|time: 3.06s|train_loss 0.00087249|val_loss 0.00018440
Epoch 302|time: 3.10s|train_loss 0.00087261|val_loss 0.00017675
Epoch 303|time: 3.17s|train_loss 0.00089115|val_loss 0.00020267
Epoch 304|time: 3.10s|train_loss 0.00087874|val_loss 0.00017161
Best validation epoch: 304 Tue May 23 01:54:43 2023
TEST MAE 0.2229 | std 0.0653 | RMSE 0.3431 | RMSEs 0.3280 | PCC 0.9356 | PCCs 0.9156 | R2 0.8677 | R2s 0.8046 | Var 0.8720 | Vars 0.8218 | Peak 0.1272
Epoch 305|time: 3.10s|train_loss 0.00087967|val_loss 0.00017237
Epoch 306|time: 3.14s|train_loss 0.00086834|val_loss 0.00018951
Epoch 307|time: 3.12s|train_loss 0.00088091|val_loss 0.00017616
Epoch 308|time: 3.03s|train_loss 0.00089051|val_loss 0.00017666
Epoch 309|time: 3.13s|train_loss 0.00088680|val_loss 0.00017411
Epoch 310|time: 3.09s|train_loss 0.00089475|val_loss 0.00017940
Epoch 311|time: 3.12s|train_loss 0.00086520|val_loss 0.00017422
Epoch 312|time: 3.02s|train_loss 0.00086491|val_loss 0.00017664
Epoch 313|time: 3.09s|train_loss 0.00086863|val_loss 0.00017654
Epoch 314|time: 3.12s|train_loss 0.00087194|val_loss 0.00017482
Epoch 315|time: 3.05s|train_loss 0.00086476|val_loss 0.00017292
Epoch 316|time: 3.16s|train_loss 0.00087669|val_loss 0.00017408
Epoch 317|time: 3.03s|train_loss 0.00087309|val_loss 0.00017816
Epoch 318|time: 3.04s|train_loss 0.00086091|val_loss 0.00017702
Epoch 319|time: 3.06s|train_loss 0.00091101|val_loss 0.00018408
Epoch 320|time: 3.12s|train_loss 0.00087489|val_loss 0.00017894
Epoch 321|time: 3.06s|train_loss 0.00088637|val_loss 0.00017166
Epoch 322|time: 3.11s|train_loss 0.00086653|val_loss 0.00017469
Epoch 323|time: 3.10s|train_loss 0.00085775|val_loss 0.00017283
Epoch 324|time: 3.07s|train_loss 0.00086029|val_loss 0.00017579
Epoch 325|time: 3.15s|train_loss 0.00087580|val_loss 0.00018316
Epoch 326|time: 3.12s|train_loss 0.00088016|val_loss 0.00017359
Epoch 327|time: 3.07s|train_loss 0.00087598|val_loss 0.00017256
Epoch 328|time: 3.04s|train_loss 0.00087008|val_loss 0.00017562
Epoch 329|time: 3.01s|train_loss 0.00087220|val_loss 0.00018216
Epoch 330|time: 3.17s|train_loss 0.00086788|val_loss 0.00017537
Epoch 331|time: 3.10s|train_loss 0.00086085|val_loss 0.00017407
Epoch 332|time: 3.05s|train_loss 0.00087117|val_loss 0.00018072
Epoch 333|time: 3.03s|train_loss 0.00086384|val_loss 0.00017456
Epoch 334|time: 3.13s|train_loss 0.00086497|val_loss 0.00017476
Epoch 335|time: 3.04s|train_loss 0.00086803|val_loss 0.00017682
Epoch 336|time: 3.02s|train_loss 0.00086797|val_loss 0.00017721
Epoch 337|time: 3.02s|train_loss 0.00086443|val_loss 0.00017224
Epoch 338|time: 3.20s|train_loss 0.00086458|val_loss 0.00017162
Epoch 339|time: 3.01s|train_loss 0.00085938|val_loss 0.00018108
Epoch 340|time: 3.05s|train_loss 0.00086131|val_loss 0.00017926
Epoch 341|time: 3.09s|train_loss 0.00086095|val_loss 0.00017262
Epoch 342|time: 3.19s|train_loss 0.00089614|val_loss 0.00017759
Epoch 343|time: 3.05s|train_loss 0.00087119|val_loss 0.00017472
Epoch 344|time: 3.16s|train_loss 0.00086516|val_loss 0.00017499
Epoch 345|time: 3.07s|train_loss 0.00085744|val_loss 0.00017232
Epoch 346|time: 3.05s|train_loss 0.00085938|val_loss 0.00017319
Epoch 347|time: 3.06s|train_loss 0.00086475|val_loss 0.00017386
Epoch 348|time: 3.10s|train_loss 0.00087487|val_loss 0.00017187
Epoch 349|time: 3.11s|train_loss 0.00088714|val_loss 0.00017159
Best validation epoch: 349 Tue May 23 01:57:02 2023
TEST MAE 0.2107 | std 0.0649 | RMSE 0.3321 | RMSEs 0.3162 | PCC 0.9367 | PCCs 0.9149 | R2 0.8761 | R2s 0.8211 | Var 0.8761 | Vars 0.8254 | Peak 0.1269
Epoch 350|time: 3.00s|train_loss 0.00086436|val_loss 0.00017884
Epoch 351|time: 3.05s|train_loss 0.00086747|val_loss 0.00017249
Epoch 352|time: 3.11s|train_loss 0.00086484|val_loss 0.00017381
Epoch 353|time: 3.01s|train_loss 0.00087017|val_loss 0.00017517
Epoch 354|time: 3.04s|train_loss 0.00086314|val_loss 0.00017948
Epoch 355|time: 3.14s|train_loss 0.00086725|val_loss 0.00017553
Epoch 356|time: 3.05s|train_loss 0.00086097|val_loss 0.00017250
Epoch 357|time: 3.12s|train_loss 0.00085989|val_loss 0.00017143
Best validation epoch: 357 Tue May 23 01:57:28 2023
TEST MAE 0.2130 | std 0.0637 | RMSE 0.3322 | RMSEs 0.3169 | PCC 0.9373 | PCCs 0.9158 | R2 0.8761 | R2s 0.8195 | Var 0.8773 | Vars 0.8277 | Peak 0.1244
Epoch 358|time: 3.05s|train_loss 0.00086164|val_loss 0.00017452
Epoch 359|time: 3.05s|train_loss 0.00085645|val_loss 0.00018493
Epoch 360|time: 3.06s|train_loss 0.00087371|val_loss 0.00017136
Best validation epoch: 360 Tue May 23 01:57:38 2023
TEST MAE 0.2109 | std 0.0637 | RMSE 0.3309 | RMSEs 0.3155 | PCC 0.9370 | PCCs 0.9147 | R2 0.8770 | R2s 0.8218 | Var 0.8771 | Vars 0.8263 | Peak 0.1257
Epoch 361|time: 3.15s|train_loss 0.00085712|val_loss 0.00017826
Epoch 362|time: 3.14s|train_loss 0.00087803|val_loss 0.00017780
Epoch 363|time: 3.02s|train_loss 0.00087890|val_loss 0.00017593
Epoch 364|time: 3.16s|train_loss 0.00087010|val_loss 0.00018388
Epoch 365|time: 3.02s|train_loss 0.00086575|val_loss 0.00017781
Epoch 366|time: 3.09s|train_loss 0.00085827|val_loss 0.00018070
Epoch 367|time: 3.04s|train_loss 0.00087574|val_loss 0.00017387
Epoch 368|time: 3.08s|train_loss 0.00087789|val_loss 0.00017261
Epoch 369|time: 3.05s|train_loss 0.00085991|val_loss 0.00018876
Epoch 370|time: 3.02s|train_loss 0.00086362|val_loss 0.00017256
Epoch 371|time: 3.22s|train_loss 0.00085815|val_loss 0.00017479
Epoch 372|time: 3.04s|train_loss 0.00087535|val_loss 0.00017367
Epoch 373|time: 3.05s|train_loss 0.00086297|val_loss 0.00017263
Epoch 374|time: 3.15s|train_loss 0.00086508|val_loss 0.00017437
Epoch 375|time: 3.06s|train_loss 0.00085957|val_loss 0.00017085
Best validation epoch: 375 Tue May 23 01:58:25 2023
TEST MAE 0.2107 | std 0.0622 | RMSE 0.3299 | RMSEs 0.3147 | PCC 0.9378 | PCCs 0.9162 | R2 0.8777 | R2s 0.8221 | Var 0.8783 | Vars 0.8283 | Peak 0.1239
Epoch 376|time: 3.07s|train_loss 0.00087120|val_loss 0.00018114
Epoch 377|time: 3.19s|train_loss 0.00086439|val_loss 0.00017811
Epoch 378|time: 3.04s|train_loss 0.00086509|val_loss 0.00017435
Epoch 379|time: 3.04s|train_loss 0.00088105|val_loss 0.00017757
Epoch 380|time: 3.18s|train_loss 0.00086377|val_loss 0.00017657
Epoch 381|time: 3.08s|train_loss 0.00086676|val_loss 0.00017399
Epoch 382|time: 3.09s|train_loss 0.00086153|val_loss 0.00017406
Epoch 383|time: 3.17s|train_loss 0.00085476|val_loss 0.00017349
Epoch 384|time: 3.43s|train_loss 0.00089715|val_loss 0.00017249
Epoch 385|time: 3.40s|train_loss 0.00087305|val_loss 0.00018129
Epoch 386|time: 3.15s|train_loss 0.00085846|val_loss 0.00017192
Epoch 387|time: 3.08s|train_loss 0.00086469|val_loss 0.00017119
Epoch 388|time: 3.07s|train_loss 0.00086148|val_loss 0.00017066
Best validation epoch: 388 Tue May 23 01:59:06 2023
TEST MAE 0.2093 | std 0.0618 | RMSE 0.3291 | RMSEs 0.3141 | PCC 0.9375 | PCCs 0.9145 | R2 0.8784 | R2s 0.8232 | Var 0.8784 | Vars 0.8271 | Peak 0.1245
Epoch 389|time: 3.06s|train_loss 0.00086182|val_loss 0.00017353
Epoch 390|time: 3.02s|train_loss 0.00086272|val_loss 0.00017534
Epoch 391|time: 3.01s|train_loss 0.00089141|val_loss 0.00017249
Epoch 392|time: 3.09s|train_loss 0.00085998|val_loss 0.00017794
Epoch 393|time: 3.10s|train_loss 0.00085944|val_loss 0.00017249
Epoch 394|time: 3.05s|train_loss 0.00087115|val_loss 0.00017622
Epoch 395|time: 3.05s|train_loss 0.00085402|val_loss 0.00017814
Epoch 396|time: 3.14s|train_loss 0.00086153|val_loss 0.00017569
Epoch 397|time: 3.12s|train_loss 0.00085738|val_loss 0.00017208
Epoch 398|time: 3.08s|train_loss 0.00086455|val_loss 0.00017402
Epoch 399|time: 3.14s|train_loss 0.00085671|val_loss 0.00017723
Epoch 400|time: 3.07s|train_loss 0.00085650|val_loss 0.00017013
Best validation epoch: 400 Tue May 23 01:59:44 2023
TEST MAE 0.2105 | std 0.0619 | RMSE 0.3295 | RMSEs 0.3147 | PCC 0.9376 | PCCs 0.9151 | R2 0.8780 | R2s 0.8223 | Var 0.8784 | Vars 0.8278 | Peak 0.1239
Epoch 401|time: 3.05s|train_loss 0.00086108|val_loss 0.00017295
Epoch 402|time: 3.10s|train_loss 0.00086950|val_loss 0.00018605
Epoch 403|time: 3.01s|train_loss 0.00087004|val_loss 0.00017577
Epoch 404|time: 3.10s|train_loss 0.00086643|val_loss 0.00017732
Epoch 405|time: 3.10s|train_loss 0.00086158|val_loss 0.00017217
Epoch 406|time: 3.49s|train_loss 0.00086307|val_loss 0.00017114
Epoch 407|time: 3.14s|train_loss 0.00086235|val_loss 0.00017417
Epoch 408|time: 3.34s|train_loss 0.00085628|val_loss 0.00017418
Epoch 409|time: 3.08s|train_loss 0.00086761|val_loss 0.00017198
Epoch 410|time: 3.15s|train_loss 0.00085993|val_loss 0.00017196
Epoch 411|time: 3.01s|train_loss 0.00085333|val_loss 0.00017096
Epoch 412|time: 3.09s|train_loss 0.00085586|val_loss 0.00017264
Epoch 413|time: 3.05s|train_loss 0.00085244|val_loss 0.00017512
Epoch 414|time: 3.11s|train_loss 0.00086999|val_loss 0.00017545
Epoch 415|time: 3.09s|train_loss 0.00086282|val_loss 0.00018506
Epoch 416|time: 3.09s|train_loss 0.00087668|val_loss 0.00017272
Epoch 417|time: 3.04s|train_loss 0.00086076|val_loss 0.00017225
Epoch 418|time: 3.33s|train_loss 0.00085935|val_loss 0.00017016
Epoch 419|time: 2.99s|train_loss 0.00085605|val_loss 0.00017056
Epoch 420|time: 3.04s|train_loss 0.00085112|val_loss 0.00017753
Epoch 421|time: 3.09s|train_loss 0.00085475|val_loss 0.00017134
Epoch 422|time: 3.05s|train_loss 0.00085720|val_loss 0.00017059
Epoch 423|time: 3.03s|train_loss 0.00086334|val_loss 0.00017211
Epoch 424|time: 3.15s|train_loss 0.00087062|val_loss 0.00017230
Epoch 425|time: 3.17s|train_loss 0.00084594|val_loss 0.00017110
Epoch 426|time: 3.02s|train_loss 0.00087860|val_loss 0.00017099
Epoch 427|time: 3.03s|train_loss 0.00085079|val_loss 0.00017392
Epoch 428|time: 3.18s|train_loss 0.00086147|val_loss 0.00017042
Epoch 429|time: 3.03s|train_loss 0.00086364|val_loss 0.00017435
Epoch 430|time: 3.09s|train_loss 0.00085829|val_loss 0.00017094
Epoch 431|time: 3.09s|train_loss 0.00085554|val_loss 0.00017440
Epoch 432|time: 3.09s|train_loss 0.00087364|val_loss 0.00017282
Epoch 433|time: 3.04s|train_loss 0.00086407|val_loss 0.00018205
Epoch 434|time: 3.09s|train_loss 0.00085126|val_loss 0.00017802
Epoch 435|time: 3.08s|train_loss 0.00085436|val_loss 0.00017128
Epoch 436|time: 3.06s|train_loss 0.00085305|val_loss 0.00017299
Epoch 437|time: 3.25s|train_loss 0.00084582|val_loss 0.00017476
Epoch 438|time: 3.05s|train_loss 0.00085554|val_loss 0.00017040
Epoch 439|time: 3.03s|train_loss 0.00086196|val_loss 0.00016981
Best validation epoch: 439 Tue May 23 02:01:46 2023
TEST MAE 0.2060 | std 0.0633 | RMSE 0.3267 | RMSEs 0.3106 | PCC 0.9387 | PCCs 0.9177 | R2 0.8801 | R2s 0.8273 | Var 0.8801 | Vars 0.8316 | Peak 0.1236
Epoch 440|time: 3.08s|train_loss 0.00085608|val_loss 0.00017121
Epoch 441|time: 3.17s|train_loss 0.00085763|val_loss 0.00017448
Epoch 442|time: 3.14s|train_loss 0.00085661|val_loss 0.00017691
Epoch 443|time: 2.99s|train_loss 0.00086380|val_loss 0.00017236
Epoch 444|time: 3.10s|train_loss 0.00088674|val_loss 0.00017090
Epoch 445|time: 3.02s|train_loss 0.00086460|val_loss 0.00017344
Epoch 446|time: 3.11s|train_loss 0.00085078|val_loss 0.00016926
Best validation epoch: 446 Tue May 23 02:02:08 2023
TEST MAE 0.2111 | std 0.0605 | RMSE 0.3291 | RMSEs 0.3145 | PCC 0.9383 | PCCs 0.9159 | R2 0.8783 | R2s 0.8219 | Var 0.8792 | Vars 0.8284 | Peak 0.1223
Epoch 447|time: 3.01s|train_loss 0.00085862|val_loss 0.00017932
Epoch 448|time: 3.02s|train_loss 0.00089030|val_loss 0.00017205
Epoch 449|time: 3.04s|train_loss 0.00085566|val_loss 0.00017089
Epoch 450|time: 3.05s|train_loss 0.00084591|val_loss 0.00017000
Epoch 451|time: 3.14s|train_loss 0.00085133|val_loss 0.00017454
Epoch 452|time: 3.00s|train_loss 0.00084818|val_loss 0.00016884
Best validation epoch: 452 Tue May 23 02:02:27 2023
TEST MAE 0.2076 | std 0.0614 | RMSE 0.3287 | RMSEs 0.3133 | PCC 0.9386 | PCCs 0.9171 | R2 0.8786 | R2s 0.8236 | Var 0.8788 | Vars 0.8280 | Peak 0.1225
Epoch 453|time: 3.14s|train_loss 0.00085155|val_loss 0.00017463
Epoch 454|time: 3.14s|train_loss 0.00084820|val_loss 0.00017318
Epoch 455|time: 3.07s|train_loss 0.00086251|val_loss 0.00017195
Epoch 456|time: 3.23s|train_loss 0.00086340|val_loss 0.00017169
Epoch 457|time: 3.07s|train_loss 0.00086828|val_loss 0.00016841
Best validation epoch: 457 Tue May 23 02:02:44 2023
TEST MAE 0.2081 | std 0.0610 | RMSE 0.3287 | RMSEs 0.3135 | PCC 0.9386 | PCCs 0.9172 | R2 0.8786 | R2s 0.8233 | Var 0.8789 | Vars 0.8282 | Peak 0.1222
Epoch 458|time: 3.03s|train_loss 0.00085744|val_loss 0.00016923
Epoch 459|time: 3.04s|train_loss 0.00086086|val_loss 0.00017226
Epoch 460|time: 3.16s|train_loss 0.00085359|val_loss 0.00018037
Epoch 461|time: 3.00s|train_loss 0.00085453|val_loss 0.00017113
Epoch 462|time: 3.07s|train_loss 0.00087403|val_loss 0.00017315
Epoch 463|time: 3.17s|train_loss 0.00086188|val_loss 0.00017293
Epoch 464|time: 3.04s|train_loss 0.00085115|val_loss 0.00017747
Epoch 465|time: 3.07s|train_loss 0.00086270|val_loss 0.00017167
Epoch 466|time: 3.16s|train_loss 0.00084230|val_loss 0.00017890
Epoch 467|time: 3.01s|train_loss 0.00085171|val_loss 0.00016991
Epoch 468|time: 3.08s|train_loss 0.00086513|val_loss 0.00017585
Epoch 469|time: 3.13s|train_loss 0.00084496|val_loss 0.00017565
Epoch 470|time: 3.17s|train_loss 0.00084904|val_loss 0.00017968
Epoch 471|time: 3.04s|train_loss 0.00085695|val_loss 0.00017015
Epoch 472|time: 3.05s|train_loss 0.00085256|val_loss 0.00016936
Epoch 473|time: 3.04s|train_loss 0.00083972|val_loss 0.00017101
Epoch 474|time: 3.04s|train_loss 0.00086510|val_loss 0.00017292
Epoch 475|time: 3.17s|train_loss 0.00085202|val_loss 0.00017880
Epoch 476|time: 3.06s|train_loss 0.00083947|val_loss 0.00016812
Best validation epoch: 476 Tue May 23 02:03:43 2023
TEST MAE 0.2120 | std 0.0611 | RMSE 0.3308 | RMSEs 0.3162 | PCC 0.9383 | PCCs 0.9162 | R2 0.8770 | R2s 0.8198 | Var 0.8787 | Vars 0.8282 | Peak 0.1216
Epoch 477|time: 3.00s|train_loss 0.00087026|val_loss 0.00017336
Epoch 478|time: 3.11s|train_loss 0.00084553|val_loss 0.00017689
Epoch 479|time: 3.19s|train_loss 0.00084598|val_loss 0.00017730
Epoch 480|time: 3.03s|train_loss 0.00084657|val_loss 0.00017369
Epoch 481|time: 3.03s|train_loss 0.00084783|val_loss 0.00017056
Epoch 482|time: 3.07s|train_loss 0.00085348|val_loss 0.00017580
Epoch 483|time: 3.10s|train_loss 0.00084241|val_loss 0.00017183
Epoch 484|time: 3.01s|train_loss 0.00085956|val_loss 0.00017090
Epoch 485|time: 3.09s|train_loss 0.00084819|val_loss 0.00018360
Epoch 486|time: 3.06s|train_loss 0.00085561|val_loss 0.00017385
Epoch 487|time: 3.02s|train_loss 0.00085483|val_loss 0.00017296
Epoch 488|time: 3.18s|train_loss 0.00083936|val_loss 0.00017189
Epoch 489|time: 3.05s|train_loss 0.00083984|val_loss 0.00018305
Epoch 490|time: 3.05s|train_loss 0.00084130|val_loss 0.00017001
Epoch 491|time: 2.99s|train_loss 0.00087056|val_loss 0.00017234
Epoch 492|time: 3.08s|train_loss 0.00084877|val_loss 0.00017412
Epoch 493|time: 3.03s|train_loss 0.00084417|val_loss 0.00017405
Epoch 494|time: 3.02s|train_loss 0.00083890|val_loss 0.00017139
Epoch 495|time: 3.31s|train_loss 0.00084710|val_loss 0.00017201
Epoch 496|time: 3.00s|train_loss 0.00084931|val_loss 0.00017214
Epoch 497|time: 3.04s|train_loss 0.00083901|val_loss 0.00017574
Epoch 498|time: 3.19s|train_loss 0.00084359|val_loss 0.00017170
Epoch 499|time: 3.04s|train_loss 0.00084323|val_loss 0.00017248
Epoch 500|time: 3.01s|train_loss 0.00084495|val_loss 0.00017690
Final evaluation
TEST MAE 0.2120 | std 0.0611 | RMSE 0.3308 | RMSEs 0.3162 | PCC 0.9383 | PCCs 0.9162 | R2 0.8770 | R2s 0.8198 | Var 0.8787 | Vars 0.8282 | Peak 0.1216
