--------Parameters--------
Namespace(batch=32, bi=False, check_point=1, cuda=False, dataset='us_hhs', dropout=0.2, epilambda=0.5, epochs=500, gpu=3, hidsp=15, horizon=2, k=10, lamda=0.01, lr=0.1, model='cola_gnn_epi', mylog=False, n_hidden=30, n_layer=1, patience=200, rnn_model='RNN', save_dir='save', seed=42, shuffle=False, sim_mat='us_hhs-adj', test=0.2, train=0.6, val=0.2, weight_decay=0.0005, window=20)
--------------------------
data shape (364, 10)
size of train/val/test sets 197 73 73
#params: 9885
begin training
Epoch   1|time: 3.45s|train_loss 0.01586571|val_loss 0.01067405
Best validation epoch: 1 Tue May 23 12:42:10 2023
TEST MAE 14.5583 | std 4.2437 | RMSE 15.1969 | RMSEs 14.5919 | PCC -0.4689 | PCCs -0.8282 | R2 -258.4297 | R2s -413.1417 | Var -20.3464 | Vars -0.6673 | Peak 5.7576
Epoch   2|time: 4.87s|train_loss 0.01228532|val_loss 0.00398790
Best validation epoch: 2 Tue May 23 12:42:16 2023
TEST MAE 5.4193 | std 1.5984 | RMSE 5.7010 | RMSEs 5.4713 | PCC -0.3831 | PCCs 0.8530 | R2 -35.5102 | R2s -56.1613 | Var -2.5193 | Vars 0.0324 | Peak 2.2931
Epoch   3|time: 3.42s|train_loss 0.01008905|val_loss 0.00124232
Best validation epoch: 3 Tue May 23 12:42:20 2023
TEST MAE 1.4863 | std 0.4149 | RMSE 1.6698 | RMSEs 1.6126 | PCC 0.4816 | PCCs 0.5872 | R2 -2.1323 | R2s -4.4439 | Var 0.0773 | Vars 0.0061 | Peak 0.3068
Epoch   4|time: 3.65s|train_loss 0.00850245|val_loss 0.00331140
Epoch   5|time: 3.42s|train_loss 0.00723550|val_loss 0.00198925
Epoch   6|time: 3.41s|train_loss 0.00584389|val_loss 0.00106320
Best validation epoch: 6 Tue May 23 12:42:32 2023
TEST MAE 1.4646 | std 0.4911 | RMSE 1.7063 | RMSEs 1.6267 | PCC 0.4662 | PCCs 0.8755 | R2 -2.2705 | R2s -3.7441 | Var 0.1391 | Vars 0.1244 | Peak 0.8167
Epoch   7|time: 3.60s|train_loss 0.00629742|val_loss 0.00113374
Epoch   8|time: 3.42s|train_loss 0.00695917|val_loss 0.00149089
Epoch   9|time: 3.42s|train_loss 0.00665294|val_loss 0.00190684
Epoch  10|time: 3.53s|train_loss 0.00722428|val_loss 0.00201129
Epoch  11|time: 3.49s|train_loss 0.00706815|val_loss 0.00096707
Best validation epoch: 11 Tue May 23 12:42:50 2023
TEST MAE 1.3365 | std 0.4711 | RMSE 1.6140 | RMSEs 1.5345 | PCC 0.3235 | PCCs 0.5133 | R2 -1.9264 | R2s -3.1843 | Var 0.0800 | Vars 0.0012 | Peak 0.7896
Epoch  12|time: 4.26s|train_loss 0.00619534|val_loss 0.00054622
Best validation epoch: 12 Tue May 23 12:42:55 2023
TEST MAE 0.6970 | std 0.2747 | RMSE 1.0234 | RMSEs 0.9627 | PCC 0.5181 | PCCs 0.7046 | R2 -0.1766 | R2s -0.6056 | Var 0.2191 | Vars 0.0020 | Peak 0.5150
Epoch  13|time: 3.83s|train_loss 0.00605037|val_loss 0.00054093
Best validation epoch: 13 Tue May 23 12:43:00 2023
TEST MAE 0.6015 | std 0.1995 | RMSE 0.8656 | RMSEs 0.8199 | PCC 0.5150 | PCCs 0.8196 | R2 0.1583 | R2s -0.1699 | Var 0.2469 | Vars 0.0029 | Peak 0.3993
Epoch  14|time: 4.59s|train_loss 0.00591858|val_loss 0.00077671
Epoch  15|time: 3.63s|train_loss 0.00645099|val_loss 0.00059784
Epoch  16|time: 4.19s|train_loss 0.00627175|val_loss 0.00118273
Epoch  17|time: 4.00s|train_loss 0.00659805|val_loss 0.00078254
Epoch  18|time: 3.84s|train_loss 0.00591043|val_loss 0.00088823
Epoch  19|time: 3.86s|train_loss 0.00606568|val_loss 0.00061915
Epoch  20|time: 3.53s|train_loss 0.00556529|val_loss 0.00053330
Best validation epoch: 20 Tue May 23 12:43:28 2023
TEST MAE 0.6242 | std 0.2289 | RMSE 0.9187 | RMSEs 0.8658 | PCC 0.5242 | PCCs 0.8754 | R2 0.0518 | R2s -0.2988 | Var 0.2424 | Vars 0.0089 | Peak 0.4468
Epoch  21|time: 4.00s|train_loss 0.00570698|val_loss 0.00053267
Best validation epoch: 21 Tue May 23 12:43:33 2023
TEST MAE 0.6378 | std 0.2394 | RMSE 0.9405 | RMSEs 0.8855 | PCC 0.5270 | PCCs 0.8752 | R2 0.0063 | R2s -0.3580 | Var 0.2398 | Vars 0.0105 | Peak 0.4628
Epoch  22|time: 3.88s|train_loss 0.00555698|val_loss 0.00055025
Epoch  23|time: 3.89s|train_loss 0.00542952|val_loss 0.00056662
Epoch  24|time: 4.01s|train_loss 0.00551279|val_loss 0.00100443
Epoch  25|time: 3.47s|train_loss 0.00566254|val_loss 0.00118261
Epoch  26|time: 3.69s|train_loss 0.00558387|val_loss 0.00067884
Epoch  27|time: 3.67s|train_loss 0.00551769|val_loss 0.00099606
Epoch  28|time: 3.58s|train_loss 0.00613993|val_loss 0.00051315
Best validation epoch: 28 Tue May 23 12:44:00 2023
TEST MAE 0.6021 | std 0.2218 | RMSE 0.8897 | RMSEs 0.8383 | PCC 0.5905 | PCCs 0.8741 | R2 0.1108 | R2s -0.2175 | Var 0.2918 | Vars 0.0737 | Peak 0.4325
Epoch  29|time: 4.58s|train_loss 0.00554308|val_loss 0.00114702
Epoch  30|time: 6.10s|train_loss 0.00580054|val_loss 0.00212809
Epoch  31|time: 7.64s|train_loss 0.00662464|val_loss 0.00252295
Epoch  32|time: 7.18s|train_loss 0.00685181|val_loss 0.00149552
Epoch  33|time: 5.28s|train_loss 0.00575426|val_loss 0.00095618
Epoch  34|time: 6.52s|train_loss 0.00566652|val_loss 0.00061674
Epoch  35|time: 7.15s|train_loss 0.00552927|val_loss 0.00062390
Epoch  36|time: 5.11s|train_loss 0.00548685|val_loss 0.00101074
Epoch  37|time: 5.86s|train_loss 0.00575238|val_loss 0.00063045
Epoch  38|time: 6.73s|train_loss 0.00559059|val_loss 0.00056519
Epoch  39|time: 4.10s|train_loss 0.00550642|val_loss 0.00082399
Epoch  40|time: 3.52s|train_loss 0.00561252|val_loss 0.00054140
Epoch  41|time: 3.70s|train_loss 0.00559322|val_loss 0.00073159
Epoch  42|time: 3.37s|train_loss 0.00552476|val_loss 0.00079649
Epoch  43|time: 3.46s|train_loss 0.00559639|val_loss 0.00083994
Epoch  44|time: 3.52s|train_loss 0.00558259|val_loss 0.00054900
Epoch  45|time: 3.38s|train_loss 0.00548735|val_loss 0.00124700
Epoch  46|time: 4.30s|train_loss 0.00580439|val_loss 0.00089123
Epoch  47|time: 3.49s|train_loss 0.00588827|val_loss 0.00076347
Epoch  48|time: 3.37s|train_loss 0.00607505|val_loss 0.00098321
Epoch  49|time: 3.41s|train_loss 0.00558051|val_loss 0.00066419
Epoch  50|time: 3.49s|train_loss 0.00549423|val_loss 0.00061772
Epoch  51|time: 3.38s|train_loss 0.00554856|val_loss 0.00055326
Epoch  52|time: 3.46s|train_loss 0.00552201|val_loss 0.00093243
Epoch  53|time: 3.57s|train_loss 0.00575826|val_loss 0.00065386
Epoch  54|time: 3.38s|train_loss 0.00598227|val_loss 0.00126978
Epoch  55|time: 3.41s|train_loss 0.00612134|val_loss 0.00060066
Epoch  56|time: 3.52s|train_loss 0.00616818|val_loss 0.00249087
Epoch  57|time: 3.50s|train_loss 0.00672079|val_loss 0.00288667
Epoch  58|time: 3.73s|train_loss 0.00677981|val_loss 0.00273660
Epoch  59|time: 3.38s|train_loss 0.00681205|val_loss 0.00318339
Epoch  60|time: 3.38s|train_loss 0.00678472|val_loss 0.00254795
Epoch  61|time: 3.60s|train_loss 0.00691197|val_loss 0.00287978
Epoch  62|time: 3.37s|train_loss 0.00674200|val_loss 0.00285693
Epoch  63|time: 3.37s|train_loss 0.00667883|val_loss 0.00238926
Epoch  64|time: 3.47s|train_loss 0.00681102|val_loss 0.00386840
Epoch  65|time: 3.46s|train_loss 0.00777604|val_loss 0.00064437
Epoch  66|time: 3.38s|train_loss 0.00606185|val_loss 0.00270821
Epoch  67|time: 3.50s|train_loss 0.00676087|val_loss 0.00115411
Epoch  68|time: 3.38s|train_loss 0.00614495|val_loss 0.00079222
Epoch  69|time: 3.39s|train_loss 0.00594475|val_loss 0.00080998
Epoch  70|time: 3.45s|train_loss 0.00649851|val_loss 0.00064121
Epoch  71|time: 3.50s|train_loss 0.00671563|val_loss 0.00054822
Epoch  72|time: 3.38s|train_loss 0.00594818|val_loss 0.00072563
Epoch  73|time: 3.41s|train_loss 0.00593856|val_loss 0.00143973
Epoch  74|time: 3.43s|train_loss 0.00572382|val_loss 0.00101126
Epoch  75|time: 3.45s|train_loss 0.00556849|val_loss 0.00115080
Epoch  76|time: 3.71s|train_loss 0.00595490|val_loss 0.00122989
Epoch  77|time: 3.37s|train_loss 0.00598148|val_loss 0.00052279
Epoch  78|time: 3.10s|train_loss 0.00551639|val_loss 0.00066807
Epoch  79|time: 2.34s|train_loss 0.00547799|val_loss 0.00127544
Epoch  80|time: 2.23s|train_loss 0.00635927|val_loss 0.00079475
Epoch  81|time: 2.29s|train_loss 0.00691907|val_loss 0.00258897
Epoch  82|time: 2.16s|train_loss 0.00635848|val_loss 0.00063366
Epoch  83|time: 2.14s|train_loss 0.00621529|val_loss 0.00138156
Epoch  84|time: 2.20s|train_loss 0.00573379|val_loss 0.00138254
Epoch  85|time: 2.43s|train_loss 0.00594600|val_loss 0.00131883
Epoch  86|time: 2.15s|train_loss 0.00601889|val_loss 0.00066634
Epoch  87|time: 3.34s|train_loss 0.00552151|val_loss 0.00055702
Epoch  88|time: 3.50s|train_loss 0.00562780|val_loss 0.00069492
Epoch  89|time: 3.55s|train_loss 0.00548631|val_loss 0.00137812
Epoch  90|time: 3.52s|train_loss 0.00621465|val_loss 0.00049171
Best validation epoch: 90 Tue May 23 12:47:55 2023
TEST MAE 0.5491 | std 0.1877 | RMSE 0.8045 | RMSEs 0.7604 | PCC 0.6512 | PCCs 0.8747 | R2 0.2730 | R2s -0.0043 | Var 0.3593 | Vars 0.1546 | Peak 0.3728
Epoch  91|time: 3.39s|train_loss 0.00590065|val_loss 0.00074824
Epoch  92|time: 3.40s|train_loss 0.00598142|val_loss 0.00049713
Epoch  93|time: 3.86s|train_loss 0.00584407|val_loss 0.00063744
Epoch  94|time: 3.38s|train_loss 0.00598203|val_loss 0.00054095
Epoch  95|time: 3.41s|train_loss 0.00591397|val_loss 0.00108905
Epoch  96|time: 3.55s|train_loss 0.00576854|val_loss 0.00088080
Epoch  97|time: 3.63s|train_loss 0.00591225|val_loss 0.00212788
Epoch  98|time: 3.63s|train_loss 0.00669070|val_loss 0.00094379
Epoch  99|time: 3.60s|train_loss 0.00555753|val_loss 0.00081313
Epoch 100|time: 3.35s|train_loss 0.00561729|val_loss 0.00063457
Epoch 101|time: 3.53s|train_loss 0.00561451|val_loss 0.00172669
Epoch 102|time: 3.58s|train_loss 0.00647524|val_loss 0.00226451
Epoch 103|time: 3.92s|train_loss 0.00602117|val_loss 0.00054803
Epoch 104|time: 3.65s|train_loss 0.00557944|val_loss 0.00112324
Epoch 105|time: 3.44s|train_loss 0.00569108|val_loss 0.00083492
Epoch 106|time: 3.46s|train_loss 0.00563147|val_loss 0.00119065
Epoch 107|time: 3.68s|train_loss 0.00591354|val_loss 0.00091928
Epoch 108|time: 3.35s|train_loss 0.00588162|val_loss 0.00121636
Epoch 109|time: 3.38s|train_loss 0.00606805|val_loss 0.00054231
Epoch 110|time: 3.45s|train_loss 0.00577798|val_loss 0.00054475
Epoch 111|time: 3.43s|train_loss 0.00598590|val_loss 0.00200990
Epoch 112|time: 3.36s|train_loss 0.00593783|val_loss 0.00113370
Epoch 113|time: 3.46s|train_loss 0.00606878|val_loss 0.00134612
Epoch 114|time: 3.35s|train_loss 0.00614053|val_loss 0.00091427
Epoch 115|time: 3.35s|train_loss 0.00556153|val_loss 0.00052983
Epoch 116|time: 3.35s|train_loss 0.00543609|val_loss 0.00105646
Epoch 117|time: 3.46s|train_loss 0.00588221|val_loss 0.00148475
Epoch 118|time: 3.36s|train_loss 0.00589530|val_loss 0.00155163
Epoch 119|time: 3.43s|train_loss 0.00620131|val_loss 0.00260899
Epoch 120|time: 3.36s|train_loss 0.00589454|val_loss 0.00082494
Epoch 121|time: 3.47s|train_loss 0.00564172|val_loss 0.00062361
Epoch 122|time: 3.52s|train_loss 0.00590893|val_loss 0.00076608
Epoch 123|time: 3.36s|train_loss 0.00562618|val_loss 0.00054130
Epoch 124|time: 3.35s|train_loss 0.00550116|val_loss 0.00045438
Best validation epoch: 124 Tue May 23 12:49:54 2023
TEST MAE 0.5687 | std 0.2167 | RMSE 0.8452 | RMSEs 0.7964 | PCC 0.7491 | PCCs 0.8463 | R2 0.1976 | R2s -0.0980 | Var 0.4190 | Vars 0.2443 | Peak 0.4176
Epoch 125|time: 3.46s|train_loss 0.00555077|val_loss 0.00039072
Best validation epoch: 125 Tue May 23 12:49:58 2023
TEST MAE 0.4924 | std 0.1855 | RMSE 0.7413 | RMSEs 0.6998 | PCC 0.8350 | PCCs 0.8488 | R2 0.3826 | R2s 0.1520 | Var 0.5448 | Vars 0.4023 | Peak 0.3603
Epoch 126|time: 3.52s|train_loss 0.00586368|val_loss 0.00039098
Epoch 127|time: 3.55s|train_loss 0.00549261|val_loss 0.00110850
Epoch 128|time: 3.36s|train_loss 0.00583553|val_loss 0.00175451
Epoch 129|time: 3.51s|train_loss 0.00635244|val_loss 0.00128548
Epoch 130|time: 3.64s|train_loss 0.00636560|val_loss 0.00061468
Epoch 131|time: 3.39s|train_loss 0.00568396|val_loss 0.00118012
Epoch 132|time: 3.39s|train_loss 0.00552067|val_loss 0.00033979
Best validation epoch: 132 Tue May 23 12:50:23 2023
TEST MAE 0.4962 | std 0.1746 | RMSE 0.7250 | RMSEs 0.6921 | PCC 0.8262 | PCCs 0.7229 | R2 0.4096 | R2s 0.1569 | Var 0.5878 | Vars 0.4302 | Peak 0.3463
Epoch 133|time: 3.59s|train_loss 0.00534595|val_loss 0.00073389
Epoch 134|time: 3.50s|train_loss 0.00551143|val_loss 0.00065485
Epoch 135|time: 3.52s|train_loss 0.00589380|val_loss 0.00061987
Epoch 136|time: 3.43s|train_loss 0.00629647|val_loss 0.00156081
Epoch 137|time: 3.42s|train_loss 0.00593755|val_loss 0.00129230
Epoch 138|time: 3.54s|train_loss 0.00573883|val_loss 0.00106494
Epoch 139|time: 3.49s|train_loss 0.00621542|val_loss 0.00116815
Epoch 140|time: 3.42s|train_loss 0.00612341|val_loss 0.00107890
Epoch 141|time: 3.49s|train_loss 0.00576179|val_loss 0.00026890
Best validation epoch: 141 Tue May 23 12:50:55 2023
TEST MAE 0.4084 | std 0.1077 | RMSE 0.5887 | RMSEs 0.5707 | PCC 0.8377 | PCCs 0.7297 | R2 0.6106 | R2s 0.4067 | Var 0.6920 | Vars 0.5321 | Peak 0.2641
Epoch 142|time: 3.42s|train_loss 0.00548340|val_loss 0.00031935
Epoch 143|time: 3.48s|train_loss 0.00575316|val_loss 0.00038529
Epoch 144|time: 3.45s|train_loss 0.00582288|val_loss 0.00075130
Epoch 145|time: 3.42s|train_loss 0.00569955|val_loss 0.00122506
Epoch 146|time: 3.43s|train_loss 0.00622790|val_loss 0.00140870
Epoch 147|time: 3.72s|train_loss 0.00608347|val_loss 0.00213061
Epoch 148|time: 3.42s|train_loss 0.00650067|val_loss 0.00214756
Epoch 149|time: 3.42s|train_loss 0.00626973|val_loss 0.00229589
Epoch 150|time: 3.57s|train_loss 0.00640774|val_loss 0.00118832
Epoch 151|time: 3.43s|train_loss 0.00555336|val_loss 0.00040060
Epoch 152|time: 3.42s|train_loss 0.00521936|val_loss 0.00070605
Epoch 153|time: 3.59s|train_loss 0.00568853|val_loss 0.00035615
Epoch 154|time: 3.42s|train_loss 0.00566898|val_loss 0.00114275
Epoch 155|time: 3.51s|train_loss 0.00543594|val_loss 0.00092106
Epoch 156|time: 3.42s|train_loss 0.00547846|val_loss 0.00063618
Epoch 157|time: 3.49s|train_loss 0.00562591|val_loss 0.00064369
Epoch 158|time: 3.54s|train_loss 0.00608199|val_loss 0.00090264
Epoch 159|time: 3.42s|train_loss 0.00554945|val_loss 0.00079844
Epoch 160|time: 3.42s|train_loss 0.00584255|val_loss 0.00092983
Epoch 161|time: 3.55s|train_loss 0.00557172|val_loss 0.00109153
Epoch 162|time: 3.42s|train_loss 0.00558008|val_loss 0.00031009
Epoch 163|time: 3.41s|train_loss 0.00522823|val_loss 0.00029867
Epoch 164|time: 3.59s|train_loss 0.00512386|val_loss 0.00048710
Epoch 165|time: 3.42s|train_loss 0.00528671|val_loss 0.00031259
Epoch 166|time: 3.49s|train_loss 0.00532221|val_loss 0.00039404
Epoch 167|time: 3.52s|train_loss 0.00560236|val_loss 0.00029562
Epoch 168|time: 3.43s|train_loss 0.00553612|val_loss 0.00072160
Epoch 169|time: 3.44s|train_loss 0.00571646|val_loss 0.00032986
Epoch 170|time: 3.57s|train_loss 0.00526212|val_loss 0.00086577
Epoch 171|time: 3.53s|train_loss 0.00575388|val_loss 0.00107082
Epoch 172|time: 3.45s|train_loss 0.00551975|val_loss 0.00160877
Epoch 173|time: 3.53s|train_loss 0.00633759|val_loss 0.00177096
Epoch 174|time: 3.43s|train_loss 0.00607062|val_loss 0.00083141
Epoch 175|time: 3.48s|train_loss 0.00622071|val_loss 0.00068145
Epoch 176|time: 3.47s|train_loss 0.00554925|val_loss 0.00044794
Epoch 177|time: 3.46s|train_loss 0.00564557|val_loss 0.00127806
Epoch 178|time: 3.50s|train_loss 0.00568276|val_loss 0.00086579
Epoch 179|time: 3.43s|train_loss 0.00557804|val_loss 0.00095397
Epoch 180|time: 3.53s|train_loss 0.00574845|val_loss 0.00027429
Epoch 181|time: 3.53s|train_loss 0.00528683|val_loss 0.00026194
Best validation epoch: 181 Tue May 23 12:53:15 2023
TEST MAE 0.3053 | std 0.0780 | RMSE 0.4415 | RMSEs 0.4287 | PCC 0.8914 | PCCs 0.8345 | R2 0.7810 | R2s 0.6594 | Var 0.7811 | Vars 0.6612 | Peak 0.1867
Epoch 182|time: 3.43s|train_loss 0.00532239|val_loss 0.00055155
Epoch 183|time: 3.44s|train_loss 0.00547139|val_loss 0.00137808
Epoch 184|time: 3.59s|train_loss 0.00631209|val_loss 0.00256679
Epoch 185|time: 3.45s|train_loss 0.00599614|val_loss 0.00104692
Epoch 186|time: 3.54s|train_loss 0.00596931|val_loss 0.00055737
Epoch 187|time: 3.53s|train_loss 0.00524265|val_loss 0.00051006
Epoch 188|time: 3.47s|train_loss 0.00544062|val_loss 0.00067958
Epoch 189|time: 3.56s|train_loss 0.00533333|val_loss 0.00072378
Epoch 190|time: 3.55s|train_loss 0.00570767|val_loss 0.00125363
Epoch 191|time: 3.46s|train_loss 0.00572419|val_loss 0.00105024
Epoch 192|time: 3.47s|train_loss 0.00535688|val_loss 0.00026193
Best validation epoch: 192 Tue May 23 12:53:55 2023
TEST MAE 0.2919 | std 0.0767 | RMSE 0.4229 | RMSEs 0.4101 | PCC 0.9028 | PCCs 0.8525 | R2 0.7991 | R2s 0.6907 | Var 0.8029 | Vars 0.6993 | Peak 0.1736
Epoch 193|time: 3.88s|train_loss 0.00534014|val_loss 0.00121590
Epoch 194|time: 3.80s|train_loss 0.00565476|val_loss 0.00065400
Epoch 195|time: 3.93s|train_loss 0.00568494|val_loss 0.00146360
Epoch 196|time: 3.81s|train_loss 0.00618117|val_loss 0.00317911
Epoch 197|time: 3.88s|train_loss 0.00669631|val_loss 0.00192325
Epoch 198|time: 3.80s|train_loss 0.00644527|val_loss 0.00155350
Epoch 199|time: 3.90s|train_loss 0.00561157|val_loss 0.00028735
Epoch 200|time: 3.80s|train_loss 0.00541829|val_loss 0.00093174
Epoch 201|time: 3.83s|train_loss 0.00548951|val_loss 0.00031401
Epoch 202|time: 3.80s|train_loss 0.00527065|val_loss 0.00056865
Epoch 203|time: 3.90s|train_loss 0.00522956|val_loss 0.00034045
Epoch 204|time: 3.81s|train_loss 0.00519575|val_loss 0.00045641
Epoch 205|time: 3.92s|train_loss 0.00550903|val_loss 0.00134687
Epoch 206|time: 3.81s|train_loss 0.00545199|val_loss 0.00026325
Epoch 207|time: 3.80s|train_loss 0.00546592|val_loss 0.00080555
Epoch 208|time: 3.96s|train_loss 0.00566117|val_loss 0.00098308
Epoch 209|time: 3.81s|train_loss 0.00557863|val_loss 0.00023331
Best validation epoch: 209 Tue May 23 12:55:01 2023
TEST MAE 0.3335 | std 0.0883 | RMSE 0.4810 | RMSEs 0.4676 | PCC 0.8854 | PCCs 0.8328 | R2 0.7401 | R2s 0.5949 | Var 0.7481 | Vars 0.6108 | Peak 0.2106
Epoch 210|time: 3.80s|train_loss 0.00529005|val_loss 0.00033680
Epoch 211|time: 3.81s|train_loss 0.00551183|val_loss 0.00191196
Epoch 212|time: 3.79s|train_loss 0.00622309|val_loss 0.00155570
Epoch 213|time: 3.81s|train_loss 0.00583434|val_loss 0.00179821
Epoch 214|time: 3.91s|train_loss 0.00614174|val_loss 0.00095283
Epoch 215|time: 3.80s|train_loss 0.00569295|val_loss 0.00167945
Epoch 216|time: 3.80s|train_loss 0.00622023|val_loss 0.00234789
Epoch 217|time: 3.80s|train_loss 0.00619026|val_loss 0.00142489
Epoch 218|time: 3.96s|train_loss 0.00618350|val_loss 0.00092125
Epoch 219|time: 3.79s|train_loss 0.00608623|val_loss 0.00118947
Epoch 220|time: 3.83s|train_loss 0.00597142|val_loss 0.00037947
Epoch 221|time: 3.94s|train_loss 0.00658502|val_loss 0.00157657
Epoch 222|time: 3.88s|train_loss 0.00589836|val_loss 0.00028159
Epoch 223|time: 3.97s|train_loss 0.00529063|val_loss 0.00032132
Epoch 224|time: 3.80s|train_loss 0.00532945|val_loss 0.00065765
Epoch 225|time: 3.81s|train_loss 0.00533919|val_loss 0.00039875
Epoch 226|time: 3.95s|train_loss 0.00531945|val_loss 0.00022401
Best validation epoch: 226 Tue May 23 12:56:07 2023
TEST MAE 0.3297 | std 0.1120 | RMSE 0.4730 | RMSEs 0.4535 | PCC 0.8884 | PCCs 0.8412 | R2 0.7487 | R2s 0.6313 | Var 0.7878 | Vars 0.6935 | Peak 0.1991
Epoch 227|time: 3.93s|train_loss 0.00535067|val_loss 0.00059162
Epoch 228|time: 3.99s|train_loss 0.00605413|val_loss 0.00166678
Epoch 229|time: 3.84s|train_loss 0.00594221|val_loss 0.00044176
Epoch 230|time: 3.83s|train_loss 0.00524322|val_loss 0.00062360
Epoch 231|time: 3.92s|train_loss 0.00540036|val_loss 0.00030539
Epoch 232|time: 3.94s|train_loss 0.00522034|val_loss 0.00027870
Epoch 233|time: 3.95s|train_loss 0.00591642|val_loss 0.00260056
Epoch 234|time: 3.88s|train_loss 0.00621313|val_loss 0.00037526
Epoch 235|time: 3.91s|train_loss 0.00587807|val_loss 0.00231092
Epoch 236|time: 4.20s|train_loss 0.00696876|val_loss 0.00080592
Epoch 237|time: 3.89s|train_loss 0.00699271|val_loss 0.00168034
Epoch 238|time: 4.02s|train_loss 0.00588275|val_loss 0.00079180
Epoch 239|time: 3.91s|train_loss 0.00589143|val_loss 0.00236692
Epoch 240|time: 3.90s|train_loss 0.00623876|val_loss 0.00039052
Epoch 241|time: 3.99s|train_loss 0.00622019|val_loss 0.00119590
Epoch 242|time: 3.99s|train_loss 0.00594842|val_loss 0.00090948
Epoch 243|time: 4.02s|train_loss 0.00565598|val_loss 0.00048332
Epoch 244|time: 4.16s|train_loss 0.00534448|val_loss 0.00048834
Epoch 245|time: 3.94s|train_loss 0.00542486|val_loss 0.00084104
Epoch 246|time: 4.14s|train_loss 0.00569606|val_loss 0.00049212
Epoch 247|time: 4.09s|train_loss 0.00566510|val_loss 0.00082062
Epoch 248|time: 4.22s|train_loss 0.00568060|val_loss 0.00054275
Epoch 249|time: 4.06s|train_loss 0.00569809|val_loss 0.00050714
Epoch 250|time: 4.09s|train_loss 0.00540093|val_loss 0.00054492
Epoch 251|time: 4.18s|train_loss 0.00551645|val_loss 0.00020890
Best validation epoch: 251 Tue May 23 12:57:48 2023
TEST MAE 0.2864 | std 0.0824 | RMSE 0.4085 | RMSEs 0.3941 | PCC 0.9123 | PCCs 0.8724 | R2 0.8125 | R2s 0.7165 | Var 0.8286 | Vars 0.7430 | Peak 0.1684
Epoch 252|time: 4.12s|train_loss 0.00586168|val_loss 0.00073998
Epoch 253|time: 4.22s|train_loss 0.00580903|val_loss 0.00113450
Epoch 254|time: 4.18s|train_loss 0.00550930|val_loss 0.00110733
Epoch 255|time: 4.42s|train_loss 0.00563056|val_loss 0.00027777
Epoch 256|time: 4.27s|train_loss 0.00521073|val_loss 0.00052882
Epoch 257|time: 4.28s|train_loss 0.00557543|val_loss 0.00258659
Epoch 258|time: 4.43s|train_loss 0.00717670|val_loss 0.00184195
Epoch 259|time: 4.28s|train_loss 0.00611145|val_loss 0.00081146
Epoch 260|time: 4.39s|train_loss 0.00537847|val_loss 0.00031854
Epoch 261|time: 4.42s|train_loss 0.00508917|val_loss 0.00105423
Epoch 262|time: 4.43s|train_loss 0.00616992|val_loss 0.00076840
Epoch 263|time: 4.34s|train_loss 0.00657890|val_loss 0.00157355
Epoch 264|time: 4.46s|train_loss 0.00616776|val_loss 0.00132750
Epoch 265|time: 4.36s|train_loss 0.00600021|val_loss 0.00093194
Epoch 266|time: 4.38s|train_loss 0.00628657|val_loss 0.00049054
Epoch 267|time: 4.55s|train_loss 0.00557547|val_loss 0.00135930
Epoch 268|time: 4.41s|train_loss 0.00626036|val_loss 0.00225999
Epoch 269|time: 4.67s|train_loss 0.00593394|val_loss 0.00057662
Epoch 270|time: 4.44s|train_loss 0.00552628|val_loss 0.00072028
Epoch 271|time: 4.72s|train_loss 0.00619881|val_loss 0.00080887
Epoch 272|time: 4.44s|train_loss 0.00647870|val_loss 0.00099682
Epoch 273|time: 4.53s|train_loss 0.00653703|val_loss 0.00158957
Epoch 274|time: 4.47s|train_loss 0.00591678|val_loss 0.00164046
Epoch 275|time: 4.57s|train_loss 0.00618500|val_loss 0.00253213
Epoch 276|time: 4.62s|train_loss 0.00587138|val_loss 0.00040214
Epoch 277|time: 4.50s|train_loss 0.00532725|val_loss 0.00027090
Epoch 278|time: 4.68s|train_loss 0.00533478|val_loss 0.00028402
Epoch 279|time: 4.60s|train_loss 0.00538427|val_loss 0.00030063
Epoch 280|time: 4.62s|train_loss 0.00531545|val_loss 0.00040642
Epoch 281|time: 4.64s|train_loss 0.00590400|val_loss 0.00238423
Epoch 282|time: 5.31s|train_loss 0.00630016|val_loss 0.00105882
Epoch 283|time: 4.97s|train_loss 0.00586693|val_loss 0.00086676
Epoch 284|time: 4.72s|train_loss 0.00553733|val_loss 0.00042527
Epoch 285|time: 4.56s|train_loss 0.00565207|val_loss 0.00031402
Epoch 286|time: 4.64s|train_loss 0.00537188|val_loss 0.00025971
Epoch 287|time: 4.58s|train_loss 0.00550717|val_loss 0.00208166
Epoch 288|time: 4.68s|train_loss 0.00633818|val_loss 0.00125260
Epoch 289|time: 4.68s|train_loss 0.00609847|val_loss 0.00130289
Epoch 290|time: 4.70s|train_loss 0.00608307|val_loss 0.00148250
Epoch 291|time: 4.60s|train_loss 0.00616720|val_loss 0.00066178
Epoch 292|time: 4.59s|train_loss 0.00591018|val_loss 0.00195519
Epoch 293|time: 4.88s|train_loss 0.00617817|val_loss 0.00214262
Epoch 294|time: 4.62s|train_loss 0.00619071|val_loss 0.00129499
Epoch 295|time: 4.79s|train_loss 0.00589630|val_loss 0.00139685
Epoch 296|time: 4.60s|train_loss 0.00602587|val_loss 0.00123023
Epoch 297|time: 5.02s|train_loss 0.00579627|val_loss 0.00039870
Epoch 298|time: 4.62s|train_loss 0.00523560|val_loss 0.00033938
Epoch 299|time: 4.73s|train_loss 0.00523338|val_loss 0.00062767
Epoch 300|time: 4.63s|train_loss 0.00533701|val_loss 0.00146318
Epoch 301|time: 4.74s|train_loss 0.00609153|val_loss 0.00192087
Epoch 302|time: 4.71s|train_loss 0.00559791|val_loss 0.00071817
Epoch 303|time: 4.73s|train_loss 0.00526993|val_loss 0.00056028
Epoch 304|time: 4.64s|train_loss 0.00521940|val_loss 0.00045268
Epoch 305|time: 4.72s|train_loss 0.00515929|val_loss 0.00081614
Epoch 306|time: 4.66s|train_loss 0.00548781|val_loss 0.00073497
Epoch 307|time: 4.77s|train_loss 0.00548154|val_loss 0.00033138
Epoch 308|time: 4.67s|train_loss 0.00544721|val_loss 0.00112264
Epoch 309|time: 4.65s|train_loss 0.00537973|val_loss 0.00121723
Epoch 310|time: 4.94s|train_loss 0.00571845|val_loss 0.00044230
Epoch 311|time: 4.73s|train_loss 0.00625197|val_loss 0.00044131
Epoch 312|time: 4.75s|train_loss 0.00572387|val_loss 0.00139401
Epoch 313|time: 4.68s|train_loss 0.00557787|val_loss 0.00077771
Epoch 314|time: 4.76s|train_loss 0.00554001|val_loss 0.00101159
Epoch 315|time: 4.68s|train_loss 0.00537588|val_loss 0.00041360
Epoch 316|time: 4.81s|train_loss 0.00553100|val_loss 0.00043849
Epoch 317|time: 4.69s|train_loss 0.00545564|val_loss 0.00108819
Epoch 318|time: 4.73s|train_loss 0.00540671|val_loss 0.00087819
Epoch 319|time: 4.70s|train_loss 0.00540005|val_loss 0.00047090
Epoch 320|time: 4.78s|train_loss 0.00549828|val_loss 0.00039058
Epoch 321|time: 4.78s|train_loss 0.00565823|val_loss 0.00064097
Epoch 322|time: 4.87s|train_loss 0.00550968|val_loss 0.00053167
Epoch 323|time: 4.89s|train_loss 0.00607485|val_loss 0.00084314
Epoch 324|time: 4.81s|train_loss 0.00584520|val_loss 0.00042351
Epoch 325|time: 4.78s|train_loss 0.00574364|val_loss 0.00036153
Epoch 326|time: 4.86s|train_loss 0.00528667|val_loss 0.00027998
Epoch 327|time: 4.71s|train_loss 0.00534451|val_loss 0.00114214
Epoch 328|time: 4.80s|train_loss 0.00568527|val_loss 0.00026124
Epoch 329|time: 4.81s|train_loss 0.00566606|val_loss 0.00180928
Epoch 330|time: 4.70s|train_loss 0.00616874|val_loss 0.00029905
Epoch 331|time: 4.77s|train_loss 0.00594062|val_loss 0.00149122
Epoch 332|time: 4.71s|train_loss 0.00595135|val_loss 0.00132494
Epoch 333|time: 4.80s|train_loss 0.00562418|val_loss 0.00121059
Epoch 334|time: 4.70s|train_loss 0.00553484|val_loss 0.00071860
Epoch 335|time: 5.05s|train_loss 0.00542043|val_loss 0.00069952
Epoch 336|time: 4.71s|train_loss 0.00540117|val_loss 0.00048974
Epoch 337|time: 4.79s|train_loss 0.00528172|val_loss 0.00043474
Epoch 338|time: 4.72s|train_loss 0.00581145|val_loss 0.00153782
Epoch 339|time: 4.85s|train_loss 0.00592513|val_loss 0.00198723
Epoch 340|time: 4.72s|train_loss 0.00615919|val_loss 0.00140931
Epoch 341|time: 4.74s|train_loss 0.00552136|val_loss 0.00037247
Epoch 342|time: 4.73s|train_loss 0.00522042|val_loss 0.00109572
Epoch 343|time: 4.97s|train_loss 0.00546792|val_loss 0.00060147
Epoch 344|time: 4.72s|train_loss 0.00538504|val_loss 0.00054979
Epoch 345|time: 5.10s|train_loss 0.00541946|val_loss 0.00062164
Epoch 346|time: 4.73s|train_loss 0.00532725|val_loss 0.00074770
Epoch 347|time: 4.89s|train_loss 0.00546632|val_loss 0.00045158
Epoch 348|time: 4.74s|train_loss 0.00529745|val_loss 0.00038368
Epoch 349|time: 4.86s|train_loss 0.00525685|val_loss 0.00055147
Epoch 350|time: 4.76s|train_loss 0.00524083|val_loss 0.00028312
Epoch 351|time: 4.73s|train_loss 0.00529389|val_loss 0.00039024
Epoch 352|time: 4.71s|train_loss 0.00564911|val_loss 0.00102794
Epoch 353|time: 4.82s|train_loss 0.00539665|val_loss 0.00025392
Epoch 354|time: 4.83s|train_loss 0.00524298|val_loss 0.00037110
Epoch 355|time: 4.72s|train_loss 0.00513983|val_loss 0.00026069
Epoch 356|time: 4.84s|train_loss 0.00529407|val_loss 0.00023878
Epoch 357|time: 4.81s|train_loss 0.00550125|val_loss 0.00146416
Epoch 358|time: 4.78s|train_loss 0.00614638|val_loss 0.00171781
Epoch 359|time: 4.72s|train_loss 0.00639196|val_loss 0.00169057
Epoch 360|time: 4.87s|train_loss 0.00570773|val_loss 0.00041579
Epoch 361|time: 4.72s|train_loss 0.00617060|val_loss 0.00133229
Epoch 362|time: 4.91s|train_loss 0.00606366|val_loss 0.00082110
Epoch 363|time: 4.74s|train_loss 0.00552861|val_loss 0.00034863
Epoch 364|time: 4.90s|train_loss 0.00526553|val_loss 0.00039333
Epoch 365|time: 4.74s|train_loss 0.00572246|val_loss 0.00041110
Epoch 366|time: 4.87s|train_loss 0.00541845|val_loss 0.00065497
Epoch 367|time: 4.86s|train_loss 0.00529650|val_loss 0.00024174
Epoch 368|time: 4.93s|train_loss 0.00543216|val_loss 0.00095145
Epoch 369|time: 4.75s|train_loss 0.00552100|val_loss 0.00037983
Epoch 370|time: 4.80s|train_loss 0.00551093|val_loss 0.00028859
Epoch 371|time: 4.83s|train_loss 0.00529502|val_loss 0.00029807
Epoch 372|time: 4.91s|train_loss 0.00515509|val_loss 0.00049985
Epoch 373|time: 4.89s|train_loss 0.00550956|val_loss 0.00020830
Best validation epoch: 373 Tue May 23 13:07:22 2023
TEST MAE 0.2823 | std 0.0779 | RMSE 0.4127 | RMSEs 0.3990 | PCC 0.9077 | PCCs 0.8643 | R2 0.8087 | R2s 0.7049 | Var 0.8175 | Vars 0.7192 | Peak 0.1715
Epoch 374|time: 4.80s|train_loss 0.00567803|val_loss 0.00181755
Epoch 375|time: 4.83s|train_loss 0.00605955|val_loss 0.00080418
Epoch 376|time: 4.98s|train_loss 0.00585558|val_loss 0.00147820
Epoch 377|time: 4.75s|train_loss 0.00591487|val_loss 0.00090525
Epoch 378|time: 4.77s|train_loss 0.00553516|val_loss 0.00129012
Epoch 379|time: 4.78s|train_loss 0.00605908|val_loss 0.00145245
Epoch 380|time: 4.96s|train_loss 0.00587417|val_loss 0.00156248
Epoch 381|time: 4.76s|train_loss 0.00612380|val_loss 0.00113288
Epoch 382|time: 4.81s|train_loss 0.00555098|val_loss 0.00115721
Epoch 383|time: 4.77s|train_loss 0.00554926|val_loss 0.00143912
Epoch 384|time: 4.81s|train_loss 0.00592418|val_loss 0.00208413
Epoch 385|time: 4.90s|train_loss 0.00605427|val_loss 0.00032846
Epoch 386|time: 4.81s|train_loss 0.00546353|val_loss 0.00033245
Epoch 387|time: 4.81s|train_loss 0.00527124|val_loss 0.00047483
Epoch 388|time: 4.78s|train_loss 0.00527217|val_loss 0.00028249
Epoch 389|time: 4.86s|train_loss 0.00551271|val_loss 0.00030477
Epoch 390|time: 4.78s|train_loss 0.00540452|val_loss 0.00092533
Epoch 391|time: 4.90s|train_loss 0.00561758|val_loss 0.00036797
Epoch 392|time: 4.79s|train_loss 0.00530729|val_loss 0.00034555
Epoch 393|time: 4.90s|train_loss 0.00511027|val_loss 0.00055008
Epoch 394|time: 4.87s|train_loss 0.00536258|val_loss 0.00137445
Epoch 395|time: 4.81s|train_loss 0.00604671|val_loss 0.00183204
Epoch 396|time: 4.79s|train_loss 0.00562128|val_loss 0.00167574
Epoch 397|time: 4.92s|train_loss 0.00607191|val_loss 0.00162041
Epoch 398|time: 4.83s|train_loss 0.00601186|val_loss 0.00052993
Epoch 399|time: 4.94s|train_loss 0.00551380|val_loss 0.00053531
Epoch 400|time: 4.80s|train_loss 0.00532303|val_loss 0.00053719
Epoch 401|time: 4.90s|train_loss 0.00524509|val_loss 0.00027084
Epoch 402|time: 4.79s|train_loss 0.00518195|val_loss 0.00079345
Epoch 403|time: 4.96s|train_loss 0.00546553|val_loss 0.00049479
Epoch 404|time: 4.80s|train_loss 0.00570634|val_loss 0.00108823
Epoch 405|time: 4.95s|train_loss 0.00558983|val_loss 0.00076480
Epoch 406|time: 4.82s|train_loss 0.00546164|val_loss 0.00086923
Epoch 407|time: 5.04s|train_loss 0.00552859|val_loss 0.00042340
Epoch 408|time: 4.79s|train_loss 0.00540796|val_loss 0.00049321
Epoch 409|time: 4.84s|train_loss 0.00533206|val_loss 0.00022902
Epoch 410|time: 4.79s|train_loss 0.00556322|val_loss 0.00058884
Epoch 411|time: 4.87s|train_loss 0.00558759|val_loss 0.00105566
Epoch 412|time: 4.79s|train_loss 0.00573587|val_loss 0.00138548
Epoch 413|time: 4.93s|train_loss 0.00565914|val_loss 0.00145443
Epoch 414|time: 4.80s|train_loss 0.00600074|val_loss 0.00127783
Epoch 415|time: 4.88s|train_loss 0.00596339|val_loss 0.00093822
Epoch 416|time: 4.79s|train_loss 0.00580619|val_loss 0.00038517
Epoch 417|time: 4.94s|train_loss 0.00516906|val_loss 0.00034705
Epoch 418|time: 4.80s|train_loss 0.00581517|val_loss 0.00230734
Epoch 419|time: 4.79s|train_loss 0.00624156|val_loss 0.00076108
Epoch 420|time: 4.92s|train_loss 0.00593650|val_loss 0.00108255
Epoch 421|time: 4.90s|train_loss 0.00562619|val_loss 0.00041724
Epoch 422|time: 4.95s|train_loss 0.00642237|val_loss 0.00047193
Epoch 423|time: 4.80s|train_loss 0.00629145|val_loss 0.00117140
Epoch 424|time: 4.98s|train_loss 0.00593567|val_loss 0.00034279
Epoch 425|time: 4.81s|train_loss 0.00566690|val_loss 0.00113437
Epoch 426|time: 4.88s|train_loss 0.00554839|val_loss 0.00049178
Epoch 427|time: 4.89s|train_loss 0.00526051|val_loss 0.00028027
Epoch 428|time: 4.81s|train_loss 0.00530364|val_loss 0.00123452
Epoch 429|time: 4.80s|train_loss 0.00556718|val_loss 0.00081824
Epoch 430|time: 4.89s|train_loss 0.00554066|val_loss 0.00074503
Epoch 431|time: 4.88s|train_loss 0.00539393|val_loss 0.00049495
Epoch 432|time: 4.96s|train_loss 0.00548741|val_loss 0.00060055
Epoch 433|time: 4.79s|train_loss 0.00546038|val_loss 0.00078620
Epoch 434|time: 4.94s|train_loss 0.00538721|val_loss 0.00045546
Epoch 435|time: 4.85s|train_loss 0.00542608|val_loss 0.00093771
Epoch 436|time: 4.85s|train_loss 0.00546730|val_loss 0.00075079
Epoch 437|time: 4.80s|train_loss 0.00540735|val_loss 0.00088346
Epoch 438|time: 4.81s|train_loss 0.00548346|val_loss 0.00032902
Epoch 439|time: 4.80s|train_loss 0.00541048|val_loss 0.00051335
Epoch 440|time: 4.91s|train_loss 0.00533297|val_loss 0.00073905
Epoch 441|time: 4.79s|train_loss 0.00532644|val_loss 0.00091233
Epoch 442|time: 4.82s|train_loss 0.00557138|val_loss 0.00051611
Epoch 443|time: 4.80s|train_loss 0.00613034|val_loss 0.00210738
Epoch 444|time: 4.81s|train_loss 0.00656225|val_loss 0.00307896
Epoch 445|time: 4.87s|train_loss 0.00679487|val_loss 0.00256890
Epoch 446|time: 4.92s|train_loss 0.00668219|val_loss 0.00213943
Epoch 447|time: 4.88s|train_loss 0.00589582|val_loss 0.00083523
Epoch 448|time: 4.83s|train_loss 0.00536968|val_loss 0.00148924
Epoch 449|time: 4.86s|train_loss 0.00597917|val_loss 0.00045277
Epoch 450|time: 4.88s|train_loss 0.00611590|val_loss 0.00257507
Epoch 451|time: 4.79s|train_loss 0.00641799|val_loss 0.00202843
Epoch 452|time: 4.83s|train_loss 0.00587915|val_loss 0.00068500
Epoch 453|time: 4.85s|train_loss 0.00526625|val_loss 0.00038922
Epoch 454|time: 4.89s|train_loss 0.00583609|val_loss 0.00166068
Epoch 455|time: 4.81s|train_loss 0.00594339|val_loss 0.00060667
Epoch 456|time: 4.79s|train_loss 0.00598181|val_loss 0.00164517
Epoch 457|time: 4.92s|train_loss 0.00585114|val_loss 0.00060831
Epoch 458|time: 4.80s|train_loss 0.00534466|val_loss 0.00033952
Epoch 459|time: 5.01s|train_loss 0.00557124|val_loss 0.00040750
Epoch 460|time: 4.84s|train_loss 0.00533340|val_loss 0.00090702
Epoch 461|time: 4.81s|train_loss 0.00579369|val_loss 0.00046640
Epoch 462|time: 4.79s|train_loss 0.00581664|val_loss 0.00076474
Epoch 463|time: 4.96s|train_loss 0.00570117|val_loss 0.00163778
Epoch 464|time: 4.78s|train_loss 0.00580677|val_loss 0.00140192
Epoch 465|time: 4.95s|train_loss 0.00570626|val_loss 0.00138952
Epoch 466|time: 4.78s|train_loss 0.00567822|val_loss 0.00072652
Epoch 467|time: 4.89s|train_loss 0.00538870|val_loss 0.00121386
Epoch 468|time: 5.06s|train_loss 0.00632418|val_loss 0.00094106
Epoch 469|time: 5.20s|train_loss 0.00616189|val_loss 0.00126465
Epoch 470|time: 4.87s|train_loss 0.00570726|val_loss 0.00118834
Epoch 471|time: 4.84s|train_loss 0.00628448|val_loss 0.00138196
Epoch 472|time: 4.80s|train_loss 0.00642750|val_loss 0.00056956
Epoch 473|time: 4.88s|train_loss 0.00678519|val_loss 0.00238946
Epoch 474|time: 4.82s|train_loss 0.00634900|val_loss 0.00103214
Epoch 475|time: 4.90s|train_loss 0.00624699|val_loss 0.00152599
Epoch 476|time: 4.79s|train_loss 0.00564647|val_loss 0.00050193
Epoch 477|time: 4.99s|train_loss 0.00522966|val_loss 0.00041507
Epoch 478|time: 4.81s|train_loss 0.00566169|val_loss 0.00067534
Epoch 479|time: 4.80s|train_loss 0.00542902|val_loss 0.00066200
Epoch 480|time: 4.80s|train_loss 0.00536131|val_loss 0.00055121
Epoch 481|time: 5.01s|train_loss 0.00541503|val_loss 0.00168836
Epoch 482|time: 5.92s|train_loss 0.00564806|val_loss 0.00125592
Epoch 483|time: 5.76s|train_loss 0.00571526|val_loss 0.00187391
Epoch 484|time: 5.54s|train_loss 0.00640472|val_loss 0.00302140
Epoch 485|time: 5.82s|train_loss 0.00757629|val_loss 0.00115248
Epoch 486|time: 5.25s|train_loss 0.00634242|val_loss 0.00097596
Epoch 487|time: 5.32s|train_loss 0.00654543|val_loss 0.00066219
Epoch 488|time: 5.19s|train_loss 0.00670125|val_loss 0.00052798
Epoch 489|time: 5.08s|train_loss 0.00647488|val_loss 0.00051954
Epoch 490|time: 5.68s|train_loss 0.00608773|val_loss 0.00176414
Epoch 491|time: 4.82s|train_loss 0.00597506|val_loss 0.00102344
Epoch 492|time: 6.27s|train_loss 0.00585711|val_loss 0.00131927
Epoch 493|time: 4.45s|train_loss 0.00574453|val_loss 0.00094583
Epoch 494|time: 4.55s|train_loss 0.00579439|val_loss 0.00068921
Epoch 495|time: 4.74s|train_loss 0.00541652|val_loss 0.00065205
Epoch 496|time: 4.54s|train_loss 0.00560202|val_loss 0.00129904
Epoch 497|time: 4.47s|train_loss 0.00550395|val_loss 0.00039509
Epoch 498|time: 3.50s|train_loss 0.00547759|val_loss 0.00146040
Epoch 499|time: 4.03s|train_loss 0.00571278|val_loss 0.00144171
Epoch 500|time: 4.58s|train_loss 0.00562309|val_loss 0.00160491
Final evaluation
TEST MAE 0.2823 | std 0.0779 | RMSE 0.4127 | RMSEs 0.3990 | PCC 0.9077 | PCCs 0.8643 | R2 0.8087 | R2s 0.7049 | Var 0.8175 | Vars 0.7192 | Peak 0.1715
