--------Parameters--------
Namespace(batch=32, bi=False, check_point=1, cuda=False, dataset='us_hhs', dropout=0.2, epilambda=0.1, epochs=500, gpu=3, hidsp=15, horizon=2, k=10, lamda=0.01, lr=0.1, model='cola_gnn_epi', mylog=False, n_hidden=20, n_layer=1, patience=200, rnn_model='RNN', save_dir='save', seed=42, shuffle=False, sim_mat='us_hhs-adj', test=0.2, train=0.6, val=0.2, weight_decay=0.0005, window=20)
--------------------------
data shape (364, 10)
size of train/val/test sets 197 73 73
#params: 5145
begin training
Epoch   1|time: 3.60s|train_loss 0.00838608|val_loss 0.00104111
Best validation epoch: 1 Tue May 23 10:42:09 2023
TEST MAE 1.7512 | std 0.4147 | RMSE 1.9976 | RMSEs 1.9398 | PCC 0.5149 | PCCs 0.4960 | R2 -3.4828 | R2s -6.5184 | Var -0.4182 | Vars -0.9138 | Peak 0.6742
Epoch   2|time: 3.56s|train_loss 0.00447792|val_loss 0.00051521
Best validation epoch: 2 Tue May 23 10:42:13 2023
TEST MAE 0.6019 | std 0.2203 | RMSE 0.8872 | RMSEs 0.8369 | PCC 0.5930 | PCCs 0.8711 | R2 0.1158 | R2s -0.2142 | Var 0.2939 | Vars 0.0725 | Peak 0.4310
Epoch   3|time: 3.53s|train_loss 0.00172053|val_loss 0.00092406
Epoch   4|time: 3.72s|train_loss 0.00199057|val_loss 0.00071148
Epoch   5|time: 3.53s|train_loss 0.00181387|val_loss 0.00070750
Epoch   6|time: 3.60s|train_loss 0.00155190|val_loss 0.00052235
Epoch   7|time: 3.67s|train_loss 0.00144994|val_loss 0.00086948
Epoch   8|time: 3.52s|train_loss 0.00187250|val_loss 0.00157912
Epoch   9|time: 3.62s|train_loss 0.00201448|val_loss 0.00072836
Epoch  10|time: 3.52s|train_loss 0.00162587|val_loss 0.00058042
Epoch  11|time: 3.57s|train_loss 0.00183058|val_loss 0.00074112
Epoch  12|time: 3.77s|train_loss 0.00153725|val_loss 0.00045032
Best validation epoch: 12 Tue May 23 10:42:50 2023
TEST MAE 0.5138 | std 0.1551 | RMSE 0.7254 | RMSEs 0.6922 | PCC 0.7243 | PCCs 0.8353 | R2 0.4090 | R2s 0.1601 | Var 0.4436 | Vars 0.2492 | Peak 0.3176
Epoch  13|time: 3.51s|train_loss 0.00139077|val_loss 0.00022736
Best validation epoch: 13 Tue May 23 10:42:54 2023
TEST MAE 0.3411 | std 0.1074 | RMSE 0.5163 | RMSEs 0.4963 | PCC 0.8949 | PCCs 0.8388 | R2 0.7006 | R2s 0.5612 | Var 0.7868 | Vars 0.6955 | Peak 0.2265
Epoch  14|time: 3.59s|train_loss 0.00171613|val_loss 0.00130517
Epoch  15|time: 3.52s|train_loss 0.00185060|val_loss 0.00086572
Epoch  16|time: 3.52s|train_loss 0.00161177|val_loss 0.00032730
Epoch  17|time: 3.83s|train_loss 0.00161856|val_loss 0.00045747
Epoch  18|time: 3.52s|train_loss 0.00159542|val_loss 0.00039658
Epoch  19|time: 3.53s|train_loss 0.00143547|val_loss 0.00082675
Epoch  20|time: 3.68s|train_loss 0.00168720|val_loss 0.00140452
Epoch  21|time: 3.53s|train_loss 0.00179796|val_loss 0.00041524
Epoch  22|time: 3.65s|train_loss 0.00163485|val_loss 0.00102809
Epoch  23|time: 3.62s|train_loss 0.00157396|val_loss 0.00069133
Epoch  24|time: 3.53s|train_loss 0.00138497|val_loss 0.00038783
Epoch  25|time: 3.62s|train_loss 0.00150543|val_loss 0.00046567
Epoch  26|time: 3.60s|train_loss 0.00142333|val_loss 0.00167181
Epoch  27|time: 3.60s|train_loss 0.00184360|val_loss 0.00046945
Epoch  28|time: 3.71s|train_loss 0.00157809|val_loss 0.00084674
Epoch  29|time: 3.53s|train_loss 0.00145089|val_loss 0.00086306
Epoch  30|time: 3.53s|train_loss 0.00158945|val_loss 0.00097575
Epoch  31|time: 3.73s|train_loss 0.00149593|val_loss 0.00079226
Epoch  32|time: 3.53s|train_loss 0.00152070|val_loss 0.00025897
Epoch  33|time: 3.51s|train_loss 0.00123844|val_loss 0.00030233
Epoch  34|time: 3.65s|train_loss 0.00131204|val_loss 0.00061958
Epoch  35|time: 3.52s|train_loss 0.00125458|val_loss 0.00042574
Epoch  36|time: 3.66s|train_loss 0.00150736|val_loss 0.00024490
Epoch  37|time: 3.51s|train_loss 0.00137602|val_loss 0.00038054
Epoch  38|time: 3.52s|train_loss 0.00122239|val_loss 0.00051977
Epoch  39|time: 3.61s|train_loss 0.00130987|val_loss 0.00029951
Epoch  40|time: 3.62s|train_loss 0.00150737|val_loss 0.00064181
Epoch  41|time: 3.52s|train_loss 0.00158871|val_loss 0.00028085
Epoch  42|time: 3.64s|train_loss 0.00163745|val_loss 0.00117057
Epoch  43|time: 3.52s|train_loss 0.00205059|val_loss 0.00065031
Epoch  44|time: 3.62s|train_loss 0.00195024|val_loss 0.00116189
Epoch  45|time: 3.52s|train_loss 0.00180228|val_loss 0.00026979
Epoch  46|time: 3.52s|train_loss 0.00138458|val_loss 0.00101237
Epoch  47|time: 3.51s|train_loss 0.00214485|val_loss 0.00121874
Epoch  48|time: 3.57s|train_loss 0.00193446|val_loss 0.00094813
Epoch  49|time: 3.90s|train_loss 0.00177422|val_loss 0.00103543
Epoch  50|time: 3.89s|train_loss 0.00162984|val_loss 0.00053284
Epoch  51|time: 3.72s|train_loss 0.00169214|val_loss 0.00036843
Epoch  52|time: 3.51s|train_loss 0.00156398|val_loss 0.00031169
Epoch  53|time: 3.53s|train_loss 0.00164382|val_loss 0.00076460
Epoch  54|time: 3.58s|train_loss 0.00166602|val_loss 0.00097547
Epoch  55|time: 3.52s|train_loss 0.00145240|val_loss 0.00041633
Epoch  56|time: 3.58s|train_loss 0.00160306|val_loss 0.00028759
Epoch  57|time: 3.52s|train_loss 0.00154879|val_loss 0.00101420
Epoch  58|time: 3.59s|train_loss 0.00142820|val_loss 0.00085844
Epoch  59|time: 3.70s|train_loss 0.00148631|val_loss 0.00032324
Epoch  60|time: 3.52s|train_loss 0.00125640|val_loss 0.00038678
Epoch  61|time: 3.63s|train_loss 0.00155436|val_loss 0.00073853
Epoch  62|time: 3.56s|train_loss 0.00152576|val_loss 0.00090443
Epoch  63|time: 3.51s|train_loss 0.00169521|val_loss 0.00050988
Epoch  64|time: 3.74s|train_loss 0.00152521|val_loss 0.00046052
Epoch  65|time: 3.52s|train_loss 0.00182182|val_loss 0.00102587
Epoch  66|time: 3.52s|train_loss 0.00177438|val_loss 0.00078076
Epoch  67|time: 3.64s|train_loss 0.00135843|val_loss 0.00044658
Epoch  68|time: 3.60s|train_loss 0.00124959|val_loss 0.00022331
Best validation epoch: 68 Tue May 23 10:46:13 2023
TEST MAE 0.3091 | std 0.0813 | RMSE 0.4448 | RMSEs 0.4311 | PCC 0.8966 | PCCs 0.8381 | R2 0.7778 | R2s 0.6606 | Var 0.8032 | Vars 0.7000 | Peak 0.1975
Epoch  69|time: 3.52s|train_loss 0.00127529|val_loss 0.00057158
Epoch  70|time: 3.59s|train_loss 0.00146547|val_loss 0.00093936
Epoch  71|time: 3.51s|train_loss 0.00147983|val_loss 0.00030022
Epoch  72|time: 3.70s|train_loss 0.00130642|val_loss 0.00383706
Epoch  73|time: 3.51s|train_loss 0.00236993|val_loss 0.00121361
Epoch  74|time: 3.51s|train_loss 0.00408904|val_loss 0.00882260
Epoch  75|time: 3.61s|train_loss 0.00445565|val_loss 0.00094960
Epoch  76|time: 3.60s|train_loss 0.00180626|val_loss 0.00122043
Epoch  77|time: 3.59s|train_loss 0.00185328|val_loss 0.00056659
Epoch  78|time: 3.61s|train_loss 0.00180899|val_loss 0.00129495
Epoch  79|time: 3.52s|train_loss 0.00174600|val_loss 0.00081865
Epoch  80|time: 3.52s|train_loss 0.00150675|val_loss 0.00052920
Epoch  81|time: 3.64s|train_loss 0.00147462|val_loss 0.00052949
Epoch  82|time: 3.61s|train_loss 0.00148646|val_loss 0.00047968
Epoch  83|time: 3.51s|train_loss 0.00136079|val_loss 0.00097634
Epoch  84|time: 3.58s|train_loss 0.00150213|val_loss 0.00056561
Epoch  85|time: 3.52s|train_loss 0.00155669|val_loss 0.00077992
Epoch  86|time: 3.63s|train_loss 0.00161203|val_loss 0.00052179
Epoch  87|time: 3.53s|train_loss 0.00161305|val_loss 0.00103652
Epoch  88|time: 3.53s|train_loss 0.00175243|val_loss 0.00067379
Epoch  89|time: 3.66s|train_loss 0.00159232|val_loss 0.00091197
Epoch  90|time: 3.69s|train_loss 0.00168944|val_loss 0.00066625
Epoch  91|time: 3.52s|train_loss 0.00171362|val_loss 0.00060924
Epoch  92|time: 3.62s|train_loss 0.00177286|val_loss 0.00079604
Epoch  93|time: 3.54s|train_loss 0.00156733|val_loss 0.00062716
Epoch  94|time: 3.62s|train_loss 0.00147667|val_loss 0.00069660
Epoch  95|time: 3.69s|train_loss 0.00142351|val_loss 0.00060747
Epoch  96|time: 3.61s|train_loss 0.00151637|val_loss 0.00075784
Epoch  97|time: 3.53s|train_loss 0.00157961|val_loss 0.00056429
Epoch  98|time: 3.64s|train_loss 0.00153660|val_loss 0.00092293
Epoch  99|time: 3.53s|train_loss 0.00156414|val_loss 0.00060531
Epoch 100|time: 3.65s|train_loss 0.00155061|val_loss 0.00054720
Epoch 101|time: 3.59s|train_loss 0.00142037|val_loss 0.00086404
Epoch 102|time: 3.56s|train_loss 0.00163855|val_loss 0.00146444
Epoch 103|time: 3.62s|train_loss 0.00198747|val_loss 0.00200171
Epoch 104|time: 3.62s|train_loss 0.00227351|val_loss 0.00178316
Epoch 105|time: 3.55s|train_loss 0.00199378|val_loss 0.00120017
Epoch 106|time: 3.66s|train_loss 0.00180721|val_loss 0.00054132
Epoch 107|time: 3.54s|train_loss 0.00171811|val_loss 0.00090237
Epoch 108|time: 3.53s|train_loss 0.00167664|val_loss 0.00095224
Epoch 109|time: 3.70s|train_loss 0.00155742|val_loss 0.00054173
Epoch 110|time: 3.54s|train_loss 0.00155745|val_loss 0.00055085
Epoch 111|time: 3.55s|train_loss 0.00156141|val_loss 0.00067674
Epoch 112|time: 3.69s|train_loss 0.00154866|val_loss 0.00055292
Epoch 113|time: 3.54s|train_loss 0.00141653|val_loss 0.00053723
Epoch 114|time: 3.80s|train_loss 0.00150092|val_loss 0.00056505
Epoch 115|time: 3.56s|train_loss 0.00144652|val_loss 0.00055893
Epoch 116|time: 3.56s|train_loss 0.00146033|val_loss 0.00054994
Epoch 117|time: 3.56s|train_loss 0.00145117|val_loss 0.00069161
Epoch 118|time: 3.63s|train_loss 0.00156580|val_loss 0.00126955
Epoch 119|time: 3.56s|train_loss 0.00173530|val_loss 0.00076311
Epoch 120|time: 3.58s|train_loss 0.00158100|val_loss 0.00054812
Epoch 121|time: 3.63s|train_loss 0.00147396|val_loss 0.00081038
Epoch 122|time: 3.58s|train_loss 0.00154949|val_loss 0.00085755
Epoch 123|time: 3.78s|train_loss 0.00154794|val_loss 0.00154638
Epoch 124|time: 3.58s|train_loss 0.00206958|val_loss 0.00213628
Epoch 125|time: 3.58s|train_loss 0.00239734|val_loss 0.00128873
Epoch 126|time: 3.57s|train_loss 0.00190645|val_loss 0.00114232
Epoch 127|time: 3.25s|train_loss 0.00164442|val_loss 0.00086115
Epoch 128|time: 2.23s|train_loss 0.00172165|val_loss 0.00118753
Epoch 129|time: 2.84s|train_loss 0.00166027|val_loss 0.00054819
Epoch 130|time: 3.28s|train_loss 0.00142175|val_loss 0.00059068
Epoch 131|time: 3.29s|train_loss 0.00153770|val_loss 0.00121914
Epoch 132|time: 3.40s|train_loss 0.00161459|val_loss 0.00123614
Epoch 133|time: 3.26s|train_loss 0.00178558|val_loss 0.00071790
Epoch 134|time: 3.25s|train_loss 0.00172091|val_loss 0.00117580
Epoch 135|time: 3.34s|train_loss 0.00173151|val_loss 0.00057779
Epoch 136|time: 3.38s|train_loss 0.00147012|val_loss 0.00060645
Epoch 137|time: 3.21s|train_loss 0.00146918|val_loss 0.00083763
Epoch 138|time: 3.21s|train_loss 0.00163908|val_loss 0.00103094
Epoch 139|time: 3.23s|train_loss 0.00166006|val_loss 0.00079693
Epoch 140|time: 3.24s|train_loss 0.00163269|val_loss 0.00056732
Epoch 141|time: 3.34s|train_loss 0.00145161|val_loss 0.00053500
Epoch 142|time: 3.33s|train_loss 0.00152463|val_loss 0.00053752
Epoch 143|time: 3.22s|train_loss 0.00156112|val_loss 0.00086525
Epoch 144|time: 3.27s|train_loss 0.00164393|val_loss 0.00060987
Epoch 145|time: 3.21s|train_loss 0.00138864|val_loss 0.00070617
Epoch 146|time: 3.34s|train_loss 0.00158942|val_loss 0.00067490
Epoch 147|time: 3.38s|train_loss 0.00151007|val_loss 0.00144121
Epoch 148|time: 3.32s|train_loss 0.00176851|val_loss 0.00057986
Epoch 149|time: 3.23s|train_loss 0.00154611|val_loss 0.00072826
Epoch 150|time: 3.37s|train_loss 0.00147146|val_loss 0.00054771
Epoch 151|time: 3.20s|train_loss 0.00147795|val_loss 0.00073982
Epoch 152|time: 3.18s|train_loss 0.00154104|val_loss 0.00131756
Epoch 153|time: 3.28s|train_loss 0.00194227|val_loss 0.00132347
Epoch 154|time: 3.23s|train_loss 0.00170496|val_loss 0.00115242
Epoch 155|time: 3.25s|train_loss 0.00181382|val_loss 0.00055393
Epoch 156|time: 3.36s|train_loss 0.00162942|val_loss 0.00054582
Epoch 157|time: 3.24s|train_loss 0.00142934|val_loss 0.00062184
Epoch 158|time: 3.26s|train_loss 0.00153611|val_loss 0.00053551
Epoch 159|time: 3.25s|train_loss 0.00152147|val_loss 0.00058383
Epoch 160|time: 3.34s|train_loss 0.00147618|val_loss 0.00073124
Epoch 161|time: 3.22s|train_loss 0.00160553|val_loss 0.00059893
Epoch 162|time: 3.32s|train_loss 0.00144735|val_loss 0.00060521
Epoch 163|time: 3.26s|train_loss 0.00151494|val_loss 0.00075294
Epoch 164|time: 3.35s|train_loss 0.00161736|val_loss 0.00065808
Epoch 165|time: 3.32s|train_loss 0.00151059|val_loss 0.00053261
Epoch 166|time: 3.20s|train_loss 0.00137439|val_loss 0.00114125
Epoch 167|time: 3.21s|train_loss 0.00153060|val_loss 0.00090744
Epoch 168|time: 3.21s|train_loss 0.00165585|val_loss 0.00093884
Epoch 169|time: 3.33s|train_loss 0.00155492|val_loss 0.00081878
Epoch 170|time: 3.21s|train_loss 0.00174714|val_loss 0.00112743
Epoch 171|time: 3.22s|train_loss 0.00160623|val_loss 0.00116651
Epoch 172|time: 3.27s|train_loss 0.00180367|val_loss 0.00062735
Epoch 173|time: 3.23s|train_loss 0.00158849|val_loss 0.00056542
Epoch 174|time: 3.30s|train_loss 0.00153926|val_loss 0.00029418
Epoch 175|time: 3.35s|train_loss 0.00141725|val_loss 0.00053263
Epoch 176|time: 3.29s|train_loss 0.00141896|val_loss 0.00061555
Epoch 177|time: 3.23s|train_loss 0.00136673|val_loss 0.00038771
Epoch 178|time: 3.42s|train_loss 0.00134379|val_loss 0.00121553
Epoch 179|time: 3.28s|train_loss 0.00170928|val_loss 0.00044850
Epoch 180|time: 3.23s|train_loss 0.00148497|val_loss 0.00074741
Epoch 181|time: 3.32s|train_loss 0.00151916|val_loss 0.00046435
Epoch 182|time: 3.23s|train_loss 0.00154374|val_loss 0.00117431
Epoch 183|time: 3.39s|train_loss 0.00168463|val_loss 0.00091985
Epoch 184|time: 3.28s|train_loss 0.00193960|val_loss 0.00062307
Epoch 185|time: 3.23s|train_loss 0.00237860|val_loss 0.00171370
Epoch 186|time: 3.26s|train_loss 0.00202673|val_loss 0.00048989
Epoch 187|time: 3.26s|train_loss 0.00197176|val_loss 0.00081455
Epoch 188|time: 3.41s|train_loss 0.00170726|val_loss 0.00034660
Epoch 189|time: 3.24s|train_loss 0.00184150|val_loss 0.00194603
Epoch 190|time: 3.31s|train_loss 0.00210671|val_loss 0.00150777
Epoch 191|time: 3.23s|train_loss 0.00191555|val_loss 0.00035693
Epoch 192|time: 3.31s|train_loss 0.00207562|val_loss 0.00074560
Epoch 193|time: 3.27s|train_loss 0.00165362|val_loss 0.00067083
Epoch 194|time: 3.23s|train_loss 0.00133765|val_loss 0.00032593
Epoch 195|time: 3.24s|train_loss 0.00190585|val_loss 0.00200856
Epoch 196|time: 3.43s|train_loss 0.00218766|val_loss 0.00181565
Epoch 197|time: 3.23s|train_loss 0.00196658|val_loss 0.00081458
Epoch 198|time: 3.25s|train_loss 0.00161919|val_loss 0.00080311
Epoch 199|time: 3.43s|train_loss 0.00149681|val_loss 0.00123444
Epoch 200|time: 3.30s|train_loss 0.00177563|val_loss 0.00052030
Epoch 201|time: 3.25s|train_loss 0.00161773|val_loss 0.00181977
Epoch 202|time: 3.47s|train_loss 0.00225561|val_loss 0.00058017
Epoch 203|time: 3.23s|train_loss 0.00148774|val_loss 0.00032151
Epoch 204|time: 3.23s|train_loss 0.00127296|val_loss 0.00065244
Epoch 205|time: 3.32s|train_loss 0.00139786|val_loss 0.00028002
Epoch 206|time: 3.32s|train_loss 0.00137328|val_loss 0.00025574
Epoch 207|time: 3.22s|train_loss 0.00151559|val_loss 0.00039013
Epoch 208|time: 3.30s|train_loss 0.00135608|val_loss 0.00028500
Epoch 209|time: 3.21s|train_loss 0.00132999|val_loss 0.00130999
Epoch 210|time: 3.31s|train_loss 0.00165060|val_loss 0.00039918
Epoch 211|time: 3.36s|train_loss 0.00170179|val_loss 0.00160975
Epoch 212|time: 3.21s|train_loss 0.00219776|val_loss 0.00130091
Epoch 213|time: 3.20s|train_loss 0.00194147|val_loss 0.00179936
Epoch 214|time: 3.36s|train_loss 0.00213864|val_loss 0.00160434
Epoch 215|time: 3.20s|train_loss 0.00216541|val_loss 0.00158020
Epoch 216|time: 3.29s|train_loss 0.00211413|val_loss 0.00077547
Epoch 217|time: 3.30s|train_loss 0.00168311|val_loss 0.00027800
Epoch 218|time: 3.23s|train_loss 0.00154529|val_loss 0.00026559
Epoch 219|time: 3.20s|train_loss 0.00139574|val_loss 0.00070560
Epoch 220|time: 3.47s|train_loss 0.00139387|val_loss 0.00068052
Epoch 221|time: 3.24s|train_loss 0.00133340|val_loss 0.00028170
Epoch 222|time: 3.20s|train_loss 0.00137759|val_loss 0.00103795
Epoch 223|time: 3.20s|train_loss 0.00143889|val_loss 0.00071625
Epoch 224|time: 3.29s|train_loss 0.00155932|val_loss 0.00065119
Epoch 225|time: 3.21s|train_loss 0.00145996|val_loss 0.00102047
Epoch 226|time: 3.25s|train_loss 0.00158095|val_loss 0.00042717
Epoch 227|time: 3.22s|train_loss 0.00142425|val_loss 0.00024349
Epoch 228|time: 3.22s|train_loss 0.00128194|val_loss 0.00030518
Epoch 229|time: 3.33s|train_loss 0.00152837|val_loss 0.00051325
Epoch 230|time: 3.36s|train_loss 0.00194269|val_loss 0.00039995
Epoch 231|time: 3.22s|train_loss 0.00169096|val_loss 0.00078247
Epoch 232|time: 3.25s|train_loss 0.00140651|val_loss 0.00043707
Epoch 233|time: 3.30s|train_loss 0.00126250|val_loss 0.00021031
Best validation epoch: 233 Tue May 23 10:55:31 2023
TEST MAE 0.2768 | std 0.0775 | RMSE 0.4009 | RMSEs 0.3869 | PCC 0.9114 | PCCs 0.8664 | R2 0.8194 | R2s 0.7288 | Var 0.8306 | Vars 0.7461 | Peak 0.1758
Epoch 234|time: 3.35s|train_loss 0.00121837|val_loss 0.00033879
Epoch 235|time: 3.43s|train_loss 0.00124064|val_loss 0.00037438
Epoch 236|time: 3.32s|train_loss 0.00123650|val_loss 0.00045047
Epoch 237|time: 3.33s|train_loss 0.00126313|val_loss 0.00027214
Epoch 238|time: 3.61s|train_loss 0.00130920|val_loss 0.00023032
Epoch 239|time: 3.37s|train_loss 0.00139022|val_loss 0.00098443
Epoch 240|time: 3.39s|train_loss 0.00140302|val_loss 0.00024690
Epoch 241|time: 3.42s|train_loss 0.00127927|val_loss 0.00022791
Epoch 242|time: 3.51s|train_loss 0.00130294|val_loss 0.00028226
Epoch 243|time: 3.44s|train_loss 0.00124867|val_loss 0.00053874
Epoch 244|time: 3.58s|train_loss 0.00143270|val_loss 0.00029719
Epoch 245|time: 3.43s|train_loss 0.00155191|val_loss 0.00076366
Epoch 246|time: 3.46s|train_loss 0.00145156|val_loss 0.00030843
Epoch 247|time: 3.46s|train_loss 0.00120492|val_loss 0.00038971
Epoch 248|time: 3.56s|train_loss 0.00129776|val_loss 0.00052905
Epoch 249|time: 3.46s|train_loss 0.00126206|val_loss 0.00050672
Epoch 250|time: 3.55s|train_loss 0.00128912|val_loss 0.00033805
Epoch 251|time: 3.48s|train_loss 0.00165402|val_loss 0.00164000
Epoch 252|time: 3.55s|train_loss 0.00206775|val_loss 0.00112448
Epoch 253|time: 3.60s|train_loss 0.00156026|val_loss 0.00049908
Epoch 254|time: 3.47s|train_loss 0.00129230|val_loss 0.00108149
Epoch 255|time: 3.53s|train_loss 0.00164330|val_loss 0.00064538
Epoch 256|time: 3.63s|train_loss 0.00155893|val_loss 0.00038076
Epoch 257|time: 3.49s|train_loss 0.00140534|val_loss 0.00040336
Epoch 258|time: 3.78s|train_loss 0.00157851|val_loss 0.00117476
Epoch 259|time: 3.49s|train_loss 0.00174650|val_loss 0.00170118
Epoch 260|time: 3.46s|train_loss 0.00176285|val_loss 0.00057834
Epoch 261|time: 3.69s|train_loss 0.00146221|val_loss 0.00044498
Epoch 262|time: 3.48s|train_loss 0.00127165|val_loss 0.00051472
Epoch 263|time: 3.46s|train_loss 0.00132126|val_loss 0.00027680
Epoch 264|time: 3.68s|train_loss 0.00126311|val_loss 0.00035056
Epoch 265|time: 3.49s|train_loss 0.00128674|val_loss 0.00075296
Epoch 266|time: 3.58s|train_loss 0.00160511|val_loss 0.00086060
Epoch 267|time: 3.62s|train_loss 0.00161672|val_loss 0.00039329
Epoch 268|time: 3.47s|train_loss 0.00153461|val_loss 0.00031867
Epoch 269|time: 3.51s|train_loss 0.00160529|val_loss 0.00073444
Epoch 270|time: 3.68s|train_loss 0.00139268|val_loss 0.00061778
Epoch 271|time: 3.50s|train_loss 0.00144793|val_loss 0.00027874
Epoch 272|time: 3.53s|train_loss 0.00139794|val_loss 0.00079780
Epoch 273|time: 3.55s|train_loss 0.00153045|val_loss 0.00029779
Epoch 274|time: 3.50s|train_loss 0.00142868|val_loss 0.00071409
Epoch 275|time: 3.71s|train_loss 0.00138202|val_loss 0.00053460
Epoch 276|time: 3.56s|train_loss 0.00139644|val_loss 0.00026297
Epoch 277|time: 3.53s|train_loss 0.00148763|val_loss 0.00022607
Epoch 278|time: 3.79s|train_loss 0.00166368|val_loss 0.00129028
Epoch 279|time: 3.58s|train_loss 0.00200460|val_loss 0.00171198
Epoch 280|time: 3.67s|train_loss 0.00188011|val_loss 0.00078919
Epoch 281|time: 3.72s|train_loss 0.00161685|val_loss 0.00050107
Epoch 282|time: 3.61s|train_loss 0.00135877|val_loss 0.00120586
Epoch 283|time: 3.72s|train_loss 0.00156230|val_loss 0.00025064
Epoch 284|time: 3.73s|train_loss 0.00157335|val_loss 0.00049561
Epoch 285|time: 3.60s|train_loss 0.00140084|val_loss 0.00053159
Epoch 286|time: 3.71s|train_loss 0.00133493|val_loss 0.00026179
Epoch 287|time: 3.54s|train_loss 0.00147055|val_loss 0.00044830
Epoch 288|time: 3.65s|train_loss 0.00143356|val_loss 0.00087504
Epoch 289|time: 3.58s|train_loss 0.00137448|val_loss 0.00079912
Epoch 290|time: 3.54s|train_loss 0.00150231|val_loss 0.00054318
Epoch 291|time: 3.54s|train_loss 0.00141943|val_loss 0.00082531
Epoch 292|time: 3.63s|train_loss 0.00146574|val_loss 0.00027695
Epoch 293|time: 3.55s|train_loss 0.00124017|val_loss 0.00030565
Epoch 294|time: 3.67s|train_loss 0.00125557|val_loss 0.00037518
Epoch 295|time: 3.59s|train_loss 0.00122328|val_loss 0.00024625
Epoch 296|time: 3.57s|train_loss 0.00125697|val_loss 0.00062758
Epoch 297|time: 3.65s|train_loss 0.00146005|val_loss 0.00055164
Epoch 298|time: 3.62s|train_loss 0.00149899|val_loss 0.00047669
Epoch 299|time: 3.56s|train_loss 0.00141537|val_loss 0.00080498
Epoch 300|time: 3.59s|train_loss 0.00164108|val_loss 0.00038757
Epoch 301|time: 3.58s|train_loss 0.00160179|val_loss 0.00055384
Epoch 302|time: 3.66s|train_loss 0.00149875|val_loss 0.00096568
Epoch 303|time: 3.73s|train_loss 0.00154079|val_loss 0.00070140
Epoch 304|time: 3.59s|train_loss 0.00162738|val_loss 0.00093910
Epoch 305|time: 3.70s|train_loss 0.00178764|val_loss 0.00164086
Epoch 306|time: 3.61s|train_loss 0.00182565|val_loss 0.00073720
Epoch 307|time: 3.60s|train_loss 0.00151514|val_loss 0.00034540
Epoch 308|time: 3.72s|train_loss 0.00128585|val_loss 0.00082394
Epoch 309|time: 4.41s|train_loss 0.00161608|val_loss 0.00023911
Epoch 310|time: 3.82s|train_loss 0.00137098|val_loss 0.00108919
Epoch 311|time: 3.83s|train_loss 0.00199175|val_loss 0.00151762
Epoch 312|time: 3.73s|train_loss 0.00200878|val_loss 0.00126506
Epoch 313|time: 3.71s|train_loss 0.00181757|val_loss 0.00097278
Epoch 314|time: 3.64s|train_loss 0.00184727|val_loss 0.00071095
Epoch 315|time: 3.64s|train_loss 0.00156194|val_loss 0.00101584
Epoch 316|time: 3.88s|train_loss 0.00158829|val_loss 0.00072338
Epoch 317|time: 3.64s|train_loss 0.00179629|val_loss 0.00050996
Epoch 318|time: 3.64s|train_loss 0.00203177|val_loss 0.00046580
Epoch 319|time: 3.73s|train_loss 0.00189396|val_loss 0.00089934
Epoch 320|time: 3.63s|train_loss 0.00173386|val_loss 0.00068890
Epoch 321|time: 3.77s|train_loss 0.00141960|val_loss 0.00044182
Epoch 322|time: 3.66s|train_loss 0.00147263|val_loss 0.00052693
Epoch 323|time: 3.65s|train_loss 0.00153347|val_loss 0.00066434
Epoch 324|time: 3.74s|train_loss 0.00143235|val_loss 0.00072040
Epoch 325|time: 3.65s|train_loss 0.00151296|val_loss 0.00029406
Epoch 326|time: 3.73s|train_loss 0.00133508|val_loss 0.00033681
Epoch 327|time: 3.79s|train_loss 0.00130204|val_loss 0.00028802
Epoch 328|time: 3.63s|train_loss 0.00126448|val_loss 0.00026862
Epoch 329|time: 3.64s|train_loss 0.00132673|val_loss 0.00053215
Epoch 330|time: 3.85s|train_loss 0.00145715|val_loss 0.00064018
Epoch 331|time: 3.63s|train_loss 0.00143580|val_loss 0.00032814
Epoch 332|time: 3.75s|train_loss 0.00129512|val_loss 0.00027265
Epoch 333|time: 3.64s|train_loss 0.00128804|val_loss 0.00048970
Epoch 334|time: 3.65s|train_loss 0.00153192|val_loss 0.00100176
Epoch 335|time: 3.87s|train_loss 0.00159619|val_loss 0.00062555
Epoch 336|time: 3.65s|train_loss 0.00150806|val_loss 0.00044469
Epoch 337|time: 3.67s|train_loss 0.00135253|val_loss 0.00027361
Epoch 338|time: 3.84s|train_loss 0.00146834|val_loss 0.00076601
Epoch 339|time: 3.63s|train_loss 0.00149411|val_loss 0.00076065
Epoch 340|time: 3.74s|train_loss 0.00156072|val_loss 0.00112343
Epoch 341|time: 3.63s|train_loss 0.00191481|val_loss 0.00077477
Epoch 342|time: 3.62s|train_loss 0.00164579|val_loss 0.00042304
Epoch 343|time: 3.79s|train_loss 0.00136874|val_loss 0.00060761
Epoch 344|time: 3.73s|train_loss 0.00143851|val_loss 0.00051648
Epoch 345|time: 3.63s|train_loss 0.00145885|val_loss 0.00057693
Epoch 346|time: 3.75s|train_loss 0.00153161|val_loss 0.00027084
Epoch 347|time: 3.65s|train_loss 0.00139551|val_loss 0.00024145
Epoch 348|time: 3.72s|train_loss 0.00125100|val_loss 0.00020642
Best validation epoch: 348 Tue May 23 11:02:28 2023
TEST MAE 0.2824 | std 0.0806 | RMSE 0.4069 | RMSEs 0.3935 | PCC 0.9106 | PCCs 0.8675 | R2 0.8140 | R2s 0.7182 | Var 0.8256 | Vars 0.7369 | Peak 0.1771
Epoch 349|time: 3.66s|train_loss 0.00128810|val_loss 0.00038902
Epoch 350|time: 3.64s|train_loss 0.00134866|val_loss 0.00087197
Epoch 351|time: 3.81s|train_loss 0.00169463|val_loss 0.00061430
Epoch 352|time: 3.63s|train_loss 0.00172548|val_loss 0.00031058
Epoch 353|time: 3.66s|train_loss 0.00172814|val_loss 0.00037628
Epoch 354|time: 3.85s|train_loss 0.00137282|val_loss 0.00091380
Epoch 355|time: 3.66s|train_loss 0.00173697|val_loss 0.00105979
Epoch 356|time: 3.70s|train_loss 0.00142517|val_loss 0.00047483
Epoch 357|time: 3.66s|train_loss 0.00135832|val_loss 0.00057917
Epoch 358|time: 3.74s|train_loss 0.00136628|val_loss 0.00026865
Epoch 359|time: 3.78s|train_loss 0.00122793|val_loss 0.00020725
Epoch 360|time: 3.68s|train_loss 0.00121856|val_loss 0.00085284
Epoch 361|time: 3.73s|train_loss 0.00144606|val_loss 0.00063496
Epoch 362|time: 3.93s|train_loss 0.00151237|val_loss 0.00086080
Epoch 363|time: 3.65s|train_loss 0.00160271|val_loss 0.00043949
Epoch 364|time: 3.67s|train_loss 0.00170289|val_loss 0.00030779
Epoch 365|time: 3.68s|train_loss 0.00155431|val_loss 0.00039748
Epoch 366|time: 3.66s|train_loss 0.00126814|val_loss 0.00028563
Epoch 367|time: 3.90s|train_loss 0.00128848|val_loss 0.00031531
Epoch 368|time: 3.68s|train_loss 0.00125646|val_loss 0.00055492
Epoch 369|time: 3.65s|train_loss 0.00149673|val_loss 0.00070531
Epoch 370|time: 3.65s|train_loss 0.00156278|val_loss 0.00061414
Epoch 371|time: 3.66s|train_loss 0.00128559|val_loss 0.00041615
Epoch 372|time: 3.76s|train_loss 0.00140130|val_loss 0.00030718
Epoch 373|time: 3.88s|train_loss 0.00136965|val_loss 0.00044049
Epoch 374|time: 3.72s|train_loss 0.00134378|val_loss 0.00054406
Epoch 375|time: 3.68s|train_loss 0.00142222|val_loss 0.00035838
Epoch 376|time: 3.75s|train_loss 0.00123830|val_loss 0.00023914
Epoch 377|time: 3.67s|train_loss 0.00123059|val_loss 0.00038276
Epoch 378|time: 3.82s|train_loss 0.00136153|val_loss 0.00060844
Epoch 379|time: 3.68s|train_loss 0.00148162|val_loss 0.00034178
Epoch 380|time: 3.68s|train_loss 0.00154958|val_loss 0.00099068
Epoch 381|time: 4.00s|train_loss 0.00176131|val_loss 0.00054894
Epoch 382|time: 3.67s|train_loss 0.00155263|val_loss 0.00037143
Epoch 383|time: 3.78s|train_loss 0.00173414|val_loss 0.00030076
Epoch 384|time: 3.68s|train_loss 0.00158264|val_loss 0.00090404
Epoch 385|time: 3.70s|train_loss 0.00172063|val_loss 0.00149963
Epoch 386|time: 3.94s|train_loss 0.00192686|val_loss 0.00123381
Epoch 387|time: 3.68s|train_loss 0.00163420|val_loss 0.00065449
Epoch 388|time: 3.69s|train_loss 0.00159592|val_loss 0.00036144
Epoch 389|time: 3.87s|train_loss 0.00155947|val_loss 0.00028084
Epoch 390|time: 3.81s|train_loss 0.00182113|val_loss 0.00055857
Epoch 391|time: 3.70s|train_loss 0.00163991|val_loss 0.00073679
Epoch 392|time: 3.68s|train_loss 0.00146879|val_loss 0.00055310
Epoch 393|time: 3.68s|train_loss 0.00140940|val_loss 0.00090673
Epoch 394|time: 3.89s|train_loss 0.00160061|val_loss 0.00020811
Epoch 395|time: 3.68s|train_loss 0.00141685|val_loss 0.00114342
Epoch 396|time: 3.69s|train_loss 0.00186936|val_loss 0.00094629
Epoch 397|time: 3.80s|train_loss 0.00149127|val_loss 0.00085933
Epoch 398|time: 3.67s|train_loss 0.00172744|val_loss 0.00045775
Epoch 399|time: 3.69s|train_loss 0.00170873|val_loss 0.00055637
Epoch 400|time: 3.78s|train_loss 0.00148952|val_loss 0.00027156
Epoch 401|time: 3.71s|train_loss 0.00125341|val_loss 0.00031066
Epoch 402|time: 3.74s|train_loss 0.00129686|val_loss 0.00083074
Epoch 403|time: 3.68s|train_loss 0.00145513|val_loss 0.00040803
Epoch 404|time: 3.76s|train_loss 0.00205389|val_loss 0.00098716
Epoch 405|time: 3.78s|train_loss 0.00192681|val_loss 0.00080941
Epoch 406|time: 3.70s|train_loss 0.00184868|val_loss 0.00052231
Epoch 407|time: 3.91s|train_loss 0.00180115|val_loss 0.00096210
Epoch 408|time: 3.82s|train_loss 0.00180842|val_loss 0.00109272
Epoch 409|time: 3.68s|train_loss 0.00174821|val_loss 0.00070804
Epoch 410|time: 3.94s|train_loss 0.00160432|val_loss 0.00048119
Epoch 411|time: 3.71s|train_loss 0.00148005|val_loss 0.00053946
Epoch 412|time: 3.68s|train_loss 0.00140875|val_loss 0.00058659
Epoch 413|time: 3.87s|train_loss 0.00146312|val_loss 0.00036290
Epoch 414|time: 3.79s|train_loss 0.00372338|val_loss 0.00222129
Epoch 415|time: 3.78s|train_loss 0.00315481|val_loss 0.00212407
Epoch 416|time: 3.72s|train_loss 0.00298774|val_loss 0.00061790
Epoch 417|time: 3.73s|train_loss 0.00227636|val_loss 0.00054486
Epoch 418|time: 3.97s|train_loss 0.00177444|val_loss 0.00102366
Epoch 419|time: 3.80s|train_loss 0.00159256|val_loss 0.00053579
Epoch 420|time: 3.74s|train_loss 0.00146482|val_loss 0.00060663
Epoch 421|time: 3.79s|train_loss 0.00156202|val_loss 0.00078762
Epoch 422|time: 3.83s|train_loss 0.00157219|val_loss 0.00117277
Epoch 423|time: 3.74s|train_loss 0.00162880|val_loss 0.00163638
Epoch 424|time: 3.71s|train_loss 0.00197166|val_loss 0.00125774
Epoch 425|time: 3.72s|train_loss 0.00206641|val_loss 0.00076923
Epoch 426|time: 3.77s|train_loss 0.00168791|val_loss 0.00053618
Epoch 427|time: 3.79s|train_loss 0.00150399|val_loss 0.00061248
Epoch 428|time: 3.73s|train_loss 0.00155762|val_loss 0.00053708
Epoch 429|time: 3.74s|train_loss 0.00156746|val_loss 0.00057969
Epoch 430|time: 3.74s|train_loss 0.00157519|val_loss 0.00104210
Epoch 431|time: 3.82s|train_loss 0.00163661|val_loss 0.00053725
Epoch 432|time: 3.83s|train_loss 0.00147681|val_loss 0.00053566
Epoch 433|time: 3.73s|train_loss 0.00147878|val_loss 0.00061351
Epoch 434|time: 3.73s|train_loss 0.00149864|val_loss 0.00064629
Epoch 435|time: 3.71s|train_loss 0.00155048|val_loss 0.00087313
Epoch 436|time: 3.80s|train_loss 0.00164472|val_loss 0.00076166
Epoch 437|time: 3.73s|train_loss 0.00156340|val_loss 0.00075135
Epoch 438|time: 3.74s|train_loss 0.00154436|val_loss 0.00062220
Epoch 439|time: 3.84s|train_loss 0.00151164|val_loss 0.00053890
Epoch 440|time: 3.71s|train_loss 0.00150238|val_loss 0.00070003
Epoch 441|time: 3.83s|train_loss 0.00152102|val_loss 0.00053847
Epoch 442|time: 3.73s|train_loss 0.00150507|val_loss 0.00065386
Epoch 443|time: 3.71s|train_loss 0.00159570|val_loss 0.00054491
Epoch 444|time: 3.72s|train_loss 0.00163823|val_loss 0.00117486
Epoch 445|time: 3.74s|train_loss 0.00185564|val_loss 0.00064741
Epoch 446|time: 3.80s|train_loss 0.00155067|val_loss 0.00065919
Epoch 447|time: 3.78s|train_loss 0.00157682|val_loss 0.00061214
Epoch 448|time: 3.72s|train_loss 0.00159866|val_loss 0.00084877
Epoch 449|time: 3.74s|train_loss 0.00156131|val_loss 0.00060643
Epoch 450|time: 4.04s|train_loss 0.00166487|val_loss 0.00056670
Epoch 451|time: 3.72s|train_loss 0.00163389|val_loss 0.00106706
Epoch 452|time: 3.73s|train_loss 0.00188074|val_loss 0.00101695
Epoch 453|time: 3.73s|train_loss 0.00172438|val_loss 0.00061673
Epoch 454|time: 3.80s|train_loss 0.00169976|val_loss 0.00102409
Epoch 455|time: 3.86s|train_loss 0.00156628|val_loss 0.00053621
Epoch 456|time: 3.73s|train_loss 0.00150501|val_loss 0.00074642
Epoch 457|time: 3.72s|train_loss 0.00163705|val_loss 0.00054012
Epoch 458|time: 3.95s|train_loss 0.00178261|val_loss 0.00143229
Epoch 459|time: 3.73s|train_loss 0.00171003|val_loss 0.00114036
Epoch 460|time: 3.94s|train_loss 0.00192391|val_loss 0.00063692
Epoch 461|time: 3.74s|train_loss 0.00150825|val_loss 0.00062142
Epoch 462|time: 3.73s|train_loss 0.00156698|val_loss 0.00124401
Epoch 463|time: 3.75s|train_loss 0.00168805|val_loss 0.00117619
Epoch 464|time: 3.81s|train_loss 0.00188531|val_loss 0.00096588
Epoch 465|time: 3.74s|train_loss 0.00188091|val_loss 0.00069604
Epoch 466|time: 4.07s|train_loss 0.00177346|val_loss 0.00053829
Epoch 467|time: 3.73s|train_loss 0.00153219|val_loss 0.00053807
Epoch 468|time: 3.96s|train_loss 0.00158479|val_loss 0.00092995
Epoch 469|time: 3.73s|train_loss 0.00166053|val_loss 0.00112405
Epoch 470|time: 3.75s|train_loss 0.00183372|val_loss 0.00073418
Epoch 471|time: 3.89s|train_loss 0.00188901|val_loss 0.00150415
Epoch 472|time: 3.74s|train_loss 0.00195848|val_loss 0.00097721
Epoch 473|time: 3.77s|train_loss 0.00166430|val_loss 0.00054771
Epoch 474|time: 3.86s|train_loss 0.00145186|val_loss 0.00053470
Epoch 475|time: 3.74s|train_loss 0.00149300|val_loss 0.00053327
Epoch 476|time: 3.88s|train_loss 0.00149106|val_loss 0.00056616
Epoch 477|time: 3.73s|train_loss 0.00164746|val_loss 0.00116798
Epoch 478|time: 3.84s|train_loss 0.00182455|val_loss 0.00056013
Epoch 479|time: 3.96s|train_loss 0.00161608|val_loss 0.00112572
Epoch 480|time: 3.74s|train_loss 0.00171043|val_loss 0.00144701
Epoch 481|time: 3.81s|train_loss 0.00196838|val_loss 0.00061866
Epoch 482|time: 4.08s|train_loss 0.00162348|val_loss 0.00063470
Epoch 483|time: 3.73s|train_loss 0.00181507|val_loss 0.00072822
Epoch 484|time: 3.78s|train_loss 0.00173088|val_loss 0.00131216
Epoch 485|time: 3.73s|train_loss 0.00183625|val_loss 0.00102618
Epoch 486|time: 3.74s|train_loss 0.00172264|val_loss 0.00053799
Epoch 487|time: 3.92s|train_loss 0.00157271|val_loss 0.00054359
Epoch 488|time: 3.72s|train_loss 0.00158074|val_loss 0.00125481
Epoch 489|time: 3.76s|train_loss 0.00176022|val_loss 0.00058536
Epoch 490|time: 3.73s|train_loss 0.00168451|val_loss 0.00116049
Epoch 491|time: 3.73s|train_loss 0.00183228|val_loss 0.00121204
Epoch 492|time: 3.83s|train_loss 0.00185633|val_loss 0.00114213
Epoch 493|time: 3.72s|train_loss 0.00183431|val_loss 0.00099445
Epoch 494|time: 3.71s|train_loss 0.00184811|val_loss 0.00090644
Epoch 495|time: 3.73s|train_loss 0.00179279|val_loss 0.00161139
Epoch 496|time: 3.82s|train_loss 0.00196449|val_loss 0.00087671
Epoch 497|time: 3.81s|train_loss 0.00180066|val_loss 0.00053762
Epoch 498|time: 3.73s|train_loss 0.00145221|val_loss 0.00088225
Epoch 499|time: 3.70s|train_loss 0.00162704|val_loss 0.00085991
Epoch 500|time: 3.83s|train_loss 0.00151978|val_loss 0.00047740
Final evaluation
TEST MAE 0.2824 | std 0.0806 | RMSE 0.4069 | RMSEs 0.3935 | PCC 0.9106 | PCCs 0.8675 | R2 0.8140 | R2s 0.7182 | Var 0.8256 | Vars 0.7369 | Peak 0.1771
