--------Parameters--------
Namespace(batch=32, bi=False, check_point=1, cuda=False, dataset='us_hhs', dropout=0.2, epilambda=0.1, epochs=500, gpu=3, hidsp=15, horizon=4, k=10, lamda=0.01, lr=0.1, model='cola_gnn_epi', mylog=False, n_hidden=20, n_layer=1, patience=200, rnn_model='RNN', save_dir='save', seed=42, shuffle=False, sim_mat='us_hhs-adj', test=0.2, train=0.6, val=0.2, weight_decay=0.0005, window=20)
--------------------------
data shape (364, 10)
size of train/val/test sets 195 73 73
#params: 5145
begin training
Epoch   1|time: 3.16s|train_loss 0.00986456|val_loss 0.00719331
Best validation epoch: 1 Tue May 23 22:42:03 2023
TEST MAE 9.8962 | std 2.8902 | RMSE 10.3416 | RMSEs 9.9287 | PCC -0.4254 | PCCs -0.1557 | R2 -119.1392 | R2s -189.7468 | Var -9.1256 | Vars -0.0925 | Peak 3.9463
Epoch   2|time: 3.39s|train_loss 0.00403374|val_loss 0.00298177
Best validation epoch: 2 Tue May 23 22:42:07 2023
TEST MAE 3.8822 | std 1.1461 | RMSE 4.1218 | RMSEs 3.9601 | PCC 0.4525 | PCCs -0.0772 | R2 -18.0843 | R2s -31.0938 | Var -1.1842 | Vars -0.0371 | Peak 1.1338
Epoch   3|time: 3.19s|train_loss 0.00371019|val_loss 0.00291833
Best validation epoch: 3 Tue May 23 22:42:11 2023
TEST MAE 3.8952 | std 1.1484 | RMSE 4.1238 | RMSEs 3.9618 | PCC 0.4876 | PCCs 0.7540 | R2 -18.1028 | R2s -31.0371 | Var -1.0827 | Vars 0.1114 | Peak 1.1586
Epoch   4|time: 3.18s|train_loss 0.00386603|val_loss 0.00116318
Best validation epoch: 4 Tue May 23 22:42:15 2023
TEST MAE 1.3752 | std 0.3773 | RMSE 1.5470 | RMSEs 1.4951 | PCC 0.5213 | PCCs 0.7008 | R2 -1.6883 | R2s -3.6717 | Var 0.1684 | Vars 0.0842 | Peak 0.2816
Epoch   5|time: 3.17s|train_loss 0.00356274|val_loss 0.00058215
Best validation epoch: 5 Tue May 23 22:42:19 2023
TEST MAE 0.5525 | std 0.1963 | RMSE 0.8180 | RMSEs 0.7739 | PCC 0.6737 | PCCs 0.6823 | R2 0.2484 | R2s -0.0402 | Var 0.3734 | Vars 0.1663 | Peak 0.3875
Epoch   6|time: 3.17s|train_loss 0.00274784|val_loss 0.00052862
Best validation epoch: 6 Tue May 23 22:42:23 2023
TEST MAE 0.5692 | std 0.1451 | RMSE 0.7637 | RMSEs 0.7358 | PCC 0.6073 | PCCs 0.6669 | R2 0.3448 | R2s 0.0346 | Var 0.3466 | Vars 0.1172 | Peak 0.2941
Epoch   7|time: 3.30s|train_loss 0.00257093|val_loss 0.00066860
Epoch   8|time: 3.17s|train_loss 0.00265830|val_loss 0.00199315
Epoch   9|time: 3.30s|train_loss 0.00310815|val_loss 0.00056712
Epoch  10|time: 3.36s|train_loss 0.00264181|val_loss 0.00117703
Epoch  11|time: 3.17s|train_loss 0.00301720|val_loss 0.00137270
Epoch  12|time: 3.25s|train_loss 0.00294989|val_loss 0.00091792
Epoch  13|time: 3.23s|train_loss 0.00291874|val_loss 0.00077175
Epoch  14|time: 3.17s|train_loss 0.00281296|val_loss 0.00062714
Epoch  15|time: 3.17s|train_loss 0.00283394|val_loss 0.00089655
Epoch  16|time: 3.35s|train_loss 0.00282553|val_loss 0.00051388
Best validation epoch: 16 Tue May 23 22:42:56 2023
TEST MAE 0.5546 | std 0.1325 | RMSE 0.7339 | RMSEs 0.7094 | PCC 0.6504 | PCCs 0.6713 | R2 0.3949 | R2s 0.0954 | Var 0.3949 | Vars 0.1773 | Peak 0.2708
Epoch  17|time: 3.28s|train_loss 0.00292563|val_loss 0.00098826
Epoch  18|time: 3.17s|train_loss 0.00273516|val_loss 0.00050771
Best validation epoch: 18 Tue May 23 22:43:03 2023
TEST MAE 0.5505 | std 0.1223 | RMSE 0.7139 | RMSEs 0.6926 | PCC 0.6773 | PCCs 0.6661 | R2 0.4275 | R2s 0.1281 | Var 0.4306 | Vars 0.2208 | Peak 0.2499
Epoch  19|time: 3.27s|train_loss 0.00255416|val_loss 0.00147044
Epoch  20|time: 3.16s|train_loss 0.00291736|val_loss 0.00045494
Best validation epoch: 20 Tue May 23 22:43:10 2023
TEST MAE 0.5235 | std 0.1616 | RMSE 0.7553 | RMSEs 0.7203 | PCC 0.6822 | PCCs 0.6447 | R2 0.3591 | R2s 0.0914 | Var 0.4044 | Vars 0.1922 | Peak 0.3329
Epoch  21|time: 3.27s|train_loss 0.00263371|val_loss 0.00105240
Epoch  22|time: 3.18s|train_loss 0.00278655|val_loss 0.00041548
Best validation epoch: 22 Tue May 23 22:43:18 2023
TEST MAE 0.4550 | std 0.1241 | RMSE 0.6322 | RMSEs 0.6091 | PCC 0.7742 | PCCs 0.6701 | R2 0.5510 | R2s 0.3383 | Var 0.5580 | Vars 0.3763 | Peak 0.2591
Epoch  23|time: 3.17s|train_loss 0.00258725|val_loss 0.00051897
Epoch  24|time: 3.17s|train_loss 0.00268558|val_loss 0.00037055
Best validation epoch: 24 Tue May 23 22:43:25 2023
TEST MAE 0.4661 | std 0.1548 | RMSE 0.6976 | RMSEs 0.6646 | PCC 0.7805 | PCCs 0.6783 | R2 0.4534 | R2s 0.2279 | Var 0.5349 | Vars 0.3591 | Peak 0.3190
Epoch  25|time: 3.25s|train_loss 0.00278665|val_loss 0.00074955
Epoch  26|time: 3.16s|train_loss 0.00277733|val_loss 0.00050822
Epoch  27|time: 3.25s|train_loss 0.00259784|val_loss 0.00115317
Epoch  28|time: 3.21s|train_loss 0.00312115|val_loss 0.00048685
Epoch  29|time: 3.18s|train_loss 0.00266379|val_loss 0.00058421
Epoch  30|time: 3.16s|train_loss 0.00248328|val_loss 0.00031913
Best validation epoch: 30 Tue May 23 22:43:45 2023
TEST MAE 0.4400 | std 0.1450 | RMSE 0.6560 | RMSEs 0.6263 | PCC 0.8198 | PCCs 0.7192 | R2 0.5166 | R2s 0.3114 | Var 0.6311 | Vars 0.4858 | Peak 0.2992
Epoch  31|time: 3.36s|train_loss 0.00263720|val_loss 0.00040208
Epoch  32|time: 3.17s|train_loss 0.00287628|val_loss 0.00170164
Epoch  33|time: 3.16s|train_loss 0.00331428|val_loss 0.00190548
Epoch  34|time: 3.24s|train_loss 0.00346867|val_loss 0.00149841
Epoch  35|time: 3.28s|train_loss 0.00297293|val_loss 0.00069392
Epoch  36|time: 3.17s|train_loss 0.00272224|val_loss 0.00054686
Epoch  37|time: 3.21s|train_loss 0.00270253|val_loss 0.00097230
Epoch  38|time: 3.17s|train_loss 0.00495280|val_loss 0.00223083
Epoch  39|time: 3.19s|train_loss 0.00378594|val_loss 0.00202239
Epoch  40|time: 3.28s|train_loss 0.00321943|val_loss 0.00149369
Epoch  41|time: 3.27s|train_loss 0.00294430|val_loss 0.00053731
Epoch  42|time: 3.19s|train_loss 0.00274064|val_loss 0.00101061
Epoch  43|time: 3.27s|train_loss 0.00285959|val_loss 0.00106885
Epoch  44|time: 3.20s|train_loss 0.00273115|val_loss 0.00082479
Epoch  45|time: 3.20s|train_loss 0.00273624|val_loss 0.00062875
Epoch  46|time: 3.47s|train_loss 0.00261200|val_loss 0.00074060
Epoch  47|time: 3.20s|train_loss 0.00246460|val_loss 0.00096879
Epoch  48|time: 3.20s|train_loss 0.00270715|val_loss 0.00072311
Epoch  49|time: 3.31s|train_loss 0.00257635|val_loss 0.00054857
Epoch  50|time: 3.28s|train_loss 0.00244587|val_loss 0.00057568
Epoch  51|time: 3.20s|train_loss 0.00253144|val_loss 0.00056199
Epoch  52|time: 3.26s|train_loss 0.00268380|val_loss 0.00072397
Epoch  53|time: 3.21s|train_loss 0.00292855|val_loss 0.00218519
Epoch  54|time: 3.66s|train_loss 0.00363270|val_loss 0.00070007
Epoch  55|time: 3.83s|train_loss 0.00264877|val_loss 0.00102938
Epoch  56|time: 3.94s|train_loss 0.00270481|val_loss 0.00070481
Epoch  57|time: 3.57s|train_loss 0.00257378|val_loss 0.00067929
Epoch  58|time: 3.71s|train_loss 0.00258341|val_loss 0.00094283
Epoch  59|time: 3.53s|train_loss 0.00272010|val_loss 0.00116885
Epoch  60|time: 3.64s|train_loss 0.00292099|val_loss 0.00090557
Epoch  61|time: 3.69s|train_loss 0.00286228|val_loss 0.00077870
Epoch  62|time: 3.54s|train_loss 0.00285535|val_loss 0.00160851
Epoch  63|time: 3.85s|train_loss 0.00314685|val_loss 0.00113081
Epoch  64|time: 3.66s|train_loss 0.00336033|val_loss 0.00082016
Epoch  65|time: 2.13s|train_loss 0.00353813|val_loss 0.00141467
Epoch  66|time: 2.18s|train_loss 0.00287814|val_loss 0.00100596
Epoch  67|time: 2.85s|train_loss 0.00277384|val_loss 0.00149607
Epoch  68|time: 3.26s|train_loss 0.00318815|val_loss 0.00131924
Epoch  69|time: 3.17s|train_loss 0.00365499|val_loss 0.00155799
Epoch  70|time: 3.28s|train_loss 0.00335796|val_loss 0.00123029
Epoch  71|time: 3.17s|train_loss 0.00314037|val_loss 0.00195374
Epoch  72|time: 3.20s|train_loss 0.00303142|val_loss 0.00188131
Epoch  73|time: 3.23s|train_loss 0.00275231|val_loss 0.00155473
Epoch  74|time: 3.29s|train_loss 0.00262474|val_loss 0.00147028
Epoch  75|time: 3.15s|train_loss 0.00281448|val_loss 0.00191928
Epoch  76|time: 3.31s|train_loss 0.00290839|val_loss 0.00195764
Epoch  77|time: 3.16s|train_loss 0.00302472|val_loss 0.00134226
Epoch  78|time: 3.25s|train_loss 0.00273690|val_loss 0.00140510
Epoch  79|time: 3.28s|train_loss 0.00269156|val_loss 0.00126155
Epoch  80|time: 3.17s|train_loss 0.00255978|val_loss 0.00161289
Epoch  81|time: 3.16s|train_loss 0.00277295|val_loss 0.00101015
Epoch  82|time: 3.26s|train_loss 0.00256356|val_loss 0.00075829
Epoch  83|time: 3.32s|train_loss 0.00260964|val_loss 0.00073847
Epoch  84|time: 3.19s|train_loss 0.00259197|val_loss 0.00094169
Epoch  85|time: 3.17s|train_loss 0.00263660|val_loss 0.00038192
Epoch  86|time: 3.24s|train_loss 0.00239811|val_loss 0.00037602
Epoch  87|time: 3.17s|train_loss 0.00242521|val_loss 0.00049581
Epoch  88|time: 3.30s|train_loss 0.00288561|val_loss 0.00063055
Epoch  89|time: 3.29s|train_loss 0.00285150|val_loss 0.00073799
Epoch  90|time: 3.16s|train_loss 0.00272208|val_loss 0.00110240
Epoch  91|time: 3.19s|train_loss 0.00321699|val_loss 0.00155669
Epoch  92|time: 3.42s|train_loss 0.00337841|val_loss 0.00086364
Epoch  93|time: 3.18s|train_loss 0.00270113|val_loss 0.00100217
Epoch  94|time: 3.15s|train_loss 0.00288924|val_loss 0.00038705
Epoch  95|time: 3.32s|train_loss 0.00284988|val_loss 0.00066424
Epoch  96|time: 3.23s|train_loss 0.00265389|val_loss 0.00054861
Epoch  97|time: 3.16s|train_loss 0.00258677|val_loss 0.00079357
Epoch  98|time: 3.40s|train_loss 0.00261111|val_loss 0.00064655
Epoch  99|time: 3.16s|train_loss 0.00250205|val_loss 0.00035400
Epoch 100|time: 3.16s|train_loss 0.00253515|val_loss 0.00046841
Epoch 101|time: 3.52s|train_loss 0.00268048|val_loss 0.00071829
Epoch 102|time: 3.17s|train_loss 0.00259188|val_loss 0.00046407
Epoch 103|time: 3.16s|train_loss 0.00279587|val_loss 0.00039958
Epoch 104|time: 3.35s|train_loss 0.00243706|val_loss 0.00064304
Epoch 105|time: 3.16s|train_loss 0.00262532|val_loss 0.00072983
Epoch 106|time: 3.31s|train_loss 0.00258233|val_loss 0.00049892
Epoch 107|time: 3.27s|train_loss 0.00245133|val_loss 0.00081223
Epoch 108|time: 3.17s|train_loss 0.00281910|val_loss 0.00084981
Epoch 109|time: 3.15s|train_loss 0.00286718|val_loss 0.00080830
Epoch 110|time: 3.33s|train_loss 0.00358552|val_loss 0.00285296
Epoch 111|time: 3.21s|train_loss 0.00518016|val_loss 0.00569268
Epoch 112|time: 3.17s|train_loss 0.00498841|val_loss 0.00056242
Epoch 113|time: 3.29s|train_loss 0.00391113|val_loss 0.00347763
Epoch 114|time: 3.16s|train_loss 0.00401664|val_loss 0.00055181
Epoch 115|time: 3.28s|train_loss 0.00333410|val_loss 0.00117974
Epoch 116|time: 3.17s|train_loss 0.00284614|val_loss 0.00086216
Epoch 117|time: 3.25s|train_loss 0.00285745|val_loss 0.00097613
Epoch 118|time: 3.17s|train_loss 0.00278995|val_loss 0.00060236
Epoch 119|time: 3.19s|train_loss 0.00264924|val_loss 0.00067083
Epoch 120|time: 3.47s|train_loss 0.00266877|val_loss 0.00062562
Epoch 121|time: 3.19s|train_loss 0.00282308|val_loss 0.00060422
Epoch 122|time: 3.19s|train_loss 0.00285253|val_loss 0.00085889
Epoch 123|time: 3.36s|train_loss 0.00265598|val_loss 0.00054170
Epoch 124|time: 3.38s|train_loss 0.00260607|val_loss 0.00054271
Epoch 125|time: 3.18s|train_loss 0.00264500|val_loss 0.00061886
Epoch 126|time: 3.21s|train_loss 0.00259302|val_loss 0.00056517
Epoch 127|time: 3.27s|train_loss 0.00262283|val_loss 0.00080076
Epoch 128|time: 4.43s|train_loss 0.00261833|val_loss 0.00090362
Epoch 129|time: 3.34s|train_loss 0.00271317|val_loss 0.00096244
Epoch 130|time: 3.39s|train_loss 0.00288048|val_loss 0.00055975
Epoch 131|time: 3.37s|train_loss 0.00297099|val_loss 0.00066109
Epoch 132|time: 3.46s|train_loss 0.00278698|val_loss 0.00064787
Epoch 133|time: 3.46s|train_loss 0.00299009|val_loss 0.00112355
Epoch 134|time: 3.85s|train_loss 0.00271155|val_loss 0.00060446
Epoch 135|time: 3.57s|train_loss 0.00260883|val_loss 0.00085039
Epoch 136|time: 3.39s|train_loss 0.00274141|val_loss 0.00070811
Epoch 137|time: 4.41s|train_loss 0.00271166|val_loss 0.00062602
Epoch 138|time: 3.45s|train_loss 0.00268666|val_loss 0.00087113
Epoch 139|time: 3.36s|train_loss 0.00269578|val_loss 0.00069421
Epoch 140|time: 4.20s|train_loss 0.00274819|val_loss 0.00081285
Epoch 141|time: 3.32s|train_loss 0.00263510|val_loss 0.00085033
Epoch 142|time: 3.65s|train_loss 0.00274244|val_loss 0.00053656
Epoch 143|time: 3.49s|train_loss 0.00259996|val_loss 0.00077316
Epoch 144|time: 3.85s|train_loss 0.00269781|val_loss 0.00061365
Epoch 145|time: 4.52s|train_loss 0.00269333|val_loss 0.00054920
Epoch 146|time: 4.20s|train_loss 0.00261325|val_loss 0.00074865
Epoch 147|time: 4.63s|train_loss 0.00280970|val_loss 0.00057193
Epoch 148|time: 4.20s|train_loss 0.00268098|val_loss 0.00067989
Epoch 149|time: 3.78s|train_loss 0.00266707|val_loss 0.00053696
Epoch 150|time: 3.82s|train_loss 0.00258016|val_loss 0.00085088
Epoch 151|time: 3.87s|train_loss 0.00270623|val_loss 0.00092788
Epoch 152|time: 3.89s|train_loss 0.00289411|val_loss 0.00084267
Epoch 153|time: 3.48s|train_loss 0.00282281|val_loss 0.00089535
Epoch 154|time: 3.33s|train_loss 0.00294116|val_loss 0.00159016
Epoch 155|time: 3.46s|train_loss 0.00310140|val_loss 0.00084742
Epoch 156|time: 4.08s|train_loss 0.00270858|val_loss 0.00063968
Epoch 157|time: 3.35s|train_loss 0.00263299|val_loss 0.00077752
Epoch 158|time: 3.65s|train_loss 0.00267508|val_loss 0.00107773
Epoch 159|time: 3.38s|train_loss 0.00292611|val_loss 0.00083243
Epoch 160|time: 3.44s|train_loss 0.00280189|val_loss 0.00068464
Epoch 161|time: 3.94s|train_loss 0.00276995|val_loss 0.00066215
Epoch 162|time: 3.72s|train_loss 0.00282865|val_loss 0.00125410
Epoch 163|time: 3.36s|train_loss 0.00308601|val_loss 0.00067747
Epoch 164|time: 3.74s|train_loss 0.00263878|val_loss 0.00086535
Epoch 165|time: 3.78s|train_loss 0.00279188|val_loss 0.00099836
Epoch 166|time: 3.89s|train_loss 0.00287732|val_loss 0.00108503
Epoch 167|time: 3.60s|train_loss 0.00283357|val_loss 0.00054664
Epoch 168|time: 3.62s|train_loss 0.00266651|val_loss 0.00066925
Epoch 169|time: 3.61s|train_loss 0.00283338|val_loss 0.00197972
Epoch 170|time: 3.89s|train_loss 0.00374123|val_loss 0.00072221
Epoch 171|time: 3.39s|train_loss 0.00325065|val_loss 0.00173295
Epoch 172|time: 3.41s|train_loss 0.00351213|val_loss 0.00107708
Epoch 173|time: 3.36s|train_loss 0.00321104|val_loss 0.00193590
Epoch 174|time: 3.32s|train_loss 0.00378260|val_loss 0.00063815
Epoch 175|time: 3.37s|train_loss 0.00292550|val_loss 0.00098212
Epoch 176|time: 3.30s|train_loss 0.00281579|val_loss 0.00102002
Epoch 177|time: 3.39s|train_loss 0.00287737|val_loss 0.00053584
Epoch 178|time: 3.48s|train_loss 0.00270146|val_loss 0.00057430
Epoch 179|time: 3.39s|train_loss 0.00274281|val_loss 0.00054503
Epoch 180|time: 3.62s|train_loss 0.00266631|val_loss 0.00053982
Epoch 181|time: 3.57s|train_loss 0.00264044|val_loss 0.00090835
Epoch 182|time: 3.38s|train_loss 0.00278924|val_loss 0.00073524
Epoch 183|time: 3.49s|train_loss 0.00262915|val_loss 0.00053913
Epoch 184|time: 4.12s|train_loss 0.00262651|val_loss 0.00085963
Epoch 185|time: 3.48s|train_loss 0.00268516|val_loss 0.00092615
Epoch 186|time: 3.46s|train_loss 0.00291013|val_loss 0.00076815
Epoch 187|time: 3.93s|train_loss 0.00276420|val_loss 0.00063955
Epoch 188|time: 4.02s|train_loss 0.00276795|val_loss 0.00067110
Epoch 189|time: 4.18s|train_loss 0.00292245|val_loss 0.00135719
Epoch 190|time: 3.88s|train_loss 0.00287940|val_loss 0.00061849
Epoch 191|time: 4.10s|train_loss 0.00268738|val_loss 0.00060518
Epoch 192|time: 3.99s|train_loss 0.00261356|val_loss 0.00128569
Epoch 193|time: 3.67s|train_loss 0.00291960|val_loss 0.00057119
Epoch 194|time: 4.02s|train_loss 0.00268036|val_loss 0.00072389
Epoch 195|time: 3.76s|train_loss 0.00271323|val_loss 0.00056581
Epoch 196|time: 4.01s|train_loss 0.00266098|val_loss 0.00053238
Epoch 197|time: 3.53s|train_loss 0.00275614|val_loss 0.00494795
Epoch 198|time: 3.63s|train_loss 0.00338750|val_loss 0.00051148
Epoch 199|time: 3.63s|train_loss 0.00270404|val_loss 0.00080161
Epoch 200|time: 3.38s|train_loss 0.00326877|val_loss 0.00233619
Epoch 201|time: 3.32s|train_loss 0.00348744|val_loss 0.00190088
Epoch 202|time: 3.83s|train_loss 0.00317463|val_loss 0.00145450
Epoch 203|time: 3.97s|train_loss 0.00320779|val_loss 0.00057945
Epoch 204|time: 3.80s|train_loss 0.00316280|val_loss 0.00105918
Epoch 205|time: 3.46s|train_loss 0.00308833|val_loss 0.00074251
Epoch 206|time: 3.29s|train_loss 0.00288601|val_loss 0.00109546
Epoch 207|time: 3.25s|train_loss 0.00290453|val_loss 0.00124577
Epoch 208|time: 3.62s|train_loss 0.00301911|val_loss 0.00097239
Epoch 209|time: 3.71s|train_loss 0.00279479|val_loss 0.00054119
Epoch 210|time: 3.99s|train_loss 0.00270414|val_loss 0.00060944
Epoch 211|time: 4.00s|train_loss 0.00258858|val_loss 0.00071380
Epoch 212|time: 4.13s|train_loss 0.00269981|val_loss 0.00056237
Epoch 213|time: 3.86s|train_loss 0.00265037|val_loss 0.00059446
Epoch 214|time: 3.92s|train_loss 0.00267265|val_loss 0.00077121
Epoch 215|time: 3.52s|train_loss 0.00268787|val_loss 0.00055621
Epoch 216|time: 3.58s|train_loss 0.00268497|val_loss 0.00055110
Epoch 217|time: 3.20s|train_loss 0.00265543|val_loss 0.00053584
Epoch 218|time: 3.19s|train_loss 0.00264024|val_loss 0.00085741
Epoch 219|time: 3.32s|train_loss 0.00261547|val_loss 0.00078319
Epoch 220|time: 3.19s|train_loss 0.00278567|val_loss 0.00069396
Epoch 221|time: 3.36s|train_loss 0.00265917|val_loss 0.00098608
Epoch 222|time: 3.19s|train_loss 0.00291338|val_loss 0.00075798
Epoch 223|time: 3.61s|train_loss 0.00280874|val_loss 0.00056919
Epoch 224|time: 3.41s|train_loss 0.00265496|val_loss 0.00053739
Epoch 225|time: 3.21s|train_loss 0.00266490|val_loss 0.00053655
Epoch 226|time: 3.68s|train_loss 0.00262375|val_loss 0.00062106
Epoch 227|time: 3.59s|train_loss 0.00261306|val_loss 0.00059618
Epoch 228|time: 3.48s|train_loss 0.00268474|val_loss 0.00084684
Epoch 229|time: 3.52s|train_loss 0.00277043|val_loss 0.00069456
Epoch 230|time: 3.96s|train_loss 0.00296509|val_loss 0.00090967
Final evaluation
TEST MAE 0.4400 | std 0.1450 | RMSE 0.6560 | RMSEs 0.6263 | PCC 0.8198 | PCCs 0.7192 | R2 0.5166 | R2s 0.3114 | Var 0.6311 | Vars 0.4858 | Peak 0.2992
