--------Parameters--------
Namespace(batch=32, bi=False, check_point=1, cuda=False, dataset='us_hhs', dropout=0.2, epilambda=1.0, epochs=500, gpu=3, hidsp=15, horizon=2, k=10, lamda=0.01, lr=0.001, model='cola_gnn_epi', mylog=False, n_hidden=10, n_layer=1, patience=200, rnn_model='RNN', save_dir='save', seed=42, shuffle=False, sim_mat='us_hhs-adj', test=0.2, train=0.6, val=0.2, weight_decay=0.0005, window=20)
--------------------------
data shape (364, 10)
size of train/val/test sets 197 73 73
#params: 2005
begin training
Epoch   1|time: 2.98s|train_loss 0.01280361|val_loss 0.00159672
Best validation epoch: 1 Tue May 23 02:32:30 2023
TEST MAE 2.2773 | std 0.7191 | RMSE 2.6206 | RMSEs 2.5094 | PCC -0.6864 | PCCs -0.8340 | R2 -6.7145 | R2s -10.4875 | Var -0.8886 | Vars -0.9751 | Peak 1.2492
Epoch   2|time: 3.23s|train_loss 0.01171347|val_loss 0.00081552
Best validation epoch: 2 Tue May 23 02:32:34 2023
TEST MAE 1.1104 | std 0.4359 | RMSE 1.5184 | RMSEs 1.4331 | PCC -0.3242 | PCCs -0.8170 | R2 -1.5898 | R2s -2.5845 | Var -0.2930 | Vars -0.5849 | Peak 0.7646
Epoch   3|time: 3.08s|train_loss 0.01101031|val_loss 0.00072529
Best validation epoch: 3 Tue May 23 02:32:38 2023
TEST MAE 0.7159 | std 0.2130 | RMSE 0.9911 | RMSEs 0.9466 | PCC 0.1445 | PCCs -0.6709 | R2 -0.1035 | R2s -0.5781 | Var -0.0799 | Vars -0.4025 | Peak 0.4006
Epoch   4|time: 3.06s|train_loss 0.01074367|val_loss 0.00074924
Epoch   5|time: 3.08s|train_loss 0.01064852|val_loss 0.00062155
Best validation epoch: 5 Tue May 23 02:32:45 2023
TEST MAE 0.6176 | std 0.2213 | RMSE 0.8946 | RMSEs 0.8426 | PCC 0.3935 | PCCs 0.0980 | R2 0.1011 | R2s -0.2324 | Var 0.1522 | Vars -0.0186 | Peak 0.3704
Epoch   6|time: 3.08s|train_loss 0.01058066|val_loss 0.00057465
Best validation epoch: 6 Tue May 23 02:32:49 2023
TEST MAE 0.6328 | std 0.3202 | RMSE 0.9605 | RMSEs 0.8842 | PCC 0.4870 | PCCs 0.3503 | R2 -0.0363 | R2s -0.3362 | Var 0.2298 | Vars 0.1241 | Peak 0.4380
Epoch   7|time: 3.14s|train_loss 0.01048328|val_loss 0.00056606
Best validation epoch: 7 Tue May 23 02:32:53 2023
TEST MAE 0.5558 | std 0.1825 | RMSE 0.7897 | RMSEs 0.7455 | PCC 0.5644 | PCCs 0.4663 | R2 0.2995 | R2s 0.0253 | Var 0.3152 | Vars 0.2105 | Peak 0.3112
Epoch   8|time: 3.23s|train_loss 0.01045708|val_loss 0.00051791
Best validation epoch: 8 Tue May 23 02:32:57 2023
TEST MAE 0.5246 | std 0.2252 | RMSE 0.7861 | RMSEs 0.7283 | PCC 0.6228 | PCCs 0.5648 | R2 0.3058 | R2s 0.0876 | Var 0.3760 | Vars 0.3047 | Peak 0.3266
Epoch   9|time: 3.05s|train_loss 0.01038242|val_loss 0.00048902
Best validation epoch: 9 Tue May 23 02:33:00 2023
TEST MAE 0.5130 | std 0.2495 | RMSE 0.7828 | RMSEs 0.7181 | PCC 0.6624 | PCCs 0.6222 | R2 0.3117 | R2s 0.1178 | Var 0.4231 | Vars 0.3727 | Peak 0.3298
Epoch  10|time: 3.16s|train_loss 0.01034141|val_loss 0.00047157
Best validation epoch: 10 Tue May 23 02:33:04 2023
TEST MAE 0.4810 | std 0.2135 | RMSE 0.7251 | RMSEs 0.6686 | PCC 0.6933 | PCCs 0.6609 | R2 0.4095 | R2s 0.2301 | Var 0.4698 | Vars 0.4250 | Peak 0.2959
Epoch  11|time: 3.08s|train_loss 0.01031085|val_loss 0.00045179
Best validation epoch: 11 Tue May 23 02:33:08 2023
TEST MAE 0.4713 | std 0.2266 | RMSE 0.7192 | RMSEs 0.6593 | PCC 0.7153 | PCCs 0.6883 | R2 0.4190 | R2s 0.2547 | Var 0.5008 | Vars 0.4639 | Peak 0.2950
Epoch  12|time: 3.10s|train_loss 0.01023684|val_loss 0.00044560
Best validation epoch: 12 Tue May 23 02:33:12 2023
TEST MAE 0.4458 | std 0.1723 | RMSE 0.6583 | RMSEs 0.6127 | PCC 0.7347 | PCCs 0.7072 | R2 0.5132 | R2s 0.3438 | Var 0.5334 | Vars 0.4911 | Peak 0.2596
Epoch  13|time: 3.06s|train_loss 0.01018763|val_loss 0.00042240
Best validation epoch: 13 Tue May 23 02:33:16 2023
TEST MAE 0.4523 | std 0.2304 | RMSE 0.6949 | RMSEs 0.6342 | PCC 0.7500 | PCCs 0.7276 | R2 0.4575 | R2s 0.3122 | Var 0.5526 | Vars 0.5211 | Peak 0.2837
Epoch  14|time: 3.22s|train_loss 0.01006563|val_loss 0.00040725
Best validation epoch: 14 Tue May 23 02:33:20 2023
TEST MAE 0.4221 | std 0.1879 | RMSE 0.6433 | RMSEs 0.5935 | PCC 0.7624 | PCCs 0.7348 | R2 0.5352 | R2s 0.3916 | Var 0.5742 | Vars 0.5324 | Peak 0.2588
Epoch  15|time: 3.18s|train_loss 0.01002951|val_loss 0.00041775
Epoch  16|time: 3.09s|train_loss 0.01000644|val_loss 0.00036978
Best validation epoch: 16 Tue May 23 02:33:27 2023
TEST MAE 0.4002 | std 0.1943 | RMSE 0.6293 | RMSEs 0.5777 | PCC 0.7956 | PCCs 0.7609 | R2 0.5552 | R2s 0.4286 | Var 0.6209 | Vars 0.5676 | Peak 0.2654
Epoch  17|time: 3.09s|train_loss 0.01002641|val_loss 0.00035733
Best validation epoch: 17 Tue May 23 02:33:30 2023
TEST MAE 0.3880 | std 0.1847 | RMSE 0.6147 | RMSEs 0.5649 | PCC 0.8066 | PCCs 0.7713 | R2 0.5755 | R2s 0.4538 | Var 0.6371 | Vars 0.5802 | Peak 0.2617
Epoch  18|time: 3.14s|train_loss 0.00997622|val_loss 0.00035768
Epoch  19|time: 3.04s|train_loss 0.00994194|val_loss 0.00033491
Best validation epoch: 19 Tue May 23 02:33:37 2023
TEST MAE 0.3566 | std 0.1642 | RMSE 0.5653 | RMSEs 0.5212 | PCC 0.8246 | PCCs 0.7963 | R2 0.6410 | R2s 0.5333 | Var 0.6746 | Vars 0.6203 | Peak 0.2347
Epoch  20|time: 3.13s|train_loss 0.00988565|val_loss 0.00032557
Best validation epoch: 20 Tue May 23 02:33:41 2023
TEST MAE 0.3450 | std 0.1554 | RMSE 0.5487 | RMSEs 0.5067 | PCC 0.8318 | PCCs 0.8053 | R2 0.6618 | R2s 0.5583 | Var 0.6878 | Vars 0.6339 | Peak 0.2258
Epoch  21|time: 3.07s|train_loss 0.00978023|val_loss 0.00032545
Best validation epoch: 21 Tue May 23 02:33:45 2023
TEST MAE 0.3411 | std 0.1206 | RMSE 0.5174 | RMSEs 0.4855 | PCC 0.8373 | PCCs 0.8132 | R2 0.6993 | R2s 0.5847 | Var 0.7001 | Vars 0.6453 | Peak 0.2055
Epoch  22|time: 3.22s|train_loss 0.00969480|val_loss 0.00031183
Best validation epoch: 22 Tue May 23 02:33:49 2023
TEST MAE 0.3324 | std 0.1533 | RMSE 0.5353 | RMSEs 0.4930 | PCC 0.8439 | PCCs 0.8205 | R2 0.6781 | R2s 0.5830 | Var 0.7084 | Vars 0.6571 | Peak 0.2194
Epoch  23|time: 3.27s|train_loss 0.00964292|val_loss 0.00030945
Best validation epoch: 23 Tue May 23 02:33:53 2023
TEST MAE 0.3272 | std 0.1182 | RMSE 0.5032 | RMSEs 0.4713 | PCC 0.8470 | PCCs 0.8247 | R2 0.7156 | R2s 0.6101 | Var 0.7168 | Vars 0.6627 | Peak 0.1999
Epoch  24|time: 3.06s|train_loss 0.00957513|val_loss 0.00029639
Best validation epoch: 24 Tue May 23 02:33:57 2023
TEST MAE 0.3140 | std 0.1333 | RMSE 0.5039 | RMSEs 0.4669 | PCC 0.8537 | PCCs 0.8329 | R2 0.7148 | R2s 0.6235 | Var 0.7276 | Vars 0.6756 | Peak 0.2020
Epoch  25|time: 3.12s|train_loss 0.00948618|val_loss 0.00029082
Best validation epoch: 25 Tue May 23 02:34:01 2023
TEST MAE 0.3107 | std 0.1345 | RMSE 0.5020 | RMSEs 0.4644 | PCC 0.8570 | PCCs 0.8361 | R2 0.7169 | R2s 0.6286 | Var 0.7333 | Vars 0.6807 | Peak 0.2014
Epoch  26|time: 3.12s|train_loss 0.00940815|val_loss 0.00028362
Best validation epoch: 26 Tue May 23 02:34:05 2023
TEST MAE 0.3070 | std 0.1251 | RMSE 0.4919 | RMSEs 0.4568 | PCC 0.8588 | PCCs 0.8379 | R2 0.7282 | R2s 0.6389 | Var 0.7373 | Vars 0.6826 | Peak 0.1959
Epoch  27|time: 3.12s|train_loss 0.00932315|val_loss 0.00027908
Best validation epoch: 27 Tue May 23 02:34:08 2023
TEST MAE 0.3031 | std 0.1256 | RMSE 0.4900 | RMSEs 0.4542 | PCC 0.8627 | PCCs 0.8413 | R2 0.7303 | R2s 0.6443 | Var 0.7434 | Vars 0.6889 | Peak 0.1949
Epoch  28|time: 3.08s|train_loss 0.00923708|val_loss 0.00027533
Best validation epoch: 28 Tue May 23 02:34:12 2023
TEST MAE 0.2992 | std 0.1133 | RMSE 0.4755 | RMSEs 0.4435 | PCC 0.8661 | PCCs 0.8454 | R2 0.7460 | R2s 0.6581 | Var 0.7499 | Vars 0.6950 | Peak 0.1871
Epoch  29|time: 3.07s|train_loss 0.00914242|val_loss 0.00026894
Best validation epoch: 29 Tue May 23 02:34:16 2023
TEST MAE 0.2914 | std 0.1156 | RMSE 0.4717 | RMSEs 0.4384 | PCC 0.8716 | PCCs 0.8512 | R2 0.7500 | R2s 0.6676 | Var 0.7588 | Vars 0.7054 | Peak 0.1849
Epoch  30|time: 3.11s|train_loss 0.00905478|val_loss 0.00026531
Best validation epoch: 30 Tue May 23 02:34:20 2023
TEST MAE 0.2896 | std 0.1070 | RMSE 0.4617 | RMSEs 0.4313 | PCC 0.8740 | PCCs 0.8539 | R2 0.7605 | R2s 0.6763 | Var 0.7636 | Vars 0.7093 | Peak 0.1794
Epoch  31|time: 3.26s|train_loss 0.00896948|val_loss 0.00026000
Best validation epoch: 31 Tue May 23 02:34:24 2023
TEST MAE 0.2901 | std 0.1048 | RMSE 0.4587 | RMSEs 0.4293 | PCC 0.8748 | PCCs 0.8547 | R2 0.7636 | R2s 0.6782 | Var 0.7653 | Vars 0.7093 | Peak 0.1776
Epoch  32|time: 3.13s|train_loss 0.00894368|val_loss 0.00025540
Best validation epoch: 32 Tue May 23 02:34:28 2023
TEST MAE 0.2885 | std 0.1143 | RMSE 0.4640 | RMSEs 0.4316 | PCC 0.8760 | PCCs 0.8550 | R2 0.7581 | R2s 0.6781 | Var 0.7673 | Vars 0.7102 | Peak 0.1806
Epoch  33|time: 3.05s|train_loss 0.00887062|val_loss 0.00025041
Best validation epoch: 33 Tue May 23 02:34:31 2023
TEST MAE 0.2889 | std 0.1131 | RMSE 0.4599 | RMSEs 0.4283 | PCC 0.8778 | PCCs 0.8584 | R2 0.7624 | R2s 0.6822 | Var 0.7703 | Vars 0.7120 | Peak 0.1773
Epoch  34|time: 3.08s|train_loss 0.00880803|val_loss 0.00025108
Epoch  35|time: 3.09s|train_loss 0.00886054|val_loss 0.00025157
Epoch  36|time: 3.16s|train_loss 0.00876691|val_loss 0.00025049
Epoch  37|time: 3.14s|train_loss 0.00875738|val_loss 0.00024312
Best validation epoch: 37 Tue May 23 02:34:45 2023
TEST MAE 0.2757 | std 0.1040 | RMSE 0.4433 | RMSEs 0.4139 | PCC 0.8869 | PCCs 0.8642 | R2 0.7792 | R2s 0.7029 | Var 0.7863 | Vars 0.7279 | Peak 0.1706
Epoch  38|time: 3.11s|train_loss 0.00870431|val_loss 0.00024327
Epoch  39|time: 3.08s|train_loss 0.00867858|val_loss 0.00023673
Best validation epoch: 39 Tue May 23 02:34:52 2023
TEST MAE 0.2761 | std 0.1000 | RMSE 0.4363 | RMSEs 0.4088 | PCC 0.8883 | PCCs 0.8655 | R2 0.7862 | R2s 0.7089 | Var 0.7891 | Vars 0.7289 | Peak 0.1663
Epoch  40|time: 3.08s|train_loss 0.00868061|val_loss 0.00023648
Best validation epoch: 40 Tue May 23 02:34:55 2023
TEST MAE 0.2796 | std 0.1062 | RMSE 0.4399 | RMSEs 0.4111 | PCC 0.8895 | PCCs 0.8675 | R2 0.7826 | R2s 0.7067 | Var 0.7912 | Vars 0.7305 | Peak 0.1674
Epoch  41|time: 3.10s|train_loss 0.00864987|val_loss 0.00023452
Best validation epoch: 41 Tue May 23 02:34:59 2023
TEST MAE 0.2812 | std 0.0969 | RMSE 0.4326 | RMSEs 0.4076 | PCC 0.8892 | PCCs 0.8667 | R2 0.7898 | R2s 0.7080 | Var 0.7898 | Vars 0.7281 | Peak 0.1632
Epoch  42|time: 3.10s|train_loss 0.00864690|val_loss 0.00022993
Best validation epoch: 42 Tue May 23 02:35:03 2023
TEST MAE 0.2760 | std 0.0994 | RMSE 0.4317 | RMSEs 0.4052 | PCC 0.8906 | PCCs 0.8676 | R2 0.7907 | R2s 0.7133 | Var 0.7927 | Vars 0.7306 | Peak 0.1638
Epoch  43|time: 3.02s|train_loss 0.00864255|val_loss 0.00022881
Best validation epoch: 43 Tue May 23 02:35:07 2023
TEST MAE 0.2761 | std 0.0963 | RMSE 0.4285 | RMSEs 0.4033 | PCC 0.8915 | PCCs 0.8682 | R2 0.7937 | R2s 0.7147 | Var 0.7940 | Vars 0.7318 | Peak 0.1623
Epoch  44|time: 3.07s|train_loss 0.00859852|val_loss 0.00023457
Epoch  45|time: 3.21s|train_loss 0.00867469|val_loss 0.00024407
Epoch  46|time: 3.16s|train_loss 0.00862972|val_loss 0.00023663
Epoch  47|time: 3.10s|train_loss 0.00865131|val_loss 0.00023367
Epoch  48|time: 3.16s|train_loss 0.00871449|val_loss 0.00022887
Epoch  49|time: 3.09s|train_loss 0.00856447|val_loss 0.00022690
Best validation epoch: 49 Tue May 23 02:35:26 2023
TEST MAE 0.2719 | std 0.0955 | RMSE 0.4205 | RMSEs 0.3963 | PCC 0.8956 | PCCs 0.8695 | R2 0.8014 | R2s 0.7244 | Var 0.8015 | Vars 0.7374 | Peak 0.1595
Epoch  50|time: 3.06s|train_loss 0.00855044|val_loss 0.00022614
Best validation epoch: 50 Tue May 23 02:35:30 2023
TEST MAE 0.2747 | std 0.1034 | RMSE 0.4270 | RMSEs 0.4004 | PCC 0.8967 | PCCs 0.8716 | R2 0.7951 | R2s 0.7208 | Var 0.8035 | Vars 0.7392 | Peak 0.1628
Epoch  51|time: 3.23s|train_loss 0.00862019|val_loss 0.00022719
Epoch  52|time: 3.09s|train_loss 0.00860085|val_loss 0.00022099
Best validation epoch: 52 Tue May 23 02:35:37 2023
TEST MAE 0.2695 | std 0.0959 | RMSE 0.4174 | RMSEs 0.3930 | PCC 0.8977 | PCCs 0.8713 | R2 0.8043 | R2s 0.7294 | Var 0.8053 | Vars 0.7407 | Peak 0.1587
Epoch  53|time: 3.14s|train_loss 0.00849836|val_loss 0.00021946
Best validation epoch: 53 Tue May 23 02:35:41 2023
TEST MAE 0.2718 | std 0.1003 | RMSE 0.4213 | RMSEs 0.3957 | PCC 0.8979 | PCCs 0.8718 | R2 0.8006 | R2s 0.7266 | Var 0.8054 | Vars 0.7403 | Peak 0.1607
Epoch  54|time: 3.13s|train_loss 0.00849490|val_loss 0.00022590
Epoch  55|time: 3.22s|train_loss 0.00850213|val_loss 0.00021850
Best validation epoch: 55 Tue May 23 02:35:48 2023
TEST MAE 0.2648 | std 0.0959 | RMSE 0.4135 | RMSEs 0.3888 | PCC 0.8999 | PCCs 0.8738 | R2 0.8079 | R2s 0.7354 | Var 0.8093 | Vars 0.7459 | Peak 0.1581
Epoch  56|time: 3.20s|train_loss 0.00863392|val_loss 0.00022105
Epoch  57|time: 3.05s|train_loss 0.00846390|val_loss 0.00022134
Epoch  58|time: 3.02s|train_loss 0.00844659|val_loss 0.00022798
Epoch  59|time: 3.10s|train_loss 0.00847082|val_loss 0.00023031
Epoch  60|time: 3.14s|train_loss 0.00848163|val_loss 0.00021960
Epoch  61|time: 3.18s|train_loss 0.00842747|val_loss 0.00021291
Best validation epoch: 61 Tue May 23 02:36:08 2023
TEST MAE 0.2639 | std 0.0939 | RMSE 0.4061 | RMSEs 0.3826 | PCC 0.9040 | PCCs 0.8783 | R2 0.8147 | R2s 0.7432 | Var 0.8164 | Vars 0.7536 | Peak 0.1541
Epoch  62|time: 3.07s|train_loss 0.00840227|val_loss 0.00021332
Epoch  63|time: 3.13s|train_loss 0.00840214|val_loss 0.00022742
Epoch  64|time: 3.07s|train_loss 0.00841760|val_loss 0.00021559
Epoch  65|time: 3.11s|train_loss 0.00838992|val_loss 0.00021937
Epoch  66|time: 3.12s|train_loss 0.00838979|val_loss 0.00021937
Epoch  67|time: 3.16s|train_loss 0.00841304|val_loss 0.00021973
Epoch  68|time: 3.03s|train_loss 0.00835281|val_loss 0.00021483
Epoch  69|time: 3.09s|train_loss 0.00840828|val_loss 0.00021145
Best validation epoch: 69 Tue May 23 02:36:33 2023
TEST MAE 0.2561 | std 0.0890 | RMSE 0.3964 | RMSEs 0.3743 | PCC 0.9078 | PCCs 0.8804 | R2 0.8235 | R2s 0.7533 | Var 0.8236 | Vars 0.7613 | Peak 0.1516
Epoch  70|time: 3.17s|train_loss 0.00838021|val_loss 0.00021887
Epoch  71|time: 3.04s|train_loss 0.00834894|val_loss 0.00023573
Epoch  72|time: 3.08s|train_loss 0.00834285|val_loss 0.00021430
Epoch  73|time: 3.02s|train_loss 0.00832562|val_loss 0.00021283
Epoch  74|time: 3.16s|train_loss 0.00832901|val_loss 0.00021090
Best validation epoch: 74 Tue May 23 02:36:50 2023
TEST MAE 0.2548 | std 0.0944 | RMSE 0.4003 | RMSEs 0.3766 | PCC 0.9100 | PCCs 0.8826 | R2 0.8200 | R2s 0.7514 | Var 0.8280 | Vars 0.7664 | Peak 0.1565
Epoch  75|time: 3.13s|train_loss 0.00831843|val_loss 0.00020709
Best validation epoch: 75 Tue May 23 02:36:53 2023
TEST MAE 0.2494 | std 0.0899 | RMSE 0.3931 | RMSEs 0.3704 | PCC 0.9111 | PCCs 0.8837 | R2 0.8264 | R2s 0.7590 | Var 0.8301 | Vars 0.7690 | Peak 0.1529
Epoch  76|time: 3.04s|train_loss 0.00831138|val_loss 0.00021262
Epoch  77|time: 3.03s|train_loss 0.00830735|val_loss 0.00021531
Epoch  78|time: 3.08s|train_loss 0.00829231|val_loss 0.00021056
Epoch  79|time: 3.17s|train_loss 0.00829485|val_loss 0.00020657
Best validation epoch: 79 Tue May 23 02:37:06 2023
TEST MAE 0.2515 | std 0.0907 | RMSE 0.3917 | RMSEs 0.3691 | PCC 0.9118 | PCCs 0.8860 | R2 0.8276 | R2s 0.7606 | Var 0.8306 | Vars 0.7697 | Peak 0.1508
Epoch  80|time: 3.08s|train_loss 0.00828315|val_loss 0.00020336
Best validation epoch: 80 Tue May 23 02:37:10 2023
TEST MAE 0.2534 | std 0.0875 | RMSE 0.3897 | RMSEs 0.3681 | PCC 0.9119 | PCCs 0.8867 | R2 0.8294 | R2s 0.7607 | Var 0.8296 | Vars 0.7683 | Peak 0.1483
Epoch  81|time: 3.15s|train_loss 0.00831710|val_loss 0.00020582
Epoch  82|time: 3.09s|train_loss 0.00828188|val_loss 0.00021503
Epoch  83|time: 3.09s|train_loss 0.00826927|val_loss 0.00021832
Epoch  84|time: 3.10s|train_loss 0.00827096|val_loss 0.00020876
Epoch  85|time: 3.13s|train_loss 0.00823882|val_loss 0.00020235
Best validation epoch: 85 Tue May 23 02:37:27 2023
TEST MAE 0.2547 | std 0.0830 | RMSE 0.3854 | RMSEs 0.3657 | PCC 0.9143 | PCCs 0.8891 | R2 0.8332 | R2s 0.7622 | Var 0.8341 | Vars 0.7746 | Peak 0.1460
Epoch  86|time: 3.04s|train_loss 0.00825651|val_loss 0.00020553
Epoch  87|time: 3.14s|train_loss 0.00824955|val_loss 0.00020606
Epoch  88|time: 3.05s|train_loss 0.00823844|val_loss 0.00020756
Epoch  89|time: 3.21s|train_loss 0.00824967|val_loss 0.00020914
Epoch  90|time: 3.23s|train_loss 0.00821421|val_loss 0.00020199
Best validation epoch: 90 Tue May 23 02:37:43 2023
TEST MAE 0.2472 | std 0.0890 | RMSE 0.3843 | RMSEs 0.3622 | PCC 0.9145 | PCCs 0.8887 | R2 0.8341 | R2s 0.7691 | Var 0.8354 | Vars 0.7757 | Peak 0.1482
Epoch  91|time: 3.12s|train_loss 0.00822084|val_loss 0.00020230
Epoch  92|time: 3.15s|train_loss 0.00823010|val_loss 0.00020151
Best validation epoch: 92 Tue May 23 02:37:50 2023
TEST MAE 0.2460 | std 0.0868 | RMSE 0.3813 | RMSEs 0.3600 | PCC 0.9153 | PCCs 0.8892 | R2 0.8367 | R2s 0.7715 | Var 0.8371 | Vars 0.7776 | Peak 0.1469
Epoch  93|time: 3.14s|train_loss 0.00822683|val_loss 0.00020098
Best validation epoch: 93 Tue May 23 02:37:54 2023
TEST MAE 0.2446 | std 0.0882 | RMSE 0.3820 | RMSEs 0.3601 | PCC 0.9158 | PCCs 0.8902 | R2 0.8360 | R2s 0.7718 | Var 0.8377 | Vars 0.7785 | Peak 0.1477
Epoch  94|time: 3.07s|train_loss 0.00821096|val_loss 0.00020233
Epoch  95|time: 3.03s|train_loss 0.00819918|val_loss 0.00020290
Epoch  96|time: 3.27s|train_loss 0.00821468|val_loss 0.00020559
Epoch  97|time: 3.09s|train_loss 0.00823729|val_loss 0.00020062
Best validation epoch: 97 Tue May 23 02:38:07 2023
TEST MAE 0.2416 | std 0.0859 | RMSE 0.3779 | RMSEs 0.3566 | PCC 0.9169 | PCCs 0.8917 | R2 0.8396 | R2s 0.7758 | Var 0.8399 | Vars 0.7818 | Peak 0.1459
Epoch  98|time: 3.15s|train_loss 0.00820171|val_loss 0.00020798
Epoch  99|time: 3.29s|train_loss 0.00820295|val_loss 0.00020341
Epoch 100|time: 3.05s|train_loss 0.00818705|val_loss 0.00020131
Epoch 101|time: 3.14s|train_loss 0.00815548|val_loss 0.00019738
Best validation epoch: 101 Tue May 23 02:38:20 2023
TEST MAE 0.2427 | std 0.0865 | RMSE 0.3782 | RMSEs 0.3569 | PCC 0.9172 | PCCs 0.8916 | R2 0.8393 | R2s 0.7755 | Var 0.8402 | Vars 0.7814 | Peak 0.1464
Epoch 102|time: 3.13s|train_loss 0.00815516|val_loss 0.00019728
Best validation epoch: 102 Tue May 23 02:38:24 2023
TEST MAE 0.2412 | std 0.0862 | RMSE 0.3772 | RMSEs 0.3558 | PCC 0.9177 | PCCs 0.8927 | R2 0.8401 | R2s 0.7769 | Var 0.8411 | Vars 0.7831 | Peak 0.1460
Epoch 103|time: 3.07s|train_loss 0.00821296|val_loss 0.00019840
Epoch 104|time: 3.11s|train_loss 0.00815619|val_loss 0.00020305
Epoch 105|time: 3.08s|train_loss 0.00814686|val_loss 0.00019751
Epoch 106|time: 3.12s|train_loss 0.00813550|val_loss 0.00020099
Epoch 107|time: 3.13s|train_loss 0.00815156|val_loss 0.00020038
Epoch 108|time: 3.07s|train_loss 0.00812709|val_loss 0.00019721
Best validation epoch: 108 Tue May 23 02:38:43 2023
TEST MAE 0.2392 | std 0.0840 | RMSE 0.3727 | RMSEs 0.3520 | PCC 0.9192 | PCCs 0.8945 | R2 0.8440 | R2s 0.7811 | Var 0.8441 | Vars 0.7872 | Peak 0.1437
Epoch 109|time: 3.04s|train_loss 0.00812693|val_loss 0.00019670
Best validation epoch: 109 Tue May 23 02:38:47 2023
TEST MAE 0.2407 | std 0.0814 | RMSE 0.3717 | RMSEs 0.3520 | PCC 0.9198 | PCCs 0.8955 | R2 0.8448 | R2s 0.7804 | Var 0.8449 | Vars 0.7883 | Peak 0.1423
Epoch 110|time: 3.09s|train_loss 0.00811974|val_loss 0.00020328
Epoch 111|time: 3.31s|train_loss 0.00810822|val_loss 0.00019806
Epoch 112|time: 3.02s|train_loss 0.00810855|val_loss 0.00019727
Epoch 113|time: 3.05s|train_loss 0.00810236|val_loss 0.00019748
Epoch 114|time: 3.16s|train_loss 0.00810615|val_loss 0.00019750
Epoch 115|time: 3.10s|train_loss 0.00811638|val_loss 0.00019699
Epoch 116|time: 3.06s|train_loss 0.00812230|val_loss 0.00019603
Best validation epoch: 116 Tue May 23 02:39:10 2023
TEST MAE 0.2405 | std 0.0844 | RMSE 0.3724 | RMSEs 0.3514 | PCC 0.9200 | PCCs 0.8968 | R2 0.8442 | R2s 0.7815 | Var 0.8443 | Vars 0.7885 | Peak 0.1431
Epoch 117|time: 3.12s|train_loss 0.00810949|val_loss 0.00019849
Epoch 118|time: 3.06s|train_loss 0.00808533|val_loss 0.00019674
Epoch 119|time: 3.08s|train_loss 0.00808047|val_loss 0.00019535
Best validation epoch: 119 Tue May 23 02:39:20 2023
TEST MAE 0.2345 | std 0.0827 | RMSE 0.3678 | RMSEs 0.3475 | PCC 0.9213 | PCCs 0.8963 | R2 0.8481 | R2s 0.7869 | Var 0.8486 | Vars 0.7924 | Peak 0.1427
Epoch 120|time: 3.14s|train_loss 0.00807819|val_loss 0.00020097
Epoch 121|time: 3.08s|train_loss 0.00808336|val_loss 0.00019307
Best validation epoch: 121 Tue May 23 02:39:27 2023
TEST MAE 0.2382 | std 0.0806 | RMSE 0.3675 | RMSEs 0.3481 | PCC 0.9216 | PCCs 0.8967 | R2 0.8483 | R2s 0.7851 | Var 0.8483 | Vars 0.7913 | Peak 0.1410
Epoch 122|time: 3.02s|train_loss 0.00807022|val_loss 0.00019386
Epoch 123|time: 3.20s|train_loss 0.00807389|val_loss 0.00019583
Epoch 124|time: 3.10s|train_loss 0.00805459|val_loss 0.00019514
Epoch 125|time: 3.16s|train_loss 0.00806013|val_loss 0.00019393
Epoch 126|time: 3.12s|train_loss 0.00805654|val_loss 0.00019775
Epoch 127|time: 3.05s|train_loss 0.00805455|val_loss 0.00019545
Epoch 128|time: 3.23s|train_loss 0.00805683|val_loss 0.00019444
Epoch 129|time: 3.11s|train_loss 0.00807214|val_loss 0.00019847
Epoch 130|time: 3.15s|train_loss 0.00805056|val_loss 0.00019392
Epoch 131|time: 3.08s|train_loss 0.00806357|val_loss 0.00019097
Best validation epoch: 131 Tue May 23 02:39:59 2023
TEST MAE 0.2356 | std 0.0813 | RMSE 0.3651 | RMSEs 0.3451 | PCC 0.9232 | PCCs 0.9002 | R2 0.8503 | R2s 0.7889 | Var 0.8503 | Vars 0.7950 | Peak 0.1402
Epoch 132|time: 3.19s|train_loss 0.00802285|val_loss 0.00019705
Epoch 133|time: 3.09s|train_loss 0.00802696|val_loss 0.00019190
Epoch 134|time: 3.07s|train_loss 0.00802942|val_loss 0.00019266
Epoch 135|time: 3.06s|train_loss 0.00800513|val_loss 0.00019255
Epoch 136|time: 3.17s|train_loss 0.00800758|val_loss 0.00019318
Epoch 137|time: 3.10s|train_loss 0.00804726|val_loss 0.00020544
Epoch 138|time: 3.22s|train_loss 0.00800503|val_loss 0.00019137
Epoch 139|time: 3.09s|train_loss 0.00800215|val_loss 0.00018999
Best validation epoch: 139 Tue May 23 02:40:25 2023
TEST MAE 0.2329 | std 0.0784 | RMSE 0.3608 | RMSEs 0.3418 | PCC 0.9247 | PCCs 0.9011 | R2 0.8538 | R2s 0.7927 | Var 0.8538 | Vars 0.7982 | Peak 0.1381
Epoch 140|time: 3.07s|train_loss 0.00800937|val_loss 0.00020227
Epoch 141|time: 3.03s|train_loss 0.00799297|val_loss 0.00019432
Epoch 142|time: 3.14s|train_loss 0.00799164|val_loss 0.00019506
Epoch 143|time: 3.04s|train_loss 0.00799403|val_loss 0.00019034
Epoch 144|time: 3.13s|train_loss 0.00802256|val_loss 0.00019452
Epoch 145|time: 3.16s|train_loss 0.00799144|val_loss 0.00019143
Epoch 146|time: 3.06s|train_loss 0.00796028|val_loss 0.00019219
Epoch 147|time: 3.20s|train_loss 0.00801495|val_loss 0.00019227
Epoch 148|time: 3.36s|train_loss 0.00797448|val_loss 0.00019087
Epoch 149|time: 3.05s|train_loss 0.00795251|val_loss 0.00020076
Epoch 150|time: 3.07s|train_loss 0.00796687|val_loss 0.00019241
Epoch 151|time: 3.11s|train_loss 0.00798697|val_loss 0.00019039
Epoch 152|time: 3.10s|train_loss 0.00797413|val_loss 0.00022800
Epoch 153|time: 3.05s|train_loss 0.00798760|val_loss 0.00020882
Epoch 154|time: 3.08s|train_loss 0.00795808|val_loss 0.00019976
Epoch 155|time: 3.11s|train_loss 0.00795368|val_loss 0.00019192
Epoch 156|time: 3.09s|train_loss 0.00792613|val_loss 0.00019198
Epoch 157|time: 3.43s|train_loss 0.00793353|val_loss 0.00021341
Epoch 158|time: 3.42s|train_loss 0.00795174|val_loss 0.00019556
Epoch 159|time: 3.27s|train_loss 0.00792220|val_loss 0.00019019
Epoch 160|time: 3.05s|train_loss 0.00792231|val_loss 0.00020318
Epoch 161|time: 3.17s|train_loss 0.00792679|val_loss 0.00019718
Epoch 162|time: 3.41s|train_loss 0.00792541|val_loss 0.00020381
Epoch 163|time: 3.30s|train_loss 0.00791420|val_loss 0.00019040
Epoch 164|time: 3.34s|train_loss 0.00794991|val_loss 0.00019448
Epoch 165|time: 3.34s|train_loss 0.00795001|val_loss 0.00018860
Best validation epoch: 165 Tue May 23 02:41:48 2023
TEST MAE 0.2259 | std 0.0771 | RMSE 0.3535 | RMSEs 0.3345 | PCC 0.9277 | PCCs 0.9052 | R2 0.8596 | R2s 0.8015 | Var 0.8596 | Vars 0.8066 | Peak 0.1356
Epoch 166|time: 3.91s|train_loss 0.00791803|val_loss 0.00019036
Epoch 167|time: 3.14s|train_loss 0.00792483|val_loss 0.00019366
Epoch 168|time: 3.40s|train_loss 0.00795188|val_loss 0.00019265
Epoch 169|time: 3.10s|train_loss 0.00790822|val_loss 0.00019550
Epoch 170|time: 3.02s|train_loss 0.00789445|val_loss 0.00018753
Best validation epoch: 170 Tue May 23 02:42:05 2023
TEST MAE 0.2251 | std 0.0767 | RMSE 0.3527 | RMSEs 0.3338 | PCC 0.9280 | PCCs 0.9054 | R2 0.8603 | R2s 0.8022 | Var 0.8603 | Vars 0.8075 | Peak 0.1355
Epoch 171|time: 2.98s|train_loss 0.00790333|val_loss 0.00019135
Epoch 172|time: 2.98s|train_loss 0.00789518|val_loss 0.00018971
Epoch 173|time: 3.07s|train_loss 0.00789937|val_loss 0.00018864
Epoch 174|time: 3.00s|train_loss 0.00790834|val_loss 0.00018799
Epoch 175|time: 3.07s|train_loss 0.00791500|val_loss 0.00018924
Epoch 176|time: 3.10s|train_loss 0.00787347|val_loss 0.00019348
Epoch 177|time: 3.04s|train_loss 0.00793217|val_loss 0.00018847
Epoch 178|time: 2.99s|train_loss 0.00787425|val_loss 0.00018836
Epoch 179|time: 2.99s|train_loss 0.00786051|val_loss 0.00019048
Epoch 180|time: 3.05s|train_loss 0.00788071|val_loss 0.00018711
Best validation epoch: 180 Tue May 23 02:42:36 2023
TEST MAE 0.2268 | std 0.0749 | RMSE 0.3518 | RMSEs 0.3339 | PCC 0.9286 | PCCs 0.9061 | R2 0.8610 | R2s 0.8014 | Var 0.8615 | Vars 0.8093 | Peak 0.1341
Epoch 181|time: 3.08s|train_loss 0.00785422|val_loss 0.00018918
Epoch 182|time: 3.15s|train_loss 0.00787311|val_loss 0.00018695
Best validation epoch: 182 Tue May 23 02:42:43 2023
TEST MAE 0.2225 | std 0.0761 | RMSE 0.3507 | RMSEs 0.3320 | PCC 0.9288 | PCCs 0.9059 | R2 0.8618 | R2s 0.8048 | Var 0.8623 | Vars 0.8093 | Peak 0.1356
Epoch 183|time: 3.09s|train_loss 0.00787827|val_loss 0.00018783
Epoch 184|time: 3.15s|train_loss 0.00790291|val_loss 0.00018961
Epoch 185|time: 3.07s|train_loss 0.00784836|val_loss 0.00018567
Best validation epoch: 185 Tue May 23 02:42:53 2023
TEST MAE 0.2246 | std 0.0767 | RMSE 0.3521 | RMSEs 0.3329 | PCC 0.9289 | PCCs 0.9074 | R2 0.8608 | R2s 0.8034 | Var 0.8608 | Vars 0.8080 | Peak 0.1352
Epoch 186|time: 3.03s|train_loss 0.00785480|val_loss 0.00018657
Epoch 187|time: 3.15s|train_loss 0.00785783|val_loss 0.00019655
Epoch 188|time: 3.05s|train_loss 0.00785565|val_loss 0.00018423
Best validation epoch: 188 Tue May 23 02:43:03 2023
TEST MAE 0.2282 | std 0.0742 | RMSE 0.3526 | RMSEs 0.3349 | PCC 0.9292 | PCCs 0.9082 | R2 0.8603 | R2s 0.7995 | Var 0.8612 | Vars 0.8091 | Peak 0.1339
Epoch 189|time: 3.08s|train_loss 0.00785213|val_loss 0.00018587
Epoch 190|time: 3.13s|train_loss 0.00783171|val_loss 0.00019129
Epoch 191|time: 3.13s|train_loss 0.00786664|val_loss 0.00018910
Epoch 192|time: 3.07s|train_loss 0.00783633|val_loss 0.00018775
Epoch 193|time: 3.10s|train_loss 0.00796544|val_loss 0.00018735
Epoch 194|time: 3.12s|train_loss 0.00788598|val_loss 0.00018848
Epoch 195|time: 3.13s|train_loss 0.00784660|val_loss 0.00018458
Epoch 196|time: 3.19s|train_loss 0.00781776|val_loss 0.00018660
Epoch 197|time: 3.02s|train_loss 0.00780379|val_loss 0.00019586
Epoch 198|time: 3.07s|train_loss 0.00779043|val_loss 0.00018265
Best validation epoch: 198 Tue May 23 02:43:35 2023
TEST MAE 0.2240 | std 0.0751 | RMSE 0.3506 | RMSEs 0.3323 | PCC 0.9294 | PCCs 0.9075 | R2 0.8619 | R2s 0.8036 | Var 0.8619 | Vars 0.8090 | Peak 0.1343
Epoch 199|time: 3.07s|train_loss 0.00779467|val_loss 0.00018140
Best validation epoch: 199 Tue May 23 02:43:39 2023
TEST MAE 0.2269 | std 0.0743 | RMSE 0.3529 | RMSEs 0.3349 | PCC 0.9294 | PCCs 0.9081 | R2 0.8601 | R2s 0.7996 | Var 0.8609 | Vars 0.8080 | Peak 0.1342
Epoch 200|time: 3.18s|train_loss 0.00780125|val_loss 0.00019995
Epoch 201|time: 3.07s|train_loss 0.00780051|val_loss 0.00018384
Epoch 202|time: 3.13s|train_loss 0.00779151|val_loss 0.00018601
Epoch 203|time: 3.08s|train_loss 0.00777799|val_loss 0.00019147
Epoch 204|time: 3.13s|train_loss 0.00778593|val_loss 0.00018637
Epoch 205|time: 3.10s|train_loss 0.00779170|val_loss 0.00018729
Epoch 206|time: 3.11s|train_loss 0.00782258|val_loss 0.00018386
Epoch 207|time: 3.08s|train_loss 0.00778474|val_loss 0.00018396
Epoch 208|time: 3.16s|train_loss 0.00781302|val_loss 0.00019038
Epoch 209|time: 3.06s|train_loss 0.00777941|val_loss 0.00018306
Epoch 210|time: 3.11s|train_loss 0.00775755|val_loss 0.00018977
Epoch 211|time: 3.08s|train_loss 0.00775628|val_loss 0.00018485
Epoch 212|time: 3.08s|train_loss 0.00775822|val_loss 0.00018417
Epoch 213|time: 3.11s|train_loss 0.00774822|val_loss 0.00018724
Epoch 214|time: 3.13s|train_loss 0.00779724|val_loss 0.00018994
Epoch 215|time: 3.06s|train_loss 0.00775420|val_loss 0.00018763
Epoch 216|time: 3.06s|train_loss 0.00774609|val_loss 0.00018661
Epoch 217|time: 3.08s|train_loss 0.00776649|val_loss 0.00018978
Epoch 218|time: 3.15s|train_loss 0.00772763|val_loss 0.00019725
Epoch 219|time: 3.03s|train_loss 0.00775532|val_loss 0.00018155
Epoch 220|time: 3.16s|train_loss 0.00773515|val_loss 0.00018232
Epoch 221|time: 3.05s|train_loss 0.00773154|val_loss 0.00018264
Epoch 222|time: 3.19s|train_loss 0.00773886|val_loss 0.00018264
Epoch 223|time: 3.10s|train_loss 0.00772677|val_loss 0.00018292
Epoch 224|time: 3.03s|train_loss 0.00772944|val_loss 0.00018454
Epoch 225|time: 3.00s|train_loss 0.00771508|val_loss 0.00019597
Epoch 226|time: 3.26s|train_loss 0.00770549|val_loss 0.00018248
Epoch 227|time: 3.38s|train_loss 0.00769699|val_loss 0.00018058
Best validation epoch: 227 Tue May 23 02:45:07 2023
TEST MAE 0.2206 | std 0.0744 | RMSE 0.3476 | RMSEs 0.3293 | PCC 0.9306 | PCCs 0.9090 | R2 0.8643 | R2s 0.8072 | Var 0.8643 | Vars 0.8123 | Peak 0.1338
Epoch 228|time: 3.06s|train_loss 0.00769591|val_loss 0.00018603
Epoch 229|time: 3.17s|train_loss 0.00770648|val_loss 0.00018103
Epoch 230|time: 3.09s|train_loss 0.00768376|val_loss 0.00018557
Epoch 231|time: 3.07s|train_loss 0.00770999|val_loss 0.00018354
Epoch 232|time: 3.20s|train_loss 0.00767600|val_loss 0.00018426
Epoch 233|time: 3.01s|train_loss 0.00770392|val_loss 0.00018279
Epoch 234|time: 3.10s|train_loss 0.00766952|val_loss 0.00018297
Epoch 235|time: 3.11s|train_loss 0.00766136|val_loss 0.00018331
Epoch 236|time: 3.19s|train_loss 0.00766342|val_loss 0.00018175
Epoch 237|time: 3.03s|train_loss 0.00767349|val_loss 0.00018281
Epoch 238|time: 3.03s|train_loss 0.00772708|val_loss 0.00017911
Best validation epoch: 238 Tue May 23 02:45:42 2023
TEST MAE 0.2221 | std 0.0713 | RMSE 0.3456 | RMSEs 0.3288 | PCC 0.9315 | PCCs 0.9093 | R2 0.8658 | R2s 0.8069 | Var 0.8665 | Vars 0.8151 | Peak 0.1315
Epoch 239|time: 3.12s|train_loss 0.00764854|val_loss 0.00018248
Epoch 240|time: 3.05s|train_loss 0.00765248|val_loss 0.00018126
Epoch 241|time: 3.11s|train_loss 0.00765005|val_loss 0.00018281
Epoch 242|time: 3.11s|train_loss 0.00764795|val_loss 0.00019217
Epoch 243|time: 3.08s|train_loss 0.00765814|val_loss 0.00018336
Epoch 244|time: 3.02s|train_loss 0.00762753|val_loss 0.00018392
Epoch 245|time: 3.09s|train_loss 0.00760618|val_loss 0.00018796
Epoch 246|time: 3.13s|train_loss 0.00762064|val_loss 0.00017931
Epoch 247|time: 3.05s|train_loss 0.00765045|val_loss 0.00018063
Epoch 248|time: 3.04s|train_loss 0.00763479|val_loss 0.00018016
Epoch 249|time: 3.00s|train_loss 0.00761977|val_loss 0.00017899
Best validation epoch: 249 Tue May 23 02:46:16 2023
TEST MAE 0.2217 | std 0.0742 | RMSE 0.3493 | RMSEs 0.3306 | PCC 0.9313 | PCCs 0.9111 | R2 0.8630 | R2s 0.8049 | Var 0.8636 | Vars 0.8124 | Peak 0.1338
Epoch 250|time: 3.07s|train_loss 0.00763941|val_loss 0.00018011
Epoch 251|time: 3.09s|train_loss 0.00762603|val_loss 0.00018030
Epoch 252|time: 3.01s|train_loss 0.00758339|val_loss 0.00019208
Epoch 253|time: 3.04s|train_loss 0.00757699|val_loss 0.00018319
Epoch 254|time: 3.05s|train_loss 0.00756559|val_loss 0.00018548
Epoch 255|time: 3.11s|train_loss 0.00757533|val_loss 0.00017989
Epoch 256|time: 3.04s|train_loss 0.00757505|val_loss 0.00018486
Epoch 257|time: 3.03s|train_loss 0.00758181|val_loss 0.00018005
Epoch 258|time: 3.15s|train_loss 0.00754479|val_loss 0.00017854
Best validation epoch: 258 Tue May 23 02:46:44 2023
TEST MAE 0.2176 | std 0.0714 | RMSE 0.3431 | RMSEs 0.3257 | PCC 0.9321 | PCCs 0.9108 | R2 0.8678 | R2s 0.8111 | Var 0.8678 | Vars 0.8170 | Peak 0.1310
Epoch 259|time: 3.08s|train_loss 0.00757301|val_loss 0.00018510
Epoch 260|time: 3.10s|train_loss 0.00755536|val_loss 0.00017912
Epoch 261|time: 3.17s|train_loss 0.00752824|val_loss 0.00018016
Epoch 262|time: 3.01s|train_loss 0.00759063|val_loss 0.00018244
Epoch 263|time: 3.11s|train_loss 0.00756064|val_loss 0.00017689
Best validation epoch: 263 Tue May 23 02:47:01 2023
TEST MAE 0.2185 | std 0.0712 | RMSE 0.3424 | RMSEs 0.3254 | PCC 0.9322 | PCCs 0.9102 | R2 0.8683 | R2s 0.8113 | Var 0.8684 | Vars 0.8176 | Peak 0.1305
Epoch 264|time: 3.27s|train_loss 0.00760640|val_loss 0.00017686
Best validation epoch: 264 Tue May 23 02:47:05 2023
TEST MAE 0.2169 | std 0.0706 | RMSE 0.3412 | RMSEs 0.3244 | PCC 0.9325 | PCCs 0.9098 | R2 0.8692 | R2s 0.8127 | Var 0.8692 | Vars 0.8182 | Peak 0.1306
Epoch 265|time: 3.07s|train_loss 0.00761495|val_loss 0.00019232
Epoch 266|time: 2.99s|train_loss 0.00755052|val_loss 0.00017988
Epoch 267|time: 3.05s|train_loss 0.00753110|val_loss 0.00017836
Epoch 268|time: 3.12s|train_loss 0.00756844|val_loss 0.00019247
Epoch 269|time: 3.01s|train_loss 0.00751747|val_loss 0.00017628
Best validation epoch: 269 Tue May 23 02:47:21 2023
TEST MAE 0.2183 | std 0.0705 | RMSE 0.3432 | RMSEs 0.3262 | PCC 0.9324 | PCCs 0.9109 | R2 0.8677 | R2s 0.8101 | Var 0.8677 | Vars 0.8156 | Peak 0.1302
Epoch 270|time: 3.12s|train_loss 0.00749794|val_loss 0.00018083
Epoch 271|time: 3.06s|train_loss 0.00755564|val_loss 0.00019323
Epoch 272|time: 3.11s|train_loss 0.00751601|val_loss 0.00017962
Epoch 273|time: 3.06s|train_loss 0.00756571|val_loss 0.00017782
Epoch 274|time: 3.04s|train_loss 0.00750681|val_loss 0.00017910
Epoch 275|time: 3.04s|train_loss 0.00750711|val_loss 0.00017627
Best validation epoch: 275 Tue May 23 02:47:40 2023
TEST MAE 0.2169 | std 0.0715 | RMSE 0.3424 | RMSEs 0.3249 | PCC 0.9326 | PCCs 0.9113 | R2 0.8683 | R2s 0.8121 | Var 0.8684 | Vars 0.8175 | Peak 0.1311
Epoch 276|time: 3.13s|train_loss 0.00750464|val_loss 0.00017626
Best validation epoch: 276 Tue May 23 02:47:44 2023
TEST MAE 0.2174 | std 0.0717 | RMSE 0.3433 | RMSEs 0.3257 | PCC 0.9325 | PCCs 0.9115 | R2 0.8676 | R2s 0.8111 | Var 0.8676 | Vars 0.8160 | Peak 0.1313
Epoch 277|time: 3.13s|train_loss 0.00759527|val_loss 0.00020184
Epoch 278|time: 3.05s|train_loss 0.00749888|val_loss 0.00019176
Epoch 279|time: 3.09s|train_loss 0.00751438|val_loss 0.00019165
Epoch 280|time: 3.04s|train_loss 0.00746177|val_loss 0.00017910
Epoch 281|time: 3.05s|train_loss 0.00748080|val_loss 0.00017692
Epoch 282|time: 3.26s|train_loss 0.00753305|val_loss 0.00018473
Epoch 283|time: 3.00s|train_loss 0.00746906|val_loss 0.00017989
Epoch 284|time: 3.09s|train_loss 0.00743712|val_loss 0.00018242
Epoch 285|time: 3.01s|train_loss 0.00750730|val_loss 0.00017786
Epoch 286|time: 3.17s|train_loss 0.00744452|val_loss 0.00017729
Epoch 287|time: 3.04s|train_loss 0.00743787|val_loss 0.00017918
Epoch 288|time: 3.13s|train_loss 0.00744493|val_loss 0.00018164
Epoch 289|time: 3.17s|train_loss 0.00751906|val_loss 0.00017619
Best validation epoch: 289 Tue May 23 02:48:24 2023
TEST MAE 0.2213 | std 0.0689 | RMSE 0.3432 | RMSEs 0.3271 | PCC 0.9327 | PCCs 0.9105 | R2 0.8677 | R2s 0.8084 | Var 0.8686 | Vars 0.8167 | Peak 0.1295
Epoch 290|time: 3.06s|train_loss 0.00743400|val_loss 0.00017691
Epoch 291|time: 3.03s|train_loss 0.00749125|val_loss 0.00017661
Epoch 292|time: 3.09s|train_loss 0.00742485|val_loss 0.00017727
Epoch 293|time: 3.06s|train_loss 0.00746893|val_loss 0.00019006
Epoch 294|time: 3.09s|train_loss 0.00740575|val_loss 0.00018106
Epoch 295|time: 3.18s|train_loss 0.00741572|val_loss 0.00018478
Epoch 296|time: 3.00s|train_loss 0.00740898|val_loss 0.00017658
Epoch 297|time: 3.06s|train_loss 0.00741471|val_loss 0.00017437
Best validation epoch: 297 Tue May 23 02:48:50 2023
TEST MAE 0.2201 | std 0.0702 | RMSE 0.3441 | RMSEs 0.3273 | PCC 0.9328 | PCCs 0.9113 | R2 0.8670 | R2s 0.8083 | Var 0.8680 | Vars 0.8167 | Peak 0.1300
Epoch 298|time: 3.09s|train_loss 0.00742309|val_loss 0.00018236
Epoch 299|time: 3.02s|train_loss 0.00740986|val_loss 0.00018101
Epoch 300|time: 3.12s|train_loss 0.00745501|val_loss 0.00019504
Epoch 301|time: 3.05s|train_loss 0.00742992|val_loss 0.00018957
Epoch 302|time: 3.04s|train_loss 0.00745010|val_loss 0.00017900
Epoch 303|time: 3.05s|train_loss 0.00743907|val_loss 0.00019266
Epoch 304|time: 3.10s|train_loss 0.00743555|val_loss 0.00017400
Best validation epoch: 304 Tue May 23 02:49:12 2023
TEST MAE 0.2337 | std 0.0683 | RMSE 0.3547 | RMSEs 0.3394 | PCC 0.9332 | PCCs 0.9128 | R2 0.8587 | R2s 0.7900 | Var 0.8660 | Vars 0.8147 | Peak 0.1309
Epoch 305|time: 3.05s|train_loss 0.00741155|val_loss 0.00018095
Epoch 306|time: 3.12s|train_loss 0.00742510|val_loss 0.00018195
Epoch 307|time: 3.03s|train_loss 0.00736652|val_loss 0.00017913
Epoch 308|time: 3.17s|train_loss 0.00739582|val_loss 0.00017745
Epoch 309|time: 3.05s|train_loss 0.00737685|val_loss 0.00017392
Best validation epoch: 309 Tue May 23 02:49:28 2023
TEST MAE 0.2173 | std 0.0693 | RMSE 0.3415 | RMSEs 0.3249 | PCC 0.9334 | PCCs 0.9120 | R2 0.8690 | R2s 0.8115 | Var 0.8691 | Vars 0.8172 | Peak 0.1292
Epoch 310|time: 3.06s|train_loss 0.00738441|val_loss 0.00017678
Epoch 311|time: 3.09s|train_loss 0.00732989|val_loss 0.00017556
Epoch 312|time: 3.16s|train_loss 0.00735410|val_loss 0.00018064
Epoch 313|time: 3.10s|train_loss 0.00736582|val_loss 0.00017726
Epoch 314|time: 3.09s|train_loss 0.00739509|val_loss 0.00017900
Epoch 315|time: 3.12s|train_loss 0.00731144|val_loss 0.00017494
Epoch 316|time: 3.09s|train_loss 0.00737658|val_loss 0.00017379
Best validation epoch: 316 Tue May 23 02:49:51 2023
TEST MAE 0.2176 | std 0.0681 | RMSE 0.3414 | RMSEs 0.3250 | PCC 0.9335 | PCCs 0.9123 | R2 0.8691 | R2s 0.8110 | Var 0.8693 | Vars 0.8176 | Peak 0.1288
Epoch 317|time: 3.13s|train_loss 0.00731530|val_loss 0.00018095
Epoch 318|time: 3.11s|train_loss 0.00730221|val_loss 0.00017624
Epoch 319|time: 3.07s|train_loss 0.00740380|val_loss 0.00017883
Epoch 320|time: 3.13s|train_loss 0.00732088|val_loss 0.00018073
Epoch 321|time: 3.07s|train_loss 0.00743375|val_loss 0.00017537
Epoch 322|time: 3.08s|train_loss 0.00730387|val_loss 0.00018577
Epoch 323|time: 3.02s|train_loss 0.00727765|val_loss 0.00017792
Epoch 324|time: 3.09s|train_loss 0.00728184|val_loss 0.00017590
Epoch 325|time: 3.05s|train_loss 0.00732587|val_loss 0.00018447
Epoch 326|time: 3.02s|train_loss 0.00731464|val_loss 0.00017500
Epoch 327|time: 3.18s|train_loss 0.00730239|val_loss 0.00018096
Epoch 328|time: 3.02s|train_loss 0.00727661|val_loss 0.00017452
Epoch 329|time: 3.06s|train_loss 0.00734615|val_loss 0.00017750
Epoch 330|time: 3.03s|train_loss 0.00734842|val_loss 0.00017516
Epoch 331|time: 3.04s|train_loss 0.00730122|val_loss 0.00017548
Epoch 332|time: 3.04s|train_loss 0.00730332|val_loss 0.00018657
Epoch 333|time: 3.20s|train_loss 0.00736270|val_loss 0.00018050
Epoch 334|time: 3.03s|train_loss 0.00738069|val_loss 0.00017587
Epoch 335|time: 3.03s|train_loss 0.00725320|val_loss 0.00018805
Epoch 336|time: 3.26s|train_loss 0.00729765|val_loss 0.00017443
Epoch 337|time: 3.11s|train_loss 0.00727305|val_loss 0.00017784
Epoch 338|time: 3.08s|train_loss 0.00721272|val_loss 0.00017424
Epoch 339|time: 3.11s|train_loss 0.00721760|val_loss 0.00017479
Epoch 340|time: 3.15s|train_loss 0.00724741|val_loss 0.00017697
Epoch 341|time: 3.09s|train_loss 0.00722694|val_loss 0.00017699
Epoch 342|time: 3.05s|train_loss 0.00727095|val_loss 0.00017707
Epoch 343|time: 3.20s|train_loss 0.00721709|val_loss 0.00017663
Epoch 344|time: 3.01s|train_loss 0.00726901|val_loss 0.00017611
Epoch 345|time: 3.06s|train_loss 0.00719460|val_loss 0.00017345
Best validation epoch: 345 Tue May 23 02:51:21 2023
TEST MAE 0.2153 | std 0.0688 | RMSE 0.3383 | RMSEs 0.3219 | PCC 0.9341 | PCCs 0.9111 | R2 0.8714 | R2s 0.8155 | Var 0.8714 | Vars 0.8196 | Peak 0.1299
Epoch 346|time: 3.11s|train_loss 0.00731630|val_loss 0.00017679
Epoch 347|time: 3.15s|train_loss 0.00724525|val_loss 0.00017897
Epoch 348|time: 3.02s|train_loss 0.00723966|val_loss 0.00017234
Best validation epoch: 348 Tue May 23 02:51:31 2023
TEST MAE 0.2183 | std 0.0660 | RMSE 0.3395 | RMSEs 0.3241 | PCC 0.9344 | PCCs 0.9117 | R2 0.8705 | R2s 0.8116 | Var 0.8714 | Vars 0.8195 | Peak 0.1272
Epoch 349|time: 3.23s|train_loss 0.00722684|val_loss 0.00017449
Epoch 350|time: 3.01s|train_loss 0.00718335|val_loss 0.00017791
Epoch 351|time: 3.00s|train_loss 0.00720241|val_loss 0.00017618
Epoch 352|time: 3.21s|train_loss 0.00715973|val_loss 0.00018126
Epoch 353|time: 3.00s|train_loss 0.00730928|val_loss 0.00017888
Epoch 354|time: 3.07s|train_loss 0.00719420|val_loss 0.00018365
Epoch 355|time: 3.32s|train_loss 0.00726334|val_loss 0.00017932
Epoch 356|time: 3.17s|train_loss 0.00715084|val_loss 0.00017799
Epoch 357|time: 3.04s|train_loss 0.00719300|val_loss 0.00017149
Best validation epoch: 357 Tue May 23 02:52:00 2023
TEST MAE 0.2189 | std 0.0674 | RMSE 0.3418 | RMSEs 0.3257 | PCC 0.9341 | PCCs 0.9127 | R2 0.8688 | R2s 0.8097 | Var 0.8702 | Vars 0.8193 | Peak 0.1270
Epoch 358|time: 3.14s|train_loss 0.00724543|val_loss 0.00017766
Epoch 359|time: 3.06s|train_loss 0.00719523|val_loss 0.00017807
Epoch 360|time: 3.09s|train_loss 0.00717503|val_loss 0.00017668
Epoch 361|time: 3.12s|train_loss 0.00709883|val_loss 0.00017571
Epoch 362|time: 3.08s|train_loss 0.00724389|val_loss 0.00017976
Epoch 363|time: 3.07s|train_loss 0.00719008|val_loss 0.00017553
Epoch 364|time: 3.08s|train_loss 0.00718104|val_loss 0.00018353
Epoch 365|time: 3.25s|train_loss 0.00712914|val_loss 0.00018967
Epoch 366|time: 3.01s|train_loss 0.00708129|val_loss 0.00017304
Epoch 367|time: 3.05s|train_loss 0.00708518|val_loss 0.00017628
Epoch 368|time: 3.26s|train_loss 0.00711469|val_loss 0.00017628
Epoch 369|time: 3.05s|train_loss 0.00705557|val_loss 0.00018376
Epoch 370|time: 3.11s|train_loss 0.00702616|val_loss 0.00017620
Epoch 371|time: 3.23s|train_loss 0.00705423|val_loss 0.00018277
Epoch 372|time: 3.01s|train_loss 0.00703018|val_loss 0.00017515
Epoch 373|time: 3.06s|train_loss 0.00710159|val_loss 0.00017301
Epoch 374|time: 3.19s|train_loss 0.00695333|val_loss 0.00017831
Epoch 375|time: 3.09s|train_loss 0.00699583|val_loss 0.00017197
Epoch 376|time: 3.04s|train_loss 0.00694755|val_loss 0.00018419
Epoch 377|time: 3.09s|train_loss 0.00694581|val_loss 0.00017990
Epoch 378|time: 3.11s|train_loss 0.00693778|val_loss 0.00018059
Epoch 379|time: 3.12s|train_loss 0.00698432|val_loss 0.00017700
Epoch 380|time: 3.04s|train_loss 0.00700849|val_loss 0.00018175
Epoch 381|time: 3.22s|train_loss 0.00692527|val_loss 0.00017596
Epoch 382|time: 3.00s|train_loss 0.00692460|val_loss 0.00017861
Epoch 383|time: 3.05s|train_loss 0.00689551|val_loss 0.00017645
Epoch 384|time: 3.25s|train_loss 0.00700615|val_loss 0.00017676
Epoch 385|time: 3.00s|train_loss 0.00690990|val_loss 0.00018386
Epoch 386|time: 3.04s|train_loss 0.00699471|val_loss 0.00017632
Epoch 387|time: 3.05s|train_loss 0.00693604|val_loss 0.00018325
Epoch 388|time: 3.13s|train_loss 0.00689119|val_loss 0.00018364
Epoch 389|time: 3.03s|train_loss 0.00686204|val_loss 0.00018057
Epoch 390|time: 3.28s|train_loss 0.00687773|val_loss 0.00017894
Epoch 391|time: 3.03s|train_loss 0.00695505|val_loss 0.00017734
Epoch 392|time: 3.09s|train_loss 0.00687492|val_loss 0.00017882
Epoch 393|time: 3.04s|train_loss 0.00688175|val_loss 0.00017779
Epoch 394|time: 3.14s|train_loss 0.00684574|val_loss 0.00017522
Epoch 395|time: 3.00s|train_loss 0.00685684|val_loss 0.00018168
Epoch 396|time: 3.04s|train_loss 0.00693850|val_loss 0.00018585
Epoch 397|time: 3.22s|train_loss 0.00685780|val_loss 0.00018601
Epoch 398|time: 3.14s|train_loss 0.00685082|val_loss 0.00018707
Epoch 399|time: 3.04s|train_loss 0.00680964|val_loss 0.00018012
Epoch 400|time: 3.05s|train_loss 0.00681919|val_loss 0.00017682
Epoch 401|time: 3.00s|train_loss 0.00688013|val_loss 0.00018027
Epoch 402|time: 3.09s|train_loss 0.00689614|val_loss 0.00018764
Epoch 403|time: 3.08s|train_loss 0.00684193|val_loss 0.00019774
Epoch 404|time: 3.10s|train_loss 0.00680624|val_loss 0.00020199
Epoch 405|time: 3.08s|train_loss 0.00685713|val_loss 0.00018387
Epoch 406|time: 3.12s|train_loss 0.00682970|val_loss 0.00018692
Epoch 407|time: 3.09s|train_loss 0.00682850|val_loss 0.00017943
Epoch 408|time: 3.09s|train_loss 0.00690342|val_loss 0.00017661
Epoch 409|time: 3.05s|train_loss 0.00682834|val_loss 0.00018947
Epoch 410|time: 3.12s|train_loss 0.00681767|val_loss 0.00017413
Epoch 411|time: 3.04s|train_loss 0.00679909|val_loss 0.00017336
Epoch 412|time: 3.14s|train_loss 0.00686899|val_loss 0.00018010
Epoch 413|time: 3.34s|train_loss 0.00678057|val_loss 0.00018093
Epoch 414|time: 3.01s|train_loss 0.00686614|val_loss 0.00017510
Epoch 415|time: 3.06s|train_loss 0.00682644|val_loss 0.00018971
Epoch 416|time: 3.15s|train_loss 0.00677827|val_loss 0.00018524
Epoch 417|time: 3.03s|train_loss 0.00681536|val_loss 0.00018069
Epoch 418|time: 3.02s|train_loss 0.00679179|val_loss 0.00017402
Epoch 419|time: 3.01s|train_loss 0.00673818|val_loss 0.00017662
Epoch 420|time: 3.16s|train_loss 0.00672064|val_loss 0.00017698
Epoch 421|time: 3.01s|train_loss 0.00674820|val_loss 0.00017512
Epoch 422|time: 3.09s|train_loss 0.00672824|val_loss 0.00017652
Epoch 423|time: 3.12s|train_loss 0.00672698|val_loss 0.00018279
Epoch 424|time: 3.02s|train_loss 0.00675741|val_loss 0.00017269
Epoch 425|time: 3.13s|train_loss 0.00673806|val_loss 0.00017687
Epoch 426|time: 3.08s|train_loss 0.00674180|val_loss 0.00018485
Epoch 427|time: 3.05s|train_loss 0.00669193|val_loss 0.00017617
Epoch 428|time: 3.08s|train_loss 0.00678309|val_loss 0.00018086
Epoch 429|time: 3.15s|train_loss 0.00674433|val_loss 0.00017482
Epoch 430|time: 3.17s|train_loss 0.00683660|val_loss 0.00018162
Epoch 431|time: 3.02s|train_loss 0.00687519|val_loss 0.00018400
Epoch 432|time: 3.09s|train_loss 0.00680549|val_loss 0.00017535
Epoch 433|time: 3.08s|train_loss 0.00674578|val_loss 0.00018093
Epoch 434|time: 3.12s|train_loss 0.00669635|val_loss 0.00017292
Epoch 435|time: 3.06s|train_loss 0.00667192|val_loss 0.00018872
Epoch 436|time: 3.09s|train_loss 0.00669023|val_loss 0.00017454
Epoch 437|time: 3.04s|train_loss 0.00665122|val_loss 0.00017510
Epoch 438|time: 3.06s|train_loss 0.00669724|val_loss 0.00017513
Epoch 439|time: 3.27s|train_loss 0.00668029|val_loss 0.00018798
Epoch 440|time: 3.03s|train_loss 0.00676663|val_loss 0.00017455
Epoch 441|time: 3.04s|train_loss 0.00669013|val_loss 0.00017348
Epoch 442|time: 3.10s|train_loss 0.00664536|val_loss 0.00018427
Epoch 443|time: 3.04s|train_loss 0.00667123|val_loss 0.00018459
Epoch 444|time: 3.14s|train_loss 0.00665741|val_loss 0.00017709
Epoch 445|time: 3.02s|train_loss 0.00670687|val_loss 0.00017154
Epoch 446|time: 3.11s|train_loss 0.00668669|val_loss 0.00017459
Epoch 447|time: 3.04s|train_loss 0.00665700|val_loss 0.00017788
Epoch 448|time: 3.18s|train_loss 0.00668623|val_loss 0.00019055
Epoch 449|time: 3.09s|train_loss 0.00667270|val_loss 0.00018467
Epoch 450|time: 3.02s|train_loss 0.00660231|val_loss 0.00017326
Epoch 451|time: 3.08s|train_loss 0.00662017|val_loss 0.00017738
Epoch 452|time: 3.19s|train_loss 0.00658654|val_loss 0.00017440
Epoch 453|time: 3.02s|train_loss 0.00674487|val_loss 0.00018123
Epoch 454|time: 3.06s|train_loss 0.00660786|val_loss 0.00017781
Epoch 455|time: 3.11s|train_loss 0.00665574|val_loss 0.00018993
Epoch 456|time: 3.14s|train_loss 0.00666387|val_loss 0.00017777
Epoch 457|time: 3.08s|train_loss 0.00669728|val_loss 0.00017259
Epoch 458|time: 3.11s|train_loss 0.00662023|val_loss 0.00017744
Epoch 459|time: 3.07s|train_loss 0.00659164|val_loss 0.00018293
Epoch 460|time: 3.05s|train_loss 0.00662437|val_loss 0.00018376
Epoch 461|time: 3.09s|train_loss 0.00664339|val_loss 0.00017374
Epoch 462|time: 3.17s|train_loss 0.00661176|val_loss 0.00017138
Best validation epoch: 462 Tue May 23 02:57:25 2023
TEST MAE 0.2184 | std 0.0633 | RMSE 0.3421 | RMSEs 0.3261 | PCC 0.9340 | PCCs 0.9114 | R2 0.8685 | R2s 0.8100 | Var 0.8686 | Vars 0.8145 | Peak 0.1273
Epoch 463|time: 3.02s|train_loss 0.00654663|val_loss 0.00017418
Epoch 464|time: 3.11s|train_loss 0.00654155|val_loss 0.00017205
Epoch 465|time: 3.34s|train_loss 0.00661846|val_loss 0.00017369
Epoch 466|time: 3.00s|train_loss 0.00664310|val_loss 0.00018051
Epoch 467|time: 2.99s|train_loss 0.00658035|val_loss 0.00017994
Epoch 468|time: 3.20s|train_loss 0.00655773|val_loss 0.00017664
Epoch 469|time: 3.00s|train_loss 0.00654937|val_loss 0.00017549
Epoch 470|time: 3.05s|train_loss 0.00656364|val_loss 0.00017503
Epoch 471|time: 3.15s|train_loss 0.00649763|val_loss 0.00018360
Epoch 472|time: 3.04s|train_loss 0.00652336|val_loss 0.00017329
Epoch 473|time: 3.05s|train_loss 0.00647142|val_loss 0.00017391
Epoch 474|time: 3.07s|train_loss 0.00654358|val_loss 0.00017497
Epoch 475|time: 3.07s|train_loss 0.00649940|val_loss 0.00017283
Epoch 476|time: 3.12s|train_loss 0.00648745|val_loss 0.00017476
Epoch 477|time: 2.93s|train_loss 0.00650907|val_loss 0.00017451
Epoch 478|time: 1.88s|train_loss 0.00659638|val_loss 0.00017282
Epoch 479|time: 1.84s|train_loss 0.00648979|val_loss 0.00017841
Epoch 480|time: 2.98s|train_loss 0.00650800|val_loss 0.00017752
Epoch 481|time: 3.08s|train_loss 0.00646748|val_loss 0.00017317
Epoch 482|time: 3.12s|train_loss 0.00646941|val_loss 0.00017392
Epoch 483|time: 3.01s|train_loss 0.00646600|val_loss 0.00017496
Epoch 484|time: 3.02s|train_loss 0.00648146|val_loss 0.00017381
Epoch 485|time: 3.26s|train_loss 0.00642220|val_loss 0.00017454
Epoch 486|time: 2.98s|train_loss 0.00660417|val_loss 0.00017538
Epoch 487|time: 2.99s|train_loss 0.00655159|val_loss 0.00018731
Epoch 488|time: 2.98s|train_loss 0.00667134|val_loss 0.00017385
Epoch 489|time: 3.01s|train_loss 0.00642659|val_loss 0.00017446
Epoch 490|time: 3.07s|train_loss 0.00647378|val_loss 0.00018452
Epoch 491|time: 2.99s|train_loss 0.00652160|val_loss 0.00017616
Epoch 492|time: 3.12s|train_loss 0.00636320|val_loss 0.00017653
Epoch 493|time: 2.98s|train_loss 0.00663681|val_loss 0.00017125
Best validation epoch: 493 Tue May 23 02:58:58 2023
TEST MAE 0.2217 | std 0.0668 | RMSE 0.3494 | RMSEs 0.3317 | PCC 0.9344 | PCCs 0.9138 | R2 0.8629 | R2s 0.8029 | Var 0.8634 | Vars 0.8079 | Peak 0.1287
Epoch 494|time: 2.99s|train_loss 0.00649824|val_loss 0.00018413
Epoch 495|time: 3.04s|train_loss 0.00654464|val_loss 0.00018054
Epoch 496|time: 2.98s|train_loss 0.00643359|val_loss 0.00017588
Epoch 497|time: 2.98s|train_loss 0.00640846|val_loss 0.00017503
Epoch 498|time: 3.18s|train_loss 0.00639440|val_loss 0.00017386
Epoch 499|time: 2.99s|train_loss 0.00646921|val_loss 0.00017769
Epoch 500|time: 2.99s|train_loss 0.00654113|val_loss 0.00017434
Final evaluation
TEST MAE 0.2217 | std 0.0668 | RMSE 0.3494 | RMSEs 0.3317 | PCC 0.9344 | PCCs 0.9138 | R2 0.8629 | R2s 0.8029 | Var 0.8634 | Vars 0.8079 | Peak 0.1287
