--------Parameters--------
Namespace(batch=32, bi=False, check_point=1, cuda=False, dataset='us_hhs', dropout=0.2, epilambda=0.1, epochs=500, gpu=3, hidsp=15, horizon=4, k=10, lamda=0.01, lr=0.1, model='cola_gnn_epi', mylog=False, n_hidden=10, n_layer=1, patience=200, rnn_model='RNN', save_dir='save', seed=42, shuffle=False, sim_mat='us_hhs-adj', test=0.2, train=0.6, val=0.2, weight_decay=0.0005, window=20)
--------------------------
data shape (364, 10)
size of train/val/test sets 195 73 73
#params: 2005
begin training
Epoch   1|time: 2.91s|train_loss 0.00464175|val_loss 0.00066392
Best validation epoch: 1 Tue May 23 21:50:06 2023
TEST MAE 0.6628 | std 0.1356 | RMSE 0.7976 | RMSEs 0.7792 | PCC 0.6226 | PCCs 0.5015 | R2 0.2854 | R2s -0.1574 | Var 0.3865 | Vars 0.1814 | Peak 0.2114
Epoch   2|time: 3.09s|train_loss 0.00304194|val_loss 0.00126271
Epoch   3|time: 3.23s|train_loss 0.00277497|val_loss 0.00060352
Best validation epoch: 3 Tue May 23 21:50:13 2023
TEST MAE 0.6552 | std 0.1280 | RMSE 0.7869 | RMSEs 0.7700 | PCC 0.6271 | PCCs 0.6385 | R2 0.3044 | R2s -0.1313 | Var 0.3886 | Vars 0.1736 | Peak 0.2134
Epoch   4|time: 3.02s|train_loss 0.00243338|val_loss 0.00046451
Best validation epoch: 4 Tue May 23 21:50:17 2023
TEST MAE 0.7279 | std 0.2788 | RMSE 1.0009 | RMSEs 0.9526 | PCC 0.7443 | PCCs 0.6211 | R2 -0.1254 | R2s -0.5987 | Var 0.4579 | Vars 0.3150 | Peak 0.4848
Epoch   5|time: 2.99s|train_loss 0.00212394|val_loss 0.00071888
Epoch   6|time: 3.17s|train_loss 0.00200368|val_loss 0.00060394
Epoch   7|time: 2.99s|train_loss 0.00190700|val_loss 0.00048011
Epoch   8|time: 2.98s|train_loss 0.00187605|val_loss 0.00064299
Epoch   9|time: 3.02s|train_loss 0.00184912|val_loss 0.00031540
Best validation epoch: 9 Tue May 23 21:50:33 2023
TEST MAE 0.4309 | std 0.1333 | RMSE 0.6318 | RMSEs 0.6073 | PCC 0.8046 | PCCs 0.6862 | R2 0.5516 | R2s 0.3455 | Var 0.6320 | Vars 0.4678 | Peak 0.2892
Epoch  10|time: 3.09s|train_loss 0.00187635|val_loss 0.00045868
Epoch  11|time: 3.00s|train_loss 0.00185351|val_loss 0.00045943
Epoch  12|time: 3.03s|train_loss 0.00195484|val_loss 0.00035455
Epoch  13|time: 3.03s|train_loss 0.00190060|val_loss 0.00029870
Best validation epoch: 13 Tue May 23 21:50:46 2023
TEST MAE 0.4086 | std 0.1217 | RMSE 0.5898 | RMSEs 0.5684 | PCC 0.8235 | PCCs 0.7201 | R2 0.6092 | R2s 0.4227 | Var 0.6710 | Vars 0.5165 | Peak 0.2629
Epoch  14|time: 3.07s|train_loss 0.00174288|val_loss 0.00035959
Epoch  15|time: 2.99s|train_loss 0.00185242|val_loss 0.00038498
Epoch  16|time: 3.09s|train_loss 0.00183278|val_loss 0.00055646
Epoch  17|time: 3.00s|train_loss 0.00188449|val_loss 0.00052721
Epoch  18|time: 3.00s|train_loss 0.00175417|val_loss 0.00051441
Epoch  19|time: 3.10s|train_loss 0.00181663|val_loss 0.00032033
Epoch  20|time: 3.06s|train_loss 0.00182449|val_loss 0.00043059
Epoch  21|time: 2.99s|train_loss 0.00214096|val_loss 0.00032813
Epoch  22|time: 3.15s|train_loss 0.00185858|val_loss 0.00060185
Epoch  23|time: 2.99s|train_loss 0.00184896|val_loss 0.00035359
Epoch  24|time: 3.07s|train_loss 0.00167383|val_loss 0.00060680
Epoch  25|time: 3.03s|train_loss 0.00204107|val_loss 0.00088957
Epoch  26|time: 3.14s|train_loss 0.00203501|val_loss 0.00093690
Epoch  27|time: 2.99s|train_loss 0.00220027|val_loss 0.00087094
Epoch  28|time: 3.05s|train_loss 0.00280987|val_loss 0.00140600
Epoch  29|time: 3.17s|train_loss 0.00236352|val_loss 0.00061858
Epoch  30|time: 2.99s|train_loss 0.00204112|val_loss 0.00072646
Epoch  31|time: 3.00s|train_loss 0.00217011|val_loss 0.00036413
Epoch  32|time: 3.05s|train_loss 0.00186490|val_loss 0.00037686
Epoch  33|time: 3.07s|train_loss 0.00200205|val_loss 0.00072395
Epoch  34|time: 2.99s|train_loss 0.00187337|val_loss 0.00107321
Epoch  35|time: 3.03s|train_loss 0.00195755|val_loss 0.00054939
Epoch  36|time: 2.98s|train_loss 0.00177155|val_loss 0.00088794
Epoch  37|time: 3.00s|train_loss 0.00212354|val_loss 0.00067485
Epoch  38|time: 3.06s|train_loss 0.00195909|val_loss 0.00071021
Epoch  39|time: 3.25s|train_loss 0.00209433|val_loss 0.00046980
Epoch  40|time: 3.00s|train_loss 0.00192795|val_loss 0.00033156
Epoch  41|time: 2.99s|train_loss 0.00165963|val_loss 0.00049181
Epoch  42|time: 3.13s|train_loss 0.00175441|val_loss 0.00038417
Epoch  43|time: 2.98s|train_loss 0.00188937|val_loss 0.00030797
Epoch  44|time: 2.99s|train_loss 0.00178588|val_loss 0.00028995
Best validation epoch: 44 Tue May 23 21:52:21 2023
TEST MAE 0.4643 | std 0.1307 | RMSE 0.6607 | RMSEs 0.6385 | PCC 0.8194 | PCCs 0.7162 | R2 0.5097 | R2s 0.2676 | Var 0.6651 | Vars 0.5102 | Peak 0.2952
Epoch  45|time: 3.16s|train_loss 0.00171552|val_loss 0.00028797
Best validation epoch: 45 Tue May 23 21:52:25 2023
TEST MAE 0.4309 | std 0.1184 | RMSE 0.6158 | RMSEs 0.5954 | PCC 0.8241 | PCCs 0.7236 | R2 0.5741 | R2s 0.3622 | Var 0.6757 | Vars 0.5191 | Peak 0.2732
Epoch  46|time: 2.99s|train_loss 0.00162546|val_loss 0.00059489
Epoch  47|time: 2.99s|train_loss 0.00177265|val_loss 0.00067860
Epoch  48|time: 3.06s|train_loss 0.00180103|val_loss 0.00101541
Epoch  49|time: 2.99s|train_loss 0.00194042|val_loss 0.00109725
Epoch  50|time: 3.00s|train_loss 0.00193435|val_loss 0.00072730
Epoch  51|time: 3.06s|train_loss 0.00164178|val_loss 0.00029426
Epoch  52|time: 2.99s|train_loss 0.00179555|val_loss 0.00049546
Epoch  53|time: 2.99s|train_loss 0.00174445|val_loss 0.00031730
Epoch  54|time: 2.98s|train_loss 0.00169478|val_loss 0.00045731
Epoch  55|time: 3.01s|train_loss 0.00170953|val_loss 0.00031283
Epoch  56|time: 3.07s|train_loss 0.00162674|val_loss 0.00029735
Epoch  57|time: 3.00s|train_loss 0.00168855|val_loss 0.00035506
Epoch  58|time: 3.05s|train_loss 0.00171714|val_loss 0.00056452
Epoch  59|time: 2.99s|train_loss 0.00174817|val_loss 0.00029509
Epoch  60|time: 3.05s|train_loss 0.00180330|val_loss 0.00063245
Epoch  61|time: 3.06s|train_loss 0.00178925|val_loss 0.00047357
Epoch  62|time: 3.00s|train_loss 0.00205098|val_loss 0.00057500
Epoch  63|time: 2.98s|train_loss 0.00206844|val_loss 0.00042135
Epoch  64|time: 2.98s|train_loss 0.00182340|val_loss 0.00031616
Epoch  65|time: 3.23s|train_loss 0.00169071|val_loss 0.00047668
Epoch  66|time: 2.98s|train_loss 0.00182876|val_loss 0.00028740
Best validation epoch: 66 Tue May 23 21:53:29 2023
TEST MAE 0.4388 | std 0.1262 | RMSE 0.6350 | RMSEs 0.6127 | PCC 0.8235 | PCCs 0.7205 | R2 0.5471 | R2s 0.3281 | Var 0.6691 | Vars 0.5164 | Peak 0.2849
Epoch  67|time: 2.99s|train_loss 0.00160365|val_loss 0.00036816
Epoch  68|time: 3.09s|train_loss 0.00160418|val_loss 0.00032209
Epoch  69|time: 3.05s|train_loss 0.00159101|val_loss 0.00031004
Epoch  70|time: 3.08s|train_loss 0.00158204|val_loss 0.00036489
Epoch  71|time: 3.03s|train_loss 0.00167387|val_loss 0.00043530
Epoch  72|time: 2.99s|train_loss 0.00170221|val_loss 0.00042986
Epoch  73|time: 2.99s|train_loss 0.00172368|val_loss 0.00063252
Epoch  74|time: 3.25s|train_loss 0.00161980|val_loss 0.00029452
Epoch  75|time: 2.99s|train_loss 0.00162276|val_loss 0.00109689
Epoch  76|time: 2.99s|train_loss 0.00177423|val_loss 0.00045622
Epoch  77|time: 2.99s|train_loss 0.00166631|val_loss 0.00031522
Epoch  78|time: 3.08s|train_loss 0.00168310|val_loss 0.00053556
Epoch  79|time: 3.08s|train_loss 0.00170783|val_loss 0.00064076
Epoch  80|time: 3.06s|train_loss 0.00168846|val_loss 0.00048560
Epoch  81|time: 3.07s|train_loss 0.00166045|val_loss 0.00028673
Best validation epoch: 81 Tue May 23 21:54:15 2023
TEST MAE 0.4273 | std 0.1212 | RMSE 0.6173 | RMSEs 0.5960 | PCC 0.8253 | PCCs 0.7242 | R2 0.5719 | R2s 0.3632 | Var 0.6749 | Vars 0.5216 | Peak 0.2753
Epoch  82|time: 2.99s|train_loss 0.00164671|val_loss 0.00043482
Epoch  83|time: 2.98s|train_loss 0.00160686|val_loss 0.00074926
Epoch  84|time: 3.29s|train_loss 0.00177630|val_loss 0.00058665
Epoch  85|time: 3.08s|train_loss 0.00168918|val_loss 0.00068882
Epoch  86|time: 2.98s|train_loss 0.00182094|val_loss 0.00048703
Epoch  87|time: 3.12s|train_loss 0.00178498|val_loss 0.00056726
Epoch  88|time: 3.05s|train_loss 0.00166623|val_loss 0.00028753
Epoch  89|time: 3.01s|train_loss 0.00166825|val_loss 0.00048708
Epoch  90|time: 3.00s|train_loss 0.00171164|val_loss 0.00047642
Epoch  91|time: 2.98s|train_loss 0.00167794|val_loss 0.00036521
Epoch  92|time: 2.98s|train_loss 0.00173229|val_loss 0.00044956
Epoch  93|time: 3.05s|train_loss 0.00171618|val_loss 0.00041353
Epoch  94|time: 3.03s|train_loss 0.00168175|val_loss 0.00039734
Epoch  95|time: 3.02s|train_loss 0.00174543|val_loss 0.00065491
Epoch  96|time: 3.00s|train_loss 0.00170814|val_loss 0.00032435
Epoch  97|time: 3.13s|train_loss 0.00161087|val_loss 0.00080277
Epoch  98|time: 3.06s|train_loss 0.00188472|val_loss 0.00043946
Epoch  99|time: 3.12s|train_loss 0.00175523|val_loss 0.00080502
Epoch 100|time: 3.04s|train_loss 0.00187548|val_loss 0.00066967
Epoch 101|time: 2.97s|train_loss 0.00172091|val_loss 0.00044414
Epoch 102|time: 2.98s|train_loss 0.00177951|val_loss 0.00065502
Epoch 103|time: 3.03s|train_loss 0.00176654|val_loss 0.00040063
Epoch 104|time: 3.14s|train_loss 0.00164117|val_loss 0.00061286
Epoch 105|time: 3.00s|train_loss 0.00181882|val_loss 0.00056392
Epoch 106|time: 2.99s|train_loss 0.00166536|val_loss 0.00054676
Epoch 107|time: 3.12s|train_loss 0.00176938|val_loss 0.00055160
Epoch 108|time: 2.97s|train_loss 0.00192765|val_loss 0.00044739
Epoch 109|time: 3.04s|train_loss 0.00164545|val_loss 0.00033326
Epoch 110|time: 3.05s|train_loss 0.00160308|val_loss 0.00032647
Epoch 111|time: 2.97s|train_loss 0.00162023|val_loss 0.00030062
Epoch 112|time: 2.98s|train_loss 0.00169098|val_loss 0.00062585
Epoch 113|time: 3.13s|train_loss 0.00168242|val_loss 0.00044332
Epoch 114|time: 2.99s|train_loss 0.00170768|val_loss 0.00037723
Epoch 115|time: 2.97s|train_loss 0.00157839|val_loss 0.00037173
Epoch 116|time: 2.99s|train_loss 0.00173751|val_loss 0.00042605
Epoch 117|time: 3.11s|train_loss 0.00184493|val_loss 0.00028523
Best validation epoch: 117 Tue May 23 21:56:05 2023
TEST MAE 0.4110 | std 0.1178 | RMSE 0.5969 | RMSEs 0.5760 | PCC 0.8341 | PCCs 0.7404 | R2 0.5998 | R2s 0.4054 | Var 0.6896 | Vars 0.5431 | Peak 0.2637
Epoch 118|time: 2.99s|train_loss 0.00187878|val_loss 0.00076256
Epoch 119|time: 2.99s|train_loss 0.00177256|val_loss 0.00081073
Epoch 120|time: 3.07s|train_loss 0.00175623|val_loss 0.00045705
Epoch 121|time: 3.17s|train_loss 0.00162683|val_loss 0.00029517
Epoch 122|time: 3.03s|train_loss 0.00152399|val_loss 0.00041442
Epoch 123|time: 3.01s|train_loss 0.00163630|val_loss 0.00031507
Epoch 124|time: 3.06s|train_loss 0.00151547|val_loss 0.00033517
Epoch 125|time: 3.07s|train_loss 0.00158783|val_loss 0.00059851
Epoch 126|time: 3.18s|train_loss 0.00177677|val_loss 0.00029147
Epoch 127|time: 3.09s|train_loss 0.00175318|val_loss 0.00057390
Epoch 128|time: 3.08s|train_loss 0.00176192|val_loss 0.00029640
Epoch 129|time: 3.12s|train_loss 0.00167883|val_loss 0.00029481
Epoch 130|time: 3.25s|train_loss 0.00174785|val_loss 0.00059927
Epoch 131|time: 3.26s|train_loss 0.00191266|val_loss 0.00071584
Epoch 132|time: 3.15s|train_loss 0.00183262|val_loss 0.00033087
Epoch 133|time: 3.15s|train_loss 0.00172677|val_loss 0.00032639
Epoch 134|time: 3.14s|train_loss 0.00170312|val_loss 0.00033694
Epoch 135|time: 3.21s|train_loss 0.00173361|val_loss 0.00030699
Epoch 136|time: 3.34s|train_loss 0.00182842|val_loss 0.00062059
Epoch 137|time: 3.14s|train_loss 0.00176719|val_loss 0.00028858
Epoch 138|time: 3.14s|train_loss 0.00170763|val_loss 0.00029460
Epoch 139|time: 3.26s|train_loss 0.00158728|val_loss 0.00032365
Epoch 140|time: 3.14s|train_loss 0.00165297|val_loss 0.00029562
Epoch 141|time: 3.15s|train_loss 0.00155008|val_loss 0.00052767
Epoch 142|time: 3.17s|train_loss 0.00163295|val_loss 0.00042319
Epoch 143|time: 3.27s|train_loss 0.00158513|val_loss 0.00029663
Epoch 144|time: 3.13s|train_loss 0.00154701|val_loss 0.00029957
Epoch 145|time: 3.26s|train_loss 0.00156286|val_loss 0.00036169
Epoch 146|time: 3.15s|train_loss 0.00157071|val_loss 0.00031156
Epoch 147|time: 3.14s|train_loss 0.00152289|val_loss 0.00032606
Epoch 148|time: 3.15s|train_loss 0.00154304|val_loss 0.00032984
Epoch 149|time: 3.21s|train_loss 0.00155969|val_loss 0.00048658
Epoch 150|time: 3.17s|train_loss 0.00166169|val_loss 0.00048449
Epoch 151|time: 3.16s|train_loss 0.00161838|val_loss 0.00042078
Epoch 152|time: 3.13s|train_loss 0.00160513|val_loss 0.00029139
Epoch 153|time: 3.20s|train_loss 0.00151145|val_loss 0.00044434
Epoch 154|time: 3.14s|train_loss 0.00158467|val_loss 0.00061406
Epoch 155|time: 3.18s|train_loss 0.00171432|val_loss 0.00036558
Epoch 156|time: 3.11s|train_loss 0.00158382|val_loss 0.00039598
Epoch 157|time: 3.10s|train_loss 0.00172112|val_loss 0.00056553
Epoch 158|time: 3.23s|train_loss 0.00163283|val_loss 0.00039923
Epoch 159|time: 3.04s|train_loss 0.00165655|val_loss 0.00038348
Epoch 160|time: 3.00s|train_loss 0.00162880|val_loss 0.00030359
Epoch 161|time: 3.15s|train_loss 0.00160843|val_loss 0.00033378
Epoch 162|time: 3.15s|train_loss 0.00158010|val_loss 0.00059409
Epoch 163|time: 3.04s|train_loss 0.00161684|val_loss 0.00051348
Epoch 164|time: 3.03s|train_loss 0.00165162|val_loss 0.00038249
Epoch 165|time: 3.00s|train_loss 0.00155868|val_loss 0.00030272
Epoch 166|time: 2.99s|train_loss 0.00163264|val_loss 0.00031474
Epoch 167|time: 3.08s|train_loss 0.00153091|val_loss 0.00042939
Epoch 168|time: 3.09s|train_loss 0.00157336|val_loss 0.00047338
Epoch 169|time: 2.98s|train_loss 0.00159986|val_loss 0.00033955
Epoch 170|time: 3.00s|train_loss 0.00168271|val_loss 0.00052664
Epoch 171|time: 3.09s|train_loss 0.00157025|val_loss 0.00048461
Epoch 172|time: 3.11s|train_loss 0.00164551|val_loss 0.00048655
Epoch 173|time: 2.97s|train_loss 0.00167977|val_loss 0.00058860
Epoch 174|time: 3.04s|train_loss 0.00214077|val_loss 0.00148785
Epoch 175|time: 2.99s|train_loss 0.00214248|val_loss 0.00084926
Epoch 176|time: 2.97s|train_loss 0.00213145|val_loss 0.00154803
Epoch 177|time: 3.08s|train_loss 0.00222835|val_loss 0.00062207
Epoch 178|time: 3.10s|train_loss 0.00208150|val_loss 0.00061649
Epoch 179|time: 2.99s|train_loss 0.00194748|val_loss 0.00122897
Epoch 180|time: 3.01s|train_loss 0.00236158|val_loss 0.00092632
Epoch 181|time: 3.11s|train_loss 0.00186390|val_loss 0.00053556
Epoch 182|time: 3.17s|train_loss 0.00182314|val_loss 0.00071272
Epoch 183|time: 2.99s|train_loss 0.00177828|val_loss 0.00067039
Epoch 184|time: 3.10s|train_loss 0.00193219|val_loss 0.00060292
Epoch 185|time: 3.07s|train_loss 0.00188050|val_loss 0.00070177
Epoch 186|time: 2.98s|train_loss 0.00197819|val_loss 0.00090891
Epoch 187|time: 3.12s|train_loss 0.00196413|val_loss 0.00061407
Epoch 188|time: 3.00s|train_loss 0.00206967|val_loss 0.00054424
Epoch 189|time: 2.99s|train_loss 0.00182617|val_loss 0.00084709
Epoch 190|time: 3.01s|train_loss 0.00176741|val_loss 0.00062998
Epoch 191|time: 3.31s|train_loss 0.00179933|val_loss 0.00064447
Epoch 192|time: 3.03s|train_loss 0.00180409|val_loss 0.00065519
Epoch 193|time: 3.14s|train_loss 0.00191045|val_loss 0.00071041
Epoch 194|time: 3.27s|train_loss 0.00186301|val_loss 0.00069336
Epoch 195|time: 3.56s|train_loss 0.00198166|val_loss 0.00067295
Epoch 196|time: 3.38s|train_loss 0.00186244|val_loss 0.00081638
Epoch 197|time: 3.58s|train_loss 0.00190080|val_loss 0.00113428
Epoch 198|time: 3.38s|train_loss 0.00196586|val_loss 0.00053143
Epoch 199|time: 3.42s|train_loss 0.00187051|val_loss 0.00112335
Epoch 200|time: 3.49s|train_loss 0.00253396|val_loss 0.00095936
Epoch 201|time: 3.37s|train_loss 0.00199265|val_loss 0.00055533
Epoch 202|time: 3.38s|train_loss 0.00195525|val_loss 0.00076357
Epoch 203|time: 3.52s|train_loss 0.00193207|val_loss 0.00199560
Epoch 204|time: 3.38s|train_loss 0.00230459|val_loss 0.00057797
Epoch 205|time: 3.45s|train_loss 0.00181581|val_loss 0.00061644
Epoch 206|time: 3.41s|train_loss 0.00181193|val_loss 0.00053588
Epoch 207|time: 3.03s|train_loss 0.00173096|val_loss 0.00062170
Epoch 208|time: 3.03s|train_loss 0.00189148|val_loss 0.00058625
Epoch 209|time: 3.19s|train_loss 0.00195402|val_loss 0.00067992
Epoch 210|time: 3.04s|train_loss 0.00197821|val_loss 0.00095068
Epoch 211|time: 3.79s|train_loss 0.00208001|val_loss 0.00076162
Epoch 212|time: 3.85s|train_loss 0.00190948|val_loss 0.00063696
Epoch 213|time: 3.62s|train_loss 0.00188740|val_loss 0.00080985
Epoch 214|time: 3.50s|train_loss 0.00176836|val_loss 0.00079765
Epoch 215|time: 3.75s|train_loss 0.00178894|val_loss 0.00054024
Epoch 216|time: 3.61s|train_loss 0.00182150|val_loss 0.00065946
Epoch 217|time: 3.34s|train_loss 0.00183421|val_loss 0.00057082
Epoch 218|time: 3.28s|train_loss 0.00184416|val_loss 0.00054103
Epoch 219|time: 3.24s|train_loss 0.00180257|val_loss 0.00062059
Epoch 220|time: 2.49s|train_loss 0.00193031|val_loss 0.00053667
Epoch 221|time: 1.98s|train_loss 0.00197177|val_loss 0.00102887
Epoch 222|time: 2.43s|train_loss 0.00209467|val_loss 0.00053631
Epoch 223|time: 3.32s|train_loss 0.00207069|val_loss 0.00053835
Epoch 224|time: 3.11s|train_loss 0.00198212|val_loss 0.00055341
Epoch 225|time: 3.09s|train_loss 0.00182632|val_loss 0.00057049
Epoch 226|time: 3.09s|train_loss 0.00194801|val_loss 0.00066891
Epoch 227|time: 3.14s|train_loss 0.00199765|val_loss 0.00134682
Epoch 228|time: 3.03s|train_loss 0.00203996|val_loss 0.00112604
Epoch 229|time: 3.06s|train_loss 0.00197841|val_loss 0.00082120
Epoch 230|time: 3.98s|train_loss 0.00193377|val_loss 0.00056642
Epoch 231|time: 3.28s|train_loss 0.00186878|val_loss 0.00053606
Epoch 232|time: 3.73s|train_loss 0.00180777|val_loss 0.00082069
Epoch 233|time: 3.53s|train_loss 0.00207344|val_loss 0.00061766
Epoch 234|time: 3.52s|train_loss 0.00254713|val_loss 0.00053483
Epoch 235|time: 3.67s|train_loss 0.00229429|val_loss 0.00147741
Epoch 236|time: 3.27s|train_loss 0.00235821|val_loss 0.00087865
Epoch 237|time: 4.24s|train_loss 0.00193303|val_loss 0.00079012
Epoch 238|time: 3.45s|train_loss 0.00193431|val_loss 0.00074795
Epoch 239|time: 3.44s|train_loss 0.00196663|val_loss 0.00065172
Epoch 240|time: 3.29s|train_loss 0.00184620|val_loss 0.00054420
Epoch 241|time: 3.32s|train_loss 0.00181452|val_loss 0.00059613
Epoch 242|time: 3.33s|train_loss 0.00183878|val_loss 0.00075897
Epoch 243|time: 3.30s|train_loss 0.00199612|val_loss 0.00062555
Epoch 244|time: 3.43s|train_loss 0.00183970|val_loss 0.00066033
Epoch 245|time: 3.34s|train_loss 0.00178713|val_loss 0.00054434
Epoch 246|time: 3.25s|train_loss 0.00207566|val_loss 0.00071843
Epoch 247|time: 3.21s|train_loss 0.00191253|val_loss 0.00055377
Epoch 248|time: 3.49s|train_loss 0.00196102|val_loss 0.00065862
Epoch 249|time: 3.38s|train_loss 0.00217799|val_loss 0.00080642
Epoch 250|time: 3.66s|train_loss 0.00211398|val_loss 0.00107302
Epoch 251|time: 3.51s|train_loss 0.00202045|val_loss 0.00069832
Epoch 252|time: 3.45s|train_loss 0.00189081|val_loss 0.00063110
Epoch 253|time: 4.38s|train_loss 0.00188378|val_loss 0.00069778
Epoch 254|time: 4.37s|train_loss 0.00194437|val_loss 0.00063063
Epoch 255|time: 3.83s|train_loss 0.00186757|val_loss 0.00083791
Epoch 256|time: 3.81s|train_loss 0.00194128|val_loss 0.00054976
Epoch 257|time: 3.80s|train_loss 0.00182760|val_loss 0.00063354
Epoch 258|time: 3.45s|train_loss 0.00185172|val_loss 0.00058483
Epoch 259|time: 3.76s|train_loss 0.00195334|val_loss 0.00055241
Epoch 260|time: 3.70s|train_loss 0.00173372|val_loss 0.00065700
Epoch 261|time: 3.69s|train_loss 0.00181810|val_loss 0.00053743
Epoch 262|time: 3.42s|train_loss 0.00178792|val_loss 0.00054393
Epoch 263|time: 3.41s|train_loss 0.00174788|val_loss 0.00056017
Epoch 264|time: 3.55s|train_loss 0.00184427|val_loss 0.00077860
Epoch 265|time: 3.56s|train_loss 0.00182271|val_loss 0.00060009
Epoch 266|time: 3.41s|train_loss 0.00175544|val_loss 0.00054597
Epoch 267|time: 3.71s|train_loss 0.00190847|val_loss 0.00055271
Epoch 268|time: 3.59s|train_loss 0.00188054|val_loss 0.00054874
Epoch 269|time: 3.55s|train_loss 0.00191557|val_loss 0.00057629
Epoch 270|time: 3.68s|train_loss 0.00195320|val_loss 0.00073365
Epoch 271|time: 3.42s|train_loss 0.00198118|val_loss 0.00059103
Epoch 272|time: 3.56s|train_loss 0.00196943|val_loss 0.00053607
Epoch 273|time: 3.72s|train_loss 0.00182097|val_loss 0.00076005
Epoch 274|time: 3.50s|train_loss 0.00181251|val_loss 0.00064184
Epoch 275|time: 3.56s|train_loss 0.00184154|val_loss 0.00053970
Epoch 276|time: 3.46s|train_loss 0.00183325|val_loss 0.00091613
Epoch 277|time: 3.55s|train_loss 0.00199514|val_loss 0.00107656
Epoch 278|time: 3.85s|train_loss 0.00187378|val_loss 0.00103188
Epoch 279|time: 3.82s|train_loss 0.00195956|val_loss 0.00088236
Epoch 280|time: 3.66s|train_loss 0.00184862|val_loss 0.00065847
Epoch 281|time: 4.04s|train_loss 0.00182526|val_loss 0.00055146
Epoch 282|time: 3.73s|train_loss 0.00177339|val_loss 0.00060022
Epoch 283|time: 3.83s|train_loss 0.00174525|val_loss 0.00086370
Epoch 284|time: 3.62s|train_loss 0.00182904|val_loss 0.00053463
Epoch 285|time: 3.62s|train_loss 0.00202936|val_loss 0.00059064
Epoch 286|time: 3.66s|train_loss 0.00194444|val_loss 0.00066237
Epoch 287|time: 4.05s|train_loss 0.00184226|val_loss 0.00054506
Epoch 288|time: 3.64s|train_loss 0.00176867|val_loss 0.00057255
Epoch 289|time: 3.68s|train_loss 0.00190999|val_loss 0.00059670
Epoch 290|time: 3.88s|train_loss 0.00189049|val_loss 0.00054184
Epoch 291|time: 3.67s|train_loss 0.00190591|val_loss 0.00056323
Epoch 292|time: 3.76s|train_loss 0.00190317|val_loss 0.00072199
Epoch 293|time: 3.59s|train_loss 0.00206884|val_loss 0.00098122
Epoch 294|time: 3.42s|train_loss 0.00199217|val_loss 0.00054981
Epoch 295|time: 3.48s|train_loss 0.00190816|val_loss 0.00054429
Epoch 296|time: 4.21s|train_loss 0.00210869|val_loss 0.00062208
Epoch 297|time: 4.09s|train_loss 0.00189593|val_loss 0.00073875
Epoch 298|time: 3.61s|train_loss 0.00179653|val_loss 0.00053792
Epoch 299|time: 3.56s|train_loss 0.00183865|val_loss 0.00053727
Epoch 300|time: 3.38s|train_loss 0.00176481|val_loss 0.00054210
Epoch 301|time: 3.58s|train_loss 0.00177393|val_loss 0.00055036
Epoch 302|time: 3.35s|train_loss 0.00194035|val_loss 0.00102773
Epoch 303|time: 3.39s|train_loss 0.00204584|val_loss 0.00061552
Epoch 304|time: 3.52s|train_loss 0.00190030|val_loss 0.00057114
Epoch 305|time: 3.50s|train_loss 0.00190419|val_loss 0.00062866
Epoch 306|time: 3.41s|train_loss 0.00183993|val_loss 0.00060845
Epoch 307|time: 3.56s|train_loss 0.00184122|val_loss 0.00059578
Epoch 308|time: 3.50s|train_loss 0.00185313|val_loss 0.00053437
Epoch 309|time: 3.44s|train_loss 0.00187116|val_loss 0.00069029
Epoch 310|time: 3.70s|train_loss 0.00178056|val_loss 0.00060630
Epoch 311|time: 3.64s|train_loss 0.00176902|val_loss 0.00086080
Epoch 312|time: 3.39s|train_loss 0.00179797|val_loss 0.00053163
Epoch 313|time: 3.47s|train_loss 0.00190697|val_loss 0.00050361
Epoch 314|time: 4.09s|train_loss 0.00179535|val_loss 0.00295311
Epoch 315|time: 3.37s|train_loss 0.00313489|val_loss 0.00066516
Epoch 316|time: 3.33s|train_loss 0.00201240|val_loss 0.00059622
Epoch 317|time: 3.36s|train_loss 0.00179232|val_loss 0.00068726
Final evaluation
TEST MAE 0.4110 | std 0.1178 | RMSE 0.5969 | RMSEs 0.5760 | PCC 0.8341 | PCCs 0.7404 | R2 0.5998 | R2s 0.4054 | Var 0.6896 | Vars 0.5431 | Peak 0.2637
