--------Parameters--------
Namespace(batch=32, bi=False, check_point=1, cuda=False, dataset='us_hhs', dropout=0.2, epilambda=0.5, epochs=500, gpu=3, hidsp=15, horizon=1, k=10, lamda=0.01, lr=0.1, model='cola_gnn_epi', mylog=False, n_hidden=30, n_layer=1, patience=200, rnn_model='RNN', save_dir='save', seed=42, shuffle=False, sim_mat='us_hhs-adj', test=0.2, train=0.6, val=0.2, weight_decay=0.0005, window=20)
--------------------------
data shape (364, 10)
size of train/val/test sets 198 73 73
#params: 9885
begin training
Epoch   1|time: 3.47s|train_loss 0.01219272|val_loss 0.00169026
Best validation epoch: 1 Tue May 23 00:46:11 2023
TEST MAE 2.3306 | std 0.7474 | RMSE 2.6019 | RMSEs 2.4854 | PCC -0.5398 | PCCs -0.9001 | R2 -6.6046 | R2s -10.2502 | Var -0.5031 | Vars -0.2995 | Peak 1.2012
Epoch   2|time: 3.44s|train_loss 0.00902112|val_loss 0.00087844
Best validation epoch: 2 Tue May 23 00:46:15 2023
TEST MAE 0.9227 | std 0.1841 | RMSE 1.1123 | RMSEs 1.0869 | PCC 0.0819 | PCCs -0.8849 | R2 -0.3898 | R2s -1.2227 | Var -0.2714 | Vars -0.6750 | Peak 0.3186
Epoch   3|time: 3.51s|train_loss 0.00634965|val_loss 0.00057990
Best validation epoch: 3 Tue May 23 00:46:20 2023
TEST MAE 0.7977 | std 0.3223 | RMSE 1.1268 | RMSEs 1.0630 | PCC 0.5999 | PCCs 0.8989 | R2 -0.4262 | R2s -0.9668 | Var 0.2417 | Vars 0.0607 | Peak 0.5724
Epoch   4|time: 3.72s|train_loss 0.00495508|val_loss 0.00666069
Epoch   5|time: 3.53s|train_loss 0.00543543|val_loss 0.00183248
Epoch   6|time: 3.52s|train_loss 0.00392923|val_loss 0.00201969
Epoch   7|time: 3.47s|train_loss 0.00401577|val_loss 0.00194723
Epoch   8|time: 3.70s|train_loss 0.00349870|val_loss 0.00112988
Epoch   9|time: 3.52s|train_loss 0.00336495|val_loss 0.00124430
Epoch  10|time: 3.49s|train_loss 0.00350370|val_loss 0.00118075
Epoch  11|time: 3.71s|train_loss 0.00316498|val_loss 0.00185198
Epoch  12|time: 3.57s|train_loss 0.00353687|val_loss 0.00051033
Best validation epoch: 12 Tue May 23 00:46:53 2023
TEST MAE 0.6536 | std 0.2555 | RMSE 0.9667 | RMSEs 0.9099 | PCC 0.6275 | PCCs 0.6612 | R2 -0.0499 | R2s -0.4338 | Var 0.3012 | Vars 0.1039 | Peak 0.4845
Epoch  13|time: 3.70s|train_loss 0.00305656|val_loss 0.00069167
Epoch  14|time: 3.49s|train_loss 0.00313511|val_loss 0.00081002
Epoch  15|time: 3.53s|train_loss 0.00337845|val_loss 0.00100795
Epoch  16|time: 3.72s|train_loss 0.00309334|val_loss 0.00065449
Epoch  17|time: 3.54s|train_loss 0.00303960|val_loss 0.00073031
Epoch  18|time: 3.45s|train_loss 0.00298279|val_loss 0.00045304
Best validation epoch: 18 Tue May 23 00:47:15 2023
TEST MAE 0.5865 | std 0.2338 | RMSE 0.8662 | RMSEs 0.8150 | PCC 0.8167 | PCCs 0.9288 | R2 0.1572 | R2s -0.1499 | Var 0.4675 | Vars 0.3244 | Peak 0.4354
Epoch  19|time: 3.71s|train_loss 0.00306251|val_loss 0.00045570
Epoch  20|time: 3.67s|train_loss 0.00327122|val_loss 0.00114722
Epoch  21|time: 3.77s|train_loss 0.00331395|val_loss 0.00081442
Epoch  22|time: 3.49s|train_loss 0.00321558|val_loss 0.00055240
Epoch  23|time: 3.50s|train_loss 0.00303136|val_loss 0.00058345
Epoch  24|time: 3.48s|train_loss 0.00328767|val_loss 0.00091321
Epoch  25|time: 3.50s|train_loss 0.00318194|val_loss 0.00079727
Epoch  26|time: 3.58s|train_loss 0.00311552|val_loss 0.00077193
Epoch  27|time: 3.66s|train_loss 0.00313203|val_loss 0.00053447
Epoch  28|time: 3.53s|train_loss 0.00298837|val_loss 0.00164405
Epoch  29|time: 3.45s|train_loss 0.00352820|val_loss 0.00106700
Epoch  30|time: 3.59s|train_loss 0.00355066|val_loss 0.00079214
Epoch  31|time: 3.48s|train_loss 0.00344141|val_loss 0.00065632
Epoch  32|time: 3.48s|train_loss 0.00347023|val_loss 0.00175842
Epoch  33|time: 3.54s|train_loss 0.00338852|val_loss 0.00100374
Epoch  34|time: 3.46s|train_loss 0.00326065|val_loss 0.00176557
Epoch  35|time: 3.70s|train_loss 0.00356731|val_loss 0.00055778
Epoch  36|time: 3.47s|train_loss 0.00357039|val_loss 0.00243093
Epoch  37|time: 3.72s|train_loss 0.00385136|val_loss 0.00161464
Epoch  38|time: 3.63s|train_loss 0.00339729|val_loss 0.00122961
Epoch  39|time: 3.55s|train_loss 0.00345145|val_loss 0.00139486
Epoch  40|time: 3.57s|train_loss 0.00357986|val_loss 0.00059357
Epoch  41|time: 3.69s|train_loss 0.00317957|val_loss 0.00154486
Epoch  42|time: 3.45s|train_loss 0.00361585|val_loss 0.00164813
Epoch  43|time: 3.51s|train_loss 0.00336971|val_loss 0.00061131
Epoch  44|time: 3.72s|train_loss 0.00310814|val_loss 0.00081370
Epoch  45|time: 3.50s|train_loss 0.00297406|val_loss 0.00059114
Epoch  46|time: 3.55s|train_loss 0.00290473|val_loss 0.00054585
Epoch  47|time: 3.59s|train_loss 0.00302741|val_loss 0.00151013
Epoch  48|time: 3.61s|train_loss 0.00333685|val_loss 0.00068364
Epoch  49|time: 3.59s|train_loss 0.00318674|val_loss 0.00063290
Epoch  50|time: 3.49s|train_loss 0.00291049|val_loss 0.00060021
Epoch  51|time: 3.51s|train_loss 0.00302446|val_loss 0.00061131
Epoch  52|time: 3.64s|train_loss 0.00294179|val_loss 0.00074320
Epoch  53|time: 3.53s|train_loss 0.00301143|val_loss 0.00082488
Epoch  54|time: 3.86s|train_loss 0.00309082|val_loss 0.00130576
Epoch  55|time: 3.57s|train_loss 0.00345845|val_loss 0.00121864
Epoch  56|time: 3.44s|train_loss 0.00359429|val_loss 0.00063261
Epoch  57|time: 3.51s|train_loss 0.00307904|val_loss 0.00073877
Epoch  58|time: 3.57s|train_loss 0.00291216|val_loss 0.00137856
Epoch  59|time: 3.51s|train_loss 0.00365254|val_loss 0.00053622
Epoch  60|time: 3.44s|train_loss 0.00327346|val_loss 0.00168990
Epoch  61|time: 3.54s|train_loss 0.00351423|val_loss 0.00099651
Epoch  62|time: 3.51s|train_loss 0.00316838|val_loss 0.00078574
Epoch  63|time: 3.54s|train_loss 0.00291240|val_loss 0.00063789
Epoch  64|time: 3.50s|train_loss 0.00287414|val_loss 0.00053714
Epoch  65|time: 3.50s|train_loss 0.00281262|val_loss 0.00055361
Epoch  66|time: 3.46s|train_loss 0.00293302|val_loss 0.00059741
Epoch  67|time: 3.51s|train_loss 0.00288157|val_loss 0.00132066
Epoch  68|time: 3.70s|train_loss 0.00324546|val_loss 0.00115237
Epoch  69|time: 3.50s|train_loss 0.00351696|val_loss 0.00065673
Epoch  70|time: 3.51s|train_loss 0.00316725|val_loss 0.00104602
Epoch  71|time: 3.63s|train_loss 0.00346619|val_loss 0.00092011
Epoch  72|time: 3.73s|train_loss 0.00332139|val_loss 0.00123141
Epoch  73|time: 3.45s|train_loss 0.00324544|val_loss 0.00086916
Epoch  74|time: 3.52s|train_loss 0.00346614|val_loss 0.00150145
Epoch  75|time: 3.71s|train_loss 0.00316263|val_loss 0.00167938
Epoch  76|time: 3.63s|train_loss 0.00364580|val_loss 0.00056976
Epoch  77|time: 3.48s|train_loss 0.00304892|val_loss 0.00097041
Epoch  78|time: 3.68s|train_loss 0.00324050|val_loss 0.00192962
Epoch  79|time: 3.52s|train_loss 0.00330615|val_loss 0.00089254
Epoch  80|time: 3.56s|train_loss 0.00313616|val_loss 0.00195872
Epoch  81|time: 3.62s|train_loss 0.00339306|val_loss 0.00104406
Epoch  82|time: 3.45s|train_loss 0.00344758|val_loss 0.00088857
Epoch  83|time: 3.62s|train_loss 0.00325153|val_loss 0.00109667
Epoch  84|time: 3.40s|train_loss 0.00343306|val_loss 0.00060443
Epoch  85|time: 3.48s|train_loss 0.00325577|val_loss 0.00071955
Epoch  86|time: 3.72s|train_loss 0.00345183|val_loss 0.00123653
Epoch  87|time: 3.48s|train_loss 0.00325302|val_loss 0.00068493
Epoch  88|time: 3.67s|train_loss 0.00300765|val_loss 0.00053483
Epoch  89|time: 3.73s|train_loss 0.00304869|val_loss 0.00100725
Epoch  90|time: 3.53s|train_loss 0.00346802|val_loss 0.00112185
Epoch  91|time: 3.48s|train_loss 0.00339967|val_loss 0.00090134
Epoch  92|time: 3.59s|train_loss 0.00346353|val_loss 0.00080164
Epoch  93|time: 3.53s|train_loss 0.00341542|val_loss 0.00121623
Epoch  94|time: 3.64s|train_loss 0.00340246|val_loss 0.00144035
Epoch  95|time: 3.61s|train_loss 0.00363855|val_loss 0.00104884
Epoch  96|time: 3.50s|train_loss 0.00350195|val_loss 0.00078641
Epoch  97|time: 3.57s|train_loss 0.00325779|val_loss 0.00052657
Epoch  98|time: 3.48s|train_loss 0.00307780|val_loss 0.00054205
Epoch  99|time: 3.50s|train_loss 0.00294840|val_loss 0.00054480
Epoch 100|time: 3.78s|train_loss 0.00288344|val_loss 0.00063673
Epoch 101|time: 3.43s|train_loss 0.00289157|val_loss 0.00105623
Epoch 102|time: 3.49s|train_loss 0.00320974|val_loss 0.00101870
Epoch 103|time: 3.61s|train_loss 0.00320701|val_loss 0.00081883
Epoch 104|time: 3.74s|train_loss 0.00331815|val_loss 0.00057623
Epoch 105|time: 3.52s|train_loss 0.00303080|val_loss 0.00075962
Epoch 106|time: 3.50s|train_loss 0.00306212|val_loss 0.00128648
Epoch 107|time: 3.52s|train_loss 0.00369494|val_loss 0.00057299
Epoch 108|time: 3.60s|train_loss 0.00296429|val_loss 0.00064543
Epoch 109|time: 3.49s|train_loss 0.00312081|val_loss 0.00137004
Epoch 110|time: 3.42s|train_loss 0.00325143|val_loss 0.00140889
Epoch 111|time: 3.60s|train_loss 0.00367478|val_loss 0.00054853
Epoch 112|time: 3.45s|train_loss 0.00343459|val_loss 0.00134987
Epoch 113|time: 3.49s|train_loss 0.00345224|val_loss 0.00083989
Epoch 114|time: 3.79s|train_loss 0.00298274|val_loss 0.00063720
Epoch 115|time: 3.47s|train_loss 0.00294513|val_loss 0.00055402
Epoch 116|time: 3.48s|train_loss 0.00302554|val_loss 0.00054934
Epoch 117|time: 3.55s|train_loss 0.00307290|val_loss 0.00111221
Epoch 118|time: 3.65s|train_loss 0.00317549|val_loss 0.00160230
Epoch 119|time: 3.44s|train_loss 0.00342224|val_loss 0.00180813
Epoch 120|time: 3.53s|train_loss 0.00398633|val_loss 0.00147581
Epoch 121|time: 3.54s|train_loss 0.00342492|val_loss 0.00130290
Epoch 122|time: 3.55s|train_loss 0.00317004|val_loss 0.00054863
Epoch 123|time: 3.48s|train_loss 0.00318802|val_loss 0.00057704
Epoch 124|time: 3.52s|train_loss 0.00320599|val_loss 0.00072641
Epoch 125|time: 3.47s|train_loss 0.00305622|val_loss 0.00052448
Epoch 126|time: 3.53s|train_loss 0.00316110|val_loss 0.00192027
Epoch 127|time: 3.46s|train_loss 0.00362018|val_loss 0.00056981
Epoch 128|time: 3.69s|train_loss 0.00305446|val_loss 0.00053650
Epoch 129|time: 3.55s|train_loss 0.00309875|val_loss 0.00056259
Epoch 130|time: 3.47s|train_loss 0.00312339|val_loss 0.00174234
Epoch 131|time: 3.49s|train_loss 0.00360465|val_loss 0.00062010
Epoch 132|time: 3.66s|train_loss 0.00347125|val_loss 0.00126838
Epoch 133|time: 3.50s|train_loss 0.00345211|val_loss 0.00120449
Epoch 134|time: 3.55s|train_loss 0.00331654|val_loss 0.00088304
Epoch 135|time: 3.55s|train_loss 0.00361984|val_loss 0.00174170
Epoch 136|time: 3.55s|train_loss 0.00362856|val_loss 0.00098606
Epoch 137|time: 3.49s|train_loss 0.00337554|val_loss 0.00143673
Epoch 138|time: 3.51s|train_loss 0.00330633|val_loss 0.00124380
Epoch 139|time: 3.52s|train_loss 0.00334223|val_loss 0.00191307
Epoch 140|time: 3.44s|train_loss 0.00355529|val_loss 0.00056259
Epoch 141|time: 3.62s|train_loss 0.00295029|val_loss 0.00061351
Epoch 142|time: 3.60s|train_loss 0.00291006|val_loss 0.00162542
Epoch 143|time: 3.49s|train_loss 0.00345968|val_loss 0.00092548
Epoch 144|time: 3.55s|train_loss 0.00334020|val_loss 0.00055526
Epoch 145|time: 3.77s|train_loss 0.00354207|val_loss 0.00221032
Epoch 146|time: 3.61s|train_loss 0.00404121|val_loss 0.00252395
Epoch 147|time: 3.47s|train_loss 0.00440516|val_loss 0.00398949
Epoch 148|time: 3.75s|train_loss 0.00524837|val_loss 0.00118501
Epoch 149|time: 3.55s|train_loss 0.00365837|val_loss 0.00190143
Epoch 150|time: 3.61s|train_loss 0.00367593|val_loss 0.00067110
Epoch 151|time: 3.85s|train_loss 0.00327197|val_loss 0.00055799
Epoch 152|time: 3.52s|train_loss 0.00350212|val_loss 0.00198055
Epoch 153|time: 3.69s|train_loss 0.00386121|val_loss 0.00053730
Epoch 154|time: 3.51s|train_loss 0.00301999|val_loss 0.00104704
Epoch 155|time: 3.74s|train_loss 0.00318096|val_loss 0.00054833
Epoch 156|time: 3.65s|train_loss 0.00314658|val_loss 0.00053597
Epoch 157|time: 3.58s|train_loss 0.00306568|val_loss 0.00112922
Epoch 158|time: 3.50s|train_loss 0.00310773|val_loss 0.00094275
Epoch 159|time: 3.76s|train_loss 0.00340764|val_loss 0.00110379
Epoch 160|time: 3.57s|train_loss 0.00328788|val_loss 0.00063019
Epoch 161|time: 3.63s|train_loss 0.00318766|val_loss 0.00053814
Epoch 162|time: 3.72s|train_loss 0.00299979|val_loss 0.00082332
Epoch 163|time: 3.56s|train_loss 0.00298461|val_loss 0.00061736
Epoch 164|time: 3.63s|train_loss 0.00307971|val_loss 0.00071302
Epoch 165|time: 3.57s|train_loss 0.00298770|val_loss 0.00041265
Best validation epoch: 165 Tue May 23 00:56:00 2023
TEST MAE 0.4424 | std 0.1068 | RMSE 0.5836 | RMSEs 0.5642 | PCC 0.8430 | PCCs 0.9300 | R2 0.6174 | R2s 0.4272 | Var 0.6176 | Vars 0.4779 | Peak 0.2188
Epoch 166|time: 3.60s|train_loss 0.00322013|val_loss 0.00142279
Epoch 167|time: 3.67s|train_loss 0.00391602|val_loss 0.00261537
Epoch 168|time: 3.60s|train_loss 0.00349292|val_loss 0.00131817
Epoch 169|time: 3.53s|train_loss 0.00326450|val_loss 0.00040507
Best validation epoch: 169 Tue May 23 00:56:15 2023
TEST MAE 0.4313 | std 0.0921 | RMSE 0.5455 | RMSEs 0.5321 | PCC 0.8642 | PCCs 0.8968 | R2 0.6657 | R2s 0.4674 | Var 0.6721 | Vars 0.5383 | Peak 0.1742
Epoch 170|time: 3.79s|train_loss 0.00361301|val_loss 0.00348365
Epoch 171|time: 3.51s|train_loss 0.00396730|val_loss 0.00125719
Epoch 172|time: 3.71s|train_loss 0.00335373|val_loss 0.00139887
Epoch 173|time: 3.52s|train_loss 0.00332332|val_loss 0.00052947
Epoch 174|time: 3.51s|train_loss 0.00318355|val_loss 0.00066422
Epoch 175|time: 3.58s|train_loss 0.00293927|val_loss 0.00122212
Epoch 176|time: 3.60s|train_loss 0.00317528|val_loss 0.00050191
Epoch 177|time: 3.54s|train_loss 0.00297074|val_loss 0.00049685
Epoch 178|time: 3.69s|train_loss 0.00299596|val_loss 0.00076412
Epoch 179|time: 3.59s|train_loss 0.00297559|val_loss 0.00080810
Epoch 180|time: 5.25s|train_loss 0.00301247|val_loss 0.00086313
Epoch 181|time: 4.82s|train_loss 0.00342212|val_loss 0.00178762
Epoch 182|time: 3.83s|train_loss 0.00330805|val_loss 0.00171468
Epoch 183|time: 3.63s|train_loss 0.00423334|val_loss 0.00127291
Epoch 184|time: 3.54s|train_loss 0.00328090|val_loss 0.00170534
Epoch 185|time: 3.67s|train_loss 0.00346968|val_loss 0.00084026
Epoch 186|time: 3.70s|train_loss 0.00321443|val_loss 0.00103720
Epoch 187|time: 3.57s|train_loss 0.00302455|val_loss 0.00112936
Epoch 188|time: 3.68s|train_loss 0.00309135|val_loss 0.00066004
Epoch 189|time: 3.50s|train_loss 0.00288961|val_loss 0.00153908
Epoch 190|time: 3.58s|train_loss 0.00374682|val_loss 0.00053455
Epoch 191|time: 3.71s|train_loss 0.00310179|val_loss 0.00067722
Epoch 192|time: 3.72s|train_loss 0.00311216|val_loss 0.00077860
Epoch 193|time: 3.59s|train_loss 0.00297919|val_loss 0.00078547
Epoch 194|time: 3.67s|train_loss 0.00295558|val_loss 0.00104344
Epoch 195|time: 3.53s|train_loss 0.00316402|val_loss 0.00097828
Epoch 196|time: 3.88s|train_loss 0.00308540|val_loss 0.00200120
Epoch 197|time: 3.54s|train_loss 0.00366355|val_loss 0.00169980
Epoch 198|time: 3.56s|train_loss 0.00323504|val_loss 0.00075598
Epoch 199|time: 3.75s|train_loss 0.00301969|val_loss 0.00062174
Epoch 200|time: 3.62s|train_loss 0.00317197|val_loss 0.00100310
Epoch 201|time: 3.55s|train_loss 0.00296155|val_loss 0.00069344
Epoch 202|time: 3.75s|train_loss 0.00308252|val_loss 0.00121243
Epoch 203|time: 3.56s|train_loss 0.00310551|val_loss 0.00048304
Epoch 204|time: 3.57s|train_loss 0.00305180|val_loss 0.00118688
Epoch 205|time: 3.80s|train_loss 0.00297570|val_loss 0.00081278
Epoch 206|time: 3.55s|train_loss 0.00299285|val_loss 0.00150564
Epoch 207|time: 3.59s|train_loss 0.00361510|val_loss 0.00067805
Epoch 208|time: 3.50s|train_loss 0.00307350|val_loss 0.00088546
Epoch 209|time: 3.35s|train_loss 0.00306863|val_loss 0.00085963
Epoch 210|time: 2.32s|train_loss 0.00318972|val_loss 0.00055183
Epoch 211|time: 2.38s|train_loss 0.00287114|val_loss 0.00085708
Epoch 212|time: 3.47s|train_loss 0.00284340|val_loss 0.00130841
Epoch 213|time: 3.48s|train_loss 0.00356156|val_loss 0.00070973
Epoch 214|time: 3.67s|train_loss 0.00333985|val_loss 0.00122114
Epoch 215|time: 3.59s|train_loss 0.00342573|val_loss 0.00154665
Epoch 216|time: 3.58s|train_loss 0.00344469|val_loss 0.00053576
Epoch 217|time: 3.69s|train_loss 0.00298577|val_loss 0.00057780
Epoch 218|time: 3.54s|train_loss 0.00298822|val_loss 0.00067823
Epoch 219|time: 3.81s|train_loss 0.00296047|val_loss 0.00104420
Epoch 220|time: 3.55s|train_loss 0.00306704|val_loss 0.00068374
Epoch 221|time: 3.57s|train_loss 0.00297826|val_loss 0.00071517
Epoch 222|time: 3.58s|train_loss 0.00297125|val_loss 0.00133670
Epoch 223|time: 3.61s|train_loss 0.00341000|val_loss 0.00109516
Epoch 224|time: 3.70s|train_loss 0.00309917|val_loss 0.00124765
Epoch 225|time: 3.60s|train_loss 0.00368668|val_loss 0.00074566
Epoch 226|time: 3.63s|train_loss 0.00415266|val_loss 0.00174357
Epoch 227|time: 3.58s|train_loss 0.00384206|val_loss 0.00057000
Epoch 228|time: 3.75s|train_loss 0.00327433|val_loss 0.00269466
Epoch 229|time: 3.66s|train_loss 0.00409350|val_loss 0.00255550
Epoch 230|time: 3.72s|train_loss 0.00375540|val_loss 0.00191452
Epoch 231|time: 3.62s|train_loss 0.00395233|val_loss 0.00286269
Epoch 232|time: 4.53s|train_loss 0.00412466|val_loss 0.00222080
Epoch 233|time: 4.33s|train_loss 0.00391454|val_loss 0.00229551
Epoch 234|time: 3.74s|train_loss 0.00355064|val_loss 0.00052957
Epoch 235|time: 3.76s|train_loss 0.00333526|val_loss 0.00132965
Epoch 236|time: 3.75s|train_loss 0.00332046|val_loss 0.00160590
Epoch 237|time: 3.70s|train_loss 0.00318211|val_loss 0.00080134
Epoch 238|time: 3.81s|train_loss 0.00301676|val_loss 0.00046715
Epoch 239|time: 3.67s|train_loss 0.00297279|val_loss 0.00137836
Epoch 240|time: 3.73s|train_loss 0.00388907|val_loss 0.00122107
Epoch 241|time: 3.88s|train_loss 0.00349873|val_loss 0.00068294
Epoch 242|time: 3.83s|train_loss 0.00293336|val_loss 0.00053914
Epoch 243|time: 3.83s|train_loss 0.00298294|val_loss 0.00054888
Epoch 244|time: 3.77s|train_loss 0.00294367|val_loss 0.00053741
Epoch 245|time: 3.76s|train_loss 0.00298161|val_loss 0.00064257
Epoch 246|time: 3.87s|train_loss 0.00396085|val_loss 0.00209686
Epoch 247|time: 3.77s|train_loss 0.00416751|val_loss 0.00160716
Epoch 248|time: 3.75s|train_loss 0.00406785|val_loss 0.00184991
Epoch 249|time: 3.79s|train_loss 0.00410478|val_loss 0.00148732
Epoch 250|time: 3.72s|train_loss 0.00429856|val_loss 0.00056077
Epoch 251|time: 3.83s|train_loss 0.00362867|val_loss 0.00188796
Epoch 252|time: 3.83s|train_loss 0.00416023|val_loss 0.00168259
Epoch 253|time: 3.93s|train_loss 0.00412580|val_loss 0.00123690
Epoch 254|time: 3.92s|train_loss 0.00397838|val_loss 0.00171223
Epoch 255|time: 3.79s|train_loss 0.00424336|val_loss 0.00066996
Epoch 256|time: 3.90s|train_loss 0.00356974|val_loss 0.00206769
Epoch 257|time: 3.76s|train_loss 0.00404129|val_loss 0.00211070
Epoch 258|time: 3.79s|train_loss 0.00446523|val_loss 0.00075371
Epoch 259|time: 3.83s|train_loss 0.00334703|val_loss 0.00125051
Epoch 260|time: 3.96s|train_loss 0.00354705|val_loss 0.00080351
Epoch 261|time: 3.81s|train_loss 0.00310721|val_loss 0.00073027
Epoch 262|time: 3.90s|train_loss 0.00301448|val_loss 0.00128573
Epoch 263|time: 3.91s|train_loss 0.00310688|val_loss 0.00091135
Epoch 264|time: 3.91s|train_loss 0.00301919|val_loss 0.00049135
Epoch 265|time: 4.00s|train_loss 0.00294255|val_loss 0.00047574
Epoch 266|time: 3.86s|train_loss 0.00283500|val_loss 0.00041286
Epoch 267|time: 3.96s|train_loss 0.00344702|val_loss 0.00045893
Epoch 268|time: 3.93s|train_loss 0.00339696|val_loss 0.00138718
Epoch 269|time: 4.04s|train_loss 0.00329452|val_loss 0.00152583
Epoch 270|time: 4.07s|train_loss 0.00327282|val_loss 0.00062963
Epoch 271|time: 3.95s|train_loss 0.00296411|val_loss 0.00111199
Epoch 272|time: 4.11s|train_loss 0.00338877|val_loss 0.00103613
Epoch 273|time: 4.03s|train_loss 0.00334627|val_loss 0.00069580
Epoch 274|time: 4.34s|train_loss 0.00397764|val_loss 0.00091010
Epoch 275|time: 4.04s|train_loss 0.00395610|val_loss 0.00085688
Epoch 276|time: 4.06s|train_loss 0.00316684|val_loss 0.00072374
Epoch 277|time: 4.14s|train_loss 0.00294954|val_loss 0.00106628
Epoch 278|time: 4.05s|train_loss 0.00346301|val_loss 0.00174820
Epoch 279|time: 4.34s|train_loss 0.00399036|val_loss 0.00288897
Epoch 280|time: 4.19s|train_loss 0.00456389|val_loss 0.00051606
Epoch 281|time: 4.21s|train_loss 0.00334775|val_loss 0.00051770
Epoch 282|time: 4.17s|train_loss 0.00304179|val_loss 0.00058474
Epoch 283|time: 4.20s|train_loss 0.00295807|val_loss 0.00102583
Epoch 284|time: 4.37s|train_loss 0.00347433|val_loss 0.00202047
Epoch 285|time: 4.33s|train_loss 0.00388932|val_loss 0.00113045
Epoch 286|time: 4.37s|train_loss 0.00372944|val_loss 0.00125654
Epoch 287|time: 4.32s|train_loss 0.00334179|val_loss 0.00118134
Epoch 288|time: 4.52s|train_loss 0.00332666|val_loss 0.00184788
Epoch 289|time: 4.40s|train_loss 0.00386194|val_loss 0.00260907
Epoch 290|time: 4.24s|train_loss 0.00374879|val_loss 0.00115546
Epoch 291|time: 4.43s|train_loss 0.00331753|val_loss 0.00053239
Epoch 292|time: 4.41s|train_loss 0.00292213|val_loss 0.00184403
Epoch 293|time: 4.50s|train_loss 0.00340369|val_loss 0.00114541
Epoch 294|time: 4.33s|train_loss 0.00346077|val_loss 0.00072731
Epoch 295|time: 4.44s|train_loss 0.00355504|val_loss 0.00137817
Epoch 296|time: 4.31s|train_loss 0.00326781|val_loss 0.00094181
Epoch 297|time: 4.41s|train_loss 0.00309120|val_loss 0.00112130
Epoch 298|time: 4.44s|train_loss 0.00360020|val_loss 0.00083590
Epoch 299|time: 4.41s|train_loss 0.00398428|val_loss 0.00120565
Epoch 300|time: 4.48s|train_loss 0.00385017|val_loss 0.00056994
Epoch 301|time: 4.29s|train_loss 0.00344704|val_loss 0.00153566
Epoch 302|time: 4.55s|train_loss 0.00355297|val_loss 0.00134604
Epoch 303|time: 4.42s|train_loss 0.00305947|val_loss 0.00058235
Epoch 304|time: 4.54s|train_loss 0.00304100|val_loss 0.00096999
Epoch 305|time: 4.44s|train_loss 0.00348345|val_loss 0.00053582
Epoch 306|time: 4.59s|train_loss 0.00343427|val_loss 0.00151013
Epoch 307|time: 4.49s|train_loss 0.00338192|val_loss 0.00064876
Epoch 308|time: 4.35s|train_loss 0.00333684|val_loss 0.00131677
Epoch 309|time: 4.51s|train_loss 0.00313544|val_loss 0.00046863
Epoch 310|time: 4.45s|train_loss 0.00308659|val_loss 0.00102832
Epoch 311|time: 4.58s|train_loss 0.00318195|val_loss 0.00050850
Epoch 312|time: 4.53s|train_loss 0.00308008|val_loss 0.00117270
Epoch 313|time: 4.51s|train_loss 0.00337310|val_loss 0.00113744
Epoch 314|time: 4.53s|train_loss 0.00301684|val_loss 0.00041820
Epoch 315|time: 4.39s|train_loss 0.00292833|val_loss 0.00026345
Best validation epoch: 315 Tue May 23 01:05:47 2023
TEST MAE 0.3168 | std 0.1025 | RMSE 0.4671 | RMSEs 0.4435 | PCC 0.9434 | PCCs 0.9314 | R2 0.7549 | R2s 0.6569 | Var 0.8017 | Vars 0.7305 | Peak 0.2144
Epoch 316|time: 4.52s|train_loss 0.00280509|val_loss 0.00104980
Epoch 317|time: 4.57s|train_loss 0.00330197|val_loss 0.00123814
Epoch 318|time: 4.45s|train_loss 0.00339958|val_loss 0.00162836
Epoch 319|time: 4.39s|train_loss 0.00379690|val_loss 0.00123306
Epoch 320|time: 4.65s|train_loss 0.00358551|val_loss 0.00054143
Epoch 321|time: 4.54s|train_loss 0.00364493|val_loss 0.00141515
Epoch 322|time: 4.61s|train_loss 0.00316376|val_loss 0.00109005
Epoch 323|time: 4.49s|train_loss 0.00324636|val_loss 0.00096645
Epoch 324|time: 4.80s|train_loss 0.00322363|val_loss 0.00075763
Epoch 325|time: 4.51s|train_loss 0.00305822|val_loss 0.00050813
Epoch 326|time: 4.60s|train_loss 0.00300439|val_loss 0.00087665
Epoch 327|time: 4.45s|train_loss 0.00327353|val_loss 0.00138864
Epoch 328|time: 4.69s|train_loss 0.00333699|val_loss 0.00049856
Epoch 329|time: 4.50s|train_loss 0.00298101|val_loss 0.00047826
Epoch 330|time: 4.61s|train_loss 0.00296423|val_loss 0.00076722
Epoch 331|time: 4.61s|train_loss 0.00287521|val_loss 0.00097102
Epoch 332|time: 4.52s|train_loss 0.00341101|val_loss 0.00048492
Epoch 333|time: 4.63s|train_loss 0.00289784|val_loss 0.00052143
Epoch 334|time: 4.57s|train_loss 0.00295368|val_loss 0.00093139
Epoch 335|time: 4.58s|train_loss 0.00342930|val_loss 0.00216209
Epoch 336|time: 4.41s|train_loss 0.00400540|val_loss 0.00125183
Epoch 337|time: 4.68s|train_loss 0.00305741|val_loss 0.00048173
Epoch 338|time: 4.55s|train_loss 0.00297625|val_loss 0.00066822
Epoch 339|time: 4.53s|train_loss 0.00286669|val_loss 0.00028335
Epoch 340|time: 4.58s|train_loss 0.00312197|val_loss 0.00124990
Epoch 341|time: 4.46s|train_loss 0.00344568|val_loss 0.00040049
Epoch 342|time: 4.54s|train_loss 0.00306882|val_loss 0.00104505
Epoch 343|time: 4.50s|train_loss 0.00316434|val_loss 0.00128262
Epoch 344|time: 4.70s|train_loss 0.00376392|val_loss 0.00135059
Epoch 345|time: 4.56s|train_loss 0.00335740|val_loss 0.00116973
Epoch 346|time: 4.62s|train_loss 0.00319859|val_loss 0.00111872
Epoch 347|time: 4.57s|train_loss 0.00297182|val_loss 0.00038452
Epoch 348|time: 4.77s|train_loss 0.00311130|val_loss 0.00120821
Epoch 349|time: 4.55s|train_loss 0.00347801|val_loss 0.00075051
Epoch 350|time: 4.97s|train_loss 0.00362672|val_loss 0.00042692
Epoch 351|time: 4.47s|train_loss 0.00288070|val_loss 0.00072242
Epoch 352|time: 4.79s|train_loss 0.00318783|val_loss 0.00018455
Best validation epoch: 352 Tue May 23 01:08:38 2023
TEST MAE 0.2427 | std 0.0728 | RMSE 0.3639 | RMSEs 0.3479 | PCC 0.9587 | PCCs 0.9373 | R2 0.8512 | R2s 0.7852 | Var 0.8943 | Vars 0.8508 | Peak 0.1575
Epoch 353|time: 4.49s|train_loss 0.00379221|val_loss 0.00098314
Epoch 354|time: 4.79s|train_loss 0.00332734|val_loss 0.00163774
Epoch 355|time: 4.50s|train_loss 0.00341371|val_loss 0.00052368
Epoch 356|time: 4.71s|train_loss 0.00318713|val_loss 0.00033005
Epoch 357|time: 4.54s|train_loss 0.00316996|val_loss 0.00032223
Epoch 358|time: 4.56s|train_loss 0.00285467|val_loss 0.00069770
Epoch 359|time: 4.68s|train_loss 0.00278399|val_loss 0.00029048
Epoch 360|time: 4.54s|train_loss 0.00280009|val_loss 0.00015802
Best validation epoch: 360 Tue May 23 01:09:16 2023
TEST MAE 0.2254 | std 0.0632 | RMSE 0.3207 | RMSEs 0.3099 | PCC 0.9498 | PCCs 0.9253 | R2 0.8845 | R2s 0.8218 | Var 0.9020 | Vars 0.8507 | Peak 0.1341
Epoch 361|time: 4.67s|train_loss 0.00284069|val_loss 0.00118804
Epoch 362|time: 4.76s|train_loss 0.00299828|val_loss 0.00082553
Epoch 363|time: 4.75s|train_loss 0.00303002|val_loss 0.00174524
Epoch 364|time: 4.56s|train_loss 0.00340523|val_loss 0.00185758
Epoch 365|time: 4.75s|train_loss 0.00375384|val_loss 0.00111773
Epoch 366|time: 4.67s|train_loss 0.00317263|val_loss 0.00056340
Epoch 367|time: 4.66s|train_loss 0.00304437|val_loss 0.00054810
Epoch 368|time: 4.62s|train_loss 0.00340699|val_loss 0.00121390
Epoch 369|time: 4.55s|train_loss 0.00326900|val_loss 0.00203412
Epoch 370|time: 4.47s|train_loss 0.00390677|val_loss 0.00142871
Epoch 371|time: 4.66s|train_loss 0.00322094|val_loss 0.00097258
Epoch 372|time: 4.57s|train_loss 0.00328751|val_loss 0.00074835
Epoch 373|time: 4.57s|train_loss 0.00309707|val_loss 0.00089694
Epoch 374|time: 4.71s|train_loss 0.00300316|val_loss 0.00064973
Epoch 375|time: 4.71s|train_loss 0.00302626|val_loss 0.00030549
Epoch 376|time: 4.57s|train_loss 0.00314004|val_loss 0.00050464
Epoch 377|time: 4.72s|train_loss 0.00289876|val_loss 0.00025846
Epoch 378|time: 4.61s|train_loss 0.00337129|val_loss 0.00281252
Epoch 379|time: 4.51s|train_loss 0.00390164|val_loss 0.00084585
Epoch 380|time: 4.60s|train_loss 0.00307555|val_loss 0.00050028
Epoch 381|time: 4.66s|train_loss 0.00290985|val_loss 0.00027253
Epoch 382|time: 4.66s|train_loss 0.00286026|val_loss 0.00022457
Epoch 383|time: 4.48s|train_loss 0.00318804|val_loss 0.00034817
Epoch 384|time: 4.60s|train_loss 0.00302659|val_loss 0.00087845
Epoch 385|time: 4.59s|train_loss 0.00315219|val_loss 0.00055815
Epoch 386|time: 4.50s|train_loss 0.00285479|val_loss 0.00018886
Epoch 387|time: 4.65s|train_loss 0.00275392|val_loss 0.00046483
Epoch 388|time: 4.44s|train_loss 0.00278223|val_loss 0.00125720
Epoch 389|time: 4.77s|train_loss 0.00318719|val_loss 0.00155836
Epoch 390|time: 4.50s|train_loss 0.00368064|val_loss 0.00293742
Epoch 391|time: 4.68s|train_loss 0.00355401|val_loss 0.00058832
Epoch 392|time: 4.57s|train_loss 0.00304886|val_loss 0.00118548
Epoch 393|time: 4.70s|train_loss 0.00301140|val_loss 0.00139030
Epoch 394|time: 4.47s|train_loss 0.00338100|val_loss 0.00032052
Epoch 395|time: 4.64s|train_loss 0.00305560|val_loss 0.00108843
Epoch 396|time: 4.59s|train_loss 0.00302686|val_loss 0.00034265
Epoch 397|time: 4.50s|train_loss 0.00275133|val_loss 0.00063369
Epoch 398|time: 4.46s|train_loss 0.00304433|val_loss 0.00038670
Epoch 399|time: 4.63s|train_loss 0.00281754|val_loss 0.00028338
Epoch 400|time: 4.53s|train_loss 0.00284067|val_loss 0.00048391
Epoch 401|time: 4.57s|train_loss 0.00330634|val_loss 0.00268231
Epoch 402|time: 4.77s|train_loss 0.00363935|val_loss 0.00086228
Epoch 403|time: 4.58s|train_loss 0.00319304|val_loss 0.00050147
Epoch 404|time: 4.73s|train_loss 0.00304152|val_loss 0.00027323
Epoch 405|time: 4.58s|train_loss 0.00296780|val_loss 0.00111831
Epoch 406|time: 4.59s|train_loss 0.00308754|val_loss 0.00067415
Epoch 407|time: 4.52s|train_loss 0.00367895|val_loss 0.00097480
Epoch 408|time: 4.57s|train_loss 0.00338643|val_loss 0.00150177
Epoch 409|time: 4.61s|train_loss 0.00319092|val_loss 0.00093399
Epoch 410|time: 4.47s|train_loss 0.00323653|val_loss 0.00118832
Epoch 411|time: 4.59s|train_loss 0.00305964|val_loss 0.00033827
Epoch 412|time: 4.57s|train_loss 0.00322977|val_loss 0.00052131
Epoch 413|time: 4.82s|train_loss 0.00419967|val_loss 0.00308377
Epoch 414|time: 4.51s|train_loss 0.00400705|val_loss 0.00201823
Epoch 415|time: 4.75s|train_loss 0.00360395|val_loss 0.00077789
Epoch 416|time: 4.51s|train_loss 0.00353392|val_loss 0.00136153
Epoch 417|time: 4.77s|train_loss 0.00369549|val_loss 0.00129505
Epoch 418|time: 4.60s|train_loss 0.00321964|val_loss 0.00095230
Epoch 419|time: 4.69s|train_loss 0.00319254|val_loss 0.00034892
Epoch 420|time: 4.54s|train_loss 0.00299536|val_loss 0.00100917
Epoch 421|time: 4.65s|train_loss 0.00327294|val_loss 0.00035020
Epoch 422|time: 4.54s|train_loss 0.00286395|val_loss 0.00032338
Epoch 423|time: 4.65s|train_loss 0.00284928|val_loss 0.00037649
Epoch 424|time: 4.70s|train_loss 0.00276772|val_loss 0.00027389
Epoch 425|time: 4.55s|train_loss 0.00272060|val_loss 0.00044191
Epoch 426|time: 4.67s|train_loss 0.00284015|val_loss 0.00028534
Epoch 427|time: 4.68s|train_loss 0.00372196|val_loss 0.00069991
Epoch 428|time: 4.86s|train_loss 0.00332654|val_loss 0.00111954
Epoch 429|time: 4.48s|train_loss 0.00311862|val_loss 0.00053981
Epoch 430|time: 4.74s|train_loss 0.00297503|val_loss 0.00062484
Epoch 431|time: 4.72s|train_loss 0.00301979|val_loss 0.00075839
Epoch 432|time: 4.83s|train_loss 0.00283583|val_loss 0.00063007
Epoch 433|time: 4.60s|train_loss 0.00274753|val_loss 0.00039829
Epoch 434|time: 4.58s|train_loss 0.00268747|val_loss 0.00085770
Epoch 435|time: 5.03s|train_loss 0.00303149|val_loss 0.00033845
Epoch 436|time: 5.64s|train_loss 0.00298485|val_loss 0.00063450
Epoch 437|time: 4.69s|train_loss 0.00290436|val_loss 0.00093380
Epoch 438|time: 4.49s|train_loss 0.00309116|val_loss 0.00032679
Epoch 439|time: 4.56s|train_loss 0.00304086|val_loss 0.00051628
Epoch 440|time: 4.68s|train_loss 0.00294108|val_loss 0.00096209
Epoch 441|time: 4.63s|train_loss 0.00292660|val_loss 0.00071749
Epoch 442|time: 4.59s|train_loss 0.00300881|val_loss 0.00061387
Epoch 443|time: 4.67s|train_loss 0.00271606|val_loss 0.00035451
Epoch 444|time: 4.64s|train_loss 0.00270947|val_loss 0.00026308
Epoch 445|time: 4.99s|train_loss 0.00305588|val_loss 0.00024661
Epoch 446|time: 4.54s|train_loss 0.00364131|val_loss 0.00042765
Epoch 447|time: 4.84s|train_loss 0.00324852|val_loss 0.00063222
Epoch 448|time: 4.55s|train_loss 0.00308316|val_loss 0.00131682
Epoch 449|time: 4.59s|train_loss 0.00316314|val_loss 0.00124148
Epoch 450|time: 4.57s|train_loss 0.00308294|val_loss 0.00032611
Epoch 451|time: 4.68s|train_loss 0.00313879|val_loss 0.00077601
Epoch 452|time: 4.59s|train_loss 0.00275364|val_loss 0.00034672
Epoch 453|time: 4.57s|train_loss 0.00270113|val_loss 0.00030844
Epoch 454|time: 4.57s|train_loss 0.00268294|val_loss 0.00088988
Epoch 455|time: 4.61s|train_loss 0.00300295|val_loss 0.00055477
Epoch 456|time: 4.77s|train_loss 0.00268794|val_loss 0.00029671
Epoch 457|time: 4.56s|train_loss 0.00275083|val_loss 0.00027492
Epoch 458|time: 4.69s|train_loss 0.00330433|val_loss 0.00152474
Epoch 459|time: 4.57s|train_loss 0.00348623|val_loss 0.00124073
Epoch 460|time: 4.77s|train_loss 0.00311137|val_loss 0.00077482
Epoch 461|time: 4.59s|train_loss 0.00290186|val_loss 0.00031611
Epoch 462|time: 4.69s|train_loss 0.00294462|val_loss 0.00030868
Epoch 463|time: 4.55s|train_loss 0.00266500|val_loss 0.00015994
Epoch 464|time: 4.78s|train_loss 0.00269919|val_loss 0.00056830
Epoch 465|time: 4.58s|train_loss 0.00294049|val_loss 0.00108378
Epoch 466|time: 4.67s|train_loss 0.00300614|val_loss 0.00137958
Epoch 467|time: 4.55s|train_loss 0.00321227|val_loss 0.00070918
Epoch 468|time: 4.68s|train_loss 0.00284940|val_loss 0.00040124
Epoch 469|time: 4.75s|train_loss 0.00307982|val_loss 0.00052648
Epoch 470|time: 4.60s|train_loss 0.00287932|val_loss 0.00037261
Epoch 471|time: 4.68s|train_loss 0.00270949|val_loss 0.00041465
Epoch 472|time: 4.66s|train_loss 0.00269768|val_loss 0.00034700
Epoch 473|time: 4.89s|train_loss 0.00260779|val_loss 0.00039264
Epoch 474|time: 4.57s|train_loss 0.00267195|val_loss 0.00067477
Epoch 475|time: 4.78s|train_loss 0.00273200|val_loss 0.00015435
Best validation epoch: 475 Tue May 23 01:18:11 2023
TEST MAE 0.2065 | std 0.0559 | RMSE 0.3066 | RMSEs 0.2956 | PCC 0.9506 | PCCs 0.9283 | R2 0.8944 | R2s 0.8368 | Var 0.8971 | Vars 0.8419 | Peak 0.1215
Epoch 476|time: 4.62s|train_loss 0.00273225|val_loss 0.00021399
Epoch 477|time: 4.77s|train_loss 0.00297923|val_loss 0.00042433
Epoch 478|time: 4.69s|train_loss 0.00307885|val_loss 0.00049292
Epoch 479|time: 4.82s|train_loss 0.00286660|val_loss 0.00089109
Epoch 480|time: 4.57s|train_loss 0.00293405|val_loss 0.00051856
Epoch 481|time: 4.72s|train_loss 0.00283770|val_loss 0.00044005
Epoch 482|time: 4.72s|train_loss 0.00268623|val_loss 0.00034790
Epoch 483|time: 4.71s|train_loss 0.00266900|val_loss 0.00028732
Epoch 484|time: 4.62s|train_loss 0.00266957|val_loss 0.00019212
Epoch 485|time: 4.84s|train_loss 0.00268090|val_loss 0.00052968
Epoch 486|time: 4.64s|train_loss 0.00262048|val_loss 0.00024341
Epoch 487|time: 4.82s|train_loss 0.00271262|val_loss 0.00016529
Epoch 488|time: 4.60s|train_loss 0.00303226|val_loss 0.00072359
Epoch 489|time: 4.64s|train_loss 0.00290082|val_loss 0.00032830
Epoch 490|time: 4.69s|train_loss 0.00287883|val_loss 0.00037111
Epoch 491|time: 4.68s|train_loss 0.00294793|val_loss 0.00060483
Epoch 492|time: 4.81s|train_loss 0.00283489|val_loss 0.00070409
Epoch 493|time: 4.61s|train_loss 0.00284249|val_loss 0.00094281
Epoch 494|time: 4.68s|train_loss 0.00286918|val_loss 0.00021163
Epoch 495|time: 4.61s|train_loss 0.00266789|val_loss 0.00015401
Best validation epoch: 495 Tue May 23 01:19:46 2023
TEST MAE 0.1995 | std 0.0520 | RMSE 0.2940 | RMSEs 0.2831 | PCC 0.9526 | PCCs 0.9298 | R2 0.9029 | R2s 0.8509 | Var 0.9058 | Vars 0.8557 | Peak 0.1180
Epoch 496|time: 4.61s|train_loss 0.00262950|val_loss 0.00059911
Epoch 497|time: 4.57s|train_loss 0.00266825|val_loss 0.00019139
Epoch 498|time: 4.85s|train_loss 0.00278654|val_loss 0.00056169
Epoch 499|time: 4.53s|train_loss 0.00299662|val_loss 0.00118239
Epoch 500|time: 4.64s|train_loss 0.00338720|val_loss 0.00121654
Final evaluation
TEST MAE 0.1995 | std 0.0520 | RMSE 0.2940 | RMSEs 0.2831 | PCC 0.9526 | PCCs 0.9298 | R2 0.9029 | R2s 0.8509 | Var 0.9058 | Vars 0.8557 | Peak 0.1180
