--------Parameters--------
Namespace(batch=32, bi=False, check_point=1, cuda=False, dataset='us_hhs', dropout=0.2, epilambda=1.0, epochs=500, gpu=3, hidsp=15, horizon=2, k=10, lamda=0.01, lr=0.1, model='cola_gnn_epi', mylog=False, n_hidden=20, n_layer=1, patience=200, rnn_model='RNN', save_dir='save', seed=42, shuffle=False, sim_mat='us_hhs-adj', test=0.2, train=0.6, val=0.2, weight_decay=0.0005, window=20)
--------------------------
data shape (364, 10)
size of train/val/test sets 197 73 73
#params: 5145
begin training
Epoch   1|time: 3.17s|train_loss 0.02205022|val_loss 0.00416487
Best validation epoch: 1 Tue May 23 11:41:06 2023
TEST MAE 5.9253 | std 1.7415 | RMSE 6.2211 | RMSEs 5.9708 | PCC -0.3279 | PCCs 0.3116 | R2 -42.4749 | R2s -67.4296 | Var -3.0362 | Vars 0.0817 | Peak 2.4417
Epoch   2|time: 3.29s|train_loss 0.01630034|val_loss 0.00718555
Epoch   3|time: 3.45s|train_loss 0.01309568|val_loss 0.00113673
Best validation epoch: 3 Tue May 23 11:41:13 2023
TEST MAE 1.2646 | std 0.3708 | RMSE 1.4276 | RMSEs 1.3743 | PCC 0.6628 | PCCs 0.5578 | R2 -1.2893 | R2s -2.7651 | Var 0.3237 | Vars 0.2991 | Peak 0.3234
Epoch   4|time: 3.21s|train_loss 0.01461109|val_loss 0.00208492
Epoch   5|time: 3.21s|train_loss 0.01154292|val_loss 0.00123727
Epoch   6|time: 3.34s|train_loss 0.01123438|val_loss 0.00057005
Best validation epoch: 6 Tue May 23 11:41:24 2023
TEST MAE 0.6079 | std 0.1665 | RMSE 0.8280 | RMSEs 0.7935 | PCC 0.4971 | PCCs -0.8589 | R2 0.2298 | R2s -0.1120 | Var 0.2423 | Vars -0.0130 | Peak 0.3387
Epoch   7|time: 3.20s|train_loss 0.00973641|val_loss 0.00082191
Epoch   8|time: 3.31s|train_loss 0.00945426|val_loss 0.00061217
Epoch   9|time: 3.18s|train_loss 0.00907487|val_loss 0.00078516
Epoch  10|time: 3.22s|train_loss 0.00868239|val_loss 0.00054079
Best validation epoch: 10 Tue May 23 11:41:38 2023
TEST MAE 0.6063 | std 0.2058 | RMSE 0.8770 | RMSEs 0.8298 | PCC 0.5102 | PCCs -0.8618 | R2 0.1360 | R2s -0.1968 | Var 0.2413 | Vars -0.0028 | Peak 0.4095
Epoch  11|time: 3.40s|train_loss 0.00891904|val_loss 0.00082118
Epoch  12|time: 3.18s|train_loss 0.00926405|val_loss 0.00074637
Epoch  13|time: 3.19s|train_loss 0.00838479|val_loss 0.00107089
Epoch  14|time: 3.30s|train_loss 0.00919807|val_loss 0.00063604
Epoch  15|time: 3.20s|train_loss 0.00986410|val_loss 0.00117570
Epoch  16|time: 3.53s|train_loss 0.00920685|val_loss 0.00126029
Epoch  17|time: 3.25s|train_loss 0.00922253|val_loss 0.00046191
Best validation epoch: 17 Tue May 23 11:42:02 2023
TEST MAE 0.4687 | std 0.1307 | RMSE 0.6878 | RMSEs 0.6522 | PCC 0.7206 | PCCs 0.6451 | R2 0.4686 | R2s 0.2545 | Var 0.4846 | Vars 0.3539 | Peak 0.2799
Epoch  18|time: 3.17s|train_loss 0.00904425|val_loss 0.00106929
Epoch  19|time: 3.19s|train_loss 0.00920360|val_loss 0.00042206
Best validation epoch: 19 Tue May 23 11:42:09 2023
TEST MAE 0.4352 | std 0.1047 | RMSE 0.5688 | RMSEs 0.5439 | PCC 0.8204 | PCCs 0.8441 | R2 0.6366 | R2s 0.4547 | Var 0.6467 | Vars 0.6150 | Peak 0.2038
Epoch  20|time: 3.28s|train_loss 0.00896434|val_loss 0.00156921
Epoch  21|time: 3.26s|train_loss 0.00891118|val_loss 0.00049394
Epoch  22|time: 3.23s|train_loss 0.00902617|val_loss 0.00155447
Epoch  23|time: 3.33s|train_loss 0.00876737|val_loss 0.00079151
Epoch  24|time: 3.20s|train_loss 0.00917403|val_loss 0.00095841
Epoch  25|time: 3.27s|train_loss 0.00906768|val_loss 0.00152269
Epoch  26|time: 3.36s|train_loss 0.00865375|val_loss 0.00082643
Epoch  27|time: 3.19s|train_loss 0.00849564|val_loss 0.00049837
Epoch  28|time: 3.19s|train_loss 0.00806560|val_loss 0.00164429
Epoch  29|time: 3.34s|train_loss 0.00939700|val_loss 0.00056631
Epoch  30|time: 3.20s|train_loss 0.00890484|val_loss 0.00063886
Epoch  31|time: 3.19s|train_loss 0.00823390|val_loss 0.00055905
Epoch  32|time: 3.19s|train_loss 0.00812347|val_loss 0.00043358
Epoch  33|time: 3.18s|train_loss 0.00799306|val_loss 0.00065229
Epoch  34|time: 3.39s|train_loss 0.00799888|val_loss 0.00099065
Epoch  35|time: 3.33s|train_loss 0.00819532|val_loss 0.00096354
Epoch  36|time: 3.20s|train_loss 0.00816404|val_loss 0.00044286
Epoch  37|time: 3.19s|train_loss 0.00801931|val_loss 0.00041858
Best validation epoch: 37 Tue May 23 11:43:08 2023
TEST MAE 0.4365 | std 0.2522 | RMSE 0.6451 | RMSEs 0.5709 | PCC 0.8217 | PCCs 0.8486 | R2 0.5326 | R2s 0.4499 | Var 0.6722 | Vars 0.6886 | Peak 0.2483
Epoch  38|time: 3.38s|train_loss 0.00747196|val_loss 0.00092790
Epoch  39|time: 3.18s|train_loss 0.00841126|val_loss 0.00070233
Epoch  40|time: 3.19s|train_loss 0.00819219|val_loss 0.00042705
Epoch  41|time: 3.28s|train_loss 0.00800590|val_loss 0.00067960
Epoch  42|time: 3.18s|train_loss 0.00844532|val_loss 0.00092541
Epoch  43|time: 3.27s|train_loss 0.00805850|val_loss 0.00082131
Epoch  44|time: 3.26s|train_loss 0.00770480|val_loss 0.00056758
Epoch  45|time: 3.19s|train_loss 0.00806801|val_loss 0.00090594
Epoch  46|time: 3.18s|train_loss 0.00848771|val_loss 0.00069009
Epoch  47|time: 3.26s|train_loss 0.00803991|val_loss 0.00040337
Best validation epoch: 47 Tue May 23 11:43:41 2023
TEST MAE 0.4174 | std 0.1645 | RMSE 0.6169 | RMSEs 0.5681 | PCC 0.7950 | PCCs 0.8072 | R2 0.5724 | R2s 0.4477 | Var 0.5882 | Vars 0.5469 | Peak 0.2449
Epoch  48|time: 3.29s|train_loss 0.00808924|val_loss 0.00037657
Best validation epoch: 48 Tue May 23 11:43:45 2023
TEST MAE 0.3681 | std 0.1615 | RMSE 0.5385 | RMSEs 0.4936 | PCC 0.8340 | PCCs 0.8623 | R2 0.6743 | R2s 0.5753 | Var 0.6885 | Vars 0.6738 | Peak 0.2016
Epoch  49|time: 3.19s|train_loss 0.00869888|val_loss 0.00071023
Epoch  50|time: 3.33s|train_loss 0.00746066|val_loss 0.00040496
Epoch  51|time: 3.17s|train_loss 0.00810755|val_loss 0.00055026
Epoch  52|time: 3.30s|train_loss 0.00751051|val_loss 0.00081006
Epoch  53|time: 3.35s|train_loss 0.00774988|val_loss 0.00043161
Epoch  54|time: 3.20s|train_loss 0.00742483|val_loss 0.00041275
Epoch  55|time: 3.18s|train_loss 0.00779615|val_loss 0.00038166
Epoch  56|time: 3.19s|train_loss 0.00749824|val_loss 0.00034400
Best validation epoch: 56 Tue May 23 11:44:12 2023
TEST MAE 0.3930 | std 0.1352 | RMSE 0.5520 | RMSEs 0.5213 | PCC 0.8365 | PCCs 0.8654 | R2 0.6577 | R2s 0.4709 | Var 0.6726 | Vars 0.6463 | Peak 0.2141
Epoch  57|time: 3.27s|train_loss 0.00787688|val_loss 0.00044476
Epoch  58|time: 3.18s|train_loss 0.00718176|val_loss 0.00046117
Epoch  59|time: 3.24s|train_loss 0.00708567|val_loss 0.00041201
Epoch  60|time: 3.19s|train_loss 0.00692144|val_loss 0.00036373
Epoch  61|time: 3.19s|train_loss 0.00692082|val_loss 0.00054280
Epoch  62|time: 3.32s|train_loss 0.00777172|val_loss 0.00043789
Epoch  63|time: 3.19s|train_loss 0.00731735|val_loss 0.00034184
Best validation epoch: 63 Tue May 23 11:44:35 2023
TEST MAE 0.3621 | std 0.1494 | RMSE 0.5366 | RMSEs 0.4921 | PCC 0.8257 | PCCs 0.8544 | R2 0.6766 | R2s 0.5706 | Var 0.6769 | Vars 0.6766 | Peak 0.2109
Epoch  64|time: 3.19s|train_loss 0.00732950|val_loss 0.00046333
Epoch  65|time: 3.30s|train_loss 0.00821702|val_loss 0.00093120
Epoch  66|time: 3.13s|train_loss 0.00783981|val_loss 0.00043451
Epoch  67|time: 3.11s|train_loss 0.00812005|val_loss 0.00100530
Epoch  68|time: 3.36s|train_loss 0.00791684|val_loss 0.00054852
Epoch  69|time: 3.12s|train_loss 0.00806288|val_loss 0.00096397
Epoch  70|time: 3.15s|train_loss 0.00856504|val_loss 0.00112710
Epoch  71|time: 3.25s|train_loss 0.00857923|val_loss 0.00041669
Epoch  72|time: 3.81s|train_loss 0.00747824|val_loss 0.00073324
Epoch  73|time: 3.40s|train_loss 0.00795346|val_loss 0.00079898
Epoch  74|time: 3.58s|train_loss 0.00766945|val_loss 0.00123633
Epoch  75|time: 3.24s|train_loss 0.00742303|val_loss 0.00096170
Epoch  76|time: 3.28s|train_loss 0.00761474|val_loss 0.00082229
Epoch  77|time: 3.30s|train_loss 0.00736235|val_loss 0.00088866
Epoch  78|time: 3.17s|train_loss 0.00755762|val_loss 0.00123054
Epoch  79|time: 3.18s|train_loss 0.00737188|val_loss 0.00062977
Epoch  80|time: 3.33s|train_loss 0.00697465|val_loss 0.00044637
Epoch  81|time: 3.18s|train_loss 0.00698578|val_loss 0.00045214
Epoch  82|time: 3.25s|train_loss 0.00806571|val_loss 0.00042740
Epoch  83|time: 3.27s|train_loss 0.00886177|val_loss 0.00037256
Epoch  84|time: 3.18s|train_loss 0.00754917|val_loss 0.00061154
Epoch  85|time: 3.18s|train_loss 0.00722272|val_loss 0.00050078
Epoch  86|time: 3.29s|train_loss 0.00778154|val_loss 0.00079993
Epoch  87|time: 3.29s|train_loss 0.00750131|val_loss 0.00149952
Epoch  88|time: 3.17s|train_loss 0.00833012|val_loss 0.00174908
Epoch  89|time: 3.19s|train_loss 0.00819677|val_loss 0.00174675
Epoch  90|time: 3.41s|train_loss 0.00848117|val_loss 0.00170784
Epoch  91|time: 3.17s|train_loss 0.00828341|val_loss 0.00110249
Epoch  92|time: 3.18s|train_loss 0.00831455|val_loss 0.00046298
Epoch  93|time: 3.26s|train_loss 0.00826860|val_loss 0.00102938
Epoch  94|time: 3.18s|train_loss 0.00767479|val_loss 0.00089118
Epoch  95|time: 3.26s|train_loss 0.00809047|val_loss 0.00079757
Epoch  96|time: 3.24s|train_loss 0.00807684|val_loss 0.00050417
Epoch  97|time: 3.21s|train_loss 0.00766242|val_loss 0.00035285
Epoch  98|time: 3.18s|train_loss 0.00829401|val_loss 0.00050040
Epoch  99|time: 3.25s|train_loss 0.00739941|val_loss 0.00049796
Epoch 100|time: 3.26s|train_loss 0.00727220|val_loss 0.00062221
Epoch 101|time: 3.27s|train_loss 0.00760042|val_loss 0.00058325
Epoch 102|time: 3.37s|train_loss 0.00775120|val_loss 0.00052234
Epoch 103|time: 3.20s|train_loss 0.00805247|val_loss 0.00068859
Epoch 104|time: 3.28s|train_loss 0.00973686|val_loss 0.00091392
Epoch 105|time: 3.19s|train_loss 0.00822689|val_loss 0.00038655
Epoch 106|time: 3.20s|train_loss 0.00878704|val_loss 0.00049300
Epoch 107|time: 3.26s|train_loss 0.00866331|val_loss 0.00070447
Epoch 108|time: 3.25s|train_loss 0.00933625|val_loss 0.00041450
Epoch 109|time: 3.29s|train_loss 0.00871203|val_loss 0.00036289
Epoch 110|time: 3.18s|train_loss 0.00777799|val_loss 0.00033268
Best validation epoch: 110 Tue May 23 11:47:09 2023
TEST MAE 0.3832 | std 0.1158 | RMSE 0.5187 | RMSEs 0.4928 | PCC 0.8461 | PCCs 0.8679 | R2 0.6978 | R2s 0.5396 | Var 0.7152 | Vars 0.7192 | Peak 0.1895
Epoch 111|time: 3.29s|train_loss 0.00865407|val_loss 0.00065296
Epoch 112|time: 3.18s|train_loss 0.00813089|val_loss 0.00054892
Epoch 113|time: 3.18s|train_loss 0.00831555|val_loss 0.00048868
Epoch 114|time: 3.20s|train_loss 0.00830578|val_loss 0.00116334
Epoch 115|time: 3.25s|train_loss 0.00790323|val_loss 0.00042909
Epoch 116|time: 3.19s|train_loss 0.00798446|val_loss 0.00114840
Epoch 117|time: 3.23s|train_loss 0.00766434|val_loss 0.00062178
Epoch 118|time: 3.27s|train_loss 0.00753098|val_loss 0.00089199
Epoch 119|time: 3.21s|train_loss 0.00796050|val_loss 0.00113918
Epoch 120|time: 3.27s|train_loss 0.00740128|val_loss 0.00100425
Epoch 121|time: 3.20s|train_loss 0.00770548|val_loss 0.00049682
Epoch 122|time: 3.19s|train_loss 0.00872603|val_loss 0.00044771
Epoch 123|time: 3.29s|train_loss 0.00768755|val_loss 0.00065033
Epoch 124|time: 3.22s|train_loss 0.00800896|val_loss 0.00034572
Epoch 125|time: 3.21s|train_loss 0.00880374|val_loss 0.00034843
Epoch 126|time: 3.27s|train_loss 0.00883382|val_loss 0.00202586
Epoch 127|time: 3.27s|train_loss 0.00808901|val_loss 0.00067667
Epoch 128|time: 3.20s|train_loss 0.00772050|val_loss 0.00064183
Epoch 129|time: 3.33s|train_loss 0.00703508|val_loss 0.00032710
Best validation epoch: 129 Tue May 23 11:48:11 2023
TEST MAE 0.3602 | std 0.1475 | RMSE 0.5193 | RMSEs 0.4822 | PCC 0.8466 | PCCs 0.8724 | R2 0.6971 | R2s 0.5839 | Var 0.7010 | Vars 0.6718 | Peak 0.1984
Epoch 130|time: 3.21s|train_loss 0.00686891|val_loss 0.00054777
Epoch 131|time: 3.21s|train_loss 0.00730636|val_loss 0.00064605
Epoch 132|time: 3.29s|train_loss 0.00697077|val_loss 0.00045896
Epoch 133|time: 3.29s|train_loss 0.00698103|val_loss 0.00033765
Epoch 134|time: 3.21s|train_loss 0.00747027|val_loss 0.00036651
Epoch 135|time: 3.28s|train_loss 0.00781461|val_loss 0.00060391
Epoch 136|time: 3.29s|train_loss 0.00726849|val_loss 0.00170723
Epoch 137|time: 3.28s|train_loss 0.00817431|val_loss 0.00131409
Epoch 138|time: 3.22s|train_loss 0.00781812|val_loss 0.00176142
Epoch 139|time: 3.36s|train_loss 0.00835758|val_loss 0.00144803
Epoch 140|time: 3.28s|train_loss 0.00810013|val_loss 0.00169380
Epoch 141|time: 3.27s|train_loss 0.00952702|val_loss 0.00147022
Epoch 142|time: 3.38s|train_loss 0.00864325|val_loss 0.00134917
Epoch 143|time: 3.28s|train_loss 0.00797921|val_loss 0.00063965
Epoch 144|time: 3.32s|train_loss 0.00751862|val_loss 0.00075190
Epoch 145|time: 3.35s|train_loss 0.00718628|val_loss 0.00037272
Epoch 146|time: 3.28s|train_loss 0.00713076|val_loss 0.00040929
Epoch 147|time: 3.36s|train_loss 0.00692415|val_loss 0.00057140
Epoch 148|time: 3.32s|train_loss 0.00749049|val_loss 0.00036561
Epoch 149|time: 3.29s|train_loss 0.00691942|val_loss 0.00035302
Epoch 150|time: 3.29s|train_loss 0.00681051|val_loss 0.00039125
Epoch 151|time: 3.51s|train_loss 0.00671323|val_loss 0.00036922
Epoch 152|time: 3.29s|train_loss 0.00686924|val_loss 0.00055288
Epoch 153|time: 3.27s|train_loss 0.00684789|val_loss 0.00045412
Epoch 154|time: 3.40s|train_loss 0.00710851|val_loss 0.00046907
Epoch 155|time: 3.39s|train_loss 0.00722360|val_loss 0.00055467
Epoch 156|time: 3.27s|train_loss 0.00723926|val_loss 0.00034694
Epoch 157|time: 3.34s|train_loss 0.00812001|val_loss 0.00066130
Epoch 158|time: 3.24s|train_loss 0.00785109|val_loss 0.00041558
Epoch 159|time: 3.24s|train_loss 0.00723725|val_loss 0.00043689
Epoch 160|time: 3.33s|train_loss 0.00785700|val_loss 0.00051929
Epoch 161|time: 3.33s|train_loss 0.00797833|val_loss 0.00031258
Best validation epoch: 161 Tue May 23 11:49:57 2023
TEST MAE 0.3632 | std 0.1414 | RMSE 0.5367 | RMSEs 0.4962 | PCC 0.8303 | PCCs 0.8614 | R2 0.6765 | R2s 0.5530 | Var 0.6768 | Vars 0.6695 | Peak 0.2098
Epoch 162|time: 3.23s|train_loss 0.00770832|val_loss 0.00096657
Epoch 163|time: 3.21s|train_loss 0.00771440|val_loss 0.00185007
Epoch 164|time: 3.19s|train_loss 0.00818849|val_loss 0.00214177
Epoch 165|time: 3.28s|train_loss 0.00815377|val_loss 0.00045604
Epoch 166|time: 3.19s|train_loss 0.00822565|val_loss 0.00171067
Epoch 167|time: 3.19s|train_loss 0.00809511|val_loss 0.00137832
Epoch 168|time: 3.20s|train_loss 0.00767411|val_loss 0.00059842
Epoch 169|time: 3.33s|train_loss 0.00673384|val_loss 0.00047524
Epoch 170|time: 3.21s|train_loss 0.00674775|val_loss 0.00038837
Epoch 171|time: 3.20s|train_loss 0.00694647|val_loss 0.00034399
Epoch 172|time: 3.24s|train_loss 0.00661214|val_loss 0.00051237
Epoch 173|time: 3.19s|train_loss 0.00685610|val_loss 0.00115368
Epoch 174|time: 3.28s|train_loss 0.00734363|val_loss 0.00037288
Epoch 175|time: 3.29s|train_loss 0.00714673|val_loss 0.00042032
Epoch 176|time: 3.19s|train_loss 0.00687961|val_loss 0.00083547
Epoch 177|time: 3.18s|train_loss 0.00700119|val_loss 0.00047520
Epoch 178|time: 3.19s|train_loss 0.00648932|val_loss 0.00040263
Epoch 179|time: 3.26s|train_loss 0.00630536|val_loss 0.00053760
Epoch 180|time: 3.26s|train_loss 0.00735253|val_loss 0.00041856
Epoch 181|time: 3.35s|train_loss 0.00691566|val_loss 0.00086069
Epoch 182|time: 3.19s|train_loss 0.00683844|val_loss 0.00103560
Epoch 183|time: 3.27s|train_loss 0.00659080|val_loss 0.00112724
Epoch 184|time: 3.26s|train_loss 0.00638850|val_loss 0.00037726
Epoch 185|time: 3.20s|train_loss 0.00631944|val_loss 0.00069606
Epoch 186|time: 3.20s|train_loss 0.00823108|val_loss 0.00085750
Epoch 187|time: 3.44s|train_loss 0.00785788|val_loss 0.00130884
Epoch 188|time: 3.20s|train_loss 0.00787410|val_loss 0.00117297
Epoch 189|time: 3.20s|train_loss 0.00823718|val_loss 0.00162500
Epoch 190|time: 3.31s|train_loss 0.00806083|val_loss 0.00043579
Epoch 191|time: 3.19s|train_loss 0.00731898|val_loss 0.00043854
Epoch 192|time: 3.18s|train_loss 0.00831042|val_loss 0.00036296
Epoch 193|time: 3.31s|train_loss 0.00781088|val_loss 0.00031343
Epoch 194|time: 3.19s|train_loss 0.00765502|val_loss 0.00030118
Best validation epoch: 194 Tue May 23 11:51:45 2023
TEST MAE 0.3374 | std 0.1100 | RMSE 0.4879 | RMSEs 0.4602 | PCC 0.8657 | PCCs 0.8679 | R2 0.7326 | R2s 0.6057 | Var 0.7440 | Vars 0.7127 | Peak 0.1878
Epoch 195|time: 3.19s|train_loss 0.00719127|val_loss 0.00134108
Epoch 196|time: 3.34s|train_loss 0.00774050|val_loss 0.00095732
Epoch 197|time: 3.20s|train_loss 0.00780890|val_loss 0.00164949
Epoch 198|time: 3.19s|train_loss 0.00807745|val_loss 0.00161343
Epoch 199|time: 3.23s|train_loss 0.00735082|val_loss 0.00058570
Epoch 200|time: 3.20s|train_loss 0.00676605|val_loss 0.00046844
Epoch 201|time: 3.30s|train_loss 0.00689598|val_loss 0.00031199
Epoch 202|time: 3.20s|train_loss 0.00687914|val_loss 0.00061674
Epoch 203|time: 3.20s|train_loss 0.00698207|val_loss 0.00116039
Epoch 204|time: 3.20s|train_loss 0.00752296|val_loss 0.00078981
Epoch 205|time: 3.19s|train_loss 0.00752971|val_loss 0.00049035
Epoch 206|time: 3.37s|train_loss 0.00701894|val_loss 0.00118449
Epoch 207|time: 3.20s|train_loss 0.00671614|val_loss 0.00053186
Epoch 208|time: 3.19s|train_loss 0.00680002|val_loss 0.00072845
Epoch 209|time: 3.27s|train_loss 0.00721942|val_loss 0.00035393
Epoch 210|time: 3.19s|train_loss 0.00637123|val_loss 0.00037149
Epoch 211|time: 3.30s|train_loss 0.00712322|val_loss 0.00041683
Epoch 212|time: 3.28s|train_loss 0.00739104|val_loss 0.00059781
Epoch 213|time: 3.18s|train_loss 0.00672846|val_loss 0.00054477
Epoch 214|time: 3.19s|train_loss 0.00707722|val_loss 0.00029895
Best validation epoch: 214 Tue May 23 11:52:50 2023
TEST MAE 0.3389 | std 0.1627 | RMSE 0.4988 | RMSEs 0.4550 | PCC 0.8920 | PCCs 0.8910 | R2 0.7205 | R2s 0.6495 | Var 0.7938 | Vars 0.7668 | Peak 0.1976
Epoch 215|time: 3.49s|train_loss 0.00756841|val_loss 0.00026685
Best validation epoch: 215 Tue May 23 11:52:55 2023
TEST MAE 0.3608 | std 0.1507 | RMSE 0.5582 | RMSEs 0.5176 | PCC 0.8917 | PCCs 0.8644 | R2 0.6500 | R2s 0.5421 | Var 0.7460 | Vars 0.6903 | Peak 0.2480
Epoch 216|time: 3.18s|train_loss 0.00696299|val_loss 0.00025722
Best validation epoch: 216 Tue May 23 11:52:58 2023
TEST MAE 0.3560 | std 0.1333 | RMSE 0.5501 | RMSEs 0.5165 | PCC 0.8967 | PCCs 0.8609 | R2 0.6600 | R2s 0.5404 | Var 0.7416 | Vars 0.6663 | Peak 0.2471
Epoch 217|time: 3.83s|train_loss 0.00668560|val_loss 0.00020785
Best validation epoch: 217 Tue May 23 11:53:03 2023
TEST MAE 0.2810 | std 0.0952 | RMSE 0.4172 | RMSEs 0.3965 | PCC 0.9026 | PCCs 0.8673 | R2 0.8045 | R2s 0.7236 | Var 0.8147 | Vars 0.7418 | Peak 0.1794
Epoch 218|time: 3.18s|train_loss 0.00729199|val_loss 0.00023158
Epoch 219|time: 3.20s|train_loss 0.00710809|val_loss 0.00078185
Epoch 220|time: 3.37s|train_loss 0.00731799|val_loss 0.00037465
Epoch 221|time: 3.20s|train_loss 0.00791331|val_loss 0.00079990
Epoch 222|time: 3.34s|train_loss 0.00755684|val_loss 0.00062099
Epoch 223|time: 3.32s|train_loss 0.00748813|val_loss 0.00076147
Epoch 224|time: 3.20s|train_loss 0.00815206|val_loss 0.00133735
Epoch 225|time: 3.20s|train_loss 0.00771532|val_loss 0.00124055
Epoch 226|time: 3.39s|train_loss 0.00755866|val_loss 0.00101377
Epoch 227|time: 3.30s|train_loss 0.00761308|val_loss 0.00126692
Epoch 228|time: 3.22s|train_loss 0.00775086|val_loss 0.00139972
Epoch 229|time: 3.39s|train_loss 0.00796945|val_loss 0.00038312
Epoch 230|time: 3.22s|train_loss 0.00784308|val_loss 0.00057834
Epoch 231|time: 3.31s|train_loss 0.00901684|val_loss 0.00081866
Epoch 232|time: 3.39s|train_loss 0.00810666|val_loss 0.00117520
Epoch 233|time: 3.23s|train_loss 0.00829423|val_loss 0.00168111
Epoch 234|time: 3.24s|train_loss 0.00778140|val_loss 0.00053907
Epoch 235|time: 3.71s|train_loss 0.00718456|val_loss 0.00051493
Epoch 236|time: 3.28s|train_loss 0.00706430|val_loss 0.00054346
Epoch 237|time: 3.26s|train_loss 0.00684468|val_loss 0.00039489
Epoch 238|time: 3.30s|train_loss 0.00675894|val_loss 0.00040675
Epoch 239|time: 3.30s|train_loss 0.00707089|val_loss 0.00032665
Epoch 240|time: 3.29s|train_loss 0.00691678|val_loss 0.00036116
Epoch 241|time: 3.50s|train_loss 0.00715215|val_loss 0.00034619
Epoch 242|time: 3.36s|train_loss 0.00671287|val_loss 0.00028158
Epoch 243|time: 3.35s|train_loss 0.00665886|val_loss 0.00037895
Epoch 244|time: 3.44s|train_loss 0.00669501|val_loss 0.00134752
Epoch 245|time: 3.48s|train_loss 0.00713950|val_loss 0.00024146
Epoch 246|time: 3.39s|train_loss 0.00648760|val_loss 0.00107153
Epoch 247|time: 3.53s|train_loss 0.00696646|val_loss 0.00062837
Epoch 248|time: 3.40s|train_loss 0.00715844|val_loss 0.00022673
Epoch 249|time: 3.50s|train_loss 0.00716280|val_loss 0.00096360
Epoch 250|time: 3.53s|train_loss 0.00803731|val_loss 0.00087932
Epoch 251|time: 3.40s|train_loss 0.00791466|val_loss 0.00044950
Epoch 252|time: 3.58s|train_loss 0.00788607|val_loss 0.00034997
Epoch 253|time: 3.41s|train_loss 0.00708997|val_loss 0.00059478
Epoch 254|time: 3.41s|train_loss 0.00772115|val_loss 0.00031582
Epoch 255|time: 3.50s|train_loss 0.00756633|val_loss 0.00073857
Epoch 256|time: 3.52s|train_loss 0.00695708|val_loss 0.00066638
Epoch 257|time: 3.40s|train_loss 0.00685223|val_loss 0.00058896
Epoch 258|time: 3.45s|train_loss 0.00667990|val_loss 0.00030763
Epoch 259|time: 3.52s|train_loss 0.00689153|val_loss 0.00077269
Epoch 260|time: 3.41s|train_loss 0.00705805|val_loss 0.00063515
Epoch 261|time: 3.46s|train_loss 0.00707979|val_loss 0.00043926
Epoch 262|time: 3.43s|train_loss 0.00667584|val_loss 0.00071144
Epoch 263|time: 3.49s|train_loss 0.00665880|val_loss 0.00033295
Epoch 264|time: 3.43s|train_loss 0.00670258|val_loss 0.00034150
Epoch 265|time: 3.44s|train_loss 0.00703536|val_loss 0.00038002
Epoch 266|time: 3.44s|train_loss 0.00665846|val_loss 0.00026121
Epoch 267|time: 3.49s|train_loss 0.00668192|val_loss 0.00032015
Epoch 268|time: 3.52s|train_loss 0.00711619|val_loss 0.00038678
Epoch 269|time: 3.43s|train_loss 0.00682851|val_loss 0.00065253
Epoch 270|time: 3.56s|train_loss 0.00723362|val_loss 0.00065616
Epoch 271|time: 3.41s|train_loss 0.00661394|val_loss 0.00024403
Epoch 272|time: 3.42s|train_loss 0.00794988|val_loss 0.00054647
Epoch 273|time: 3.49s|train_loss 0.00943529|val_loss 0.00080429
Epoch 274|time: 3.41s|train_loss 0.00839276|val_loss 0.00060298
Epoch 275|time: 3.42s|train_loss 0.00821087|val_loss 0.00062644
Epoch 276|time: 3.50s|train_loss 0.00697145|val_loss 0.00049655
Epoch 277|time: 3.51s|train_loss 0.00673050|val_loss 0.00035362
Epoch 278|time: 3.42s|train_loss 0.00669061|val_loss 0.00022416
Epoch 279|time: 3.41s|train_loss 0.00675696|val_loss 0.00058713
Epoch 280|time: 3.41s|train_loss 0.00699036|val_loss 0.00066412
Epoch 281|time: 3.41s|train_loss 0.00670119|val_loss 0.00059939
Epoch 282|time: 3.67s|train_loss 0.00714538|val_loss 0.00025382
Epoch 283|time: 3.42s|train_loss 0.00657406|val_loss 0.00046011
Epoch 284|time: 3.44s|train_loss 0.00644126|val_loss 0.00114310
Epoch 285|time: 3.45s|train_loss 0.00700573|val_loss 0.00074651
Epoch 286|time: 3.42s|train_loss 0.00723097|val_loss 0.00059641
Epoch 287|time: 3.83s|train_loss 0.00667238|val_loss 0.00025369
Epoch 288|time: 3.41s|train_loss 0.00704544|val_loss 0.00046638
Epoch 289|time: 3.41s|train_loss 0.00752940|val_loss 0.00084705
Epoch 290|time: 3.58s|train_loss 0.00754483|val_loss 0.00135965
Epoch 291|time: 3.49s|train_loss 0.00768537|val_loss 0.00063925
Epoch 292|time: 3.41s|train_loss 0.00775609|val_loss 0.00029275
Epoch 293|time: 3.44s|train_loss 0.00709957|val_loss 0.00025071
Epoch 294|time: 3.44s|train_loss 0.00816904|val_loss 0.00045155
Epoch 295|time: 3.51s|train_loss 0.00864427|val_loss 0.00066412
Epoch 296|time: 3.53s|train_loss 0.00751907|val_loss 0.00083491
Epoch 297|time: 3.42s|train_loss 0.00704089|val_loss 0.00029714
Epoch 298|time: 3.42s|train_loss 0.00711122|val_loss 0.00043789
Epoch 299|time: 3.52s|train_loss 0.00737077|val_loss 0.00043387
Epoch 300|time: 3.42s|train_loss 0.00703481|val_loss 0.00024432
Epoch 301|time: 3.50s|train_loss 0.00720244|val_loss 0.00033423
Epoch 302|time: 3.51s|train_loss 0.00767477|val_loss 0.00143908
Epoch 303|time: 3.45s|train_loss 0.00778596|val_loss 0.00035021
Epoch 304|time: 3.52s|train_loss 0.00785984|val_loss 0.00106223
Epoch 305|time: 3.55s|train_loss 0.00821200|val_loss 0.00087283
Epoch 306|time: 3.42s|train_loss 0.00779924|val_loss 0.00097756
Epoch 307|time: 3.56s|train_loss 0.00703038|val_loss 0.00080319
Epoch 308|time: 3.38s|train_loss 0.00698263|val_loss 0.00097612
Epoch 309|time: 3.44s|train_loss 0.00704556|val_loss 0.00039424
Epoch 310|time: 3.48s|train_loss 0.00678844|val_loss 0.00074156
Epoch 311|time: 3.35s|train_loss 0.00704361|val_loss 0.00080171
Epoch 312|time: 3.35s|train_loss 0.00681058|val_loss 0.00026491
Epoch 313|time: 3.48s|train_loss 0.00681922|val_loss 0.00098897
Epoch 314|time: 3.35s|train_loss 0.00726299|val_loss 0.00192006
Epoch 315|time: 3.43s|train_loss 0.00730634|val_loss 0.00120607
Epoch 316|time: 3.47s|train_loss 0.00700808|val_loss 0.00093539
Epoch 317|time: 3.35s|train_loss 0.00804527|val_loss 0.00036318
Epoch 318|time: 3.37s|train_loss 0.00760155|val_loss 0.00090894
Epoch 319|time: 3.51s|train_loss 0.00739392|val_loss 0.00073745
Epoch 320|time: 3.35s|train_loss 0.00708447|val_loss 0.00065740
Epoch 321|time: 3.37s|train_loss 0.00672353|val_loss 0.00054933
Epoch 322|time: 3.63s|train_loss 0.00645209|val_loss 0.00038998
Epoch 323|time: 3.51s|train_loss 0.00642384|val_loss 0.00023679
Epoch 324|time: 3.42s|train_loss 0.00651454|val_loss 0.00118955
Epoch 325|time: 3.61s|train_loss 0.00674801|val_loss 0.00036913
Epoch 326|time: 3.44s|train_loss 0.00619136|val_loss 0.00042765
Epoch 327|time: 3.45s|train_loss 0.00645909|val_loss 0.00038438
Epoch 328|time: 3.60s|train_loss 0.00628570|val_loss 0.00031449
Epoch 329|time: 3.44s|train_loss 0.00678786|val_loss 0.00050969
Epoch 330|time: 3.43s|train_loss 0.00797587|val_loss 0.00060349
Epoch 331|time: 3.44s|train_loss 0.00792168|val_loss 0.00038179
Epoch 332|time: 3.43s|train_loss 0.00741424|val_loss 0.00040421
Epoch 333|time: 3.51s|train_loss 0.00699494|val_loss 0.00075382
Epoch 334|time: 3.49s|train_loss 0.00713860|val_loss 0.00038533
Epoch 335|time: 3.43s|train_loss 0.00676988|val_loss 0.00078392
Epoch 336|time: 3.45s|train_loss 0.00642042|val_loss 0.00042678
Epoch 337|time: 3.53s|train_loss 0.00665523|val_loss 0.00057597
Epoch 338|time: 3.45s|train_loss 0.00734735|val_loss 0.00037349
Epoch 339|time: 3.65s|train_loss 0.00689985|val_loss 0.00039228
Epoch 340|time: 3.77s|train_loss 0.00674903|val_loss 0.00031988
Epoch 341|time: 3.48s|train_loss 0.00670856|val_loss 0.00020864
Epoch 342|time: 3.59s|train_loss 0.00683055|val_loss 0.00031325
Epoch 343|time: 3.43s|train_loss 0.00746486|val_loss 0.00123006
Epoch 344|time: 3.45s|train_loss 0.00775456|val_loss 0.00109120
Epoch 345|time: 3.53s|train_loss 0.00734543|val_loss 0.00066494
Epoch 346|time: 3.43s|train_loss 0.00675637|val_loss 0.00043792
Epoch 347|time: 3.51s|train_loss 0.00640504|val_loss 0.00126503
Epoch 348|time: 3.54s|train_loss 0.00790608|val_loss 0.00088074
Epoch 349|time: 3.43s|train_loss 0.00699256|val_loss 0.00085029
Epoch 350|time: 3.44s|train_loss 0.00722057|val_loss 0.00107459
Epoch 351|time: 3.58s|train_loss 0.00714120|val_loss 0.00159071
Epoch 352|time: 3.43s|train_loss 0.00727326|val_loss 0.00179140
Epoch 353|time: 3.44s|train_loss 0.00781137|val_loss 0.00188044
Epoch 354|time: 3.44s|train_loss 0.00794186|val_loss 0.00063687
Epoch 355|time: 3.51s|train_loss 0.00709604|val_loss 0.00091526
Epoch 356|time: 3.47s|train_loss 0.00727229|val_loss 0.00049275
Epoch 357|time: 3.44s|train_loss 0.00694069|val_loss 0.00025146
Epoch 358|time: 3.44s|train_loss 0.00702505|val_loss 0.00087031
Epoch 359|time: 3.51s|train_loss 0.00770504|val_loss 0.00039032
Epoch 360|time: 3.44s|train_loss 0.00741376|val_loss 0.00127082
Epoch 361|time: 3.52s|train_loss 0.00734801|val_loss 0.00073887
Epoch 362|time: 3.45s|train_loss 0.00671471|val_loss 0.00040190
Epoch 363|time: 3.46s|train_loss 0.00669005|val_loss 0.00071758
Epoch 364|time: 3.44s|train_loss 0.00699351|val_loss 0.00063585
Epoch 365|time: 3.58s|train_loss 0.00758424|val_loss 0.00038264
Epoch 366|time: 3.43s|train_loss 0.00778049|val_loss 0.00028093
Epoch 367|time: 3.44s|train_loss 0.00718582|val_loss 0.00061588
Epoch 368|time: 3.53s|train_loss 0.00712574|val_loss 0.00062607
Epoch 369|time: 3.52s|train_loss 0.00709842|val_loss 0.00057319
Epoch 370|time: 3.43s|train_loss 0.00660433|val_loss 0.00021365
Epoch 371|time: 3.56s|train_loss 0.00689628|val_loss 0.00077639
Epoch 372|time: 3.44s|train_loss 0.00688303|val_loss 0.00039845
Epoch 373|time: 3.45s|train_loss 0.00679271|val_loss 0.00072772
Epoch 374|time: 3.67s|train_loss 0.00646662|val_loss 0.00087713
Epoch 375|time: 3.56s|train_loss 0.00713689|val_loss 0.00055034
Epoch 376|time: 3.43s|train_loss 0.00643185|val_loss 0.00038572
Epoch 377|time: 3.53s|train_loss 0.00660524|val_loss 0.00021800
Epoch 378|time: 3.43s|train_loss 0.00656438|val_loss 0.00064624
Epoch 379|time: 3.53s|train_loss 0.00640183|val_loss 0.00052860
Epoch 380|time: 3.43s|train_loss 0.00607275|val_loss 0.00024885
Epoch 381|time: 3.44s|train_loss 0.00645321|val_loss 0.00024396
Epoch 382|time: 3.45s|train_loss 0.00636380|val_loss 0.00061539
Epoch 383|time: 3.51s|train_loss 0.00645869|val_loss 0.00058018
Epoch 384|time: 3.44s|train_loss 0.00655802|val_loss 0.00045438
Epoch 385|time: 3.57s|train_loss 0.00759970|val_loss 0.00085796
Epoch 386|time: 3.46s|train_loss 0.00660453|val_loss 0.00090699
Epoch 387|time: 3.43s|train_loss 0.00673484|val_loss 0.00066134
Epoch 388|time: 3.56s|train_loss 0.00641659|val_loss 0.00044782
Epoch 389|time: 3.44s|train_loss 0.00625010|val_loss 0.00036524
Epoch 390|time: 3.45s|train_loss 0.00643916|val_loss 0.00059955
Epoch 391|time: 3.53s|train_loss 0.00617576|val_loss 0.00089896
Epoch 392|time: 3.36s|train_loss 0.00637874|val_loss 0.00038902
Epoch 393|time: 3.45s|train_loss 0.00638542|val_loss 0.00027214
Epoch 394|time: 3.45s|train_loss 0.00657222|val_loss 0.00050645
Epoch 395|time: 3.37s|train_loss 0.00648379|val_loss 0.00063349
Epoch 396|time: 3.37s|train_loss 0.00686799|val_loss 0.00048718
Epoch 397|time: 3.57s|train_loss 0.00740217|val_loss 0.00070205
Epoch 398|time: 3.36s|train_loss 0.00638381|val_loss 0.00038051
Epoch 399|time: 3.35s|train_loss 0.00610532|val_loss 0.00040309
Epoch 400|time: 3.45s|train_loss 0.00602701|val_loss 0.00081448
Epoch 401|time: 3.35s|train_loss 0.00637693|val_loss 0.00027311
Epoch 402|time: 3.44s|train_loss 0.00615639|val_loss 0.00020375
Best validation epoch: 402 Tue May 23 12:03:41 2023
TEST MAE 0.2778 | std 0.0846 | RMSE 0.4107 | RMSEs 0.3946 | PCC 0.9082 | PCCs 0.8659 | R2 0.8105 | R2s 0.7207 | Var 0.8237 | Vars 0.7412 | Peak 0.1742
Epoch 403|time: 3.36s|train_loss 0.00816500|val_loss 0.00020457
Epoch 404|time: 3.36s|train_loss 0.00714927|val_loss 0.00021056
Epoch 405|time: 3.47s|train_loss 0.00833149|val_loss 0.00035846
Epoch 406|time: 3.35s|train_loss 0.00746108|val_loss 0.00081898
Epoch 407|time: 3.38s|train_loss 0.00720844|val_loss 0.00085931
Epoch 408|time: 3.66s|train_loss 0.00708080|val_loss 0.00081585
Epoch 409|time: 3.36s|train_loss 0.00660195|val_loss 0.00041010
Epoch 410|time: 3.36s|train_loss 0.00633783|val_loss 0.00026975
Epoch 411|time: 3.62s|train_loss 0.00645296|val_loss 0.00035936
Epoch 412|time: 3.37s|train_loss 0.00669165|val_loss 0.00032633
Epoch 413|time: 3.36s|train_loss 0.00607218|val_loss 0.00025331
Epoch 414|time: 3.62s|train_loss 0.00634975|val_loss 0.00022598
Epoch 415|time: 3.37s|train_loss 0.00635495|val_loss 0.00086397
Epoch 416|time: 3.43s|train_loss 0.00634287|val_loss 0.00022398
Epoch 417|time: 3.47s|train_loss 0.00631336|val_loss 0.00072170
Epoch 418|time: 3.37s|train_loss 0.00603522|val_loss 0.00029134
Epoch 419|time: 3.36s|train_loss 0.00623336|val_loss 0.00062976
Epoch 420|time: 3.50s|train_loss 0.00613929|val_loss 0.00062357
Epoch 421|time: 3.44s|train_loss 0.00702471|val_loss 0.00068184
Epoch 422|time: 3.56s|train_loss 0.00634819|val_loss 0.00036704
Epoch 423|time: 3.62s|train_loss 0.00619676|val_loss 0.00044947
Epoch 424|time: 3.45s|train_loss 0.00655197|val_loss 0.00038677
Epoch 425|time: 3.48s|train_loss 0.00606079|val_loss 0.00035134
Epoch 426|time: 3.95s|train_loss 0.00592681|val_loss 0.00026452
Epoch 427|time: 3.47s|train_loss 0.00647228|val_loss 0.00024797
Epoch 428|time: 3.56s|train_loss 0.00655301|val_loss 0.00057678
Epoch 429|time: 3.45s|train_loss 0.00616436|val_loss 0.00058848
Epoch 430|time: 3.53s|train_loss 0.00656431|val_loss 0.00078944
Epoch 431|time: 3.64s|train_loss 0.00793332|val_loss 0.00053114
Epoch 432|time: 3.45s|train_loss 0.00776059|val_loss 0.00068471
Epoch 433|time: 3.45s|train_loss 0.00771784|val_loss 0.00072881
Epoch 434|time: 3.59s|train_loss 0.00842351|val_loss 0.00071608
Epoch 435|time: 3.44s|train_loss 0.00748024|val_loss 0.00022237
Epoch 436|time: 3.53s|train_loss 0.00699036|val_loss 0.00023201
Epoch 437|time: 3.53s|train_loss 0.00714320|val_loss 0.00030779
Epoch 438|time: 3.44s|train_loss 0.00698135|val_loss 0.00021929
Epoch 439|time: 3.45s|train_loss 0.00686162|val_loss 0.00063646
Epoch 440|time: 3.59s|train_loss 0.00727999|val_loss 0.00101125
Epoch 441|time: 3.46s|train_loss 0.00754247|val_loss 0.00034991
Epoch 442|time: 3.46s|train_loss 0.00742243|val_loss 0.00055477
Epoch 443|time: 3.83s|train_loss 0.00710860|val_loss 0.00066114
Epoch 444|time: 3.53s|train_loss 0.00752126|val_loss 0.00022546
Epoch 445|time: 3.54s|train_loss 0.00720350|val_loss 0.00111656
Epoch 446|time: 3.44s|train_loss 0.00774490|val_loss 0.00048152
Epoch 447|time: 3.47s|train_loss 0.00757075|val_loss 0.00057069
Epoch 448|time: 3.56s|train_loss 0.00688966|val_loss 0.00076724
Epoch 449|time: 3.62s|train_loss 0.00697891|val_loss 0.00059589
Epoch 450|time: 3.45s|train_loss 0.00699936|val_loss 0.00066468
Epoch 451|time: 3.54s|train_loss 0.00721766|val_loss 0.00048465
Epoch 452|time: 3.44s|train_loss 0.00662402|val_loss 0.00069159
Epoch 453|time: 3.45s|train_loss 0.00678253|val_loss 0.00022378
Epoch 454|time: 3.64s|train_loss 0.00650256|val_loss 0.00035991
Epoch 455|time: 3.44s|train_loss 0.00653522|val_loss 0.00043655
Epoch 456|time: 3.44s|train_loss 0.00691890|val_loss 0.00064764
Epoch 457|time: 3.53s|train_loss 0.00715696|val_loss 0.00032555
Epoch 458|time: 3.55s|train_loss 0.00678907|val_loss 0.00044214
Epoch 459|time: 3.47s|train_loss 0.00676874|val_loss 0.00030649
Epoch 460|time: 3.76s|train_loss 0.00669734|val_loss 0.00058766
Epoch 461|time: 3.44s|train_loss 0.00642079|val_loss 0.00044393
Epoch 462|time: 3.47s|train_loss 0.00683355|val_loss 0.00023678
Epoch 463|time: 3.56s|train_loss 0.00650661|val_loss 0.00027705
Epoch 464|time: 3.46s|train_loss 0.00636783|val_loss 0.00032973
Epoch 465|time: 3.47s|train_loss 0.00691988|val_loss 0.00045325
Epoch 466|time: 3.47s|train_loss 0.00712747|val_loss 0.00023088
Epoch 467|time: 3.45s|train_loss 0.00796366|val_loss 0.00034676
Epoch 468|time: 3.57s|train_loss 0.00748885|val_loss 0.00042921
Epoch 469|time: 3.45s|train_loss 0.00708094|val_loss 0.00022750
Epoch 470|time: 3.45s|train_loss 0.00735105|val_loss 0.00043085
Epoch 471|time: 3.59s|train_loss 0.00705365|val_loss 0.00022790
Epoch 472|time: 3.53s|train_loss 0.00665255|val_loss 0.00033349
Epoch 473|time: 3.45s|train_loss 0.00683939|val_loss 0.00037970
Epoch 474|time: 3.45s|train_loss 0.00728907|val_loss 0.00079326
Epoch 475|time: 3.46s|train_loss 0.00836373|val_loss 0.00070679
Epoch 476|time: 3.60s|train_loss 0.00811454|val_loss 0.00052366
Epoch 477|time: 3.73s|train_loss 0.00904462|val_loss 0.00046529
Epoch 478|time: 3.47s|train_loss 0.00777926|val_loss 0.00067517
Epoch 479|time: 3.46s|train_loss 0.00790141|val_loss 0.00070418
Epoch 480|time: 3.58s|train_loss 0.00777382|val_loss 0.00044481
Epoch 481|time: 3.45s|train_loss 0.00796637|val_loss 0.00090651
Epoch 482|time: 3.63s|train_loss 0.00723391|val_loss 0.00026824
Epoch 483|time: 3.45s|train_loss 0.00796636|val_loss 0.00060239
Epoch 484|time: 3.46s|train_loss 0.00732215|val_loss 0.00038941
Epoch 485|time: 3.64s|train_loss 0.00715374|val_loss 0.00056609
Epoch 486|time: 3.54s|train_loss 0.00767519|val_loss 0.00040889
Epoch 487|time: 3.46s|train_loss 0.00804955|val_loss 0.00137485
Epoch 488|time: 3.55s|train_loss 0.00769578|val_loss 0.00053576
Epoch 489|time: 3.47s|train_loss 0.00730134|val_loss 0.00075757
Epoch 490|time: 3.54s|train_loss 0.00730997|val_loss 0.00074148
Epoch 491|time: 3.69s|train_loss 0.00744028|val_loss 0.00057274
Epoch 492|time: 3.49s|train_loss 0.00733892|val_loss 0.00109887
Epoch 493|time: 3.48s|train_loss 0.00753816|val_loss 0.00122420
Epoch 494|time: 3.93s|train_loss 0.00721581|val_loss 0.00062787
Epoch 495|time: 3.47s|train_loss 0.00764866|val_loss 0.00156740
Epoch 496|time: 3.62s|train_loss 0.00790676|val_loss 0.00062070
Epoch 497|time: 3.50s|train_loss 0.00811284|val_loss 0.00088173
Epoch 498|time: 3.46s|train_loss 0.00720469|val_loss 0.00059211
Epoch 499|time: 3.60s|train_loss 0.00716422|val_loss 0.00081434
Epoch 500|time: 3.55s|train_loss 0.00724657|val_loss 0.00067467
Final evaluation
TEST MAE 0.2778 | std 0.0846 | RMSE 0.4107 | RMSEs 0.3946 | PCC 0.9082 | PCCs 0.8659 | R2 0.8105 | R2s 0.7207 | Var 0.8237 | Vars 0.7412 | Peak 0.1742
