--------Parameters--------
Namespace(batch=32, bi=False, check_point=1, cuda=False, dataset='us_hhs', dropout=0.2, epilambda=0.1, epochs=500, gpu=3, hidsp=15, horizon=2, k=10, lamda=0.01, lr=0.001, model='cola_gnn_epi', mylog=False, n_hidden=20, n_layer=1, patience=200, rnn_model='RNN', save_dir='save', seed=42, shuffle=False, sim_mat='us_hhs-adj', test=0.2, train=0.6, val=0.2, weight_decay=0.0005, window=20)
--------------------------
data shape (364, 10)
size of train/val/test sets 197 73 73
#params: 5145
begin training
Epoch   1|time: 3.15s|train_loss 0.00291502|val_loss 0.00044752
Best validation epoch: 1 Tue May 23 02:59:28 2023
TEST MAE 0.4869 | std 0.1908 | RMSE 0.7248 | RMSEs 0.6851 | PCC 0.8745 | PCCs 0.8365 | R2 0.4099 | R2s 0.1848 | Var 0.6485 | Vars 0.5496 | Peak 0.3508
Epoch   2|time: 3.18s|train_loss 0.00164128|val_loss 0.00073096
Epoch   3|time: 3.41s|train_loss 0.00152918|val_loss 0.00027811
Best validation epoch: 3 Tue May 23 02:59:35 2023
TEST MAE 0.2940 | std 0.1135 | RMSE 0.4938 | RMSEs 0.4656 | PCC 0.9074 | PCCs 0.8755 | R2 0.7260 | R2s 0.6221 | Var 0.7802 | Vars 0.7051 | Peak 0.2140
Epoch   4|time: 3.18s|train_loss 0.00140529|val_loss 0.00029229
Epoch   5|time: 3.19s|train_loss 0.00132306|val_loss 0.00026111
Best validation epoch: 5 Tue May 23 02:59:42 2023
TEST MAE 0.3322 | std 0.0716 | RMSE 0.4336 | RMSEs 0.4201 | PCC 0.9038 | PCCs 0.8790 | R2 0.7888 | R2s 0.6726 | Var 0.8102 | Vars 0.7451 | Peak 0.1437
Epoch   6|time: 3.44s|train_loss 0.00132483|val_loss 0.00027255
Epoch   7|time: 3.17s|train_loss 0.00128126|val_loss 0.00020904
Best validation epoch: 7 Tue May 23 02:59:50 2023
TEST MAE 0.2482 | std 0.0728 | RMSE 0.3890 | RMSEs 0.3700 | PCC 0.9136 | PCCs 0.8821 | R2 0.8300 | R2s 0.7552 | Var 0.8308 | Vars 0.7663 | Peak 0.1502
Epoch   8|time: 3.35s|train_loss 0.00130608|val_loss 0.00021970
Epoch   9|time: 3.19s|train_loss 0.00126741|val_loss 0.00020251
Best validation epoch: 9 Tue May 23 02:59:57 2023
TEST MAE 0.2393 | std 0.0765 | RMSE 0.3862 | RMSEs 0.3661 | PCC 0.9174 | PCCs 0.8861 | R2 0.8325 | R2s 0.7620 | Var 0.8390 | Vars 0.7759 | Peak 0.1523
Epoch  10|time: 3.29s|train_loss 0.00123693|val_loss 0.00019770
Best validation epoch: 10 Tue May 23 03:00:01 2023
TEST MAE 0.2345 | std 0.0744 | RMSE 0.3826 | RMSEs 0.3627 | PCC 0.9191 | PCCs 0.8880 | R2 0.8356 | R2s 0.7663 | Var 0.8417 | Vars 0.7793 | Peak 0.1509
Epoch  11|time: 3.43s|train_loss 0.00124391|val_loss 0.00019533
Best validation epoch: 11 Tue May 23 03:00:05 2023
TEST MAE 0.2315 | std 0.0730 | RMSE 0.3800 | RMSEs 0.3604 | PCC 0.9204 | PCCs 0.8894 | R2 0.8378 | R2s 0.7692 | Var 0.8433 | Vars 0.7813 | Peak 0.1501
Epoch  12|time: 3.36s|train_loss 0.00125922|val_loss 0.00019502
Best validation epoch: 12 Tue May 23 03:00:09 2023
TEST MAE 0.2301 | std 0.0707 | RMSE 0.3752 | RMSEs 0.3563 | PCC 0.9210 | PCCs 0.8904 | R2 0.8419 | R2s 0.7737 | Var 0.8446 | Vars 0.7828 | Peak 0.1475
Epoch  13|time: 3.22s|train_loss 0.00122961|val_loss 0.00019481
Best validation epoch: 13 Tue May 23 03:00:13 2023
TEST MAE 0.2311 | std 0.0745 | RMSE 0.3798 | RMSEs 0.3602 | PCC 0.9220 | PCCs 0.8912 | R2 0.8380 | R2s 0.7697 | Var 0.8466 | Vars 0.7850 | Peak 0.1509
Epoch  14|time: 3.17s|train_loss 0.00121102|val_loss 0.00019230
Best validation epoch: 14 Tue May 23 03:00:17 2023
TEST MAE 0.2291 | std 0.0713 | RMSE 0.3732 | RMSEs 0.3544 | PCC 0.9222 | PCCs 0.8916 | R2 0.8435 | R2s 0.7762 | Var 0.8482 | Vars 0.7865 | Peak 0.1475
Epoch  15|time: 3.17s|train_loss 0.00122058|val_loss 0.00019213
Best validation epoch: 15 Tue May 23 03:00:21 2023
TEST MAE 0.2287 | std 0.0722 | RMSE 0.3732 | RMSEs 0.3543 | PCC 0.9224 | PCCs 0.8917 | R2 0.8435 | R2s 0.7765 | Var 0.8484 | Vars 0.7868 | Peak 0.1480
Epoch  16|time: 3.18s|train_loss 0.00119301|val_loss 0.00019242
Epoch  17|time: 3.19s|train_loss 0.00118185|val_loss 0.00019205
Best validation epoch: 17 Tue May 23 03:00:28 2023
TEST MAE 0.2279 | std 0.0726 | RMSE 0.3729 | RMSEs 0.3540 | PCC 0.9236 | PCCs 0.8930 | R2 0.8438 | R2s 0.7770 | Var 0.8503 | Vars 0.7890 | Peak 0.1482
Epoch  18|time: 3.17s|train_loss 0.00118714|val_loss 0.00019443
Epoch  19|time: 3.39s|train_loss 0.00117836|val_loss 0.00019086
Best validation epoch: 19 Tue May 23 03:00:35 2023
TEST MAE 0.2269 | std 0.0670 | RMSE 0.3633 | RMSEs 0.3460 | PCC 0.9244 | PCCs 0.8945 | R2 0.8517 | R2s 0.7853 | Var 0.8526 | Vars 0.7916 | Peak 0.1412
Epoch  20|time: 3.16s|train_loss 0.00118325|val_loss 0.00019137
Epoch  21|time: 3.17s|train_loss 0.00117264|val_loss 0.00019926
Epoch  22|time: 3.24s|train_loss 0.00114525|val_loss 0.00018588
Best validation epoch: 22 Tue May 23 03:00:46 2023
TEST MAE 0.2286 | std 0.0650 | RMSE 0.3595 | RMSEs 0.3431 | PCC 0.9248 | PCCs 0.8953 | R2 0.8548 | R2s 0.7880 | Var 0.8551 | Vars 0.7936 | Peak 0.1376
Epoch  23|time: 3.24s|train_loss 0.00114387|val_loss 0.00019219
Epoch  24|time: 3.27s|train_loss 0.00113991|val_loss 0.00020790
Epoch  25|time: 3.17s|train_loss 0.00115519|val_loss 0.00020563
Epoch  26|time: 3.18s|train_loss 0.00117230|val_loss 0.00020049
Epoch  27|time: 3.21s|train_loss 0.00112043|val_loss 0.00018504
Best validation epoch: 27 Tue May 23 03:01:02 2023
TEST MAE 0.2248 | std 0.0674 | RMSE 0.3561 | RMSEs 0.3393 | PCC 0.9271 | PCCs 0.8980 | R2 0.8576 | R2s 0.7936 | Var 0.8594 | Vars 0.7990 | Peak 0.1384
Epoch  28|time: 3.17s|train_loss 0.00111880|val_loss 0.00018412
Best validation epoch: 28 Tue May 23 03:01:06 2023
TEST MAE 0.2245 | std 0.0659 | RMSE 0.3537 | RMSEs 0.3374 | PCC 0.9274 | PCCs 0.8985 | R2 0.8594 | R2s 0.7953 | Var 0.8600 | Vars 0.7997 | Peak 0.1365
Epoch  29|time: 3.29s|train_loss 0.00114014|val_loss 0.00019109
Epoch  30|time: 3.24s|train_loss 0.00111718|val_loss 0.00018770
Epoch  31|time: 3.17s|train_loss 0.00112208|val_loss 0.00019885
Epoch  32|time: 3.17s|train_loss 0.00112031|val_loss 0.00020509
Epoch  33|time: 3.17s|train_loss 0.00110338|val_loss 0.00018526
Epoch  34|time: 3.29s|train_loss 0.00112819|val_loss 0.00018383
Best validation epoch: 34 Tue May 23 03:01:27 2023
TEST MAE 0.2212 | std 0.0657 | RMSE 0.3514 | RMSEs 0.3348 | PCC 0.9293 | PCCs 0.9008 | R2 0.8613 | R2s 0.7988 | Var 0.8633 | Vars 0.8041 | Peak 0.1363
Epoch  35|time: 3.17s|train_loss 0.00110425|val_loss 0.00018818
Epoch  36|time: 3.25s|train_loss 0.00111098|val_loss 0.00018751
Epoch  37|time: 3.18s|train_loss 0.00111982|val_loss 0.00019174
Epoch  38|time: 3.30s|train_loss 0.00108988|val_loss 0.00018765
Epoch  39|time: 3.18s|train_loss 0.00112558|val_loss 0.00018740
Epoch  40|time: 3.16s|train_loss 0.00111972|val_loss 0.00018249
Best validation epoch: 40 Tue May 23 03:01:46 2023
TEST MAE 0.2232 | std 0.0643 | RMSE 0.3478 | RMSEs 0.3323 | PCC 0.9297 | PCCs 0.9011 | R2 0.8641 | R2s 0.8009 | Var 0.8644 | Vars 0.8042 | Peak 0.1327
Epoch  41|time: 3.25s|train_loss 0.00108577|val_loss 0.00018694
Epoch  42|time: 3.22s|train_loss 0.00109328|val_loss 0.00018370
Epoch  43|time: 3.16s|train_loss 0.00110331|val_loss 0.00018540
Epoch  44|time: 3.16s|train_loss 0.00110236|val_loss 0.00018428
Epoch  45|time: 3.19s|train_loss 0.00107490|val_loss 0.00019786
Epoch  46|time: 3.19s|train_loss 0.00108095|val_loss 0.00018339
Epoch  47|time: 3.27s|train_loss 0.00110256|val_loss 0.00019397
Epoch  48|time: 3.17s|train_loss 0.00107882|val_loss 0.00020515
Epoch  49|time: 3.30s|train_loss 0.00108108|val_loss 0.00018946
Epoch  50|time: 3.17s|train_loss 0.00106375|val_loss 0.00018413
Epoch  51|time: 3.18s|train_loss 0.00109519|val_loss 0.00018903
Epoch  52|time: 3.37s|train_loss 0.00111399|val_loss 0.00018886
Epoch  53|time: 3.18s|train_loss 0.00106613|val_loss 0.00018227
Best validation epoch: 53 Tue May 23 03:02:29 2023
TEST MAE 0.2186 | std 0.0657 | RMSE 0.3441 | RMSEs 0.3279 | PCC 0.9314 | PCCs 0.9036 | R2 0.8670 | R2s 0.8069 | Var 0.8675 | Vars 0.8099 | Peak 0.1333
Epoch  54|time: 3.18s|train_loss 0.00106541|val_loss 0.00018821
Epoch  55|time: 3.31s|train_loss 0.00106353|val_loss 0.00018363
Epoch  56|time: 3.19s|train_loss 0.00106871|val_loss 0.00018290
Epoch  57|time: 3.18s|train_loss 0.00109117|val_loss 0.00018428
Epoch  58|time: 3.23s|train_loss 0.00105401|val_loss 0.00018938
Epoch  59|time: 3.16s|train_loss 0.00107713|val_loss 0.00018188
Best validation epoch: 59 Tue May 23 03:02:49 2023
TEST MAE 0.2205 | std 0.0635 | RMSE 0.3419 | RMSEs 0.3267 | PCC 0.9321 | PCCs 0.9043 | R2 0.8687 | R2s 0.8074 | Var 0.8688 | Vars 0.8110 | Peak 0.1297
Epoch  60|time: 3.31s|train_loss 0.00104974|val_loss 0.00018297
Epoch  61|time: 3.18s|train_loss 0.00104618|val_loss 0.00019323
Epoch  62|time: 3.17s|train_loss 0.00106574|val_loss 0.00018138
Best validation epoch: 62 Tue May 23 03:02:59 2023
TEST MAE 0.2170 | std 0.0651 | RMSE 0.3427 | RMSEs 0.3266 | PCC 0.9328 | PCCs 0.9052 | R2 0.8681 | R2s 0.8084 | Var 0.8702 | Vars 0.8128 | Peak 0.1332
Epoch  63|time: 3.18s|train_loss 0.00104859|val_loss 0.00018076
Best validation epoch: 63 Tue May 23 03:03:03 2023
TEST MAE 0.2165 | std 0.0644 | RMSE 0.3407 | RMSEs 0.3248 | PCC 0.9328 | PCCs 0.9054 | R2 0.8696 | R2s 0.8101 | Var 0.8702 | Vars 0.8129 | Peak 0.1319
Epoch  64|time: 3.17s|train_loss 0.00104725|val_loss 0.00018092
Epoch  65|time: 3.29s|train_loss 0.00104985|val_loss 0.00021426
Epoch  66|time: 3.20s|train_loss 0.00106882|val_loss 0.00018420
Epoch  67|time: 3.17s|train_loss 0.00105468|val_loss 0.00018112
Epoch  68|time: 3.18s|train_loss 0.00104594|val_loss 0.00018909
Epoch  69|time: 3.22s|train_loss 0.00105671|val_loss 0.00018067
Best validation epoch: 69 Tue May 23 03:03:23 2023
TEST MAE 0.2170 | std 0.0635 | RMSE 0.3398 | RMSEs 0.3242 | PCC 0.9334 | PCCs 0.9063 | R2 0.8703 | R2s 0.8108 | Var 0.8711 | Vars 0.8137 | Peak 0.1307
Epoch  70|time: 3.29s|train_loss 0.00104928|val_loss 0.00018096
Epoch  71|time: 3.18s|train_loss 0.00106959|val_loss 0.00018137
Epoch  72|time: 3.16s|train_loss 0.00104710|val_loss 0.00018817
Epoch  73|time: 3.17s|train_loss 0.00104494|val_loss 0.00018150
Epoch  74|time: 3.26s|train_loss 0.00104785|val_loss 0.00018084
Epoch  75|time: 3.21s|train_loss 0.00102902|val_loss 0.00018701
Epoch  76|time: 3.19s|train_loss 0.00105581|val_loss 0.00018368
Epoch  77|time: 3.17s|train_loss 0.00103387|val_loss 0.00018705
Epoch  78|time: 3.33s|train_loss 0.00104326|val_loss 0.00018372
Epoch  79|time: 3.24s|train_loss 0.00103612|val_loss 0.00018492
Epoch  80|time: 3.17s|train_loss 0.00102815|val_loss 0.00018223
Epoch  81|time: 3.17s|train_loss 0.00103186|val_loss 0.00018298
Epoch  82|time: 3.24s|train_loss 0.00102162|val_loss 0.00018172
Epoch  83|time: 3.17s|train_loss 0.00102563|val_loss 0.00020255
Epoch  84|time: 3.25s|train_loss 0.00103337|val_loss 0.00018122
Epoch  85|time: 3.26s|train_loss 0.00102204|val_loss 0.00018320
Epoch  86|time: 3.16s|train_loss 0.00105042|val_loss 0.00019915
Epoch  87|time: 3.19s|train_loss 0.00103551|val_loss 0.00018188
Epoch  88|time: 3.26s|train_loss 0.00103802|val_loss 0.00018281
Epoch  89|time: 3.18s|train_loss 0.00103071|val_loss 0.00018430
Epoch  90|time: 3.17s|train_loss 0.00102972|val_loss 0.00018386
Epoch  91|time: 3.25s|train_loss 0.00104585|val_loss 0.00018711
Epoch  92|time: 3.29s|train_loss 0.00102125|val_loss 0.00019443
Epoch  93|time: 3.18s|train_loss 0.00104192|val_loss 0.00018343
Epoch  94|time: 3.24s|train_loss 0.00103182|val_loss 0.00019271
Epoch  95|time: 3.16s|train_loss 0.00101552|val_loss 0.00018565
Epoch  96|time: 3.16s|train_loss 0.00104385|val_loss 0.00018465
Epoch  97|time: 3.38s|train_loss 0.00105947|val_loss 0.00018005
Best validation epoch: 97 Tue May 23 03:04:54 2023
TEST MAE 0.2150 | std 0.0620 | RMSE 0.3380 | RMSEs 0.3228 | PCC 0.9344 | PCCs 0.9069 | R2 0.8717 | R2s 0.8124 | Var 0.8731 | Vars 0.8160 | Peak 0.1304
Epoch  98|time: 3.17s|train_loss 0.00102940|val_loss 0.00021181
Epoch  99|time: 3.17s|train_loss 0.00102137|val_loss 0.00017897
Best validation epoch: 99 Tue May 23 03:05:01 2023
TEST MAE 0.2155 | std 0.0606 | RMSE 0.3364 | RMSEs 0.3218 | PCC 0.9344 | PCCs 0.9067 | R2 0.8729 | R2s 0.8129 | Var 0.8730 | Vars 0.8155 | Peak 0.1279
Epoch 100|time: 3.22s|train_loss 0.00102027|val_loss 0.00018036
Epoch 101|time: 3.19s|train_loss 0.00100632|val_loss 0.00018091
Epoch 102|time: 3.17s|train_loss 0.00101518|val_loss 0.00018935
Epoch 103|time: 3.32s|train_loss 0.00102479|val_loss 0.00020259
Epoch 104|time: 3.18s|train_loss 0.00101926|val_loss 0.00018834
Epoch 105|time: 3.17s|train_loss 0.00100287|val_loss 0.00018083
Epoch 106|time: 3.27s|train_loss 0.00102515|val_loss 0.00018194
Epoch 107|time: 3.28s|train_loss 0.00101508|val_loss 0.00019683
Epoch 108|time: 3.17s|train_loss 0.00100630|val_loss 0.00018305
Epoch 109|time: 3.24s|train_loss 0.00101083|val_loss 0.00018365
Epoch 110|time: 3.17s|train_loss 0.00100771|val_loss 0.00019078
Epoch 111|time: 3.26s|train_loss 0.00100012|val_loss 0.00019065
Epoch 112|time: 3.35s|train_loss 0.00100246|val_loss 0.00018199
Epoch 113|time: 3.16s|train_loss 0.00099038|val_loss 0.00017917
Epoch 114|time: 3.17s|train_loss 0.00099885|val_loss 0.00018813
Epoch 115|time: 3.24s|train_loss 0.00098647|val_loss 0.00018128
Epoch 116|time: 3.18s|train_loss 0.00100446|val_loss 0.00017954
Epoch 117|time: 3.26s|train_loss 0.00099172|val_loss 0.00018122
Epoch 118|time: 3.16s|train_loss 0.00100633|val_loss 0.00018727
Epoch 119|time: 3.18s|train_loss 0.00101284|val_loss 0.00018053
Epoch 120|time: 3.17s|train_loss 0.00101957|val_loss 0.00017845
Best validation epoch: 120 Tue May 23 03:06:09 2023
TEST MAE 0.2157 | std 0.0607 | RMSE 0.3359 | RMSEs 0.3216 | PCC 0.9346 | PCCs 0.9068 | R2 0.8733 | R2s 0.8132 | Var 0.8735 | Vars 0.8156 | Peak 0.1274
Epoch 121|time: 3.26s|train_loss 0.00098244|val_loss 0.00020379
Epoch 122|time: 3.18s|train_loss 0.00098336|val_loss 0.00018978
Epoch 123|time: 3.16s|train_loss 0.00098792|val_loss 0.00018230
Epoch 124|time: 3.17s|train_loss 0.00098240|val_loss 0.00017681
Best validation epoch: 124 Tue May 23 03:06:23 2023
TEST MAE 0.2202 | std 0.0612 | RMSE 0.3372 | RMSEs 0.3234 | PCC 0.9341 | PCCs 0.9063 | R2 0.8723 | R2s 0.8104 | Var 0.8724 | Vars 0.8140 | Peak 0.1257
Epoch 125|time: 3.17s|train_loss 0.00097629|val_loss 0.00017855
Epoch 126|time: 3.16s|train_loss 0.00096734|val_loss 0.00019191
Epoch 127|time: 3.17s|train_loss 0.00097133|val_loss 0.00018051
Epoch 128|time: 3.27s|train_loss 0.00099228|val_loss 0.00017896
Epoch 129|time: 3.25s|train_loss 0.00100431|val_loss 0.00018007
Epoch 130|time: 3.18s|train_loss 0.00097030|val_loss 0.00018271
Epoch 131|time: 3.27s|train_loss 0.00098452|val_loss 0.00017868
Epoch 132|time: 3.16s|train_loss 0.00096422|val_loss 0.00017952
Epoch 133|time: 3.20s|train_loss 0.00097734|val_loss 0.00018391
Epoch 134|time: 3.30s|train_loss 0.00096474|val_loss 0.00018104
Epoch 135|time: 3.29s|train_loss 0.00099439|val_loss 0.00017955
Epoch 136|time: 3.17s|train_loss 0.00095683|val_loss 0.00018741
Epoch 137|time: 3.22s|train_loss 0.00095465|val_loss 0.00018192
Epoch 138|time: 3.18s|train_loss 0.00096852|val_loss 0.00018147
Epoch 139|time: 3.25s|train_loss 0.00095474|val_loss 0.00019372
Epoch 140|time: 3.25s|train_loss 0.00097079|val_loss 0.00019990
Epoch 141|time: 3.19s|train_loss 0.00095974|val_loss 0.00018337
Epoch 142|time: 3.19s|train_loss 0.00096250|val_loss 0.00018357
Epoch 143|time: 3.33s|train_loss 0.00096637|val_loss 0.00019054
Epoch 144|time: 3.16s|train_loss 0.00097327|val_loss 0.00018118
Epoch 145|time: 3.18s|train_loss 0.00094347|val_loss 0.00018213
Epoch 146|time: 3.30s|train_loss 0.00096217|val_loss 0.00018339
Epoch 147|time: 3.16s|train_loss 0.00093945|val_loss 0.00017884
Epoch 148|time: 3.17s|train_loss 0.00093718|val_loss 0.00018086
Epoch 149|time: 3.38s|train_loss 0.00094294|val_loss 0.00017944
Epoch 150|time: 3.17s|train_loss 0.00093729|val_loss 0.00019431
Epoch 151|time: 3.17s|train_loss 0.00095586|val_loss 0.00017829
Epoch 152|time: 3.29s|train_loss 0.00093277|val_loss 0.00018026
Epoch 153|time: 3.25s|train_loss 0.00094581|val_loss 0.00018100
Epoch 154|time: 3.17s|train_loss 0.00093445|val_loss 0.00018171
Epoch 155|time: 3.19s|train_loss 0.00095208|val_loss 0.00019187
Epoch 156|time: 3.17s|train_loss 0.00092999|val_loss 0.00019008
Epoch 157|time: 3.28s|train_loss 0.00092054|val_loss 0.00018556
Epoch 158|time: 3.17s|train_loss 0.00092762|val_loss 0.00018019
Epoch 159|time: 3.22s|train_loss 0.00092787|val_loss 0.00018438
Epoch 160|time: 3.09s|train_loss 0.00091766|val_loss 0.00021060
Epoch 161|time: 3.10s|train_loss 0.00093386|val_loss 0.00017974
Epoch 162|time: 3.42s|train_loss 0.00091925|val_loss 0.00017936
Epoch 163|time: 3.08s|train_loss 0.00091212|val_loss 0.00018733
Epoch 164|time: 3.10s|train_loss 0.00091510|val_loss 0.00017809
Epoch 165|time: 3.24s|train_loss 0.00091891|val_loss 0.00018784
Epoch 166|time: 3.10s|train_loss 0.00090938|val_loss 0.00018340
Epoch 167|time: 3.18s|train_loss 0.00091624|val_loss 0.00017888
Epoch 168|time: 3.17s|train_loss 0.00092000|val_loss 0.00018299
Epoch 169|time: 3.11s|train_loss 0.00090428|val_loss 0.00018213
Epoch 170|time: 3.09s|train_loss 0.00089991|val_loss 0.00019475
Epoch 171|time: 3.46s|train_loss 0.00089062|val_loss 0.00017733
Epoch 172|time: 3.10s|train_loss 0.00088096|val_loss 0.00018033
Epoch 173|time: 3.09s|train_loss 0.00093902|val_loss 0.00018649
Epoch 174|time: 3.20s|train_loss 0.00089789|val_loss 0.00020759
Epoch 175|time: 3.09s|train_loss 0.00090899|val_loss 0.00020078
Epoch 176|time: 3.21s|train_loss 0.00090927|val_loss 0.00017950
Epoch 177|time: 3.09s|train_loss 0.00088346|val_loss 0.00019916
Epoch 178|time: 3.20s|train_loss 0.00091390|val_loss 0.00017676
Best validation epoch: 178 Tue May 23 03:09:17 2023
TEST MAE 0.2153 | std 0.0607 | RMSE 0.3344 | RMSEs 0.3204 | PCC 0.9352 | PCCs 0.9070 | R2 0.8744 | R2s 0.8143 | Var 0.8744 | Vars 0.8168 | Peak 0.1263
Epoch 179|time: 3.09s|train_loss 0.00087399|val_loss 0.00017705
Epoch 180|time: 3.10s|train_loss 0.00087935|val_loss 0.00017786
Epoch 181|time: 3.14s|train_loss 0.00087926|val_loss 0.00018762
Epoch 182|time: 3.19s|train_loss 0.00093079|val_loss 0.00017973
Epoch 183|time: 3.09s|train_loss 0.00087920|val_loss 0.00017769
Epoch 184|time: 3.19s|train_loss 0.00087327|val_loss 0.00017897
Epoch 185|time: 3.19s|train_loss 0.00087239|val_loss 0.00017881
Epoch 186|time: 3.09s|train_loss 0.00086708|val_loss 0.00018016
Epoch 187|time: 3.21s|train_loss 0.00086662|val_loss 0.00017976
Epoch 188|time: 3.11s|train_loss 0.00087152|val_loss 0.00017771
Epoch 189|time: 3.09s|train_loss 0.00087975|val_loss 0.00017896
Epoch 190|time: 3.40s|train_loss 0.00087507|val_loss 0.00019314
Epoch 191|time: 3.09s|train_loss 0.00088128|val_loss 0.00018249
Epoch 192|time: 3.09s|train_loss 0.00089268|val_loss 0.00017870
Epoch 193|time: 3.12s|train_loss 0.00088930|val_loss 0.00017962
Epoch 194|time: 3.10s|train_loss 0.00089513|val_loss 0.00017916
Epoch 195|time: 3.10s|train_loss 0.00089412|val_loss 0.00018310
Epoch 196|time: 3.27s|train_loss 0.00088650|val_loss 0.00018185
Epoch 197|time: 3.10s|train_loss 0.00088435|val_loss 0.00018084
Epoch 198|time: 3.12s|train_loss 0.00088486|val_loss 0.00017781
Epoch 199|time: 3.10s|train_loss 0.00088003|val_loss 0.00017845
Epoch 200|time: 3.34s|train_loss 0.00087801|val_loss 0.00018351
Epoch 201|time: 3.09s|train_loss 0.00088206|val_loss 0.00017871
Epoch 202|time: 3.09s|train_loss 0.00089999|val_loss 0.00018378
Epoch 203|time: 3.34s|train_loss 0.00088960|val_loss 0.00018407
Epoch 204|time: 3.24s|train_loss 0.00087213|val_loss 0.00019703
Epoch 205|time: 3.17s|train_loss 0.00086987|val_loss 0.00017666
Best validation epoch: 205 Tue May 23 03:10:43 2023
TEST MAE 0.2141 | std 0.0603 | RMSE 0.3315 | RMSEs 0.3175 | PCC 0.9363 | PCCs 0.9091 | R2 0.8766 | R2s 0.8175 | Var 0.8766 | Vars 0.8200 | Peak 0.1242
Epoch 206|time: 3.26s|train_loss 0.00089796|val_loss 0.00018511
Epoch 207|time: 3.18s|train_loss 0.00086350|val_loss 0.00018251
Epoch 208|time: 3.17s|train_loss 0.00086392|val_loss 0.00017950
Epoch 209|time: 3.85s|train_loss 0.00085644|val_loss 0.00017758
Epoch 210|time: 3.52s|train_loss 0.00085869|val_loss 0.00018571
Epoch 211|time: 3.59s|train_loss 0.00086477|val_loss 0.00018040
Epoch 212|time: 3.52s|train_loss 0.00086784|val_loss 0.00018001
Epoch 213|time: 3.52s|train_loss 0.00086186|val_loss 0.00017871
Epoch 214|time: 3.65s|train_loss 0.00086784|val_loss 0.00018660
Epoch 215|time: 3.51s|train_loss 0.00086722|val_loss 0.00018414
Epoch 216|time: 3.51s|train_loss 0.00086017|val_loss 0.00017860
Epoch 217|time: 3.65s|train_loss 0.00085648|val_loss 0.00017974
Epoch 218|time: 3.60s|train_loss 0.00086119|val_loss 0.00017857
Epoch 219|time: 3.52s|train_loss 0.00087294|val_loss 0.00018485
Epoch 220|time: 3.67s|train_loss 0.00090698|val_loss 0.00017835
Epoch 221|time: 3.52s|train_loss 0.00084295|val_loss 0.00018260
Epoch 222|time: 3.53s|train_loss 0.00086170|val_loss 0.00017889
Epoch 223|time: 3.73s|train_loss 0.00086531|val_loss 0.00018791
Epoch 224|time: 3.53s|train_loss 0.00086085|val_loss 0.00017840
Epoch 225|time: 3.53s|train_loss 0.00087145|val_loss 0.00017938
Epoch 226|time: 3.39s|train_loss 0.00085774|val_loss 0.00018073
Epoch 227|time: 3.15s|train_loss 0.00085996|val_loss 0.00019232
Epoch 228|time: 3.30s|train_loss 0.00085478|val_loss 0.00018700
Epoch 229|time: 3.21s|train_loss 0.00088711|val_loss 0.00017976
Epoch 230|time: 3.17s|train_loss 0.00085831|val_loss 0.00017909
Epoch 231|time: 3.17s|train_loss 0.00085778|val_loss 0.00019171
Epoch 232|time: 3.42s|train_loss 0.00086571|val_loss 0.00017894
Epoch 233|time: 3.16s|train_loss 0.00086436|val_loss 0.00018173
Epoch 234|time: 3.17s|train_loss 0.00085263|val_loss 0.00017749
Epoch 235|time: 3.32s|train_loss 0.00086015|val_loss 0.00017938
Epoch 236|time: 3.26s|train_loss 0.00084625|val_loss 0.00018085
Epoch 237|time: 3.16s|train_loss 0.00085151|val_loss 0.00017993
Epoch 238|time: 3.17s|train_loss 0.00084571|val_loss 0.00018195
Epoch 239|time: 3.17s|train_loss 0.00085718|val_loss 0.00017866
Epoch 240|time: 3.16s|train_loss 0.00083834|val_loss 0.00018372
Epoch 241|time: 3.32s|train_loss 0.00085218|val_loss 0.00017973
Epoch 242|time: 3.25s|train_loss 0.00084638|val_loss 0.00017610
Best validation epoch: 242 Tue May 23 03:12:49 2023
TEST MAE 0.2172 | std 0.0624 | RMSE 0.3318 | RMSEs 0.3178 | PCC 0.9369 | PCCs 0.9106 | R2 0.8763 | R2s 0.8170 | Var 0.8772 | Vars 0.8221 | Peak 0.1235
Epoch 243|time: 3.16s|train_loss 0.00083553|val_loss 0.00017749
Epoch 244|time: 3.63s|train_loss 0.00087516|val_loss 0.00017979
Epoch 245|time: 3.16s|train_loss 0.00084541|val_loss 0.00019653
Epoch 246|time: 3.26s|train_loss 0.00087735|val_loss 0.00017665
Epoch 247|time: 3.26s|train_loss 0.00082789|val_loss 0.00017764
Epoch 248|time: 3.16s|train_loss 0.00087659|val_loss 0.00017752
Epoch 249|time: 3.16s|train_loss 0.00084918|val_loss 0.00018120
Epoch 250|time: 3.38s|train_loss 0.00085615|val_loss 0.00018247
Epoch 251|time: 3.16s|train_loss 0.00085347|val_loss 0.00017777
Epoch 252|time: 3.17s|train_loss 0.00084775|val_loss 0.00018119
Epoch 253|time: 3.25s|train_loss 0.00083425|val_loss 0.00017959
Epoch 254|time: 3.18s|train_loss 0.00084019|val_loss 0.00018512
Epoch 255|time: 3.26s|train_loss 0.00084127|val_loss 0.00017757
Epoch 256|time: 3.24s|train_loss 0.00082807|val_loss 0.00017841
Epoch 257|time: 3.17s|train_loss 0.00083190|val_loss 0.00017700
Epoch 258|time: 3.17s|train_loss 0.00083222|val_loss 0.00018401
Epoch 259|time: 3.27s|train_loss 0.00087518|val_loss 0.00017810
Epoch 260|time: 3.25s|train_loss 0.00085694|val_loss 0.00017685
Epoch 261|time: 3.17s|train_loss 0.00084097|val_loss 0.00017724
Epoch 262|time: 3.31s|train_loss 0.00083595|val_loss 0.00019637
Epoch 263|time: 3.49s|train_loss 0.00085974|val_loss 0.00018238
Epoch 264|time: 3.28s|train_loss 0.00082743|val_loss 0.00017907
Epoch 265|time: 3.27s|train_loss 0.00082369|val_loss 0.00017743
Epoch 266|time: 3.17s|train_loss 0.00082631|val_loss 0.00017765
Epoch 267|time: 3.17s|train_loss 0.00083301|val_loss 0.00020492
Epoch 268|time: 3.30s|train_loss 0.00083906|val_loss 0.00018035
Epoch 269|time: 3.17s|train_loss 0.00082904|val_loss 0.00018364
Epoch 270|time: 3.17s|train_loss 0.00082653|val_loss 0.00017759
Epoch 271|time: 3.17s|train_loss 0.00083286|val_loss 0.00018440
Epoch 272|time: 3.26s|train_loss 0.00083832|val_loss 0.00017836
Epoch 273|time: 3.19s|train_loss 0.00085489|val_loss 0.00017911
Epoch 274|time: 3.27s|train_loss 0.00082289|val_loss 0.00018457
Epoch 275|time: 3.28s|train_loss 0.00082646|val_loss 0.00017811
Epoch 276|time: 3.17s|train_loss 0.00084567|val_loss 0.00017991
Epoch 277|time: 3.17s|train_loss 0.00082798|val_loss 0.00017942
Epoch 278|time: 3.26s|train_loss 0.00083719|val_loss 0.00019146
Epoch 279|time: 3.17s|train_loss 0.00082844|val_loss 0.00017792
Epoch 280|time: 3.17s|train_loss 0.00083244|val_loss 0.00019649
Epoch 281|time: 3.45s|train_loss 0.00083555|val_loss 0.00018259
Epoch 282|time: 3.28s|train_loss 0.00087067|val_loss 0.00019052
Epoch 283|time: 3.17s|train_loss 0.00083069|val_loss 0.00017674
Epoch 284|time: 3.35s|train_loss 0.00082189|val_loss 0.00019247
Epoch 285|time: 3.16s|train_loss 0.00083219|val_loss 0.00018723
Epoch 286|time: 3.18s|train_loss 0.00082174|val_loss 0.00017688
Epoch 287|time: 3.21s|train_loss 0.00082249|val_loss 0.00017732
Epoch 288|time: 3.29s|train_loss 0.00083239|val_loss 0.00018105
Epoch 289|time: 3.18s|train_loss 0.00082679|val_loss 0.00017745
Epoch 290|time: 3.27s|train_loss 0.00081556|val_loss 0.00018421
Epoch 291|time: 3.17s|train_loss 0.00082764|val_loss 0.00018541
Epoch 292|time: 3.29s|train_loss 0.00083169|val_loss 0.00018014
Epoch 293|time: 3.24s|train_loss 0.00082992|val_loss 0.00018734
Epoch 294|time: 3.17s|train_loss 0.00084256|val_loss 0.00017827
Epoch 295|time: 3.16s|train_loss 0.00083195|val_loss 0.00018378
Epoch 296|time: 3.34s|train_loss 0.00084918|val_loss 0.00017739
Epoch 297|time: 3.18s|train_loss 0.00081735|val_loss 0.00018213
Epoch 298|time: 3.19s|train_loss 0.00081113|val_loss 0.00018192
Epoch 299|time: 3.17s|train_loss 0.00082256|val_loss 0.00018742
Epoch 300|time: 3.46s|train_loss 0.00082657|val_loss 0.00017647
Epoch 301|time: 3.29s|train_loss 0.00081443|val_loss 0.00017837
Epoch 302|time: 3.17s|train_loss 0.00082881|val_loss 0.00017855
Epoch 303|time: 3.26s|train_loss 0.00080896|val_loss 0.00017995
Epoch 304|time: 3.18s|train_loss 0.00086578|val_loss 0.00018255
Epoch 305|time: 3.17s|train_loss 0.00083706|val_loss 0.00019119
Epoch 306|time: 3.33s|train_loss 0.00081881|val_loss 0.00019157
Epoch 307|time: 3.19s|train_loss 0.00082238|val_loss 0.00017823
Epoch 308|time: 3.19s|train_loss 0.00081989|val_loss 0.00018396
Epoch 309|time: 3.32s|train_loss 0.00081614|val_loss 0.00017814
Epoch 310|time: 3.30s|train_loss 0.00083332|val_loss 0.00018136
Epoch 311|time: 3.16s|train_loss 0.00082140|val_loss 0.00017563
Best validation epoch: 311 Tue May 23 03:16:33 2023
TEST MAE 0.2152 | std 0.0611 | RMSE 0.3297 | RMSEs 0.3161 | PCC 0.9373 | PCCs 0.9111 | R2 0.8779 | R2s 0.8187 | Var 0.8784 | Vars 0.8234 | Peak 0.1224
Epoch 312|time: 3.31s|train_loss 0.00082219|val_loss 0.00017758
Epoch 313|time: 3.18s|train_loss 0.00081206|val_loss 0.00019226
Epoch 314|time: 3.25s|train_loss 0.00082412|val_loss 0.00017702
Epoch 315|time: 3.26s|train_loss 0.00081594|val_loss 0.00017715
Epoch 316|time: 3.17s|train_loss 0.00082627|val_loss 0.00017768
Epoch 317|time: 3.19s|train_loss 0.00081701|val_loss 0.00017726
Epoch 318|time: 3.23s|train_loss 0.00081265|val_loss 0.00018033
Epoch 319|time: 3.42s|train_loss 0.00081694|val_loss 0.00019349
Epoch 320|time: 3.18s|train_loss 0.00082642|val_loss 0.00018335
Epoch 321|time: 3.31s|train_loss 0.00082091|val_loss 0.00017617
Epoch 322|time: 3.18s|train_loss 0.00081317|val_loss 0.00019183
Epoch 323|time: 3.17s|train_loss 0.00082327|val_loss 0.00018993
Epoch 324|time: 3.30s|train_loss 0.00083378|val_loss 0.00017732
Epoch 325|time: 3.18s|train_loss 0.00080229|val_loss 0.00019122
Epoch 326|time: 3.18s|train_loss 0.00082296|val_loss 0.00018006
Epoch 327|time: 3.36s|train_loss 0.00082163|val_loss 0.00019098
Epoch 328|time: 3.29s|train_loss 0.00081191|val_loss 0.00018392
Epoch 329|time: 3.17s|train_loss 0.00081580|val_loss 0.00017741
Epoch 330|time: 3.27s|train_loss 0.00081628|val_loss 0.00018229
Epoch 331|time: 3.18s|train_loss 0.00080264|val_loss 0.00017743
Epoch 332|time: 3.17s|train_loss 0.00081511|val_loss 0.00018077
Epoch 333|time: 3.33s|train_loss 0.00080091|val_loss 0.00018267
Epoch 334|time: 3.17s|train_loss 0.00084856|val_loss 0.00017831
Epoch 335|time: 3.17s|train_loss 0.00081033|val_loss 0.00018552
Epoch 336|time: 3.27s|train_loss 0.00084615|val_loss 0.00018170
Epoch 337|time: 3.20s|train_loss 0.00080667|val_loss 0.00017915
Epoch 338|time: 3.28s|train_loss 0.00080224|val_loss 0.00017767
Epoch 339|time: 3.20s|train_loss 0.00082558|val_loss 0.00017654
Epoch 340|time: 3.16s|train_loss 0.00080229|val_loss 0.00017872
Epoch 341|time: 3.17s|train_loss 0.00081520|val_loss 0.00017689
Epoch 342|time: 3.25s|train_loss 0.00081016|val_loss 0.00017619
Epoch 343|time: 3.18s|train_loss 0.00080307|val_loss 0.00017754
Epoch 344|time: 3.19s|train_loss 0.00081013|val_loss 0.00018051
Epoch 345|time: 3.18s|train_loss 0.00081776|val_loss 0.00017716
Epoch 346|time: 3.39s|train_loss 0.00080192|val_loss 0.00017686
Epoch 347|time: 3.17s|train_loss 0.00081149|val_loss 0.00017895
Epoch 348|time: 3.17s|train_loss 0.00080436|val_loss 0.00017685
Epoch 349|time: 3.17s|train_loss 0.00079690|val_loss 0.00017769
Epoch 350|time: 3.17s|train_loss 0.00081899|val_loss 0.00017630
Epoch 351|time: 3.17s|train_loss 0.00081012|val_loss 0.00018070
Epoch 352|time: 3.37s|train_loss 0.00079670|val_loss 0.00018241
Epoch 353|time: 3.17s|train_loss 0.00080535|val_loss 0.00017913
Epoch 354|time: 3.17s|train_loss 0.00081343|val_loss 0.00017644
Epoch 355|time: 3.16s|train_loss 0.00080317|val_loss 0.00017519
Best validation epoch: 355 Tue May 23 03:18:55 2023
TEST MAE 0.2115 | std 0.0605 | RMSE 0.3279 | RMSEs 0.3138 | PCC 0.9380 | PCCs 0.9125 | R2 0.8793 | R2s 0.8217 | Var 0.8794 | Vars 0.8250 | Peak 0.1227
Epoch 356|time: 3.24s|train_loss 0.00080432|val_loss 0.00017674
Epoch 357|time: 3.17s|train_loss 0.00079576|val_loss 0.00017806
Epoch 358|time: 3.23s|train_loss 0.00081561|val_loss 0.00018367
Epoch 359|time: 3.17s|train_loss 0.00081534|val_loss 0.00018572
Epoch 360|time: 3.25s|train_loss 0.00081105|val_loss 0.00018112
Epoch 361|time: 3.28s|train_loss 0.00080388|val_loss 0.00018488
Epoch 362|time: 3.19s|train_loss 0.00079291|val_loss 0.00017732
Epoch 363|time: 3.17s|train_loss 0.00080822|val_loss 0.00018816
Epoch 364|time: 3.26s|train_loss 0.00082219|val_loss 0.00018932
Epoch 365|time: 3.30s|train_loss 0.00082766|val_loss 0.00017376
Best validation epoch: 365 Tue May 23 03:19:28 2023
TEST MAE 0.2148 | std 0.0603 | RMSE 0.3292 | RMSEs 0.3156 | PCC 0.9377 | PCCs 0.9120 | R2 0.8782 | R2s 0.8191 | Var 0.8789 | Vars 0.8237 | Peak 0.1214
Epoch 366|time: 3.16s|train_loss 0.00080975|val_loss 0.00017526
Epoch 367|time: 3.20s|train_loss 0.00081476|val_loss 0.00017881
Epoch 368|time: 3.17s|train_loss 0.00081638|val_loss 0.00017551
Epoch 369|time: 3.17s|train_loss 0.00079446|val_loss 0.00018357
Epoch 370|time: 3.25s|train_loss 0.00080656|val_loss 0.00018037
Epoch 371|time: 3.17s|train_loss 0.00079576|val_loss 0.00017724
Epoch 372|time: 3.19s|train_loss 0.00080495|val_loss 0.00018168
Epoch 373|time: 3.26s|train_loss 0.00079273|val_loss 0.00018144
Epoch 374|time: 3.36s|train_loss 0.00079850|val_loss 0.00018528
Epoch 375|time: 3.17s|train_loss 0.00081714|val_loss 0.00019041
Epoch 376|time: 3.26s|train_loss 0.00080406|val_loss 0.00017537
Epoch 377|time: 3.17s|train_loss 0.00080721|val_loss 0.00019522
Epoch 378|time: 3.17s|train_loss 0.00080724|val_loss 0.00018298
Epoch 379|time: 3.25s|train_loss 0.00078622|val_loss 0.00017648
Epoch 380|time: 3.19s|train_loss 0.00078520|val_loss 0.00017565
Epoch 381|time: 3.17s|train_loss 0.00080363|val_loss 0.00017662
Epoch 382|time: 3.20s|train_loss 0.00079847|val_loss 0.00017695
Epoch 383|time: 3.41s|train_loss 0.00080030|val_loss 0.00018471
Epoch 384|time: 3.30s|train_loss 0.00079376|val_loss 0.00017958
Epoch 385|time: 3.18s|train_loss 0.00079623|val_loss 0.00017689
Epoch 386|time: 3.19s|train_loss 0.00079128|val_loss 0.00017559
Epoch 387|time: 3.18s|train_loss 0.00080706|val_loss 0.00017496
Epoch 388|time: 3.26s|train_loss 0.00080334|val_loss 0.00017769
Epoch 389|time: 3.21s|train_loss 0.00079420|val_loss 0.00017634
Epoch 390|time: 3.17s|train_loss 0.00079287|val_loss 0.00017802
Epoch 391|time: 3.16s|train_loss 0.00081054|val_loss 0.00017644
Epoch 392|time: 3.35s|train_loss 0.00078612|val_loss 0.00017858
Epoch 393|time: 3.39s|train_loss 0.00078756|val_loss 0.00017621
Epoch 394|time: 2.47s|train_loss 0.00079069|val_loss 0.00017804
Epoch 395|time: 2.08s|train_loss 0.00079213|val_loss 0.00017652
Epoch 396|time: 2.77s|train_loss 0.00078693|val_loss 0.00017737
Epoch 397|time: 3.27s|train_loss 0.00081014|val_loss 0.00020565
Epoch 398|time: 3.28s|train_loss 0.00080581|val_loss 0.00017774
Epoch 399|time: 3.32s|train_loss 0.00078875|val_loss 0.00017613
Epoch 400|time: 3.18s|train_loss 0.00078832|val_loss 0.00017696
Epoch 401|time: 3.18s|train_loss 0.00080020|val_loss 0.00017786
Epoch 402|time: 3.38s|train_loss 0.00081166|val_loss 0.00018228
Epoch 403|time: 3.19s|train_loss 0.00080365|val_loss 0.00017713
Epoch 404|time: 3.20s|train_loss 0.00080186|val_loss 0.00017539
Epoch 405|time: 3.32s|train_loss 0.00078749|val_loss 0.00017542
Epoch 406|time: 3.31s|train_loss 0.00078494|val_loss 0.00017428
Epoch 407|time: 3.16s|train_loss 0.00078054|val_loss 0.00017780
Epoch 408|time: 3.33s|train_loss 0.00079978|val_loss 0.00018531
Epoch 409|time: 3.20s|train_loss 0.00078772|val_loss 0.00018759
Epoch 410|time: 3.17s|train_loss 0.00079332|val_loss 0.00017926
Epoch 411|time: 3.34s|train_loss 0.00081000|val_loss 0.00018948
Epoch 412|time: 3.31s|train_loss 0.00079883|val_loss 0.00017701
Epoch 413|time: 3.19s|train_loss 0.00079037|val_loss 0.00018899
Epoch 414|time: 3.26s|train_loss 0.00079011|val_loss 0.00018755
Epoch 415|time: 3.18s|train_loss 0.00079381|val_loss 0.00018608
Epoch 416|time: 3.29s|train_loss 0.00078905|val_loss 0.00017969
Epoch 417|time: 3.17s|train_loss 0.00077810|val_loss 0.00017865
Epoch 418|time: 3.18s|train_loss 0.00078159|val_loss 0.00017735
Epoch 419|time: 3.18s|train_loss 0.00077886|val_loss 0.00017972
Epoch 420|time: 3.33s|train_loss 0.00079083|val_loss 0.00017716
Epoch 421|time: 3.18s|train_loss 0.00078881|val_loss 0.00017569
Epoch 422|time: 3.19s|train_loss 0.00078249|val_loss 0.00017546
Epoch 423|time: 3.18s|train_loss 0.00077333|val_loss 0.00017927
Epoch 424|time: 3.25s|train_loss 0.00078308|val_loss 0.00017554
Epoch 425|time: 3.30s|train_loss 0.00079050|val_loss 0.00017541
Epoch 426|time: 3.18s|train_loss 0.00078980|val_loss 0.00018820
Epoch 427|time: 3.25s|train_loss 0.00077518|val_loss 0.00017933
Epoch 428|time: 3.18s|train_loss 0.00079159|val_loss 0.00017602
Epoch 429|time: 3.17s|train_loss 0.00079090|val_loss 0.00017507
Epoch 430|time: 3.52s|train_loss 0.00078405|val_loss 0.00019278
Epoch 431|time: 3.29s|train_loss 0.00078094|val_loss 0.00017540
Epoch 432|time: 3.17s|train_loss 0.00079259|val_loss 0.00018165
Epoch 433|time: 3.27s|train_loss 0.00078622|val_loss 0.00017442
Epoch 434|time: 3.24s|train_loss 0.00078126|val_loss 0.00018537
Epoch 435|time: 3.17s|train_loss 0.00080521|val_loss 0.00017368
Best validation epoch: 435 Tue May 23 03:23:13 2023
TEST MAE 0.2106 | std 0.0592 | RMSE 0.3285 | RMSEs 0.3147 | PCC 0.9374 | PCCs 0.9114 | R2 0.8788 | R2s 0.8204 | Var 0.8788 | Vars 0.8229 | Peak 0.1218
Epoch 436|time: 3.17s|train_loss 0.00082041|val_loss 0.00017531
Epoch 437|time: 3.20s|train_loss 0.00079397|val_loss 0.00017404
Epoch 438|time: 3.28s|train_loss 0.00077747|val_loss 0.00018325
Epoch 439|time: 3.25s|train_loss 0.00077939|val_loss 0.00017656
Epoch 440|time: 3.19s|train_loss 0.00078069|val_loss 0.00017393
Epoch 441|time: 3.18s|train_loss 0.00077539|val_loss 0.00017633
Epoch 442|time: 3.16s|train_loss 0.00077453|val_loss 0.00017554
Epoch 443|time: 3.25s|train_loss 0.00078333|val_loss 0.00018766
Epoch 444|time: 3.16s|train_loss 0.00079230|val_loss 0.00017746
Epoch 445|time: 3.31s|train_loss 0.00078813|val_loss 0.00018243
Epoch 446|time: 3.18s|train_loss 0.00081044|val_loss 0.00017890
Epoch 447|time: 3.17s|train_loss 0.00077882|val_loss 0.00018382
Epoch 448|time: 3.34s|train_loss 0.00077218|val_loss 0.00018807
Epoch 449|time: 3.18s|train_loss 0.00078187|val_loss 0.00017527
Epoch 450|time: 3.17s|train_loss 0.00080171|val_loss 0.00018107
Epoch 451|time: 3.29s|train_loss 0.00081007|val_loss 0.00018126
Epoch 452|time: 3.24s|train_loss 0.00077690|val_loss 0.00018190
Epoch 453|time: 3.18s|train_loss 0.00077325|val_loss 0.00017345
Best validation epoch: 453 Tue May 23 03:24:12 2023
TEST MAE 0.2075 | std 0.0607 | RMSE 0.3267 | RMSEs 0.3121 | PCC 0.9382 | PCCs 0.9131 | R2 0.8801 | R2s 0.8241 | Var 0.8802 | Vars 0.8263 | Peak 0.1226
Epoch 454|time: 3.27s|train_loss 0.00076599|val_loss 0.00017457
Epoch 455|time: 3.17s|train_loss 0.00076413|val_loss 0.00018525
Epoch 456|time: 3.28s|train_loss 0.00077417|val_loss 0.00017351
Epoch 457|time: 3.18s|train_loss 0.00076940|val_loss 0.00018459
Epoch 458|time: 3.16s|train_loss 0.00076836|val_loss 0.00017892
Epoch 459|time: 3.18s|train_loss 0.00076697|val_loss 0.00017549
Epoch 460|time: 3.19s|train_loss 0.00076226|val_loss 0.00017555
Epoch 461|time: 3.17s|train_loss 0.00075982|val_loss 0.00018691
Epoch 462|time: 3.31s|train_loss 0.00079106|val_loss 0.00017234
Best validation epoch: 462 Tue May 23 03:24:42 2023
TEST MAE 0.2121 | std 0.0596 | RMSE 0.3291 | RMSEs 0.3154 | PCC 0.9375 | PCCs 0.9118 | R2 0.8783 | R2s 0.8190 | Var 0.8786 | Vars 0.8227 | Peak 0.1208
Epoch 463|time: 3.28s|train_loss 0.00076421|val_loss 0.00017922
Epoch 464|time: 3.17s|train_loss 0.00076702|val_loss 0.00017539
Epoch 465|time: 3.18s|train_loss 0.00076533|val_loss 0.00018722
Epoch 466|time: 3.34s|train_loss 0.00079340|val_loss 0.00018886
Epoch 467|time: 3.16s|train_loss 0.00077915|val_loss 0.00017378
Epoch 468|time: 3.17s|train_loss 0.00078175|val_loss 0.00017326
Epoch 469|time: 3.25s|train_loss 0.00076396|val_loss 0.00017302
Epoch 470|time: 3.29s|train_loss 0.00076312|val_loss 0.00018195
Epoch 471|time: 3.17s|train_loss 0.00077357|val_loss 0.00018950
Epoch 472|time: 3.18s|train_loss 0.00077565|val_loss 0.00017603
Epoch 473|time: 3.19s|train_loss 0.00075605|val_loss 0.00017566
Epoch 474|time: 3.16s|train_loss 0.00076711|val_loss 0.00017583
Epoch 475|time: 3.24s|train_loss 0.00077355|val_loss 0.00017693
Epoch 476|time: 3.28s|train_loss 0.00076992|val_loss 0.00019780
Epoch 477|time: 3.18s|train_loss 0.00076183|val_loss 0.00019344
Epoch 478|time: 3.17s|train_loss 0.00078845|val_loss 0.00018021
Epoch 479|time: 3.20s|train_loss 0.00078340|val_loss 0.00017640
Epoch 480|time: 3.29s|train_loss 0.00077043|val_loss 0.00017444
Epoch 481|time: 3.17s|train_loss 0.00076828|val_loss 0.00018348
Epoch 482|time: 3.18s|train_loss 0.00078641|val_loss 0.00018706
Epoch 483|time: 3.17s|train_loss 0.00076152|val_loss 0.00017322
Epoch 484|time: 3.24s|train_loss 0.00076440|val_loss 0.00017468
Epoch 485|time: 3.30s|train_loss 0.00076621|val_loss 0.00017392
Epoch 486|time: 3.35s|train_loss 0.00077647|val_loss 0.00017617
Epoch 487|time: 3.16s|train_loss 0.00075593|val_loss 0.00017632
Epoch 488|time: 3.28s|train_loss 0.00075726|val_loss 0.00017436
Epoch 489|time: 3.17s|train_loss 0.00076041|val_loss 0.00018624
Epoch 490|time: 3.18s|train_loss 0.00075105|val_loss 0.00017837
Epoch 491|time: 3.26s|train_loss 0.00078336|val_loss 0.00019360
Epoch 492|time: 3.17s|train_loss 0.00077920|val_loss 0.00017563
Epoch 493|time: 3.18s|train_loss 0.00076219|val_loss 0.00017203
Best validation epoch: 493 Tue May 23 03:26:22 2023
TEST MAE 0.2094 | std 0.0599 | RMSE 0.3286 | RMSEs 0.3145 | PCC 0.9375 | PCCs 0.9121 | R2 0.8787 | R2s 0.8206 | Var 0.8787 | Vars 0.8230 | Peak 0.1221
Epoch 494|time: 3.38s|train_loss 0.00076058|val_loss 0.00018507
Epoch 495|time: 3.17s|train_loss 0.00076718|val_loss 0.00017789
Epoch 496|time: 3.16s|train_loss 0.00075517|val_loss 0.00018509
Epoch 497|time: 3.32s|train_loss 0.00078166|val_loss 0.00017163
Best validation epoch: 497 Tue May 23 03:26:36 2023
TEST MAE 0.2108 | std 0.0594 | RMSE 0.3298 | RMSEs 0.3159 | PCC 0.9370 | PCCs 0.9114 | R2 0.8778 | R2s 0.8186 | Var 0.8779 | Vars 0.8221 | Peak 0.1218
Epoch 498|time: 3.27s|train_loss 0.00075879|val_loss 0.00017399
Epoch 499|time: 3.17s|train_loss 0.00075562|val_loss 0.00017617
Epoch 500|time: 3.37s|train_loss 0.00074936|val_loss 0.00018062
Final evaluation
TEST MAE 0.2108 | std 0.0594 | RMSE 0.3298 | RMSEs 0.3159 | PCC 0.9370 | PCCs 0.9114 | R2 0.8778 | R2s 0.8186 | Var 0.8779 | Vars 0.8221 | Peak 0.1218
