--------Parameters--------
Namespace(batch=32, bi=False, check_point=1, cuda=False, dataset='us_hhs', dropout=0.2, epilambda=0.5, epochs=500, gpu=3, hidsp=15, horizon=4, k=10, lamda=0.01, lr=0.1, model='cola_gnn_epi', mylog=False, n_hidden=20, n_layer=1, patience=200, rnn_model='RNN', save_dir='save', seed=42, shuffle=False, sim_mat='us_hhs-adj', test=0.2, train=0.6, val=0.2, weight_decay=0.0005, window=20)
--------------------------
data shape (364, 10)
size of train/val/test sets 195 73 73
#params: 5145
begin training
Epoch   1|time: 3.80s|train_loss 0.01915823|val_loss 0.00218269
Best validation epoch: 1 Tue May 23 22:55:44 2023
TEST MAE 2.4346 | std 0.7857 | RMSE 2.6349 | RMSEs 2.5134 | PCC 0.1495 | PCCs 0.5694 | R2 -6.7988 | R2s -10.4723 | Var -0.1406 | Vars 0.3183 | Peak 1.0959
Epoch   2|time: 3.75s|train_loss 0.02016559|val_loss 0.00055190
Best validation epoch: 2 Tue May 23 22:55:49 2023
TEST MAE 0.9506 | std 0.3422 | RMSE 1.2685 | RMSEs 1.2004 | PCC 0.3723 | PCCs 0.1090 | R2 -0.8076 | R2s -1.5242 | Var 0.1385 | Vars -0.0528 | Peak 0.6164
Epoch   3|time: 3.30s|train_loss 0.01901668|val_loss 0.00220067
Epoch   4|time: 4.01s|train_loss 0.02096010|val_loss 0.00138481
Epoch   5|time: 3.37s|train_loss 0.01550345|val_loss 0.00076491
Epoch   6|time: 3.31s|train_loss 0.01342370|val_loss 0.00057415
Epoch   7|time: 3.54s|train_loss 0.01212809|val_loss 0.00052866
Best validation epoch: 7 Tue May 23 22:56:07 2023
TEST MAE 0.5927 | std 0.1974 | RMSE 0.8550 | RMSEs 0.8100 | PCC 0.5424 | PCCs 0.6804 | R2 0.1788 | R2s -0.1417 | Var 0.2680 | Vars 0.0293 | Peak 0.3949
Epoch   8|time: 3.45s|train_loss 0.01165721|val_loss 0.00084275
Epoch   9|time: 4.27s|train_loss 0.01145056|val_loss 0.00047789
Best validation epoch: 9 Tue May 23 22:56:16 2023
TEST MAE 0.5836 | std 0.2157 | RMSE 0.8653 | RMSEs 0.8168 | PCC 0.6502 | PCCs 0.6833 | R2 0.1589 | R2s -0.1565 | Var 0.3404 | Vars 0.1310 | Peak 0.4200
Epoch  10|time: 3.50s|train_loss 0.01129896|val_loss 0.00047375
Best validation epoch: 10 Tue May 23 22:56:20 2023
TEST MAE 0.7016 | std 0.2767 | RMSE 0.9938 | RMSEs 0.9417 | PCC 0.7735 | PCCs 0.6958 | R2 -0.1095 | R2s -0.5482 | Var 0.4221 | Vars 0.2725 | Peak 0.4938
Epoch  11|time: 3.58s|train_loss 0.01208334|val_loss 0.00130634
Epoch  12|time: 3.35s|train_loss 0.01210932|val_loss 0.00100946
Epoch  13|time: 3.57s|train_loss 0.01188161|val_loss 0.00044290
Best validation epoch: 13 Tue May 23 22:56:32 2023
TEST MAE 0.4973 | std 0.1609 | RMSE 0.7308 | RMSEs 0.6952 | PCC 0.7328 | PCCs 0.7052 | R2 0.4000 | R2s 0.1560 | Var 0.4579 | Vars 0.2664 | Peak 0.3281
Epoch  14|time: 3.53s|train_loss 0.01168676|val_loss 0.00045222
Epoch  15|time: 3.30s|train_loss 0.01149751|val_loss 0.00106147
Epoch  16|time: 3.17s|train_loss 0.01135447|val_loss 0.00108468
Epoch  17|time: 3.15s|train_loss 0.01128697|val_loss 0.00114048
Epoch  18|time: 3.25s|train_loss 0.01167524|val_loss 0.00227307
Epoch  19|time: 3.32s|train_loss 0.01172822|val_loss 0.00148808
Epoch  20|time: 3.83s|train_loss 0.01141841|val_loss 0.00057818
Epoch  21|time: 3.40s|train_loss 0.01065503|val_loss 0.00037890
Best validation epoch: 21 Tue May 23 22:57:00 2023
TEST MAE 0.5700 | std 0.2092 | RMSE 0.8335 | RMSEs 0.7945 | PCC 0.8078 | PCCs 0.6957 | R2 0.2196 | R2s -0.1067 | Var 0.5520 | Vars 0.4055 | Peak 0.3994
Epoch  22|time: 3.40s|train_loss 0.01025485|val_loss 0.00151040
Epoch  23|time: 3.65s|train_loss 0.01190777|val_loss 0.00186938
Epoch  24|time: 3.66s|train_loss 0.01105360|val_loss 0.00173457
Epoch  25|time: 3.64s|train_loss 0.01076384|val_loss 0.00050858
Epoch  26|time: 3.51s|train_loss 0.01191253|val_loss 0.00111499
Epoch  27|time: 3.26s|train_loss 0.01123254|val_loss 0.00036149
Best validation epoch: 27 Tue May 23 22:57:22 2023
TEST MAE 0.5422 | std 0.1982 | RMSE 0.8043 | RMSEs 0.7658 | PCC 0.7792 | PCCs 0.6473 | R2 0.2732 | R2s -0.0268 | Var 0.5247 | Vars 0.3587 | Peak 0.3859
Epoch  28|time: 3.33s|train_loss 0.01009858|val_loss 0.00073558
Epoch  29|time: 3.60s|train_loss 0.01118728|val_loss 0.00031035
Best validation epoch: 29 Tue May 23 22:57:29 2023
TEST MAE 0.4309 | std 0.1144 | RMSE 0.6017 | RMSEs 0.5793 | PCC 0.8318 | PCCs 0.7490 | R2 0.5933 | R2s 0.4014 | Var 0.6877 | Vars 0.5472 | Peak 0.2568
Epoch  30|time: 3.58s|train_loss 0.01114582|val_loss 0.00140051
Epoch  31|time: 3.55s|train_loss 0.01128723|val_loss 0.00081294
Epoch  32|time: 3.85s|train_loss 0.01125688|val_loss 0.00056625
Epoch  33|time: 4.16s|train_loss 0.01104471|val_loss 0.00119291
Epoch  34|time: 3.25s|train_loss 0.01110541|val_loss 0.00131680
Epoch  35|time: 3.32s|train_loss 0.01123655|val_loss 0.00094287
Epoch  36|time: 3.14s|train_loss 0.01108904|val_loss 0.00066578
Epoch  37|time: 3.27s|train_loss 0.01091957|val_loss 0.00065310
Epoch  38|time: 3.72s|train_loss 0.01087723|val_loss 0.00063221
Epoch  39|time: 3.34s|train_loss 0.01095605|val_loss 0.00114473
Epoch  40|time: 3.35s|train_loss 0.01132475|val_loss 0.00057815
Epoch  41|time: 3.17s|train_loss 0.01119472|val_loss 0.00077191
Epoch  42|time: 3.18s|train_loss 0.01091568|val_loss 0.00033443
Epoch  43|time: 3.33s|train_loss 0.01075535|val_loss 0.00036877
Epoch  44|time: 3.19s|train_loss 0.01104652|val_loss 0.00030364
Best validation epoch: 44 Tue May 23 22:58:21 2023
TEST MAE 0.5049 | std 0.1535 | RMSE 0.7122 | RMSEs 0.6873 | PCC 0.8112 | PCCs 0.7041 | R2 0.4303 | R2s 0.1516 | Var 0.6486 | Vars 0.4953 | Peak 0.3208
Epoch  45|time: 3.43s|train_loss 0.01085896|val_loss 0.00058475
Epoch  46|time: 3.62s|train_loss 0.01080206|val_loss 0.00065566
Epoch  47|time: 3.30s|train_loss 0.01087410|val_loss 0.00067070
Epoch  48|time: 3.25s|train_loss 0.01107151|val_loss 0.00117219
Epoch  49|time: 3.42s|train_loss 0.01127184|val_loss 0.00095583
Epoch  50|time: 3.36s|train_loss 0.01099779|val_loss 0.00045068
Epoch  51|time: 3.38s|train_loss 0.01079304|val_loss 0.00098959
Epoch  52|time: 3.36s|train_loss 0.01100263|val_loss 0.00032095
Epoch  53|time: 3.65s|train_loss 0.01083479|val_loss 0.00056916
Epoch  54|time: 3.50s|train_loss 0.01097236|val_loss 0.00039449
Epoch  55|time: 3.36s|train_loss 0.01102073|val_loss 0.00052842
Epoch  56|time: 3.39s|train_loss 0.01120598|val_loss 0.00176775
Epoch  57|time: 3.34s|train_loss 0.01162071|val_loss 0.00229989
Epoch  58|time: 3.46s|train_loss 0.01173286|val_loss 0.00216405
Epoch  59|time: 3.56s|train_loss 0.01150880|val_loss 0.00106697
Epoch  60|time: 3.82s|train_loss 0.01109660|val_loss 0.00059817
Epoch  61|time: 3.26s|train_loss 0.01096436|val_loss 0.00059868
Epoch  62|time: 3.47s|train_loss 0.01084833|val_loss 0.00053701
Epoch  63|time: 3.37s|train_loss 0.01083351|val_loss 0.00032218
Epoch  64|time: 3.26s|train_loss 0.01082386|val_loss 0.00029480
Best validation epoch: 64 Tue May 23 22:59:31 2023
TEST MAE 0.4047 | std 0.1111 | RMSE 0.5831 | RMSEs 0.5640 | PCC 0.8252 | PCCs 0.7214 | R2 0.6180 | R2s 0.4267 | Var 0.6773 | Vars 0.5170 | Peak 0.2582
Epoch  65|time: 3.44s|train_loss 0.01088399|val_loss 0.00087393
Epoch  66|time: 3.59s|train_loss 0.01089125|val_loss 0.00055845
Epoch  67|time: 3.53s|train_loss 0.01084718|val_loss 0.00033829
Epoch  68|time: 3.38s|train_loss 0.01353925|val_loss 0.02095567
Epoch  69|time: 3.58s|train_loss 0.02038541|val_loss 0.00889008
Epoch  70|time: 3.53s|train_loss 0.01614939|val_loss 0.01277807
Epoch  71|time: 3.34s|train_loss 0.01427001|val_loss 0.00156368
Epoch  72|time: 3.89s|train_loss 0.01212678|val_loss 0.00134740
Epoch  73|time: 3.94s|train_loss 0.01246878|val_loss 0.00577916
Epoch  74|time: 3.46s|train_loss 0.01421293|val_loss 0.00213451
Epoch  75|time: 3.29s|train_loss 0.01300612|val_loss 0.00111554
Epoch  76|time: 3.21s|train_loss 0.01122620|val_loss 0.00075735
Epoch  77|time: 3.37s|train_loss 0.01254634|val_loss 0.00128439
Epoch  78|time: 3.44s|train_loss 0.01137424|val_loss 0.00053295
Epoch  79|time: 3.48s|train_loss 0.01120999|val_loss 0.00080471
Epoch  80|time: 3.75s|train_loss 0.01116622|val_loss 0.00125031
Epoch  81|time: 3.31s|train_loss 0.01134844|val_loss 0.00182091
Epoch  82|time: 3.42s|train_loss 0.01136223|val_loss 0.00081567
Epoch  83|time: 3.68s|train_loss 0.01126563|val_loss 0.00069856
Epoch  84|time: 3.66s|train_loss 0.01116683|val_loss 0.00056333
Epoch  85|time: 3.53s|train_loss 0.01110238|val_loss 0.00055877
Epoch  86|time: 3.50s|train_loss 0.01114001|val_loss 0.00097370
Epoch  87|time: 3.24s|train_loss 0.01135479|val_loss 0.00141331
Epoch  88|time: 3.64s|train_loss 0.01149109|val_loss 0.00186094
Epoch  89|time: 3.75s|train_loss 0.01191649|val_loss 0.00213789
Epoch  90|time: 3.50s|train_loss 0.01191926|val_loss 0.00210726
Epoch  91|time: 3.88s|train_loss 0.01183700|val_loss 0.00206262
Epoch  92|time: 3.13s|train_loss 0.01191708|val_loss 0.00327474
Epoch  93|time: 3.16s|train_loss 0.01295321|val_loss 0.00056282
Epoch  94|time: 3.22s|train_loss 0.01176345|val_loss 0.00112710
Epoch  95|time: 3.16s|train_loss 0.01186247|val_loss 0.00069608
Epoch  96|time: 3.17s|train_loss 0.01185609|val_loss 0.00076784
Epoch  97|time: 3.47s|train_loss 0.01176793|val_loss 0.00148926
Epoch  98|time: 3.43s|train_loss 0.01175401|val_loss 0.00066653
Epoch  99|time: 3.61s|train_loss 0.01153147|val_loss 0.00054473
Epoch 100|time: 3.21s|train_loss 0.01148401|val_loss 0.00056324
Epoch 101|time: 3.25s|train_loss 0.01142305|val_loss 0.00101811
Epoch 102|time: 3.22s|train_loss 0.01105156|val_loss 0.00072184
Epoch 103|time: 3.26s|train_loss 0.01107196|val_loss 0.00054969
Epoch 104|time: 3.74s|train_loss 0.01101184|val_loss 0.00089456
Epoch 105|time: 3.38s|train_loss 0.01117905|val_loss 0.00103051
Epoch 106|time: 3.29s|train_loss 0.01360020|val_loss 0.00171512
Epoch 107|time: 3.51s|train_loss 0.01300177|val_loss 0.00387263
Epoch 108|time: 3.25s|train_loss 0.01309088|val_loss 0.00155342
Epoch 109|time: 3.50s|train_loss 0.01184125|val_loss 0.00145997
Epoch 110|time: 3.42s|train_loss 0.01139141|val_loss 0.00067802
Epoch 111|time: 3.25s|train_loss 0.01136342|val_loss 0.00140715
Epoch 112|time: 3.56s|train_loss 0.01170537|val_loss 0.00053956
Epoch 113|time: 4.13s|train_loss 0.01097466|val_loss 0.00111295
Epoch 114|time: 3.44s|train_loss 0.01150595|val_loss 0.00066123
Epoch 115|time: 3.38s|train_loss 0.01138476|val_loss 0.00082015
Epoch 116|time: 3.64s|train_loss 0.01117058|val_loss 0.00069155
Epoch 117|time: 3.55s|train_loss 0.01120232|val_loss 0.00093989
Epoch 118|time: 3.61s|train_loss 0.01118527|val_loss 0.00062334
Epoch 119|time: 3.35s|train_loss 0.01101787|val_loss 0.00062662
Epoch 120|time: 3.26s|train_loss 0.01104129|val_loss 0.00067377
Epoch 121|time: 3.53s|train_loss 0.01114123|val_loss 0.00054685
Epoch 122|time: 3.44s|train_loss 0.01111612|val_loss 0.00054172
Epoch 123|time: 3.24s|train_loss 0.01112711|val_loss 0.00053651
Epoch 124|time: 3.51s|train_loss 0.01107531|val_loss 0.00055219
Epoch 125|time: 3.28s|train_loss 0.01122584|val_loss 0.00053492
Epoch 126|time: 3.27s|train_loss 0.01110029|val_loss 0.00053542
Epoch 127|time: 3.53s|train_loss 0.01102620|val_loss 0.00110927
Epoch 128|time: 3.31s|train_loss 0.01133675|val_loss 0.00053755
Epoch 129|time: 3.29s|train_loss 0.01119326|val_loss 0.00054354
Epoch 130|time: 3.29s|train_loss 0.01121383|val_loss 0.00080064
Epoch 131|time: 3.47s|train_loss 0.01119449|val_loss 0.00053487
Epoch 132|time: 3.86s|train_loss 0.01125527|val_loss 0.00056749
Epoch 133|time: 3.23s|train_loss 0.01142712|val_loss 0.00091830
Epoch 134|time: 3.22s|train_loss 0.01112334|val_loss 0.00063935
Epoch 135|time: 3.26s|train_loss 0.01102394|val_loss 0.00110795
Epoch 136|time: 3.22s|train_loss 0.01147093|val_loss 0.00126831
Epoch 137|time: 3.30s|train_loss 0.01155045|val_loss 0.00053600
Epoch 138|time: 3.62s|train_loss 0.01150991|val_loss 0.00122111
Epoch 139|time: 3.84s|train_loss 0.01141553|val_loss 0.00098900
Epoch 140|time: 3.36s|train_loss 0.01122728|val_loss 0.00058153
Epoch 141|time: 3.33s|train_loss 0.01103944|val_loss 0.00054740
Epoch 142|time: 3.67s|train_loss 0.01103183|val_loss 0.00065174
Epoch 143|time: 3.29s|train_loss 0.01109652|val_loss 0.00054579
Epoch 144|time: 3.50s|train_loss 0.01108420|val_loss 0.00059969
Epoch 145|time: 3.75s|train_loss 0.01162173|val_loss 0.00062212
Epoch 146|time: 3.28s|train_loss 0.01114793|val_loss 0.00058384
Epoch 147|time: 3.65s|train_loss 0.01122708|val_loss 0.00061448
Epoch 148|time: 3.32s|train_loss 0.01129206|val_loss 0.00056816
Epoch 149|time: 3.56s|train_loss 0.01104979|val_loss 0.00056345
Epoch 150|time: 3.67s|train_loss 0.01119282|val_loss 0.00057448
Epoch 151|time: 3.43s|train_loss 0.01100052|val_loss 0.00074718
Epoch 152|time: 3.35s|train_loss 0.01115629|val_loss 0.00059406
Epoch 153|time: 3.59s|train_loss 0.01116900|val_loss 0.00053432
Epoch 154|time: 3.76s|train_loss 0.01128581|val_loss 0.00124344
Epoch 155|time: 3.90s|train_loss 0.01110414|val_loss 0.00100742
Epoch 156|time: 3.31s|train_loss 0.01111673|val_loss 0.00082898
Epoch 157|time: 3.15s|train_loss 0.01100676|val_loss 0.00054094
Epoch 158|time: 3.42s|train_loss 0.01067998|val_loss 0.00060853
Epoch 159|time: 3.62s|train_loss 0.01082435|val_loss 0.00126317
Epoch 160|time: 3.26s|train_loss 0.01112752|val_loss 0.00053355
Epoch 161|time: 3.30s|train_loss 0.01079886|val_loss 0.00142503
Epoch 162|time: 3.56s|train_loss 0.01111874|val_loss 0.00120063
Epoch 163|time: 3.54s|train_loss 0.01124141|val_loss 0.00068731
Epoch 164|time: 3.54s|train_loss 0.01072398|val_loss 0.00062391
Epoch 165|time: 3.24s|train_loss 0.01093726|val_loss 0.00120492
Epoch 166|time: 3.46s|train_loss 0.01106655|val_loss 0.00095772
Epoch 167|time: 4.01s|train_loss 0.01096060|val_loss 0.00056801
Epoch 168|time: 3.76s|train_loss 0.01074834|val_loss 0.00075102
Epoch 169|time: 3.45s|train_loss 0.01100040|val_loss 0.00182599
Epoch 170|time: 3.36s|train_loss 0.01184884|val_loss 0.00085848
Epoch 171|time: 3.57s|train_loss 0.01153697|val_loss 0.00151910
Epoch 172|time: 3.19s|train_loss 0.01146922|val_loss 0.00130897
Epoch 173|time: 3.52s|train_loss 0.01169051|val_loss 0.00132890
Epoch 174|time: 3.16s|train_loss 0.01153536|val_loss 0.00112356
Epoch 175|time: 3.16s|train_loss 0.01124204|val_loss 0.00116344
Epoch 176|time: 3.21s|train_loss 0.01146669|val_loss 0.00098254
Epoch 177|time: 3.24s|train_loss 0.01097974|val_loss 0.00085580
Epoch 178|time: 3.16s|train_loss 0.01220893|val_loss 0.00066457
Epoch 179|time: 3.23s|train_loss 0.01155279|val_loss 0.00081304
Epoch 180|time: 3.16s|train_loss 0.01140702|val_loss 0.00068667
Epoch 181|time: 3.23s|train_loss 0.01132227|val_loss 0.00056797
Epoch 182|time: 3.23s|train_loss 0.01128284|val_loss 0.00088703
Epoch 183|time: 3.15s|train_loss 0.01117816|val_loss 0.00060690
Epoch 184|time: 3.16s|train_loss 0.01117177|val_loss 0.00105868
Epoch 185|time: 3.17s|train_loss 0.01127984|val_loss 0.00096705
Epoch 186|time: 3.15s|train_loss 0.01146806|val_loss 0.00068993
Epoch 187|time: 3.24s|train_loss 0.01130062|val_loss 0.00053679
Epoch 188|time: 3.17s|train_loss 0.01143778|val_loss 0.00105289
Epoch 189|time: 3.30s|train_loss 0.01145121|val_loss 0.00116737
Epoch 190|time: 3.38s|train_loss 0.01136174|val_loss 0.00065172
Epoch 191|time: 3.26s|train_loss 0.01134846|val_loss 0.00081553
Epoch 192|time: 3.43s|train_loss 0.01141349|val_loss 0.00056050
Epoch 193|time: 3.15s|train_loss 0.01124667|val_loss 0.00067722
Epoch 194|time: 3.15s|train_loss 0.01119304|val_loss 0.00124818
Epoch 195|time: 3.34s|train_loss 0.01159452|val_loss 0.00054021
Epoch 196|time: 3.15s|train_loss 0.01119673|val_loss 0.00072712
Epoch 197|time: 3.16s|train_loss 0.01111490|val_loss 0.00062341
Epoch 198|time: 3.28s|train_loss 0.01100531|val_loss 0.00071000
Epoch 199|time: 3.16s|train_loss 0.01117819|val_loss 0.00089304
Epoch 200|time: 3.27s|train_loss 0.01119000|val_loss 0.00094841
Epoch 201|time: 3.26s|train_loss 0.01133802|val_loss 0.00054177
Epoch 202|time: 3.17s|train_loss 0.01117669|val_loss 0.00061262
Epoch 203|time: 3.15s|train_loss 0.01103265|val_loss 0.00056047
Epoch 204|time: 3.23s|train_loss 0.01100945|val_loss 0.00083002
Epoch 205|time: 3.23s|train_loss 0.01115635|val_loss 0.00087064
Epoch 206|time: 3.17s|train_loss 0.01102721|val_loss 0.00067915
Epoch 207|time: 3.23s|train_loss 0.01101092|val_loss 0.00061502
Epoch 208|time: 3.21s|train_loss 0.01098650|val_loss 0.00088750
Epoch 209|time: 3.40s|train_loss 0.01106758|val_loss 0.00087953
Epoch 210|time: 3.21s|train_loss 0.01127433|val_loss 0.00095216
Epoch 211|time: 3.15s|train_loss 0.01139056|val_loss 0.00082125
Epoch 212|time: 3.14s|train_loss 0.01121307|val_loss 0.00059792
Epoch 213|time: 3.26s|train_loss 0.01126012|val_loss 0.00081877
Epoch 214|time: 3.22s|train_loss 0.01128844|val_loss 0.00056089
Epoch 215|time: 3.16s|train_loss 0.01110877|val_loss 0.00053473
Epoch 216|time: 3.15s|train_loss 0.01105741|val_loss 0.00055342
Epoch 217|time: 3.24s|train_loss 0.01103878|val_loss 0.00055356
Epoch 218|time: 3.13s|train_loss 0.01105865|val_loss 0.00111433
Epoch 219|time: 3.24s|train_loss 0.01127232|val_loss 0.00053345
Epoch 220|time: 3.35s|train_loss 0.01127186|val_loss 0.00074011
Epoch 221|time: 3.15s|train_loss 0.01125537|val_loss 0.00080391
Epoch 222|time: 3.17s|train_loss 0.01095559|val_loss 0.00109604
Epoch 223|time: 3.46s|train_loss 0.01138039|val_loss 0.00053302
Epoch 224|time: 3.13s|train_loss 0.01126501|val_loss 0.00096333
Epoch 225|time: 3.15s|train_loss 0.01129882|val_loss 0.00073359
Epoch 226|time: 3.28s|train_loss 0.01112714|val_loss 0.00107739
Epoch 227|time: 3.39s|train_loss 0.01130215|val_loss 0.00053989
Epoch 228|time: 3.13s|train_loss 0.01099497|val_loss 0.00054539
Epoch 229|time: 3.28s|train_loss 0.01095582|val_loss 0.00053272
Epoch 230|time: 3.14s|train_loss 0.01099033|val_loss 0.00065471
Epoch 231|time: 3.14s|train_loss 0.01120716|val_loss 0.00070987
Epoch 232|time: 3.26s|train_loss 0.01114752|val_loss 0.00053336
Epoch 233|time: 3.21s|train_loss 0.01162928|val_loss 0.00124844
Epoch 234|time: 3.15s|train_loss 0.01176521|val_loss 0.00333226
Epoch 235|time: 3.26s|train_loss 0.01302585|val_loss 0.00195990
Epoch 236|time: 3.15s|train_loss 0.01197393|val_loss 0.00146147
Epoch 237|time: 3.25s|train_loss 0.01157297|val_loss 0.00089295
Epoch 238|time: 3.24s|train_loss 0.01124640|val_loss 0.00102670
Epoch 239|time: 3.16s|train_loss 0.01127662|val_loss 0.00100366
Epoch 240|time: 3.17s|train_loss 0.01124303|val_loss 0.00054428
Epoch 241|time: 3.36s|train_loss 0.01150486|val_loss 0.00135050
Epoch 242|time: 3.14s|train_loss 0.01150640|val_loss 0.00053436
Epoch 243|time: 3.16s|train_loss 0.01109504|val_loss 0.00065639
Epoch 244|time: 3.14s|train_loss 0.01088966|val_loss 0.00057643
Epoch 245|time: 3.26s|train_loss 0.01074620|val_loss 0.00077021
Epoch 246|time: 3.42s|train_loss 0.01125826|val_loss 0.00079816
Epoch 247|time: 3.23s|train_loss 0.01095005|val_loss 0.00065184
Epoch 248|time: 3.25s|train_loss 0.01097762|val_loss 0.00054157
Epoch 249|time: 3.13s|train_loss 0.01092838|val_loss 0.00113098
Epoch 250|time: 3.14s|train_loss 0.01102855|val_loss 0.00080958
Epoch 251|time: 3.21s|train_loss 0.01105276|val_loss 0.00071033
Epoch 252|time: 3.28s|train_loss 0.01096860|val_loss 0.00118447
Epoch 253|time: 3.13s|train_loss 0.01122388|val_loss 0.00053234
Epoch 254|time: 3.28s|train_loss 0.01086150|val_loss 0.00102151
Epoch 255|time: 3.24s|train_loss 0.01084829|val_loss 0.00134472
Epoch 256|time: 3.14s|train_loss 0.01117455|val_loss 0.00082777
Epoch 257|time: 3.27s|train_loss 0.01120977|val_loss 0.00121929
Epoch 258|time: 3.13s|train_loss 0.01084811|val_loss 0.00054916
Epoch 259|time: 3.16s|train_loss 0.01088366|val_loss 0.00060730
Epoch 260|time: 3.37s|train_loss 0.01083648|val_loss 0.00070276
Epoch 261|time: 3.14s|train_loss 0.01086715|val_loss 0.00060603
Epoch 262|time: 3.13s|train_loss 0.01089551|val_loss 0.00157391
Epoch 263|time: 3.31s|train_loss 0.01120537|val_loss 0.00089606
Epoch 264|time: 3.18s|train_loss 0.01094899|val_loss 0.00156058
Final evaluation
TEST MAE 0.4047 | std 0.1111 | RMSE 0.5831 | RMSEs 0.5640 | PCC 0.8252 | PCCs 0.7214 | R2 0.6180 | R2s 0.4267 | Var 0.6773 | Vars 0.5170 | Peak 0.2582
