--------Parameters--------
Namespace(batch=32, bi=False, check_point=1, cuda=False, dataset='us_hhs', dropout=0.2, epilambda=1.0, epochs=500, gpu=3, hidsp=15, horizon=1, k=10, lamda=0.01, lr=0.001, model='cola_gnn_epi', mylog=False, n_hidden=20, n_layer=1, patience=200, rnn_model='RNN', save_dir='save', seed=42, shuffle=False, sim_mat='us_hhs-adj', test=0.2, train=0.6, val=0.2, weight_decay=0.0005, window=20)
--------------------------
data shape (364, 10)
size of train/val/test sets 198 73 73
#params: 5145
begin training
Epoch   1|time: 3.16s|train_loss 0.00928465|val_loss 0.00044760
Best validation epoch: 1 Mon May 22 16:46:44 2023
TEST MAE 0.4851 | std 0.1859 | RMSE 0.7157 | RMSEs 0.6757 | PCC 0.8802 | PCCs 0.8477 | R2 0.4245 | R2s 0.2077 | Var 0.6561 | Vars 0.5617 | Peak 0.3493
Epoch   2|time: 3.30s|train_loss 0.00716656|val_loss 0.00060829
Epoch   3|time: 3.45s|train_loss 0.00658574|val_loss 0.00036174
Best validation epoch: 3 Mon May 22 16:46:52 2023
TEST MAE 0.4004 | std 0.1455 | RMSE 0.5696 | RMSEs 0.5398 | PCC 0.9336 | PCCs 0.9127 | R2 0.6356 | R2s 0.4935 | Var 0.8077 | Vars 0.7592 | Peak 0.2605
Epoch   4|time: 3.43s|train_loss 0.00631029|val_loss 0.00022376
Best validation epoch: 4 Mon May 22 16:46:56 2023
TEST MAE 0.2408 | std 0.0739 | RMSE 0.3746 | RMSEs 0.3523 | PCC 0.9330 | PCCs 0.9173 | R2 0.8424 | R2s 0.7816 | Var 0.8465 | Vars 0.7964 | Peak 0.1410
Epoch   5|time: 3.24s|train_loss 0.00611829|val_loss 0.00022790
Epoch   6|time: 3.47s|train_loss 0.00601742|val_loss 0.00026622
Epoch   7|time: 3.25s|train_loss 0.00598915|val_loss 0.00019179
Best validation epoch: 7 Mon May 22 16:47:07 2023
TEST MAE 0.2420 | std 0.0619 | RMSE 0.3388 | RMSEs 0.3245 | PCC 0.9389 | PCCs 0.9244 | R2 0.8710 | R2s 0.8072 | Var 0.8798 | Vars 0.8420 | Peak 0.1201
Epoch   8|time: 3.24s|train_loss 0.00594672|val_loss 0.00019802
Epoch   9|time: 3.37s|train_loss 0.00591340|val_loss 0.00017142
Best validation epoch: 9 Mon May 22 16:47:14 2023
TEST MAE 0.2068 | std 0.0629 | RMSE 0.3166 | RMSEs 0.2989 | PCC 0.9435 | PCCs 0.9287 | R2 0.8874 | R2s 0.8404 | Var 0.8876 | Vars 0.8509 | Peak 0.1198
Epoch  10|time: 3.38s|train_loss 0.00588756|val_loss 0.00017260
Epoch  11|time: 3.27s|train_loss 0.00584303|val_loss 0.00016777
Best validation epoch: 11 Mon May 22 16:47:21 2023
TEST MAE 0.1998 | std 0.0617 | RMSE 0.3095 | RMSEs 0.2914 | PCC 0.9467 | PCCs 0.9329 | R2 0.8924 | R2s 0.8488 | Var 0.8924 | Vars 0.8573 | Peak 0.1167
Epoch  12|time: 3.37s|train_loss 0.00582978|val_loss 0.00017492
Epoch  13|time: 3.29s|train_loss 0.00581659|val_loss 0.00016212
Best validation epoch: 13 Mon May 22 16:47:29 2023
TEST MAE 0.1960 | std 0.0618 | RMSE 0.3041 | RMSEs 0.2865 | PCC 0.9474 | PCCs 0.9338 | R2 0.8961 | R2s 0.8534 | Var 0.8962 | Vars 0.8614 | Peak 0.1143
Epoch  14|time: 3.26s|train_loss 0.00574718|val_loss 0.00016123
Best validation epoch: 14 Mon May 22 16:47:33 2023
TEST MAE 0.1916 | std 0.0630 | RMSE 0.3011 | RMSEs 0.2829 | PCC 0.9485 | PCCs 0.9349 | R2 0.8982 | R2s 0.8576 | Var 0.8986 | Vars 0.8637 | Peak 0.1140
Epoch  15|time: 3.31s|train_loss 0.00577640|val_loss 0.00018984
Epoch  16|time: 3.23s|train_loss 0.00571091|val_loss 0.00016579
Epoch  17|time: 3.60s|train_loss 0.00569647|val_loss 0.00017637
Epoch  18|time: 3.26s|train_loss 0.00569201|val_loss 0.00016458
Epoch  19|time: 3.23s|train_loss 0.00565740|val_loss 0.00015793
Best validation epoch: 19 Mon May 22 16:47:50 2023
TEST MAE 0.1871 | std 0.0635 | RMSE 0.2973 | RMSEs 0.2787 | PCC 0.9507 | PCCs 0.9370 | R2 0.9007 | R2s 0.8625 | Var 0.9021 | Vars 0.8676 | Peak 0.1143
Epoch  20|time: 3.24s|train_loss 0.00560584|val_loss 0.00015843
Epoch  21|time: 3.24s|train_loss 0.00565224|val_loss 0.00015392
Best validation epoch: 21 Mon May 22 16:47:57 2023
TEST MAE 0.1869 | std 0.0637 | RMSE 0.2947 | RMSEs 0.2768 | PCC 0.9506 | PCCs 0.9368 | R2 0.9024 | R2s 0.8638 | Var 0.9035 | Vars 0.8677 | Peak 0.1133
Epoch  22|time: 3.38s|train_loss 0.00558925|val_loss 0.00015200
Best validation epoch: 22 Mon May 22 16:48:02 2023
TEST MAE 0.1882 | std 0.0622 | RMSE 0.2934 | RMSEs 0.2765 | PCC 0.9505 | PCCs 0.9365 | R2 0.9033 | R2s 0.8632 | Var 0.9034 | Vars 0.8672 | Peak 0.1116
Epoch  23|time: 3.42s|train_loss 0.00557839|val_loss 0.00015342
Epoch  24|time: 3.31s|train_loss 0.00553516|val_loss 0.00016682
Epoch  25|time: 3.28s|train_loss 0.00551848|val_loss 0.00015752
Epoch  26|time: 3.33s|train_loss 0.00552811|val_loss 0.00015539
Epoch  27|time: 3.19s|train_loss 0.00553677|val_loss 0.00015947
Epoch  28|time: 3.35s|train_loss 0.00553142|val_loss 0.00015833
Epoch  29|time: 3.44s|train_loss 0.00547131|val_loss 0.00015632
Epoch  30|time: 3.20s|train_loss 0.00562945|val_loss 0.00014829
Best validation epoch: 30 Mon May 22 16:48:29 2023
TEST MAE 0.1854 | std 0.0558 | RMSE 0.2840 | RMSEs 0.2696 | PCC 0.9537 | PCCs 0.9403 | R2 0.9094 | R2s 0.8685 | Var 0.9094 | Vars 0.8727 | Peak 0.1057
Epoch  31|time: 3.30s|train_loss 0.00561813|val_loss 0.00016912
Epoch  32|time: 3.20s|train_loss 0.00544431|val_loss 0.00016982
Epoch  33|time: 3.19s|train_loss 0.00546377|val_loss 0.00018262
Epoch  34|time: 3.18s|train_loss 0.00554443|val_loss 0.00014700
Best validation epoch: 34 Mon May 22 16:48:42 2023
TEST MAE 0.1812 | std 0.0545 | RMSE 0.2796 | RMSEs 0.2656 | PCC 0.9551 | PCCs 0.9399 | R2 0.9122 | R2s 0.8727 | Var 0.9123 | Vars 0.8759 | Peak 0.1062
Epoch  35|time: 3.31s|train_loss 0.00548952|val_loss 0.00014613
Best validation epoch: 35 Mon May 22 16:48:47 2023
TEST MAE 0.1817 | std 0.0542 | RMSE 0.2793 | RMSEs 0.2656 | PCC 0.9553 | PCCs 0.9400 | R2 0.9124 | R2s 0.8724 | Var 0.9125 | Vars 0.8758 | Peak 0.1058
Epoch  36|time: 3.18s|train_loss 0.00555069|val_loss 0.00014612
Best validation epoch: 36 Mon May 22 16:48:51 2023
TEST MAE 0.1802 | std 0.0550 | RMSE 0.2791 | RMSEs 0.2648 | PCC 0.9556 | PCCs 0.9401 | R2 0.9125 | R2s 0.8738 | Var 0.9132 | Vars 0.8761 | Peak 0.1076
Epoch  37|time: 3.26s|train_loss 0.00546555|val_loss 0.00014457
Best validation epoch: 37 Mon May 22 16:48:55 2023
TEST MAE 0.1792 | std 0.0543 | RMSE 0.2776 | RMSEs 0.2636 | PCC 0.9558 | PCCs 0.9404 | R2 0.9134 | R2s 0.8747 | Var 0.9136 | Vars 0.8766 | Peak 0.1066
Epoch  38|time: 3.26s|train_loss 0.00544686|val_loss 0.00014393
Best validation epoch: 38 Mon May 22 16:48:59 2023
TEST MAE 0.1782 | std 0.0542 | RMSE 0.2767 | RMSEs 0.2627 | PCC 0.9561 | PCCs 0.9407 | R2 0.9140 | R2s 0.8757 | Var 0.9142 | Vars 0.8776 | Peak 0.1066
Epoch  39|time: 3.19s|train_loss 0.00547764|val_loss 0.00014405
Epoch  40|time: 3.32s|train_loss 0.00546118|val_loss 0.00014412
Epoch  41|time: 3.18s|train_loss 0.00540106|val_loss 0.00014533
Epoch  42|time: 3.26s|train_loss 0.00541392|val_loss 0.00014389
Best validation epoch: 42 Mon May 22 16:49:12 2023
TEST MAE 0.1756 | std 0.0526 | RMSE 0.2739 | RMSEs 0.2599 | PCC 0.9575 | PCCs 0.9418 | R2 0.9157 | R2s 0.8784 | Var 0.9165 | Vars 0.8808 | Peak 0.1055
Epoch  43|time: 3.19s|train_loss 0.00534978|val_loss 0.00014685
Epoch  44|time: 3.21s|train_loss 0.00532719|val_loss 0.00014407
Epoch  45|time: 3.19s|train_loss 0.00528817|val_loss 0.00014491
Epoch  46|time: 3.30s|train_loss 0.00528231|val_loss 0.00014497
Epoch  47|time: 3.19s|train_loss 0.00526759|val_loss 0.00014462
Epoch  48|time: 3.30s|train_loss 0.00526763|val_loss 0.00016517
Epoch  49|time: 3.25s|train_loss 0.00527069|val_loss 0.00015266
Epoch  50|time: 3.19s|train_loss 0.00526776|val_loss 0.00014502
Epoch  51|time: 3.18s|train_loss 0.00522869|val_loss 0.00014916
Epoch  52|time: 3.31s|train_loss 0.00519867|val_loss 0.00014317
Best validation epoch: 52 Mon May 22 16:49:45 2023
TEST MAE 0.1781 | std 0.0509 | RMSE 0.2708 | RMSEs 0.2583 | PCC 0.9583 | PCCs 0.9437 | R2 0.9176 | R2s 0.8788 | Var 0.9183 | Vars 0.8837 | Peak 0.1003
Epoch  53|time: 3.21s|train_loss 0.00520622|val_loss 0.00014409
Epoch  54|time: 3.18s|train_loss 0.00525005|val_loss 0.00014745
Epoch  55|time: 3.20s|train_loss 0.00531804|val_loss 0.00014460
Epoch  56|time: 3.27s|train_loss 0.00529424|val_loss 0.00014240
Best validation epoch: 56 Mon May 22 16:49:59 2023
TEST MAE 0.1740 | std 0.0519 | RMSE 0.2708 | RMSEs 0.2573 | PCC 0.9590 | PCCs 0.9434 | R2 0.9176 | R2s 0.8807 | Var 0.9195 | Vars 0.8840 | Peak 0.1053
Epoch  57|time: 3.22s|train_loss 0.00530527|val_loss 0.00014232
Best validation epoch: 57 Mon May 22 16:50:03 2023
TEST MAE 0.1739 | std 0.0506 | RMSE 0.2671 | RMSEs 0.2545 | PCC 0.9591 | PCCs 0.9436 | R2 0.9199 | R2s 0.8826 | Var 0.9199 | Vars 0.8846 | Peak 0.1010
Epoch  58|time: 3.20s|train_loss 0.00528522|val_loss 0.00014244
Epoch  59|time: 3.26s|train_loss 0.00523173|val_loss 0.00014557
Epoch  60|time: 3.33s|train_loss 0.00529627|val_loss 0.00014459
Epoch  61|time: 3.18s|train_loss 0.00527064|val_loss 0.00016254
Epoch  62|time: 3.18s|train_loss 0.00520754|val_loss 0.00015005
Epoch  63|time: 3.28s|train_loss 0.00530046|val_loss 0.00015633
Epoch  64|time: 3.27s|train_loss 0.00530221|val_loss 0.00014635
Epoch  65|time: 3.28s|train_loss 0.00530347|val_loss 0.00014112
Best validation epoch: 65 Mon May 22 16:50:30 2023
TEST MAE 0.1736 | std 0.0506 | RMSE 0.2673 | RMSEs 0.2547 | PCC 0.9591 | PCCs 0.9441 | R2 0.9197 | R2s 0.8822 | Var 0.9198 | Vars 0.8842 | Peak 0.1006
Epoch  66|time: 3.19s|train_loss 0.00525889|val_loss 0.00014146
Epoch  67|time: 3.19s|train_loss 0.00511579|val_loss 0.00014390
Epoch  68|time: 3.19s|train_loss 0.00516383|val_loss 0.00014378
Epoch  69|time: 3.22s|train_loss 0.00513444|val_loss 0.00015225
Epoch  70|time: 3.26s|train_loss 0.00522547|val_loss 0.00014187
Epoch  71|time: 3.20s|train_loss 0.00518515|val_loss 0.00014559
Epoch  72|time: 3.17s|train_loss 0.00510787|val_loss 0.00015831
Epoch  73|time: 3.18s|train_loss 0.00508379|val_loss 0.00014134
Epoch  74|time: 3.26s|train_loss 0.00510974|val_loss 0.00014686
Epoch  75|time: 3.20s|train_loss 0.00506468|val_loss 0.00014435
Epoch  76|time: 3.21s|train_loss 0.00510398|val_loss 0.00016680
Epoch  77|time: 3.18s|train_loss 0.00512684|val_loss 0.00014578
Epoch  78|time: 3.17s|train_loss 0.00513221|val_loss 0.00019572
Epoch  79|time: 3.26s|train_loss 0.00509723|val_loss 0.00016026
Epoch  80|time: 3.18s|train_loss 0.00508590|val_loss 0.00016123
Epoch  81|time: 3.18s|train_loss 0.00506458|val_loss 0.00023425
Epoch  82|time: 3.30s|train_loss 0.00501295|val_loss 0.00017759
Epoch  83|time: 3.17s|train_loss 0.00509919|val_loss 0.00016458
Epoch  84|time: 3.28s|train_loss 0.00501644|val_loss 0.00014163
Epoch  85|time: 3.19s|train_loss 0.00507504|val_loss 0.00013981
Best validation epoch: 85 Mon May 22 16:51:35 2023
TEST MAE 0.1694 | std 0.0498 | RMSE 0.2625 | RMSEs 0.2500 | PCC 0.9610 | PCCs 0.9461 | R2 0.9226 | R2s 0.8865 | Var 0.9234 | Vars 0.8888 | Peak 0.1002
Epoch  86|time: 3.18s|train_loss 0.00493172|val_loss 0.00013895
Best validation epoch: 86 Mon May 22 16:51:39 2023
TEST MAE 0.1688 | std 0.0484 | RMSE 0.2605 | RMSEs 0.2486 | PCC 0.9613 | PCCs 0.9462 | R2 0.9238 | R2s 0.8875 | Var 0.9239 | Vars 0.8891 | Peak 0.0982
Epoch  87|time: 3.28s|train_loss 0.00506803|val_loss 0.00014288
Epoch  88|time: 3.18s|train_loss 0.00505568|val_loss 0.00014215
Epoch  89|time: 3.18s|train_loss 0.00499431|val_loss 0.00014074
Epoch  90|time: 3.17s|train_loss 0.00499591|val_loss 0.00014205
Epoch  91|time: 3.27s|train_loss 0.00495129|val_loss 0.00013967
Epoch  92|time: 3.16s|train_loss 0.00493140|val_loss 0.00014357
Epoch  93|time: 3.16s|train_loss 0.00494097|val_loss 0.00014252
Epoch  94|time: 3.29s|train_loss 0.00492646|val_loss 0.00014351
Epoch  95|time: 3.25s|train_loss 0.00488461|val_loss 0.00014625
Epoch  96|time: 3.17s|train_loss 0.00487415|val_loss 0.00015449
Epoch  97|time: 3.29s|train_loss 0.00488902|val_loss 0.00014387
Epoch  98|time: 3.17s|train_loss 0.00485889|val_loss 0.00014920
Epoch  99|time: 3.17s|train_loss 0.00484947|val_loss 0.00014721
Epoch 100|time: 3.30s|train_loss 0.00488987|val_loss 0.00014190
Epoch 101|time: 3.29s|train_loss 0.00486584|val_loss 0.00017590
Epoch 102|time: 3.15s|train_loss 0.00485561|val_loss 0.00014898
Epoch 103|time: 3.20s|train_loss 0.00482929|val_loss 0.00014486
Epoch 104|time: 3.17s|train_loss 0.00482243|val_loss 0.00014992
Epoch 105|time: 3.23s|train_loss 0.00480410|val_loss 0.00014549
Epoch 106|time: 3.15s|train_loss 0.00481322|val_loss 0.00015543
Epoch 107|time: 3.15s|train_loss 0.00481046|val_loss 0.00014889
Epoch 108|time: 3.16s|train_loss 0.00480877|val_loss 0.00014575
Epoch 109|time: 3.35s|train_loss 0.00478724|val_loss 0.00014509
Epoch 110|time: 3.14s|train_loss 0.00478345|val_loss 0.00014711
Epoch 111|time: 3.15s|train_loss 0.00478341|val_loss 0.00015571
Epoch 112|time: 3.14s|train_loss 0.00477676|val_loss 0.00015319
Epoch 113|time: 3.15s|train_loss 0.00477579|val_loss 0.00014480
Epoch 114|time: 3.15s|train_loss 0.00478134|val_loss 0.00014897
Epoch 115|time: 3.21s|train_loss 0.00490761|val_loss 0.00014842
Epoch 116|time: 3.28s|train_loss 0.00488209|val_loss 0.00017265
Epoch 117|time: 3.15s|train_loss 0.00484325|val_loss 0.00015912
Epoch 118|time: 3.15s|train_loss 0.00480817|val_loss 0.00014207
Epoch 119|time: 3.39s|train_loss 0.00476073|val_loss 0.00018784
Epoch 120|time: 3.17s|train_loss 0.00487778|val_loss 0.00020125
Epoch 121|time: 3.15s|train_loss 0.00492373|val_loss 0.00019671
Epoch 122|time: 3.15s|train_loss 0.00480994|val_loss 0.00016244
Epoch 123|time: 3.23s|train_loss 0.00478451|val_loss 0.00019037
Epoch 124|time: 3.15s|train_loss 0.00474333|val_loss 0.00016504
Epoch 125|time: 3.18s|train_loss 0.00473045|val_loss 0.00016928
Epoch 126|time: 3.15s|train_loss 0.00471989|val_loss 0.00014421
Epoch 127|time: 3.14s|train_loss 0.00472324|val_loss 0.00014553
Epoch 128|time: 3.23s|train_loss 0.00471012|val_loss 0.00014505
Epoch 129|time: 3.14s|train_loss 0.00469619|val_loss 0.00014635
Epoch 130|time: 3.14s|train_loss 0.00470718|val_loss 0.00016110
Epoch 131|time: 3.17s|train_loss 0.00489242|val_loss 0.00017565
Epoch 132|time: 3.14s|train_loss 0.00480547|val_loss 0.00020746
Epoch 133|time: 3.24s|train_loss 0.00474695|val_loss 0.00015228
Epoch 134|time: 3.17s|train_loss 0.00475431|val_loss 0.00017359
Epoch 135|time: 3.15s|train_loss 0.00468670|val_loss 0.00014163
Epoch 136|time: 3.14s|train_loss 0.00470073|val_loss 0.00014236
Epoch 137|time: 4.53s|train_loss 0.00469380|val_loss 0.00017424
Epoch 138|time: 3.95s|train_loss 0.00472962|val_loss 0.00017481
Epoch 139|time: 3.15s|train_loss 0.00478706|val_loss 0.00022190
Epoch 140|time: 3.37s|train_loss 0.00470201|val_loss 0.00022367
Epoch 141|time: 3.54s|train_loss 0.00470500|val_loss 0.00025509
Epoch 142|time: 3.46s|train_loss 0.00473026|val_loss 0.00017796
Epoch 143|time: 4.16s|train_loss 0.00468979|val_loss 0.00020379
Epoch 144|time: 3.91s|train_loss 0.00466431|val_loss 0.00016687
Epoch 145|time: 3.98s|train_loss 0.00467038|val_loss 0.00017323
Epoch 146|time: 3.54s|train_loss 0.00466442|val_loss 0.00014752
Epoch 147|time: 3.62s|train_loss 0.00462239|val_loss 0.00014663
Epoch 148|time: 4.08s|train_loss 0.00465997|val_loss 0.00014408
Epoch 149|time: 3.64s|train_loss 0.00460977|val_loss 0.00014533
Epoch 150|time: 3.50s|train_loss 0.00469164|val_loss 0.00015218
Epoch 151|time: 3.65s|train_loss 0.00462482|val_loss 0.00014382
Epoch 152|time: 3.48s|train_loss 0.00460068|val_loss 0.00014844
Epoch 153|time: 3.52s|train_loss 0.00458447|val_loss 0.00015099
Epoch 154|time: 3.51s|train_loss 0.00458309|val_loss 0.00014219
Epoch 155|time: 3.71s|train_loss 0.00458956|val_loss 0.00014342
Epoch 156|time: 3.49s|train_loss 0.00458168|val_loss 0.00014850
Epoch 157|time: 3.48s|train_loss 0.00454077|val_loss 0.00014270
Epoch 158|time: 3.49s|train_loss 0.00455564|val_loss 0.00015006
Epoch 159|time: 3.49s|train_loss 0.00456385|val_loss 0.00014281
Epoch 160|time: 3.47s|train_loss 0.00451018|val_loss 0.00014353
Epoch 161|time: 3.56s|train_loss 0.00450905|val_loss 0.00014476
Epoch 162|time: 3.51s|train_loss 0.00451022|val_loss 0.00014288
Epoch 163|time: 3.50s|train_loss 0.00449326|val_loss 0.00014155
Epoch 164|time: 3.49s|train_loss 0.00449007|val_loss 0.00015423
Epoch 165|time: 3.61s|train_loss 0.00446923|val_loss 0.00014195
Epoch 166|time: 3.48s|train_loss 0.00448497|val_loss 0.00014107
Epoch 167|time: 3.49s|train_loss 0.00445467|val_loss 0.00015760
Epoch 168|time: 3.52s|train_loss 0.00449756|val_loss 0.00014693
Epoch 169|time: 3.24s|train_loss 0.00449016|val_loss 0.00014607
Epoch 170|time: 3.15s|train_loss 0.00456298|val_loss 0.00015464
Epoch 171|time: 3.22s|train_loss 0.00467984|val_loss 0.00014285
Epoch 172|time: 3.33s|train_loss 0.00461208|val_loss 0.00016154
Epoch 173|time: 3.17s|train_loss 0.00446081|val_loss 0.00014242
Epoch 174|time: 3.52s|train_loss 0.00445539|val_loss 0.00014482
Epoch 175|time: 4.51s|train_loss 0.00459784|val_loss 0.00016159
Epoch 176|time: 4.22s|train_loss 0.00449427|val_loss 0.00017086
Epoch 177|time: 3.16s|train_loss 0.00452921|val_loss 0.00014361
Epoch 178|time: 3.15s|train_loss 0.00450114|val_loss 0.00015370
Epoch 179|time: 3.22s|train_loss 0.00444415|val_loss 0.00014252
Epoch 180|time: 3.14s|train_loss 0.00437680|val_loss 0.00013839
Best validation epoch: 180 Mon May 22 16:56:56 2023
TEST MAE 0.1649 | std 0.0468 | RMSE 0.2528 | RMSEs 0.2418 | PCC 0.9635 | PCCs 0.9488 | R2 0.9282 | R2s 0.8930 | Var 0.9282 | Vars 0.8951 | Peak 0.0931
Epoch 181|time: 3.14s|train_loss 0.00442151|val_loss 0.00014118
Epoch 182|time: 3.25s|train_loss 0.00452173|val_loss 0.00014005
Epoch 183|time: 3.25s|train_loss 0.00444984|val_loss 0.00013900
Epoch 184|time: 3.14s|train_loss 0.00440640|val_loss 0.00018029
Epoch 185|time: 3.15s|train_loss 0.00436084|val_loss 0.00016307
Epoch 186|time: 3.19s|train_loss 0.00443858|val_loss 0.00014233
Epoch 187|time: 3.23s|train_loss 0.00431883|val_loss 0.00014726
Epoch 188|time: 3.15s|train_loss 0.00435013|val_loss 0.00014525
Epoch 189|time: 3.27s|train_loss 0.00428535|val_loss 0.00014120
Epoch 190|time: 3.15s|train_loss 0.00429448|val_loss 0.00014981
Epoch 191|time: 3.13s|train_loss 0.00427331|val_loss 0.00014019
Epoch 192|time: 3.16s|train_loss 0.00424268|val_loss 0.00013912
Epoch 193|time: 3.25s|train_loss 0.00427164|val_loss 0.00013864
Epoch 194|time: 3.14s|train_loss 0.00425939|val_loss 0.00013901
Epoch 195|time: 3.17s|train_loss 0.00423973|val_loss 0.00014127
Epoch 196|time: 3.14s|train_loss 0.00421928|val_loss 0.00013934
Epoch 197|time: 3.23s|train_loss 0.00424825|val_loss 0.00015137
Epoch 198|time: 3.16s|train_loss 0.00426523|val_loss 0.00014000
Epoch 199|time: 3.13s|train_loss 0.00424396|val_loss 0.00014322
Epoch 200|time: 3.15s|train_loss 0.00418716|val_loss 0.00014616
Epoch 201|time: 3.57s|train_loss 0.00419263|val_loss 0.00013998
Epoch 202|time: 3.14s|train_loss 0.00416822|val_loss 0.00013965
Epoch 203|time: 3.15s|train_loss 0.00417221|val_loss 0.00014169
Epoch 204|time: 3.49s|train_loss 0.00419381|val_loss 0.00013874
Epoch 205|time: 3.43s|train_loss 0.00416793|val_loss 0.00013811
Best validation epoch: 205 Mon May 22 16:58:17 2023
TEST MAE 0.1659 | std 0.0466 | RMSE 0.2518 | RMSEs 0.2415 | PCC 0.9639 | PCCs 0.9479 | R2 0.9288 | R2s 0.8928 | Var 0.9290 | Vars 0.8947 | Peak 0.0917
Epoch 206|time: 3.16s|train_loss 0.00415910|val_loss 0.00014699
Epoch 207|time: 3.46s|train_loss 0.00416506|val_loss 0.00013831
Epoch 208|time: 3.24s|train_loss 0.00419364|val_loss 0.00014158
Epoch 209|time: 3.14s|train_loss 0.00412711|val_loss 0.00013995
Epoch 210|time: 3.22s|train_loss 0.00413817|val_loss 0.00014251
Epoch 211|time: 3.15s|train_loss 0.00413104|val_loss 0.00014102
Epoch 212|time: 3.41s|train_loss 0.00410715|val_loss 0.00013996
Epoch 213|time: 3.23s|train_loss 0.00411644|val_loss 0.00013784
Best validation epoch: 213 Mon May 22 16:58:44 2023
TEST MAE 0.1655 | std 0.0462 | RMSE 0.2520 | RMSEs 0.2415 | PCC 0.9637 | PCCs 0.9477 | R2 0.9287 | R2s 0.8929 | Var 0.9288 | Vars 0.8943 | Peak 0.0923
Epoch 214|time: 3.19s|train_loss 0.00415065|val_loss 0.00014079
Epoch 215|time: 3.28s|train_loss 0.00421599|val_loss 0.00014877
Epoch 216|time: 3.40s|train_loss 0.00434760|val_loss 0.00014058
Epoch 217|time: 3.15s|train_loss 0.00437509|val_loss 0.00013492
Best validation epoch: 217 Mon May 22 16:58:58 2023
TEST MAE 0.1647 | std 0.0456 | RMSE 0.2512 | RMSEs 0.2410 | PCC 0.9642 | PCCs 0.9494 | R2 0.9291 | R2s 0.8931 | Var 0.9296 | Vars 0.8964 | Peak 0.0908
Epoch 218|time: 3.19s|train_loss 0.00420415|val_loss 0.00013595
Epoch 219|time: 3.44s|train_loss 0.00433332|val_loss 0.00014062
Epoch 220|time: 3.22s|train_loss 0.00431834|val_loss 0.00013932
Epoch 221|time: 3.62s|train_loss 0.00428099|val_loss 0.00014609
Epoch 222|time: 4.23s|train_loss 0.00417069|val_loss 0.00014252
Epoch 223|time: 3.92s|train_loss 0.00433032|val_loss 0.00014059
Epoch 224|time: 5.24s|train_loss 0.00419235|val_loss 0.00014902
Epoch 225|time: 3.38s|train_loss 0.00420329|val_loss 0.00013843
Epoch 226|time: 3.70s|train_loss 0.00421249|val_loss 0.00013710
Epoch 227|time: 4.32s|train_loss 0.00414864|val_loss 0.00016417
Epoch 228|time: 4.19s|train_loss 0.00410444|val_loss 0.00014579
Epoch 229|time: 3.72s|train_loss 0.00408837|val_loss 0.00013851
Epoch 230|time: 3.48s|train_loss 0.00411801|val_loss 0.00014415
Epoch 231|time: 3.70s|train_loss 0.00408323|val_loss 0.00013711
Epoch 232|time: 3.30s|train_loss 0.00406420|val_loss 0.00014119
Epoch 233|time: 3.23s|train_loss 0.00411907|val_loss 0.00013922
Epoch 234|time: 3.90s|train_loss 0.00403379|val_loss 0.00014493
Epoch 235|time: 3.21s|train_loss 0.00406420|val_loss 0.00013651
Epoch 236|time: 3.15s|train_loss 0.00402062|val_loss 0.00013654
Epoch 237|time: 3.14s|train_loss 0.00402959|val_loss 0.00014576
Epoch 238|time: 3.16s|train_loss 0.00409005|val_loss 0.00013647
Epoch 239|time: 3.25s|train_loss 0.00399512|val_loss 0.00013578
Epoch 240|time: 3.16s|train_loss 0.00403914|val_loss 0.00013754
Epoch 241|time: 3.38s|train_loss 0.00399043|val_loss 0.00013516
Epoch 242|time: 3.33s|train_loss 0.00402070|val_loss 0.00013610
Epoch 243|time: 3.23s|train_loss 0.00397245|val_loss 0.00013805
Epoch 244|time: 3.32s|train_loss 0.00396713|val_loss 0.00013772
Epoch 245|time: 3.15s|train_loss 0.00398410|val_loss 0.00013744
Epoch 246|time: 3.17s|train_loss 0.00398953|val_loss 0.00013833
Epoch 247|time: 3.38s|train_loss 0.00396704|val_loss 0.00013767
Epoch 248|time: 3.18s|train_loss 0.00399277|val_loss 0.00014056
Epoch 249|time: 3.17s|train_loss 0.00396671|val_loss 0.00013840
Epoch 250|time: 3.26s|train_loss 0.00395967|val_loss 0.00014150
Epoch 251|time: 3.15s|train_loss 0.00395096|val_loss 0.00013511
Epoch 252|time: 3.21s|train_loss 0.00393196|val_loss 0.00013713
Epoch 253|time: 3.24s|train_loss 0.00392086|val_loss 0.00013640
Epoch 254|time: 3.14s|train_loss 0.00393218|val_loss 0.00013483
Best validation epoch: 254 Mon May 22 17:01:07 2023
TEST MAE 0.1626 | std 0.0454 | RMSE 0.2487 | RMSEs 0.2383 | PCC 0.9647 | PCCs 0.9489 | R2 0.9305 | R2s 0.8959 | Var 0.9305 | Vars 0.8969 | Peak 0.0926
Epoch 255|time: 4.19s|train_loss 0.00399760|val_loss 0.00013971
Epoch 256|time: 3.24s|train_loss 0.00392101|val_loss 0.00013501
Epoch 257|time: 3.27s|train_loss 0.00395551|val_loss 0.00014572
Epoch 258|time: 3.48s|train_loss 0.00402196|val_loss 0.00013669
Epoch 259|time: 3.16s|train_loss 0.00389774|val_loss 0.00013595
Epoch 260|time: 3.15s|train_loss 0.00391342|val_loss 0.00013567
Epoch 261|time: 3.22s|train_loss 0.00400889|val_loss 0.00015039
Epoch 262|time: 3.15s|train_loss 0.00391556|val_loss 0.00013383
Best validation epoch: 262 Mon May 22 17:01:35 2023
TEST MAE 0.1611 | std 0.0444 | RMSE 0.2469 | RMSEs 0.2366 | PCC 0.9652 | PCCs 0.9499 | R2 0.9315 | R2s 0.8971 | Var 0.9315 | Vars 0.8986 | Peak 0.0905
Epoch 263|time: 3.14s|train_loss 0.00389922|val_loss 0.00013537
Epoch 264|time: 3.15s|train_loss 0.00393689|val_loss 0.00013852
Epoch 265|time: 3.16s|train_loss 0.00390612|val_loss 0.00013315
Best validation epoch: 265 Mon May 22 17:01:45 2023
TEST MAE 0.1610 | std 0.0441 | RMSE 0.2468 | RMSEs 0.2367 | PCC 0.9652 | PCCs 0.9498 | R2 0.9316 | R2s 0.8971 | Var 0.9316 | Vars 0.8983 | Peak 0.0906
Epoch 266|time: 3.23s|train_loss 0.00393462|val_loss 0.00013657
Epoch 267|time: 3.14s|train_loss 0.00386551|val_loss 0.00013695
Epoch 268|time: 3.16s|train_loss 0.00388050|val_loss 0.00013974
Epoch 269|time: 3.14s|train_loss 0.00385740|val_loss 0.00013538
Epoch 270|time: 3.15s|train_loss 0.00384671|val_loss 0.00013601
Epoch 271|time: 3.18s|train_loss 0.00385800|val_loss 0.00013465
Epoch 272|time: 3.25s|train_loss 0.00383970|val_loss 0.00014747
Epoch 273|time: 3.15s|train_loss 0.00385891|val_loss 0.00014353
Epoch 274|time: 3.28s|train_loss 0.00385806|val_loss 0.00013563
Epoch 275|time: 3.22s|train_loss 0.00383101|val_loss 0.00013415
Epoch 276|time: 3.14s|train_loss 0.00388012|val_loss 0.00013544
Epoch 277|time: 3.23s|train_loss 0.00391888|val_loss 0.00013501
Epoch 278|time: 3.14s|train_loss 0.00390428|val_loss 0.00013795
Epoch 279|time: 3.18s|train_loss 0.00386506|val_loss 0.00015987
Epoch 280|time: 3.38s|train_loss 0.00384984|val_loss 0.00013737
Epoch 281|time: 3.15s|train_loss 0.00386933|val_loss 0.00013500
Epoch 282|time: 3.15s|train_loss 0.00383533|val_loss 0.00013945
Epoch 283|time: 3.17s|train_loss 0.00384343|val_loss 0.00013845
Epoch 284|time: 3.16s|train_loss 0.00385498|val_loss 0.00014148
Epoch 285|time: 3.15s|train_loss 0.00380024|val_loss 0.00014219
Epoch 286|time: 3.24s|train_loss 0.00382348|val_loss 0.00013453
Epoch 287|time: 3.19s|train_loss 0.00380709|val_loss 0.00013692
Epoch 288|time: 3.14s|train_loss 0.00378419|val_loss 0.00013382
Epoch 289|time: 3.15s|train_loss 0.00383156|val_loss 0.00013464
Epoch 290|time: 3.35s|train_loss 0.00383794|val_loss 0.00013453
Epoch 291|time: 3.46s|train_loss 0.00374801|val_loss 0.00013268
Best validation epoch: 291 Mon May 22 17:03:09 2023
TEST MAE 0.1611 | std 0.0434 | RMSE 0.2462 | RMSEs 0.2364 | PCC 0.9654 | PCCs 0.9503 | R2 0.9319 | R2s 0.8971 | Var 0.9320 | Vars 0.8987 | Peak 0.0897
Epoch 292|time: 3.96s|train_loss 0.00381772|val_loss 0.00013375
Epoch 293|time: 3.93s|train_loss 0.00376027|val_loss 0.00015012
Epoch 294|time: 4.93s|train_loss 0.00378728|val_loss 0.00016770
Epoch 295|time: 3.66s|train_loss 0.00378483|val_loss 0.00018961
Epoch 296|time: 3.45s|train_loss 0.00379743|val_loss 0.00016097
Epoch 297|time: 3.22s|train_loss 0.00379852|val_loss 0.00014096
Epoch 298|time: 3.31s|train_loss 0.00374860|val_loss 0.00013971
Epoch 299|time: 3.39s|train_loss 0.00376316|val_loss 0.00013565
Epoch 300|time: 3.64s|train_loss 0.00375734|val_loss 0.00013379
Epoch 301|time: 3.45s|train_loss 0.00374576|val_loss 0.00013880
Epoch 302|time: 3.40s|train_loss 0.00373896|val_loss 0.00013494
Epoch 303|time: 3.23s|train_loss 0.00372287|val_loss 0.00013458
Epoch 304|time: 3.37s|train_loss 0.00373678|val_loss 0.00013402
Epoch 305|time: 3.20s|train_loss 0.00371643|val_loss 0.00013403
Epoch 306|time: 3.37s|train_loss 0.00371630|val_loss 0.00013313
Epoch 307|time: 3.40s|train_loss 0.00371447|val_loss 0.00013526
Epoch 308|time: 3.47s|train_loss 0.00373323|val_loss 0.00013509
Epoch 309|time: 3.50s|train_loss 0.00376831|val_loss 0.00013654
Epoch 310|time: 3.69s|train_loss 0.00369976|val_loss 0.00014072
Epoch 311|time: 3.85s|train_loss 0.00372262|val_loss 0.00014260
Epoch 312|time: 3.52s|train_loss 0.00369439|val_loss 0.00013424
Epoch 313|time: 3.36s|train_loss 0.00370203|val_loss 0.00013326
Epoch 314|time: 3.49s|train_loss 0.00370136|val_loss 0.00014460
Epoch 315|time: 4.17s|train_loss 0.00370710|val_loss 0.00013629
Epoch 316|time: 3.53s|train_loss 0.00373543|val_loss 0.00014268
Epoch 317|time: 4.02s|train_loss 0.00382671|val_loss 0.00018145
Epoch 318|time: 3.87s|train_loss 0.00384914|val_loss 0.00018322
Epoch 319|time: 4.20s|train_loss 0.00379334|val_loss 0.00013518
Epoch 320|time: 3.93s|train_loss 0.00374062|val_loss 0.00014436
Epoch 321|time: 4.01s|train_loss 0.00378939|val_loss 0.00013649
Epoch 322|time: 3.88s|train_loss 0.00382061|val_loss 0.00014869
Epoch 323|time: 3.74s|train_loss 0.00381724|val_loss 0.00015981
Epoch 324|time: 3.69s|train_loss 0.00368247|val_loss 0.00015447
Epoch 325|time: 4.64s|train_loss 0.00372310|val_loss 0.00013488
Epoch 326|time: 3.57s|train_loss 0.00370196|val_loss 0.00014334
Epoch 327|time: 3.99s|train_loss 0.00364004|val_loss 0.00013567
Epoch 328|time: 4.78s|train_loss 0.00364364|val_loss 0.00013371
Epoch 329|time: 3.42s|train_loss 0.00363147|val_loss 0.00013495
Epoch 330|time: 3.29s|train_loss 0.00362691|val_loss 0.00013555
Epoch 331|time: 3.24s|train_loss 0.00362786|val_loss 0.00013490
Epoch 332|time: 3.35s|train_loss 0.00366106|val_loss 0.00014117
Epoch 333|time: 3.28s|train_loss 0.00364141|val_loss 0.00013466
Epoch 334|time: 3.25s|train_loss 0.00363604|val_loss 0.00013356
Epoch 335|time: 3.19s|train_loss 0.00362768|val_loss 0.00013454
Epoch 336|time: 3.27s|train_loss 0.00363005|val_loss 0.00013476
Epoch 337|time: 3.19s|train_loss 0.00359801|val_loss 0.00013371
Epoch 338|time: 3.24s|train_loss 0.00360663|val_loss 0.00013578
Epoch 339|time: 3.24s|train_loss 0.00362661|val_loss 0.00013457
Epoch 340|time: 3.35s|train_loss 0.00360852|val_loss 0.00013684
Epoch 341|time: 3.66s|train_loss 0.00359395|val_loss 0.00013455
Epoch 342|time: 3.17s|train_loss 0.00363239|val_loss 0.00014227
Epoch 343|time: 3.07s|train_loss 0.00362482|val_loss 0.00015431
Epoch 344|time: 3.07s|train_loss 0.00363219|val_loss 0.00015075
Epoch 345|time: 3.15s|train_loss 0.00359210|val_loss 0.00013776
Epoch 346|time: 3.10s|train_loss 0.00357560|val_loss 0.00013553
Epoch 347|time: 3.19s|train_loss 0.00358389|val_loss 0.00014186
Epoch 348|time: 3.09s|train_loss 0.00358074|val_loss 0.00013675
Epoch 349|time: 3.17s|train_loss 0.00358550|val_loss 0.00013874
Epoch 350|time: 3.17s|train_loss 0.00359762|val_loss 0.00013651
Epoch 351|time: 3.08s|train_loss 0.00355950|val_loss 0.00013812
Epoch 352|time: 3.09s|train_loss 0.00358331|val_loss 0.00014004
Epoch 353|time: 3.08s|train_loss 0.00355535|val_loss 0.00013544
Epoch 354|time: 3.15s|train_loss 0.00357466|val_loss 0.00013453
Epoch 355|time: 3.19s|train_loss 0.00355903|val_loss 0.00014556
Epoch 356|time: 3.07s|train_loss 0.00355716|val_loss 0.00013535
Epoch 357|time: 3.07s|train_loss 0.00356026|val_loss 0.00013656
Epoch 358|time: 3.16s|train_loss 0.00354753|val_loss 0.00013632
Epoch 359|time: 3.27s|train_loss 0.00353564|val_loss 0.00013579
Epoch 360|time: 3.41s|train_loss 0.00357291|val_loss 0.00013575
Epoch 361|time: 3.08s|train_loss 0.00351779|val_loss 0.00013607
Epoch 362|time: 3.07s|train_loss 0.00354288|val_loss 0.00013541
Epoch 363|time: 3.08s|train_loss 0.00351371|val_loss 0.00013682
Epoch 364|time: 3.15s|train_loss 0.00350768|val_loss 0.00013647
Epoch 365|time: 3.19s|train_loss 0.00353598|val_loss 0.00013541
Epoch 366|time: 3.14s|train_loss 0.00350748|val_loss 0.00013545
Epoch 367|time: 3.10s|train_loss 0.00352377|val_loss 0.00014292
Epoch 368|time: 3.28s|train_loss 0.00350598|val_loss 0.00013705
Epoch 369|time: 3.07s|train_loss 0.00349668|val_loss 0.00013797
Epoch 370|time: 3.07s|train_loss 0.00349855|val_loss 0.00013755
Epoch 371|time: 3.08s|train_loss 0.00350543|val_loss 0.00014701
Epoch 372|time: 3.14s|train_loss 0.00350621|val_loss 0.00014443
Epoch 373|time: 3.08s|train_loss 0.00352008|val_loss 0.00013713
Epoch 374|time: 3.09s|train_loss 0.00354430|val_loss 0.00013862
Epoch 375|time: 3.07s|train_loss 0.00350148|val_loss 0.00014313
Epoch 376|time: 3.08s|train_loss 0.00354158|val_loss 0.00015749
Epoch 377|time: 3.12s|train_loss 0.00356240|val_loss 0.00016968
Epoch 378|time: 3.17s|train_loss 0.00361288|val_loss 0.00015939
Epoch 379|time: 3.09s|train_loss 0.00350230|val_loss 0.00014043
Epoch 380|time: 3.12s|train_loss 0.00357271|val_loss 0.00017955
Epoch 381|time: 3.18s|train_loss 0.00356271|val_loss 0.00018185
Epoch 382|time: 3.17s|train_loss 0.00352286|val_loss 0.00015757
Epoch 383|time: 3.08s|train_loss 0.00355579|val_loss 0.00016140
Epoch 384|time: 3.16s|train_loss 0.00350720|val_loss 0.00014425
Epoch 385|time: 3.08s|train_loss 0.00347472|val_loss 0.00013552
Epoch 386|time: 3.36s|train_loss 0.00350016|val_loss 0.00013571
Epoch 387|time: 3.08s|train_loss 0.00348467|val_loss 0.00013763
Epoch 388|time: 3.09s|train_loss 0.00347705|val_loss 0.00014204
Epoch 389|time: 3.08s|train_loss 0.00347496|val_loss 0.00013673
Epoch 390|time: 3.08s|train_loss 0.00347622|val_loss 0.00014419
Epoch 391|time: 3.11s|train_loss 0.00344939|val_loss 0.00013499
Epoch 392|time: 3.16s|train_loss 0.00344045|val_loss 0.00013599
Epoch 393|time: 3.18s|train_loss 0.00343686|val_loss 0.00013639
Epoch 394|time: 3.46s|train_loss 0.00344766|val_loss 0.00013579
Epoch 395|time: 3.08s|train_loss 0.00348519|val_loss 0.00016480
Epoch 396|time: 3.29s|train_loss 0.00350075|val_loss 0.00014779
Epoch 397|time: 3.18s|train_loss 0.00348107|val_loss 0.00013760
Epoch 398|time: 3.08s|train_loss 0.00342218|val_loss 0.00013939
Epoch 399|time: 3.07s|train_loss 0.00343468|val_loss 0.00013819
Epoch 400|time: 3.29s|train_loss 0.00343780|val_loss 0.00014148
Epoch 401|time: 3.08s|train_loss 0.00340869|val_loss 0.00013597
Epoch 402|time: 3.06s|train_loss 0.00341683|val_loss 0.00013785
Epoch 403|time: 3.19s|train_loss 0.00342270|val_loss 0.00015223
Epoch 404|time: 3.08s|train_loss 0.00342162|val_loss 0.00014724
Epoch 405|time: 3.25s|train_loss 0.00340955|val_loss 0.00013897
Epoch 406|time: 3.19s|train_loss 0.00339715|val_loss 0.00013837
Epoch 407|time: 3.07s|train_loss 0.00337213|val_loss 0.00014003
Epoch 408|time: 3.09s|train_loss 0.00337312|val_loss 0.00013986
Epoch 409|time: 3.11s|train_loss 0.00338688|val_loss 0.00013709
Epoch 410|time: 3.19s|train_loss 0.00335160|val_loss 0.00013745
Epoch 411|time: 3.09s|train_loss 0.00335598|val_loss 0.00014513
Epoch 412|time: 3.07s|train_loss 0.00339228|val_loss 0.00014059
Epoch 413|time: 3.08s|train_loss 0.00334677|val_loss 0.00013914
Epoch 414|time: 3.15s|train_loss 0.00333958|val_loss 0.00013725
Epoch 415|time: 3.19s|train_loss 0.00334702|val_loss 0.00014110
Epoch 416|time: 3.18s|train_loss 0.00335263|val_loss 0.00013747
Epoch 417|time: 3.07s|train_loss 0.00337947|val_loss 0.00013730
Epoch 418|time: 3.15s|train_loss 0.00341213|val_loss 0.00013996
Epoch 419|time: 3.16s|train_loss 0.00340974|val_loss 0.00013890
Epoch 420|time: 3.09s|train_loss 0.00336810|val_loss 0.00013853
Epoch 421|time: 3.08s|train_loss 0.00340682|val_loss 0.00014165
Epoch 422|time: 3.10s|train_loss 0.00340014|val_loss 0.00014897
Epoch 423|time: 3.08s|train_loss 0.00341089|val_loss 0.00014325
Epoch 424|time: 3.24s|train_loss 0.00336165|val_loss 0.00013972
Epoch 425|time: 3.19s|train_loss 0.00342342|val_loss 0.00014093
Epoch 426|time: 3.07s|train_loss 0.00338513|val_loss 0.00014128
Epoch 427|time: 3.09s|train_loss 0.00332436|val_loss 0.00013499
Epoch 428|time: 3.26s|train_loss 0.00331175|val_loss 0.00013619
Epoch 429|time: 3.08s|train_loss 0.00329988|val_loss 0.00013981
Epoch 430|time: 3.09s|train_loss 0.00327121|val_loss 0.00013963
Epoch 431|time: 3.07s|train_loss 0.00332637|val_loss 0.00014211
Epoch 432|time: 3.66s|train_loss 0.00328771|val_loss 0.00016044
Epoch 433|time: 5.35s|train_loss 0.00327793|val_loss 0.00014315
Epoch 434|time: 4.41s|train_loss 0.00326168|val_loss 0.00013832
Epoch 435|time: 3.56s|train_loss 0.00328940|val_loss 0.00014781
Epoch 436|time: 4.20s|train_loss 0.00325135|val_loss 0.00013514
Epoch 437|time: 4.05s|train_loss 0.00327918|val_loss 0.00013540
Epoch 438|time: 3.26s|train_loss 0.00331895|val_loss 0.00013945
Epoch 439|time: 3.28s|train_loss 0.00327022|val_loss 0.00014615
Epoch 440|time: 3.16s|train_loss 0.00329315|val_loss 0.00015258
Epoch 441|time: 3.31s|train_loss 0.00329048|val_loss 0.00013893
Epoch 442|time: 3.47s|train_loss 0.00332379|val_loss 0.00013893
Epoch 443|time: 3.45s|train_loss 0.00333725|val_loss 0.00013565
Epoch 444|time: 3.19s|train_loss 0.00325231|val_loss 0.00013741
Epoch 445|time: 3.69s|train_loss 0.00325157|val_loss 0.00013679
Epoch 446|time: 4.32s|train_loss 0.00323982|val_loss 0.00013732
Epoch 447|time: 3.87s|train_loss 0.00323063|val_loss 0.00013802
Epoch 448|time: 4.02s|train_loss 0.00325414|val_loss 0.00013723
Epoch 449|time: 4.79s|train_loss 0.00329813|val_loss 0.00014282
Epoch 450|time: 3.48s|train_loss 0.00326387|val_loss 0.00014588
Epoch 451|time: 3.65s|train_loss 0.00323572|val_loss 0.00013715
Epoch 452|time: 3.40s|train_loss 0.00325322|val_loss 0.00013996
Epoch 453|time: 3.25s|train_loss 0.00322823|val_loss 0.00014414
Epoch 454|time: 3.26s|train_loss 0.00320128|val_loss 0.00013988
Epoch 455|time: 3.19s|train_loss 0.00321639|val_loss 0.00013975
Epoch 456|time: 3.27s|train_loss 0.00324691|val_loss 0.00013779
Epoch 457|time: 3.17s|train_loss 0.00318072|val_loss 0.00014879
Epoch 458|time: 3.47s|train_loss 0.00322705|val_loss 0.00014067
Epoch 459|time: 3.16s|train_loss 0.00319622|val_loss 0.00014016
Epoch 460|time: 3.26s|train_loss 0.00324236|val_loss 0.00013820
Epoch 461|time: 3.15s|train_loss 0.00320604|val_loss 0.00013764
Epoch 462|time: 3.16s|train_loss 0.00318523|val_loss 0.00014665
Epoch 463|time: 3.15s|train_loss 0.00318822|val_loss 0.00014237
Epoch 464|time: 3.16s|train_loss 0.00318188|val_loss 0.00013759
Epoch 465|time: 3.24s|train_loss 0.00318060|val_loss 0.00014142
Epoch 466|time: 3.16s|train_loss 0.00326694|val_loss 0.00014811
Epoch 467|time: 3.16s|train_loss 0.00324768|val_loss 0.00014728
Epoch 468|time: 3.24s|train_loss 0.00319256|val_loss 0.00014488
Epoch 469|time: 3.15s|train_loss 0.00320446|val_loss 0.00014622
Epoch 470|time: 3.25s|train_loss 0.00319474|val_loss 0.00014072
Epoch 471|time: 3.17s|train_loss 0.00326491|val_loss 0.00014953
Epoch 472|time: 3.22s|train_loss 0.00327641|val_loss 0.00015233
Epoch 473|time: 3.15s|train_loss 0.00320620|val_loss 0.00014165
Epoch 474|time: 3.24s|train_loss 0.00317107|val_loss 0.00014137
Epoch 475|time: 3.16s|train_loss 0.00319131|val_loss 0.00013916
Epoch 476|time: 3.17s|train_loss 0.00316304|val_loss 0.00014210
Epoch 477|time: 3.31s|train_loss 0.00324074|val_loss 0.00013808
Epoch 478|time: 3.26s|train_loss 0.00335014|val_loss 0.00013909
Epoch 479|time: 3.25s|train_loss 0.00330378|val_loss 0.00014015
Epoch 480|time: 3.15s|train_loss 0.00318597|val_loss 0.00013767
Epoch 481|time: 3.38s|train_loss 0.00323003|val_loss 0.00015979
Epoch 482|time: 3.15s|train_loss 0.00325391|val_loss 0.00015684
Epoch 483|time: 3.16s|train_loss 0.00317054|val_loss 0.00016661
Epoch 484|time: 3.41s|train_loss 0.00323632|val_loss 0.00014373
Epoch 485|time: 3.16s|train_loss 0.00314004|val_loss 0.00014360
Epoch 486|time: 3.16s|train_loss 0.00314729|val_loss 0.00013952
Epoch 487|time: 3.22s|train_loss 0.00315079|val_loss 0.00013876
Epoch 488|time: 3.33s|train_loss 0.00315750|val_loss 0.00013875
Epoch 489|time: 3.48s|train_loss 0.00314993|val_loss 0.00013794
Epoch 490|time: 3.20s|train_loss 0.00310986|val_loss 0.00014106
Epoch 491|time: 3.16s|train_loss 0.00312600|val_loss 0.00014096
Final evaluation
TEST MAE 0.1611 | std 0.0434 | RMSE 0.2462 | RMSEs 0.2364 | PCC 0.9654 | PCCs 0.9503 | R2 0.9319 | R2s 0.8971 | Var 0.9320 | Vars 0.8987 | Peak 0.0897
