--------Parameters--------
Namespace(batch=32, bi=False, check_point=1, cuda=False, dataset='us_hhs', dropout=0.2, epilambda=0.1, epochs=500, gpu=3, hidsp=15, horizon=4, k=10, lamda=0.01, lr=0.001, model='cola_gnn_epi', mylog=False, n_hidden=10, n_layer=1, patience=200, rnn_model='RNN', save_dir='save', seed=42, shuffle=False, sim_mat='us_hhs-adj', test=0.2, train=0.6, val=0.2, weight_decay=0.0005, window=20)
--------------------------
data shape (364, 10)
size of train/val/test sets 195 73 73
#params: 2005
begin training
Epoch   1|time: 2.95s|train_loss 0.00452267|val_loss 0.00160264
Best validation epoch: 1 Tue May 23 13:34:30 2023
TEST MAE 2.2570 | std 0.7142 | RMSE 2.5953 | RMSEs 2.4847 | PCC -0.6526 | PCCs -0.7866 | R2 -6.5663 | R2s -10.2695 | Var -0.8438 | Vars -0.9266 | Peak 1.2380
Epoch   2|time: 3.06s|train_loss 0.00355102|val_loss 0.00083269
Best validation epoch: 2 Tue May 23 13:34:34 2023
TEST MAE 1.1096 | std 0.4363 | RMSE 1.5111 | RMSEs 1.4259 | PCC -0.2883 | PCCs -0.7651 | R2 -1.5651 | R2s -2.5500 | Var -0.2683 | Vars -0.5498 | Peak 0.7646
Epoch   3|time: 3.08s|train_loss 0.00291163|val_loss 0.00073047
Best validation epoch: 3 Tue May 23 13:34:38 2023
TEST MAE 0.7250 | std 0.2076 | RMSE 0.9892 | RMSEs 0.9454 | PCC 0.1498 | PCCs -0.6469 | R2 -0.0992 | R2s -0.5756 | Var -0.0768 | Vars -0.4018 | Peak 0.4044
Epoch   4|time: 3.05s|train_loss 0.00279869|val_loss 0.00072231
Best validation epoch: 4 Tue May 23 13:34:42 2023
TEST MAE 0.7221 | std 0.1692 | RMSE 0.9289 | RMSEs 0.8982 | PCC 0.2906 | PCCs -0.3459 | R2 0.0308 | R2s -0.4698 | Var 0.0366 | Vars -0.2134 | Peak 0.3222
Epoch   5|time: 3.01s|train_loss 0.00276962|val_loss 0.00062738
Best validation epoch: 5 Tue May 23 13:34:45 2023
TEST MAE 0.6370 | std 0.2351 | RMSE 0.9181 | RMSEs 0.8615 | PCC 0.3673 | PCCs 0.0358 | R2 0.0530 | R2s -0.2826 | Var 0.1313 | Vars -0.0445 | Peak 0.3962
Epoch   6|time: 3.11s|train_loss 0.00268322|val_loss 0.00058778
Best validation epoch: 6 Tue May 23 13:34:49 2023
TEST MAE 0.6273 | std 0.2897 | RMSE 0.9366 | RMSEs 0.8652 | PCC 0.4621 | PCCs 0.2917 | R2 0.0146 | R2s -0.2815 | Var 0.2103 | Vars 0.0894 | Peak 0.4260
Epoch   7|time: 3.01s|train_loss 0.00274337|val_loss 0.00056862
Best validation epoch: 7 Tue May 23 13:34:53 2023
TEST MAE 0.5707 | std 0.2168 | RMSE 0.8274 | RMSEs 0.7726 | PCC 0.5420 | PCCs 0.4339 | R2 0.2310 | R2s -0.0316 | Var 0.2881 | Vars 0.1824 | Peak 0.3469
Epoch   8|time: 3.01s|train_loss 0.00267778|val_loss 0.00055376
Best validation epoch: 8 Tue May 23 13:34:57 2023
TEST MAE 0.5467 | std 0.1910 | RMSE 0.7772 | RMSEs 0.7287 | PCC 0.5968 | PCCs 0.5282 | R2 0.3215 | R2s 0.0741 | Var 0.3486 | Vars 0.2633 | Peak 0.3139
Epoch   9|time: 3.11s|train_loss 0.00258087|val_loss 0.00051925
Best validation epoch: 9 Tue May 23 13:35:01 2023
TEST MAE 0.5306 | std 0.2389 | RMSE 0.7933 | RMSEs 0.7303 | PCC 0.6373 | PCCs 0.5905 | R2 0.2931 | R2s 0.0849 | Var 0.3905 | Vars 0.3313 | Peak 0.3364
Epoch  10|time: 3.01s|train_loss 0.00258528|val_loss 0.00050750
Best validation epoch: 10 Tue May 23 13:35:04 2023
TEST MAE 0.5084 | std 0.2140 | RMSE 0.7507 | RMSEs 0.6941 | PCC 0.6630 | PCCs 0.6217 | R2 0.3670 | R2s 0.1684 | Var 0.4269 | Vars 0.3715 | Peak 0.3098
Epoch  11|time: 3.18s|train_loss 0.00253214|val_loss 0.00049537
Best validation epoch: 11 Tue May 23 13:35:08 2023
TEST MAE 0.4912 | std 0.1980 | RMSE 0.7207 | RMSEs 0.6686 | PCC 0.6848 | PCCs 0.6462 | R2 0.4165 | R2s 0.2244 | Var 0.4578 | Vars 0.4045 | Peak 0.2920
Epoch  12|time: 3.02s|train_loss 0.00251274|val_loss 0.00047772
Best validation epoch: 12 Tue May 23 13:35:12 2023
TEST MAE 0.4823 | std 0.2135 | RMSE 0.7213 | RMSEs 0.6648 | PCC 0.7014 | PCCs 0.6642 | R2 0.4156 | R2s 0.2378 | Var 0.4796 | Vars 0.4305 | Peak 0.2958
Epoch  13|time: 3.01s|train_loss 0.00251189|val_loss 0.00047200
Best validation epoch: 13 Tue May 23 13:35:16 2023
TEST MAE 0.4683 | std 0.1822 | RMSE 0.6868 | RMSEs 0.6388 | PCC 0.7143 | PCCs 0.6741 | R2 0.4701 | R2s 0.2887 | Var 0.4996 | Vars 0.4436 | Peak 0.2753
Epoch  14|time: 3.03s|train_loss 0.00251118|val_loss 0.00045804
Best validation epoch: 14 Tue May 23 13:35:20 2023
TEST MAE 0.4579 | std 0.1795 | RMSE 0.6763 | RMSEs 0.6286 | PCC 0.7275 | PCCs 0.6867 | R2 0.4862 | R2s 0.3121 | Var 0.5171 | Vars 0.4599 | Peak 0.2722
Epoch  15|time: 3.12s|train_loss 0.00244965|val_loss 0.00044138
Best validation epoch: 15 Tue May 23 13:35:23 2023
TEST MAE 0.4621 | std 0.2190 | RMSE 0.7061 | RMSEs 0.6488 | PCC 0.7366 | PCCs 0.6938 | R2 0.4399 | R2s 0.2766 | Var 0.5249 | Vars 0.4699 | Peak 0.2942
Epoch  16|time: 3.02s|train_loss 0.00241858|val_loss 0.00042739
Best validation epoch: 16 Tue May 23 13:35:27 2023
TEST MAE 0.4437 | std 0.1992 | RMSE 0.6767 | RMSEs 0.6243 | PCC 0.7514 | PCCs 0.7076 | R2 0.4855 | R2s 0.3280 | Var 0.5474 | Vars 0.4885 | Peak 0.2793
Epoch  17|time: 3.01s|train_loss 0.00239002|val_loss 0.00042201
Best validation epoch: 17 Tue May 23 13:35:31 2023
TEST MAE 0.4323 | std 0.1469 | RMSE 0.6296 | RMSEs 0.5910 | PCC 0.7615 | PCCs 0.7145 | R2 0.5547 | R2s 0.3852 | Var 0.5663 | Vars 0.4957 | Peak 0.2507
Epoch  18|time: 3.01s|train_loss 0.00240693|val_loss 0.00040333
Best validation epoch: 18 Tue May 23 13:35:35 2023
TEST MAE 0.4240 | std 0.1892 | RMSE 0.6496 | RMSEs 0.6003 | PCC 0.7743 | PCCs 0.7283 | R2 0.5260 | R2s 0.3778 | Var 0.5823 | Vars 0.5180 | Peak 0.2689
Epoch  19|time: 3.19s|train_loss 0.00237849|val_loss 0.00039071
Best validation epoch: 19 Tue May 23 13:35:38 2023
TEST MAE 0.4097 | std 0.1605 | RMSE 0.6174 | RMSEs 0.5755 | PCC 0.7826 | PCCs 0.7341 | R2 0.5718 | R2s 0.4233 | Var 0.5983 | Vars 0.5266 | Peak 0.2514
Epoch  20|time: 3.04s|train_loss 0.00230615|val_loss 0.00038235
Best validation epoch: 20 Tue May 23 13:35:42 2023
TEST MAE 0.4010 | std 0.1451 | RMSE 0.5946 | RMSEs 0.5574 | PCC 0.7904 | PCCs 0.7423 | R2 0.6028 | R2s 0.4551 | Var 0.6155 | Vars 0.5412 | Peak 0.2379
Epoch  21|time: 3.01s|train_loss 0.00228868|val_loss 0.00036819
Best validation epoch: 21 Tue May 23 13:35:46 2023
TEST MAE 0.4012 | std 0.1769 | RMSE 0.6118 | RMSEs 0.5674 | PCC 0.7957 | PCCs 0.7477 | R2 0.5796 | R2s 0.4433 | Var 0.6246 | Vars 0.5515 | Peak 0.2511
Epoch  22|time: 3.06s|train_loss 0.00224727|val_loss 0.00035776
Best validation epoch: 22 Tue May 23 13:35:50 2023
TEST MAE 0.3879 | std 0.1485 | RMSE 0.5834 | RMSEs 0.5466 | PCC 0.7995 | PCCs 0.7479 | R2 0.6177 | R2s 0.4777 | Var 0.6335 | Vars 0.5516 | Peak 0.2338
Epoch  23|time: 3.04s|train_loss 0.00225493|val_loss 0.00035151
Best validation epoch: 23 Tue May 23 13:35:54 2023
TEST MAE 0.3789 | std 0.1353 | RMSE 0.5662 | RMSEs 0.5323 | PCC 0.8094 | PCCs 0.7601 | R2 0.6398 | R2s 0.5024 | Var 0.6493 | Vars 0.5680 | Peak 0.2253
Epoch  24|time: 3.11s|train_loss 0.00218935|val_loss 0.00034131
Best validation epoch: 24 Tue May 23 13:35:57 2023
TEST MAE 0.3747 | std 0.1528 | RMSE 0.5747 | RMSEs 0.5362 | PCC 0.8165 | PCCs 0.7675 | R2 0.6289 | R2s 0.5003 | Var 0.6585 | Vars 0.5783 | Peak 0.2334
Epoch  25|time: 3.02s|train_loss 0.00215485|val_loss 0.00033580
Best validation epoch: 25 Tue May 23 13:36:01 2023
TEST MAE 0.3665 | std 0.1369 | RMSE 0.5573 | RMSEs 0.5227 | PCC 0.8217 | PCCs 0.7719 | R2 0.6511 | R2s 0.5223 | Var 0.6675 | Vars 0.5840 | Peak 0.2239
Epoch  26|time: 3.02s|train_loss 0.00211785|val_loss 0.00033231
Best validation epoch: 26 Tue May 23 13:36:05 2023
TEST MAE 0.3635 | std 0.1148 | RMSE 0.5345 | RMSEs 0.5059 | PCC 0.8280 | PCCs 0.7825 | R2 0.6791 | R2s 0.5464 | Var 0.6820 | Vars 0.6000 | Peak 0.2085
Epoch  27|time: 3.14s|train_loss 0.00211817|val_loss 0.00031925
Best validation epoch: 27 Tue May 23 13:36:09 2023
TEST MAE 0.3659 | std 0.1439 | RMSE 0.5494 | RMSEs 0.5138 | PCC 0.8303 | PCCs 0.7875 | R2 0.6610 | R2s 0.5402 | Var 0.6871 | Vars 0.6071 | Peak 0.2170
Epoch  28|time: 3.14s|train_loss 0.00202386|val_loss 0.00031846
Best validation epoch: 28 Tue May 23 13:36:13 2023
TEST MAE 0.3599 | std 0.1233 | RMSE 0.5336 | RMSEs 0.5039 | PCC 0.8289 | PCCs 0.7817 | R2 0.6801 | R2s 0.5529 | Var 0.6858 | Vars 0.5979 | Peak 0.2073
Epoch  29|time: 3.03s|train_loss 0.00192605|val_loss 0.00031397
Best validation epoch: 29 Tue May 23 13:36:16 2023
TEST MAE 0.3567 | std 0.1193 | RMSE 0.5268 | RMSEs 0.4985 | PCC 0.8318 | PCCs 0.7859 | R2 0.6882 | R2s 0.5615 | Var 0.6915 | Vars 0.6023 | Peak 0.2028
Epoch  30|time: 3.02s|train_loss 0.00190055|val_loss 0.00031013
Best validation epoch: 30 Tue May 23 13:36:20 2023
TEST MAE 0.3581 | std 0.1362 | RMSE 0.5425 | RMSEs 0.5086 | PCC 0.8341 | PCCs 0.7865 | R2 0.6694 | R2s 0.5495 | Var 0.6936 | Vars 0.6039 | Peak 0.2148
Epoch  31|time: 3.09s|train_loss 0.00189925|val_loss 0.00031169
Epoch  32|time: 3.02s|train_loss 0.00185552|val_loss 0.00030533
Best validation epoch: 32 Tue May 23 13:36:27 2023
TEST MAE 0.3432 | std 0.0990 | RMSE 0.4985 | RMSEs 0.4752 | PCC 0.8492 | PCCs 0.8106 | R2 0.7208 | R2s 0.5955 | Var 0.7208 | Vars 0.6379 | Peak 0.1904
Epoch  33|time: 3.37s|train_loss 0.00182970|val_loss 0.00029993
Best validation epoch: 33 Tue May 23 13:36:31 2023
TEST MAE 0.3421 | std 0.1279 | RMSE 0.5201 | RMSEs 0.4877 | PCC 0.8495 | PCCs 0.8106 | R2 0.6962 | R2s 0.5854 | Var 0.7208 | Vars 0.6381 | Peak 0.2031
Epoch  34|time: 3.38s|train_loss 0.00180272|val_loss 0.00029038
Best validation epoch: 34 Tue May 23 13:36:35 2023
TEST MAE 0.3420 | std 0.1067 | RMSE 0.5035 | RMSEs 0.4792 | PCC 0.8459 | PCCs 0.8038 | R2 0.7152 | R2s 0.5915 | Var 0.7153 | Vars 0.6248 | Peak 0.1911
Epoch  35|time: 3.50s|train_loss 0.00181296|val_loss 0.00028462
Best validation epoch: 35 Tue May 23 13:36:40 2023
TEST MAE 0.3356 | std 0.1137 | RMSE 0.5043 | RMSEs 0.4775 | PCC 0.8472 | PCCs 0.8061 | R2 0.7143 | R2s 0.5983 | Var 0.7172 | Vars 0.6259 | Peak 0.1929
Epoch  36|time: 3.37s|train_loss 0.00177713|val_loss 0.00028617
Epoch  37|time: 3.39s|train_loss 0.00175014|val_loss 0.00028685
Epoch  38|time: 3.37s|train_loss 0.00176229|val_loss 0.00028652
Epoch  39|time: 3.50s|train_loss 0.00179580|val_loss 0.00029229
Epoch  40|time: 3.36s|train_loss 0.00179939|val_loss 0.00029160
Epoch  41|time: 3.37s|train_loss 0.00173427|val_loss 0.00028068
Best validation epoch: 41 Tue May 23 13:37:01 2023
TEST MAE 0.3282 | std 0.1031 | RMSE 0.4835 | RMSEs 0.4599 | PCC 0.8593 | PCCs 0.8231 | R2 0.7374 | R2s 0.6233 | Var 0.7374 | Vars 0.6503 | Peak 0.1827
Epoch  42|time: 3.37s|train_loss 0.00173170|val_loss 0.00028393
Epoch  43|time: 3.40s|train_loss 0.00173825|val_loss 0.00028265
Epoch  44|time: 3.03s|train_loss 0.00174584|val_loss 0.00027795
Best validation epoch: 44 Tue May 23 13:37:11 2023
TEST MAE 0.3175 | std 0.1052 | RMSE 0.4779 | RMSEs 0.4532 | PCC 0.8630 | PCCs 0.8247 | R2 0.7434 | R2s 0.6373 | Var 0.7442 | Vars 0.6569 | Peak 0.1832
Epoch  45|time: 3.09s|train_loss 0.00173244|val_loss 0.00028736
Epoch  46|time: 3.09s|train_loss 0.00172933|val_loss 0.00029261
Epoch  47|time: 3.02s|train_loss 0.00176245|val_loss 0.00030309
Epoch  48|time: 3.03s|train_loss 0.00179370|val_loss 0.00027838
Epoch  49|time: 3.14s|train_loss 0.00173235|val_loss 0.00026731
Best validation epoch: 49 Tue May 23 13:37:28 2023
TEST MAE 0.3289 | std 0.0997 | RMSE 0.4746 | RMSEs 0.4533 | PCC 0.8662 | PCCs 0.8284 | R2 0.7470 | R2s 0.6317 | Var 0.7472 | Vars 0.6539 | Peak 0.1782
Epoch  50|time: 3.02s|train_loss 0.00173965|val_loss 0.00026814
Epoch  51|time: 3.02s|train_loss 0.00170359|val_loss 0.00027493
Epoch  52|time: 3.04s|train_loss 0.00178431|val_loss 0.00027959
Epoch  53|time: 3.10s|train_loss 0.00170246|val_loss 0.00027873
Epoch  54|time: 3.02s|train_loss 0.00173699|val_loss 0.00027898
Epoch  55|time: 3.01s|train_loss 0.00169546|val_loss 0.00028410
Epoch  56|time: 3.04s|train_loss 0.00168999|val_loss 0.00028942
Epoch  57|time: 3.10s|train_loss 0.00169245|val_loss 0.00026643
Best validation epoch: 57 Tue May 23 13:37:53 2023
TEST MAE 0.3094 | std 0.0991 | RMSE 0.4611 | RMSEs 0.4391 | PCC 0.8733 | PCCs 0.8345 | R2 0.7611 | R2s 0.6572 | Var 0.7617 | Vars 0.6711 | Peak 0.1748
Epoch  58|time: 3.03s|train_loss 0.00173508|val_loss 0.00026549
Best validation epoch: 58 Tue May 23 13:37:56 2023
TEST MAE 0.3135 | std 0.1007 | RMSE 0.4639 | RMSEs 0.4417 | PCC 0.8719 | PCCs 0.8318 | R2 0.7583 | R2s 0.6533 | Var 0.7592 | Vars 0.6667 | Peak 0.1756
Epoch  59|time: 3.10s|train_loss 0.00168711|val_loss 0.00026683
Epoch  60|time: 3.01s|train_loss 0.00173983|val_loss 0.00026508
Best validation epoch: 60 Tue May 23 13:38:03 2023
TEST MAE 0.3110 | std 0.0972 | RMSE 0.4597 | RMSEs 0.4386 | PCC 0.8739 | PCCs 0.8334 | R2 0.7626 | R2s 0.6571 | Var 0.7629 | Vars 0.6705 | Peak 0.1739
Epoch  61|time: 3.02s|train_loss 0.00168467|val_loss 0.00026455
Best validation epoch: 61 Tue May 23 13:38:07 2023
TEST MAE 0.3182 | std 0.1058 | RMSE 0.4719 | RMSEs 0.4479 | PCC 0.8705 | PCCs 0.8290 | R2 0.7499 | R2s 0.6455 | Var 0.7570 | Vars 0.6626 | Peak 0.1785
Epoch  62|time: 3.03s|train_loss 0.00167816|val_loss 0.00027007
Epoch  63|time: 3.01s|train_loss 0.00168288|val_loss 0.00029505
Epoch  64|time: 3.02s|train_loss 0.00176652|val_loss 0.00027724
Epoch  65|time: 3.03s|train_loss 0.00172447|val_loss 0.00028546
Epoch  66|time: 3.02s|train_loss 0.00175040|val_loss 0.00027484
Epoch  67|time: 3.13s|train_loss 0.00168197|val_loss 0.00026797
Epoch  68|time: 3.02s|train_loss 0.00166421|val_loss 0.00027815
Epoch  69|time: 3.01s|train_loss 0.00169033|val_loss 0.00027982
Epoch  70|time: 3.02s|train_loss 0.00167951|val_loss 0.00025598
Best validation epoch: 70 Tue May 23 13:38:35 2023
TEST MAE 0.3067 | std 0.1002 | RMSE 0.4565 | RMSEs 0.4349 | PCC 0.8769 | PCCs 0.8367 | R2 0.7659 | R2s 0.6636 | Var 0.7674 | Vars 0.6749 | Peak 0.1722
Epoch  71|time: 3.09s|train_loss 0.00170632|val_loss 0.00025495
Best validation epoch: 71 Tue May 23 13:38:39 2023
TEST MAE 0.3123 | std 0.0918 | RMSE 0.4545 | RMSEs 0.4356 | PCC 0.8784 | PCCs 0.8385 | R2 0.7680 | R2s 0.6582 | Var 0.7693 | Vars 0.6782 | Peak 0.1715
Epoch  72|time: 3.03s|train_loss 0.00166455|val_loss 0.00026046
Epoch  73|time: 3.01s|train_loss 0.00167620|val_loss 0.00027723
Epoch  74|time: 3.11s|train_loss 0.00168026|val_loss 0.00028037
Epoch  75|time: 3.01s|train_loss 0.00170341|val_loss 0.00028184
Epoch  76|time: 3.02s|train_loss 0.00166074|val_loss 0.00027203
Epoch  77|time: 3.02s|train_loss 0.00168841|val_loss 0.00025997
Epoch  78|time: 3.02s|train_loss 0.00164325|val_loss 0.00026300
Epoch  79|time: 3.11s|train_loss 0.00163945|val_loss 0.00026426
Epoch  80|time: 3.05s|train_loss 0.00165179|val_loss 0.00026875
Epoch  81|time: 3.04s|train_loss 0.00164175|val_loss 0.00027148
Epoch  82|time: 3.01s|train_loss 0.00164697|val_loss 0.00026333
Epoch  83|time: 3.02s|train_loss 0.00163912|val_loss 0.00025426
Best validation epoch: 83 Tue May 23 13:39:16 2023
TEST MAE 0.3015 | std 0.1015 | RMSE 0.4520 | RMSEs 0.4299 | PCC 0.8798 | PCCs 0.8402 | R2 0.7705 | R2s 0.6718 | Var 0.7728 | Vars 0.6819 | Peak 0.1705
Epoch  84|time: 3.04s|train_loss 0.00164916|val_loss 0.00024898
Best validation epoch: 84 Tue May 23 13:39:20 2023
TEST MAE 0.3049 | std 0.0995 | RMSE 0.4512 | RMSEs 0.4299 | PCC 0.8804 | PCCs 0.8420 | R2 0.7713 | R2s 0.6703 | Var 0.7716 | Vars 0.6800 | Peak 0.1699
Epoch  85|time: 3.03s|train_loss 0.00163344|val_loss 0.00025374
Epoch  86|time: 3.09s|train_loss 0.00160833|val_loss 0.00026198
Epoch  87|time: 3.07s|train_loss 0.00161884|val_loss 0.00026647
Epoch  88|time: 3.02s|train_loss 0.00162099|val_loss 0.00025965
Epoch  89|time: 3.07s|train_loss 0.00159953|val_loss 0.00025989
Epoch  90|time: 3.04s|train_loss 0.00159720|val_loss 0.00025873
Epoch  91|time: 3.02s|train_loss 0.00158876|val_loss 0.00025582
Epoch  92|time: 3.03s|train_loss 0.00159342|val_loss 0.00025538
Epoch  93|time: 3.26s|train_loss 0.00158250|val_loss 0.00025533
Epoch  94|time: 3.02s|train_loss 0.00158439|val_loss 0.00025759
Epoch  95|time: 3.02s|train_loss 0.00161782|val_loss 0.00025387
Epoch  96|time: 3.08s|train_loss 0.00154803|val_loss 0.00026599
Epoch  97|time: 3.02s|train_loss 0.00155341|val_loss 0.00025558
Epoch  98|time: 3.18s|train_loss 0.00158364|val_loss 0.00025876
Epoch  99|time: 3.00s|train_loss 0.00159110|val_loss 0.00026097
Epoch 100|time: 3.02s|train_loss 0.00156130|val_loss 0.00025495
Epoch 101|time: 3.03s|train_loss 0.00153254|val_loss 0.00024843
Best validation epoch: 101 Tue May 23 13:40:13 2023
TEST MAE 0.2952 | std 0.0949 | RMSE 0.4412 | RMSEs 0.4209 | PCC 0.8856 | PCCs 0.8515 | R2 0.7814 | R2s 0.6821 | Var 0.7814 | Vars 0.6940 | Peak 0.1662
Epoch 102|time: 3.02s|train_loss 0.00155017|val_loss 0.00025093
Epoch 103|time: 3.17s|train_loss 0.00151763|val_loss 0.00024522
Best validation epoch: 103 Tue May 23 13:40:20 2023
TEST MAE 0.2966 | std 0.0987 | RMSE 0.4447 | RMSEs 0.4229 | PCC 0.8848 | PCCs 0.8523 | R2 0.7778 | R2s 0.6802 | Var 0.7779 | Vars 0.6916 | Peak 0.1676
Epoch 104|time: 3.03s|train_loss 0.00152386|val_loss 0.00024785
Epoch 105|time: 3.04s|train_loss 0.00150698|val_loss 0.00025386
Epoch 106|time: 3.02s|train_loss 0.00153826|val_loss 0.00025785
Epoch 107|time: 3.07s|train_loss 0.00151408|val_loss 0.00025843
Epoch 108|time: 3.01s|train_loss 0.00150943|val_loss 0.00025103
Epoch 109|time: 3.01s|train_loss 0.00150085|val_loss 0.00024785
Epoch 110|time: 3.01s|train_loss 0.00149561|val_loss 0.00024854
Epoch 111|time: 3.09s|train_loss 0.00150165|val_loss 0.00025009
Epoch 112|time: 3.05s|train_loss 0.00148637|val_loss 0.00025736
Epoch 113|time: 3.02s|train_loss 0.00151999|val_loss 0.00025551
Epoch 114|time: 3.01s|train_loss 0.00151132|val_loss 0.00025061
Epoch 115|time: 3.02s|train_loss 0.00148876|val_loss 0.00024542
Epoch 116|time: 3.11s|train_loss 0.00150338|val_loss 0.00024632
Epoch 117|time: 3.01s|train_loss 0.00149791|val_loss 0.00024782
Epoch 118|time: 3.01s|train_loss 0.00157011|val_loss 0.00025890
Epoch 119|time: 3.05s|train_loss 0.00152094|val_loss 0.00024830
Epoch 120|time: 3.00s|train_loss 0.00147685|val_loss 0.00024512
Best validation epoch: 120 Tue May 23 13:41:12 2023
TEST MAE 0.2902 | std 0.0962 | RMSE 0.4365 | RMSEs 0.4156 | PCC 0.8885 | PCCs 0.8546 | R2 0.7860 | R2s 0.6907 | Var 0.7861 | Vars 0.7024 | Peak 0.1645
Epoch 121|time: 3.10s|train_loss 0.00151150|val_loss 0.00026200
Epoch 122|time: 3.06s|train_loss 0.00147001|val_loss 0.00025974
Epoch 123|time: 3.01s|train_loss 0.00148460|val_loss 0.00025901
Epoch 124|time: 3.11s|train_loss 0.00148741|val_loss 0.00025349
Epoch 125|time: 3.05s|train_loss 0.00147326|val_loss 0.00024664
Epoch 126|time: 3.01s|train_loss 0.00147511|val_loss 0.00024391
Best validation epoch: 126 Tue May 23 13:41:31 2023
TEST MAE 0.2843 | std 0.0965 | RMSE 0.4341 | RMSEs 0.4138 | PCC 0.8891 | PCCs 0.8523 | R2 0.7883 | R2s 0.6942 | Var 0.7894 | Vars 0.7031 | Peak 0.1653
Epoch 127|time: 3.01s|train_loss 0.00146144|val_loss 0.00024567
Epoch 128|time: 3.12s|train_loss 0.00147228|val_loss 0.00024798
Epoch 129|time: 3.01s|train_loss 0.00146374|val_loss 0.00024876
Epoch 130|time: 3.02s|train_loss 0.00148177|val_loss 0.00024974
Epoch 131|time: 3.02s|train_loss 0.00145954|val_loss 0.00024659
Epoch 132|time: 3.06s|train_loss 0.00153534|val_loss 0.00025251
Epoch 133|time: 3.09s|train_loss 0.00151808|val_loss 0.00024137
Best validation epoch: 133 Tue May 23 13:41:53 2023
TEST MAE 0.2926 | std 0.0991 | RMSE 0.4395 | RMSEs 0.4190 | PCC 0.8867 | PCCs 0.8484 | R2 0.7830 | R2s 0.6867 | Var 0.7843 | Vars 0.6953 | Peak 0.1664
Epoch 134|time: 3.02s|train_loss 0.00147017|val_loss 0.00024415
Epoch 135|time: 3.01s|train_loss 0.00147709|val_loss 0.00024896
Epoch 136|time: 3.02s|train_loss 0.00145005|val_loss 0.00025534
Epoch 137|time: 3.01s|train_loss 0.00148087|val_loss 0.00025363
Epoch 138|time: 3.16s|train_loss 0.00146501|val_loss 0.00025150
Epoch 139|time: 3.02s|train_loss 0.00144926|val_loss 0.00024947
Epoch 140|time: 3.02s|train_loss 0.00144109|val_loss 0.00025677
Epoch 141|time: 3.14s|train_loss 0.00145886|val_loss 0.00024997
Epoch 142|time: 3.09s|train_loss 0.00145614|val_loss 0.00024870
Epoch 143|time: 3.04s|train_loss 0.00144675|val_loss 0.00024406
Epoch 144|time: 3.02s|train_loss 0.00144072|val_loss 0.00024090
Best validation epoch: 144 Tue May 23 13:42:28 2023
TEST MAE 0.2861 | std 0.0992 | RMSE 0.4340 | RMSEs 0.4125 | PCC 0.8901 | PCCs 0.8557 | R2 0.7884 | R2s 0.6965 | Var 0.7890 | Vars 0.7045 | Peak 0.1642
Epoch 145|time: 3.03s|train_loss 0.00143111|val_loss 0.00024121
Epoch 146|time: 3.01s|train_loss 0.00144199|val_loss 0.00024066
Best validation epoch: 146 Tue May 23 13:42:34 2023
TEST MAE 0.2833 | std 0.0987 | RMSE 0.4329 | RMSEs 0.4117 | PCC 0.8901 | PCCs 0.8542 | R2 0.7894 | R2s 0.6981 | Var 0.7904 | Vars 0.7061 | Peak 0.1650
Epoch 147|time: 3.14s|train_loss 0.00143433|val_loss 0.00024355
Epoch 148|time: 3.02s|train_loss 0.00144920|val_loss 0.00024762
Epoch 149|time: 3.02s|train_loss 0.00147922|val_loss 0.00024567
Epoch 150|time: 3.02s|train_loss 0.00144721|val_loss 0.00023771
Best validation epoch: 150 Tue May 23 13:42:47 2023
TEST MAE 0.2855 | std 0.0893 | RMSE 0.4277 | RMSEs 0.4097 | PCC 0.8927 | PCCs 0.8571 | R2 0.7945 | R2s 0.6962 | Var 0.7953 | Vars 0.7112 | Peak 0.1630
Epoch 151|time: 3.02s|train_loss 0.00146460|val_loss 0.00025845
Epoch 152|time: 3.03s|train_loss 0.00151362|val_loss 0.00024647
Epoch 153|time: 3.11s|train_loss 0.00143677|val_loss 0.00024632
Epoch 154|time: 3.20s|train_loss 0.00142381|val_loss 0.00024196
Epoch 155|time: 3.00s|train_loss 0.00144704|val_loss 0.00025526
Epoch 156|time: 3.02s|train_loss 0.00143813|val_loss 0.00025240
Epoch 157|time: 3.08s|train_loss 0.00143770|val_loss 0.00024811
Epoch 158|time: 3.01s|train_loss 0.00143331|val_loss 0.00023882
Epoch 159|time: 3.01s|train_loss 0.00144077|val_loss 0.00023777
Epoch 160|time: 3.12s|train_loss 0.00142081|val_loss 0.00024353
Epoch 161|time: 3.01s|train_loss 0.00151013|val_loss 0.00023939
Epoch 162|time: 3.09s|train_loss 0.00145810|val_loss 0.00023446
Best validation epoch: 162 Tue May 23 13:43:25 2023
TEST MAE 0.2829 | std 0.0979 | RMSE 0.4296 | RMSEs 0.4086 | PCC 0.8926 | PCCs 0.8590 | R2 0.7927 | R2s 0.7015 | Var 0.7930 | Vars 0.7095 | Peak 0.1622
Epoch 163|time: 3.10s|train_loss 0.00143823|val_loss 0.00023399
Best validation epoch: 163 Tue May 23 13:43:29 2023
TEST MAE 0.2883 | std 0.0958 | RMSE 0.4325 | RMSEs 0.4115 | PCC 0.8936 | PCCs 0.8623 | R2 0.7899 | R2s 0.6946 | Var 0.7916 | Vars 0.7099 | Peak 0.1631
Epoch 164|time: 3.01s|train_loss 0.00144249|val_loss 0.00024298
Epoch 165|time: 3.01s|train_loss 0.00141361|val_loss 0.00024202
Epoch 166|time: 3.07s|train_loss 0.00142104|val_loss 0.00024167
Epoch 167|time: 3.08s|train_loss 0.00143364|val_loss 0.00023645
Epoch 168|time: 3.01s|train_loss 0.00143337|val_loss 0.00023821
Epoch 169|time: 3.04s|train_loss 0.00140972|val_loss 0.00024218
Epoch 170|time: 3.04s|train_loss 0.00146220|val_loss 0.00024059
Epoch 171|time: 3.01s|train_loss 0.00142194|val_loss 0.00024417
Epoch 172|time: 3.11s|train_loss 0.00144104|val_loss 0.00023889
Epoch 173|time: 3.10s|train_loss 0.00142958|val_loss 0.00024509
Epoch 174|time: 3.01s|train_loss 0.00142913|val_loss 0.00024486
Epoch 175|time: 3.02s|train_loss 0.00141543|val_loss 0.00024175
Epoch 176|time: 3.10s|train_loss 0.00144013|val_loss 0.00024544
Epoch 177|time: 3.02s|train_loss 0.00140916|val_loss 0.00023513
Epoch 178|time: 3.01s|train_loss 0.00140840|val_loss 0.00023361
Best validation epoch: 178 Tue May 23 13:44:15 2023
TEST MAE 0.2795 | std 0.0955 | RMSE 0.4269 | RMSEs 0.4074 | PCC 0.8930 | PCCs 0.8560 | R2 0.7953 | R2s 0.7028 | Var 0.7964 | Vars 0.7109 | Peak 0.1625
Epoch 179|time: 3.08s|train_loss 0.00150360|val_loss 0.00023299
Best validation epoch: 179 Tue May 23 13:44:19 2023
TEST MAE 0.2823 | std 0.0943 | RMSE 0.4265 | RMSEs 0.4071 | PCC 0.8930 | PCCs 0.8567 | R2 0.7957 | R2s 0.7026 | Var 0.7957 | Vars 0.7113 | Peak 0.1610
Epoch 180|time: 3.02s|train_loss 0.00141719|val_loss 0.00023551
Epoch 181|time: 3.01s|train_loss 0.00141929|val_loss 0.00023615
Epoch 182|time: 3.05s|train_loss 0.00142336|val_loss 0.00024012
Epoch 183|time: 3.01s|train_loss 0.00140957|val_loss 0.00023938
Epoch 184|time: 3.01s|train_loss 0.00140034|val_loss 0.00023821
Epoch 185|time: 3.15s|train_loss 0.00140537|val_loss 0.00023577
Epoch 186|time: 3.02s|train_loss 0.00143495|val_loss 0.00024485
Epoch 187|time: 3.02s|train_loss 0.00141269|val_loss 0.00023630
Epoch 188|time: 3.01s|train_loss 0.00150466|val_loss 0.00023424
Epoch 189|time: 3.11s|train_loss 0.00140937|val_loss 0.00023120
Best validation epoch: 189 Tue May 23 13:44:50 2023
TEST MAE 0.2899 | std 0.0920 | RMSE 0.4291 | RMSEs 0.4103 | PCC 0.8955 | PCCs 0.8624 | R2 0.7931 | R2s 0.6940 | Var 0.7966 | Vars 0.7140 | Peak 0.1612
Epoch 190|time: 3.02s|train_loss 0.00141702|val_loss 0.00024147
Epoch 191|time: 3.00s|train_loss 0.00140595|val_loss 0.00024659
Epoch 192|time: 3.11s|train_loss 0.00140450|val_loss 0.00024278
Epoch 193|time: 3.65s|train_loss 0.00143347|val_loss 0.00023579
Epoch 194|time: 3.65s|train_loss 0.00140357|val_loss 0.00024561
Epoch 195|time: 3.50s|train_loss 0.00144340|val_loss 0.00023049
Best validation epoch: 195 Tue May 23 13:45:11 2023
TEST MAE 0.2827 | std 0.0916 | RMSE 0.4245 | RMSEs 0.4054 | PCC 0.8964 | PCCs 0.8635 | R2 0.7976 | R2s 0.7022 | Var 0.7995 | Vars 0.7181 | Peak 0.1608
Epoch 196|time: 3.37s|train_loss 0.00140371|val_loss 0.00024064
Epoch 197|time: 3.36s|train_loss 0.00142795|val_loss 0.00024250
Epoch 198|time: 3.47s|train_loss 0.00139967|val_loss 0.00024707
Epoch 199|time: 3.36s|train_loss 0.00140632|val_loss 0.00023990
Epoch 200|time: 3.41s|train_loss 0.00139380|val_loss 0.00023227
Epoch 201|time: 3.35s|train_loss 0.00139151|val_loss 0.00022997
Best validation epoch: 201 Tue May 23 13:45:32 2023
TEST MAE 0.2768 | std 0.0969 | RMSE 0.4218 | RMSEs 0.4011 | PCC 0.8959 | PCCs 0.8623 | R2 0.8001 | R2s 0.7125 | Var 0.8005 | Vars 0.7207 | Peak 0.1589
Epoch 202|time: 3.36s|train_loss 0.00141366|val_loss 0.00022973
Best validation epoch: 202 Tue May 23 13:45:36 2023
TEST MAE 0.2839 | std 0.0917 | RMSE 0.4239 | RMSEs 0.4042 | PCC 0.8966 | PCCs 0.8642 | R2 0.7981 | R2s 0.7050 | Var 0.8001 | Vars 0.7217 | Peak 0.1583
Epoch 203|time: 3.37s|train_loss 0.00140332|val_loss 0.00023906
Epoch 204|time: 3.41s|train_loss 0.00140951|val_loss 0.00024001
Epoch 205|time: 3.38s|train_loss 0.00141909|val_loss 0.00025119
Epoch 206|time: 3.37s|train_loss 0.00141875|val_loss 0.00024354
Epoch 207|time: 3.36s|train_loss 0.00139575|val_loss 0.00023908
Epoch 208|time: 3.42s|train_loss 0.00140216|val_loss 0.00023413
Epoch 209|time: 3.60s|train_loss 0.00140524|val_loss 0.00023903
Epoch 210|time: 3.35s|train_loss 0.00139983|val_loss 0.00024284
Epoch 211|time: 3.36s|train_loss 0.00141543|val_loss 0.00023947
Epoch 212|time: 3.45s|train_loss 0.00138736|val_loss 0.00024406
Epoch 213|time: 3.36s|train_loss 0.00139123|val_loss 0.00023638
Epoch 214|time: 3.40s|train_loss 0.00138524|val_loss 0.00024445
Epoch 215|time: 3.38s|train_loss 0.00138978|val_loss 0.00023943
Epoch 216|time: 3.36s|train_loss 0.00142642|val_loss 0.00023991
Epoch 217|time: 3.49s|train_loss 0.00140222|val_loss 0.00023465
Epoch 218|time: 3.37s|train_loss 0.00139152|val_loss 0.00024033
Epoch 219|time: 3.36s|train_loss 0.00137886|val_loss 0.00023643
Epoch 220|time: 3.36s|train_loss 0.00139660|val_loss 0.00023615
Epoch 221|time: 3.38s|train_loss 0.00141887|val_loss 0.00023909
Epoch 222|time: 3.43s|train_loss 0.00139533|val_loss 0.00024391
Epoch 223|time: 3.39s|train_loss 0.00140242|val_loss 0.00023875
Epoch 224|time: 3.38s|train_loss 0.00139836|val_loss 0.00024625
Epoch 225|time: 3.37s|train_loss 0.00139592|val_loss 0.00023904
Epoch 226|time: 3.54s|train_loss 0.00138220|val_loss 0.00024772
Epoch 227|time: 3.36s|train_loss 0.00141394|val_loss 0.00023670
Epoch 228|time: 3.36s|train_loss 0.00143568|val_loss 0.00024376
Epoch 229|time: 3.37s|train_loss 0.00140252|val_loss 0.00023084
Epoch 230|time: 3.36s|train_loss 0.00139281|val_loss 0.00023697
Epoch 231|time: 3.43s|train_loss 0.00140024|val_loss 0.00023510
Epoch 232|time: 3.47s|train_loss 0.00140576|val_loss 0.00023824
Epoch 233|time: 3.37s|train_loss 0.00139623|val_loss 0.00022722
Best validation epoch: 233 Tue May 23 13:47:22 2023
TEST MAE 0.2744 | std 0.0911 | RMSE 0.4172 | RMSEs 0.3983 | PCC 0.8987 | PCCs 0.8665 | R2 0.8044 | R2s 0.7128 | Var 0.8047 | Vars 0.7242 | Peak 0.1580
Epoch 234|time: 3.36s|train_loss 0.00138285|val_loss 0.00023113
Epoch 235|time: 3.45s|train_loss 0.00141589|val_loss 0.00023508
Epoch 236|time: 3.40s|train_loss 0.00138728|val_loss 0.00023924
Epoch 237|time: 3.45s|train_loss 0.00140482|val_loss 0.00023426
Epoch 238|time: 3.44s|train_loss 0.00139094|val_loss 0.00024928
Epoch 239|time: 3.37s|train_loss 0.00138518|val_loss 0.00023494
Epoch 240|time: 3.43s|train_loss 0.00139965|val_loss 0.00024665
Epoch 241|time: 3.55s|train_loss 0.00139031|val_loss 0.00024448
Epoch 242|time: 3.38s|train_loss 0.00140035|val_loss 0.00024845
Epoch 243|time: 3.38s|train_loss 0.00138720|val_loss 0.00023915
Epoch 244|time: 3.43s|train_loss 0.00139134|val_loss 0.00025401
Epoch 245|time: 3.48s|train_loss 0.00139757|val_loss 0.00023384
Epoch 246|time: 3.36s|train_loss 0.00143819|val_loss 0.00023380
Epoch 247|time: 3.41s|train_loss 0.00137340|val_loss 0.00023601
Epoch 248|time: 3.37s|train_loss 0.00138093|val_loss 0.00023545
Epoch 249|time: 3.36s|train_loss 0.00141895|val_loss 0.00023184
Epoch 250|time: 3.40s|train_loss 0.00143590|val_loss 0.00023512
Epoch 251|time: 3.45s|train_loss 0.00139096|val_loss 0.00022805
Epoch 252|time: 3.42s|train_loss 0.00140786|val_loss 0.00023494
Epoch 253|time: 3.38s|train_loss 0.00140410|val_loss 0.00023954
Epoch 254|time: 3.38s|train_loss 0.00143373|val_loss 0.00025178
Epoch 255|time: 3.48s|train_loss 0.00138863|val_loss 0.00022820
Epoch 256|time: 3.38s|train_loss 0.00137237|val_loss 0.00023579
Epoch 257|time: 3.37s|train_loss 0.00139671|val_loss 0.00023529
Epoch 258|time: 3.39s|train_loss 0.00141537|val_loss 0.00024010
Epoch 259|time: 3.44s|train_loss 0.00139265|val_loss 0.00024002
Epoch 260|time: 3.37s|train_loss 0.00138098|val_loss 0.00023041
Epoch 261|time: 3.46s|train_loss 0.00139315|val_loss 0.00024319
Epoch 262|time: 3.37s|train_loss 0.00138955|val_loss 0.00023394
Epoch 263|time: 3.38s|train_loss 0.00138406|val_loss 0.00023605
Epoch 264|time: 3.42s|train_loss 0.00143169|val_loss 0.00023195
Epoch 265|time: 3.43s|train_loss 0.00138198|val_loss 0.00023243
Epoch 266|time: 3.37s|train_loss 0.00139290|val_loss 0.00023694
Epoch 267|time: 3.51s|train_loss 0.00140082|val_loss 0.00024008
Epoch 268|time: 3.36s|train_loss 0.00137614|val_loss 0.00024069
Epoch 269|time: 3.43s|train_loss 0.00137652|val_loss 0.00023271
Epoch 270|time: 3.40s|train_loss 0.00137852|val_loss 0.00023175
Epoch 271|time: 3.39s|train_loss 0.00139541|val_loss 0.00022942
Epoch 272|time: 3.36s|train_loss 0.00143742|val_loss 0.00023284
Epoch 273|time: 3.48s|train_loss 0.00136926|val_loss 0.00023551
Epoch 274|time: 3.37s|train_loss 0.00137131|val_loss 0.00023369
Epoch 275|time: 3.36s|train_loss 0.00136664|val_loss 0.00023159
Epoch 276|time: 3.50s|train_loss 0.00138351|val_loss 0.00023365
Epoch 277|time: 3.36s|train_loss 0.00139876|val_loss 0.00022843
Epoch 278|time: 3.42s|train_loss 0.00139992|val_loss 0.00023296
Epoch 279|time: 3.41s|train_loss 0.00145095|val_loss 0.00023264
Epoch 280|time: 3.43s|train_loss 0.00138408|val_loss 0.00025275
Epoch 281|time: 3.37s|train_loss 0.00141892|val_loss 0.00024677
Epoch 282|time: 3.46s|train_loss 0.00139919|val_loss 0.00025478
Epoch 283|time: 3.49s|train_loss 0.00141049|val_loss 0.00023517
Epoch 284|time: 3.37s|train_loss 0.00137365|val_loss 0.00024933
Epoch 285|time: 3.58s|train_loss 0.00145053|val_loss 0.00023408
Epoch 286|time: 3.37s|train_loss 0.00139639|val_loss 0.00024090
Epoch 287|time: 3.44s|train_loss 0.00139704|val_loss 0.00023314
Epoch 288|time: 3.45s|train_loss 0.00140340|val_loss 0.00023553
Epoch 289|time: 3.38s|train_loss 0.00146363|val_loss 0.00022615
Best validation epoch: 289 Tue May 23 13:50:34 2023
TEST MAE 0.2736 | std 0.0907 | RMSE 0.4146 | RMSEs 0.3950 | PCC 0.9028 | PCCs 0.8762 | R2 0.8069 | R2s 0.7150 | Var 0.8106 | Vars 0.7385 | Peak 0.1549
Epoch 290|time: 3.39s|train_loss 0.00138152|val_loss 0.00023262
Epoch 291|time: 3.44s|train_loss 0.00138403|val_loss 0.00022677
Epoch 292|time: 3.37s|train_loss 0.00139524|val_loss 0.00023159
Epoch 293|time: 3.47s|train_loss 0.00142194|val_loss 0.00022998
Epoch 294|time: 3.37s|train_loss 0.00137248|val_loss 0.00023238
Epoch 295|time: 3.37s|train_loss 0.00136603|val_loss 0.00023134
Epoch 296|time: 3.69s|train_loss 0.00136975|val_loss 0.00023046
Epoch 297|time: 4.05s|train_loss 0.00136736|val_loss 0.00022929
Epoch 298|time: 4.32s|train_loss 0.00136283|val_loss 0.00023293
Epoch 299|time: 3.98s|train_loss 0.00136288|val_loss 0.00023413
Epoch 300|time: 4.01s|train_loss 0.00137516|val_loss 0.00023669
Epoch 301|time: 4.55s|train_loss 0.00136933|val_loss 0.00023710
Epoch 302|time: 4.29s|train_loss 0.00139813|val_loss 0.00025170
Epoch 303|time: 4.23s|train_loss 0.00137758|val_loss 0.00022634
Epoch 304|time: 3.75s|train_loss 0.00138058|val_loss 0.00023386
Epoch 305|time: 3.53s|train_loss 0.00136818|val_loss 0.00023786
Epoch 306|time: 3.67s|train_loss 0.00136714|val_loss 0.00023630
Epoch 307|time: 3.11s|train_loss 0.00137343|val_loss 0.00023294
Epoch 308|time: 3.23s|train_loss 0.00138671|val_loss 0.00023450
Epoch 309|time: 3.32s|train_loss 0.00138846|val_loss 0.00022606
Best validation epoch: 309 Tue May 23 13:51:49 2023
TEST MAE 0.2687 | std 0.0975 | RMSE 0.4155 | RMSEs 0.3927 | PCC 0.9040 | PCCs 0.8802 | R2 0.8061 | R2s 0.7199 | Var 0.8072 | Vars 0.7336 | Peak 0.1555
Epoch 310|time: 3.65s|train_loss 0.00138371|val_loss 0.00023068
Epoch 311|time: 3.13s|train_loss 0.00140157|val_loss 0.00023200
Epoch 312|time: 3.15s|train_loss 0.00137515|val_loss 0.00024141
Epoch 313|time: 3.18s|train_loss 0.00142149|val_loss 0.00022650
Epoch 314|time: 3.15s|train_loss 0.00146029|val_loss 0.00023340
Epoch 315|time: 3.88s|train_loss 0.00136510|val_loss 0.00022445
Best validation epoch: 315 Tue May 23 13:52:10 2023
TEST MAE 0.2802 | std 0.0958 | RMSE 0.4246 | RMSEs 0.4034 | PCC 0.9031 | PCCs 0.8768 | R2 0.7975 | R2s 0.7005 | Var 0.8036 | Vars 0.7252 | Peak 0.1585
Epoch 316|time: 3.10s|train_loss 0.00136488|val_loss 0.00023342
Epoch 317|time: 3.16s|train_loss 0.00136625|val_loss 0.00023471
Epoch 318|time: 3.48s|train_loss 0.00137534|val_loss 0.00024352
Epoch 319|time: 3.36s|train_loss 0.00138864|val_loss 0.00023441
Epoch 320|time: 3.09s|train_loss 0.00135842|val_loss 0.00023267
Epoch 321|time: 3.13s|train_loss 0.00138250|val_loss 0.00022807
Epoch 322|time: 3.20s|train_loss 0.00137919|val_loss 0.00023043
Epoch 323|time: 3.53s|train_loss 0.00136289|val_loss 0.00023115
Epoch 324|time: 3.11s|train_loss 0.00136885|val_loss 0.00022910
Epoch 325|time: 3.01s|train_loss 0.00139498|val_loss 0.00024789
Epoch 326|time: 3.03s|train_loss 0.00137144|val_loss 0.00023294
Epoch 327|time: 3.06s|train_loss 0.00137158|val_loss 0.00023350
Epoch 328|time: 3.12s|train_loss 0.00144067|val_loss 0.00023401
Epoch 329|time: 3.01s|train_loss 0.00135173|val_loss 0.00023025
Epoch 330|time: 3.04s|train_loss 0.00134604|val_loss 0.00022907
Epoch 331|time: 3.01s|train_loss 0.00138843|val_loss 0.00022896
Epoch 332|time: 3.01s|train_loss 0.00139646|val_loss 0.00022710
Epoch 333|time: 3.08s|train_loss 0.00136573|val_loss 0.00023335
Epoch 334|time: 3.12s|train_loss 0.00138102|val_loss 0.00023260
Epoch 335|time: 3.02s|train_loss 0.00137405|val_loss 0.00024011
Epoch 336|time: 3.07s|train_loss 0.00135859|val_loss 0.00023140
Epoch 337|time: 3.19s|train_loss 0.00136943|val_loss 0.00024587
Epoch 338|time: 3.04s|train_loss 0.00136705|val_loss 0.00023067
Epoch 339|time: 3.02s|train_loss 0.00146645|val_loss 0.00023032
Epoch 340|time: 3.19s|train_loss 0.00136853|val_loss 0.00022994
Epoch 341|time: 3.22s|train_loss 0.00135595|val_loss 0.00022557
Epoch 342|time: 3.02s|train_loss 0.00135312|val_loss 0.00023065
Epoch 343|time: 3.02s|train_loss 0.00136143|val_loss 0.00022792
Epoch 344|time: 3.02s|train_loss 0.00135228|val_loss 0.00023161
Epoch 345|time: 3.01s|train_loss 0.00137107|val_loss 0.00022384
Best validation epoch: 345 Tue May 23 13:53:44 2023
TEST MAE 0.2643 | std 0.0893 | RMSE 0.4081 | RMSEs 0.3892 | PCC 0.9042 | PCCs 0.8752 | R2 0.8129 | R2s 0.7237 | Var 0.8144 | Vars 0.7387 | Peak 0.1519
Epoch 346|time: 3.03s|train_loss 0.00136160|val_loss 0.00023800
Epoch 347|time: 3.13s|train_loss 0.00138861|val_loss 0.00023030
Epoch 348|time: 3.03s|train_loss 0.00136602|val_loss 0.00022604
Epoch 349|time: 3.48s|train_loss 0.00135667|val_loss 0.00023920
Epoch 350|time: 3.10s|train_loss 0.00134986|val_loss 0.00022791
Epoch 351|time: 3.10s|train_loss 0.00136086|val_loss 0.00023728
Epoch 352|time: 3.12s|train_loss 0.00136381|val_loss 0.00023172
Epoch 353|time: 3.03s|train_loss 0.00135486|val_loss 0.00023010
Epoch 354|time: 3.01s|train_loss 0.00137748|val_loss 0.00022504
Epoch 355|time: 3.00s|train_loss 0.00137190|val_loss 0.00021926
Best validation epoch: 355 Tue May 23 13:54:16 2023
TEST MAE 0.2713 | std 0.0925 | RMSE 0.4146 | RMSEs 0.3949 | PCC 0.9032 | PCCs 0.8752 | R2 0.8069 | R2s 0.7152 | Var 0.8087 | Vars 0.7307 | Peak 0.1540
Epoch 356|time: 3.10s|train_loss 0.00136221|val_loss 0.00023229
Epoch 357|time: 3.08s|train_loss 0.00138056|val_loss 0.00022359
Epoch 358|time: 3.09s|train_loss 0.00138573|val_loss 0.00023287
Epoch 359|time: 3.04s|train_loss 0.00134224|val_loss 0.00022821
Epoch 360|time: 3.00s|train_loss 0.00139521|val_loss 0.00022987
Epoch 361|time: 3.14s|train_loss 0.00135785|val_loss 0.00023967
Epoch 362|time: 3.02s|train_loss 0.00136130|val_loss 0.00022655
Epoch 363|time: 3.00s|train_loss 0.00138345|val_loss 0.00023812
Epoch 364|time: 3.02s|train_loss 0.00135351|val_loss 0.00022530
Epoch 365|time: 3.01s|train_loss 0.00135529|val_loss 0.00022860
Epoch 366|time: 3.19s|train_loss 0.00138840|val_loss 0.00022476
Epoch 367|time: 3.03s|train_loss 0.00137730|val_loss 0.00021862
Best validation epoch: 367 Tue May 23 13:54:53 2023
TEST MAE 0.2690 | std 0.0898 | RMSE 0.4139 | RMSEs 0.3943 | PCC 0.9042 | PCCs 0.8767 | R2 0.8075 | R2s 0.7151 | Var 0.8110 | Vars 0.7357 | Peak 0.1534
Epoch 368|time: 3.02s|train_loss 0.00138256|val_loss 0.00022910
Epoch 369|time: 3.15s|train_loss 0.00134341|val_loss 0.00022842
Epoch 370|time: 3.27s|train_loss 0.00138055|val_loss 0.00022812
Epoch 371|time: 3.42s|train_loss 0.00133995|val_loss 0.00023153
Epoch 372|time: 3.23s|train_loss 0.00137164|val_loss 0.00022926
Epoch 373|time: 3.07s|train_loss 0.00138636|val_loss 0.00022821
Epoch 374|time: 3.38s|train_loss 0.00136849|val_loss 0.00023198
Epoch 375|time: 3.68s|train_loss 0.00134242|val_loss 0.00022379
Epoch 376|time: 4.03s|train_loss 0.00134935|val_loss 0.00023004
Epoch 377|time: 3.67s|train_loss 0.00135281|val_loss 0.00022814
Epoch 378|time: 3.11s|train_loss 0.00139541|val_loss 0.00023670
Epoch 379|time: 3.22s|train_loss 0.00133542|val_loss 0.00022508
Epoch 380|time: 3.18s|train_loss 0.00134650|val_loss 0.00023736
Epoch 381|time: 3.04s|train_loss 0.00133934|val_loss 0.00023104
Epoch 382|time: 3.47s|train_loss 0.00134015|val_loss 0.00023323
Epoch 383|time: 3.21s|train_loss 0.00135349|val_loss 0.00022593
Epoch 384|time: 3.18s|train_loss 0.00134314|val_loss 0.00024110
Epoch 385|time: 3.03s|train_loss 0.00134145|val_loss 0.00022240
Epoch 386|time: 3.01s|train_loss 0.00137161|val_loss 0.00022633
Epoch 387|time: 3.02s|train_loss 0.00135825|val_loss 0.00022661
Epoch 388|time: 3.03s|train_loss 0.00135300|val_loss 0.00023360
Epoch 389|time: 3.12s|train_loss 0.00134944|val_loss 0.00022745
Epoch 390|time: 3.01s|train_loss 0.00132578|val_loss 0.00023953
Epoch 391|time: 3.02s|train_loss 0.00132633|val_loss 0.00022894
Epoch 392|time: 3.01s|train_loss 0.00133382|val_loss 0.00023317
Epoch 393|time: 3.02s|train_loss 0.00133834|val_loss 0.00022763
Epoch 394|time: 3.09s|train_loss 0.00132671|val_loss 0.00023013
Epoch 395|time: 3.05s|train_loss 0.00134481|val_loss 0.00022376
Epoch 396|time: 3.11s|train_loss 0.00132470|val_loss 0.00022453
Epoch 397|time: 3.05s|train_loss 0.00134764|val_loss 0.00022505
Epoch 398|time: 3.14s|train_loss 0.00132454|val_loss 0.00022289
Epoch 399|time: 3.04s|train_loss 0.00134369|val_loss 0.00023061
Epoch 400|time: 3.10s|train_loss 0.00131882|val_loss 0.00022936
Epoch 401|time: 3.06s|train_loss 0.00134018|val_loss 0.00023138
Epoch 402|time: 3.02s|train_loss 0.00136736|val_loss 0.00022379
Epoch 403|time: 3.15s|train_loss 0.00133523|val_loss 0.00022802
Epoch 404|time: 3.01s|train_loss 0.00131918|val_loss 0.00022492
Epoch 405|time: 3.03s|train_loss 0.00133294|val_loss 0.00022743
Epoch 406|time: 3.01s|train_loss 0.00134434|val_loss 0.00022871
Epoch 407|time: 3.01s|train_loss 0.00133081|val_loss 0.00022973
Epoch 408|time: 3.28s|train_loss 0.00132898|val_loss 0.00022649
Epoch 409|time: 3.34s|train_loss 0.00131419|val_loss 0.00023640
Epoch 410|time: 3.61s|train_loss 0.00134347|val_loss 0.00022251
Epoch 411|time: 3.55s|train_loss 0.00133496|val_loss 0.00022799
Epoch 412|time: 3.40s|train_loss 0.00132639|val_loss 0.00023318
Epoch 413|time: 3.18s|train_loss 0.00130833|val_loss 0.00023455
Epoch 414|time: 3.72s|train_loss 0.00133217|val_loss 0.00022775
Epoch 415|time: 3.16s|train_loss 0.00132680|val_loss 0.00022450
Epoch 416|time: 3.67s|train_loss 0.00131309|val_loss 0.00022222
Epoch 417|time: 3.53s|train_loss 0.00130836|val_loss 0.00022555
Epoch 418|time: 3.34s|train_loss 0.00133563|val_loss 0.00022961
Epoch 419|time: 3.11s|train_loss 0.00131584|val_loss 0.00023268
Epoch 420|time: 3.09s|train_loss 0.00130993|val_loss 0.00023220
Epoch 421|time: 3.11s|train_loss 0.00131105|val_loss 0.00022565
Epoch 422|time: 3.37s|train_loss 0.00129851|val_loss 0.00022057
Epoch 423|time: 3.10s|train_loss 0.00131429|val_loss 0.00022411
Epoch 424|time: 3.18s|train_loss 0.00135575|val_loss 0.00022530
Epoch 425|time: 3.95s|train_loss 0.00130204|val_loss 0.00022938
Epoch 426|time: 3.29s|train_loss 0.00131659|val_loss 0.00022830
Epoch 427|time: 3.11s|train_loss 0.00133693|val_loss 0.00022638
Epoch 428|time: 3.07s|train_loss 0.00130283|val_loss 0.00022268
Epoch 429|time: 2.99s|train_loss 0.00130667|val_loss 0.00022685
Epoch 430|time: 3.06s|train_loss 0.00132358|val_loss 0.00022654
Epoch 431|time: 3.01s|train_loss 0.00130446|val_loss 0.00022784
Epoch 432|time: 3.00s|train_loss 0.00131818|val_loss 0.00022162
Epoch 433|time: 3.00s|train_loss 0.00130374|val_loss 0.00023360
Epoch 434|time: 3.07s|train_loss 0.00131464|val_loss 0.00022662
Epoch 435|time: 3.13s|train_loss 0.00129209|val_loss 0.00022372
Epoch 436|time: 3.07s|train_loss 0.00130572|val_loss 0.00023128
Epoch 437|time: 3.00s|train_loss 0.00129797|val_loss 0.00022391
Epoch 438|time: 3.01s|train_loss 0.00131667|val_loss 0.00022895
Epoch 439|time: 2.99s|train_loss 0.00130427|val_loss 0.00022758
Epoch 440|time: 3.04s|train_loss 0.00131992|val_loss 0.00022252
Epoch 441|time: 3.11s|train_loss 0.00128969|val_loss 0.00022859
Epoch 442|time: 2.99s|train_loss 0.00130174|val_loss 0.00021955
Epoch 443|time: 2.99s|train_loss 0.00131519|val_loss 0.00023091
Epoch 444|time: 3.27s|train_loss 0.00128709|val_loss 0.00022298
Epoch 445|time: 2.99s|train_loss 0.00128748|val_loss 0.00023826
Epoch 446|time: 2.99s|train_loss 0.00131145|val_loss 0.00022247
Epoch 447|time: 3.02s|train_loss 0.00131557|val_loss 0.00022161
Epoch 448|time: 3.00s|train_loss 0.00129200|val_loss 0.00022949
Epoch 449|time: 3.04s|train_loss 0.00128120|val_loss 0.00022345
Epoch 450|time: 2.99s|train_loss 0.00127236|val_loss 0.00023556
Epoch 451|time: 3.06s|train_loss 0.00128232|val_loss 0.00022719
Epoch 452|time: 2.99s|train_loss 0.00130466|val_loss 0.00024120
Epoch 453|time: 2.99s|train_loss 0.00128846|val_loss 0.00022217
Epoch 454|time: 3.09s|train_loss 0.00128869|val_loss 0.00023195
Epoch 455|time: 3.14s|train_loss 0.00126767|val_loss 0.00022592
Epoch 456|time: 2.99s|train_loss 0.00128079|val_loss 0.00022819
Epoch 457|time: 3.01s|train_loss 0.00133330|val_loss 0.00022225
Epoch 458|time: 3.06s|train_loss 0.00127229|val_loss 0.00023491
Epoch 459|time: 2.99s|train_loss 0.00128627|val_loss 0.00022286
Epoch 460|time: 2.99s|train_loss 0.00126362|val_loss 0.00022614
Epoch 461|time: 3.09s|train_loss 0.00132923|val_loss 0.00022444
Epoch 462|time: 3.04s|train_loss 0.00126528|val_loss 0.00022118
Epoch 463|time: 3.11s|train_loss 0.00131213|val_loss 0.00022213
Epoch 464|time: 3.08s|train_loss 0.00127894|val_loss 0.00023824
Epoch 465|time: 3.25s|train_loss 0.00130741|val_loss 0.00023413
Epoch 466|time: 3.35s|train_loss 0.00126941|val_loss 0.00022278
Epoch 467|time: 3.12s|train_loss 0.00129858|val_loss 0.00021940
Epoch 468|time: 3.13s|train_loss 0.00126523|val_loss 0.00022239
Epoch 469|time: 3.00s|train_loss 0.00131106|val_loss 0.00022977
Epoch 470|time: 3.20s|train_loss 0.00126407|val_loss 0.00023833
Epoch 471|time: 2.99s|train_loss 0.00127789|val_loss 0.00023259
Epoch 472|time: 3.16s|train_loss 0.00129254|val_loss 0.00021562
Best validation epoch: 472 Tue May 23 14:00:25 2023
TEST MAE 0.2598 | std 0.0894 | RMSE 0.4072 | RMSEs 0.3878 | PCC 0.9051 | PCCs 0.8763 | R2 0.8138 | R2s 0.7266 | Var 0.8145 | Vars 0.7386 | Peak 0.1515
Epoch 473|time: 3.18s|train_loss 0.00126580|val_loss 0.00021474
Best validation epoch: 473 Tue May 23 14:00:29 2023
TEST MAE 0.2626 | std 0.0904 | RMSE 0.4094 | RMSEs 0.3896 | PCC 0.9053 | PCCs 0.8773 | R2 0.8117 | R2s 0.7235 | Var 0.8138 | Vars 0.7391 | Peak 0.1514
Epoch 474|time: 3.13s|train_loss 0.00126994|val_loss 0.00022549
Epoch 475|time: 3.16s|train_loss 0.00125251|val_loss 0.00022468
Epoch 476|time: 2.99s|train_loss 0.00126267|val_loss 0.00022518
Epoch 477|time: 2.98s|train_loss 0.00125380|val_loss 0.00022497
Epoch 478|time: 2.98s|train_loss 0.00131098|val_loss 0.00022187
Epoch 479|time: 2.99s|train_loss 0.00127408|val_loss 0.00022087
Epoch 480|time: 3.18s|train_loss 0.00127199|val_loss 0.00022551
Epoch 481|time: 2.98s|train_loss 0.00129961|val_loss 0.00022135
Epoch 482|time: 3.01s|train_loss 0.00125432|val_loss 0.00023283
Epoch 483|time: 3.04s|train_loss 0.00126691|val_loss 0.00021779
Epoch 484|time: 3.00s|train_loss 0.00126706|val_loss 0.00022542
Epoch 485|time: 3.09s|train_loss 0.00127364|val_loss 0.00022983
Epoch 486|time: 3.03s|train_loss 0.00125347|val_loss 0.00022671
Epoch 487|time: 2.98s|train_loss 0.00125707|val_loss 0.00022783
Epoch 488|time: 2.97s|train_loss 0.00134110|val_loss 0.00021963
Epoch 489|time: 3.07s|train_loss 0.00125219|val_loss 0.00022428
Epoch 490|time: 2.98s|train_loss 0.00130242|val_loss 0.00021826
Epoch 491|time: 2.99s|train_loss 0.00126591|val_loss 0.00022139
Epoch 492|time: 2.98s|train_loss 0.00129677|val_loss 0.00022122
Epoch 493|time: 3.04s|train_loss 0.00125117|val_loss 0.00022250
Epoch 494|time: 3.02s|train_loss 0.00126271|val_loss 0.00022097
Epoch 495|time: 3.23s|train_loss 0.00126977|val_loss 0.00022245
Epoch 496|time: 3.05s|train_loss 0.00125043|val_loss 0.00023172
Epoch 497|time: 2.98s|train_loss 0.00126667|val_loss 0.00021877
Epoch 498|time: 2.97s|train_loss 0.00125995|val_loss 0.00023827
Epoch 499|time: 3.05s|train_loss 0.00123654|val_loss 0.00022272
Epoch 500|time: 3.08s|train_loss 0.00125263|val_loss 0.00022792
Final evaluation
TEST MAE 0.2626 | std 0.0904 | RMSE 0.4094 | RMSEs 0.3896 | PCC 0.9053 | PCCs 0.8773 | R2 0.8117 | R2s 0.7235 | Var 0.8138 | Vars 0.7391 | Peak 0.1514
