--------Parameters--------
Namespace(batch=32, bi=False, check_point=1, cuda=False, dataset='us_hhs', dropout=0.2, epilambda=1.0, epochs=500, gpu=3, hidsp=15, horizon=1, k=10, lamda=0.01, lr=0.1, model='cola_gnn_epi', mylog=False, n_hidden=10, n_layer=1, patience=200, rnn_model='RNN', save_dir='save', seed=42, shuffle=False, sim_mat='us_hhs-adj', test=0.2, train=0.6, val=0.2, weight_decay=0.0005, window=20)
--------------------------
data shape (364, 10)
size of train/val/test sets 198 73 73
#params: 2005
begin training
Epoch   1|time: 2.95s|train_loss 0.00878662|val_loss 0.00459327
Best validation epoch: 1 Mon May 22 23:02:54 2023
TEST MAE 6.2375 | std 1.8346 | RMSE 6.5434 | RMSEs 6.2801 | PCC -0.3784 | PCCs 0.6425 | R2 -47.0969 | R2s -74.6163 | Var -3.3922 | Vars 0.0905 | Peak 2.5942
Epoch   2|time: 3.16s|train_loss 0.00822770|val_loss 0.00098209
Best validation epoch: 2 Mon May 22 23:02:58 2023
TEST MAE 1.3086 | std 0.4056 | RMSE 1.4704 | RMSEs 1.4105 | PCC 0.6620 | PCCs 0.6581 | R2 -1.4287 | R2s -2.6265 | Var 0.4380 | Vars 0.4045 | Peak 0.6125
Epoch   3|time: 3.02s|train_loss 0.00753147|val_loss 0.00381018
Epoch   4|time: 3.41s|train_loss 0.00741435|val_loss 0.00111443
Epoch   5|time: 3.08s|train_loss 0.00734155|val_loss 0.00216312
Epoch   6|time: 3.17s|train_loss 0.00703633|val_loss 0.00230117
Epoch   7|time: 3.16s|train_loss 0.00599150|val_loss 0.00051279
Best validation epoch: 7 Mon May 22 23:03:15 2023
TEST MAE 0.5384 | std 0.1117 | RMSE 0.6706 | RMSEs 0.6531 | PCC 0.7468 | PCCs 0.9291 | R2 0.4949 | R2s 0.2113 | Var 0.5151 | Vars 0.3494 | Peak 0.2081
Epoch   8|time: 3.09s|train_loss 0.00532134|val_loss 0.00045765
Best validation epoch: 8 Mon May 22 23:03:19 2023
TEST MAE 0.5547 | std 0.1371 | RMSE 0.7124 | RMSEs 0.6918 | PCC 0.7541 | PCCs 0.6006 | R2 0.4299 | R2s 0.1339 | Var 0.5611 | Vars 0.3386 | Peak 0.3155
Epoch   9|time: 3.12s|train_loss 0.00542367|val_loss 0.00034759
Best validation epoch: 9 Mon May 22 23:03:23 2023
TEST MAE 0.5495 | std 0.1624 | RMSE 0.7480 | RMSEs 0.7211 | PCC 0.8158 | PCCs 0.6942 | R2 0.3715 | R2s 0.0702 | Var 0.6098 | Vars 0.4434 | Peak 0.3590
Epoch  10|time: 3.22s|train_loss 0.00536343|val_loss 0.00048287
Epoch  11|time: 3.08s|train_loss 0.00495988|val_loss 0.00030541
Best validation epoch: 11 Mon May 22 23:03:30 2023
TEST MAE 0.4207 | std 0.1401 | RMSE 0.5499 | RMSEs 0.5269 | PCC 0.9581 | PCCs 0.9378 | R2 0.6603 | R2s 0.5071 | Var 0.8565 | Vars 0.8176 | Peak 0.2529
Epoch  12|time: 3.06s|train_loss 0.00492225|val_loss 0.00062973
Epoch  13|time: 3.08s|train_loss 0.00524903|val_loss 0.00055791
Epoch  14|time: 3.18s|train_loss 0.00498464|val_loss 0.00050445
Epoch  15|time: 3.15s|train_loss 0.00502932|val_loss 0.00023668
Best validation epoch: 15 Mon May 22 23:03:43 2023
TEST MAE 0.3667 | std 0.1123 | RMSE 0.4707 | RMSEs 0.4539 | PCC 0.9536 | PCCs 0.9317 | R2 0.7511 | R2s 0.6234 | Var 0.8928 | Vars 0.8562 | Peak 0.2010
Epoch  16|time: 3.13s|train_loss 0.00485898|val_loss 0.00018162
Best validation epoch: 16 Mon May 22 23:03:47 2023
TEST MAE 0.2662 | std 0.0834 | RMSE 0.3695 | RMSEs 0.3556 | PCC 0.9571 | PCCs 0.9357 | R2 0.8466 | R2s 0.7723 | Var 0.9073 | Vars 0.8694 | Peak 0.1566
Epoch  17|time: 3.13s|train_loss 0.00497603|val_loss 0.00018471
Epoch  18|time: 3.09s|train_loss 0.00492888|val_loss 0.00047613
Epoch  19|time: 3.23s|train_loss 0.00488881|val_loss 0.00016825
Best validation epoch: 19 Mon May 22 23:03:57 2023
TEST MAE 0.2017 | std 0.0534 | RMSE 0.3006 | RMSEs 0.2892 | PCC 0.9595 | PCCs 0.9380 | R2 0.8985 | R2s 0.8486 | Var 0.9065 | Vars 0.8614 | Peak 0.1251
Epoch  20|time: 3.17s|train_loss 0.00500224|val_loss 0.00037191
Epoch  21|time: 3.09s|train_loss 0.00499063|val_loss 0.00043077
Epoch  22|time: 3.08s|train_loss 0.00498788|val_loss 0.00038283
Epoch  23|time: 3.10s|train_loss 0.00493919|val_loss 0.00047109
Epoch  24|time: 3.17s|train_loss 0.00491993|val_loss 0.00028270
Epoch  25|time: 3.17s|train_loss 0.00491682|val_loss 0.00027046
Epoch  26|time: 3.14s|train_loss 0.00485755|val_loss 0.00022639
Epoch  27|time: 3.09s|train_loss 0.00504315|val_loss 0.00036209
Epoch  28|time: 3.10s|train_loss 0.00483712|val_loss 0.00017145
Epoch  29|time: 3.16s|train_loss 0.00494127|val_loss 0.00020736
Epoch  30|time: 3.09s|train_loss 0.00488751|val_loss 0.00029878
Epoch  31|time: 3.08s|train_loss 0.00487162|val_loss 0.00051052
Epoch  32|time: 3.09s|train_loss 0.00494111|val_loss 0.00046965
Epoch  33|time: 3.24s|train_loss 0.00504213|val_loss 0.00025258
Epoch  34|time: 3.09s|train_loss 0.00487996|val_loss 0.00047669
Epoch  35|time: 3.07s|train_loss 0.00496759|val_loss 0.00030292
Epoch  36|time: 3.08s|train_loss 0.00498650|val_loss 0.00020019
Epoch  37|time: 3.07s|train_loss 0.00499461|val_loss 0.00016355
Best validation epoch: 37 Mon May 22 23:04:54 2023
TEST MAE 0.2262 | std 0.0697 | RMSE 0.3298 | RMSEs 0.3169 | PCC 0.9590 | PCCs 0.9377 | R2 0.8778 | R2s 0.8196 | Var 0.9113 | Vars 0.8717 | Peak 0.1408
Epoch  38|time: 3.09s|train_loss 0.00486794|val_loss 0.00032204
Epoch  39|time: 3.21s|train_loss 0.00495795|val_loss 0.00053449
Epoch  40|time: 3.11s|train_loss 0.00485961|val_loss 0.00032837
Epoch  41|time: 3.11s|train_loss 0.00496856|val_loss 0.00019240
Epoch  42|time: 3.13s|train_loss 0.00495313|val_loss 0.00023068
Epoch  43|time: 3.21s|train_loss 0.00508682|val_loss 0.00034753
Epoch  44|time: 3.15s|train_loss 0.00534371|val_loss 0.00019943
Epoch  45|time: 3.07s|train_loss 0.00513245|val_loss 0.00024594
Epoch  46|time: 3.14s|train_loss 0.00491793|val_loss 0.00023127
Epoch  47|time: 3.08s|train_loss 0.00505660|val_loss 0.00033842
Epoch  48|time: 3.15s|train_loss 0.00496956|val_loss 0.00025112
Epoch  49|time: 3.37s|train_loss 0.00480916|val_loss 0.00020517
Epoch  50|time: 3.07s|train_loss 0.00487661|val_loss 0.00018438
Epoch  51|time: 3.08s|train_loss 0.00495512|val_loss 0.00017808
Epoch  52|time: 3.16s|train_loss 0.00495878|val_loss 0.00056302
Epoch  53|time: 3.20s|train_loss 0.00510898|val_loss 0.00058074
Epoch  54|time: 3.08s|train_loss 0.00509879|val_loss 0.00082969
Epoch  55|time: 3.13s|train_loss 0.00530506|val_loss 0.00059655
Epoch  56|time: 3.06s|train_loss 0.00527949|val_loss 0.00057642
Epoch  57|time: 3.13s|train_loss 0.00512840|val_loss 0.00051851
Epoch  58|time: 3.13s|train_loss 0.00510551|val_loss 0.00040560
Epoch  59|time: 3.13s|train_loss 0.00518305|val_loss 0.00019370
Epoch  60|time: 3.09s|train_loss 0.00512310|val_loss 0.00038405
Epoch  61|time: 3.09s|train_loss 0.00486500|val_loss 0.00016187
Best validation epoch: 61 Mon May 22 23:06:10 2023
TEST MAE 0.2304 | std 0.0641 | RMSE 0.3249 | RMSEs 0.3145 | PCC 0.9548 | PCCs 0.9320 | R2 0.8814 | R2s 0.8185 | Var 0.9109 | Vars 0.8662 | Peak 0.1343
Epoch  62|time: 3.15s|train_loss 0.00480109|val_loss 0.00021575
Epoch  63|time: 3.09s|train_loss 0.00493750|val_loss 0.00015542
Best validation epoch: 63 Mon May 22 23:06:17 2023
TEST MAE 0.2065 | std 0.0526 | RMSE 0.2940 | RMSEs 0.2843 | PCC 0.9575 | PCCs 0.9377 | R2 0.9029 | R2s 0.8506 | Var 0.9164 | Vars 0.8731 | Peak 0.1157
Epoch  64|time: 3.12s|train_loss 0.00486462|val_loss 0.00023365
Epoch  65|time: 3.13s|train_loss 0.00493308|val_loss 0.00019635
Epoch  66|time: 3.05s|train_loss 0.00511770|val_loss 0.00018479
Epoch  67|time: 3.08s|train_loss 0.00535843|val_loss 0.00062480
Epoch  68|time: 3.11s|train_loss 0.00534730|val_loss 0.00037232
Epoch  69|time: 3.11s|train_loss 0.00506696|val_loss 0.00017219
Epoch  70|time: 3.14s|train_loss 0.00507197|val_loss 0.00067926
Epoch  71|time: 3.18s|train_loss 0.00536449|val_loss 0.00074513
Epoch  72|time: 3.05s|train_loss 0.00540397|val_loss 0.00025331
Epoch  73|time: 3.06s|train_loss 0.00511310|val_loss 0.00019211
Epoch  74|time: 3.15s|train_loss 0.00511537|val_loss 0.00033805
Epoch  75|time: 3.14s|train_loss 0.00509219|val_loss 0.00018254
Epoch  76|time: 3.15s|train_loss 0.00511496|val_loss 0.00033877
Epoch  77|time: 3.10s|train_loss 0.00523759|val_loss 0.00018159
Epoch  78|time: 3.09s|train_loss 0.00530350|val_loss 0.00019399
Epoch  79|time: 3.22s|train_loss 0.00532077|val_loss 0.00019206
Epoch  80|time: 3.05s|train_loss 0.00515023|val_loss 0.00020683
Epoch  81|time: 3.16s|train_loss 0.00520010|val_loss 0.00055827
Epoch  82|time: 3.09s|train_loss 0.00530019|val_loss 0.00048751
Epoch  83|time: 3.10s|train_loss 0.00519399|val_loss 0.00017666
Epoch  84|time: 3.24s|train_loss 0.00501964|val_loss 0.00026569
Epoch  85|time: 3.16s|train_loss 0.00503090|val_loss 0.00019190
Epoch  86|time: 3.10s|train_loss 0.00496527|val_loss 0.00024128
Epoch  87|time: 3.12s|train_loss 0.00510559|val_loss 0.00032925
Epoch  88|time: 3.11s|train_loss 0.00508825|val_loss 0.00014667
Best validation epoch: 88 Mon May 22 23:07:35 2023
TEST MAE 0.1937 | std 0.0491 | RMSE 0.2809 | RMSEs 0.2722 | PCC 0.9590 | PCCs 0.9384 | R2 0.9114 | R2s 0.8619 | Var 0.9186 | Vars 0.8740 | Peak 0.1113
Epoch  89|time: 3.08s|train_loss 0.00496233|val_loss 0.00015042
Epoch  90|time: 3.19s|train_loss 0.00496477|val_loss 0.00014572
Best validation epoch: 90 Mon May 22 23:07:42 2023
TEST MAE 0.1785 | std 0.0450 | RMSE 0.2662 | RMSEs 0.2571 | PCC 0.9601 | PCCs 0.9389 | R2 0.9204 | R2s 0.8767 | Var 0.9218 | Vars 0.8788 | Peak 0.1051
Epoch  91|time: 3.09s|train_loss 0.00494556|val_loss 0.00023745
Epoch  92|time: 3.11s|train_loss 0.00500055|val_loss 0.00029822
Epoch  93|time: 3.21s|train_loss 0.00511904|val_loss 0.00071065
Epoch  94|time: 3.05s|train_loss 0.00550136|val_loss 0.00099968
Epoch  95|time: 3.13s|train_loss 0.00580266|val_loss 0.00036722
Epoch  96|time: 3.07s|train_loss 0.00542545|val_loss 0.00022690
Epoch  97|time: 3.04s|train_loss 0.00523837|val_loss 0.00037575
Epoch  98|time: 3.14s|train_loss 0.00527780|val_loss 0.00032225
Epoch  99|time: 3.08s|train_loss 0.00509966|val_loss 0.00029781
Epoch 100|time: 3.09s|train_loss 0.00504825|val_loss 0.00040397
Epoch 101|time: 3.09s|train_loss 0.00507348|val_loss 0.00027246
Epoch 102|time: 3.04s|train_loss 0.00502085|val_loss 0.00014940
Epoch 103|time: 3.24s|train_loss 0.00499646|val_loss 0.00028883
Epoch 104|time: 3.09s|train_loss 0.00505993|val_loss 0.00029484
Epoch 105|time: 3.08s|train_loss 0.00506524|val_loss 0.00020580
Epoch 106|time: 3.09s|train_loss 0.00523911|val_loss 0.00026693
Epoch 107|time: 3.10s|train_loss 0.00508105|val_loss 0.00052315
Epoch 108|time: 3.16s|train_loss 0.00511328|val_loss 0.00016045
Epoch 109|time: 3.27s|train_loss 0.00508541|val_loss 0.00016166
Epoch 110|time: 3.09s|train_loss 0.00502759|val_loss 0.00019850
Epoch 111|time: 3.09s|train_loss 0.00506310|val_loss 0.00026034
Epoch 112|time: 3.22s|train_loss 0.00511654|val_loss 0.00028031
Epoch 113|time: 3.06s|train_loss 0.00512168|val_loss 0.00044565
Epoch 114|time: 3.02s|train_loss 0.00506013|val_loss 0.00034438
Epoch 115|time: 3.10s|train_loss 0.00515471|val_loss 0.00043561
Epoch 116|time: 3.06s|train_loss 0.00543107|val_loss 0.00017011
Epoch 117|time: 3.11s|train_loss 0.00531870|val_loss 0.00041159
Epoch 118|time: 3.07s|train_loss 0.00502274|val_loss 0.00052760
Epoch 119|time: 3.16s|train_loss 0.00531450|val_loss 0.00019203
Epoch 120|time: 3.03s|train_loss 0.00515381|val_loss 0.00034649
Epoch 121|time: 3.07s|train_loss 0.00531341|val_loss 0.00025194
Epoch 122|time: 3.17s|train_loss 0.00501118|val_loss 0.00016227
Epoch 123|time: 3.11s|train_loss 0.00519583|val_loss 0.00023440
Epoch 124|time: 3.04s|train_loss 0.00533827|val_loss 0.00023816
Epoch 125|time: 3.20s|train_loss 0.00525689|val_loss 0.00025476
Epoch 126|time: 3.19s|train_loss 0.00510685|val_loss 0.00015857
Epoch 127|time: 3.08s|train_loss 0.00526521|val_loss 0.00016468
Epoch 128|time: 3.08s|train_loss 0.00541125|val_loss 0.00024855
Epoch 129|time: 3.09s|train_loss 0.00519933|val_loss 0.00037072
Epoch 130|time: 3.15s|train_loss 0.00525672|val_loss 0.00053546
Epoch 131|time: 3.05s|train_loss 0.00527267|val_loss 0.00021313
Epoch 132|time: 3.10s|train_loss 0.00504904|val_loss 0.00050819
Epoch 133|time: 3.09s|train_loss 0.00523904|val_loss 0.00060764
Epoch 134|time: 3.07s|train_loss 0.00550799|val_loss 0.00055610
Epoch 135|time: 3.21s|train_loss 0.00539498|val_loss 0.00024009
Epoch 136|time: 3.13s|train_loss 0.00527471|val_loss 0.00077542
Epoch 137|time: 3.12s|train_loss 0.00529850|val_loss 0.00049666
Epoch 138|time: 3.21s|train_loss 0.00507694|val_loss 0.00031533
Epoch 139|time: 3.06s|train_loss 0.00512556|val_loss 0.00061180
Epoch 140|time: 3.13s|train_loss 0.00517777|val_loss 0.00033867
Epoch 141|time: 3.07s|train_loss 0.00538878|val_loss 0.00147570
Epoch 142|time: 3.09s|train_loss 0.00553022|val_loss 0.00056224
Epoch 143|time: 3.09s|train_loss 0.00521324|val_loss 0.00022215
Epoch 144|time: 3.14s|train_loss 0.00493064|val_loss 0.00020877
Epoch 145|time: 3.03s|train_loss 0.00504912|val_loss 0.00061751
Epoch 146|time: 3.09s|train_loss 0.00509231|val_loss 0.00019318
Epoch 147|time: 3.09s|train_loss 0.00502957|val_loss 0.00031861
Epoch 148|time: 3.10s|train_loss 0.00507450|val_loss 0.00058746
Epoch 149|time: 3.08s|train_loss 0.00540311|val_loss 0.00023372
Epoch 150|time: 3.19s|train_loss 0.00513465|val_loss 0.00056126
Epoch 151|time: 3.03s|train_loss 0.00503986|val_loss 0.00017136
Epoch 152|time: 3.09s|train_loss 0.00497349|val_loss 0.00024620
Epoch 153|time: 3.08s|train_loss 0.00493624|val_loss 0.00038545
Epoch 154|time: 3.15s|train_loss 0.00507242|val_loss 0.00059057
Epoch 155|time: 3.03s|train_loss 0.00511939|val_loss 0.00032581
Epoch 156|time: 3.06s|train_loss 0.00493772|val_loss 0.00021971
Epoch 157|time: 3.09s|train_loss 0.00498770|val_loss 0.00036309
Epoch 158|time: 3.11s|train_loss 0.00501553|val_loss 0.00021922
Epoch 159|time: 3.08s|train_loss 0.00498075|val_loss 0.00015174
Epoch 160|time: 3.07s|train_loss 0.00498360|val_loss 0.00033886
Epoch 161|time: 3.13s|train_loss 0.00505127|val_loss 0.00075998
Epoch 162|time: 3.05s|train_loss 0.00543894|val_loss 0.00108050
Epoch 163|time: 3.17s|train_loss 0.00535577|val_loss 0.00027809
Epoch 164|time: 3.09s|train_loss 0.00501059|val_loss 0.00016095
Epoch 165|time: 3.04s|train_loss 0.00491070|val_loss 0.00034987
Epoch 166|time: 3.05s|train_loss 0.00498640|val_loss 0.00018197
Epoch 167|time: 3.09s|train_loss 0.00497511|val_loss 0.00029039
Epoch 168|time: 3.10s|train_loss 0.00519533|val_loss 0.00085850
Epoch 169|time: 3.10s|train_loss 0.00529899|val_loss 0.00083483
Epoch 170|time: 3.09s|train_loss 0.00551599|val_loss 0.00099258
Epoch 171|time: 3.08s|train_loss 0.00543078|val_loss 0.00084182
Epoch 172|time: 3.09s|train_loss 0.00541048|val_loss 0.00089320
Epoch 173|time: 3.09s|train_loss 0.00536210|val_loss 0.00053877
Epoch 174|time: 3.02s|train_loss 0.00503275|val_loss 0.00017873
Epoch 175|time: 3.08s|train_loss 0.00507454|val_loss 0.00020403
Epoch 176|time: 3.07s|train_loss 0.00492082|val_loss 0.00024107
Epoch 177|time: 3.19s|train_loss 0.00494149|val_loss 0.00026985
Epoch 178|time: 3.04s|train_loss 0.00500585|val_loss 0.00017632
Epoch 179|time: 3.08s|train_loss 0.00487838|val_loss 0.00015913
Epoch 180|time: 3.10s|train_loss 0.00493158|val_loss 0.00021876
Epoch 181|time: 3.13s|train_loss 0.00500904|val_loss 0.00018681
Epoch 182|time: 3.10s|train_loss 0.00494351|val_loss 0.00014703
Epoch 183|time: 3.08s|train_loss 0.00517583|val_loss 0.00038311
Epoch 184|time: 3.05s|train_loss 0.00504850|val_loss 0.00019738
Epoch 185|time: 3.13s|train_loss 0.00505447|val_loss 0.00036572
Epoch 186|time: 3.09s|train_loss 0.00508805|val_loss 0.00021377
Epoch 187|time: 3.10s|train_loss 0.00499072|val_loss 0.00018109
Epoch 188|time: 3.04s|train_loss 0.00504428|val_loss 0.00024446
Epoch 189|time: 3.13s|train_loss 0.00502342|val_loss 0.00023702
Epoch 190|time: 3.14s|train_loss 0.00517969|val_loss 0.00030093
Epoch 191|time: 3.03s|train_loss 0.00498570|val_loss 0.00025251
Epoch 192|time: 3.11s|train_loss 0.00507030|val_loss 0.00036043
Epoch 193|time: 3.16s|train_loss 0.00518990|val_loss 0.00036555
Epoch 194|time: 3.01s|train_loss 0.00514810|val_loss 0.00028548
Epoch 195|time: 3.09s|train_loss 0.00523755|val_loss 0.00014744
Epoch 196|time: 3.18s|train_loss 0.00516626|val_loss 0.00019848
Epoch 197|time: 3.03s|train_loss 0.00502660|val_loss 0.00024223
Epoch 198|time: 3.05s|train_loss 0.00501881|val_loss 0.00019950
Epoch 199|time: 3.11s|train_loss 0.00494846|val_loss 0.00020482
Epoch 200|time: 3.07s|train_loss 0.00503333|val_loss 0.00041372
Epoch 201|time: 3.08s|train_loss 0.00511934|val_loss 0.00066212
Epoch 202|time: 3.08s|train_loss 0.00529865|val_loss 0.00023049
Epoch 203|time: 3.18s|train_loss 0.00509705|val_loss 0.00018711
Epoch 204|time: 3.09s|train_loss 0.00517726|val_loss 0.00037793
Epoch 205|time: 3.08s|train_loss 0.00537366|val_loss 0.00017156
Epoch 206|time: 3.10s|train_loss 0.00506399|val_loss 0.00029128
Epoch 207|time: 3.08s|train_loss 0.00505819|val_loss 0.00026964
Epoch 208|time: 3.04s|train_loss 0.00509309|val_loss 0.00020684
Epoch 209|time: 3.19s|train_loss 0.00507919|val_loss 0.00027446
Epoch 210|time: 3.09s|train_loss 0.00504731|val_loss 0.00014966
Epoch 211|time: 3.09s|train_loss 0.00514614|val_loss 0.00023985
Epoch 212|time: 3.05s|train_loss 0.00504965|val_loss 0.00026144
Epoch 213|time: 3.07s|train_loss 0.00494489|val_loss 0.00033093
Epoch 214|time: 3.11s|train_loss 0.00500891|val_loss 0.00040008
Epoch 215|time: 3.08s|train_loss 0.00498489|val_loss 0.00018631
Epoch 216|time: 3.18s|train_loss 0.00519853|val_loss 0.00016112
Epoch 217|time: 3.09s|train_loss 0.00490314|val_loss 0.00018545
Epoch 218|time: 3.16s|train_loss 0.00499257|val_loss 0.00023168
Epoch 219|time: 3.19s|train_loss 0.00497080|val_loss 0.00015502
Epoch 220|time: 3.09s|train_loss 0.00510544|val_loss 0.00020298
Epoch 221|time: 3.18s|train_loss 0.00531604|val_loss 0.00018420
Epoch 222|time: 3.17s|train_loss 0.00537911|val_loss 0.00018508
Epoch 223|time: 3.17s|train_loss 0.00494996|val_loss 0.00018348
Epoch 224|time: 3.16s|train_loss 0.00497004|val_loss 0.00028713
Epoch 225|time: 3.21s|train_loss 0.00516184|val_loss 0.00046511
Epoch 226|time: 3.16s|train_loss 0.00502139|val_loss 0.00023895
Epoch 227|time: 3.15s|train_loss 0.00519880|val_loss 0.00052895
Epoch 228|time: 3.34s|train_loss 0.00500632|val_loss 0.00022961
Epoch 229|time: 3.19s|train_loss 0.00489950|val_loss 0.00044463
Epoch 230|time: 3.21s|train_loss 0.00504226|val_loss 0.00061938
Epoch 231|time: 3.31s|train_loss 0.00521701|val_loss 0.00121748
Epoch 232|time: 3.62s|train_loss 0.00545235|val_loss 0.00053298
Epoch 233|time: 3.31s|train_loss 0.00507108|val_loss 0.00024163
Epoch 234|time: 3.37s|train_loss 0.00497866|val_loss 0.00062631
Epoch 235|time: 3.25s|train_loss 0.00514903|val_loss 0.00038215
Epoch 236|time: 3.25s|train_loss 0.00518805|val_loss 0.00036436
Epoch 237|time: 3.38s|train_loss 0.00539743|val_loss 0.00016360
Epoch 238|time: 3.32s|train_loss 0.00499938|val_loss 0.00021450
Epoch 239|time: 3.23s|train_loss 0.00487525|val_loss 0.00014652
Epoch 240|time: 3.41s|train_loss 0.00483120|val_loss 0.00016806
Epoch 241|time: 3.33s|train_loss 0.00483243|val_loss 0.00023221
Epoch 242|time: 3.38s|train_loss 0.00492169|val_loss 0.00015864
Epoch 243|time: 3.30s|train_loss 0.00483458|val_loss 0.00014447
Best validation epoch: 243 Mon May 22 23:15:42 2023
TEST MAE 0.1773 | std 0.0466 | RMSE 0.2686 | RMSEs 0.2591 | PCC 0.9597 | PCCs 0.9395 | R2 0.9190 | R2s 0.8753 | Var 0.9191 | Vars 0.8756 | Peak 0.1031
Epoch 244|time: 3.35s|train_loss 0.00482636|val_loss 0.00021711
Epoch 245|time: 3.44s|train_loss 0.00486981|val_loss 0.00020044
Epoch 246|time: 3.40s|train_loss 0.00484082|val_loss 0.00025584
Epoch 247|time: 3.34s|train_loss 0.00490751|val_loss 0.00025847
Epoch 248|time: 3.33s|train_loss 0.00488074|val_loss 0.00031491
Epoch 249|time: 3.33s|train_loss 0.00504369|val_loss 0.00016374
Epoch 250|time: 3.39s|train_loss 0.00484453|val_loss 0.00019214
Epoch 251|time: 3.36s|train_loss 0.00483423|val_loss 0.00035274
Epoch 252|time: 3.37s|train_loss 0.00491439|val_loss 0.00033781
Epoch 253|time: 3.32s|train_loss 0.00495187|val_loss 0.00028954
Epoch 254|time: 3.35s|train_loss 0.00487628|val_loss 0.00015499
Epoch 255|time: 3.46s|train_loss 0.00484379|val_loss 0.00028485
Epoch 256|time: 3.34s|train_loss 0.00496513|val_loss 0.00030604
Epoch 257|time: 3.33s|train_loss 0.00496331|val_loss 0.00023660
Epoch 258|time: 3.54s|train_loss 0.00535693|val_loss 0.00035986
Epoch 259|time: 3.30s|train_loss 0.00488520|val_loss 0.00046794
Epoch 260|time: 3.42s|train_loss 0.00505582|val_loss 0.00014981
Epoch 261|time: 3.36s|train_loss 0.00498325|val_loss 0.00027590
Epoch 262|time: 3.34s|train_loss 0.00498896|val_loss 0.00038620
Epoch 263|time: 3.39s|train_loss 0.00487827|val_loss 0.00014999
Epoch 264|time: 3.67s|train_loss 0.00494379|val_loss 0.00017558
Epoch 265|time: 3.33s|train_loss 0.00489456|val_loss 0.00016506
Epoch 266|time: 3.40s|train_loss 0.00492867|val_loss 0.00018292
Epoch 267|time: 3.45s|train_loss 0.00478935|val_loss 0.00014332
Best validation epoch: 267 Mon May 22 23:17:04 2023
TEST MAE 0.1738 | std 0.0473 | RMSE 0.2624 | RMSEs 0.2532 | PCC 0.9619 | PCCs 0.9438 | R2 0.9227 | R2s 0.8808 | Var 0.9236 | Vars 0.8843 | Peak 0.0962
Epoch 268|time: 3.42s|train_loss 0.00494844|val_loss 0.00014259
Best validation epoch: 268 Mon May 22 23:17:08 2023
TEST MAE 0.1719 | std 0.0465 | RMSE 0.2592 | RMSEs 0.2499 | PCC 0.9619 | PCCs 0.9432 | R2 0.9245 | R2s 0.8841 | Var 0.9248 | Vars 0.8861 | Peak 0.0963
Epoch 269|time: 3.59s|train_loss 0.00486100|val_loss 0.00014079
Best validation epoch: 269 Mon May 22 23:17:12 2023
TEST MAE 0.1759 | std 0.0481 | RMSE 0.2644 | RMSEs 0.2542 | PCC 0.9615 | PCCs 0.9416 | R2 0.9215 | R2s 0.8812 | Var 0.9240 | Vars 0.8851 | Peak 0.1046
Epoch 270|time: 3.42s|train_loss 0.00479233|val_loss 0.00019990
Epoch 271|time: 3.39s|train_loss 0.00483932|val_loss 0.00014111
Epoch 272|time: 3.52s|train_loss 0.00483553|val_loss 0.00016419
Epoch 273|time: 3.41s|train_loss 0.00500169|val_loss 0.00031441
Epoch 274|time: 3.40s|train_loss 0.00492372|val_loss 0.00024865
Epoch 275|time: 3.43s|train_loss 0.00482311|val_loss 0.00039559
Epoch 276|time: 3.39s|train_loss 0.00501757|val_loss 0.00039719
Epoch 277|time: 3.38s|train_loss 0.00484958|val_loss 0.00042165
Epoch 278|time: 3.54s|train_loss 0.00504397|val_loss 0.00014784
Epoch 279|time: 3.39s|train_loss 0.00496164|val_loss 0.00040780
Epoch 280|time: 3.39s|train_loss 0.00488593|val_loss 0.00022657
Epoch 281|time: 3.48s|train_loss 0.00480456|val_loss 0.00019091
Epoch 282|time: 3.45s|train_loss 0.00490111|val_loss 0.00019964
Epoch 283|time: 3.42s|train_loss 0.00502020|val_loss 0.00028486
Epoch 284|time: 3.40s|train_loss 0.00487621|val_loss 0.00015161
Epoch 285|time: 3.33s|train_loss 0.00488210|val_loss 0.00015347
Epoch 286|time: 3.36s|train_loss 0.00483933|val_loss 0.00023819
Epoch 287|time: 3.52s|train_loss 0.00481506|val_loss 0.00015724
Epoch 288|time: 3.34s|train_loss 0.00489635|val_loss 0.00015605
Epoch 289|time: 3.43s|train_loss 0.00479177|val_loss 0.00019138
Epoch 290|time: 3.38s|train_loss 0.00525455|val_loss 0.00020973
Epoch 291|time: 3.36s|train_loss 0.00516717|val_loss 0.00017331
Epoch 292|time: 3.44s|train_loss 0.00495829|val_loss 0.00015059
Epoch 293|time: 3.41s|train_loss 0.00490268|val_loss 0.00026719
Epoch 294|time: 3.37s|train_loss 0.00490689|val_loss 0.00021570
Epoch 295|time: 3.41s|train_loss 0.00498085|val_loss 0.00016281
Epoch 296|time: 3.46s|train_loss 0.00496333|val_loss 0.00020574
Epoch 297|time: 3.39s|train_loss 0.00502629|val_loss 0.00043702
Epoch 298|time: 3.38s|train_loss 0.00501489|val_loss 0.00021429
Epoch 299|time: 3.38s|train_loss 0.00506363|val_loss 0.00025928
Epoch 300|time: 3.41s|train_loss 0.00509943|val_loss 0.00030181
Epoch 301|time: 3.78s|train_loss 0.00488072|val_loss 0.00024053
Epoch 302|time: 3.37s|train_loss 0.00495954|val_loss 0.00015187
Epoch 303|time: 3.36s|train_loss 0.00504216|val_loss 0.00032512
Epoch 304|time: 3.38s|train_loss 0.00496718|val_loss 0.00022491
Epoch 305|time: 3.40s|train_loss 0.00497268|val_loss 0.00020300
Epoch 306|time: 3.45s|train_loss 0.00497490|val_loss 0.00035299
Epoch 307|time: 3.46s|train_loss 0.00497849|val_loss 0.00027229
Epoch 308|time: 3.43s|train_loss 0.00497307|val_loss 0.00040168
Epoch 309|time: 3.42s|train_loss 0.00505324|val_loss 0.00025207
Epoch 310|time: 3.65s|train_loss 0.00490108|val_loss 0.00032262
Epoch 311|time: 3.38s|train_loss 0.00495432|val_loss 0.00016055
Epoch 312|time: 3.40s|train_loss 0.00492170|val_loss 0.00019880
Epoch 313|time: 3.55s|train_loss 0.00490254|val_loss 0.00019387
Epoch 314|time: 3.45s|train_loss 0.00492628|val_loss 0.00022521
Epoch 315|time: 3.35s|train_loss 0.00493516|val_loss 0.00015662
Epoch 316|time: 3.52s|train_loss 0.00491634|val_loss 0.00015069
Epoch 317|time: 3.41s|train_loss 0.00484734|val_loss 0.00015378
Epoch 318|time: 3.57s|train_loss 0.00488461|val_loss 0.00015375
Epoch 319|time: 3.45s|train_loss 0.00488465|val_loss 0.00016462
Epoch 320|time: 3.42s|train_loss 0.00483001|val_loss 0.00014037
Best validation epoch: 320 Mon May 22 23:20:08 2023
TEST MAE 0.1748 | std 0.0470 | RMSE 0.2596 | RMSEs 0.2501 | PCC 0.9623 | PCCs 0.9430 | R2 0.9243 | R2s 0.8840 | Var 0.9258 | Vars 0.8863 | Peak 0.0995
Epoch 321|time: 3.43s|train_loss 0.00488131|val_loss 0.00019943
Epoch 322|time: 3.42s|train_loss 0.00490754|val_loss 0.00017243
Epoch 323|time: 3.41s|train_loss 0.00486972|val_loss 0.00019052
Epoch 324|time: 3.75s|train_loss 0.00491501|val_loss 0.00023273
Epoch 325|time: 3.40s|train_loss 0.00491673|val_loss 0.00018227
Epoch 326|time: 3.41s|train_loss 0.00482871|val_loss 0.00018207
Epoch 327|time: 3.49s|train_loss 0.00499436|val_loss 0.00021087
Epoch 328|time: 3.42s|train_loss 0.00496071|val_loss 0.00015362
Epoch 329|time: 3.46s|train_loss 0.00488431|val_loss 0.00024769
Epoch 330|time: 3.41s|train_loss 0.00494623|val_loss 0.00023542
Epoch 331|time: 3.41s|train_loss 0.00487322|val_loss 0.00016137
Epoch 332|time: 3.38s|train_loss 0.00489588|val_loss 0.00015048
Epoch 333|time: 3.45s|train_loss 0.00486232|val_loss 0.00014850
Epoch 334|time: 3.49s|train_loss 0.00484419|val_loss 0.00014599
Epoch 335|time: 3.42s|train_loss 0.00481844|val_loss 0.00022241
Epoch 336|time: 3.43s|train_loss 0.00483629|val_loss 0.00016476
Epoch 337|time: 3.42s|train_loss 0.00481722|val_loss 0.00022718
Epoch 338|time: 3.41s|train_loss 0.00485121|val_loss 0.00018109
Epoch 339|time: 3.52s|train_loss 0.00486879|val_loss 0.00015096
Epoch 340|time: 3.41s|train_loss 0.00484346|val_loss 0.00015229
Epoch 341|time: 3.42s|train_loss 0.00482035|val_loss 0.00017187
Epoch 342|time: 3.39s|train_loss 0.00489404|val_loss 0.00014386
Epoch 343|time: 3.44s|train_loss 0.00489868|val_loss 0.00031839
Epoch 344|time: 3.39s|train_loss 0.00495804|val_loss 0.00023513
Epoch 345|time: 3.44s|train_loss 0.00499184|val_loss 0.00014900
Epoch 346|time: 3.38s|train_loss 0.00496465|val_loss 0.00016319
Epoch 347|time: 3.42s|train_loss 0.00500227|val_loss 0.00032073
Epoch 348|time: 3.48s|train_loss 0.00508144|val_loss 0.00065762
Epoch 349|time: 3.38s|train_loss 0.00514336|val_loss 0.00043969
Epoch 350|time: 3.45s|train_loss 0.00502537|val_loss 0.00033445
Epoch 351|time: 3.40s|train_loss 0.00490611|val_loss 0.00021982
Epoch 352|time: 3.42s|train_loss 0.00490862|val_loss 0.00015354
Epoch 353|time: 3.64s|train_loss 0.00482421|val_loss 0.00017477
Epoch 354|time: 3.45s|train_loss 0.00490612|val_loss 0.00024783
Epoch 355|time: 3.37s|train_loss 0.00485824|val_loss 0.00024123
Epoch 356|time: 3.61s|train_loss 0.00482718|val_loss 0.00016981
Epoch 357|time: 3.48s|train_loss 0.00480797|val_loss 0.00019397
Epoch 358|time: 3.40s|train_loss 0.00493638|val_loss 0.00016771
Epoch 359|time: 3.42s|train_loss 0.00475864|val_loss 0.00016289
Epoch 360|time: 3.43s|train_loss 0.00482063|val_loss 0.00014234
Epoch 361|time: 3.46s|train_loss 0.00488886|val_loss 0.00015008
Epoch 362|time: 3.41s|train_loss 0.00477010|val_loss 0.00013721
Best validation epoch: 362 Mon May 22 23:22:33 2023
TEST MAE 0.1775 | std 0.0478 | RMSE 0.2636 | RMSEs 0.2545 | PCC 0.9617 | PCCs 0.9410 | R2 0.9219 | R2s 0.8800 | Var 0.9246 | Vars 0.8840 | Peak 0.1051
Epoch 363|time: 3.42s|train_loss 0.00481731|val_loss 0.00014855
Epoch 364|time: 3.38s|train_loss 0.00479248|val_loss 0.00021905
Epoch 365|time: 3.47s|train_loss 0.00487080|val_loss 0.00033773
Epoch 366|time: 3.40s|train_loss 0.00496919|val_loss 0.00021543
Epoch 367|time: 3.53s|train_loss 0.00485590|val_loss 0.00022450
Epoch 368|time: 3.40s|train_loss 0.00481990|val_loss 0.00016570
Epoch 369|time: 3.45s|train_loss 0.00482748|val_loss 0.00016895
Epoch 370|time: 3.44s|train_loss 0.00489210|val_loss 0.00021096
Epoch 371|time: 3.44s|train_loss 0.00484299|val_loss 0.00014691
Epoch 372|time: 3.43s|train_loss 0.00485684|val_loss 0.00014017
Epoch 373|time: 3.43s|train_loss 0.00498863|val_loss 0.00014092
Epoch 374|time: 3.38s|train_loss 0.00477720|val_loss 0.00016914
Epoch 375|time: 3.46s|train_loss 0.00482030|val_loss 0.00015918
Epoch 376|time: 3.47s|train_loss 0.00482704|val_loss 0.00015154
Epoch 377|time: 3.36s|train_loss 0.00481364|val_loss 0.00015184
Epoch 378|time: 3.41s|train_loss 0.00482442|val_loss 0.00019456
Epoch 379|time: 3.41s|train_loss 0.00484271|val_loss 0.00014683
Epoch 380|time: 3.48s|train_loss 0.00488876|val_loss 0.00016080
Epoch 381|time: 3.40s|train_loss 0.00480335|val_loss 0.00014874
Epoch 382|time: 3.50s|train_loss 0.00485693|val_loss 0.00015524
Epoch 383|time: 3.44s|train_loss 0.00479756|val_loss 0.00027231
Epoch 384|time: 3.42s|train_loss 0.00485103|val_loss 0.00025798
Epoch 385|time: 3.48s|train_loss 0.00486903|val_loss 0.00020500
Epoch 386|time: 3.43s|train_loss 0.00482765|val_loss 0.00014892
Epoch 387|time: 3.49s|train_loss 0.00480477|val_loss 0.00019196
Epoch 388|time: 3.58s|train_loss 0.00478889|val_loss 0.00015663
Epoch 389|time: 3.55s|train_loss 0.00476912|val_loss 0.00015809
Epoch 390|time: 3.46s|train_loss 0.00479887|val_loss 0.00018800
Epoch 391|time: 3.54s|train_loss 0.00479326|val_loss 0.00016734
Epoch 392|time: 3.52s|train_loss 0.00477686|val_loss 0.00025695
Epoch 393|time: 3.56s|train_loss 0.00489754|val_loss 0.00027492
Epoch 394|time: 3.61s|train_loss 0.00482708|val_loss 0.00030705
Epoch 395|time: 3.54s|train_loss 0.00491967|val_loss 0.00041137
Epoch 396|time: 3.59s|train_loss 0.00508416|val_loss 0.00018867
Epoch 397|time: 3.48s|train_loss 0.00488658|val_loss 0.00029212
Epoch 398|time: 3.49s|train_loss 0.00494768|val_loss 0.00018712
Epoch 399|time: 3.64s|train_loss 0.00482694|val_loss 0.00015999
Epoch 400|time: 3.52s|train_loss 0.00487276|val_loss 0.00020600
Epoch 401|time: 3.54s|train_loss 0.00481842|val_loss 0.00016373
Epoch 402|time: 3.54s|train_loss 0.00488902|val_loss 0.00020010
Epoch 403|time: 3.52s|train_loss 0.00480407|val_loss 0.00014741
Epoch 404|time: 3.54s|train_loss 0.00484358|val_loss 0.00020597
Epoch 405|time: 3.59s|train_loss 0.00484555|val_loss 0.00023260
Epoch 406|time: 3.54s|train_loss 0.00497296|val_loss 0.00031294
Epoch 407|time: 3.63s|train_loss 0.00494826|val_loss 0.00018572
Epoch 408|time: 3.58s|train_loss 0.00487809|val_loss 0.00022131
Epoch 409|time: 3.52s|train_loss 0.00481317|val_loss 0.00026939
Epoch 410|time: 3.58s|train_loss 0.00490591|val_loss 0.00016903
Epoch 411|time: 3.61s|train_loss 0.00487575|val_loss 0.00017748
Epoch 412|time: 3.54s|train_loss 0.00478710|val_loss 0.00017233
Epoch 413|time: 3.70s|train_loss 0.00486519|val_loss 0.00035616
Epoch 414|time: 3.60s|train_loss 0.00492623|val_loss 0.00019805
Epoch 415|time: 3.58s|train_loss 0.00489124|val_loss 0.00019907
Epoch 416|time: 3.58s|train_loss 0.00484500|val_loss 0.00015501
Epoch 417|time: 3.55s|train_loss 0.00485166|val_loss 0.00030937
Epoch 418|time: 2.47s|train_loss 0.00487841|val_loss 0.00039043
Epoch 419|time: 3.26s|train_loss 0.00502228|val_loss 0.00015574
Epoch 420|time: 3.93s|train_loss 0.00505899|val_loss 0.00041227
Epoch 421|time: 3.69s|train_loss 0.00542394|val_loss 0.00016405
Epoch 422|time: 3.71s|train_loss 0.00514164|val_loss 0.00017949
Epoch 423|time: 3.70s|train_loss 0.00499262|val_loss 0.00019154
Epoch 424|time: 3.71s|train_loss 0.00503742|val_loss 0.00024818
Epoch 425|time: 3.67s|train_loss 0.00487438|val_loss 0.00018938
Epoch 426|time: 3.71s|train_loss 0.00507329|val_loss 0.00014425
Epoch 427|time: 3.78s|train_loss 0.00496235|val_loss 0.00020309
Epoch 428|time: 3.69s|train_loss 0.00478138|val_loss 0.00015297
Epoch 429|time: 3.68s|train_loss 0.00483241|val_loss 0.00015342
Epoch 430|time: 3.72s|train_loss 0.00483101|val_loss 0.00014534
Epoch 431|time: 3.73s|train_loss 0.00473300|val_loss 0.00019787
Epoch 432|time: 3.68s|train_loss 0.00486642|val_loss 0.00015834
Epoch 433|time: 3.59s|train_loss 0.00483713|val_loss 0.00015748
Epoch 434|time: 3.52s|train_loss 0.00497908|val_loss 0.00017631
Epoch 435|time: 3.53s|train_loss 0.00480154|val_loss 0.00014946
Epoch 436|time: 3.55s|train_loss 0.00486870|val_loss 0.00019822
Epoch 437|time: 3.51s|train_loss 0.00478968|val_loss 0.00015317
Epoch 438|time: 3.59s|train_loss 0.00486319|val_loss 0.00016701
Epoch 439|time: 3.57s|train_loss 0.00476045|val_loss 0.00016967
Epoch 440|time: 3.62s|train_loss 0.00485985|val_loss 0.00018353
Epoch 441|time: 3.61s|train_loss 0.00480638|val_loss 0.00019727
Epoch 442|time: 3.38s|train_loss 0.00483938|val_loss 0.00021234
Epoch 443|time: 3.38s|train_loss 0.00488621|val_loss 0.00015722
Epoch 444|time: 3.49s|train_loss 0.00481747|val_loss 0.00017547
Epoch 445|time: 3.37s|train_loss 0.00487254|val_loss 0.00016281
Epoch 446|time: 3.41s|train_loss 0.00483892|val_loss 0.00022202
Epoch 447|time: 3.46s|train_loss 0.00481104|val_loss 0.00022057
Epoch 448|time: 3.35s|train_loss 0.00489048|val_loss 0.00016493
Epoch 449|time: 3.43s|train_loss 0.00479383|val_loss 0.00016251
Epoch 450|time: 3.40s|train_loss 0.00488375|val_loss 0.00017687
Epoch 451|time: 3.42s|train_loss 0.00483497|val_loss 0.00016059
Epoch 452|time: 3.40s|train_loss 0.00511135|val_loss 0.00015891
Epoch 453|time: 3.44s|train_loss 0.00500310|val_loss 0.00019852
Epoch 454|time: 3.46s|train_loss 0.00489150|val_loss 0.00022312
Epoch 455|time: 3.42s|train_loss 0.00484406|val_loss 0.00018231
Epoch 456|time: 3.47s|train_loss 0.00481187|val_loss 0.00014793
Epoch 457|time: 3.37s|train_loss 0.00487414|val_loss 0.00014503
Epoch 458|time: 3.38s|train_loss 0.00482906|val_loss 0.00015270
Epoch 459|time: 3.58s|train_loss 0.00478704|val_loss 0.00016940
Epoch 460|time: 3.38s|train_loss 0.00484575|val_loss 0.00014820
Epoch 461|time: 3.47s|train_loss 0.00488457|val_loss 0.00017375
Epoch 462|time: 3.37s|train_loss 0.00485675|val_loss 0.00016905
Epoch 463|time: 3.39s|train_loss 0.00477735|val_loss 0.00016595
Epoch 464|time: 3.33s|train_loss 0.00486358|val_loss 0.00019226
Epoch 465|time: 3.41s|train_loss 0.00488224|val_loss 0.00016456
Epoch 466|time: 3.45s|train_loss 0.00477560|val_loss 0.00016226
Epoch 467|time: 3.63s|train_loss 0.00485622|val_loss 0.00028886
Epoch 468|time: 3.46s|train_loss 0.00499954|val_loss 0.00053720
Epoch 469|time: 3.42s|train_loss 0.00508603|val_loss 0.00058924
Epoch 470|time: 3.44s|train_loss 0.00507270|val_loss 0.00021753
Epoch 471|time: 3.36s|train_loss 0.00512853|val_loss 0.00021032
Epoch 472|time: 3.44s|train_loss 0.00513292|val_loss 0.00051180
Epoch 473|time: 3.50s|train_loss 0.00514683|val_loss 0.00055071
Epoch 474|time: 3.34s|train_loss 0.00501605|val_loss 0.00029647
Epoch 475|time: 3.38s|train_loss 0.00490314|val_loss 0.00023966
Epoch 476|time: 3.52s|train_loss 0.00498130|val_loss 0.00034861
Epoch 477|time: 3.41s|train_loss 0.00530975|val_loss 0.00087873
Epoch 478|time: 3.38s|train_loss 0.00538261|val_loss 0.00090624
Epoch 479|time: 3.39s|train_loss 0.00501998|val_loss 0.00034972
Epoch 480|time: 3.36s|train_loss 0.00492336|val_loss 0.00044629
Epoch 481|time: 3.42s|train_loss 0.00488905|val_loss 0.00060376
Epoch 482|time: 3.46s|train_loss 0.00528119|val_loss 0.00109446
Epoch 483|time: 3.35s|train_loss 0.00557944|val_loss 0.00129069
Epoch 484|time: 3.37s|train_loss 0.00563800|val_loss 0.00137301
Epoch 485|time: 3.35s|train_loss 0.00554195|val_loss 0.00097852
Epoch 486|time: 3.34s|train_loss 0.00567801|val_loss 0.00113566
Epoch 487|time: 3.43s|train_loss 0.00557339|val_loss 0.00044709
Epoch 488|time: 3.45s|train_loss 0.00534768|val_loss 0.00163900
Epoch 489|time: 3.35s|train_loss 0.00557605|val_loss 0.00092594
Epoch 490|time: 3.42s|train_loss 0.00545378|val_loss 0.00087582
Epoch 491|time: 3.76s|train_loss 0.00544711|val_loss 0.00043484
Epoch 492|time: 3.57s|train_loss 0.00551721|val_loss 0.00039070
Epoch 493|time: 3.49s|train_loss 0.00514673|val_loss 0.00033926
Epoch 494|time: 3.35s|train_loss 0.00507658|val_loss 0.00046574
Epoch 495|time: 3.41s|train_loss 0.00517476|val_loss 0.00060109
Epoch 496|time: 3.37s|train_loss 0.00503479|val_loss 0.00038585
Epoch 497|time: 3.37s|train_loss 0.00526991|val_loss 0.00123018
Epoch 498|time: 3.39s|train_loss 0.00557840|val_loss 0.00111060
Epoch 499|time: 3.36s|train_loss 0.00546468|val_loss 0.00135980
Epoch 500|time: 3.43s|train_loss 0.00540884|val_loss 0.00048752
Final evaluation
TEST MAE 0.1775 | std 0.0478 | RMSE 0.2636 | RMSEs 0.2545 | PCC 0.9617 | PCCs 0.9410 | R2 0.9219 | R2s 0.8800 | Var 0.9246 | Vars 0.8840 | Peak 0.1051
