--------Parameters--------
Namespace(batch=32, bi=False, check_point=1, cuda=False, dataset='us_hhs', dropout=0.2, epilambda=0.5, epochs=500, gpu=3, hidsp=15, horizon=2, k=10, lamda=0.01, lr=0.001, model='cola_gnn_epi', mylog=False, n_hidden=30, n_layer=1, patience=200, rnn_model='RNN', save_dir='save', seed=42, shuffle=False, sim_mat='us_hhs-adj', test=0.2, train=0.6, val=0.2, weight_decay=0.0005, window=20)
--------------------------
data shape (364, 10)
size of train/val/test sets 197 73 73
#params: 9885
begin training
Epoch   1|time: 3.53s|train_loss 0.00826677|val_loss 0.00154131
Best validation epoch: 1 Tue May 23 04:42:25 2023
TEST MAE 2.0416 | std 0.7638 | RMSE 2.5279 | RMSEs 2.3921 | PCC -0.7934 | PCCs -0.8291 | R2 -6.1785 | R2s -9.1119 | Var -1.4963 | Vars -1.7479 | Peak 1.2460
Epoch   2|time: 3.61s|train_loss 0.00645405|val_loss 0.00112700
Best validation epoch: 2 Tue May 23 04:42:30 2023
TEST MAE 1.2439 | std 0.2767 | RMSE 1.4277 | RMSEs 1.3927 | PCC 0.1037 | PCCs -0.7882 | R2 -1.2899 | R2s -2.9613 | Var -0.4491 | Vars -0.7636 | Peak 0.3001
Epoch   3|time: 3.50s|train_loss 0.00606272|val_loss 0.00066175
Best validation epoch: 3 Tue May 23 04:42:34 2023
TEST MAE 0.6910 | std 0.1905 | RMSE 0.9456 | RMSEs 0.9026 | PCC 0.2379 | PCCs -0.4046 | R2 -0.0045 | R2s -0.4389 | Var 0.0014 | Vars -0.2424 | Peak 0.3669
Epoch   4|time: 3.70s|train_loss 0.00578773|val_loss 0.00053332
Best validation epoch: 4 Tue May 23 04:42:39 2023
TEST MAE 0.6007 | std 0.2585 | RMSE 0.9314 | RMSEs 0.8616 | PCC 0.4657 | PCCs 0.2252 | R2 0.0256 | R2s -0.2744 | Var 0.2106 | Vars 0.0600 | Peak 0.4284
Epoch   5|time: 3.59s|train_loss 0.00563274|val_loss 0.00051972
Best validation epoch: 5 Tue May 23 04:42:43 2023
TEST MAE 0.5458 | std 0.1413 | RMSE 0.7382 | RMSEs 0.7042 | PCC 0.6317 | PCCs 0.5705 | R2 0.3878 | R2s 0.1170 | Var 0.3879 | Vars 0.2718 | Peak 0.2769
Epoch   6|time: 3.49s|train_loss 0.00552512|val_loss 0.00045480
Best validation epoch: 6 Tue May 23 04:42:48 2023
TEST MAE 0.5422 | std 0.2827 | RMSE 0.8467 | RMSEs 0.7758 | PCC 0.7378 | PCCs 0.6875 | R2 0.1947 | R2s -0.0293 | Var 0.4712 | Vars 0.4065 | Peak 0.3884
Epoch   7|time: 3.55s|train_loss 0.00541868|val_loss 0.00038420
Best validation epoch: 7 Tue May 23 04:42:52 2023
TEST MAE 0.4068 | std 0.1459 | RMSE 0.6178 | RMSEs 0.5753 | PCC 0.7812 | PCCs 0.7464 | R2 0.5712 | R2s 0.4258 | Var 0.5865 | Vars 0.5232 | Peak 0.2532
Epoch   8|time: 3.37s|train_loss 0.00533679|val_loss 0.00034780
Best validation epoch: 8 Tue May 23 04:42:56 2023
TEST MAE 0.3710 | std 0.1450 | RMSE 0.5770 | RMSEs 0.5359 | PCC 0.8113 | PCCs 0.7766 | R2 0.6260 | R2s 0.5026 | Var 0.6431 | Vars 0.5849 | Peak 0.2376
Epoch   9|time: 3.63s|train_loss 0.00527806|val_loss 0.00032926
Best validation epoch: 9 Tue May 23 04:43:01 2023
TEST MAE 0.3658 | std 0.1790 | RMSE 0.5822 | RMSEs 0.5348 | PCC 0.8313 | PCCs 0.7990 | R2 0.6192 | R2s 0.5103 | Var 0.6792 | Vars 0.6262 | Peak 0.2445
Epoch  10|time: 3.39s|train_loss 0.00525571|val_loss 0.00030236
Best validation epoch: 10 Tue May 23 04:43:05 2023
TEST MAE 0.3257 | std 0.1271 | RMSE 0.5103 | RMSEs 0.4762 | PCC 0.8485 | PCCs 0.8188 | R2 0.7075 | R2s 0.6047 | Var 0.7155 | Vars 0.6595 | Peak 0.2061
Epoch  11|time: 3.44s|train_loss 0.00515802|val_loss 0.00028822
Best validation epoch: 11 Tue May 23 04:43:09 2023
TEST MAE 0.3126 | std 0.1393 | RMSE 0.5023 | RMSEs 0.4648 | PCC 0.8654 | PCCs 0.8377 | R2 0.7166 | R2s 0.6272 | Var 0.7426 | Vars 0.6904 | Peak 0.2030
Epoch  12|time: 3.37s|train_loss 0.00517050|val_loss 0.00027634
Best validation epoch: 12 Tue May 23 04:43:13 2023
TEST MAE 0.2989 | std 0.1296 | RMSE 0.4825 | RMSEs 0.4476 | PCC 0.8780 | PCCs 0.8502 | R2 0.7385 | R2s 0.6535 | Var 0.7634 | Vars 0.7111 | Peak 0.1926
Epoch  13|time: 3.36s|train_loss 0.00503565|val_loss 0.00026304
Best validation epoch: 13 Tue May 23 04:43:17 2023
TEST MAE 0.2885 | std 0.0942 | RMSE 0.4489 | RMSEs 0.4233 | PCC 0.8846 | PCCs 0.8550 | R2 0.7737 | R2s 0.6832 | Var 0.7757 | Vars 0.7187 | Peak 0.1757
Epoch  14|time: 3.38s|train_loss 0.00508469|val_loss 0.00025908
Best validation epoch: 14 Tue May 23 04:43:21 2023
TEST MAE 0.2915 | std 0.1258 | RMSE 0.4794 | RMSEs 0.4464 | PCC 0.8932 | PCCs 0.8604 | R2 0.7419 | R2s 0.6549 | Var 0.7807 | Vars 0.7226 | Peak 0.1951
Epoch  15|time: 3.58s|train_loss 0.00502063|val_loss 0.00024934
Best validation epoch: 15 Tue May 23 04:43:26 2023
TEST MAE 0.2740 | std 0.0878 | RMSE 0.4303 | RMSEs 0.4071 | PCC 0.8954 | PCCs 0.8628 | R2 0.7920 | R2s 0.7063 | Var 0.7942 | Vars 0.7312 | Peak 0.1674
Epoch  16|time: 3.41s|train_loss 0.00492293|val_loss 0.00024649
Best validation epoch: 16 Tue May 23 04:43:30 2023
TEST MAE 0.2908 | std 0.1145 | RMSE 0.4542 | RMSEs 0.4264 | PCC 0.8994 | PCCs 0.8667 | R2 0.7682 | R2s 0.6836 | Var 0.8049 | Vars 0.7427 | Peak 0.1802
Epoch  17|time: 3.38s|train_loss 0.00487760|val_loss 0.00022806
Best validation epoch: 17 Tue May 23 04:43:34 2023
TEST MAE 0.2610 | std 0.0893 | RMSE 0.4128 | RMSEs 0.3908 | PCC 0.9030 | PCCs 0.8710 | R2 0.8086 | R2s 0.7297 | Var 0.8148 | Vars 0.7492 | Peak 0.1599
Epoch  18|time: 3.37s|train_loss 0.00484131|val_loss 0.00022486
Best validation epoch: 18 Tue May 23 04:43:38 2023
TEST MAE 0.2631 | std 0.0902 | RMSE 0.4122 | RMSEs 0.3904 | PCC 0.9057 | PCCs 0.8736 | R2 0.8091 | R2s 0.7307 | Var 0.8199 | Vars 0.7530 | Peak 0.1586
Epoch  19|time: 3.49s|train_loss 0.00478752|val_loss 0.00022589
Epoch  20|time: 3.38s|train_loss 0.00490347|val_loss 0.00022611
Epoch  21|time: 3.46s|train_loss 0.00479532|val_loss 0.00024261
Epoch  22|time: 3.39s|train_loss 0.00473195|val_loss 0.00021874
Best validation epoch: 22 Tue May 23 04:43:53 2023
TEST MAE 0.2543 | std 0.0874 | RMSE 0.4031 | RMSEs 0.3826 | PCC 0.9136 | PCCs 0.8804 | R2 0.8175 | R2s 0.7409 | Var 0.8333 | Vars 0.7669 | Peak 0.1553
Epoch  23|time: 3.38s|train_loss 0.00469978|val_loss 0.00021036
Best validation epoch: 23 Tue May 23 04:43:57 2023
TEST MAE 0.2455 | std 0.0759 | RMSE 0.3832 | RMSEs 0.3657 | PCC 0.9147 | PCCs 0.8821 | R2 0.8350 | R2s 0.7600 | Var 0.8366 | Vars 0.7692 | Peak 0.1464
Epoch  24|time: 3.52s|train_loss 0.00471934|val_loss 0.00023078
Epoch  25|time: 3.49s|train_loss 0.00466474|val_loss 0.00021826
Epoch  26|time: 3.40s|train_loss 0.00464640|val_loss 0.00021406
Epoch  27|time: 3.56s|train_loss 0.00477278|val_loss 0.00021280
Epoch  28|time: 3.36s|train_loss 0.00490764|val_loss 0.00020766
Best validation epoch: 28 Tue May 23 04:44:15 2023
TEST MAE 0.2501 | std 0.0728 | RMSE 0.3757 | RMSEs 0.3608 | PCC 0.9181 | PCCs 0.8859 | R2 0.8415 | R2s 0.7630 | Var 0.8428 | Vars 0.7761 | Peak 0.1422
Epoch  29|time: 3.69s|train_loss 0.00470284|val_loss 0.00021004
Epoch  30|time: 3.39s|train_loss 0.00464566|val_loss 0.00021282
Epoch  31|time: 3.37s|train_loss 0.00461778|val_loss 0.00020513
Best validation epoch: 31 Tue May 23 04:44:26 2023
TEST MAE 0.2411 | std 0.0744 | RMSE 0.3760 | RMSEs 0.3597 | PCC 0.9180 | PCCs 0.8829 | R2 0.8412 | R2s 0.7670 | Var 0.8421 | Vars 0.7731 | Peak 0.1444
Epoch  32|time: 3.46s|train_loss 0.00461134|val_loss 0.00020676
Epoch  33|time: 3.45s|train_loss 0.00462753|val_loss 0.00020364
Best validation epoch: 33 Tue May 23 04:44:34 2023
TEST MAE 0.2371 | std 0.0749 | RMSE 0.3752 | RMSEs 0.3584 | PCC 0.9196 | PCCs 0.8858 | R2 0.8419 | R2s 0.7694 | Var 0.8443 | Vars 0.7770 | Peak 0.1444
Epoch  34|time: 3.37s|train_loss 0.00458931|val_loss 0.00021461
Epoch  35|time: 3.40s|train_loss 0.00467759|val_loss 0.00019778
Best validation epoch: 35 Tue May 23 04:44:41 2023
TEST MAE 0.2367 | std 0.0728 | RMSE 0.3690 | RMSEs 0.3531 | PCC 0.9210 | PCCs 0.8878 | R2 0.8470 | R2s 0.7752 | Var 0.8481 | Vars 0.7812 | Peak 0.1415
Epoch  36|time: 3.48s|train_loss 0.00458850|val_loss 0.00019688
Best validation epoch: 36 Tue May 23 04:44:46 2023
TEST MAE 0.2369 | std 0.0730 | RMSE 0.3695 | RMSEs 0.3533 | PCC 0.9210 | PCCs 0.8877 | R2 0.8467 | R2s 0.7752 | Var 0.8479 | Vars 0.7812 | Peak 0.1417
Epoch  37|time: 3.47s|train_loss 0.00455980|val_loss 0.00019693
Epoch  38|time: 3.38s|train_loss 0.00469172|val_loss 0.00022089
Epoch  39|time: 3.37s|train_loss 0.00459574|val_loss 0.00020849
Epoch  40|time: 3.57s|train_loss 0.00463841|val_loss 0.00021110
Epoch  41|time: 3.47s|train_loss 0.00459277|val_loss 0.00023913
Epoch  42|time: 3.39s|train_loss 0.00454944|val_loss 0.00022047
Epoch  43|time: 3.37s|train_loss 0.00455354|val_loss 0.00020048
Epoch  44|time: 3.39s|train_loss 0.00456473|val_loss 0.00024180
Epoch  45|time: 3.38s|train_loss 0.00453570|val_loss 0.00019455
Best validation epoch: 45 Tue May 23 04:45:17 2023
TEST MAE 0.2360 | std 0.0715 | RMSE 0.3639 | RMSEs 0.3484 | PCC 0.9227 | PCCs 0.8899 | R2 0.8512 | R2s 0.7807 | Var 0.8514 | Vars 0.7857 | Peak 0.1392
Epoch  46|time: 3.58s|train_loss 0.00453026|val_loss 0.00020768
Epoch  47|time: 3.37s|train_loss 0.00452949|val_loss 0.00020690
Epoch  48|time: 3.38s|train_loss 0.00452149|val_loss 0.00019374
Best validation epoch: 48 Tue May 23 04:45:28 2023
TEST MAE 0.2308 | std 0.0731 | RMSE 0.3658 | RMSEs 0.3490 | PCC 0.9245 | PCCs 0.8922 | R2 0.8497 | R2s 0.7813 | Var 0.8541 | Vars 0.7900 | Peak 0.1417
Epoch  49|time: 3.37s|train_loss 0.00455735|val_loss 0.00019346
Best validation epoch: 49 Tue May 23 04:45:33 2023
TEST MAE 0.2295 | std 0.0720 | RMSE 0.3633 | RMSEs 0.3470 | PCC 0.9247 | PCCs 0.8922 | R2 0.8518 | R2s 0.7834 | Var 0.8543 | Vars 0.7901 | Peak 0.1403
Epoch  50|time: 3.46s|train_loss 0.00448949|val_loss 0.00019971
Epoch  51|time: 3.45s|train_loss 0.00455172|val_loss 0.00019418
Epoch  52|time: 3.37s|train_loss 0.00447614|val_loss 0.00020118
Epoch  53|time: 3.37s|train_loss 0.00459072|val_loss 0.00019862
Epoch  54|time: 3.49s|train_loss 0.00450578|val_loss 0.00019287
Best validation epoch: 54 Tue May 23 04:45:51 2023
TEST MAE 0.2330 | std 0.0732 | RMSE 0.3655 | RMSEs 0.3491 | PCC 0.9253 | PCCs 0.8926 | R2 0.8500 | R2s 0.7809 | Var 0.8561 | Vars 0.7911 | Peak 0.1416
Epoch  55|time: 3.37s|train_loss 0.00456118|val_loss 0.00020209
Epoch  56|time: 3.37s|train_loss 0.00445545|val_loss 0.00019160
Best validation epoch: 56 Tue May 23 04:45:58 2023
TEST MAE 0.2310 | std 0.0726 | RMSE 0.3612 | RMSEs 0.3448 | PCC 0.9262 | PCCs 0.8950 | R2 0.8535 | R2s 0.7865 | Var 0.8578 | Vars 0.7945 | Peak 0.1392
Epoch  57|time: 3.52s|train_loss 0.00449116|val_loss 0.00018870
Best validation epoch: 57 Tue May 23 04:46:02 2023
TEST MAE 0.2283 | std 0.0709 | RMSE 0.3563 | RMSEs 0.3402 | PCC 0.9266 | PCCs 0.8962 | R2 0.8574 | R2s 0.7916 | Var 0.8585 | Vars 0.7968 | Peak 0.1368
Epoch  58|time: 3.36s|train_loss 0.00449139|val_loss 0.00018783
Best validation epoch: 58 Tue May 23 04:46:07 2023
TEST MAE 0.2315 | std 0.0692 | RMSE 0.3556 | RMSEs 0.3402 | PCC 0.9263 | PCCs 0.8957 | R2 0.8580 | R2s 0.7905 | Var 0.8580 | Vars 0.7958 | Peak 0.1360
Epoch  59|time: 3.40s|train_loss 0.00449682|val_loss 0.00019030
Epoch  60|time: 3.36s|train_loss 0.00452640|val_loss 0.00019519
Epoch  61|time: 3.49s|train_loss 0.00446344|val_loss 0.00018728
Best validation epoch: 61 Tue May 23 04:46:18 2023
TEST MAE 0.2306 | std 0.0686 | RMSE 0.3551 | RMSEs 0.3399 | PCC 0.9265 | PCCs 0.8952 | R2 0.8584 | R2s 0.7908 | Var 0.8584 | Vars 0.7957 | Peak 0.1356
Epoch  62|time: 3.55s|train_loss 0.00446847|val_loss 0.00020757
Epoch  63|time: 3.35s|train_loss 0.00445775|val_loss 0.00018746
Epoch  64|time: 3.39s|train_loss 0.00442810|val_loss 0.00019835
Epoch  65|time: 3.59s|train_loss 0.00443301|val_loss 0.00019409
Epoch  66|time: 3.37s|train_loss 0.00440972|val_loss 0.00018848
Epoch  67|time: 3.45s|train_loss 0.00449340|val_loss 0.00018794
Epoch  68|time: 3.36s|train_loss 0.00448094|val_loss 0.00019113
Epoch  69|time: 3.38s|train_loss 0.00440740|val_loss 0.00020016
Epoch  70|time: 3.37s|train_loss 0.00443633|val_loss 0.00019159
Epoch  71|time: 3.44s|train_loss 0.00440356|val_loss 0.00018772
Epoch  72|time: 3.37s|train_loss 0.00441100|val_loss 0.00018533
Best validation epoch: 72 Tue May 23 04:46:56 2023
TEST MAE 0.2257 | std 0.0685 | RMSE 0.3516 | RMSEs 0.3362 | PCC 0.9283 | PCCs 0.8973 | R2 0.8612 | R2s 0.7958 | Var 0.8618 | Vars 0.7997 | Peak 0.1356
Epoch  73|time: 3.39s|train_loss 0.00439816|val_loss 0.00019176
Epoch  74|time: 3.45s|train_loss 0.00438291|val_loss 0.00018834
Epoch  75|time: 3.38s|train_loss 0.00438631|val_loss 0.00020527
Epoch  76|time: 3.43s|train_loss 0.00437428|val_loss 0.00018579
Epoch  77|time: 3.38s|train_loss 0.00437771|val_loss 0.00020321
Epoch  78|time: 3.36s|train_loss 0.00437492|val_loss 0.00019004
Epoch  79|time: 3.64s|train_loss 0.00436578|val_loss 0.00020589
Epoch  80|time: 3.37s|train_loss 0.00438482|val_loss 0.00019160
Epoch  81|time: 3.36s|train_loss 0.00435389|val_loss 0.00018928
Epoch  82|time: 3.52s|train_loss 0.00440204|val_loss 0.00018724
Epoch  83|time: 3.36s|train_loss 0.00435603|val_loss 0.00019078
Epoch  84|time: 3.45s|train_loss 0.00433163|val_loss 0.00020091
Epoch  85|time: 3.44s|train_loss 0.00434344|val_loss 0.00020007
Epoch  86|time: 3.38s|train_loss 0.00433544|val_loss 0.00018926
Epoch  87|time: 3.39s|train_loss 0.00431234|val_loss 0.00018638
Epoch  88|time: 3.49s|train_loss 0.00431509|val_loss 0.00020860
Epoch  89|time: 3.48s|train_loss 0.00434460|val_loss 0.00018433
Best validation epoch: 89 Tue May 23 04:47:55 2023
TEST MAE 0.2237 | std 0.0670 | RMSE 0.3475 | RMSEs 0.3327 | PCC 0.9299 | PCCs 0.8987 | R2 0.8643 | R2s 0.7996 | Var 0.8647 | Vars 0.8027 | Peak 0.1336
Epoch  90|time: 3.45s|train_loss 0.00432633|val_loss 0.00020703
Epoch  91|time: 3.36s|train_loss 0.00435196|val_loss 0.00019152
Epoch  92|time: 3.45s|train_loss 0.00430956|val_loss 0.00018701
Epoch  93|time: 3.36s|train_loss 0.00432759|val_loss 0.00019528
Epoch  94|time: 3.36s|train_loss 0.00429250|val_loss 0.00020232
Epoch  95|time: 3.36s|train_loss 0.00429972|val_loss 0.00019204
Epoch  96|time: 3.47s|train_loss 0.00429035|val_loss 0.00019879
Epoch  97|time: 3.47s|train_loss 0.00439285|val_loss 0.00018781
Epoch  98|time: 3.39s|train_loss 0.00429433|val_loss 0.00019074
Epoch  99|time: 3.45s|train_loss 0.00434476|val_loss 0.00020820
Epoch 100|time: 3.36s|train_loss 0.00433150|val_loss 0.00020073
Epoch 101|time: 3.36s|train_loss 0.00434359|val_loss 0.00021807
Epoch 102|time: 3.53s|train_loss 0.00429294|val_loss 0.00021703
Epoch 103|time: 3.36s|train_loss 0.00427558|val_loss 0.00019477
Epoch 104|time: 3.37s|train_loss 0.00424996|val_loss 0.00019465
Epoch 105|time: 3.51s|train_loss 0.00424041|val_loss 0.00018779
Epoch 106|time: 3.46s|train_loss 0.00420966|val_loss 0.00019437
Epoch 107|time: 3.37s|train_loss 0.00423214|val_loss 0.00018577
Epoch 108|time: 3.62s|train_loss 0.00419281|val_loss 0.00018850
Epoch 109|time: 3.36s|train_loss 0.00430682|val_loss 0.00019308
Epoch 110|time: 3.38s|train_loss 0.00425149|val_loss 0.00019671
Epoch 111|time: 3.52s|train_loss 0.00422525|val_loss 0.00019386
Epoch 112|time: 3.46s|train_loss 0.00418576|val_loss 0.00020152
Epoch 113|time: 3.36s|train_loss 0.00420402|val_loss 0.00019534
Epoch 114|time: 3.48s|train_loss 0.00421725|val_loss 0.00019204
Epoch 115|time: 3.36s|train_loss 0.00416887|val_loss 0.00019424
Epoch 116|time: 3.36s|train_loss 0.00423695|val_loss 0.00019605
Epoch 117|time: 3.60s|train_loss 0.00419240|val_loss 0.00020759
Epoch 118|time: 3.36s|train_loss 0.00417757|val_loss 0.00020937
Epoch 119|time: 3.37s|train_loss 0.00417286|val_loss 0.00019380
Epoch 120|time: 3.41s|train_loss 0.00419601|val_loss 0.00023703
Epoch 121|time: 3.45s|train_loss 0.00436561|val_loss 0.00019157
Epoch 122|time: 3.37s|train_loss 0.00428588|val_loss 0.00019387
Epoch 123|time: 3.39s|train_loss 0.00417397|val_loss 0.00019762
Epoch 124|time: 3.39s|train_loss 0.00413267|val_loss 0.00023633
Epoch 125|time: 3.36s|train_loss 0.00414436|val_loss 0.00020602
Epoch 126|time: 3.67s|train_loss 0.00416978|val_loss 0.00019823
Epoch 127|time: 3.36s|train_loss 0.00410395|val_loss 0.00019223
Epoch 128|time: 3.41s|train_loss 0.00418362|val_loss 0.00019094
Epoch 129|time: 3.40s|train_loss 0.00413757|val_loss 0.00020070
Epoch 130|time: 3.36s|train_loss 0.00415672|val_loss 0.00019139
Epoch 131|time: 3.53s|train_loss 0.00408335|val_loss 0.00019433
Epoch 132|time: 3.37s|train_loss 0.00407173|val_loss 0.00020483
Epoch 133|time: 3.37s|train_loss 0.00406408|val_loss 0.00019671
Epoch 134|time: 3.57s|train_loss 0.00409114|val_loss 0.00019735
Epoch 135|time: 3.44s|train_loss 0.00406382|val_loss 0.00019852
Epoch 136|time: 3.37s|train_loss 0.00405259|val_loss 0.00020236
Epoch 137|time: 3.36s|train_loss 0.00417825|val_loss 0.00020209
Epoch 138|time: 3.38s|train_loss 0.00406562|val_loss 0.00019295
Epoch 139|time: 3.48s|train_loss 0.00412415|val_loss 0.00020241
Epoch 140|time: 3.36s|train_loss 0.00403694|val_loss 0.00019622
Epoch 141|time: 3.37s|train_loss 0.00405307|val_loss 0.00019368
Epoch 142|time: 3.36s|train_loss 0.00413150|val_loss 0.00019246
Epoch 143|time: 3.48s|train_loss 0.00403466|val_loss 0.00019387
Epoch 144|time: 3.36s|train_loss 0.00426474|val_loss 0.00019976
Epoch 145|time: 3.45s|train_loss 0.00417835|val_loss 0.00021037
Epoch 146|time: 3.50s|train_loss 0.00405117|val_loss 0.00019342
Epoch 147|time: 3.35s|train_loss 0.00411827|val_loss 0.00019192
Epoch 148|time: 3.37s|train_loss 0.00409973|val_loss 0.00019300
Epoch 149|time: 3.55s|train_loss 0.00403654|val_loss 0.00019577
Epoch 150|time: 3.37s|train_loss 0.00403012|val_loss 0.00019459
Epoch 151|time: 3.37s|train_loss 0.00400274|val_loss 0.00019058
Epoch 152|time: 3.53s|train_loss 0.00410733|val_loss 0.00018959
Epoch 153|time: 3.44s|train_loss 0.00398944|val_loss 0.00019016
Epoch 154|time: 3.38s|train_loss 0.00398475|val_loss 0.00018823
Epoch 155|time: 3.64s|train_loss 0.00396185|val_loss 0.00018731
Epoch 156|time: 3.73s|train_loss 0.00394880|val_loss 0.00019113
Epoch 157|time: 3.71s|train_loss 0.00398322|val_loss 0.00019620
Epoch 158|time: 3.72s|train_loss 0.00397483|val_loss 0.00019041
Epoch 159|time: 3.82s|train_loss 0.00389563|val_loss 0.00018934
Epoch 160|time: 3.72s|train_loss 0.00393390|val_loss 0.00019142
Epoch 161|time: 3.73s|train_loss 0.00389046|val_loss 0.00018442
Epoch 162|time: 3.72s|train_loss 0.00390058|val_loss 0.00019390
Epoch 163|time: 3.82s|train_loss 0.00387231|val_loss 0.00019539
Epoch 164|time: 3.72s|train_loss 0.00387298|val_loss 0.00019141
Epoch 165|time: 3.84s|train_loss 0.00386067|val_loss 0.00018715
Epoch 166|time: 3.74s|train_loss 0.00400962|val_loss 0.00018677
Epoch 167|time: 3.86s|train_loss 0.00387880|val_loss 0.00018464
Epoch 168|time: 3.84s|train_loss 0.00389960|val_loss 0.00018643
Epoch 169|time: 3.72s|train_loss 0.00382463|val_loss 0.00018360
Best validation epoch: 169 Tue May 23 04:52:34 2023
TEST MAE 0.2178 | std 0.0665 | RMSE 0.3391 | RMSEs 0.3239 | PCC 0.9342 | PCCs 0.9051 | R2 0.8708 | R2s 0.8110 | Var 0.8728 | Vars 0.8150 | Peak 0.1309
Epoch 170|time: 3.73s|train_loss 0.00383842|val_loss 0.00018104
Best validation epoch: 170 Tue May 23 04:52:39 2023
TEST MAE 0.2234 | std 0.0633 | RMSE 0.3376 | RMSEs 0.3238 | PCC 0.9339 | PCCs 0.9045 | R2 0.8720 | R2s 0.8097 | Var 0.8721 | Vars 0.8133 | Peak 0.1265
Epoch 171|time: 3.80s|train_loss 0.00383434|val_loss 0.00018795
Epoch 172|time: 3.71s|train_loss 0.00385097|val_loss 0.00019244
Epoch 173|time: 3.74s|train_loss 0.00384781|val_loss 0.00018347
Epoch 174|time: 3.72s|train_loss 0.00382768|val_loss 0.00020309
Epoch 175|time: 3.71s|train_loss 0.00376425|val_loss 0.00017830
Best validation epoch: 175 Tue May 23 04:52:59 2023
TEST MAE 0.2199 | std 0.0648 | RMSE 0.3361 | RMSEs 0.3215 | PCC 0.9344 | PCCs 0.9058 | R2 0.8731 | R2s 0.8134 | Var 0.8731 | Vars 0.8157 | Peak 0.1274
Epoch 176|time: 3.75s|train_loss 0.00376585|val_loss 0.00018313
Epoch 177|time: 3.80s|train_loss 0.00381166|val_loss 0.00017887
Epoch 178|time: 3.86s|train_loss 0.00375444|val_loss 0.00021134
Epoch 179|time: 3.72s|train_loss 0.00376080|val_loss 0.00018645
Epoch 180|time: 3.73s|train_loss 0.00376559|val_loss 0.00018420
Epoch 181|time: 3.97s|train_loss 0.00371495|val_loss 0.00018645
Epoch 182|time: 3.72s|train_loss 0.00370854|val_loss 0.00018028
Epoch 183|time: 3.80s|train_loss 0.00377333|val_loss 0.00018113
Epoch 184|time: 3.71s|train_loss 0.00372611|val_loss 0.00018914
Epoch 185|time: 3.73s|train_loss 0.00372783|val_loss 0.00018956
Epoch 186|time: 3.82s|train_loss 0.00378426|val_loss 0.00018959
Epoch 187|time: 3.72s|train_loss 0.00369864|val_loss 0.00018961
Epoch 188|time: 3.72s|train_loss 0.00378625|val_loss 0.00019643
Epoch 189|time: 3.80s|train_loss 0.00375739|val_loss 0.00018780
Epoch 190|time: 3.72s|train_loss 0.00373413|val_loss 0.00019654
Epoch 191|time: 3.77s|train_loss 0.00374678|val_loss 0.00018290
Epoch 192|time: 3.82s|train_loss 0.00370027|val_loss 0.00018613
Epoch 193|time: 3.72s|train_loss 0.00371094|val_loss 0.00018890
Epoch 194|time: 3.90s|train_loss 0.00364378|val_loss 0.00018631
Epoch 195|time: 3.72s|train_loss 0.00366078|val_loss 0.00017912
Epoch 196|time: 3.80s|train_loss 0.00377630|val_loss 0.00018409
Epoch 197|time: 3.83s|train_loss 0.00367671|val_loss 0.00018171
Epoch 198|time: 3.71s|train_loss 0.00366790|val_loss 0.00018788
Epoch 199|time: 3.82s|train_loss 0.00363587|val_loss 0.00018076
Epoch 200|time: 3.80s|train_loss 0.00367988|val_loss 0.00020043
Epoch 201|time: 3.72s|train_loss 0.00364890|val_loss 0.00017951
Epoch 202|time: 3.81s|train_loss 0.00360336|val_loss 0.00018645
Epoch 203|time: 3.74s|train_loss 0.00372111|val_loss 0.00018746
Epoch 204|time: 3.72s|train_loss 0.00367581|val_loss 0.00018356
Epoch 205|time: 3.83s|train_loss 0.00370629|val_loss 0.00018858
Epoch 206|time: 3.83s|train_loss 0.00367419|val_loss 0.00019063
Epoch 207|time: 3.81s|train_loss 0.00361068|val_loss 0.00017845
Epoch 208|time: 3.75s|train_loss 0.00369187|val_loss 0.00018193
Epoch 209|time: 3.72s|train_loss 0.00358481|val_loss 0.00017736
Best validation epoch: 209 Tue May 23 04:55:08 2023
TEST MAE 0.2136 | std 0.0628 | RMSE 0.3325 | RMSEs 0.3178 | PCC 0.9361 | PCCs 0.9081 | R2 0.8758 | R2s 0.8175 | Var 0.8762 | Vars 0.8196 | Peak 0.1255
Epoch 210|time: 3.92s|train_loss 0.00357799|val_loss 0.00018358
Epoch 211|time: 3.72s|train_loss 0.00358130|val_loss 0.00019702
Epoch 212|time: 4.02s|train_loss 0.00360758|val_loss 0.00017966
Epoch 213|time: 3.73s|train_loss 0.00354993|val_loss 0.00018089
Epoch 214|time: 3.82s|train_loss 0.00355543|val_loss 0.00018564
Epoch 215|time: 3.86s|train_loss 0.00353462|val_loss 0.00018880
Epoch 216|time: 3.71s|train_loss 0.00353317|val_loss 0.00018195
Epoch 217|time: 3.74s|train_loss 0.00360105|val_loss 0.00018424
Epoch 218|time: 3.81s|train_loss 0.00350547|val_loss 0.00018243
Epoch 219|time: 3.72s|train_loss 0.00350328|val_loss 0.00018155
Epoch 220|time: 4.04s|train_loss 0.00348780|val_loss 0.00018080
Epoch 221|time: 3.72s|train_loss 0.00352485|val_loss 0.00017841
Epoch 222|time: 3.72s|train_loss 0.00350029|val_loss 0.00018200
Epoch 223|time: 3.91s|train_loss 0.00351372|val_loss 0.00019857
Epoch 224|time: 3.80s|train_loss 0.00350143|val_loss 0.00018230
Epoch 225|time: 3.87s|train_loss 0.00347483|val_loss 0.00018111
Epoch 226|time: 3.72s|train_loss 0.00349994|val_loss 0.00019758
Epoch 227|time: 3.72s|train_loss 0.00349038|val_loss 0.00017660
Best validation epoch: 227 Tue May 23 04:56:17 2023
TEST MAE 0.2107 | std 0.0585 | RMSE 0.3289 | RMSEs 0.3155 | PCC 0.9374 | PCCs 0.9093 | R2 0.8785 | R2s 0.8193 | Var 0.8785 | Vars 0.8218 | Peak 0.1242
Epoch 228|time: 3.89s|train_loss 0.00346877|val_loss 0.00018407
Epoch 229|time: 3.72s|train_loss 0.00352868|val_loss 0.00020522
Epoch 230|time: 3.84s|train_loss 0.00350027|val_loss 0.00019350
Epoch 231|time: 3.79s|train_loss 0.00357214|val_loss 0.00018840
Epoch 232|time: 3.80s|train_loss 0.00345990|val_loss 0.00019553
Epoch 233|time: 3.88s|train_loss 0.00347185|val_loss 0.00018818
Epoch 234|time: 3.72s|train_loss 0.00351084|val_loss 0.00017938
Epoch 235|time: 3.73s|train_loss 0.00347467|val_loss 0.00018110
Epoch 236|time: 3.88s|train_loss 0.00350324|val_loss 0.00018653
Epoch 237|time: 3.80s|train_loss 0.00344521|val_loss 0.00018797
Epoch 238|time: 3.89s|train_loss 0.00347369|val_loss 0.00017558
Best validation epoch: 238 Tue May 23 04:57:00 2023
TEST MAE 0.2100 | std 0.0593 | RMSE 0.3289 | RMSEs 0.3150 | PCC 0.9374 | PCCs 0.9099 | R2 0.8785 | R2s 0.8203 | Var 0.8787 | Vars 0.8227 | Peak 0.1239
Epoch 239|time: 3.75s|train_loss 0.00352201|val_loss 0.00017943
Epoch 240|time: 3.73s|train_loss 0.00341736|val_loss 0.00017935
Epoch 241|time: 3.90s|train_loss 0.00347225|val_loss 0.00018473
Epoch 242|time: 3.81s|train_loss 0.00344264|val_loss 0.00018134
Epoch 243|time: 3.80s|train_loss 0.00339977|val_loss 0.00018715
Epoch 244|time: 3.73s|train_loss 0.00341853|val_loss 0.00018881
Epoch 245|time: 3.72s|train_loss 0.00347015|val_loss 0.00018559
Epoch 246|time: 3.84s|train_loss 0.00343179|val_loss 0.00018737
Epoch 247|time: 3.73s|train_loss 0.00347613|val_loss 0.00017712
Epoch 248|time: 3.71s|train_loss 0.00341847|val_loss 0.00018089
Epoch 249|time: 3.88s|train_loss 0.00339934|val_loss 0.00018112
Epoch 250|time: 3.72s|train_loss 0.00338197|val_loss 0.00017702
Epoch 251|time: 4.02s|train_loss 0.00339233|val_loss 0.00017982
Epoch 252|time: 3.73s|train_loss 0.00338476|val_loss 0.00017928
Epoch 253|time: 3.73s|train_loss 0.00341702|val_loss 0.00017689
Epoch 254|time: 3.89s|train_loss 0.00337602|val_loss 0.00017986
Epoch 255|time: 3.73s|train_loss 0.00340289|val_loss 0.00018749
Epoch 256|time: 3.84s|train_loss 0.00332542|val_loss 0.00017773
Epoch 257|time: 3.94s|train_loss 0.00341165|val_loss 0.00017956
Epoch 258|time: 3.73s|train_loss 0.00337494|val_loss 0.00017971
Epoch 259|time: 3.87s|train_loss 0.00336830|val_loss 0.00018104
Epoch 260|time: 3.81s|train_loss 0.00332847|val_loss 0.00018490
Epoch 261|time: 3.73s|train_loss 0.00333250|val_loss 0.00018144
Epoch 262|time: 3.75s|train_loss 0.00334096|val_loss 0.00019030
Epoch 263|time: 3.72s|train_loss 0.00342175|val_loss 0.00020019
Epoch 264|time: 3.82s|train_loss 0.00333189|val_loss 0.00017915
Epoch 265|time: 3.72s|train_loss 0.00335631|val_loss 0.00019405
Epoch 266|time: 3.73s|train_loss 0.00332772|val_loss 0.00019223
Epoch 267|time: 3.76s|train_loss 0.00332774|val_loss 0.00018231
Epoch 268|time: 3.72s|train_loss 0.00329028|val_loss 0.00017522
Best validation epoch: 268 Tue May 23 04:58:54 2023
TEST MAE 0.2138 | std 0.0596 | RMSE 0.3287 | RMSEs 0.3146 | PCC 0.9379 | PCCs 0.9121 | R2 0.8787 | R2s 0.8207 | Var 0.8795 | Vars 0.8266 | Peak 0.1223
Epoch 269|time: 3.72s|train_loss 0.00333649|val_loss 0.00017760
Epoch 270|time: 3.85s|train_loss 0.00327333|val_loss 0.00018674
Epoch 271|time: 3.73s|train_loss 0.00335365|val_loss 0.00019175
Epoch 272|time: 3.73s|train_loss 0.00334505|val_loss 0.00018619
Epoch 273|time: 3.72s|train_loss 0.00331857|val_loss 0.00018004
Epoch 274|time: 3.82s|train_loss 0.00333268|val_loss 0.00018737
Epoch 275|time: 3.80s|train_loss 0.00329965|val_loss 0.00018790
Epoch 276|time: 3.73s|train_loss 0.00331696|val_loss 0.00018118
Epoch 277|time: 3.72s|train_loss 0.00329160|val_loss 0.00019086
Epoch 278|time: 3.73s|train_loss 0.00336975|val_loss 0.00018265
Epoch 279|time: 3.81s|train_loss 0.00334378|val_loss 0.00019160
Epoch 280|time: 3.73s|train_loss 0.00327577|val_loss 0.00018964
Epoch 281|time: 3.72s|train_loss 0.00326094|val_loss 0.00017746
Epoch 282|time: 3.73s|train_loss 0.00325737|val_loss 0.00017513
Best validation epoch: 282 Tue May 23 04:59:48 2023
TEST MAE 0.2106 | std 0.0589 | RMSE 0.3298 | RMSEs 0.3158 | PCC 0.9369 | PCCs 0.9096 | R2 0.8778 | R2s 0.8195 | Var 0.8779 | Vars 0.8217 | Peak 0.1242
Epoch 283|time: 3.75s|train_loss 0.00322931|val_loss 0.00017627
Epoch 284|time: 3.74s|train_loss 0.00324965|val_loss 0.00019079
Epoch 285|time: 3.94s|train_loss 0.00325203|val_loss 0.00017900
Epoch 286|time: 3.87s|train_loss 0.00321136|val_loss 0.00018062
Epoch 287|time: 3.73s|train_loss 0.00324664|val_loss 0.00017534
Epoch 288|time: 3.78s|train_loss 0.00324962|val_loss 0.00019814
Epoch 289|time: 3.80s|train_loss 0.00327387|val_loss 0.00017550
Epoch 290|time: 3.73s|train_loss 0.00330144|val_loss 0.00017693
Epoch 291|time: 3.87s|train_loss 0.00323376|val_loss 0.00018058
Epoch 292|time: 3.73s|train_loss 0.00322197|val_loss 0.00017423
Best validation epoch: 292 Tue May 23 05:00:27 2023
TEST MAE 0.2128 | std 0.0587 | RMSE 0.3287 | RMSEs 0.3150 | PCC 0.9375 | PCCs 0.9108 | R2 0.8786 | R2s 0.8201 | Var 0.8789 | Vars 0.8239 | Peak 0.1216
Epoch 293|time: 3.82s|train_loss 0.00323682|val_loss 0.00019086
Epoch 294|time: 3.73s|train_loss 0.00337404|val_loss 0.00018379
Epoch 295|time: 3.73s|train_loss 0.00325520|val_loss 0.00017614
Epoch 296|time: 3.84s|train_loss 0.00324201|val_loss 0.00018490
Epoch 297|time: 3.72s|train_loss 0.00323688|val_loss 0.00018784
Epoch 298|time: 3.80s|train_loss 0.00319328|val_loss 0.00017878
Epoch 299|time: 3.83s|train_loss 0.00322231|val_loss 0.00017891
Epoch 300|time: 3.73s|train_loss 0.00325339|val_loss 0.00017639
Epoch 301|time: 3.84s|train_loss 0.00318511|val_loss 0.00017588
Epoch 302|time: 3.72s|train_loss 0.00319124|val_loss 0.00017666
Epoch 303|time: 3.81s|train_loss 0.00317592|val_loss 0.00017508
Epoch 304|time: 3.78s|train_loss 0.00318043|val_loss 0.00017724
Epoch 305|time: 3.74s|train_loss 0.00320466|val_loss 0.00017815
Epoch 306|time: 3.77s|train_loss 0.00322536|val_loss 0.00019416
Epoch 307|time: 3.76s|train_loss 0.00323991|val_loss 0.00017883
Epoch 308|time: 3.81s|train_loss 0.00317149|val_loss 0.00018046
Epoch 309|time: 3.84s|train_loss 0.00317265|val_loss 0.00017400
Best validation epoch: 309 Tue May 23 05:01:32 2023
TEST MAE 0.2103 | std 0.0603 | RMSE 0.3313 | RMSEs 0.3167 | PCC 0.9368 | PCCs 0.9093 | R2 0.8767 | R2s 0.8194 | Var 0.8775 | Vars 0.8218 | Peak 0.1268
Epoch 310|time: 3.72s|train_loss 0.00319321|val_loss 0.00018795
Epoch 311|time: 3.81s|train_loss 0.00316339|val_loss 0.00017507
Epoch 312|time: 3.72s|train_loss 0.00323029|val_loss 0.00017657
Epoch 313|time: 3.73s|train_loss 0.00315450|val_loss 0.00019481
Epoch 314|time: 3.93s|train_loss 0.00315387|val_loss 0.00017876
Epoch 315|time: 3.73s|train_loss 0.00315012|val_loss 0.00017891
Epoch 316|time: 3.73s|train_loss 0.00310647|val_loss 0.00017874
Epoch 317|time: 3.84s|train_loss 0.00315601|val_loss 0.00017969
Epoch 318|time: 3.81s|train_loss 0.00317788|val_loss 0.00018081
Epoch 319|time: 3.77s|train_loss 0.00319805|val_loss 0.00017566
Epoch 320|time: 3.73s|train_loss 0.00369837|val_loss 0.00017442
Epoch 321|time: 3.72s|train_loss 0.00404493|val_loss 0.00017762
Epoch 322|time: 3.84s|train_loss 0.00372677|val_loss 0.00018903
Epoch 323|time: 3.73s|train_loss 0.00397643|val_loss 0.00017757
Epoch 324|time: 3.73s|train_loss 0.00354577|val_loss 0.00017491
Epoch 325|time: 3.78s|train_loss 0.00331928|val_loss 0.00018576
Epoch 326|time: 3.73s|train_loss 0.00322209|val_loss 0.00017565
Epoch 327|time: 3.86s|train_loss 0.00322845|val_loss 0.00017880
Epoch 328|time: 3.71s|train_loss 0.00322260|val_loss 0.00017258
Best validation epoch: 328 Tue May 23 05:02:44 2023
TEST MAE 0.2126 | std 0.0606 | RMSE 0.3309 | RMSEs 0.3161 | PCC 0.9365 | PCCs 0.9105 | R2 0.8770 | R2s 0.8202 | Var 0.8770 | Vars 0.8234 | Peak 0.1245
Epoch 329|time: 3.72s|train_loss 0.00328039|val_loss 0.00018321
Epoch 330|time: 3.79s|train_loss 0.00317939|val_loss 0.00018130
Epoch 331|time: 3.72s|train_loss 0.00319148|val_loss 0.00017502
Epoch 332|time: 3.92s|train_loss 0.00319547|val_loss 0.00017381
Epoch 333|time: 3.74s|train_loss 0.00311461|val_loss 0.00018265
Epoch 334|time: 3.73s|train_loss 0.00320211|val_loss 0.00017380
Epoch 335|time: 3.88s|train_loss 0.00309957|val_loss 0.00017719
Epoch 336|time: 3.80s|train_loss 0.00311790|val_loss 0.00017667
Epoch 337|time: 3.73s|train_loss 0.00310352|val_loss 0.00017477
Epoch 338|time: 3.94s|train_loss 0.00314450|val_loss 0.00017315
Epoch 339|time: 3.73s|train_loss 0.00317929|val_loss 0.00017294
Epoch 340|time: 3.78s|train_loss 0.00313275|val_loss 0.00018730
Epoch 341|time: 3.73s|train_loss 0.00313265|val_loss 0.00017449
Epoch 342|time: 3.82s|train_loss 0.00310524|val_loss 0.00017234
Best validation epoch: 342 Tue May 23 05:03:38 2023
TEST MAE 0.2104 | std 0.0587 | RMSE 0.3277 | RMSEs 0.3134 | PCC 0.9378 | PCCs 0.9122 | R2 0.8794 | R2s 0.8225 | Var 0.8795 | Vars 0.8263 | Peak 0.1217
Epoch 343|time: 3.80s|train_loss 0.00312287|val_loss 0.00018093
Epoch 344|time: 3.74s|train_loss 0.00310283|val_loss 0.00017403
Epoch 345|time: 3.79s|train_loss 0.00313862|val_loss 0.00017638
Epoch 346|time: 3.73s|train_loss 0.00312352|val_loss 0.00017407
Epoch 347|time: 3.81s|train_loss 0.00311404|val_loss 0.00017794
Epoch 348|time: 3.73s|train_loss 0.00313274|val_loss 0.00017815
Epoch 349|time: 3.73s|train_loss 0.00309470|val_loss 0.00018907
Epoch 350|time: 3.73s|train_loss 0.00308500|val_loss 0.00017721
Epoch 351|time: 3.89s|train_loss 0.00308127|val_loss 0.00017630
Epoch 352|time: 3.72s|train_loss 0.00309020|val_loss 0.00017384
Epoch 353|time: 3.81s|train_loss 0.00306439|val_loss 0.00017421
Epoch 354|time: 3.89s|train_loss 0.00312536|val_loss 0.00017674
Epoch 355|time: 3.73s|train_loss 0.00304299|val_loss 0.00017787
Epoch 356|time: 3.82s|train_loss 0.00307538|val_loss 0.00017863
Epoch 357|time: 3.73s|train_loss 0.00307199|val_loss 0.00017830
Epoch 358|time: 3.72s|train_loss 0.00307909|val_loss 0.00017926
Epoch 359|time: 3.87s|train_loss 0.00314273|val_loss 0.00017896
Epoch 360|time: 3.72s|train_loss 0.00304589|val_loss 0.00017735
Epoch 361|time: 3.94s|train_loss 0.00303424|val_loss 0.00017294
Epoch 362|time: 3.73s|train_loss 0.00304142|val_loss 0.00018305
Epoch 363|time: 3.72s|train_loss 0.00303040|val_loss 0.00018172
Epoch 364|time: 3.89s|train_loss 0.00304562|val_loss 0.00018282
Epoch 365|time: 3.84s|train_loss 0.00303023|val_loss 0.00017082
Best validation epoch: 365 Tue May 23 05:05:06 2023
TEST MAE 0.2161 | std 0.0570 | RMSE 0.3294 | RMSEs 0.3162 | PCC 0.9375 | PCCs 0.9117 | R2 0.8781 | R2s 0.8186 | Var 0.8789 | Vars 0.8244 | Peak 0.1209
Epoch 366|time: 3.85s|train_loss 0.00302052|val_loss 0.00020231
Epoch 367|time: 3.72s|train_loss 0.00306242|val_loss 0.00017276
Epoch 368|time: 3.73s|train_loss 0.00308988|val_loss 0.00018095
Epoch 369|time: 3.91s|train_loss 0.00305305|val_loss 0.00018140
Epoch 370|time: 3.77s|train_loss 0.00303022|val_loss 0.00017191
Epoch 371|time: 3.72s|train_loss 0.00316280|val_loss 0.00017406
Epoch 372|time: 3.80s|train_loss 0.00323769|val_loss 0.00017810
Epoch 373|time: 3.72s|train_loss 0.00312543|val_loss 0.00018409
Epoch 374|time: 3.80s|train_loss 0.00309857|val_loss 0.00017999
Epoch 375|time: 3.75s|train_loss 0.00319598|val_loss 0.00020827
Epoch 376|time: 3.73s|train_loss 0.00315253|val_loss 0.00019171
Epoch 377|time: 3.73s|train_loss 0.00314568|val_loss 0.00017790
Epoch 378|time: 3.72s|train_loss 0.00310104|val_loss 0.00017412
Epoch 379|time: 3.80s|train_loss 0.00313589|val_loss 0.00017881
Epoch 380|time: 3.86s|train_loss 0.00317041|val_loss 0.00017095
Epoch 381|time: 3.72s|train_loss 0.00320409|val_loss 0.00018247
Epoch 382|time: 3.82s|train_loss 0.00308066|val_loss 0.00017194
Epoch 383|time: 3.81s|train_loss 0.00307944|val_loss 0.00017351
Epoch 384|time: 3.73s|train_loss 0.00299593|val_loss 0.00017734
Epoch 385|time: 3.73s|train_loss 0.00305212|val_loss 0.00017212
Epoch 386|time: 3.87s|train_loss 0.00299863|val_loss 0.00017693
Epoch 387|time: 3.81s|train_loss 0.00298540|val_loss 0.00017763
Epoch 388|time: 3.76s|train_loss 0.00301101|val_loss 0.00017284
Epoch 389|time: 3.73s|train_loss 0.00296762|val_loss 0.00017090
Epoch 390|time: 3.75s|train_loss 0.00297312|val_loss 0.00017884
Epoch 391|time: 3.73s|train_loss 0.00299871|val_loss 0.00018021
Epoch 392|time: 3.71s|train_loss 0.00295338|val_loss 0.00017150
Epoch 393|time: 3.90s|train_loss 0.00294725|val_loss 0.00017352
Epoch 394|time: 3.72s|train_loss 0.00301983|val_loss 0.00017217
Epoch 395|time: 3.72s|train_loss 0.00296618|val_loss 0.00017539
Epoch 396|time: 3.75s|train_loss 0.00297675|val_loss 0.00017132
Epoch 397|time: 3.81s|train_loss 0.00299449|val_loss 0.00017761
Epoch 398|time: 3.73s|train_loss 0.00302654|val_loss 0.00017848
Epoch 399|time: 3.73s|train_loss 0.00295744|val_loss 0.00018878
Epoch 400|time: 3.74s|train_loss 0.00300135|val_loss 0.00017646
Epoch 401|time: 3.89s|train_loss 0.00293633|val_loss 0.00017151
Epoch 402|time: 3.77s|train_loss 0.00291919|val_loss 0.00017553
Epoch 403|time: 3.73s|train_loss 0.00293275|val_loss 0.00017597
Epoch 404|time: 3.72s|train_loss 0.00300806|val_loss 0.00017022
Best validation epoch: 404 Tue May 23 05:07:34 2023
TEST MAE 0.2146 | std 0.0578 | RMSE 0.3288 | RMSEs 0.3147 | PCC 0.9379 | PCCs 0.9132 | R2 0.8785 | R2s 0.8208 | Var 0.8796 | Vars 0.8275 | Peak 0.1207
Epoch 405|time: 3.73s|train_loss 0.00292196|val_loss 0.00017415
Epoch 406|time: 3.85s|train_loss 0.00297201|val_loss 0.00018301
Epoch 407|time: 3.80s|train_loss 0.00303294|val_loss 0.00017526
Epoch 408|time: 3.73s|train_loss 0.00303188|val_loss 0.00018191
Epoch 409|time: 3.73s|train_loss 0.00302620|val_loss 0.00019168
Epoch 410|time: 3.72s|train_loss 0.00297851|val_loss 0.00017089
Epoch 411|time: 3.90s|train_loss 0.00295150|val_loss 0.00018019
Epoch 412|time: 3.76s|train_loss 0.00293314|val_loss 0.00018535
Epoch 413|time: 3.73s|train_loss 0.00293536|val_loss 0.00018039
Epoch 414|time: 3.73s|train_loss 0.00288402|val_loss 0.00019178
Epoch 415|time: 3.73s|train_loss 0.00289748|val_loss 0.00017533
Epoch 416|time: 3.80s|train_loss 0.00287380|val_loss 0.00017969
Epoch 417|time: 3.92s|train_loss 0.00286443|val_loss 0.00017677
Epoch 418|time: 3.72s|train_loss 0.00287336|val_loss 0.00017179
Epoch 419|time: 3.83s|train_loss 0.00288378|val_loss 0.00017281
Epoch 420|time: 3.74s|train_loss 0.00289896|val_loss 0.00017976
Epoch 421|time: 3.83s|train_loss 0.00291275|val_loss 0.00017856
Epoch 422|time: 3.88s|train_loss 0.00285258|val_loss 0.00017232
Epoch 423|time: 3.73s|train_loss 0.00287081|val_loss 0.00017943
Epoch 424|time: 3.74s|train_loss 0.00286411|val_loss 0.00017136
Epoch 425|time: 3.84s|train_loss 0.00285100|val_loss 0.00016854
Best validation epoch: 425 Tue May 23 05:08:54 2023
TEST MAE 0.2132 | std 0.0556 | RMSE 0.3291 | RMSEs 0.3157 | PCC 0.9379 | PCCs 0.9132 | R2 0.8783 | R2s 0.8189 | Var 0.8792 | Vars 0.8252 | Peak 0.1194
Epoch 426|time: 3.73s|train_loss 0.00284390|val_loss 0.00017355
Epoch 427|time: 3.84s|train_loss 0.00286510|val_loss 0.00018282
Epoch 428|time: 3.73s|train_loss 0.00289295|val_loss 0.00017763
Epoch 429|time: 3.81s|train_loss 0.00289862|val_loss 0.00017791
Epoch 430|time: 3.77s|train_loss 0.00293034|val_loss 0.00020784
Epoch 431|time: 3.73s|train_loss 0.00287403|val_loss 0.00017492
Epoch 432|time: 3.95s|train_loss 0.00294990|val_loss 0.00018073
Epoch 433|time: 3.72s|train_loss 0.00286510|val_loss 0.00017853
Epoch 434|time: 3.73s|train_loss 0.00290961|val_loss 0.00017503
Epoch 435|time: 3.86s|train_loss 0.00288870|val_loss 0.00017811
Epoch 436|time: 3.72s|train_loss 0.00287853|val_loss 0.00018525
Epoch 437|time: 3.73s|train_loss 0.00282787|val_loss 0.00017866
Epoch 438|time: 3.80s|train_loss 0.00283909|val_loss 0.00017426
Epoch 439|time: 3.72s|train_loss 0.00283874|val_loss 0.00017408
Epoch 440|time: 3.87s|train_loss 0.00285475|val_loss 0.00017705
Epoch 441|time: 3.72s|train_loss 0.00370932|val_loss 0.00017596
Epoch 442|time: 3.72s|train_loss 0.00405848|val_loss 0.00017841
Epoch 443|time: 3.81s|train_loss 0.00369109|val_loss 0.00017487
Epoch 444|time: 3.80s|train_loss 0.00345566|val_loss 0.00018337
Epoch 445|time: 3.82s|train_loss 0.00322194|val_loss 0.00018085
Epoch 446|time: 3.73s|train_loss 0.00321390|val_loss 0.00017728
Epoch 447|time: 3.72s|train_loss 0.00317868|val_loss 0.00017997
Epoch 448|time: 3.84s|train_loss 0.00314303|val_loss 0.00018444
Epoch 449|time: 3.82s|train_loss 0.00307528|val_loss 0.00018015
Epoch 450|time: 3.73s|train_loss 0.00306724|val_loss 0.00017552
Epoch 451|time: 3.75s|train_loss 0.00309779|val_loss 0.00017600
Epoch 452|time: 3.73s|train_loss 0.00313419|val_loss 0.00018125
Epoch 453|time: 3.78s|train_loss 0.00311390|val_loss 0.00017728
Epoch 454|time: 3.84s|train_loss 0.00314312|val_loss 0.00018298
Epoch 455|time: 3.73s|train_loss 0.00303529|val_loss 0.00017852
Epoch 456|time: 3.86s|train_loss 0.00302072|val_loss 0.00017613
Epoch 457|time: 3.74s|train_loss 0.00308663|val_loss 0.00017809
Epoch 458|time: 3.81s|train_loss 0.00303490|val_loss 0.00019870
Epoch 459|time: 3.82s|train_loss 0.00301486|val_loss 0.00017623
Epoch 460|time: 3.74s|train_loss 0.00299428|val_loss 0.00017916
Epoch 461|time: 3.84s|train_loss 0.00299636|val_loss 0.00018730
Epoch 462|time: 3.80s|train_loss 0.00299509|val_loss 0.00017169
Epoch 463|time: 3.73s|train_loss 0.00298060|val_loss 0.00017983
Epoch 464|time: 3.85s|train_loss 0.00297487|val_loss 0.00017332
Epoch 465|time: 3.82s|train_loss 0.00300014|val_loss 0.00018019
Epoch 466|time: 3.74s|train_loss 0.00310600|val_loss 0.00017852
Epoch 467|time: 3.92s|train_loss 0.00296346|val_loss 0.00017375
Epoch 468|time: 3.83s|train_loss 0.00298607|val_loss 0.00017273
Epoch 469|time: 3.84s|train_loss 0.00297166|val_loss 0.00018046
Epoch 470|time: 3.74s|train_loss 0.00297795|val_loss 0.00017373
Epoch 471|time: 3.74s|train_loss 0.00298335|val_loss 0.00018144
Epoch 472|time: 3.95s|train_loss 0.00295142|val_loss 0.00017841
Epoch 473|time: 3.74s|train_loss 0.00296221|val_loss 0.00018210
Epoch 474|time: 3.81s|train_loss 0.00294503|val_loss 0.00018680
Epoch 475|time: 3.82s|train_loss 0.00294380|val_loss 0.00017374
Epoch 476|time: 3.81s|train_loss 0.00296209|val_loss 0.00018001
Epoch 477|time: 3.75s|train_loss 0.00293059|val_loss 0.00018109
Epoch 478|time: 3.72s|train_loss 0.00292622|val_loss 0.00018849
Epoch 479|time: 3.73s|train_loss 0.00293818|val_loss 0.00017198
Epoch 480|time: 3.74s|train_loss 0.00294044|val_loss 0.00017817
Epoch 481|time: 3.81s|train_loss 0.00293509|val_loss 0.00018330
Epoch 482|time: 3.85s|train_loss 0.00292615|val_loss 0.00017330
Epoch 483|time: 3.73s|train_loss 0.00292437|val_loss 0.00017860
Epoch 484|time: 3.73s|train_loss 0.00293540|val_loss 0.00017814
Epoch 485|time: 3.80s|train_loss 0.00292407|val_loss 0.00017528
Epoch 486|time: 3.83s|train_loss 0.00291873|val_loss 0.00017325
Epoch 487|time: 3.75s|train_loss 0.00290993|val_loss 0.00018164
Epoch 488|time: 3.86s|train_loss 0.00293483|val_loss 0.00017569
Epoch 489|time: 3.73s|train_loss 0.00291020|val_loss 0.00017393
Epoch 490|time: 3.91s|train_loss 0.00288908|val_loss 0.00017898
Epoch 491|time: 3.75s|train_loss 0.00289273|val_loss 0.00018004
Epoch 492|time: 3.74s|train_loss 0.00289897|val_loss 0.00017617
Epoch 493|time: 3.84s|train_loss 0.00291814|val_loss 0.00018290
Epoch 494|time: 3.73s|train_loss 0.00289752|val_loss 0.00018236
Epoch 495|time: 3.82s|train_loss 0.00293805|val_loss 0.00017968
Epoch 496|time: 3.89s|train_loss 0.00291403|val_loss 0.00018303
Epoch 497|time: 2.70s|train_loss 0.00291091|val_loss 0.00017931
Epoch 498|time: 3.04s|train_loss 0.00289150|val_loss 0.00017664
Epoch 499|time: 3.60s|train_loss 0.00287427|val_loss 0.00017713
Epoch 500|time: 3.48s|train_loss 0.00289253|val_loss 0.00018038
Final evaluation
TEST MAE 0.2132 | std 0.0556 | RMSE 0.3291 | RMSEs 0.3157 | PCC 0.9379 | PCCs 0.9132 | R2 0.8783 | R2s 0.8189 | Var 0.8792 | Vars 0.8252 | Peak 0.1194
