--------Parameters--------
Namespace(batch=32, bi=False, check_point=1, cuda=False, dataset='us_hhs', dropout=0.2, epilambda=0.1, epochs=500, gpu=3, hidsp=15, horizon=4, k=10, lamda=0.01, lr=0.01, model='cola_gnn_epi', mylog=False, n_hidden=10, n_layer=1, patience=200, rnn_model='RNN', save_dir='save', seed=42, shuffle=False, sim_mat='us_hhs-adj', test=0.2, train=0.6, val=0.2, weight_decay=0.0005, window=20)
--------------------------
data shape (364, 10)
size of train/val/test sets 195 73 73
#params: 2005
begin training
Epoch   1|time: 3.11s|train_loss 0.00314349|val_loss 0.00056963
Best validation epoch: 1 Tue May 23 17:46:37 2023
TEST MAE 0.5914 | std 0.1723 | RMSE 0.7702 | RMSEs 0.7381 | PCC 0.5940 | PCCs 0.5917 | R2 0.3336 | R2s -0.0587 | Var 0.3406 | Vars 0.3080 | Peak 0.2719
Epoch   2|time: 3.17s|train_loss 0.00274915|val_loss 0.00107191
Epoch   3|time: 3.09s|train_loss 0.00265819|val_loss 0.00054083
Best validation epoch: 3 Tue May 23 17:46:44 2023
TEST MAE 0.5600 | std 0.1923 | RMSE 0.7652 | RMSEs 0.7270 | PCC 0.6012 | PCCs 0.4057 | R2 0.3422 | R2s 0.0756 | Var 0.3613 | Vars 0.1495 | Peak 0.3212
Epoch   4|time: 2.97s|train_loss 0.00233219|val_loss 0.00043285
Best validation epoch: 4 Tue May 23 17:46:48 2023
TEST MAE 0.5340 | std 0.2396 | RMSE 0.8410 | RMSEs 0.7861 | PCC 0.7518 | PCCs 0.6617 | R2 0.2056 | R2s -0.0643 | Var 0.4624 | Vars 0.3332 | Peak 0.4001
Epoch   5|time: 3.14s|train_loss 0.00211499|val_loss 0.00038102
Best validation epoch: 5 Tue May 23 17:46:52 2023
TEST MAE 0.4029 | std 0.1512 | RMSE 0.6492 | RMSEs 0.6092 | PCC 0.7993 | PCCs 0.7430 | R2 0.5266 | R2s 0.3558 | Var 0.5787 | Vars 0.4714 | Peak 0.2787
Epoch   6|time: 3.10s|train_loss 0.00190367|val_loss 0.00034000
Best validation epoch: 6 Tue May 23 17:46:55 2023
TEST MAE 0.3852 | std 0.1754 | RMSE 0.6292 | RMSEs 0.5874 | PCC 0.8241 | PCCs 0.7605 | R2 0.5553 | R2s 0.4024 | Var 0.6428 | Vars 0.5493 | Peak 0.2726
Epoch   7|time: 3.05s|train_loss 0.00201712|val_loss 0.00030597
Best validation epoch: 7 Tue May 23 17:46:59 2023
TEST MAE 0.3564 | std 0.1322 | RMSE 0.5571 | RMSEs 0.5255 | PCC 0.8309 | PCCs 0.7663 | R2 0.6514 | R2s 0.5159 | Var 0.6769 | Vars 0.5721 | Peak 0.2320
Epoch   8|time: 3.04s|train_loss 0.00191347|val_loss 0.00029061
Best validation epoch: 8 Tue May 23 17:47:03 2023
TEST MAE 0.3230 | std 0.1127 | RMSE 0.5071 | RMSEs 0.4802 | PCC 0.8535 | PCCs 0.8031 | R2 0.7112 | R2s 0.5934 | Var 0.7264 | Vars 0.6298 | Peak 0.2018
Epoch   9|time: 3.04s|train_loss 0.00179273|val_loss 0.00031408
Epoch  10|time: 3.21s|train_loss 0.00179331|val_loss 0.00037096
Epoch  11|time: 3.06s|train_loss 0.00176625|val_loss 0.00030558
Epoch  12|time: 3.09s|train_loss 0.00178790|val_loss 0.00028164
Best validation epoch: 12 Tue May 23 17:47:16 2023
TEST MAE 0.3174 | std 0.0852 | RMSE 0.4829 | RMSEs 0.4626 | PCC 0.8656 | PCCs 0.8146 | R2 0.7380 | R2s 0.6168 | Var 0.7421 | Vars 0.6390 | Peak 0.1831
Epoch  13|time: 3.12s|train_loss 0.00169128|val_loss 0.00027923
Best validation epoch: 13 Tue May 23 17:47:20 2023
TEST MAE 0.3121 | std 0.1003 | RMSE 0.4881 | RMSEs 0.4648 | PCC 0.8654 | PCCs 0.8144 | R2 0.7323 | R2s 0.6166 | Var 0.7402 | Vars 0.6391 | Peak 0.1885
Epoch  14|time: 3.10s|train_loss 0.00169929|val_loss 0.00026385
Best validation epoch: 14 Tue May 23 17:47:24 2023
TEST MAE 0.3172 | std 0.0788 | RMSE 0.4638 | RMSEs 0.4458 | PCC 0.8713 | PCCs 0.8281 | R2 0.7584 | R2s 0.6417 | Var 0.7590 | Vars 0.6679 | Peak 0.1695
Epoch  15|time: 3.17s|train_loss 0.00169115|val_loss 0.00027370
Epoch  16|time: 3.17s|train_loss 0.00169630|val_loss 0.00034230
Epoch  17|time: 3.18s|train_loss 0.00168693|val_loss 0.00030403
Epoch  18|time: 3.08s|train_loss 0.00169587|val_loss 0.00028201
Epoch  19|time: 3.11s|train_loss 0.00167386|val_loss 0.00033147
Epoch  20|time: 3.07s|train_loss 0.00165945|val_loss 0.00027406
Epoch  21|time: 3.09s|train_loss 0.00155907|val_loss 0.00026649
Epoch  22|time: 3.18s|train_loss 0.00148521|val_loss 0.00025637
Best validation epoch: 22 Tue May 23 17:47:50 2023
TEST MAE 0.3015 | std 0.0895 | RMSE 0.4396 | RMSEs 0.4214 | PCC 0.8852 | PCCs 0.8463 | R2 0.7829 | R2s 0.6804 | Var 0.7832 | Vars 0.6968 | Peak 0.1610
Epoch  23|time: 3.15s|train_loss 0.00150914|val_loss 0.00027463
Epoch  24|time: 3.08s|train_loss 0.00146674|val_loss 0.00026155
Epoch  25|time: 3.13s|train_loss 0.00147184|val_loss 0.00033845
Epoch  26|time: 3.07s|train_loss 0.00163932|val_loss 0.00032671
Epoch  27|time: 3.14s|train_loss 0.00160688|val_loss 0.00030858
Epoch  28|time: 3.13s|train_loss 0.00160404|val_loss 0.00025149
Best validation epoch: 28 Tue May 23 17:48:09 2023
TEST MAE 0.2813 | std 0.0866 | RMSE 0.4272 | RMSEs 0.4087 | PCC 0.8920 | PCCs 0.8575 | R2 0.7949 | R2s 0.6999 | Var 0.7957 | Vars 0.7146 | Peak 0.1584
Epoch  29|time: 3.05s|train_loss 0.00148597|val_loss 0.00027092
Epoch  30|time: 3.04s|train_loss 0.00147803|val_loss 0.00029192
Epoch  31|time: 3.21s|train_loss 0.00147809|val_loss 0.00025851
Epoch  32|time: 3.10s|train_loss 0.00153809|val_loss 0.00025560
Epoch  33|time: 3.04s|train_loss 0.00147805|val_loss 0.00024610
Best validation epoch: 33 Tue May 23 17:48:25 2023
TEST MAE 0.2805 | std 0.0824 | RMSE 0.4170 | RMSEs 0.3998 | PCC 0.8974 | PCCs 0.8634 | R2 0.8047 | R2s 0.7103 | Var 0.8053 | Vars 0.7260 | Peak 0.1537
Epoch  34|time: 3.03s|train_loss 0.00151795|val_loss 0.00025219
Epoch  35|time: 3.17s|train_loss 0.00148683|val_loss 0.00024306
Best validation epoch: 35 Tue May 23 17:48:32 2023
TEST MAE 0.2976 | std 0.0874 | RMSE 0.4337 | RMSEs 0.4156 | PCC 0.8971 | PCCs 0.8669 | R2 0.7887 | R2s 0.6819 | Var 0.7952 | Vars 0.7109 | Peak 0.1627
Epoch  36|time: 3.08s|train_loss 0.00145376|val_loss 0.00027159
Epoch  37|time: 3.09s|train_loss 0.00144555|val_loss 0.00024036
Best validation epoch: 37 Tue May 23 17:48:39 2023
TEST MAE 0.2767 | std 0.0825 | RMSE 0.4157 | RMSEs 0.3995 | PCC 0.8979 | PCCs 0.8621 | R2 0.8059 | R2s 0.7106 | Var 0.8059 | Vars 0.7211 | Peak 0.1553
Epoch  38|time: 3.10s|train_loss 0.00143809|val_loss 0.00024080
Epoch  39|time: 3.17s|train_loss 0.00149670|val_loss 0.00024782
Epoch  40|time: 2.90s|train_loss 0.00146941|val_loss 0.00026119
Epoch  41|time: 2.81s|train_loss 0.00143872|val_loss 0.00027834
Epoch  42|time: 3.08s|train_loss 0.00142241|val_loss 0.00027348
Epoch  43|time: 3.07s|train_loss 0.00145795|val_loss 0.00024445
Epoch  44|time: 3.14s|train_loss 0.00148423|val_loss 0.00025156
Epoch  45|time: 3.14s|train_loss 0.00146254|val_loss 0.00026674
Epoch  46|time: 3.06s|train_loss 0.00144758|val_loss 0.00031492
Epoch  47|time: 3.09s|train_loss 0.00147671|val_loss 0.00024489
Epoch  48|time: 3.10s|train_loss 0.00143958|val_loss 0.00023161
Best validation epoch: 48 Tue May 23 17:49:14 2023
TEST MAE 0.2879 | std 0.0805 | RMSE 0.4191 | RMSEs 0.4044 | PCC 0.8972 | PCCs 0.8611 | R2 0.8027 | R2s 0.6993 | Var 0.8030 | Vars 0.7153 | Peak 0.1549
Epoch  49|time: 3.12s|train_loss 0.00140495|val_loss 0.00023766
Epoch  50|time: 3.14s|train_loss 0.00144999|val_loss 0.00024351
Epoch  51|time: 3.01s|train_loss 0.00142464|val_loss 0.00024976
Epoch  52|time: 3.09s|train_loss 0.00144636|val_loss 0.00025704
Epoch  53|time: 3.18s|train_loss 0.00138178|val_loss 0.00023591
Epoch  54|time: 3.03s|train_loss 0.00141289|val_loss 0.00025202
Epoch  55|time: 3.06s|train_loss 0.00136456|val_loss 0.00025884
Epoch  56|time: 3.11s|train_loss 0.00143020|val_loss 0.00031003
Epoch  57|time: 3.21s|train_loss 0.00147680|val_loss 0.00024171
Epoch  58|time: 3.06s|train_loss 0.00145067|val_loss 0.00026664
Epoch  59|time: 3.03s|train_loss 0.00137280|val_loss 0.00023253
Epoch  60|time: 3.18s|train_loss 0.00143868|val_loss 0.00023308
Epoch  61|time: 3.04s|train_loss 0.00140928|val_loss 0.00024717
Epoch  62|time: 3.09s|train_loss 0.00167161|val_loss 0.00022880
Best validation epoch: 62 Tue May 23 17:49:58 2023
TEST MAE 0.2541 | std 0.0768 | RMSE 0.3972 | RMSEs 0.3805 | PCC 0.9074 | PCCs 0.8737 | R2 0.8228 | R2s 0.7375 | Var 0.8232 | Vars 0.7484 | Peak 0.1510
Epoch  63|time: 3.19s|train_loss 0.00163112|val_loss 0.00023586
Epoch  64|time: 3.04s|train_loss 0.00159453|val_loss 0.00023412
Epoch  65|time: 3.07s|train_loss 0.00151765|val_loss 0.00023733
Epoch  66|time: 3.18s|train_loss 0.00154008|val_loss 0.00024169
Epoch  67|time: 3.15s|train_loss 0.00146617|val_loss 0.00023905
Epoch  68|time: 3.08s|train_loss 0.00143660|val_loss 0.00024433
Epoch  69|time: 3.16s|train_loss 0.00142430|val_loss 0.00022493
Best validation epoch: 69 Tue May 23 17:50:20 2023
TEST MAE 0.3039 | std 0.0801 | RMSE 0.4345 | RMSEs 0.4192 | PCC 0.9066 | PCCs 0.8780 | R2 0.7880 | R2s 0.6649 | Var 0.8126 | Vars 0.7352 | Peak 0.1618
Epoch  70|time: 3.07s|train_loss 0.00141752|val_loss 0.00023371
Epoch  71|time: 3.29s|train_loss 0.00145344|val_loss 0.00023802
Epoch  72|time: 3.18s|train_loss 0.00140056|val_loss 0.00022395
Best validation epoch: 72 Tue May 23 17:50:31 2023
TEST MAE 0.2709 | std 0.0746 | RMSE 0.4063 | RMSEs 0.3920 | PCC 0.9043 | PCCs 0.8678 | R2 0.8146 | R2s 0.7155 | Var 0.8162 | Vars 0.7314 | Peak 0.1538
Epoch  73|time: 3.09s|train_loss 0.00142094|val_loss 0.00023391
Epoch  74|time: 3.13s|train_loss 0.00141276|val_loss 0.00024429
Epoch  75|time: 3.08s|train_loss 0.00143602|val_loss 0.00025205
Epoch  76|time: 3.12s|train_loss 0.00138839|val_loss 0.00022646
Epoch  77|time: 3.05s|train_loss 0.00140570|val_loss 0.00024560
Epoch  78|time: 3.10s|train_loss 0.00138914|val_loss 0.00023931
Epoch  79|time: 3.08s|train_loss 0.00139033|val_loss 0.00026213
Epoch  80|time: 3.20s|train_loss 0.00140622|val_loss 0.00031604
Epoch  81|time: 3.07s|train_loss 0.00141468|val_loss 0.00024935
Epoch  82|time: 3.11s|train_loss 0.00146420|val_loss 0.00023973
Epoch  83|time: 3.09s|train_loss 0.00136396|val_loss 0.00027550
Epoch  84|time: 3.18s|train_loss 0.00143066|val_loss 0.00022370
Best validation epoch: 84 Tue May 23 17:51:09 2023
TEST MAE 0.2733 | std 0.0768 | RMSE 0.4073 | RMSEs 0.3925 | PCC 0.9071 | PCCs 0.8766 | R2 0.8137 | R2s 0.7111 | Var 0.8183 | Vars 0.7375 | Peak 0.1522
Epoch  85|time: 3.22s|train_loss 0.00137772|val_loss 0.00026266
Epoch  86|time: 3.08s|train_loss 0.00138003|val_loss 0.00024241
Epoch  87|time: 3.09s|train_loss 0.00140654|val_loss 0.00022728
Epoch  88|time: 3.33s|train_loss 0.00141268|val_loss 0.00025144
Epoch  89|time: 3.18s|train_loss 0.00136988|val_loss 0.00024265
Epoch  90|time: 3.19s|train_loss 0.00139856|val_loss 0.00023127
Epoch  91|time: 3.17s|train_loss 0.00135475|val_loss 0.00022933
Epoch  92|time: 3.05s|train_loss 0.00139791|val_loss 0.00023256
Epoch  93|time: 3.12s|train_loss 0.00138386|val_loss 0.00022322
Best validation epoch: 93 Tue May 23 17:51:38 2023
TEST MAE 0.2605 | std 0.0740 | RMSE 0.3956 | RMSEs 0.3807 | PCC 0.9097 | PCCs 0.8786 | R2 0.8242 | R2s 0.7312 | Var 0.8263 | Vars 0.7507 | Peak 0.1497
Epoch  94|time: 3.15s|train_loss 0.00137595|val_loss 0.00022293
Best validation epoch: 94 Tue May 23 17:51:42 2023
TEST MAE 0.2940 | std 0.0827 | RMSE 0.4251 | RMSEs 0.4096 | PCC 0.9096 | PCCs 0.8821 | R2 0.7970 | R2s 0.6793 | Var 0.8191 | Vars 0.7430 | Peak 0.1577
Epoch  95|time: 3.06s|train_loss 0.00146317|val_loss 0.00021987
Best validation epoch: 95 Tue May 23 17:51:45 2023
TEST MAE 0.2701 | std 0.0764 | RMSE 0.4067 | RMSEs 0.3918 | PCC 0.9056 | PCCs 0.8722 | R2 0.8142 | R2s 0.7148 | Var 0.8161 | Vars 0.7318 | Peak 0.1545
Epoch  96|time: 3.09s|train_loss 0.00137897|val_loss 0.00030799
Epoch  97|time: 3.05s|train_loss 0.00135876|val_loss 0.00026711
Epoch  98|time: 3.06s|train_loss 0.00141258|val_loss 0.00025077
Epoch  99|time: 3.14s|train_loss 0.00146719|val_loss 0.00022949
Epoch 100|time: 3.16s|train_loss 0.00138067|val_loss 0.00023921
Epoch 101|time: 3.02s|train_loss 0.00135579|val_loss 0.00023514
Epoch 102|time: 3.10s|train_loss 0.00139978|val_loss 0.00023479
Epoch 103|time: 3.17s|train_loss 0.00136303|val_loss 0.00022956
Epoch 104|time: 3.07s|train_loss 0.00137690|val_loss 0.00026997
Epoch 105|time: 3.02s|train_loss 0.00134864|val_loss 0.00028004
Epoch 106|time: 3.09s|train_loss 0.00140706|val_loss 0.00024788
Epoch 107|time: 3.09s|train_loss 0.00140022|val_loss 0.00023367
Epoch 108|time: 3.06s|train_loss 0.00138347|val_loss 0.00025365
Epoch 109|time: 3.10s|train_loss 0.00139659|val_loss 0.00022747
Epoch 110|time: 3.11s|train_loss 0.00132155|val_loss 0.00022540
Epoch 111|time: 3.07s|train_loss 0.00133346|val_loss 0.00023568
Epoch 112|time: 3.13s|train_loss 0.00133512|val_loss 0.00022796
Epoch 113|time: 3.06s|train_loss 0.00135694|val_loss 0.00024953
Epoch 114|time: 3.08s|train_loss 0.00138127|val_loss 0.00023560
Epoch 115|time: 3.09s|train_loss 0.00133464|val_loss 0.00024134
Epoch 116|time: 3.09s|train_loss 0.00141291|val_loss 0.00024283
Epoch 117|time: 3.16s|train_loss 0.00137189|val_loss 0.00032299
Epoch 118|time: 3.10s|train_loss 0.00144468|val_loss 0.00026164
Epoch 119|time: 3.11s|train_loss 0.00138779|val_loss 0.00022402
Epoch 120|time: 3.09s|train_loss 0.00134724|val_loss 0.00023239
Epoch 121|time: 3.12s|train_loss 0.00134984|val_loss 0.00024914
Epoch 122|time: 3.08s|train_loss 0.00131209|val_loss 0.00023240
Epoch 123|time: 3.06s|train_loss 0.00132006|val_loss 0.00022969
Epoch 124|time: 3.05s|train_loss 0.00133720|val_loss 0.00023410
Epoch 125|time: 3.14s|train_loss 0.00131316|val_loss 0.00025141
Epoch 126|time: 3.12s|train_loss 0.00134033|val_loss 0.00022179
Epoch 127|time: 3.09s|train_loss 0.00128690|val_loss 0.00022914
Epoch 128|time: 3.06s|train_loss 0.00132577|val_loss 0.00025805
Epoch 129|time: 3.17s|train_loss 0.00132063|val_loss 0.00022933
Epoch 130|time: 3.05s|train_loss 0.00132626|val_loss 0.00023021
Epoch 131|time: 3.15s|train_loss 0.00131188|val_loss 0.00029710
Epoch 132|time: 3.18s|train_loss 0.00144614|val_loss 0.00021953
Best validation epoch: 132 Tue May 23 17:53:41 2023
TEST MAE 0.2999 | std 0.0908 | RMSE 0.4398 | RMSEs 0.4216 | PCC 0.9077 | PCCs 0.8828 | R2 0.7827 | R2s 0.6598 | Var 0.8049 | Vars 0.7221 | Peak 0.1636
Epoch 133|time: 3.05s|train_loss 0.00136143|val_loss 0.00022543
Epoch 134|time: 3.22s|train_loss 0.00126216|val_loss 0.00023745
Epoch 135|time: 3.09s|train_loss 0.00128998|val_loss 0.00023900
Epoch 136|time: 3.07s|train_loss 0.00129545|val_loss 0.00024569
Epoch 137|time: 3.06s|train_loss 0.00129170|val_loss 0.00023022
Epoch 138|time: 3.08s|train_loss 0.00126717|val_loss 0.00023949
Epoch 139|time: 3.14s|train_loss 0.00143135|val_loss 0.00023515
Epoch 140|time: 3.09s|train_loss 0.00135977|val_loss 0.00022791
Epoch 141|time: 3.06s|train_loss 0.00133206|val_loss 0.00023757
Epoch 142|time: 3.19s|train_loss 0.00125592|val_loss 0.00022988
Epoch 143|time: 3.05s|train_loss 0.00131893|val_loss 0.00023172
Epoch 144|time: 3.18s|train_loss 0.00134354|val_loss 0.00025885
Epoch 145|time: 3.08s|train_loss 0.00132158|val_loss 0.00022829
Epoch 146|time: 3.04s|train_loss 0.00132921|val_loss 0.00022484
Epoch 147|time: 3.05s|train_loss 0.00126349|val_loss 0.00022067
Epoch 148|time: 3.13s|train_loss 0.00126124|val_loss 0.00023523
Epoch 149|time: 3.12s|train_loss 0.00128992|val_loss 0.00022710
Epoch 150|time: 3.03s|train_loss 0.00125815|val_loss 0.00022175
Epoch 151|time: 3.03s|train_loss 0.00123085|val_loss 0.00031994
Epoch 152|time: 3.07s|train_loss 0.00128818|val_loss 0.00029098
Epoch 153|time: 3.11s|train_loss 0.00124677|val_loss 0.00022608
Epoch 154|time: 3.05s|train_loss 0.00128143|val_loss 0.00028191
Epoch 155|time: 3.10s|train_loss 0.00136492|val_loss 0.00023609
Epoch 156|time: 3.05s|train_loss 0.00133633|val_loss 0.00027935
Epoch 157|time: 3.07s|train_loss 0.00125878|val_loss 0.00023785
Epoch 158|time: 3.19s|train_loss 0.00125966|val_loss 0.00024358
Epoch 159|time: 3.05s|train_loss 0.00122101|val_loss 0.00023964
Epoch 160|time: 3.09s|train_loss 0.00120831|val_loss 0.00021990
Epoch 161|time: 3.15s|train_loss 0.00124406|val_loss 0.00022407
Epoch 162|time: 3.08s|train_loss 0.00123702|val_loss 0.00021875
Best validation epoch: 162 Tue May 23 17:55:14 2023
TEST MAE 0.2854 | std 0.0876 | RMSE 0.4340 | RMSEs 0.4151 | PCC 0.9061 | PCCs 0.8802 | R2 0.7884 | R2s 0.6757 | Var 0.8002 | Vars 0.7144 | Peak 0.1645
Epoch 163|time: 3.15s|train_loss 0.00121165|val_loss 0.00022702
Epoch 164|time: 3.16s|train_loss 0.00124928|val_loss 0.00023648
Epoch 165|time: 3.06s|train_loss 0.00119914|val_loss 0.00023142
Epoch 166|time: 3.12s|train_loss 0.00121073|val_loss 0.00022727
Epoch 167|time: 3.06s|train_loss 0.00124476|val_loss 0.00023982
Epoch 168|time: 3.10s|train_loss 0.00119961|val_loss 0.00022408
Epoch 169|time: 3.09s|train_loss 0.00117551|val_loss 0.00021979
Epoch 170|time: 3.10s|train_loss 0.00127334|val_loss 0.00022631
Epoch 171|time: 3.26s|train_loss 0.00118142|val_loss 0.00023324
Epoch 172|time: 3.05s|train_loss 0.00125289|val_loss 0.00024105
Epoch 173|time: 3.09s|train_loss 0.00129112|val_loss 0.00025008
Epoch 174|time: 3.09s|train_loss 0.00126038|val_loss 0.00024569
Epoch 175|time: 3.04s|train_loss 0.00126904|val_loss 0.00022979
Epoch 176|time: 3.09s|train_loss 0.00129276|val_loss 0.00022389
Epoch 177|time: 3.17s|train_loss 0.00128015|val_loss 0.00022650
Epoch 178|time: 3.09s|train_loss 0.00113813|val_loss 0.00022264
Epoch 179|time: 3.06s|train_loss 0.00127324|val_loss 0.00022069
Epoch 180|time: 3.17s|train_loss 0.00119576|val_loss 0.00022753
Epoch 181|time: 3.15s|train_loss 0.00119079|val_loss 0.00021787
Best validation epoch: 181 Tue May 23 17:56:14 2023
TEST MAE 0.2854 | std 0.0786 | RMSE 0.4267 | RMSEs 0.4120 | PCC 0.9008 | PCCs 0.8667 | R2 0.7954 | R2s 0.6779 | Var 0.8041 | Vars 0.7139 | Peak 0.1579
Epoch 182|time: 3.07s|train_loss 0.00120695|val_loss 0.00021791
Epoch 183|time: 3.14s|train_loss 0.00117245|val_loss 0.00023142
Epoch 184|time: 3.13s|train_loss 0.00116229|val_loss 0.00023063
Epoch 185|time: 3.12s|train_loss 0.00111681|val_loss 0.00021778
Best validation epoch: 185 Tue May 23 17:56:27 2023
TEST MAE 0.2693 | std 0.0824 | RMSE 0.4140 | RMSEs 0.3971 | PCC 0.9030 | PCCs 0.8715 | R2 0.8075 | R2s 0.7078 | Var 0.8080 | Vars 0.7207 | Peak 0.1548
Epoch 186|time: 3.20s|train_loss 0.00113115|val_loss 0.00022468
Epoch 187|time: 3.04s|train_loss 0.00114871|val_loss 0.00023704
Epoch 188|time: 3.01s|train_loss 0.00119698|val_loss 0.00022273
Epoch 189|time: 3.11s|train_loss 0.00109552|val_loss 0.00022489
Epoch 190|time: 3.07s|train_loss 0.00112504|val_loss 0.00023505
Epoch 191|time: 3.08s|train_loss 0.00112509|val_loss 0.00021874
Epoch 192|time: 3.09s|train_loss 0.00120749|val_loss 0.00021655
Best validation epoch: 192 Tue May 23 17:56:50 2023
TEST MAE 0.3088 | std 0.0916 | RMSE 0.4545 | RMSEs 0.4355 | PCC 0.9070 | PCCs 0.8827 | R2 0.7680 | R2s 0.6311 | Var 0.8013 | Vars 0.7188 | Peak 0.1659
Epoch 193|time: 3.08s|train_loss 0.00112646|val_loss 0.00022928
Epoch 194|time: 3.09s|train_loss 0.00111471|val_loss 0.00024696
Epoch 195|time: 3.20s|train_loss 0.00110724|val_loss 0.00022107
Epoch 196|time: 3.04s|train_loss 0.00116320|val_loss 0.00021545
Best validation epoch: 196 Tue May 23 17:57:03 2023
TEST MAE 0.2882 | std 0.0908 | RMSE 0.4461 | RMSEs 0.4268 | PCC 0.9017 | PCCs 0.8776 | R2 0.7765 | R2s 0.6474 | Var 0.7890 | Vars 0.6940 | Peak 0.1659
Epoch 197|time: 3.05s|train_loss 0.00111095|val_loss 0.00022596
Epoch 198|time: 3.11s|train_loss 0.00113116|val_loss 0.00023572
Epoch 199|time: 3.05s|train_loss 0.00118008|val_loss 0.00022822
Epoch 200|time: 3.03s|train_loss 0.00148743|val_loss 0.00021228
Best validation epoch: 200 Tue May 23 17:57:16 2023
TEST MAE 0.2834 | std 0.0915 | RMSE 0.4427 | RMSEs 0.4218 | PCC 0.9059 | PCCs 0.8841 | R2 0.7798 | R2s 0.6574 | Var 0.7933 | Vars 0.7028 | Peak 0.1649
Epoch 201|time: 3.07s|train_loss 0.00144542|val_loss 0.00022065
Epoch 202|time: 3.13s|train_loss 0.00138536|val_loss 0.00021632
Epoch 203|time: 3.05s|train_loss 0.00125531|val_loss 0.00022642
Epoch 204|time: 3.09s|train_loss 0.00123234|val_loss 0.00023815
Epoch 205|time: 3.23s|train_loss 0.00119774|val_loss 0.00023355
Epoch 206|time: 3.03s|train_loss 0.00117443|val_loss 0.00021652
Epoch 207|time: 3.03s|train_loss 0.00115185|val_loss 0.00022416
Epoch 208|time: 3.26s|train_loss 0.00117548|val_loss 0.00022816
Epoch 209|time: 3.07s|train_loss 0.00114139|val_loss 0.00021872
Epoch 210|time: 3.05s|train_loss 0.00110993|val_loss 0.00023031
Epoch 211|time: 3.04s|train_loss 0.00112722|val_loss 0.00025509
Epoch 212|time: 3.01s|train_loss 0.00106454|val_loss 0.00023445
Epoch 213|time: 3.09s|train_loss 0.00115958|val_loss 0.00022104
Epoch 214|time: 3.09s|train_loss 0.00115772|val_loss 0.00023762
Epoch 215|time: 3.08s|train_loss 0.00111073|val_loss 0.00022654
Epoch 216|time: 3.05s|train_loss 0.00111974|val_loss 0.00021399
Epoch 217|time: 3.14s|train_loss 0.00108769|val_loss 0.00022500
Epoch 218|time: 3.24s|train_loss 0.00109421|val_loss 0.00022376
Epoch 219|time: 3.03s|train_loss 0.00114383|val_loss 0.00021547
Epoch 220|time: 3.04s|train_loss 0.00121314|val_loss 0.00023740
Epoch 221|time: 3.11s|train_loss 0.00118622|val_loss 0.00026952
Epoch 222|time: 3.09s|train_loss 0.00114864|val_loss 0.00022261
Epoch 223|time: 3.06s|train_loss 0.00114215|val_loss 0.00023613
Epoch 224|time: 3.38s|train_loss 0.00113314|val_loss 0.00025608
Epoch 225|time: 3.12s|train_loss 0.00115170|val_loss 0.00021397
Epoch 226|time: 3.10s|train_loss 0.00105861|val_loss 0.00021903
Epoch 227|time: 3.17s|train_loss 0.00108909|val_loss 0.00021498
Epoch 228|time: 3.09s|train_loss 0.00109531|val_loss 0.00024317
Epoch 229|time: 3.09s|train_loss 0.00105276|val_loss 0.00023840
Epoch 230|time: 3.09s|train_loss 0.00108197|val_loss 0.00021892
Epoch 231|time: 3.35s|train_loss 0.00105091|val_loss 0.00022017
Epoch 232|time: 3.07s|train_loss 0.00106742|val_loss 0.00022874
Epoch 233|time: 3.11s|train_loss 0.00117430|val_loss 0.00026457
Epoch 234|time: 3.16s|train_loss 0.00108495|val_loss 0.00022878
Epoch 235|time: 3.13s|train_loss 0.00108424|val_loss 0.00024421
Epoch 236|time: 3.08s|train_loss 0.00109362|val_loss 0.00023560
Epoch 237|time: 3.13s|train_loss 0.00114248|val_loss 0.00022484
Epoch 238|time: 3.13s|train_loss 0.00110470|val_loss 0.00021499
Epoch 239|time: 3.12s|train_loss 0.00124260|val_loss 0.00022989
Epoch 240|time: 3.21s|train_loss 0.00115366|val_loss 0.00023254
Epoch 241|time: 3.14s|train_loss 0.00120076|val_loss 0.00024437
Epoch 242|time: 3.09s|train_loss 0.00114279|val_loss 0.00022701
Epoch 243|time: 3.19s|train_loss 0.00112051|val_loss 0.00022298
Epoch 244|time: 3.08s|train_loss 0.00109911|val_loss 0.00022626
Epoch 245|time: 3.15s|train_loss 0.00106760|val_loss 0.00023935
Epoch 246|time: 3.05s|train_loss 0.00111405|val_loss 0.00021889
Epoch 247|time: 3.17s|train_loss 0.00104132|val_loss 0.00021866
Epoch 248|time: 3.15s|train_loss 0.00103370|val_loss 0.00025085
Epoch 249|time: 3.18s|train_loss 0.00108339|val_loss 0.00021311
Epoch 250|time: 3.22s|train_loss 0.00106091|val_loss 0.00023023
Epoch 251|time: 3.06s|train_loss 0.00109502|val_loss 0.00023083
Epoch 252|time: 3.05s|train_loss 0.00114108|val_loss 0.00025470
Epoch 253|time: 3.18s|train_loss 0.00110251|val_loss 0.00023748
Epoch 254|time: 3.05s|train_loss 0.00114209|val_loss 0.00021125
Best validation epoch: 254 Tue May 23 18:00:05 2023
TEST MAE 0.2920 | std 0.0913 | RMSE 0.4557 | RMSEs 0.4353 | PCC 0.9015 | PCCs 0.8767 | R2 0.7667 | R2s 0.6319 | Var 0.7844 | Vars 0.6870 | Peak 0.1671
Epoch 255|time: 3.14s|train_loss 0.00103801|val_loss 0.00028498
Epoch 256|time: 3.16s|train_loss 0.00100771|val_loss 0.00023874
Epoch 257|time: 3.06s|train_loss 0.00100438|val_loss 0.00023278
Epoch 258|time: 3.06s|train_loss 0.00104825|val_loss 0.00025435
Epoch 259|time: 3.18s|train_loss 0.00101538|val_loss 0.00026578
Epoch 260|time: 3.13s|train_loss 0.00100298|val_loss 0.00022959
Epoch 261|time: 3.08s|train_loss 0.00100029|val_loss 0.00021243
Epoch 262|time: 3.19s|train_loss 0.00100064|val_loss 0.00021720
Epoch 263|time: 3.10s|train_loss 0.00102041|val_loss 0.00023092
Epoch 264|time: 3.18s|train_loss 0.00106038|val_loss 0.00021439
Epoch 265|time: 3.08s|train_loss 0.00101473|val_loss 0.00021600
Epoch 266|time: 3.11s|train_loss 0.00111096|val_loss 0.00026820
Epoch 267|time: 3.07s|train_loss 0.00106916|val_loss 0.00024774
Epoch 268|time: 3.09s|train_loss 0.00101947|val_loss 0.00023990
Epoch 269|time: 3.30s|train_loss 0.00098834|val_loss 0.00022448
Epoch 270|time: 3.06s|train_loss 0.00098953|val_loss 0.00021475
Epoch 271|time: 3.04s|train_loss 0.00100107|val_loss 0.00021999
Epoch 272|time: 3.12s|train_loss 0.00106168|val_loss 0.00022198
Epoch 273|time: 3.06s|train_loss 0.00100153|val_loss 0.00022485
Epoch 274|time: 3.14s|train_loss 0.00107689|val_loss 0.00021364
Epoch 275|time: 3.07s|train_loss 0.00114412|val_loss 0.00023143
Epoch 276|time: 3.08s|train_loss 0.00115742|val_loss 0.00021570
Epoch 277|time: 3.04s|train_loss 0.00109038|val_loss 0.00022228
Epoch 278|time: 3.16s|train_loss 0.00110611|val_loss 0.00022423
Epoch 279|time: 3.10s|train_loss 0.00113217|val_loss 0.00022220
Epoch 280|time: 3.05s|train_loss 0.00101711|val_loss 0.00022009
Epoch 281|time: 3.03s|train_loss 0.00106385|val_loss 0.00021087
Best validation epoch: 281 Tue May 23 18:01:29 2023
TEST MAE 0.2871 | std 0.0932 | RMSE 0.4571 | RMSEs 0.4336 | PCC 0.9018 | PCCs 0.8826 | R2 0.7653 | R2s 0.6384 | Var 0.7743 | Vars 0.6739 | Peak 0.1708
Epoch 282|time: 3.17s|train_loss 0.00100951|val_loss 0.00023288
Epoch 283|time: 3.15s|train_loss 0.00103124|val_loss 0.00021751
Epoch 284|time: 3.14s|train_loss 0.00099531|val_loss 0.00022911
Epoch 285|time: 3.23s|train_loss 0.00107552|val_loss 0.00021008
Best validation epoch: 285 Tue May 23 18:01:43 2023
TEST MAE 0.2884 | std 0.0909 | RMSE 0.4629 | RMSEs 0.4413 | PCC 0.8978 | PCCs 0.8723 | R2 0.7592 | R2s 0.6185 | Var 0.7725 | Vars 0.6650 | Peak 0.1694
Epoch 286|time: 3.09s|train_loss 0.00099441|val_loss 0.00022630
Epoch 287|time: 3.18s|train_loss 0.00101088|val_loss 0.00021391
Epoch 288|time: 3.18s|train_loss 0.00099417|val_loss 0.00021744
Epoch 289|time: 3.10s|train_loss 0.00107734|val_loss 0.00021807
Epoch 290|time: 3.08s|train_loss 0.00110925|val_loss 0.00023341
Epoch 291|time: 3.14s|train_loss 0.00131601|val_loss 0.00022586
Epoch 292|time: 3.15s|train_loss 0.00120776|val_loss 0.00021563
Epoch 293|time: 3.04s|train_loss 0.00109676|val_loss 0.00022340
Epoch 294|time: 3.32s|train_loss 0.00110605|val_loss 0.00021696
Epoch 295|time: 3.09s|train_loss 0.00110598|val_loss 0.00025370
Epoch 296|time: 3.16s|train_loss 0.00112844|val_loss 0.00020854
Best validation epoch: 296 Tue May 23 18:02:18 2023
TEST MAE 0.3002 | std 0.0912 | RMSE 0.4741 | RMSEs 0.4526 | PCC 0.8978 | PCCs 0.8781 | R2 0.7475 | R2s 0.5878 | Var 0.7716 | Vars 0.6691 | Peak 0.1778
Epoch 297|time: 3.10s|train_loss 0.00103654|val_loss 0.00021964
Epoch 298|time: 3.08s|train_loss 0.00100201|val_loss 0.00023941
Epoch 299|time: 3.08s|train_loss 0.00101549|val_loss 0.00021309
Epoch 300|time: 3.22s|train_loss 0.00098085|val_loss 0.00021694
Epoch 301|time: 3.08s|train_loss 0.00099806|val_loss 0.00022350
Epoch 302|time: 3.09s|train_loss 0.00099690|val_loss 0.00026007
Epoch 303|time: 3.14s|train_loss 0.00099442|val_loss 0.00025395
Epoch 304|time: 3.14s|train_loss 0.00099805|val_loss 0.00021626
Epoch 305|time: 3.15s|train_loss 0.00103415|val_loss 0.00021828
Epoch 306|time: 3.07s|train_loss 0.00107885|val_loss 0.00025839
Epoch 307|time: 3.12s|train_loss 0.00100638|val_loss 0.00022412
Epoch 308|time: 3.06s|train_loss 0.00100933|val_loss 0.00022749
Epoch 309|time: 3.04s|train_loss 0.00100605|val_loss 0.00021752
Epoch 310|time: 3.36s|train_loss 0.00098640|val_loss 0.00022131
Epoch 311|time: 3.07s|train_loss 0.00102479|val_loss 0.00021064
Epoch 312|time: 3.07s|train_loss 0.00102622|val_loss 0.00028310
Epoch 313|time: 3.13s|train_loss 0.00104914|val_loss 0.00023034
Epoch 314|time: 3.19s|train_loss 0.00105973|val_loss 0.00021259
Epoch 315|time: 3.06s|train_loss 0.00098147|val_loss 0.00023059
Epoch 316|time: 3.18s|train_loss 0.00101742|val_loss 0.00021768
Epoch 317|time: 3.04s|train_loss 0.00111299|val_loss 0.00020813
Best validation epoch: 317 Tue May 23 18:03:24 2023
TEST MAE 0.3245 | std 0.1021 | RMSE 0.5108 | RMSEs 0.4875 | PCC 0.8924 | PCCs 0.8730 | R2 0.7070 | R2s 0.5177 | Var 0.7364 | Vars 0.6088 | Peak 0.1916
Epoch 318|time: 3.14s|train_loss 0.00110085|val_loss 0.00022940
Epoch 319|time: 3.15s|train_loss 0.00104189|val_loss 0.00021354
Epoch 320|time: 3.03s|train_loss 0.00102578|val_loss 0.00021861
Epoch 321|time: 3.09s|train_loss 0.00100604|val_loss 0.00024100
Epoch 322|time: 3.07s|train_loss 0.00100262|val_loss 0.00021168
Epoch 323|time: 3.05s|train_loss 0.00098588|val_loss 0.00021327
Epoch 324|time: 3.15s|train_loss 0.00097562|val_loss 0.00020952
Epoch 325|time: 3.05s|train_loss 0.00097200|val_loss 0.00021984
Epoch 326|time: 3.19s|train_loss 0.00094097|val_loss 0.00021571
Epoch 327|time: 3.04s|train_loss 0.00098242|val_loss 0.00025561
Epoch 328|time: 3.10s|train_loss 0.00107179|val_loss 0.00023017
Epoch 329|time: 3.24s|train_loss 0.00095056|val_loss 0.00023103
Epoch 330|time: 3.09s|train_loss 0.00095451|val_loss 0.00022446
Epoch 331|time: 3.08s|train_loss 0.00097793|val_loss 0.00020729
Best validation epoch: 331 Tue May 23 18:04:09 2023
TEST MAE 0.3321 | std 0.1051 | RMSE 0.5277 | RMSEs 0.5028 | PCC 0.8921 | PCCs 0.8715 | R2 0.6872 | R2s 0.4884 | Var 0.7250 | Vars 0.5909 | Peak 0.1997
Epoch 332|time: 3.19s|train_loss 0.00099059|val_loss 0.00021929
Epoch 333|time: 3.09s|train_loss 0.00096891|val_loss 0.00020905
Epoch 334|time: 3.08s|train_loss 0.00094379|val_loss 0.00021434
Epoch 335|time: 3.14s|train_loss 0.00102207|val_loss 0.00022479
Epoch 336|time: 3.06s|train_loss 0.00095280|val_loss 0.00021589
Epoch 337|time: 3.16s|train_loss 0.00093485|val_loss 0.00020834
Epoch 338|time: 3.05s|train_loss 0.00095450|val_loss 0.00021428
Epoch 339|time: 3.06s|train_loss 0.00101818|val_loss 0.00020507
Best validation epoch: 339 Tue May 23 18:04:34 2023
TEST MAE 0.4159 | std 0.1348 | RMSE 0.6391 | RMSEs 0.6092 | PCC 0.8767 | PCCs 0.8501 | R2 0.5412 | R2s 0.2274 | Var 0.6374 | Vars 0.4463 | Peak 0.2404
Epoch 340|time: 3.14s|train_loss 0.00098248|val_loss 0.00023296
Epoch 341|time: 3.07s|train_loss 0.00103525|val_loss 0.00024962
Epoch 342|time: 3.14s|train_loss 0.00109478|val_loss 0.00022702
Epoch 343|time: 3.04s|train_loss 0.00122073|val_loss 0.00022612
Epoch 344|time: 3.07s|train_loss 0.00112257|val_loss 0.00026794
Epoch 345|time: 3.09s|train_loss 0.00100775|val_loss 0.00023736
Epoch 346|time: 3.11s|train_loss 0.00111411|val_loss 0.00021446
Epoch 347|time: 3.05s|train_loss 0.00123136|val_loss 0.00028309
Epoch 348|time: 3.32s|train_loss 0.00128048|val_loss 0.00033674
Epoch 349|time: 3.11s|train_loss 0.00113155|val_loss 0.00030771
Epoch 350|time: 3.21s|train_loss 0.00107649|val_loss 0.00024891
Epoch 351|time: 3.18s|train_loss 0.00116847|val_loss 0.00024507
Epoch 352|time: 3.12s|train_loss 0.00108578|val_loss 0.00025062
Epoch 353|time: 3.14s|train_loss 0.00098717|val_loss 0.00023976
Epoch 354|time: 3.09s|train_loss 0.00102009|val_loss 0.00023336
Epoch 355|time: 3.10s|train_loss 0.00100995|val_loss 0.00023589
Epoch 356|time: 3.16s|train_loss 0.00096212|val_loss 0.00023194
Epoch 357|time: 3.05s|train_loss 0.00095609|val_loss 0.00021160
Epoch 358|time: 3.13s|train_loss 0.00097528|val_loss 0.00022773
Epoch 359|time: 3.08s|train_loss 0.00093229|val_loss 0.00022712
Epoch 360|time: 3.18s|train_loss 0.00097334|val_loss 0.00025079
Epoch 361|time: 3.16s|train_loss 0.00097516|val_loss 0.00033383
Epoch 362|time: 3.02s|train_loss 0.00097426|val_loss 0.00028322
Epoch 363|time: 3.08s|train_loss 0.00099052|val_loss 0.00022524
Epoch 364|time: 3.14s|train_loss 0.00096206|val_loss 0.00024341
Epoch 365|time: 3.06s|train_loss 0.00099854|val_loss 0.00021937
Epoch 366|time: 3.07s|train_loss 0.00103327|val_loss 0.00021965
Epoch 367|time: 3.13s|train_loss 0.00103842|val_loss 0.00021582
Epoch 368|time: 3.07s|train_loss 0.00099949|val_loss 0.00021216
Epoch 369|time: 3.07s|train_loss 0.00097343|val_loss 0.00022943
Epoch 370|time: 3.26s|train_loss 0.00103460|val_loss 0.00020788
Epoch 371|time: 3.09s|train_loss 0.00097783|val_loss 0.00022037
Epoch 372|time: 3.08s|train_loss 0.00103217|val_loss 0.00022872
Epoch 373|time: 3.11s|train_loss 0.00098706|val_loss 0.00022347
Epoch 374|time: 3.16s|train_loss 0.00096391|val_loss 0.00024747
Epoch 375|time: 3.12s|train_loss 0.00095084|val_loss 0.00021809
Epoch 376|time: 3.07s|train_loss 0.00092431|val_loss 0.00020831
Epoch 377|time: 3.14s|train_loss 0.00098194|val_loss 0.00021603
Epoch 378|time: 3.15s|train_loss 0.00105914|val_loss 0.00023805
Epoch 379|time: 3.07s|train_loss 0.00106767|val_loss 0.00023304
Epoch 380|time: 3.05s|train_loss 0.00104324|val_loss 0.00024390
Epoch 381|time: 3.05s|train_loss 0.00102571|val_loss 0.00021721
Epoch 382|time: 3.06s|train_loss 0.00098451|val_loss 0.00021050
Epoch 383|time: 3.24s|train_loss 0.00096795|val_loss 0.00020898
Epoch 384|time: 3.05s|train_loss 0.00091861|val_loss 0.00021893
Epoch 385|time: 3.04s|train_loss 0.00091804|val_loss 0.00024072
Epoch 386|time: 3.08s|train_loss 0.00097096|val_loss 0.00020251
Best validation epoch: 386 Tue May 23 18:07:01 2023
TEST MAE 0.3670 | std 0.1195 | RMSE 0.6020 | RMSEs 0.5707 | PCC 0.8844 | PCCs 0.8682 | R2 0.5929 | R2s 0.3252 | Var 0.6655 | Vars 0.5023 | Peak 0.2312
Epoch 387|time: 3.08s|train_loss 0.00094870|val_loss 0.00021873
Epoch 388|time: 3.12s|train_loss 0.00092699|val_loss 0.00024734
Epoch 389|time: 3.07s|train_loss 0.00091596|val_loss 0.00020606
Epoch 390|time: 3.06s|train_loss 0.00090619|val_loss 0.00020811
Epoch 391|time: 3.09s|train_loss 0.00093778|val_loss 0.00020761
Epoch 392|time: 3.12s|train_loss 0.00094202|val_loss 0.00021715
Epoch 393|time: 3.33s|train_loss 0.00091875|val_loss 0.00020669
Epoch 394|time: 3.22s|train_loss 0.00095672|val_loss 0.00020722
Epoch 395|time: 3.07s|train_loss 0.00103854|val_loss 0.00021269
Epoch 396|time: 3.23s|train_loss 0.00096851|val_loss 0.00021422
Epoch 397|time: 3.09s|train_loss 0.00098107|val_loss 0.00020627
Epoch 398|time: 3.10s|train_loss 0.00096914|val_loss 0.00022643
Epoch 399|time: 3.15s|train_loss 0.00100171|val_loss 0.00021064
Epoch 400|time: 3.09s|train_loss 0.00088734|val_loss 0.00021045
Epoch 401|time: 3.05s|train_loss 0.00092005|val_loss 0.00022723
Epoch 402|time: 3.23s|train_loss 0.00092934|val_loss 0.00020496
Epoch 403|time: 3.02s|train_loss 0.00092480|val_loss 0.00021896
Epoch 404|time: 3.06s|train_loss 0.00089589|val_loss 0.00021486
Epoch 405|time: 3.09s|train_loss 0.00089277|val_loss 0.00020062
Best validation epoch: 405 Tue May 23 18:08:01 2023
TEST MAE 0.3200 | std 0.1001 | RMSE 0.5336 | RMSEs 0.5083 | PCC 0.8809 | PCCs 0.8540 | R2 0.6802 | R2s 0.4814 | Var 0.7032 | Vars 0.5512 | Peak 0.1989
Epoch 406|time: 3.07s|train_loss 0.00087945|val_loss 0.00021619
Epoch 407|time: 3.06s|train_loss 0.00089548|val_loss 0.00021567
Epoch 408|time: 3.15s|train_loss 0.00091270|val_loss 0.00020219
Epoch 409|time: 3.03s|train_loss 0.00087973|val_loss 0.00021222
Epoch 410|time: 3.16s|train_loss 0.00092225|val_loss 0.00021643
Epoch 411|time: 3.03s|train_loss 0.00098806|val_loss 0.00020999
Epoch 412|time: 3.13s|train_loss 0.00096205|val_loss 0.00021985
Epoch 413|time: 3.07s|train_loss 0.00087990|val_loss 0.00020926
Epoch 414|time: 3.08s|train_loss 0.00090945|val_loss 0.00020579
Epoch 415|time: 3.30s|train_loss 0.00094340|val_loss 0.00020229
Epoch 416|time: 3.13s|train_loss 0.00092135|val_loss 0.00020564
Epoch 417|time: 3.05s|train_loss 0.00095723|val_loss 0.00022401
Epoch 418|time: 3.21s|train_loss 0.00100247|val_loss 0.00022451
Epoch 419|time: 3.04s|train_loss 0.00104218|val_loss 0.00020870
Epoch 420|time: 3.14s|train_loss 0.00099339|val_loss 0.00021611
Epoch 421|time: 3.09s|train_loss 0.00104540|val_loss 0.00020171
Epoch 422|time: 3.03s|train_loss 0.00109154|val_loss 0.00020182
Epoch 423|time: 3.07s|train_loss 0.00099306|val_loss 0.00020316
Epoch 424|time: 3.09s|train_loss 0.00104285|val_loss 0.00020785
Epoch 425|time: 3.07s|train_loss 0.00105145|val_loss 0.00020469
Epoch 426|time: 3.09s|train_loss 0.00106970|val_loss 0.00020637
Epoch 427|time: 3.05s|train_loss 0.00102666|val_loss 0.00020478
Epoch 428|time: 3.14s|train_loss 0.00104909|val_loss 0.00019954
Best validation epoch: 428 Tue May 23 18:09:13 2023
TEST MAE 0.3366 | std 0.1128 | RMSE 0.5652 | RMSEs 0.5348 | PCC 0.8853 | PCCs 0.8686 | R2 0.6412 | R2s 0.4180 | Var 0.6793 | Vars 0.5207 | Peak 0.2169
Epoch 429|time: 3.04s|train_loss 0.00103257|val_loss 0.00020276
Epoch 430|time: 3.04s|train_loss 0.00102857|val_loss 0.00020515
Epoch 431|time: 3.11s|train_loss 0.00101945|val_loss 0.00020906
Epoch 432|time: 3.04s|train_loss 0.00099881|val_loss 0.00026841
Epoch 433|time: 3.12s|train_loss 0.00104015|val_loss 0.00021219
Epoch 434|time: 3.17s|train_loss 0.00096369|val_loss 0.00020492
Epoch 435|time: 3.03s|train_loss 0.00100177|val_loss 0.00021078
Epoch 436|time: 3.03s|train_loss 0.00098805|val_loss 0.00023634
Epoch 437|time: 3.09s|train_loss 0.00103473|val_loss 0.00021239
Epoch 438|time: 3.14s|train_loss 0.00095565|val_loss 0.00023407
Epoch 439|time: 3.09s|train_loss 0.00098115|val_loss 0.00021743
Epoch 440|time: 3.09s|train_loss 0.00099691|val_loss 0.00021146
Epoch 441|time: 3.10s|train_loss 0.00098963|val_loss 0.00020362
Epoch 442|time: 3.13s|train_loss 0.00091836|val_loss 0.00020057
Epoch 443|time: 3.06s|train_loss 0.00095919|val_loss 0.00022423
Epoch 444|time: 3.29s|train_loss 0.00092572|val_loss 0.00021386
Epoch 445|time: 3.08s|train_loss 0.00096217|val_loss 0.00020609
Epoch 446|time: 3.09s|train_loss 0.00101274|val_loss 0.00021690
Epoch 447|time: 3.37s|train_loss 0.00099485|val_loss 0.00020775
Epoch 448|time: 3.11s|train_loss 0.00091897|val_loss 0.00020843
Epoch 449|time: 3.10s|train_loss 0.00085581|val_loss 0.00021321
Epoch 450|time: 3.10s|train_loss 0.00088719|val_loss 0.00020067
Epoch 451|time: 3.08s|train_loss 0.00087741|val_loss 0.00021198
Epoch 452|time: 3.16s|train_loss 0.00089187|val_loss 0.00020347
Epoch 453|time: 3.10s|train_loss 0.00085197|val_loss 0.00020281
Epoch 454|time: 3.08s|train_loss 0.00088229|val_loss 0.00020750
Epoch 455|time: 3.05s|train_loss 0.00089206|val_loss 0.00020385
Epoch 456|time: 3.16s|train_loss 0.00094258|val_loss 0.00020682
Epoch 457|time: 3.07s|train_loss 0.00099469|val_loss 0.00021259
Epoch 458|time: 3.08s|train_loss 0.00094512|val_loss 0.00021805
Epoch 459|time: 3.09s|train_loss 0.00096846|val_loss 0.00021109
Epoch 460|time: 3.16s|train_loss 0.00090561|val_loss 0.00021020
Epoch 461|time: 3.11s|train_loss 0.00111612|val_loss 0.00021614
Epoch 462|time: 3.06s|train_loss 0.00093244|val_loss 0.00022890
Epoch 463|time: 3.06s|train_loss 0.00096787|val_loss 0.00020920
Epoch 464|time: 3.04s|train_loss 0.00093227|val_loss 0.00023841
Epoch 465|time: 3.15s|train_loss 0.00098918|val_loss 0.00027346
Epoch 466|time: 3.13s|train_loss 0.00096731|val_loss 0.00025395
Epoch 467|time: 3.10s|train_loss 0.00098669|val_loss 0.00032452
Epoch 468|time: 3.06s|train_loss 0.00093635|val_loss 0.00024359
Epoch 469|time: 3.11s|train_loss 0.00091996|val_loss 0.00023130
Epoch 470|time: 3.16s|train_loss 0.00088616|val_loss 0.00023737
Epoch 471|time: 3.04s|train_loss 0.00088463|val_loss 0.00023430
Epoch 472|time: 3.05s|train_loss 0.00085226|val_loss 0.00020953
Epoch 473|time: 3.12s|train_loss 0.00082484|val_loss 0.00021570
Epoch 474|time: 3.08s|train_loss 0.00085089|val_loss 0.00020291
Epoch 475|time: 3.20s|train_loss 0.00087487|val_loss 0.00020362
Epoch 476|time: 3.15s|train_loss 0.00084041|val_loss 0.00020731
Epoch 477|time: 3.05s|train_loss 0.00090015|val_loss 0.00020661
Epoch 478|time: 3.03s|train_loss 0.00089191|val_loss 0.00020800
Epoch 479|time: 3.30s|train_loss 0.00093309|val_loss 0.00020398
Epoch 480|time: 3.20s|train_loss 0.00089222|val_loss 0.00020682
Epoch 481|time: 3.04s|train_loss 0.00093472|val_loss 0.00020748
Epoch 482|time: 3.16s|train_loss 0.00089988|val_loss 0.00021342
Epoch 483|time: 3.03s|train_loss 0.00090037|val_loss 0.00020297
Epoch 484|time: 3.13s|train_loss 0.00087420|val_loss 0.00021365
Epoch 485|time: 3.10s|train_loss 0.00087901|val_loss 0.00020372
Epoch 486|time: 3.11s|train_loss 0.00083219|val_loss 0.00020187
Epoch 487|time: 3.08s|train_loss 0.00084264|val_loss 0.00020759
Epoch 488|time: 3.14s|train_loss 0.00098758|val_loss 0.00019860
Best validation epoch: 488 Tue May 23 18:12:20 2023
TEST MAE 0.3855 | std 0.1308 | RMSE 0.6481 | RMSEs 0.6137 | PCC 0.8742 | PCCs 0.8554 | R2 0.5282 | R2s 0.2234 | Var 0.5964 | Vars 0.3855 | Peak 0.2477
Epoch 489|time: 3.11s|train_loss 0.00114484|val_loss 0.00020641
Epoch 490|time: 3.09s|train_loss 0.00097073|val_loss 0.00022593
Epoch 491|time: 3.07s|train_loss 0.00086611|val_loss 0.00020406
Epoch 492|time: 3.10s|train_loss 0.00090326|val_loss 0.00021017
Epoch 493|time: 3.07s|train_loss 0.00089598|val_loss 0.00020486
Epoch 494|time: 3.13s|train_loss 0.00087235|val_loss 0.00020815
Epoch 495|time: 3.08s|train_loss 0.00092137|val_loss 0.00020544
Epoch 496|time: 3.07s|train_loss 0.00087301|val_loss 0.00020267
Epoch 497|time: 3.07s|train_loss 0.00086299|val_loss 0.00021819
Epoch 498|time: 3.17s|train_loss 0.00087744|val_loss 0.00020734
Epoch 499|time: 3.04s|train_loss 0.00082108|val_loss 0.00021144
Epoch 500|time: 3.13s|train_loss 0.00091222|val_loss 0.00020910
Final evaluation
TEST MAE 0.3855 | std 0.1308 | RMSE 0.6481 | RMSEs 0.6137 | PCC 0.8742 | PCCs 0.8554 | R2 0.5282 | R2s 0.2234 | Var 0.5964 | Vars 0.3855 | Peak 0.2477
