--------Parameters--------
Namespace(batch=32, bi=False, check_point=1, cuda=False, dataset='us_hhs', dropout=0.2, epilambda=0.1, epochs=500, gpu=3, hidsp=15, horizon=2, k=10, lamda=0.01, lr=0.1, model='cola_gnn_epi', mylog=False, n_hidden=30, n_layer=1, patience=200, rnn_model='RNN', save_dir='save', seed=42, shuffle=False, sim_mat='us_hhs-adj', test=0.2, train=0.6, val=0.2, weight_decay=0.0005, window=20)
--------------------------
data shape (364, 10)
size of train/val/test sets 197 73 73
#params: 9885
begin training
Epoch   1|time: 3.49s|train_loss 0.00719969|val_loss 0.00641892
Best validation epoch: 1 Tue May 23 12:09:52 2023
TEST MAE 8.3326 | std 2.4354 | RMSE 8.7685 | RMSEs 8.4207 | PCC 0.3626 | PCCs -0.5775 | R2 -85.3700 | R2s -139.3476 | Var -7.3738 | Vars -1.7004 | Peak 2.6513
Epoch   2|time: 3.61s|train_loss 0.00346804|val_loss 0.00054804
Best validation epoch: 2 Tue May 23 12:09:56 2023
TEST MAE 0.6956 | std 0.2735 | RMSE 1.0220 | RMSEs 0.9613 | PCC 0.5035 | PCCs -0.8025 | R2 -0.1734 | R2s -0.6007 | Var 0.2111 | Vars -0.0097 | Peak 0.5136
Epoch   3|time: 3.57s|train_loss 0.00179979|val_loss 0.00094817
Epoch   4|time: 3.97s|train_loss 0.00282041|val_loss 0.00055506
Epoch   5|time: 3.59s|train_loss 0.00198432|val_loss 0.00189799
Epoch   6|time: 3.50s|train_loss 0.00203429|val_loss 0.00112499
Epoch   7|time: 3.61s|train_loss 0.00218039|val_loss 0.00049302
Best validation epoch: 7 Tue May 23 12:10:15 2023
TEST MAE 0.5100 | std 0.1273 | RMSE 0.6635 | RMSEs 0.6372 | PCC 0.7402 | PCCs 0.7861 | R2 0.5055 | R2s 0.2634 | Var 0.5212 | Vars 0.4412 | Peak 0.2142
Epoch   8|time: 3.50s|train_loss 0.00164108|val_loss 0.00038791
Best validation epoch: 8 Tue May 23 12:10:20 2023
TEST MAE 0.4039 | std 0.1673 | RMSE 0.5957 | RMSEs 0.5524 | PCC 0.7922 | PCCs 0.8085 | R2 0.6013 | R2s 0.4465 | Var 0.6015 | Vars 0.5534 | Peak 0.2295
Epoch   9|time: 3.58s|train_loss 0.00204808|val_loss 0.00246321
Epoch  10|time: 3.49s|train_loss 0.00250164|val_loss 0.00151601
Epoch  11|time: 3.63s|train_loss 0.00187669|val_loss 0.00172246
Epoch  12|time: 3.64s|train_loss 0.00220246|val_loss 0.00067745
Epoch  13|time: 3.44s|train_loss 0.00181282|val_loss 0.00056998
Epoch  14|time: 3.57s|train_loss 0.00158601|val_loss 0.00053256
Epoch  15|time: 3.82s|train_loss 0.00158938|val_loss 0.00060711
Epoch  16|time: 3.56s|train_loss 0.00139946|val_loss 0.00415722
Epoch  17|time: 3.64s|train_loss 0.00468530|val_loss 0.01147399
Epoch  18|time: 3.53s|train_loss 0.00515644|val_loss 0.00197288
Epoch  19|time: 3.53s|train_loss 0.00217789|val_loss 0.00080789
Epoch  20|time: 3.71s|train_loss 0.00180427|val_loss 0.00050795
Epoch  21|time: 3.75s|train_loss 0.00226861|val_loss 0.00266328
Epoch  22|time: 3.52s|train_loss 0.00333622|val_loss 0.00047901
Epoch  23|time: 3.63s|train_loss 0.00239226|val_loss 0.00073165
Epoch  24|time: 3.52s|train_loss 0.00155876|val_loss 0.00110359
Epoch  25|time: 3.53s|train_loss 0.00193670|val_loss 0.00103340
Epoch  26|time: 3.68s|train_loss 0.00207827|val_loss 0.00051788
Epoch  27|time: 3.52s|train_loss 0.00185308|val_loss 0.00049508
Epoch  28|time: 3.48s|train_loss 0.00195628|val_loss 0.00071564
Epoch  29|time: 3.67s|train_loss 0.00146115|val_loss 0.00037422
Best validation epoch: 29 Tue May 23 12:11:36 2023
TEST MAE 0.3827 | std 0.1345 | RMSE 0.5502 | RMSEs 0.5100 | PCC 0.8316 | PCCs 0.8483 | R2 0.6599 | R2s 0.5495 | Var 0.6629 | Vars 0.6466 | Peak 0.2108
Epoch  30|time: 3.53s|train_loss 0.00141474|val_loss 0.00074492
Epoch  31|time: 3.66s|train_loss 0.00153671|val_loss 0.00086538
Epoch  32|time: 3.54s|train_loss 0.00148704|val_loss 0.00049010
Epoch  33|time: 3.56s|train_loss 0.00153542|val_loss 0.00088597
Epoch  34|time: 3.64s|train_loss 0.00189382|val_loss 0.00158916
Epoch  35|time: 3.54s|train_loss 0.00205630|val_loss 0.00088599
Epoch  36|time: 3.47s|train_loss 0.00161128|val_loss 0.00176614
Epoch  37|time: 3.80s|train_loss 0.00189681|val_loss 0.00103150
Epoch  38|time: 3.47s|train_loss 0.00180484|val_loss 0.00186479
Epoch  39|time: 3.60s|train_loss 0.00205483|val_loss 0.00088851
Epoch  40|time: 3.53s|train_loss 0.00162749|val_loss 0.00044035
Epoch  41|time: 3.51s|train_loss 0.00142884|val_loss 0.00062015
Epoch  42|time: 3.61s|train_loss 0.00139522|val_loss 0.00079516
Epoch  43|time: 3.61s|train_loss 0.00186315|val_loss 0.00035695
Best validation epoch: 43 Tue May 23 12:12:27 2023
TEST MAE 0.3885 | std 0.2109 | RMSE 0.6316 | RMSEs 0.5634 | PCC 0.8482 | PCCs 0.8696 | R2 0.5519 | R2s 0.4558 | Var 0.6427 | Vars 0.6315 | Peak 0.2677
Epoch  44|time: 3.54s|train_loss 0.00208778|val_loss 0.00224268
Epoch  45|time: 3.58s|train_loss 0.00256936|val_loss 0.00234324
Epoch  46|time: 3.51s|train_loss 0.00286345|val_loss 0.00395444
Epoch  47|time: 3.62s|train_loss 0.00364338|val_loss 0.00114586
Epoch  48|time: 3.67s|train_loss 0.00226254|val_loss 0.00191888
Epoch  49|time: 3.52s|train_loss 0.00257033|val_loss 0.00212720
Epoch  50|time: 3.59s|train_loss 0.00228208|val_loss 0.00168961
Epoch  51|time: 3.52s|train_loss 0.00180654|val_loss 0.00062810
Epoch  52|time: 3.54s|train_loss 0.00182141|val_loss 0.00054796
Epoch  53|time: 3.52s|train_loss 0.00213652|val_loss 0.00203138
Epoch  54|time: 3.67s|train_loss 0.00218489|val_loss 0.00062285
Epoch  55|time: 3.51s|train_loss 0.00155757|val_loss 0.00087710
Epoch  56|time: 3.64s|train_loss 0.00186143|val_loss 0.00170473
Epoch  57|time: 3.60s|train_loss 0.00204680|val_loss 0.00059577
Epoch  58|time: 3.45s|train_loss 0.00217089|val_loss 0.00187251
Epoch  59|time: 3.68s|train_loss 0.00242685|val_loss 0.00217744
Epoch  60|time: 3.50s|train_loss 0.00233415|val_loss 0.00150553
Epoch  61|time: 3.54s|train_loss 0.00192633|val_loss 0.00043416
Epoch  62|time: 3.62s|train_loss 0.00139217|val_loss 0.00064618
Epoch  63|time: 3.51s|train_loss 0.00181882|val_loss 0.00056049
Epoch  64|time: 3.54s|train_loss 0.00207300|val_loss 0.00236517
Epoch  65|time: 3.59s|train_loss 0.00251402|val_loss 0.00170901
Epoch  66|time: 3.55s|train_loss 0.00180054|val_loss 0.00089661
Epoch  67|time: 3.58s|train_loss 0.00168564|val_loss 0.00065220
Epoch  68|time: 3.49s|train_loss 0.00169504|val_loss 0.00086849
Epoch  69|time: 3.48s|train_loss 0.00146719|val_loss 0.00039755
Epoch  70|time: 3.57s|train_loss 0.00166921|val_loss 0.00156562
Epoch  71|time: 3.85s|train_loss 0.00197104|val_loss 0.00142830
Epoch  72|time: 3.52s|train_loss 0.00192950|val_loss 0.00066709
Epoch  73|time: 3.56s|train_loss 0.00177369|val_loss 0.00176389
Epoch  74|time: 3.53s|train_loss 0.00205164|val_loss 0.00091071
Epoch  75|time: 3.58s|train_loss 0.00196181|val_loss 0.00078536
Epoch  76|time: 3.68s|train_loss 0.00163412|val_loss 0.00054049
Epoch  77|time: 3.50s|train_loss 0.00166753|val_loss 0.00077259
Epoch  78|time: 3.49s|train_loss 0.00144378|val_loss 0.00045214
Epoch  79|time: 3.76s|train_loss 0.00146314|val_loss 0.00123660
Epoch  80|time: 3.50s|train_loss 0.00173290|val_loss 0.00039619
Epoch  81|time: 3.65s|train_loss 0.00138763|val_loss 0.00038959
Epoch  82|time: 3.49s|train_loss 0.00178788|val_loss 0.00090871
Epoch  83|time: 3.52s|train_loss 0.00191907|val_loss 0.00076943
Epoch  84|time: 3.51s|train_loss 0.00183187|val_loss 0.00061292
Epoch  85|time: 3.57s|train_loss 0.00186970|val_loss 0.00090170
Epoch  86|time: 3.48s|train_loss 0.00185987|val_loss 0.00209366
Epoch  87|time: 3.59s|train_loss 0.00255687|val_loss 0.00170633
Epoch  88|time: 3.62s|train_loss 0.00233474|val_loss 0.00133810
Epoch  89|time: 3.58s|train_loss 0.00184139|val_loss 0.00055627
Epoch  90|time: 3.59s|train_loss 0.00151444|val_loss 0.00046251
Epoch  91|time: 3.53s|train_loss 0.00142170|val_loss 0.00077997
Epoch  92|time: 3.44s|train_loss 0.00140433|val_loss 0.00033867
Best validation epoch: 92 Tue May 23 12:15:22 2023
TEST MAE 0.3805 | std 0.1093 | RMSE 0.5168 | RMSEs 0.4915 | PCC 0.8388 | PCCs 0.8492 | R2 0.7000 | R2s 0.5566 | Var 0.7036 | Vars 0.6903 | Peak 0.1898
Epoch  93|time: 3.58s|train_loss 0.00142437|val_loss 0.00082703
Epoch  94|time: 3.53s|train_loss 0.00178344|val_loss 0.00105332
Epoch  95|time: 3.62s|train_loss 0.00148071|val_loss 0.00041669
Epoch  96|time: 3.44s|train_loss 0.00155546|val_loss 0.00086752
Epoch  97|time: 3.54s|train_loss 0.00208721|val_loss 0.00170734
Epoch  98|time: 3.61s|train_loss 0.00232641|val_loss 0.00298519
Epoch  99|time: 3.49s|train_loss 0.00274078|val_loss 0.00149956
Epoch 100|time: 3.51s|train_loss 0.00177644|val_loss 0.00074877
Epoch 101|time: 3.51s|train_loss 0.00154053|val_loss 0.00071483
Epoch 102|time: 3.57s|train_loss 0.00155967|val_loss 0.00107296
Epoch 103|time: 3.69s|train_loss 0.00181367|val_loss 0.00036635
Epoch 104|time: 3.78s|train_loss 0.00145156|val_loss 0.00059458
Epoch 105|time: 3.56s|train_loss 0.00176730|val_loss 0.00056887
Epoch 106|time: 3.59s|train_loss 0.00166856|val_loss 0.00143589
Epoch 107|time: 3.61s|train_loss 0.00243768|val_loss 0.00223225
Epoch 108|time: 3.49s|train_loss 0.00264931|val_loss 0.00255392
Epoch 109|time: 3.66s|train_loss 0.00269821|val_loss 0.00156518
Epoch 110|time: 3.47s|train_loss 0.00198949|val_loss 0.00142351
Epoch 111|time: 3.55s|train_loss 0.00184664|val_loss 0.00117598
Epoch 112|time: 3.68s|train_loss 0.00195909|val_loss 0.00040646
Epoch 113|time: 3.55s|train_loss 0.00193545|val_loss 0.00193582
Epoch 114|time: 3.59s|train_loss 0.00242861|val_loss 0.00070429
Epoch 115|time: 3.54s|train_loss 0.00231811|val_loss 0.00144653
Epoch 116|time: 3.53s|train_loss 0.00200914|val_loss 0.00078144
Epoch 117|time: 3.57s|train_loss 0.00153931|val_loss 0.00043030
Epoch 118|time: 3.63s|train_loss 0.00147315|val_loss 0.00034412
Epoch 119|time: 3.50s|train_loss 0.00141625|val_loss 0.00088151
Epoch 120|time: 3.60s|train_loss 0.00143420|val_loss 0.00063263
Epoch 121|time: 3.63s|train_loss 0.00152202|val_loss 0.00047551
Epoch 122|time: 3.51s|train_loss 0.00139420|val_loss 0.00035490
Epoch 123|time: 3.79s|train_loss 0.00137657|val_loss 0.00039800
Epoch 124|time: 3.56s|train_loss 0.00138991|val_loss 0.00048460
Epoch 125|time: 3.57s|train_loss 0.00135524|val_loss 0.00127823
Epoch 126|time: 3.69s|train_loss 0.00226567|val_loss 0.00149198
Epoch 127|time: 3.47s|train_loss 0.00207067|val_loss 0.00077801
Epoch 128|time: 3.55s|train_loss 0.00171618|val_loss 0.00113348
Epoch 129|time: 3.38s|train_loss 0.00176061|val_loss 0.00157880
Epoch 130|time: 2.29s|train_loss 0.00236898|val_loss 0.00171449
Epoch 131|time: 2.35s|train_loss 0.00226195|val_loss 0.00114573
Epoch 132|time: 2.28s|train_loss 0.00220112|val_loss 0.00192942
Epoch 133|time: 2.18s|train_loss 0.00197469|val_loss 0.00102958
Epoch 134|time: 2.13s|train_loss 0.00201836|val_loss 0.00080368
Epoch 135|time: 2.43s|train_loss 0.00138105|val_loss 0.00036235
Epoch 136|time: 2.14s|train_loss 0.00138085|val_loss 0.00049832
Epoch 137|time: 2.14s|train_loss 0.00168574|val_loss 0.00063698
Epoch 138|time: 2.90s|train_loss 0.00180044|val_loss 0.00050998
Epoch 139|time: 3.65s|train_loss 0.00152248|val_loss 0.00050740
Epoch 140|time: 3.69s|train_loss 0.00139346|val_loss 0.00084592
Epoch 141|time: 3.50s|train_loss 0.00155560|val_loss 0.00062923
Epoch 142|time: 3.44s|train_loss 0.00145872|val_loss 0.00045853
Epoch 143|time: 3.55s|train_loss 0.00136919|val_loss 0.00048324
Epoch 144|time: 3.56s|train_loss 0.00145707|val_loss 0.00179473
Epoch 145|time: 3.42s|train_loss 0.00251839|val_loss 0.00205479
Epoch 146|time: 3.61s|train_loss 0.00195974|val_loss 0.00129473
Epoch 147|time: 3.42s|train_loss 0.00183637|val_loss 0.00115107
Epoch 148|time: 3.48s|train_loss 0.00175479|val_loss 0.00156692
Epoch 149|time: 3.51s|train_loss 0.00187036|val_loss 0.00147240
Epoch 150|time: 3.42s|train_loss 0.00235355|val_loss 0.00255204
Epoch 151|time: 3.43s|train_loss 0.00197243|val_loss 0.00127526
Epoch 152|time: 3.57s|train_loss 0.00198163|val_loss 0.00054252
Epoch 153|time: 3.53s|train_loss 0.00162894|val_loss 0.00042735
Epoch 154|time: 3.41s|train_loss 0.00159121|val_loss 0.00050147
Epoch 155|time: 3.53s|train_loss 0.00153352|val_loss 0.00069062
Epoch 156|time: 3.43s|train_loss 0.00142723|val_loss 0.00045334
Epoch 157|time: 3.41s|train_loss 0.00136726|val_loss 0.00052467
Epoch 158|time: 3.63s|train_loss 0.00147094|val_loss 0.00060975
Epoch 159|time: 3.46s|train_loss 0.00167540|val_loss 0.00138892
Epoch 160|time: 3.42s|train_loss 0.00204546|val_loss 0.00055197
Epoch 161|time: 3.43s|train_loss 0.00176635|val_loss 0.00057935
Epoch 162|time: 3.44s|train_loss 0.00158698|val_loss 0.00078331
Epoch 163|time: 3.75s|train_loss 0.00178811|val_loss 0.00058588
Epoch 164|time: 3.49s|train_loss 0.00140735|val_loss 0.00069896
Epoch 165|time: 3.42s|train_loss 0.00146480|val_loss 0.00150662
Epoch 166|time: 3.49s|train_loss 0.00179253|val_loss 0.00040859
Epoch 167|time: 3.51s|train_loss 0.00146837|val_loss 0.00057158
Epoch 168|time: 3.45s|train_loss 0.00184960|val_loss 0.00116598
Epoch 169|time: 3.50s|train_loss 0.00191114|val_loss 0.00068746
Epoch 170|time: 3.41s|train_loss 0.00136943|val_loss 0.00039667
Epoch 171|time: 3.53s|train_loss 0.00145012|val_loss 0.00062647
Epoch 172|time: 3.47s|train_loss 0.00213621|val_loss 0.00211067
Epoch 173|time: 3.44s|train_loss 0.00244057|val_loss 0.00080473
Epoch 174|time: 3.43s|train_loss 0.00143541|val_loss 0.00063581
Epoch 175|time: 3.44s|train_loss 0.00148513|val_loss 0.00091677
Epoch 176|time: 3.46s|train_loss 0.00139535|val_loss 0.00078657
Epoch 177|time: 3.60s|train_loss 0.00144747|val_loss 0.00039249
Epoch 178|time: 3.50s|train_loss 0.00145271|val_loss 0.00141127
Epoch 179|time: 3.54s|train_loss 0.00203044|val_loss 0.00089599
Epoch 180|time: 3.49s|train_loss 0.00178539|val_loss 0.00038165
Epoch 181|time: 3.63s|train_loss 0.00176450|val_loss 0.00037461
Epoch 182|time: 3.50s|train_loss 0.00179411|val_loss 0.00083773
Epoch 183|time: 3.59s|train_loss 0.00189937|val_loss 0.00154710
Epoch 184|time: 3.52s|train_loss 0.00184332|val_loss 0.00082840
Epoch 185|time: 3.67s|train_loss 0.00154805|val_loss 0.00087223
Epoch 186|time: 3.64s|train_loss 0.00164823|val_loss 0.00128189
Epoch 187|time: 3.56s|train_loss 0.00170624|val_loss 0.00077553
Epoch 188|time: 3.48s|train_loss 0.00152648|val_loss 0.00071846
Epoch 189|time: 3.59s|train_loss 0.00152535|val_loss 0.00142033
Epoch 190|time: 3.47s|train_loss 0.00216216|val_loss 0.00312257
Epoch 191|time: 3.64s|train_loss 0.00285186|val_loss 0.00231222
Epoch 192|time: 3.68s|train_loss 0.00253484|val_loss 0.00247919
Epoch 193|time: 3.72s|train_loss 0.00251030|val_loss 0.00237480
Epoch 194|time: 3.59s|train_loss 0.00212825|val_loss 0.00072002
Epoch 195|time: 3.58s|train_loss 0.00163303|val_loss 0.00073263
Epoch 196|time: 3.49s|train_loss 0.00139387|val_loss 0.00040319
Epoch 197|time: 3.63s|train_loss 0.00141375|val_loss 0.00039924
Epoch 198|time: 3.48s|train_loss 0.00134864|val_loss 0.00043934
Epoch 199|time: 3.58s|train_loss 0.00140175|val_loss 0.00038007
Epoch 200|time: 3.66s|train_loss 0.00148945|val_loss 0.00065645
Epoch 201|time: 3.49s|train_loss 0.00202667|val_loss 0.00221246
Epoch 202|time: 3.48s|train_loss 0.00226771|val_loss 0.00059313
Epoch 203|time: 3.59s|train_loss 0.00187428|val_loss 0.00129247
Epoch 204|time: 3.59s|train_loss 0.00171077|val_loss 0.00083198
Epoch 205|time: 3.46s|train_loss 0.00159936|val_loss 0.00063411
Epoch 206|time: 3.62s|train_loss 0.00140024|val_loss 0.00053609
Epoch 207|time: 3.43s|train_loss 0.00145620|val_loss 0.00129661
Epoch 208|time: 3.44s|train_loss 0.00207006|val_loss 0.00107575
Epoch 209|time: 3.72s|train_loss 0.00187284|val_loss 0.00101693
Epoch 210|time: 3.69s|train_loss 0.00174787|val_loss 0.00061599
Epoch 211|time: 3.48s|train_loss 0.00173786|val_loss 0.00083011
Epoch 212|time: 3.40s|train_loss 0.00169188|val_loss 0.00052713
Epoch 213|time: 3.49s|train_loss 0.00169943|val_loss 0.00053446
Epoch 214|time: 3.59s|train_loss 0.00186344|val_loss 0.00053220
Epoch 215|time: 3.42s|train_loss 0.00145563|val_loss 0.00063928
Epoch 216|time: 3.40s|train_loss 0.00145919|val_loss 0.00081082
Epoch 217|time: 3.50s|train_loss 0.00159080|val_loss 0.00047469
Epoch 218|time: 3.48s|train_loss 0.00151607|val_loss 0.00078924
Epoch 219|time: 3.42s|train_loss 0.00210690|val_loss 0.00184527
Epoch 220|time: 3.51s|train_loss 0.00222097|val_loss 0.00164820
Epoch 221|time: 3.42s|train_loss 0.00203048|val_loss 0.00053816
Epoch 222|time: 3.44s|train_loss 0.00155193|val_loss 0.00052697
Epoch 223|time: 3.63s|train_loss 0.00141373|val_loss 0.00115583
Epoch 224|time: 3.42s|train_loss 0.00192372|val_loss 0.00114324
Epoch 225|time: 3.40s|train_loss 0.00184661|val_loss 0.00110428
Epoch 226|time: 3.52s|train_loss 0.00185003|val_loss 0.00181750
Epoch 227|time: 3.66s|train_loss 0.00227378|val_loss 0.00076953
Epoch 228|time: 3.42s|train_loss 0.00247903|val_loss 0.00083265
Epoch 229|time: 3.48s|train_loss 0.00163772|val_loss 0.00042312
Epoch 230|time: 3.41s|train_loss 0.00138608|val_loss 0.00041785
Epoch 231|time: 3.59s|train_loss 0.00143176|val_loss 0.00041291
Epoch 232|time: 3.42s|train_loss 0.00128688|val_loss 0.00065593
Epoch 233|time: 3.41s|train_loss 0.00142275|val_loss 0.00054262
Epoch 234|time: 3.51s|train_loss 0.00186392|val_loss 0.00185272
Epoch 235|time: 3.45s|train_loss 0.00249737|val_loss 0.00079005
Epoch 236|time: 3.42s|train_loss 0.00152493|val_loss 0.00038184
Epoch 237|time: 3.53s|train_loss 0.00144833|val_loss 0.00067352
Epoch 238|time: 3.44s|train_loss 0.00181435|val_loss 0.00207964
Epoch 239|time: 3.42s|train_loss 0.00242238|val_loss 0.00154783
Epoch 240|time: 3.40s|train_loss 0.00190763|val_loss 0.00110717
Epoch 241|time: 3.54s|train_loss 0.00180940|val_loss 0.00049485
Epoch 242|time: 3.40s|train_loss 0.00176587|val_loss 0.00165845
Epoch 243|time: 3.53s|train_loss 0.00193362|val_loss 0.00092188
Epoch 244|time: 3.43s|train_loss 0.00196690|val_loss 0.00054146
Epoch 245|time: 3.50s|train_loss 0.00178805|val_loss 0.00059693
Epoch 246|time: 3.45s|train_loss 0.00139217|val_loss 0.00043899
Epoch 247|time: 3.46s|train_loss 0.00151734|val_loss 0.00050641
Epoch 248|time: 3.44s|train_loss 0.00147136|val_loss 0.00094936
Epoch 249|time: 3.44s|train_loss 0.00203896|val_loss 0.00075796
Epoch 250|time: 3.46s|train_loss 0.00264867|val_loss 0.00193316
Epoch 251|time: 3.58s|train_loss 0.00218058|val_loss 0.00071772
Epoch 252|time: 3.49s|train_loss 0.00184843|val_loss 0.00042577
Epoch 253|time: 3.49s|train_loss 0.00169358|val_loss 0.00098535
Epoch 254|time: 3.54s|train_loss 0.00168750|val_loss 0.00053171
Epoch 255|time: 3.67s|train_loss 0.00170782|val_loss 0.00044981
Epoch 256|time: 3.60s|train_loss 0.00147658|val_loss 0.00035239
Epoch 257|time: 3.65s|train_loss 0.00167791|val_loss 0.00070090
Epoch 258|time: 3.64s|train_loss 0.00153669|val_loss 0.00041919
Epoch 259|time: 3.75s|train_loss 0.00133491|val_loss 0.00039238
Epoch 260|time: 3.77s|train_loss 0.00139543|val_loss 0.00034399
Epoch 261|time: 3.74s|train_loss 0.00141604|val_loss 0.00083988
Epoch 262|time: 3.74s|train_loss 0.00145379|val_loss 0.00049328
Epoch 263|time: 3.79s|train_loss 0.00172633|val_loss 0.00043087
Epoch 264|time: 3.83s|train_loss 0.00184674|val_loss 0.00055027
Epoch 265|time: 3.76s|train_loss 0.00179368|val_loss 0.00089772
Epoch 266|time: 3.74s|train_loss 0.00147639|val_loss 0.00060797
Epoch 267|time: 3.74s|train_loss 0.00138587|val_loss 0.00043793
Epoch 268|time: 3.83s|train_loss 0.00141294|val_loss 0.00032235
Best validation epoch: 268 Tue May 23 12:25:35 2023
TEST MAE 0.3640 | std 0.1083 | RMSE 0.4958 | RMSEs 0.4690 | PCC 0.8556 | PCCs 0.8738 | R2 0.7238 | R2s 0.5950 | Var 0.7310 | Vars 0.7345 | Peak 0.1816
Epoch 269|time: 3.85s|train_loss 0.00135383|val_loss 0.00060716
Epoch 270|time: 3.89s|train_loss 0.00167116|val_loss 0.00058018
Epoch 271|time: 3.75s|train_loss 0.00161670|val_loss 0.00065456
Epoch 272|time: 3.76s|train_loss 0.00139397|val_loss 0.00093239
Epoch 273|time: 3.89s|train_loss 0.00165534|val_loss 0.00099798
Epoch 274|time: 3.75s|train_loss 0.00149217|val_loss 0.00039248
Epoch 275|time: 3.77s|train_loss 0.00130849|val_loss 0.00118308
Epoch 276|time: 3.76s|train_loss 0.00191218|val_loss 0.00075004
Epoch 277|time: 3.94s|train_loss 0.00188915|val_loss 0.00060007
Epoch 278|time: 3.89s|train_loss 0.00232798|val_loss 0.00164017
Epoch 279|time: 3.80s|train_loss 0.00224837|val_loss 0.00110900
Epoch 280|time: 3.80s|train_loss 0.00187029|val_loss 0.00154318
Epoch 281|time: 3.82s|train_loss 0.00210964|val_loss 0.00081882
Epoch 282|time: 3.82s|train_loss 0.00181005|val_loss 0.00063854
Epoch 283|time: 3.98s|train_loss 0.00156233|val_loss 0.00038502
Epoch 284|time: 3.82s|train_loss 0.00192590|val_loss 0.00219153
Epoch 285|time: 3.87s|train_loss 0.00239298|val_loss 0.00063617
Epoch 286|time: 3.89s|train_loss 0.00216083|val_loss 0.00187564
Epoch 287|time: 3.96s|train_loss 0.00215020|val_loss 0.00154001
Epoch 288|time: 3.84s|train_loss 0.00198316|val_loss 0.00072129
Epoch 289|time: 3.87s|train_loss 0.00160481|val_loss 0.00050659
Epoch 290|time: 3.86s|train_loss 0.00148577|val_loss 0.00039113
Epoch 291|time: 4.07s|train_loss 0.00134149|val_loss 0.00048635
Epoch 292|time: 3.96s|train_loss 0.00145618|val_loss 0.00115148
Epoch 293|time: 3.88s|train_loss 0.00187889|val_loss 0.00038879
Epoch 294|time: 3.97s|train_loss 0.00201877|val_loss 0.00146546
Epoch 295|time: 3.89s|train_loss 0.00222331|val_loss 0.00182139
Epoch 296|time: 4.10s|train_loss 0.00223529|val_loss 0.00130351
Epoch 297|time: 3.90s|train_loss 0.00164713|val_loss 0.00042802
Epoch 298|time: 3.91s|train_loss 0.00136924|val_loss 0.00138531
Epoch 299|time: 3.93s|train_loss 0.00175660|val_loss 0.00075661
Epoch 300|time: 3.92s|train_loss 0.00175697|val_loss 0.00172681
Epoch 301|time: 4.19s|train_loss 0.00231102|val_loss 0.00138233
Epoch 302|time: 3.92s|train_loss 0.00203937|val_loss 0.00050253
Epoch 303|time: 3.94s|train_loss 0.00200533|val_loss 0.00151864
Epoch 304|time: 3.96s|train_loss 0.00206248|val_loss 0.00197345
Epoch 305|time: 4.01s|train_loss 0.00189234|val_loss 0.00071035
Epoch 306|time: 3.96s|train_loss 0.00164542|val_loss 0.00054430
Epoch 307|time: 3.94s|train_loss 0.00141516|val_loss 0.00038067
Epoch 308|time: 4.18s|train_loss 0.00129242|val_loss 0.00093047
Epoch 309|time: 4.22s|train_loss 0.00159343|val_loss 0.00059320
Epoch 310|time: 4.05s|train_loss 0.00139236|val_loss 0.00038452
Epoch 311|time: 4.26s|train_loss 0.00132817|val_loss 0.00053197
Epoch 312|time: 3.95s|train_loss 0.00140071|val_loss 0.00033990
Epoch 313|time: 3.95s|train_loss 0.00126514|val_loss 0.00043435
Epoch 314|time: 4.04s|train_loss 0.00133302|val_loss 0.00071321
Epoch 315|time: 4.03s|train_loss 0.00150617|val_loss 0.00123907
Epoch 316|time: 3.97s|train_loss 0.00157930|val_loss 0.00037123
Epoch 317|time: 3.96s|train_loss 0.00138619|val_loss 0.00068135
Epoch 318|time: 3.96s|train_loss 0.00142303|val_loss 0.00038105
Epoch 319|time: 4.24s|train_loss 0.00178591|val_loss 0.00162847
Epoch 320|time: 3.95s|train_loss 0.00210629|val_loss 0.00039270
Epoch 321|time: 4.02s|train_loss 0.00163398|val_loss 0.00078048
Epoch 322|time: 4.02s|train_loss 0.00160970|val_loss 0.00074958
Epoch 323|time: 4.04s|train_loss 0.00162369|val_loss 0.00059001
Epoch 324|time: 4.05s|train_loss 0.00149094|val_loss 0.00036459
Epoch 325|time: 3.96s|train_loss 0.00135107|val_loss 0.00030796
Best validation epoch: 325 Tue May 23 12:29:21 2023
TEST MAE 0.3595 | std 0.1049 | RMSE 0.4894 | RMSEs 0.4664 | PCC 0.8643 | PCCs 0.8795 | R2 0.7310 | R2s 0.5874 | Var 0.7469 | Vars 0.7461 | Peak 0.1738
Epoch 326|time: 3.97s|train_loss 0.00140815|val_loss 0.00126264
Epoch 327|time: 3.97s|train_loss 0.00188426|val_loss 0.00045059
Epoch 328|time: 4.02s|train_loss 0.00172355|val_loss 0.00044534
Epoch 329|time: 4.07s|train_loss 0.00190297|val_loss 0.00176641
Epoch 330|time: 3.98s|train_loss 0.00228304|val_loss 0.00132790
Epoch 331|time: 4.06s|train_loss 0.00196378|val_loss 0.00052633
Epoch 332|time: 3.99s|train_loss 0.00167919|val_loss 0.00035340
Epoch 333|time: 4.13s|train_loss 0.00181938|val_loss 0.00170386
Epoch 334|time: 3.99s|train_loss 0.00219548|val_loss 0.00093797
Epoch 335|time: 4.12s|train_loss 0.00179364|val_loss 0.00076748
Epoch 336|time: 4.42s|train_loss 0.00141213|val_loss 0.00035378
Epoch 337|time: 4.57s|train_loss 0.00128870|val_loss 0.00059017
Epoch 338|time: 4.19s|train_loss 0.00137209|val_loss 0.00046034
Epoch 339|time: 3.99s|train_loss 0.00138079|val_loss 0.00074771
Epoch 340|time: 4.02s|train_loss 0.00140912|val_loss 0.00036099
Epoch 341|time: 4.15s|train_loss 0.00127125|val_loss 0.00027530
Best validation epoch: 341 Tue May 23 12:30:27 2023
TEST MAE 0.3019 | std 0.1111 | RMSE 0.4465 | RMSEs 0.4151 | PCC 0.8809 | PCCs 0.8921 | R2 0.7760 | R2s 0.6930 | Var 0.7760 | Vars 0.7678 | Peak 0.1693
Epoch 342|time: 4.00s|train_loss 0.00158809|val_loss 0.00153780
Epoch 343|time: 4.11s|train_loss 0.00165463|val_loss 0.00118436
Epoch 344|time: 4.10s|train_loss 0.00189061|val_loss 0.00053223
Epoch 345|time: 4.18s|train_loss 0.00165072|val_loss 0.00031663
Epoch 346|time: 4.02s|train_loss 0.00154554|val_loss 0.00077165
Epoch 347|time: 4.01s|train_loss 0.00145797|val_loss 0.00041792
Epoch 348|time: 4.21s|train_loss 0.00142469|val_loss 0.00043323
Epoch 349|time: 4.20s|train_loss 0.00162922|val_loss 0.00052622
Epoch 350|time: 4.29s|train_loss 0.00157065|val_loss 0.00068725
Epoch 351|time: 4.21s|train_loss 0.00148186|val_loss 0.00062085
Epoch 352|time: 4.11s|train_loss 0.00160432|val_loss 0.00086071
Epoch 353|time: 4.09s|train_loss 0.00156343|val_loss 0.00039434
Epoch 354|time: 4.01s|train_loss 0.00135444|val_loss 0.00043886
Epoch 355|time: 4.05s|train_loss 0.00135621|val_loss 0.00106909
Epoch 356|time: 4.03s|train_loss 0.00167869|val_loss 0.00063400
Epoch 357|time: 4.10s|train_loss 0.00151476|val_loss 0.00045998
Epoch 358|time: 4.05s|train_loss 0.00142785|val_loss 0.00043343
Epoch 359|time: 4.27s|train_loss 0.00135644|val_loss 0.00030495
Epoch 360|time: 5.29s|train_loss 0.00134579|val_loss 0.00028298
Epoch 361|time: 5.39s|train_loss 0.00140439|val_loss 0.00030686
Epoch 362|time: 4.09s|train_loss 0.00142763|val_loss 0.00089244
Epoch 363|time: 4.13s|train_loss 0.00152054|val_loss 0.00057689
Epoch 364|time: 4.07s|train_loss 0.00156174|val_loss 0.00094333
Epoch 365|time: 4.02s|train_loss 0.00169741|val_loss 0.00037594
Epoch 366|time: 4.04s|train_loss 0.00133239|val_loss 0.00075900
Epoch 367|time: 4.19s|train_loss 0.00144542|val_loss 0.00049488
Epoch 368|time: 4.03s|train_loss 0.00135091|val_loss 0.00100620
Epoch 369|time: 4.20s|train_loss 0.00157999|val_loss 0.00050573
Epoch 370|time: 4.05s|train_loss 0.00140647|val_loss 0.00057676
Epoch 371|time: 4.07s|train_loss 0.00145191|val_loss 0.00059905
Epoch 372|time: 4.03s|train_loss 0.00133876|val_loss 0.00035713
Epoch 373|time: 4.12s|train_loss 0.00132979|val_loss 0.00049188
Epoch 374|time: 4.16s|train_loss 0.00134557|val_loss 0.00026346
Best validation epoch: 374 Tue May 23 12:32:46 2023
TEST MAE 0.2915 | std 0.1090 | RMSE 0.4361 | RMSEs 0.4026 | PCC 0.8915 | PCCs 0.8928 | R2 0.7863 | R2s 0.7179 | Var 0.7895 | Vars 0.7760 | Peak 0.1664
Epoch 375|time: 4.02s|train_loss 0.00128541|val_loss 0.00028786
Epoch 376|time: 4.24s|train_loss 0.00133301|val_loss 0.00034638
Epoch 377|time: 4.18s|train_loss 0.00166228|val_loss 0.00150488
Epoch 378|time: 4.09s|train_loss 0.00196534|val_loss 0.00069542
Epoch 379|time: 4.08s|train_loss 0.00157942|val_loss 0.00056107
Epoch 380|time: 4.11s|train_loss 0.00148949|val_loss 0.00069456
Epoch 381|time: 4.07s|train_loss 0.00162407|val_loss 0.00103038
Epoch 382|time: 4.11s|train_loss 0.00148915|val_loss 0.00062939
Epoch 383|time: 4.24s|train_loss 0.00141997|val_loss 0.00054832
Epoch 384|time: 4.03s|train_loss 0.00135988|val_loss 0.00060523
Epoch 385|time: 4.05s|train_loss 0.00143109|val_loss 0.00039680
Epoch 386|time: 4.12s|train_loss 0.00128782|val_loss 0.00048756
Epoch 387|time: 4.11s|train_loss 0.00148286|val_loss 0.00081234
Epoch 388|time: 4.20s|train_loss 0.00141512|val_loss 0.00097381
Epoch 389|time: 4.05s|train_loss 0.00155075|val_loss 0.00067676
Epoch 390|time: 4.01s|train_loss 0.00153246|val_loss 0.00032884
Epoch 391|time: 4.12s|train_loss 0.00146214|val_loss 0.00037240
Epoch 392|time: 4.10s|train_loss 0.00154538|val_loss 0.00099556
Epoch 393|time: 4.14s|train_loss 0.00148713|val_loss 0.00044458
Epoch 394|time: 4.01s|train_loss 0.00139858|val_loss 0.00037478
Epoch 395|time: 4.10s|train_loss 0.00143019|val_loss 0.00036768
Epoch 396|time: 4.16s|train_loss 0.00134775|val_loss 0.00031362
Epoch 397|time: 4.05s|train_loss 0.00124206|val_loss 0.00029483
Epoch 398|time: 4.10s|train_loss 0.00131847|val_loss 0.00057071
Epoch 399|time: 4.04s|train_loss 0.00123344|val_loss 0.00068887
Epoch 400|time: 4.18s|train_loss 0.00160030|val_loss 0.00108866
Epoch 401|time: 4.14s|train_loss 0.00176379|val_loss 0.00056172
Epoch 402|time: 4.09s|train_loss 0.00163950|val_loss 0.00029824
Epoch 403|time: 4.09s|train_loss 0.00157097|val_loss 0.00079794
Epoch 404|time: 4.08s|train_loss 0.00156215|val_loss 0.00113266
Epoch 405|time: 4.09s|train_loss 0.00148322|val_loss 0.00084758
Epoch 406|time: 4.16s|train_loss 0.00158975|val_loss 0.00041630
Epoch 407|time: 4.11s|train_loss 0.00141502|val_loss 0.00035462
Epoch 408|time: 4.10s|train_loss 0.00128961|val_loss 0.00030530
Epoch 409|time: 4.25s|train_loss 0.00130995|val_loss 0.00022831
Best validation epoch: 409 Tue May 23 12:35:11 2023
TEST MAE 0.2681 | std 0.0924 | RMSE 0.3975 | RMSEs 0.3745 | PCC 0.9084 | PCCs 0.9022 | R2 0.8225 | R2s 0.7507 | Var 0.8235 | Vars 0.7817 | Peak 0.1540
Epoch 410|time: 4.17s|train_loss 0.00131173|val_loss 0.00031661
Epoch 411|time: 4.09s|train_loss 0.00154558|val_loss 0.00044766
Epoch 412|time: 4.16s|train_loss 0.00143897|val_loss 0.00043373
Epoch 413|time: 4.09s|train_loss 0.00140849|val_loss 0.00033895
Epoch 414|time: 4.16s|train_loss 0.00131899|val_loss 0.00045647
Epoch 415|time: 4.18s|train_loss 0.00128630|val_loss 0.00048253
Epoch 416|time: 4.08s|train_loss 0.00132327|val_loss 0.00059865
Epoch 417|time: 4.16s|train_loss 0.00143216|val_loss 0.00053217
Epoch 418|time: 4.11s|train_loss 0.00166324|val_loss 0.00040439
Epoch 419|time: 4.09s|train_loss 0.00163936|val_loss 0.00060158
Epoch 420|time: 4.28s|train_loss 0.00166239|val_loss 0.00101686
Epoch 421|time: 4.12s|train_loss 0.00177784|val_loss 0.00154114
Epoch 422|time: 4.31s|train_loss 0.00232793|val_loss 0.00122980
Epoch 423|time: 4.12s|train_loss 0.00159719|val_loss 0.00083940
Epoch 424|time: 4.30s|train_loss 0.00145084|val_loss 0.00040050
Epoch 425|time: 4.12s|train_loss 0.00142263|val_loss 0.00031782
Epoch 426|time: 4.13s|train_loss 0.00154553|val_loss 0.00049476
Epoch 427|time: 4.20s|train_loss 0.00181648|val_loss 0.00051271
Epoch 428|time: 4.21s|train_loss 0.00212726|val_loss 0.00269744
Epoch 429|time: 4.18s|train_loss 0.00354725|val_loss 0.00039360
Epoch 430|time: 4.13s|train_loss 0.00246790|val_loss 0.00248106
Epoch 431|time: 4.13s|train_loss 0.00346331|val_loss 0.00053057
Epoch 432|time: 4.18s|train_loss 0.00262471|val_loss 0.00180637
Epoch 433|time: 4.13s|train_loss 0.00261685|val_loss 0.00352260
Epoch 434|time: 4.29s|train_loss 0.00260575|val_loss 0.00091275
Epoch 435|time: 4.11s|train_loss 0.00275393|val_loss 0.00050048
Epoch 436|time: 4.18s|train_loss 0.00232054|val_loss 0.00239737
Epoch 437|time: 4.12s|train_loss 0.00269379|val_loss 0.00047407
Epoch 438|time: 4.29s|train_loss 0.00163777|val_loss 0.00137486
Epoch 439|time: 4.25s|train_loss 0.00213400|val_loss 0.00079168
Epoch 440|time: 4.12s|train_loss 0.00166320|val_loss 0.00041949
Epoch 441|time: 4.26s|train_loss 0.00164412|val_loss 0.00126225
Epoch 442|time: 4.22s|train_loss 0.00184505|val_loss 0.00042372
Epoch 443|time: 4.20s|train_loss 0.00143960|val_loss 0.00078184
Epoch 444|time: 4.19s|train_loss 0.00140182|val_loss 0.00083559
Epoch 445|time: 4.21s|train_loss 0.00163102|val_loss 0.00035750
Epoch 446|time: 4.26s|train_loss 0.00156835|val_loss 0.00028443
Epoch 447|time: 4.31s|train_loss 0.00164075|val_loss 0.00133887
Epoch 448|time: 4.38s|train_loss 0.00219792|val_loss 0.00136686
Epoch 449|time: 4.22s|train_loss 0.00180069|val_loss 0.00139355
Epoch 450|time: 4.23s|train_loss 0.00172595|val_loss 0.00036497
Epoch 451|time: 4.26s|train_loss 0.00130978|val_loss 0.00139589
Epoch 452|time: 4.37s|train_loss 0.00183998|val_loss 0.00062565
Epoch 453|time: 4.32s|train_loss 0.00186250|val_loss 0.00038364
Epoch 454|time: 4.29s|train_loss 0.00184373|val_loss 0.00094878
Epoch 455|time: 4.41s|train_loss 0.00179559|val_loss 0.00108822
Epoch 456|time: 4.39s|train_loss 0.00175638|val_loss 0.00121755
Epoch 457|time: 4.42s|train_loss 0.00168466|val_loss 0.00139253
Epoch 458|time: 4.33s|train_loss 0.00183236|val_loss 0.00089600
Epoch 459|time: 4.34s|train_loss 0.00171406|val_loss 0.00137437
Epoch 460|time: 4.47s|train_loss 0.00180921|val_loss 0.00101624
Epoch 461|time: 4.39s|train_loss 0.00162142|val_loss 0.00051274
Epoch 462|time: 4.42s|train_loss 0.00154330|val_loss 0.00070343
Epoch 463|time: 4.33s|train_loss 0.00151207|val_loss 0.00090768
Epoch 464|time: 4.40s|train_loss 0.00166259|val_loss 0.00138639
Epoch 465|time: 4.32s|train_loss 0.00207855|val_loss 0.00168860
Epoch 466|time: 4.56s|train_loss 0.00229926|val_loss 0.00182634
Epoch 467|time: 4.43s|train_loss 0.00214236|val_loss 0.00098846
Epoch 468|time: 4.37s|train_loss 0.00196693|val_loss 0.00153522
Epoch 469|time: 4.47s|train_loss 0.00206035|val_loss 0.00052923
Epoch 470|time: 4.45s|train_loss 0.00189899|val_loss 0.00102486
Epoch 471|time: 4.51s|train_loss 0.00199808|val_loss 0.00127610
Epoch 472|time: 4.40s|train_loss 0.00154728|val_loss 0.00043247
Epoch 473|time: 4.51s|train_loss 0.00152079|val_loss 0.00043930
Epoch 474|time: 4.53s|train_loss 0.00163536|val_loss 0.00137493
Epoch 475|time: 4.44s|train_loss 0.00167631|val_loss 0.00064050
Epoch 476|time: 4.52s|train_loss 0.00139910|val_loss 0.00034746
Epoch 477|time: 4.63s|train_loss 0.00129552|val_loss 0.00041862
Epoch 478|time: 4.56s|train_loss 0.00141060|val_loss 0.00039400
Epoch 479|time: 4.44s|train_loss 0.00179392|val_loss 0.00064966
Epoch 480|time: 4.58s|train_loss 0.00166458|val_loss 0.00132672
Epoch 481|time: 4.45s|train_loss 0.00180210|val_loss 0.00108517
Epoch 482|time: 4.42s|train_loss 0.00174186|val_loss 0.00099034
Epoch 483|time: 4.43s|train_loss 0.00169676|val_loss 0.00131074
Epoch 484|time: 4.55s|train_loss 0.00191721|val_loss 0.00099008
Epoch 485|time: 4.41s|train_loss 0.00188426|val_loss 0.00080547
Epoch 486|time: 4.44s|train_loss 0.00203292|val_loss 0.00073885
Epoch 487|time: 4.52s|train_loss 0.00166154|val_loss 0.00077827
Epoch 488|time: 4.47s|train_loss 0.00160725|val_loss 0.00078383
Epoch 489|time: 4.50s|train_loss 0.00159132|val_loss 0.00106071
Epoch 490|time: 4.41s|train_loss 0.00157431|val_loss 0.00092967
Epoch 491|time: 4.39s|train_loss 0.00170468|val_loss 0.00069467
Epoch 492|time: 4.38s|train_loss 0.00157100|val_loss 0.00070912
Epoch 493|time: 4.60s|train_loss 0.00157904|val_loss 0.00065664
Epoch 494|time: 4.48s|train_loss 0.00151879|val_loss 0.00034431
Epoch 495|time: 4.37s|train_loss 0.00145556|val_loss 0.00076453
Epoch 496|time: 4.50s|train_loss 0.00181929|val_loss 0.00090641
Epoch 497|time: 4.40s|train_loss 0.00177787|val_loss 0.00227782
Epoch 498|time: 4.63s|train_loss 0.00202865|val_loss 0.00060875
Epoch 499|time: 4.39s|train_loss 0.00143380|val_loss 0.00178973
Epoch 500|time: 4.48s|train_loss 0.00199437|val_loss 0.00079971
Final evaluation
TEST MAE 0.2681 | std 0.0924 | RMSE 0.3975 | RMSEs 0.3745 | PCC 0.9084 | PCCs 0.9022 | R2 0.8225 | R2s 0.7507 | Var 0.8235 | Vars 0.7817 | Peak 0.1540
