--------Parameters--------
Namespace(batch=32, bi=False, check_point=1, cuda=False, dataset='us_hhs', dropout=0.2, epilambda=1.0, epochs=500, gpu=3, hidsp=15, horizon=2, k=10, lamda=0.01, lr=0.01, model='cola_gnn_epi', mylog=False, n_hidden=30, n_layer=1, patience=200, rnn_model='RNN', save_dir='save', seed=42, shuffle=False, sim_mat='us_hhs-adj', test=0.2, train=0.6, val=0.2, weight_decay=0.0005, window=20)
--------------------------
data shape (364, 10)
size of train/val/test sets 197 73 73
#params: 9885
begin training
Epoch   1|time: 4.17s|train_loss 0.01219952|val_loss 0.00057317
Best validation epoch: 1 Tue May 23 09:22:48 2023
TEST MAE 0.8045 | std 0.3472 | RMSE 1.1383 | RMSEs 1.0671 | PCC 0.5778 | PCCs 0.3955 | R2 -0.4555 | R2s -0.9701 | Var 0.2436 | Vars 0.1032 | Peak 0.5638
Epoch   2|time: 3.84s|train_loss 0.01065925|val_loss 0.00068721
Epoch   3|time: 4.04s|train_loss 0.01054456|val_loss 0.00025569
Best validation epoch: 3 Tue May 23 09:22:57 2023
TEST MAE 0.2820 | std 0.0923 | RMSE 0.4380 | RMSEs 0.4130 | PCC 0.8906 | PCCs 0.8629 | R2 0.7845 | R2s 0.6984 | Var 0.7862 | Vars 0.7328 | Peak 0.1731
Epoch   4|time: 3.79s|train_loss 0.01024279|val_loss 0.00033865
Epoch   5|time: 3.87s|train_loss 0.01039309|val_loss 0.00029347
Epoch   6|time: 3.80s|train_loss 0.00963500|val_loss 0.00025211
Best validation epoch: 6 Tue May 23 09:23:09 2023
TEST MAE 0.2895 | std 0.0699 | RMSE 0.3928 | RMSEs 0.3796 | PCC 0.9169 | PCCs 0.8854 | R2 0.8267 | R2s 0.7336 | Var 0.8372 | Vars 0.7746 | Peak 0.1408
Epoch   7|time: 3.78s|train_loss 0.00963379|val_loss 0.00023245
Best validation epoch: 7 Tue May 23 09:23:14 2023
TEST MAE 0.2725 | std 0.0993 | RMSE 0.4329 | RMSEs 0.4119 | PCC 0.9245 | PCCs 0.8894 | R2 0.7894 | R2s 0.7017 | Var 0.8410 | Vars 0.7798 | Peak 0.1795
Epoch   8|time: 3.73s|train_loss 0.00968224|val_loss 0.00019727
Best validation epoch: 8 Tue May 23 09:23:18 2023
TEST MAE 0.2361 | std 0.0766 | RMSE 0.3821 | RMSEs 0.3642 | PCC 0.9249 | PCCs 0.8897 | R2 0.8360 | R2s 0.7637 | Var 0.8521 | Vars 0.7883 | Peak 0.1553
Epoch   9|time: 3.72s|train_loss 0.00955592|val_loss 0.00019209
Best validation epoch: 9 Tue May 23 09:23:23 2023
TEST MAE 0.2309 | std 0.0660 | RMSE 0.3611 | RMSEs 0.3457 | PCC 0.9248 | PCCs 0.8890 | R2 0.8536 | R2s 0.7842 | Var 0.8545 | Vars 0.7882 | Peak 0.1448
Epoch  10|time: 3.77s|train_loss 0.00916998|val_loss 0.00019413
Epoch  11|time: 3.73s|train_loss 0.00917296|val_loss 0.00018484
Best validation epoch: 11 Tue May 23 09:23:32 2023
TEST MAE 0.2254 | std 0.0623 | RMSE 0.3501 | RMSEs 0.3356 | PCC 0.9295 | PCCs 0.8956 | R2 0.8623 | R2s 0.7963 | Var 0.8638 | Vars 0.7997 | Peak 0.1390
Epoch  12|time: 3.77s|train_loss 0.00887832|val_loss 0.00021455
Epoch  13|time: 3.81s|train_loss 0.00893429|val_loss 0.00018624
Epoch  14|time: 3.85s|train_loss 0.00865998|val_loss 0.00019891
Epoch  15|time: 3.73s|train_loss 0.00837739|val_loss 0.00018988
Epoch  16|time: 3.72s|train_loss 0.00816688|val_loss 0.00020147
Epoch  17|time: 3.79s|train_loss 0.00804978|val_loss 0.00024362
Epoch  18|time: 3.73s|train_loss 0.00790709|val_loss 0.00018032
Best validation epoch: 18 Tue May 23 09:23:59 2023
TEST MAE 0.2228 | std 0.0603 | RMSE 0.3423 | RMSEs 0.3282 | PCC 0.9321 | PCCs 0.9003 | R2 0.8684 | R2s 0.8051 | Var 0.8686 | Vars 0.8077 | Peak 0.1335
Epoch  19|time: 3.83s|train_loss 0.00786969|val_loss 0.00019328
Epoch  20|time: 3.78s|train_loss 0.00781905|val_loss 0.00018437
Epoch  21|time: 3.74s|train_loss 0.00769299|val_loss 0.00018668
Epoch  22|time: 3.89s|train_loss 0.00769158|val_loss 0.00018536
Epoch  23|time: 3.73s|train_loss 0.00765196|val_loss 0.00019789
Epoch  24|time: 3.82s|train_loss 0.00776786|val_loss 0.00020056
Epoch  25|time: 3.92s|train_loss 0.00748060|val_loss 0.00018481
Epoch  26|time: 3.73s|train_loss 0.00752655|val_loss 0.00018119
Epoch  27|time: 3.81s|train_loss 0.00757717|val_loss 0.00020809
Epoch  28|time: 3.80s|train_loss 0.00855814|val_loss 0.00018314
Epoch  29|time: 3.73s|train_loss 0.00788551|val_loss 0.00018065
Epoch  30|time: 3.80s|train_loss 0.00762211|val_loss 0.00022002
Epoch  31|time: 3.74s|train_loss 0.00705702|val_loss 0.00018409
Epoch  32|time: 3.75s|train_loss 0.00712114|val_loss 0.00017886
Best validation epoch: 32 Tue May 23 09:24:53 2023
TEST MAE 0.2194 | std 0.0602 | RMSE 0.3360 | RMSEs 0.3221 | PCC 0.9344 | PCCs 0.9047 | R2 0.8731 | R2s 0.8123 | Var 0.8732 | Vars 0.8150 | Peak 0.1292
Epoch  33|time: 3.79s|train_loss 0.00704746|val_loss 0.00018951
Epoch  34|time: 3.73s|train_loss 0.00685782|val_loss 0.00020489
Epoch  35|time: 3.94s|train_loss 0.00707977|val_loss 0.00018360
Epoch  36|time: 3.73s|train_loss 0.00717466|val_loss 0.00018616
Epoch  37|time: 3.73s|train_loss 0.00703574|val_loss 0.00018974
Epoch  38|time: 3.98s|train_loss 0.00707156|val_loss 0.00024080
Epoch  39|time: 3.74s|train_loss 0.00689100|val_loss 0.00018248
Epoch  40|time: 3.85s|train_loss 0.00695852|val_loss 0.00020794
Epoch  41|time: 3.72s|train_loss 0.00690264|val_loss 0.00018575
Epoch  42|time: 3.80s|train_loss 0.00656836|val_loss 0.00019613
Epoch  43|time: 3.76s|train_loss 0.00664319|val_loss 0.00018667
Epoch  44|time: 3.73s|train_loss 0.00663360|val_loss 0.00020178
Epoch  45|time: 3.73s|train_loss 0.00646870|val_loss 0.00017691
Best validation epoch: 45 Tue May 23 09:25:43 2023
TEST MAE 0.2210 | std 0.0646 | RMSE 0.3441 | RMSEs 0.3279 | PCC 0.9322 | PCCs 0.9047 | R2 0.8670 | R2s 0.8074 | Var 0.8684 | Vars 0.8134 | Peak 0.1348
Epoch  46|time: 3.91s|train_loss 0.00644774|val_loss 0.00022511
Epoch  47|time: 3.72s|train_loss 0.00647014|val_loss 0.00022857
Epoch  48|time: 3.79s|train_loss 0.00638859|val_loss 0.00021903
Epoch  49|time: 3.72s|train_loss 0.00634231|val_loss 0.00023801
Epoch  50|time: 3.72s|train_loss 0.00640148|val_loss 0.00034475
Epoch  51|time: 3.84s|train_loss 0.00662133|val_loss 0.00022958
Epoch  52|time: 3.80s|train_loss 0.00641936|val_loss 0.00018636
Epoch  53|time: 3.74s|train_loss 0.00645591|val_loss 0.00021757
Epoch  54|time: 3.73s|train_loss 0.00628420|val_loss 0.00019258
Epoch  55|time: 3.74s|train_loss 0.00623081|val_loss 0.00018624
Epoch  56|time: 4.03s|train_loss 0.00622553|val_loss 0.00018053
Epoch  57|time: 3.83s|train_loss 0.00633644|val_loss 0.00023151
Epoch  58|time: 3.73s|train_loss 0.00636151|val_loss 0.00018086
Epoch  59|time: 3.83s|train_loss 0.00629207|val_loss 0.00018745
Epoch  60|time: 3.81s|train_loss 0.00620278|val_loss 0.00019084
Epoch  61|time: 3.88s|train_loss 0.00603452|val_loss 0.00018005
Epoch  62|time: 3.71s|train_loss 0.00641063|val_loss 0.00022092
Epoch  63|time: 3.73s|train_loss 0.00606587|val_loss 0.00018609
Epoch  64|time: 3.76s|train_loss 0.00618668|val_loss 0.00017911
Epoch  65|time: 3.73s|train_loss 0.00614106|val_loss 0.00022520
Epoch  66|time: 3.73s|train_loss 0.00605843|val_loss 0.00019970
Epoch  67|time: 3.91s|train_loss 0.00637517|val_loss 0.00020142
Epoch  68|time: 3.72s|train_loss 0.00632986|val_loss 0.00019879
Epoch  69|time: 3.78s|train_loss 0.00604744|val_loss 0.00019323
Epoch  70|time: 3.71s|train_loss 0.00592862|val_loss 0.00018669
Epoch  71|time: 3.80s|train_loss 0.00583440|val_loss 0.00021731
Epoch  72|time: 3.83s|train_loss 0.00583656|val_loss 0.00021961
Epoch  73|time: 3.72s|train_loss 0.00589266|val_loss 0.00019991
Epoch  74|time: 3.72s|train_loss 0.00577691|val_loss 0.00018166
Epoch  75|time: 3.88s|train_loss 0.00576093|val_loss 0.00018328
Epoch  76|time: 3.74s|train_loss 0.00584570|val_loss 0.00018188
Epoch  77|time: 3.82s|train_loss 0.00600307|val_loss 0.00018530
Epoch  78|time: 3.71s|train_loss 0.00561637|val_loss 0.00017707
Epoch  79|time: 3.73s|train_loss 0.00575550|val_loss 0.00020134
Epoch  80|time: 3.86s|train_loss 0.00592844|val_loss 0.00017977
Epoch  81|time: 3.81s|train_loss 0.00585215|val_loss 0.00019834
Epoch  82|time: 3.73s|train_loss 0.00592925|val_loss 0.00017667
Best validation epoch: 82 Tue May 23 09:28:03 2023
TEST MAE 0.2183 | std 0.0606 | RMSE 0.3324 | RMSEs 0.3185 | PCC 0.9365 | PCCs 0.9096 | R2 0.8759 | R2s 0.8168 | Var 0.8759 | Vars 0.8195 | Peak 0.1239
Epoch  83|time: 3.72s|train_loss 0.00609693|val_loss 0.00017981
Epoch  84|time: 3.73s|train_loss 0.00590611|val_loss 0.00023936
Epoch  85|time: 3.87s|train_loss 0.00607505|val_loss 0.00025811
Epoch  86|time: 3.73s|train_loss 0.00600413|val_loss 0.00019465
Epoch  87|time: 3.72s|train_loss 0.00587800|val_loss 0.00018026
Epoch  88|time: 4.01s|train_loss 0.00605369|val_loss 0.00020016
Epoch  89|time: 3.73s|train_loss 0.00604159|val_loss 0.00017606
Best validation epoch: 89 Tue May 23 09:28:31 2023
TEST MAE 0.2147 | std 0.0610 | RMSE 0.3312 | RMSEs 0.3170 | PCC 0.9367 | PCCs 0.9109 | R2 0.8768 | R2s 0.8187 | Var 0.8768 | Vars 0.8221 | Peak 0.1242
Epoch  90|time: 3.81s|train_loss 0.00573124|val_loss 0.00017900
Epoch  91|time: 3.73s|train_loss 0.00577298|val_loss 0.00018148
Epoch  92|time: 3.73s|train_loss 0.00565447|val_loss 0.00020142
Epoch  93|time: 3.78s|train_loss 0.00550804|val_loss 0.00023216
Epoch  94|time: 3.73s|train_loss 0.00553079|val_loss 0.00017931
Epoch  95|time: 3.91s|train_loss 0.00540599|val_loss 0.00017785
Epoch  96|time: 3.72s|train_loss 0.00543984|val_loss 0.00018980
Epoch  97|time: 3.72s|train_loss 0.00556966|val_loss 0.00020210
Epoch  98|time: 3.89s|train_loss 0.00559889|val_loss 0.00019123
Epoch  99|time: 3.71s|train_loss 0.00534740|val_loss 0.00017935
Epoch 100|time: 3.81s|train_loss 0.00545415|val_loss 0.00017777
Epoch 101|time: 3.90s|train_loss 0.00538290|val_loss 0.00021584
Epoch 102|time: 3.73s|train_loss 0.00537542|val_loss 0.00018487
Epoch 103|time: 3.98s|train_loss 0.00535814|val_loss 0.00019636
Epoch 104|time: 3.90s|train_loss 0.00559119|val_loss 0.00017840
Epoch 105|time: 3.72s|train_loss 0.00529188|val_loss 0.00018207
Epoch 106|time: 3.87s|train_loss 0.00535805|val_loss 0.00018001
Epoch 107|time: 3.72s|train_loss 0.00512272|val_loss 0.00018224
Epoch 108|time: 3.77s|train_loss 0.00541282|val_loss 0.00020587
Epoch 109|time: 3.89s|train_loss 0.00533921|val_loss 0.00019075
Epoch 110|time: 3.72s|train_loss 0.00525881|val_loss 0.00022531
Epoch 111|time: 3.80s|train_loss 0.00545398|val_loss 0.00018655
Epoch 112|time: 3.71s|train_loss 0.00544610|val_loss 0.00017828
Epoch 113|time: 3.73s|train_loss 0.00523932|val_loss 0.00017926
Epoch 114|time: 3.83s|train_loss 0.00521459|val_loss 0.00017908
Epoch 115|time: 3.71s|train_loss 0.00512003|val_loss 0.00018215
Epoch 116|time: 3.87s|train_loss 0.00552925|val_loss 0.00017744
Epoch 117|time: 3.71s|train_loss 0.00527285|val_loss 0.00018669
Epoch 118|time: 3.80s|train_loss 0.00521163|val_loss 0.00019342
Epoch 119|time: 4.13s|train_loss 0.00498493|val_loss 0.00018073
Epoch 120|time: 3.71s|train_loss 0.00502474|val_loss 0.00020588
Epoch 121|time: 3.72s|train_loss 0.00505987|val_loss 0.00019326
Epoch 122|time: 3.89s|train_loss 0.00501142|val_loss 0.00017930
Epoch 123|time: 3.72s|train_loss 0.00572492|val_loss 0.00019413
Epoch 124|time: 3.85s|train_loss 0.00548404|val_loss 0.00017900
Epoch 125|time: 3.72s|train_loss 0.00537371|val_loss 0.00019326
Epoch 126|time: 3.72s|train_loss 0.00514192|val_loss 0.00020131
Epoch 127|time: 3.86s|train_loss 0.00502721|val_loss 0.00019616
Epoch 128|time: 3.83s|train_loss 0.00504532|val_loss 0.00018359
Epoch 129|time: 3.71s|train_loss 0.00497703|val_loss 0.00018160
Epoch 130|time: 3.87s|train_loss 0.00483701|val_loss 0.00018195
Epoch 131|time: 3.73s|train_loss 0.00487442|val_loss 0.00018599
Epoch 132|time: 4.03s|train_loss 0.00501463|val_loss 0.00017784
Epoch 133|time: 3.71s|train_loss 0.00490126|val_loss 0.00018060
Epoch 134|time: 3.72s|train_loss 0.00477969|val_loss 0.00017316
Best validation epoch: 134 Tue May 23 09:31:23 2023
TEST MAE 0.2174 | std 0.0586 | RMSE 0.3304 | RMSEs 0.3170 | PCC 0.9376 | PCCs 0.9131 | R2 0.8774 | R2s 0.8168 | Var 0.8788 | Vars 0.8270 | Peak 0.1208
Epoch 135|time: 4.32s|train_loss 0.00458554|val_loss 0.00017785
Epoch 136|time: 3.72s|train_loss 0.00463295|val_loss 0.00017778
Epoch 137|time: 3.79s|train_loss 0.00479264|val_loss 0.00017361
Epoch 138|time: 3.71s|train_loss 0.00478732|val_loss 0.00019853
Epoch 139|time: 3.73s|train_loss 0.00466312|val_loss 0.00018531
Epoch 140|time: 3.80s|train_loss 0.00485383|val_loss 0.00018648
Epoch 141|time: 3.79s|train_loss 0.00459258|val_loss 0.00017604
Epoch 142|time: 3.76s|train_loss 0.00459965|val_loss 0.00018287
Epoch 143|time: 3.75s|train_loss 0.00454139|val_loss 0.00020614
Epoch 144|time: 3.72s|train_loss 0.00470622|val_loss 0.00017947
Epoch 145|time: 3.78s|train_loss 0.00455097|val_loss 0.00017748
Epoch 146|time: 3.79s|train_loss 0.00474872|val_loss 0.00018291
Epoch 147|time: 3.72s|train_loss 0.00472687|val_loss 0.00019477
Epoch 148|time: 3.87s|train_loss 0.00534305|val_loss 0.00022200
Epoch 149|time: 3.72s|train_loss 0.00500550|val_loss 0.00017823
Epoch 150|time: 3.92s|train_loss 0.00504008|val_loss 0.00020265
Epoch 151|time: 4.00s|train_loss 0.00482954|val_loss 0.00019505
Epoch 152|time: 3.72s|train_loss 0.00460795|val_loss 0.00020358
Epoch 153|time: 3.81s|train_loss 0.00447003|val_loss 0.00019780
Epoch 154|time: 3.72s|train_loss 0.00497345|val_loss 0.00020541
Epoch 155|time: 3.80s|train_loss 0.00452830|val_loss 0.00017856
Epoch 156|time: 3.79s|train_loss 0.00485147|val_loss 0.00017384
Epoch 157|time: 3.71s|train_loss 0.00480332|val_loss 0.00017362
Epoch 158|time: 3.82s|train_loss 0.00473041|val_loss 0.00017986
Epoch 159|time: 3.72s|train_loss 0.00498654|val_loss 0.00018522
Epoch 160|time: 3.81s|train_loss 0.00464407|val_loss 0.00018524
Epoch 161|time: 3.76s|train_loss 0.00445230|val_loss 0.00018569
Epoch 162|time: 3.71s|train_loss 0.00464372|val_loss 0.00018274
Epoch 163|time: 3.71s|train_loss 0.00483648|val_loss 0.00021254
Epoch 164|time: 3.83s|train_loss 0.00485417|val_loss 0.00018380
Epoch 165|time: 3.72s|train_loss 0.00443809|val_loss 0.00017590
Epoch 166|time: 3.79s|train_loss 0.00443582|val_loss 0.00017678
Epoch 167|time: 3.94s|train_loss 0.00434863|val_loss 0.00017726
Epoch 168|time: 3.80s|train_loss 0.00430509|val_loss 0.00017684
Epoch 169|time: 3.83s|train_loss 0.00426436|val_loss 0.00017692
Epoch 170|time: 3.71s|train_loss 0.00416027|val_loss 0.00018109
Epoch 171|time: 3.72s|train_loss 0.00408757|val_loss 0.00017474
Epoch 172|time: 3.91s|train_loss 0.00409324|val_loss 0.00017964
Epoch 173|time: 3.71s|train_loss 0.00394771|val_loss 0.00017700
Epoch 174|time: 4.04s|train_loss 0.00385536|val_loss 0.00017805
Epoch 175|time: 3.71s|train_loss 0.00393289|val_loss 0.00017327
Epoch 176|time: 3.71s|train_loss 0.00389514|val_loss 0.00017387
Epoch 177|time: 3.95s|train_loss 0.00397095|val_loss 0.00018293
Epoch 178|time: 3.79s|train_loss 0.00394437|val_loss 0.00017421
Epoch 179|time: 3.82s|train_loss 0.00382039|val_loss 0.00017708
Epoch 180|time: 3.74s|train_loss 0.00391678|val_loss 0.00017969
Epoch 181|time: 3.70s|train_loss 0.00393889|val_loss 0.00017718
Epoch 182|time: 3.83s|train_loss 0.00460686|val_loss 0.00017292
Best validation epoch: 182 Tue May 23 09:34:26 2023
TEST MAE 0.2142 | std 0.0565 | RMSE 0.3278 | RMSEs 0.3147 | PCC 0.9388 | PCCs 0.9138 | R2 0.8793 | R2s 0.8192 | Var 0.8808 | Vars 0.8280 | Peak 0.1196
Epoch 183|time: 3.35s|train_loss 0.00431090|val_loss 0.00018077
Epoch 184|time: 3.34s|train_loss 0.00416316|val_loss 0.00017654
Epoch 185|time: 3.54s|train_loss 0.00456027|val_loss 0.00017400
Epoch 186|time: 3.35s|train_loss 0.00434912|val_loss 0.00018906
Epoch 187|time: 3.43s|train_loss 0.00447031|val_loss 0.00020789
Epoch 188|time: 3.52s|train_loss 0.00420106|val_loss 0.00017313
Epoch 189|time: 3.36s|train_loss 0.00434000|val_loss 0.00017030
Best validation epoch: 189 Tue May 23 09:34:51 2023
TEST MAE 0.2187 | std 0.0587 | RMSE 0.3343 | RMSEs 0.3210 | PCC 0.9379 | PCCs 0.9146 | R2 0.8745 | R2s 0.8118 | Var 0.8760 | Vars 0.8205 | Peak 0.1217
Epoch 190|time: 3.45s|train_loss 0.00410962|val_loss 0.00017626
Epoch 191|time: 3.36s|train_loss 0.00378011|val_loss 0.00017157
Epoch 192|time: 3.46s|train_loss 0.00375351|val_loss 0.00017967
Epoch 193|time: 3.48s|train_loss 0.00393758|val_loss 0.00018360
Epoch 194|time: 3.36s|train_loss 0.00389611|val_loss 0.00017194
Epoch 195|time: 3.36s|train_loss 0.00420807|val_loss 0.00017713
Epoch 196|time: 3.65s|train_loss 0.00438837|val_loss 0.00017589
Epoch 197|time: 3.35s|train_loss 0.00412023|val_loss 0.00017393
Epoch 198|time: 3.38s|train_loss 0.00383320|val_loss 0.00017980
Epoch 199|time: 3.60s|train_loss 0.00363182|val_loss 0.00017814
Epoch 200|time: 3.61s|train_loss 0.00384726|val_loss 0.00018220
Epoch 201|time: 3.37s|train_loss 0.00360177|val_loss 0.00019084
Epoch 202|time: 3.46s|train_loss 0.00347639|val_loss 0.00017752
Epoch 203|time: 3.36s|train_loss 0.00340397|val_loss 0.00017394
Epoch 204|time: 3.36s|train_loss 0.00335576|val_loss 0.00020563
Epoch 205|time: 3.61s|train_loss 0.00343536|val_loss 0.00017490
Epoch 206|time: 3.36s|train_loss 0.00339202|val_loss 0.00016898
Best validation epoch: 206 Tue May 23 09:35:50 2023
TEST MAE 0.2208 | std 0.0612 | RMSE 0.3413 | RMSEs 0.3271 | PCC 0.9380 | PCCs 0.9165 | R2 0.8692 | R2s 0.8042 | Var 0.8727 | Vars 0.8169 | Peak 0.1252
Epoch 207|time: 3.37s|train_loss 0.00339898|val_loss 0.00018779
Epoch 208|time: 3.48s|train_loss 0.00334602|val_loss 0.00022694
Epoch 209|time: 3.37s|train_loss 0.00315943|val_loss 0.00021726
Epoch 210|time: 3.56s|train_loss 0.00334661|val_loss 0.00017967
Epoch 211|time: 3.36s|train_loss 0.00323662|val_loss 0.00019098
Epoch 212|time: 3.35s|train_loss 0.00318502|val_loss 0.00019425
Epoch 213|time: 3.42s|train_loss 0.00310398|val_loss 0.00021201
Epoch 214|time: 3.35s|train_loss 0.00315296|val_loss 0.00018164
Epoch 215|time: 3.36s|train_loss 0.00314871|val_loss 0.00018941
Epoch 216|time: 3.63s|train_loss 0.00316311|val_loss 0.00017707
Epoch 217|time: 3.44s|train_loss 0.00327088|val_loss 0.00017512
Epoch 218|time: 3.35s|train_loss 0.00342063|val_loss 0.00018472
Epoch 219|time: 3.46s|train_loss 0.00364848|val_loss 0.00017486
Epoch 220|time: 3.36s|train_loss 0.00330809|val_loss 0.00017258
Epoch 221|time: 3.45s|train_loss 0.00325656|val_loss 0.00017607
Epoch 222|time: 3.41s|train_loss 0.00319559|val_loss 0.00017134
Epoch 223|time: 3.37s|train_loss 0.00314099|val_loss 0.00017388
Epoch 224|time: 3.36s|train_loss 0.00304592|val_loss 0.00017616
Epoch 225|time: 3.59s|train_loss 0.00301483|val_loss 0.00017214
Epoch 226|time: 3.35s|train_loss 0.00310757|val_loss 0.00017601
Epoch 227|time: 3.35s|train_loss 0.00322710|val_loss 0.00018299
Epoch 228|time: 3.40s|train_loss 0.00339120|val_loss 0.00018790
Epoch 229|time: 3.35s|train_loss 0.00391580|val_loss 0.00021765
Epoch 230|time: 3.47s|train_loss 0.00337719|val_loss 0.00019572
Epoch 231|time: 3.37s|train_loss 0.00317533|val_loss 0.00016936
Epoch 232|time: 3.35s|train_loss 0.00307721|val_loss 0.00017162
Epoch 233|time: 3.36s|train_loss 0.00292042|val_loss 0.00019063
Epoch 234|time: 3.53s|train_loss 0.00295265|val_loss 0.00018666
Epoch 235|time: 3.65s|train_loss 0.00310352|val_loss 0.00017341
Epoch 236|time: 3.37s|train_loss 0.00304029|val_loss 0.00019437
Epoch 237|time: 3.45s|train_loss 0.00317996|val_loss 0.00017920
Epoch 238|time: 3.36s|train_loss 0.00308921|val_loss 0.00017529
Epoch 239|time: 3.48s|train_loss 0.00309499|val_loss 0.00021011
Epoch 240|time: 3.46s|train_loss 0.00361979|val_loss 0.00017738
Epoch 241|time: 3.36s|train_loss 0.00401100|val_loss 0.00018356
Epoch 242|time: 3.37s|train_loss 0.00393090|val_loss 0.00017946
Epoch 243|time: 3.54s|train_loss 0.00402980|val_loss 0.00018425
Epoch 244|time: 3.36s|train_loss 0.00347357|val_loss 0.00021041
Epoch 245|time: 3.36s|train_loss 0.00319604|val_loss 0.00017373
Epoch 246|time: 3.35s|train_loss 0.00306534|val_loss 0.00018485
Epoch 247|time: 3.36s|train_loss 0.00299121|val_loss 0.00018157
Epoch 248|time: 3.39s|train_loss 0.00286814|val_loss 0.00017480
Epoch 249|time: 3.52s|train_loss 0.00281707|val_loss 0.00018314
Epoch 250|time: 3.36s|train_loss 0.00282567|val_loss 0.00017545
Epoch 251|time: 3.37s|train_loss 0.00292545|val_loss 0.00017873
Epoch 252|time: 3.64s|train_loss 0.00276217|val_loss 0.00017432
Epoch 253|time: 3.44s|train_loss 0.00289566|val_loss 0.00017986
Epoch 254|time: 3.47s|train_loss 0.00285981|val_loss 0.00017612
Epoch 255|time: 3.36s|train_loss 0.00278619|val_loss 0.00018118
Epoch 256|time: 3.36s|train_loss 0.00271120|val_loss 0.00021458
Epoch 257|time: 3.57s|train_loss 0.00263685|val_loss 0.00018918
Epoch 258|time: 3.36s|train_loss 0.00260838|val_loss 0.00017215
Epoch 259|time: 3.37s|train_loss 0.00259074|val_loss 0.00018276
Epoch 260|time: 3.58s|train_loss 0.00254909|val_loss 0.00021069
Epoch 261|time: 3.36s|train_loss 0.00266657|val_loss 0.00021719
Epoch 262|time: 3.36s|train_loss 0.00261967|val_loss 0.00017442
Epoch 263|time: 3.60s|train_loss 0.00264008|val_loss 0.00018058
Epoch 264|time: 3.37s|train_loss 0.00266720|val_loss 0.00019329
Epoch 265|time: 3.37s|train_loss 0.00278052|val_loss 0.00017597
Epoch 266|time: 3.36s|train_loss 0.00267814|val_loss 0.00017055
Epoch 267|time: 3.45s|train_loss 0.00275084|val_loss 0.00016960
Epoch 268|time: 3.36s|train_loss 0.00295577|val_loss 0.00017808
Epoch 269|time: 3.52s|train_loss 0.00301787|val_loss 0.00017296
Epoch 270|time: 3.52s|train_loss 0.00289044|val_loss 0.00017251
Epoch 271|time: 3.44s|train_loss 0.00315242|val_loss 0.00017678
Epoch 272|time: 3.58s|train_loss 0.00281946|val_loss 0.00017625
Epoch 273|time: 3.36s|train_loss 0.00320142|val_loss 0.00017972
Epoch 274|time: 3.37s|train_loss 0.00330916|val_loss 0.00017244
Epoch 275|time: 3.60s|train_loss 0.00309978|val_loss 0.00018469
Epoch 276|time: 3.46s|train_loss 0.00294929|val_loss 0.00017965
Epoch 277|time: 3.37s|train_loss 0.00316320|val_loss 0.00017243
Epoch 278|time: 3.35s|train_loss 0.00293832|val_loss 0.00017411
Epoch 279|time: 3.37s|train_loss 0.00283606|val_loss 0.00016860
Best validation epoch: 279 Tue May 23 09:40:01 2023
TEST MAE 0.2171 | std 0.0623 | RMSE 0.3405 | RMSEs 0.3259 | PCC 0.9366 | PCCs 0.9146 | R2 0.8698 | R2s 0.8054 | Var 0.8710 | Vars 0.8133 | Peak 0.1263
Epoch 280|time: 3.43s|train_loss 0.00284122|val_loss 0.00017082
Epoch 281|time: 3.44s|train_loss 0.00274978|val_loss 0.00017270
Epoch 282|time: 3.36s|train_loss 0.00286588|val_loss 0.00017001
Epoch 283|time: 3.51s|train_loss 0.00263242|val_loss 0.00017426
Epoch 284|time: 3.37s|train_loss 0.00250024|val_loss 0.00017338
Epoch 285|time: 3.46s|train_loss 0.00250969|val_loss 0.00018954
Epoch 286|time: 3.55s|train_loss 0.00247368|val_loss 0.00017664
Epoch 287|time: 3.48s|train_loss 0.00240661|val_loss 0.00016925
Epoch 288|time: 3.36s|train_loss 0.00235994|val_loss 0.00017152
Epoch 289|time: 3.58s|train_loss 0.00243651|val_loss 0.00017570
Epoch 290|time: 3.37s|train_loss 0.00254896|val_loss 0.00016722
Best validation epoch: 290 Tue May 23 09:40:40 2023
TEST MAE 0.2189 | std 0.0619 | RMSE 0.3462 | RMSEs 0.3318 | PCC 0.9354 | PCCs 0.9130 | R2 0.8653 | R2s 0.7966 | Var 0.8688 | Vars 0.8103 | Peak 0.1282
Epoch 291|time: 3.38s|train_loss 0.00262479|val_loss 0.00017224
Epoch 292|time: 3.37s|train_loss 0.00249586|val_loss 0.00017091
Epoch 293|time: 3.36s|train_loss 0.00258698|val_loss 0.00016993
Epoch 294|time: 3.37s|train_loss 0.00245805|val_loss 0.00017036
Epoch 295|time: 3.45s|train_loss 0.00251246|val_loss 0.00017130
Epoch 296|time: 3.38s|train_loss 0.00240410|val_loss 0.00019337
Epoch 297|time: 3.35s|train_loss 0.00233340|val_loss 0.00018361
Epoch 298|time: 3.45s|train_loss 0.00246874|val_loss 0.00018585
Epoch 299|time: 3.43s|train_loss 0.00244524|val_loss 0.00017836
Epoch 300|time: 3.37s|train_loss 0.00244244|val_loss 0.00017783
Epoch 301|time: 3.54s|train_loss 0.00265516|val_loss 0.00017594
Epoch 302|time: 3.40s|train_loss 0.00298350|val_loss 0.00018383
Epoch 303|time: 3.40s|train_loss 0.00278722|val_loss 0.00018859
Epoch 304|time: 3.56s|train_loss 0.00284846|val_loss 0.00019646
Epoch 305|time: 3.37s|train_loss 0.00270402|val_loss 0.00017424
Epoch 306|time: 3.36s|train_loss 0.00289273|val_loss 0.00018477
Epoch 307|time: 3.36s|train_loss 0.00258127|val_loss 0.00022072
Epoch 308|time: 3.36s|train_loss 0.00255125|val_loss 0.00022078
Epoch 309|time: 3.38s|train_loss 0.00247375|val_loss 0.00017778
Epoch 310|time: 3.44s|train_loss 0.00245072|val_loss 0.00018111
Epoch 311|time: 3.36s|train_loss 0.00235753|val_loss 0.00017893
Epoch 312|time: 3.36s|train_loss 0.00239598|val_loss 0.00016809
Epoch 313|time: 3.35s|train_loss 0.00286006|val_loss 0.00017063
Epoch 314|time: 3.44s|train_loss 0.00266465|val_loss 0.00017145
Epoch 315|time: 3.39s|train_loss 0.00281231|val_loss 0.00016869
Epoch 316|time: 3.37s|train_loss 0.00251732|val_loss 0.00017330
Epoch 317|time: 3.36s|train_loss 0.00259821|val_loss 0.00019029
Epoch 318|time: 3.54s|train_loss 0.00273067|val_loss 0.00018360
Epoch 319|time: 3.36s|train_loss 0.00261423|val_loss 0.00019652
Epoch 320|time: 3.36s|train_loss 0.00237061|val_loss 0.00019558
Epoch 321|time: 3.54s|train_loss 0.00229962|val_loss 0.00019739
Epoch 322|time: 3.36s|train_loss 0.00227338|val_loss 0.00022693
Epoch 323|time: 3.36s|train_loss 0.00237706|val_loss 0.00020822
Epoch 324|time: 3.54s|train_loss 0.00229185|val_loss 0.00017134
Epoch 325|time: 3.37s|train_loss 0.00241056|val_loss 0.00018137
Epoch 326|time: 3.37s|train_loss 0.00233563|val_loss 0.00020706
Epoch 327|time: 3.48s|train_loss 0.00223937|val_loss 0.00018772
Epoch 328|time: 3.54s|train_loss 0.00274174|val_loss 0.00018425
Epoch 329|time: 3.48s|train_loss 0.00344416|val_loss 0.00020346
Epoch 330|time: 3.46s|train_loss 0.00285027|val_loss 0.00018555
Epoch 331|time: 3.44s|train_loss 0.00315952|val_loss 0.00019760
Epoch 332|time: 3.44s|train_loss 0.00295232|val_loss 0.00019973
Epoch 333|time: 3.57s|train_loss 0.00261589|val_loss 0.00018096
Epoch 334|time: 3.36s|train_loss 0.00293221|val_loss 0.00019561
Epoch 335|time: 3.41s|train_loss 0.00278086|val_loss 0.00018369
Epoch 336|time: 3.39s|train_loss 0.00258664|val_loss 0.00018215
Epoch 337|time: 3.43s|train_loss 0.00248962|val_loss 0.00018189
Epoch 338|time: 3.54s|train_loss 0.00240526|val_loss 0.00018370
Epoch 339|time: 3.51s|train_loss 0.00254253|val_loss 0.00018070
Epoch 340|time: 3.44s|train_loss 0.00241856|val_loss 0.00018263
Epoch 341|time: 3.36s|train_loss 0.00252343|val_loss 0.00018770
Epoch 342|time: 3.58s|train_loss 0.00233926|val_loss 0.00018107
Epoch 343|time: 3.38s|train_loss 0.00241979|val_loss 0.00021557
Epoch 344|time: 3.38s|train_loss 0.00260639|val_loss 0.00021546
Epoch 345|time: 3.36s|train_loss 0.00244637|val_loss 0.00019107
Epoch 346|time: 3.43s|train_loss 0.00231605|val_loss 0.00018843
Epoch 347|time: 3.47s|train_loss 0.00222401|val_loss 0.00017953
Epoch 348|time: 3.37s|train_loss 0.00222100|val_loss 0.00022550
Epoch 349|time: 3.37s|train_loss 0.00219818|val_loss 0.00017658
Epoch 350|time: 3.40s|train_loss 0.00211843|val_loss 0.00019538
Epoch 351|time: 3.45s|train_loss 0.00207924|val_loss 0.00020019
Epoch 352|time: 3.36s|train_loss 0.00215848|val_loss 0.00018830
Epoch 353|time: 3.45s|train_loss 0.00203958|val_loss 0.00017581
Epoch 354|time: 3.37s|train_loss 0.00201776|val_loss 0.00018925
Epoch 355|time: 3.37s|train_loss 0.00204180|val_loss 0.00017608
Epoch 356|time: 3.59s|train_loss 0.00214124|val_loss 0.00017890
Epoch 357|time: 3.44s|train_loss 0.00252057|val_loss 0.00017574
Epoch 358|time: 3.36s|train_loss 0.00246584|val_loss 0.00018529
Epoch 359|time: 3.47s|train_loss 0.00234574|val_loss 0.00022521
Epoch 360|time: 3.72s|train_loss 0.00234566|val_loss 0.00019931
Epoch 361|time: 3.48s|train_loss 0.00210545|val_loss 0.00018730
Epoch 362|time: 3.45s|train_loss 0.00199223|val_loss 0.00017215
Epoch 363|time: 3.36s|train_loss 0.00204292|val_loss 0.00017963
Epoch 364|time: 3.47s|train_loss 0.00208930|val_loss 0.00016946
Epoch 365|time: 3.41s|train_loss 0.00207585|val_loss 0.00016947
Epoch 366|time: 3.44s|train_loss 0.00218040|val_loss 0.00017313
Epoch 367|time: 3.65s|train_loss 0.00209164|val_loss 0.00017547
Epoch 368|time: 3.36s|train_loss 0.00209867|val_loss 0.00016965
Epoch 369|time: 3.37s|train_loss 0.00201039|val_loss 0.00017609
Epoch 370|time: 3.44s|train_loss 0.00199094|val_loss 0.00017434
Epoch 371|time: 3.43s|train_loss 0.00197452|val_loss 0.00017421
Epoch 372|time: 3.42s|train_loss 0.00200921|val_loss 0.00019794
Epoch 373|time: 3.39s|train_loss 0.00213383|val_loss 0.00021284
Epoch 374|time: 3.58s|train_loss 0.00211167|val_loss 0.00018283
Epoch 375|time: 3.35s|train_loss 0.00214565|val_loss 0.00018117
Epoch 376|time: 3.42s|train_loss 0.00215007|val_loss 0.00018446
Epoch 377|time: 3.35s|train_loss 0.00227326|val_loss 0.00019615
Epoch 378|time: 3.44s|train_loss 0.00262242|val_loss 0.00017247
Epoch 379|time: 3.46s|train_loss 0.00295692|val_loss 0.00016996
Epoch 380|time: 3.36s|train_loss 0.00293102|val_loss 0.00017895
Epoch 381|time: 3.36s|train_loss 0.00285315|val_loss 0.00017289
Epoch 382|time: 3.71s|train_loss 0.00277773|val_loss 0.00017174
Epoch 383|time: 3.36s|train_loss 0.00251403|val_loss 0.00017675
Epoch 384|time: 3.43s|train_loss 0.00263081|val_loss 0.00016989
Epoch 385|time: 3.37s|train_loss 0.00222104|val_loss 0.00017277
Epoch 386|time: 3.35s|train_loss 0.00214129|val_loss 0.00017855
Epoch 387|time: 3.37s|train_loss 0.00210607|val_loss 0.00018713
Epoch 388|time: 3.49s|train_loss 0.00216893|val_loss 0.00017658
Epoch 389|time: 3.37s|train_loss 0.00230246|val_loss 0.00017718
Epoch 390|time: 3.35s|train_loss 0.00246795|val_loss 0.00020027
Epoch 391|time: 3.37s|train_loss 0.00239519|val_loss 0.00020862
Epoch 392|time: 3.54s|train_loss 0.00226630|val_loss 0.00019777
Epoch 393|time: 3.78s|train_loss 0.00236792|val_loss 0.00017006
Epoch 394|time: 3.36s|train_loss 0.00288730|val_loss 0.00017621
Epoch 395|time: 3.36s|train_loss 0.00278251|val_loss 0.00016801
Epoch 396|time: 3.36s|train_loss 0.00230951|val_loss 0.00017090
Epoch 397|time: 3.55s|train_loss 0.00223302|val_loss 0.00017341
Epoch 398|time: 3.37s|train_loss 0.00217846|val_loss 0.00017736
Epoch 399|time: 3.36s|train_loss 0.00199629|val_loss 0.00017341
Epoch 400|time: 3.35s|train_loss 0.00191686|val_loss 0.00019053
Epoch 401|time: 3.37s|train_loss 0.00179771|val_loss 0.00018445
Epoch 402|time: 3.44s|train_loss 0.00185020|val_loss 0.00017883
Epoch 403|time: 3.64s|train_loss 0.00174873|val_loss 0.00018068
Epoch 404|time: 3.47s|train_loss 0.00176880|val_loss 0.00016821
Epoch 405|time: 3.49s|train_loss 0.00181000|val_loss 0.00017149
Epoch 406|time: 3.57s|train_loss 0.00202463|val_loss 0.00017622
Epoch 407|time: 3.56s|train_loss 0.00204453|val_loss 0.00018288
Epoch 408|time: 3.55s|train_loss 0.00182369|val_loss 0.00017255
Epoch 409|time: 3.84s|train_loss 0.00183765|val_loss 0.00016705
Best validation epoch: 409 Tue May 23 09:47:29 2023
TEST MAE 0.2228 | std 0.0625 | RMSE 0.3562 | RMSEs 0.3419 | PCC 0.9308 | PCCs 0.9052 | R2 0.8575 | R2s 0.7831 | Var 0.8596 | Vars 0.7935 | Peak 0.1314
Epoch 410|time: 3.85s|train_loss 0.00185037|val_loss 0.00018900
Epoch 411|time: 3.93s|train_loss 0.00178258|val_loss 0.00020542
Epoch 412|time: 3.97s|train_loss 0.00187151|val_loss 0.00018980
Epoch 413|time: 3.98s|train_loss 0.00183388|val_loss 0.00018782
Epoch 414|time: 3.71s|train_loss 0.00178046|val_loss 0.00018569
Epoch 415|time: 3.72s|train_loss 0.00167853|val_loss 0.00019067
Epoch 416|time: 3.85s|train_loss 0.00189789|val_loss 0.00019487
Epoch 417|time: 3.84s|train_loss 0.00188224|val_loss 0.00018137
Epoch 418|time: 3.80s|train_loss 0.00193480|val_loss 0.00017163
Epoch 419|time: 3.72s|train_loss 0.00196429|val_loss 0.00016630
Best validation epoch: 419 Tue May 23 09:48:08 2023
TEST MAE 0.2406 | std 0.0709 | RMSE 0.3936 | RMSEs 0.3767 | PCC 0.9271 | PCCs 0.9073 | R2 0.8260 | R2s 0.7320 | Var 0.8347 | Vars 0.7580 | Peak 0.1446
Epoch 420|time: 3.91s|train_loss 0.00207359|val_loss 0.00017208
Epoch 421|time: 3.96s|train_loss 0.00189871|val_loss 0.00017335
Epoch 422|time: 3.73s|train_loss 0.00180820|val_loss 0.00017658
Epoch 423|time: 3.71s|train_loss 0.00190866|val_loss 0.00016827
Epoch 424|time: 3.88s|train_loss 0.00182847|val_loss 0.00017045
Epoch 425|time: 3.72s|train_loss 0.00183135|val_loss 0.00016826
Epoch 426|time: 3.88s|train_loss 0.00179743|val_loss 0.00017249
Epoch 427|time: 4.01s|train_loss 0.00177502|val_loss 0.00018103
Epoch 428|time: 3.93s|train_loss 0.00169398|val_loss 0.00016824
Epoch 429|time: 3.84s|train_loss 0.00184740|val_loss 0.00017826
Epoch 430|time: 3.77s|train_loss 0.00176168|val_loss 0.00018940
Epoch 431|time: 3.88s|train_loss 0.00201733|val_loss 0.00022857
Epoch 432|time: 3.77s|train_loss 0.00200448|val_loss 0.00019054
Epoch 433|time: 3.37s|train_loss 0.00231778|val_loss 0.00017313
Epoch 434|time: 3.77s|train_loss 0.00193142|val_loss 0.00016561
Best validation epoch: 434 Tue May 23 09:49:06 2023
TEST MAE 0.2590 | std 0.0769 | RMSE 0.4226 | RMSEs 0.4043 | PCC 0.9247 | PCCs 0.9054 | R2 0.7994 | R2s 0.6866 | Var 0.8184 | Vars 0.7335 | Peak 0.1568
Epoch 435|time: 4.16s|train_loss 0.00193371|val_loss 0.00019022
Epoch 436|time: 4.53s|train_loss 0.00199353|val_loss 0.00017480
Epoch 437|time: 4.18s|train_loss 0.00174732|val_loss 0.00016907
Epoch 438|time: 4.94s|train_loss 0.00167717|val_loss 0.00018246
Epoch 439|time: 3.90s|train_loss 0.00174368|val_loss 0.00019568
Epoch 440|time: 3.73s|train_loss 0.00158176|val_loss 0.00020645
Epoch 441|time: 3.78s|train_loss 0.00164538|val_loss 0.00018471
Epoch 442|time: 3.62s|train_loss 0.00164095|val_loss 0.00018443
Epoch 443|time: 3.66s|train_loss 0.00168001|val_loss 0.00019221
Epoch 444|time: 3.71s|train_loss 0.00171639|val_loss 0.00017265
Epoch 445|time: 3.52s|train_loss 0.00154682|val_loss 0.00017101
Epoch 446|time: 3.55s|train_loss 0.00151012|val_loss 0.00017707
Epoch 447|time: 3.57s|train_loss 0.00150085|val_loss 0.00017382
Epoch 448|time: 3.37s|train_loss 0.00141497|val_loss 0.00017731
Epoch 449|time: 3.48s|train_loss 0.00143305|val_loss 0.00017270
Epoch 450|time: 3.49s|train_loss 0.00139577|val_loss 0.00016643
Epoch 451|time: 3.36s|train_loss 0.00137077|val_loss 0.00017992
Epoch 452|time: 3.56s|train_loss 0.00146227|val_loss 0.00017406
Epoch 453|time: 3.36s|train_loss 0.00165299|val_loss 0.00017103
Epoch 454|time: 3.36s|train_loss 0.00156891|val_loss 0.00019927
Epoch 455|time: 3.48s|train_loss 0.00150972|val_loss 0.00018132
Epoch 456|time: 3.44s|train_loss 0.00152119|val_loss 0.00017364
Epoch 457|time: 3.38s|train_loss 0.00157360|val_loss 0.00020040
Epoch 458|time: 3.45s|train_loss 0.00176542|val_loss 0.00027154
Epoch 459|time: 3.36s|train_loss 0.00211326|val_loss 0.00019343
Epoch 460|time: 3.44s|train_loss 0.00403752|val_loss 0.00018618
Epoch 461|time: 3.46s|train_loss 0.00467921|val_loss 0.00019532
Epoch 462|time: 3.36s|train_loss 0.00396884|val_loss 0.00017455
Epoch 463|time: 3.48s|train_loss 0.00306726|val_loss 0.00019447
Epoch 464|time: 3.38s|train_loss 0.00264778|val_loss 0.00017157
Epoch 465|time: 3.34s|train_loss 0.00225771|val_loss 0.00017140
Epoch 466|time: 3.44s|train_loss 0.00263254|val_loss 0.00022018
Epoch 467|time: 3.52s|train_loss 0.00270584|val_loss 0.00016758
Epoch 468|time: 3.36s|train_loss 0.00214704|val_loss 0.00019667
Epoch 469|time: 3.34s|train_loss 0.00246429|val_loss 0.00016867
Epoch 470|time: 3.44s|train_loss 0.00260887|val_loss 0.00016869
Epoch 471|time: 3.34s|train_loss 0.00217651|val_loss 0.00017468
Epoch 472|time: 3.36s|train_loss 0.00224057|val_loss 0.00018590
Epoch 473|time: 3.36s|train_loss 0.00214121|val_loss 0.00018817
Epoch 474|time: 4.09s|train_loss 0.00183884|val_loss 0.00018000
Epoch 475|time: 3.52s|train_loss 0.00161422|val_loss 0.00017048
Epoch 476|time: 3.44s|train_loss 0.00163471|val_loss 0.00017044
Epoch 477|time: 3.36s|train_loss 0.00153939|val_loss 0.00017067
Epoch 478|time: 3.36s|train_loss 0.00146286|val_loss 0.00016913
Epoch 479|time: 3.50s|train_loss 0.00143190|val_loss 0.00017341
Epoch 480|time: 3.47s|train_loss 0.00139064|val_loss 0.00016899
Epoch 481|time: 3.36s|train_loss 0.00134210|val_loss 0.00016864
Epoch 482|time: 3.39s|train_loss 0.00147671|val_loss 0.00016719
Epoch 483|time: 3.35s|train_loss 0.00164985|val_loss 0.00016761
Epoch 484|time: 3.45s|train_loss 0.00161256|val_loss 0.00017197
Epoch 485|time: 3.45s|train_loss 0.00149477|val_loss 0.00017075
Epoch 486|time: 3.36s|train_loss 0.00145185|val_loss 0.00016973
Epoch 487|time: 3.35s|train_loss 0.00147474|val_loss 0.00017299
Epoch 488|time: 3.46s|train_loss 0.00143727|val_loss 0.00016882
Epoch 489|time: 3.36s|train_loss 0.00138355|val_loss 0.00016779
Epoch 490|time: 3.42s|train_loss 0.00139093|val_loss 0.00017070
Epoch 491|time: 3.36s|train_loss 0.00142728|val_loss 0.00016947
Epoch 492|time: 3.51s|train_loss 0.00143854|val_loss 0.00018105
Epoch 493|time: 3.52s|train_loss 0.00137031|val_loss 0.00018553
Epoch 494|time: 3.35s|train_loss 0.00134838|val_loss 0.00018512
Epoch 495|time: 3.36s|train_loss 0.00129871|val_loss 0.00017085
Epoch 496|time: 3.45s|train_loss 0.00138560|val_loss 0.00016784
Epoch 497|time: 3.37s|train_loss 0.00143684|val_loss 0.00016969
Epoch 498|time: 3.44s|train_loss 0.00143407|val_loss 0.00016999
Epoch 499|time: 3.49s|train_loss 0.00147761|val_loss 0.00016892
Epoch 500|time: 3.36s|train_loss 0.00151288|val_loss 0.00017229
Final evaluation
TEST MAE 0.2590 | std 0.0769 | RMSE 0.4226 | RMSEs 0.4043 | PCC 0.9247 | PCCs 0.9054 | R2 0.7994 | R2s 0.6866 | Var 0.8184 | Vars 0.7335 | Peak 0.1568
