--------Parameters--------
Namespace(batch=32, bi=False, check_point=1, cuda=False, dataset='us_hhs', dropout=0.2, epilambda=0.1, epochs=500, gpu=3, hidsp=15, horizon=4, k=10, lamda=0.01, lr=0.01, model='cola_gnn_epi', mylog=False, n_hidden=20, n_layer=1, patience=200, rnn_model='RNN', save_dir='save', seed=42, shuffle=False, sim_mat='us_hhs-adj', test=0.2, train=0.6, val=0.2, weight_decay=0.0005, window=20)
--------------------------
data shape (364, 10)
size of train/val/test sets 195 73 73
#params: 5145
begin training
Epoch   1|time: 3.28s|train_loss 0.00317875|val_loss 0.00027991
Best validation epoch: 1 Tue May 23 19:05:51 2023
TEST MAE 0.3316 | std 0.0730 | RMSE 0.4782 | RMSEs 0.4618 | PCC 0.8668 | PCCs 0.8157 | R2 0.7431 | R2s 0.6088 | Var 0.7443 | Vars 0.6477 | Peak 0.1762
Epoch   2|time: 3.51s|train_loss 0.00264910|val_loss 0.00029178
Epoch   3|time: 3.48s|train_loss 0.00242920|val_loss 0.00040395
Epoch   4|time: 3.29s|train_loss 0.00227475|val_loss 0.00038269
Epoch   5|time: 3.43s|train_loss 0.00216369|val_loss 0.00033609
Epoch   6|time: 3.30s|train_loss 0.00203254|val_loss 0.00025941
Best validation epoch: 6 Tue May 23 19:06:08 2023
TEST MAE 0.2939 | std 0.0791 | RMSE 0.4577 | RMSEs 0.4404 | PCC 0.8816 | PCCs 0.8266 | R2 0.7647 | R2s 0.6487 | Var 0.7673 | Vars 0.6666 | Peak 0.1762
Epoch   7|time: 3.40s|train_loss 0.00191254|val_loss 0.00025532
Best validation epoch: 7 Tue May 23 19:06:13 2023
TEST MAE 0.2977 | std 0.0947 | RMSE 0.4707 | RMSEs 0.4506 | PCC 0.8836 | PCCs 0.8299 | R2 0.7511 | R2s 0.6376 | Var 0.7772 | Vars 0.6800 | Peak 0.1825
Epoch   8|time: 3.34s|train_loss 0.00191171|val_loss 0.00024848
Best validation epoch: 8 Tue May 23 19:06:17 2023
TEST MAE 0.2922 | std 0.0920 | RMSE 0.4661 | RMSEs 0.4464 | PCC 0.8831 | PCCs 0.8279 | R2 0.7560 | R2s 0.6438 | Var 0.7764 | Vars 0.6778 | Peak 0.1820
Epoch   9|time: 3.31s|train_loss 0.00181495|val_loss 0.00025289
Epoch  10|time: 3.29s|train_loss 0.00177607|val_loss 0.00024811
Best validation epoch: 10 Tue May 23 19:06:24 2023
TEST MAE 0.2801 | std 0.0868 | RMSE 0.4540 | RMSEs 0.4356 | PCC 0.8868 | PCCs 0.8323 | R2 0.7684 | R2s 0.6592 | Var 0.7809 | Vars 0.6831 | Peak 0.1767
Epoch  11|time: 3.40s|train_loss 0.00175237|val_loss 0.00026388
Epoch  12|time: 3.27s|train_loss 0.00174978|val_loss 0.00024111
Best validation epoch: 12 Tue May 23 19:06:31 2023
TEST MAE 0.2764 | std 0.0839 | RMSE 0.4349 | RMSEs 0.4172 | PCC 0.8908 | PCCs 0.8426 | R2 0.7876 | R2s 0.6861 | Var 0.7928 | Vars 0.7009 | Peak 0.1669
Epoch  13|time: 3.42s|train_loss 0.00173990|val_loss 0.00024180
Epoch  14|time: 3.40s|train_loss 0.00170530|val_loss 0.00024969
Epoch  15|time: 3.29s|train_loss 0.00178422|val_loss 0.00024821
Epoch  16|time: 3.41s|train_loss 0.00173614|val_loss 0.00024889
Epoch  17|time: 3.29s|train_loss 0.00173291|val_loss 0.00025289
Epoch  18|time: 3.33s|train_loss 0.00168549|val_loss 0.00031888
Epoch  19|time: 3.37s|train_loss 0.00172428|val_loss 0.00023363
Best validation epoch: 19 Tue May 23 19:06:56 2023
TEST MAE 0.2884 | std 0.0794 | RMSE 0.4245 | RMSEs 0.4101 | PCC 0.8938 | PCCs 0.8500 | R2 0.7976 | R2s 0.6909 | Var 0.7976 | Vars 0.7012 | Peak 0.1591
Epoch  20|time: 3.40s|train_loss 0.00173229|val_loss 0.00030062
Epoch  21|time: 3.32s|train_loss 0.00172647|val_loss 0.00036775
Epoch  22|time: 3.44s|train_loss 0.00174360|val_loss 0.00029857
Epoch  23|time: 3.25s|train_loss 0.00168463|val_loss 0.00032483
Epoch  24|time: 3.27s|train_loss 0.00173618|val_loss 0.00037472
Epoch  25|time: 3.44s|train_loss 0.00177957|val_loss 0.00024584
Epoch  26|time: 3.28s|train_loss 0.00170726|val_loss 0.00025741
Epoch  27|time: 3.29s|train_loss 0.00166313|val_loss 0.00027955
Epoch  28|time: 2.55s|train_loss 0.00167364|val_loss 0.00024586
Epoch  29|time: 2.16s|train_loss 0.00165171|val_loss 0.00024277
Epoch  30|time: 2.59s|train_loss 0.00165765|val_loss 0.00028139
Epoch  31|time: 3.25s|train_loss 0.00174803|val_loss 0.00024235
Epoch  32|time: 3.30s|train_loss 0.00170299|val_loss 0.00023786
Epoch  33|time: 3.33s|train_loss 0.00162651|val_loss 0.00023527
Epoch  34|time: 3.42s|train_loss 0.00156736|val_loss 0.00025298
Epoch  35|time: 3.46s|train_loss 0.00162479|val_loss 0.00025426
Epoch  36|time: 3.38s|train_loss 0.00159391|val_loss 0.00024434
Epoch  37|time: 3.33s|train_loss 0.00165566|val_loss 0.00027385
Epoch  38|time: 3.35s|train_loss 0.00159854|val_loss 0.00025714
Epoch  39|time: 3.47s|train_loss 0.00158301|val_loss 0.00023346
Best validation epoch: 39 Tue May 23 19:08:01 2023
TEST MAE 0.2687 | std 0.0788 | RMSE 0.4146 | RMSEs 0.3998 | PCC 0.8992 | PCCs 0.8548 | R2 0.8069 | R2s 0.7072 | Var 0.8085 | Vars 0.7153 | Peak 0.1595
Epoch  40|time: 3.39s|train_loss 0.00156328|val_loss 0.00025720
Epoch  41|time: 3.28s|train_loss 0.00153676|val_loss 0.00025769
Epoch  42|time: 3.43s|train_loss 0.00160069|val_loss 0.00024305
Epoch  43|time: 3.40s|train_loss 0.00157096|val_loss 0.00023851
Epoch  44|time: 3.33s|train_loss 0.00158271|val_loss 0.00024452
Epoch  45|time: 3.41s|train_loss 0.00158143|val_loss 0.00027090
Epoch  46|time: 3.32s|train_loss 0.00153923|val_loss 0.00026188
Epoch  47|time: 3.48s|train_loss 0.00152329|val_loss 0.00023887
Epoch  48|time: 3.33s|train_loss 0.00150571|val_loss 0.00025953
Epoch  49|time: 3.44s|train_loss 0.00153304|val_loss 0.00025015
Epoch  50|time: 3.36s|train_loss 0.00153073|val_loss 0.00024586
Epoch  51|time: 3.29s|train_loss 0.00152921|val_loss 0.00023957
Epoch  52|time: 3.58s|train_loss 0.00151131|val_loss 0.00024282
Epoch  53|time: 3.44s|train_loss 0.00153128|val_loss 0.00027064
Epoch  54|time: 3.28s|train_loss 0.00163283|val_loss 0.00027172
Epoch  55|time: 3.34s|train_loss 0.00155641|val_loss 0.00027232
Epoch  56|time: 3.30s|train_loss 0.00155235|val_loss 0.00030049
Epoch  57|time: 3.41s|train_loss 0.00150853|val_loss 0.00029220
Epoch  58|time: 3.40s|train_loss 0.00155241|val_loss 0.00043069
Epoch  59|time: 3.31s|train_loss 0.00159355|val_loss 0.00032066
Epoch  60|time: 3.35s|train_loss 0.00162537|val_loss 0.00032704
Epoch  61|time: 3.49s|train_loss 0.00156194|val_loss 0.00029575
Epoch  62|time: 3.28s|train_loss 0.00152401|val_loss 0.00023950
Epoch  63|time: 3.24s|train_loss 0.00151880|val_loss 0.00027486
Epoch  64|time: 3.37s|train_loss 0.00149258|val_loss 0.00026434
Epoch  65|time: 3.32s|train_loss 0.00151055|val_loss 0.00029819
Epoch  66|time: 3.25s|train_loss 0.00156229|val_loss 0.00027682
Epoch  67|time: 3.49s|train_loss 0.00149151|val_loss 0.00022893
Best validation epoch: 67 Tue May 23 19:09:36 2023
TEST MAE 0.2917 | std 0.0788 | RMSE 0.4288 | RMSEs 0.4160 | PCC 0.8950 | PCCs 0.8523 | R2 0.7935 | R2s 0.6729 | Var 0.7961 | Vars 0.6925 | Peak 0.1636
Epoch  68|time: 3.26s|train_loss 0.00151090|val_loss 0.00023687
Epoch  69|time: 3.28s|train_loss 0.00155488|val_loss 0.00026949
Epoch  70|time: 3.31s|train_loss 0.00153980|val_loss 0.00024298
Epoch  71|time: 3.39s|train_loss 0.00156690|val_loss 0.00023449
Epoch  72|time: 3.31s|train_loss 0.00153760|val_loss 0.00024178
Epoch  73|time: 3.34s|train_loss 0.00148212|val_loss 0.00023391
Epoch  74|time: 3.30s|train_loss 0.00150794|val_loss 0.00024363
Epoch  75|time: 3.35s|train_loss 0.00154832|val_loss 0.00025245
Epoch  76|time: 3.60s|train_loss 0.00152347|val_loss 0.00022944
Epoch  77|time: 3.36s|train_loss 0.00147534|val_loss 0.00024009
Epoch  78|time: 3.31s|train_loss 0.00151366|val_loss 0.00024585
Epoch  79|time: 3.36s|train_loss 0.00150064|val_loss 0.00024449
Epoch  80|time: 3.23s|train_loss 0.00145828|val_loss 0.00024121
Epoch  81|time: 3.40s|train_loss 0.00144855|val_loss 0.00023842
Epoch  82|time: 3.35s|train_loss 0.00146034|val_loss 0.00023835
Epoch  83|time: 3.26s|train_loss 0.00146981|val_loss 0.00024092
Epoch  84|time: 3.32s|train_loss 0.00152311|val_loss 0.00023738
Epoch  85|time: 3.44s|train_loss 0.00151070|val_loss 0.00027644
Epoch  86|time: 3.39s|train_loss 0.00150582|val_loss 0.00025044
Epoch  87|time: 3.27s|train_loss 0.00153754|val_loss 0.00024104
Epoch  88|time: 3.51s|train_loss 0.00151442|val_loss 0.00034126
Epoch  89|time: 3.32s|train_loss 0.00151652|val_loss 0.00026352
Epoch  90|time: 3.38s|train_loss 0.00150215|val_loss 0.00026268
Epoch  91|time: 3.37s|train_loss 0.00146847|val_loss 0.00027810
Epoch  92|time: 3.33s|train_loss 0.00153139|val_loss 0.00023706
Epoch  93|time: 3.35s|train_loss 0.00150521|val_loss 0.00023916
Epoch  94|time: 3.47s|train_loss 0.00156707|val_loss 0.00025395
Epoch  95|time: 3.37s|train_loss 0.00163268|val_loss 0.00026075
Epoch  96|time: 3.28s|train_loss 0.00152231|val_loss 0.00029854
Epoch  97|time: 3.39s|train_loss 0.00147173|val_loss 0.00023926
Epoch  98|time: 3.31s|train_loss 0.00149799|val_loss 0.00023212
Epoch  99|time: 3.27s|train_loss 0.00145904|val_loss 0.00023390
Epoch 100|time: 3.57s|train_loss 0.00146448|val_loss 0.00022517
Best validation epoch: 100 Tue May 23 19:11:27 2023
TEST MAE 0.2796 | std 0.0792 | RMSE 0.4221 | RMSEs 0.4075 | PCC 0.8971 | PCCs 0.8573 | R2 0.7998 | R2s 0.6892 | Var 0.7998 | Vars 0.6987 | Peak 0.1610
Epoch 101|time: 3.35s|train_loss 0.00147192|val_loss 0.00023310
Epoch 102|time: 3.42s|train_loss 0.00142873|val_loss 0.00028076
Epoch 103|time: 3.40s|train_loss 0.00145777|val_loss 0.00026114
Epoch 104|time: 3.29s|train_loss 0.00150174|val_loss 0.00025174
Epoch 105|time: 3.51s|train_loss 0.00153876|val_loss 0.00027151
Epoch 106|time: 3.32s|train_loss 0.00150327|val_loss 0.00023129
Epoch 107|time: 3.25s|train_loss 0.00148272|val_loss 0.00023656
Epoch 108|time: 3.40s|train_loss 0.00147722|val_loss 0.00023298
Epoch 109|time: 3.30s|train_loss 0.00143408|val_loss 0.00024054
Epoch 110|time: 3.32s|train_loss 0.00148449|val_loss 0.00023744
Epoch 111|time: 3.38s|train_loss 0.00143440|val_loss 0.00022988
Epoch 112|time: 3.34s|train_loss 0.00141360|val_loss 0.00025251
Epoch 113|time: 3.29s|train_loss 0.00141465|val_loss 0.00023087
Epoch 114|time: 3.36s|train_loss 0.00145844|val_loss 0.00023128
Epoch 115|time: 3.33s|train_loss 0.00145848|val_loss 0.00024252
Epoch 116|time: 3.31s|train_loss 0.00146638|val_loss 0.00023636
Epoch 117|time: 3.43s|train_loss 0.00152117|val_loss 0.00024357
Epoch 118|time: 3.45s|train_loss 0.00147450|val_loss 0.00023512
Epoch 119|time: 3.28s|train_loss 0.00146423|val_loss 0.00023365
Epoch 120|time: 3.49s|train_loss 0.00146003|val_loss 0.00022566
Epoch 121|time: 3.31s|train_loss 0.00143234|val_loss 0.00026288
Epoch 122|time: 3.36s|train_loss 0.00143500|val_loss 0.00022806
Epoch 123|time: 3.45s|train_loss 0.00144831|val_loss 0.00023252
Epoch 124|time: 3.43s|train_loss 0.00142971|val_loss 0.00024463
Epoch 125|time: 3.36s|train_loss 0.00143437|val_loss 0.00023757
Epoch 126|time: 3.55s|train_loss 0.00143495|val_loss 0.00022656
Epoch 127|time: 3.57s|train_loss 0.00141756|val_loss 0.00022925
Epoch 128|time: 3.63s|train_loss 0.00141013|val_loss 0.00023019
Epoch 129|time: 3.62s|train_loss 0.00142012|val_loss 0.00023745
Epoch 130|time: 3.59s|train_loss 0.00138572|val_loss 0.00024235
Epoch 131|time: 3.50s|train_loss 0.00139280|val_loss 0.00024571
Epoch 132|time: 3.75s|train_loss 0.00141221|val_loss 0.00029073
Epoch 133|time: 3.31s|train_loss 0.00146091|val_loss 0.00026460
Epoch 134|time: 3.58s|train_loss 0.00137746|val_loss 0.00023978
Epoch 135|time: 4.21s|train_loss 0.00136542|val_loss 0.00023163
Epoch 136|time: 3.48s|train_loss 0.00140791|val_loss 0.00022517
Epoch 137|time: 3.41s|train_loss 0.00140816|val_loss 0.00026235
Epoch 138|time: 3.30s|train_loss 0.00147447|val_loss 0.00026736
Epoch 139|time: 3.34s|train_loss 0.00140750|val_loss 0.00025808
Epoch 140|time: 4.37s|train_loss 0.00140619|val_loss 0.00023604
Epoch 141|time: 4.10s|train_loss 0.00140057|val_loss 0.00023122
Epoch 142|time: 3.75s|train_loss 0.00137235|val_loss 0.00023284
Epoch 143|time: 3.32s|train_loss 0.00138141|val_loss 0.00026323
Epoch 144|time: 3.46s|train_loss 0.00139860|val_loss 0.00022945
Epoch 145|time: 3.42s|train_loss 0.00138091|val_loss 0.00024975
Epoch 146|time: 3.35s|train_loss 0.00141201|val_loss 0.00025272
Epoch 147|time: 3.30s|train_loss 0.00140916|val_loss 0.00024570
Epoch 148|time: 3.32s|train_loss 0.00138845|val_loss 0.00024753
Epoch 149|time: 3.29s|train_loss 0.00139506|val_loss 0.00026237
Epoch 150|time: 3.44s|train_loss 0.00141569|val_loss 0.00026613
Epoch 151|time: 3.27s|train_loss 0.00143620|val_loss 0.00024860
Epoch 152|time: 3.32s|train_loss 0.00139667|val_loss 0.00022238
Best validation epoch: 152 Tue May 23 19:14:28 2023
TEST MAE 0.3009 | std 0.0883 | RMSE 0.4593 | RMSEs 0.4420 | PCC 0.8926 | PCCs 0.8567 | R2 0.7630 | R2s 0.6213 | Var 0.7719 | Vars 0.6547 | Peak 0.1710
Epoch 153|time: 3.33s|train_loss 0.00138218|val_loss 0.00023180
Epoch 154|time: 3.52s|train_loss 0.00142930|val_loss 0.00024554
Epoch 155|time: 3.30s|train_loss 0.00146235|val_loss 0.00032534
Epoch 156|time: 3.28s|train_loss 0.00145502|val_loss 0.00025213
Epoch 157|time: 3.35s|train_loss 0.00144923|val_loss 0.00022460
Epoch 158|time: 3.36s|train_loss 0.00143284|val_loss 0.00025941
Epoch 159|time: 3.47s|train_loss 0.00145880|val_loss 0.00025916
Epoch 160|time: 3.29s|train_loss 0.00145871|val_loss 0.00025909
Epoch 161|time: 3.28s|train_loss 0.00143944|val_loss 0.00023584
Epoch 162|time: 3.59s|train_loss 0.00142820|val_loss 0.00024261
Epoch 163|time: 3.43s|train_loss 0.00141380|val_loss 0.00027576
Epoch 164|time: 3.42s|train_loss 0.00141844|val_loss 0.00026276
Epoch 165|time: 3.31s|train_loss 0.00142993|val_loss 0.00025174
Epoch 166|time: 3.45s|train_loss 0.00140634|val_loss 0.00023459
Epoch 167|time: 3.34s|train_loss 0.00136775|val_loss 0.00025085
Epoch 168|time: 3.43s|train_loss 0.00136208|val_loss 0.00027028
Epoch 169|time: 3.38s|train_loss 0.00141689|val_loss 0.00023792
Epoch 170|time: 3.26s|train_loss 0.00137924|val_loss 0.00022737
Epoch 171|time: 3.33s|train_loss 0.00143987|val_loss 0.00024075
Epoch 172|time: 3.42s|train_loss 0.00143229|val_loss 0.00022267
Epoch 173|time: 3.44s|train_loss 0.00145144|val_loss 0.00025098
Epoch 174|time: 3.34s|train_loss 0.00139203|val_loss 0.00024140
Epoch 175|time: 3.52s|train_loss 0.00136339|val_loss 0.00023173
Epoch 176|time: 3.45s|train_loss 0.00136327|val_loss 0.00022964
Epoch 177|time: 3.33s|train_loss 0.00135488|val_loss 0.00025164
Epoch 178|time: 3.52s|train_loss 0.00138055|val_loss 0.00023080
Epoch 179|time: 3.35s|train_loss 0.00142111|val_loss 0.00021707
Best validation epoch: 179 Tue May 23 19:16:00 2023
TEST MAE 0.2718 | std 0.0854 | RMSE 0.4311 | RMSEs 0.4123 | PCC 0.8990 | PCCs 0.8688 | R2 0.7912 | R2s 0.6788 | Var 0.7929 | Vars 0.6960 | Peak 0.1615
Epoch 180|time: 3.36s|train_loss 0.00141309|val_loss 0.00022331
Epoch 181|time: 3.51s|train_loss 0.00140199|val_loss 0.00022736
Epoch 182|time: 3.34s|train_loss 0.00136548|val_loss 0.00022417
Epoch 183|time: 3.25s|train_loss 0.00136815|val_loss 0.00022805
Epoch 184|time: 3.38s|train_loss 0.00141106|val_loss 0.00025330
Epoch 185|time: 3.30s|train_loss 0.00137381|val_loss 0.00023271
Epoch 186|time: 3.35s|train_loss 0.00138663|val_loss 0.00024511
Epoch 187|time: 3.46s|train_loss 0.00137917|val_loss 0.00021759
Epoch 188|time: 3.39s|train_loss 0.00140514|val_loss 0.00025895
Epoch 189|time: 3.31s|train_loss 0.00142692|val_loss 0.00024904
Epoch 190|time: 3.31s|train_loss 0.00138408|val_loss 0.00024211
Epoch 191|time: 3.29s|train_loss 0.00136757|val_loss 0.00026899
Epoch 192|time: 3.47s|train_loss 0.00139887|val_loss 0.00024919
Epoch 193|time: 3.37s|train_loss 0.00138527|val_loss 0.00024691
Epoch 194|time: 3.29s|train_loss 0.00135426|val_loss 0.00023578
Epoch 195|time: 3.38s|train_loss 0.00136820|val_loss 0.00022574
Epoch 196|time: 3.47s|train_loss 0.00136938|val_loss 0.00023470
Epoch 197|time: 3.29s|train_loss 0.00138483|val_loss 0.00022424
Epoch 198|time: 3.37s|train_loss 0.00135763|val_loss 0.00022402
Epoch 199|time: 3.33s|train_loss 0.00145078|val_loss 0.00024428
Epoch 200|time: 3.46s|train_loss 0.00145445|val_loss 0.00024246
Epoch 201|time: 3.42s|train_loss 0.00138425|val_loss 0.00022490
Epoch 202|time: 3.79s|train_loss 0.00139709|val_loss 0.00025616
Epoch 203|time: 3.38s|train_loss 0.00138409|val_loss 0.00023375
Epoch 204|time: 3.44s|train_loss 0.00135140|val_loss 0.00022246
Epoch 205|time: 3.31s|train_loss 0.00135755|val_loss 0.00021949
Epoch 206|time: 4.25s|train_loss 0.00135433|val_loss 0.00026174
Epoch 207|time: 4.00s|train_loss 0.00135308|val_loss 0.00026775
Epoch 208|time: 3.46s|train_loss 0.00134299|val_loss 0.00026119
Epoch 209|time: 3.31s|train_loss 0.00134791|val_loss 0.00022661
Epoch 210|time: 3.66s|train_loss 0.00138068|val_loss 0.00023593
Epoch 211|time: 3.39s|train_loss 0.00136265|val_loss 0.00026776
Epoch 212|time: 3.45s|train_loss 0.00139513|val_loss 0.00022616
Epoch 213|time: 3.51s|train_loss 0.00134292|val_loss 0.00024482
Epoch 214|time: 3.48s|train_loss 0.00140107|val_loss 0.00022583
Epoch 215|time: 3.41s|train_loss 0.00137320|val_loss 0.00022275
Epoch 216|time: 3.35s|train_loss 0.00135123|val_loss 0.00022148
Epoch 217|time: 3.43s|train_loss 0.00135337|val_loss 0.00023361
Epoch 218|time: 3.51s|train_loss 0.00134473|val_loss 0.00022996
Epoch 219|time: 3.51s|train_loss 0.00132044|val_loss 0.00021858
Epoch 220|time: 3.39s|train_loss 0.00131804|val_loss 0.00023043
Epoch 221|time: 3.46s|train_loss 0.00131876|val_loss 0.00022170
Epoch 222|time: 3.39s|train_loss 0.00129496|val_loss 0.00023556
Epoch 223|time: 3.41s|train_loss 0.00135513|val_loss 0.00025676
Epoch 224|time: 3.86s|train_loss 0.00133230|val_loss 0.00024555
Epoch 225|time: 3.81s|train_loss 0.00135984|val_loss 0.00022500
Epoch 226|time: 3.38s|train_loss 0.00136018|val_loss 0.00022260
Epoch 227|time: 3.52s|train_loss 0.00132086|val_loss 0.00023746
Epoch 228|time: 3.78s|train_loss 0.00131115|val_loss 0.00021720
Epoch 229|time: 3.36s|train_loss 0.00128769|val_loss 0.00023362
Epoch 230|time: 3.35s|train_loss 0.00129658|val_loss 0.00021739
Epoch 231|time: 3.37s|train_loss 0.00128784|val_loss 0.00021870
Epoch 232|time: 3.40s|train_loss 0.00130529|val_loss 0.00023720
Epoch 233|time: 3.66s|train_loss 0.00134137|val_loss 0.00021455
Best validation epoch: 233 Tue May 23 19:19:08 2023
TEST MAE 0.2973 | std 0.0822 | RMSE 0.4565 | RMSEs 0.4395 | PCC 0.8892 | PCCs 0.8512 | R2 0.7660 | R2s 0.6257 | Var 0.7707 | Vars 0.6511 | Peak 0.1728
Epoch 234|time: 3.47s|train_loss 0.00140594|val_loss 0.00024519
Epoch 235|time: 3.52s|train_loss 0.00141929|val_loss 0.00022117
Epoch 236|time: 3.38s|train_loss 0.00136546|val_loss 0.00024961
Epoch 237|time: 3.36s|train_loss 0.00137816|val_loss 0.00031514
Epoch 238|time: 3.61s|train_loss 0.00135985|val_loss 0.00022101
Epoch 239|time: 3.69s|train_loss 0.00130942|val_loss 0.00021640
Epoch 240|time: 3.58s|train_loss 0.00130535|val_loss 0.00021826
Epoch 241|time: 3.48s|train_loss 0.00134396|val_loss 0.00024466
Epoch 242|time: 3.46s|train_loss 0.00134881|val_loss 0.00023690
Epoch 243|time: 3.34s|train_loss 0.00131901|val_loss 0.00024425
Epoch 244|time: 3.46s|train_loss 0.00129558|val_loss 0.00023704
Epoch 245|time: 3.39s|train_loss 0.00129356|val_loss 0.00021788
Epoch 246|time: 3.42s|train_loss 0.00131931|val_loss 0.00021158
Best validation epoch: 246 Tue May 23 19:19:54 2023
TEST MAE 0.3054 | std 0.0804 | RMSE 0.4682 | RMSEs 0.4527 | PCC 0.8792 | PCCs 0.8330 | R2 0.7538 | R2s 0.6035 | Var 0.7548 | Vars 0.6194 | Peak 0.1824
Epoch 247|time: 3.55s|train_loss 0.00133260|val_loss 0.00023753
Epoch 248|time: 3.47s|train_loss 0.00131802|val_loss 0.00022220
Epoch 249|time: 3.62s|train_loss 0.00128471|val_loss 0.00021933
Epoch 250|time: 3.47s|train_loss 0.00125616|val_loss 0.00021292
Epoch 251|time: 3.37s|train_loss 0.00125506|val_loss 0.00021744
Epoch 252|time: 3.67s|train_loss 0.00126965|val_loss 0.00021357
Epoch 253|time: 3.47s|train_loss 0.00125912|val_loss 0.00022126
Epoch 254|time: 3.41s|train_loss 0.00125991|val_loss 0.00022322
Epoch 255|time: 3.40s|train_loss 0.00125979|val_loss 0.00021859
Epoch 256|time: 3.48s|train_loss 0.00124718|val_loss 0.00022084
Epoch 257|time: 3.50s|train_loss 0.00129265|val_loss 0.00027757
Epoch 258|time: 3.49s|train_loss 0.00137917|val_loss 0.00029057
Epoch 259|time: 3.53s|train_loss 0.00146799|val_loss 0.00024106
Epoch 260|time: 3.47s|train_loss 0.00143273|val_loss 0.00024667
Epoch 261|time: 3.59s|train_loss 0.00138529|val_loss 0.00026153
Epoch 262|time: 3.54s|train_loss 0.00134687|val_loss 0.00023416
Epoch 263|time: 3.47s|train_loss 0.00131578|val_loss 0.00023358
Epoch 264|time: 4.08s|train_loss 0.00131283|val_loss 0.00023647
Epoch 265|time: 3.41s|train_loss 0.00130001|val_loss 0.00022951
Epoch 266|time: 3.63s|train_loss 0.00133545|val_loss 0.00027973
Epoch 267|time: 3.44s|train_loss 0.00133086|val_loss 0.00025991
Epoch 268|time: 3.40s|train_loss 0.00131580|val_loss 0.00028024
Epoch 269|time: 3.58s|train_loss 0.00136336|val_loss 0.00025308
Epoch 270|time: 3.48s|train_loss 0.00133044|val_loss 0.00025661
Epoch 271|time: 3.56s|train_loss 0.00135274|val_loss 0.00024688
Epoch 272|time: 3.50s|train_loss 0.00131658|val_loss 0.00026907
Epoch 273|time: 3.57s|train_loss 0.00130497|val_loss 0.00028946
Epoch 274|time: 3.51s|train_loss 0.00128920|val_loss 0.00025466
Epoch 275|time: 3.71s|train_loss 0.00130499|val_loss 0.00024867
Epoch 276|time: 3.57s|train_loss 0.00133852|val_loss 0.00025281
Epoch 277|time: 3.58s|train_loss 0.00128563|val_loss 0.00023816
Epoch 278|time: 3.68s|train_loss 0.00126632|val_loss 0.00023390
Epoch 279|time: 3.93s|train_loss 0.00123605|val_loss 0.00024474
Epoch 280|time: 3.57s|train_loss 0.00129802|val_loss 0.00023984
Epoch 281|time: 3.51s|train_loss 0.00125464|val_loss 0.00022568
Epoch 282|time: 3.41s|train_loss 0.00123904|val_loss 0.00022338
Epoch 283|time: 3.64s|train_loss 0.00126139|val_loss 0.00021869
Epoch 284|time: 3.52s|train_loss 0.00130938|val_loss 0.00021842
Epoch 285|time: 3.55s|train_loss 0.00128758|val_loss 0.00021616
Epoch 286|time: 3.55s|train_loss 0.00130940|val_loss 0.00021969
Epoch 287|time: 3.55s|train_loss 0.00122962|val_loss 0.00022329
Epoch 288|time: 3.54s|train_loss 0.00125360|val_loss 0.00022365
Epoch 289|time: 3.75s|train_loss 0.00126197|val_loss 0.00021492
Epoch 290|time: 3.60s|train_loss 0.00128013|val_loss 0.00021794
Epoch 291|time: 3.55s|train_loss 0.00130207|val_loss 0.00026879
Epoch 292|time: 3.67s|train_loss 0.00123179|val_loss 0.00029050
Epoch 293|time: 3.98s|train_loss 0.00124831|val_loss 0.00022165
Epoch 294|time: 6.08s|train_loss 0.00129213|val_loss 0.00022208
Epoch 295|time: 3.94s|train_loss 0.00122597|val_loss 0.00023258
Epoch 296|time: 3.70s|train_loss 0.00121104|val_loss 0.00021653
Epoch 297|time: 3.57s|train_loss 0.00121497|val_loss 0.00021955
Epoch 298|time: 3.64s|train_loss 0.00123569|val_loss 0.00021177
Epoch 299|time: 3.99s|train_loss 0.00124640|val_loss 0.00023035
Epoch 300|time: 3.58s|train_loss 0.00128403|val_loss 0.00024113
Epoch 301|time: 4.89s|train_loss 0.00121348|val_loss 0.00027566
Epoch 302|time: 3.73s|train_loss 0.00124401|val_loss 0.00022136
Epoch 303|time: 5.01s|train_loss 0.00124318|val_loss 0.00021641
Epoch 304|time: 4.49s|train_loss 0.00123394|val_loss 0.00021689
Epoch 305|time: 3.93s|train_loss 0.00121942|val_loss 0.00021530
Epoch 306|time: 4.03s|train_loss 0.00125560|val_loss 0.00021117
Best validation epoch: 306 Tue May 23 19:23:37 2023
TEST MAE 0.2993 | std 0.0896 | RMSE 0.4856 | RMSEs 0.4644 | PCC 0.8831 | PCCs 0.8500 | R2 0.7351 | R2s 0.5745 | Var 0.7445 | Vars 0.6142 | Peak 0.1803
Epoch 307|time: 3.73s|train_loss 0.00117531|val_loss 0.00021176
Epoch 308|time: 3.52s|train_loss 0.00129423|val_loss 0.00020847
Best validation epoch: 308 Tue May 23 19:23:45 2023
TEST MAE 0.3043 | std 0.0960 | RMSE 0.4944 | RMSEs 0.4712 | PCC 0.8821 | PCCs 0.8517 | R2 0.7254 | R2s 0.5647 | Var 0.7304 | Vars 0.5914 | Peak 0.1842
Epoch 309|time: 3.94s|train_loss 0.00128295|val_loss 0.00024078
Epoch 310|time: 3.86s|train_loss 0.00129918|val_loss 0.00025319
Epoch 311|time: 3.64s|train_loss 0.00122048|val_loss 0.00025212
Epoch 312|time: 3.70s|train_loss 0.00121470|val_loss 0.00023850
Epoch 313|time: 3.53s|train_loss 0.00123655|val_loss 0.00023854
Epoch 314|time: 3.69s|train_loss 0.00126282|val_loss 0.00023583
Epoch 315|time: 3.51s|train_loss 0.00122121|val_loss 0.00021604
Epoch 316|time: 3.70s|train_loss 0.00123218|val_loss 0.00022492
Epoch 317|time: 3.51s|train_loss 0.00120107|val_loss 0.00021826
Epoch 318|time: 3.56s|train_loss 0.00115394|val_loss 0.00022132
Epoch 319|time: 3.68s|train_loss 0.00120520|val_loss 0.00021178
Epoch 320|time: 3.66s|train_loss 0.00121603|val_loss 0.00025944
Epoch 321|time: 3.49s|train_loss 0.00124626|val_loss 0.00024679
Epoch 322|time: 3.71s|train_loss 0.00136009|val_loss 0.00024380
Epoch 323|time: 3.51s|train_loss 0.00132315|val_loss 0.00025185
Epoch 324|time: 3.54s|train_loss 0.00126637|val_loss 0.00023208
Epoch 325|time: 3.80s|train_loss 0.00120853|val_loss 0.00023218
Epoch 326|time: 3.69s|train_loss 0.00119229|val_loss 0.00023402
Epoch 327|time: 3.52s|train_loss 0.00118874|val_loss 0.00024037
Epoch 328|time: 3.54s|train_loss 0.00120166|val_loss 0.00022198
Epoch 329|time: 3.52s|train_loss 0.00118239|val_loss 0.00021594
Epoch 330|time: 3.52s|train_loss 0.00121406|val_loss 0.00020972
Epoch 331|time: 3.65s|train_loss 0.00125317|val_loss 0.00021658
Epoch 332|time: 3.61s|train_loss 0.00129441|val_loss 0.00021940
Epoch 333|time: 3.65s|train_loss 0.00125007|val_loss 0.00021295
Epoch 334|time: 3.57s|train_loss 0.00117519|val_loss 0.00022737
Epoch 335|time: 3.66s|train_loss 0.00121758|val_loss 0.00023508
Epoch 336|time: 3.62s|train_loss 0.00122033|val_loss 0.00023482
Epoch 337|time: 3.53s|train_loss 0.00119469|val_loss 0.00023611
Epoch 338|time: 3.61s|train_loss 0.00117878|val_loss 0.00022546
Epoch 339|time: 3.78s|train_loss 0.00115970|val_loss 0.00021162
Epoch 340|time: 3.59s|train_loss 0.00118257|val_loss 0.00024167
Epoch 341|time: 3.63s|train_loss 0.00118912|val_loss 0.00020860
Epoch 342|time: 3.57s|train_loss 0.00126709|val_loss 0.00021536
Epoch 343|time: 3.69s|train_loss 0.00123932|val_loss 0.00023181
Epoch 344|time: 3.62s|train_loss 0.00132505|val_loss 0.00028606
Epoch 345|time: 3.69s|train_loss 0.00131077|val_loss 0.00023163
Epoch 346|time: 3.53s|train_loss 0.00121274|val_loss 0.00023250
Epoch 347|time: 3.64s|train_loss 0.00119405|val_loss 0.00024185
Epoch 348|time: 3.55s|train_loss 0.00118884|val_loss 0.00028059
Epoch 349|time: 3.65s|train_loss 0.00120106|val_loss 0.00021291
Epoch 350|time: 3.71s|train_loss 0.00116198|val_loss 0.00022076
Epoch 351|time: 3.57s|train_loss 0.00116048|val_loss 0.00022220
Epoch 352|time: 3.65s|train_loss 0.00114299|val_loss 0.00021848
Epoch 353|time: 3.86s|train_loss 0.00118771|val_loss 0.00021694
Epoch 354|time: 3.61s|train_loss 0.00115405|val_loss 0.00020796
Best validation epoch: 354 Tue May 23 19:26:32 2023
TEST MAE 0.3274 | std 0.1023 | RMSE 0.5200 | RMSEs 0.4955 | PCC 0.8793 | PCCs 0.8457 | R2 0.6963 | R2s 0.5141 | Var 0.7070 | Vars 0.5496 | Peak 0.1934
Epoch 355|time: 3.76s|train_loss 0.00116362|val_loss 0.00021751
Epoch 356|time: 3.55s|train_loss 0.00118962|val_loss 0.00024757
Epoch 357|time: 3.61s|train_loss 0.00123623|val_loss 0.00022450
Epoch 358|time: 3.85s|train_loss 0.00120045|val_loss 0.00022051
Epoch 359|time: 3.72s|train_loss 0.00116659|val_loss 0.00025486
Epoch 360|time: 3.59s|train_loss 0.00119457|val_loss 0.00021841
Epoch 361|time: 3.59s|train_loss 0.00124476|val_loss 0.00021698
Epoch 362|time: 3.62s|train_loss 0.00117139|val_loss 0.00024845
Epoch 363|time: 3.76s|train_loss 0.00118609|val_loss 0.00025032
Epoch 364|time: 3.74s|train_loss 0.00120142|val_loss 0.00024496
Epoch 365|time: 3.52s|train_loss 0.00120508|val_loss 0.00024571
Epoch 366|time: 3.86s|train_loss 0.00120066|val_loss 0.00026307
Epoch 367|time: 3.64s|train_loss 0.00124078|val_loss 0.00023508
Epoch 368|time: 3.61s|train_loss 0.00121791|val_loss 0.00023040
Epoch 369|time: 3.69s|train_loss 0.00121716|val_loss 0.00023216
Epoch 370|time: 3.59s|train_loss 0.00119819|val_loss 0.00023877
Epoch 371|time: 3.72s|train_loss 0.00115819|val_loss 0.00023661
Epoch 372|time: 3.57s|train_loss 0.00117182|val_loss 0.00022540
Epoch 373|time: 3.60s|train_loss 0.00116758|val_loss 0.00020986
Epoch 374|time: 3.66s|train_loss 0.00111751|val_loss 0.00021028
Epoch 375|time: 3.70s|train_loss 0.00116112|val_loss 0.00021352
Epoch 376|time: 3.54s|train_loss 0.00117662|val_loss 0.00025646
Epoch 377|time: 3.78s|train_loss 0.00119357|val_loss 0.00026282
Epoch 378|time: 3.62s|train_loss 0.00122569|val_loss 0.00021249
Epoch 379|time: 3.61s|train_loss 0.00124847|val_loss 0.00020950
Epoch 380|time: 3.69s|train_loss 0.00118921|val_loss 0.00026173
Epoch 381|time: 3.76s|train_loss 0.00120888|val_loss 0.00023204
Epoch 382|time: 3.67s|train_loss 0.00116968|val_loss 0.00021693
Epoch 383|time: 3.57s|train_loss 0.00116290|val_loss 0.00024757
Epoch 384|time: 3.60s|train_loss 0.00119547|val_loss 0.00021459
Epoch 385|time: 3.69s|train_loss 0.00121109|val_loss 0.00023243
Epoch 386|time: 3.63s|train_loss 0.00117876|val_loss 0.00022793
Epoch 387|time: 3.62s|train_loss 0.00115575|val_loss 0.00024833
Epoch 388|time: 3.60s|train_loss 0.00115477|val_loss 0.00026575
Epoch 389|time: 3.65s|train_loss 0.00117889|val_loss 0.00022317
Epoch 390|time: 3.59s|train_loss 0.00120569|val_loss 0.00021977
Epoch 391|time: 3.78s|train_loss 0.00119860|val_loss 0.00021537
Epoch 392|time: 3.63s|train_loss 0.00120685|val_loss 0.00021414
Epoch 393|time: 3.62s|train_loss 0.00122114|val_loss 0.00023395
Epoch 394|time: 3.62s|train_loss 0.00125067|val_loss 0.00023314
Epoch 395|time: 3.73s|train_loss 0.00129099|val_loss 0.00021863
Epoch 396|time: 3.59s|train_loss 0.00120289|val_loss 0.00023177
Epoch 397|time: 3.61s|train_loss 0.00117535|val_loss 0.00023955
Epoch 398|time: 3.54s|train_loss 0.00115445|val_loss 0.00020872
Epoch 399|time: 3.73s|train_loss 0.00117034|val_loss 0.00020831
Epoch 400|time: 3.59s|train_loss 0.00117446|val_loss 0.00021048
Epoch 401|time: 3.65s|train_loss 0.00118842|val_loss 0.00020888
Epoch 402|time: 3.70s|train_loss 0.00116110|val_loss 0.00021988
Epoch 403|time: 3.58s|train_loss 0.00112393|val_loss 0.00020515
Best validation epoch: 403 Tue May 23 19:29:32 2023
TEST MAE 0.3271 | std 0.0919 | RMSE 0.5312 | RMSEs 0.5084 | PCC 0.8667 | PCCs 0.8261 | R2 0.6831 | R2s 0.4788 | Var 0.6995 | Vars 0.5356 | Peak 0.2028
Epoch 404|time: 3.75s|train_loss 0.00119405|val_loss 0.00023517
Epoch 405|time: 3.59s|train_loss 0.00119446|val_loss 0.00021020
Epoch 406|time: 3.64s|train_loss 0.00121119|val_loss 0.00023516
Epoch 407|time: 3.71s|train_loss 0.00115971|val_loss 0.00021974
Epoch 408|time: 3.61s|train_loss 0.00115761|val_loss 0.00020678
Epoch 409|time: 3.76s|train_loss 0.00116311|val_loss 0.00021775
Epoch 410|time: 3.76s|train_loss 0.00111814|val_loss 0.00021037
Epoch 411|time: 3.79s|train_loss 0.00111259|val_loss 0.00023250
Epoch 412|time: 3.66s|train_loss 0.00114793|val_loss 0.00023824
Epoch 413|time: 3.75s|train_loss 0.00114350|val_loss 0.00023487
Epoch 414|time: 3.62s|train_loss 0.00114583|val_loss 0.00020680
Epoch 415|time: 3.64s|train_loss 0.00111665|val_loss 0.00020964
Epoch 416|time: 3.65s|train_loss 0.00110252|val_loss 0.00026179
Epoch 417|time: 3.70s|train_loss 0.00112948|val_loss 0.00022661
Epoch 418|time: 3.81s|train_loss 0.00116229|val_loss 0.00025622
Epoch 419|time: 3.71s|train_loss 0.00110695|val_loss 0.00020899
Epoch 420|time: 3.80s|train_loss 0.00123755|val_loss 0.00020689
Epoch 421|time: 3.63s|train_loss 0.00115186|val_loss 0.00021422
Epoch 422|time: 3.61s|train_loss 0.00117182|val_loss 0.00022250
Epoch 423|time: 3.68s|train_loss 0.00114284|val_loss 0.00020598
Epoch 424|time: 3.79s|train_loss 0.00114688|val_loss 0.00021678
Epoch 425|time: 3.67s|train_loss 0.00118983|val_loss 0.00021675
Epoch 426|time: 3.68s|train_loss 0.00116849|val_loss 0.00023692
Epoch 427|time: 3.60s|train_loss 0.00116081|val_loss 0.00023260
Epoch 428|time: 3.73s|train_loss 0.00119456|val_loss 0.00020473
Best validation epoch: 428 Tue May 23 19:31:05 2023
TEST MAE 0.3190 | std 0.1106 | RMSE 0.5290 | RMSEs 0.4999 | PCC 0.8854 | PCCs 0.8626 | R2 0.6857 | R2s 0.5019 | Var 0.7164 | Vars 0.5851 | Peak 0.1953
Epoch 429|time: 3.70s|train_loss 0.00118229|val_loss 0.00021380
Epoch 430|time: 3.66s|train_loss 0.00120300|val_loss 0.00022340
Epoch 431|time: 3.65s|train_loss 0.00114085|val_loss 0.00024079
Epoch 432|time: 3.75s|train_loss 0.00114625|val_loss 0.00022986
Epoch 433|time: 3.68s|train_loss 0.00113707|val_loss 0.00020956
Epoch 434|time: 3.73s|train_loss 0.00115201|val_loss 0.00020724
Epoch 435|time: 3.61s|train_loss 0.00116062|val_loss 0.00021572
Epoch 436|time: 3.75s|train_loss 0.00120508|val_loss 0.00020644
Epoch 437|time: 3.73s|train_loss 0.00113807|val_loss 0.00021702
Epoch 438|time: 3.75s|train_loss 0.00113864|val_loss 0.00023130
Epoch 439|time: 3.68s|train_loss 0.00117864|val_loss 0.00021199
Epoch 440|time: 3.55s|train_loss 0.00116042|val_loss 0.00020600
Epoch 441|time: 3.77s|train_loss 0.00112982|val_loss 0.00021545
Epoch 442|time: 3.78s|train_loss 0.00108978|val_loss 0.00020662
Epoch 443|time: 3.70s|train_loss 0.00110553|val_loss 0.00020424
Best validation epoch: 443 Tue May 23 19:32:02 2023
TEST MAE 0.3100 | std 0.0894 | RMSE 0.5031 | RMSEs 0.4838 | PCC 0.8610 | PCCs 0.8068 | R2 0.7156 | R2s 0.5460 | Var 0.7159 | Vars 0.5571 | Peak 0.1939
Epoch 444|time: 3.68s|train_loss 0.00112633|val_loss 0.00023890
Epoch 445|time: 3.85s|train_loss 0.00112385|val_loss 0.00021926
Epoch 446|time: 3.62s|train_loss 0.00110294|val_loss 0.00020310
Best validation epoch: 446 Tue May 23 19:32:14 2023
TEST MAE 0.2949 | std 0.0954 | RMSE 0.4767 | RMSEs 0.4538 | PCC 0.8815 | PCCs 0.8478 | R2 0.7448 | R2s 0.6010 | Var 0.7502 | Vars 0.6307 | Peak 0.1779
Epoch 447|time: 3.84s|train_loss 0.00113672|val_loss 0.00021862
Epoch 448|time: 3.67s|train_loss 0.00114677|val_loss 0.00021237
Epoch 449|time: 3.77s|train_loss 0.00112479|val_loss 0.00022152
Epoch 450|time: 3.76s|train_loss 0.00113916|val_loss 0.00020509
Epoch 451|time: 3.69s|train_loss 0.00110383|val_loss 0.00022033
Epoch 452|time: 3.77s|train_loss 0.00112521|val_loss 0.00021032
Epoch 453|time: 3.59s|train_loss 0.00110664|val_loss 0.00020025
Best validation epoch: 453 Tue May 23 19:32:41 2023
TEST MAE 0.3318 | std 0.0953 | RMSE 0.5369 | RMSEs 0.5136 | PCC 0.8648 | PCCs 0.8205 | R2 0.6762 | R2s 0.4761 | Var 0.6870 | Vars 0.5127 | Peak 0.2051
Epoch 454|time: 3.61s|train_loss 0.00113751|val_loss 0.00021119
Epoch 455|time: 3.64s|train_loss 0.00116732|val_loss 0.00021011
Epoch 456|time: 3.85s|train_loss 0.00112832|val_loss 0.00020601
Epoch 457|time: 3.75s|train_loss 0.00113112|val_loss 0.00021617
Epoch 458|time: 3.70s|train_loss 0.00113802|val_loss 0.00021173
Epoch 459|time: 3.70s|train_loss 0.00112153|val_loss 0.00020941
Epoch 460|time: 3.78s|train_loss 0.00112857|val_loss 0.00023083
Epoch 461|time: 3.68s|train_loss 0.00116112|val_loss 0.00021367
Epoch 462|time: 3.66s|train_loss 0.00112602|val_loss 0.00023134
Epoch 463|time: 3.77s|train_loss 0.00115133|val_loss 0.00022681
Epoch 464|time: 3.72s|train_loss 0.00116681|val_loss 0.00022405
Epoch 465|time: 3.69s|train_loss 0.00116531|val_loss 0.00022123
Epoch 466|time: 3.66s|train_loss 0.00110954|val_loss 0.00020767
Epoch 467|time: 3.60s|train_loss 0.00110545|val_loss 0.00021794
Epoch 468|time: 3.76s|train_loss 0.00110491|val_loss 0.00021384
Epoch 469|time: 3.58s|train_loss 0.00109036|val_loss 0.00022433
Epoch 470|time: 3.73s|train_loss 0.00108361|val_loss 0.00024522
Epoch 471|time: 3.85s|train_loss 0.00106975|val_loss 0.00025503
Epoch 472|time: 3.71s|train_loss 0.00110189|val_loss 0.00021204
Epoch 473|time: 3.65s|train_loss 0.00112344|val_loss 0.00022793
Epoch 474|time: 3.65s|train_loss 0.00107391|val_loss 0.00020822
Epoch 475|time: 3.68s|train_loss 0.00106041|val_loss 0.00020638
Epoch 476|time: 3.58s|train_loss 0.00106591|val_loss 0.00021660
Epoch 477|time: 3.65s|train_loss 0.00107113|val_loss 0.00021665
Epoch 478|time: 3.67s|train_loss 0.00105593|val_loss 0.00021100
Epoch 479|time: 3.82s|train_loss 0.00107849|val_loss 0.00022051
Epoch 480|time: 3.65s|train_loss 0.00105371|val_loss 0.00020722
Epoch 481|time: 3.64s|train_loss 0.00104230|val_loss 0.00020928
Epoch 482|time: 3.75s|train_loss 0.00104126|val_loss 0.00022097
Epoch 483|time: 3.62s|train_loss 0.00111264|val_loss 0.00020276
Epoch 484|time: 3.95s|train_loss 0.00112635|val_loss 0.00020782
Epoch 485|time: 3.59s|train_loss 0.00110123|val_loss 0.00022633
Epoch 486|time: 3.60s|train_loss 0.00109014|val_loss 0.00020198
Epoch 487|time: 3.78s|train_loss 0.00104170|val_loss 0.00020393
Epoch 488|time: 3.67s|train_loss 0.00106000|val_loss 0.00020212
Epoch 489|time: 3.74s|train_loss 0.00109054|val_loss 0.00020838
Epoch 490|time: 3.70s|train_loss 0.00105820|val_loss 0.00020384
Epoch 491|time: 3.60s|train_loss 0.00111173|val_loss 0.00022852
Epoch 492|time: 3.74s|train_loss 0.00106856|val_loss 0.00023642
Epoch 493|time: 3.54s|train_loss 0.00107419|val_loss 0.00023460
Epoch 494|time: 3.67s|train_loss 0.00106213|val_loss 0.00022591
Epoch 495|time: 3.59s|train_loss 0.00107351|val_loss 0.00025200
Epoch 496|time: 3.58s|train_loss 0.00105588|val_loss 0.00021523
Epoch 497|time: 3.69s|train_loss 0.00105049|val_loss 0.00022659
Epoch 498|time: 3.63s|train_loss 0.00108183|val_loss 0.00021192
Epoch 499|time: 3.64s|train_loss 0.00108609|val_loss 0.00023922
Epoch 500|time: 3.57s|train_loss 0.00103915|val_loss 0.00022487
Final evaluation
TEST MAE 0.3318 | std 0.0953 | RMSE 0.5369 | RMSEs 0.5136 | PCC 0.8648 | PCCs 0.8205 | R2 0.6762 | R2s 0.4761 | Var 0.6870 | Vars 0.5127 | Peak 0.2051
