--------Parameters--------
Namespace(batch=32, bi=False, check_point=1, cuda=False, dataset='us_hhs', dropout=0.2, epilambda=0.5, epochs=500, gpu=3, hidsp=15, horizon=4, k=10, lamda=0.01, lr=0.001, model='cola_gnn_epi', mylog=False, n_hidden=30, n_layer=1, patience=200, rnn_model='RNN', save_dir='save', seed=42, shuffle=False, sim_mat='us_hhs-adj', test=0.2, train=0.6, val=0.2, weight_decay=0.0005, window=20)
--------------------------
data shape (364, 10)
size of train/val/test sets 195 73 73
#params: 9885
begin training
Epoch   1|time: 3.43s|train_loss 0.01481690|val_loss 0.00157199
Best validation epoch: 1 Tue May 23 16:45:37 2023
TEST MAE 2.0244 | std 0.7551 | RMSE 2.4871 | RMSEs 2.3524 | PCC -0.6858 | PCCs -0.6819 | R2 -5.9484 | R2s -8.7901 | Var -1.3448 | Vars -1.5424 | Peak 1.2147
Epoch   2|time: 3.60s|train_loss 0.01254551|val_loss 0.00115474
Best validation epoch: 2 Tue May 23 16:45:41 2023
TEST MAE 1.2720 | std 0.2932 | RMSE 1.4652 | RMSEs 1.4266 | PCC 0.1544 | PCCs -0.6924 | R2 -1.4116 | R2s -3.2005 | Var -0.3946 | Vars -0.6820 | Peak 0.2756
Epoch   3|time: 3.50s|train_loss 0.01196718|val_loss 0.00077397
Best validation epoch: 3 Tue May 23 16:45:46 2023
TEST MAE 0.8194 | std 0.1690 | RMSE 0.9838 | RMSEs 0.9606 | PCC 0.3092 | PCCs -0.4122 | R2 -0.0872 | R2s -0.7576 | Var 0.0268 | Vars -0.2153 | Peak 0.2754
Epoch   4|time: 3.54s|train_loss 0.01138782|val_loss 0.00056228
Best validation epoch: 4 Tue May 23 16:45:50 2023
TEST MAE 0.7277 | std 0.3300 | RMSE 1.0771 | RMSEs 0.9984 | PCC 0.4453 | PCCs 0.1766 | R2 -0.3031 | R2s -0.7130 | Var 0.1829 | Vars 0.0392 | Peak 0.5274
Epoch   5|time: 3.52s|train_loss 0.01107944|val_loss 0.00056347
Epoch   6|time: 3.74s|train_loss 0.01084834|val_loss 0.00044001
Best validation epoch: 6 Tue May 23 16:45:58 2023
TEST MAE 0.4943 | std 0.2131 | RMSE 0.7790 | RMSEs 0.7193 | PCC 0.7026 | PCCs 0.6279 | R2 0.3184 | R2s 0.1119 | Var 0.4440 | Vars 0.3417 | Peak 0.3501
Epoch   7|time: 3.64s|train_loss 0.01075579|val_loss 0.00041975
Best validation epoch: 7 Tue May 23 16:46:03 2023
TEST MAE 0.4394 | std 0.1565 | RMSE 0.6647 | RMSEs 0.6204 | PCC 0.7464 | PCCs 0.6947 | R2 0.5037 | R2s 0.3315 | Var 0.5305 | Vars 0.4481 | Peak 0.2760
Epoch   8|time: 3.56s|train_loss 0.01064046|val_loss 0.00039857
Best validation epoch: 8 Tue May 23 16:46:07 2023
TEST MAE 0.4126 | std 0.1626 | RMSE 0.6386 | RMSEs 0.5933 | PCC 0.7764 | PCCs 0.7289 | R2 0.5419 | R2s 0.3905 | Var 0.5780 | Vars 0.5047 | Peak 0.2675
Epoch   9|time: 3.51s|train_loss 0.01040405|val_loss 0.00038912
Best validation epoch: 9 Tue May 23 16:46:11 2023
TEST MAE 0.4071 | std 0.1874 | RMSE 0.6503 | RMSEs 0.5999 | PCC 0.7969 | PCCs 0.7497 | R2 0.5249 | R2s 0.3807 | Var 0.6008 | Vars 0.5303 | Peak 0.2792
Epoch  10|time: 3.42s|train_loss 0.01023295|val_loss 0.00036873
Best validation epoch: 10 Tue May 23 16:46:16 2023
TEST MAE 0.3896 | std 0.1205 | RMSE 0.5755 | RMSEs 0.5429 | PCC 0.8075 | PCCs 0.7653 | R2 0.6279 | R2s 0.4801 | Var 0.6330 | Vars 0.5583 | Peak 0.2319
Epoch  11|time: 3.50s|train_loss 0.01011174|val_loss 0.00036385
Best validation epoch: 11 Tue May 23 16:46:20 2023
TEST MAE 0.3809 | std 0.1747 | RMSE 0.6148 | RMSEs 0.5688 | PCC 0.8239 | PCCs 0.7773 | R2 0.5755 | R2s 0.4423 | Var 0.6460 | Vars 0.5742 | Peak 0.2623
Epoch  12|time: 3.50s|train_loss 0.00992311|val_loss 0.00033739
Best validation epoch: 12 Tue May 23 16:46:25 2023
TEST MAE 0.3563 | std 0.1229 | RMSE 0.5486 | RMSEs 0.5158 | PCC 0.8323 | PCCs 0.7865 | R2 0.6619 | R2s 0.5336 | Var 0.6735 | Vars 0.5936 | Peak 0.2251
Epoch  13|time: 3.83s|train_loss 0.00968372|val_loss 0.00034129
Epoch  14|time: 3.63s|train_loss 0.00941492|val_loss 0.00031899
Best validation epoch: 14 Tue May 23 16:46:33 2023
TEST MAE 0.3360 | std 0.1050 | RMSE 0.5127 | RMSEs 0.4866 | PCC 0.8476 | PCCs 0.7993 | R2 0.7047 | R2s 0.5791 | Var 0.7088 | Vars 0.6241 | Peak 0.2058
Epoch  15|time: 3.60s|train_loss 0.00926708|val_loss 0.00033636
Epoch  16|time: 3.50s|train_loss 0.00883101|val_loss 0.00030083
Best validation epoch: 16 Tue May 23 16:46:41 2023
TEST MAE 0.3174 | std 0.1135 | RMSE 0.5069 | RMSEs 0.4805 | PCC 0.8562 | PCCs 0.8010 | R2 0.7114 | R2s 0.5919 | Var 0.7257 | Vars 0.6306 | Peak 0.2068
Epoch  17|time: 3.51s|train_loss 0.00879750|val_loss 0.00033649
Epoch  18|time: 3.77s|train_loss 0.00876235|val_loss 0.00037007
Epoch  19|time: 3.45s|train_loss 0.00851328|val_loss 0.00029547
Best validation epoch: 19 Tue May 23 16:46:52 2023
TEST MAE 0.3056 | std 0.1012 | RMSE 0.4908 | RMSEs 0.4684 | PCC 0.8650 | PCCs 0.8057 | R2 0.7294 | R2s 0.6085 | Var 0.7403 | Vars 0.6355 | Peak 0.1983
Epoch  20|time: 3.61s|train_loss 0.00858230|val_loss 0.00030204
Epoch  21|time: 3.44s|train_loss 0.00837909|val_loss 0.00030147
Epoch  22|time: 3.70s|train_loss 0.00836978|val_loss 0.00028640
Best validation epoch: 22 Tue May 23 16:47:04 2023
TEST MAE 0.3116 | std 0.0808 | RMSE 0.4631 | RMSEs 0.4468 | PCC 0.8718 | PCCs 0.8164 | R2 0.7591 | R2s 0.6348 | Var 0.7594 | Vars 0.6549 | Peak 0.1789
Epoch  23|time: 3.73s|train_loss 0.00827219|val_loss 0.00027383
Best validation epoch: 23 Tue May 23 16:47:08 2023
TEST MAE 0.2964 | std 0.0944 | RMSE 0.4710 | RMSEs 0.4515 | PCC 0.8733 | PCCs 0.8166 | R2 0.7508 | R2s 0.6332 | Var 0.7619 | Vars 0.6547 | Peak 0.1870
Epoch  24|time: 3.60s|train_loss 0.00829438|val_loss 0.00027285
Best validation epoch: 24 Tue May 23 16:47:13 2023
TEST MAE 0.2951 | std 0.0903 | RMSE 0.4663 | RMSEs 0.4478 | PCC 0.8744 | PCCs 0.8172 | R2 0.7557 | R2s 0.6377 | Var 0.7640 | Vars 0.6548 | Peak 0.1838
Epoch  25|time: 3.81s|train_loss 0.00820608|val_loss 0.00027759
Epoch  26|time: 3.49s|train_loss 0.00818684|val_loss 0.00028371
Epoch  27|time: 3.52s|train_loss 0.00815949|val_loss 0.00027807
Epoch  28|time: 3.62s|train_loss 0.00816734|val_loss 0.00026683
Best validation epoch: 28 Tue May 23 16:47:28 2023
TEST MAE 0.3028 | std 0.0837 | RMSE 0.4577 | RMSEs 0.4414 | PCC 0.8751 | PCCs 0.8175 | R2 0.7646 | R2s 0.6441 | Var 0.7656 | Vars 0.6526 | Peak 0.1757
Epoch  29|time: 4.19s|train_loss 0.00811553|val_loss 0.00026456
Best validation epoch: 29 Tue May 23 16:47:33 2023
TEST MAE 0.2945 | std 0.0807 | RMSE 0.4513 | RMSEs 0.4350 | PCC 0.8793 | PCCs 0.8272 | R2 0.7712 | R2s 0.6543 | Var 0.7730 | Vars 0.6672 | Peak 0.1718
Epoch  30|time: 4.02s|train_loss 0.00824186|val_loss 0.00026655
Epoch  31|time: 4.36s|train_loss 0.00812151|val_loss 0.00026782
Epoch  32|time: 3.76s|train_loss 0.00807759|val_loss 0.00028067
Epoch  33|time: 3.85s|train_loss 0.00803153|val_loss 0.00026323
Best validation epoch: 33 Tue May 23 16:47:50 2023
TEST MAE 0.2951 | std 0.0869 | RMSE 0.4575 | RMSEs 0.4404 | PCC 0.8791 | PCCs 0.8228 | R2 0.7649 | R2s 0.6475 | Var 0.7725 | Vars 0.6632 | Peak 0.1773
Epoch  34|time: 4.24s|train_loss 0.00802316|val_loss 0.00028692
Epoch  35|time: 3.65s|train_loss 0.00804738|val_loss 0.00025847
Best validation epoch: 35 Tue May 23 16:47:59 2023
TEST MAE 0.2975 | std 0.0860 | RMSE 0.4513 | RMSEs 0.4344 | PCC 0.8811 | PCCs 0.8279 | R2 0.7713 | R2s 0.6559 | Var 0.7761 | Vars 0.6675 | Peak 0.1727
Epoch  36|time: 3.65s|train_loss 0.00798598|val_loss 0.00026519
Epoch  37|time: 3.81s|train_loss 0.00796626|val_loss 0.00026404
Epoch  38|time: 3.86s|train_loss 0.00799755|val_loss 0.00026337
Epoch  39|time: 3.53s|train_loss 0.00798438|val_loss 0.00026567
Epoch  40|time: 3.86s|train_loss 0.00793311|val_loss 0.00026840
Epoch  41|time: 3.50s|train_loss 0.00791630|val_loss 0.00025889
Epoch  42|time: 3.57s|train_loss 0.00789486|val_loss 0.00028547
Epoch  43|time: 3.62s|train_loss 0.00792444|val_loss 0.00025884
Epoch  44|time: 3.58s|train_loss 0.00790842|val_loss 0.00027318
Epoch  45|time: 3.49s|train_loss 0.00795137|val_loss 0.00029043
Epoch  46|time: 3.69s|train_loss 0.00783760|val_loss 0.00025680
Best validation epoch: 46 Tue May 23 16:48:40 2023
TEST MAE 0.2986 | std 0.0933 | RMSE 0.4487 | RMSEs 0.4311 | PCC 0.8825 | PCCs 0.8288 | R2 0.7738 | R2s 0.6629 | Var 0.7777 | Vars 0.6710 | Peak 0.1714
Epoch  47|time: 3.52s|train_loss 0.00785953|val_loss 0.00026127
Epoch  48|time: 3.56s|train_loss 0.00779761|val_loss 0.00025903
Epoch  49|time: 3.89s|train_loss 0.00793177|val_loss 0.00027747
Epoch  50|time: 3.51s|train_loss 0.00777833|val_loss 0.00026399
Epoch  51|time: 3.81s|train_loss 0.00779723|val_loss 0.00027600
Epoch  52|time: 3.63s|train_loss 0.00777484|val_loss 0.00026948
Epoch  53|time: 3.72s|train_loss 0.00775291|val_loss 0.00030759
Epoch  54|time: 3.52s|train_loss 0.00775913|val_loss 0.00027198
Epoch  55|time: 3.54s|train_loss 0.00778089|val_loss 0.00029030
Epoch  56|time: 3.63s|train_loss 0.00770205|val_loss 0.00028263
Epoch  57|time: 3.48s|train_loss 0.00767688|val_loss 0.00026242
Epoch  58|time: 3.56s|train_loss 0.00763235|val_loss 0.00028804
Epoch  59|time: 3.52s|train_loss 0.00762972|val_loss 0.00025630
Best validation epoch: 59 Tue May 23 16:49:27 2023
TEST MAE 0.2942 | std 0.0881 | RMSE 0.4378 | RMSEs 0.4219 | PCC 0.8900 | PCCs 0.8409 | R2 0.7847 | R2s 0.6756 | Var 0.7907 | Vars 0.6881 | Peak 0.1626
Epoch  60|time: 3.55s|train_loss 0.00762672|val_loss 0.00028028
Epoch  61|time: 3.62s|train_loss 0.00768336|val_loss 0.00025785
Epoch  62|time: 3.56s|train_loss 0.00757912|val_loss 0.00024889
Best validation epoch: 62 Tue May 23 16:49:39 2023
TEST MAE 0.2887 | std 0.0835 | RMSE 0.4309 | RMSEs 0.4151 | PCC 0.8905 | PCCs 0.8409 | R2 0.7914 | R2s 0.6859 | Var 0.7915 | Vars 0.6923 | Peak 0.1618
Epoch  63|time: 3.63s|train_loss 0.00748420|val_loss 0.00028609
Epoch  64|time: 3.63s|train_loss 0.00750987|val_loss 0.00027197
Epoch  65|time: 3.85s|train_loss 0.00745097|val_loss 0.00025088
Epoch  66|time: 3.61s|train_loss 0.00741888|val_loss 0.00025691
Epoch  67|time: 3.55s|train_loss 0.00740131|val_loss 0.00025312
Epoch  68|time: 3.71s|train_loss 0.00739594|val_loss 0.00025069
Epoch  69|time: 3.78s|train_loss 0.00741722|val_loss 0.00026276
Epoch  70|time: 3.68s|train_loss 0.00728304|val_loss 0.00027099
Epoch  71|time: 3.53s|train_loss 0.00733473|val_loss 0.00025497
Epoch  72|time: 3.51s|train_loss 0.00730915|val_loss 0.00027754
Epoch  73|time: 3.56s|train_loss 0.00728021|val_loss 0.00024180
Best validation epoch: 73 Tue May 23 16:50:20 2023
TEST MAE 0.3098 | std 0.0810 | RMSE 0.4394 | RMSEs 0.4247 | PCC 0.8892 | PCCs 0.8448 | R2 0.7831 | R2s 0.6685 | Var 0.7864 | Vars 0.6898 | Peak 0.1618
Epoch  74|time: 3.53s|train_loss 0.00717944|val_loss 0.00028911
Epoch  75|time: 3.51s|train_loss 0.00710576|val_loss 0.00025253
Epoch  76|time: 3.50s|train_loss 0.00703508|val_loss 0.00025160
Epoch  77|time: 3.51s|train_loss 0.00710773|val_loss 0.00024758
Epoch  78|time: 3.67s|train_loss 0.00700664|val_loss 0.00025089
Epoch  79|time: 3.51s|train_loss 0.00700893|val_loss 0.00026707
Epoch  80|time: 3.43s|train_loss 0.00699638|val_loss 0.00026721
Epoch  81|time: 3.70s|train_loss 0.00694723|val_loss 0.00025381
Epoch  82|time: 3.52s|train_loss 0.00707923|val_loss 0.00024812
Epoch  83|time: 3.54s|train_loss 0.00692281|val_loss 0.00026681
Epoch  84|time: 3.59s|train_loss 0.00688605|val_loss 0.00026454
Epoch  85|time: 3.53s|train_loss 0.00685749|val_loss 0.00026649
Epoch  86|time: 3.84s|train_loss 0.00688965|val_loss 0.00026230
Epoch  87|time: 3.48s|train_loss 0.00677153|val_loss 0.00025310
Epoch  88|time: 3.50s|train_loss 0.00669689|val_loss 0.00024698
Epoch  89|time: 3.44s|train_loss 0.00667844|val_loss 0.00025914
Epoch  90|time: 3.47s|train_loss 0.00663147|val_loss 0.00023815
Best validation epoch: 90 Tue May 23 16:51:21 2023
TEST MAE 0.2743 | std 0.0946 | RMSE 0.4326 | RMSEs 0.4115 | PCC 0.8914 | PCCs 0.8551 | R2 0.7898 | R2s 0.6976 | Var 0.7941 | Vars 0.7090 | Peak 0.1662
Epoch  91|time: 3.64s|train_loss 0.00675954|val_loss 0.00023587
Best validation epoch: 91 Tue May 23 16:51:25 2023
TEST MAE 0.2829 | std 0.0943 | RMSE 0.4356 | RMSEs 0.4155 | PCC 0.8908 | PCCs 0.8518 | R2 0.7869 | R2s 0.6910 | Var 0.7915 | Vars 0.7017 | Peak 0.1662
Epoch  92|time: 3.69s|train_loss 0.00662808|val_loss 0.00023316
Best validation epoch: 92 Tue May 23 16:51:30 2023
TEST MAE 0.2794 | std 0.0904 | RMSE 0.4264 | RMSEs 0.4068 | PCC 0.8938 | PCCs 0.8588 | R2 0.7958 | R2s 0.7019 | Var 0.7958 | Vars 0.7105 | Peak 0.1616
Epoch  93|time: 3.54s|train_loss 0.00677421|val_loss 0.00030365
Epoch  94|time: 3.63s|train_loss 0.00666921|val_loss 0.00029890
Epoch  95|time: 3.56s|train_loss 0.00665043|val_loss 0.00025453
Epoch  96|time: 3.53s|train_loss 0.00655640|val_loss 0.00025205
Epoch  97|time: 3.76s|train_loss 0.00655630|val_loss 0.00023667
Epoch  98|time: 3.52s|train_loss 0.00652712|val_loss 0.00025120
Epoch  99|time: 3.54s|train_loss 0.00662615|val_loss 0.00024034
Epoch 100|time: 3.73s|train_loss 0.00646794|val_loss 0.00024437
Epoch 101|time: 3.41s|train_loss 0.00644216|val_loss 0.00023653
Epoch 102|time: 3.49s|train_loss 0.00647532|val_loss 0.00024638
Epoch 103|time: 3.50s|train_loss 0.00654300|val_loss 0.00024012
Epoch 104|time: 3.71s|train_loss 0.00642433|val_loss 0.00024248
Epoch 105|time: 3.59s|train_loss 0.00650010|val_loss 0.00025319
Epoch 106|time: 3.47s|train_loss 0.00642558|val_loss 0.00024212
Epoch 107|time: 3.49s|train_loss 0.00638729|val_loss 0.00022960
Best validation epoch: 107 Tue May 23 16:52:24 2023
TEST MAE 0.2791 | std 0.0920 | RMSE 0.4287 | RMSEs 0.4073 | PCC 0.8926 | PCCs 0.8630 | R2 0.7935 | R2s 0.7007 | Var 0.7936 | Vars 0.7120 | Peak 0.1632
Epoch 108|time: 3.53s|train_loss 0.00642265|val_loss 0.00024402
Epoch 109|time: 3.52s|train_loss 0.00633921|val_loss 0.00024467
Epoch 110|time: 3.54s|train_loss 0.00631967|val_loss 0.00024301
Epoch 111|time: 3.60s|train_loss 0.00630843|val_loss 0.00022744
Best validation epoch: 111 Tue May 23 16:52:39 2023
TEST MAE 0.2811 | std 0.0924 | RMSE 0.4247 | RMSEs 0.4047 | PCC 0.8986 | PCCs 0.8678 | R2 0.7974 | R2s 0.7014 | Var 0.7999 | Vars 0.7183 | Peak 0.1624
Epoch 112|time: 3.46s|train_loss 0.00630480|val_loss 0.00024705
Epoch 113|time: 3.55s|train_loss 0.00625052|val_loss 0.00023266
Epoch 114|time: 3.48s|train_loss 0.00622116|val_loss 0.00023604
Epoch 115|time: 3.54s|train_loss 0.00623716|val_loss 0.00022943
Epoch 116|time: 3.55s|train_loss 0.00620241|val_loss 0.00024387
Epoch 117|time: 3.72s|train_loss 0.00623774|val_loss 0.00022596
Best validation epoch: 117 Tue May 23 16:53:01 2023
TEST MAE 0.2776 | std 0.0901 | RMSE 0.4232 | RMSEs 0.4043 | PCC 0.8967 | PCCs 0.8628 | R2 0.7988 | R2s 0.7027 | Var 0.7990 | Vars 0.7125 | Peak 0.1632
Epoch 118|time: 3.56s|train_loss 0.00623530|val_loss 0.00023102
Epoch 119|time: 3.58s|train_loss 0.00616152|val_loss 0.00022635
Epoch 120|time: 3.53s|train_loss 0.00618321|val_loss 0.00023117
Epoch 121|time: 3.75s|train_loss 0.00616421|val_loss 0.00023876
Epoch 122|time: 3.71s|train_loss 0.00620458|val_loss 0.00023525
Epoch 123|time: 3.57s|train_loss 0.00615393|val_loss 0.00022823
Epoch 124|time: 3.62s|train_loss 0.00609200|val_loss 0.00026571
Epoch 125|time: 3.46s|train_loss 0.00619897|val_loss 0.00023828
Epoch 126|time: 3.55s|train_loss 0.00639789|val_loss 0.00026057
Epoch 127|time: 3.58s|train_loss 0.00617914|val_loss 0.00024365
Epoch 128|time: 3.53s|train_loss 0.00621699|val_loss 0.00022663
Epoch 129|time: 3.44s|train_loss 0.00610463|val_loss 0.00026626
Epoch 130|time: 3.56s|train_loss 0.00603413|val_loss 0.00024621
Epoch 131|time: 3.63s|train_loss 0.00597803|val_loss 0.00024651
Epoch 132|time: 3.78s|train_loss 0.00618099|val_loss 0.00022909
Epoch 133|time: 3.72s|train_loss 0.00615341|val_loss 0.00024431
Epoch 134|time: 4.19s|train_loss 0.00603588|val_loss 0.00023430
Epoch 135|time: 3.72s|train_loss 0.00607245|val_loss 0.00023103
Epoch 136|time: 3.45s|train_loss 0.00619415|val_loss 0.00033229
Epoch 137|time: 3.69s|train_loss 0.00641294|val_loss 0.00026919
Epoch 138|time: 3.56s|train_loss 0.00608459|val_loss 0.00028147
Epoch 139|time: 4.56s|train_loss 0.00610653|val_loss 0.00025302
Epoch 140|time: 4.29s|train_loss 0.00607497|val_loss 0.00024427
Epoch 141|time: 4.39s|train_loss 0.00616036|val_loss 0.00025882
Epoch 142|time: 4.12s|train_loss 0.00620078|val_loss 0.00024664
Epoch 143|time: 3.75s|train_loss 0.00602544|val_loss 0.00025384
Epoch 144|time: 3.52s|train_loss 0.00598139|val_loss 0.00023836
Epoch 145|time: 4.84s|train_loss 0.00597167|val_loss 0.00025446
Epoch 146|time: 4.27s|train_loss 0.00598044|val_loss 0.00023014
Epoch 147|time: 3.90s|train_loss 0.00601350|val_loss 0.00023684
Epoch 148|time: 3.97s|train_loss 0.00586550|val_loss 0.00024675
Epoch 149|time: 4.76s|train_loss 0.00587413|val_loss 0.00023179
Epoch 150|time: 5.19s|train_loss 0.00587765|val_loss 0.00024065
Epoch 151|time: 4.43s|train_loss 0.00591931|val_loss 0.00023340
Epoch 152|time: 4.75s|train_loss 0.00586363|val_loss 0.00026228
Epoch 153|time: 4.01s|train_loss 0.00590327|val_loss 0.00024393
Epoch 154|time: 3.55s|train_loss 0.00602720|val_loss 0.00024929
Epoch 155|time: 4.65s|train_loss 0.00612504|val_loss 0.00025387
Epoch 156|time: 3.86s|train_loss 0.00614603|val_loss 0.00023174
Epoch 157|time: 3.62s|train_loss 0.00615240|val_loss 0.00023038
Epoch 158|time: 3.63s|train_loss 0.00592514|val_loss 0.00024861
Epoch 159|time: 3.57s|train_loss 0.00593121|val_loss 0.00023787
Epoch 160|time: 3.87s|train_loss 0.00587145|val_loss 0.00025081
Epoch 161|time: 3.50s|train_loss 0.00580353|val_loss 0.00023743
Epoch 162|time: 3.51s|train_loss 0.00578066|val_loss 0.00024179
Epoch 163|time: 3.70s|train_loss 0.00576160|val_loss 0.00022889
Epoch 164|time: 3.41s|train_loss 0.00579764|val_loss 0.00025005
Epoch 165|time: 3.49s|train_loss 0.00587491|val_loss 0.00024279
Epoch 166|time: 3.48s|train_loss 0.00575975|val_loss 0.00024036
Epoch 167|time: 3.99s|train_loss 0.00577795|val_loss 0.00022559
Best validation epoch: 167 Tue May 23 16:56:15 2023
TEST MAE 0.2742 | std 0.0897 | RMSE 0.4207 | RMSEs 0.4002 | PCC 0.8965 | PCCs 0.8681 | R2 0.8012 | R2s 0.7114 | Var 0.8015 | Vars 0.7261 | Peak 0.1606
Epoch 168|time: 3.62s|train_loss 0.00572237|val_loss 0.00024324
Epoch 169|time: 3.49s|train_loss 0.00576461|val_loss 0.00022491
Best validation epoch: 169 Tue May 23 16:56:23 2023
TEST MAE 0.2743 | std 0.0897 | RMSE 0.4222 | RMSEs 0.4020 | PCC 0.8960 | PCCs 0.8650 | R2 0.7998 | R2s 0.7085 | Var 0.7999 | Vars 0.7194 | Peak 0.1628
Epoch 170|time: 3.67s|train_loss 0.00571382|val_loss 0.00024431
Epoch 171|time: 3.57s|train_loss 0.00579511|val_loss 0.00022577
Epoch 172|time: 3.84s|train_loss 0.00573202|val_loss 0.00024652
Epoch 173|time: 3.42s|train_loss 0.00577421|val_loss 0.00023004
Epoch 174|time: 3.73s|train_loss 0.00581885|val_loss 0.00023405
Epoch 175|time: 3.47s|train_loss 0.00575787|val_loss 0.00023780
Epoch 176|time: 3.61s|train_loss 0.00570857|val_loss 0.00023463
Epoch 177|time: 3.62s|train_loss 0.00575948|val_loss 0.00022883
Epoch 178|time: 3.47s|train_loss 0.00573456|val_loss 0.00024081
Epoch 179|time: 3.51s|train_loss 0.00583521|val_loss 0.00023001
Epoch 180|time: 3.53s|train_loss 0.00584856|val_loss 0.00023590
Epoch 181|time: 3.65s|train_loss 0.00576948|val_loss 0.00022827
Epoch 182|time: 3.60s|train_loss 0.00567720|val_loss 0.00023412
Epoch 183|time: 3.50s|train_loss 0.00565803|val_loss 0.00023309
Epoch 184|time: 3.57s|train_loss 0.00566497|val_loss 0.00023418
Epoch 185|time: 3.56s|train_loss 0.00567159|val_loss 0.00023681
Epoch 186|time: 3.47s|train_loss 0.00563601|val_loss 0.00022827
Epoch 187|time: 3.46s|train_loss 0.00561190|val_loss 0.00024371
Epoch 188|time: 3.49s|train_loss 0.00563835|val_loss 0.00023452
Epoch 189|time: 3.42s|train_loss 0.00566062|val_loss 0.00023209
Epoch 190|time: 3.55s|train_loss 0.00566404|val_loss 0.00024832
Epoch 191|time: 3.63s|train_loss 0.00563956|val_loss 0.00023230
Epoch 192|time: 3.46s|train_loss 0.00561837|val_loss 0.00023273
Epoch 193|time: 3.63s|train_loss 0.00569158|val_loss 0.00023728
Epoch 194|time: 3.60s|train_loss 0.00578650|val_loss 0.00022681
Epoch 195|time: 4.36s|train_loss 0.00559971|val_loss 0.00025906
Epoch 196|time: 4.06s|train_loss 0.00574812|val_loss 0.00024196
Epoch 197|time: 4.55s|train_loss 0.00558853|val_loss 0.00027757
Epoch 198|time: 3.91s|train_loss 0.00584273|val_loss 0.00023944
Epoch 199|time: 4.20s|train_loss 0.00572613|val_loss 0.00024038
Epoch 200|time: 4.02s|train_loss 0.00575779|val_loss 0.00023000
Epoch 201|time: 4.24s|train_loss 0.00569411|val_loss 0.00022921
Epoch 202|time: 4.08s|train_loss 0.00568011|val_loss 0.00023313
Epoch 203|time: 4.12s|train_loss 0.00565791|val_loss 0.00024238
Epoch 204|time: 4.08s|train_loss 0.00571340|val_loss 0.00023235
Epoch 205|time: 3.61s|train_loss 0.00559501|val_loss 0.00022986
Epoch 206|time: 4.05s|train_loss 0.00558427|val_loss 0.00022425
Best validation epoch: 206 Tue May 23 16:58:42 2023
TEST MAE 0.2764 | std 0.0882 | RMSE 0.4186 | RMSEs 0.4000 | PCC 0.8984 | PCCs 0.8681 | R2 0.8032 | R2s 0.7103 | Var 0.8039 | Vars 0.7264 | Peak 0.1635
Epoch 207|time: 4.37s|train_loss 0.00552861|val_loss 0.00023419
Epoch 208|time: 3.61s|train_loss 0.00556664|val_loss 0.00023326
Epoch 209|time: 3.57s|train_loss 0.00550598|val_loss 0.00023611
Epoch 210|time: 3.61s|train_loss 0.00559773|val_loss 0.00023320
Epoch 211|time: 3.49s|train_loss 0.00548701|val_loss 0.00022725
Epoch 212|time: 3.47s|train_loss 0.00552124|val_loss 0.00022461
Epoch 213|time: 3.84s|train_loss 0.00550521|val_loss 0.00024427
Epoch 214|time: 3.48s|train_loss 0.00554579|val_loss 0.00023253
Epoch 215|time: 3.49s|train_loss 0.00549293|val_loss 0.00023031
Epoch 216|time: 3.90s|train_loss 0.00552759|val_loss 0.00025096
Epoch 217|time: 3.47s|train_loss 0.00553856|val_loss 0.00023829
Epoch 218|time: 3.46s|train_loss 0.00556783|val_loss 0.00022645
Epoch 219|time: 4.41s|train_loss 0.00557308|val_loss 0.00025019
Epoch 220|time: 3.52s|train_loss 0.00562615|val_loss 0.00023521
Epoch 221|time: 4.00s|train_loss 0.00556088|val_loss 0.00025981
Epoch 222|time: 3.48s|train_loss 0.00554209|val_loss 0.00023744
Epoch 223|time: 3.52s|train_loss 0.00544862|val_loss 0.00023987
Epoch 224|time: 3.72s|train_loss 0.00551522|val_loss 0.00023014
Epoch 225|time: 3.77s|train_loss 0.00554589|val_loss 0.00023452
Epoch 226|time: 3.77s|train_loss 0.00550369|val_loss 0.00022542
Epoch 227|time: 3.59s|train_loss 0.00581433|val_loss 0.00022781
Epoch 228|time: 3.66s|train_loss 0.00564562|val_loss 0.00023000
Epoch 229|time: 3.65s|train_loss 0.00567418|val_loss 0.00024329
Epoch 230|time: 3.79s|train_loss 0.00561269|val_loss 0.00023850
Epoch 231|time: 3.84s|train_loss 0.00548260|val_loss 0.00024549
Epoch 232|time: 3.84s|train_loss 0.00542470|val_loss 0.00022912
Epoch 233|time: 4.35s|train_loss 0.00541930|val_loss 0.00024661
Epoch 234|time: 4.63s|train_loss 0.00541410|val_loss 0.00022819
Epoch 235|time: 4.18s|train_loss 0.00539896|val_loss 0.00022884
Epoch 236|time: 3.59s|train_loss 0.00541438|val_loss 0.00022734
Epoch 237|time: 4.28s|train_loss 0.00550562|val_loss 0.00024788
Epoch 238|time: 3.78s|train_loss 0.00568907|val_loss 0.00024302
Epoch 239|time: 3.75s|train_loss 0.00587013|val_loss 0.00024442
Epoch 240|time: 3.92s|train_loss 0.00568256|val_loss 0.00022189
Best validation epoch: 240 Tue May 23 17:00:52 2023
TEST MAE 0.2879 | std 0.0899 | RMSE 0.4304 | RMSEs 0.4121 | PCC 0.8953 | PCCs 0.8651 | R2 0.7919 | R2s 0.6880 | Var 0.7950 | Vars 0.7106 | Peak 0.1664
Epoch 241|time: 3.70s|train_loss 0.00555078|val_loss 0.00023350
Epoch 242|time: 3.55s|train_loss 0.00547674|val_loss 0.00022886
Epoch 243|time: 3.77s|train_loss 0.00549895|val_loss 0.00022891
Epoch 244|time: 4.09s|train_loss 0.00553573|val_loss 0.00022728
Epoch 245|time: 4.08s|train_loss 0.00544850|val_loss 0.00023485
Epoch 246|time: 3.58s|train_loss 0.00539175|val_loss 0.00022400
Epoch 247|time: 3.53s|train_loss 0.00537537|val_loss 0.00022521
Epoch 248|time: 3.57s|train_loss 0.00544145|val_loss 0.00022886
Epoch 249|time: 3.49s|train_loss 0.00533810|val_loss 0.00023131
Epoch 250|time: 3.70s|train_loss 0.00535183|val_loss 0.00022703
Epoch 251|time: 3.48s|train_loss 0.00530897|val_loss 0.00022666
Epoch 252|time: 3.62s|train_loss 0.00535888|val_loss 0.00022360
Epoch 253|time: 3.47s|train_loss 0.00533982|val_loss 0.00023188
Epoch 254|time: 3.51s|train_loss 0.00531635|val_loss 0.00022751
Epoch 255|time: 3.48s|train_loss 0.00528911|val_loss 0.00022539
Epoch 256|time: 3.55s|train_loss 0.00529018|val_loss 0.00023744
Epoch 257|time: 3.51s|train_loss 0.00542898|val_loss 0.00023692
Epoch 258|time: 3.52s|train_loss 0.00545156|val_loss 0.00025988
Epoch 259|time: 3.45s|train_loss 0.00540384|val_loss 0.00022607
Epoch 260|time: 3.50s|train_loss 0.00534697|val_loss 0.00022217
Epoch 261|time: 3.56s|train_loss 0.00533988|val_loss 0.00022828
Epoch 262|time: 3.76s|train_loss 0.00540493|val_loss 0.00022838
Epoch 263|time: 3.55s|train_loss 0.00532830|val_loss 0.00023307
Epoch 264|time: 3.51s|train_loss 0.00525159|val_loss 0.00022930
Epoch 265|time: 3.42s|train_loss 0.00525354|val_loss 0.00022850
Epoch 266|time: 3.66s|train_loss 0.00531310|val_loss 0.00023292
Epoch 267|time: 3.67s|train_loss 0.00525550|val_loss 0.00022914
Epoch 268|time: 3.51s|train_loss 0.00529825|val_loss 0.00023106
Epoch 269|time: 3.69s|train_loss 0.00546542|val_loss 0.00022628
Epoch 270|time: 3.94s|train_loss 0.00552654|val_loss 0.00024751
Epoch 271|time: 3.74s|train_loss 0.00547682|val_loss 0.00021618
Best validation epoch: 271 Tue May 23 17:02:44 2023
TEST MAE 0.2893 | std 0.0938 | RMSE 0.4363 | RMSEs 0.4165 | PCC 0.8942 | PCCs 0.8662 | R2 0.7862 | R2s 0.6845 | Var 0.7888 | Vars 0.7075 | Peak 0.1697
Epoch 272|time: 3.80s|train_loss 0.00539715|val_loss 0.00022362
Epoch 273|time: 3.71s|train_loss 0.00525270|val_loss 0.00022929
Epoch 274|time: 3.72s|train_loss 0.00523369|val_loss 0.00022991
Epoch 275|time: 3.80s|train_loss 0.00521005|val_loss 0.00022897
Epoch 276|time: 3.49s|train_loss 0.00523992|val_loss 0.00022986
Epoch 277|time: 3.61s|train_loss 0.00526224|val_loss 0.00023809
Epoch 278|time: 3.64s|train_loss 0.00527983|val_loss 0.00024753
Epoch 279|time: 3.43s|train_loss 0.00525739|val_loss 0.00022793
Epoch 280|time: 3.70s|train_loss 0.00528309|val_loss 0.00022666
Epoch 281|time: 3.47s|train_loss 0.00527615|val_loss 0.00021951
Epoch 282|time: 3.44s|train_loss 0.00531324|val_loss 0.00023475
Epoch 283|time: 3.52s|train_loss 0.00534650|val_loss 0.00022547
Epoch 284|time: 3.60s|train_loss 0.00540464|val_loss 0.00022929
Epoch 285|time: 3.51s|train_loss 0.00527998|val_loss 0.00023908
Epoch 286|time: 3.52s|train_loss 0.00520106|val_loss 0.00023842
Epoch 287|time: 3.48s|train_loss 0.00526968|val_loss 0.00022768
Epoch 288|time: 3.62s|train_loss 0.00532255|val_loss 0.00025498
Epoch 289|time: 3.53s|train_loss 0.00519745|val_loss 0.00023334
Epoch 290|time: 3.55s|train_loss 0.00521159|val_loss 0.00023591
Epoch 291|time: 3.43s|train_loss 0.00517198|val_loss 0.00022309
Epoch 292|time: 3.67s|train_loss 0.00516360|val_loss 0.00023228
Epoch 293|time: 3.52s|train_loss 0.00520071|val_loss 0.00022769
Epoch 294|time: 3.54s|train_loss 0.00514891|val_loss 0.00022652
Epoch 295|time: 3.47s|train_loss 0.00512727|val_loss 0.00022410
Epoch 296|time: 3.49s|train_loss 0.00516936|val_loss 0.00022775
Epoch 297|time: 3.49s|train_loss 0.00515309|val_loss 0.00023294
Epoch 298|time: 3.60s|train_loss 0.00523757|val_loss 0.00022310
Epoch 299|time: 3.50s|train_loss 0.00525718|val_loss 0.00022834
Epoch 300|time: 3.65s|train_loss 0.00515408|val_loss 0.00022624
Epoch 301|time: 3.52s|train_loss 0.00516620|val_loss 0.00022913
Epoch 302|time: 3.51s|train_loss 0.00514126|val_loss 0.00022798
Epoch 303|time: 3.68s|train_loss 0.00512925|val_loss 0.00022825
Epoch 304|time: 3.49s|train_loss 0.00510889|val_loss 0.00021753
Epoch 305|time: 3.44s|train_loss 0.00517847|val_loss 0.00024289
Epoch 306|time: 3.75s|train_loss 0.00535233|val_loss 0.00021961
Epoch 307|time: 3.52s|train_loss 0.00541410|val_loss 0.00022990
Epoch 308|time: 3.50s|train_loss 0.00533831|val_loss 0.00021215
Best validation epoch: 308 Tue May 23 17:04:57 2023
TEST MAE 0.3008 | std 0.0837 | RMSE 0.4499 | RMSEs 0.4349 | PCC 0.8873 | PCCs 0.8472 | R2 0.7726 | R2s 0.6413 | Var 0.7755 | Vars 0.6665 | Peak 0.1765
Epoch 309|time: 3.47s|train_loss 0.00533627|val_loss 0.00022930
Epoch 310|time: 3.46s|train_loss 0.00522968|val_loss 0.00021961
Epoch 311|time: 3.76s|train_loss 0.00538461|val_loss 0.00022103
Epoch 312|time: 3.49s|train_loss 0.00512866|val_loss 0.00022548
Epoch 313|time: 3.51s|train_loss 0.00510984|val_loss 0.00022892
Epoch 314|time: 3.56s|train_loss 0.00510780|val_loss 0.00022405
Epoch 315|time: 3.51s|train_loss 0.00515152|val_loss 0.00023047
Epoch 316|time: 3.63s|train_loss 0.00506405|val_loss 0.00025089
Epoch 317|time: 3.58s|train_loss 0.00508190|val_loss 0.00022178
Epoch 318|time: 3.49s|train_loss 0.00506640|val_loss 0.00023867
Epoch 319|time: 3.52s|train_loss 0.00521581|val_loss 0.00022813
Epoch 320|time: 3.59s|train_loss 0.00516369|val_loss 0.00022928
Epoch 321|time: 3.49s|train_loss 0.00503479|val_loss 0.00022296
Epoch 322|time: 3.58s|train_loss 0.00503770|val_loss 0.00022322
Epoch 323|time: 3.49s|train_loss 0.00511368|val_loss 0.00022822
Epoch 324|time: 3.54s|train_loss 0.00506535|val_loss 0.00021456
Epoch 325|time: 3.71s|train_loss 0.00511998|val_loss 0.00022425
Epoch 326|time: 3.60s|train_loss 0.00508765|val_loss 0.00021739
Epoch 327|time: 3.53s|train_loss 0.00514881|val_loss 0.00025250
Epoch 328|time: 3.71s|train_loss 0.00516611|val_loss 0.00022993
Epoch 329|time: 3.46s|train_loss 0.00517054|val_loss 0.00024223
Epoch 330|time: 3.65s|train_loss 0.00503250|val_loss 0.00021398
Epoch 331|time: 3.58s|train_loss 0.00505433|val_loss 0.00023126
Epoch 332|time: 3.47s|train_loss 0.00522520|val_loss 0.00022735
Epoch 333|time: 3.45s|train_loss 0.00508805|val_loss 0.00021939
Epoch 334|time: 3.67s|train_loss 0.00502415|val_loss 0.00022197
Epoch 335|time: 3.53s|train_loss 0.00506403|val_loss 0.00023170
Epoch 336|time: 3.48s|train_loss 0.00504124|val_loss 0.00022329
Epoch 337|time: 3.49s|train_loss 0.00506642|val_loss 0.00021988
Epoch 338|time: 3.63s|train_loss 0.00512240|val_loss 0.00022458
Epoch 339|time: 3.72s|train_loss 0.00506575|val_loss 0.00021823
Epoch 340|time: 2.89s|train_loss 0.00502089|val_loss 0.00022107
Epoch 341|time: 2.16s|train_loss 0.00500261|val_loss 0.00022426
Epoch 342|time: 2.15s|train_loss 0.00496975|val_loss 0.00022986
Epoch 343|time: 2.20s|train_loss 0.00491163|val_loss 0.00021750
Epoch 344|time: 2.26s|train_loss 0.00494318|val_loss 0.00022005
Epoch 345|time: 2.17s|train_loss 0.00506540|val_loss 0.00021907
Epoch 346|time: 2.17s|train_loss 0.00496373|val_loss 0.00023002
Epoch 347|time: 2.15s|train_loss 0.00493400|val_loss 0.00021788
Epoch 348|time: 3.42s|train_loss 0.00502330|val_loss 0.00022249
Epoch 349|time: 3.53s|train_loss 0.00496059|val_loss 0.00023164
Epoch 350|time: 3.60s|train_loss 0.00498912|val_loss 0.00022172
Epoch 351|time: 3.60s|train_loss 0.00495021|val_loss 0.00023233
Epoch 352|time: 3.55s|train_loss 0.00495837|val_loss 0.00022559
Epoch 353|time: 3.66s|train_loss 0.00499459|val_loss 0.00021902
Epoch 354|time: 3.48s|train_loss 0.00495107|val_loss 0.00021916
Epoch 355|time: 3.52s|train_loss 0.00487297|val_loss 0.00024543
Epoch 356|time: 3.57s|train_loss 0.00490458|val_loss 0.00022007
Epoch 357|time: 3.64s|train_loss 0.00491014|val_loss 0.00022376
Epoch 358|time: 3.57s|train_loss 0.00493551|val_loss 0.00021835
Epoch 359|time: 3.61s|train_loss 0.00514599|val_loss 0.00022785
Epoch 360|time: 3.57s|train_loss 0.00561867|val_loss 0.00022218
Epoch 361|time: 3.55s|train_loss 0.00526630|val_loss 0.00023849
Epoch 362|time: 3.80s|train_loss 0.00518090|val_loss 0.00022317
Epoch 363|time: 3.51s|train_loss 0.00495836|val_loss 0.00022204
Epoch 364|time: 3.41s|train_loss 0.00493602|val_loss 0.00022641
Epoch 365|time: 3.55s|train_loss 0.00489611|val_loss 0.00021505
Epoch 366|time: 3.64s|train_loss 0.00490862|val_loss 0.00021821
Epoch 367|time: 3.52s|train_loss 0.00492326|val_loss 0.00022344
Epoch 368|time: 3.47s|train_loss 0.00490729|val_loss 0.00022320
Epoch 369|time: 3.57s|train_loss 0.00490153|val_loss 0.00023094
Epoch 370|time: 3.69s|train_loss 0.00485822|val_loss 0.00021603
Epoch 371|time: 3.63s|train_loss 0.00486374|val_loss 0.00022799
Epoch 372|time: 3.47s|train_loss 0.00484910|val_loss 0.00021717
Epoch 373|time: 3.50s|train_loss 0.00487010|val_loss 0.00022741
Epoch 374|time: 3.48s|train_loss 0.00488586|val_loss 0.00022952
Epoch 375|time: 3.53s|train_loss 0.00490968|val_loss 0.00023109
Epoch 376|time: 3.65s|train_loss 0.00486516|val_loss 0.00021993
Epoch 377|time: 3.57s|train_loss 0.00479618|val_loss 0.00022219
Epoch 378|time: 3.50s|train_loss 0.00484120|val_loss 0.00022317
Epoch 379|time: 3.48s|train_loss 0.00487189|val_loss 0.00022421
Epoch 380|time: 3.51s|train_loss 0.00491248|val_loss 0.00021982
Epoch 381|time: 3.54s|train_loss 0.00494966|val_loss 0.00023019
Epoch 382|time: 3.45s|train_loss 0.00487506|val_loss 0.00022269
Epoch 383|time: 3.48s|train_loss 0.00489308|val_loss 0.00022260
Epoch 384|time: 3.63s|train_loss 0.00486854|val_loss 0.00021416
Epoch 385|time: 3.50s|train_loss 0.00489000|val_loss 0.00022660
Epoch 386|time: 3.61s|train_loss 0.00489388|val_loss 0.00021450
Epoch 387|time: 3.65s|train_loss 0.00493946|val_loss 0.00022570
Epoch 388|time: 3.55s|train_loss 0.00482063|val_loss 0.00022930
Epoch 389|time: 3.46s|train_loss 0.00483914|val_loss 0.00022541
Epoch 390|time: 3.73s|train_loss 0.00484784|val_loss 0.00022183
Epoch 391|time: 3.49s|train_loss 0.00497092|val_loss 0.00022306
Epoch 392|time: 3.46s|train_loss 0.00490084|val_loss 0.00023455
Epoch 393|time: 3.52s|train_loss 0.00506181|val_loss 0.00022869
Epoch 394|time: 3.60s|train_loss 0.00495034|val_loss 0.00022967
Epoch 395|time: 3.50s|train_loss 0.00484960|val_loss 0.00025441
Epoch 396|time: 3.70s|train_loss 0.00488385|val_loss 0.00022453
Epoch 397|time: 3.61s|train_loss 0.00483792|val_loss 0.00023531
Epoch 398|time: 3.61s|train_loss 0.00479031|val_loss 0.00024180
Epoch 399|time: 3.49s|train_loss 0.00483110|val_loss 0.00021848
Epoch 400|time: 3.44s|train_loss 0.00482065|val_loss 0.00023973
Epoch 401|time: 3.50s|train_loss 0.00480974|val_loss 0.00021673
Epoch 402|time: 3.47s|train_loss 0.00475299|val_loss 0.00021898
Epoch 403|time: 3.49s|train_loss 0.00481689|val_loss 0.00022898
Epoch 404|time: 3.71s|train_loss 0.00480595|val_loss 0.00022148
Epoch 405|time: 3.54s|train_loss 0.00479989|val_loss 0.00021899
Epoch 406|time: 3.55s|train_loss 0.00476060|val_loss 0.00023697
Epoch 407|time: 3.55s|train_loss 0.00475338|val_loss 0.00021560
Epoch 408|time: 3.69s|train_loss 0.00476456|val_loss 0.00022179
Epoch 409|time: 3.47s|train_loss 0.00472857|val_loss 0.00021529
Epoch 410|time: 3.54s|train_loss 0.00474593|val_loss 0.00022059
Epoch 411|time: 3.55s|train_loss 0.00472537|val_loss 0.00022210
Epoch 412|time: 3.66s|train_loss 0.00481484|val_loss 0.00021922
Epoch 413|time: 3.54s|train_loss 0.00477628|val_loss 0.00022831
Epoch 414|time: 3.46s|train_loss 0.00480316|val_loss 0.00021751
Epoch 415|time: 3.55s|train_loss 0.00475060|val_loss 0.00022490
Epoch 416|time: 3.53s|train_loss 0.00476027|val_loss 0.00022339
Epoch 417|time: 3.62s|train_loss 0.00477461|val_loss 0.00021999
Epoch 418|time: 3.60s|train_loss 0.00480747|val_loss 0.00022478
Epoch 419|time: 3.53s|train_loss 0.00482564|val_loss 0.00022617
Epoch 420|time: 3.51s|train_loss 0.00487966|val_loss 0.00021459
Epoch 421|time: 3.50s|train_loss 0.00484296|val_loss 0.00022673
Epoch 422|time: 3.62s|train_loss 0.00485984|val_loss 0.00022263
Epoch 423|time: 3.51s|train_loss 0.00482229|val_loss 0.00022477
Epoch 424|time: 3.52s|train_loss 0.00491648|val_loss 0.00022352
Epoch 425|time: 3.50s|train_loss 0.00475432|val_loss 0.00021783
Epoch 426|time: 3.62s|train_loss 0.00477666|val_loss 0.00021648
Epoch 427|time: 3.67s|train_loss 0.00472799|val_loss 0.00022133
Epoch 428|time: 3.52s|train_loss 0.00471139|val_loss 0.00021334
Epoch 429|time: 3.48s|train_loss 0.00473142|val_loss 0.00022487
Epoch 430|time: 3.49s|train_loss 0.00469525|val_loss 0.00020993
Best validation epoch: 430 Tue May 23 17:12:02 2023
TEST MAE 0.2930 | std 0.0937 | RMSE 0.4465 | RMSEs 0.4264 | PCC 0.8882 | PCCs 0.8521 | R2 0.7761 | R2s 0.6715 | Var 0.7779 | Vars 0.6886 | Peak 0.1763
Epoch 431|time: 3.48s|train_loss 0.00468091|val_loss 0.00022730
Epoch 432|time: 3.45s|train_loss 0.00471735|val_loss 0.00021740
Epoch 433|time: 3.51s|train_loss 0.00465817|val_loss 0.00021224
Epoch 434|time: 3.52s|train_loss 0.00465215|val_loss 0.00022282
Epoch 435|time: 3.64s|train_loss 0.00471701|val_loss 0.00021681
Epoch 436|time: 3.59s|train_loss 0.00473074|val_loss 0.00022030
Epoch 437|time: 3.51s|train_loss 0.00469580|val_loss 0.00021563
Epoch 438|time: 3.51s|train_loss 0.00476666|val_loss 0.00021414
Epoch 439|time: 3.45s|train_loss 0.00467020|val_loss 0.00023114
Epoch 440|time: 3.57s|train_loss 0.00464677|val_loss 0.00022846
Epoch 441|time: 3.62s|train_loss 0.00463521|val_loss 0.00021334
Epoch 442|time: 3.45s|train_loss 0.00465870|val_loss 0.00023570
Epoch 443|time: 3.48s|train_loss 0.00474467|val_loss 0.00021166
Epoch 444|time: 3.52s|train_loss 0.00469025|val_loss 0.00021984
Epoch 445|time: 3.66s|train_loss 0.00464325|val_loss 0.00021784
Epoch 446|time: 3.50s|train_loss 0.00463127|val_loss 0.00021994
Epoch 447|time: 3.54s|train_loss 0.00468526|val_loss 0.00021632
Epoch 448|time: 3.49s|train_loss 0.00474440|val_loss 0.00022590
Epoch 449|time: 3.51s|train_loss 0.00462653|val_loss 0.00022289
Epoch 450|time: 3.49s|train_loss 0.00466720|val_loss 0.00021724
Epoch 451|time: 3.61s|train_loss 0.00463616|val_loss 0.00022225
Epoch 452|time: 3.71s|train_loss 0.00464003|val_loss 0.00020977
Best validation epoch: 452 Tue May 23 17:13:20 2023
TEST MAE 0.3097 | std 0.0934 | RMSE 0.4600 | RMSEs 0.4416 | PCC 0.8802 | PCCs 0.8389 | R2 0.7623 | R2s 0.6449 | Var 0.7651 | Vars 0.6655 | Peak 0.1844
Epoch 453|time: 3.47s|train_loss 0.00473862|val_loss 0.00024274
Epoch 454|time: 3.65s|train_loss 0.00483232|val_loss 0.00021791
Epoch 455|time: 3.47s|train_loss 0.00485454|val_loss 0.00022062
Epoch 456|time: 3.49s|train_loss 0.00481180|val_loss 0.00021747
Epoch 457|time: 3.52s|train_loss 0.00483442|val_loss 0.00021195
Epoch 458|time: 3.51s|train_loss 0.00467346|val_loss 0.00021647
Epoch 459|time: 3.58s|train_loss 0.00465660|val_loss 0.00021662
Epoch 460|time: 3.69s|train_loss 0.00462995|val_loss 0.00021296
Epoch 461|time: 3.48s|train_loss 0.00468120|val_loss 0.00021840
Epoch 462|time: 3.36s|train_loss 0.00465912|val_loss 0.00021614
Epoch 463|time: 3.55s|train_loss 0.00469468|val_loss 0.00021476
Epoch 464|time: 3.50s|train_loss 0.00489581|val_loss 0.00021584
Epoch 465|time: 3.39s|train_loss 0.00487471|val_loss 0.00021912
Epoch 466|time: 3.53s|train_loss 0.00468975|val_loss 0.00021510
Epoch 467|time: 3.41s|train_loss 0.00462216|val_loss 0.00021385
Epoch 468|time: 3.37s|train_loss 0.00464032|val_loss 0.00022156
Epoch 469|time: 3.80s|train_loss 0.00463421|val_loss 0.00021561
Epoch 470|time: 3.41s|train_loss 0.00458969|val_loss 0.00021853
Epoch 471|time: 3.41s|train_loss 0.00455921|val_loss 0.00021592
Epoch 472|time: 3.40s|train_loss 0.00458132|val_loss 0.00021629
Epoch 473|time: 3.49s|train_loss 0.00459025|val_loss 0.00021742
Epoch 474|time: 3.47s|train_loss 0.00464468|val_loss 0.00021527
Epoch 475|time: 3.46s|train_loss 0.00463876|val_loss 0.00021420
Epoch 476|time: 3.39s|train_loss 0.00459630|val_loss 0.00022449
Epoch 477|time: 3.41s|train_loss 0.00457767|val_loss 0.00021713
Epoch 478|time: 3.44s|train_loss 0.00458811|val_loss 0.00023497
Epoch 479|time: 3.63s|train_loss 0.00458135|val_loss 0.00022051
Epoch 480|time: 3.52s|train_loss 0.00456990|val_loss 0.00022819
Epoch 481|time: 3.69s|train_loss 0.00455629|val_loss 0.00022508
Epoch 482|time: 3.42s|train_loss 0.00464020|val_loss 0.00021085
Epoch 483|time: 3.58s|train_loss 0.00470868|val_loss 0.00021639
Epoch 484|time: 3.43s|train_loss 0.00468280|val_loss 0.00022318
Epoch 485|time: 3.40s|train_loss 0.00465452|val_loss 0.00021181
Epoch 486|time: 3.52s|train_loss 0.00467730|val_loss 0.00021760
Epoch 487|time: 3.50s|train_loss 0.00463015|val_loss 0.00021524
Epoch 488|time: 3.47s|train_loss 0.00464238|val_loss 0.00022628
Epoch 489|time: 3.53s|train_loss 0.00461104|val_loss 0.00021144
Epoch 490|time: 3.43s|train_loss 0.00455402|val_loss 0.00023054
Epoch 491|time: 3.48s|train_loss 0.00463892|val_loss 0.00021647
Epoch 492|time: 3.54s|train_loss 0.00462323|val_loss 0.00022167
Epoch 493|time: 3.45s|train_loss 0.00464821|val_loss 0.00021274
Epoch 494|time: 3.36s|train_loss 0.00466047|val_loss 0.00024418
Epoch 495|time: 3.62s|train_loss 0.00466231|val_loss 0.00021106
Epoch 496|time: 3.38s|train_loss 0.00469980|val_loss 0.00021448
Epoch 497|time: 3.59s|train_loss 0.00457712|val_loss 0.00022037
Epoch 498|time: 3.48s|train_loss 0.00461407|val_loss 0.00022971
Epoch 499|time: 3.37s|train_loss 0.00450569|val_loss 0.00021742
Epoch 500|time: 3.57s|train_loss 0.00453156|val_loss 0.00021978
Final evaluation
TEST MAE 0.3097 | std 0.0934 | RMSE 0.4600 | RMSEs 0.4416 | PCC 0.8802 | PCCs 0.8389 | R2 0.7623 | R2s 0.6449 | Var 0.7651 | Vars 0.6655 | Peak 0.1844
