--------Parameters--------
Namespace(batch=32, bi=False, check_point=1, cuda=False, dataset='us_hhs', dropout=0.2, epilambda=0.1, epochs=500, gpu=3, hidsp=15, horizon=1, k=10, lamda=0.01, lr=0.1, model='cola_gnn_epi', mylog=False, n_hidden=20, n_layer=1, patience=200, rnn_model='RNN', save_dir='save', seed=42, shuffle=False, sim_mat='us_hhs-adj', test=0.2, train=0.6, val=0.2, weight_decay=0.0005, window=20)
--------------------------
data shape (364, 10)
size of train/val/test sets 198 73 73
#params: 5145
begin training
Epoch   1|time: 3.52s|train_loss 0.00608501|val_loss 0.00173897
Best validation epoch: 1 Mon May 22 23:30:44 2023
TEST MAE 1.8021 | std 0.5634 | RMSE 2.1359 | RMSEs 2.0491 | PCC 0.6489 | PCCs 0.4422 | R2 -4.1246 | R2s -6.8991 | Var -0.5155 | Vars -0.8113 | Peak 0.5908
Epoch   2|time: 3.28s|train_loss 0.00788220|val_loss 0.00163191
Best validation epoch: 2 Mon May 22 23:30:48 2023
TEST MAE 2.0506 | std 0.6088 | RMSE 2.2514 | RMSEs 2.1670 | PCC 0.4789 | PCCs 0.7180 | R2 -4.6941 | R2s -8.7946 | Var -0.1106 | Vars 0.0197 | Peak 0.4878
Epoch   3|time: 3.29s|train_loss 0.00222646|val_loss 0.00086845
Best validation epoch: 3 Mon May 22 23:30:52 2023
TEST MAE 1.0174 | std 0.2508 | RMSE 1.1598 | RMSEs 1.1261 | PCC 0.6098 | PCCs 0.8994 | R2 -0.5110 | R2s -1.6260 | Var 0.3566 | Vars 0.2244 | Peak 0.2056
Epoch   4|time: 3.31s|train_loss 0.00115194|val_loss 0.00066388
Best validation epoch: 4 Mon May 22 23:30:56 2023
TEST MAE 0.7014 | std 0.1579 | RMSE 0.8125 | RMSEs 0.7925 | PCC 0.7547 | PCCs 0.8969 | R2 0.2585 | R2s -0.2667 | Var 0.5630 | Vars 0.4554 | Peak 0.1616
Epoch   5|time: 3.29s|train_loss 0.00135008|val_loss 0.00101976
Epoch   6|time: 3.51s|train_loss 0.00130896|val_loss 0.00063228
Best validation epoch: 6 Mon May 22 23:31:04 2023
TEST MAE 0.9447 | std 0.3222 | RMSE 1.0997 | RMSEs 1.0470 | PCC 0.9051 | PCCs 0.8969 | R2 -0.3584 | R2s -0.9635 | Var 0.6440 | Vars 0.6453 | Peak 0.5105
Epoch   7|time: 3.31s|train_loss 0.00102661|val_loss 0.00035088
Best validation epoch: 7 Mon May 22 23:31:08 2023
TEST MAE 0.3652 | std 0.0817 | RMSE 0.4501 | RMSEs 0.4389 | PCC 0.9154 | PCCs 0.9145 | R2 0.7724 | R2s 0.6256 | Var 0.8014 | Vars 0.7355 | Peak 0.1246
Epoch   8|time: 3.42s|train_loss 0.00131871|val_loss 0.00197940
Epoch   9|time: 3.45s|train_loss 0.00146918|val_loss 0.00039786
Epoch  10|time: 3.33s|train_loss 0.00091047|val_loss 0.00085860
Epoch  11|time: 3.41s|train_loss 0.00108097|val_loss 0.00060949
Epoch  12|time: 3.37s|train_loss 0.00105182|val_loss 0.00040259
Epoch  13|time: 3.28s|train_loss 0.00075919|val_loss 0.00022912
Best validation epoch: 13 Mon May 22 23:31:29 2023
TEST MAE 0.2013 | std 0.0532 | RMSE 0.2874 | RMSEs 0.2758 | PCC 0.9538 | PCCs 0.9317 | R2 0.9072 | R2s 0.8614 | Var 0.9085 | Vars 0.8647 | Peak 0.1134
Epoch  14|time: 3.44s|train_loss 0.00109684|val_loss 0.00207493
Epoch  15|time: 3.36s|train_loss 0.00179193|val_loss 0.00131885
Epoch  16|time: 3.40s|train_loss 0.00183029|val_loss 0.00055029
Epoch  17|time: 3.44s|train_loss 0.00116987|val_loss 0.00074871
Epoch  18|time: 3.24s|train_loss 0.00093630|val_loss 0.00034376
Epoch  19|time: 3.30s|train_loss 0.00096881|val_loss 0.00052885
Epoch  20|time: 3.39s|train_loss 0.00100312|val_loss 0.00089737
Epoch  21|time: 3.24s|train_loss 0.00088082|val_loss 0.00074338
Epoch  22|time: 3.43s|train_loss 0.00105827|val_loss 0.00113323
Epoch  23|time: 3.67s|train_loss 0.00139383|val_loss 0.00111531
Epoch  24|time: 3.22s|train_loss 0.00129087|val_loss 0.00043183
Epoch  25|time: 3.34s|train_loss 0.00105143|val_loss 0.00066094
Epoch  26|time: 3.44s|train_loss 0.00095597|val_loss 0.00085995
Epoch  27|time: 3.28s|train_loss 0.00104776|val_loss 0.00077643
Epoch  28|time: 3.33s|train_loss 0.00085792|val_loss 0.00025741
Epoch  29|time: 3.43s|train_loss 0.00074486|val_loss 0.00054431
Epoch  30|time: 3.31s|train_loss 0.00077808|val_loss 0.00036873
Epoch  31|time: 3.46s|train_loss 0.00073295|val_loss 0.00023006
Epoch  32|time: 3.40s|train_loss 0.00072284|val_loss 0.00023137
Epoch  33|time: 3.27s|train_loss 0.00074465|val_loss 0.00048853
Epoch  34|time: 3.30s|train_loss 0.00095132|val_loss 0.00112023
Epoch  35|time: 3.50s|train_loss 0.00103131|val_loss 0.00044033
Epoch  36|time: 3.32s|train_loss 0.00082461|val_loss 0.00067170
Epoch  37|time: 3.40s|train_loss 0.00076077|val_loss 0.00037744
Epoch  38|time: 3.43s|train_loss 0.00074036|val_loss 0.00035672
Epoch  39|time: 3.29s|train_loss 0.00078601|val_loss 0.00048180
Epoch  40|time: 3.28s|train_loss 0.00078397|val_loss 0.00024578
Epoch  41|time: 3.89s|train_loss 0.00092588|val_loss 0.00127702
Epoch  42|time: 3.30s|train_loss 0.00142776|val_loss 0.00040928
Epoch  43|time: 3.27s|train_loss 0.00110374|val_loss 0.00081139
Epoch  44|time: 3.37s|train_loss 0.00103345|val_loss 0.00054776
Epoch  45|time: 3.36s|train_loss 0.00094590|val_loss 0.00059637
Epoch  46|time: 3.26s|train_loss 0.00095892|val_loss 0.00052294
Epoch  47|time: 3.44s|train_loss 0.00094871|val_loss 0.00033572
Epoch  48|time: 3.26s|train_loss 0.00089202|val_loss 0.00088984
Epoch  49|time: 3.28s|train_loss 0.00106899|val_loss 0.00064040
Epoch  50|time: 3.46s|train_loss 0.00099813|val_loss 0.00048545
Epoch  51|time: 3.44s|train_loss 0.00106856|val_loss 0.00078099
Epoch  52|time: 3.27s|train_loss 0.00089164|val_loss 0.00079392
Epoch  53|time: 3.46s|train_loss 0.00101011|val_loss 0.00035924
Epoch  54|time: 3.29s|train_loss 0.00098385|val_loss 0.00049937
Epoch  55|time: 3.36s|train_loss 0.00092738|val_loss 0.00065171
Epoch  56|time: 3.47s|train_loss 0.00094634|val_loss 0.00036933
Epoch  57|time: 3.27s|train_loss 0.00100406|val_loss 0.00040404
Epoch  58|time: 3.30s|train_loss 0.00093802|val_loss 0.00066597
Epoch  59|time: 3.81s|train_loss 0.00094676|val_loss 0.00056777
Epoch  60|time: 3.24s|train_loss 0.00094816|val_loss 0.00041159
Epoch  61|time: 3.30s|train_loss 0.00093293|val_loss 0.00063144
Epoch  62|time: 3.37s|train_loss 0.00095854|val_loss 0.00047496
Epoch  63|time: 3.30s|train_loss 0.00092000|val_loss 0.00025790
Epoch  64|time: 3.42s|train_loss 0.00068322|val_loss 0.00017943
Best validation epoch: 64 Mon May 22 23:34:22 2023
TEST MAE 0.2011 | std 0.0535 | RMSE 0.3068 | RMSEs 0.2948 | PCC 0.9524 | PCCs 0.9324 | R2 0.8943 | R2s 0.8412 | Var 0.8967 | Vars 0.8461 | Peak 0.1206
Epoch  65|time: 3.25s|train_loss 0.00092818|val_loss 0.00130262
Epoch  66|time: 3.31s|train_loss 0.00121983|val_loss 0.00033926
Epoch  67|time: 3.32s|train_loss 0.00115640|val_loss 0.00093312
Epoch  68|time: 3.34s|train_loss 0.00104468|val_loss 0.00053428
Epoch  69|time: 3.40s|train_loss 0.00094221|val_loss 0.00074165
Epoch  70|time: 3.33s|train_loss 0.00092134|val_loss 0.00028161
Epoch  71|time: 3.25s|train_loss 0.00091713|val_loss 0.00045663
Epoch  72|time: 3.26s|train_loss 0.00092314|val_loss 0.00039236
Epoch  73|time: 3.41s|train_loss 0.00078146|val_loss 0.00041568
Epoch  74|time: 3.24s|train_loss 0.00075254|val_loss 0.00024260
Epoch  75|time: 3.33s|train_loss 0.00068888|val_loss 0.00022328
Epoch  76|time: 3.34s|train_loss 0.00082013|val_loss 0.00022692
Epoch  77|time: 3.46s|train_loss 0.00103299|val_loss 0.00070154
Epoch  78|time: 3.28s|train_loss 0.00331139|val_loss 0.00231203
Epoch  79|time: 3.50s|train_loss 0.00371337|val_loss 0.00275332
Epoch  80|time: 3.27s|train_loss 0.00231529|val_loss 0.00061600
Epoch  81|time: 3.26s|train_loss 0.00129473|val_loss 0.00115691
Epoch  82|time: 3.47s|train_loss 0.00154868|val_loss 0.00151808
Epoch  83|time: 3.34s|train_loss 0.00161757|val_loss 0.00111937
Epoch  84|time: 3.35s|train_loss 0.00142868|val_loss 0.00077817
Epoch  85|time: 3.38s|train_loss 0.00108462|val_loss 0.00053504
Epoch  86|time: 3.32s|train_loss 0.00097423|val_loss 0.00051384
Epoch  87|time: 3.27s|train_loss 0.00099414|val_loss 0.00063524
Epoch  88|time: 3.52s|train_loss 0.00093845|val_loss 0.00039988
Epoch  89|time: 3.27s|train_loss 0.00092577|val_loss 0.00051174
Epoch  90|time: 3.25s|train_loss 0.00083284|val_loss 0.00033234
Epoch  91|time: 3.32s|train_loss 0.00111761|val_loss 0.00120400
Epoch  92|time: 3.28s|train_loss 0.00125182|val_loss 0.00072778
Epoch  93|time: 3.36s|train_loss 0.00112663|val_loss 0.00050238
Epoch  94|time: 3.26s|train_loss 0.00119807|val_loss 0.00172363
Epoch  95|time: 3.36s|train_loss 0.00169990|val_loss 0.00194589
Epoch  96|time: 3.32s|train_loss 0.00166921|val_loss 0.00161525
Epoch  97|time: 3.33s|train_loss 0.00170517|val_loss 0.00167415
Epoch  98|time: 3.44s|train_loss 0.00164577|val_loss 0.00155461
Epoch  99|time: 3.33s|train_loss 0.00179652|val_loss 0.00278717
Epoch 100|time: 3.26s|train_loss 0.00211878|val_loss 0.00069033
Epoch 101|time: 3.30s|train_loss 0.00105570|val_loss 0.00044143
Epoch 102|time: 3.37s|train_loss 0.00082512|val_loss 0.00042271
Epoch 103|time: 3.31s|train_loss 0.00110014|val_loss 0.00018536
Epoch 104|time: 3.27s|train_loss 0.00076019|val_loss 0.00036483
Epoch 105|time: 3.26s|train_loss 0.00074235|val_loss 0.00057935
Epoch 106|time: 3.53s|train_loss 0.00103830|val_loss 0.00083199
Epoch 107|time: 3.24s|train_loss 0.00128359|val_loss 0.00028980
Epoch 108|time: 3.31s|train_loss 0.00136831|val_loss 0.00100054
Epoch 109|time: 3.27s|train_loss 0.00117277|val_loss 0.00067222
Epoch 110|time: 3.27s|train_loss 0.00085240|val_loss 0.00092084
Epoch 111|time: 3.30s|train_loss 0.00109510|val_loss 0.00072709
Epoch 112|time: 3.43s|train_loss 0.00097140|val_loss 0.00041360
Epoch 113|time: 3.43s|train_loss 0.00084662|val_loss 0.00033341
Epoch 114|time: 3.29s|train_loss 0.00094528|val_loss 0.00082962
Epoch 115|time: 3.40s|train_loss 0.00102661|val_loss 0.00030397
Epoch 116|time: 3.37s|train_loss 0.00076381|val_loss 0.00045371
Epoch 117|time: 3.33s|train_loss 0.00076769|val_loss 0.00061079
Epoch 118|time: 3.40s|train_loss 0.00101467|val_loss 0.00077525
Epoch 119|time: 3.29s|train_loss 0.00087679|val_loss 0.00029957
Epoch 120|time: 3.40s|train_loss 0.00100653|val_loss 0.00065826
Epoch 121|time: 3.40s|train_loss 0.00097098|val_loss 0.00094028
Epoch 122|time: 3.33s|train_loss 0.00105437|val_loss 0.00109353
Epoch 123|time: 3.37s|train_loss 0.00112822|val_loss 0.00060533
Epoch 124|time: 3.46s|train_loss 0.00102216|val_loss 0.00035044
Epoch 125|time: 3.34s|train_loss 0.00086101|val_loss 0.00110897
Epoch 126|time: 3.40s|train_loss 0.00109150|val_loss 0.00069487
Epoch 127|time: 3.46s|train_loss 0.00097995|val_loss 0.00045084
Epoch 128|time: 3.34s|train_loss 0.00084231|val_loss 0.00027772
Epoch 129|time: 3.26s|train_loss 0.00080499|val_loss 0.00029834
Epoch 130|time: 3.49s|train_loss 0.00088097|val_loss 0.00070064
Epoch 131|time: 3.64s|train_loss 0.00097355|val_loss 0.00041217
Epoch 132|time: 3.27s|train_loss 0.00077620|val_loss 0.00036632
Epoch 133|time: 3.46s|train_loss 0.00078173|val_loss 0.00024727
Epoch 134|time: 3.43s|train_loss 0.00080459|val_loss 0.00059781
Epoch 135|time: 3.30s|train_loss 0.00076449|val_loss 0.00050287
Epoch 136|time: 3.51s|train_loss 0.00107235|val_loss 0.00134789
Epoch 137|time: 3.27s|train_loss 0.00145278|val_loss 0.00154856
Epoch 138|time: 3.29s|train_loss 0.00163891|val_loss 0.00100455
Epoch 139|time: 3.51s|train_loss 0.00111758|val_loss 0.00078823
Epoch 140|time: 3.30s|train_loss 0.00106412|val_loss 0.00022409
Epoch 141|time: 3.31s|train_loss 0.00106241|val_loss 0.00053208
Epoch 142|time: 3.42s|train_loss 0.00107389|val_loss 0.00083396
Epoch 143|time: 3.34s|train_loss 0.00088680|val_loss 0.00031777
Epoch 144|time: 3.43s|train_loss 0.00086853|val_loss 0.00098003
Epoch 145|time: 3.47s|train_loss 0.00109766|val_loss 0.00056906
Epoch 146|time: 3.34s|train_loss 0.00096446|val_loss 0.00032929
Epoch 147|time: 3.33s|train_loss 0.00096116|val_loss 0.00081052
Epoch 148|time: 3.60s|train_loss 0.00097748|val_loss 0.00028000
Epoch 149|time: 3.38s|train_loss 0.00076303|val_loss 0.00022537
Epoch 150|time: 3.32s|train_loss 0.00079298|val_loss 0.00021126
Epoch 151|time: 3.55s|train_loss 0.00072471|val_loss 0.00068759
Epoch 152|time: 3.30s|train_loss 0.00100964|val_loss 0.00020976
Epoch 153|time: 3.44s|train_loss 0.00099941|val_loss 0.00031927
Epoch 154|time: 3.45s|train_loss 0.00087569|val_loss 0.00101974
Epoch 155|time: 3.32s|train_loss 0.00114819|val_loss 0.00023847
Epoch 156|time: 3.36s|train_loss 0.00077971|val_loss 0.00031365
Epoch 157|time: 3.50s|train_loss 0.00070995|val_loss 0.00074828
Epoch 158|time: 3.41s|train_loss 0.00103946|val_loss 0.00045416
Epoch 159|time: 3.36s|train_loss 0.00080707|val_loss 0.00018835
Epoch 160|time: 3.57s|train_loss 0.00104465|val_loss 0.00034211
Epoch 161|time: 3.34s|train_loss 0.00100392|val_loss 0.00033097
Epoch 162|time: 3.41s|train_loss 0.00100886|val_loss 0.00024153
Epoch 163|time: 3.46s|train_loss 0.00079807|val_loss 0.00058081
Epoch 164|time: 3.33s|train_loss 0.00104166|val_loss 0.00070065
Epoch 165|time: 3.40s|train_loss 0.00080921|val_loss 0.00017930
Best validation epoch: 165 Mon May 22 23:40:02 2023
TEST MAE 0.2147 | std 0.0492 | RMSE 0.3056 | RMSEs 0.2960 | PCC 0.9465 | PCCs 0.9192 | R2 0.8951 | R2s 0.8360 | Var 0.8951 | Vars 0.8370 | Peak 0.1213
Epoch 166|time: 3.61s|train_loss 0.00073930|val_loss 0.00099609
Epoch 167|time: 3.41s|train_loss 0.00150572|val_loss 0.00159587
Epoch 168|time: 3.44s|train_loss 0.00159028|val_loss 0.00156797
Epoch 169|time: 3.32s|train_loss 0.00119043|val_loss 0.00046721
Epoch 170|time: 3.31s|train_loss 0.00088060|val_loss 0.00030060
Epoch 171|time: 3.65s|train_loss 0.00089836|val_loss 0.00061100
Epoch 172|time: 3.31s|train_loss 0.00124185|val_loss 0.00072961
Epoch 173|time: 3.30s|train_loss 0.00106433|val_loss 0.00132401
Epoch 174|time: 3.47s|train_loss 0.00158706|val_loss 0.00158905
Epoch 175|time: 3.35s|train_loss 0.00158990|val_loss 0.00116350
Epoch 176|time: 3.44s|train_loss 0.00136633|val_loss 0.00098939
Epoch 177|time: 3.56s|train_loss 0.00121763|val_loss 0.00026634
Epoch 178|time: 3.35s|train_loss 0.00094508|val_loss 0.00059870
Epoch 179|time: 3.28s|train_loss 0.00093121|val_loss 0.00075258
Epoch 180|time: 3.69s|train_loss 0.00101288|val_loss 0.00131880
Epoch 181|time: 3.36s|train_loss 0.00159734|val_loss 0.00125081
Epoch 182|time: 3.38s|train_loss 0.00149152|val_loss 0.00099531
Epoch 183|time: 3.42s|train_loss 0.00105703|val_loss 0.00108378
Epoch 184|time: 3.51s|train_loss 0.00146849|val_loss 0.00094105
Epoch 185|time: 3.36s|train_loss 0.00135639|val_loss 0.00120674
Epoch 186|time: 3.56s|train_loss 0.00119638|val_loss 0.00048300
Epoch 187|time: 3.38s|train_loss 0.00100018|val_loss 0.00023814
Epoch 188|time: 3.36s|train_loss 0.00098847|val_loss 0.00069466
Epoch 189|time: 3.55s|train_loss 0.00100082|val_loss 0.00099849
Epoch 190|time: 3.43s|train_loss 0.00096385|val_loss 0.00038907
Epoch 191|time: 3.32s|train_loss 0.00086849|val_loss 0.00070781
Epoch 192|time: 3.49s|train_loss 0.00125211|val_loss 0.00048793
Epoch 193|time: 3.29s|train_loss 0.00159133|val_loss 0.00085706
Epoch 194|time: 3.32s|train_loss 0.00144001|val_loss 0.00058624
Epoch 195|time: 3.47s|train_loss 0.00151743|val_loss 0.00112973
Epoch 196|time: 3.34s|train_loss 0.00130174|val_loss 0.00066269
Epoch 197|time: 3.38s|train_loss 0.00105931|val_loss 0.00033049
Epoch 198|time: 3.48s|train_loss 0.00095381|val_loss 0.00055640
Epoch 199|time: 3.34s|train_loss 0.00097283|val_loss 0.00051439
Epoch 200|time: 3.39s|train_loss 0.00089171|val_loss 0.00065630
Epoch 201|time: 3.52s|train_loss 0.00092139|val_loss 0.00030233
Epoch 202|time: 3.27s|train_loss 0.00070023|val_loss 0.00048377
Epoch 203|time: 3.42s|train_loss 0.00072184|val_loss 0.00079708
Epoch 204|time: 3.41s|train_loss 0.00104554|val_loss 0.00036281
Epoch 205|time: 3.33s|train_loss 0.00090542|val_loss 0.00068572
Epoch 206|time: 3.40s|train_loss 0.00095092|val_loss 0.00044110
Epoch 207|time: 3.35s|train_loss 0.00085187|val_loss 0.00064650
Epoch 208|time: 3.45s|train_loss 0.00088302|val_loss 0.00024853
Epoch 209|time: 3.31s|train_loss 0.00072334|val_loss 0.00028052
Epoch 210|time: 3.35s|train_loss 0.00079729|val_loss 0.00018960
Epoch 211|time: 3.35s|train_loss 0.00071019|val_loss 0.00043788
Epoch 212|time: 3.48s|train_loss 0.00074725|val_loss 0.00018077
Epoch 213|time: 3.37s|train_loss 0.00068608|val_loss 0.00056020
Epoch 214|time: 3.36s|train_loss 0.00092332|val_loss 0.00055361
Epoch 215|time: 3.46s|train_loss 0.00074097|val_loss 0.00041378
Epoch 216|time: 3.29s|train_loss 0.00075705|val_loss 0.00015965
Best validation epoch: 216 Mon May 22 23:42:57 2023
TEST MAE 0.1949 | std 0.0472 | RMSE 0.2875 | RMSEs 0.2778 | PCC 0.9535 | PCCs 0.9297 | R2 0.9072 | R2s 0.8558 | Var 0.9073 | Vars 0.8565 | Peak 0.1122
Epoch 217|time: 3.41s|train_loss 0.00071395|val_loss 0.00028296
Epoch 218|time: 3.49s|train_loss 0.00068166|val_loss 0.00071015
Epoch 219|time: 3.61s|train_loss 0.00094489|val_loss 0.00020144
Epoch 220|time: 3.33s|train_loss 0.00072282|val_loss 0.00016778
Epoch 221|time: 3.41s|train_loss 0.00073586|val_loss 0.00018007
Epoch 222|time: 3.45s|train_loss 0.00075031|val_loss 0.00034704
Epoch 223|time: 3.36s|train_loss 0.00070462|val_loss 0.00044993
Epoch 224|time: 3.50s|train_loss 0.00075608|val_loss 0.00021105
Epoch 225|time: 3.39s|train_loss 0.00094281|val_loss 0.00020974
Epoch 226|time: 3.49s|train_loss 0.00089721|val_loss 0.00031765
Epoch 227|time: 3.47s|train_loss 0.00093240|val_loss 0.00035466
Epoch 228|time: 3.40s|train_loss 0.00100784|val_loss 0.00101969
Epoch 229|time: 3.40s|train_loss 0.00127573|val_loss 0.00090738
Epoch 230|time: 3.50s|train_loss 0.00107714|val_loss 0.00067636
Epoch 231|time: 3.46s|train_loss 0.00101327|val_loss 0.00046191
Epoch 232|time: 3.59s|train_loss 0.00102532|val_loss 0.00070535
Epoch 233|time: 3.47s|train_loss 0.00104048|val_loss 0.00059806
Epoch 234|time: 3.52s|train_loss 0.00082827|val_loss 0.00084460
Epoch 235|time: 3.51s|train_loss 0.00127362|val_loss 0.00090225
Epoch 236|time: 3.67s|train_loss 0.00122520|val_loss 0.00038945
Epoch 237|time: 3.56s|train_loss 0.00150168|val_loss 0.00051732
Epoch 238|time: 3.65s|train_loss 0.00105016|val_loss 0.00091874
Epoch 239|time: 3.50s|train_loss 0.00117233|val_loss 0.00022874
Epoch 240|time: 3.57s|train_loss 0.00102770|val_loss 0.00039401
Epoch 241|time: 3.70s|train_loss 0.00078823|val_loss 0.00016736
Epoch 242|time: 3.57s|train_loss 0.00078092|val_loss 0.00051148
Epoch 243|time: 3.56s|train_loss 0.00074399|val_loss 0.00019715
Epoch 244|time: 3.64s|train_loss 0.00073126|val_loss 0.00017066
Epoch 245|time: 3.56s|train_loss 0.00074727|val_loss 0.00035698
Epoch 246|time: 3.74s|train_loss 0.00110535|val_loss 0.00032417
Epoch 247|time: 3.52s|train_loss 0.00155696|val_loss 0.00054028
Epoch 248|time: 3.63s|train_loss 0.00144965|val_loss 0.00046592
Epoch 249|time: 3.59s|train_loss 0.00128540|val_loss 0.00129713
Epoch 250|time: 3.58s|train_loss 0.00152603|val_loss 0.00096603
Epoch 251|time: 3.63s|train_loss 0.00119750|val_loss 0.00054965
Epoch 252|time: 4.29s|train_loss 0.00086015|val_loss 0.00017586
Epoch 253|time: 3.56s|train_loss 0.00137045|val_loss 0.00224922
Epoch 254|time: 3.52s|train_loss 0.00154034|val_loss 0.00047923
Epoch 255|time: 3.70s|train_loss 0.00130302|val_loss 0.00050970
Epoch 256|time: 3.54s|train_loss 0.00094287|val_loss 0.00036462
Epoch 257|time: 3.60s|train_loss 0.00080686|val_loss 0.00104577
Epoch 258|time: 3.58s|train_loss 0.00114842|val_loss 0.00120527
Epoch 259|time: 3.71s|train_loss 0.00089527|val_loss 0.00035537
Epoch 260|time: 3.61s|train_loss 0.00071251|val_loss 0.00050191
Epoch 261|time: 3.59s|train_loss 0.00077474|val_loss 0.00062346
Epoch 262|time: 3.60s|train_loss 0.00108161|val_loss 0.00071356
Epoch 263|time: 3.64s|train_loss 0.00082536|val_loss 0.00063618
Epoch 264|time: 3.59s|train_loss 0.00103942|val_loss 0.00073845
Epoch 265|time: 3.73s|train_loss 0.00107417|val_loss 0.00062781
Epoch 266|time: 3.68s|train_loss 0.00083746|val_loss 0.00027234
Epoch 267|time: 3.67s|train_loss 0.00081015|val_loss 0.00114109
Epoch 268|time: 3.81s|train_loss 0.00124728|val_loss 0.00025121
Epoch 269|time: 3.81s|train_loss 0.00099726|val_loss 0.00034515
Epoch 270|time: 3.67s|train_loss 0.00097082|val_loss 0.00106633
Epoch 271|time: 3.86s|train_loss 0.00104717|val_loss 0.00046000
Epoch 272|time: 3.72s|train_loss 0.00101848|val_loss 0.00041239
Epoch 273|time: 3.75s|train_loss 0.00094349|val_loss 0.00033994
Epoch 274|time: 3.81s|train_loss 0.00080963|val_loss 0.00058501
Epoch 275|time: 3.68s|train_loss 0.00084140|val_loss 0.00098991
Epoch 276|time: 3.75s|train_loss 0.00138989|val_loss 0.00061129
Epoch 277|time: 3.80s|train_loss 0.00197948|val_loss 0.00260397
Epoch 278|time: 3.68s|train_loss 0.00185556|val_loss 0.00145580
Epoch 279|time: 3.89s|train_loss 0.00139542|val_loss 0.00092312
Epoch 280|time: 3.67s|train_loss 0.00105331|val_loss 0.00031050
Epoch 281|time: 3.69s|train_loss 0.00084866|val_loss 0.00029286
Epoch 282|time: 3.77s|train_loss 0.00072954|val_loss 0.00027941
Epoch 283|time: 3.80s|train_loss 0.00105684|val_loss 0.00043796
Epoch 284|time: 3.75s|train_loss 0.00124703|val_loss 0.00117999
Epoch 285|time: 3.70s|train_loss 0.00128929|val_loss 0.00082905
Epoch 286|time: 3.63s|train_loss 0.00096742|val_loss 0.00074314
Epoch 287|time: 4.02s|train_loss 0.00109941|val_loss 0.00077911
Epoch 288|time: 3.74s|train_loss 0.00102895|val_loss 0.00090885
Epoch 289|time: 3.81s|train_loss 0.00100093|val_loss 0.00044365
Epoch 290|time: 3.82s|train_loss 0.00105436|val_loss 0.00111799
Epoch 291|time: 3.74s|train_loss 0.00136786|val_loss 0.00095087
Epoch 292|time: 3.96s|train_loss 0.00100980|val_loss 0.00039971
Epoch 293|time: 3.73s|train_loss 0.00091376|val_loss 0.00052237
Epoch 294|time: 3.72s|train_loss 0.00090444|val_loss 0.00046908
Epoch 295|time: 3.86s|train_loss 0.00092369|val_loss 0.00029956
Epoch 296|time: 3.77s|train_loss 0.00094335|val_loss 0.00025408
Epoch 297|time: 3.89s|train_loss 0.00093399|val_loss 0.00068101
Epoch 298|time: 3.75s|train_loss 0.00098771|val_loss 0.00030821
Epoch 299|time: 3.69s|train_loss 0.00083342|val_loss 0.00032644
Epoch 300|time: 3.94s|train_loss 0.00090128|val_loss 0.00034458
Epoch 301|time: 4.00s|train_loss 0.00091020|val_loss 0.00060040
Epoch 302|time: 3.72s|train_loss 0.00097154|val_loss 0.00054308
Epoch 303|time: 3.71s|train_loss 0.00090508|val_loss 0.00026646
Epoch 304|time: 3.72s|train_loss 0.00075978|val_loss 0.00016387
Epoch 305|time: 3.76s|train_loss 0.00073595|val_loss 0.00034726
Epoch 306|time: 3.82s|train_loss 0.00096566|val_loss 0.00029968
Epoch 307|time: 3.79s|train_loss 0.00090234|val_loss 0.00071895
Epoch 308|time: 3.78s|train_loss 0.00089826|val_loss 0.00048129
Epoch 309|time: 3.74s|train_loss 0.00084117|val_loss 0.00048043
Epoch 310|time: 3.75s|train_loss 0.00089913|val_loss 0.00033704
Epoch 311|time: 4.07s|train_loss 0.00092396|val_loss 0.00025664
Epoch 312|time: 3.75s|train_loss 0.00093459|val_loss 0.00025904
Epoch 313|time: 4.01s|train_loss 0.00089863|val_loss 0.00037957
Epoch 314|time: 3.79s|train_loss 0.00091140|val_loss 0.00063685
Epoch 315|time: 3.85s|train_loss 0.00092623|val_loss 0.00047622
Epoch 316|time: 3.88s|train_loss 0.00080556|val_loss 0.00046618
Epoch 317|time: 3.91s|train_loss 0.00096278|val_loss 0.00025559
Epoch 318|time: 3.88s|train_loss 0.00090619|val_loss 0.00049349
Epoch 319|time: 3.93s|train_loss 0.00083391|val_loss 0.00023503
Epoch 320|time: 3.76s|train_loss 0.00076308|val_loss 0.00016050
Epoch 321|time: 3.87s|train_loss 0.00094925|val_loss 0.00040734
Epoch 322|time: 3.78s|train_loss 0.00092116|val_loss 0.00065767
Epoch 323|time: 3.81s|train_loss 0.00097791|val_loss 0.00039442
Epoch 324|time: 3.90s|train_loss 0.00071639|val_loss 0.00043792
Epoch 325|time: 3.83s|train_loss 0.00075855|val_loss 0.00015744
Best validation epoch: 325 Mon May 22 23:49:40 2023
TEST MAE 0.2034 | std 0.0519 | RMSE 0.3014 | RMSEs 0.2907 | PCC 0.9511 | PCCs 0.9287 | R2 0.8980 | R2s 0.8429 | Var 0.9000 | Vars 0.8467 | Peak 0.1208
Epoch 326|time: 3.91s|train_loss 0.00077066|val_loss 0.00025913
Epoch 327|time: 3.78s|train_loss 0.00068717|val_loss 0.00032052
Epoch 328|time: 3.83s|train_loss 0.00071655|val_loss 0.00054852
Epoch 329|time: 4.01s|train_loss 0.00093903|val_loss 0.00026697
Epoch 330|time: 3.78s|train_loss 0.00099868|val_loss 0.00119030
Epoch 331|time: 3.78s|train_loss 0.00129330|val_loss 0.00083279
Epoch 332|time: 3.94s|train_loss 0.00101219|val_loss 0.00069410
Epoch 333|time: 3.87s|train_loss 0.00096882|val_loss 0.00020694
Epoch 334|time: 3.98s|train_loss 0.00092661|val_loss 0.00033514
Epoch 335|time: 3.83s|train_loss 0.00089207|val_loss 0.00072661
Epoch 336|time: 3.93s|train_loss 0.00101281|val_loss 0.00027165
Epoch 337|time: 3.80s|train_loss 0.00070874|val_loss 0.00018179
Epoch 338|time: 3.98s|train_loss 0.00088752|val_loss 0.00079636
Epoch 339|time: 4.02s|train_loss 0.00081713|val_loss 0.00019466
Epoch 340|time: 3.83s|train_loss 0.00073317|val_loss 0.00031529
Epoch 341|time: 3.80s|train_loss 0.00092201|val_loss 0.00067469
Epoch 342|time: 3.84s|train_loss 0.00121225|val_loss 0.00084365
Epoch 343|time: 3.91s|train_loss 0.00112788|val_loss 0.00076099
Epoch 344|time: 3.78s|train_loss 0.00115439|val_loss 0.00112074
Epoch 345|time: 3.84s|train_loss 0.00131812|val_loss 0.00069683
Epoch 346|time: 3.87s|train_loss 0.00095977|val_loss 0.00058041
Epoch 347|time: 4.03s|train_loss 0.00082812|val_loss 0.00037520
Epoch 348|time: 4.11s|train_loss 0.00075023|val_loss 0.00024297
Epoch 349|time: 3.99s|train_loss 0.00088832|val_loss 0.00025528
Epoch 350|time: 3.79s|train_loss 0.00081228|val_loss 0.00024711
Epoch 351|time: 3.93s|train_loss 0.00089949|val_loss 0.00042529
Epoch 352|time: 3.86s|train_loss 0.00090569|val_loss 0.00027539
Epoch 353|time: 3.81s|train_loss 0.00082917|val_loss 0.00028980
Epoch 354|time: 3.92s|train_loss 0.00070453|val_loss 0.00023495
Epoch 355|time: 3.81s|train_loss 0.00072396|val_loss 0.00019472
Epoch 356|time: 3.83s|train_loss 0.00069361|val_loss 0.00054224
Epoch 357|time: 4.09s|train_loss 0.00089156|val_loss 0.00021939
Epoch 358|time: 3.90s|train_loss 0.00070573|val_loss 0.00020832
Epoch 359|time: 4.01s|train_loss 0.00076350|val_loss 0.00016945
Epoch 360|time: 3.83s|train_loss 0.00091141|val_loss 0.00043414
Epoch 361|time: 3.95s|train_loss 0.00091933|val_loss 0.00067580
Epoch 362|time: 3.82s|train_loss 0.00078824|val_loss 0.00026563
Epoch 363|time: 4.12s|train_loss 0.00067985|val_loss 0.00030471
Epoch 364|time: 3.85s|train_loss 0.00085260|val_loss 0.00066406
Epoch 365|time: 3.95s|train_loss 0.00081541|val_loss 0.00077155
Epoch 366|time: 3.83s|train_loss 0.00115178|val_loss 0.00134733
Epoch 367|time: 3.97s|train_loss 0.00097251|val_loss 0.00054349
Epoch 368|time: 3.82s|train_loss 0.00084317|val_loss 0.00023853
Epoch 369|time: 3.86s|train_loss 0.00080226|val_loss 0.00048308
Epoch 370|time: 4.01s|train_loss 0.00081337|val_loss 0.00032726
Epoch 371|time: 3.93s|train_loss 0.00080662|val_loss 0.00065307
Epoch 372|time: 3.95s|train_loss 0.00088234|val_loss 0.00033030
Epoch 373|time: 3.84s|train_loss 0.00083083|val_loss 0.00054025
Epoch 374|time: 3.83s|train_loss 0.00086121|val_loss 0.00040466
Epoch 375|time: 4.12s|train_loss 0.00080360|val_loss 0.00067902
Epoch 376|time: 3.80s|train_loss 0.00094537|val_loss 0.00030187
Epoch 377|time: 3.93s|train_loss 0.00071338|val_loss 0.00019730
Epoch 378|time: 3.91s|train_loss 0.00069199|val_loss 0.00016417
Epoch 379|time: 4.06s|train_loss 0.00067192|val_loss 0.00032770
Epoch 380|time: 3.91s|train_loss 0.00083954|val_loss 0.00021250
Epoch 381|time: 3.85s|train_loss 0.00071989|val_loss 0.00030168
Epoch 382|time: 3.96s|train_loss 0.00066113|val_loss 0.00024821
Epoch 383|time: 3.83s|train_loss 0.00068298|val_loss 0.00016653
Epoch 384|time: 4.01s|train_loss 0.00065622|val_loss 0.00017587
Epoch 385|time: 3.99s|train_loss 0.00064818|val_loss 0.00017216
Epoch 386|time: 3.81s|train_loss 0.00064936|val_loss 0.00032101
Epoch 387|time: 3.90s|train_loss 0.00070143|val_loss 0.00016859
Epoch 388|time: 3.96s|train_loss 0.00073945|val_loss 0.00054443
Epoch 389|time: 3.97s|train_loss 0.00077887|val_loss 0.00022462
Epoch 390|time: 4.03s|train_loss 0.00079052|val_loss 0.00037920
Epoch 391|time: 3.88s|train_loss 0.00075832|val_loss 0.00055387
Epoch 392|time: 3.85s|train_loss 0.00080311|val_loss 0.00024982
Epoch 393|time: 4.07s|train_loss 0.00076607|val_loss 0.00016796
Epoch 394|time: 4.09s|train_loss 0.00064483|val_loss 0.00017364
Epoch 395|time: 3.98s|train_loss 0.00065407|val_loss 0.00015804
Epoch 396|time: 3.89s|train_loss 0.00065163|val_loss 0.00019078
Epoch 397|time: 3.84s|train_loss 0.00067077|val_loss 0.00014733
Best validation epoch: 397 Mon May 22 23:54:23 2023
TEST MAE 0.1902 | std 0.0496 | RMSE 0.2837 | RMSEs 0.2737 | PCC 0.9563 | PCCs 0.9354 | R2 0.9096 | R2s 0.8609 | Var 0.9108 | Vars 0.8632 | Peak 0.1107
Epoch 398|time: 3.82s|train_loss 0.00063574|val_loss 0.00014680
Best validation epoch: 398 Mon May 22 23:54:28 2023
TEST MAE 0.2022 | std 0.0539 | RMSE 0.2935 | RMSEs 0.2836 | PCC 0.9552 | PCCs 0.9336 | R2 0.9033 | R2s 0.8510 | Var 0.9115 | Vars 0.8647 | Peak 0.1181
Epoch 399|time: 3.85s|train_loss 0.00064794|val_loss 0.00026035
Epoch 400|time: 4.05s|train_loss 0.00070555|val_loss 0.00015582
Epoch 401|time: 3.83s|train_loss 0.00084014|val_loss 0.00030868
Epoch 402|time: 3.93s|train_loss 0.00078615|val_loss 0.00034465
Epoch 403|time: 3.97s|train_loss 0.00074680|val_loss 0.00054366
Epoch 404|time: 3.92s|train_loss 0.00082059|val_loss 0.00032709
Epoch 405|time: 3.99s|train_loss 0.00074876|val_loss 0.00022494
Epoch 406|time: 3.96s|train_loss 0.00067756|val_loss 0.00036277
Epoch 407|time: 3.99s|train_loss 0.00065920|val_loss 0.00018547
Epoch 408|time: 3.96s|train_loss 0.00067511|val_loss 0.00037326
Epoch 409|time: 4.10s|train_loss 0.00082126|val_loss 0.00035889
Epoch 410|time: 3.98s|train_loss 0.00066035|val_loss 0.00015580
Epoch 411|time: 3.94s|train_loss 0.00064881|val_loss 0.00017712
Epoch 412|time: 4.10s|train_loss 0.00068974|val_loss 0.00033323
Epoch 413|time: 3.87s|train_loss 0.00077415|val_loss 0.00056470
Epoch 414|time: 3.81s|train_loss 0.00088493|val_loss 0.00021574
Epoch 415|time: 4.05s|train_loss 0.00082610|val_loss 0.00052643
Epoch 416|time: 3.87s|train_loss 0.00082797|val_loss 0.00052734
Epoch 417|time: 4.11s|train_loss 0.00078723|val_loss 0.00032902
Epoch 418|time: 3.91s|train_loss 0.00085101|val_loss 0.00059011
Epoch 419|time: 3.84s|train_loss 0.00083637|val_loss 0.00066409
Epoch 420|time: 4.01s|train_loss 0.00105940|val_loss 0.00064574
Epoch 421|time: 3.90s|train_loss 0.00098664|val_loss 0.00022078
Epoch 422|time: 3.95s|train_loss 0.00101933|val_loss 0.00067614
Epoch 423|time: 3.87s|train_loss 0.00109383|val_loss 0.00118146
Epoch 424|time: 4.07s|train_loss 0.00105459|val_loss 0.00027264
Epoch 425|time: 3.93s|train_loss 0.00096714|val_loss 0.00045740
Epoch 426|time: 4.00s|train_loss 0.00081824|val_loss 0.00047330
Epoch 427|time: 3.94s|train_loss 0.00079579|val_loss 0.00046033
Epoch 428|time: 3.95s|train_loss 0.00078828|val_loss 0.00042302
Epoch 429|time: 3.90s|train_loss 0.00083184|val_loss 0.00060470
Epoch 430|time: 3.98s|train_loss 0.00091468|val_loss 0.00069720
Epoch 431|time: 3.93s|train_loss 0.00087544|val_loss 0.00081618
Epoch 432|time: 3.85s|train_loss 0.00094807|val_loss 0.00026480
Epoch 433|time: 3.98s|train_loss 0.00071717|val_loss 0.00017542
Epoch 434|time: 3.84s|train_loss 0.00066105|val_loss 0.00069842
Epoch 435|time: 3.97s|train_loss 0.00095011|val_loss 0.00023614
Epoch 436|time: 3.98s|train_loss 0.00071427|val_loss 0.00020233
Epoch 437|time: 3.94s|train_loss 0.00073990|val_loss 0.00035627
Epoch 438|time: 4.01s|train_loss 0.00071082|val_loss 0.00034344
Epoch 439|time: 4.11s|train_loss 0.00079901|val_loss 0.00018753
Epoch 440|time: 4.12s|train_loss 0.00095806|val_loss 0.00058492
Epoch 441|time: 3.92s|train_loss 0.00094775|val_loss 0.00071849
Epoch 442|time: 3.90s|train_loss 0.00095849|val_loss 0.00018641
Epoch 443|time: 4.00s|train_loss 0.00092529|val_loss 0.00040898
Epoch 444|time: 3.96s|train_loss 0.00088607|val_loss 0.00066348
Epoch 445|time: 4.05s|train_loss 0.00084483|val_loss 0.00053431
Epoch 446|time: 3.89s|train_loss 0.00088329|val_loss 0.00031944
Epoch 447|time: 3.82s|train_loss 0.00088213|val_loss 0.00036479
Epoch 448|time: 4.01s|train_loss 0.00085942|val_loss 0.00030395
Epoch 449|time: 3.86s|train_loss 0.00079701|val_loss 0.00096988
Epoch 450|time: 4.18s|train_loss 0.00108979|val_loss 0.00020910
Epoch 451|time: 3.89s|train_loss 0.00074216|val_loss 0.00019915
Epoch 452|time: 3.89s|train_loss 0.00069213|val_loss 0.00028299
Epoch 453|time: 3.94s|train_loss 0.00071787|val_loss 0.00056748
Epoch 454|time: 4.30s|train_loss 0.00088693|val_loss 0.00052295
Epoch 455|time: 3.95s|train_loss 0.00091535|val_loss 0.00023948
Epoch 456|time: 3.87s|train_loss 0.00080399|val_loss 0.00022281
Epoch 457|time: 3.89s|train_loss 0.00092778|val_loss 0.00037649
Epoch 458|time: 4.13s|train_loss 0.00108811|val_loss 0.00113911
Epoch 459|time: 3.93s|train_loss 0.00118181|val_loss 0.00045489
Epoch 460|time: 4.02s|train_loss 0.00094195|val_loss 0.00022339
Epoch 461|time: 3.88s|train_loss 0.00089702|val_loss 0.00034914
Epoch 462|time: 4.08s|train_loss 0.00088031|val_loss 0.00029489
Epoch 463|time: 4.07s|train_loss 0.00088415|val_loss 0.00022564
Epoch 464|time: 4.05s|train_loss 0.00083048|val_loss 0.00021594
Epoch 465|time: 4.02s|train_loss 0.00074312|val_loss 0.00038031
Epoch 466|time: 3.88s|train_loss 0.00079621|val_loss 0.00056597
Epoch 467|time: 3.99s|train_loss 0.00091808|val_loss 0.00051056
Epoch 468|time: 4.04s|train_loss 0.00084264|val_loss 0.00026908
Epoch 469|time: 4.10s|train_loss 0.00078613|val_loss 0.00060728
Epoch 470|time: 4.02s|train_loss 0.00085523|val_loss 0.00020986
Epoch 471|time: 3.89s|train_loss 0.00087953|val_loss 0.00034793
Epoch 472|time: 3.97s|train_loss 0.00094005|val_loss 0.00020287
Epoch 473|time: 4.03s|train_loss 0.00076851|val_loss 0.00018093
Epoch 474|time: 3.87s|train_loss 0.00070513|val_loss 0.00046028
Epoch 475|time: 4.14s|train_loss 0.00090754|val_loss 0.00034789
Epoch 476|time: 3.98s|train_loss 0.00087522|val_loss 0.00075988
Epoch 477|time: 3.93s|train_loss 0.00091809|val_loss 0.00035349
Epoch 478|time: 3.96s|train_loss 0.00089490|val_loss 0.00023388
Epoch 479|time: 3.92s|train_loss 0.00100405|val_loss 0.00112034
Epoch 480|time: 4.03s|train_loss 0.00111743|val_loss 0.00041933
Epoch 481|time: 3.93s|train_loss 0.00083700|val_loss 0.00060988
Epoch 482|time: 4.05s|train_loss 0.00081341|val_loss 0.00017883
Epoch 483|time: 5.20s|train_loss 0.00067061|val_loss 0.00025198
Epoch 484|time: 4.96s|train_loss 0.00066360|val_loss 0.00038133
Epoch 485|time: 4.01s|train_loss 0.00071778|val_loss 0.00017013
Epoch 486|time: 4.01s|train_loss 0.00067975|val_loss 0.00019860
Epoch 487|time: 3.83s|train_loss 0.00069473|val_loss 0.00019835
Epoch 488|time: 3.87s|train_loss 0.00073054|val_loss 0.00022366
Epoch 489|time: 3.88s|train_loss 0.00111341|val_loss 0.00082927
Epoch 490|time: 4.13s|train_loss 0.00106460|val_loss 0.00030884
Epoch 491|time: 3.92s|train_loss 0.00077928|val_loss 0.00040439
Epoch 492|time: 3.94s|train_loss 0.00088356|val_loss 0.00041409
Epoch 493|time: 3.87s|train_loss 0.00088416|val_loss 0.00091891
Epoch 494|time: 3.91s|train_loss 0.00119876|val_loss 0.00063708
Epoch 495|time: 4.02s|train_loss 0.00117412|val_loss 0.00034919
Epoch 496|time: 4.00s|train_loss 0.00071998|val_loss 0.00024962
Epoch 497|time: 3.95s|train_loss 0.00063912|val_loss 0.00049298
Epoch 498|time: 4.00s|train_loss 0.00093867|val_loss 0.00119458
Epoch 499|time: 4.18s|train_loss 0.00135452|val_loss 0.00150021
Epoch 500|time: 4.22s|train_loss 0.00116095|val_loss 0.00083808
Final evaluation
TEST MAE 0.2022 | std 0.0539 | RMSE 0.2935 | RMSEs 0.2836 | PCC 0.9552 | PCCs 0.9336 | R2 0.9033 | R2s 0.8510 | Var 0.9115 | Vars 0.8647 | Peak 0.1181
