--------Parameters--------
Namespace(batch=32, bi=False, check_point=1, cuda=False, dataset='us_hhs', dropout=0.2, epilambda=0.1, epochs=500, gpu=3, hidsp=15, horizon=2, k=10, lamda=0.01, lr=0.01, model='cola_gnn_epi', mylog=False, n_hidden=10, n_layer=1, patience=200, rnn_model='RNN', save_dir='save', seed=42, shuffle=False, sim_mat='us_hhs-adj', test=0.2, train=0.6, val=0.2, weight_decay=0.0005, window=20)
--------------------------
data shape (364, 10)
size of train/val/test sets 197 73 73
#params: 2005
begin training
Epoch   1|time: 3.21s|train_loss 0.00198689|val_loss 0.00051865
Best validation epoch: 1 Tue May 23 05:42:44 2023
TEST MAE 0.5355 | std 0.1719 | RMSE 0.7527 | RMSEs 0.7117 | PCC 0.6138 | PCCs 0.5687 | R2 0.3636 | R2s 0.0988 | Var 0.3757 | Vars 0.3094 | Peak 0.2913
Epoch   2|time: 3.21s|train_loss 0.00146519|val_loss 0.00042189
Best validation epoch: 2 Tue May 23 05:42:48 2023
TEST MAE 0.5004 | std 0.2245 | RMSE 0.7154 | RMSEs 0.6651 | PCC 0.7034 | PCCs 0.6491 | R2 0.4251 | R2s 0.2392 | Var 0.4932 | Vars 0.3932 | Peak 0.2914
Epoch   3|time: 3.21s|train_loss 0.00140710|val_loss 0.00041301
Best validation epoch: 3 Tue May 23 05:42:52 2023
TEST MAE 0.4403 | std 0.1082 | RMSE 0.5782 | RMSEs 0.5593 | PCC 0.8031 | PCCs 0.7580 | R2 0.6244 | R2s 0.4054 | Var 0.6449 | Vars 0.5679 | Peak 0.2093
Epoch   4|time: 3.06s|train_loss 0.00132094|val_loss 0.00031052
Best validation epoch: 4 Tue May 23 05:42:56 2023
TEST MAE 0.3477 | std 0.1211 | RMSE 0.5409 | RMSEs 0.5087 | PCC 0.8423 | PCCs 0.7895 | R2 0.6713 | R2s 0.5480 | Var 0.6856 | Vars 0.5984 | Peak 0.2242
Epoch   5|time: 3.05s|train_loss 0.00123514|val_loss 0.00033574
Epoch   6|time: 3.11s|train_loss 0.00118477|val_loss 0.00043385
Epoch   7|time: 3.03s|train_loss 0.00115143|val_loss 0.00025503
Best validation epoch: 7 Tue May 23 05:43:06 2023
TEST MAE 0.3031 | std 0.0764 | RMSE 0.4529 | RMSEs 0.4337 | PCC 0.8809 | PCCs 0.8415 | R2 0.7696 | R2s 0.6602 | Var 0.7696 | Vars 0.6926 | Peak 0.1732
Epoch   8|time: 3.15s|train_loss 0.00110451|val_loss 0.00028041
Epoch   9|time: 3.03s|train_loss 0.00115134|val_loss 0.00023368
Best validation epoch: 9 Tue May 23 05:43:13 2023
TEST MAE 0.2914 | std 0.0999 | RMSE 0.4599 | RMSEs 0.4360 | PCC 0.8899 | PCCs 0.8472 | R2 0.7624 | R2s 0.6644 | Var 0.7885 | Vars 0.7063 | Peak 0.1823
Epoch  10|time: 3.03s|train_loss 0.00112203|val_loss 0.00022185
Best validation epoch: 10 Tue May 23 05:43:16 2023
TEST MAE 0.2660 | std 0.0781 | RMSE 0.4231 | RMSEs 0.4024 | PCC 0.8977 | PCCs 0.8627 | R2 0.7990 | R2s 0.7111 | Var 0.8009 | Vars 0.7280 | Peak 0.1620
Epoch  11|time: 3.10s|train_loss 0.00107901|val_loss 0.00022248
Epoch  12|time: 3.10s|train_loss 0.00105453|val_loss 0.00022138
Best validation epoch: 12 Tue May 23 05:43:23 2023
TEST MAE 0.2764 | std 0.0731 | RMSE 0.4080 | RMSEs 0.3913 | PCC 0.9027 | PCCs 0.8708 | R2 0.8130 | R2s 0.7232 | Var 0.8146 | Vars 0.7451 | Peak 0.1528
Epoch  13|time: 3.02s|train_loss 0.00105789|val_loss 0.00023548
Epoch  14|time: 3.16s|train_loss 0.00107691|val_loss 0.00022185
Epoch  15|time: 3.13s|train_loss 0.00106863|val_loss 0.00020495
Best validation epoch: 15 Tue May 23 05:43:33 2023
TEST MAE 0.2630 | std 0.0671 | RMSE 0.3916 | RMSEs 0.3763 | PCC 0.9108 | PCCs 0.8827 | R2 0.8277 | R2s 0.7426 | Var 0.8294 | Vars 0.7666 | Peak 0.1462
Epoch  16|time: 3.01s|train_loss 0.00099086|val_loss 0.00020300
Best validation epoch: 16 Tue May 23 05:43:37 2023
TEST MAE 0.2531 | std 0.0798 | RMSE 0.4139 | RMSEs 0.3936 | PCC 0.9104 | PCCs 0.8739 | R2 0.8075 | R2s 0.7252 | Var 0.8208 | Vars 0.7494 | Peak 0.1620
Epoch  17|time: 2.97s|train_loss 0.00101395|val_loss 0.00023818
Epoch  18|time: 2.06s|train_loss 0.00100983|val_loss 0.00020095
Best validation epoch: 18 Tue May 23 05:43:43 2023
TEST MAE 0.2608 | std 0.0684 | RMSE 0.3827 | RMSEs 0.3682 | PCC 0.9161 | PCCs 0.8882 | R2 0.8355 | R2s 0.7529 | Var 0.8392 | Vars 0.7771 | Peak 0.1430
Epoch  19|time: 2.51s|train_loss 0.00103446|val_loss 0.00019909
Best validation epoch: 19 Tue May 23 05:43:46 2023
TEST MAE 0.2436 | std 0.0789 | RMSE 0.3952 | RMSEs 0.3753 | PCC 0.9171 | PCCs 0.8845 | R2 0.8246 | R2s 0.7507 | Var 0.8372 | Vars 0.7724 | Peak 0.1551
Epoch  20|time: 3.43s|train_loss 0.00100816|val_loss 0.00030521
Epoch  21|time: 3.56s|train_loss 0.00102967|val_loss 0.00034035
Epoch  22|time: 3.44s|train_loss 0.00101673|val_loss 0.00023733
Epoch  23|time: 3.39s|train_loss 0.00099869|val_loss 0.00023317
Epoch  24|time: 3.44s|train_loss 0.00108566|val_loss 0.00020279
Epoch  25|time: 3.47s|train_loss 0.00103586|val_loss 0.00019272
Best validation epoch: 25 Tue May 23 05:44:07 2023
TEST MAE 0.2373 | std 0.0765 | RMSE 0.3786 | RMSEs 0.3594 | PCC 0.9207 | PCCs 0.8907 | R2 0.8390 | R2s 0.7710 | Var 0.8460 | Vars 0.7849 | Peak 0.1487
Epoch  26|time: 3.37s|train_loss 0.00101666|val_loss 0.00025478
Epoch  27|time: 3.54s|train_loss 0.00102246|val_loss 0.00026077
Epoch  28|time: 3.38s|train_loss 0.00101674|val_loss 0.00021327
Epoch  29|time: 3.40s|train_loss 0.00098158|val_loss 0.00018676
Best validation epoch: 29 Tue May 23 05:44:22 2023
TEST MAE 0.2342 | std 0.0720 | RMSE 0.3658 | RMSEs 0.3485 | PCC 0.9234 | PCCs 0.8946 | R2 0.8497 | R2s 0.7833 | Var 0.8525 | Vars 0.7916 | Peak 0.1424
Epoch  30|time: 3.40s|train_loss 0.00097921|val_loss 0.00019374
Epoch  31|time: 3.45s|train_loss 0.00097408|val_loss 0.00019326
Epoch  32|time: 3.56s|train_loss 0.00098179|val_loss 0.00018394
Best validation epoch: 32 Tue May 23 05:44:33 2023
TEST MAE 0.2313 | std 0.0685 | RMSE 0.3594 | RMSEs 0.3434 | PCC 0.9251 | PCCs 0.8955 | R2 0.8549 | R2s 0.7882 | Var 0.8554 | Vars 0.7947 | Peak 0.1396
Epoch  33|time: 3.39s|train_loss 0.00095183|val_loss 0.00019856
Epoch  34|time: 3.38s|train_loss 0.00098449|val_loss 0.00019443
Epoch  35|time: 3.43s|train_loss 0.00095200|val_loss 0.00018576
Epoch  36|time: 3.44s|train_loss 0.00093829|val_loss 0.00018250
Best validation epoch: 36 Tue May 23 05:44:47 2023
TEST MAE 0.2297 | std 0.0687 | RMSE 0.3540 | RMSEs 0.3382 | PCC 0.9270 | PCCs 0.8998 | R2 0.8592 | R2s 0.7944 | Var 0.8592 | Vars 0.8018 | Peak 0.1365
Epoch  37|time: 3.38s|train_loss 0.00094186|val_loss 0.00019868
Epoch  38|time: 3.45s|train_loss 0.00092710|val_loss 0.00020437
Epoch  39|time: 3.39s|train_loss 0.00093861|val_loss 0.00018804
Epoch  40|time: 3.49s|train_loss 0.00092539|val_loss 0.00021513
Epoch  41|time: 3.40s|train_loss 0.00094303|val_loss 0.00018206
Best validation epoch: 41 Tue May 23 05:45:05 2023
TEST MAE 0.2259 | std 0.0694 | RMSE 0.3528 | RMSEs 0.3363 | PCC 0.9285 | PCCs 0.9012 | R2 0.8602 | R2s 0.7978 | Var 0.8621 | Vars 0.8043 | Peak 0.1367
Epoch  42|time: 3.40s|train_loss 0.00095196|val_loss 0.00019175
Epoch  43|time: 3.55s|train_loss 0.00093533|val_loss 0.00018241
Epoch  44|time: 3.46s|train_loss 0.00090731|val_loss 0.00020811
Epoch  45|time: 3.39s|train_loss 0.00091720|val_loss 0.00018442
Epoch  46|time: 3.47s|train_loss 0.00090895|val_loss 0.00018937
Epoch  47|time: 3.38s|train_loss 0.00088628|val_loss 0.00018482
Epoch  48|time: 3.39s|train_loss 0.00095590|val_loss 0.00019074
Epoch  49|time: 3.55s|train_loss 0.00093823|val_loss 0.00019288
Epoch  50|time: 3.40s|train_loss 0.00095235|val_loss 0.00021875
Epoch  51|time: 3.37s|train_loss 0.00095598|val_loss 0.00018035
Best validation epoch: 51 Tue May 23 05:45:40 2023
TEST MAE 0.2228 | std 0.0659 | RMSE 0.3457 | RMSEs 0.3305 | PCC 0.9305 | PCCs 0.9023 | R2 0.8657 | R2s 0.8033 | Var 0.8658 | Vars 0.8080 | Peak 0.1333
Epoch  52|time: 3.43s|train_loss 0.00099053|val_loss 0.00020555
Epoch  53|time: 3.38s|train_loss 0.00090692|val_loss 0.00023910
Epoch  54|time: 3.46s|train_loss 0.00094387|val_loss 0.00019035
Epoch  55|time: 3.43s|train_loss 0.00089934|val_loss 0.00018892
Epoch  56|time: 3.40s|train_loss 0.00096384|val_loss 0.00020115
Epoch  57|time: 3.38s|train_loss 0.00087397|val_loss 0.00019247
Epoch  58|time: 3.46s|train_loss 0.00090992|val_loss 0.00020231
Epoch  59|time: 3.40s|train_loss 0.00088572|val_loss 0.00018272
Epoch  60|time: 3.43s|train_loss 0.00087334|val_loss 0.00023562
Epoch  61|time: 3.40s|train_loss 0.00088006|val_loss 0.00019638
Epoch  62|time: 3.53s|train_loss 0.00086416|val_loss 0.00024267
Epoch  63|time: 3.42s|train_loss 0.00089730|val_loss 0.00023996
Epoch  64|time: 3.37s|train_loss 0.00087842|val_loss 0.00017766
Best validation epoch: 64 Tue May 23 05:46:26 2023
TEST MAE 0.2188 | std 0.0672 | RMSE 0.3417 | RMSEs 0.3257 | PCC 0.9325 | PCCs 0.9069 | R2 0.8688 | R2s 0.8097 | Var 0.8695 | Vars 0.8146 | Peak 0.1324
Epoch  65|time: 3.38s|train_loss 0.00085820|val_loss 0.00020540
Epoch  66|time: 3.38s|train_loss 0.00091100|val_loss 0.00020707
Epoch  67|time: 3.38s|train_loss 0.00092674|val_loss 0.00020718
Epoch  68|time: 3.46s|train_loss 0.00092143|val_loss 0.00019182
Epoch  69|time: 3.38s|train_loss 0.00099658|val_loss 0.00018253
Epoch  70|time: 3.38s|train_loss 0.00091300|val_loss 0.00019321
Epoch  71|time: 3.38s|train_loss 0.00087389|val_loss 0.00020451
Epoch  72|time: 3.47s|train_loss 0.00086371|val_loss 0.00022523
Epoch  73|time: 3.38s|train_loss 0.00085729|val_loss 0.00019290
Epoch  74|time: 3.38s|train_loss 0.00084677|val_loss 0.00017988
Epoch  75|time: 3.38s|train_loss 0.00084672|val_loss 0.00017713
Best validation epoch: 75 Tue May 23 05:47:04 2023
TEST MAE 0.2176 | std 0.0643 | RMSE 0.3405 | RMSEs 0.3252 | PCC 0.9331 | PCCs 0.9054 | R2 0.8697 | R2s 0.8099 | Var 0.8704 | Vars 0.8143 | Peak 0.1312
Epoch  76|time: 3.50s|train_loss 0.00083618|val_loss 0.00018973
Epoch  77|time: 3.37s|train_loss 0.00086538|val_loss 0.00020202
Epoch  78|time: 3.48s|train_loss 0.00083333|val_loss 0.00017895
Epoch  79|time: 3.38s|train_loss 0.00084653|val_loss 0.00018663
Epoch  80|time: 3.37s|train_loss 0.00084143|val_loss 0.00017476
Best validation epoch: 80 Tue May 23 05:47:22 2023
TEST MAE 0.2176 | std 0.0633 | RMSE 0.3372 | RMSEs 0.3223 | PCC 0.9341 | PCCs 0.9072 | R2 0.8723 | R2s 0.8127 | Var 0.8724 | Vars 0.8164 | Peak 0.1288
Epoch  81|time: 3.38s|train_loss 0.00088515|val_loss 0.00018250
Epoch  82|time: 3.47s|train_loss 0.00086491|val_loss 0.00023474
Epoch  83|time: 3.41s|train_loss 0.00088692|val_loss 0.00017687
Epoch  84|time: 3.39s|train_loss 0.00088318|val_loss 0.00017483
Epoch  85|time: 3.39s|train_loss 0.00085488|val_loss 0.00018672
Epoch  86|time: 3.40s|train_loss 0.00084533|val_loss 0.00020356
Epoch  87|time: 3.45s|train_loss 0.00083957|val_loss 0.00019477
Epoch  88|time: 3.38s|train_loss 0.00084230|val_loss 0.00018724
Epoch  89|time: 3.44s|train_loss 0.00084715|val_loss 0.00018854
Epoch  90|time: 3.40s|train_loss 0.00082547|val_loss 0.00017601
Epoch  91|time: 3.44s|train_loss 0.00083010|val_loss 0.00017855
Epoch  92|time: 3.46s|train_loss 0.00084727|val_loss 0.00017683
Epoch  93|time: 3.40s|train_loss 0.00082818|val_loss 0.00019029
Epoch  94|time: 3.39s|train_loss 0.00085243|val_loss 0.00018103
Epoch  95|time: 3.42s|train_loss 0.00082720|val_loss 0.00018389
Epoch  96|time: 3.45s|train_loss 0.00081681|val_loss 0.00018957
Epoch  97|time: 3.37s|train_loss 0.00090268|val_loss 0.00017364
Best validation epoch: 97 Tue May 23 05:48:21 2023
TEST MAE 0.2202 | std 0.0625 | RMSE 0.3362 | RMSEs 0.3221 | PCC 0.9347 | PCCs 0.9085 | R2 0.8730 | R2s 0.8125 | Var 0.8732 | Vars 0.8178 | Peak 0.1256
Epoch  98|time: 3.43s|train_loss 0.00083086|val_loss 0.00018298
Epoch  99|time: 3.38s|train_loss 0.00085383|val_loss 0.00018688
Epoch 100|time: 3.38s|train_loss 0.00083884|val_loss 0.00017193
Best validation epoch: 100 Tue May 23 05:48:32 2023
TEST MAE 0.2162 | std 0.0628 | RMSE 0.3351 | RMSEs 0.3202 | PCC 0.9357 | PCCs 0.9117 | R2 0.8739 | R2s 0.8148 | Var 0.8743 | Vars 0.8208 | Peak 0.1262
Epoch 101|time: 3.47s|train_loss 0.00084087|val_loss 0.00017202
Epoch 102|time: 3.39s|train_loss 0.00080326|val_loss 0.00018113
Epoch 103|time: 3.38s|train_loss 0.00084910|val_loss 0.00017652
Epoch 104|time: 3.39s|train_loss 0.00081723|val_loss 0.00021661
Epoch 105|time: 3.46s|train_loss 0.00083443|val_loss 0.00018948
Epoch 106|time: 3.41s|train_loss 0.00081663|val_loss 0.00018215
Epoch 107|time: 3.38s|train_loss 0.00083035|val_loss 0.00020876
Epoch 108|time: 3.38s|train_loss 0.00080767|val_loss 0.00022566
Epoch 109|time: 3.41s|train_loss 0.00083482|val_loss 0.00018377
Epoch 110|time: 3.44s|train_loss 0.00081303|val_loss 0.00020419
Epoch 111|time: 3.40s|train_loss 0.00079358|val_loss 0.00018565
Epoch 112|time: 3.46s|train_loss 0.00080379|val_loss 0.00021238
Epoch 113|time: 3.39s|train_loss 0.00081368|val_loss 0.00017877
Epoch 114|time: 3.38s|train_loss 0.00081929|val_loss 0.00020022
Epoch 115|time: 3.42s|train_loss 0.00081358|val_loss 0.00017483
Epoch 116|time: 3.49s|train_loss 0.00084336|val_loss 0.00018093
Epoch 117|time: 3.38s|train_loss 0.00083689|val_loss 0.00017236
Epoch 118|time: 3.43s|train_loss 0.00082393|val_loss 0.00018474
Epoch 119|time: 3.38s|train_loss 0.00083383|val_loss 0.00017278
Epoch 120|time: 3.43s|train_loss 0.00082672|val_loss 0.00017470
Epoch 121|time: 3.47s|train_loss 0.00079144|val_loss 0.00020171
Epoch 122|time: 3.37s|train_loss 0.00080735|val_loss 0.00018559
Epoch 123|time: 3.39s|train_loss 0.00081607|val_loss 0.00017447
Epoch 124|time: 3.47s|train_loss 0.00081834|val_loss 0.00017384
Epoch 125|time: 3.38s|train_loss 0.00078705|val_loss 0.00017878
Epoch 126|time: 3.38s|train_loss 0.00082783|val_loss 0.00018740
Epoch 127|time: 3.42s|train_loss 0.00084668|val_loss 0.00019821
Epoch 128|time: 3.38s|train_loss 0.00082592|val_loss 0.00020862
Epoch 129|time: 3.39s|train_loss 0.00081418|val_loss 0.00018235
Epoch 130|time: 3.29s|train_loss 0.00080190|val_loss 0.00017255
Epoch 131|time: 3.03s|train_loss 0.00078206|val_loss 0.00017229
Epoch 132|time: 3.03s|train_loss 0.00079764|val_loss 0.00019366
Epoch 133|time: 3.06s|train_loss 0.00080990|val_loss 0.00021327
Epoch 134|time: 3.08s|train_loss 0.00083542|val_loss 0.00020716
Epoch 135|time: 3.03s|train_loss 0.00079130|val_loss 0.00019445
Epoch 136|time: 3.14s|train_loss 0.00078989|val_loss 0.00018974
Epoch 137|time: 3.03s|train_loss 0.00080872|val_loss 0.00017167
Best validation epoch: 137 Tue May 23 05:50:36 2023
TEST MAE 0.2167 | std 0.0576 | RMSE 0.3371 | RMSEs 0.3237 | PCC 0.9341 | PCCs 0.9058 | R2 0.8724 | R2s 0.8099 | Var 0.8726 | Vars 0.8137 | Peak 0.1262
Epoch 138|time: 3.11s|train_loss 0.00081884|val_loss 0.00017222
Epoch 139|time: 3.09s|train_loss 0.00078686|val_loss 0.00016963
Best validation epoch: 139 Tue May 23 05:50:43 2023
TEST MAE 0.2147 | std 0.0608 | RMSE 0.3330 | RMSEs 0.3188 | PCC 0.9361 | PCCs 0.9112 | R2 0.8754 | R2s 0.8160 | Var 0.8757 | Vars 0.8215 | Peak 0.1254
Epoch 140|time: 3.02s|train_loss 0.00079306|val_loss 0.00018094
Epoch 141|time: 3.15s|train_loss 0.00076397|val_loss 0.00018737
Epoch 142|time: 3.09s|train_loss 0.00079240|val_loss 0.00018737
Epoch 143|time: 3.02s|train_loss 0.00081152|val_loss 0.00017035
Epoch 144|time: 3.03s|train_loss 0.00083057|val_loss 0.00017585
Epoch 145|time: 3.03s|train_loss 0.00086560|val_loss 0.00020097
Epoch 146|time: 3.13s|train_loss 0.00080093|val_loss 0.00022460
Epoch 147|time: 3.11s|train_loss 0.00083039|val_loss 0.00021941
Epoch 148|time: 3.02s|train_loss 0.00084909|val_loss 0.00018278
Epoch 149|time: 3.12s|train_loss 0.00081297|val_loss 0.00021590
Epoch 150|time: 3.03s|train_loss 0.00080497|val_loss 0.00021122
Epoch 151|time: 3.09s|train_loss 0.00081744|val_loss 0.00017730
Epoch 152|time: 3.12s|train_loss 0.00082802|val_loss 0.00017163
Epoch 153|time: 3.03s|train_loss 0.00082438|val_loss 0.00018078
Epoch 154|time: 3.02s|train_loss 0.00080117|val_loss 0.00017229
Epoch 155|time: 3.16s|train_loss 0.00080838|val_loss 0.00018209
Epoch 156|time: 3.09s|train_loss 0.00078459|val_loss 0.00017197
Epoch 157|time: 3.03s|train_loss 0.00078434|val_loss 0.00018306
Epoch 158|time: 3.03s|train_loss 0.00078298|val_loss 0.00022239
Epoch 159|time: 3.12s|train_loss 0.00078202|val_loss 0.00018972
Epoch 160|time: 3.04s|train_loss 0.00078223|val_loss 0.00019327
Epoch 161|time: 3.02s|train_loss 0.00078501|val_loss 0.00019946
Epoch 162|time: 3.18s|train_loss 0.00078477|val_loss 0.00022187
Epoch 163|time: 3.03s|train_loss 0.00079185|val_loss 0.00018868
Epoch 164|time: 3.03s|train_loss 0.00080355|val_loss 0.00021881
Epoch 165|time: 3.07s|train_loss 0.00079300|val_loss 0.00018019
Epoch 166|time: 3.07s|train_loss 0.00078644|val_loss 0.00017227
Epoch 167|time: 3.03s|train_loss 0.00078727|val_loss 0.00017970
Epoch 168|time: 3.11s|train_loss 0.00083615|val_loss 0.00017745
Epoch 169|time: 3.05s|train_loss 0.00082696|val_loss 0.00017108
Epoch 170|time: 3.08s|train_loss 0.00078613|val_loss 0.00017161
Epoch 171|time: 3.05s|train_loss 0.00080234|val_loss 0.00017221
Epoch 172|time: 3.06s|train_loss 0.00077731|val_loss 0.00017810
Epoch 173|time: 3.03s|train_loss 0.00076915|val_loss 0.00018958
Epoch 174|time: 3.03s|train_loss 0.00083093|val_loss 0.00018660
Epoch 175|time: 3.21s|train_loss 0.00083341|val_loss 0.00019232
Epoch 176|time: 3.12s|train_loss 0.00080747|val_loss 0.00017180
Epoch 177|time: 3.03s|train_loss 0.00079332|val_loss 0.00017596
Epoch 178|time: 3.14s|train_loss 0.00076994|val_loss 0.00017459
Epoch 179|time: 3.03s|train_loss 0.00077089|val_loss 0.00017460
Epoch 180|time: 3.08s|train_loss 0.00081550|val_loss 0.00017004
Epoch 181|time: 3.09s|train_loss 0.00076717|val_loss 0.00017267
Epoch 182|time: 3.07s|train_loss 0.00077517|val_loss 0.00017169
Epoch 183|time: 3.03s|train_loss 0.00079885|val_loss 0.00017445
Epoch 184|time: 3.08s|train_loss 0.00085672|val_loss 0.00017242
Epoch 185|time: 3.07s|train_loss 0.00081671|val_loss 0.00017692
Epoch 186|time: 3.04s|train_loss 0.00080574|val_loss 0.00017446
Epoch 187|time: 3.03s|train_loss 0.00078672|val_loss 0.00016922
Best validation epoch: 187 Tue May 23 05:53:11 2023
TEST MAE 0.2101 | std 0.0609 | RMSE 0.3283 | RMSEs 0.3136 | PCC 0.9385 | PCCs 0.9156 | R2 0.8789 | R2s 0.8224 | Var 0.8792 | Vars 0.8273 | Peak 0.1213
Epoch 188|time: 3.17s|train_loss 0.00077000|val_loss 0.00017642
Epoch 189|time: 3.14s|train_loss 0.00077959|val_loss 0.00017966
Epoch 190|time: 3.03s|train_loss 0.00078141|val_loss 0.00017502
Epoch 191|time: 3.19s|train_loss 0.00078946|val_loss 0.00017534
Epoch 192|time: 3.03s|train_loss 0.00074708|val_loss 0.00019035
Epoch 193|time: 3.01s|train_loss 0.00078375|val_loss 0.00017516
Epoch 194|time: 3.26s|train_loss 0.00085495|val_loss 0.00017157
Epoch 195|time: 3.04s|train_loss 0.00077535|val_loss 0.00018249
Epoch 196|time: 3.02s|train_loss 0.00075933|val_loss 0.00018731
Epoch 197|time: 3.09s|train_loss 0.00074956|val_loss 0.00017045
Epoch 198|time: 3.10s|train_loss 0.00074104|val_loss 0.00017567
Epoch 199|time: 3.03s|train_loss 0.00074823|val_loss 0.00017138
Epoch 200|time: 3.03s|train_loss 0.00074653|val_loss 0.00017207
Epoch 201|time: 3.11s|train_loss 0.00073218|val_loss 0.00017756
Epoch 202|time: 3.52s|train_loss 0.00073379|val_loss 0.00017764
Epoch 203|time: 3.37s|train_loss 0.00072413|val_loss 0.00017021
Epoch 204|time: 3.30s|train_loss 0.00072509|val_loss 0.00017032
Epoch 205|time: 3.05s|train_loss 0.00073764|val_loss 0.00017726
Epoch 206|time: 3.06s|train_loss 0.00079698|val_loss 0.00017159
Epoch 207|time: 3.06s|train_loss 0.00075410|val_loss 0.00017900
Epoch 208|time: 3.03s|train_loss 0.00074863|val_loss 0.00017198
Epoch 209|time: 3.09s|train_loss 0.00071377|val_loss 0.00017951
Epoch 210|time: 3.08s|train_loss 0.00070399|val_loss 0.00017088
Epoch 211|time: 3.02s|train_loss 0.00073963|val_loss 0.00018547
Epoch 212|time: 3.05s|train_loss 0.00072294|val_loss 0.00017465
Epoch 213|time: 3.28s|train_loss 0.00073629|val_loss 0.00019124
Epoch 214|time: 3.49s|train_loss 0.00076376|val_loss 0.00017378
Epoch 215|time: 3.40s|train_loss 0.00084177|val_loss 0.00017655
Epoch 216|time: 3.19s|train_loss 0.00077546|val_loss 0.00017709
Epoch 217|time: 3.03s|train_loss 0.00075961|val_loss 0.00017006
Epoch 218|time: 3.11s|train_loss 0.00069892|val_loss 0.00016839
Best validation epoch: 218 Tue May 23 05:54:49 2023
TEST MAE 0.2098 | std 0.0609 | RMSE 0.3298 | RMSEs 0.3151 | PCC 0.9375 | PCCs 0.9147 | R2 0.8778 | R2s 0.8207 | Var 0.8778 | Vars 0.8248 | Peak 0.1229
Epoch 219|time: 3.09s|train_loss 0.00074379|val_loss 0.00016903
Epoch 220|time: 3.04s|train_loss 0.00071489|val_loss 0.00016801
Best validation epoch: 220 Tue May 23 05:54:56 2023
TEST MAE 0.2141 | std 0.0562 | RMSE 0.3339 | RMSEs 0.3209 | PCC 0.9359 | PCCs 0.9098 | R2 0.8748 | R2s 0.8125 | Var 0.8752 | Vars 0.8181 | Peak 0.1225
Epoch 221|time: 3.03s|train_loss 0.00069859|val_loss 0.00016754
Best validation epoch: 221 Tue May 23 05:55:00 2023
TEST MAE 0.2259 | std 0.0571 | RMSE 0.3444 | RMSEs 0.3325 | PCC 0.9350 | PCCs 0.9092 | R2 0.8668 | R2s 0.7950 | Var 0.8723 | Vars 0.8138 | Peak 0.1220
Epoch 222|time: 3.18s|train_loss 0.00074212|val_loss 0.00018287
Epoch 223|time: 3.11s|train_loss 0.00070571|val_loss 0.00017693
Epoch 224|time: 3.07s|train_loss 0.00077285|val_loss 0.00017586
Epoch 225|time: 3.03s|train_loss 0.00071860|val_loss 0.00018635
Epoch 226|time: 3.02s|train_loss 0.00069367|val_loss 0.00018458
Epoch 227|time: 3.02s|train_loss 0.00069258|val_loss 0.00017126
Epoch 228|time: 3.09s|train_loss 0.00068968|val_loss 0.00016829
Epoch 229|time: 3.11s|train_loss 0.00072816|val_loss 0.00017174
Epoch 230|time: 3.02s|train_loss 0.00072862|val_loss 0.00017296
Epoch 231|time: 3.03s|train_loss 0.00075760|val_loss 0.00017623
Epoch 232|time: 3.11s|train_loss 0.00076787|val_loss 0.00017588
Epoch 233|time: 3.02s|train_loss 0.00077484|val_loss 0.00018607
Epoch 234|time: 3.04s|train_loss 0.00073357|val_loss 0.00017487
Epoch 235|time: 3.04s|train_loss 0.00071149|val_loss 0.00017455
Epoch 236|time: 3.03s|train_loss 0.00070645|val_loss 0.00017870
Epoch 237|time: 3.11s|train_loss 0.00068725|val_loss 0.00017412
Epoch 238|time: 3.03s|train_loss 0.00070105|val_loss 0.00019329
Epoch 239|time: 3.04s|train_loss 0.00071089|val_loss 0.00017466
Epoch 240|time: 3.03s|train_loss 0.00068584|val_loss 0.00020194
Epoch 241|time: 3.03s|train_loss 0.00067069|val_loss 0.00016870
Epoch 242|time: 3.13s|train_loss 0.00066746|val_loss 0.00016706
Best validation epoch: 242 Tue May 23 05:56:05 2023
TEST MAE 0.2162 | std 0.0596 | RMSE 0.3368 | RMSEs 0.3229 | PCC 0.9366 | PCCs 0.9142 | R2 0.8726 | R2s 0.8099 | Var 0.8742 | Vars 0.8196 | Peak 0.1228
Epoch 243|time: 3.03s|train_loss 0.00070004|val_loss 0.00017884
Epoch 244|time: 3.04s|train_loss 0.00067454|val_loss 0.00017996
Epoch 245|time: 3.29s|train_loss 0.00064384|val_loss 0.00016996
Epoch 246|time: 3.02s|train_loss 0.00066078|val_loss 0.00017242
Epoch 247|time: 3.05s|train_loss 0.00068423|val_loss 0.00017063
Epoch 248|time: 3.11s|train_loss 0.00073594|val_loss 0.00017929
Epoch 249|time: 3.02s|train_loss 0.00066813|val_loss 0.00018550
Epoch 250|time: 3.10s|train_loss 0.00073693|val_loss 0.00018175
Epoch 251|time: 3.05s|train_loss 0.00079124|val_loss 0.00016925
Epoch 252|time: 3.14s|train_loss 0.00069652|val_loss 0.00017605
Epoch 253|time: 3.03s|train_loss 0.00073264|val_loss 0.00017075
Epoch 254|time: 3.03s|train_loss 0.00067595|val_loss 0.00016873
Epoch 255|time: 3.16s|train_loss 0.00067321|val_loss 0.00016949
Epoch 256|time: 3.12s|train_loss 0.00066858|val_loss 0.00019071
Epoch 257|time: 3.03s|train_loss 0.00068156|val_loss 0.00019957
Epoch 258|time: 3.14s|train_loss 0.00065104|val_loss 0.00017215
Epoch 259|time: 3.04s|train_loss 0.00066014|val_loss 0.00017486
Epoch 260|time: 3.09s|train_loss 0.00066958|val_loss 0.00017705
Epoch 261|time: 3.19s|train_loss 0.00069730|val_loss 0.00017567
Epoch 262|time: 3.03s|train_loss 0.00076895|val_loss 0.00017023
Epoch 263|time: 3.03s|train_loss 0.00071803|val_loss 0.00017571
Epoch 264|time: 3.13s|train_loss 0.00076999|val_loss 0.00017775
Epoch 265|time: 3.03s|train_loss 0.00072051|val_loss 0.00016883
Epoch 266|time: 3.03s|train_loss 0.00069246|val_loss 0.00020993
Epoch 267|time: 3.04s|train_loss 0.00068042|val_loss 0.00016839
Epoch 268|time: 3.10s|train_loss 0.00066922|val_loss 0.00017185
Epoch 269|time: 3.03s|train_loss 0.00067181|val_loss 0.00017149
Epoch 270|time: 3.11s|train_loss 0.00068815|val_loss 0.00017218
Epoch 271|time: 3.21s|train_loss 0.00065637|val_loss 0.00016919
Epoch 272|time: 3.03s|train_loss 0.00070211|val_loss 0.00016866
Epoch 273|time: 3.03s|train_loss 0.00067452|val_loss 0.00017859
Epoch 274|time: 3.16s|train_loss 0.00072920|val_loss 0.00018946
Epoch 275|time: 3.03s|train_loss 0.00067880|val_loss 0.00017688
Epoch 276|time: 3.02s|train_loss 0.00065923|val_loss 0.00017398
Epoch 277|time: 3.05s|train_loss 0.00064184|val_loss 0.00022703
Epoch 278|time: 3.12s|train_loss 0.00072718|val_loss 0.00020261
Epoch 279|time: 3.02s|train_loss 0.00076153|val_loss 0.00018958
Epoch 280|time: 3.03s|train_loss 0.00073940|val_loss 0.00017997
Epoch 281|time: 3.11s|train_loss 0.00076579|val_loss 0.00018683
Epoch 282|time: 3.02s|train_loss 0.00074558|val_loss 0.00019214
Epoch 283|time: 3.09s|train_loss 0.00064521|val_loss 0.00018426
Epoch 284|time: 3.05s|train_loss 0.00065429|val_loss 0.00017955
Epoch 285|time: 3.03s|train_loss 0.00067641|val_loss 0.00018711
Epoch 286|time: 3.03s|train_loss 0.00065107|val_loss 0.00018665
Epoch 287|time: 3.06s|train_loss 0.00065449|val_loss 0.00017920
Epoch 288|time: 3.11s|train_loss 0.00063092|val_loss 0.00018458
Epoch 289|time: 3.02s|train_loss 0.00067155|val_loss 0.00018135
Epoch 290|time: 3.06s|train_loss 0.00066397|val_loss 0.00018025
Epoch 291|time: 3.11s|train_loss 0.00067303|val_loss 0.00018130
Epoch 292|time: 3.11s|train_loss 0.00072648|val_loss 0.00018358
Epoch 293|time: 3.04s|train_loss 0.00068375|val_loss 0.00020704
Epoch 294|time: 3.13s|train_loss 0.00073284|val_loss 0.00018365
Epoch 295|time: 3.03s|train_loss 0.00068364|val_loss 0.00018342
Epoch 296|time: 3.04s|train_loss 0.00063729|val_loss 0.00019064
Epoch 297|time: 3.20s|train_loss 0.00067224|val_loss 0.00017968
Epoch 298|time: 3.03s|train_loss 0.00066135|val_loss 0.00018657
Epoch 299|time: 3.03s|train_loss 0.00063143|val_loss 0.00017947
Epoch 300|time: 3.15s|train_loss 0.00061783|val_loss 0.00018271
Epoch 301|time: 3.03s|train_loss 0.00063989|val_loss 0.00017883
Epoch 302|time: 3.15s|train_loss 0.00065951|val_loss 0.00017765
Epoch 303|time: 3.08s|train_loss 0.00067347|val_loss 0.00017596
Epoch 304|time: 3.04s|train_loss 0.00062370|val_loss 0.00018038
Epoch 305|time: 3.03s|train_loss 0.00072309|val_loss 0.00018767
Epoch 306|time: 3.08s|train_loss 0.00064795|val_loss 0.00019957
Epoch 307|time: 3.11s|train_loss 0.00065381|val_loss 0.00019242
Epoch 308|time: 3.04s|train_loss 0.00068514|val_loss 0.00017286
Epoch 309|time: 3.03s|train_loss 0.00065443|val_loss 0.00017039
Epoch 310|time: 3.31s|train_loss 0.00063559|val_loss 0.00017090
Epoch 311|time: 3.06s|train_loss 0.00063384|val_loss 0.00017232
Epoch 312|time: 3.03s|train_loss 0.00062625|val_loss 0.00017362
Epoch 313|time: 3.10s|train_loss 0.00062677|val_loss 0.00017481
Epoch 314|time: 3.03s|train_loss 0.00064626|val_loss 0.00017422
Epoch 315|time: 3.04s|train_loss 0.00063534|val_loss 0.00017527
Epoch 316|time: 3.16s|train_loss 0.00067381|val_loss 0.00019263
Epoch 317|time: 3.04s|train_loss 0.00068781|val_loss 0.00017205
Epoch 318|time: 3.04s|train_loss 0.00070035|val_loss 0.00018595
Epoch 319|time: 3.02s|train_loss 0.00065090|val_loss 0.00016983
Epoch 320|time: 3.18s|train_loss 0.00064733|val_loss 0.00016791
Epoch 321|time: 3.29s|train_loss 0.00062527|val_loss 0.00016911
Epoch 322|time: 3.07s|train_loss 0.00064926|val_loss 0.00017030
Epoch 323|time: 3.08s|train_loss 0.00061438|val_loss 0.00017172
Epoch 324|time: 3.09s|train_loss 0.00060882|val_loss 0.00017093
Epoch 325|time: 3.03s|train_loss 0.00063334|val_loss 0.00017298
Epoch 326|time: 3.08s|train_loss 0.00062569|val_loss 0.00017008
Epoch 327|time: 3.04s|train_loss 0.00064573|val_loss 0.00017517
Epoch 328|time: 3.04s|train_loss 0.00064297|val_loss 0.00018858
Epoch 329|time: 3.04s|train_loss 0.00061913|val_loss 0.00017890
Epoch 330|time: 3.17s|train_loss 0.00062076|val_loss 0.00017911
Epoch 331|time: 3.03s|train_loss 0.00070943|val_loss 0.00018337
Epoch 332|time: 3.04s|train_loss 0.00066269|val_loss 0.00017217
Epoch 333|time: 3.06s|train_loss 0.00065607|val_loss 0.00017128
Epoch 334|time: 3.11s|train_loss 0.00066453|val_loss 0.00016676
Best validation epoch: 334 Tue May 23 06:00:48 2023
TEST MAE 0.2145 | std 0.0593 | RMSE 0.3363 | RMSEs 0.3220 | PCC 0.9369 | PCCs 0.9149 | R2 0.8730 | R2s 0.8106 | Var 0.8735 | Vars 0.8171 | Peak 0.1217
Epoch 335|time: 3.05s|train_loss 0.00069500|val_loss 0.00016961
Epoch 336|time: 3.11s|train_loss 0.00070124|val_loss 0.00017599
Epoch 337|time: 3.04s|train_loss 0.00062083|val_loss 0.00018784
Epoch 338|time: 3.11s|train_loss 0.00063389|val_loss 0.00017083
Epoch 339|time: 3.14s|train_loss 0.00059885|val_loss 0.00017337
Epoch 340|time: 3.04s|train_loss 0.00060934|val_loss 0.00017324
Epoch 341|time: 3.04s|train_loss 0.00060529|val_loss 0.00017680
Epoch 342|time: 3.22s|train_loss 0.00063222|val_loss 0.00018485
Epoch 343|time: 3.04s|train_loss 0.00069937|val_loss 0.00016898
Epoch 344|time: 3.03s|train_loss 0.00064291|val_loss 0.00017189
Epoch 345|time: 3.09s|train_loss 0.00060608|val_loss 0.00017076
Epoch 346|time: 3.05s|train_loss 0.00061627|val_loss 0.00017356
Epoch 347|time: 3.04s|train_loss 0.00064977|val_loss 0.00017625
Epoch 348|time: 3.16s|train_loss 0.00064375|val_loss 0.00018602
Epoch 349|time: 3.13s|train_loss 0.00067649|val_loss 0.00016680
Epoch 350|time: 3.03s|train_loss 0.00065936|val_loss 0.00018769
Epoch 351|time: 3.04s|train_loss 0.00066863|val_loss 0.00020699
Epoch 352|time: 3.15s|train_loss 0.00065499|val_loss 0.00017870
Epoch 353|time: 3.03s|train_loss 0.00066718|val_loss 0.00016856
Epoch 354|time: 3.04s|train_loss 0.00061931|val_loss 0.00017383
Epoch 355|time: 3.13s|train_loss 0.00066916|val_loss 0.00016899
Epoch 356|time: 3.09s|train_loss 0.00061945|val_loss 0.00017410
Epoch 357|time: 3.04s|train_loss 0.00061756|val_loss 0.00016810
Epoch 358|time: 3.05s|train_loss 0.00063711|val_loss 0.00017382
Epoch 359|time: 3.04s|train_loss 0.00060150|val_loss 0.00018534
Epoch 360|time: 3.03s|train_loss 0.00062026|val_loss 0.00017840
Epoch 361|time: 3.03s|train_loss 0.00059415|val_loss 0.00016561
Best validation epoch: 361 Tue May 23 06:02:12 2023
TEST MAE 0.2251 | std 0.0616 | RMSE 0.3593 | RMSEs 0.3450 | PCC 0.9317 | PCCs 0.9080 | R2 0.8549 | R2s 0.7787 | Var 0.8587 | Vars 0.7927 | Peak 0.1281
Epoch 362|time: 3.10s|train_loss 0.00060253|val_loss 0.00017202
Epoch 363|time: 3.04s|train_loss 0.00061445|val_loss 0.00016870
Epoch 364|time: 3.03s|train_loss 0.00060121|val_loss 0.00017539
Epoch 365|time: 3.06s|train_loss 0.00063112|val_loss 0.00017426
Epoch 366|time: 3.03s|train_loss 0.00061336|val_loss 0.00017070
Epoch 367|time: 3.09s|train_loss 0.00060440|val_loss 0.00020865
Epoch 368|time: 3.10s|train_loss 0.00061962|val_loss 0.00016621
Epoch 369|time: 3.03s|train_loss 0.00057804|val_loss 0.00017175
Epoch 370|time: 3.03s|train_loss 0.00059703|val_loss 0.00018719
Epoch 371|time: 3.15s|train_loss 0.00060958|val_loss 0.00017261
Epoch 372|time: 3.04s|train_loss 0.00065177|val_loss 0.00016831
Epoch 373|time: 3.03s|train_loss 0.00063618|val_loss 0.00017058
Epoch 374|time: 3.03s|train_loss 0.00064861|val_loss 0.00016733
Epoch 375|time: 3.08s|train_loss 0.00060963|val_loss 0.00017394
Epoch 376|time: 3.09s|train_loss 0.00061543|val_loss 0.00017289
Epoch 377|time: 3.03s|train_loss 0.00063079|val_loss 0.00017421
Epoch 378|time: 3.14s|train_loss 0.00061018|val_loss 0.00017123
Epoch 379|time: 3.03s|train_loss 0.00063272|val_loss 0.00016731
Epoch 380|time: 3.04s|train_loss 0.00062465|val_loss 0.00016661
Epoch 381|time: 3.15s|train_loss 0.00074770|val_loss 0.00016754
Epoch 382|time: 3.04s|train_loss 0.00072444|val_loss 0.00017432
Epoch 383|time: 3.04s|train_loss 0.00064826|val_loss 0.00017379
Epoch 384|time: 3.07s|train_loss 0.00067897|val_loss 0.00017206
Epoch 385|time: 3.13s|train_loss 0.00063538|val_loss 0.00018071
Epoch 386|time: 3.03s|train_loss 0.00059774|val_loss 0.00017684
Epoch 387|time: 3.04s|train_loss 0.00061239|val_loss 0.00016651
Epoch 388|time: 3.10s|train_loss 0.00061796|val_loss 0.00016975
Epoch 389|time: 3.11s|train_loss 0.00060570|val_loss 0.00016782
Epoch 390|time: 3.07s|train_loss 0.00064631|val_loss 0.00016924
Epoch 391|time: 3.04s|train_loss 0.00063883|val_loss 0.00017930
Epoch 392|time: 3.03s|train_loss 0.00059578|val_loss 0.00017414
Epoch 393|time: 3.03s|train_loss 0.00059364|val_loss 0.00020087
Epoch 394|time: 3.07s|train_loss 0.00063416|val_loss 0.00016862
Epoch 395|time: 3.12s|train_loss 0.00063420|val_loss 0.00016199
Best validation epoch: 395 Tue May 23 06:03:57 2023
TEST MAE 0.2344 | std 0.0699 | RMSE 0.3794 | RMSEs 0.3619 | PCC 0.9328 | PCCs 0.9141 | R2 0.8383 | R2s 0.7547 | Var 0.8475 | Vars 0.7791 | Peak 0.1387
Epoch 396|time: 3.03s|train_loss 0.00058998|val_loss 0.00016947
Epoch 397|time: 3.07s|train_loss 0.00057740|val_loss 0.00017718
Epoch 398|time: 3.04s|train_loss 0.00058124|val_loss 0.00016430
Epoch 399|time: 3.09s|train_loss 0.00057858|val_loss 0.00016272
Epoch 400|time: 3.11s|train_loss 0.00058217|val_loss 0.00016570
Epoch 401|time: 3.04s|train_loss 0.00062315|val_loss 0.00016292
Epoch 402|time: 3.03s|train_loss 0.00062075|val_loss 0.00017056
Epoch 403|time: 3.10s|train_loss 0.00065143|val_loss 0.00016787
Epoch 404|time: 3.12s|train_loss 0.00060280|val_loss 0.00019499
Epoch 405|time: 3.04s|train_loss 0.00060925|val_loss 0.00016397
Epoch 406|time: 3.04s|train_loss 0.00059131|val_loss 0.00017014
Epoch 407|time: 3.19s|train_loss 0.00065792|val_loss 0.00016560
Epoch 408|time: 3.21s|train_loss 0.00066326|val_loss 0.00016414
Epoch 409|time: 3.03s|train_loss 0.00083385|val_loss 0.00016796
Epoch 410|time: 3.07s|train_loss 0.00072366|val_loss 0.00016816
Epoch 411|time: 3.03s|train_loss 0.00066031|val_loss 0.00017037
Epoch 412|time: 3.02s|train_loss 0.00061721|val_loss 0.00017551
Epoch 413|time: 3.10s|train_loss 0.00064908|val_loss 0.00018211
Epoch 414|time: 3.04s|train_loss 0.00063254|val_loss 0.00016227
Epoch 415|time: 3.03s|train_loss 0.00061010|val_loss 0.00016542
Epoch 416|time: 3.04s|train_loss 0.00061516|val_loss 0.00017387
Epoch 417|time: 3.18s|train_loss 0.00062377|val_loss 0.00016314
Epoch 418|time: 3.04s|train_loss 0.00059348|val_loss 0.00017229
Epoch 419|time: 3.04s|train_loss 0.00060027|val_loss 0.00017195
Epoch 420|time: 3.04s|train_loss 0.00061335|val_loss 0.00016279
Epoch 421|time: 3.09s|train_loss 0.00061317|val_loss 0.00016518
Epoch 422|time: 3.06s|train_loss 0.00062431|val_loss 0.00016814
Epoch 423|time: 3.07s|train_loss 0.00061506|val_loss 0.00016873
Epoch 424|time: 3.03s|train_loss 0.00060811|val_loss 0.00016546
Epoch 425|time: 3.03s|train_loss 0.00058963|val_loss 0.00017395
Epoch 426|time: 3.03s|train_loss 0.00060587|val_loss 0.00016568
Epoch 427|time: 3.16s|train_loss 0.00059040|val_loss 0.00016310
Epoch 428|time: 3.04s|train_loss 0.00070621|val_loss 0.00017719
Epoch 429|time: 3.05s|train_loss 0.00070852|val_loss 0.00019358
Epoch 430|time: 3.05s|train_loss 0.00066186|val_loss 0.00016643
Epoch 431|time: 3.10s|train_loss 0.00068095|val_loss 0.00016609
Epoch 432|time: 3.04s|train_loss 0.00066240|val_loss 0.00018943
Epoch 433|time: 3.17s|train_loss 0.00064782|val_loss 0.00018765
Epoch 434|time: 3.04s|train_loss 0.00060127|val_loss 0.00018492
Epoch 435|time: 3.11s|train_loss 0.00060695|val_loss 0.00017885
Epoch 436|time: 3.13s|train_loss 0.00059841|val_loss 0.00017545
Epoch 437|time: 3.05s|train_loss 0.00058715|val_loss 0.00016985
Epoch 438|time: 3.03s|train_loss 0.00060114|val_loss 0.00016858
Epoch 439|time: 3.03s|train_loss 0.00065908|val_loss 0.00016613
Epoch 440|time: 3.09s|train_loss 0.00060444|val_loss 0.00017430
Epoch 441|time: 3.08s|train_loss 0.00060693|val_loss 0.00017139
Epoch 442|time: 3.04s|train_loss 0.00060046|val_loss 0.00018348
Epoch 443|time: 3.12s|train_loss 0.00059425|val_loss 0.00018005
Epoch 444|time: 3.03s|train_loss 0.00059603|val_loss 0.00017882
Epoch 445|time: 3.11s|train_loss 0.00060845|val_loss 0.00017957
Epoch 446|time: 3.19s|train_loss 0.00065288|val_loss 0.00016144
Best validation epoch: 446 Tue May 23 06:06:35 2023
TEST MAE 0.2552 | std 0.0750 | RMSE 0.4138 | RMSEs 0.3954 | PCC 0.9281 | PCCs 0.9084 | R2 0.8076 | R2s 0.6981 | Var 0.8312 | Vars 0.7536 | Peak 0.1477
Epoch 447|time: 3.06s|train_loss 0.00065059|val_loss 0.00018161
Epoch 448|time: 3.05s|train_loss 0.00068140|val_loss 0.00016629
Epoch 449|time: 3.22s|train_loss 0.00061503|val_loss 0.00019630
Epoch 450|time: 3.04s|train_loss 0.00059204|val_loss 0.00016591
Epoch 451|time: 3.04s|train_loss 0.00060688|val_loss 0.00016821
Epoch 452|time: 3.08s|train_loss 0.00059654|val_loss 0.00017612
Epoch 453|time: 3.11s|train_loss 0.00059549|val_loss 0.00019881
Epoch 454|time: 3.04s|train_loss 0.00059469|val_loss 0.00017181
Epoch 455|time: 3.03s|train_loss 0.00061657|val_loss 0.00018563
Epoch 456|time: 3.07s|train_loss 0.00059849|val_loss 0.00016224
Epoch 457|time: 3.04s|train_loss 0.00061516|val_loss 0.00016640
Epoch 458|time: 3.03s|train_loss 0.00063489|val_loss 0.00016642
Epoch 459|time: 3.21s|train_loss 0.00058795|val_loss 0.00016805
Epoch 460|time: 3.04s|train_loss 0.00059558|val_loss 0.00019231
Epoch 461|time: 3.04s|train_loss 0.00063440|val_loss 0.00017773
Epoch 462|time: 3.18s|train_loss 0.00069669|val_loss 0.00016229
Epoch 463|time: 3.12s|train_loss 0.00069222|val_loss 0.00016513
Epoch 464|time: 3.04s|train_loss 0.00062466|val_loss 0.00016385
Epoch 465|time: 3.13s|train_loss 0.00064145|val_loss 0.00017144
Epoch 466|time: 3.04s|train_loss 0.00058638|val_loss 0.00017867
Epoch 467|time: 3.10s|train_loss 0.00059126|val_loss 0.00017444
Epoch 468|time: 3.04s|train_loss 0.00059891|val_loss 0.00016312
Epoch 469|time: 3.04s|train_loss 0.00056676|val_loss 0.00016563
Epoch 470|time: 3.04s|train_loss 0.00057274|val_loss 0.00016875
Epoch 471|time: 3.03s|train_loss 0.00057874|val_loss 0.00016834
Epoch 472|time: 3.11s|train_loss 0.00061032|val_loss 0.00016389
Epoch 473|time: 3.11s|train_loss 0.00059814|val_loss 0.00016504
Epoch 474|time: 3.03s|train_loss 0.00058775|val_loss 0.00018025
Epoch 475|time: 3.09s|train_loss 0.00059453|val_loss 0.00016884
Epoch 476|time: 3.04s|train_loss 0.00059834|val_loss 0.00016116
Best validation epoch: 476 Tue May 23 06:08:08 2023
TEST MAE 0.2276 | std 0.0709 | RMSE 0.3787 | RMSEs 0.3619 | PCC 0.9252 | PCCs 0.9023 | R2 0.8389 | R2s 0.7556 | Var 0.8418 | Vars 0.7689 | Peak 0.1361
Epoch 477|time: 3.10s|train_loss 0.00067173|val_loss 0.00016224
Epoch 478|time: 3.08s|train_loss 0.00058201|val_loss 0.00016555
Epoch 479|time: 3.03s|train_loss 0.00058767|val_loss 0.00016921
Epoch 480|time: 3.04s|train_loss 0.00063234|val_loss 0.00016505
Epoch 481|time: 3.16s|train_loss 0.00058856|val_loss 0.00016343
Epoch 482|time: 3.04s|train_loss 0.00057725|val_loss 0.00016855
Epoch 483|time: 3.05s|train_loss 0.00057310|val_loss 0.00016302
Epoch 484|time: 3.03s|train_loss 0.00058392|val_loss 0.00017547
Epoch 485|time: 3.12s|train_loss 0.00058959|val_loss 0.00016602
Epoch 486|time: 3.13s|train_loss 0.00059001|val_loss 0.00016725
Epoch 487|time: 3.05s|train_loss 0.00061134|val_loss 0.00017695
Epoch 488|time: 3.09s|train_loss 0.00057920|val_loss 0.00016912
Epoch 489|time: 3.04s|train_loss 0.00058080|val_loss 0.00017254
Epoch 490|time: 3.03s|train_loss 0.00058383|val_loss 0.00016658
Epoch 491|time: 3.15s|train_loss 0.00058829|val_loss 0.00018060
Epoch 492|time: 3.04s|train_loss 0.00058204|val_loss 0.00016838
Epoch 493|time: 3.03s|train_loss 0.00060808|val_loss 0.00017554
Epoch 494|time: 3.04s|train_loss 0.00063115|val_loss 0.00017406
Epoch 495|time: 3.11s|train_loss 0.00064518|val_loss 0.00019638
Epoch 496|time: 3.04s|train_loss 0.00070472|val_loss 0.00016502
Epoch 497|time: 3.04s|train_loss 0.00073711|val_loss 0.00016385
Epoch 498|time: 3.03s|train_loss 0.00082435|val_loss 0.00016705
Epoch 499|time: 3.09s|train_loss 0.00071595|val_loss 0.00016533
Epoch 500|time: 3.05s|train_loss 0.00074941|val_loss 0.00017930
Final evaluation
TEST MAE 0.2276 | std 0.0709 | RMSE 0.3787 | RMSEs 0.3619 | PCC 0.9252 | PCCs 0.9023 | R2 0.8389 | R2s 0.7556 | Var 0.8418 | Vars 0.7689 | Peak 0.1361
