--------Parameters--------
Namespace(batch=32, bi=False, check_point=1, cuda=False, dataset='us_hhs', dropout=0.2, epilambda=0.5, epochs=500, gpu=3, hidsp=15, horizon=2, k=10, lamda=0.01, lr=0.001, model='cola_gnn_epi', mylog=False, n_hidden=20, n_layer=1, patience=200, rnn_model='RNN', save_dir='save', seed=42, shuffle=False, sim_mat='us_hhs-adj', test=0.2, train=0.6, val=0.2, weight_decay=0.0005, window=20)
--------------------------
data shape (364, 10)
size of train/val/test sets 197 73 73
#params: 5145
begin training
Epoch   1|time: 3.44s|train_loss 0.00772217|val_loss 0.00045021
Best validation epoch: 1 Tue May 23 03:26:55 2023
TEST MAE 0.4906 | std 0.1920 | RMSE 0.7283 | RMSEs 0.6885 | PCC 0.8745 | PCCs 0.8362 | R2 0.4041 | R2s 0.1766 | Var 0.6477 | Vars 0.5492 | Peak 0.3526
Epoch   2|time: 3.35s|train_loss 0.00610670|val_loss 0.00070859
Epoch   3|time: 3.33s|train_loss 0.00590790|val_loss 0.00031129
Best validation epoch: 3 Tue May 23 03:27:02 2023
TEST MAE 0.3361 | std 0.1331 | RMSE 0.5414 | RMSEs 0.5115 | PCC 0.9077 | PCCs 0.8746 | R2 0.6707 | R2s 0.5452 | Var 0.7710 | Vars 0.6976 | Peak 0.2423
Epoch   4|time: 3.29s|train_loss 0.00568915|val_loss 0.00027260
Best validation epoch: 4 Tue May 23 03:27:06 2023
TEST MAE 0.2918 | std 0.1132 | RMSE 0.4879 | RMSEs 0.4597 | PCC 0.9085 | PCCs 0.8763 | R2 0.7326 | R2s 0.6321 | Var 0.7867 | Vars 0.7151 | Peak 0.2106
Epoch   5|time: 3.19s|train_loss 0.00561571|val_loss 0.00028899
Epoch   6|time: 3.33s|train_loss 0.00558094|val_loss 0.00027577
Epoch   7|time: 3.35s|train_loss 0.00550608|val_loss 0.00021000
Best validation epoch: 7 Tue May 23 03:27:17 2023
TEST MAE 0.2517 | std 0.0731 | RMSE 0.3911 | RMSEs 0.3721 | PCC 0.9120 | PCCs 0.8811 | R2 0.8282 | R2s 0.7523 | Var 0.8283 | Vars 0.7643 | Peak 0.1504
Epoch   8|time: 3.19s|train_loss 0.00550339|val_loss 0.00022502
Epoch   9|time: 3.20s|train_loss 0.00544847|val_loss 0.00020193
Best validation epoch: 9 Tue May 23 03:27:24 2023
TEST MAE 0.2395 | std 0.0769 | RMSE 0.3876 | RMSEs 0.3669 | PCC 0.9159 | PCCs 0.8860 | R2 0.8312 | R2s 0.7615 | Var 0.8360 | Vars 0.7743 | Peak 0.1526
Epoch  10|time: 3.31s|train_loss 0.00539386|val_loss 0.00020331
Epoch  11|time: 3.18s|train_loss 0.00539816|val_loss 0.00019829
Best validation epoch: 11 Tue May 23 03:27:32 2023
TEST MAE 0.2336 | std 0.0760 | RMSE 0.3857 | RMSEs 0.3647 | PCC 0.9186 | PCCs 0.8894 | R2 0.8329 | R2s 0.7647 | Var 0.8382 | Vars 0.7777 | Peak 0.1525
Epoch  12|time: 3.39s|train_loss 0.00540370|val_loss 0.00019697
Best validation epoch: 12 Tue May 23 03:27:36 2023
TEST MAE 0.2324 | std 0.0723 | RMSE 0.3788 | RMSEs 0.3590 | PCC 0.9192 | PCCs 0.8903 | R2 0.8388 | R2s 0.7710 | Var 0.8409 | Vars 0.7805 | Peak 0.1481
Epoch  13|time: 3.29s|train_loss 0.00533671|val_loss 0.00019322
Best validation epoch: 13 Tue May 23 03:27:40 2023
TEST MAE 0.2309 | std 0.0737 | RMSE 0.3774 | RMSEs 0.3575 | PCC 0.9206 | PCCs 0.8916 | R2 0.8400 | R2s 0.7733 | Var 0.8449 | Vars 0.7848 | Peak 0.1485
Epoch  14|time: 3.19s|train_loss 0.00529193|val_loss 0.00019526
Epoch  15|time: 3.30s|train_loss 0.00527481|val_loss 0.00019293
Best validation epoch: 15 Tue May 23 03:27:47 2023
TEST MAE 0.2295 | std 0.0709 | RMSE 0.3708 | RMSEs 0.3518 | PCC 0.9214 | PCCs 0.8927 | R2 0.8456 | R2s 0.7795 | Var 0.8471 | Vars 0.7871 | Peak 0.1450
Epoch  16|time: 3.19s|train_loss 0.00520355|val_loss 0.00019462
Epoch  17|time: 3.27s|train_loss 0.00516874|val_loss 0.00019244
Best validation epoch: 17 Tue May 23 03:27:54 2023
TEST MAE 0.2272 | std 0.0729 | RMSE 0.3720 | RMSEs 0.3525 | PCC 0.9233 | PCCs 0.8944 | R2 0.8446 | R2s 0.7793 | Var 0.8495 | Vars 0.7898 | Peak 0.1467
Epoch  18|time: 3.18s|train_loss 0.00515744|val_loss 0.00019865
Epoch  19|time: 3.46s|train_loss 0.00512381|val_loss 0.00019165
Best validation epoch: 19 Tue May 23 03:28:01 2023
TEST MAE 0.2283 | std 0.0678 | RMSE 0.3637 | RMSEs 0.3461 | PCC 0.9235 | PCCs 0.8953 | R2 0.8514 | R2s 0.7855 | Var 0.8517 | Vars 0.7919 | Peak 0.1399
Epoch  20|time: 3.49s|train_loss 0.00505845|val_loss 0.00019051
Best validation epoch: 20 Tue May 23 03:28:06 2023
TEST MAE 0.2289 | std 0.0669 | RMSE 0.3625 | RMSEs 0.3452 | PCC 0.9238 | PCCs 0.8958 | R2 0.8524 | R2s 0.7862 | Var 0.8525 | Vars 0.7927 | Peak 0.1385
Epoch  21|time: 3.19s|train_loss 0.00504594|val_loss 0.00019643
Epoch  22|time: 3.17s|train_loss 0.00495305|val_loss 0.00018600
Best validation epoch: 22 Tue May 23 03:28:13 2023
TEST MAE 0.2305 | std 0.0669 | RMSE 0.3613 | RMSEs 0.3445 | PCC 0.9239 | PCCs 0.8959 | R2 0.8534 | R2s 0.7868 | Var 0.8535 | Vars 0.7922 | Peak 0.1376
Epoch  23|time: 3.28s|train_loss 0.00495737|val_loss 0.00019303
Epoch  24|time: 3.30s|train_loss 0.00495910|val_loss 0.00020807
Epoch  25|time: 3.18s|train_loss 0.00492943|val_loss 0.00020078
Epoch  26|time: 3.36s|train_loss 0.00490755|val_loss 0.00019551
Epoch  27|time: 3.19s|train_loss 0.00488008|val_loss 0.00019240
Epoch  28|time: 3.17s|train_loss 0.00486324|val_loss 0.00018849
Epoch  29|time: 3.50s|train_loss 0.00488897|val_loss 0.00019377
Epoch  30|time: 3.18s|train_loss 0.00483729|val_loss 0.00019267
Epoch  31|time: 3.18s|train_loss 0.00487749|val_loss 0.00021430
Epoch  32|time: 3.29s|train_loss 0.00481013|val_loss 0.00022894
Epoch  33|time: 3.18s|train_loss 0.00478631|val_loss 0.00018955
Epoch  34|time: 3.29s|train_loss 0.00478374|val_loss 0.00018741
Epoch  35|time: 3.25s|train_loss 0.00474919|val_loss 0.00019231
Epoch  36|time: 3.19s|train_loss 0.00476192|val_loss 0.00018815
Epoch  37|time: 3.40s|train_loss 0.00481894|val_loss 0.00019122
Epoch  38|time: 3.42s|train_loss 0.00469859|val_loss 0.00019489
Epoch  39|time: 3.19s|train_loss 0.00479250|val_loss 0.00018348
Best validation epoch: 39 Tue May 23 03:29:09 2023
TEST MAE 0.2253 | std 0.0659 | RMSE 0.3523 | RMSEs 0.3359 | PCC 0.9277 | PCCs 0.9007 | R2 0.8606 | R2s 0.7971 | Var 0.8606 | Vars 0.8017 | Peak 0.1337
Epoch  40|time: 3.19s|train_loss 0.00473915|val_loss 0.00018656
Epoch  41|time: 3.38s|train_loss 0.00468658|val_loss 0.00018456
Epoch  42|time: 3.26s|train_loss 0.00470889|val_loss 0.00018609
Epoch  43|time: 3.21s|train_loss 0.00467414|val_loss 0.00019436
Epoch  44|time: 3.27s|train_loss 0.00469973|val_loss 0.00019262
Epoch  45|time: 3.19s|train_loss 0.00466150|val_loss 0.00019753
Epoch  46|time: 3.18s|train_loss 0.00466532|val_loss 0.00018909
Epoch  47|time: 3.20s|train_loss 0.00465354|val_loss 0.00021316
Epoch  48|time: 3.28s|train_loss 0.00465141|val_loss 0.00025483
Epoch  49|time: 3.19s|train_loss 0.00468494|val_loss 0.00018820
Epoch  50|time: 3.29s|train_loss 0.00467614|val_loss 0.00018300
Best validation epoch: 50 Tue May 23 03:29:45 2023
TEST MAE 0.2227 | std 0.0690 | RMSE 0.3511 | RMSEs 0.3338 | PCC 0.9285 | PCCs 0.9026 | R2 0.8616 | R2s 0.8004 | Var 0.8620 | Vars 0.8042 | Peak 0.1354
Epoch  51|time: 3.27s|train_loss 0.00468951|val_loss 0.00019719
Epoch  52|time: 3.19s|train_loss 0.00463051|val_loss 0.00018245
Best validation epoch: 52 Tue May 23 03:29:53 2023
TEST MAE 0.2202 | std 0.0679 | RMSE 0.3493 | RMSEs 0.3321 | PCC 0.9294 | PCCs 0.9031 | R2 0.8629 | R2s 0.8025 | Var 0.8637 | Vars 0.8065 | Peak 0.1359
Epoch  53|time: 3.20s|train_loss 0.00455966|val_loss 0.00018378
Epoch  54|time: 3.36s|train_loss 0.00455771|val_loss 0.00018819
Epoch  55|time: 3.35s|train_loss 0.00454494|val_loss 0.00018715
Epoch  56|time: 3.25s|train_loss 0.00456166|val_loss 0.00018576
Epoch  57|time: 3.18s|train_loss 0.00469229|val_loss 0.00019277
Epoch  58|time: 3.22s|train_loss 0.00463342|val_loss 0.00018530
Epoch  59|time: 3.29s|train_loss 0.00460036|val_loss 0.00018790
Epoch  60|time: 3.25s|train_loss 0.00453104|val_loss 0.00019931
Epoch  61|time: 3.18s|train_loss 0.00452928|val_loss 0.00018686
Epoch  62|time: 3.41s|train_loss 0.00450383|val_loss 0.00018380
Epoch  63|time: 3.19s|train_loss 0.00457805|val_loss 0.00018765
Epoch  64|time: 3.18s|train_loss 0.00452951|val_loss 0.00018291
Epoch  65|time: 3.47s|train_loss 0.00447520|val_loss 0.00019298
Epoch  66|time: 3.18s|train_loss 0.00454433|val_loss 0.00018620
Epoch  67|time: 3.18s|train_loss 0.00449724|val_loss 0.00019034
Epoch  68|time: 3.26s|train_loss 0.00454903|val_loss 0.00018668
Epoch  69|time: 3.27s|train_loss 0.00456954|val_loss 0.00018469
Epoch  70|time: 3.18s|train_loss 0.00452932|val_loss 0.00018313
Epoch  71|time: 3.25s|train_loss 0.00450090|val_loss 0.00018591
Epoch  72|time: 3.18s|train_loss 0.00458683|val_loss 0.00018798
Epoch  73|time: 3.54s|train_loss 0.00458571|val_loss 0.00018671
Epoch  74|time: 3.31s|train_loss 0.00453757|val_loss 0.00018459
Epoch  75|time: 3.18s|train_loss 0.00448448|val_loss 0.00018979
Epoch  76|time: 3.19s|train_loss 0.00445208|val_loss 0.00018800
Epoch  77|time: 3.23s|train_loss 0.00439612|val_loss 0.00021039
Epoch  78|time: 3.19s|train_loss 0.00441835|val_loss 0.00021169
Epoch  79|time: 3.27s|train_loss 0.00439930|val_loss 0.00019796
Epoch  80|time: 3.18s|train_loss 0.00435876|val_loss 0.00018805
Epoch  81|time: 3.24s|train_loss 0.00434874|val_loss 0.00019407
Epoch  82|time: 3.17s|train_loss 0.00432971|val_loss 0.00020059
Epoch  83|time: 3.27s|train_loss 0.00432782|val_loss 0.00018818
Epoch  84|time: 3.33s|train_loss 0.00443339|val_loss 0.00019046
Epoch  85|time: 3.19s|train_loss 0.00439049|val_loss 0.00021278
Epoch  86|time: 3.17s|train_loss 0.00433061|val_loss 0.00018712
Epoch  87|time: 3.42s|train_loss 0.00435047|val_loss 0.00018881
Epoch  88|time: 3.19s|train_loss 0.00439062|val_loss 0.00020857
Epoch  89|time: 3.17s|train_loss 0.00436450|val_loss 0.00020630
Epoch  90|time: 3.35s|train_loss 0.00434818|val_loss 0.00019857
Epoch  91|time: 3.32s|train_loss 0.00429814|val_loss 0.00018848
Epoch  92|time: 3.21s|train_loss 0.00427026|val_loss 0.00019470
Epoch  93|time: 3.36s|train_loss 0.00432043|val_loss 0.00018670
Epoch  94|time: 3.17s|train_loss 0.00431253|val_loss 0.00018710
Epoch  95|time: 3.17s|train_loss 0.00427126|val_loss 0.00018717
Epoch  96|time: 3.39s|train_loss 0.00427534|val_loss 0.00018990
Epoch  97|time: 3.26s|train_loss 0.00433543|val_loss 0.00018884
Epoch  98|time: 3.17s|train_loss 0.00422142|val_loss 0.00020778
Epoch  99|time: 3.25s|train_loss 0.00422228|val_loss 0.00019430
Epoch 100|time: 3.17s|train_loss 0.00419305|val_loss 0.00018759
Epoch 101|time: 3.26s|train_loss 0.00418932|val_loss 0.00018809
Epoch 102|time: 3.24s|train_loss 0.00424044|val_loss 0.00019640
Epoch 103|time: 3.18s|train_loss 0.00420903|val_loss 0.00018710
Epoch 104|time: 3.17s|train_loss 0.00411289|val_loss 0.00018593
Epoch 105|time: 3.34s|train_loss 0.00409721|val_loss 0.00018982
Epoch 106|time: 3.28s|train_loss 0.00410332|val_loss 0.00018704
Epoch 107|time: 3.18s|train_loss 0.00414988|val_loss 0.00020775
Epoch 108|time: 3.23s|train_loss 0.00414723|val_loss 0.00019214
Epoch 109|time: 3.17s|train_loss 0.00410157|val_loss 0.00018673
Epoch 110|time: 3.52s|train_loss 0.00415593|val_loss 0.00020841
Epoch 111|time: 3.34s|train_loss 0.00411537|val_loss 0.00018359
Epoch 112|time: 3.17s|train_loss 0.00408478|val_loss 0.00018709
Epoch 113|time: 3.18s|train_loss 0.00405610|val_loss 0.00018695
Epoch 114|time: 3.21s|train_loss 0.00404125|val_loss 0.00018566
Epoch 115|time: 3.28s|train_loss 0.00398609|val_loss 0.00018644
Epoch 116|time: 3.18s|train_loss 0.00394526|val_loss 0.00018841
Epoch 117|time: 3.18s|train_loss 0.00392652|val_loss 0.00019361
Epoch 118|time: 3.28s|train_loss 0.00391150|val_loss 0.00018689
Epoch 119|time: 3.18s|train_loss 0.00389342|val_loss 0.00018589
Epoch 120|time: 3.25s|train_loss 0.00391703|val_loss 0.00018762
Epoch 121|time: 3.29s|train_loss 0.00387012|val_loss 0.00020364
Epoch 122|time: 3.18s|train_loss 0.00385941|val_loss 0.00018778
Epoch 123|time: 3.17s|train_loss 0.00391986|val_loss 0.00018541
Epoch 124|time: 3.26s|train_loss 0.00389565|val_loss 0.00018305
Epoch 125|time: 3.30s|train_loss 0.00383467|val_loss 0.00018600
Epoch 126|time: 3.17s|train_loss 0.00381668|val_loss 0.00018387
Epoch 127|time: 3.37s|train_loss 0.00377007|val_loss 0.00019645
Epoch 128|time: 3.19s|train_loss 0.00381086|val_loss 0.00019518
Epoch 129|time: 3.41s|train_loss 0.00383041|val_loss 0.00018374
Epoch 130|time: 3.18s|train_loss 0.00373780|val_loss 0.00018390
Epoch 131|time: 3.18s|train_loss 0.00378097|val_loss 0.00020782
Epoch 132|time: 3.18s|train_loss 0.00377827|val_loss 0.00018527
Epoch 133|time: 3.32s|train_loss 0.00376002|val_loss 0.00018657
Epoch 134|time: 3.17s|train_loss 0.00371521|val_loss 0.00018467
Epoch 135|time: 3.18s|train_loss 0.00374774|val_loss 0.00018940
Epoch 136|time: 3.19s|train_loss 0.00368758|val_loss 0.00019295
Epoch 137|time: 3.17s|train_loss 0.00369329|val_loss 0.00018816
Epoch 138|time: 3.18s|train_loss 0.00370757|val_loss 0.00019256
Epoch 139|time: 3.28s|train_loss 0.00371404|val_loss 0.00018495
Epoch 140|time: 3.18s|train_loss 0.00367762|val_loss 0.00018483
Epoch 141|time: 3.17s|train_loss 0.00369435|val_loss 0.00018687
Epoch 142|time: 3.24s|train_loss 0.00367341|val_loss 0.00018916
Epoch 143|time: 3.26s|train_loss 0.00379125|val_loss 0.00018450
Epoch 144|time: 3.18s|train_loss 0.00369459|val_loss 0.00018695
Epoch 145|time: 3.17s|train_loss 0.00376942|val_loss 0.00018450
Epoch 146|time: 3.26s|train_loss 0.00377198|val_loss 0.00018927
Epoch 147|time: 3.39s|train_loss 0.00369816|val_loss 0.00018229
Best validation epoch: 147 Tue May 23 03:35:02 2023
TEST MAE 0.2198 | std 0.0650 | RMSE 0.3390 | RMSEs 0.3239 | PCC 0.9335 | PCCs 0.9077 | R2 0.8709 | R2s 0.8112 | Var 0.8713 | Vars 0.8140 | Peak 0.1291
Epoch 148|time: 3.26s|train_loss 0.00368567|val_loss 0.00019771
Epoch 149|time: 3.18s|train_loss 0.00368520|val_loss 0.00022463
Epoch 150|time: 3.17s|train_loss 0.00364669|val_loss 0.00019138
Epoch 151|time: 3.19s|train_loss 0.00365164|val_loss 0.00020008
Epoch 152|time: 3.28s|train_loss 0.00362313|val_loss 0.00018387
Epoch 153|time: 3.18s|train_loss 0.00361460|val_loss 0.00018426
Epoch 154|time: 3.17s|train_loss 0.00358856|val_loss 0.00020192
Epoch 155|time: 3.27s|train_loss 0.00361753|val_loss 0.00020417
Epoch 156|time: 3.18s|train_loss 0.00359266|val_loss 0.00019416
Epoch 157|time: 3.29s|train_loss 0.00364293|val_loss 0.00018525
Epoch 158|time: 3.21s|train_loss 0.00359866|val_loss 0.00019176
Epoch 159|time: 3.18s|train_loss 0.00366835|val_loss 0.00018618
Epoch 160|time: 3.17s|train_loss 0.00361782|val_loss 0.00021561
Epoch 161|time: 3.25s|train_loss 0.00366823|val_loss 0.00018175
Best validation epoch: 161 Tue May 23 03:35:47 2023
TEST MAE 0.2226 | std 0.0664 | RMSE 0.3404 | RMSEs 0.3253 | PCC 0.9331 | PCCs 0.9083 | R2 0.8699 | R2s 0.8093 | Var 0.8704 | Vars 0.8148 | Peak 0.1268
Epoch 162|time: 3.19s|train_loss 0.00370687|val_loss 0.00020323
Epoch 163|time: 3.17s|train_loss 0.00360068|val_loss 0.00018306
Epoch 164|time: 3.27s|train_loss 0.00363802|val_loss 0.00018501
Epoch 165|time: 3.26s|train_loss 0.00362472|val_loss 0.00018964
Epoch 166|time: 3.25s|train_loss 0.00359192|val_loss 0.00018383
Epoch 167|time: 3.24s|train_loss 0.00360304|val_loss 0.00019177
Epoch 168|time: 3.19s|train_loss 0.00366743|val_loss 0.00021005
Epoch 169|time: 3.18s|train_loss 0.00362239|val_loss 0.00018498
Epoch 170|time: 3.27s|train_loss 0.00357195|val_loss 0.00019020
Epoch 171|time: 3.18s|train_loss 0.00358145|val_loss 0.00019030
Epoch 172|time: 3.17s|train_loss 0.00354011|val_loss 0.00018430
Epoch 173|time: 3.19s|train_loss 0.00358816|val_loss 0.00019316
Epoch 174|time: 3.18s|train_loss 0.00353056|val_loss 0.00018647
Epoch 175|time: 3.27s|train_loss 0.00357393|val_loss 0.00019099
Epoch 176|time: 3.22s|train_loss 0.00352621|val_loss 0.00018430
Epoch 177|time: 3.18s|train_loss 0.00351999|val_loss 0.00018287
Epoch 178|time: 3.19s|train_loss 0.00354610|val_loss 0.00018251
Epoch 179|time: 3.32s|train_loss 0.00350321|val_loss 0.00018144
Best validation epoch: 179 Tue May 23 03:36:46 2023
TEST MAE 0.2190 | std 0.0671 | RMSE 0.3405 | RMSEs 0.3244 | PCC 0.9332 | PCCs 0.9080 | R2 0.8698 | R2s 0.8115 | Var 0.8704 | Vars 0.8142 | Peak 0.1296
Epoch 180|time: 3.18s|train_loss 0.00353585|val_loss 0.00018192
Epoch 181|time: 3.18s|train_loss 0.00349476|val_loss 0.00020334
Epoch 182|time: 3.17s|train_loss 0.00355912|val_loss 0.00019988
Epoch 183|time: 3.26s|train_loss 0.00350073|val_loss 0.00018559
Epoch 184|time: 3.29s|train_loss 0.00350687|val_loss 0.00018155
Epoch 185|time: 3.21s|train_loss 0.00348288|val_loss 0.00018699
Epoch 186|time: 3.18s|train_loss 0.00347104|val_loss 0.00018691
Epoch 187|time: 3.17s|train_loss 0.00346344|val_loss 0.00019610
Epoch 188|time: 3.18s|train_loss 0.00349031|val_loss 0.00018261
Epoch 189|time: 3.28s|train_loss 0.00348924|val_loss 0.00018250
Epoch 190|time: 3.18s|train_loss 0.00346672|val_loss 0.00018248
Epoch 191|time: 3.18s|train_loss 0.00348036|val_loss 0.00018303
Epoch 192|time: 3.26s|train_loss 0.00348417|val_loss 0.00018933
Epoch 193|time: 3.18s|train_loss 0.00348932|val_loss 0.00018257
Epoch 194|time: 3.18s|train_loss 0.00355689|val_loss 0.00018364
Epoch 195|time: 3.17s|train_loss 0.00361411|val_loss 0.00018943
Epoch 196|time: 3.18s|train_loss 0.00349545|val_loss 0.00018247
Epoch 197|time: 3.26s|train_loss 0.00364219|val_loss 0.00018331
Epoch 198|time: 3.19s|train_loss 0.00359562|val_loss 0.00018237
Epoch 199|time: 3.19s|train_loss 0.00362858|val_loss 0.00019251
Epoch 200|time: 3.17s|train_loss 0.00350238|val_loss 0.00019350
Epoch 201|time: 3.28s|train_loss 0.00356252|val_loss 0.00020397
Epoch 202|time: 3.19s|train_loss 0.00361531|val_loss 0.00018200
Epoch 203|time: 3.34s|train_loss 0.00352225|val_loss 0.00018745
Epoch 204|time: 3.30s|train_loss 0.00345152|val_loss 0.00018206
Epoch 205|time: 3.18s|train_loss 0.00345493|val_loss 0.00018796
Epoch 206|time: 3.18s|train_loss 0.00346698|val_loss 0.00018450
Epoch 207|time: 3.36s|train_loss 0.00346926|val_loss 0.00018335
Epoch 208|time: 3.18s|train_loss 0.00341992|val_loss 0.00019831
Epoch 209|time: 3.19s|train_loss 0.00341336|val_loss 0.00019270
Epoch 210|time: 3.32s|train_loss 0.00342122|val_loss 0.00025491
Epoch 211|time: 3.26s|train_loss 0.00344986|val_loss 0.00022526
Epoch 212|time: 3.18s|train_loss 0.00350377|val_loss 0.00023235
Epoch 213|time: 3.28s|train_loss 0.00345040|val_loss 0.00018293
Epoch 214|time: 3.18s|train_loss 0.00345755|val_loss 0.00019806
Epoch 215|time: 3.17s|train_loss 0.00341947|val_loss 0.00018089
Best validation epoch: 215 Tue May 23 03:38:42 2023
TEST MAE 0.2217 | std 0.0652 | RMSE 0.3381 | RMSEs 0.3236 | PCC 0.9339 | PCCs 0.9071 | R2 0.8716 | R2s 0.8110 | Var 0.8719 | Vars 0.8150 | Peak 0.1252
Epoch 216|time: 3.28s|train_loss 0.00338496|val_loss 0.00018279
Epoch 217|time: 3.28s|train_loss 0.00337349|val_loss 0.00018278
Epoch 218|time: 3.18s|train_loss 0.00338547|val_loss 0.00018499
Epoch 219|time: 3.18s|train_loss 0.00339582|val_loss 0.00020065
Epoch 220|time: 3.19s|train_loss 0.00350277|val_loss 0.00018537
Epoch 221|time: 3.17s|train_loss 0.00336941|val_loss 0.00018370
Epoch 222|time: 3.37s|train_loss 0.00335749|val_loss 0.00018894
Epoch 223|time: 3.18s|train_loss 0.00343070|val_loss 0.00019571
Epoch 224|time: 3.17s|train_loss 0.00342445|val_loss 0.00018992
Epoch 225|time: 3.19s|train_loss 0.00338757|val_loss 0.00018441
Epoch 226|time: 3.26s|train_loss 0.00337821|val_loss 0.00018846
Epoch 227|time: 3.18s|train_loss 0.00338843|val_loss 0.00019951
Epoch 228|time: 3.20s|train_loss 0.00336057|val_loss 0.00018348
Epoch 229|time: 3.34s|train_loss 0.00341558|val_loss 0.00018281
Epoch 230|time: 3.17s|train_loss 0.00338240|val_loss 0.00018772
Epoch 231|time: 3.27s|train_loss 0.00338589|val_loss 0.00019468
Epoch 232|time: 3.28s|train_loss 0.00343444|val_loss 0.00021102
Epoch 233|time: 3.19s|train_loss 0.00334830|val_loss 0.00018046
Best validation epoch: 233 Tue May 23 03:39:41 2023
TEST MAE 0.2251 | std 0.0645 | RMSE 0.3393 | RMSEs 0.3255 | PCC 0.9338 | PCCs 0.9074 | R2 0.8707 | R2s 0.8078 | Var 0.8719 | Vars 0.8150 | Peak 0.1248
Epoch 234|time: 3.21s|train_loss 0.00332521|val_loss 0.00018212
Epoch 235|time: 3.23s|train_loss 0.00335104|val_loss 0.00020452
Epoch 236|time: 3.27s|train_loss 0.00340080|val_loss 0.00018610
Epoch 237|time: 3.17s|train_loss 0.00334169|val_loss 0.00019708
Epoch 238|time: 3.30s|train_loss 0.00333553|val_loss 0.00017916
Best validation epoch: 238 Tue May 23 03:39:58 2023
TEST MAE 0.2269 | std 0.0647 | RMSE 0.3411 | RMSEs 0.3274 | PCC 0.9335 | PCCs 0.9074 | R2 0.8693 | R2s 0.8053 | Var 0.8712 | Vars 0.8140 | Peak 0.1254
Epoch 239|time: 3.34s|train_loss 0.00339215|val_loss 0.00018119
Epoch 240|time: 3.18s|train_loss 0.00332626|val_loss 0.00018540
Epoch 241|time: 3.18s|train_loss 0.00343202|val_loss 0.00018301
Epoch 242|time: 3.18s|train_loss 0.00337383|val_loss 0.00019014
Epoch 243|time: 3.18s|train_loss 0.00332149|val_loss 0.00018062
Epoch 244|time: 3.34s|train_loss 0.00334713|val_loss 0.00018008
Epoch 245|time: 3.19s|train_loss 0.00332897|val_loss 0.00019053
Epoch 246|time: 3.18s|train_loss 0.00332205|val_loss 0.00018542
Epoch 247|time: 3.28s|train_loss 0.00326247|val_loss 0.00019525
Epoch 248|time: 3.19s|train_loss 0.00332651|val_loss 0.00018772
Epoch 249|time: 3.28s|train_loss 0.00332629|val_loss 0.00018660
Epoch 250|time: 3.30s|train_loss 0.00339901|val_loss 0.00018300
Epoch 251|time: 3.17s|train_loss 0.00331049|val_loss 0.00018396
Epoch 252|time: 3.18s|train_loss 0.00332809|val_loss 0.00017667
Best validation epoch: 252 Tue May 23 03:40:44 2023
TEST MAE 0.2189 | std 0.0637 | RMSE 0.3378 | RMSEs 0.3228 | PCC 0.9340 | PCCs 0.9086 | R2 0.8718 | R2s 0.8124 | Var 0.8719 | Vars 0.8151 | Peak 0.1282
Epoch 253|time: 3.39s|train_loss 0.00327626|val_loss 0.00017941
Epoch 254|time: 3.18s|train_loss 0.00328685|val_loss 0.00019954
Epoch 255|time: 3.20s|train_loss 0.00330376|val_loss 0.00019101
Epoch 256|time: 3.26s|train_loss 0.00325929|val_loss 0.00020242
Epoch 257|time: 3.29s|train_loss 0.00329223|val_loss 0.00026444
Epoch 258|time: 3.18s|train_loss 0.00340783|val_loss 0.00025710
Epoch 259|time: 3.41s|train_loss 0.00344141|val_loss 0.00020991
Epoch 260|time: 3.19s|train_loss 0.00336533|val_loss 0.00018270
Epoch 261|time: 3.19s|train_loss 0.00335924|val_loss 0.00018262
Epoch 262|time: 3.39s|train_loss 0.00335640|val_loss 0.00017828
Epoch 263|time: 3.26s|train_loss 0.00334783|val_loss 0.00019308
Epoch 264|time: 3.18s|train_loss 0.00331597|val_loss 0.00017206
Best validation epoch: 264 Tue May 23 03:41:24 2023
TEST MAE 0.2150 | std 0.0584 | RMSE 0.3345 | RMSEs 0.3213 | PCC 0.9350 | PCCs 0.9072 | R2 0.8743 | R2s 0.8124 | Var 0.8743 | Vars 0.8154 | Peak 0.1253
Epoch 265|time: 3.26s|train_loss 0.00331194|val_loss 0.00017577
Epoch 266|time: 3.20s|train_loss 0.00326369|val_loss 0.00017852
Epoch 267|time: 3.18s|train_loss 0.00331749|val_loss 0.00020121
Epoch 268|time: 3.41s|train_loss 0.00327357|val_loss 0.00017501
Epoch 269|time: 3.19s|train_loss 0.00326934|val_loss 0.00019673
Epoch 270|time: 3.18s|train_loss 0.00332533|val_loss 0.00020555
Epoch 271|time: 3.20s|train_loss 0.00326989|val_loss 0.00021314
Epoch 272|time: 3.28s|train_loss 0.00327998|val_loss 0.00018898
Epoch 273|time: 3.17s|train_loss 0.00328978|val_loss 0.00018598
Epoch 274|time: 3.27s|train_loss 0.00323362|val_loss 0.00019605
Epoch 275|time: 3.18s|train_loss 0.00322442|val_loss 0.00019230
Epoch 276|time: 3.20s|train_loss 0.00323363|val_loss 0.00019925
Epoch 277|time: 3.57s|train_loss 0.00322070|val_loss 0.00020296
Epoch 278|time: 3.18s|train_loss 0.00323235|val_loss 0.00018990
Epoch 279|time: 3.18s|train_loss 0.00321219|val_loss 0.00019471
Epoch 280|time: 3.39s|train_loss 0.00322198|val_loss 0.00021149
Epoch 281|time: 3.18s|train_loss 0.00322784|val_loss 0.00020955
Epoch 282|time: 3.30s|train_loss 0.00324432|val_loss 0.00019423
Epoch 283|time: 3.30s|train_loss 0.00317330|val_loss 0.00018785
Epoch 284|time: 3.18s|train_loss 0.00319322|val_loss 0.00019247
Epoch 285|time: 3.18s|train_loss 0.00317675|val_loss 0.00019438
Epoch 286|time: 3.43s|train_loss 0.00319700|val_loss 0.00019667
Epoch 287|time: 3.20s|train_loss 0.00316186|val_loss 0.00020143
Epoch 288|time: 3.19s|train_loss 0.00319560|val_loss 0.00019867
Epoch 289|time: 3.25s|train_loss 0.00317687|val_loss 0.00018979
Epoch 290|time: 3.29s|train_loss 0.00317297|val_loss 0.00021343
Epoch 291|time: 3.18s|train_loss 0.00321050|val_loss 0.00018987
Epoch 292|time: 3.23s|train_loss 0.00318450|val_loss 0.00019947
Epoch 293|time: 3.19s|train_loss 0.00316117|val_loss 0.00020045
Epoch 294|time: 3.17s|train_loss 0.00323456|val_loss 0.00020460
Epoch 295|time: 3.19s|train_loss 0.00321262|val_loss 0.00018889
Epoch 296|time: 3.32s|train_loss 0.00327568|val_loss 0.00018917
Epoch 297|time: 3.19s|train_loss 0.00322101|val_loss 0.00018188
Epoch 298|time: 3.19s|train_loss 0.00317049|val_loss 0.00018390
Epoch 299|time: 3.28s|train_loss 0.00315846|val_loss 0.00019476
Epoch 300|time: 3.29s|train_loss 0.00317432|val_loss 0.00022503
Epoch 301|time: 3.19s|train_loss 0.00316123|val_loss 0.00021910
Epoch 302|time: 3.29s|train_loss 0.00321750|val_loss 0.00021046
Epoch 303|time: 3.19s|train_loss 0.00313789|val_loss 0.00019088
Epoch 304|time: 3.25s|train_loss 0.00325348|val_loss 0.00018918
Epoch 305|time: 3.31s|train_loss 0.00318163|val_loss 0.00018763
Epoch 306|time: 3.19s|train_loss 0.00315964|val_loss 0.00019289
Epoch 307|time: 3.19s|train_loss 0.00315741|val_loss 0.00019442
Epoch 308|time: 3.29s|train_loss 0.00312779|val_loss 0.00019185
Epoch 309|time: 3.18s|train_loss 0.00315425|val_loss 0.00018953
Epoch 310|time: 3.28s|train_loss 0.00313080|val_loss 0.00019521
Epoch 311|time: 3.26s|train_loss 0.00317087|val_loss 0.00019450
Epoch 312|time: 3.17s|train_loss 0.00311231|val_loss 0.00019188
Epoch 313|time: 3.18s|train_loss 0.00312311|val_loss 0.00019157
Epoch 314|time: 3.26s|train_loss 0.00310977|val_loss 0.00019744
Epoch 315|time: 3.18s|train_loss 0.00311008|val_loss 0.00019067
Epoch 316|time: 3.19s|train_loss 0.00310100|val_loss 0.00018892
Epoch 317|time: 3.23s|train_loss 0.00309186|val_loss 0.00018604
Epoch 318|time: 3.29s|train_loss 0.00312108|val_loss 0.00019456
Epoch 319|time: 3.18s|train_loss 0.00311254|val_loss 0.00018980
Epoch 320|time: 3.28s|train_loss 0.00314726|val_loss 0.00018174
Epoch 321|time: 3.18s|train_loss 0.00311120|val_loss 0.00018603
Epoch 322|time: 3.17s|train_loss 0.00308136|val_loss 0.00018184
Epoch 323|time: 3.32s|train_loss 0.00308590|val_loss 0.00019742
Epoch 324|time: 3.19s|train_loss 0.00310491|val_loss 0.00019456
Epoch 325|time: 3.18s|train_loss 0.00313486|val_loss 0.00018878
Epoch 326|time: 3.19s|train_loss 0.00311038|val_loss 0.00019224
Epoch 327|time: 3.33s|train_loss 0.00310358|val_loss 0.00018534
Epoch 328|time: 3.28s|train_loss 0.00312276|val_loss 0.00019786
Epoch 329|time: 3.19s|train_loss 0.00312299|val_loss 0.00018347
Epoch 330|time: 3.30s|train_loss 0.00309057|val_loss 0.00018399
Epoch 331|time: 3.19s|train_loss 0.00307166|val_loss 0.00018726
Epoch 332|time: 3.36s|train_loss 0.00308662|val_loss 0.00019332
Epoch 333|time: 3.25s|train_loss 0.00305310|val_loss 0.00018903
Epoch 334|time: 3.19s|train_loss 0.00318078|val_loss 0.00018877
Epoch 335|time: 3.18s|train_loss 0.00311169|val_loss 0.00021819
Epoch 336|time: 3.28s|train_loss 0.00318039|val_loss 0.00018543
Epoch 337|time: 3.31s|train_loss 0.00309326|val_loss 0.00021179
Epoch 338|time: 3.18s|train_loss 0.00307759|val_loss 0.00018275
Epoch 339|time: 3.38s|train_loss 0.00311634|val_loss 0.00019699
Epoch 340|time: 3.17s|train_loss 0.00305293|val_loss 0.00019086
Epoch 341|time: 3.18s|train_loss 0.00309747|val_loss 0.00018994
Epoch 342|time: 3.45s|train_loss 0.00307844|val_loss 0.00018528
Epoch 343|time: 3.17s|train_loss 0.00304587|val_loss 0.00019387
Epoch 344|time: 3.20s|train_loss 0.00303936|val_loss 0.00018605
Epoch 345|time: 3.30s|train_loss 0.00306764|val_loss 0.00019065
Epoch 346|time: 3.28s|train_loss 0.00307561|val_loss 0.00020942
Epoch 347|time: 3.18s|train_loss 0.00313562|val_loss 0.00023982
Epoch 348|time: 3.44s|train_loss 0.00339066|val_loss 0.00025094
Epoch 349|time: 3.18s|train_loss 0.00311422|val_loss 0.00023228
Epoch 350|time: 3.29s|train_loss 0.00315717|val_loss 0.00017530
Epoch 351|time: 3.40s|train_loss 0.00315214|val_loss 0.00020088
Epoch 352|time: 3.19s|train_loss 0.00316980|val_loss 0.00022856
Epoch 353|time: 3.18s|train_loss 0.00322665|val_loss 0.00018421
Epoch 354|time: 3.38s|train_loss 0.00314475|val_loss 0.00019101
Epoch 355|time: 3.18s|train_loss 0.00308043|val_loss 0.00018658
Epoch 356|time: 3.29s|train_loss 0.00311162|val_loss 0.00019657
Epoch 357|time: 3.27s|train_loss 0.00303916|val_loss 0.00018942
Epoch 358|time: 3.18s|train_loss 0.00308397|val_loss 0.00019122
Epoch 359|time: 3.18s|train_loss 0.00311291|val_loss 0.00018263
Epoch 360|time: 3.26s|train_loss 0.00310047|val_loss 0.00018796
Epoch 361|time: 3.17s|train_loss 0.00305333|val_loss 0.00018476
Epoch 362|time: 3.18s|train_loss 0.00304109|val_loss 0.00019524
Epoch 363|time: 3.19s|train_loss 0.00305800|val_loss 0.00018400
Epoch 364|time: 3.26s|train_loss 0.00306156|val_loss 0.00018299
Epoch 365|time: 3.17s|train_loss 0.00310947|val_loss 0.00019352
Epoch 366|time: 3.16s|train_loss 0.00301037|val_loss 0.00018367
Epoch 367|time: 3.19s|train_loss 0.00306610|val_loss 0.00018824
Epoch 368|time: 3.17s|train_loss 0.00304472|val_loss 0.00019069
Epoch 369|time: 3.25s|train_loss 0.00307601|val_loss 0.00024199
Epoch 370|time: 3.24s|train_loss 0.00312313|val_loss 0.00021091
Epoch 371|time: 3.15s|train_loss 0.00307071|val_loss 0.00022376
Epoch 372|time: 3.16s|train_loss 0.00301867|val_loss 0.00018733
Epoch 373|time: 3.27s|train_loss 0.00299412|val_loss 0.00019780
Epoch 374|time: 3.26s|train_loss 0.00300142|val_loss 0.00018345
Epoch 375|time: 3.16s|train_loss 0.00303139|val_loss 0.00018563
Epoch 376|time: 3.29s|train_loss 0.00298513|val_loss 0.00019242
Epoch 377|time: 3.16s|train_loss 0.00299652|val_loss 0.00018074
Epoch 378|time: 3.24s|train_loss 0.00297051|val_loss 0.00018981
Epoch 379|time: 3.25s|train_loss 0.00296889|val_loss 0.00018750
Epoch 380|time: 3.16s|train_loss 0.00296130|val_loss 0.00018726
Epoch 381|time: 3.17s|train_loss 0.00299776|val_loss 0.00018668
Epoch 382|time: 3.18s|train_loss 0.00295164|val_loss 0.00018121
Epoch 383|time: 3.24s|train_loss 0.00295967|val_loss 0.00018216
Epoch 384|time: 3.15s|train_loss 0.00295235|val_loss 0.00018375
Epoch 385|time: 3.16s|train_loss 0.00301014|val_loss 0.00018279
Epoch 386|time: 3.17s|train_loss 0.00293637|val_loss 0.00018921
Epoch 387|time: 3.15s|train_loss 0.00298529|val_loss 0.00018382
Epoch 388|time: 3.23s|train_loss 0.00295749|val_loss 0.00019516
Epoch 389|time: 3.24s|train_loss 0.00303165|val_loss 0.00018619
Epoch 390|time: 3.16s|train_loss 0.00296123|val_loss 0.00018920
Epoch 391|time: 3.17s|train_loss 0.00296851|val_loss 0.00018225
Epoch 392|time: 3.39s|train_loss 0.00293324|val_loss 0.00018200
Epoch 393|time: 3.16s|train_loss 0.00293860|val_loss 0.00018106
Epoch 394|time: 3.16s|train_loss 0.00295216|val_loss 0.00018807
Epoch 395|time: 3.15s|train_loss 0.00296224|val_loss 0.00018614
Epoch 396|time: 3.15s|train_loss 0.00297176|val_loss 0.00020174
Epoch 397|time: 3.22s|train_loss 0.00310829|val_loss 0.00020678
Epoch 398|time: 3.25s|train_loss 0.00320113|val_loss 0.00019540
Epoch 399|time: 3.16s|train_loss 0.00303954|val_loss 0.00017582
Epoch 400|time: 3.16s|train_loss 0.00298939|val_loss 0.00020336
Epoch 401|time: 3.22s|train_loss 0.00295954|val_loss 0.00018479
Epoch 402|time: 3.25s|train_loss 0.00299257|val_loss 0.00018427
Epoch 403|time: 3.16s|train_loss 0.00294348|val_loss 0.00018059
Epoch 404|time: 3.16s|train_loss 0.00294095|val_loss 0.00018483
Epoch 405|time: 3.16s|train_loss 0.00294271|val_loss 0.00018227
Epoch 406|time: 3.23s|train_loss 0.00292576|val_loss 0.00018219
Epoch 407|time: 3.23s|train_loss 0.00294355|val_loss 0.00018398
Epoch 408|time: 2.89s|train_loss 0.00299480|val_loss 0.00019459
Epoch 409|time: 2.04s|train_loss 0.00293289|val_loss 0.00018417
Epoch 410|time: 2.59s|train_loss 0.00293325|val_loss 0.00018430
Epoch 411|time: 3.23s|train_loss 0.00291824|val_loss 0.00018909
Epoch 412|time: 3.10s|train_loss 0.00294495|val_loss 0.00018819
Epoch 413|time: 3.07s|train_loss 0.00289762|val_loss 0.00018394
Epoch 414|time: 3.25s|train_loss 0.00293298|val_loss 0.00018938
Epoch 415|time: 3.07s|train_loss 0.00293914|val_loss 0.00017919
Epoch 416|time: 3.19s|train_loss 0.00298322|val_loss 0.00020387
Epoch 417|time: 3.12s|train_loss 0.00301917|val_loss 0.00018384
Epoch 418|time: 3.10s|train_loss 0.00296455|val_loss 0.00022978
Epoch 419|time: 3.08s|train_loss 0.00296081|val_loss 0.00019601
Epoch 420|time: 3.15s|train_loss 0.00298702|val_loss 0.00023229
Epoch 421|time: 3.25s|train_loss 0.00326493|val_loss 0.00023405
Epoch 422|time: 3.16s|train_loss 0.00314655|val_loss 0.00019490
Epoch 423|time: 3.14s|train_loss 0.00306685|val_loss 0.00019368
Epoch 424|time: 3.26s|train_loss 0.00296446|val_loss 0.00019480
Epoch 425|time: 3.15s|train_loss 0.00304464|val_loss 0.00021689
Epoch 426|time: 3.16s|train_loss 0.00307711|val_loss 0.00026136
Epoch 427|time: 3.25s|train_loss 0.00296160|val_loss 0.00017272
Epoch 428|time: 3.17s|train_loss 0.00295688|val_loss 0.00017630
Epoch 429|time: 3.16s|train_loss 0.00291327|val_loss 0.00019078
Epoch 430|time: 3.34s|train_loss 0.00289500|val_loss 0.00018661
Epoch 431|time: 3.17s|train_loss 0.00288289|val_loss 0.00018207
Epoch 432|time: 3.16s|train_loss 0.00288087|val_loss 0.00017775
Epoch 433|time: 3.26s|train_loss 0.00291147|val_loss 0.00018356
Epoch 434|time: 3.26s|train_loss 0.00296817|val_loss 0.00018494
Epoch 435|time: 3.15s|train_loss 0.00291926|val_loss 0.00021474
Epoch 436|time: 3.24s|train_loss 0.00308176|val_loss 0.00020601
Epoch 437|time: 3.15s|train_loss 0.00301828|val_loss 0.00023697
Epoch 438|time: 3.23s|train_loss 0.00294030|val_loss 0.00018982
Epoch 439|time: 3.17s|train_loss 0.00289753|val_loss 0.00019178
Epoch 440|time: 3.16s|train_loss 0.00293500|val_loss 0.00018048
Epoch 441|time: 3.17s|train_loss 0.00286069|val_loss 0.00018366
Epoch 442|time: 3.16s|train_loss 0.00288486|val_loss 0.00018011
Epoch 443|time: 3.29s|train_loss 0.00288046|val_loss 0.00020538
Epoch 444|time: 3.15s|train_loss 0.00293567|val_loss 0.00018997
Epoch 445|time: 3.15s|train_loss 0.00290023|val_loss 0.00018863
Epoch 446|time: 3.16s|train_loss 0.00291405|val_loss 0.00017938
Epoch 447|time: 3.17s|train_loss 0.00287804|val_loss 0.00018327
Epoch 448|time: 3.24s|train_loss 0.00283592|val_loss 0.00018009
Epoch 449|time: 3.29s|train_loss 0.00286413|val_loss 0.00018278
Epoch 450|time: 3.16s|train_loss 0.00285840|val_loss 0.00018369
Epoch 451|time: 3.15s|train_loss 0.00287920|val_loss 0.00017837
Epoch 452|time: 3.34s|train_loss 0.00289872|val_loss 0.00018459
Epoch 453|time: 3.14s|train_loss 0.00287250|val_loss 0.00018081
Epoch 454|time: 3.16s|train_loss 0.00283978|val_loss 0.00018835
Epoch 455|time: 3.14s|train_loss 0.00285073|val_loss 0.00018221
Epoch 456|time: 3.16s|train_loss 0.00303016|val_loss 0.00019155
Epoch 457|time: 3.23s|train_loss 0.00301741|val_loss 0.00021563
Epoch 458|time: 3.21s|train_loss 0.00298199|val_loss 0.00025951
Epoch 459|time: 3.15s|train_loss 0.00294750|val_loss 0.00018533
Epoch 460|time: 3.16s|train_loss 0.00293778|val_loss 0.00018638
Epoch 461|time: 3.26s|train_loss 0.00286830|val_loss 0.00020140
Epoch 462|time: 3.25s|train_loss 0.00288439|val_loss 0.00018108
Epoch 463|time: 3.16s|train_loss 0.00284399|val_loss 0.00020294
Epoch 464|time: 3.29s|train_loss 0.00281978|val_loss 0.00017900
Final evaluation
TEST MAE 0.2150 | std 0.0584 | RMSE 0.3345 | RMSEs 0.3213 | PCC 0.9350 | PCCs 0.9072 | R2 0.8743 | R2s 0.8124 | Var 0.8743 | Vars 0.8154 | Peak 0.1253
