--------Parameters--------
Namespace(batch=32, bi=False, check_point=1, cuda=False, dataset='us_hhs', dropout=0.2, epilambda=1.0, epochs=500, gpu=3, hidsp=15, horizon=4, k=10, lamda=0.01, lr=0.01, model='cola_gnn_epi', mylog=False, n_hidden=20, n_layer=1, patience=200, rnn_model='RNN', save_dir='save', seed=42, shuffle=False, sim_mat='us_hhs-adj', test=0.2, train=0.6, val=0.2, weight_decay=0.0005, window=20)
--------------------------
data shape (364, 10)
size of train/val/test sets 195 73 73
#params: 5145
begin training
Epoch   1|time: 3.15s|train_loss 0.02355995|val_loss 0.00093295
Best validation epoch: 1 Tue May 23 20:02:38 2023
TEST MAE 1.1499 | std 0.3545 | RMSE 1.2915 | RMSEs 1.2394 | PCC 0.7803 | PCCs 0.7976 | R2 -0.8737 | R2s -1.8028 | Var 0.6077 | Vars 0.6195 | Peak 0.5002
Epoch   2|time: 3.32s|train_loss 0.02210387|val_loss 0.00032337
Best validation epoch: 2 Tue May 23 20:02:42 2023
TEST MAE 0.3391 | std 0.0761 | RMSE 0.4806 | RMSEs 0.4649 | PCC 0.8622 | PCCs 0.8134 | R2 0.7405 | R2s 0.5992 | Var 0.7421 | Vars 0.6499 | Peak 0.1785
Epoch   3|time: 3.23s|train_loss 0.02090532|val_loss 0.00035958
Epoch   4|time: 3.53s|train_loss 0.01980651|val_loss 0.00038540
Epoch   5|time: 3.26s|train_loss 0.01847962|val_loss 0.00026045
Best validation epoch: 5 Tue May 23 20:02:53 2023
TEST MAE 0.2900 | std 0.0914 | RMSE 0.4632 | RMSEs 0.4427 | PCC 0.8815 | PCCs 0.8292 | R2 0.7590 | R2s 0.6490 | Var 0.7666 | Vars 0.6727 | Peak 0.1857
Epoch   6|time: 3.31s|train_loss 0.01726057|val_loss 0.00027522
Epoch   7|time: 3.31s|train_loss 0.01600348|val_loss 0.00030622
Epoch   8|time: 3.28s|train_loss 0.01628427|val_loss 0.00025278
Best validation epoch: 8 Tue May 23 20:03:04 2023
TEST MAE 0.2818 | std 0.0887 | RMSE 0.4494 | RMSEs 0.4313 | PCC 0.8851 | PCCs 0.8303 | R2 0.7731 | R2s 0.6642 | Var 0.7824 | Vars 0.6817 | Peak 0.1780
Epoch   9|time: 3.31s|train_loss 0.01544031|val_loss 0.00027191
Epoch  10|time: 3.26s|train_loss 0.01519209|val_loss 0.00026640
Epoch  11|time: 3.32s|train_loss 0.01497578|val_loss 0.00026634
Epoch  12|time: 3.33s|train_loss 0.01482557|val_loss 0.00024861
Best validation epoch: 12 Tue May 23 20:03:18 2023
TEST MAE 0.2713 | std 0.0798 | RMSE 0.4327 | RMSEs 0.4160 | PCC 0.8928 | PCCs 0.8419 | R2 0.7897 | R2s 0.6860 | Var 0.7943 | Vars 0.6987 | Peak 0.1677
Epoch  13|time: 3.25s|train_loss 0.01485835|val_loss 0.00027381
Epoch  14|time: 3.24s|train_loss 0.01456547|val_loss 0.00032659
Epoch  15|time: 3.81s|train_loss 0.01455442|val_loss 0.00031706
Epoch  16|time: 3.37s|train_loss 0.01474200|val_loss 0.00023481
Best validation epoch: 16 Tue May 23 20:03:32 2023
TEST MAE 0.2977 | std 0.0707 | RMSE 0.4305 | RMSEs 0.4179 | PCC 0.8927 | PCCs 0.8455 | R2 0.7918 | R2s 0.6739 | Var 0.7957 | Vars 0.6979 | Peak 0.1618
Epoch  17|time: 3.31s|train_loss 0.01472569|val_loss 0.00027461
Epoch  18|time: 3.35s|train_loss 0.01453191|val_loss 0.00025902
Epoch  19|time: 3.33s|train_loss 0.01432093|val_loss 0.00026429
Epoch  20|time: 3.24s|train_loss 0.01453332|val_loss 0.00025509
Epoch  21|time: 3.40s|train_loss 0.01401012|val_loss 0.00026680
Epoch  22|time: 3.33s|train_loss 0.01386955|val_loss 0.00024671
Epoch  23|time: 3.22s|train_loss 0.01382439|val_loss 0.00027116
Epoch  24|time: 3.52s|train_loss 0.01389362|val_loss 0.00032395
Epoch  25|time: 3.39s|train_loss 0.01443990|val_loss 0.00023395
Best validation epoch: 25 Tue May 23 20:04:03 2023
TEST MAE 0.2750 | std 0.0794 | RMSE 0.4140 | RMSEs 0.3983 | PCC 0.8999 | PCCs 0.8597 | R2 0.8074 | R2s 0.7095 | Var 0.8075 | Vars 0.7190 | Peak 0.1594
Epoch  26|time: 3.22s|train_loss 0.02139539|val_loss 0.00025046
Epoch  27|time: 3.35s|train_loss 0.02100155|val_loss 0.00025715
Epoch  28|time: 3.24s|train_loss 0.02051748|val_loss 0.00025177
Epoch  29|time: 3.32s|train_loss 0.01970078|val_loss 0.00024124
Epoch  30|time: 3.35s|train_loss 0.01979042|val_loss 0.00023789
Epoch  31|time: 3.23s|train_loss 0.01834649|val_loss 0.00028446
Epoch  32|time: 3.22s|train_loss 0.01612258|val_loss 0.00031868
Epoch  33|time: 3.50s|train_loss 0.01574173|val_loss 0.00026481
Epoch  34|time: 3.25s|train_loss 0.01496588|val_loss 0.00026864
Epoch  35|time: 3.28s|train_loss 0.01517605|val_loss 0.00024325
Epoch  36|time: 3.45s|train_loss 0.01448163|val_loss 0.00025480
Epoch  37|time: 3.23s|train_loss 0.01563294|val_loss 0.00027569
Epoch  38|time: 3.34s|train_loss 0.01839966|val_loss 0.00024838
Epoch  39|time: 3.30s|train_loss 0.01613373|val_loss 0.00024658
Epoch  40|time: 3.25s|train_loss 0.01490969|val_loss 0.00024359
Epoch  41|time: 3.26s|train_loss 0.01415317|val_loss 0.00024444
Epoch  42|time: 3.37s|train_loss 0.01395711|val_loss 0.00024652
Epoch  43|time: 3.36s|train_loss 0.01370888|val_loss 0.00023415
Epoch  44|time: 3.23s|train_loss 0.01350959|val_loss 0.00024277
Epoch  45|time: 3.43s|train_loss 0.01333959|val_loss 0.00028234
Epoch  46|time: 3.25s|train_loss 0.01319903|val_loss 0.00025345
Epoch  47|time: 3.28s|train_loss 0.01323616|val_loss 0.00024793
Epoch  48|time: 3.30s|train_loss 0.01284252|val_loss 0.00024599
Epoch  49|time: 3.23s|train_loss 0.01267841|val_loss 0.00024376
Epoch  50|time: 3.28s|train_loss 0.01272973|val_loss 0.00024551
Epoch  51|time: 3.37s|train_loss 0.01240437|val_loss 0.00025265
Epoch  52|time: 3.21s|train_loss 0.01231426|val_loss 0.00026450
Epoch  53|time: 3.23s|train_loss 0.01277643|val_loss 0.00027484
Epoch  54|time: 3.44s|train_loss 0.01256557|val_loss 0.00024962
Epoch  55|time: 3.24s|train_loss 0.01244470|val_loss 0.00023907
Epoch  56|time: 3.22s|train_loss 0.01218601|val_loss 0.00023651
Epoch  57|time: 3.50s|train_loss 0.01220715|val_loss 0.00023322
Best validation epoch: 57 Tue May 23 20:05:49 2023
TEST MAE 0.2739 | std 0.0855 | RMSE 0.4159 | RMSEs 0.3990 | PCC 0.8997 | PCCs 0.8631 | R2 0.8057 | R2s 0.7104 | Var 0.8068 | Vars 0.7192 | Peak 0.1594
Epoch  58|time: 3.25s|train_loss 0.01209943|val_loss 0.00028144
Epoch  59|time: 3.26s|train_loss 0.01199324|val_loss 0.00029744
Epoch  60|time: 3.49s|train_loss 0.01186080|val_loss 0.00024618
Epoch  61|time: 3.36s|train_loss 0.01184676|val_loss 0.00024728
Epoch  62|time: 3.23s|train_loss 0.01174646|val_loss 0.00028009
Epoch  63|time: 3.31s|train_loss 0.01172164|val_loss 0.00025488
Epoch  64|time: 3.20s|train_loss 0.01151041|val_loss 0.00024550
Epoch  65|time: 3.35s|train_loss 0.01174157|val_loss 0.00031437
Epoch  66|time: 3.38s|train_loss 0.01164316|val_loss 0.00023583
Epoch  67|time: 3.23s|train_loss 0.01136538|val_loss 0.00024027
Epoch  68|time: 3.26s|train_loss 0.01136470|val_loss 0.00025730
Epoch  69|time: 3.30s|train_loss 0.01136348|val_loss 0.00029975
Epoch  70|time: 3.32s|train_loss 0.01205248|val_loss 0.00032879
Epoch  71|time: 3.25s|train_loss 0.01148536|val_loss 0.00028904
Epoch  72|time: 3.43s|train_loss 0.01177887|val_loss 0.00023831
Epoch  73|time: 3.24s|train_loss 0.01139181|val_loss 0.00025548
Epoch  74|time: 3.28s|train_loss 0.01106851|val_loss 0.00030098
Epoch  75|time: 3.54s|train_loss 0.01119271|val_loss 0.00025461
Epoch  76|time: 3.27s|train_loss 0.01072863|val_loss 0.00025085
Epoch  77|time: 3.23s|train_loss 0.01058031|val_loss 0.00024144
Epoch  78|time: 3.63s|train_loss 0.01079604|val_loss 0.00024751
Epoch  79|time: 3.41s|train_loss 0.01103902|val_loss 0.00027315
Epoch  80|time: 3.26s|train_loss 0.01120351|val_loss 0.00026217
Epoch  81|time: 3.46s|train_loss 0.01069639|val_loss 0.00023581
Epoch  82|time: 3.25s|train_loss 0.01030839|val_loss 0.00023580
Epoch  83|time: 3.30s|train_loss 0.01002730|val_loss 0.00026079
Epoch  84|time: 3.27s|train_loss 0.00987153|val_loss 0.00023649
Epoch  85|time: 3.33s|train_loss 0.01008865|val_loss 0.00024751
Epoch  86|time: 3.25s|train_loss 0.01007504|val_loss 0.00028523
Epoch  87|time: 3.36s|train_loss 0.01011921|val_loss 0.00034604
Epoch  88|time: 3.25s|train_loss 0.01049420|val_loss 0.00027235
Epoch  89|time: 3.38s|train_loss 0.00998598|val_loss 0.00026265
Epoch  90|time: 3.30s|train_loss 0.00974290|val_loss 0.00026962
Epoch  91|time: 3.27s|train_loss 0.00981265|val_loss 0.00023489
Epoch  92|time: 3.25s|train_loss 0.01051903|val_loss 0.00022441
Best validation epoch: 92 Tue May 23 20:07:46 2023
TEST MAE 0.2989 | std 0.0849 | RMSE 0.4426 | RMSEs 0.4252 | PCC 0.9020 | PCCs 0.8734 | R2 0.7800 | R2s 0.6577 | Var 0.7924 | Vars 0.7007 | Peak 0.1692
Epoch  93|time: 3.28s|train_loss 0.01017284|val_loss 0.00028934
Epoch  94|time: 3.26s|train_loss 0.00981917|val_loss 0.00026945
Epoch  95|time: 3.28s|train_loss 0.01078137|val_loss 0.00025968
Epoch  96|time: 3.41s|train_loss 0.01013880|val_loss 0.00032439
Epoch  97|time: 3.35s|train_loss 0.01036017|val_loss 0.00025267
Epoch  98|time: 3.23s|train_loss 0.00978884|val_loss 0.00023471
Epoch  99|time: 3.39s|train_loss 0.00938231|val_loss 0.00024707
Epoch 100|time: 3.26s|train_loss 0.00963473|val_loss 0.00023564
Epoch 101|time: 3.27s|train_loss 0.00950671|val_loss 0.00022977
Epoch 102|time: 3.44s|train_loss 0.00922343|val_loss 0.00024218
Epoch 103|time: 3.23s|train_loss 0.00919569|val_loss 0.00024320
Epoch 104|time: 3.27s|train_loss 0.00962870|val_loss 0.00022980
Epoch 105|time: 3.43s|train_loss 0.00941248|val_loss 0.00025849
Epoch 106|time: 3.24s|train_loss 0.00915178|val_loss 0.00025924
Epoch 107|time: 3.39s|train_loss 0.00890063|val_loss 0.00028031
Epoch 108|time: 3.48s|train_loss 0.00913237|val_loss 0.00023608
Epoch 109|time: 3.22s|train_loss 0.00985689|val_loss 0.00025605
Epoch 110|time: 3.22s|train_loss 0.00969392|val_loss 0.00022749
Epoch 111|time: 3.50s|train_loss 0.00950513|val_loss 0.00023903
Epoch 112|time: 3.50s|train_loss 0.00965671|val_loss 0.00024594
Epoch 113|time: 3.37s|train_loss 0.00874200|val_loss 0.00023185
Epoch 114|time: 3.34s|train_loss 0.00883405|val_loss 0.00029731
Epoch 115|time: 3.24s|train_loss 0.00902865|val_loss 0.00027379
Epoch 116|time: 3.30s|train_loss 0.00943113|val_loss 0.00022330
Best validation epoch: 116 Tue May 23 20:09:07 2023
TEST MAE 0.2974 | std 0.0838 | RMSE 0.4361 | RMSEs 0.4203 | PCC 0.9019 | PCCs 0.8631 | R2 0.7864 | R2s 0.6668 | Var 0.8011 | Vars 0.7075 | Peak 0.1637
Epoch 117|time: 3.27s|train_loss 0.00904144|val_loss 0.00024604
Epoch 118|time: 3.24s|train_loss 0.00925788|val_loss 0.00022830
Epoch 119|time: 3.37s|train_loss 0.00939388|val_loss 0.00026207
Epoch 120|time: 3.25s|train_loss 0.00928966|val_loss 0.00025269
Epoch 121|time: 3.42s|train_loss 0.00894003|val_loss 0.00035692
Epoch 122|time: 3.38s|train_loss 0.00870784|val_loss 0.00024274
Epoch 123|time: 3.24s|train_loss 0.00889427|val_loss 0.00023476
Epoch 124|time: 3.30s|train_loss 0.00876549|val_loss 0.00022434
Epoch 125|time: 3.44s|train_loss 0.00906021|val_loss 0.00023816
Epoch 126|time: 3.22s|train_loss 0.00845091|val_loss 0.00022255
Best validation epoch: 126 Tue May 23 20:09:41 2023
TEST MAE 0.2670 | std 0.0868 | RMSE 0.4127 | RMSEs 0.3947 | PCC 0.9024 | PCCs 0.8709 | R2 0.8087 | R2s 0.7138 | Var 0.8091 | Vars 0.7276 | Peak 0.1594
Epoch 127|time: 3.30s|train_loss 0.00920230|val_loss 0.00023224
Epoch 128|time: 3.32s|train_loss 0.00867092|val_loss 0.00025698
Epoch 129|time: 3.38s|train_loss 0.00923853|val_loss 0.00023491
Epoch 130|time: 3.30s|train_loss 0.00941311|val_loss 0.00023280
Epoch 131|time: 3.33s|train_loss 0.01118274|val_loss 0.00023545
Epoch 132|time: 3.37s|train_loss 0.01132180|val_loss 0.00025445
Epoch 133|time: 3.24s|train_loss 0.01069416|val_loss 0.00023675
Epoch 134|time: 3.61s|train_loss 0.01043677|val_loss 0.00023259
Epoch 135|time: 3.27s|train_loss 0.01057125|val_loss 0.00033634
Epoch 136|time: 3.22s|train_loss 0.01009778|val_loss 0.00027042
Epoch 137|time: 3.28s|train_loss 0.01022251|val_loss 0.00038270
Epoch 138|time: 3.24s|train_loss 0.01088166|val_loss 0.00040180
Epoch 139|time: 3.27s|train_loss 0.01007997|val_loss 0.00033833
Epoch 140|time: 3.34s|train_loss 0.00976366|val_loss 0.00023632
Epoch 141|time: 3.27s|train_loss 0.00958200|val_loss 0.00022972
Epoch 142|time: 3.25s|train_loss 0.00946250|val_loss 0.00022367
Epoch 143|time: 3.39s|train_loss 0.00917986|val_loss 0.00023675
Epoch 144|time: 3.20s|train_loss 0.00935148|val_loss 0.00026078
Epoch 145|time: 3.25s|train_loss 0.00938571|val_loss 0.00022950
Epoch 146|time: 3.46s|train_loss 0.00955291|val_loss 0.00022874
Epoch 147|time: 3.34s|train_loss 0.00958082|val_loss 0.00022051
Best validation epoch: 147 Tue May 23 20:10:51 2023
TEST MAE 0.2779 | std 0.0821 | RMSE 0.4189 | RMSEs 0.4029 | PCC 0.9018 | PCCs 0.8644 | R2 0.8028 | R2s 0.6984 | Var 0.8050 | Vars 0.7137 | Peak 0.1588
Epoch 148|time: 3.27s|train_loss 0.00908346|val_loss 0.00023495
Epoch 149|time: 3.44s|train_loss 0.00893456|val_loss 0.00022054
Epoch 150|time: 3.47s|train_loss 0.00909830|val_loss 0.00023919
Epoch 151|time: 3.28s|train_loss 0.00922806|val_loss 0.00023806
Epoch 152|time: 3.21s|train_loss 0.00887904|val_loss 0.00022286
Epoch 153|time: 3.42s|train_loss 0.00904277|val_loss 0.00023981
Epoch 154|time: 3.26s|train_loss 0.00885071|val_loss 0.00027534
Epoch 155|time: 3.35s|train_loss 0.01022319|val_loss 0.00028233
Epoch 156|time: 3.27s|train_loss 0.00971232|val_loss 0.00026435
Epoch 157|time: 3.33s|train_loss 0.00903160|val_loss 0.00030187
Epoch 158|time: 3.33s|train_loss 0.00928277|val_loss 0.00040543
Epoch 159|time: 3.24s|train_loss 0.00891264|val_loss 0.00022776
Epoch 160|time: 3.27s|train_loss 0.00869233|val_loss 0.00023204
Epoch 161|time: 3.55s|train_loss 0.00875637|val_loss 0.00025176
Epoch 162|time: 3.20s|train_loss 0.00855472|val_loss 0.00024283
Epoch 163|time: 3.29s|train_loss 0.00857025|val_loss 0.00023304
Epoch 164|time: 3.27s|train_loss 0.00857469|val_loss 0.00022819
Epoch 165|time: 3.30s|train_loss 0.00883241|val_loss 0.00023400
Epoch 166|time: 3.36s|train_loss 0.00836996|val_loss 0.00023258
Epoch 167|time: 3.29s|train_loss 0.00823147|val_loss 0.00023038
Epoch 168|time: 3.57s|train_loss 0.00841794|val_loss 0.00023054
Epoch 169|time: 3.22s|train_loss 0.00823623|val_loss 0.00023079
Epoch 170|time: 3.17s|train_loss 0.00808847|val_loss 0.00023351
Epoch 171|time: 3.32s|train_loss 0.00819479|val_loss 0.00026159
Epoch 172|time: 3.17s|train_loss 0.00794260|val_loss 0.00022395
Epoch 173|time: 3.34s|train_loss 0.00808245|val_loss 0.00025564
Epoch 174|time: 3.21s|train_loss 0.00852942|val_loss 0.00023023
Epoch 175|time: 3.35s|train_loss 0.00872242|val_loss 0.00022207
Epoch 176|time: 3.24s|train_loss 0.00818542|val_loss 0.00024731
Epoch 177|time: 3.27s|train_loss 0.00822907|val_loss 0.00025765
Epoch 178|time: 3.23s|train_loss 0.00831930|val_loss 0.00025741
Epoch 179|time: 3.40s|train_loss 0.00806183|val_loss 0.00022759
Epoch 180|time: 3.26s|train_loss 0.00791831|val_loss 0.00022948
Epoch 181|time: 3.20s|train_loss 0.00788647|val_loss 0.00022773
Epoch 182|time: 3.27s|train_loss 0.00775865|val_loss 0.00023468
Epoch 183|time: 3.26s|train_loss 0.00793242|val_loss 0.00022511
Epoch 184|time: 3.24s|train_loss 0.00783066|val_loss 0.00024493
Epoch 185|time: 3.32s|train_loss 0.00823426|val_loss 0.00026519
Epoch 186|time: 3.53s|train_loss 0.00855140|val_loss 0.00023059
Epoch 187|time: 3.25s|train_loss 0.00796631|val_loss 0.00022405
Epoch 188|time: 3.26s|train_loss 0.00913373|val_loss 0.00025218
Epoch 189|time: 3.43s|train_loss 0.00934228|val_loss 0.00024024
Epoch 190|time: 3.28s|train_loss 0.00816900|val_loss 0.00021658
Best validation epoch: 190 Tue May 23 20:13:14 2023
TEST MAE 0.2813 | std 0.0875 | RMSE 0.4293 | RMSEs 0.4112 | PCC 0.9032 | PCCs 0.8737 | R2 0.7929 | R2s 0.6800 | Var 0.7974 | Vars 0.7036 | Peak 0.1639
Epoch 191|time: 3.31s|train_loss 0.00797443|val_loss 0.00026058
Epoch 192|time: 3.18s|train_loss 0.00804831|val_loss 0.00023006
Epoch 193|time: 3.37s|train_loss 0.00859159|val_loss 0.00023167
Epoch 194|time: 3.22s|train_loss 0.00780931|val_loss 0.00022969
Epoch 195|time: 3.28s|train_loss 0.00778093|val_loss 0.00024571
Epoch 196|time: 3.24s|train_loss 0.00782130|val_loss 0.00022442
Epoch 197|time: 3.28s|train_loss 0.00797394|val_loss 0.00022204
Epoch 198|time: 3.35s|train_loss 0.00787373|val_loss 0.00021713
Epoch 199|time: 3.24s|train_loss 0.00797190|val_loss 0.00028462
Epoch 200|time: 3.39s|train_loss 0.00796329|val_loss 0.00023982
Epoch 201|time: 3.32s|train_loss 0.00766070|val_loss 0.00031377
Epoch 202|time: 3.28s|train_loss 0.00766541|val_loss 0.00027116
Epoch 203|time: 3.52s|train_loss 0.00740360|val_loss 0.00022278
Epoch 204|time: 3.23s|train_loss 0.00753848|val_loss 0.00023482
Epoch 205|time: 3.23s|train_loss 0.00758694|val_loss 0.00023050
Epoch 206|time: 3.35s|train_loss 0.00737905|val_loss 0.00027209
Epoch 207|time: 3.33s|train_loss 0.00780540|val_loss 0.00028416
Epoch 208|time: 3.21s|train_loss 0.00768101|val_loss 0.00023790
Epoch 209|time: 3.22s|train_loss 0.00734464|val_loss 0.00021524
Best validation epoch: 209 Tue May 23 20:14:17 2023
TEST MAE 0.3075 | std 0.0864 | RMSE 0.4499 | RMSEs 0.4335 | PCC 0.9041 | PCCs 0.8768 | R2 0.7726 | R2s 0.6310 | Var 0.7985 | Vars 0.7082 | Peak 0.1690
Epoch 210|time: 3.31s|train_loss 0.00752921|val_loss 0.00022706
Epoch 211|time: 3.35s|train_loss 0.00751093|val_loss 0.00022366
Epoch 212|time: 3.27s|train_loss 0.00734816|val_loss 0.00022369
Epoch 213|time: 3.28s|train_loss 0.00806742|val_loss 0.00025009
Epoch 214|time: 3.28s|train_loss 0.00801272|val_loss 0.00021748
Epoch 215|time: 3.30s|train_loss 0.00788437|val_loss 0.00022550
Epoch 216|time: 3.37s|train_loss 0.00779314|val_loss 0.00021590
Epoch 217|time: 3.52s|train_loss 0.00774038|val_loss 0.00023314
Epoch 218|time: 3.32s|train_loss 0.00708326|val_loss 0.00022895
Epoch 219|time: 3.22s|train_loss 0.00707185|val_loss 0.00021475
Best validation epoch: 219 Tue May 23 20:14:51 2023
TEST MAE 0.2955 | std 0.0744 | RMSE 0.4309 | RMSEs 0.4179 | PCC 0.8977 | PCCs 0.8602 | R2 0.7914 | R2s 0.6649 | Var 0.8011 | Vars 0.7071 | Peak 0.1630
Epoch 220|time: 3.34s|train_loss 0.00737188|val_loss 0.00023094
Epoch 221|time: 3.31s|train_loss 0.00729007|val_loss 0.00023201
Epoch 222|time: 3.31s|train_loss 0.00718812|val_loss 0.00024554
Epoch 223|time: 3.36s|train_loss 0.00751140|val_loss 0.00021403
Best validation epoch: 223 Tue May 23 20:15:06 2023
TEST MAE 0.3035 | std 0.0888 | RMSE 0.4527 | RMSEs 0.4355 | PCC 0.8999 | PCCs 0.8711 | R2 0.7698 | R2s 0.6294 | Var 0.7872 | Vars 0.6887 | Peak 0.1690
Epoch 224|time: 3.54s|train_loss 0.00762782|val_loss 0.00025553
Epoch 225|time: 2.00s|train_loss 0.00756548|val_loss 0.00022380
Epoch 226|time: 2.17s|train_loss 0.00893271|val_loss 0.00033968
Epoch 227|time: 3.22s|train_loss 0.00778497|val_loss 0.00023667
Epoch 228|time: 3.51s|train_loss 0.00721737|val_loss 0.00024569
Epoch 229|time: 3.34s|train_loss 0.00722402|val_loss 0.00022283
Epoch 230|time: 3.29s|train_loss 0.00678303|val_loss 0.00021788
Epoch 231|time: 3.45s|train_loss 0.00665754|val_loss 0.00023005
Epoch 232|time: 3.28s|train_loss 0.00654479|val_loss 0.00022002
Epoch 233|time: 3.23s|train_loss 0.00698060|val_loss 0.00022018
Epoch 234|time: 3.53s|train_loss 0.00675512|val_loss 0.00021441
Epoch 235|time: 3.25s|train_loss 0.00743273|val_loss 0.00027323
Epoch 236|time: 3.46s|train_loss 0.00676864|val_loss 0.00027398
Epoch 237|time: 3.44s|train_loss 0.00647067|val_loss 0.00021891
Epoch 238|time: 3.39s|train_loss 0.00658578|val_loss 0.00023043
Epoch 239|time: 3.27s|train_loss 0.00713081|val_loss 0.00022069
Epoch 240|time: 3.24s|train_loss 0.00748788|val_loss 0.00023176
Epoch 241|time: 3.46s|train_loss 0.00829712|val_loss 0.00025247
Epoch 242|time: 3.21s|train_loss 0.00962898|val_loss 0.00022942
Epoch 243|time: 3.36s|train_loss 0.00983899|val_loss 0.00025979
Epoch 244|time: 3.37s|train_loss 0.00833739|val_loss 0.00024534
Epoch 245|time: 3.24s|train_loss 0.00817015|val_loss 0.00022583
Epoch 246|time: 3.40s|train_loss 0.00782785|val_loss 0.00023758
Epoch 247|time: 3.24s|train_loss 0.00761796|val_loss 0.00023559
Epoch 248|time: 3.31s|train_loss 0.00772468|val_loss 0.00023315
Epoch 249|time: 3.47s|train_loss 0.00794959|val_loss 0.00021503
Epoch 250|time: 3.28s|train_loss 0.00762560|val_loss 0.00022773
Epoch 251|time: 3.24s|train_loss 0.00757063|val_loss 0.00024174
Epoch 252|time: 3.43s|train_loss 0.00769971|val_loss 0.00021400
Best validation epoch: 252 Tue May 23 20:16:41 2023
TEST MAE 0.3201 | std 0.1047 | RMSE 0.4887 | RMSEs 0.4675 | PCC 0.8968 | PCCs 0.8661 | R2 0.7317 | R2s 0.5672 | Var 0.7562 | Vars 0.6321 | Peak 0.1832
Epoch 253|time: 3.23s|train_loss 0.00910967|val_loss 0.00022046
Epoch 254|time: 3.31s|train_loss 0.00859825|val_loss 0.00021484
Epoch 255|time: 3.20s|train_loss 0.00762158|val_loss 0.00023013
Epoch 256|time: 3.30s|train_loss 0.00790585|val_loss 0.00023206
Epoch 257|time: 3.47s|train_loss 0.00693558|val_loss 0.00022214
Epoch 258|time: 3.20s|train_loss 0.00667879|val_loss 0.00023869
Epoch 259|time: 3.27s|train_loss 0.00688999|val_loss 0.00024840
Epoch 260|time: 3.20s|train_loss 0.00668194|val_loss 0.00022288
Epoch 261|time: 3.28s|train_loss 0.00673078|val_loss 0.00022763
Epoch 262|time: 3.27s|train_loss 0.00713146|val_loss 0.00022743
Epoch 263|time: 3.26s|train_loss 0.00704920|val_loss 0.00027375
Epoch 264|time: 3.29s|train_loss 0.00680187|val_loss 0.00024384
Epoch 265|time: 3.27s|train_loss 0.00653221|val_loss 0.00023334
Epoch 266|time: 3.40s|train_loss 0.00620490|val_loss 0.00026615
Epoch 267|time: 3.24s|train_loss 0.00609861|val_loss 0.00023830
Epoch 268|time: 3.26s|train_loss 0.00603017|val_loss 0.00024986
Epoch 269|time: 3.23s|train_loss 0.00614621|val_loss 0.00023834
Epoch 270|time: 3.31s|train_loss 0.00598565|val_loss 0.00021897
Epoch 271|time: 3.23s|train_loss 0.00599135|val_loss 0.00022833
Epoch 272|time: 3.32s|train_loss 0.00611546|val_loss 0.00023064
Epoch 273|time: 3.29s|train_loss 0.00588698|val_loss 0.00022010
Epoch 274|time: 3.22s|train_loss 0.00586426|val_loss 0.00025238
Epoch 275|time: 3.25s|train_loss 0.00600888|val_loss 0.00021918
Epoch 276|time: 3.34s|train_loss 0.00606208|val_loss 0.00022711
Epoch 277|time: 3.63s|train_loss 0.00574317|val_loss 0.00022859
Epoch 278|time: 3.29s|train_loss 0.00706165|val_loss 0.00022919
Epoch 279|time: 3.38s|train_loss 0.00664843|val_loss 0.00023547
Epoch 280|time: 3.28s|train_loss 0.00657124|val_loss 0.00023652
Epoch 281|time: 3.32s|train_loss 0.00757766|val_loss 0.00025743
Epoch 282|time: 3.28s|train_loss 0.00828237|val_loss 0.00026595
Epoch 283|time: 3.25s|train_loss 0.00726060|val_loss 0.00036392
Epoch 284|time: 3.26s|train_loss 0.00646911|val_loss 0.00027786
Epoch 285|time: 3.38s|train_loss 0.00612728|val_loss 0.00021696
Epoch 286|time: 3.31s|train_loss 0.00587060|val_loss 0.00023686
Epoch 287|time: 3.29s|train_loss 0.00593388|val_loss 0.00022557
Epoch 288|time: 3.47s|train_loss 0.00585499|val_loss 0.00022921
Epoch 289|time: 3.25s|train_loss 0.00598621|val_loss 0.00021880
Epoch 290|time: 3.26s|train_loss 0.00599930|val_loss 0.00022237
Epoch 291|time: 3.44s|train_loss 0.00639133|val_loss 0.00029357
Epoch 292|time: 3.18s|train_loss 0.00602067|val_loss 0.00029484
Epoch 293|time: 3.13s|train_loss 0.00556611|val_loss 0.00025623
Epoch 294|time: 3.37s|train_loss 0.00567430|val_loss 0.00027039
Epoch 295|time: 3.29s|train_loss 0.00544237|val_loss 0.00022775
Epoch 296|time: 3.17s|train_loss 0.00542867|val_loss 0.00022192
Epoch 297|time: 3.20s|train_loss 0.00531181|val_loss 0.00024656
Epoch 298|time: 3.15s|train_loss 0.00522872|val_loss 0.00022379
Epoch 299|time: 3.34s|train_loss 0.00537953|val_loss 0.00025715
Epoch 300|time: 3.31s|train_loss 0.00540190|val_loss 0.00023426
Epoch 301|time: 3.28s|train_loss 0.00534436|val_loss 0.00026991
Epoch 302|time: 3.28s|train_loss 0.00523732|val_loss 0.00023886
Epoch 303|time: 3.28s|train_loss 0.00524577|val_loss 0.00024443
Epoch 304|time: 3.26s|train_loss 0.00524998|val_loss 0.00023013
Epoch 305|time: 3.33s|train_loss 0.00524137|val_loss 0.00021441
Epoch 306|time: 3.41s|train_loss 0.00541250|val_loss 0.00022112
Epoch 307|time: 3.19s|train_loss 0.00544339|val_loss 0.00023078
Epoch 308|time: 3.24s|train_loss 0.00544750|val_loss 0.00024166
Epoch 309|time: 3.39s|train_loss 0.00598590|val_loss 0.00030701
Epoch 310|time: 3.24s|train_loss 0.00562506|val_loss 0.00024720
Epoch 311|time: 3.24s|train_loss 0.00540374|val_loss 0.00022330
Epoch 312|time: 3.37s|train_loss 0.00527590|val_loss 0.00028338
Epoch 313|time: 3.43s|train_loss 0.00525255|val_loss 0.00023289
Epoch 314|time: 3.30s|train_loss 0.00555551|val_loss 0.00023665
Epoch 315|time: 3.24s|train_loss 0.00541460|val_loss 0.00022757
Epoch 316|time: 3.31s|train_loss 0.00520635|val_loss 0.00025347
Epoch 317|time: 3.24s|train_loss 0.00518122|val_loss 0.00023142
Epoch 318|time: 3.25s|train_loss 0.00539781|val_loss 0.00022415
Epoch 319|time: 3.37s|train_loss 0.00550427|val_loss 0.00021881
Epoch 320|time: 3.24s|train_loss 0.00522593|val_loss 0.00027019
Epoch 321|time: 3.31s|train_loss 0.00528686|val_loss 0.00024636
Epoch 322|time: 3.23s|train_loss 0.00510707|val_loss 0.00023627
Epoch 323|time: 3.40s|train_loss 0.00498881|val_loss 0.00023908
Epoch 324|time: 3.32s|train_loss 0.00499207|val_loss 0.00023517
Epoch 325|time: 3.24s|train_loss 0.00509848|val_loss 0.00024249
Epoch 326|time: 3.23s|train_loss 0.00511921|val_loss 0.00022500
Epoch 327|time: 3.37s|train_loss 0.00510702|val_loss 0.00022990
Epoch 328|time: 3.26s|train_loss 0.00513808|val_loss 0.00024072
Epoch 329|time: 3.29s|train_loss 0.00514173|val_loss 0.00022881
Epoch 330|time: 3.28s|train_loss 0.00515178|val_loss 0.00022263
Epoch 331|time: 3.20s|train_loss 0.00499793|val_loss 0.00024510
Epoch 332|time: 3.38s|train_loss 0.00503092|val_loss 0.00024947
Epoch 333|time: 3.27s|train_loss 0.00496784|val_loss 0.00023601
Epoch 334|time: 3.27s|train_loss 0.00527539|val_loss 0.00022187
Epoch 335|time: 3.18s|train_loss 0.00546280|val_loss 0.00024213
Epoch 336|time: 3.26s|train_loss 0.00630496|val_loss 0.00022867
Epoch 337|time: 3.41s|train_loss 0.00579862|val_loss 0.00023334
Epoch 338|time: 3.27s|train_loss 0.00539965|val_loss 0.00024238
Epoch 339|time: 3.22s|train_loss 0.00562956|val_loss 0.00024338
Epoch 340|time: 3.33s|train_loss 0.00634595|val_loss 0.00026320
Epoch 341|time: 3.36s|train_loss 0.00637425|val_loss 0.00023166
Epoch 342|time: 3.32s|train_loss 0.00774596|val_loss 0.00022227
Epoch 343|time: 3.43s|train_loss 0.00647437|val_loss 0.00023571
Epoch 344|time: 3.24s|train_loss 0.00601877|val_loss 0.00022982
Epoch 345|time: 3.30s|train_loss 0.00554709|val_loss 0.00022521
Epoch 346|time: 3.36s|train_loss 0.00519963|val_loss 0.00022118
Epoch 347|time: 3.24s|train_loss 0.00510264|val_loss 0.00023699
Epoch 348|time: 3.27s|train_loss 0.00505199|val_loss 0.00026817
Epoch 349|time: 3.33s|train_loss 0.00518478|val_loss 0.00023736
Epoch 350|time: 3.33s|train_loss 0.00495919|val_loss 0.00022998
Epoch 351|time: 3.33s|train_loss 0.00495956|val_loss 0.00022357
Epoch 352|time: 3.37s|train_loss 0.00488382|val_loss 0.00021837
Epoch 353|time: 3.21s|train_loss 0.00512113|val_loss 0.00021620
Epoch 354|time: 3.24s|train_loss 0.00504158|val_loss 0.00021929
Epoch 355|time: 3.39s|train_loss 0.00511924|val_loss 0.00022018
Epoch 356|time: 3.28s|train_loss 0.00506325|val_loss 0.00023387
Epoch 357|time: 3.20s|train_loss 0.00526064|val_loss 0.00024277
Epoch 358|time: 3.25s|train_loss 0.00527559|val_loss 0.00022925
Epoch 359|time: 3.32s|train_loss 0.00536318|val_loss 0.00026682
Epoch 360|time: 3.27s|train_loss 0.00563203|val_loss 0.00026799
Epoch 361|time: 3.39s|train_loss 0.00612731|val_loss 0.00025724
Epoch 362|time: 3.21s|train_loss 0.00594947|val_loss 0.00023113
Epoch 363|time: 3.17s|train_loss 0.00561821|val_loss 0.00030561
Epoch 364|time: 3.27s|train_loss 0.00523142|val_loss 0.00023817
Epoch 365|time: 3.45s|train_loss 0.00521494|val_loss 0.00023793
Epoch 366|time: 3.21s|train_loss 0.00497610|val_loss 0.00022693
Epoch 367|time: 3.40s|train_loss 0.00480428|val_loss 0.00022416
Epoch 368|time: 3.20s|train_loss 0.00473476|val_loss 0.00025756
Epoch 369|time: 3.34s|train_loss 0.00473946|val_loss 0.00023608
Epoch 370|time: 3.28s|train_loss 0.00502835|val_loss 0.00030653
Epoch 371|time: 3.25s|train_loss 0.00498383|val_loss 0.00022641
Epoch 372|time: 3.28s|train_loss 0.00483349|val_loss 0.00023742
Epoch 373|time: 3.42s|train_loss 0.00619278|val_loss 0.00027066
Epoch 374|time: 3.22s|train_loss 0.00631687|val_loss 0.00027107
Epoch 375|time: 3.29s|train_loss 0.00573446|val_loss 0.00024731
Epoch 376|time: 3.68s|train_loss 0.00570496|val_loss 0.00023991
Epoch 377|time: 3.92s|train_loss 0.00494785|val_loss 0.00023876
Epoch 378|time: 3.69s|train_loss 0.00484845|val_loss 0.00026935
Epoch 379|time: 3.39s|train_loss 0.00482231|val_loss 0.00022871
Epoch 380|time: 3.74s|train_loss 0.00480172|val_loss 0.00021759
Epoch 381|time: 3.35s|train_loss 0.00488262|val_loss 0.00023591
Epoch 382|time: 3.31s|train_loss 0.00490553|val_loss 0.00023117
Epoch 383|time: 3.35s|train_loss 0.00492813|val_loss 0.00022401
Epoch 384|time: 3.28s|train_loss 0.00511218|val_loss 0.00022276
Epoch 385|time: 3.21s|train_loss 0.00487297|val_loss 0.00024363
Epoch 386|time: 3.33s|train_loss 0.00481997|val_loss 0.00024284
Epoch 387|time: 3.31s|train_loss 0.00490629|val_loss 0.00025560
Epoch 388|time: 3.27s|train_loss 0.00486047|val_loss 0.00025759
Epoch 389|time: 3.23s|train_loss 0.00476139|val_loss 0.00022798
Epoch 390|time: 3.30s|train_loss 0.00465341|val_loss 0.00021643
Epoch 391|time: 3.32s|train_loss 0.00470606|val_loss 0.00021769
Epoch 392|time: 3.31s|train_loss 0.00496991|val_loss 0.00022744
Epoch 393|time: 3.28s|train_loss 0.00479984|val_loss 0.00022990
Epoch 394|time: 3.31s|train_loss 0.00505194|val_loss 0.00022005
Epoch 395|time: 3.23s|train_loss 0.00517606|val_loss 0.00023104
Epoch 396|time: 3.26s|train_loss 0.00489337|val_loss 0.00022464
Epoch 397|time: 3.28s|train_loss 0.00471279|val_loss 0.00022703
Epoch 398|time: 3.28s|train_loss 0.00479280|val_loss 0.00023131
Epoch 399|time: 3.20s|train_loss 0.00481561|val_loss 0.00022621
Epoch 400|time: 3.34s|train_loss 0.00527991|val_loss 0.00023489
Epoch 401|time: 3.26s|train_loss 0.00564191|val_loss 0.00021957
Epoch 402|time: 3.28s|train_loss 0.00487968|val_loss 0.00023491
Epoch 403|time: 3.42s|train_loss 0.00475895|val_loss 0.00022665
Epoch 404|time: 3.17s|train_loss 0.00492121|val_loss 0.00022608
Epoch 405|time: 3.21s|train_loss 0.00506153|val_loss 0.00022487
Epoch 406|time: 3.37s|train_loss 0.00539256|val_loss 0.00022316
Epoch 407|time: 3.27s|train_loss 0.00626281|val_loss 0.00022678
Epoch 408|time: 3.23s|train_loss 0.00554213|val_loss 0.00022216
Epoch 409|time: 3.34s|train_loss 0.00535450|val_loss 0.00026914
Epoch 410|time: 3.26s|train_loss 0.00530640|val_loss 0.00030729
Epoch 411|time: 3.34s|train_loss 0.00505434|val_loss 0.00025872
Epoch 412|time: 3.35s|train_loss 0.00496088|val_loss 0.00021646
Epoch 413|time: 3.37s|train_loss 0.00492843|val_loss 0.00023638
Epoch 414|time: 3.34s|train_loss 0.00469505|val_loss 0.00021925
Epoch 415|time: 3.39s|train_loss 0.00475419|val_loss 0.00022777
Epoch 416|time: 3.21s|train_loss 0.00455817|val_loss 0.00025062
Epoch 417|time: 3.26s|train_loss 0.00453339|val_loss 0.00023937
Epoch 418|time: 3.26s|train_loss 0.00444573|val_loss 0.00027565
Epoch 419|time: 3.32s|train_loss 0.00440261|val_loss 0.00024521
Epoch 420|time: 3.26s|train_loss 0.00441027|val_loss 0.00026098
Epoch 421|time: 3.29s|train_loss 0.00428360|val_loss 0.00023616
Epoch 422|time: 3.22s|train_loss 0.00425941|val_loss 0.00022418
Epoch 423|time: 3.29s|train_loss 0.00424643|val_loss 0.00021502
Epoch 424|time: 3.31s|train_loss 0.00432681|val_loss 0.00022586
Epoch 425|time: 3.35s|train_loss 0.00436742|val_loss 0.00023560
Epoch 426|time: 3.24s|train_loss 0.00441455|val_loss 0.00023138
Epoch 427|time: 3.30s|train_loss 0.00450954|val_loss 0.00022716
Epoch 428|time: 3.24s|train_loss 0.00463711|val_loss 0.00026113
Epoch 429|time: 3.40s|train_loss 0.00462616|val_loss 0.00029238
Epoch 430|time: 3.24s|train_loss 0.00480864|val_loss 0.00021512
Epoch 431|time: 3.26s|train_loss 0.00472671|val_loss 0.00023531
Epoch 432|time: 3.36s|train_loss 0.00478760|val_loss 0.00022436
Epoch 433|time: 3.33s|train_loss 0.00438863|val_loss 0.00022559
Epoch 434|time: 3.22s|train_loss 0.00447368|val_loss 0.00022345
Epoch 435|time: 3.20s|train_loss 0.00430929|val_loss 0.00022559
Epoch 436|time: 3.42s|train_loss 0.00430446|val_loss 0.00022158
Epoch 437|time: 3.32s|train_loss 0.00437784|val_loss 0.00021279
Best validation epoch: 437 Tue May 23 20:26:53 2023
TEST MAE 0.3241 | std 0.1080 | RMSE 0.5147 | RMSEs 0.4886 | PCC 0.8893 | PCCs 0.8623 | R2 0.7024 | R2s 0.5184 | Var 0.7301 | Vars 0.5934 | Peak 0.1954
Epoch 438|time: 3.22s|train_loss 0.00446180|val_loss 0.00023635
Epoch 439|time: 3.35s|train_loss 0.00433832|val_loss 0.00021905
Epoch 440|time: 3.97s|train_loss 0.00426523|val_loss 0.00024087
Epoch 441|time: 3.27s|train_loss 0.00423499|val_loss 0.00022743
Epoch 442|time: 3.36s|train_loss 0.00436450|val_loss 0.00022569
Epoch 443|time: 3.26s|train_loss 0.00422459|val_loss 0.00021895
Epoch 444|time: 3.33s|train_loss 0.00420591|val_loss 0.00025103
Epoch 445|time: 3.44s|train_loss 0.00422733|val_loss 0.00023145
Epoch 446|time: 3.31s|train_loss 0.00435335|val_loss 0.00023999
Epoch 447|time: 3.27s|train_loss 0.00446790|val_loss 0.00024786
Epoch 448|time: 3.50s|train_loss 0.00428615|val_loss 0.00024926
Epoch 449|time: 3.17s|train_loss 0.00423494|val_loss 0.00025620
Epoch 450|time: 3.24s|train_loss 0.00435511|val_loss 0.00025144
Epoch 451|time: 3.50s|train_loss 0.00426302|val_loss 0.00022042
Epoch 452|time: 3.28s|train_loss 0.00426363|val_loss 0.00022499
Epoch 453|time: 4.00s|train_loss 0.00437728|val_loss 0.00023270
Epoch 454|time: 3.44s|train_loss 0.00435207|val_loss 0.00026097
Epoch 455|time: 3.33s|train_loss 0.00443244|val_loss 0.00025090
Epoch 456|time: 3.36s|train_loss 0.00432258|val_loss 0.00024155
Epoch 457|time: 3.27s|train_loss 0.00475534|val_loss 0.00023465
Epoch 458|time: 3.37s|train_loss 0.00486270|val_loss 0.00021780
Epoch 459|time: 3.23s|train_loss 0.00538785|val_loss 0.00022520
Epoch 460|time: 3.34s|train_loss 0.00515820|val_loss 0.00024041
Epoch 461|time: 3.20s|train_loss 0.00450291|val_loss 0.00023081
Epoch 462|time: 3.33s|train_loss 0.00461588|val_loss 0.00023988
Epoch 463|time: 3.34s|train_loss 0.00448718|val_loss 0.00021648
Epoch 464|time: 3.23s|train_loss 0.00440359|val_loss 0.00022631
Epoch 465|time: 3.28s|train_loss 0.00449048|val_loss 0.00021494
Epoch 466|time: 3.40s|train_loss 0.00475362|val_loss 0.00021079
Best validation epoch: 466 Tue May 23 20:28:31 2023
TEST MAE 0.2967 | std 0.0899 | RMSE 0.4615 | RMSEs 0.4413 | PCC 0.8918 | PCCs 0.8575 | R2 0.7608 | R2s 0.6144 | Var 0.7739 | Vars 0.6595 | Peak 0.1711
Epoch 467|time: 3.18s|train_loss 0.00497304|val_loss 0.00021026
Best validation epoch: 467 Tue May 23 20:28:35 2023
TEST MAE 0.3234 | std 0.0981 | RMSE 0.5038 | RMSEs 0.4825 | PCC 0.8874 | PCCs 0.8590 | R2 0.7148 | R2s 0.5250 | Var 0.7358 | Vars 0.5925 | Peak 0.1906
Epoch 468|time: 3.26s|train_loss 0.00482705|val_loss 0.00021254
Epoch 469|time: 3.65s|train_loss 0.00481921|val_loss 0.00026183
Epoch 470|time: 3.28s|train_loss 0.00496286|val_loss 0.00022384
Epoch 471|time: 3.48s|train_loss 0.00473865|val_loss 0.00022475
Epoch 472|time: 3.21s|train_loss 0.00451399|val_loss 0.00023790
Epoch 473|time: 3.29s|train_loss 0.00448792|val_loss 0.00023052
Epoch 474|time: 3.31s|train_loss 0.00439495|val_loss 0.00021190
Epoch 475|time: 3.25s|train_loss 0.00472560|val_loss 0.00023634
Epoch 476|time: 3.51s|train_loss 0.00455724|val_loss 0.00023634
Epoch 477|time: 3.33s|train_loss 0.00440605|val_loss 0.00024467
Epoch 478|time: 3.33s|train_loss 0.00428638|val_loss 0.00023791
Epoch 479|time: 3.29s|train_loss 0.00431270|val_loss 0.00022718
Epoch 480|time: 3.42s|train_loss 0.00419575|val_loss 0.00022481
Epoch 481|time: 3.29s|train_loss 0.00430559|val_loss 0.00022489
Epoch 482|time: 3.24s|train_loss 0.00424656|val_loss 0.00021682
Epoch 483|time: 3.27s|train_loss 0.00439314|val_loss 0.00021814
Epoch 484|time: 3.23s|train_loss 0.00428467|val_loss 0.00024003
Epoch 485|time: 3.38s|train_loss 0.00405280|val_loss 0.00025452
Epoch 486|time: 3.38s|train_loss 0.00399497|val_loss 0.00022663
Epoch 487|time: 3.22s|train_loss 0.00393872|val_loss 0.00022530
Epoch 488|time: 3.33s|train_loss 0.00393226|val_loss 0.00021974
Epoch 489|time: 3.34s|train_loss 0.00394278|val_loss 0.00021477
Epoch 490|time: 4.52s|train_loss 0.00395012|val_loss 0.00022952
Epoch 491|time: 4.32s|train_loss 0.00411730|val_loss 0.00022426
Epoch 492|time: 3.22s|train_loss 0.00441264|val_loss 0.00022024
Epoch 493|time: 3.28s|train_loss 0.00446555|val_loss 0.00023292
Epoch 494|time: 3.50s|train_loss 0.00439031|val_loss 0.00021392
Epoch 495|time: 3.42s|train_loss 0.00427899|val_loss 0.00022880
Epoch 496|time: 3.24s|train_loss 0.00466090|val_loss 0.00023167
Epoch 497|time: 3.26s|train_loss 0.00439383|val_loss 0.00021504
Epoch 498|time: 3.50s|train_loss 0.00470908|val_loss 0.00022053
Epoch 499|time: 3.25s|train_loss 0.00449188|val_loss 0.00024426
Epoch 500|time: 3.26s|train_loss 0.00434963|val_loss 0.00029582
Final evaluation
TEST MAE 0.3234 | std 0.0981 | RMSE 0.5038 | RMSEs 0.4825 | PCC 0.8874 | PCCs 0.8590 | R2 0.7148 | R2s 0.5250 | Var 0.7358 | Vars 0.5925 | Peak 0.1906
