--------Parameters--------
Namespace(batch=32, bi=False, check_point=1, cuda=False, dataset='us_hhs', dropout=0.2, epilambda=0.5, epochs=500, gpu=3, hidsp=15, horizon=1, k=10, lamda=0.01, lr=0.1, model='cola_gnn_epi', mylog=False, n_hidden=20, n_layer=1, patience=200, rnn_model='RNN', save_dir='save', seed=42, shuffle=False, sim_mat='us_hhs-adj', test=0.2, train=0.6, val=0.2, weight_decay=0.0005, window=20)
--------------------------
data shape (364, 10)
size of train/val/test sets 198 73 73
#params: 5145
begin training
Epoch   1|time: 3.55s|train_loss 0.01079036|val_loss 0.00106413
Best validation epoch: 1 Tue May 23 00:01:25 2023
TEST MAE 1.6839 | std 0.5637 | RMSE 1.9411 | RMSEs 1.8473 | PCC 0.0913 | PCCs 0.1668 | R2 -3.2325 | R2s -5.1266 | Var -0.0472 | Vars -0.0003 | Peak 0.9001
Epoch   2|time: 3.29s|train_loss 0.00544167|val_loss 0.00133957
Epoch   3|time: 3.50s|train_loss 0.00445750|val_loss 0.00055356
Best validation epoch: 3 Tue May 23 00:01:33 2023
TEST MAE 0.5987 | std 0.1791 | RMSE 0.8389 | RMSEs 0.7994 | PCC 0.5076 | PCCs -0.9038 | R2 0.2095 | R2s -0.1193 | Var 0.2474 | Vars -0.0027 | Peak 0.3645
Epoch   4|time: 3.29s|train_loss 0.00411510|val_loss 0.00095189
Epoch   5|time: 3.29s|train_loss 0.00348915|val_loss 0.00056084
Epoch   6|time: 3.41s|train_loss 0.00400841|val_loss 0.00053694
Best validation epoch: 6 Tue May 23 00:01:44 2023
TEST MAE 0.6236 | std 0.2265 | RMSE 0.9157 | RMSEs 0.8633 | PCC 0.5120 | PCCs -0.9062 | R2 0.0580 | R2s -0.2920 | Var 0.2351 | Vars -0.0024 | Peak 0.4433
Epoch   7|time: 3.30s|train_loss 0.00308251|val_loss 0.00056044
Epoch   8|time: 3.35s|train_loss 0.00302884|val_loss 0.00075657
Epoch   9|time: 3.32s|train_loss 0.00304545|val_loss 0.00060097
Epoch  10|time: 3.26s|train_loss 0.00405674|val_loss 0.00053776
Epoch  11|time: 3.41s|train_loss 0.00372700|val_loss 0.00094676
Epoch  12|time: 3.49s|train_loss 0.00362462|val_loss 0.00123400
Epoch  13|time: 3.32s|train_loss 0.00328459|val_loss 0.00054328
Epoch  14|time: 3.34s|train_loss 0.00310228|val_loss 0.00053762
Epoch  15|time: 3.33s|train_loss 0.00295468|val_loss 0.00054494
Epoch  16|time: 3.43s|train_loss 0.00295176|val_loss 0.00102101
Epoch  17|time: 3.32s|train_loss 0.00303810|val_loss 0.00055061
Epoch  18|time: 3.32s|train_loss 0.00302889|val_loss 0.00148244
Epoch  19|time: 3.29s|train_loss 0.00345426|val_loss 0.00061568
Epoch  20|time: 3.28s|train_loss 0.00322027|val_loss 0.00125567
Epoch  21|time: 3.46s|train_loss 0.00325125|val_loss 0.00057507
Epoch  22|time: 3.34s|train_loss 0.00311064|val_loss 0.00085572
Epoch  23|time: 3.25s|train_loss 0.00300415|val_loss 0.00080761
Epoch  24|time: 3.45s|train_loss 0.00303029|val_loss 0.00087837
Epoch  25|time: 3.40s|train_loss 0.00299767|val_loss 0.00056826
Epoch  26|time: 3.32s|train_loss 0.00308955|val_loss 0.00087149
Epoch  27|time: 3.45s|train_loss 0.00327237|val_loss 0.00092168
Epoch  28|time: 3.27s|train_loss 0.00324187|val_loss 0.00052929
Best validation epoch: 28 Tue May 23 00:02:59 2023
TEST MAE 0.6458 | std 0.2467 | RMSE 0.9530 | RMSEs 0.8968 | PCC 0.5454 | PCCs 0.9317 | R2 -0.0203 | R2s -0.3924 | Var 0.2486 | Vars 0.0267 | Peak 0.4730
Epoch  29|time: 3.46s|train_loss 0.00320465|val_loss 0.00069404
Epoch  30|time: 3.51s|train_loss 0.00311756|val_loss 0.00064219
Epoch  31|time: 3.32s|train_loss 0.00318308|val_loss 0.00067762
Epoch  32|time: 3.36s|train_loss 0.00309944|val_loss 0.00061265
Epoch  33|time: 3.35s|train_loss 0.00292848|val_loss 0.00071455
Epoch  34|time: 3.33s|train_loss 0.00302573|val_loss 0.00071817
Epoch  35|time: 3.38s|train_loss 0.00330982|val_loss 0.00109697
Epoch  36|time: 3.51s|train_loss 0.00317425|val_loss 0.00073878
Epoch  37|time: 3.30s|train_loss 0.00296738|val_loss 0.00060323
Epoch  38|time: 3.28s|train_loss 0.00392114|val_loss 0.00087048
Epoch  39|time: 3.53s|train_loss 0.00323753|val_loss 0.00103269
Epoch  40|time: 3.29s|train_loss 0.00332379|val_loss 0.00053631
Epoch  41|time: 3.27s|train_loss 0.00306149|val_loss 0.00067316
Epoch  42|time: 3.30s|train_loss 0.00315273|val_loss 0.00188744
Epoch  43|time: 3.38s|train_loss 0.00355219|val_loss 0.00194372
Epoch  44|time: 3.27s|train_loss 0.00350186|val_loss 0.00136771
Epoch  45|time: 3.30s|train_loss 0.00324822|val_loss 0.00099937
Epoch  46|time: 3.29s|train_loss 0.00324461|val_loss 0.00055078
Epoch  47|time: 3.27s|train_loss 0.00313299|val_loss 0.00097206
Epoch  48|time: 3.33s|train_loss 0.00307214|val_loss 0.00054437
Epoch  49|time: 3.38s|train_loss 0.00308513|val_loss 0.00054487
Epoch  50|time: 3.39s|train_loss 0.00305624|val_loss 0.00112680
Epoch  51|time: 3.48s|train_loss 0.00321200|val_loss 0.00095996
Epoch  52|time: 3.33s|train_loss 0.00323411|val_loss 0.00068121
Epoch  53|time: 3.36s|train_loss 0.00304765|val_loss 0.00051932
Best validation epoch: 53 Tue May 23 00:04:23 2023
TEST MAE 0.6541 | std 0.2552 | RMSE 0.9645 | RMSEs 0.9074 | PCC 0.6031 | PCCs 0.9254 | R2 -0.0450 | R2s -0.4257 | Var 0.2810 | Vars 0.0761 | Peak 0.4835
Epoch  54|time: 3.27s|train_loss 0.00287612|val_loss 0.00044268
Best validation epoch: 54 Tue May 23 00:04:27 2023
TEST MAE 0.4965 | std 0.1659 | RMSE 0.7245 | RMSEs 0.6859 | PCC 0.7668 | PCCs 0.9252 | R2 0.4103 | R2s 0.1821 | Var 0.4759 | Vars 0.3050 | Peak 0.3330
Epoch  55|time: 3.29s|train_loss 0.00303026|val_loss 0.00174630
Epoch  56|time: 3.54s|train_loss 0.00325607|val_loss 0.00066979
Epoch  57|time: 3.32s|train_loss 0.00300076|val_loss 0.00088956
Epoch  58|time: 3.32s|train_loss 0.00291978|val_loss 0.00098060
Epoch  59|time: 3.43s|train_loss 0.00292055|val_loss 0.00078496
Epoch  60|time: 3.23s|train_loss 0.00323789|val_loss 0.00089387
Epoch  61|time: 3.35s|train_loss 0.00297036|val_loss 0.00053974
Epoch  62|time: 3.49s|train_loss 0.00290757|val_loss 0.00084588
Epoch  63|time: 3.25s|train_loss 0.00296122|val_loss 0.00053466
Epoch  64|time: 3.29s|train_loss 0.00295196|val_loss 0.00053810
Epoch  65|time: 3.36s|train_loss 0.00287239|val_loss 0.00064878
Epoch  66|time: 3.26s|train_loss 0.00289467|val_loss 0.00057046
Epoch  67|time: 3.41s|train_loss 0.00285727|val_loss 0.00073023
Epoch  68|time: 3.30s|train_loss 0.00289456|val_loss 0.00065756
Epoch  69|time: 3.40s|train_loss 0.00300853|val_loss 0.00038809
Best validation epoch: 69 Tue May 23 00:05:18 2023
TEST MAE 0.4411 | std 0.1249 | RMSE 0.6048 | RMSEs 0.5806 | PCC 0.8516 | PCCs 0.9191 | R2 0.5892 | R2s 0.4033 | Var 0.6064 | Vars 0.4586 | Peak 0.2592
Epoch  70|time: 3.40s|train_loss 0.00281353|val_loss 0.00029151
Best validation epoch: 70 Tue May 23 00:05:23 2023
TEST MAE 0.3051 | std 0.0673 | RMSE 0.3710 | RMSEs 0.3626 | PCC 0.9466 | PCCs 0.9317 | R2 0.8454 | R2s 0.7413 | Var 0.8879 | Vars 0.8384 | Peak 0.0996
Epoch  71|time: 3.43s|train_loss 0.00327009|val_loss 0.00197672
Epoch  72|time: 3.30s|train_loss 0.00407125|val_loss 0.00061547
Epoch  73|time: 3.29s|train_loss 0.00325960|val_loss 0.00081666
Epoch  74|time: 3.50s|train_loss 0.00290510|val_loss 0.00083857
Epoch  75|time: 3.29s|train_loss 0.00298267|val_loss 0.00158766
Epoch  76|time: 3.26s|train_loss 0.00325166|val_loss 0.00052999
Epoch  77|time: 3.37s|train_loss 0.00335074|val_loss 0.00087958
Epoch  78|time: 3.28s|train_loss 0.00305858|val_loss 0.00066556
Epoch  79|time: 3.39s|train_loss 0.00303447|val_loss 0.00064243
Epoch  80|time: 3.36s|train_loss 0.00291665|val_loss 0.00050718
Epoch  81|time: 3.31s|train_loss 0.00313336|val_loss 0.00095717
Epoch  82|time: 3.32s|train_loss 0.00334611|val_loss 0.00146761
Epoch  83|time: 3.35s|train_loss 0.00333167|val_loss 0.00073917
Epoch  84|time: 3.47s|train_loss 0.00322400|val_loss 0.00581364
Epoch  85|time: 3.30s|train_loss 0.00576109|val_loss 0.00337115
Epoch  86|time: 3.33s|train_loss 0.00513788|val_loss 0.00214473
Epoch  87|time: 3.29s|train_loss 0.00405389|val_loss 0.00074502
Epoch  88|time: 3.37s|train_loss 0.00361691|val_loss 0.00121055
Epoch  89|time: 3.33s|train_loss 0.00352888|val_loss 0.00158516
Epoch  90|time: 3.27s|train_loss 0.00372851|val_loss 0.00132295
Epoch  91|time: 3.26s|train_loss 0.00355891|val_loss 0.00133372
Epoch  92|time: 3.53s|train_loss 0.00359376|val_loss 0.00121718
Epoch  93|time: 3.29s|train_loss 0.00373435|val_loss 0.00075248
Epoch  94|time: 3.24s|train_loss 0.00322386|val_loss 0.00104119
Epoch  95|time: 3.36s|train_loss 0.00306374|val_loss 0.00097836
Epoch  96|time: 3.25s|train_loss 0.00308417|val_loss 0.00065184
Epoch  97|time: 3.34s|train_loss 0.00297285|val_loss 0.00050210
Epoch  98|time: 3.51s|train_loss 0.00285161|val_loss 0.00088462
Epoch  99|time: 3.28s|train_loss 0.00301077|val_loss 0.00062148
Epoch 100|time: 3.33s|train_loss 0.00309727|val_loss 0.00136431
Epoch 101|time: 3.31s|train_loss 0.00328812|val_loss 0.00092668
Epoch 102|time: 3.35s|train_loss 0.00306057|val_loss 0.00042605
Epoch 103|time: 3.42s|train_loss 0.00285264|val_loss 0.00072525
Epoch 104|time: 3.40s|train_loss 0.00309129|val_loss 0.00076988
Epoch 105|time: 3.33s|train_loss 0.00282945|val_loss 0.00054805
Epoch 106|time: 3.30s|train_loss 0.00300107|val_loss 0.00057515
Epoch 107|time: 3.34s|train_loss 0.00288414|val_loss 0.00036504
Epoch 108|time: 3.28s|train_loss 0.00301165|val_loss 0.00204204
Epoch 109|time: 3.32s|train_loss 0.00369200|val_loss 0.00165388
Epoch 110|time: 3.36s|train_loss 0.00344440|val_loss 0.00101715
Epoch 111|time: 3.26s|train_loss 0.00301577|val_loss 0.00082342
Epoch 112|time: 3.37s|train_loss 0.00308232|val_loss 0.00141440
Epoch 113|time: 3.40s|train_loss 0.00303715|val_loss 0.00054359
Epoch 114|time: 3.28s|train_loss 0.00297633|val_loss 0.00066168
Epoch 115|time: 3.32s|train_loss 0.00310892|val_loss 0.00123982
Epoch 116|time: 3.44s|train_loss 0.00316377|val_loss 0.00058914
Epoch 117|time: 3.31s|train_loss 0.00306512|val_loss 0.00055957
Epoch 118|time: 3.32s|train_loss 0.00311931|val_loss 0.00087702
Epoch 119|time: 3.29s|train_loss 0.00282872|val_loss 0.00099714
Epoch 120|time: 3.35s|train_loss 0.00291828|val_loss 0.00101084
Epoch 121|time: 3.46s|train_loss 0.00332205|val_loss 0.00107663
Epoch 122|time: 3.34s|train_loss 0.00321386|val_loss 0.00152274
Epoch 123|time: 3.27s|train_loss 0.00339042|val_loss 0.00137371
Epoch 124|time: 3.25s|train_loss 0.00326811|val_loss 0.00066813
Epoch 125|time: 3.52s|train_loss 0.00311292|val_loss 0.00084016
Epoch 126|time: 3.33s|train_loss 0.00316120|val_loss 0.00165030
Epoch 127|time: 3.25s|train_loss 0.00333388|val_loss 0.00078526
Epoch 128|time: 3.31s|train_loss 0.00295705|val_loss 0.00059116
Epoch 129|time: 3.21s|train_loss 0.00293391|val_loss 0.00052367
Epoch 130|time: 3.39s|train_loss 0.00292147|val_loss 0.00068032
Epoch 131|time: 3.39s|train_loss 0.00298004|val_loss 0.00052378
Epoch 132|time: 3.32s|train_loss 0.00292856|val_loss 0.00107243
Epoch 133|time: 3.29s|train_loss 0.00316371|val_loss 0.00083403
Epoch 134|time: 3.43s|train_loss 0.00311020|val_loss 0.00060508
Epoch 135|time: 3.29s|train_loss 0.00284076|val_loss 0.00078046
Epoch 136|time: 3.29s|train_loss 0.00294540|val_loss 0.00054365
Epoch 137|time: 3.28s|train_loss 0.00282698|val_loss 0.00054082
Epoch 138|time: 3.32s|train_loss 0.00290544|val_loss 0.00110678
Epoch 139|time: 3.50s|train_loss 0.00306351|val_loss 0.00060873
Epoch 140|time: 3.35s|train_loss 0.00316643|val_loss 0.00105176
Epoch 141|time: 3.31s|train_loss 0.00307014|val_loss 0.00062581
Epoch 142|time: 3.25s|train_loss 0.00306765|val_loss 0.00063324
Epoch 143|time: 3.38s|train_loss 0.00289206|val_loss 0.00053659
Epoch 144|time: 3.38s|train_loss 0.00294906|val_loss 0.00070723
Epoch 145|time: 3.29s|train_loss 0.00298477|val_loss 0.00073500
Epoch 146|time: 3.40s|train_loss 0.00302729|val_loss 0.00113224
Epoch 147|time: 3.26s|train_loss 0.00324970|val_loss 0.00058161
Epoch 148|time: 3.34s|train_loss 0.00317324|val_loss 0.00054015
Epoch 149|time: 3.38s|train_loss 0.00306341|val_loss 0.00043794
Epoch 150|time: 3.31s|train_loss 0.00312191|val_loss 0.00051301
Epoch 151|time: 3.27s|train_loss 0.00301668|val_loss 0.00093647
Epoch 152|time: 3.51s|train_loss 0.00360432|val_loss 0.00074838
Epoch 153|time: 3.27s|train_loss 0.00388278|val_loss 0.00444241
Epoch 154|time: 3.34s|train_loss 0.00382603|val_loss 0.00063169
Epoch 155|time: 3.26s|train_loss 0.00308756|val_loss 0.00062444
Epoch 156|time: 3.36s|train_loss 0.00310472|val_loss 0.00118328
Epoch 157|time: 3.47s|train_loss 0.00320962|val_loss 0.00089120
Epoch 158|time: 3.51s|train_loss 0.00312529|val_loss 0.00063033
Epoch 159|time: 3.33s|train_loss 0.00302198|val_loss 0.00082252
Epoch 160|time: 3.32s|train_loss 0.00300528|val_loss 0.00060705
Epoch 161|time: 3.31s|train_loss 0.00293816|val_loss 0.00053737
Epoch 162|time: 3.41s|train_loss 0.00293532|val_loss 0.00053596
Epoch 163|time: 3.31s|train_loss 0.00289155|val_loss 0.00054841
Epoch 164|time: 3.33s|train_loss 0.00296259|val_loss 0.00065169
Epoch 165|time: 3.28s|train_loss 0.00294389|val_loss 0.00054156
Epoch 166|time: 3.37s|train_loss 0.00304243|val_loss 0.00073278
Epoch 167|time: 3.39s|train_loss 0.00300293|val_loss 0.00054269
Epoch 168|time: 3.29s|train_loss 0.00290742|val_loss 0.00081251
Epoch 169|time: 3.35s|train_loss 0.00297269|val_loss 0.00056884
Epoch 170|time: 3.34s|train_loss 0.00289368|val_loss 0.00112454
Epoch 171|time: 3.33s|train_loss 0.00321740|val_loss 0.00073802
Epoch 172|time: 3.46s|train_loss 0.00305170|val_loss 0.00086877
Epoch 173|time: 3.30s|train_loss 0.00318592|val_loss 0.00100976
Epoch 174|time: 3.30s|train_loss 0.00308548|val_loss 0.00053646
Epoch 175|time: 3.67s|train_loss 0.00292461|val_loss 0.00057667
Epoch 176|time: 3.40s|train_loss 0.00301438|val_loss 0.00083954
Epoch 177|time: 3.33s|train_loss 0.00304949|val_loss 0.00054363
Epoch 178|time: 3.41s|train_loss 0.00296777|val_loss 0.00066821
Epoch 179|time: 3.32s|train_loss 0.00305417|val_loss 0.00064576
Epoch 180|time: 3.42s|train_loss 0.00305442|val_loss 0.00109851
Epoch 181|time: 3.37s|train_loss 0.00329864|val_loss 0.00095902
Epoch 182|time: 3.37s|train_loss 0.00322200|val_loss 0.00172027
Epoch 183|time: 3.33s|train_loss 0.00342674|val_loss 0.00141129
Epoch 184|time: 3.46s|train_loss 0.00344297|val_loss 0.00122779
Epoch 185|time: 3.39s|train_loss 0.00351725|val_loss 0.00082146
Epoch 186|time: 3.33s|train_loss 0.00314015|val_loss 0.00121379
Epoch 187|time: 3.48s|train_loss 0.00326975|val_loss 0.00054310
Epoch 188|time: 3.27s|train_loss 0.00313449|val_loss 0.00059262
Epoch 189|time: 3.27s|train_loss 0.00297178|val_loss 0.00061335
Epoch 190|time: 3.44s|train_loss 0.00299521|val_loss 0.00054491
Epoch 191|time: 3.32s|train_loss 0.00298370|val_loss 0.00052934
Epoch 192|time: 3.26s|train_loss 0.00291120|val_loss 0.00051602
Epoch 193|time: 3.63s|train_loss 0.00305082|val_loss 0.00070317
Epoch 194|time: 3.42s|train_loss 0.00301131|val_loss 0.00037160
Epoch 195|time: 3.31s|train_loss 0.00318197|val_loss 0.00094378
Epoch 196|time: 3.30s|train_loss 0.00308957|val_loss 0.00061729
Epoch 197|time: 3.25s|train_loss 0.00296241|val_loss 0.00053600
Epoch 198|time: 3.27s|train_loss 0.00303735|val_loss 0.00050752
Epoch 199|time: 3.47s|train_loss 0.00298086|val_loss 0.00120127
Epoch 200|time: 3.28s|train_loss 0.00335750|val_loss 0.00125462
Epoch 201|time: 3.26s|train_loss 0.00369159|val_loss 0.00152986
Epoch 202|time: 3.45s|train_loss 0.00359794|val_loss 0.00129711
Epoch 203|time: 3.31s|train_loss 0.00347264|val_loss 0.00201748
Epoch 204|time: 3.39s|train_loss 0.00372369|val_loss 0.00084406
Epoch 205|time: 3.41s|train_loss 0.00320361|val_loss 0.00068384
Epoch 206|time: 3.32s|train_loss 0.00316930|val_loss 0.00055484
Epoch 207|time: 3.36s|train_loss 0.00298752|val_loss 0.00056279
Epoch 208|time: 3.55s|train_loss 0.00320219|val_loss 0.00078806
Epoch 209|time: 3.33s|train_loss 0.00307584|val_loss 0.00121278
Epoch 210|time: 3.38s|train_loss 0.00340675|val_loss 0.00096707
Epoch 211|time: 3.76s|train_loss 0.00315939|val_loss 0.00070846
Epoch 212|time: 3.48s|train_loss 0.00302830|val_loss 0.00061147
Epoch 213|time: 3.36s|train_loss 0.00298116|val_loss 0.00053530
Epoch 214|time: 3.56s|train_loss 0.00291240|val_loss 0.00054133
Epoch 215|time: 3.33s|train_loss 0.00291704|val_loss 0.00111337
Epoch 216|time: 3.38s|train_loss 0.00325667|val_loss 0.00139970
Epoch 217|time: 3.53s|train_loss 0.00332676|val_loss 0.00092791
Epoch 218|time: 3.38s|train_loss 0.00308158|val_loss 0.00080000
Epoch 219|time: 3.35s|train_loss 0.00294139|val_loss 0.00056917
Epoch 220|time: 3.51s|train_loss 0.00290547|val_loss 0.00101688
Epoch 221|time: 3.31s|train_loss 0.00306233|val_loss 0.00095743
Epoch 222|time: 3.55s|train_loss 0.00329377|val_loss 0.00047147
Epoch 223|time: 3.48s|train_loss 0.00357085|val_loss 0.00053568
Epoch 224|time: 3.31s|train_loss 0.00326921|val_loss 0.00152281
Epoch 225|time: 3.34s|train_loss 0.00330564|val_loss 0.00052324
Epoch 226|time: 3.51s|train_loss 0.00293167|val_loss 0.00075420
Epoch 227|time: 3.29s|train_loss 0.00297661|val_loss 0.00051644
Epoch 228|time: 3.54s|train_loss 0.00291298|val_loss 0.00077533
Epoch 229|time: 3.29s|train_loss 0.00294964|val_loss 0.00054478
Epoch 230|time: 3.34s|train_loss 0.00290011|val_loss 0.00059460
Epoch 231|time: 3.30s|train_loss 0.00295483|val_loss 0.00052647
Epoch 232|time: 3.49s|train_loss 0.00289478|val_loss 0.00066254
Epoch 233|time: 3.28s|train_loss 0.00302198|val_loss 0.00072637
Epoch 234|time: 3.39s|train_loss 0.00299431|val_loss 0.00058544
Epoch 235|time: 3.32s|train_loss 0.00296900|val_loss 0.00038699
Epoch 236|time: 3.44s|train_loss 0.00296449|val_loss 0.00046963
Epoch 237|time: 3.40s|train_loss 0.00294267|val_loss 0.00035610
Epoch 238|time: 3.33s|train_loss 0.00289408|val_loss 0.00077245
Epoch 239|time: 3.35s|train_loss 0.00308214|val_loss 0.00135029
Epoch 240|time: 3.53s|train_loss 0.00332027|val_loss 0.00111514
Epoch 241|time: 3.33s|train_loss 0.00320994|val_loss 0.00068312
Epoch 242|time: 3.39s|train_loss 0.00299235|val_loss 0.00052059
Epoch 243|time: 3.63s|train_loss 0.00299738|val_loss 0.00068340
Epoch 244|time: 3.33s|train_loss 0.00298377|val_loss 0.00081973
Epoch 245|time: 3.41s|train_loss 0.00300273|val_loss 0.00057152
Epoch 246|time: 3.52s|train_loss 0.00286101|val_loss 0.00057300
Epoch 247|time: 3.34s|train_loss 0.00321489|val_loss 0.00101742
Epoch 248|time: 3.34s|train_loss 0.00338311|val_loss 0.00106321
Epoch 249|time: 3.43s|train_loss 0.00307186|val_loss 0.00055610
Epoch 250|time: 3.46s|train_loss 0.00295367|val_loss 0.00184597
Epoch 251|time: 3.41s|train_loss 0.00392873|val_loss 0.00155834
Epoch 252|time: 3.49s|train_loss 0.00358121|val_loss 0.00120179
Epoch 253|time: 3.39s|train_loss 0.00313260|val_loss 0.00053594
Epoch 254|time: 3.45s|train_loss 0.00290683|val_loss 0.00052612
Epoch 255|time: 3.51s|train_loss 0.00300015|val_loss 0.00045647
Epoch 256|time: 3.39s|train_loss 0.00288790|val_loss 0.00077966
Epoch 257|time: 3.36s|train_loss 0.00301741|val_loss 0.00049648
Epoch 258|time: 3.47s|train_loss 0.00293907|val_loss 0.00066188
Epoch 259|time: 3.46s|train_loss 0.00297698|val_loss 0.00174509
Epoch 260|time: 3.39s|train_loss 0.00393482|val_loss 0.00208320
Epoch 261|time: 2.92s|train_loss 0.00390341|val_loss 0.00186804
Epoch 262|time: 2.16s|train_loss 0.00337347|val_loss 0.00054653
Epoch 263|time: 3.04s|train_loss 0.00318856|val_loss 0.00066375
Epoch 264|time: 3.65s|train_loss 0.00316346|val_loss 0.00088882
Epoch 265|time: 3.40s|train_loss 0.00310662|val_loss 0.00132590
Epoch 266|time: 3.35s|train_loss 0.00353107|val_loss 0.00054457
Epoch 267|time: 3.45s|train_loss 0.00306841|val_loss 0.00081761
Epoch 268|time: 3.46s|train_loss 0.00305825|val_loss 0.00082792
Epoch 269|time: 3.37s|train_loss 0.00298033|val_loss 0.00089573
Epoch 270|time: 3.49s|train_loss 0.00308471|val_loss 0.00054164
Final evaluation
TEST MAE 0.3051 | std 0.0673 | RMSE 0.3710 | RMSEs 0.3626 | PCC 0.9466 | PCCs 0.9317 | R2 0.8454 | R2s 0.7413 | Var 0.8879 | Vars 0.8384 | Peak 0.0996
