--------Parameters--------
Namespace(batch=32, bi=False, check_point=1, cuda=False, dataset='us_hhs', dropout=0.2, epilambda=0.1, epochs=500, gpu=3, hidsp=15, horizon=4, k=10, lamda=0.01, lr=0.001, model='cola_gnn_epi', mylog=False, n_hidden=20, n_layer=1, patience=200, rnn_model='RNN', save_dir='save', seed=42, shuffle=False, sim_mat='us_hhs-adj', test=0.2, train=0.6, val=0.2, weight_decay=0.0005, window=20)
--------------------------
data shape (364, 10)
size of train/val/test sets 195 73 73
#params: 5145
begin training
Epoch   1|time: 3.43s|train_loss 0.00393822|val_loss 0.00044527
Best validation epoch: 1 Tue May 23 14:56:57 2023
TEST MAE 0.4948 | std 0.1982 | RMSE 0.7515 | RMSEs 0.7128 | PCC 0.8502 | PCCs 0.7911 | R2 0.3656 | R2s 0.1154 | Var 0.6206 | Vars 0.5056 | Peak 0.3572
Epoch   2|time: 3.66s|train_loss 0.00276742|val_loss 0.00071648
Epoch   3|time: 3.58s|train_loss 0.00270537|val_loss 0.00028685
Best validation epoch: 3 Tue May 23 14:57:05 2023
TEST MAE 0.3335 | std 0.1189 | RMSE 0.5503 | RMSEs 0.5238 | PCC 0.8562 | PCCs 0.7894 | R2 0.6598 | R2s 0.5168 | Var 0.7047 | Vars 0.5871 | Peak 0.2411
Epoch   4|time: 3.18s|train_loss 0.00251412|val_loss 0.00030113
Epoch   5|time: 3.31s|train_loss 0.00249685|val_loss 0.00031636
Epoch   6|time: 3.16s|train_loss 0.00242516|val_loss 0.00031620
Epoch   7|time: 3.80s|train_loss 0.00242002|val_loss 0.00026657
Best validation epoch: 7 Tue May 23 14:57:19 2023
TEST MAE 0.3062 | std 0.1004 | RMSE 0.4932 | RMSEs 0.4710 | PCC 0.8671 | PCCs 0.8060 | R2 0.7267 | R2s 0.6044 | Var 0.7401 | Vars 0.6317 | Peak 0.2056
Epoch   8|time: 4.23s|train_loss 0.00240160|val_loss 0.00026444
Best validation epoch: 8 Tue May 23 14:57:25 2023
TEST MAE 0.3045 | std 0.0943 | RMSE 0.4808 | RMSEs 0.4602 | PCC 0.8687 | PCCs 0.8088 | R2 0.7403 | R2s 0.6201 | Var 0.7461 | Vars 0.6386 | Peak 0.1961
Epoch   9|time: 3.91s|train_loss 0.00236547|val_loss 0.00026144
Best validation epoch: 9 Tue May 23 14:57:29 2023
TEST MAE 0.2980 | std 0.0968 | RMSE 0.4810 | RMSEs 0.4598 | PCC 0.8715 | PCCs 0.8121 | R2 0.7401 | R2s 0.6221 | Var 0.7522 | Vars 0.6464 | Peak 0.1982
Epoch  10|time: 4.40s|train_loss 0.00234627|val_loss 0.00026600
Epoch  11|time: 4.00s|train_loss 0.00231093|val_loss 0.00026172
Epoch  12|time: 4.66s|train_loss 0.00228738|val_loss 0.00025785
Best validation epoch: 12 Tue May 23 14:57:43 2023
TEST MAE 0.2909 | std 0.0934 | RMSE 0.4735 | RMSEs 0.4526 | PCC 0.8767 | PCCs 0.8201 | R2 0.7482 | R2s 0.6335 | Var 0.7591 | Vars 0.6560 | Peak 0.1934
Epoch  13|time: 3.78s|train_loss 0.00226076|val_loss 0.00025712
Best validation epoch: 13 Tue May 23 14:57:48 2023
TEST MAE 0.2906 | std 0.0966 | RMSE 0.4776 | RMSEs 0.4561 | PCC 0.8785 | PCCs 0.8224 | R2 0.7437 | R2s 0.6288 | Var 0.7631 | Vars 0.6615 | Peak 0.1965
Epoch  14|time: 3.43s|train_loss 0.00220157|val_loss 0.00025745
Epoch  15|time: 3.37s|train_loss 0.00228449|val_loss 0.00025959
Epoch  16|time: 3.18s|train_loss 0.00216367|val_loss 0.00025158
Best validation epoch: 16 Tue May 23 14:57:59 2023
TEST MAE 0.2836 | std 0.0883 | RMSE 0.4588 | RMSEs 0.4392 | PCC 0.8808 | PCCs 0.8266 | R2 0.7636 | R2s 0.6532 | Var 0.7727 | Vars 0.6721 | Peak 0.1825
Epoch  17|time: 4.13s|train_loss 0.00211010|val_loss 0.00025248
Epoch  18|time: 3.77s|train_loss 0.00207803|val_loss 0.00025881
Epoch  19|time: 3.55s|train_loss 0.00204005|val_loss 0.00026026
Epoch  20|time: 3.17s|train_loss 0.00202813|val_loss 0.00024829
Best validation epoch: 20 Tue May 23 14:58:14 2023
TEST MAE 0.2801 | std 0.0833 | RMSE 0.4495 | RMSEs 0.4309 | PCC 0.8846 | PCCs 0.8329 | R2 0.7731 | R2s 0.6651 | Var 0.7796 | Vars 0.6808 | Peak 0.1758
Epoch  21|time: 3.15s|train_loss 0.00202445|val_loss 0.00024925
Epoch  22|time: 3.16s|train_loss 0.00204332|val_loss 0.00024546
Best validation epoch: 22 Tue May 23 14:58:21 2023
TEST MAE 0.2824 | std 0.0815 | RMSE 0.4439 | RMSEs 0.4263 | PCC 0.8850 | PCCs 0.8338 | R2 0.7787 | R2s 0.6710 | Var 0.7823 | Vars 0.6829 | Peak 0.1719
Epoch  23|time: 3.25s|train_loss 0.00199775|val_loss 0.00025014
Epoch  24|time: 3.26s|train_loss 0.00201236|val_loss 0.00024729
Epoch  25|time: 3.17s|train_loss 0.00198199|val_loss 0.00025297
Epoch  26|time: 3.15s|train_loss 0.00192774|val_loss 0.00024631
Epoch  27|time: 3.17s|train_loss 0.00191320|val_loss 0.00025788
Epoch  28|time: 3.31s|train_loss 0.00193475|val_loss 0.00024917
Epoch  29|time: 3.39s|train_loss 0.00189881|val_loss 0.00025211
Epoch  30|time: 3.56s|train_loss 0.00188493|val_loss 0.00025830
Epoch  31|time: 3.50s|train_loss 0.00195491|val_loss 0.00025345
Epoch  32|time: 3.48s|train_loss 0.00192580|val_loss 0.00025395
Epoch  33|time: 3.38s|train_loss 0.00189037|val_loss 0.00024878
Epoch  34|time: 3.41s|train_loss 0.00184470|val_loss 0.00024441
Best validation epoch: 34 Tue May 23 14:59:02 2023
TEST MAE 0.2792 | std 0.0808 | RMSE 0.4321 | RMSEs 0.4157 | PCC 0.8908 | PCCs 0.8431 | R2 0.7902 | R2s 0.6861 | Var 0.7935 | Vars 0.6957 | Peak 0.1649
Epoch  35|time: 3.29s|train_loss 0.00183513|val_loss 0.00024673
Epoch  36|time: 3.46s|train_loss 0.00184817|val_loss 0.00025086
Epoch  37|time: 3.84s|train_loss 0.00181487|val_loss 0.00024957
Epoch  38|time: 3.63s|train_loss 0.00180970|val_loss 0.00026802
Epoch  39|time: 3.65s|train_loss 0.00181131|val_loss 0.00026379
Epoch  40|time: 3.69s|train_loss 0.00181522|val_loss 0.00026798
Epoch  41|time: 3.80s|train_loss 0.00179361|val_loss 0.00024658
Epoch  42|time: 3.72s|train_loss 0.00179025|val_loss 0.00024949
Epoch  43|time: 3.62s|train_loss 0.00179002|val_loss 0.00024666
Epoch  44|time: 4.06s|train_loss 0.00180288|val_loss 0.00024592
Epoch  45|time: 4.63s|train_loss 0.00177675|val_loss 0.00024672
Epoch  46|time: 5.04s|train_loss 0.00177699|val_loss 0.00024715
Epoch  47|time: 4.98s|train_loss 0.00178444|val_loss 0.00024678
Epoch  48|time: 4.63s|train_loss 0.00176560|val_loss 0.00025016
Epoch  49|time: 4.04s|train_loss 0.00177240|val_loss 0.00024909
Epoch  50|time: 3.26s|train_loss 0.00177832|val_loss 0.00024680
Epoch  51|time: 3.62s|train_loss 0.00177973|val_loss 0.00025810
Epoch  52|time: 3.35s|train_loss 0.00177931|val_loss 0.00024584
Epoch  53|time: 3.20s|train_loss 0.00177196|val_loss 0.00024434
Best validation epoch: 53 Tue May 23 15:00:16 2023
TEST MAE 0.2756 | std 0.0834 | RMSE 0.4266 | RMSEs 0.4103 | PCC 0.8935 | PCCs 0.8467 | R2 0.7955 | R2s 0.6942 | Var 0.7984 | Vars 0.7024 | Peak 0.1624
Epoch  54|time: 3.27s|train_loss 0.00187009|val_loss 0.00025958
Epoch  55|time: 3.24s|train_loss 0.00181287|val_loss 0.00024400
Best validation epoch: 55 Tue May 23 15:00:24 2023
TEST MAE 0.2764 | std 0.0833 | RMSE 0.4245 | RMSEs 0.4084 | PCC 0.8938 | PCCs 0.8472 | R2 0.7976 | R2s 0.6966 | Var 0.7989 | Vars 0.7031 | Peak 0.1615
Epoch  56|time: 3.17s|train_loss 0.00176083|val_loss 0.00025315
Epoch  57|time: 3.19s|train_loss 0.00175170|val_loss 0.00024352
Best validation epoch: 57 Tue May 23 15:00:31 2023
TEST MAE 0.2751 | std 0.0835 | RMSE 0.4283 | RMSEs 0.4121 | PCC 0.8944 | PCCs 0.8476 | R2 0.7940 | R2s 0.6915 | Var 0.7999 | Vars 0.7031 | Peak 0.1636
Epoch  58|time: 3.17s|train_loss 0.00176691|val_loss 0.00025350
Epoch  59|time: 3.15s|train_loss 0.00175740|val_loss 0.00024182
Best validation epoch: 59 Tue May 23 15:00:38 2023
TEST MAE 0.2739 | std 0.0821 | RMSE 0.4221 | RMSEs 0.4064 | PCC 0.8949 | PCCs 0.8482 | R2 0.7998 | R2s 0.6987 | Var 0.8009 | Vars 0.7050 | Peak 0.1614
Epoch  60|time: 3.44s|train_loss 0.00174602|val_loss 0.00024593
Epoch  61|time: 3.16s|train_loss 0.00175235|val_loss 0.00025122
Epoch  62|time: 3.25s|train_loss 0.00175042|val_loss 0.00024406
Epoch  63|time: 3.23s|train_loss 0.00173797|val_loss 0.00025751
Epoch  64|time: 3.17s|train_loss 0.00174879|val_loss 0.00025305
Epoch  65|time: 3.28s|train_loss 0.00176408|val_loss 0.00028065
Epoch  66|time: 3.31s|train_loss 0.00180717|val_loss 0.00026908
Epoch  67|time: 3.22s|train_loss 0.00175053|val_loss 0.00027609
Epoch  68|time: 3.53s|train_loss 0.00175433|val_loss 0.00024259
Epoch  69|time: 3.33s|train_loss 0.00177617|val_loss 0.00024310
Epoch  70|time: 3.18s|train_loss 0.00174601|val_loss 0.00025033
Epoch  71|time: 3.18s|train_loss 0.00175516|val_loss 0.00024519
Epoch  72|time: 3.56s|train_loss 0.00175409|val_loss 0.00024085
Best validation epoch: 72 Tue May 23 15:01:21 2023
TEST MAE 0.2742 | std 0.0837 | RMSE 0.4207 | RMSEs 0.4047 | PCC 0.8963 | PCCs 0.8513 | R2 0.8012 | R2s 0.7017 | Var 0.8030 | Vars 0.7082 | Peak 0.1614
Epoch  73|time: 3.32s|train_loss 0.00172149|val_loss 0.00025065
Epoch  74|time: 3.16s|train_loss 0.00173972|val_loss 0.00024163
Epoch  75|time: 3.32s|train_loss 0.00175087|val_loss 0.00025162
Epoch  76|time: 3.23s|train_loss 0.00173810|val_loss 0.00024367
Epoch  77|time: 3.18s|train_loss 0.00172427|val_loss 0.00025026
Epoch  78|time: 3.46s|train_loss 0.00173635|val_loss 0.00024007
Best validation epoch: 78 Tue May 23 15:01:42 2023
TEST MAE 0.2717 | std 0.0834 | RMSE 0.4196 | RMSEs 0.4038 | PCC 0.8967 | PCCs 0.8516 | R2 0.8022 | R2s 0.7029 | Var 0.8040 | Vars 0.7097 | Peak 0.1610
Epoch  79|time: 3.28s|train_loss 0.00174148|val_loss 0.00024931
Epoch  80|time: 3.18s|train_loss 0.00171502|val_loss 0.00024490
Epoch  81|time: 3.43s|train_loss 0.00171700|val_loss 0.00025062
Epoch  82|time: 3.17s|train_loss 0.00171138|val_loss 0.00024072
Epoch  83|time: 3.27s|train_loss 0.00170832|val_loss 0.00023989
Best validation epoch: 83 Tue May 23 15:01:59 2023
TEST MAE 0.2698 | std 0.0840 | RMSE 0.4206 | RMSEs 0.4045 | PCC 0.8967 | PCCs 0.8516 | R2 0.8013 | R2s 0.7024 | Var 0.8041 | Vars 0.7104 | Peak 0.1616
Epoch  84|time: 3.33s|train_loss 0.00170519|val_loss 0.00024872
Epoch  85|time: 3.17s|train_loss 0.00172057|val_loss 0.00024024
Epoch  86|time: 3.18s|train_loss 0.00171120|val_loss 0.00024320
Epoch  87|time: 3.31s|train_loss 0.00172640|val_loss 0.00024351
Epoch  88|time: 3.16s|train_loss 0.00174736|val_loss 0.00024460
Epoch  89|time: 3.17s|train_loss 0.00170145|val_loss 0.00024172
Epoch  90|time: 3.30s|train_loss 0.00170599|val_loss 0.00024478
Epoch  91|time: 3.23s|train_loss 0.00170473|val_loss 0.00024801
Epoch  92|time: 3.16s|train_loss 0.00178629|val_loss 0.00024424
Epoch  93|time: 3.29s|train_loss 0.00175224|val_loss 0.00023855
Best validation epoch: 93 Tue May 23 15:02:32 2023
TEST MAE 0.2745 | std 0.0840 | RMSE 0.4194 | RMSEs 0.4035 | PCC 0.8978 | PCCs 0.8545 | R2 0.8024 | R2s 0.7031 | Var 0.8051 | Vars 0.7101 | Peak 0.1603
Epoch  94|time: 3.17s|train_loss 0.00169197|val_loss 0.00023990
Epoch  95|time: 3.17s|train_loss 0.00171692|val_loss 0.00025456
Epoch  96|time: 3.30s|train_loss 0.00169687|val_loss 0.00024696
Epoch  97|time: 3.25s|train_loss 0.00169042|val_loss 0.00024941
Epoch  98|time: 3.17s|train_loss 0.00170325|val_loss 0.00024325
Epoch  99|time: 3.29s|train_loss 0.00170491|val_loss 0.00024125
Epoch 100|time: 3.16s|train_loss 0.00169688|val_loss 0.00024058
Epoch 101|time: 3.24s|train_loss 0.00170054|val_loss 0.00025182
Epoch 102|time: 3.26s|train_loss 0.00168160|val_loss 0.00024180
Epoch 103|time: 3.21s|train_loss 0.00168161|val_loss 0.00023847
Best validation epoch: 103 Tue May 23 15:03:05 2023
TEST MAE 0.2722 | std 0.0849 | RMSE 0.4148 | RMSEs 0.3994 | PCC 0.8983 | PCCs 0.8555 | R2 0.8067 | R2s 0.7081 | Var 0.8067 | Vars 0.7149 | Peak 0.1584
Epoch 104|time: 4.14s|train_loss 0.00168850|val_loss 0.00025454
Epoch 105|time: 4.91s|train_loss 0.00168761|val_loss 0.00023818
Best validation epoch: 105 Tue May 23 15:03:15 2023
TEST MAE 0.2692 | std 0.0853 | RMSE 0.4129 | RMSEs 0.3970 | PCC 0.8995 | PCCs 0.8579 | R2 0.8085 | R2s 0.7117 | Var 0.8086 | Vars 0.7181 | Peak 0.1587
Epoch 106|time: 3.34s|train_loss 0.00167045|val_loss 0.00024011
Epoch 107|time: 3.27s|train_loss 0.00170714|val_loss 0.00023955
Epoch 108|time: 3.15s|train_loss 0.00167774|val_loss 0.00023735
Best validation epoch: 108 Tue May 23 15:03:26 2023
TEST MAE 0.2682 | std 0.0853 | RMSE 0.4157 | RMSEs 0.3995 | PCC 0.8990 | PCCs 0.8567 | R2 0.8059 | R2s 0.7090 | Var 0.8078 | Vars 0.7157 | Peak 0.1604
Epoch 109|time: 3.41s|train_loss 0.00167722|val_loss 0.00024261
Epoch 110|time: 3.44s|train_loss 0.00171665|val_loss 0.00023819
Epoch 111|time: 3.23s|train_loss 0.00166694|val_loss 0.00024169
Epoch 112|time: 3.27s|train_loss 0.00165284|val_loss 0.00024236
Epoch 113|time: 3.29s|train_loss 0.00166430|val_loss 0.00023934
Epoch 114|time: 3.25s|train_loss 0.00170406|val_loss 0.00024364
Epoch 115|time: 3.34s|train_loss 0.00168288|val_loss 0.00023519
Best validation epoch: 115 Tue May 23 15:03:50 2023
TEST MAE 0.2780 | std 0.0830 | RMSE 0.4173 | RMSEs 0.4028 | PCC 0.8978 | PCCs 0.8558 | R2 0.8044 | R2s 0.7002 | Var 0.8051 | Vars 0.7113 | Peak 0.1601
Epoch 116|time: 3.16s|train_loss 0.00167419|val_loss 0.00025037
Epoch 117|time: 3.34s|train_loss 0.00171884|val_loss 0.00023580
Epoch 118|time: 3.41s|train_loss 0.00165920|val_loss 0.00023700
Epoch 119|time: 3.81s|train_loss 0.00166120|val_loss 0.00024919
Epoch 120|time: 3.54s|train_loss 0.00165769|val_loss 0.00023224
Best validation epoch: 120 Tue May 23 15:04:08 2023
TEST MAE 0.2843 | std 0.0828 | RMSE 0.4223 | RMSEs 0.4082 | PCC 0.8957 | PCCs 0.8523 | R2 0.7997 | R2s 0.6913 | Var 0.8003 | Vars 0.7019 | Peak 0.1615
Epoch 121|time: 3.56s|train_loss 0.00165627|val_loss 0.00025051
Epoch 122|time: 3.52s|train_loss 0.00164852|val_loss 0.00023837
Epoch 123|time: 3.49s|train_loss 0.00164761|val_loss 0.00024055
Epoch 124|time: 3.24s|train_loss 0.00164868|val_loss 0.00024434
Epoch 125|time: 2.93s|train_loss 0.00165396|val_loss 0.00023958
Epoch 126|time: 2.06s|train_loss 0.00164348|val_loss 0.00024302
Epoch 127|time: 2.05s|train_loss 0.00166140|val_loss 0.00023507
Epoch 128|time: 2.33s|train_loss 0.00164557|val_loss 0.00024517
Epoch 129|time: 3.49s|train_loss 0.00163883|val_loss 0.00023569
Epoch 130|time: 3.16s|train_loss 0.00162308|val_loss 0.00023835
Epoch 131|time: 3.20s|train_loss 0.00164512|val_loss 0.00025145
Epoch 132|time: 3.15s|train_loss 0.00164672|val_loss 0.00024158
Epoch 133|time: 3.89s|train_loss 0.00167415|val_loss 0.00023634
Epoch 134|time: 4.69s|train_loss 0.00161536|val_loss 0.00023997
Epoch 135|time: 4.60s|train_loss 0.00161778|val_loss 0.00023940
Epoch 136|time: 4.45s|train_loss 0.00164568|val_loss 0.00023307
Epoch 137|time: 5.53s|train_loss 0.00163456|val_loss 0.00028573
Epoch 138|time: 4.88s|train_loss 0.00166304|val_loss 0.00025076
Epoch 139|time: 4.54s|train_loss 0.00162937|val_loss 0.00024053
Epoch 140|time: 4.76s|train_loss 0.00162905|val_loss 0.00027404
Epoch 141|time: 5.30s|train_loss 0.00161873|val_loss 0.00026382
Epoch 142|time: 4.74s|train_loss 0.00161156|val_loss 0.00024681
Epoch 143|time: 5.19s|train_loss 0.00160425|val_loss 0.00024853
Epoch 144|time: 5.05s|train_loss 0.00160333|val_loss 0.00024634
Epoch 145|time: 4.48s|train_loss 0.00160718|val_loss 0.00025105
Epoch 146|time: 4.73s|train_loss 0.00159590|val_loss 0.00023516
Epoch 147|time: 4.29s|train_loss 0.00161025|val_loss 0.00023418
Epoch 148|time: 4.40s|train_loss 0.00157595|val_loss 0.00024356
Epoch 149|time: 4.19s|train_loss 0.00158814|val_loss 0.00023695
Epoch 150|time: 3.31s|train_loss 0.00157388|val_loss 0.00024713
Epoch 151|time: 3.40s|train_loss 0.00159899|val_loss 0.00023973
Epoch 152|time: 3.23s|train_loss 0.00157048|val_loss 0.00024319
Epoch 153|time: 3.27s|train_loss 0.00159808|val_loss 0.00023811
Epoch 154|time: 3.21s|train_loss 0.00158341|val_loss 0.00023696
Epoch 155|time: 3.45s|train_loss 0.00158092|val_loss 0.00025544
Epoch 156|time: 3.25s|train_loss 0.00158279|val_loss 0.00025088
Epoch 157|time: 3.27s|train_loss 0.00157784|val_loss 0.00024131
Epoch 158|time: 3.34s|train_loss 0.00157847|val_loss 0.00023557
Epoch 159|time: 3.27s|train_loss 0.00163006|val_loss 0.00023576
Epoch 160|time: 3.19s|train_loss 0.00158122|val_loss 0.00023988
Epoch 161|time: 3.44s|train_loss 0.00158630|val_loss 0.00023826
Epoch 162|time: 3.35s|train_loss 0.00157722|val_loss 0.00027010
Epoch 163|time: 3.21s|train_loss 0.00157427|val_loss 0.00023349
Epoch 164|time: 3.39s|train_loss 0.00155073|val_loss 0.00024025
Epoch 165|time: 3.28s|train_loss 0.00163207|val_loss 0.00025163
Epoch 166|time: 3.20s|train_loss 0.00153200|val_loss 0.00023731
Epoch 167|time: 3.29s|train_loss 0.00152012|val_loss 0.00023458
Epoch 168|time: 3.19s|train_loss 0.00151892|val_loss 0.00024698
Epoch 169|time: 3.30s|train_loss 0.00157298|val_loss 0.00023650
Epoch 170|time: 3.30s|train_loss 0.00151001|val_loss 0.00024808
Epoch 171|time: 3.16s|train_loss 0.00157074|val_loss 0.00023995
Epoch 172|time: 3.16s|train_loss 0.00153934|val_loss 0.00023792
Epoch 173|time: 3.22s|train_loss 0.00159176|val_loss 0.00024628
Epoch 174|time: 3.28s|train_loss 0.00151600|val_loss 0.00023336
Epoch 175|time: 3.15s|train_loss 0.00150746|val_loss 0.00024065
Epoch 176|time: 3.28s|train_loss 0.00151971|val_loss 0.00024939
Epoch 177|time: 3.15s|train_loss 0.00150942|val_loss 0.00023840
Epoch 178|time: 3.16s|train_loss 0.00151229|val_loss 0.00024117
Epoch 179|time: 3.42s|train_loss 0.00152577|val_loss 0.00024010
Epoch 180|time: 3.17s|train_loss 0.00150592|val_loss 0.00024744
Epoch 181|time: 3.30s|train_loss 0.00151870|val_loss 0.00023748
Epoch 182|time: 3.34s|train_loss 0.00149911|val_loss 0.00023653
Epoch 183|time: 3.27s|train_loss 0.00151207|val_loss 0.00023997
Epoch 184|time: 3.17s|train_loss 0.00152823|val_loss 0.00024685
Epoch 185|time: 3.31s|train_loss 0.00149814|val_loss 0.00025095
Epoch 186|time: 3.16s|train_loss 0.00152854|val_loss 0.00024375
Epoch 187|time: 3.17s|train_loss 0.00151459|val_loss 0.00025215
Epoch 188|time: 3.36s|train_loss 0.00152351|val_loss 0.00023387
Epoch 189|time: 3.15s|train_loss 0.00150834|val_loss 0.00023834
Epoch 190|time: 3.18s|train_loss 0.00149253|val_loss 0.00025087
Epoch 191|time: 3.45s|train_loss 0.00148255|val_loss 0.00023749
Epoch 192|time: 3.28s|train_loss 0.00151757|val_loss 0.00023829
Epoch 193|time: 3.72s|train_loss 0.00148390|val_loss 0.00026128
Epoch 194|time: 4.15s|train_loss 0.00149678|val_loss 0.00023282
Epoch 195|time: 3.53s|train_loss 0.00150119|val_loss 0.00022992
Best validation epoch: 195 Tue May 23 15:08:36 2023
TEST MAE 0.2796 | std 0.0833 | RMSE 0.4212 | RMSEs 0.4065 | PCC 0.8956 | PCCs 0.8528 | R2 0.8007 | R2s 0.6941 | Var 0.8009 | Vars 0.7035 | Peak 0.1619
Epoch 196|time: 3.85s|train_loss 0.00149821|val_loss 0.00024492
Epoch 197|time: 3.94s|train_loss 0.00148115|val_loss 0.00023598
Epoch 198|time: 3.92s|train_loss 0.00149981|val_loss 0.00023272
Epoch 199|time: 4.05s|train_loss 0.00153929|val_loss 0.00025469
Epoch 200|time: 3.27s|train_loss 0.00152008|val_loss 0.00024447
Epoch 201|time: 3.74s|train_loss 0.00149100|val_loss 0.00025714
Epoch 202|time: 3.37s|train_loss 0.00152945|val_loss 0.00023844
Epoch 203|time: 4.50s|train_loss 0.00150820|val_loss 0.00023835
Epoch 204|time: 3.79s|train_loss 0.00148561|val_loss 0.00023675
Epoch 205|time: 3.72s|train_loss 0.00149284|val_loss 0.00023438
Epoch 206|time: 3.32s|train_loss 0.00149745|val_loss 0.00024335
Epoch 207|time: 3.90s|train_loss 0.00146951|val_loss 0.00023999
Epoch 208|time: 3.16s|train_loss 0.00147094|val_loss 0.00023722
Epoch 209|time: 3.25s|train_loss 0.00146097|val_loss 0.00024005
Epoch 210|time: 3.40s|train_loss 0.00148192|val_loss 0.00023664
Epoch 211|time: 3.24s|train_loss 0.00146449|val_loss 0.00023845
Epoch 212|time: 3.16s|train_loss 0.00147961|val_loss 0.00023677
Epoch 213|time: 3.30s|train_loss 0.00147438|val_loss 0.00023350
Epoch 214|time: 3.15s|train_loss 0.00149543|val_loss 0.00023331
Epoch 215|time: 3.34s|train_loss 0.00146715|val_loss 0.00024780
Epoch 216|time: 3.15s|train_loss 0.00145842|val_loss 0.00022915
Best validation epoch: 216 Tue May 23 15:09:52 2023
TEST MAE 0.2899 | std 0.0848 | RMSE 0.4284 | RMSEs 0.4138 | PCC 0.8936 | PCCs 0.8517 | R2 0.7939 | R2s 0.6813 | Var 0.7958 | Vars 0.6967 | Peak 0.1633
Epoch 217|time: 3.15s|train_loss 0.00146879|val_loss 0.00023470
Epoch 218|time: 3.14s|train_loss 0.00146422|val_loss 0.00023793
Epoch 219|time: 3.34s|train_loss 0.00145169|val_loss 0.00023368
Epoch 220|time: 3.14s|train_loss 0.00144862|val_loss 0.00023730
Epoch 221|time: 3.13s|train_loss 0.00143992|val_loss 0.00023412
Epoch 222|time: 3.13s|train_loss 0.00144115|val_loss 0.00023787
Epoch 223|time: 3.13s|train_loss 0.00148554|val_loss 0.00023112
Epoch 224|time: 3.13s|train_loss 0.00145155|val_loss 0.00024068
Epoch 225|time: 3.26s|train_loss 0.00148907|val_loss 0.00023423
Epoch 226|time: 3.21s|train_loss 0.00147044|val_loss 0.00023632
Epoch 227|time: 3.28s|train_loss 0.00144745|val_loss 0.00023101
Epoch 228|time: 3.14s|train_loss 0.00144478|val_loss 0.00023287
Epoch 229|time: 3.29s|train_loss 0.00144313|val_loss 0.00023549
Epoch 230|time: 3.13s|train_loss 0.00144094|val_loss 0.00024378
Epoch 231|time: 3.13s|train_loss 0.00145901|val_loss 0.00023224
Epoch 232|time: 3.91s|train_loss 0.00145318|val_loss 0.00023044
Epoch 233|time: 3.46s|train_loss 0.00150989|val_loss 0.00023207
Epoch 234|time: 3.38s|train_loss 0.00157714|val_loss 0.00022981
Epoch 235|time: 3.21s|train_loss 0.00146108|val_loss 0.00023816
Epoch 236|time: 3.14s|train_loss 0.00145971|val_loss 0.00023627
Epoch 237|time: 3.12s|train_loss 0.00144464|val_loss 0.00024280
Epoch 238|time: 3.15s|train_loss 0.00146372|val_loss 0.00024020
Epoch 239|time: 3.24s|train_loss 0.00144337|val_loss 0.00025648
Epoch 240|time: 3.13s|train_loss 0.00145247|val_loss 0.00023470
Epoch 241|time: 3.29s|train_loss 0.00151693|val_loss 0.00025142
Epoch 242|time: 3.13s|train_loss 0.00147702|val_loss 0.00023693
Epoch 243|time: 3.21s|train_loss 0.00143475|val_loss 0.00023628
Epoch 244|time: 3.14s|train_loss 0.00144697|val_loss 0.00023856
Epoch 245|time: 3.13s|train_loss 0.00143546|val_loss 0.00023574
Epoch 246|time: 3.13s|train_loss 0.00145719|val_loss 0.00023047
Epoch 247|time: 3.41s|train_loss 0.00146044|val_loss 0.00023521
Epoch 248|time: 3.13s|train_loss 0.00144439|val_loss 0.00023316
Epoch 249|time: 3.14s|train_loss 0.00141471|val_loss 0.00022750
Best validation epoch: 249 Tue May 23 15:11:39 2023
TEST MAE 0.2849 | std 0.0852 | RMSE 0.4300 | RMSEs 0.4151 | PCC 0.8914 | PCCs 0.8479 | R2 0.7923 | R2s 0.6805 | Var 0.7923 | Vars 0.6889 | Peak 0.1675
Epoch 250|time: 3.27s|train_loss 0.00144285|val_loss 0.00023423
Epoch 251|time: 3.13s|train_loss 0.00143431|val_loss 0.00023752
Epoch 252|time: 3.34s|train_loss 0.00143198|val_loss 0.00023574
Epoch 253|time: 3.34s|train_loss 0.00144328|val_loss 0.00023193
Epoch 254|time: 3.14s|train_loss 0.00144298|val_loss 0.00022765
Epoch 255|time: 3.14s|train_loss 0.00143005|val_loss 0.00024211
Epoch 256|time: 3.22s|train_loss 0.00146100|val_loss 0.00023017
Epoch 257|time: 3.23s|train_loss 0.00144886|val_loss 0.00023092
Epoch 258|time: 3.14s|train_loss 0.00143402|val_loss 0.00024926
Epoch 259|time: 3.22s|train_loss 0.00141802|val_loss 0.00023170
Epoch 260|time: 3.13s|train_loss 0.00146404|val_loss 0.00022765
Epoch 261|time: 3.22s|train_loss 0.00145220|val_loss 0.00024445
Epoch 262|time: 3.14s|train_loss 0.00142220|val_loss 0.00022702
Best validation epoch: 262 Tue May 23 15:12:21 2023
TEST MAE 0.2861 | std 0.0841 | RMSE 0.4294 | RMSEs 0.4144 | PCC 0.8931 | PCCs 0.8518 | R2 0.7929 | R2s 0.6792 | Var 0.7946 | Vars 0.6952 | Peak 0.1646
Epoch 263|time: 3.14s|train_loss 0.00142826|val_loss 0.00024421
Epoch 264|time: 3.14s|train_loss 0.00145211|val_loss 0.00023871
Epoch 265|time: 3.26s|train_loss 0.00140953|val_loss 0.00022858
Epoch 266|time: 3.16s|train_loss 0.00143635|val_loss 0.00023711
Epoch 267|time: 3.13s|train_loss 0.00141717|val_loss 0.00023624
Epoch 268|time: 3.15s|train_loss 0.00142188|val_loss 0.00022752
Epoch 269|time: 3.20s|train_loss 0.00144672|val_loss 0.00025038
Epoch 270|time: 3.23s|train_loss 0.00143588|val_loss 0.00023817
Epoch 271|time: 3.33s|train_loss 0.00143999|val_loss 0.00023124
Epoch 272|time: 3.32s|train_loss 0.00140729|val_loss 0.00024357
Epoch 273|time: 3.13s|train_loss 0.00142064|val_loss 0.00023072
Epoch 274|time: 3.16s|train_loss 0.00144398|val_loss 0.00023123
Epoch 275|time: 3.28s|train_loss 0.00147332|val_loss 0.00023540
Epoch 276|time: 3.13s|train_loss 0.00144983|val_loss 0.00023008
Epoch 277|time: 3.15s|train_loss 0.00140852|val_loss 0.00023789
Epoch 278|time: 3.24s|train_loss 0.00141492|val_loss 0.00022788
Epoch 279|time: 3.22s|train_loss 0.00141656|val_loss 0.00024437
Epoch 280|time: 3.13s|train_loss 0.00145955|val_loss 0.00024116
Epoch 281|time: 3.24s|train_loss 0.00143541|val_loss 0.00027266
Epoch 282|time: 3.12s|train_loss 0.00141913|val_loss 0.00022488
Best validation epoch: 282 Tue May 23 15:13:26 2023
TEST MAE 0.2793 | std 0.0865 | RMSE 0.4251 | RMSEs 0.4089 | PCC 0.8946 | PCCs 0.8518 | R2 0.7970 | R2s 0.6909 | Var 0.7971 | Vars 0.6978 | Peak 0.1627
Epoch 283|time: 3.23s|train_loss 0.00143612|val_loss 0.00023606
Epoch 284|time: 3.22s|train_loss 0.00139347|val_loss 0.00023042
Epoch 285|time: 3.12s|train_loss 0.00141838|val_loss 0.00023112
Epoch 286|time: 3.14s|train_loss 0.00143075|val_loss 0.00022988
Epoch 287|time: 3.21s|train_loss 0.00139221|val_loss 0.00023118
Epoch 288|time: 3.22s|train_loss 0.00140575|val_loss 0.00022250
Best validation epoch: 288 Tue May 23 15:13:46 2023
TEST MAE 0.2897 | std 0.0824 | RMSE 0.4346 | RMSEs 0.4199 | PCC 0.8905 | PCCs 0.8473 | R2 0.7878 | R2s 0.6691 | Var 0.7896 | Vars 0.6861 | Peak 0.1675
Epoch 289|time: 3.25s|train_loss 0.00142530|val_loss 0.00023011
Epoch 290|time: 3.34s|train_loss 0.00147335|val_loss 0.00022235
Best validation epoch: 290 Tue May 23 15:13:53 2023
TEST MAE 0.2918 | std 0.0853 | RMSE 0.4387 | RMSEs 0.4235 | PCC 0.8905 | PCCs 0.8470 | R2 0.7838 | R2s 0.6628 | Var 0.7858 | Vars 0.6773 | Peak 0.1685
Epoch 291|time: 3.15s|train_loss 0.00144323|val_loss 0.00023651
Epoch 292|time: 3.13s|train_loss 0.00140141|val_loss 0.00022900
Epoch 293|time: 3.40s|train_loss 0.00139769|val_loss 0.00023458
Epoch 294|time: 3.13s|train_loss 0.00140374|val_loss 0.00022872
Epoch 295|time: 3.15s|train_loss 0.00140041|val_loss 0.00022360
Epoch 296|time: 3.36s|train_loss 0.00138558|val_loss 0.00023087
Epoch 297|time: 3.23s|train_loss 0.00138165|val_loss 0.00022463
Epoch 298|time: 3.13s|train_loss 0.00143075|val_loss 0.00023545
Epoch 299|time: 3.31s|train_loss 0.00143960|val_loss 0.00022601
Epoch 300|time: 4.45s|train_loss 0.00142532|val_loss 0.00022458
Epoch 301|time: 3.15s|train_loss 0.00140792|val_loss 0.00024807
Epoch 302|time: 3.23s|train_loss 0.00141122|val_loss 0.00022714
Epoch 303|time: 3.32s|train_loss 0.00141394|val_loss 0.00024563
Epoch 304|time: 3.19s|train_loss 0.00141070|val_loss 0.00022546
Epoch 305|time: 3.12s|train_loss 0.00139355|val_loss 0.00023648
Epoch 306|time: 3.12s|train_loss 0.00142869|val_loss 0.00023266
Epoch 307|time: 3.22s|train_loss 0.00140231|val_loss 0.00024561
Epoch 308|time: 3.69s|train_loss 0.00143190|val_loss 0.00023544
Epoch 309|time: 3.15s|train_loss 0.00139970|val_loss 0.00024183
Epoch 310|time: 3.21s|train_loss 0.00139479|val_loss 0.00022845
Epoch 311|time: 4.54s|train_loss 0.00138140|val_loss 0.00022689
Epoch 312|time: 4.45s|train_loss 0.00137764|val_loss 0.00022937
Epoch 313|time: 3.67s|train_loss 0.00139915|val_loss 0.00022659
Epoch 314|time: 3.47s|train_loss 0.00142299|val_loss 0.00023292
Epoch 315|time: 3.40s|train_loss 0.00141091|val_loss 0.00022794
Epoch 316|time: 3.51s|train_loss 0.00141856|val_loss 0.00022473
Epoch 317|time: 3.43s|train_loss 0.00139682|val_loss 0.00023396
Epoch 318|time: 3.30s|train_loss 0.00137914|val_loss 0.00022815
Epoch 319|time: 3.49s|train_loss 0.00142070|val_loss 0.00022322
Epoch 320|time: 3.29s|train_loss 0.00142084|val_loss 0.00024826
Epoch 321|time: 3.62s|train_loss 0.00141605|val_loss 0.00023609
Epoch 322|time: 3.40s|train_loss 0.00146725|val_loss 0.00026470
Epoch 323|time: 3.43s|train_loss 0.00139516|val_loss 0.00023024
Epoch 324|time: 3.55s|train_loss 0.00139310|val_loss 0.00022767
Epoch 325|time: 3.40s|train_loss 0.00139195|val_loss 0.00023425
Epoch 326|time: 3.43s|train_loss 0.00137749|val_loss 0.00022866
Epoch 327|time: 3.31s|train_loss 0.00137053|val_loss 0.00022716
Epoch 328|time: 3.86s|train_loss 0.00139042|val_loss 0.00024139
Epoch 329|time: 4.42s|train_loss 0.00139488|val_loss 0.00022430
Epoch 330|time: 5.89s|train_loss 0.00142248|val_loss 0.00023264
Epoch 331|time: 5.66s|train_loss 0.00140450|val_loss 0.00023348
Epoch 332|time: 5.83s|train_loss 0.00146657|val_loss 0.00023995
Epoch 333|time: 5.76s|train_loss 0.00137822|val_loss 0.00022364
Epoch 334|time: 5.37s|train_loss 0.00137315|val_loss 0.00022666
Epoch 335|time: 6.38s|train_loss 0.00141137|val_loss 0.00022905
Epoch 336|time: 6.50s|train_loss 0.00141775|val_loss 0.00022524
Epoch 337|time: 4.82s|train_loss 0.00139443|val_loss 0.00022554
Epoch 338|time: 4.88s|train_loss 0.00137623|val_loss 0.00023027
Epoch 339|time: 5.42s|train_loss 0.00139144|val_loss 0.00023160
Epoch 340|time: 3.61s|train_loss 0.00140043|val_loss 0.00022059
Best validation epoch: 340 Tue May 23 15:17:09 2023
TEST MAE 0.2963 | std 0.0825 | RMSE 0.4438 | RMSEs 0.4293 | PCC 0.8857 | PCCs 0.8371 | R2 0.7787 | R2s 0.6537 | Var 0.7805 | Vars 0.6688 | Peak 0.1709
Epoch 341|time: 3.24s|train_loss 0.00139795|val_loss 0.00023580
Epoch 342|time: 3.14s|train_loss 0.00138090|val_loss 0.00021990
Best validation epoch: 342 Tue May 23 15:17:16 2023
TEST MAE 0.2923 | std 0.0849 | RMSE 0.4436 | RMSEs 0.4279 | PCC 0.8875 | PCCs 0.8422 | R2 0.7790 | R2s 0.6572 | Var 0.7790 | Vars 0.6643 | Peak 0.1719
Epoch 343|time: 3.23s|train_loss 0.00144258|val_loss 0.00023249
Epoch 344|time: 3.23s|train_loss 0.00143767|val_loss 0.00024556
Epoch 345|time: 3.14s|train_loss 0.00139572|val_loss 0.00024988
Epoch 346|time: 3.14s|train_loss 0.00138446|val_loss 0.00022013
Epoch 347|time: 3.28s|train_loss 0.00135564|val_loss 0.00022478
Epoch 348|time: 3.21s|train_loss 0.00136306|val_loss 0.00022798
Epoch 349|time: 3.15s|train_loss 0.00137679|val_loss 0.00021938
Best validation epoch: 349 Tue May 23 15:17:39 2023
TEST MAE 0.2962 | std 0.0824 | RMSE 0.4437 | RMSEs 0.4294 | PCC 0.8861 | PCCs 0.8375 | R2 0.7788 | R2s 0.6531 | Var 0.7799 | Vars 0.6658 | Peak 0.1718
Epoch 350|time: 3.24s|train_loss 0.00139423|val_loss 0.00025077
Epoch 351|time: 3.13s|train_loss 0.00139084|val_loss 0.00022937
Epoch 352|time: 3.15s|train_loss 0.00135497|val_loss 0.00023147
Epoch 353|time: 3.50s|train_loss 0.00135716|val_loss 0.00022473
Epoch 354|time: 3.82s|train_loss 0.00136417|val_loss 0.00022645
Epoch 355|time: 3.15s|train_loss 0.00136168|val_loss 0.00021973
Epoch 356|time: 3.27s|train_loss 0.00138825|val_loss 0.00022638
Epoch 357|time: 3.14s|train_loss 0.00136297|val_loss 0.00023709
Epoch 358|time: 3.23s|train_loss 0.00135185|val_loss 0.00021922
Best validation epoch: 358 Tue May 23 15:18:09 2023
TEST MAE 0.2901 | std 0.0849 | RMSE 0.4397 | RMSEs 0.4236 | PCC 0.8895 | PCCs 0.8467 | R2 0.7829 | R2s 0.6625 | Var 0.7849 | Vars 0.6792 | Peak 0.1686
Epoch 359|time: 3.30s|train_loss 0.00135165|val_loss 0.00023420
Epoch 360|time: 3.14s|train_loss 0.00134904|val_loss 0.00022774
Epoch 361|time: 3.22s|train_loss 0.00137589|val_loss 0.00022311
Epoch 362|time: 3.28s|train_loss 0.00133950|val_loss 0.00022808
Epoch 363|time: 3.13s|train_loss 0.00135059|val_loss 0.00022624
Epoch 364|time: 3.15s|train_loss 0.00136838|val_loss 0.00022014
Epoch 365|time: 3.29s|train_loss 0.00136748|val_loss 0.00021881
Best validation epoch: 365 Tue May 23 15:18:33 2023
TEST MAE 0.2808 | std 0.0827 | RMSE 0.4347 | RMSEs 0.4193 | PCC 0.8882 | PCCs 0.8406 | R2 0.7877 | R2s 0.6744 | Var 0.7879 | Vars 0.6818 | Peak 0.1696
Epoch 366|time: 3.22s|train_loss 0.00137699|val_loss 0.00023358
Epoch 367|time: 3.14s|train_loss 0.00138098|val_loss 0.00021683
Best validation epoch: 367 Tue May 23 15:18:40 2023
TEST MAE 0.2858 | std 0.0887 | RMSE 0.4374 | RMSEs 0.4197 | PCC 0.8918 | PCCs 0.8518 | R2 0.7851 | R2s 0.6713 | Var 0.7851 | Vars 0.6788 | Peak 0.1674
Epoch 368|time: 3.29s|train_loss 0.00135283|val_loss 0.00022665
Epoch 369|time: 3.14s|train_loss 0.00134786|val_loss 0.00022898
Epoch 370|time: 3.19s|train_loss 0.00133824|val_loss 0.00022005
Epoch 371|time: 3.36s|train_loss 0.00133060|val_loss 0.00023691
Epoch 372|time: 3.22s|train_loss 0.00134836|val_loss 0.00022138
Epoch 373|time: 3.15s|train_loss 0.00135207|val_loss 0.00022438
Epoch 374|time: 3.26s|train_loss 0.00132425|val_loss 0.00022065
Epoch 375|time: 3.15s|train_loss 0.00134397|val_loss 0.00021788
Epoch 376|time: 3.22s|train_loss 0.00135194|val_loss 0.00021974
Epoch 377|time: 3.13s|train_loss 0.00132965|val_loss 0.00023309
Epoch 378|time: 3.16s|train_loss 0.00133293|val_loss 0.00022183
Epoch 379|time: 3.13s|train_loss 0.00135247|val_loss 0.00021923
Epoch 380|time: 3.31s|train_loss 0.00131318|val_loss 0.00023309
Epoch 381|time: 3.14s|train_loss 0.00136246|val_loss 0.00021889
Epoch 382|time: 3.15s|train_loss 0.00132985|val_loss 0.00022329
Epoch 383|time: 3.18s|train_loss 0.00133878|val_loss 0.00022583
Epoch 384|time: 3.18s|train_loss 0.00134656|val_loss 0.00021809
Epoch 385|time: 3.14s|train_loss 0.00133741|val_loss 0.00022017
Epoch 386|time: 3.21s|train_loss 0.00132802|val_loss 0.00022082
Epoch 387|time: 3.65s|train_loss 0.00129947|val_loss 0.00023061
Epoch 388|time: 3.15s|train_loss 0.00131496|val_loss 0.00021821
Epoch 389|time: 3.38s|train_loss 0.00136096|val_loss 0.00022150
Epoch 390|time: 3.24s|train_loss 0.00134295|val_loss 0.00024585
Epoch 391|time: 3.13s|train_loss 0.00136802|val_loss 0.00021751
Epoch 392|time: 3.14s|train_loss 0.00133639|val_loss 0.00021592
Best validation epoch: 392 Tue May 23 15:20:01 2023
TEST MAE 0.2982 | std 0.0840 | RMSE 0.4522 | RMSEs 0.4374 | PCC 0.8814 | PCCs 0.8309 | R2 0.7703 | R2s 0.6418 | Var 0.7707 | Vars 0.6488 | Peak 0.1778
Epoch 393|time: 3.15s|train_loss 0.00134627|val_loss 0.00022451
Epoch 394|time: 3.22s|train_loss 0.00133261|val_loss 0.00021796
Epoch 395|time: 3.15s|train_loss 0.00134427|val_loss 0.00021870
Epoch 396|time: 3.15s|train_loss 0.00133948|val_loss 0.00022379
Epoch 397|time: 3.15s|train_loss 0.00130328|val_loss 0.00021817
Epoch 398|time: 3.23s|train_loss 0.00133845|val_loss 0.00021995
Epoch 399|time: 3.66s|train_loss 0.00136180|val_loss 0.00022142
Epoch 400|time: 3.14s|train_loss 0.00130472|val_loss 0.00021887
Epoch 401|time: 3.15s|train_loss 0.00137987|val_loss 0.00022085
Epoch 402|time: 3.16s|train_loss 0.00133889|val_loss 0.00021719
Epoch 403|time: 3.13s|train_loss 0.00131165|val_loss 0.00021485
Best validation epoch: 403 Tue May 23 15:20:37 2023
TEST MAE 0.2856 | std 0.0889 | RMSE 0.4385 | RMSEs 0.4206 | PCC 0.8908 | PCCs 0.8508 | R2 0.7840 | R2s 0.6697 | Var 0.7852 | Vars 0.6824 | Peak 0.1665
Epoch 404|time: 3.23s|train_loss 0.00142451|val_loss 0.00025401
Epoch 405|time: 3.26s|train_loss 0.00133347|val_loss 0.00021762
Epoch 406|time: 3.16s|train_loss 0.00136617|val_loss 0.00022583
Epoch 407|time: 3.18s|train_loss 0.00130474|val_loss 0.00021516
Epoch 408|time: 3.38s|train_loss 0.00128503|val_loss 0.00021618
Epoch 409|time: 3.15s|train_loss 0.00136326|val_loss 0.00022532
Epoch 410|time: 3.15s|train_loss 0.00129114|val_loss 0.00022095
Epoch 411|time: 3.28s|train_loss 0.00129080|val_loss 0.00022169
Epoch 412|time: 3.22s|train_loss 0.00131170|val_loss 0.00023203
Epoch 413|time: 3.16s|train_loss 0.00132445|val_loss 0.00022053
Epoch 414|time: 3.27s|train_loss 0.00132430|val_loss 0.00021306
Best validation epoch: 414 Tue May 23 15:21:13 2023
TEST MAE 0.2976 | std 0.0831 | RMSE 0.4527 | RMSEs 0.4371 | PCC 0.8821 | PCCs 0.8352 | R2 0.7698 | R2s 0.6393 | Var 0.7705 | Vars 0.6537 | Peak 0.1765
Epoch 415|time: 3.14s|train_loss 0.00128051|val_loss 0.00022388
Epoch 416|time: 3.16s|train_loss 0.00130065|val_loss 0.00021423
Epoch 417|time: 3.32s|train_loss 0.00129512|val_loss 0.00021970
Epoch 418|time: 3.15s|train_loss 0.00130995|val_loss 0.00022367
Epoch 419|time: 3.15s|train_loss 0.00129802|val_loss 0.00022895
Epoch 420|time: 3.30s|train_loss 0.00133507|val_loss 0.00021424
Epoch 421|time: 3.15s|train_loss 0.00129638|val_loss 0.00021956
Epoch 422|time: 3.22s|train_loss 0.00127930|val_loss 0.00021715
Epoch 423|time: 3.28s|train_loss 0.00127303|val_loss 0.00021628
Epoch 424|time: 3.15s|train_loss 0.00129792|val_loss 0.00021821
Epoch 425|time: 3.16s|train_loss 0.00128536|val_loss 0.00021918
Epoch 426|time: 3.58s|train_loss 0.00130240|val_loss 0.00021560
Epoch 427|time: 3.15s|train_loss 0.00129144|val_loss 0.00021794
Epoch 428|time: 3.16s|train_loss 0.00129513|val_loss 0.00021964
Epoch 429|time: 3.21s|train_loss 0.00129391|val_loss 0.00021778
Epoch 430|time: 3.22s|train_loss 0.00130408|val_loss 0.00021960
Epoch 431|time: 3.15s|train_loss 0.00130070|val_loss 0.00022856
Epoch 432|time: 3.15s|train_loss 0.00127920|val_loss 0.00021960
Epoch 433|time: 3.18s|train_loss 0.00127209|val_loss 0.00021798
Epoch 434|time: 3.16s|train_loss 0.00131392|val_loss 0.00021994
Epoch 435|time: 3.15s|train_loss 0.00130558|val_loss 0.00022053
Epoch 436|time: 3.39s|train_loss 0.00131454|val_loss 0.00021860
Epoch 437|time: 3.17s|train_loss 0.00127762|val_loss 0.00021276
Best validation epoch: 437 Tue May 23 15:22:28 2023
TEST MAE 0.3015 | std 0.0821 | RMSE 0.4583 | RMSEs 0.4433 | PCC 0.8777 | PCCs 0.8262 | R2 0.7641 | R2s 0.6291 | Var 0.7641 | Vars 0.6396 | Peak 0.1819
Epoch 438|time: 3.15s|train_loss 0.00127130|val_loss 0.00022103
Epoch 439|time: 3.39s|train_loss 0.00129691|val_loss 0.00021998
Epoch 440|time: 3.14s|train_loss 0.00128144|val_loss 0.00022411
Epoch 441|time: 3.15s|train_loss 0.00127106|val_loss 0.00021878
Epoch 442|time: 3.33s|train_loss 0.00127323|val_loss 0.00021797
Epoch 443|time: 3.16s|train_loss 0.00127376|val_loss 0.00021512
Epoch 444|time: 3.26s|train_loss 0.00129250|val_loss 0.00021597
Epoch 445|time: 3.22s|train_loss 0.00126310|val_loss 0.00021579
Epoch 446|time: 3.16s|train_loss 0.00125236|val_loss 0.00021503
Epoch 447|time: 3.14s|train_loss 0.00127549|val_loss 0.00021128
Best validation epoch: 447 Tue May 23 15:23:01 2023
TEST MAE 0.2862 | std 0.0899 | RMSE 0.4379 | RMSEs 0.4196 | PCC 0.8906 | PCCs 0.8509 | R2 0.7846 | R2s 0.6722 | Var 0.7865 | Vars 0.6874 | Peak 0.1662
Epoch 448|time: 3.28s|train_loss 0.00131040|val_loss 0.00022832
Epoch 449|time: 3.22s|train_loss 0.00128291|val_loss 0.00021058
Best validation epoch: 449 Tue May 23 15:23:08 2023
TEST MAE 0.2754 | std 0.0898 | RMSE 0.4307 | RMSEs 0.4120 | PCC 0.8919 | PCCs 0.8531 | R2 0.7916 | R2s 0.6880 | Var 0.7918 | Vars 0.6959 | Peak 0.1666
Epoch 450|time: 3.13s|train_loss 0.00127458|val_loss 0.00021181
Epoch 451|time: 3.24s|train_loss 0.00129357|val_loss 0.00022135
Epoch 452|time: 3.14s|train_loss 0.00126808|val_loss 0.00021545
Epoch 453|time: 3.15s|train_loss 0.00125135|val_loss 0.00021538
Epoch 454|time: 3.31s|train_loss 0.00128511|val_loss 0.00022580
Epoch 455|time: 3.15s|train_loss 0.00127263|val_loss 0.00022804
Epoch 456|time: 3.15s|train_loss 0.00126869|val_loss 0.00021741
Epoch 457|time: 3.16s|train_loss 0.00124968|val_loss 0.00020993
Best validation epoch: 457 Tue May 23 15:23:34 2023
TEST MAE 0.2992 | std 0.0863 | RMSE 0.4520 | RMSEs 0.4351 | PCC 0.8851 | PCCs 0.8413 | R2 0.7705 | R2s 0.6428 | Var 0.7734 | Vars 0.6619 | Peak 0.1720
Epoch 458|time: 3.23s|train_loss 0.00127393|val_loss 0.00021568
Epoch 459|time: 3.14s|train_loss 0.00125799|val_loss 0.00022318
Epoch 460|time: 3.26s|train_loss 0.00130710|val_loss 0.00021750
Epoch 461|time: 3.14s|train_loss 0.00128198|val_loss 0.00022195
Epoch 462|time: 3.15s|train_loss 0.00126283|val_loss 0.00021498
Epoch 463|time: 3.40s|train_loss 0.00125569|val_loss 0.00021407
Epoch 464|time: 3.16s|train_loss 0.00128485|val_loss 0.00021011
Epoch 465|time: 3.15s|train_loss 0.00126760|val_loss 0.00021857
Epoch 466|time: 3.27s|train_loss 0.00125948|val_loss 0.00021389
Epoch 467|time: 3.15s|train_loss 0.00127165|val_loss 0.00021698
Epoch 468|time: 3.23s|train_loss 0.00126196|val_loss 0.00021398
Epoch 469|time: 3.30s|train_loss 0.00124482|val_loss 0.00021663
Epoch 470|time: 3.14s|train_loss 0.00124923|val_loss 0.00021289
Epoch 471|time: 3.15s|train_loss 0.00123739|val_loss 0.00023063
Epoch 472|time: 3.37s|train_loss 0.00126850|val_loss 0.00021157
Epoch 473|time: 3.16s|train_loss 0.00126552|val_loss 0.00021065
Epoch 474|time: 3.17s|train_loss 0.00125760|val_loss 0.00021337
Epoch 475|time: 3.16s|train_loss 0.00124111|val_loss 0.00021926
Epoch 476|time: 3.16s|train_loss 0.00126909|val_loss 0.00021165
Epoch 477|time: 3.15s|train_loss 0.00127685|val_loss 0.00021090
Epoch 478|time: 3.27s|train_loss 0.00126372|val_loss 0.00022083
Epoch 479|time: 3.14s|train_loss 0.00128399|val_loss 0.00021808
Epoch 480|time: 3.15s|train_loss 0.00124835|val_loss 0.00023081
Epoch 481|time: 3.20s|train_loss 0.00128054|val_loss 0.00020932
Best validation epoch: 481 Tue May 23 15:24:52 2023
TEST MAE 0.2899 | std 0.0880 | RMSE 0.4432 | RMSEs 0.4255 | PCC 0.8869 | PCCs 0.8447 | R2 0.7794 | R2s 0.6624 | Var 0.7800 | Vars 0.6746 | Peak 0.1708
Epoch 482|time: 3.22s|train_loss 0.00124949|val_loss 0.00021202
Epoch 483|time: 3.15s|train_loss 0.00126378|val_loss 0.00021608
Epoch 484|time: 3.19s|train_loss 0.00129695|val_loss 0.00021731
Epoch 485|time: 3.15s|train_loss 0.00125264|val_loss 0.00022051
Epoch 486|time: 3.23s|train_loss 0.00125504|val_loss 0.00022517
Epoch 487|time: 3.14s|train_loss 0.00123923|val_loss 0.00021086
Epoch 488|time: 3.27s|train_loss 0.00122960|val_loss 0.00021064
Epoch 489|time: 3.14s|train_loss 0.00125531|val_loss 0.00021269
Epoch 490|time: 3.15s|train_loss 0.00124000|val_loss 0.00022646
Epoch 491|time: 3.16s|train_loss 0.00130674|val_loss 0.00021419
Epoch 492|time: 3.23s|train_loss 0.00122538|val_loss 0.00021620
Epoch 493|time: 3.15s|train_loss 0.00126892|val_loss 0.00021500
Epoch 494|time: 3.27s|train_loss 0.00126855|val_loss 0.00020900
Best validation epoch: 494 Tue May 23 15:25:34 2023
TEST MAE 0.3100 | std 0.0841 | RMSE 0.4704 | RMSEs 0.4548 | PCC 0.8721 | PCCs 0.8178 | R2 0.7515 | R2s 0.6066 | Var 0.7516 | Vars 0.6176 | Peak 0.1876
Epoch 495|time: 3.16s|train_loss 0.00124603|val_loss 0.00022731
Epoch 496|time: 3.13s|train_loss 0.00124163|val_loss 0.00021506
Epoch 497|time: 3.27s|train_loss 0.00123755|val_loss 0.00021337
Epoch 498|time: 3.14s|train_loss 0.00128263|val_loss 0.00021740
Epoch 499|time: 3.16s|train_loss 0.00125597|val_loss 0.00020967
Epoch 500|time: 3.40s|train_loss 0.00122462|val_loss 0.00020980
Final evaluation
TEST MAE 0.3100 | std 0.0841 | RMSE 0.4704 | RMSEs 0.4548 | PCC 0.8721 | PCCs 0.8178 | R2 0.7515 | R2s 0.6066 | Var 0.7516 | Vars 0.6176 | Peak 0.1876
