--------Parameters--------
Namespace(batch=32, bi=False, check_point=1, cuda=False, dataset='us_hhs', dropout=0.2, epilambda=1.0, epochs=500, gpu=3, hidsp=15, horizon=1, k=10, lamda=0.01, lr=0.1, model='cola_gnn_epi', mylog=False, n_hidden=30, n_layer=1, patience=200, rnn_model='RNN', save_dir='save', seed=42, shuffle=False, sim_mat='us_hhs-adj', test=0.2, train=0.6, val=0.2, weight_decay=0.0005, window=20)
--------------------------
data shape (364, 10)
size of train/val/test sets 198 73 73
#params: 9885
begin training
Epoch   1|time: 3.48s|train_loss 0.01819014|val_loss 0.00667006
Best validation epoch: 1 Tue May 23 01:20:20 2023
TEST MAE 8.9554 | std 2.6930 | RMSE 9.4229 | RMSEs 9.0255 | PCC -0.2934 | PCCs 0.2847 | R2 -98.7427 | R2s -154.3340 | Var -8.6530 | Vars -1.1428 | Peak 3.5104
Epoch   2|time: 3.57s|train_loss 0.01195691|val_loss 0.00971281
Epoch   3|time: 3.68s|train_loss 0.01222349|val_loss 0.00806439
Epoch   4|time: 3.70s|train_loss 0.01040863|val_loss 0.00874622
Epoch   5|time: 3.48s|train_loss 0.00856015|val_loss 0.00113308
Best validation epoch: 5 Tue May 23 01:20:36 2023
TEST MAE 1.5614 | std 0.5271 | RMSE 1.8208 | RMSEs 1.7349 | PCC 0.1283 | PCCs -0.5757 | R2 -2.7241 | R2s -4.3968 | Var 0.0144 | Vars -0.0028 | Peak 0.8753
Epoch   6|time: 3.62s|train_loss 0.00673860|val_loss 0.00387387
Epoch   7|time: 3.58s|train_loss 0.00685371|val_loss 0.00080937
Best validation epoch: 7 Tue May 23 01:20:44 2023
TEST MAE 1.1236 | std 0.4211 | RMSE 1.4281 | RMSEs 1.3538 | PCC 0.4360 | PCCs -0.7054 | R2 -1.2911 | R2s -2.2274 | Var 0.1270 | Vars -0.0032 | Peak 0.7130
Epoch   8|time: 3.53s|train_loss 0.00560992|val_loss 0.00154694
Epoch   9|time: 3.46s|train_loss 0.00535983|val_loss 0.00076829
Best validation epoch: 9 Tue May 23 01:20:51 2023
TEST MAE 0.8373 | std 0.1722 | RMSE 0.9731 | RMSEs 0.9519 | PCC 0.5193 | PCCs 0.9295 | R2 -0.0638 | R2s -0.8062 | Var 0.2602 | Vars 0.0419 | Peak 0.2081
Epoch  10|time: 3.62s|train_loss 0.00513096|val_loss 0.00110153
Epoch  11|time: 3.58s|train_loss 0.00556465|val_loss 0.00069198
Best validation epoch: 11 Tue May 23 01:20:59 2023
TEST MAE 0.7409 | std 0.1446 | RMSE 0.8816 | RMSEs 0.8630 | PCC 0.5126 | PCCs 0.9194 | R2 0.1269 | R2s -0.4335 | Var 0.2605 | Vars 0.0221 | Peak 0.2247
Epoch  12|time: 3.59s|train_loss 0.00519962|val_loss 0.00054739
Best validation epoch: 12 Tue May 23 01:21:04 2023
TEST MAE 0.5885 | std 0.1688 | RMSE 0.8139 | RMSEs 0.7778 | PCC 0.5418 | PCCs 0.9154 | R2 0.2559 | R2s -0.0638 | Var 0.2786 | Vars 0.0361 | Peak 0.3437
Epoch  13|time: 3.60s|train_loss 0.00511060|val_loss 0.00093798
Epoch  14|time: 3.43s|train_loss 0.00506039|val_loss 0.00079045
Epoch  15|time: 3.48s|train_loss 0.00503163|val_loss 0.00052359
Best validation epoch: 15 Tue May 23 01:21:15 2023
TEST MAE 0.5861 | std 0.1957 | RMSE 0.8451 | RMSEs 0.8005 | PCC 0.5657 | PCCs 0.8953 | R2 0.1976 | R2s -0.1145 | Var 0.2863 | Vars 0.0545 | Peak 0.3913
Epoch  16|time: 3.47s|train_loss 0.00734703|val_loss 0.00045084
Best validation epoch: 16 Tue May 23 01:21:19 2023
TEST MAE 0.5753 | std 0.2231 | RMSE 0.8483 | RMSEs 0.7991 | PCC 0.7920 | PCCs 0.9120 | R2 0.1917 | R2s -0.1057 | Var 0.4488 | Vars 0.2892 | Peak 0.4234
Epoch  17|time: 3.45s|train_loss 0.00634032|val_loss 0.00060814
Epoch  18|time: 3.66s|train_loss 0.00584579|val_loss 0.00104807
Epoch  19|time: 3.53s|train_loss 0.00596063|val_loss 0.00092425
Epoch  20|time: 3.46s|train_loss 0.00541662|val_loss 0.00068081
Epoch  21|time: 3.44s|train_loss 0.00536141|val_loss 0.00084088
Epoch  22|time: 3.59s|train_loss 0.00572183|val_loss 0.00042336
Best validation epoch: 22 Tue May 23 01:21:41 2023
TEST MAE 0.6529 | std 0.2547 | RMSE 0.8752 | RMSEs 0.8307 | PCC 0.9063 | PCCs 0.8910 | R2 0.1395 | R2s -0.2174 | Var 0.6092 | Vars 0.5160 | Peak 0.4358
Epoch  23|time: 3.47s|train_loss 0.00569606|val_loss 0.00046323
Epoch  24|time: 3.61s|train_loss 0.00623415|val_loss 0.00173595
Epoch  25|time: 3.45s|train_loss 0.00575184|val_loss 0.00056058
Epoch  26|time: 3.49s|train_loss 0.00560087|val_loss 0.00177891
Epoch  27|time: 3.59s|train_loss 0.00633304|val_loss 0.00135018
Epoch  28|time: 3.58s|train_loss 0.00583739|val_loss 0.00134871
Epoch  29|time: 3.52s|train_loss 0.00619650|val_loss 0.00120515
Epoch  30|time: 3.50s|train_loss 0.00587523|val_loss 0.00137376
Epoch  31|time: 3.53s|train_loss 0.00583995|val_loss 0.00072843
Epoch  32|time: 3.56s|train_loss 0.00542888|val_loss 0.00100572
Epoch  33|time: 3.59s|train_loss 0.00572322|val_loss 0.00069629
Epoch  34|time: 3.49s|train_loss 0.00554792|val_loss 0.00052857
Epoch  35|time: 3.59s|train_loss 0.00533704|val_loss 0.00072512
Epoch  36|time: 3.57s|train_loss 0.00565210|val_loss 0.00159689
Epoch  37|time: 3.55s|train_loss 0.00576528|val_loss 0.00115713
Epoch  38|time: 3.68s|train_loss 0.00558187|val_loss 0.00062248
Epoch  39|time: 3.50s|train_loss 0.00552300|val_loss 0.00052127
Epoch  40|time: 3.50s|train_loss 0.00527062|val_loss 0.00044995
Epoch  41|time: 3.48s|train_loss 0.00571078|val_loss 0.00106088
Epoch  42|time: 3.57s|train_loss 0.00600128|val_loss 0.00079458
Epoch  43|time: 3.48s|train_loss 0.00543912|val_loss 0.00092252
Epoch  44|time: 3.59s|train_loss 0.00546408|val_loss 0.00071802
Epoch  45|time: 3.50s|train_loss 0.00549859|val_loss 0.00065326
Epoch  46|time: 3.54s|train_loss 0.00537980|val_loss 0.00061694
Epoch  47|time: 3.61s|train_loss 0.00550989|val_loss 0.00150913
Epoch  48|time: 3.48s|train_loss 0.00588377|val_loss 0.00139074
Epoch  49|time: 3.51s|train_loss 0.00577900|val_loss 0.00056070
Epoch  50|time: 3.70s|train_loss 0.00534896|val_loss 0.00066318
Epoch  51|time: 3.48s|train_loss 0.00552775|val_loss 0.00054526
Epoch  52|time: 3.61s|train_loss 0.00544968|val_loss 0.00058021
Epoch  53|time: 3.43s|train_loss 0.00543614|val_loss 0.00043330
Epoch  54|time: 3.48s|train_loss 0.00833896|val_loss 0.00468411
Epoch  55|time: 3.51s|train_loss 0.00700302|val_loss 0.00184306
Epoch  56|time: 3.55s|train_loss 0.00626702|val_loss 0.00098977
Epoch  57|time: 3.50s|train_loss 0.00581548|val_loss 0.00132472
Epoch  58|time: 3.53s|train_loss 0.00556810|val_loss 0.00200193
Epoch  59|time: 3.47s|train_loss 0.00628706|val_loss 0.00166637
Epoch  60|time: 3.57s|train_loss 0.00603163|val_loss 0.00130580
Epoch  61|time: 3.60s|train_loss 0.00604681|val_loss 0.00077348
Epoch  62|time: 3.47s|train_loss 0.00567629|val_loss 0.00054387
Epoch  63|time: 3.47s|train_loss 0.00551898|val_loss 0.00135550
Epoch  64|time: 3.67s|train_loss 0.00576241|val_loss 0.00123438
Epoch  65|time: 3.46s|train_loss 0.00564220|val_loss 0.00087730
Epoch  66|time: 3.51s|train_loss 0.00578428|val_loss 0.00128709
Epoch  67|time: 3.53s|train_loss 0.00580294|val_loss 0.00145134
Epoch  68|time: 3.48s|train_loss 0.00618586|val_loss 0.00317175
Epoch  69|time: 3.46s|train_loss 0.00692126|val_loss 0.00219719
Epoch  70|time: 3.64s|train_loss 0.00609188|val_loss 0.00065578
Epoch  71|time: 3.56s|train_loss 0.00583989|val_loss 0.00124318
Epoch  72|time: 3.59s|train_loss 0.00571694|val_loss 0.00204230
Epoch  73|time: 3.48s|train_loss 0.00575921|val_loss 0.00105229
Epoch  74|time: 3.62s|train_loss 0.00593707|val_loss 0.00084084
Epoch  75|time: 3.46s|train_loss 0.00552312|val_loss 0.00140421
Epoch  76|time: 3.50s|train_loss 0.00600571|val_loss 0.00053284
Epoch  77|time: 3.56s|train_loss 0.00588642|val_loss 0.00122889
Epoch  78|time: 3.64s|train_loss 0.00556149|val_loss 0.00053492
Epoch  79|time: 3.46s|train_loss 0.00540712|val_loss 0.00106472
Epoch  80|time: 3.50s|train_loss 0.00557570|val_loss 0.00065337
Epoch  81|time: 3.65s|train_loss 0.00570755|val_loss 0.00112296
Epoch  82|time: 3.55s|train_loss 0.00568625|val_loss 0.00055098
Epoch  83|time: 3.67s|train_loss 0.00571371|val_loss 0.00102650
Epoch  84|time: 3.55s|train_loss 0.00540519|val_loss 0.00072122
Epoch  85|time: 3.49s|train_loss 0.00535113|val_loss 0.00055849
Epoch  86|time: 3.54s|train_loss 0.00534055|val_loss 0.00069548
Epoch  87|time: 3.57s|train_loss 0.00551404|val_loss 0.00117024
Epoch  88|time: 2.88s|train_loss 0.00565722|val_loss 0.00113969
Epoch  89|time: 2.15s|train_loss 0.00573400|val_loss 0.00108908
Epoch  90|time: 2.17s|train_loss 0.00544392|val_loss 0.00050662
Epoch  91|time: 2.14s|train_loss 0.00522142|val_loss 0.00060377
Epoch  92|time: 2.22s|train_loss 0.00539768|val_loss 0.00060788
Epoch  93|time: 2.19s|train_loss 0.00537384|val_loss 0.00106844
Epoch  94|time: 2.30s|train_loss 0.00532999|val_loss 0.00105749
Epoch  95|time: 2.13s|train_loss 0.00592310|val_loss 0.00080805
Epoch  96|time: 2.26s|train_loss 0.00564877|val_loss 0.00054470
Epoch  97|time: 2.34s|train_loss 0.00571054|val_loss 0.00031384
Best validation epoch: 97 Tue May 23 01:25:55 2023
TEST MAE 0.4225 | std 0.1247 | RMSE 0.5989 | RMSEs 0.5769 | PCC 0.8662 | PCCs 0.7831 | R2 0.5970 | R2s 0.4049 | Var 0.6793 | Vars 0.5327 | Peak 0.2741
Epoch  98|time: 3.24s|train_loss 0.00526223|val_loss 0.00031979
Epoch  99|time: 3.55s|train_loss 0.00529934|val_loss 0.00149156
Epoch 100|time: 3.50s|train_loss 0.00546933|val_loss 0.00154103
Epoch 101|time: 3.67s|train_loss 0.00587743|val_loss 0.00042135
Epoch 102|time: 3.52s|train_loss 0.00608070|val_loss 0.00137203
Epoch 103|time: 3.62s|train_loss 0.00656537|val_loss 0.00044469
Epoch 104|time: 3.65s|train_loss 0.00555856|val_loss 0.00038774
Epoch 105|time: 3.55s|train_loss 0.00521058|val_loss 0.00104117
Epoch 106|time: 3.61s|train_loss 0.00544256|val_loss 0.00131696
Epoch 107|time: 3.73s|train_loss 0.00581088|val_loss 0.00189307
Epoch 108|time: 3.52s|train_loss 0.00570111|val_loss 0.00058191
Epoch 109|time: 3.62s|train_loss 0.00525171|val_loss 0.00114501
Epoch 110|time: 3.61s|train_loss 0.00559296|val_loss 0.00124741
Epoch 111|time: 3.63s|train_loss 0.00558916|val_loss 0.00141251
Epoch 112|time: 3.65s|train_loss 0.00568163|val_loss 0.00053243
Epoch 113|time: 3.48s|train_loss 0.00541281|val_loss 0.00106687
Epoch 114|time: 3.47s|train_loss 0.00588116|val_loss 0.00104989
Epoch 115|time: 3.57s|train_loss 0.00664861|val_loss 0.00054441
Epoch 116|time: 3.44s|train_loss 0.00537781|val_loss 0.00052050
Epoch 117|time: 3.70s|train_loss 0.00516562|val_loss 0.00052147
Epoch 118|time: 3.53s|train_loss 0.00511398|val_loss 0.00070537
Epoch 119|time: 3.50s|train_loss 0.00547820|val_loss 0.00161684
Epoch 120|time: 3.52s|train_loss 0.00576389|val_loss 0.00087245
Epoch 121|time: 3.79s|train_loss 0.00548917|val_loss 0.00109787
Epoch 122|time: 3.54s|train_loss 0.00513136|val_loss 0.00038842
Epoch 123|time: 3.57s|train_loss 0.00557348|val_loss 0.00062781
Epoch 124|time: 3.66s|train_loss 0.00561995|val_loss 0.00149234
Epoch 125|time: 3.62s|train_loss 0.00562627|val_loss 0.00078061
Epoch 126|time: 3.73s|train_loss 0.00533466|val_loss 0.00053697
Epoch 127|time: 3.61s|train_loss 0.00516290|val_loss 0.00133867
Epoch 128|time: 3.49s|train_loss 0.00524179|val_loss 0.00116143
Epoch 129|time: 3.54s|train_loss 0.00552847|val_loss 0.00087571
Epoch 130|time: 3.53s|train_loss 0.00535979|val_loss 0.00170868
Epoch 131|time: 3.54s|train_loss 0.01208306|val_loss 0.00092664
Epoch 132|time: 3.65s|train_loss 0.00858956|val_loss 0.00208657
Epoch 133|time: 3.56s|train_loss 0.00734948|val_loss 0.00076885
Epoch 134|time: 3.51s|train_loss 0.00716453|val_loss 0.00087862
Epoch 135|time: 3.69s|train_loss 0.00689997|val_loss 0.00072409
Epoch 136|time: 3.58s|train_loss 0.00725857|val_loss 0.00177204
Epoch 137|time: 3.62s|train_loss 0.00750954|val_loss 0.00301077
Epoch 138|time: 3.70s|train_loss 0.00783902|val_loss 0.00258443
Epoch 139|time: 3.67s|train_loss 0.00765089|val_loss 0.00358280
Epoch 140|time: 3.55s|train_loss 0.00807022|val_loss 0.00160598
Epoch 141|time: 3.55s|train_loss 0.00692755|val_loss 0.00157783
Epoch 142|time: 3.43s|train_loss 0.00698673|val_loss 0.00086700
Epoch 143|time: 3.45s|train_loss 0.00651158|val_loss 0.00123622
Epoch 144|time: 3.57s|train_loss 0.00696001|val_loss 0.00074354
Epoch 145|time: 3.51s|train_loss 0.00657706|val_loss 0.00058819
Epoch 146|time: 3.50s|train_loss 0.00646130|val_loss 0.00059949
Epoch 147|time: 3.46s|train_loss 0.00645861|val_loss 0.00115473
Epoch 148|time: 3.47s|train_loss 0.00648611|val_loss 0.00062263
Epoch 149|time: 3.57s|train_loss 0.00635956|val_loss 0.00053598
Epoch 150|time: 3.48s|train_loss 0.00640125|val_loss 0.00072789
Epoch 151|time: 3.46s|train_loss 0.00637780|val_loss 0.00073491
Epoch 152|time: 3.42s|train_loss 0.00638886|val_loss 0.00071705
Epoch 153|time: 3.50s|train_loss 0.00646623|val_loss 0.00064434
Epoch 154|time: 3.45s|train_loss 0.00625510|val_loss 0.00072929
Epoch 155|time: 3.57s|train_loss 0.00637637|val_loss 0.00115022
Epoch 156|time: 3.39s|train_loss 0.00698759|val_loss 0.00067041
Epoch 157|time: 3.42s|train_loss 0.00743674|val_loss 0.00243653
Epoch 158|time: 3.54s|train_loss 0.00684096|val_loss 0.00056292
Epoch 159|time: 3.44s|train_loss 0.00641366|val_loss 0.00097371
Epoch 160|time: 3.54s|train_loss 0.00577146|val_loss 0.00063775
Epoch 161|time: 3.45s|train_loss 0.00576040|val_loss 0.00055841
Epoch 162|time: 3.43s|train_loss 0.00576690|val_loss 0.00054291
Epoch 163|time: 3.55s|train_loss 0.00586495|val_loss 0.00055122
Epoch 164|time: 3.42s|train_loss 0.00574287|val_loss 0.00076172
Epoch 165|time: 3.44s|train_loss 0.00589419|val_loss 0.00062239
Epoch 166|time: 3.52s|train_loss 0.00575821|val_loss 0.00059439
Epoch 167|time: 4.37s|train_loss 0.00568017|val_loss 0.00068298
Epoch 168|time: 4.09s|train_loss 0.00579452|val_loss 0.00053842
Epoch 169|time: 3.60s|train_loss 0.00573018|val_loss 0.00080031
Epoch 170|time: 3.51s|train_loss 0.00578179|val_loss 0.00054203
Epoch 171|time: 3.68s|train_loss 0.00576601|val_loss 0.00059576
Epoch 172|time: 3.56s|train_loss 0.00572007|val_loss 0.00070034
Epoch 173|time: 3.50s|train_loss 0.00578812|val_loss 0.00095014
Epoch 174|time: 3.64s|train_loss 0.00599672|val_loss 0.00053550
Epoch 175|time: 3.55s|train_loss 0.00569778|val_loss 0.00105654
Epoch 176|time: 3.51s|train_loss 0.00595145|val_loss 0.00054937
Epoch 177|time: 3.67s|train_loss 0.00583203|val_loss 0.00062688
Epoch 178|time: 3.48s|train_loss 0.00580482|val_loss 0.00058779
Epoch 179|time: 3.48s|train_loss 0.00572357|val_loss 0.00054113
Epoch 180|time: 3.72s|train_loss 0.00572238|val_loss 0.00103700
Epoch 181|time: 3.64s|train_loss 0.00586502|val_loss 0.00084950
Epoch 182|time: 3.67s|train_loss 0.00576240|val_loss 0.00058079
Epoch 183|time: 3.58s|train_loss 0.00581262|val_loss 0.00062304
Epoch 184|time: 3.54s|train_loss 0.00577739|val_loss 0.00071641
Epoch 185|time: 3.79s|train_loss 0.00580959|val_loss 0.00079237
Epoch 186|time: 3.50s|train_loss 0.00587150|val_loss 0.00071072
Epoch 187|time: 3.54s|train_loss 0.00576174|val_loss 0.00144680
Epoch 188|time: 3.60s|train_loss 0.00625254|val_loss 0.00119065
Epoch 189|time: 3.48s|train_loss 0.00627220|val_loss 0.00054650
Epoch 190|time: 3.44s|train_loss 0.00637440|val_loss 0.00162276
Epoch 191|time: 3.85s|train_loss 0.00594436|val_loss 0.00056893
Epoch 192|time: 3.57s|train_loss 0.00592896|val_loss 0.00062786
Epoch 193|time: 3.47s|train_loss 0.00578522|val_loss 0.00066799
Epoch 194|time: 3.65s|train_loss 0.00588971|val_loss 0.00054544
Epoch 195|time: 3.60s|train_loss 0.00576993|val_loss 0.00052541
Epoch 196|time: 3.78s|train_loss 0.00581898|val_loss 0.00193451
Epoch 197|time: 3.44s|train_loss 0.00633253|val_loss 0.00139292
Epoch 198|time: 3.52s|train_loss 0.00618225|val_loss 0.00053258
Epoch 199|time: 3.88s|train_loss 0.00648473|val_loss 0.00206995
Epoch 200|time: 3.53s|train_loss 0.00671165|val_loss 0.00054591
Epoch 201|time: 3.43s|train_loss 0.00588859|val_loss 0.00099626
Epoch 202|time: 3.71s|train_loss 0.00619907|val_loss 0.00108895
Epoch 203|time: 3.49s|train_loss 0.00630751|val_loss 0.00081466
Epoch 204|time: 3.56s|train_loss 0.00622692|val_loss 0.00143647
Epoch 205|time: 3.60s|train_loss 0.00594321|val_loss 0.00079351
Epoch 206|time: 3.47s|train_loss 0.00625263|val_loss 0.00112672
Epoch 207|time: 3.49s|train_loss 0.00611462|val_loss 0.00081133
Epoch 208|time: 3.44s|train_loss 0.00600463|val_loss 0.00123835
Epoch 209|time: 3.74s|train_loss 0.00631713|val_loss 0.00122051
Epoch 210|time: 3.56s|train_loss 0.00631523|val_loss 0.00053338
Epoch 211|time: 3.47s|train_loss 0.00570101|val_loss 0.00075592
Epoch 212|time: 3.53s|train_loss 0.00573653|val_loss 0.00052723
Epoch 213|time: 3.80s|train_loss 0.00564063|val_loss 0.00054895
Epoch 214|time: 3.49s|train_loss 0.00604372|val_loss 0.00181357
Epoch 215|time: 3.51s|train_loss 0.00609912|val_loss 0.00079135
Epoch 216|time: 3.54s|train_loss 0.00583430|val_loss 0.00112006
Epoch 217|time: 3.51s|train_loss 0.00592895|val_loss 0.00053604
Epoch 218|time: 3.64s|train_loss 0.00571272|val_loss 0.00053636
Epoch 219|time: 3.47s|train_loss 0.00605565|val_loss 0.00130319
Epoch 220|time: 3.44s|train_loss 0.00619735|val_loss 0.00054598
Epoch 221|time: 3.52s|train_loss 0.00583179|val_loss 0.00061985
Epoch 222|time: 3.45s|train_loss 0.00604759|val_loss 0.00160355
Epoch 223|time: 3.55s|train_loss 0.00594322|val_loss 0.00099379
Epoch 224|time: 3.50s|train_loss 0.00561981|val_loss 0.00125172
Epoch 225|time: 3.49s|train_loss 0.00580688|val_loss 0.00083284
Epoch 226|time: 3.53s|train_loss 0.00571989|val_loss 0.00091061
Epoch 227|time: 3.69s|train_loss 0.00579214|val_loss 0.00145382
Epoch 228|time: 3.46s|train_loss 0.00553326|val_loss 0.00068341
Epoch 229|time: 3.51s|train_loss 0.00529902|val_loss 0.00086430
Epoch 230|time: 3.57s|train_loss 0.00555440|val_loss 0.00054279
Epoch 231|time: 3.56s|train_loss 0.00588370|val_loss 0.00183158
Epoch 232|time: 3.51s|train_loss 0.00616702|val_loss 0.00054024
Epoch 233|time: 3.64s|train_loss 0.00614070|val_loss 0.00176775
Epoch 234|time: 3.48s|train_loss 0.00615758|val_loss 0.00337049
Epoch 235|time: 3.48s|train_loss 0.00630647|val_loss 0.00207442
Epoch 236|time: 3.76s|train_loss 0.00631149|val_loss 0.00246605
Epoch 237|time: 3.67s|train_loss 0.00645306|val_loss 0.00200293
Epoch 238|time: 3.54s|train_loss 0.00583292|val_loss 0.00070168
Epoch 239|time: 3.66s|train_loss 0.00559254|val_loss 0.00149544
Epoch 240|time: 3.52s|train_loss 0.00591304|val_loss 0.00119392
Epoch 241|time: 3.73s|train_loss 0.00534231|val_loss 0.00068369
Epoch 242|time: 3.52s|train_loss 0.00532209|val_loss 0.00053218
Epoch 243|time: 3.52s|train_loss 0.00538489|val_loss 0.00064252
Epoch 244|time: 3.60s|train_loss 0.00537562|val_loss 0.00068106
Epoch 245|time: 3.66s|train_loss 0.00527258|val_loss 0.00056589
Epoch 246|time: 3.60s|train_loss 0.00537295|val_loss 0.00107765
Epoch 247|time: 3.52s|train_loss 0.00530615|val_loss 0.00073141
Epoch 248|time: 3.50s|train_loss 0.00535716|val_loss 0.00078590
Epoch 249|time: 3.57s|train_loss 0.00543607|val_loss 0.00053280
Epoch 250|time: 3.52s|train_loss 0.00524097|val_loss 0.00141346
Epoch 251|time: 3.65s|train_loss 0.00537470|val_loss 0.00053215
Epoch 252|time: 3.57s|train_loss 0.00526100|val_loss 0.00102055
Epoch 253|time: 3.70s|train_loss 0.00529023|val_loss 0.00064244
Epoch 254|time: 3.50s|train_loss 0.00545863|val_loss 0.00087106
Epoch 255|time: 3.82s|train_loss 0.00531262|val_loss 0.00114278
Epoch 256|time: 3.63s|train_loss 0.00546891|val_loss 0.00053314
Epoch 257|time: 3.57s|train_loss 0.00593296|val_loss 0.00183238
Epoch 258|time: 3.74s|train_loss 0.00604446|val_loss 0.00057082
Epoch 259|time: 3.88s|train_loss 0.00528635|val_loss 0.00167923
Epoch 260|time: 3.65s|train_loss 0.00573273|val_loss 0.00109065
Epoch 261|time: 3.77s|train_loss 0.00571242|val_loss 0.00078746
Epoch 262|time: 3.92s|train_loss 0.00580266|val_loss 0.00093158
Epoch 263|time: 3.80s|train_loss 0.00567919|val_loss 0.00096933
Epoch 264|time: 4.73s|train_loss 0.00542371|val_loss 0.00090930
Epoch 265|time: 3.98s|train_loss 0.00550876|val_loss 0.00053784
Epoch 266|time: 5.26s|train_loss 0.00531253|val_loss 0.00169013
Epoch 267|time: 3.63s|train_loss 0.00547495|val_loss 0.00163583
Epoch 268|time: 3.75s|train_loss 0.00553353|val_loss 0.00055084
Epoch 269|time: 3.72s|train_loss 0.00540087|val_loss 0.00084808
Epoch 270|time: 3.62s|train_loss 0.00529077|val_loss 0.00081243
Epoch 271|time: 3.69s|train_loss 0.00529169|val_loss 0.00077068
Epoch 272|time: 3.62s|train_loss 0.00522961|val_loss 0.00062663
Epoch 273|time: 3.88s|train_loss 0.00537706|val_loss 0.00055941
Epoch 274|time: 3.61s|train_loss 0.00583385|val_loss 0.00174959
Epoch 275|time: 3.65s|train_loss 0.00579283|val_loss 0.00093926
Epoch 276|time: 3.73s|train_loss 0.00575704|val_loss 0.00095886
Epoch 277|time: 3.62s|train_loss 0.00558159|val_loss 0.00059434
Epoch 278|time: 3.74s|train_loss 0.00577466|val_loss 0.00154220
Epoch 279|time: 3.75s|train_loss 0.00564080|val_loss 0.00219707
Epoch 280|time: 3.66s|train_loss 0.00650446|val_loss 0.00256328
Epoch 281|time: 3.69s|train_loss 0.00634818|val_loss 0.00252936
Epoch 282|time: 3.79s|train_loss 0.00653082|val_loss 0.00236188
Epoch 283|time: 3.77s|train_loss 0.00639076|val_loss 0.00166752
Epoch 284|time: 3.84s|train_loss 0.00577800|val_loss 0.00111876
Epoch 285|time: 3.60s|train_loss 0.00566542|val_loss 0.00105194
Epoch 286|time: 3.66s|train_loss 0.00543289|val_loss 0.00063982
Epoch 287|time: 3.87s|train_loss 0.00522391|val_loss 0.00085108
Epoch 288|time: 3.65s|train_loss 0.00609263|val_loss 0.00269852
Epoch 289|time: 3.65s|train_loss 0.00666203|val_loss 0.00370786
Epoch 290|time: 3.68s|train_loss 0.00653572|val_loss 0.00155588
Epoch 291|time: 3.90s|train_loss 0.00605376|val_loss 0.00057320
Epoch 292|time: 3.85s|train_loss 0.00549767|val_loss 0.00054090
Epoch 293|time: 3.67s|train_loss 0.00538226|val_loss 0.00054952
Epoch 294|time: 3.67s|train_loss 0.00526940|val_loss 0.00055523
Epoch 295|time: 3.76s|train_loss 0.00532444|val_loss 0.00055017
Epoch 296|time: 3.66s|train_loss 0.00515101|val_loss 0.00053907
Epoch 297|time: 3.73s|train_loss 0.00520935|val_loss 0.00095354
Final evaluation
TEST MAE 0.4225 | std 0.1247 | RMSE 0.5989 | RMSEs 0.5769 | PCC 0.8662 | PCCs 0.7831 | R2 0.5970 | R2s 0.4049 | Var 0.6793 | Vars 0.5327 | Peak 0.2741
