--------Parameters--------
Namespace(batch=32, bi=False, check_point=1, cuda=False, dataset='us_hhs', dropout=0.2, epilambda=0.1, epochs=500, gpu=3, hidsp=15, horizon=4, k=10, lamda=0.01, lr=0.001, model='cola_gnn_epi', mylog=False, n_hidden=30, n_layer=1, patience=200, rnn_model='RNN', save_dir='save', seed=42, shuffle=False, sim_mat='us_hhs-adj', test=0.2, train=0.6, val=0.2, weight_decay=0.0005, window=20)
--------------------------
data shape (364, 10)
size of train/val/test sets 195 73 73
#params: 9885
begin training
Epoch   1|time: 4.09s|train_loss 0.00515257|val_loss 0.00157180
Best validation epoch: 1 Tue May 23 16:13:47 2023
TEST MAE 2.0245 | std 0.7551 | RMSE 2.4872 | RMSEs 2.3525 | PCC -0.6859 | PCCs -0.6820 | R2 -5.9493 | R2s -8.7915 | Var -1.3452 | Vars -1.5430 | Peak 1.2148
Epoch   2|time: 3.54s|train_loss 0.00330829|val_loss 0.00115573
Best validation epoch: 2 Tue May 23 16:13:52 2023
TEST MAE 1.2720 | std 0.2931 | RMSE 1.4653 | RMSEs 1.4267 | PCC 0.1542 | PCCs -0.6937 | R2 -1.4120 | R2s -3.2006 | Var -0.3950 | Vars -0.6830 | Peak 0.2755
Epoch   3|time: 3.66s|train_loss 0.00308892|val_loss 0.00077429
Best validation epoch: 3 Tue May 23 16:13:56 2023
TEST MAE 0.8190 | std 0.1689 | RMSE 0.9836 | RMSEs 0.9605 | PCC 0.3084 | PCCs -0.4180 | R2 -0.0869 | R2s -0.7562 | Var 0.0262 | Vars -0.2167 | Peak 0.2755
Epoch   4|time: 3.55s|train_loss 0.00273953|val_loss 0.00056284
Best validation epoch: 4 Tue May 23 16:14:01 2023
TEST MAE 0.7300 | std 0.3309 | RMSE 1.0797 | RMSEs 1.0010 | PCC 0.4443 | PCCs 0.1731 | R2 -0.3094 | R2s -0.7219 | Var 0.1818 | Vars 0.0378 | Peak 0.5290
Epoch   5|time: 4.05s|train_loss 0.00262957|val_loss 0.00055111
Best validation epoch: 5 Tue May 23 16:14:06 2023
TEST MAE 0.5866 | std 0.1401 | RMSE 0.7568 | RMSEs 0.7287 | PCC 0.6067 | PCCs 0.5104 | R2 0.3566 | R2s 0.0385 | Var 0.3625 | Vars 0.2210 | Peak 0.2691
Epoch   6|time: 3.54s|train_loss 0.00255218|val_loss 0.00043683
Best validation epoch: 6 Tue May 23 16:14:11 2023
TEST MAE 0.5114 | std 0.2336 | RMSE 0.8048 | RMSEs 0.7421 | PCC 0.7093 | PCCs 0.6296 | R2 0.2725 | R2s 0.0557 | Var 0.4485 | Vars 0.3490 | Peak 0.3672
Epoch   7|time: 3.56s|train_loss 0.00248771|val_loss 0.00040462
Best validation epoch: 7 Tue May 23 16:14:15 2023
TEST MAE 0.4355 | std 0.1461 | RMSE 0.6449 | RMSEs 0.6058 | PCC 0.7536 | PCCs 0.6929 | R2 0.5327 | R2s 0.3589 | Var 0.5470 | Vars 0.4541 | Peak 0.2654
Epoch   8|time: 3.70s|train_loss 0.00244204|val_loss 0.00037773
Best validation epoch: 8 Tue May 23 16:14:20 2023
TEST MAE 0.4133 | std 0.1831 | RMSE 0.6514 | RMSEs 0.6033 | PCC 0.7841 | PCCs 0.7248 | R2 0.5234 | R2s 0.3728 | Var 0.5917 | Vars 0.5087 | Peak 0.2812
Epoch   9|time: 4.01s|train_loss 0.00239203|val_loss 0.00035499
Best validation epoch: 9 Tue May 23 16:14:24 2023
TEST MAE 0.3831 | std 0.1532 | RMSE 0.6009 | RMSEs 0.5607 | PCC 0.8035 | PCCs 0.7471 | R2 0.5944 | R2s 0.4544 | Var 0.6272 | Vars 0.5416 | Peak 0.2547
Epoch  10|time: 3.97s|train_loss 0.00233281|val_loss 0.00033827
Best validation epoch: 10 Tue May 23 16:14:29 2023
TEST MAE 0.3668 | std 0.1349 | RMSE 0.5683 | RMSEs 0.5335 | PCC 0.8174 | PCCs 0.7622 | R2 0.6372 | R2s 0.5024 | Var 0.6538 | Vars 0.5660 | Peak 0.2371
Epoch  11|time: 3.69s|train_loss 0.00231213|val_loss 0.00033713
Best validation epoch: 11 Tue May 23 16:14:34 2023
TEST MAE 0.3779 | std 0.1694 | RMSE 0.6024 | RMSEs 0.5610 | PCC 0.8319 | PCCs 0.7760 | R2 0.5924 | R2s 0.4562 | Var 0.6701 | Vars 0.5858 | Peak 0.2598
Epoch  12|time: 3.59s|train_loss 0.00232184|val_loss 0.00032959
Best validation epoch: 12 Tue May 23 16:14:39 2023
TEST MAE 0.3667 | std 0.1002 | RMSE 0.5226 | RMSEs 0.4998 | PCC 0.8374 | PCCs 0.7843 | R2 0.6932 | R2s 0.5501 | Var 0.6933 | Vars 0.6004 | Peak 0.2049
Epoch  13|time: 3.51s|train_loss 0.00223806|val_loss 0.00031944
Best validation epoch: 13 Tue May 23 16:14:43 2023
TEST MAE 0.3581 | std 0.1516 | RMSE 0.5681 | RMSEs 0.5329 | PCC 0.8479 | PCCs 0.7912 | R2 0.6375 | R2s 0.5063 | Var 0.7040 | Vars 0.6139 | Peak 0.2411
Epoch  14|time: 3.49s|train_loss 0.00216895|val_loss 0.00029716
Best validation epoch: 14 Tue May 23 16:14:47 2023
TEST MAE 0.3234 | std 0.1224 | RMSE 0.5236 | RMSEs 0.4941 | PCC 0.8556 | PCCs 0.7999 | R2 0.6920 | R2s 0.5709 | Var 0.7180 | Vars 0.6243 | Peak 0.2173
Epoch  15|time: 4.27s|train_loss 0.00212965|val_loss 0.00028967
Best validation epoch: 15 Tue May 23 16:14:52 2023
TEST MAE 0.3169 | std 0.1167 | RMSE 0.5134 | RMSEs 0.4858 | PCC 0.8601 | PCCs 0.8038 | R2 0.7039 | R2s 0.5837 | Var 0.7271 | Vars 0.6311 | Peak 0.2114
Epoch  16|time: 3.72s|train_loss 0.00204872|val_loss 0.00029501
Epoch  17|time: 4.00s|train_loss 0.00203093|val_loss 0.00030622
Epoch  18|time: 4.45s|train_loss 0.00200884|val_loss 0.00027880
Best validation epoch: 18 Tue May 23 16:15:05 2023
TEST MAE 0.3180 | std 0.1188 | RMSE 0.5168 | RMSEs 0.4909 | PCC 0.8675 | PCCs 0.8084 | R2 0.7000 | R2s 0.5744 | Var 0.7408 | Vars 0.6398 | Peak 0.2131
Epoch  19|time: 2.46s|train_loss 0.00195885|val_loss 0.00036798
Epoch  20|time: 2.92s|train_loss 0.00199835|val_loss 0.00027668
Best validation epoch: 20 Tue May 23 16:15:12 2023
TEST MAE 0.3000 | std 0.0891 | RMSE 0.4713 | RMSEs 0.4512 | PCC 0.8730 | PCCs 0.8186 | R2 0.7504 | R2s 0.6338 | Var 0.7552 | Vars 0.6549 | Peak 0.1861
Epoch  21|time: 3.66s|train_loss 0.00194464|val_loss 0.00026981
Best validation epoch: 21 Tue May 23 16:15:16 2023
TEST MAE 0.2956 | std 0.0898 | RMSE 0.4663 | RMSEs 0.4461 | PCC 0.8753 | PCCs 0.8225 | R2 0.7558 | R2s 0.6423 | Var 0.7613 | Vars 0.6629 | Peak 0.1838
Epoch  22|time: 3.50s|train_loss 0.00192012|val_loss 0.00027608
Epoch  23|time: 3.39s|train_loss 0.00190305|val_loss 0.00026544
Best validation epoch: 23 Tue May 23 16:15:24 2023
TEST MAE 0.2964 | std 0.0998 | RMSE 0.4735 | RMSEs 0.4522 | PCC 0.8785 | PCCs 0.8266 | R2 0.7482 | R2s 0.6351 | Var 0.7676 | Vars 0.6696 | Peak 0.1877
Epoch  24|time: 3.37s|train_loss 0.00193473|val_loss 0.00026256
Best validation epoch: 24 Tue May 23 16:15:28 2023
TEST MAE 0.2917 | std 0.0866 | RMSE 0.4582 | RMSEs 0.4395 | PCC 0.8785 | PCCs 0.8258 | R2 0.7642 | R2s 0.6514 | Var 0.7692 | Vars 0.6685 | Peak 0.1793
Epoch  25|time: 3.38s|train_loss 0.00188159|val_loss 0.00027090
Epoch  26|time: 3.50s|train_loss 0.00188558|val_loss 0.00026363
Epoch  27|time: 3.40s|train_loss 0.00187741|val_loss 0.00026272
Epoch  28|time: 3.36s|train_loss 0.00186623|val_loss 0.00026244
Best validation epoch: 28 Tue May 23 16:15:42 2023
TEST MAE 0.2967 | std 0.0816 | RMSE 0.4457 | RMSEs 0.4294 | PCC 0.8814 | PCCs 0.8304 | R2 0.7769 | R2s 0.6642 | Var 0.7769 | Vars 0.6762 | Peak 0.1703
Epoch  29|time: 3.59s|train_loss 0.00186722|val_loss 0.00026088
Best validation epoch: 29 Tue May 23 16:15:46 2023
TEST MAE 0.2898 | std 0.0820 | RMSE 0.4446 | RMSEs 0.4279 | PCC 0.8827 | PCCs 0.8316 | R2 0.7780 | R2s 0.6673 | Var 0.7786 | Vars 0.6780 | Peak 0.1707
Epoch  30|time: 3.40s|train_loss 0.00185661|val_loss 0.00026015
Best validation epoch: 30 Tue May 23 16:15:51 2023
TEST MAE 0.2835 | std 0.0871 | RMSE 0.4518 | RMSEs 0.4338 | PCC 0.8835 | PCCs 0.8316 | R2 0.7707 | R2s 0.6604 | Var 0.7781 | Vars 0.6767 | Peak 0.1760
Epoch  31|time: 3.44s|train_loss 0.00186787|val_loss 0.00027109
Epoch  32|time: 3.48s|train_loss 0.00185527|val_loss 0.00025898
Best validation epoch: 32 Tue May 23 16:15:58 2023
TEST MAE 0.2886 | std 0.0930 | RMSE 0.4638 | RMSEs 0.4446 | PCC 0.8829 | PCCs 0.8297 | R2 0.7584 | R2s 0.6453 | Var 0.7747 | Vars 0.6726 | Peak 0.1819
Epoch  33|time: 3.36s|train_loss 0.00184739|val_loss 0.00026003
Epoch  34|time: 3.70s|train_loss 0.00184569|val_loss 0.00026458
Epoch  35|time: 3.38s|train_loss 0.00185572|val_loss 0.00027333
Epoch  36|time: 3.48s|train_loss 0.00183160|val_loss 0.00026150
Epoch  37|time: 3.50s|train_loss 0.00183177|val_loss 0.00025673
Best validation epoch: 37 Tue May 23 16:16:17 2023
TEST MAE 0.2978 | std 0.0791 | RMSE 0.4375 | RMSEs 0.4226 | PCC 0.8865 | PCCs 0.8373 | R2 0.7850 | R2s 0.6731 | Var 0.7856 | Vars 0.6874 | Peak 0.1640
Epoch  38|time: 3.36s|train_loss 0.00182529|val_loss 0.00024551
Best validation epoch: 38 Tue May 23 16:16:21 2023
TEST MAE 0.2950 | std 0.0787 | RMSE 0.4348 | RMSEs 0.4196 | PCC 0.8879 | PCCs 0.8404 | R2 0.7877 | R2s 0.6776 | Var 0.7882 | Vars 0.6908 | Peak 0.1634
Epoch  39|time: 3.54s|train_loss 0.00183165|val_loss 0.00025924
Epoch  40|time: 3.36s|train_loss 0.00186358|val_loss 0.00026562
Epoch  41|time: 3.36s|train_loss 0.00184844|val_loss 0.00024828
Epoch  42|time: 3.48s|train_loss 0.00182091|val_loss 0.00025152
Epoch  43|time: 3.38s|train_loss 0.00184435|val_loss 0.00028010
Epoch  44|time: 3.44s|train_loss 0.00185708|val_loss 0.00027934
Epoch  45|time: 3.57s|train_loss 0.00184262|val_loss 0.00025988
Epoch  46|time: 3.37s|train_loss 0.00179699|val_loss 0.00025326
Epoch  47|time: 3.39s|train_loss 0.00181160|val_loss 0.00024863
Epoch  48|time: 3.52s|train_loss 0.00178445|val_loss 0.00024974
Epoch  49|time: 3.50s|train_loss 0.00182020|val_loss 0.00024987
Epoch  50|time: 3.40s|train_loss 0.00179550|val_loss 0.00024195
Best validation epoch: 50 Tue May 23 16:17:03 2023
TEST MAE 0.2784 | std 0.0861 | RMSE 0.4295 | RMSEs 0.4126 | PCC 0.8933 | PCCs 0.8489 | R2 0.7928 | R2s 0.6917 | Var 0.7978 | Vars 0.7023 | Peak 0.1643
Epoch  51|time: 3.49s|train_loss 0.00178606|val_loss 0.00024845
Epoch  52|time: 3.44s|train_loss 0.00177724|val_loss 0.00024967
Epoch  53|time: 3.37s|train_loss 0.00177824|val_loss 0.00025257
Epoch  54|time: 3.47s|train_loss 0.00178173|val_loss 0.00024506
Epoch  55|time: 3.36s|train_loss 0.00178610|val_loss 0.00025502
Epoch  56|time: 3.36s|train_loss 0.00177800|val_loss 0.00024864
Epoch  57|time: 3.50s|train_loss 0.00177312|val_loss 0.00026742
Epoch  58|time: 3.36s|train_loss 0.00179246|val_loss 0.00023975
Best validation epoch: 58 Tue May 23 16:17:31 2023
TEST MAE 0.2749 | std 0.0812 | RMSE 0.4214 | RMSEs 0.4060 | PCC 0.8950 | PCCs 0.8508 | R2 0.8005 | R2s 0.6991 | Var 0.8007 | Vars 0.7059 | Peak 0.1612
Epoch  59|time: 3.42s|train_loss 0.00179929|val_loss 0.00027071
Epoch  60|time: 3.38s|train_loss 0.00178003|val_loss 0.00026611
Epoch  61|time: 3.38s|train_loss 0.00182456|val_loss 0.00024033
Epoch  62|time: 3.55s|train_loss 0.00175560|val_loss 0.00023887
Best validation epoch: 62 Tue May 23 16:17:45 2023
TEST MAE 0.2738 | std 0.0849 | RMSE 0.4238 | RMSEs 0.4073 | PCC 0.8954 | PCCs 0.8522 | R2 0.7983 | R2s 0.6995 | Var 0.8017 | Vars 0.7084 | Peak 0.1623
Epoch  63|time: 3.36s|train_loss 0.00174222|val_loss 0.00025091
Epoch  64|time: 3.37s|train_loss 0.00175233|val_loss 0.00026305
Epoch  65|time: 3.49s|train_loss 0.00173459|val_loss 0.00024423
Epoch  66|time: 3.37s|train_loss 0.00174480|val_loss 0.00023179
Best validation epoch: 66 Tue May 23 16:18:00 2023
TEST MAE 0.2773 | std 0.0822 | RMSE 0.4193 | RMSEs 0.4032 | PCC 0.8968 | PCCs 0.8562 | R2 0.8025 | R2s 0.7040 | Var 0.8026 | Vars 0.7110 | Peak 0.1591
Epoch  67|time: 3.48s|train_loss 0.00173564|val_loss 0.00026036
Epoch  68|time: 3.62s|train_loss 0.00175786|val_loss 0.00027960
Epoch  69|time: 3.37s|train_loss 0.00175011|val_loss 0.00025236
Epoch  70|time: 3.37s|train_loss 0.00173669|val_loss 0.00023734
Epoch  71|time: 3.50s|train_loss 0.00176605|val_loss 0.00023577
Epoch  72|time: 3.37s|train_loss 0.00174547|val_loss 0.00023851
Epoch  73|time: 3.37s|train_loss 0.00173634|val_loss 0.00023943
Epoch  74|time: 3.51s|train_loss 0.00171442|val_loss 0.00024348
Epoch  75|time: 3.37s|train_loss 0.00170302|val_loss 0.00023741
Epoch  76|time: 3.47s|train_loss 0.00169381|val_loss 0.00023785
Epoch  77|time: 3.37s|train_loss 0.00173924|val_loss 0.00024398
Epoch  78|time: 3.37s|train_loss 0.00168656|val_loss 0.00024140
Epoch  79|time: 3.43s|train_loss 0.00168384|val_loss 0.00028198
Epoch  80|time: 3.36s|train_loss 0.00168913|val_loss 0.00024601
Epoch  81|time: 3.35s|train_loss 0.00171790|val_loss 0.00027701
Epoch  82|time: 3.48s|train_loss 0.00169007|val_loss 0.00024077
Epoch  83|time: 3.37s|train_loss 0.00166761|val_loss 0.00025409
Epoch  84|time: 3.37s|train_loss 0.00165076|val_loss 0.00024804
Epoch  85|time: 3.50s|train_loss 0.00164331|val_loss 0.00023804
Epoch  86|time: 3.44s|train_loss 0.00167504|val_loss 0.00024615
Epoch  87|time: 3.38s|train_loss 0.00167175|val_loss 0.00023944
Epoch  88|time: 3.43s|train_loss 0.00162087|val_loss 0.00023679
Epoch  89|time: 3.36s|train_loss 0.00161296|val_loss 0.00024309
Epoch  90|time: 3.46s|train_loss 0.00161246|val_loss 0.00024120
Epoch  91|time: 3.57s|train_loss 0.00161713|val_loss 0.00023683
Epoch  92|time: 3.37s|train_loss 0.00159377|val_loss 0.00023971
Epoch  93|time: 3.36s|train_loss 0.00161448|val_loss 0.00027040
Epoch  94|time: 3.57s|train_loss 0.00160638|val_loss 0.00024772
Epoch  95|time: 3.37s|train_loss 0.00163632|val_loss 0.00026439
Epoch  96|time: 3.43s|train_loss 0.00160636|val_loss 0.00028390
Epoch  97|time: 3.63s|train_loss 0.00159430|val_loss 0.00024886
Epoch  98|time: 3.36s|train_loss 0.00159349|val_loss 0.00024334
Epoch  99|time: 3.36s|train_loss 0.00168848|val_loss 0.00023172
Best validation epoch: 99 Tue May 23 16:19:53 2023
TEST MAE 0.2671 | std 0.0851 | RMSE 0.4124 | RMSEs 0.3954 | PCC 0.9002 | PCCs 0.8605 | R2 0.8090 | R2s 0.7173 | Var 0.8103 | Vars 0.7241 | Peak 0.1580
Epoch 100|time: 3.57s|train_loss 0.00159409|val_loss 0.00028286
Epoch 101|time: 3.37s|train_loss 0.00158307|val_loss 0.00024030
Epoch 102|time: 3.38s|train_loss 0.00160744|val_loss 0.00027632
Epoch 103|time: 3.63s|train_loss 0.00158663|val_loss 0.00023877
Epoch 104|time: 3.46s|train_loss 0.00156607|val_loss 0.00024042
Epoch 105|time: 3.50s|train_loss 0.00157759|val_loss 0.00024098
Epoch 106|time: 3.37s|train_loss 0.00159552|val_loss 0.00023304
Epoch 107|time: 3.37s|train_loss 0.00156713|val_loss 0.00024704
Epoch 108|time: 3.58s|train_loss 0.00156409|val_loss 0.00026654
Epoch 109|time: 3.37s|train_loss 0.00156763|val_loss 0.00026109
Epoch 110|time: 3.37s|train_loss 0.00158854|val_loss 0.00023483
Epoch 111|time: 3.46s|train_loss 0.00159737|val_loss 0.00024408
Epoch 112|time: 3.37s|train_loss 0.00154842|val_loss 0.00023849
Epoch 113|time: 3.36s|train_loss 0.00153379|val_loss 0.00024230
Epoch 114|time: 3.61s|train_loss 0.00154543|val_loss 0.00024161
Epoch 115|time: 3.38s|train_loss 0.00154095|val_loss 0.00024412
Epoch 116|time: 3.38s|train_loss 0.00154358|val_loss 0.00024324
Epoch 117|time: 3.45s|train_loss 0.00158345|val_loss 0.00023370
Epoch 118|time: 3.45s|train_loss 0.00161980|val_loss 0.00024192
Epoch 119|time: 3.37s|train_loss 0.00153768|val_loss 0.00023486
Epoch 120|time: 3.45s|train_loss 0.00156951|val_loss 0.00023809
Epoch 121|time: 3.37s|train_loss 0.00153938|val_loss 0.00024053
Epoch 122|time: 3.48s|train_loss 0.00152801|val_loss 0.00024113
Epoch 123|time: 3.47s|train_loss 0.00157697|val_loss 0.00023833
Epoch 124|time: 3.35s|train_loss 0.00152534|val_loss 0.00024952
Epoch 125|time: 3.36s|train_loss 0.00155107|val_loss 0.00023428
Epoch 126|time: 3.38s|train_loss 0.00154627|val_loss 0.00024552
Epoch 127|time: 3.36s|train_loss 0.00152143|val_loss 0.00023677
Epoch 128|time: 3.44s|train_loss 0.00156968|val_loss 0.00023885
Epoch 129|time: 3.45s|train_loss 0.00153328|val_loss 0.00024005
Epoch 130|time: 3.36s|train_loss 0.00151323|val_loss 0.00023152
Best validation epoch: 130 Tue May 23 16:21:41 2023
TEST MAE 0.2729 | std 0.0865 | RMSE 0.4122 | RMSEs 0.3947 | PCC 0.9025 | PCCs 0.8673 | R2 0.8092 | R2s 0.7167 | Var 0.8106 | Vars 0.7229 | Peak 0.1560
Epoch 131|time: 3.37s|train_loss 0.00150446|val_loss 0.00023495
Epoch 132|time: 3.54s|train_loss 0.00154013|val_loss 0.00024521
Epoch 133|time: 3.36s|train_loss 0.00153663|val_loss 0.00026491
Epoch 134|time: 3.36s|train_loss 0.00155663|val_loss 0.00023763
Epoch 135|time: 3.46s|train_loss 0.00154966|val_loss 0.00022745
Best validation epoch: 135 Tue May 23 16:21:58 2023
TEST MAE 0.2721 | std 0.0810 | RMSE 0.4104 | RMSEs 0.3954 | PCC 0.9015 | PCCs 0.8623 | R2 0.8108 | R2s 0.7124 | Var 0.8110 | Vars 0.7208 | Peak 0.1564
Epoch 136|time: 3.47s|train_loss 0.00153642|val_loss 0.00023411
Epoch 137|time: 3.67s|train_loss 0.00150868|val_loss 0.00023700
Epoch 138|time: 3.37s|train_loss 0.00149537|val_loss 0.00024665
Epoch 139|time: 3.38s|train_loss 0.00153556|val_loss 0.00022704
Best validation epoch: 139 Tue May 23 16:22:13 2023
TEST MAE 0.2716 | std 0.0811 | RMSE 0.4091 | RMSEs 0.3941 | PCC 0.9017 | PCCs 0.8636 | R2 0.8120 | R2s 0.7143 | Var 0.8124 | Vars 0.7247 | Peak 0.1557
Epoch 140|time: 3.69s|train_loss 0.00152440|val_loss 0.00024418
Epoch 141|time: 3.38s|train_loss 0.00149719|val_loss 0.00023807
Epoch 142|time: 3.43s|train_loss 0.00152483|val_loss 0.00024926
Epoch 143|time: 3.52s|train_loss 0.00148828|val_loss 0.00025122
Epoch 144|time: 3.36s|train_loss 0.00152941|val_loss 0.00022935
Epoch 145|time: 3.45s|train_loss 0.00152093|val_loss 0.00022861
Epoch 146|time: 3.53s|train_loss 0.00148980|val_loss 0.00023747
Epoch 147|time: 4.00s|train_loss 0.00155234|val_loss 0.00024744
Epoch 148|time: 3.51s|train_loss 0.00149353|val_loss 0.00027003
Epoch 149|time: 3.42s|train_loss 0.00149228|val_loss 0.00023836
Epoch 150|time: 3.48s|train_loss 0.00150408|val_loss 0.00022562
Best validation epoch: 150 Tue May 23 16:22:53 2023
TEST MAE 0.2705 | std 0.0832 | RMSE 0.4089 | RMSEs 0.3931 | PCC 0.9030 | PCCs 0.8662 | R2 0.8122 | R2s 0.7156 | Var 0.8126 | Vars 0.7249 | Peak 0.1561
Epoch 151|time: 3.48s|train_loss 0.00154865|val_loss 0.00023680
Epoch 152|time: 3.36s|train_loss 0.00148726|val_loss 0.00023431
Epoch 153|time: 3.45s|train_loss 0.00147957|val_loss 0.00022865
Epoch 154|time: 3.67s|train_loss 0.00152604|val_loss 0.00023218
Epoch 155|time: 3.37s|train_loss 0.00153254|val_loss 0.00028948
Epoch 156|time: 3.35s|train_loss 0.00154589|val_loss 0.00026198
Epoch 157|time: 3.36s|train_loss 0.00150408|val_loss 0.00023226
Epoch 158|time: 3.48s|train_loss 0.00149460|val_loss 0.00025409
Epoch 159|time: 3.36s|train_loss 0.00150426|val_loss 0.00024748
Epoch 160|time: 3.50s|train_loss 0.00146699|val_loss 0.00024434
Epoch 161|time: 3.36s|train_loss 0.00148551|val_loss 0.00022978
Epoch 162|time: 3.36s|train_loss 0.00148814|val_loss 0.00023027
Epoch 163|time: 3.51s|train_loss 0.00146042|val_loss 0.00022739
Epoch 164|time: 3.37s|train_loss 0.00145406|val_loss 0.00023669
Epoch 165|time: 3.37s|train_loss 0.00150707|val_loss 0.00023215
Epoch 166|time: 3.48s|train_loss 0.00145298|val_loss 0.00023754
Epoch 167|time: 3.53s|train_loss 0.00146646|val_loss 0.00022715
Epoch 168|time: 3.46s|train_loss 0.00145318|val_loss 0.00023058
Epoch 169|time: 3.36s|train_loss 0.00148007|val_loss 0.00022409
Best validation epoch: 169 Tue May 23 16:23:59 2023
TEST MAE 0.2699 | std 0.0802 | RMSE 0.4113 | RMSEs 0.3965 | PCC 0.9001 | PCCs 0.8607 | R2 0.8100 | R2s 0.7107 | Var 0.8100 | Vars 0.7193 | Peak 0.1598
Epoch 170|time: 3.36s|train_loss 0.00143921|val_loss 0.00023018
Epoch 171|time: 3.48s|train_loss 0.00145568|val_loss 0.00022683
Epoch 172|time: 3.79s|train_loss 0.00145110|val_loss 0.00022674
Epoch 173|time: 3.71s|train_loss 0.00146509|val_loss 0.00022746
Epoch 174|time: 3.90s|train_loss 0.00148206|val_loss 0.00023666
Epoch 175|time: 3.72s|train_loss 0.00147442|val_loss 0.00025194
Epoch 176|time: 3.72s|train_loss 0.00146642|val_loss 0.00023251
Epoch 177|time: 4.01s|train_loss 0.00146795|val_loss 0.00023828
Epoch 178|time: 3.71s|train_loss 0.00144707|val_loss 0.00023675
Epoch 179|time: 3.82s|train_loss 0.00148405|val_loss 0.00022913
Epoch 180|time: 3.73s|train_loss 0.00146090|val_loss 0.00022665
Epoch 181|time: 3.81s|train_loss 0.00146754|val_loss 0.00023146
Epoch 182|time: 3.81s|train_loss 0.00147302|val_loss 0.00024051
Epoch 183|time: 3.72s|train_loss 0.00147971|val_loss 0.00022884
Epoch 184|time: 3.81s|train_loss 0.00147433|val_loss 0.00023209
Epoch 185|time: 3.74s|train_loss 0.00146700|val_loss 0.00024357
Epoch 186|time: 3.73s|train_loss 0.00147717|val_loss 0.00022872
Epoch 187|time: 3.91s|train_loss 0.00146062|val_loss 0.00025182
Epoch 188|time: 3.72s|train_loss 0.00145564|val_loss 0.00023304
Epoch 189|time: 3.72s|train_loss 0.00146845|val_loss 0.00023264
Epoch 190|time: 3.86s|train_loss 0.00147674|val_loss 0.00027122
Epoch 191|time: 3.86s|train_loss 0.00145422|val_loss 0.00022929
Epoch 192|time: 4.05s|train_loss 0.00143798|val_loss 0.00022327
Best validation epoch: 192 Tue May 23 16:25:26 2023
TEST MAE 0.2662 | std 0.0813 | RMSE 0.4047 | RMSEs 0.3892 | PCC 0.9035 | PCCs 0.8659 | R2 0.8160 | R2s 0.7226 | Var 0.8160 | Vars 0.7299 | Peak 0.1554
Epoch 193|time: 4.01s|train_loss 0.00146958|val_loss 0.00024341
Epoch 194|time: 3.81s|train_loss 0.00154076|val_loss 0.00022295
Best validation epoch: 194 Tue May 23 16:25:35 2023
TEST MAE 0.2785 | std 0.0806 | RMSE 0.4146 | RMSEs 0.4000 | PCC 0.9016 | PCCs 0.8634 | R2 0.8069 | R2s 0.7018 | Var 0.8098 | Vars 0.7182 | Peak 0.1573
Epoch 195|time: 3.81s|train_loss 0.00144390|val_loss 0.00024248
Epoch 196|time: 3.78s|train_loss 0.00153816|val_loss 0.00022897
Epoch 197|time: 3.96s|train_loss 0.00145373|val_loss 0.00025163
Epoch 198|time: 3.77s|train_loss 0.00148863|val_loss 0.00023269
Epoch 199|time: 3.82s|train_loss 0.00144334|val_loss 0.00022683
Epoch 200|time: 3.82s|train_loss 0.00146444|val_loss 0.00024952
Epoch 201|time: 3.72s|train_loss 0.00147512|val_loss 0.00022469
Epoch 202|time: 3.89s|train_loss 0.00147050|val_loss 0.00024428
Epoch 203|time: 3.78s|train_loss 0.00144854|val_loss 0.00022629
Epoch 204|time: 4.25s|train_loss 0.00144878|val_loss 0.00023157
Epoch 205|time: 4.12s|train_loss 0.00144125|val_loss 0.00025967
Epoch 206|time: 4.36s|train_loss 0.00147487|val_loss 0.00023991
Epoch 207|time: 3.43s|train_loss 0.00144227|val_loss 0.00023954
Epoch 208|time: 3.36s|train_loss 0.00144790|val_loss 0.00024524
Epoch 209|time: 3.59s|train_loss 0.00144508|val_loss 0.00024073
Epoch 210|time: 3.46s|train_loss 0.00148638|val_loss 0.00026470
Epoch 211|time: 3.46s|train_loss 0.00143512|val_loss 0.00022788
Epoch 212|time: 4.73s|train_loss 0.00148522|val_loss 0.00022512
Epoch 213|time: 3.70s|train_loss 0.00145563|val_loss 0.00028026
Epoch 214|time: 3.80s|train_loss 0.00147335|val_loss 0.00024917
Epoch 215|time: 4.28s|train_loss 0.00144970|val_loss 0.00025803
Epoch 216|time: 4.74s|train_loss 0.00145888|val_loss 0.00023023
Epoch 217|time: 4.73s|train_loss 0.00143278|val_loss 0.00023869
Epoch 218|time: 4.59s|train_loss 0.00141439|val_loss 0.00023360
Epoch 219|time: 3.83s|train_loss 0.00141943|val_loss 0.00023008
Epoch 220|time: 3.95s|train_loss 0.00141156|val_loss 0.00022782
Epoch 221|time: 3.72s|train_loss 0.00141663|val_loss 0.00025193
Epoch 222|time: 3.80s|train_loss 0.00142802|val_loss 0.00022797
Epoch 223|time: 4.63s|train_loss 0.00141251|val_loss 0.00023833
Epoch 224|time: 4.55s|train_loss 0.00143125|val_loss 0.00023561
Epoch 225|time: 3.78s|train_loss 0.00145563|val_loss 0.00023297
Epoch 226|time: 3.60s|train_loss 0.00142126|val_loss 0.00023330
Epoch 227|time: 4.44s|train_loss 0.00152356|val_loss 0.00024185
Epoch 228|time: 3.71s|train_loss 0.00143173|val_loss 0.00026052
Epoch 229|time: 3.41s|train_loss 0.00143031|val_loss 0.00023555
Epoch 230|time: 3.91s|train_loss 0.00146337|val_loss 0.00026587
Epoch 231|time: 3.46s|train_loss 0.00143422|val_loss 0.00023699
Epoch 232|time: 3.62s|train_loss 0.00139977|val_loss 0.00024141
Epoch 233|time: 3.58s|train_loss 0.00140508|val_loss 0.00022742
Epoch 234|time: 3.37s|train_loss 0.00140959|val_loss 0.00023014
Epoch 235|time: 3.38s|train_loss 0.00139522|val_loss 0.00024017
Epoch 236|time: 3.38s|train_loss 0.00143277|val_loss 0.00023257
Epoch 237|time: 3.57s|train_loss 0.00144004|val_loss 0.00027408
Epoch 238|time: 3.40s|train_loss 0.00146939|val_loss 0.00023354
Epoch 239|time: 3.44s|train_loss 0.00142881|val_loss 0.00023723
Epoch 240|time: 3.39s|train_loss 0.00139366|val_loss 0.00022993
Epoch 241|time: 3.56s|train_loss 0.00138409|val_loss 0.00022515
Epoch 242|time: 3.42s|train_loss 0.00139416|val_loss 0.00023960
Epoch 243|time: 3.37s|train_loss 0.00140016|val_loss 0.00022470
Epoch 244|time: 3.56s|train_loss 0.00142668|val_loss 0.00024047
Epoch 245|time: 3.47s|train_loss 0.00144692|val_loss 0.00022632
Epoch 246|time: 3.47s|train_loss 0.00139404|val_loss 0.00024664
Epoch 247|time: 3.64s|train_loss 0.00139124|val_loss 0.00022481
Epoch 248|time: 3.36s|train_loss 0.00140828|val_loss 0.00022889
Epoch 249|time: 3.65s|train_loss 0.00138414|val_loss 0.00024096
Epoch 250|time: 4.01s|train_loss 0.00140603|val_loss 0.00022932
Epoch 251|time: 3.36s|train_loss 0.00139569|val_loss 0.00023354
Epoch 252|time: 3.34s|train_loss 0.00143980|val_loss 0.00022123
Best validation epoch: 252 Tue May 23 16:29:15 2023
TEST MAE 0.2605 | std 0.0845 | RMSE 0.4034 | RMSEs 0.3862 | PCC 0.9049 | PCCs 0.8713 | R2 0.8172 | R2s 0.7272 | Var 0.8172 | Vars 0.7352 | Peak 0.1549
Epoch 253|time: 4.45s|train_loss 0.00139169|val_loss 0.00022025
Best validation epoch: 253 Tue May 23 16:29:20 2023
TEST MAE 0.2669 | std 0.0837 | RMSE 0.4094 | RMSEs 0.3927 | PCC 0.9031 | PCCs 0.8692 | R2 0.8117 | R2s 0.7149 | Var 0.8122 | Vars 0.7264 | Peak 0.1564
Epoch 254|time: 3.51s|train_loss 0.00138122|val_loss 0.00023484
Epoch 255|time: 4.12s|train_loss 0.00140478|val_loss 0.00022369
Epoch 256|time: 4.21s|train_loss 0.00139086|val_loss 0.00022867
Epoch 257|time: 4.13s|train_loss 0.00142309|val_loss 0.00022624
Epoch 258|time: 4.53s|train_loss 0.00139332|val_loss 0.00023521
Epoch 259|time: 4.20s|train_loss 0.00136623|val_loss 0.00022647
Epoch 260|time: 4.32s|train_loss 0.00140284|val_loss 0.00021651
Best validation epoch: 260 Tue May 23 16:29:50 2023
TEST MAE 0.2711 | std 0.0862 | RMSE 0.4134 | RMSEs 0.3960 | PCC 0.9031 | PCCs 0.8700 | R2 0.8080 | R2s 0.7091 | Var 0.8104 | Vars 0.7250 | Peak 0.1572
Epoch 261|time: 5.25s|train_loss 0.00139052|val_loss 0.00024137
Epoch 262|time: 4.93s|train_loss 0.00141544|val_loss 0.00022945
Epoch 263|time: 6.84s|train_loss 0.00137552|val_loss 0.00023366
Epoch 264|time: 5.74s|train_loss 0.00136164|val_loss 0.00023264
Epoch 265|time: 5.28s|train_loss 0.00137211|val_loss 0.00023249
Epoch 266|time: 5.39s|train_loss 0.00138758|val_loss 0.00023022
Epoch 267|time: 5.09s|train_loss 0.00137858|val_loss 0.00022379
Epoch 268|time: 3.33s|train_loss 0.00138409|val_loss 0.00022787
Epoch 269|time: 3.62s|train_loss 0.00144763|val_loss 0.00022435
Epoch 270|time: 3.40s|train_loss 0.00139531|val_loss 0.00023653
Epoch 271|time: 3.38s|train_loss 0.00139372|val_loss 0.00022821
Epoch 272|time: 3.49s|train_loss 0.00138780|val_loss 0.00023264
Epoch 273|time: 3.41s|train_loss 0.00138149|val_loss 0.00022001
Epoch 274|time: 4.80s|train_loss 0.00136180|val_loss 0.00022994
Epoch 275|time: 3.88s|train_loss 0.00136251|val_loss 0.00022362
Epoch 276|time: 3.97s|train_loss 0.00136754|val_loss 0.00021911
Epoch 277|time: 4.04s|train_loss 0.00140448|val_loss 0.00024858
Epoch 278|time: 4.09s|train_loss 0.00139977|val_loss 0.00026331
Epoch 279|time: 3.52s|train_loss 0.00137793|val_loss 0.00023362
Epoch 280|time: 3.47s|train_loss 0.00137742|val_loss 0.00021952
Epoch 281|time: 3.39s|train_loss 0.00136763|val_loss 0.00022719
Epoch 282|time: 3.37s|train_loss 0.00135941|val_loss 0.00022583
Epoch 283|time: 4.06s|train_loss 0.00136455|val_loss 0.00022039
Epoch 284|time: 3.39s|train_loss 0.00141309|val_loss 0.00022148
Epoch 285|time: 3.50s|train_loss 0.00137560|val_loss 0.00026058
Epoch 286|time: 3.39s|train_loss 0.00136666|val_loss 0.00024146
Epoch 287|time: 3.39s|train_loss 0.00139114|val_loss 0.00025494
Epoch 288|time: 3.60s|train_loss 0.00141238|val_loss 0.00025297
Epoch 289|time: 3.37s|train_loss 0.00138854|val_loss 0.00022645
Epoch 290|time: 3.39s|train_loss 0.00136647|val_loss 0.00022737
Epoch 291|time: 3.39s|train_loss 0.00138847|val_loss 0.00022362
Epoch 292|time: 3.46s|train_loss 0.00138489|val_loss 0.00024823
Epoch 293|time: 3.39s|train_loss 0.00143191|val_loss 0.00023361
Epoch 294|time: 3.65s|train_loss 0.00138525|val_loss 0.00023561
Epoch 295|time: 3.95s|train_loss 0.00136695|val_loss 0.00021786
Epoch 296|time: 3.55s|train_loss 0.00135050|val_loss 0.00022899
Epoch 297|time: 3.75s|train_loss 0.00137332|val_loss 0.00022753
Epoch 298|time: 3.59s|train_loss 0.00139518|val_loss 0.00024578
Epoch 299|time: 3.56s|train_loss 0.00137371|val_loss 0.00025227
Epoch 300|time: 3.80s|train_loss 0.00137877|val_loss 0.00022811
Epoch 301|time: 3.42s|train_loss 0.00135150|val_loss 0.00025191
Epoch 302|time: 3.42s|train_loss 0.00137711|val_loss 0.00022503
Epoch 303|time: 3.33s|train_loss 0.00137815|val_loss 0.00022228
Epoch 304|time: 3.33s|train_loss 0.00139446|val_loss 0.00023030
Epoch 305|time: 3.42s|train_loss 0.00135504|val_loss 0.00022837
Epoch 306|time: 3.43s|train_loss 0.00139191|val_loss 0.00022324
Epoch 307|time: 3.33s|train_loss 0.00140441|val_loss 0.00022713
Epoch 308|time: 3.34s|train_loss 0.00135131|val_loss 0.00021366
Best validation epoch: 308 Tue May 23 16:32:56 2023
TEST MAE 0.2780 | std 0.0861 | RMSE 0.4196 | RMSEs 0.4034 | PCC 0.8990 | PCCs 0.8614 | R2 0.8022 | R2s 0.6991 | Var 0.8026 | Vars 0.7077 | Peak 0.1607
Epoch 309|time: 3.43s|train_loss 0.00135911|val_loss 0.00022863
Epoch 310|time: 3.33s|train_loss 0.00133899|val_loss 0.00023580
Epoch 311|time: 3.51s|train_loss 0.00136934|val_loss 0.00024030
Epoch 312|time: 3.49s|train_loss 0.00134450|val_loss 0.00022553
Epoch 313|time: 3.32s|train_loss 0.00134288|val_loss 0.00025451
Epoch 314|time: 3.49s|train_loss 0.00134762|val_loss 0.00022164
Epoch 315|time: 3.41s|train_loss 0.00140220|val_loss 0.00021916
Epoch 316|time: 3.33s|train_loss 0.00136099|val_loss 0.00026371
Epoch 317|time: 3.45s|train_loss 0.00137112|val_loss 0.00022163
Epoch 318|time: 3.33s|train_loss 0.00134364|val_loss 0.00023746
Epoch 319|time: 3.33s|train_loss 0.00139479|val_loss 0.00023065
Epoch 320|time: 3.44s|train_loss 0.00137557|val_loss 0.00023288
Epoch 321|time: 3.33s|train_loss 0.00133903|val_loss 0.00024740
Epoch 322|time: 3.32s|train_loss 0.00134669|val_loss 0.00022229
Epoch 323|time: 3.44s|train_loss 0.00135377|val_loss 0.00022383
Epoch 324|time: 3.40s|train_loss 0.00136415|val_loss 0.00021677
Epoch 325|time: 3.33s|train_loss 0.00134796|val_loss 0.00021770
Epoch 326|time: 3.49s|train_loss 0.00135276|val_loss 0.00021868
Epoch 327|time: 3.33s|train_loss 0.00134912|val_loss 0.00024196
Epoch 328|time: 3.35s|train_loss 0.00136901|val_loss 0.00024552
Epoch 329|time: 3.49s|train_loss 0.00138275|val_loss 0.00023310
Epoch 330|time: 3.67s|train_loss 0.00131422|val_loss 0.00021880
Epoch 331|time: 3.69s|train_loss 0.00131215|val_loss 0.00023449
Epoch 332|time: 3.45s|train_loss 0.00139672|val_loss 0.00022379
Epoch 333|time: 3.34s|train_loss 0.00134371|val_loss 0.00022133
Epoch 334|time: 3.59s|train_loss 0.00132893|val_loss 0.00021496
Epoch 335|time: 3.34s|train_loss 0.00131020|val_loss 0.00023569
Epoch 336|time: 3.33s|train_loss 0.00132172|val_loss 0.00021832
Epoch 337|time: 3.42s|train_loss 0.00133578|val_loss 0.00023056
Epoch 338|time: 3.43s|train_loss 0.00140082|val_loss 0.00023766
Epoch 339|time: 3.33s|train_loss 0.00139827|val_loss 0.00023705
Epoch 340|time: 3.45s|train_loss 0.00132678|val_loss 0.00021489
Epoch 341|time: 3.33s|train_loss 0.00131279|val_loss 0.00021909
Epoch 342|time: 3.41s|train_loss 0.00131976|val_loss 0.00024600
Epoch 343|time: 3.45s|train_loss 0.00131267|val_loss 0.00022483
Epoch 344|time: 3.34s|train_loss 0.00129888|val_loss 0.00022415
Epoch 345|time: 3.33s|train_loss 0.00133521|val_loss 0.00021504
Epoch 346|time: 3.34s|train_loss 0.00131906|val_loss 0.00021762
Epoch 347|time: 3.60s|train_loss 0.00131582|val_loss 0.00022279
Epoch 348|time: 3.40s|train_loss 0.00139138|val_loss 0.00021657
Epoch 349|time: 3.47s|train_loss 0.00134813|val_loss 0.00022603
Epoch 350|time: 3.33s|train_loss 0.00134930|val_loss 0.00021957
Epoch 351|time: 3.33s|train_loss 0.00131519|val_loss 0.00023081
Epoch 352|time: 3.54s|train_loss 0.00132172|val_loss 0.00022830
Epoch 353|time: 3.38s|train_loss 0.00127873|val_loss 0.00023037
Epoch 354|time: 3.33s|train_loss 0.00127863|val_loss 0.00022494
Epoch 355|time: 3.44s|train_loss 0.00127963|val_loss 0.00022273
Epoch 356|time: 3.44s|train_loss 0.00128429|val_loss 0.00022337
Epoch 357|time: 3.33s|train_loss 0.00127059|val_loss 0.00021444
Epoch 358|time: 3.47s|train_loss 0.00131535|val_loss 0.00021840
Epoch 359|time: 3.35s|train_loss 0.00133801|val_loss 0.00021683
Epoch 360|time: 3.34s|train_loss 0.00135930|val_loss 0.00022114
Epoch 361|time: 3.49s|train_loss 0.00133740|val_loss 0.00022002
Epoch 362|time: 3.42s|train_loss 0.00129368|val_loss 0.00022621
Epoch 363|time: 3.34s|train_loss 0.00129727|val_loss 0.00023787
Epoch 364|time: 3.49s|train_loss 0.00130854|val_loss 0.00022235
Epoch 365|time: 3.65s|train_loss 0.00129473|val_loss 0.00022171
Epoch 366|time: 3.41s|train_loss 0.00131235|val_loss 0.00021433
Epoch 367|time: 3.38s|train_loss 0.00131291|val_loss 0.00023134
Epoch 368|time: 3.34s|train_loss 0.00128861|val_loss 0.00022466
Epoch 369|time: 3.34s|train_loss 0.00129939|val_loss 0.00022521
Epoch 370|time: 3.62s|train_loss 0.00125066|val_loss 0.00022687
Epoch 371|time: 3.35s|train_loss 0.00129157|val_loss 0.00021739
Epoch 372|time: 3.35s|train_loss 0.00128070|val_loss 0.00021578
Epoch 373|time: 3.56s|train_loss 0.00125521|val_loss 0.00022433
Epoch 374|time: 3.32s|train_loss 0.00129065|val_loss 0.00022408
Epoch 375|time: 3.44s|train_loss 0.00125786|val_loss 0.00021616
Epoch 376|time: 3.46s|train_loss 0.00129738|val_loss 0.00022066
Epoch 377|time: 3.34s|train_loss 0.00126639|val_loss 0.00023086
Epoch 378|time: 3.95s|train_loss 0.00128785|val_loss 0.00022057
Epoch 379|time: 3.60s|train_loss 0.00128278|val_loss 0.00022009
Epoch 380|time: 4.08s|train_loss 0.00124615|val_loss 0.00021340
Best validation epoch: 380 Tue May 23 16:37:04 2023
TEST MAE 0.2723 | std 0.0903 | RMSE 0.4227 | RMSEs 0.4032 | PCC 0.8974 | PCCs 0.8639 | R2 0.7993 | R2s 0.7024 | Var 0.7993 | Vars 0.7104 | Peak 0.1599
Epoch 381|time: 3.62s|train_loss 0.00124278|val_loss 0.00023221
Epoch 382|time: 3.61s|train_loss 0.00125510|val_loss 0.00021109
Best validation epoch: 382 Tue May 23 16:37:12 2023
TEST MAE 0.2807 | std 0.0891 | RMSE 0.4303 | RMSEs 0.4117 | PCC 0.8940 | PCCs 0.8568 | R2 0.7920 | R2s 0.6874 | Var 0.7920 | Vars 0.6952 | Peak 0.1642
Epoch 383|time: 5.99s|train_loss 0.00126847|val_loss 0.00021963
Epoch 384|time: 3.80s|train_loss 0.00129157|val_loss 0.00022188
Epoch 385|time: 3.44s|train_loss 0.00133115|val_loss 0.00022542
Epoch 386|time: 3.75s|train_loss 0.00134670|val_loss 0.00022724
Epoch 387|time: 3.58s|train_loss 0.00130528|val_loss 0.00023310
Epoch 388|time: 4.15s|train_loss 0.00131407|val_loss 0.00022622
Epoch 389|time: 3.89s|train_loss 0.00130213|val_loss 0.00022402
Epoch 390|time: 3.61s|train_loss 0.00128103|val_loss 0.00022423
Epoch 391|time: 3.73s|train_loss 0.00131976|val_loss 0.00021579
Epoch 392|time: 3.79s|train_loss 0.00125878|val_loss 0.00022938
Epoch 393|time: 3.92s|train_loss 0.00130056|val_loss 0.00025361
Epoch 394|time: 3.63s|train_loss 0.00127115|val_loss 0.00023687
Epoch 395|time: 3.73s|train_loss 0.00124293|val_loss 0.00022041
Epoch 396|time: 4.01s|train_loss 0.00127074|val_loss 0.00022479
Epoch 397|time: 3.81s|train_loss 0.00125872|val_loss 0.00023630
Epoch 398|time: 3.97s|train_loss 0.00125270|val_loss 0.00022200
Epoch 399|time: 4.10s|train_loss 0.00126851|val_loss 0.00021255
Epoch 400|time: 3.94s|train_loss 0.00127734|val_loss 0.00023321
Epoch 401|time: 4.33s|train_loss 0.00125608|val_loss 0.00022537
Epoch 402|time: 4.13s|train_loss 0.00124605|val_loss 0.00022941
Epoch 403|time: 3.56s|train_loss 0.00125178|val_loss 0.00022111
Epoch 404|time: 3.52s|train_loss 0.00124040|val_loss 0.00023201
Epoch 405|time: 3.47s|train_loss 0.00123868|val_loss 0.00021538
Epoch 406|time: 4.32s|train_loss 0.00122263|val_loss 0.00021762
Epoch 407|time: 5.03s|train_loss 0.00124462|val_loss 0.00021556
Epoch 408|time: 3.78s|train_loss 0.00124286|val_loss 0.00023010
Epoch 409|time: 3.73s|train_loss 0.00124700|val_loss 0.00021620
Epoch 410|time: 4.20s|train_loss 0.00122789|val_loss 0.00022537
Epoch 411|time: 3.71s|train_loss 0.00123001|val_loss 0.00022059
Epoch 412|time: 3.98s|train_loss 0.00123955|val_loss 0.00023699
Epoch 413|time: 4.21s|train_loss 0.00123631|val_loss 0.00021443
Epoch 414|time: 4.04s|train_loss 0.00125299|val_loss 0.00022782
Epoch 415|time: 3.78s|train_loss 0.00126200|val_loss 0.00023024
Epoch 416|time: 3.80s|train_loss 0.00123958|val_loss 0.00024646
Epoch 417|time: 3.54s|train_loss 0.00124019|val_loss 0.00022259
Epoch 418|time: 3.56s|train_loss 0.00122547|val_loss 0.00021972
Epoch 419|time: 4.80s|train_loss 0.00124196|val_loss 0.00021849
Epoch 420|time: 4.16s|train_loss 0.00120375|val_loss 0.00021635
Epoch 421|time: 4.62s|train_loss 0.00120756|val_loss 0.00021699
Epoch 422|time: 4.23s|train_loss 0.00121951|val_loss 0.00022130
Epoch 423|time: 4.54s|train_loss 0.00120786|val_loss 0.00021381
Epoch 424|time: 3.83s|train_loss 0.00124782|val_loss 0.00022208
Epoch 425|time: 3.72s|train_loss 0.00121493|val_loss 0.00022992
Epoch 426|time: 4.02s|train_loss 0.00124426|val_loss 0.00021659
Epoch 427|time: 4.05s|train_loss 0.00124179|val_loss 0.00021422
Epoch 428|time: 3.80s|train_loss 0.00120570|val_loss 0.00021943
Epoch 429|time: 4.02s|train_loss 0.00122307|val_loss 0.00022103
Epoch 430|time: 3.95s|train_loss 0.00122943|val_loss 0.00021475
Epoch 431|time: 4.06s|train_loss 0.00122049|val_loss 0.00022378
Epoch 432|time: 3.58s|train_loss 0.00121521|val_loss 0.00021596
Epoch 433|time: 3.51s|train_loss 0.00119954|val_loss 0.00022090
Epoch 434|time: 4.23s|train_loss 0.00122985|val_loss 0.00021203
Epoch 435|time: 3.79s|train_loss 0.00122723|val_loss 0.00022201
Epoch 436|time: 4.00s|train_loss 0.00121390|val_loss 0.00022739
Epoch 437|time: 3.48s|train_loss 0.00122047|val_loss 0.00021893
Epoch 438|time: 3.65s|train_loss 0.00123589|val_loss 0.00021614
Epoch 439|time: 3.80s|train_loss 0.00119909|val_loss 0.00022019
Epoch 440|time: 3.74s|train_loss 0.00119149|val_loss 0.00021954
Epoch 441|time: 3.57s|train_loss 0.00121565|val_loss 0.00022187
Epoch 442|time: 3.82s|train_loss 0.00122516|val_loss 0.00022911
Epoch 443|time: 3.95s|train_loss 0.00125318|val_loss 0.00021645
Epoch 444|time: 4.02s|train_loss 0.00119603|val_loss 0.00021837
Epoch 445|time: 4.15s|train_loss 0.00119572|val_loss 0.00021786
Epoch 446|time: 5.25s|train_loss 0.00119152|val_loss 0.00021521
Epoch 447|time: 4.88s|train_loss 0.00121797|val_loss 0.00021664
Epoch 448|time: 5.51s|train_loss 0.00126296|val_loss 0.00021911
Epoch 449|time: 5.29s|train_loss 0.00119995|val_loss 0.00021629
Epoch 450|time: 5.34s|train_loss 0.00126889|val_loss 0.00022051
Epoch 451|time: 5.46s|train_loss 0.00120819|val_loss 0.00021293
Epoch 452|time: 4.70s|train_loss 0.00119914|val_loss 0.00021890
Epoch 453|time: 6.79s|train_loss 0.00121485|val_loss 0.00022132
Epoch 454|time: 7.15s|train_loss 0.00120788|val_loss 0.00022918
Epoch 455|time: 6.00s|train_loss 0.00120860|val_loss 0.00021401
Epoch 456|time: 5.88s|train_loss 0.00121158|val_loss 0.00022570
Epoch 457|time: 4.63s|train_loss 0.00123594|val_loss 0.00021403
Epoch 458|time: 4.24s|train_loss 0.00120744|val_loss 0.00022091
Epoch 459|time: 4.06s|train_loss 0.00120879|val_loss 0.00021231
Epoch 460|time: 3.68s|train_loss 0.00117005|val_loss 0.00021492
Epoch 461|time: 3.68s|train_loss 0.00118057|val_loss 0.00021606
Epoch 462|time: 3.74s|train_loss 0.00123345|val_loss 0.00021809
Epoch 463|time: 3.69s|train_loss 0.00119258|val_loss 0.00022106
Epoch 464|time: 3.69s|train_loss 0.00119885|val_loss 0.00021838
Epoch 465|time: 3.77s|train_loss 0.00118748|val_loss 0.00022057
Epoch 466|time: 3.68s|train_loss 0.00119413|val_loss 0.00022157
Epoch 467|time: 3.84s|train_loss 0.00117613|val_loss 0.00021234
Epoch 468|time: 3.69s|train_loss 0.00119764|val_loss 0.00022047
Epoch 469|time: 3.87s|train_loss 0.00121230|val_loss 0.00021399
Epoch 470|time: 3.79s|train_loss 0.00116678|val_loss 0.00021694
Epoch 471|time: 3.69s|train_loss 0.00117929|val_loss 0.00021543
Epoch 472|time: 3.78s|train_loss 0.00118706|val_loss 0.00021564
Epoch 473|time: 3.86s|train_loss 0.00117479|val_loss 0.00021891
Epoch 474|time: 3.67s|train_loss 0.00120031|val_loss 0.00022426
Epoch 475|time: 3.83s|train_loss 0.00116754|val_loss 0.00022113
Epoch 476|time: 3.77s|train_loss 0.00117357|val_loss 0.00021627
Epoch 477|time: 3.69s|train_loss 0.00118039|val_loss 0.00022605
Epoch 478|time: 3.78s|train_loss 0.00118105|val_loss 0.00021949
Epoch 479|time: 3.69s|train_loss 0.00117833|val_loss 0.00022416
Epoch 480|time: 3.77s|train_loss 0.00117234|val_loss 0.00022162
Epoch 481|time: 3.87s|train_loss 0.00117523|val_loss 0.00021780
Epoch 482|time: 3.68s|train_loss 0.00120857|val_loss 0.00021119
Epoch 483|time: 3.84s|train_loss 0.00120397|val_loss 0.00021662
Epoch 484|time: 3.68s|train_loss 0.00116408|val_loss 0.00021454
Epoch 485|time: 3.92s|train_loss 0.00118364|val_loss 0.00021402
Epoch 486|time: 4.10s|train_loss 0.00121331|val_loss 0.00022655
Epoch 487|time: 3.68s|train_loss 0.00121519|val_loss 0.00022965
Epoch 488|time: 3.68s|train_loss 0.00116718|val_loss 0.00023548
Epoch 489|time: 3.80s|train_loss 0.00116088|val_loss 0.00021499
Epoch 490|time: 3.79s|train_loss 0.00116344|val_loss 0.00023050
Epoch 491|time: 3.71s|train_loss 0.00116337|val_loss 0.00021041
Best validation epoch: 491 Tue May 23 16:44:37 2023
TEST MAE 0.2818 | std 0.0936 | RMSE 0.4436 | RMSEs 0.4226 | PCC 0.8863 | PCCs 0.8482 | R2 0.7790 | R2s 0.6710 | Var 0.7792 | Vars 0.6827 | Peak 0.1676
Epoch 492|time: 3.68s|train_loss 0.00115928|val_loss 0.00022639
Epoch 493|time: 3.67s|train_loss 0.00120703|val_loss 0.00020809
Best validation epoch: 493 Tue May 23 16:44:45 2023
TEST MAE 0.2874 | std 0.0939 | RMSE 0.4503 | RMSEs 0.4294 | PCC 0.8876 | PCCs 0.8505 | R2 0.7722 | R2s 0.6561 | Var 0.7740 | Vars 0.6716 | Peak 0.1703
Epoch 494|time: 3.77s|train_loss 0.00118605|val_loss 0.00021899
Epoch 495|time: 3.69s|train_loss 0.00118740|val_loss 0.00021479
Epoch 496|time: 3.68s|train_loss 0.00123139|val_loss 0.00021282
Epoch 497|time: 3.68s|train_loss 0.00119626|val_loss 0.00021877
Epoch 498|time: 4.09s|train_loss 0.00120368|val_loss 0.00023566
Epoch 499|time: 4.26s|train_loss 0.00118681|val_loss 0.00021489
Epoch 500|time: 3.62s|train_loss 0.00122749|val_loss 0.00022391
Final evaluation
TEST MAE 0.2874 | std 0.0939 | RMSE 0.4503 | RMSEs 0.4294 | PCC 0.8876 | PCCs 0.8505 | R2 0.7722 | R2s 0.6561 | Var 0.7740 | Vars 0.6716 | Peak 0.1703
