--------Parameters--------
Namespace(batch=32, bi=False, check_point=1, cuda=False, dataset='us_hhs', dropout=0.2, epilambda=0.1, epochs=500, gpu=3, hidsp=15, horizon=1, k=10, lamda=0.01, lr=0.01, model='cola_gnn_epi', mylog=False, n_hidden=20, n_layer=1, patience=200, rnn_model='RNN', save_dir='save', seed=42, shuffle=False, sim_mat='us_hhs-adj', test=0.2, train=0.6, val=0.2, weight_decay=0.0005, window=20)
--------------------------
data shape (364, 10)
size of train/val/test sets 198 73 73
#params: 5145
begin training
Epoch   1|time: 3.45s|train_loss 0.00141531|val_loss 0.00047165
Best validation epoch: 1 Mon May 22 19:54:25 2023
TEST MAE 0.5492 | std 0.1756 | RMSE 0.6534 | RMSEs 0.6249 | PCC 0.9388 | PCCs 0.9273 | R2 0.5204 | R2s 0.3073 | Var 0.8579 | Vars 0.8457 | Peak 0.2639
Epoch   2|time: 3.30s|train_loss 0.00089305|val_loss 0.00019236
Best validation epoch: 2 Mon May 22 19:54:29 2023
TEST MAE 0.2092 | std 0.0704 | RMSE 0.3265 | RMSEs 0.3065 | PCC 0.9503 | PCCs 0.9340 | R2 0.8803 | R2s 0.8350 | Var 0.8889 | Vars 0.8527 | Peak 0.1272
Epoch   3|time: 3.35s|train_loss 0.00077955|val_loss 0.00021081
Epoch   4|time: 3.70s|train_loss 0.00075963|val_loss 0.00015806
Best validation epoch: 4 Mon May 22 19:54:37 2023
TEST MAE 0.1844 | std 0.0545 | RMSE 0.2742 | RMSEs 0.2618 | PCC 0.9578 | PCCs 0.9407 | R2 0.9155 | R2s 0.8765 | Var 0.9173 | Vars 0.8806 | Peak 0.1052
Epoch   5|time: 3.27s|train_loss 0.00072461|val_loss 0.00020218
Epoch   6|time: 3.34s|train_loss 0.00070960|val_loss 0.00018237
Epoch   7|time: 3.46s|train_loss 0.00071110|val_loss 0.00014456
Best validation epoch: 7 Mon May 22 19:54:47 2023
TEST MAE 0.1725 | std 0.0471 | RMSE 0.2582 | RMSEs 0.2473 | PCC 0.9623 | PCCs 0.9458 | R2 0.9251 | R2s 0.8884 | Var 0.9252 | Vars 0.8907 | Peak 0.0969
Epoch   8|time: 3.20s|train_loss 0.00068007|val_loss 0.00014358
Best validation epoch: 8 Mon May 22 19:54:51 2023
TEST MAE 0.1741 | std 0.0454 | RMSE 0.2560 | RMSEs 0.2461 | PCC 0.9631 | PCCs 0.9471 | R2 0.9264 | R2s 0.8884 | Var 0.9274 | Vars 0.8939 | Peak 0.0940
Epoch   9|time: 3.38s|train_loss 0.00067163|val_loss 0.00021191
Epoch  10|time: 3.28s|train_loss 0.00069038|val_loss 0.00017682
Epoch  11|time: 3.38s|train_loss 0.00066730|val_loss 0.00017635
Epoch  12|time: 3.36s|train_loss 0.00067200|val_loss 0.00017459
Epoch  13|time: 3.29s|train_loss 0.00067454|val_loss 0.00023220
Epoch  14|time: 3.30s|train_loss 0.00067923|val_loss 0.00017572
Epoch  15|time: 3.48s|train_loss 0.00067962|val_loss 0.00014743
Epoch  16|time: 3.23s|train_loss 0.00064672|val_loss 0.00020153
Epoch  17|time: 3.24s|train_loss 0.00064703|val_loss 0.00015521
Epoch  18|time: 3.46s|train_loss 0.00062726|val_loss 0.00014164
Best validation epoch: 18 Mon May 22 19:55:26 2023
TEST MAE 0.1734 | std 0.0485 | RMSE 0.2597 | RMSEs 0.2489 | PCC 0.9649 | PCCs 0.9481 | R2 0.9242 | R2s 0.8871 | Var 0.9302 | Vars 0.8962 | Peak 0.1009
Epoch  19|time: 3.24s|train_loss 0.00063113|val_loss 0.00014767
Epoch  20|time: 3.25s|train_loss 0.00063457|val_loss 0.00013824
Best validation epoch: 20 Mon May 22 19:55:33 2023
TEST MAE 0.1667 | std 0.0447 | RMSE 0.2504 | RMSEs 0.2406 | PCC 0.9647 | PCCs 0.9479 | R2 0.9296 | R2s 0.8935 | Var 0.9306 | Vars 0.8956 | Peak 0.0942
Epoch  21|time: 3.40s|train_loss 0.00063320|val_loss 0.00014209
Epoch  22|time: 3.27s|train_loss 0.00062570|val_loss 0.00015896
Epoch  23|time: 3.25s|train_loss 0.00061839|val_loss 0.00022235
Epoch  24|time: 3.48s|train_loss 0.00063763|val_loss 0.00015511
Epoch  25|time: 3.34s|train_loss 0.00062314|val_loss 0.00016452
Epoch  26|time: 3.20s|train_loss 0.00063066|val_loss 0.00016012
Epoch  27|time: 3.37s|train_loss 0.00062393|val_loss 0.00013653
Best validation epoch: 27 Mon May 22 19:55:57 2023
TEST MAE 0.1640 | std 0.0431 | RMSE 0.2486 | RMSEs 0.2392 | PCC 0.9649 | PCCs 0.9479 | R2 0.9306 | R2s 0.8943 | Var 0.9306 | Vars 0.8959 | Peak 0.0932
Epoch  28|time: 3.24s|train_loss 0.00059868|val_loss 0.00018630
Epoch  29|time: 3.43s|train_loss 0.00061567|val_loss 0.00019556
Epoch  30|time: 3.22s|train_loss 0.00061456|val_loss 0.00013742
Epoch  31|time: 3.47s|train_loss 0.00062210|val_loss 0.00013468
Best validation epoch: 31 Mon May 22 19:56:11 2023
TEST MAE 0.1645 | std 0.0432 | RMSE 0.2482 | RMSEs 0.2393 | PCC 0.9648 | PCCs 0.9474 | R2 0.9308 | R2s 0.8938 | Var 0.9308 | Vars 0.8950 | Peak 0.0928
Epoch  32|time: 3.44s|train_loss 0.00064456|val_loss 0.00017527
Epoch  33|time: 3.38s|train_loss 0.00062748|val_loss 0.00016676
Epoch  34|time: 3.23s|train_loss 0.00059912|val_loss 0.00013595
Epoch  35|time: 3.42s|train_loss 0.00060850|val_loss 0.00013551
Epoch  36|time: 3.19s|train_loss 0.00062882|val_loss 0.00014261
Epoch  37|time: 3.26s|train_loss 0.00058912|val_loss 0.00017895
Epoch  38|time: 3.54s|train_loss 0.00060300|val_loss 0.00013808
Epoch  39|time: 3.26s|train_loss 0.00060634|val_loss 0.00013984
Epoch  40|time: 3.23s|train_loss 0.00060452|val_loss 0.00013835
Epoch  41|time: 3.47s|train_loss 0.00057520|val_loss 0.00014048
Epoch  42|time: 3.28s|train_loss 0.00058484|val_loss 0.00013552
Epoch  43|time: 3.28s|train_loss 0.00059729|val_loss 0.00014323
Epoch  44|time: 3.33s|train_loss 0.00060426|val_loss 0.00016770
Epoch  45|time: 3.26s|train_loss 0.00057427|val_loss 0.00013811
Epoch  46|time: 3.24s|train_loss 0.00058390|val_loss 0.00013791
Epoch  47|time: 3.53s|train_loss 0.00056656|val_loss 0.00013557
Epoch  48|time: 3.26s|train_loss 0.00057308|val_loss 0.00016062
Epoch  49|time: 3.41s|train_loss 0.00057286|val_loss 0.00018067
Epoch  50|time: 3.33s|train_loss 0.00061021|val_loss 0.00013618
Epoch  51|time: 3.36s|train_loss 0.00056539|val_loss 0.00014063
Epoch  52|time: 3.23s|train_loss 0.00056538|val_loss 0.00014144
Epoch  53|time: 3.26s|train_loss 0.00057384|val_loss 0.00013556
Epoch  54|time: 3.26s|train_loss 0.00059105|val_loss 0.00013938
Epoch  55|time: 3.21s|train_loss 0.00056301|val_loss 0.00014392
Epoch  56|time: 3.41s|train_loss 0.00057465|val_loss 0.00014859
Epoch  57|time: 3.36s|train_loss 0.00056067|val_loss 0.00014631
Epoch  58|time: 3.22s|train_loss 0.00054663|val_loss 0.00013508
Epoch  59|time: 3.38s|train_loss 0.00055111|val_loss 0.00015716
Epoch  60|time: 3.28s|train_loss 0.00057392|val_loss 0.00014973
Epoch  61|time: 3.27s|train_loss 0.00057128|val_loss 0.00013602
Epoch  62|time: 3.39s|train_loss 0.00057057|val_loss 0.00016122
Epoch  63|time: 3.27s|train_loss 0.00055879|val_loss 0.00013899
Epoch  64|time: 3.27s|train_loss 0.00055098|val_loss 0.00013890
Epoch  65|time: 3.52s|train_loss 0.00054173|val_loss 0.00014147
Epoch  66|time: 3.28s|train_loss 0.00053531|val_loss 0.00013571
Epoch  67|time: 3.28s|train_loss 0.00052700|val_loss 0.00014099
Epoch  68|time: 3.40s|train_loss 0.00053686|val_loss 0.00013547
Epoch  69|time: 3.31s|train_loss 0.00053192|val_loss 0.00013654
Epoch  70|time: 3.31s|train_loss 0.00054506|val_loss 0.00013659
Epoch  71|time: 3.51s|train_loss 0.00053162|val_loss 0.00014384
Epoch  72|time: 3.22s|train_loss 0.00053099|val_loss 0.00016881
Epoch  73|time: 3.23s|train_loss 0.00052632|val_loss 0.00013588
Epoch  74|time: 3.26s|train_loss 0.00052920|val_loss 0.00013587
Epoch  75|time: 3.33s|train_loss 0.00054454|val_loss 0.00013458
Best validation epoch: 75 Mon May 22 19:58:38 2023
TEST MAE 0.1644 | std 0.0439 | RMSE 0.2477 | RMSEs 0.2385 | PCC 0.9651 | PCCs 0.9482 | R2 0.9311 | R2s 0.8950 | Var 0.9314 | Vars 0.8961 | Peak 0.0929
Epoch  76|time: 3.28s|train_loss 0.00053500|val_loss 0.00018102
Epoch  77|time: 3.43s|train_loss 0.00055478|val_loss 0.00017304
Epoch  78|time: 3.30s|train_loss 0.00057162|val_loss 0.00013535
Epoch  79|time: 3.30s|train_loss 0.00056035|val_loss 0.00013744
Epoch  80|time: 3.40s|train_loss 0.00051862|val_loss 0.00014514
Epoch  81|time: 3.28s|train_loss 0.00053774|val_loss 0.00018724
Epoch  82|time: 3.23s|train_loss 0.00054380|val_loss 0.00013628
Epoch  83|time: 3.50s|train_loss 0.00052368|val_loss 0.00017594
Epoch  84|time: 3.23s|train_loss 0.00053992|val_loss 0.00013512
Epoch  85|time: 3.23s|train_loss 0.00052344|val_loss 0.00013887
Epoch  86|time: 3.26s|train_loss 0.00051648|val_loss 0.00014659
Epoch  87|time: 3.27s|train_loss 0.00052834|val_loss 0.00018241
Epoch  88|time: 3.31s|train_loss 0.00052754|val_loss 0.00014362
Epoch  89|time: 3.46s|train_loss 0.00051183|val_loss 0.00013893
Epoch  90|time: 3.20s|train_loss 0.00053328|val_loss 0.00015840
Epoch  91|time: 3.28s|train_loss 0.00053295|val_loss 0.00013802
Epoch  92|time: 3.32s|train_loss 0.00052057|val_loss 0.00014449
Epoch  93|time: 3.31s|train_loss 0.00052003|val_loss 0.00013949
Epoch  94|time: 3.27s|train_loss 0.00052348|val_loss 0.00014269
Epoch  95|time: 3.33s|train_loss 0.00052619|val_loss 0.00013777
Epoch  96|time: 3.26s|train_loss 0.00054628|val_loss 0.00013447
Best validation epoch: 96 Mon May 22 19:59:48 2023
TEST MAE 0.1625 | std 0.0440 | RMSE 0.2470 | RMSEs 0.2373 | PCC 0.9654 | PCCs 0.9489 | R2 0.9315 | R2s 0.8962 | Var 0.9319 | Vars 0.8978 | Peak 0.0928
Epoch  97|time: 3.35s|train_loss 0.00055078|val_loss 0.00013980
Epoch  98|time: 3.37s|train_loss 0.00052952|val_loss 0.00013836
Epoch  99|time: 3.23s|train_loss 0.00052363|val_loss 0.00013936
Epoch 100|time: 3.38s|train_loss 0.00053168|val_loss 0.00013551
Epoch 101|time: 3.27s|train_loss 0.00051478|val_loss 0.00019145
Epoch 102|time: 3.46s|train_loss 0.00053964|val_loss 0.00013739
Epoch 103|time: 3.24s|train_loss 0.00053590|val_loss 0.00013919
Epoch 104|time: 3.45s|train_loss 0.00051385|val_loss 0.00014118
Epoch 105|time: 3.25s|train_loss 0.00050896|val_loss 0.00013755
Epoch 106|time: 3.23s|train_loss 0.00051942|val_loss 0.00015142
Epoch 107|time: 3.46s|train_loss 0.00052097|val_loss 0.00014914
Epoch 108|time: 3.25s|train_loss 0.00050768|val_loss 0.00016922
Epoch 109|time: 3.27s|train_loss 0.00051874|val_loss 0.00014224
Epoch 110|time: 3.45s|train_loss 0.00050870|val_loss 0.00013647
Epoch 111|time: 3.37s|train_loss 0.00050337|val_loss 0.00013404
Best validation epoch: 111 Mon May 22 20:00:39 2023
TEST MAE 0.1636 | std 0.0438 | RMSE 0.2478 | RMSEs 0.2384 | PCC 0.9651 | PCCs 0.9481 | R2 0.9310 | R2s 0.8951 | Var 0.9313 | Vars 0.8965 | Peak 0.0933
Epoch 112|time: 3.27s|train_loss 0.00050970|val_loss 0.00014772
Epoch 113|time: 3.43s|train_loss 0.00051032|val_loss 0.00015548
Epoch 114|time: 3.22s|train_loss 0.00049939|val_loss 0.00014076
Epoch 115|time: 3.34s|train_loss 0.00050867|val_loss 0.00014248
Epoch 116|time: 3.42s|train_loss 0.00053319|val_loss 0.00017464
Epoch 117|time: 3.23s|train_loss 0.00054020|val_loss 0.00013864
Epoch 118|time: 3.26s|train_loss 0.00053839|val_loss 0.00015976
Epoch 119|time: 3.42s|train_loss 0.00052485|val_loss 0.00013516
Epoch 120|time: 3.27s|train_loss 0.00050912|val_loss 0.00015191
Epoch 121|time: 3.30s|train_loss 0.00056563|val_loss 0.00016057
Epoch 122|time: 3.37s|train_loss 0.00054172|val_loss 0.00018914
Epoch 123|time: 3.28s|train_loss 0.00052417|val_loss 0.00014824
Epoch 124|time: 3.27s|train_loss 0.00051742|val_loss 0.00014056
Epoch 125|time: 3.51s|train_loss 0.00051024|val_loss 0.00016082
Epoch 126|time: 3.27s|train_loss 0.00052136|val_loss 0.00013495
Epoch 127|time: 3.25s|train_loss 0.00051723|val_loss 0.00014334
Epoch 128|time: 3.31s|train_loss 0.00050548|val_loss 0.00013723
Epoch 129|time: 3.38s|train_loss 0.00051127|val_loss 0.00015011
Epoch 130|time: 3.25s|train_loss 0.00051037|val_loss 0.00014312
Epoch 131|time: 3.38s|train_loss 0.00051313|val_loss 0.00013481
Epoch 132|time: 3.25s|train_loss 0.00049860|val_loss 0.00015996
Epoch 133|time: 3.26s|train_loss 0.00051992|val_loss 0.00016320
Epoch 134|time: 3.44s|train_loss 0.00051993|val_loss 0.00013801
Epoch 135|time: 3.25s|train_loss 0.00049489|val_loss 0.00013496
Epoch 136|time: 3.23s|train_loss 0.00050943|val_loss 0.00014732
Epoch 137|time: 3.38s|train_loss 0.00049914|val_loss 0.00013607
Epoch 138|time: 3.23s|train_loss 0.00050994|val_loss 0.00013579
Epoch 139|time: 3.29s|train_loss 0.00050340|val_loss 0.00013460
Epoch 140|time: 3.45s|train_loss 0.00051384|val_loss 0.00013370
Best validation epoch: 140 Mon May 22 20:02:16 2023
TEST MAE 0.1637 | std 0.0435 | RMSE 0.2467 | RMSEs 0.2378 | PCC 0.9653 | PCCs 0.9486 | R2 0.9316 | R2s 0.8952 | Var 0.9316 | Vars 0.8962 | Peak 0.0911
Epoch 141|time: 3.27s|train_loss 0.00050647|val_loss 0.00013808
Epoch 142|time: 3.30s|train_loss 0.00051912|val_loss 0.00014545
Epoch 143|time: 3.33s|train_loss 0.00049871|val_loss 0.00013663
Epoch 144|time: 3.25s|train_loss 0.00051676|val_loss 0.00016099
Epoch 145|time: 3.24s|train_loss 0.00052158|val_loss 0.00013884
Epoch 146|time: 3.37s|train_loss 0.00054068|val_loss 0.00014577
Epoch 147|time: 3.35s|train_loss 0.00050419|val_loss 0.00013689
Epoch 148|time: 3.20s|train_loss 0.00052327|val_loss 0.00013568
Epoch 149|time: 3.42s|train_loss 0.00050819|val_loss 0.00015365
Epoch 150|time: 3.21s|train_loss 0.00053186|val_loss 0.00015718
Epoch 151|time: 3.21s|train_loss 0.00051736|val_loss 0.00013803
Epoch 152|time: 3.37s|train_loss 0.00051006|val_loss 0.00013408
Epoch 153|time: 3.30s|train_loss 0.00053130|val_loss 0.00013663
Epoch 154|time: 3.20s|train_loss 0.00051328|val_loss 0.00013438
Epoch 155|time: 3.42s|train_loss 0.00050217|val_loss 0.00014366
Epoch 156|time: 3.28s|train_loss 0.00050428|val_loss 0.00013750
Epoch 157|time: 3.34s|train_loss 0.00050317|val_loss 0.00014113
Epoch 158|time: 3.54s|train_loss 0.00051131|val_loss 0.00013529
Epoch 159|time: 3.27s|train_loss 0.00051620|val_loss 0.00015969
Epoch 160|time: 3.28s|train_loss 0.00050130|val_loss 0.00013367
Best validation epoch: 160 Mon May 22 20:03:23 2023
TEST MAE 0.1644 | std 0.0436 | RMSE 0.2478 | RMSEs 0.2386 | PCC 0.9650 | PCCs 0.9482 | R2 0.9310 | R2s 0.8949 | Var 0.9312 | Vars 0.8960 | Peak 0.0928
Epoch 161|time: 3.40s|train_loss 0.00050484|val_loss 0.00013651
Epoch 162|time: 3.24s|train_loss 0.00052274|val_loss 0.00013410
Epoch 163|time: 3.24s|train_loss 0.00050304|val_loss 0.00013747
Epoch 164|time: 3.37s|train_loss 0.00051611|val_loss 0.00013453
Epoch 165|time: 3.28s|train_loss 0.00048851|val_loss 0.00013476
Epoch 166|time: 3.36s|train_loss 0.00049631|val_loss 0.00013633
Epoch 167|time: 3.37s|train_loss 0.00051999|val_loss 0.00013745
Epoch 168|time: 3.27s|train_loss 0.00051508|val_loss 0.00016724
Epoch 169|time: 3.22s|train_loss 0.00052141|val_loss 0.00014198
Epoch 170|time: 3.39s|train_loss 0.00051402|val_loss 0.00015632
Epoch 171|time: 3.34s|train_loss 0.00050377|val_loss 0.00013479
Epoch 172|time: 3.24s|train_loss 0.00050435|val_loss 0.00016598
Epoch 173|time: 3.40s|train_loss 0.00050139|val_loss 0.00016112
Epoch 174|time: 3.26s|train_loss 0.00050940|val_loss 0.00013818
Epoch 175|time: 3.36s|train_loss 0.00049905|val_loss 0.00013370
Epoch 176|time: 3.50s|train_loss 0.00049319|val_loss 0.00014918
Epoch 177|time: 3.25s|train_loss 0.00050267|val_loss 0.00013654
Epoch 178|time: 3.28s|train_loss 0.00049901|val_loss 0.00013567
Epoch 179|time: 3.50s|train_loss 0.00049631|val_loss 0.00013823
Epoch 180|time: 3.19s|train_loss 0.00049376|val_loss 0.00013663
Epoch 181|time: 3.27s|train_loss 0.00050586|val_loss 0.00013507
Epoch 182|time: 3.46s|train_loss 0.00053182|val_loss 0.00014914
Epoch 183|time: 3.24s|train_loss 0.00051544|val_loss 0.00013557
Epoch 184|time: 3.21s|train_loss 0.00052760|val_loss 0.00015428
Epoch 185|time: 3.47s|train_loss 0.00051368|val_loss 0.00013808
Epoch 186|time: 3.24s|train_loss 0.00051956|val_loss 0.00013487
Epoch 187|time: 3.26s|train_loss 0.00051193|val_loss 0.00015104
Epoch 188|time: 3.34s|train_loss 0.00051819|val_loss 0.00013643
Epoch 189|time: 3.33s|train_loss 0.00053497|val_loss 0.00013313
Best validation epoch: 189 Mon May 22 20:05:00 2023
TEST MAE 0.1639 | std 0.0444 | RMSE 0.2479 | RMSEs 0.2385 | PCC 0.9649 | PCCs 0.9486 | R2 0.9310 | R2s 0.8950 | Var 0.9310 | Vars 0.8963 | Peak 0.0926
Epoch 190|time: 3.25s|train_loss 0.00050806|val_loss 0.00017940
Epoch 191|time: 3.42s|train_loss 0.00052639|val_loss 0.00014973
Epoch 192|time: 3.30s|train_loss 0.00050901|val_loss 0.00013799
Epoch 193|time: 3.39s|train_loss 0.00050727|val_loss 0.00014433
Epoch 194|time: 3.28s|train_loss 0.00051730|val_loss 0.00014104
Epoch 195|time: 3.27s|train_loss 0.00051427|val_loss 0.00014618
Epoch 196|time: 3.18s|train_loss 0.00050928|val_loss 0.00013476
Epoch 197|time: 3.33s|train_loss 0.00050659|val_loss 0.00013579
Epoch 198|time: 3.35s|train_loss 0.00051869|val_loss 0.00013915
Epoch 199|time: 3.23s|train_loss 0.00052675|val_loss 0.00014331
Epoch 200|time: 3.30s|train_loss 0.00049462|val_loss 0.00013442
Epoch 201|time: 3.25s|train_loss 0.00050239|val_loss 0.00013829
Epoch 202|time: 3.28s|train_loss 0.00049292|val_loss 0.00013611
Epoch 203|time: 3.50s|train_loss 0.00050370|val_loss 0.00013383
Epoch 204|time: 3.19s|train_loss 0.00054010|val_loss 0.00017120
Epoch 205|time: 3.26s|train_loss 0.00051245|val_loss 0.00016585
Epoch 206|time: 3.36s|train_loss 0.00052643|val_loss 0.00013496
Epoch 207|time: 3.31s|train_loss 0.00051345|val_loss 0.00013482
Epoch 208|time: 3.23s|train_loss 0.00053891|val_loss 0.00015131
Epoch 209|time: 3.37s|train_loss 0.00051709|val_loss 0.00015029
Epoch 210|time: 3.24s|train_loss 0.00053099|val_loss 0.00013628
Epoch 211|time: 3.22s|train_loss 0.00050788|val_loss 0.00014360
Epoch 212|time: 3.46s|train_loss 0.00050062|val_loss 0.00015047
Epoch 213|time: 3.26s|train_loss 0.00050150|val_loss 0.00013731
Epoch 214|time: 3.22s|train_loss 0.00050956|val_loss 0.00013613
Epoch 215|time: 3.39s|train_loss 0.00050598|val_loss 0.00017459
Epoch 216|time: 3.25s|train_loss 0.00053589|val_loss 0.00016392
Epoch 217|time: 3.27s|train_loss 0.00050057|val_loss 0.00013608
Epoch 218|time: 3.86s|train_loss 0.00050353|val_loss 0.00014868
Epoch 219|time: 3.27s|train_loss 0.00050645|val_loss 0.00014114
Epoch 220|time: 3.27s|train_loss 0.00050050|val_loss 0.00014382
Epoch 221|time: 3.49s|train_loss 0.00052127|val_loss 0.00015871
Epoch 222|time: 3.21s|train_loss 0.00051333|val_loss 0.00013538
Epoch 223|time: 3.26s|train_loss 0.00049779|val_loss 0.00013792
Epoch 224|time: 3.44s|train_loss 0.00050235|val_loss 0.00013822
Epoch 225|time: 3.39s|train_loss 0.00049971|val_loss 0.00014252
Epoch 226|time: 3.24s|train_loss 0.00052803|val_loss 0.00013681
Epoch 227|time: 3.39s|train_loss 0.00049686|val_loss 0.00015117
Epoch 228|time: 3.23s|train_loss 0.00050220|val_loss 0.00013743
Epoch 229|time: 3.24s|train_loss 0.00049479|val_loss 0.00013463
Epoch 230|time: 3.52s|train_loss 0.00050891|val_loss 0.00014127
Epoch 231|time: 3.36s|train_loss 0.00049881|val_loss 0.00013738
Epoch 232|time: 3.21s|train_loss 0.00049962|val_loss 0.00014099
Epoch 233|time: 3.36s|train_loss 0.00050932|val_loss 0.00014815
Epoch 234|time: 3.26s|train_loss 0.00051108|val_loss 0.00013794
Epoch 235|time: 3.28s|train_loss 0.00050414|val_loss 0.00013910
Epoch 236|time: 3.38s|train_loss 0.00049658|val_loss 0.00016401
Epoch 237|time: 3.27s|train_loss 0.00050098|val_loss 0.00014986
Epoch 238|time: 3.26s|train_loss 0.00051571|val_loss 0.00013455
Epoch 239|time: 3.40s|train_loss 0.00049294|val_loss 0.00013432
Epoch 240|time: 3.24s|train_loss 0.00049931|val_loss 0.00013790
Epoch 241|time: 3.20s|train_loss 0.00049639|val_loss 0.00016971
Epoch 242|time: 3.42s|train_loss 0.00051938|val_loss 0.00016722
Epoch 243|time: 3.26s|train_loss 0.00049332|val_loss 0.00013519
Epoch 244|time: 3.23s|train_loss 0.00049349|val_loss 0.00013594
Epoch 245|time: 3.45s|train_loss 0.00049982|val_loss 0.00013621
Epoch 246|time: 3.25s|train_loss 0.00051301|val_loss 0.00014084
Epoch 247|time: 3.23s|train_loss 0.00049871|val_loss 0.00013677
Epoch 248|time: 3.39s|train_loss 0.00048913|val_loss 0.00014118
Epoch 249|time: 3.30s|train_loss 0.00051395|val_loss 0.00013434
Epoch 250|time: 3.27s|train_loss 0.00048924|val_loss 0.00013517
Epoch 251|time: 3.31s|train_loss 0.00050925|val_loss 0.00014932
Epoch 252|time: 3.25s|train_loss 0.00050751|val_loss 0.00014032
Epoch 253|time: 3.33s|train_loss 0.00049109|val_loss 0.00013450
Epoch 254|time: 3.39s|train_loss 0.00049367|val_loss 0.00014005
Epoch 255|time: 3.27s|train_loss 0.00050145|val_loss 0.00013609
Epoch 256|time: 3.25s|train_loss 0.00049642|val_loss 0.00013901
Epoch 257|time: 3.33s|train_loss 0.00049306|val_loss 0.00013875
Epoch 258|time: 3.35s|train_loss 0.00049457|val_loss 0.00013394
Epoch 259|time: 3.22s|train_loss 0.00049783|val_loss 0.00013696
Epoch 260|time: 3.41s|train_loss 0.00048812|val_loss 0.00013451
Epoch 261|time: 3.26s|train_loss 0.00050800|val_loss 0.00016746
Epoch 262|time: 3.26s|train_loss 0.00052872|val_loss 0.00014422
Epoch 263|time: 3.45s|train_loss 0.00050125|val_loss 0.00013388
Epoch 264|time: 3.21s|train_loss 0.00049328|val_loss 0.00013954
Epoch 265|time: 3.25s|train_loss 0.00051502|val_loss 0.00013683
Epoch 266|time: 3.37s|train_loss 0.00051443|val_loss 0.00016242
Epoch 267|time: 3.32s|train_loss 0.00049310|val_loss 0.00014052
Epoch 268|time: 3.23s|train_loss 0.00050522|val_loss 0.00013616
Epoch 269|time: 3.33s|train_loss 0.00049804|val_loss 0.00013495
Epoch 270|time: 3.25s|train_loss 0.00051144|val_loss 0.00014716
Epoch 271|time: 3.24s|train_loss 0.00052201|val_loss 0.00013492
Epoch 272|time: 3.59s|train_loss 0.00048580|val_loss 0.00014956
Epoch 273|time: 3.27s|train_loss 0.00050962|val_loss 0.00013388
Epoch 274|time: 3.22s|train_loss 0.00050432|val_loss 0.00013537
Epoch 275|time: 3.39s|train_loss 0.00049034|val_loss 0.00013970
Epoch 276|time: 3.20s|train_loss 0.00048709|val_loss 0.00013464
Epoch 277|time: 3.35s|train_loss 0.00051304|val_loss 0.00013450
Epoch 278|time: 3.29s|train_loss 0.00050142|val_loss 0.00013390
Epoch 279|time: 3.28s|train_loss 0.00049114|val_loss 0.00013736
Epoch 280|time: 3.24s|train_loss 0.00048335|val_loss 0.00014651
Epoch 281|time: 3.45s|train_loss 0.00047980|val_loss 0.00014368
Epoch 282|time: 3.25s|train_loss 0.00048072|val_loss 0.00016099
Epoch 283|time: 3.23s|train_loss 0.00048976|val_loss 0.00015865
Epoch 284|time: 3.64s|train_loss 0.00048444|val_loss 0.00014016
Epoch 285|time: 3.35s|train_loss 0.00048295|val_loss 0.00013347
Epoch 286|time: 3.27s|train_loss 0.00048038|val_loss 0.00013617
Epoch 287|time: 3.36s|train_loss 0.00048353|val_loss 0.00013547
Epoch 288|time: 3.26s|train_loss 0.00048512|val_loss 0.00016148
Epoch 289|time: 3.25s|train_loss 0.00052516|val_loss 0.00014373
Epoch 290|time: 3.35s|train_loss 0.00048097|val_loss 0.00014131
Epoch 291|time: 3.35s|train_loss 0.00054036|val_loss 0.00013540
Epoch 292|time: 3.26s|train_loss 0.00048026|val_loss 0.00014977
Epoch 293|time: 3.46s|train_loss 0.00048149|val_loss 0.00013495
Epoch 294|time: 3.23s|train_loss 0.00047039|val_loss 0.00013614
Epoch 295|time: 3.39s|train_loss 0.00049216|val_loss 0.00016193
Epoch 296|time: 3.32s|train_loss 0.00048138|val_loss 0.00015230
Epoch 297|time: 3.28s|train_loss 0.00050727|val_loss 0.00014855
Epoch 298|time: 3.19s|train_loss 0.00049834|val_loss 0.00017915
Epoch 299|time: 3.58s|train_loss 0.00051464|val_loss 0.00016139
Epoch 300|time: 3.23s|train_loss 0.00048501|val_loss 0.00015575
Epoch 301|time: 3.22s|train_loss 0.00050009|val_loss 0.00014116
Epoch 302|time: 3.41s|train_loss 0.00050167|val_loss 0.00015532
Epoch 303|time: 3.24s|train_loss 0.00048781|val_loss 0.00014281
Epoch 304|time: 3.26s|train_loss 0.00048662|val_loss 0.00013558
Epoch 305|time: 3.55s|train_loss 0.00047964|val_loss 0.00013516
Epoch 306|time: 3.24s|train_loss 0.00046894|val_loss 0.00013466
Epoch 307|time: 3.27s|train_loss 0.00046723|val_loss 0.00013333
Epoch 308|time: 3.28s|train_loss 0.00047483|val_loss 0.00013996
Epoch 309|time: 3.30s|train_loss 0.00049741|val_loss 0.00017291
Epoch 310|time: 3.22s|train_loss 0.00049226|val_loss 0.00014591
Epoch 311|time: 3.34s|train_loss 0.00048273|val_loss 0.00015092
Epoch 312|time: 3.26s|train_loss 0.00048267|val_loss 0.00013748
Epoch 313|time: 3.30s|train_loss 0.00047636|val_loss 0.00013415
Epoch 314|time: 3.32s|train_loss 0.00049329|val_loss 0.00015264
Epoch 315|time: 3.25s|train_loss 0.00049114|val_loss 0.00015454
Epoch 316|time: 3.28s|train_loss 0.00048398|val_loss 0.00014682
Epoch 317|time: 3.35s|train_loss 0.00047250|val_loss 0.00013529
Epoch 318|time: 3.32s|train_loss 0.00049789|val_loss 0.00014622
Epoch 319|time: 3.28s|train_loss 0.00051407|val_loss 0.00014483
Epoch 320|time: 3.31s|train_loss 0.00051666|val_loss 0.00014106
Epoch 321|time: 3.39s|train_loss 0.00053842|val_loss 0.00014178
Epoch 322|time: 3.26s|train_loss 0.00050415|val_loss 0.00013475
Epoch 323|time: 3.56s|train_loss 0.00053265|val_loss 0.00016546
Epoch 324|time: 3.23s|train_loss 0.00049820|val_loss 0.00013498
Epoch 325|time: 3.22s|train_loss 0.00051569|val_loss 0.00013789
Epoch 326|time: 3.33s|train_loss 0.00051284|val_loss 0.00015038
Epoch 327|time: 3.32s|train_loss 0.00048906|val_loss 0.00013393
Epoch 328|time: 3.22s|train_loss 0.00047428|val_loss 0.00013848
Epoch 329|time: 3.30s|train_loss 0.00047084|val_loss 0.00013635
Epoch 330|time: 3.20s|train_loss 0.00047626|val_loss 0.00013509
Epoch 331|time: 3.26s|train_loss 0.00047043|val_loss 0.00014104
Epoch 332|time: 3.29s|train_loss 0.00048978|val_loss 0.00016027
Epoch 333|time: 3.37s|train_loss 0.00050154|val_loss 0.00013498
Epoch 334|time: 3.21s|train_loss 0.00049699|val_loss 0.00015017
Epoch 335|time: 3.24s|train_loss 0.00049801|val_loss 0.00017142
Epoch 336|time: 3.33s|train_loss 0.00052293|val_loss 0.00020269
Epoch 337|time: 3.32s|train_loss 0.00049204|val_loss 0.00017094
Epoch 338|time: 3.27s|train_loss 0.00049475|val_loss 0.00016823
Epoch 339|time: 3.41s|train_loss 0.00049462|val_loss 0.00016663
Epoch 340|time: 3.23s|train_loss 0.00047792|val_loss 0.00014421
Epoch 341|time: 3.40s|train_loss 0.00048583|val_loss 0.00013530
Epoch 342|time: 3.36s|train_loss 0.00049905|val_loss 0.00015564
Epoch 343|time: 3.28s|train_loss 0.00051156|val_loss 0.00013728
Epoch 344|time: 3.24s|train_loss 0.00049100|val_loss 0.00013625
Epoch 345|time: 3.48s|train_loss 0.00047204|val_loss 0.00013384
Epoch 346|time: 3.26s|train_loss 0.00047087|val_loss 0.00014066
Epoch 347|time: 3.22s|train_loss 0.00048499|val_loss 0.00013632
Epoch 348|time: 3.42s|train_loss 0.00049895|val_loss 0.00013728
Epoch 349|time: 3.27s|train_loss 0.00048316|val_loss 0.00014341
Epoch 350|time: 3.28s|train_loss 0.00048606|val_loss 0.00014509
Epoch 351|time: 3.61s|train_loss 0.00050013|val_loss 0.00016129
Epoch 352|time: 3.25s|train_loss 0.00048556|val_loss 0.00013917
Epoch 353|time: 3.27s|train_loss 0.00048631|val_loss 0.00013482
Epoch 354|time: 3.42s|train_loss 0.00049203|val_loss 0.00013653
Epoch 355|time: 3.72s|train_loss 0.00048926|val_loss 0.00015724
Epoch 356|time: 3.26s|train_loss 0.00050291|val_loss 0.00013818
Epoch 357|time: 3.36s|train_loss 0.00049512|val_loss 0.00015019
Epoch 358|time: 3.19s|train_loss 0.00050124|val_loss 0.00013829
Epoch 359|time: 3.31s|train_loss 0.00047208|val_loss 0.00014032
Epoch 360|time: 3.19s|train_loss 0.00053246|val_loss 0.00014310
Epoch 361|time: 3.18s|train_loss 0.00047348|val_loss 0.00014064
Epoch 362|time: 3.19s|train_loss 0.00049487|val_loss 0.00014178
Epoch 363|time: 3.19s|train_loss 0.00049463|val_loss 0.00014881
Epoch 364|time: 3.18s|train_loss 0.00048312|val_loss 0.00013895
Epoch 365|time: 3.25s|train_loss 0.00049545|val_loss 0.00013329
Epoch 366|time: 3.21s|train_loss 0.00049925|val_loss 0.00014542
Epoch 367|time: 3.18s|train_loss 0.00049448|val_loss 0.00014846
Epoch 368|time: 3.20s|train_loss 0.00047709|val_loss 0.00014161
Epoch 369|time: 3.40s|train_loss 0.00047841|val_loss 0.00013874
Epoch 370|time: 3.20s|train_loss 0.00047882|val_loss 0.00013437
Epoch 371|time: 3.36s|train_loss 0.00046801|val_loss 0.00016086
Epoch 372|time: 3.21s|train_loss 0.00049413|val_loss 0.00014820
Epoch 373|time: 3.30s|train_loss 0.00051222|val_loss 0.00013800
Epoch 374|time: 3.18s|train_loss 0.00052726|val_loss 0.00013661
Epoch 375|time: 3.27s|train_loss 0.00048054|val_loss 0.00013806
Epoch 376|time: 3.29s|train_loss 0.00046860|val_loss 0.00013535
Epoch 377|time: 3.18s|train_loss 0.00047989|val_loss 0.00014372
Epoch 378|time: 3.43s|train_loss 0.00048228|val_loss 0.00013552
Epoch 379|time: 3.18s|train_loss 0.00047836|val_loss 0.00013337
Epoch 380|time: 3.19s|train_loss 0.00048235|val_loss 0.00013807
Epoch 381|time: 3.18s|train_loss 0.00047645|val_loss 0.00013973
Epoch 382|time: 3.18s|train_loss 0.00048119|val_loss 0.00013672
Epoch 383|time: 3.32s|train_loss 0.00047697|val_loss 0.00013907
Epoch 384|time: 3.20s|train_loss 0.00047499|val_loss 0.00013811
Epoch 385|time: 3.22s|train_loss 0.00049710|val_loss 0.00014238
Epoch 386|time: 3.18s|train_loss 0.00048586|val_loss 0.00013730
Epoch 387|time: 3.26s|train_loss 0.00047241|val_loss 0.00013612
Epoch 388|time: 3.20s|train_loss 0.00047285|val_loss 0.00016660
Epoch 389|time: 3.19s|train_loss 0.00049698|val_loss 0.00014306
Final evaluation
TEST MAE 0.1639 | std 0.0444 | RMSE 0.2479 | RMSEs 0.2385 | PCC 0.9649 | PCCs 0.9486 | R2 0.9310 | R2s 0.8950 | Var 0.9310 | Vars 0.8963 | Peak 0.0926
