--------Parameters--------
Namespace(batch=32, bi=False, check_point=1, cuda=False, dataset='us_hhs', dropout=0.2, epilambda=0.1, epochs=500, gpu=3, hidsp=15, horizon=1, k=10, lamda=0.01, lr=0.001, model='cola_gnn_epi', mylog=False, n_hidden=20, n_layer=1, patience=200, rnn_model='RNN', save_dir='save', seed=42, shuffle=False, sim_mat='us_hhs-adj', test=0.2, train=0.6, val=0.2, weight_decay=0.0005, window=20)
--------------------------
data shape (364, 10)
size of train/val/test sets 198 73 73
#params: 5145
begin training
Epoch   1|time: 3.45s|train_loss 0.00245085|val_loss 0.00044400
Best validation epoch: 1 Mon May 22 15:47:44 2023
TEST MAE 0.4802 | std 0.1841 | RMSE 0.7107 | RMSEs 0.6708 | PCC 0.8801 | PCCs 0.8480 | R2 0.4326 | R2s 0.2193 | Var 0.6570 | Vars 0.5621 | Peak 0.3466
Epoch   2|time: 3.40s|train_loss 0.00115977|val_loss 0.00064884
Epoch   3|time: 3.65s|train_loss 0.00102122|val_loss 0.00030918
Best validation epoch: 3 Mon May 22 15:47:52 2023
TEST MAE 0.3299 | std 0.1275 | RMSE 0.5054 | RMSEs 0.4762 | PCC 0.9341 | PCCs 0.9147 | R2 0.7131 | R2s 0.6070 | Var 0.8161 | Vars 0.7638 | Peak 0.2265
Epoch   4|time: 3.77s|train_loss 0.00092466|val_loss 0.00024511
Best validation epoch: 4 Mon May 22 15:47:56 2023
TEST MAE 0.2519 | std 0.0941 | RMSE 0.4067 | RMSEs 0.3808 | PCC 0.9370 | PCCs 0.9180 | R2 0.8142 | R2s 0.7477 | Var 0.8489 | Vars 0.8014 | Peak 0.1650
Epoch   5|time: 3.64s|train_loss 0.00083582|val_loss 0.00023696
Best validation epoch: 5 Mon May 22 15:48:01 2023
TEST MAE 0.3164 | std 0.0705 | RMSE 0.3958 | RMSEs 0.3845 | PCC 0.9318 | PCCs 0.9214 | R2 0.8240 | R2s 0.7199 | Var 0.8645 | Vars 0.8262 | Peak 0.1224
Epoch   6|time: 3.75s|train_loss 0.00079330|val_loss 0.00024425
Epoch   7|time: 3.60s|train_loss 0.00077895|val_loss 0.00017881
Best validation epoch: 7 Mon May 22 15:48:09 2023
TEST MAE 0.2207 | std 0.0599 | RMSE 0.3205 | RMSEs 0.3055 | PCC 0.9420 | PCCs 0.9252 | R2 0.8846 | R2s 0.8309 | Var 0.8860 | Vars 0.8458 | Peak 0.1179
Epoch   8|time: 3.60s|train_loss 0.00075492|val_loss 0.00018727
Epoch   9|time: 3.72s|train_loss 0.00075439|val_loss 0.00016423
Best validation epoch: 9 Mon May 22 15:48:17 2023
TEST MAE 0.1985 | std 0.0588 | RMSE 0.3054 | RMSEs 0.2891 | PCC 0.9470 | PCCs 0.9308 | R2 0.8953 | R2s 0.8500 | Var 0.8953 | Vars 0.8576 | Peak 0.1167
Epoch  10|time: 3.63s|train_loss 0.00073946|val_loss 0.00016789
Epoch  11|time: 3.87s|train_loss 0.00073819|val_loss 0.00016051
Best validation epoch: 11 Mon May 22 15:48:25 2023
TEST MAE 0.1941 | std 0.0571 | RMSE 0.2978 | RMSEs 0.2820 | PCC 0.9502 | PCCs 0.9346 | R2 0.9004 | R2s 0.8572 | Var 0.9004 | Vars 0.8640 | Peak 0.1128
Epoch  12|time: 4.14s|train_loss 0.00074511|val_loss 0.00015956
Best validation epoch: 12 Mon May 22 15:48:31 2023
TEST MAE 0.1912 | std 0.0636 | RMSE 0.3029 | RMSEs 0.2848 | PCC 0.9521 | PCCs 0.9357 | R2 0.8969 | R2s 0.8563 | Var 0.9033 | Vars 0.8673 | Peak 0.1190
Epoch  13|time: 3.72s|train_loss 0.00072935|val_loss 0.00015338
Best validation epoch: 13 Mon May 22 15:48:36 2023
TEST MAE 0.1867 | std 0.0589 | RMSE 0.2919 | RMSEs 0.2756 | PCC 0.9522 | PCCs 0.9360 | R2 0.9043 | R2s 0.8642 | Var 0.9057 | Vars 0.8691 | Peak 0.1128
Epoch  14|time: 4.45s|train_loss 0.00072701|val_loss 0.00015294
Best validation epoch: 14 Mon May 22 15:48:41 2023
TEST MAE 0.1912 | std 0.0551 | RMSE 0.2898 | RMSEs 0.2757 | PCC 0.9522 | PCCs 0.9365 | R2 0.9057 | R2s 0.8624 | Var 0.9063 | Vars 0.8700 | Peak 0.1087
Epoch  15|time: 3.77s|train_loss 0.00071854|val_loss 0.00018769
Epoch  16|time: 3.56s|train_loss 0.00073239|val_loss 0.00015272
Best validation epoch: 16 Mon May 22 15:48:49 2023
TEST MAE 0.1926 | std 0.0545 | RMSE 0.2878 | RMSEs 0.2743 | PCC 0.9535 | PCCs 0.9379 | R2 0.9070 | R2s 0.8634 | Var 0.9086 | Vars 0.8730 | Peak 0.1069
Epoch  17|time: 3.67s|train_loss 0.00070837|val_loss 0.00015447
Epoch  18|time: 3.67s|train_loss 0.00069699|val_loss 0.00014886
Best validation epoch: 18 Mon May 22 15:48:57 2023
TEST MAE 0.1802 | std 0.0569 | RMSE 0.2849 | RMSEs 0.2692 | PCC 0.9556 | PCCs 0.9395 | R2 0.9088 | R2s 0.8705 | Var 0.9108 | Vars 0.8752 | Peak 0.1110
Epoch  19|time: 3.42s|train_loss 0.00071615|val_loss 0.00016004
Epoch  20|time: 4.05s|train_loss 0.00070793|val_loss 0.00015294
Epoch  21|time: 3.43s|train_loss 0.00070232|val_loss 0.00014649
Best validation epoch: 21 Mon May 22 15:49:09 2023
TEST MAE 0.1791 | std 0.0557 | RMSE 0.2771 | RMSEs 0.2627 | PCC 0.9563 | PCCs 0.9404 | R2 0.9138 | R2s 0.8758 | Var 0.9138 | Vars 0.8786 | Peak 0.1070
Epoch  22|time: 3.41s|train_loss 0.00069529|val_loss 0.00014931
Epoch  23|time: 3.54s|train_loss 0.00069108|val_loss 0.00014885
Epoch  24|time: 3.44s|train_loss 0.00068168|val_loss 0.00015289
Epoch  25|time: 3.77s|train_loss 0.00068458|val_loss 0.00014412
Best validation epoch: 25 Mon May 22 15:49:24 2023
TEST MAE 0.1752 | std 0.0545 | RMSE 0.2741 | RMSEs 0.2599 | PCC 0.9581 | PCCs 0.9419 | R2 0.9156 | R2s 0.8787 | Var 0.9166 | Vars 0.8815 | Peak 0.1070
Epoch  26|time: 3.56s|train_loss 0.00067923|val_loss 0.00014501
Epoch  27|time: 3.62s|train_loss 0.00068901|val_loss 0.00014681
Epoch  28|time: 3.52s|train_loss 0.00068598|val_loss 0.00014635
Epoch  29|time: 3.61s|train_loss 0.00067991|val_loss 0.00015783
Epoch  30|time: 3.64s|train_loss 0.00067696|val_loss 0.00014678
Epoch  31|time: 3.56s|train_loss 0.00067386|val_loss 0.00014508
Epoch  32|time: 3.35s|train_loss 0.00067343|val_loss 0.00014363
Best validation epoch: 32 Mon May 22 15:49:50 2023
TEST MAE 0.1758 | std 0.0514 | RMSE 0.2674 | RMSEs 0.2549 | PCC 0.9593 | PCCs 0.9438 | R2 0.9197 | R2s 0.8821 | Var 0.9200 | Vars 0.8858 | Peak 0.1007
Epoch  33|time: 3.63s|train_loss 0.00066775|val_loss 0.00014347
Best validation epoch: 33 Mon May 22 15:49:54 2023
TEST MAE 0.1764 | std 0.0537 | RMSE 0.2723 | RMSEs 0.2585 | PCC 0.9596 | PCCs 0.9437 | R2 0.9167 | R2s 0.8799 | Var 0.9204 | Vars 0.8857 | Peak 0.1067
Epoch  34|time: 3.37s|train_loss 0.00067034|val_loss 0.00014939
Epoch  35|time: 3.63s|train_loss 0.00066696|val_loss 0.00014946
Epoch  36|time: 3.52s|train_loss 0.00070836|val_loss 0.00014104
Best validation epoch: 36 Mon May 22 15:50:05 2023
TEST MAE 0.1724 | std 0.0517 | RMSE 0.2674 | RMSEs 0.2542 | PCC 0.9600 | PCCs 0.9440 | R2 0.9197 | R2s 0.8834 | Var 0.9212 | Vars 0.8864 | Peak 0.1041
Epoch  37|time: 3.30s|train_loss 0.00066094|val_loss 0.00015030
Epoch  38|time: 3.68s|train_loss 0.00066499|val_loss 0.00014816
Epoch  39|time: 3.54s|train_loss 0.00068886|val_loss 0.00014200
Epoch  40|time: 3.49s|train_loss 0.00069019|val_loss 0.00015289
Epoch  41|time: 3.69s|train_loss 0.00065436|val_loss 0.00014577
Epoch  42|time: 3.53s|train_loss 0.00066356|val_loss 0.00014128
Epoch  43|time: 3.28s|train_loss 0.00067700|val_loss 0.00014763
Epoch  44|time: 3.75s|train_loss 0.00066524|val_loss 0.00014957
Epoch  45|time: 3.25s|train_loss 0.00065333|val_loss 0.00014178
Epoch  46|time: 3.38s|train_loss 0.00065371|val_loss 0.00014686
Epoch  47|time: 3.48s|train_loss 0.00064864|val_loss 0.00014100
Best validation epoch: 47 Mon May 22 15:50:45 2023
TEST MAE 0.1697 | std 0.0498 | RMSE 0.2629 | RMSEs 0.2503 | PCC 0.9618 | PCCs 0.9459 | R2 0.9224 | R2s 0.8868 | Var 0.9244 | Vars 0.8903 | Peak 0.1028
Epoch  48|time: 3.40s|train_loss 0.00065742|val_loss 0.00016170
Epoch  49|time: 3.48s|train_loss 0.00065178|val_loss 0.00014346
Epoch  50|time: 3.71s|train_loss 0.00066938|val_loss 0.00014020
Best validation epoch: 50 Mon May 22 15:50:56 2023
TEST MAE 0.1685 | std 0.0485 | RMSE 0.2591 | RMSEs 0.2473 | PCC 0.9616 | PCCs 0.9458 | R2 0.9246 | R2s 0.8889 | Var 0.9246 | Vars 0.8902 | Peak 0.0985
Epoch  51|time: 3.95s|train_loss 0.00065026|val_loss 0.00014232
Epoch  52|time: 3.94s|train_loss 0.00063937|val_loss 0.00014253
Epoch  53|time: 3.80s|train_loss 0.00064488|val_loss 0.00013866
Best validation epoch: 53 Mon May 22 15:51:09 2023
TEST MAE 0.1683 | std 0.0475 | RMSE 0.2583 | RMSEs 0.2468 | PCC 0.9619 | PCCs 0.9459 | R2 0.9251 | R2s 0.8892 | Var 0.9251 | Vars 0.8905 | Peak 0.0979
Epoch  54|time: 2.75s|train_loss 0.00064392|val_loss 0.00013811
Best validation epoch: 54 Mon May 22 15:51:12 2023
TEST MAE 0.1678 | std 0.0478 | RMSE 0.2588 | RMSEs 0.2471 | PCC 0.9622 | PCCs 0.9461 | R2 0.9247 | R2s 0.8892 | Var 0.9255 | Vars 0.8910 | Peak 0.0996
Epoch  55|time: 2.17s|train_loss 0.00064819|val_loss 0.00014307
Epoch  56|time: 2.35s|train_loss 0.00063215|val_loss 0.00014279
Epoch  57|time: 2.08s|train_loss 0.00064541|val_loss 0.00013857
Epoch  58|time: 2.21s|train_loss 0.00063996|val_loss 0.00014439
Epoch  59|time: 2.06s|train_loss 0.00064677|val_loss 0.00013774
Best validation epoch: 59 Mon May 22 15:51:24 2023
TEST MAE 0.1673 | std 0.0467 | RMSE 0.2561 | RMSEs 0.2450 | PCC 0.9625 | PCCs 0.9464 | R2 0.9263 | R2s 0.8904 | Var 0.9263 | Vars 0.8917 | Peak 0.0967
Epoch  60|time: 2.05s|train_loss 0.00064270|val_loss 0.00015510
Epoch  61|time: 2.08s|train_loss 0.00064113|val_loss 0.00013944
Epoch  62|time: 2.33s|train_loss 0.00064910|val_loss 0.00015129
Epoch  63|time: 2.18s|train_loss 0.00064413|val_loss 0.00015306
Epoch  64|time: 3.01s|train_loss 0.00063617|val_loss 0.00014269
Epoch  65|time: 3.32s|train_loss 0.00063827|val_loss 0.00013894
Epoch  66|time: 3.43s|train_loss 0.00063040|val_loss 0.00013781
Epoch  67|time: 3.73s|train_loss 0.00063010|val_loss 0.00013959
Epoch  68|time: 3.44s|train_loss 0.00063057|val_loss 0.00013933
Epoch  69|time: 3.65s|train_loss 0.00063676|val_loss 0.00013962
Epoch  70|time: 3.37s|train_loss 0.00065654|val_loss 0.00013807
Epoch  71|time: 3.32s|train_loss 0.00063194|val_loss 0.00014108
Epoch  72|time: 3.78s|train_loss 0.00062740|val_loss 0.00013656
Best validation epoch: 72 Mon May 22 15:52:04 2023
TEST MAE 0.1658 | std 0.0466 | RMSE 0.2541 | RMSEs 0.2430 | PCC 0.9632 | PCCs 0.9472 | R2 0.9275 | R2s 0.8922 | Var 0.9277 | Vars 0.8934 | Peak 0.0966
Epoch  73|time: 3.55s|train_loss 0.00062014|val_loss 0.00013881
Epoch  74|time: 3.78s|train_loss 0.00063189|val_loss 0.00014068
Epoch  75|time: 3.59s|train_loss 0.00064397|val_loss 0.00013678
Epoch  76|time: 3.35s|train_loss 0.00062621|val_loss 0.00013669
Epoch  77|time: 3.42s|train_loss 0.00062092|val_loss 0.00014716
Epoch  78|time: 3.29s|train_loss 0.00062871|val_loss 0.00015015
Epoch  79|time: 3.38s|train_loss 0.00063992|val_loss 0.00014740
Epoch  80|time: 3.48s|train_loss 0.00063250|val_loss 0.00013749
Epoch  81|time: 3.32s|train_loss 0.00062303|val_loss 0.00013747
Epoch  82|time: 3.30s|train_loss 0.00062110|val_loss 0.00014095
Epoch  83|time: 3.29s|train_loss 0.00062438|val_loss 0.00014377
Epoch  84|time: 3.41s|train_loss 0.00063342|val_loss 0.00013717
Epoch  85|time: 3.45s|train_loss 0.00062169|val_loss 0.00013881
Epoch  86|time: 3.32s|train_loss 0.00062159|val_loss 0.00014705
Epoch  87|time: 3.22s|train_loss 0.00063169|val_loss 0.00014805
Epoch  88|time: 3.19s|train_loss 0.00062526|val_loss 0.00013742
Epoch  89|time: 3.34s|train_loss 0.00062780|val_loss 0.00015082
Epoch  90|time: 3.17s|train_loss 0.00063945|val_loss 0.00013558
Best validation epoch: 90 Mon May 22 15:53:06 2023
TEST MAE 0.1643 | std 0.0455 | RMSE 0.2511 | RMSEs 0.2406 | PCC 0.9641 | PCCs 0.9480 | R2 0.9292 | R2s 0.8940 | Var 0.9295 | Vars 0.8950 | Peak 0.0947
Epoch  91|time: 3.24s|train_loss 0.00062508|val_loss 0.00015939
Epoch  92|time: 3.37s|train_loss 0.00062840|val_loss 0.00013949
Epoch  93|time: 3.28s|train_loss 0.00062141|val_loss 0.00013843
Epoch  94|time: 4.72s|train_loss 0.00062159|val_loss 0.00013546
Best validation epoch: 94 Mon May 22 15:53:21 2023
TEST MAE 0.1631 | std 0.0457 | RMSE 0.2498 | RMSEs 0.2394 | PCC 0.9643 | PCCs 0.9485 | R2 0.9299 | R2s 0.8950 | Var 0.9299 | Vars 0.8960 | Peak 0.0937
Epoch  95|time: 3.76s|train_loss 0.00061487|val_loss 0.00013570
Epoch  96|time: 3.52s|train_loss 0.00062272|val_loss 0.00013948
Epoch  97|time: 3.63s|train_loss 0.00062349|val_loss 0.00013611
Epoch  98|time: 3.73s|train_loss 0.00061602|val_loss 0.00015223
Epoch  99|time: 3.39s|train_loss 0.00061879|val_loss 0.00013510
Best validation epoch: 99 Mon May 22 15:53:40 2023
TEST MAE 0.1637 | std 0.0453 | RMSE 0.2502 | RMSEs 0.2400 | PCC 0.9643 | PCCs 0.9481 | R2 0.9297 | R2s 0.8942 | Var 0.9297 | Vars 0.8951 | Peak 0.0936
Epoch 100|time: 3.89s|train_loss 0.00063420|val_loss 0.00013554
Epoch 101|time: 3.38s|train_loss 0.00061433|val_loss 0.00013865
Epoch 102|time: 3.45s|train_loss 0.00062505|val_loss 0.00013884
Epoch 103|time: 3.50s|train_loss 0.00062031|val_loss 0.00015215
Epoch 104|time: 3.45s|train_loss 0.00062739|val_loss 0.00014505
Epoch 105|time: 3.49s|train_loss 0.00060844|val_loss 0.00013529
Epoch 106|time: 3.50s|train_loss 0.00061833|val_loss 0.00013483
Best validation epoch: 106 Mon May 22 15:54:06 2023
TEST MAE 0.1646 | std 0.0452 | RMSE 0.2498 | RMSEs 0.2400 | PCC 0.9644 | PCCs 0.9481 | R2 0.9299 | R2s 0.8940 | Var 0.9300 | Vars 0.8955 | Peak 0.0925
Epoch 107|time: 3.24s|train_loss 0.00061446|val_loss 0.00013835
Epoch 108|time: 3.41s|train_loss 0.00061891|val_loss 0.00014676
Epoch 109|time: 3.28s|train_loss 0.00061260|val_loss 0.00013652
Epoch 110|time: 3.22s|train_loss 0.00060496|val_loss 0.00013519
Epoch 111|time: 3.23s|train_loss 0.00060393|val_loss 0.00013874
Epoch 112|time: 3.31s|train_loss 0.00060778|val_loss 0.00013532
Epoch 113|time: 3.26s|train_loss 0.00060969|val_loss 0.00013498
Epoch 114|time: 3.43s|train_loss 0.00060852|val_loss 0.00013515
Epoch 115|time: 3.22s|train_loss 0.00061065|val_loss 0.00013594
Epoch 116|time: 3.22s|train_loss 0.00060972|val_loss 0.00014366
Epoch 117|time: 3.21s|train_loss 0.00060222|val_loss 0.00013583
Epoch 118|time: 3.36s|train_loss 0.00060757|val_loss 0.00013574
Epoch 119|time: 3.23s|train_loss 0.00059835|val_loss 0.00013485
Epoch 120|time: 3.23s|train_loss 0.00060199|val_loss 0.00014016
Epoch 121|time: 3.24s|train_loss 0.00063460|val_loss 0.00013515
Epoch 122|time: 3.38s|train_loss 0.00060433|val_loss 0.00014181
Epoch 123|time: 3.22s|train_loss 0.00060331|val_loss 0.00014974
Epoch 124|time: 3.28s|train_loss 0.00060758|val_loss 0.00013570
Epoch 125|time: 3.18s|train_loss 0.00060920|val_loss 0.00014059
Epoch 126|time: 3.25s|train_loss 0.00060800|val_loss 0.00013459
Best validation epoch: 126 Mon May 22 15:55:12 2023
TEST MAE 0.1638 | std 0.0453 | RMSE 0.2487 | RMSEs 0.2388 | PCC 0.9646 | PCCs 0.9483 | R2 0.9305 | R2s 0.8951 | Var 0.9305 | Vars 0.8960 | Peak 0.0932
Epoch 127|time: 3.19s|train_loss 0.00061102|val_loss 0.00013490
Epoch 128|time: 3.17s|train_loss 0.00060762|val_loss 0.00013517
Epoch 129|time: 3.18s|train_loss 0.00060939|val_loss 0.00013523
Epoch 130|time: 3.23s|train_loss 0.00060448|val_loss 0.00013390
Best validation epoch: 130 Mon May 22 15:55:25 2023
TEST MAE 0.1619 | std 0.0447 | RMSE 0.2472 | RMSEs 0.2373 | PCC 0.9651 | PCCs 0.9491 | R2 0.9314 | R2s 0.8963 | Var 0.9314 | Vars 0.8974 | Peak 0.0919
Epoch 131|time: 3.26s|train_loss 0.00061016|val_loss 0.00014380
Epoch 132|time: 3.19s|train_loss 0.00059915|val_loss 0.00014262
Epoch 133|time: 3.16s|train_loss 0.00060320|val_loss 0.00013626
Epoch 134|time: 3.20s|train_loss 0.00061610|val_loss 0.00013970
Epoch 135|time: 3.19s|train_loss 0.00060757|val_loss 0.00013417
Epoch 136|time: 3.33s|train_loss 0.00061693|val_loss 0.00013744
Epoch 137|time: 3.19s|train_loss 0.00060976|val_loss 0.00013917
Epoch 138|time: 3.19s|train_loss 0.00061464|val_loss 0.00013939
Epoch 139|time: 3.45s|train_loss 0.00059968|val_loss 0.00014095
Epoch 140|time: 3.30s|train_loss 0.00060802|val_loss 0.00013454
Epoch 141|time: 3.25s|train_loss 0.00060920|val_loss 0.00013701
Epoch 142|time: 3.32s|train_loss 0.00061649|val_loss 0.00016023
Epoch 143|time: 3.25s|train_loss 0.00061905|val_loss 0.00016309
Epoch 144|time: 3.30s|train_loss 0.00061313|val_loss 0.00013458
Epoch 145|time: 3.26s|train_loss 0.00060265|val_loss 0.00013551
Epoch 146|time: 3.23s|train_loss 0.00062311|val_loss 0.00013946
Epoch 147|time: 3.29s|train_loss 0.00059676|val_loss 0.00013383
Best validation epoch: 147 Mon May 22 15:56:21 2023
TEST MAE 0.1628 | std 0.0449 | RMSE 0.2476 | RMSEs 0.2379 | PCC 0.9650 | PCCs 0.9489 | R2 0.9312 | R2s 0.8957 | Var 0.9312 | Vars 0.8970 | Peak 0.0912
Epoch 148|time: 3.32s|train_loss 0.00060035|val_loss 0.00014163
Epoch 149|time: 3.22s|train_loss 0.00059779|val_loss 0.00013589
Epoch 150|time: 3.24s|train_loss 0.00060522|val_loss 0.00013600
Epoch 151|time: 3.45s|train_loss 0.00061031|val_loss 0.00013486
Epoch 152|time: 3.23s|train_loss 0.00060104|val_loss 0.00013623
Epoch 153|time: 3.23s|train_loss 0.00060506|val_loss 0.00013921
Epoch 154|time: 3.48s|train_loss 0.00060087|val_loss 0.00013848
Epoch 155|time: 3.24s|train_loss 0.00059727|val_loss 0.00013406
Epoch 156|time: 3.27s|train_loss 0.00059566|val_loss 0.00013596
Epoch 157|time: 3.41s|train_loss 0.00059762|val_loss 0.00014219
Epoch 158|time: 3.22s|train_loss 0.00061264|val_loss 0.00013858
Epoch 159|time: 3.40s|train_loss 0.00059305|val_loss 0.00013692
Epoch 160|time: 3.42s|train_loss 0.00058574|val_loss 0.00013418
Epoch 161|time: 3.25s|train_loss 0.00058991|val_loss 0.00013699
Epoch 162|time: 3.22s|train_loss 0.00060556|val_loss 0.00013429
Epoch 163|time: 3.38s|train_loss 0.00059014|val_loss 0.00013934
Epoch 164|time: 3.24s|train_loss 0.00060477|val_loss 0.00013472
Epoch 165|time: 3.34s|train_loss 0.00059133|val_loss 0.00013889
Epoch 166|time: 3.37s|train_loss 0.00059805|val_loss 0.00014514
Epoch 167|time: 3.21s|train_loss 0.00060168|val_loss 0.00013650
Epoch 168|time: 3.22s|train_loss 0.00059720|val_loss 0.00014159
Epoch 169|time: 3.49s|train_loss 0.00059417|val_loss 0.00013473
Epoch 170|time: 3.22s|train_loss 0.00058912|val_loss 0.00013433
Epoch 171|time: 3.27s|train_loss 0.00058573|val_loss 0.00013381
Best validation epoch: 171 Mon May 22 15:57:41 2023
TEST MAE 0.1632 | std 0.0442 | RMSE 0.2471 | RMSEs 0.2377 | PCC 0.9653 | PCCs 0.9493 | R2 0.9314 | R2s 0.8956 | Var 0.9318 | Vars 0.8978 | Peak 0.0905
Epoch 172|time: 3.48s|train_loss 0.00059436|val_loss 0.00013600
Epoch 173|time: 3.22s|train_loss 0.00059225|val_loss 0.00013788
Epoch 174|time: 3.23s|train_loss 0.00059243|val_loss 0.00013431
Epoch 175|time: 3.41s|train_loss 0.00058973|val_loss 0.00013450
Epoch 176|time: 3.24s|train_loss 0.00058910|val_loss 0.00013551
Epoch 177|time: 3.25s|train_loss 0.00058949|val_loss 0.00013516
Epoch 178|time: 3.45s|train_loss 0.00059276|val_loss 0.00014665
Epoch 179|time: 3.22s|train_loss 0.00059609|val_loss 0.00013428
Epoch 180|time: 3.27s|train_loss 0.00058289|val_loss 0.00013324
Best validation epoch: 180 Mon May 22 15:58:12 2023
TEST MAE 0.1610 | std 0.0443 | RMSE 0.2458 | RMSEs 0.2361 | PCC 0.9655 | PCCs 0.9495 | R2 0.9321 | R2s 0.8973 | Var 0.9321 | Vars 0.8983 | Peak 0.0911
Epoch 181|time: 3.22s|train_loss 0.00059513|val_loss 0.00014021
Epoch 182|time: 3.89s|train_loss 0.00061614|val_loss 0.00013874
Epoch 183|time: 3.51s|train_loss 0.00059682|val_loss 0.00013425
Epoch 184|time: 3.27s|train_loss 0.00058802|val_loss 0.00013868
Epoch 185|time: 3.26s|train_loss 0.00058895|val_loss 0.00013572
Epoch 186|time: 3.46s|train_loss 0.00059396|val_loss 0.00013887
Epoch 187|time: 3.37s|train_loss 0.00059741|val_loss 0.00013721
Epoch 188|time: 3.27s|train_loss 0.00058476|val_loss 0.00014328
Epoch 189|time: 3.41s|train_loss 0.00059365|val_loss 0.00013732
Epoch 190|time: 3.20s|train_loss 0.00061230|val_loss 0.00013978
Epoch 191|time: 3.34s|train_loss 0.00059880|val_loss 0.00013575
Epoch 192|time: 3.39s|train_loss 0.00058880|val_loss 0.00013482
Epoch 193|time: 3.24s|train_loss 0.00059248|val_loss 0.00013414
Epoch 194|time: 3.21s|train_loss 0.00059294|val_loss 0.00013382
Epoch 195|time: 3.30s|train_loss 0.00059938|val_loss 0.00013408
Epoch 196|time: 3.25s|train_loss 0.00058919|val_loss 0.00013376
Epoch 197|time: 3.28s|train_loss 0.00058519|val_loss 0.00013820
Epoch 198|time: 3.24s|train_loss 0.00058743|val_loss 0.00013484
Epoch 199|time: 3.23s|train_loss 0.00059351|val_loss 0.00013474
Epoch 200|time: 3.27s|train_loss 0.00058203|val_loss 0.00013421
Epoch 201|time: 3.40s|train_loss 0.00059064|val_loss 0.00013445
Epoch 202|time: 3.27s|train_loss 0.00059455|val_loss 0.00013507
Epoch 203|time: 3.25s|train_loss 0.00060475|val_loss 0.00013889
Epoch 204|time: 3.29s|train_loss 0.00061674|val_loss 0.00015153
Epoch 205|time: 3.35s|train_loss 0.00058454|val_loss 0.00013646
Epoch 206|time: 3.25s|train_loss 0.00059716|val_loss 0.00013562
Epoch 207|time: 3.29s|train_loss 0.00060443|val_loss 0.00014759
Epoch 208|time: 3.26s|train_loss 0.00059416|val_loss 0.00014515
Epoch 209|time: 3.26s|train_loss 0.00057818|val_loss 0.00013584
Epoch 210|time: 3.21s|train_loss 0.00058423|val_loss 0.00013848
Epoch 211|time: 3.45s|train_loss 0.00057603|val_loss 0.00013448
Epoch 212|time: 3.26s|train_loss 0.00057563|val_loss 0.00013365
Epoch 213|time: 3.39s|train_loss 0.00057555|val_loss 0.00013315
Best validation epoch: 213 Mon May 22 16:00:02 2023
TEST MAE 0.1611 | std 0.0441 | RMSE 0.2453 | RMSEs 0.2358 | PCC 0.9656 | PCCs 0.9497 | R2 0.9324 | R2s 0.8974 | Var 0.9324 | Vars 0.8984 | Peak 0.0903
Epoch 214|time: 3.49s|train_loss 0.00058233|val_loss 0.00013364
Epoch 215|time: 3.51s|train_loss 0.00058778|val_loss 0.00013398
Epoch 216|time: 3.57s|train_loss 0.00060247|val_loss 0.00013450
Epoch 217|time: 3.38s|train_loss 0.00058100|val_loss 0.00013522
Epoch 218|time: 3.39s|train_loss 0.00058210|val_loss 0.00013895
Epoch 219|time: 3.68s|train_loss 0.00059086|val_loss 0.00013467
Epoch 220|time: 3.56s|train_loss 0.00058260|val_loss 0.00013326
Epoch 221|time: 3.71s|train_loss 0.00058454|val_loss 0.00013804
Epoch 222|time: 3.84s|train_loss 0.00058070|val_loss 0.00013437
Epoch 223|time: 3.59s|train_loss 0.00058363|val_loss 0.00013771
Epoch 224|time: 3.52s|train_loss 0.00057809|val_loss 0.00013699
Epoch 225|time: 3.36s|train_loss 0.00057785|val_loss 0.00013602
Epoch 226|time: 3.38s|train_loss 0.00060326|val_loss 0.00013406
Epoch 227|time: 3.63s|train_loss 0.00058114|val_loss 0.00014230
Epoch 228|time: 3.26s|train_loss 0.00058440|val_loss 0.00013376
Epoch 229|time: 3.26s|train_loss 0.00057781|val_loss 0.00013418
Epoch 230|time: 3.31s|train_loss 0.00058581|val_loss 0.00013672
Epoch 231|time: 3.25s|train_loss 0.00057647|val_loss 0.00014413
Epoch 232|time: 3.20s|train_loss 0.00057581|val_loss 0.00013698
Epoch 233|time: 3.38s|train_loss 0.00057832|val_loss 0.00013387
Epoch 234|time: 3.25s|train_loss 0.00058176|val_loss 0.00013411
Epoch 235|time: 3.26s|train_loss 0.00058084|val_loss 0.00013257
Best validation epoch: 235 Mon May 22 16:01:19 2023
TEST MAE 0.1613 | std 0.0438 | RMSE 0.2449 | RMSEs 0.2355 | PCC 0.9658 | PCCs 0.9497 | R2 0.9326 | R2s 0.8974 | Var 0.9327 | Vars 0.8985 | Peak 0.0898
Epoch 236|time: 3.35s|train_loss 0.00057512|val_loss 0.00013488
Epoch 237|time: 3.20s|train_loss 0.00057561|val_loss 0.00013592
Epoch 238|time: 3.25s|train_loss 0.00057992|val_loss 0.00013369
Epoch 239|time: 3.24s|train_loss 0.00057805|val_loss 0.00013301
Epoch 240|time: 3.24s|train_loss 0.00058257|val_loss 0.00013321
Epoch 241|time: 3.22s|train_loss 0.00057491|val_loss 0.00013432
Epoch 242|time: 3.45s|train_loss 0.00058891|val_loss 0.00013364
Epoch 243|time: 3.17s|train_loss 0.00057725|val_loss 0.00013274
Epoch 244|time: 3.25s|train_loss 0.00057781|val_loss 0.00013318
Epoch 245|time: 3.21s|train_loss 0.00057210|val_loss 0.00013404
Epoch 246|time: 3.28s|train_loss 0.00057904|val_loss 0.00013422
Epoch 247|time: 3.29s|train_loss 0.00056889|val_loss 0.00013405
Epoch 248|time: 3.23s|train_loss 0.00056872|val_loss 0.00013375
Epoch 249|time: 3.43s|train_loss 0.00058304|val_loss 0.00013370
Epoch 250|time: 3.20s|train_loss 0.00056554|val_loss 0.00013399
Epoch 251|time: 3.35s|train_loss 0.00057038|val_loss 0.00014565
Epoch 252|time: 3.25s|train_loss 0.00057255|val_loss 0.00014732
Epoch 253|time: 3.27s|train_loss 0.00057294|val_loss 0.00013368
Epoch 254|time: 3.25s|train_loss 0.00057346|val_loss 0.00013318
Epoch 255|time: 3.44s|train_loss 0.00057621|val_loss 0.00013381
Epoch 256|time: 3.37s|train_loss 0.00057195|val_loss 0.00013310
Epoch 257|time: 3.24s|train_loss 0.00056687|val_loss 0.00013444
Epoch 258|time: 3.48s|train_loss 0.00056818|val_loss 0.00013268
Epoch 259|time: 3.17s|train_loss 0.00056698|val_loss 0.00013291
Epoch 260|time: 3.22s|train_loss 0.00056562|val_loss 0.00014127
Epoch 261|time: 3.48s|train_loss 0.00057221|val_loss 0.00013283
Epoch 262|time: 3.24s|train_loss 0.00056705|val_loss 0.00013442
Epoch 263|time: 3.30s|train_loss 0.00056559|val_loss 0.00013496
Epoch 264|time: 3.83s|train_loss 0.00057067|val_loss 0.00013352
Epoch 265|time: 3.76s|train_loss 0.00058492|val_loss 0.00013421
Epoch 266|time: 4.14s|train_loss 0.00057733|val_loss 0.00014157
Epoch 267|time: 3.71s|train_loss 0.00056300|val_loss 0.00013432
Epoch 268|time: 3.29s|train_loss 0.00056437|val_loss 0.00014848
Epoch 269|time: 3.70s|train_loss 0.00057328|val_loss 0.00013620
Epoch 270|time: 3.67s|train_loss 0.00056460|val_loss 0.00013295
Epoch 271|time: 3.31s|train_loss 0.00056594|val_loss 0.00014029
Epoch 272|time: 3.19s|train_loss 0.00056429|val_loss 0.00014326
Epoch 273|time: 3.29s|train_loss 0.00056813|val_loss 0.00013284
Epoch 274|time: 3.25s|train_loss 0.00056522|val_loss 0.00014288
Epoch 275|time: 3.40s|train_loss 0.00056445|val_loss 0.00015005
Epoch 276|time: 3.21s|train_loss 0.00056078|val_loss 0.00014158
Epoch 277|time: 3.23s|train_loss 0.00057067|val_loss 0.00013396
Epoch 278|time: 3.37s|train_loss 0.00055525|val_loss 0.00013320
Epoch 279|time: 3.53s|train_loss 0.00055663|val_loss 0.00013956
Epoch 280|time: 3.41s|train_loss 0.00056251|val_loss 0.00013465
Epoch 281|time: 3.52s|train_loss 0.00055302|val_loss 0.00013504
Epoch 282|time: 3.36s|train_loss 0.00055525|val_loss 0.00013262
Epoch 283|time: 3.64s|train_loss 0.00056110|val_loss 0.00013379
Epoch 284|time: 3.78s|train_loss 0.00055271|val_loss 0.00013492
Epoch 285|time: 3.68s|train_loss 0.00055704|val_loss 0.00013437
Epoch 286|time: 3.93s|train_loss 0.00055503|val_loss 0.00013354
Epoch 287|time: 3.65s|train_loss 0.00055378|val_loss 0.00013585
Epoch 288|time: 3.76s|train_loss 0.00055863|val_loss 0.00013437
Epoch 289|time: 3.96s|train_loss 0.00058539|val_loss 0.00013380
Epoch 290|time: 3.55s|train_loss 0.00055571|val_loss 0.00013228
Best validation epoch: 290 Mon May 22 16:04:28 2023
TEST MAE 0.1632 | std 0.0444 | RMSE 0.2460 | RMSEs 0.2369 | PCC 0.9660 | PCCs 0.9504 | R2 0.9320 | R2s 0.8961 | Var 0.9330 | Vars 0.8996 | Peak 0.0888
Epoch 291|time: 3.66s|train_loss 0.00056551|val_loss 0.00013783
Epoch 292|time: 3.62s|train_loss 0.00055434|val_loss 0.00013240
Epoch 293|time: 3.66s|train_loss 0.00055509|val_loss 0.00013660
Epoch 294|time: 3.74s|train_loss 0.00055217|val_loss 0.00013767
Epoch 295|time: 3.58s|train_loss 0.00055301|val_loss 0.00014496
Epoch 296|time: 3.66s|train_loss 0.00055572|val_loss 0.00013439
Epoch 297|time: 3.66s|train_loss 0.00056226|val_loss 0.00013407
Epoch 298|time: 3.66s|train_loss 0.00055143|val_loss 0.00013237
Epoch 299|time: 3.59s|train_loss 0.00056604|val_loss 0.00013639
Epoch 300|time: 3.57s|train_loss 0.00055798|val_loss 0.00013424
Epoch 301|time: 3.54s|train_loss 0.00054989|val_loss 0.00013547
Epoch 302|time: 3.68s|train_loss 0.00055668|val_loss 0.00013301
Epoch 303|time: 3.74s|train_loss 0.00055078|val_loss 0.00013389
Epoch 304|time: 3.61s|train_loss 0.00055622|val_loss 0.00013506
Epoch 305|time: 3.85s|train_loss 0.00055088|val_loss 0.00013456
Epoch 306|time: 3.90s|train_loss 0.00054551|val_loss 0.00013268
Epoch 307|time: 3.57s|train_loss 0.00054917|val_loss 0.00013332
Epoch 308|time: 3.72s|train_loss 0.00054438|val_loss 0.00013293
Epoch 309|time: 3.58s|train_loss 0.00055392|val_loss 0.00013440
Epoch 310|time: 3.56s|train_loss 0.00055192|val_loss 0.00013349
Epoch 311|time: 3.74s|train_loss 0.00056140|val_loss 0.00013438
Epoch 312|time: 3.74s|train_loss 0.00055004|val_loss 0.00013290
Epoch 313|time: 3.69s|train_loss 0.00054539|val_loss 0.00013171
Best validation epoch: 313 Mon May 22 16:05:53 2023
TEST MAE 0.1603 | std 0.0440 | RMSE 0.2437 | RMSEs 0.2345 | PCC 0.9661 | PCCs 0.9501 | R2 0.9333 | R2s 0.8983 | Var 0.9333 | Vars 0.8995 | Peak 0.0894
Epoch 314|time: 3.53s|train_loss 0.00055288|val_loss 0.00013397
Epoch 315|time: 3.52s|train_loss 0.00055103|val_loss 0.00013420
Epoch 316|time: 3.65s|train_loss 0.00054607|val_loss 0.00013301
Epoch 317|time: 3.73s|train_loss 0.00054723|val_loss 0.00013283
Epoch 318|time: 3.59s|train_loss 0.00054770|val_loss 0.00013266
Epoch 319|time: 3.80s|train_loss 0.00054425|val_loss 0.00013537
Epoch 320|time: 3.61s|train_loss 0.00055562|val_loss 0.00013376
Epoch 321|time: 3.61s|train_loss 0.00055558|val_loss 0.00013353
Epoch 322|time: 3.75s|train_loss 0.00054948|val_loss 0.00013560
Epoch 323|time: 3.61s|train_loss 0.00056624|val_loss 0.00013271
Epoch 324|time: 3.86s|train_loss 0.00054550|val_loss 0.00014174
Epoch 325|time: 3.69s|train_loss 0.00055043|val_loss 0.00013358
Epoch 326|time: 3.86s|train_loss 0.00055378|val_loss 0.00013607
Epoch 327|time: 3.79s|train_loss 0.00054266|val_loss 0.00013604
Epoch 328|time: 3.77s|train_loss 0.00054152|val_loss 0.00014392
Epoch 329|time: 4.07s|train_loss 0.00054590|val_loss 0.00013745
Epoch 330|time: 3.92s|train_loss 0.00054065|val_loss 0.00013684
Epoch 331|time: 3.74s|train_loss 0.00054312|val_loss 0.00013828
Epoch 332|time: 3.69s|train_loss 0.00056068|val_loss 0.00014464
Epoch 333|time: 3.62s|train_loss 0.00055229|val_loss 0.00013441
Epoch 334|time: 3.64s|train_loss 0.00054349|val_loss 0.00013377
Epoch 335|time: 3.72s|train_loss 0.00055868|val_loss 0.00014195
Epoch 336|time: 3.74s|train_loss 0.00057501|val_loss 0.00013585
Epoch 337|time: 3.62s|train_loss 0.00055374|val_loss 0.00014027
Epoch 338|time: 3.61s|train_loss 0.00055719|val_loss 0.00014396
Epoch 339|time: 3.56s|train_loss 0.00055270|val_loss 0.00013534
Epoch 340|time: 3.68s|train_loss 0.00054642|val_loss 0.00014051
Epoch 341|time: 3.61s|train_loss 0.00054432|val_loss 0.00013655
Epoch 342|time: 3.58s|train_loss 0.00054990|val_loss 0.00015306
Epoch 343|time: 3.68s|train_loss 0.00057022|val_loss 0.00013918
Epoch 344|time: 3.70s|train_loss 0.00055139|val_loss 0.00014192
Epoch 345|time: 3.53s|train_loss 0.00056508|val_loss 0.00013769
Epoch 346|time: 3.71s|train_loss 0.00056592|val_loss 0.00013576
Epoch 347|time: 3.61s|train_loss 0.00055560|val_loss 0.00014430
Epoch 348|time: 3.72s|train_loss 0.00057786|val_loss 0.00015854
Epoch 349|time: 3.71s|train_loss 0.00055704|val_loss 0.00014627
Epoch 350|time: 3.53s|train_loss 0.00055087|val_loss 0.00013634
Epoch 351|time: 3.69s|train_loss 0.00054627|val_loss 0.00013431
Epoch 352|time: 3.66s|train_loss 0.00054241|val_loss 0.00014146
Epoch 353|time: 3.53s|train_loss 0.00054893|val_loss 0.00013246
Epoch 354|time: 3.70s|train_loss 0.00055122|val_loss 0.00013277
Epoch 355|time: 3.67s|train_loss 0.00054358|val_loss 0.00013402
Epoch 356|time: 3.69s|train_loss 0.00054769|val_loss 0.00013927
Epoch 357|time: 3.87s|train_loss 0.00054173|val_loss 0.00014560
Epoch 358|time: 3.85s|train_loss 0.00054306|val_loss 0.00013435
Epoch 359|time: 3.80s|train_loss 0.00053817|val_loss 0.00013518
Epoch 360|time: 3.58s|train_loss 0.00054027|val_loss 0.00013316
Epoch 361|time: 3.57s|train_loss 0.00053524|val_loss 0.00013361
Epoch 362|time: 3.90s|train_loss 0.00054174|val_loss 0.00013240
Epoch 363|time: 3.72s|train_loss 0.00053457|val_loss 0.00013306
Epoch 364|time: 3.60s|train_loss 0.00053591|val_loss 0.00013271
Epoch 365|time: 3.76s|train_loss 0.00054543|val_loss 0.00013238
Epoch 366|time: 3.57s|train_loss 0.00053983|val_loss 0.00013254
Epoch 367|time: 3.69s|train_loss 0.00053723|val_loss 0.00013363
Epoch 368|time: 3.77s|train_loss 0.00053675|val_loss 0.00013596
Epoch 369|time: 3.56s|train_loss 0.00053563|val_loss 0.00013496
Epoch 370|time: 3.77s|train_loss 0.00053824|val_loss 0.00013260
Epoch 371|time: 3.54s|train_loss 0.00053964|val_loss 0.00015327
Epoch 372|time: 3.67s|train_loss 0.00054312|val_loss 0.00013745
Epoch 373|time: 3.69s|train_loss 0.00054317|val_loss 0.00013225
Epoch 374|time: 3.54s|train_loss 0.00053668|val_loss 0.00013368
Epoch 375|time: 3.58s|train_loss 0.00053214|val_loss 0.00013310
Epoch 376|time: 3.71s|train_loss 0.00053075|val_loss 0.00013319
Epoch 377|time: 3.57s|train_loss 0.00054054|val_loss 0.00013283
Epoch 378|time: 3.70s|train_loss 0.00053874|val_loss 0.00013417
Epoch 379|time: 3.58s|train_loss 0.00054390|val_loss 0.00013370
Epoch 380|time: 3.42s|train_loss 0.00053584|val_loss 0.00013592
Epoch 381|time: 3.65s|train_loss 0.00053953|val_loss 0.00013310
Epoch 382|time: 3.37s|train_loss 0.00053375|val_loss 0.00013373
Epoch 383|time: 3.57s|train_loss 0.00054259|val_loss 0.00013322
Epoch 384|time: 3.37s|train_loss 0.00053288|val_loss 0.00013356
Epoch 385|time: 3.53s|train_loss 0.00054253|val_loss 0.00013355
Epoch 386|time: 3.34s|train_loss 0.00054207|val_loss 0.00013288
Epoch 387|time: 3.18s|train_loss 0.00054246|val_loss 0.00013239
Epoch 388|time: 3.26s|train_loss 0.00053743|val_loss 0.00014417
Epoch 389|time: 3.24s|train_loss 0.00054302|val_loss 0.00013885
Epoch 390|time: 3.29s|train_loss 0.00054040|val_loss 0.00013598
Epoch 391|time: 3.22s|train_loss 0.00053426|val_loss 0.00013741
Epoch 392|time: 3.38s|train_loss 0.00053406|val_loss 0.00013454
Epoch 393|time: 3.68s|train_loss 0.00053349|val_loss 0.00013544
Epoch 394|time: 3.53s|train_loss 0.00053002|val_loss 0.00013578
Epoch 395|time: 3.29s|train_loss 0.00053446|val_loss 0.00014103
Epoch 396|time: 3.59s|train_loss 0.00053560|val_loss 0.00014075
Epoch 397|time: 3.74s|train_loss 0.00055462|val_loss 0.00013472
Epoch 398|time: 3.38s|train_loss 0.00053477|val_loss 0.00013236
Epoch 399|time: 3.83s|train_loss 0.00053413|val_loss 0.00013342
Epoch 400|time: 3.23s|train_loss 0.00053712|val_loss 0.00013343
Epoch 401|time: 3.17s|train_loss 0.00053182|val_loss 0.00013727
Epoch 402|time: 3.60s|train_loss 0.00053130|val_loss 0.00013346
Epoch 403|time: 3.20s|train_loss 0.00053351|val_loss 0.00014122
Epoch 404|time: 3.27s|train_loss 0.00053307|val_loss 0.00013796
Epoch 405|time: 3.27s|train_loss 0.00054263|val_loss 0.00013340
Epoch 406|time: 3.14s|train_loss 0.00052947|val_loss 0.00013482
Epoch 407|time: 3.18s|train_loss 0.00052987|val_loss 0.00013528
Epoch 408|time: 3.27s|train_loss 0.00053095|val_loss 0.00013220
Epoch 409|time: 3.22s|train_loss 0.00055357|val_loss 0.00013429
Epoch 410|time: 3.20s|train_loss 0.00053177|val_loss 0.00013605
Epoch 411|time: 3.15s|train_loss 0.00053723|val_loss 0.00013926
Epoch 412|time: 3.15s|train_loss 0.00053826|val_loss 0.00015019
Epoch 413|time: 3.20s|train_loss 0.00054088|val_loss 0.00014745
Epoch 414|time: 3.40s|train_loss 0.00054532|val_loss 0.00013228
Epoch 415|time: 3.12s|train_loss 0.00054028|val_loss 0.00013295
Epoch 416|time: 3.10s|train_loss 0.00053174|val_loss 0.00013847
Epoch 417|time: 3.21s|train_loss 0.00055671|val_loss 0.00013339
Epoch 418|time: 3.19s|train_loss 0.00054907|val_loss 0.00013410
Epoch 419|time: 3.12s|train_loss 0.00053498|val_loss 0.00013438
Epoch 420|time: 3.28s|train_loss 0.00053391|val_loss 0.00013230
Epoch 421|time: 3.32s|train_loss 0.00053794|val_loss 0.00013246
Epoch 422|time: 3.11s|train_loss 0.00055248|val_loss 0.00013798
Epoch 423|time: 3.26s|train_loss 0.00053122|val_loss 0.00014096
Epoch 424|time: 3.11s|train_loss 0.00053155|val_loss 0.00013781
Epoch 425|time: 3.12s|train_loss 0.00054714|val_loss 0.00013673
Epoch 426|time: 3.13s|train_loss 0.00054204|val_loss 0.00013210
Epoch 427|time: 3.16s|train_loss 0.00053684|val_loss 0.00013682
Epoch 428|time: 3.24s|train_loss 0.00053414|val_loss 0.00013762
Epoch 429|time: 3.12s|train_loss 0.00053189|val_loss 0.00013552
Epoch 430|time: 3.21s|train_loss 0.00052885|val_loss 0.00014760
Epoch 431|time: 3.12s|train_loss 0.00053501|val_loss 0.00015054
Epoch 432|time: 3.20s|train_loss 0.00054622|val_loss 0.00014624
Epoch 433|time: 3.14s|train_loss 0.00053499|val_loss 0.00013492
Epoch 434|time: 3.12s|train_loss 0.00052443|val_loss 0.00013500
Epoch 435|time: 3.10s|train_loss 0.00053338|val_loss 0.00013476
Epoch 436|time: 3.40s|train_loss 0.00052264|val_loss 0.00013286
Epoch 437|time: 3.14s|train_loss 0.00054010|val_loss 0.00013271
Epoch 438|time: 3.17s|train_loss 0.00052920|val_loss 0.00013461
Epoch 439|time: 3.24s|train_loss 0.00053113|val_loss 0.00013447
Epoch 440|time: 3.46s|train_loss 0.00053136|val_loss 0.00014198
Epoch 441|time: 3.16s|train_loss 0.00053979|val_loss 0.00014403
Epoch 442|time: 3.46s|train_loss 0.00054606|val_loss 0.00013652
Epoch 443|time: 3.19s|train_loss 0.00052796|val_loss 0.00013539
Epoch 444|time: 3.14s|train_loss 0.00053215|val_loss 0.00013184
Epoch 445|time: 3.25s|train_loss 0.00052922|val_loss 0.00013635
Epoch 446|time: 3.25s|train_loss 0.00053451|val_loss 0.00013615
Epoch 447|time: 3.18s|train_loss 0.00052839|val_loss 0.00013176
Epoch 448|time: 3.27s|train_loss 0.00053007|val_loss 0.00014951
Epoch 449|time: 3.29s|train_loss 0.00054351|val_loss 0.00013555
Epoch 450|time: 3.32s|train_loss 0.00052556|val_loss 0.00013833
Epoch 451|time: 3.40s|train_loss 0.00054180|val_loss 0.00014148
Epoch 452|time: 3.24s|train_loss 0.00053241|val_loss 0.00013669
Epoch 453|time: 3.27s|train_loss 0.00052635|val_loss 0.00013603
Epoch 454|time: 3.24s|train_loss 0.00052618|val_loss 0.00013221
Epoch 455|time: 3.25s|train_loss 0.00052891|val_loss 0.00013714
Epoch 456|time: 3.30s|train_loss 0.00052731|val_loss 0.00013580
Epoch 457|time: 3.37s|train_loss 0.00052038|val_loss 0.00013794
Epoch 458|time: 3.26s|train_loss 0.00052574|val_loss 0.00013267
Epoch 459|time: 3.37s|train_loss 0.00052486|val_loss 0.00013762
Epoch 460|time: 3.45s|train_loss 0.00054697|val_loss 0.00013221
Epoch 461|time: 3.18s|train_loss 0.00052516|val_loss 0.00013154
Best validation epoch: 461 Mon May 22 16:14:26 2023
TEST MAE 0.1614 | std 0.0442 | RMSE 0.2449 | RMSEs 0.2358 | PCC 0.9664 | PCCs 0.9510 | R2 0.9326 | R2s 0.8972 | Var 0.9335 | Vars 0.9003 | Peak 0.0881
Epoch 462|time: 3.24s|train_loss 0.00053167|val_loss 0.00013708
Epoch 463|time: 3.40s|train_loss 0.00052895|val_loss 0.00013499
Epoch 464|time: 3.28s|train_loss 0.00052685|val_loss 0.00013270
Epoch 465|time: 3.25s|train_loss 0.00052616|val_loss 0.00014932
Epoch 466|time: 3.44s|train_loss 0.00053195|val_loss 0.00013361
Epoch 467|time: 3.22s|train_loss 0.00053528|val_loss 0.00013172
Epoch 468|time: 3.31s|train_loss 0.00052151|val_loss 0.00013253
Epoch 469|time: 3.44s|train_loss 0.00052432|val_loss 0.00013372
Epoch 470|time: 3.25s|train_loss 0.00053171|val_loss 0.00015147
Epoch 471|time: 3.27s|train_loss 0.00054912|val_loss 0.00013541
Epoch 472|time: 3.45s|train_loss 0.00052843|val_loss 0.00013172
Epoch 473|time: 3.22s|train_loss 0.00052242|val_loss 0.00013620
Epoch 474|time: 3.35s|train_loss 0.00052156|val_loss 0.00013390
Epoch 475|time: 3.29s|train_loss 0.00051522|val_loss 0.00013077
Best validation epoch: 475 Mon May 22 16:15:13 2023
TEST MAE 0.1608 | std 0.0444 | RMSE 0.2443 | RMSEs 0.2350 | PCC 0.9666 | PCCs 0.9514 | R2 0.9330 | R2s 0.8979 | Var 0.9338 | Vars 0.9008 | Peak 0.0881
Epoch 476|time: 3.57s|train_loss 0.00052310|val_loss 0.00013118
Epoch 477|time: 3.37s|train_loss 0.00054030|val_loss 0.00013693
Epoch 478|time: 3.38s|train_loss 0.00053370|val_loss 0.00013681
Epoch 479|time: 3.23s|train_loss 0.00053034|val_loss 0.00013561
Epoch 480|time: 3.25s|train_loss 0.00052203|val_loss 0.00013630
Epoch 481|time: 3.49s|train_loss 0.00053021|val_loss 0.00013506
Epoch 482|time: 3.29s|train_loss 0.00053938|val_loss 0.00013297
Epoch 483|time: 3.26s|train_loss 0.00053669|val_loss 0.00013402
Epoch 484|time: 3.52s|train_loss 0.00052713|val_loss 0.00013944
Epoch 485|time: 3.24s|train_loss 0.00053600|val_loss 0.00015279
Epoch 486|time: 3.23s|train_loss 0.00052804|val_loss 0.00013574
Epoch 487|time: 3.59s|train_loss 0.00053088|val_loss 0.00013270
Epoch 488|time: 3.29s|train_loss 0.00052097|val_loss 0.00013689
Epoch 489|time: 3.22s|train_loss 0.00052607|val_loss 0.00014747
Epoch 490|time: 3.37s|train_loss 0.00053597|val_loss 0.00013433
Epoch 491|time: 3.19s|train_loss 0.00052512|val_loss 0.00015839
Epoch 492|time: 3.39s|train_loss 0.00053238|val_loss 0.00013853
Epoch 493|time: 3.35s|train_loss 0.00053250|val_loss 0.00013662
Epoch 494|time: 3.43s|train_loss 0.00053089|val_loss 0.00013287
Epoch 495|time: 3.24s|train_loss 0.00052894|val_loss 0.00013285
Epoch 496|time: 3.59s|train_loss 0.00051608|val_loss 0.00014050
Epoch 497|time: 3.31s|train_loss 0.00052122|val_loss 0.00013434
Epoch 498|time: 3.25s|train_loss 0.00052388|val_loss 0.00013324
Epoch 499|time: 3.30s|train_loss 0.00052400|val_loss 0.00013365
Epoch 500|time: 3.23s|train_loss 0.00052252|val_loss 0.00013866
Final evaluation
TEST MAE 0.1608 | std 0.0444 | RMSE 0.2443 | RMSEs 0.2350 | PCC 0.9666 | PCCs 0.9514 | R2 0.9330 | R2s 0.8979 | Var 0.9338 | Vars 0.9008 | Peak 0.0881
