--------Parameters--------
Namespace(batch=32, bi=False, check_point=1, cuda=False, dataset='us_hhs', dropout=0.2, epilambda=1.0, epochs=500, gpu=3, hidsp=15, horizon=4, k=10, lamda=0.01, lr=0.001, model='cola_gnn_epi', mylog=False, n_hidden=30, n_layer=1, patience=200, rnn_model='RNN', save_dir='save', seed=42, shuffle=False, sim_mat='us_hhs-adj', test=0.2, train=0.6, val=0.2, weight_decay=0.0005, window=20)
--------------------------
data shape (364, 10)
size of train/val/test sets 195 73 73
#params: 9885
begin training
Epoch   1|time: 3.57s|train_loss 0.02689700|val_loss 0.00157172
Best validation epoch: 1 Tue May 23 17:16:37 2023
TEST MAE 2.0238 | std 0.7550 | RMSE 2.4866 | RMSEs 2.3519 | PCC -0.6857 | PCCs -0.6818 | R2 -5.9456 | R2s -8.7855 | Var -1.3448 | Vars -1.5427 | Peak 1.2145
Epoch   2|time: 3.62s|train_loss 0.02409145|val_loss 0.00115421
Best validation epoch: 2 Tue May 23 17:16:42 2023
TEST MAE 1.2720 | std 0.2932 | RMSE 1.4651 | RMSEs 1.4265 | PCC 0.1542 | PCCs -0.6916 | R2 -1.4114 | R2s -3.2005 | Var -0.3950 | Vars -0.6823 | Peak 0.2757
Epoch   3|time: 3.53s|train_loss 0.02306349|val_loss 0.00077450
Best validation epoch: 3 Tue May 23 17:16:46 2023
TEST MAE 0.8204 | std 0.1691 | RMSE 0.9845 | RMSEs 0.9614 | PCC 0.3095 | PCCs -0.4084 | R2 -0.0887 | R2s -0.7613 | Var 0.0268 | Vars -0.2148 | Peak 0.2752
Epoch   4|time: 3.62s|train_loss 0.02219699|val_loss 0.00056055
Best validation epoch: 4 Tue May 23 17:16:51 2023
TEST MAE 0.7236 | std 0.3276 | RMSE 1.0726 | RMSEs 0.9941 | PCC 0.4448 | PCCs 0.1747 | R2 -0.2923 | R2s -0.6983 | Var 0.1831 | Vars 0.0382 | Peak 0.5249
Epoch   5|time: 3.45s|train_loss 0.02159072|val_loss 0.00054725
Best validation epoch: 5 Tue May 23 17:16:55 2023
TEST MAE 0.5836 | std 0.1420 | RMSE 0.7598 | RMSEs 0.7303 | PCC 0.6002 | PCCs 0.5006 | R2 0.3515 | R2s 0.0381 | Var 0.3546 | Vars 0.2144 | Peak 0.2741
Epoch   6|time: 3.53s|train_loss 0.02122862|val_loss 0.00048554
Best validation epoch: 6 Tue May 23 17:17:00 2023
TEST MAE 0.5476 | std 0.2722 | RMSE 0.8516 | RMSEs 0.7815 | PCC 0.6953 | PCCs 0.6305 | R2 0.1853 | R2s -0.0463 | Var 0.4235 | Vars 0.3430 | Peak 0.3923
Epoch   7|time: 3.49s|train_loss 0.02118247|val_loss 0.00044819
Best validation epoch: 7 Tue May 23 17:17:04 2023
TEST MAE 0.4625 | std 0.1315 | RMSE 0.6506 | RMSEs 0.6160 | PCC 0.7356 | PCCs 0.6963 | R2 0.5245 | R2s 0.3251 | Var 0.5266 | Vars 0.4572 | Peak 0.2537
Epoch   8|time: 3.61s|train_loss 0.02085745|val_loss 0.00041577
Best validation epoch: 8 Tue May 23 17:17:08 2023
TEST MAE 0.4284 | std 0.1807 | RMSE 0.6638 | RMSEs 0.6140 | PCC 0.7633 | PCCs 0.7153 | R2 0.5050 | R2s 0.3494 | Var 0.5572 | Vars 0.4870 | Peak 0.2799
Epoch   9|time: 3.64s|train_loss 0.02052090|val_loss 0.00039666
Best validation epoch: 9 Tue May 23 17:17:13 2023
TEST MAE 0.4290 | std 0.1957 | RMSE 0.6791 | RMSEs 0.6260 | PCC 0.7793 | PCCs 0.7249 | R2 0.4819 | R2s 0.3265 | Var 0.5727 | Vars 0.4953 | Peak 0.2939
Epoch  10|time: 3.49s|train_loss 0.02009284|val_loss 0.00039023
Best validation epoch: 10 Tue May 23 17:17:17 2023
TEST MAE 0.4234 | std 0.1087 | RMSE 0.5803 | RMSEs 0.5544 | PCC 0.7972 | PCCs 0.7618 | R2 0.6218 | R2s 0.4429 | Var 0.6227 | Vars 0.5528 | Peak 0.2205
Epoch  11|time: 3.71s|train_loss 0.01982631|val_loss 0.00042127
Epoch  12|time: 3.49s|train_loss 0.01947410|val_loss 0.00036411
Best validation epoch: 12 Tue May 23 17:17:25 2023
TEST MAE 0.3941 | std 0.0999 | RMSE 0.5443 | RMSEs 0.5208 | PCC 0.8247 | PCCs 0.7892 | R2 0.6672 | R2s 0.5066 | Var 0.6686 | Vars 0.5978 | Peak 0.2080
Epoch  13|time: 3.63s|train_loss 0.01908554|val_loss 0.00039214
Epoch  14|time: 3.57s|train_loss 0.01852372|val_loss 0.00035617
Best validation epoch: 14 Tue May 23 17:17:33 2023
TEST MAE 0.3885 | std 0.0913 | RMSE 0.5236 | RMSEs 0.5056 | PCC 0.8410 | PCCs 0.8000 | R2 0.6921 | R2s 0.5245 | Var 0.7018 | Vars 0.6225 | Peak 0.1947
Epoch  15|time: 3.53s|train_loss 0.01818114|val_loss 0.00037624
Epoch  16|time: 3.63s|train_loss 0.01726616|val_loss 0.00033521
Best validation epoch: 16 Tue May 23 17:17:41 2023
TEST MAE 0.3558 | std 0.0895 | RMSE 0.5014 | RMSEs 0.4831 | PCC 0.8508 | PCCs 0.8000 | R2 0.7176 | R2s 0.5723 | Var 0.7207 | Vars 0.6274 | Peak 0.1932
Epoch  17|time: 3.53s|train_loss 0.01719918|val_loss 0.00031282
Best validation epoch: 17 Tue May 23 17:17:45 2023
TEST MAE 0.3302 | std 0.1254 | RMSE 0.5358 | RMSEs 0.5068 | PCC 0.8509 | PCCs 0.7892 | R2 0.6775 | R2s 0.5495 | Var 0.7116 | Vars 0.6092 | Peak 0.2268
Epoch  18|time: 3.52s|train_loss 0.01707755|val_loss 0.00030153
Best validation epoch: 18 Tue May 23 17:17:50 2023
TEST MAE 0.3184 | std 0.1214 | RMSE 0.5145 | RMSEs 0.4869 | PCC 0.8636 | PCCs 0.8106 | R2 0.7026 | R2s 0.5833 | Var 0.7381 | Vars 0.6442 | Peak 0.2107
Epoch  19|time: 3.66s|train_loss 0.01683861|val_loss 0.00029471
Best validation epoch: 19 Tue May 23 17:17:54 2023
TEST MAE 0.3151 | std 0.1115 | RMSE 0.5063 | RMSEs 0.4817 | PCC 0.8609 | PCCs 0.8016 | R2 0.7120 | R2s 0.5890 | Var 0.7359 | Vars 0.6320 | Peak 0.2082
Epoch  20|time: 3.67s|train_loss 0.01683055|val_loss 0.00029830
Epoch  21|time: 3.49s|train_loss 0.01643710|val_loss 0.00029737
Epoch  22|time: 3.55s|train_loss 0.01641073|val_loss 0.00028904
Best validation epoch: 22 Tue May 23 17:18:06 2023
TEST MAE 0.3143 | std 0.0819 | RMSE 0.4686 | RMSEs 0.4515 | PCC 0.8690 | PCCs 0.8131 | R2 0.7533 | R2s 0.6280 | Var 0.7533 | Vars 0.6504 | Peak 0.1827
Epoch  23|time: 3.67s|train_loss 0.01620679|val_loss 0.00029327
Epoch  24|time: 3.53s|train_loss 0.01622076|val_loss 0.00027895
Best validation epoch: 24 Tue May 23 17:18:14 2023
TEST MAE 0.3081 | std 0.0829 | RMSE 0.4626 | RMSEs 0.4460 | PCC 0.8721 | PCCs 0.8131 | R2 0.7596 | R2s 0.6365 | Var 0.7598 | Vars 0.6510 | Peak 0.1801
Epoch  25|time: 3.51s|train_loss 0.01607711|val_loss 0.00029207
Epoch  26|time: 3.60s|train_loss 0.01602984|val_loss 0.00028438
Epoch  27|time: 3.60s|train_loss 0.01598259|val_loss 0.00029582
Epoch  28|time: 3.55s|train_loss 0.01597392|val_loss 0.00029126
Epoch  29|time: 3.52s|train_loss 0.01588044|val_loss 0.00029229
Epoch  30|time: 3.48s|train_loss 0.01606932|val_loss 0.00031799
Epoch  31|time: 3.66s|train_loss 0.01584217|val_loss 0.00029654
Epoch  32|time: 3.49s|train_loss 0.01590337|val_loss 0.00035852
Epoch  33|time: 3.45s|train_loss 0.01581652|val_loss 0.00031446
Epoch  34|time: 3.62s|train_loss 0.01563509|val_loss 0.00034130
Epoch  35|time: 3.51s|train_loss 0.01576857|val_loss 0.00029404
Epoch  36|time: 3.54s|train_loss 0.01560616|val_loss 0.00029005
Epoch  37|time: 3.71s|train_loss 0.01554327|val_loss 0.00029103
Epoch  38|time: 3.47s|train_loss 0.01559645|val_loss 0.00027885
Best validation epoch: 38 Tue May 23 17:19:04 2023
TEST MAE 0.3029 | std 0.0954 | RMSE 0.4579 | RMSEs 0.4408 | PCC 0.8775 | PCCs 0.8169 | R2 0.7645 | R2s 0.6471 | Var 0.7700 | Vars 0.6573 | Peak 0.1783
Epoch  39|time: 3.63s|train_loss 0.01563837|val_loss 0.00029880
Epoch  40|time: 3.52s|train_loss 0.01548112|val_loss 0.00029207
Epoch  41|time: 3.48s|train_loss 0.01544640|val_loss 0.00029134
Epoch  42|time: 3.48s|train_loss 0.01544307|val_loss 0.00029896
Epoch  43|time: 3.43s|train_loss 0.01545402|val_loss 0.00030535
Epoch  44|time: 3.47s|train_loss 0.01542539|val_loss 0.00029443
Epoch  45|time: 3.57s|train_loss 0.01555600|val_loss 0.00033259
Epoch  46|time: 3.53s|train_loss 0.01531212|val_loss 0.00029947
Epoch  47|time: 3.50s|train_loss 0.01533499|val_loss 0.00031772
Epoch  48|time: 3.51s|train_loss 0.01521985|val_loss 0.00032052
Epoch  49|time: 3.50s|train_loss 0.01527391|val_loss 0.00030389
Epoch  50|time: 3.60s|train_loss 0.01523522|val_loss 0.00033904
Epoch  51|time: 3.54s|train_loss 0.01519574|val_loss 0.00029320
Epoch  52|time: 3.44s|train_loss 0.01504395|val_loss 0.00030679
Epoch  53|time: 3.50s|train_loss 0.01507702|val_loss 0.00029522
Epoch  54|time: 3.66s|train_loss 0.01504043|val_loss 0.00028639
Epoch  55|time: 3.54s|train_loss 0.01499025|val_loss 0.00031190
Epoch  56|time: 3.64s|train_loss 0.01511965|val_loss 0.00028818
Epoch  57|time: 3.42s|train_loss 0.01489351|val_loss 0.00028418
Epoch  58|time: 3.59s|train_loss 0.01497779|val_loss 0.00030225
Epoch  59|time: 3.51s|train_loss 0.01504073|val_loss 0.00028646
Epoch  60|time: 3.49s|train_loss 0.01543513|val_loss 0.00030860
Epoch  61|time: 3.42s|train_loss 0.01515260|val_loss 0.00032108
Epoch  62|time: 3.54s|train_loss 0.01476025|val_loss 0.00034605
Epoch  63|time: 3.51s|train_loss 0.01487582|val_loss 0.00038634
Epoch  64|time: 3.57s|train_loss 0.01479522|val_loss 0.00033525
Epoch  65|time: 3.60s|train_loss 0.01491955|val_loss 0.00034231
Epoch  66|time: 3.48s|train_loss 0.01503489|val_loss 0.00030530
Epoch  67|time: 3.51s|train_loss 0.01463612|val_loss 0.00033943
Epoch  68|time: 3.49s|train_loss 0.01455626|val_loss 0.00028674
Epoch  69|time: 3.58s|train_loss 0.01454016|val_loss 0.00028872
Epoch  70|time: 3.42s|train_loss 0.01433557|val_loss 0.00033334
Epoch  71|time: 3.49s|train_loss 0.01459516|val_loss 0.00029841
Epoch  72|time: 3.47s|train_loss 0.01411723|val_loss 0.00033475
Epoch  73|time: 3.53s|train_loss 0.01407100|val_loss 0.00026661
Best validation epoch: 73 Tue May 23 17:21:08 2023
TEST MAE 0.3526 | std 0.0872 | RMSE 0.4739 | RMSEs 0.4582 | PCC 0.8878 | PCCs 0.8370 | R2 0.7477 | R2s 0.6088 | Var 0.7666 | Vars 0.6544 | Peak 0.1670
Epoch  74|time: 3.39s|train_loss 0.01394488|val_loss 0.00030297
Epoch  75|time: 3.39s|train_loss 0.01385193|val_loss 0.00027925
Epoch  76|time: 3.53s|train_loss 0.01372465|val_loss 0.00027607
Epoch  77|time: 3.69s|train_loss 0.01377598|val_loss 0.00028432
Epoch  78|time: 3.41s|train_loss 0.01369574|val_loss 0.00027698
Epoch  79|time: 3.65s|train_loss 0.01379258|val_loss 0.00028032
Epoch  80|time: 3.40s|train_loss 0.01356358|val_loss 0.00027154
Epoch  81|time: 3.47s|train_loss 0.01358592|val_loss 0.00027876
Epoch  82|time: 3.66s|train_loss 0.01378259|val_loss 0.00025984
Best validation epoch: 82 Tue May 23 17:21:40 2023
TEST MAE 0.3148 | std 0.0828 | RMSE 0.4456 | RMSEs 0.4316 | PCC 0.8859 | PCCs 0.8356 | R2 0.7769 | R2s 0.6566 | Var 0.7789 | Vars 0.6691 | Peak 0.1635
Epoch  83|time: 3.41s|train_loss 0.01352740|val_loss 0.00029744
Epoch  84|time: 3.42s|train_loss 0.01333603|val_loss 0.00027898
Epoch  85|time: 3.54s|train_loss 0.01333419|val_loss 0.00026765
Epoch  86|time: 3.45s|train_loss 0.01349281|val_loss 0.00027727
Epoch  87|time: 3.64s|train_loss 0.01331794|val_loss 0.00025831
Best validation epoch: 87 Tue May 23 17:21:59 2023
TEST MAE 0.3120 | std 0.0922 | RMSE 0.4454 | RMSEs 0.4283 | PCC 0.8884 | PCCs 0.8466 | R2 0.7772 | R2s 0.6656 | Var 0.7806 | Vars 0.6813 | Peak 0.1655
Epoch  88|time: 3.47s|train_loss 0.01325639|val_loss 0.00027398
Epoch  89|time: 3.46s|train_loss 0.01315656|val_loss 0.00026605
Epoch  90|time: 3.51s|train_loss 0.01314197|val_loss 0.00030296
Epoch  91|time: 3.45s|train_loss 0.01320821|val_loss 0.00025539
Best validation epoch: 91 Tue May 23 17:22:13 2023
TEST MAE 0.3015 | std 0.0895 | RMSE 0.4433 | RMSEs 0.4270 | PCC 0.8829 | PCCs 0.8345 | R2 0.7792 | R2s 0.6697 | Var 0.7794 | Vars 0.6759 | Peak 0.1673
Epoch  92|time: 3.41s|train_loss 0.01301245|val_loss 0.00024585
Best validation epoch: 92 Tue May 23 17:22:18 2023
TEST MAE 0.2983 | std 0.0908 | RMSE 0.4350 | RMSEs 0.4180 | PCC 0.8896 | PCCs 0.8479 | R2 0.7875 | R2s 0.6837 | Var 0.7884 | Vars 0.6903 | Peak 0.1614
Epoch  93|time: 3.60s|train_loss 0.01318079|val_loss 0.00028235
Epoch  94|time: 3.54s|train_loss 0.01335397|val_loss 0.00028334
Epoch  95|time: 3.61s|train_loss 0.01324588|val_loss 0.00026257
Epoch  96|time: 3.41s|train_loss 0.01311657|val_loss 0.00030091
Epoch  97|time: 3.40s|train_loss 0.01299712|val_loss 0.00028373
Epoch  98|time: 3.49s|train_loss 0.01289344|val_loss 0.00024500
Best validation epoch: 98 Tue May 23 17:22:39 2023
TEST MAE 0.2801 | std 0.0857 | RMSE 0.4251 | RMSEs 0.4084 | PCC 0.8942 | PCCs 0.8515 | R2 0.7970 | R2s 0.6977 | Var 0.7981 | Vars 0.7027 | Peak 0.1597
Epoch  99|time: 3.37s|train_loss 0.01292657|val_loss 0.00025158
Epoch 100|time: 3.38s|train_loss 0.01278405|val_loss 0.00025862
Epoch 101|time: 3.44s|train_loss 0.01271496|val_loss 0.00024631
Epoch 102|time: 3.43s|train_loss 0.01297647|val_loss 0.00025522
Epoch 103|time: 3.40s|train_loss 0.01306708|val_loss 0.00024820
Epoch 104|time: 3.66s|train_loss 0.01300033|val_loss 0.00026565
Epoch 105|time: 3.32s|train_loss 0.01296473|val_loss 0.00027815
Epoch 106|time: 3.44s|train_loss 0.01278203|val_loss 0.00026804
Epoch 107|time: 3.58s|train_loss 0.01265309|val_loss 0.00024445
Best validation epoch: 107 Tue May 23 17:23:11 2023
TEST MAE 0.2923 | std 0.0913 | RMSE 0.4289 | RMSEs 0.4104 | PCC 0.8963 | PCCs 0.8638 | R2 0.7934 | R2s 0.6924 | Var 0.7935 | Vars 0.6997 | Peak 0.1606
Epoch 108|time: 3.48s|train_loss 0.01253548|val_loss 0.00025384
Epoch 109|time: 3.44s|train_loss 0.01255944|val_loss 0.00027586
Epoch 110|time: 3.42s|train_loss 0.01271420|val_loss 0.00026036
Epoch 111|time: 3.42s|train_loss 0.01249952|val_loss 0.00023719
Best validation epoch: 111 Tue May 23 17:23:26 2023
TEST MAE 0.2901 | std 0.0899 | RMSE 0.4333 | RMSEs 0.4157 | PCC 0.8913 | PCCs 0.8533 | R2 0.7891 | R2s 0.6858 | Var 0.7897 | Vars 0.6921 | Peak 0.1654
Epoch 112|time: 3.47s|train_loss 0.01246044|val_loss 0.00024839
Epoch 113|time: 3.41s|train_loss 0.01234969|val_loss 0.00025318
Epoch 114|time: 3.44s|train_loss 0.01224315|val_loss 0.00025632
Epoch 115|time: 3.55s|train_loss 0.01239118|val_loss 0.00024961
Epoch 116|time: 3.45s|train_loss 0.01225779|val_loss 0.00025917
Epoch 117|time: 3.39s|train_loss 0.01231157|val_loss 0.00024399
Epoch 118|time: 3.47s|train_loss 0.01223479|val_loss 0.00025330
Epoch 119|time: 3.40s|train_loss 0.01222423|val_loss 0.00023469
Best validation epoch: 119 Tue May 23 17:23:54 2023
TEST MAE 0.2971 | std 0.0821 | RMSE 0.4361 | RMSEs 0.4208 | PCC 0.8917 | PCCs 0.8548 | R2 0.7863 | R2s 0.6714 | Var 0.7886 | Vars 0.6909 | Peak 0.1652
Epoch 120|time: 3.39s|train_loss 0.01221900|val_loss 0.00025334
Epoch 121|time: 3.54s|train_loss 0.01218167|val_loss 0.00024299
Epoch 122|time: 3.52s|train_loss 0.01224389|val_loss 0.00025520
Epoch 123|time: 3.54s|train_loss 0.01218232|val_loss 0.00024910
Epoch 124|time: 3.46s|train_loss 0.01215264|val_loss 0.00024367
Epoch 125|time: 3.43s|train_loss 0.01239654|val_loss 0.00025188
Epoch 126|time: 3.54s|train_loss 0.01291133|val_loss 0.00026475
Epoch 127|time: 3.54s|train_loss 0.01253063|val_loss 0.00026504
Epoch 128|time: 3.43s|train_loss 0.01261522|val_loss 0.00024882
Epoch 129|time: 3.58s|train_loss 0.01228307|val_loss 0.00025588
Epoch 130|time: 3.35s|train_loss 0.01224396|val_loss 0.00022982
Best validation epoch: 130 Tue May 23 17:24:33 2023
TEST MAE 0.2820 | std 0.0849 | RMSE 0.4238 | RMSEs 0.4056 | PCC 0.8971 | PCCs 0.8629 | R2 0.7982 | R2s 0.7002 | Var 0.7985 | Vars 0.7101 | Peak 0.1589
Epoch 131|time: 3.48s|train_loss 0.01200688|val_loss 0.00024465
Epoch 132|time: 3.59s|train_loss 0.01206502|val_loss 0.00023771
Epoch 133|time: 3.44s|train_loss 0.01205749|val_loss 0.00024502
Epoch 134|time: 3.45s|train_loss 0.01204784|val_loss 0.00024457
Epoch 135|time: 3.54s|train_loss 0.01238237|val_loss 0.00023734
Epoch 136|time: 3.52s|train_loss 0.01255255|val_loss 0.00029189
Epoch 137|time: 3.47s|train_loss 0.01333313|val_loss 0.00025659
Epoch 138|time: 3.52s|train_loss 0.01228681|val_loss 0.00030680
Epoch 139|time: 3.45s|train_loss 0.01233145|val_loss 0.00026730
Epoch 140|time: 3.41s|train_loss 0.01205452|val_loss 0.00027776
Epoch 141|time: 3.52s|train_loss 0.01185763|val_loss 0.00023636
Epoch 142|time: 3.42s|train_loss 0.01204712|val_loss 0.00023801
Epoch 143|time: 3.47s|train_loss 0.01193908|val_loss 0.00023741
Epoch 144|time: 3.44s|train_loss 0.01187257|val_loss 0.00024066
Epoch 145|time: 3.47s|train_loss 0.01187222|val_loss 0.00023948
Epoch 146|time: 3.44s|train_loss 0.01186166|val_loss 0.00023146
Epoch 147|time: 3.40s|train_loss 0.01192336|val_loss 0.00023278
Epoch 148|time: 3.40s|train_loss 0.01171304|val_loss 0.00023495
Epoch 149|time: 3.44s|train_loss 0.01175936|val_loss 0.00023789
Epoch 150|time: 3.50s|train_loss 0.01181280|val_loss 0.00023541
Epoch 151|time: 3.40s|train_loss 0.01198467|val_loss 0.00023486
Epoch 152|time: 3.43s|train_loss 0.01172942|val_loss 0.00025243
Epoch 153|time: 3.43s|train_loss 0.01197608|val_loss 0.00023851
Epoch 154|time: 3.40s|train_loss 0.01195014|val_loss 0.00023213
Epoch 155|time: 3.64s|train_loss 0.01234402|val_loss 0.00025368
Epoch 156|time: 3.40s|train_loss 0.01202389|val_loss 0.00024340
Epoch 157|time: 3.41s|train_loss 0.01186225|val_loss 0.00024575
Epoch 158|time: 3.45s|train_loss 0.01170874|val_loss 0.00024626
Epoch 159|time: 3.49s|train_loss 0.01173811|val_loss 0.00022942
Best validation epoch: 159 Tue May 23 17:26:14 2023
TEST MAE 0.2740 | std 0.0898 | RMSE 0.4172 | RMSEs 0.3978 | PCC 0.8978 | PCCs 0.8637 | R2 0.8045 | R2s 0.7151 | Var 0.8046 | Vars 0.7229 | Peak 0.1559
Epoch 160|time: 3.48s|train_loss 0.01173620|val_loss 0.00024520
Epoch 161|time: 3.46s|train_loss 0.01183891|val_loss 0.00023748
Epoch 162|time: 3.43s|train_loss 0.01158304|val_loss 0.00024387
Epoch 163|time: 3.51s|train_loss 0.01156033|val_loss 0.00024477
Epoch 164|time: 3.39s|train_loss 0.01154129|val_loss 0.00023796
Epoch 165|time: 3.43s|train_loss 0.01183568|val_loss 0.00023483
Epoch 166|time: 3.43s|train_loss 0.01161531|val_loss 0.00023737
Epoch 167|time: 3.37s|train_loss 0.01160781|val_loss 0.00024067
Epoch 168|time: 3.54s|train_loss 0.01151100|val_loss 0.00023641
Epoch 169|time: 3.40s|train_loss 0.01160842|val_loss 0.00024869
Epoch 170|time: 3.38s|train_loss 0.01155432|val_loss 0.00024186
Epoch 171|time: 3.42s|train_loss 0.01160325|val_loss 0.00023791
Epoch 172|time: 3.44s|train_loss 0.01155758|val_loss 0.00024493
Epoch 173|time: 3.44s|train_loss 0.01154195|val_loss 0.00024987
Epoch 174|time: 3.38s|train_loss 0.01156854|val_loss 0.00022572
Best validation epoch: 174 Tue May 23 17:27:07 2023
TEST MAE 0.2906 | std 0.0860 | RMSE 0.4287 | RMSEs 0.4113 | PCC 0.8970 | PCCs 0.8640 | R2 0.7935 | R2s 0.6871 | Var 0.7970 | Vars 0.7078 | Peak 0.1599
Epoch 175|time: 3.39s|train_loss 0.01153510|val_loss 0.00024865
Epoch 176|time: 3.48s|train_loss 0.01147786|val_loss 0.00024598
Epoch 177|time: 3.39s|train_loss 0.01144630|val_loss 0.00023698
Epoch 178|time: 3.56s|train_loss 0.01138856|val_loss 0.00024761
Epoch 179|time: 3.40s|train_loss 0.01177082|val_loss 0.00023858
Epoch 180|time: 3.38s|train_loss 0.01206376|val_loss 0.00024646
Epoch 181|time: 3.56s|train_loss 0.01192738|val_loss 0.00025193
Epoch 182|time: 3.39s|train_loss 0.01175250|val_loss 0.00025196
Epoch 183|time: 3.35s|train_loss 0.01142998|val_loss 0.00025327
Epoch 184|time: 3.42s|train_loss 0.01148864|val_loss 0.00024646
Epoch 185|time: 3.46s|train_loss 0.01141984|val_loss 0.00024102
Epoch 186|time: 3.46s|train_loss 0.01135613|val_loss 0.00023255
Epoch 187|time: 3.38s|train_loss 0.01128226|val_loss 0.00025299
Epoch 188|time: 3.47s|train_loss 0.01133672|val_loss 0.00023457
Epoch 189|time: 3.42s|train_loss 0.01121339|val_loss 0.00024073
Epoch 190|time: 3.48s|train_loss 0.01119585|val_loss 0.00024980
Epoch 191|time: 3.42s|train_loss 0.01114953|val_loss 0.00023933
Epoch 192|time: 3.48s|train_loss 0.01116238|val_loss 0.00024002
Epoch 193|time: 3.33s|train_loss 0.01123721|val_loss 0.00023419
Epoch 194|time: 3.46s|train_loss 0.01160559|val_loss 0.00023051
Epoch 195|time: 3.53s|train_loss 0.01117224|val_loss 0.00024171
Epoch 196|time: 3.47s|train_loss 0.01128566|val_loss 0.00024510
Epoch 197|time: 3.37s|train_loss 0.01131659|val_loss 0.00025134
Epoch 198|time: 3.35s|train_loss 0.01134096|val_loss 0.00023871
Epoch 199|time: 3.39s|train_loss 0.01128349|val_loss 0.00023920
Epoch 200|time: 3.41s|train_loss 0.01138750|val_loss 0.00024338
Epoch 201|time: 3.52s|train_loss 0.01146330|val_loss 0.00022993
Epoch 202|time: 3.43s|train_loss 0.01134969|val_loss 0.00024646
Epoch 203|time: 3.43s|train_loss 0.01144646|val_loss 0.00026391
Epoch 204|time: 3.61s|train_loss 0.01119202|val_loss 0.00024282
Epoch 205|time: 3.49s|train_loss 0.01119108|val_loss 0.00023856
Epoch 206|time: 3.48s|train_loss 0.01109700|val_loss 0.00022576
Epoch 207|time: 3.42s|train_loss 0.01099901|val_loss 0.00024103
Epoch 208|time: 3.35s|train_loss 0.01095180|val_loss 0.00023642
Epoch 209|time: 3.43s|train_loss 0.01090289|val_loss 0.00023050
Epoch 210|time: 3.70s|train_loss 0.01088730|val_loss 0.00023709
Epoch 211|time: 3.51s|train_loss 0.01077917|val_loss 0.00023255
Epoch 212|time: 3.42s|train_loss 0.01097550|val_loss 0.00022521
Best validation epoch: 212 Tue May 23 17:29:18 2023
TEST MAE 0.2796 | std 0.0925 | RMSE 0.4221 | RMSEs 0.4022 | PCC 0.8999 | PCCs 0.8722 | R2 0.7998 | R2s 0.7036 | Var 0.8007 | Vars 0.7189 | Peak 0.1557
Epoch 213|time: 3.25s|train_loss 0.01082432|val_loss 0.00023427
Epoch 214|time: 3.46s|train_loss 0.01081556|val_loss 0.00025170
Epoch 215|time: 3.63s|train_loss 0.01081629|val_loss 0.00023225
Epoch 216|time: 3.43s|train_loss 0.01115289|val_loss 0.00023038
Epoch 217|time: 3.46s|train_loss 0.01092825|val_loss 0.00025289
Epoch 218|time: 3.59s|train_loss 0.01090881|val_loss 0.00024892
Epoch 219|time: 3.56s|train_loss 0.01081355|val_loss 0.00026001
Epoch 220|time: 3.45s|train_loss 0.01083043|val_loss 0.00023123
Epoch 221|time: 3.62s|train_loss 0.01098232|val_loss 0.00024954
Epoch 222|time: 3.47s|train_loss 0.01104354|val_loss 0.00025423
Epoch 223|time: 3.60s|train_loss 0.01082966|val_loss 0.00024060
Epoch 224|time: 3.77s|train_loss 0.01093481|val_loss 0.00023803
Epoch 225|time: 3.52s|train_loss 0.01095823|val_loss 0.00022830
Epoch 226|time: 3.44s|train_loss 0.01077932|val_loss 0.00024823
Epoch 227|time: 3.58s|train_loss 0.01092106|val_loss 0.00023264
Epoch 228|time: 3.54s|train_loss 0.01083711|val_loss 0.00024313
Epoch 229|time: 3.72s|train_loss 0.01094927|val_loss 0.00025866
Epoch 230|time: 3.72s|train_loss 0.01086399|val_loss 0.00024684
Epoch 231|time: 3.50s|train_loss 0.01059189|val_loss 0.00024387
Epoch 232|time: 3.65s|train_loss 0.01053195|val_loss 0.00024132
Epoch 233|time: 3.54s|train_loss 0.01054210|val_loss 0.00024692
Epoch 234|time: 3.41s|train_loss 0.01050228|val_loss 0.00023564
Epoch 235|time: 3.63s|train_loss 0.01061465|val_loss 0.00024026
Epoch 236|time: 3.57s|train_loss 0.01049981|val_loss 0.00023320
Epoch 237|time: 3.50s|train_loss 0.01061723|val_loss 0.00024923
Epoch 238|time: 3.69s|train_loss 0.01064854|val_loss 0.00023367
Epoch 239|time: 3.47s|train_loss 0.01115889|val_loss 0.00023864
Epoch 240|time: 3.47s|train_loss 0.01098333|val_loss 0.00024146
Epoch 241|time: 3.58s|train_loss 0.01081667|val_loss 0.00024074
Epoch 242|time: 3.51s|train_loss 0.01058039|val_loss 0.00023563
Epoch 243|time: 3.83s|train_loss 0.01065897|val_loss 0.00023022
Epoch 244|time: 3.50s|train_loss 0.01053698|val_loss 0.00024042
Epoch 245|time: 3.47s|train_loss 0.01044145|val_loss 0.00024570
Epoch 246|time: 3.65s|train_loss 0.01039042|val_loss 0.00022491
Best validation epoch: 246 Tue May 23 17:31:20 2023
TEST MAE 0.3229 | std 0.0981 | RMSE 0.4696 | RMSEs 0.4511 | PCC 0.8834 | PCCs 0.8435 | R2 0.7523 | R2s 0.6128 | Var 0.7580 | Vars 0.6384 | Peak 0.1754
Epoch 247|time: 3.85s|train_loss 0.01053217|val_loss 0.00024521
Epoch 248|time: 3.43s|train_loss 0.01052002|val_loss 0.00023147
Epoch 249|time: 3.63s|train_loss 0.01039056|val_loss 0.00026998
Epoch 250|time: 3.48s|train_loss 0.01039012|val_loss 0.00022863
Epoch 251|time: 3.60s|train_loss 0.01035371|val_loss 0.00023386
Epoch 252|time: 3.53s|train_loss 0.01049754|val_loss 0.00022276
Best validation epoch: 252 Tue May 23 17:31:42 2023
TEST MAE 0.2861 | std 0.0927 | RMSE 0.4277 | RMSEs 0.4085 | PCC 0.8973 | PCCs 0.8661 | R2 0.7945 | R2s 0.6921 | Var 0.7961 | Vars 0.7089 | Peak 0.1564
Epoch 253|time: 3.50s|train_loss 0.01056833|val_loss 0.00023842
Epoch 254|time: 3.68s|train_loss 0.01035953|val_loss 0.00023294
Epoch 255|time: 3.51s|train_loss 0.01031088|val_loss 0.00023168
Epoch 256|time: 3.48s|train_loss 0.01029419|val_loss 0.00023695
Epoch 257|time: 3.62s|train_loss 0.01052461|val_loss 0.00023786
Epoch 258|time: 3.48s|train_loss 0.01085186|val_loss 0.00023677
Epoch 259|time: 3.52s|train_loss 0.01087358|val_loss 0.00024992
Epoch 260|time: 3.74s|train_loss 0.01123276|val_loss 0.00023468
Epoch 261|time: 3.50s|train_loss 0.01089398|val_loss 0.00027370
Epoch 262|time: 3.52s|train_loss 0.01104393|val_loss 0.00026482
Epoch 263|time: 3.55s|train_loss 0.01069343|val_loss 0.00023729
Epoch 264|time: 3.72s|train_loss 0.01058033|val_loss 0.00024806
Epoch 265|time: 3.59s|train_loss 0.01053681|val_loss 0.00024146
Epoch 266|time: 3.45s|train_loss 0.01050831|val_loss 0.00023901
Epoch 267|time: 3.49s|train_loss 0.01036450|val_loss 0.00023322
Epoch 268|time: 3.57s|train_loss 0.01047237|val_loss 0.00023473
Epoch 269|time: 3.56s|train_loss 0.01057379|val_loss 0.00023287
Epoch 270|time: 3.48s|train_loss 0.01055568|val_loss 0.00023250
Epoch 271|time: 3.55s|train_loss 0.01047206|val_loss 0.00023259
Epoch 272|time: 3.48s|train_loss 0.01039020|val_loss 0.00022405
Epoch 273|time: 3.48s|train_loss 0.01021934|val_loss 0.00024043
Epoch 274|time: 3.42s|train_loss 0.01015263|val_loss 0.00022642
Epoch 275|time: 3.58s|train_loss 0.01021249|val_loss 0.00024215
Epoch 276|time: 3.49s|train_loss 0.01010881|val_loss 0.00022335
Epoch 277|time: 3.68s|train_loss 0.01015208|val_loss 0.00024207
Epoch 278|time: 3.39s|train_loss 0.01019062|val_loss 0.00024598
Epoch 279|time: 3.51s|train_loss 0.01029314|val_loss 0.00022847
Epoch 280|time: 3.57s|train_loss 0.01024672|val_loss 0.00022417
Epoch 281|time: 3.65s|train_loss 0.01010830|val_loss 0.00023226
Epoch 282|time: 3.59s|train_loss 0.01010495|val_loss 0.00023830
Epoch 283|time: 3.53s|train_loss 0.01013809|val_loss 0.00022927
Epoch 284|time: 3.51s|train_loss 0.01012324|val_loss 0.00022612
Epoch 285|time: 3.61s|train_loss 0.01016968|val_loss 0.00024297
Epoch 286|time: 3.50s|train_loss 0.01011408|val_loss 0.00024096
Epoch 287|time: 3.49s|train_loss 0.01024054|val_loss 0.00022594
Epoch 288|time: 3.67s|train_loss 0.01020406|val_loss 0.00024027
Epoch 289|time: 3.56s|train_loss 0.01020080|val_loss 0.00025010
Epoch 290|time: 3.44s|train_loss 0.01026711|val_loss 0.00022693
Epoch 291|time: 3.60s|train_loss 0.01025725|val_loss 0.00022545
Epoch 292|time: 3.47s|train_loss 0.01018437|val_loss 0.00023716
Epoch 293|time: 3.53s|train_loss 0.01014024|val_loss 0.00023090
Epoch 294|time: 3.55s|train_loss 0.01003061|val_loss 0.00022193
Best validation epoch: 294 Tue May 23 17:34:12 2023
TEST MAE 0.2962 | std 0.1053 | RMSE 0.4442 | RMSEs 0.4216 | PCC 0.8951 | PCCs 0.8692 | R2 0.7783 | R2s 0.6708 | Var 0.7789 | Vars 0.6839 | Peak 0.1625
Epoch 295|time: 3.48s|train_loss 0.00999802|val_loss 0.00023714
Epoch 296|time: 3.54s|train_loss 0.00997262|val_loss 0.00023867
Epoch 297|time: 3.69s|train_loss 0.00987974|val_loss 0.00024612
Epoch 298|time: 3.55s|train_loss 0.00997706|val_loss 0.00023102
Epoch 299|time: 3.67s|train_loss 0.00988049|val_loss 0.00022427
Epoch 300|time: 3.46s|train_loss 0.00987155|val_loss 0.00023924
Epoch 301|time: 3.49s|train_loss 0.00994609|val_loss 0.00025313
Epoch 302|time: 3.60s|train_loss 0.01046699|val_loss 0.00024782
Epoch 303|time: 3.43s|train_loss 0.01092046|val_loss 0.00024719
Epoch 304|time: 3.48s|train_loss 0.01080606|val_loss 0.00023879
Epoch 305|time: 3.72s|train_loss 0.01036416|val_loss 0.00023914
Epoch 306|time: 3.47s|train_loss 0.01100618|val_loss 0.00032206
Epoch 307|time: 3.58s|train_loss 0.01042259|val_loss 0.00024985
Epoch 308|time: 3.58s|train_loss 0.01010953|val_loss 0.00025030
Epoch 309|time: 3.52s|train_loss 0.01008901|val_loss 0.00026782
Epoch 310|time: 3.61s|train_loss 0.00991781|val_loss 0.00023915
Epoch 311|time: 3.60s|train_loss 0.00998911|val_loss 0.00024575
Epoch 312|time: 3.47s|train_loss 0.00981149|val_loss 0.00022583
Epoch 313|time: 3.70s|train_loss 0.00987035|val_loss 0.00024190
Epoch 314|time: 3.69s|train_loss 0.01000929|val_loss 0.00022225
Epoch 315|time: 3.55s|train_loss 0.01036680|val_loss 0.00023222
Epoch 316|time: 3.56s|train_loss 0.00993618|val_loss 0.00022745
Epoch 317|time: 3.43s|train_loss 0.01019484|val_loss 0.00022960
Epoch 318|time: 3.47s|train_loss 0.00995289|val_loss 0.00024411
Epoch 319|time: 3.62s|train_loss 0.01014910|val_loss 0.00022353
Epoch 320|time: 3.48s|train_loss 0.01011896|val_loss 0.00023642
Epoch 321|time: 3.56s|train_loss 0.00989919|val_loss 0.00023313
Epoch 322|time: 3.66s|train_loss 0.00985369|val_loss 0.00023916
Epoch 323|time: 3.44s|train_loss 0.00971369|val_loss 0.00022282
Epoch 324|time: 3.57s|train_loss 0.00980668|val_loss 0.00022538
Epoch 325|time: 3.52s|train_loss 0.00978150|val_loss 0.00022559
Epoch 326|time: 3.50s|train_loss 0.00986354|val_loss 0.00023299
Epoch 327|time: 3.59s|train_loss 0.00982026|val_loss 0.00022513
Epoch 328|time: 3.47s|train_loss 0.00960371|val_loss 0.00022779
Epoch 329|time: 3.67s|train_loss 0.00982655|val_loss 0.00021781
Best validation epoch: 329 Tue May 23 17:36:17 2023
TEST MAE 0.2948 | std 0.1002 | RMSE 0.4465 | RMSEs 0.4256 | PCC 0.8905 | PCCs 0.8586 | R2 0.7761 | R2s 0.6616 | Var 0.7780 | Vars 0.6792 | Peak 0.1636
Epoch 330|time: 3.56s|train_loss 0.00974691|val_loss 0.00024244
Epoch 331|time: 3.71s|train_loss 0.00970449|val_loss 0.00022565
Epoch 332|time: 3.49s|train_loss 0.00990322|val_loss 0.00024152
Epoch 333|time: 3.82s|train_loss 0.00980339|val_loss 0.00022545
Epoch 334|time: 3.44s|train_loss 0.00970644|val_loss 0.00023806
Epoch 335|time: 3.57s|train_loss 0.00983457|val_loss 0.00021577
Best validation epoch: 335 Tue May 23 17:36:39 2023
TEST MAE 0.2995 | std 0.0994 | RMSE 0.4483 | RMSEs 0.4274 | PCC 0.8895 | PCCs 0.8614 | R2 0.7743 | R2s 0.6594 | Var 0.7756 | Vars 0.6794 | Peak 0.1631
Epoch 336|time: 3.44s|train_loss 0.00980359|val_loss 0.00024347
Epoch 337|time: 3.50s|train_loss 0.00975614|val_loss 0.00022605
Epoch 338|time: 3.54s|train_loss 0.00968862|val_loss 0.00024292
Epoch 339|time: 3.67s|train_loss 0.00963752|val_loss 0.00022036
Epoch 340|time: 3.45s|train_loss 0.00958359|val_loss 0.00023092
Epoch 341|time: 3.49s|train_loss 0.00967614|val_loss 0.00023331
Epoch 342|time: 3.44s|train_loss 0.00968780|val_loss 0.00024431
Epoch 343|time: 3.53s|train_loss 0.00954481|val_loss 0.00022235
Epoch 344|time: 3.70s|train_loss 0.00953586|val_loss 0.00022915
Epoch 345|time: 3.49s|train_loss 0.00961875|val_loss 0.00022295
Epoch 346|time: 3.45s|train_loss 0.00971994|val_loss 0.00022849
Epoch 347|time: 3.62s|train_loss 0.00986690|val_loss 0.00022253
Epoch 348|time: 3.68s|train_loss 0.00990662|val_loss 0.00022020
Epoch 349|time: 3.50s|train_loss 0.00955278|val_loss 0.00023173
Epoch 350|time: 3.48s|train_loss 0.00962754|val_loss 0.00022250
Epoch 351|time: 3.44s|train_loss 0.00947860|val_loss 0.00022556
Epoch 352|time: 3.82s|train_loss 0.00941046|val_loss 0.00022678
Epoch 353|time: 3.46s|train_loss 0.00936472|val_loss 0.00023895
Epoch 354|time: 3.46s|train_loss 0.00942559|val_loss 0.00022324
Epoch 355|time: 3.67s|train_loss 0.00932649|val_loss 0.00022648
Epoch 356|time: 3.42s|train_loss 0.00933559|val_loss 0.00022182
Epoch 357|time: 3.59s|train_loss 0.00934630|val_loss 0.00021985
Epoch 358|time: 3.62s|train_loss 0.00943088|val_loss 0.00021963
Epoch 359|time: 3.45s|train_loss 0.00960990|val_loss 0.00023658
Epoch 360|time: 3.43s|train_loss 0.00982571|val_loss 0.00021535
Best validation epoch: 360 Tue May 23 17:38:09 2023
TEST MAE 0.2940 | std 0.1079 | RMSE 0.4464 | RMSEs 0.4229 | PCC 0.8943 | PCCs 0.8656 | R2 0.7761 | R2s 0.6670 | Var 0.7770 | Vars 0.6779 | Peak 0.1624
Epoch 361|time: 3.58s|train_loss 0.00962056|val_loss 0.00025316
Epoch 362|time: 3.48s|train_loss 0.00961008|val_loss 0.00021561
Epoch 363|time: 3.65s|train_loss 0.00935283|val_loss 0.00022849
Epoch 364|time: 3.48s|train_loss 0.00951781|val_loss 0.00022545
Epoch 365|time: 3.71s|train_loss 0.00938000|val_loss 0.00022132
Epoch 366|time: 3.62s|train_loss 0.00950142|val_loss 0.00021908
Epoch 367|time: 3.50s|train_loss 0.00941679|val_loss 0.00023588
Epoch 368|time: 3.43s|train_loss 0.00930498|val_loss 0.00022669
Epoch 369|time: 3.72s|train_loss 0.00932894|val_loss 0.00022049
Epoch 370|time: 3.45s|train_loss 0.00925684|val_loss 0.00022874
Epoch 371|time: 3.61s|train_loss 0.00929012|val_loss 0.00022028
Epoch 372|time: 3.62s|train_loss 0.00931242|val_loss 0.00022087
Epoch 373|time: 3.51s|train_loss 0.00927712|val_loss 0.00022607
Epoch 374|time: 3.63s|train_loss 0.00928048|val_loss 0.00022363
Epoch 375|time: 3.56s|train_loss 0.00946883|val_loss 0.00022351
Epoch 376|time: 3.50s|train_loss 0.00945857|val_loss 0.00024340
Epoch 377|time: 3.49s|train_loss 0.00925307|val_loss 0.00023119
Epoch 378|time: 3.47s|train_loss 0.00928307|val_loss 0.00023058
Epoch 379|time: 3.56s|train_loss 0.00925490|val_loss 0.00022186
Epoch 380|time: 3.63s|train_loss 0.00926523|val_loss 0.00021964
Epoch 381|time: 3.49s|train_loss 0.00925392|val_loss 0.00022735
Epoch 382|time: 3.49s|train_loss 0.00924249|val_loss 0.00023569
Epoch 383|time: 3.67s|train_loss 0.00928156|val_loss 0.00021983
Epoch 384|time: 3.47s|train_loss 0.00925198|val_loss 0.00021868
Epoch 385|time: 3.59s|train_loss 0.00930427|val_loss 0.00023102
Epoch 386|time: 3.71s|train_loss 0.00919660|val_loss 0.00023138
Epoch 387|time: 3.46s|train_loss 0.00920475|val_loss 0.00022219
Epoch 388|time: 3.51s|train_loss 0.00923695|val_loss 0.00023357
Epoch 389|time: 3.62s|train_loss 0.00927584|val_loss 0.00023126
Epoch 390|time: 3.43s|train_loss 0.00927417|val_loss 0.00021705
Epoch 391|time: 3.61s|train_loss 0.00947372|val_loss 0.00022460
Epoch 392|time: 3.84s|train_loss 0.00945192|val_loss 0.00023016
Epoch 393|time: 3.53s|train_loss 0.00956635|val_loss 0.00022357
Epoch 394|time: 3.55s|train_loss 0.00927656|val_loss 0.00021834
Epoch 395|time: 3.55s|train_loss 0.00915126|val_loss 0.00023272
Epoch 396|time: 3.44s|train_loss 0.00914385|val_loss 0.00022847
Epoch 397|time: 3.61s|train_loss 0.00919335|val_loss 0.00023475
Epoch 398|time: 3.69s|train_loss 0.00917985|val_loss 0.00022917
Epoch 399|time: 3.50s|train_loss 0.00932601|val_loss 0.00022619
Epoch 400|time: 3.57s|train_loss 0.00920465|val_loss 0.00021925
Epoch 401|time: 3.46s|train_loss 0.00913677|val_loss 0.00022090
Epoch 402|time: 3.50s|train_loss 0.00904596|val_loss 0.00021395
Best validation epoch: 402 Tue May 23 17:40:39 2023
TEST MAE 0.2778 | std 0.1021 | RMSE 0.4340 | RMSEs 0.4101 | PCC 0.8953 | PCCs 0.8685 | R2 0.7884 | R2s 0.6916 | Var 0.7884 | Vars 0.7009 | Peak 0.1582
Epoch 403|time: 3.56s|train_loss 0.00916953|val_loss 0.00022183
Epoch 404|time: 3.44s|train_loss 0.00909664|val_loss 0.00022380
Epoch 405|time: 3.73s|train_loss 0.00907384|val_loss 0.00022185
Epoch 406|time: 3.47s|train_loss 0.00930753|val_loss 0.00022936
Epoch 407|time: 3.52s|train_loss 0.00919208|val_loss 0.00021865
Epoch 408|time: 3.66s|train_loss 0.00922806|val_loss 0.00024029
Epoch 409|time: 3.48s|train_loss 0.00907345|val_loss 0.00021470
Epoch 410|time: 3.47s|train_loss 0.00916397|val_loss 0.00022607
Epoch 411|time: 3.64s|train_loss 0.00904527|val_loss 0.00022160
Epoch 412|time: 3.41s|train_loss 0.00910535|val_loss 0.00022828
Epoch 413|time: 3.53s|train_loss 0.00919057|val_loss 0.00022614
Epoch 414|time: 3.68s|train_loss 0.00919982|val_loss 0.00021918
Epoch 415|time: 3.67s|train_loss 0.00915813|val_loss 0.00022625
Epoch 416|time: 3.60s|train_loss 0.00908989|val_loss 0.00022399
Epoch 417|time: 3.68s|train_loss 0.00918153|val_loss 0.00022545
Epoch 418|time: 3.48s|train_loss 0.00949805|val_loss 0.00022447
Epoch 419|time: 3.68s|train_loss 0.00924518|val_loss 0.00023391
Epoch 420|time: 3.49s|train_loss 0.00910602|val_loss 0.00021827
Epoch 421|time: 3.54s|train_loss 0.00895384|val_loss 0.00022664
Epoch 422|time: 3.66s|train_loss 0.00894183|val_loss 0.00021307
Best validation epoch: 422 Tue May 23 17:41:51 2023
TEST MAE 0.2839 | std 0.0999 | RMSE 0.4387 | RMSEs 0.4164 | PCC 0.8929 | PCCs 0.8629 | R2 0.7838 | R2s 0.6797 | Var 0.7845 | Vars 0.6927 | Peak 0.1597
Epoch 423|time: 3.46s|train_loss 0.00896537|val_loss 0.00022777
Epoch 424|time: 3.46s|train_loss 0.00909944|val_loss 0.00021728
Epoch 425|time: 3.74s|train_loss 0.00917615|val_loss 0.00022742
Epoch 426|time: 3.46s|train_loss 0.00910453|val_loss 0.00021853
Epoch 427|time: 3.59s|train_loss 0.00913187|val_loss 0.00022252
Epoch 428|time: 3.40s|train_loss 0.00900887|val_loss 0.00021683
Epoch 429|time: 3.61s|train_loss 0.00903967|val_loss 0.00022475
Epoch 430|time: 3.57s|train_loss 0.00892557|val_loss 0.00021491
Epoch 431|time: 3.55s|train_loss 0.00896608|val_loss 0.00023202
Epoch 432|time: 2.65s|train_loss 0.00896710|val_loss 0.00021935
Epoch 433|time: 2.24s|train_loss 0.00890297|val_loss 0.00022755
Epoch 434|time: 3.44s|train_loss 0.00885967|val_loss 0.00021668
Epoch 435|time: 3.57s|train_loss 0.00881770|val_loss 0.00022885
Epoch 436|time: 3.49s|train_loss 0.00889502|val_loss 0.00022256
Epoch 437|time: 3.60s|train_loss 0.00917690|val_loss 0.00022193
Epoch 438|time: 3.45s|train_loss 0.00906681|val_loss 0.00021577
Epoch 439|time: 3.75s|train_loss 0.00894357|val_loss 0.00023457
Epoch 440|time: 3.49s|train_loss 0.00889461|val_loss 0.00021777
Epoch 441|time: 3.45s|train_loss 0.00891115|val_loss 0.00022024
Epoch 442|time: 3.67s|train_loss 0.00889526|val_loss 0.00022411
Epoch 443|time: 3.54s|train_loss 0.00901398|val_loss 0.00022350
Epoch 444|time: 3.51s|train_loss 0.00889817|val_loss 0.00022361
Epoch 445|time: 3.50s|train_loss 0.00877284|val_loss 0.00021904
Epoch 446|time: 3.55s|train_loss 0.00891484|val_loss 0.00022351
Epoch 447|time: 3.51s|train_loss 0.00883589|val_loss 0.00021832
Epoch 448|time: 3.62s|train_loss 0.00886585|val_loss 0.00022316
Epoch 449|time: 3.77s|train_loss 0.00876393|val_loss 0.00023742
Epoch 450|time: 3.49s|train_loss 0.00881989|val_loss 0.00021898
Epoch 451|time: 3.68s|train_loss 0.00892892|val_loss 0.00023195
Epoch 452|time: 3.47s|train_loss 0.00881412|val_loss 0.00021185
Best validation epoch: 452 Tue May 23 17:43:36 2023
TEST MAE 0.3234 | std 0.1023 | RMSE 0.4800 | RMSEs 0.4597 | PCC 0.8786 | PCCs 0.8391 | R2 0.7412 | R2s 0.5969 | Var 0.7466 | Vars 0.6218 | Peak 0.1796
Epoch 453|time: 3.72s|train_loss 0.00921872|val_loss 0.00025886
Epoch 454|time: 3.43s|train_loss 0.00943242|val_loss 0.00023700
Epoch 455|time: 3.59s|train_loss 0.00965532|val_loss 0.00023118
Epoch 456|time: 3.66s|train_loss 0.00936759|val_loss 0.00021915
Epoch 457|time: 3.55s|train_loss 0.00943375|val_loss 0.00022283
Epoch 458|time: 3.50s|train_loss 0.00909759|val_loss 0.00021490
Epoch 459|time: 3.57s|train_loss 0.00904069|val_loss 0.00021881
Epoch 460|time: 3.49s|train_loss 0.00889358|val_loss 0.00022158
Epoch 461|time: 3.52s|train_loss 0.00887559|val_loss 0.00024211
Epoch 462|time: 3.52s|train_loss 0.00887617|val_loss 0.00021489
Epoch 463|time: 3.49s|train_loss 0.00879331|val_loss 0.00023755
Epoch 464|time: 3.47s|train_loss 0.00901539|val_loss 0.00022987
Epoch 465|time: 3.54s|train_loss 0.00895407|val_loss 0.00025727
Epoch 466|time: 3.59s|train_loss 0.00884605|val_loss 0.00021118
Best validation epoch: 466 Tue May 23 17:44:27 2023
TEST MAE 0.3044 | std 0.1026 | RMSE 0.4655 | RMSEs 0.4424 | PCC 0.8864 | PCCs 0.8537 | R2 0.7566 | R2s 0.6310 | Var 0.7647 | Vars 0.6632 | Peak 0.1687
Epoch 467|time: 3.75s|train_loss 0.00885854|val_loss 0.00023160
Epoch 468|time: 3.46s|train_loss 0.00880883|val_loss 0.00021387
Epoch 469|time: 3.42s|train_loss 0.00890859|val_loss 0.00023156
Epoch 470|time: 3.59s|train_loss 0.00883733|val_loss 0.00021409
Epoch 471|time: 3.53s|train_loss 0.00882333|val_loss 0.00022758
Epoch 472|time: 3.46s|train_loss 0.00892628|val_loss 0.00021910
Epoch 473|time: 3.62s|train_loss 0.00895860|val_loss 0.00022315
Epoch 474|time: 3.48s|train_loss 0.00889211|val_loss 0.00022514
Epoch 475|time: 3.61s|train_loss 0.00868901|val_loss 0.00022538
Epoch 476|time: 3.78s|train_loss 0.00870888|val_loss 0.00021751
Epoch 477|time: 3.48s|train_loss 0.00871032|val_loss 0.00022426
Epoch 478|time: 3.54s|train_loss 0.00866788|val_loss 0.00021742
Epoch 479|time: 3.51s|train_loss 0.00865853|val_loss 0.00022971
Epoch 480|time: 3.61s|train_loss 0.00859078|val_loss 0.00021731
Epoch 481|time: 3.48s|train_loss 0.00860351|val_loss 0.00023534
Epoch 482|time: 3.44s|train_loss 0.00868285|val_loss 0.00021242
Epoch 483|time: 3.62s|train_loss 0.00869587|val_loss 0.00023104
Epoch 484|time: 3.53s|train_loss 0.00866531|val_loss 0.00021178
Epoch 485|time: 3.58s|train_loss 0.00883198|val_loss 0.00022104
Epoch 486|time: 3.43s|train_loss 0.00882272|val_loss 0.00021802
Epoch 487|time: 3.68s|train_loss 0.00874057|val_loss 0.00022028
Epoch 488|time: 3.48s|train_loss 0.00856388|val_loss 0.00021580
Epoch 489|time: 3.65s|train_loss 0.00856319|val_loss 0.00022969
Epoch 490|time: 3.67s|train_loss 0.00863486|val_loss 0.00022460
Epoch 491|time: 3.50s|train_loss 0.00857936|val_loss 0.00022808
Epoch 492|time: 3.53s|train_loss 0.00858733|val_loss 0.00021715
Epoch 493|time: 3.44s|train_loss 0.00881257|val_loss 0.00022812
Epoch 494|time: 3.51s|train_loss 0.00892171|val_loss 0.00021446
Epoch 495|time: 3.61s|train_loss 0.00892996|val_loss 0.00023849
Epoch 496|time: 3.44s|train_loss 0.00875919|val_loss 0.00021640
Epoch 497|time: 3.47s|train_loss 0.00861030|val_loss 0.00023371
Epoch 498|time: 3.63s|train_loss 0.00856560|val_loss 0.00022507
Epoch 499|time: 3.64s|train_loss 0.00855370|val_loss 0.00022563
Epoch 500|time: 3.60s|train_loss 0.00851991|val_loss 0.00021829
Final evaluation
TEST MAE 0.3044 | std 0.1026 | RMSE 0.4655 | RMSEs 0.4424 | PCC 0.8864 | PCCs 0.8537 | R2 0.7566 | R2s 0.6310 | Var 0.7647 | Vars 0.6632 | Peak 0.1687
