--------Parameters--------
Namespace(batch=32, bi=False, check_point=1, cuda=False, dataset='us_hhs', dropout=0.2, epilambda=0.1, epochs=500, gpu=3, hidsp=15, horizon=1, k=10, lamda=0.01, lr=0.01, model='cola_gnn_epi', mylog=False, n_hidden=10, n_layer=1, patience=200, rnn_model='RNN', save_dir='save', seed=42, shuffle=False, sim_mat='us_hhs-adj', test=0.2, train=0.6, val=0.2, weight_decay=0.0005, window=20)
--------------------------
data shape (364, 10)
size of train/val/test sets 198 73 73
#params: 2005
begin training
Epoch   1|time: 3.18s|train_loss 0.00147634|val_loss 0.00051429
Best validation epoch: 1 Mon May 22 18:35:10 2023
TEST MAE 0.5815 | std 0.3119 | RMSE 0.8710 | RMSEs 0.7941 | PCC 0.6184 | PCCs 0.5952 | R2 0.1478 | R2s -0.0753 | Var 0.3721 | Vars 0.3397 | Peak 0.3739
Epoch   2|time: 3.24s|train_loss 0.00099485|val_loss 0.00048105
Best validation epoch: 2 Mon May 22 18:35:14 2023
TEST MAE 0.8067 | std 0.3226 | RMSE 1.0446 | RMSEs 0.9745 | PCC 0.6653 | PCCs 0.6381 | R2 -0.2257 | R2s -0.6375 | Var 0.4423 | Vars 0.3919 | Peak 0.4369
Epoch   3|time: 2.93s|train_loss 0.00097120|val_loss 0.00038157
Best validation epoch: 3 Mon May 22 18:35:18 2023
TEST MAE 0.5991 | std 0.2604 | RMSE 0.8297 | RMSEs 0.7714 | PCC 0.7998 | PCCs 0.7550 | R2 0.2267 | R2s -0.0194 | Var 0.6024 | Vars 0.5559 | Peak 0.3621
Epoch   4|time: 3.03s|train_loss 0.00086078|val_loss 0.00028867
Best validation epoch: 4 Mon May 22 18:35:22 2023
TEST MAE 0.3277 | std 0.1431 | RMSE 0.5475 | RMSEs 0.5067 | PCC 0.8633 | PCCs 0.8286 | R2 0.6632 | R2s 0.5580 | Var 0.7068 | Vars 0.6456 | Peak 0.2295
Epoch   5|time: 3.22s|train_loss 0.00077178|val_loss 0.00024622
Best validation epoch: 5 Mon May 22 18:35:25 2023
TEST MAE 0.2852 | std 0.0916 | RMSE 0.4490 | RMSEs 0.4233 | PCC 0.8858 | PCCs 0.8520 | R2 0.7735 | R2s 0.6835 | Var 0.7761 | Vars 0.7113 | Peak 0.1776
Epoch   6|time: 3.28s|train_loss 0.00072651|val_loss 0.00022772
Best validation epoch: 6 Mon May 22 18:35:29 2023
TEST MAE 0.2790 | std 0.1030 | RMSE 0.4452 | RMSEs 0.4190 | PCC 0.8962 | PCCs 0.8590 | R2 0.7773 | R2s 0.6922 | Var 0.8001 | Vars 0.7282 | Peak 0.1810
Epoch   7|time: 3.05s|train_loss 0.00072769|val_loss 0.00021004
Best validation epoch: 7 Mon May 22 18:35:33 2023
TEST MAE 0.2501 | std 0.0893 | RMSE 0.4121 | RMSEs 0.3873 | PCC 0.9113 | PCCs 0.8811 | R2 0.8092 | R2s 0.7358 | Var 0.8239 | Vars 0.7613 | Peak 0.1626
Epoch   8|time: 3.06s|train_loss 0.00072019|val_loss 0.00021000
Best validation epoch: 8 Mon May 22 18:35:37 2023
TEST MAE 0.2462 | std 0.0808 | RMSE 0.3861 | RMSEs 0.3642 | PCC 0.9207 | PCCs 0.8951 | R2 0.8325 | R2s 0.7662 | Var 0.8460 | Vars 0.7893 | Peak 0.1470
Epoch   9|time: 3.26s|train_loss 0.00068542|val_loss 0.00027401
Epoch  10|time: 3.35s|train_loss 0.00072244|val_loss 0.00020075
Best validation epoch: 10 Mon May 22 18:35:44 2023
TEST MAE 0.2662 | std 0.0632 | RMSE 0.3662 | RMSEs 0.3536 | PCC 0.9297 | PCCs 0.9112 | R2 0.8494 | R2s 0.7684 | Var 0.8639 | Vars 0.8188 | Peak 0.1302
Epoch  11|time: 3.18s|train_loss 0.00066759|val_loss 0.00023234
Epoch  12|time: 3.08s|train_loss 0.00065973|val_loss 0.00017257
Best validation epoch: 12 Mon May 22 18:35:52 2023
TEST MAE 0.2152 | std 0.0610 | RMSE 0.3305 | RMSEs 0.3145 | PCC 0.9375 | PCCs 0.9179 | R2 0.8773 | R2s 0.8229 | Var 0.8773 | Vars 0.8331 | Peak 0.1257
Epoch  13|time: 3.08s|train_loss 0.00064387|val_loss 0.00016609
Best validation epoch: 13 Mon May 22 18:35:55 2023
TEST MAE 0.2099 | std 0.0604 | RMSE 0.3271 | RMSEs 0.3109 | PCC 0.9393 | PCCs 0.9185 | R2 0.8798 | R2s 0.8275 | Var 0.8803 | Vars 0.8350 | Peak 0.1257
Epoch  14|time: 3.28s|train_loss 0.00062495|val_loss 0.00016597
Best validation epoch: 14 Mon May 22 18:35:59 2023
TEST MAE 0.2064 | std 0.0652 | RMSE 0.3290 | RMSEs 0.3113 | PCC 0.9423 | PCCs 0.9211 | R2 0.8784 | R2s 0.8284 | Var 0.8850 | Vars 0.8403 | Peak 0.1298
Epoch  15|time: 3.13s|train_loss 0.00062470|val_loss 0.00016638
Epoch  16|time: 3.60s|train_loss 0.00061000|val_loss 0.00016863
Epoch  17|time: 3.61s|train_loss 0.00061116|val_loss 0.00015826
Best validation epoch: 17 Mon May 22 18:36:10 2023
TEST MAE 0.1965 | std 0.0560 | RMSE 0.3039 | RMSEs 0.2892 | PCC 0.9476 | PCCs 0.9291 | R2 0.8962 | R2s 0.8501 | Var 0.8963 | Vars 0.8557 | Peak 0.1165
Epoch  18|time: 3.73s|train_loss 0.00060529|val_loss 0.00019367
Epoch  19|time: 3.47s|train_loss 0.00064794|val_loss 0.00017648
Epoch  20|time: 3.40s|train_loss 0.00068055|val_loss 0.00014934
Best validation epoch: 20 Mon May 22 18:36:22 2023
TEST MAE 0.1910 | std 0.0536 | RMSE 0.2929 | RMSEs 0.2797 | PCC 0.9507 | PCCs 0.9345 | R2 0.9037 | R2s 0.8590 | Var 0.9038 | Vars 0.8654 | Peak 0.1095
Epoch  21|time: 3.37s|train_loss 0.00064296|val_loss 0.00020124
Epoch  22|time: 3.25s|train_loss 0.00064501|val_loss 0.00019927
Epoch  23|time: 3.08s|train_loss 0.00062460|val_loss 0.00014876
Best validation epoch: 23 Mon May 22 18:36:32 2023
TEST MAE 0.1856 | std 0.0537 | RMSE 0.2881 | RMSEs 0.2744 | PCC 0.9529 | PCCs 0.9345 | R2 0.9067 | R2s 0.8649 | Var 0.9074 | Vars 0.8682 | Peak 0.1127
Epoch  24|time: 3.35s|train_loss 0.00061738|val_loss 0.00015503
Epoch  25|time: 3.38s|train_loss 0.00061367|val_loss 0.00026871
Epoch  26|time: 3.09s|train_loss 0.00067501|val_loss 0.00016721
Epoch  27|time: 3.35s|train_loss 0.00062352|val_loss 0.00015063
Epoch  28|time: 3.20s|train_loss 0.00060002|val_loss 0.00015093
Epoch  29|time: 3.20s|train_loss 0.00060364|val_loss 0.00015136
Epoch  30|time: 3.24s|train_loss 0.00060122|val_loss 0.00014783
Best validation epoch: 30 Mon May 22 18:36:56 2023
TEST MAE 0.1904 | std 0.0491 | RMSE 0.2840 | RMSEs 0.2728 | PCC 0.9546 | PCCs 0.9377 | R2 0.9094 | R2s 0.8642 | Var 0.9113 | Vars 0.8742 | Peak 0.1038
Epoch  31|time: 3.24s|train_loss 0.00062209|val_loss 0.00019722
Epoch  32|time: 3.24s|train_loss 0.00060838|val_loss 0.00019489
Epoch  33|time: 3.15s|train_loss 0.00062196|val_loss 0.00014966
Epoch  34|time: 3.17s|train_loss 0.00058411|val_loss 0.00016986
Epoch  35|time: 3.20s|train_loss 0.00059629|val_loss 0.00015154
Epoch  36|time: 3.34s|train_loss 0.00058444|val_loss 0.00014912
Epoch  37|time: 3.57s|train_loss 0.00059096|val_loss 0.00015154
Epoch  38|time: 3.48s|train_loss 0.00059248|val_loss 0.00014427
Best validation epoch: 38 Mon May 22 18:37:23 2023
TEST MAE 0.1777 | std 0.0515 | RMSE 0.2768 | RMSEs 0.2630 | PCC 0.9587 | PCCs 0.9421 | R2 0.9139 | R2s 0.8759 | Var 0.9155 | Vars 0.8804 | Peak 0.1086
Epoch  39|time: 3.13s|train_loss 0.00061675|val_loss 0.00015048
Epoch  40|time: 3.23s|train_loss 0.00059392|val_loss 0.00014186
Best validation epoch: 40 Mon May 22 18:37:30 2023
TEST MAE 0.1756 | std 0.0523 | RMSE 0.2683 | RMSEs 0.2557 | PCC 0.9592 | PCCs 0.9445 | R2 0.9192 | R2s 0.8824 | Var 0.9200 | Vars 0.8852 | Peak 0.1009
Epoch  41|time: 3.31s|train_loss 0.00060076|val_loss 0.00014593
Epoch  42|time: 3.31s|train_loss 0.00059424|val_loss 0.00016434
Epoch  43|time: 3.20s|train_loss 0.00059500|val_loss 0.00018396
Epoch  44|time: 3.27s|train_loss 0.00060974|val_loss 0.00018036
Epoch  45|time: 3.18s|train_loss 0.00059726|val_loss 0.00017225
Epoch  46|time: 3.28s|train_loss 0.00059093|val_loss 0.00020491
Epoch  47|time: 3.36s|train_loss 0.00059842|val_loss 0.00014596
Epoch  48|time: 3.20s|train_loss 0.00057328|val_loss 0.00018052
Epoch  49|time: 3.13s|train_loss 0.00058458|val_loss 0.00018454
Epoch  50|time: 3.08s|train_loss 0.00059059|val_loss 0.00015590
Epoch  51|time: 3.11s|train_loss 0.00056917|val_loss 0.00014121
Best validation epoch: 51 Mon May 22 18:38:06 2023
TEST MAE 0.1739 | std 0.0483 | RMSE 0.2625 | RMSEs 0.2510 | PCC 0.9608 | PCCs 0.9452 | R2 0.9226 | R2s 0.8855 | Var 0.9227 | Vars 0.8896 | Peak 0.0982
Epoch  52|time: 3.11s|train_loss 0.00057635|val_loss 0.00017642
Epoch  53|time: 3.10s|train_loss 0.00057297|val_loss 0.00014459
Epoch  54|time: 3.32s|train_loss 0.00055803|val_loss 0.00013887
Best validation epoch: 54 Mon May 22 18:38:16 2023
TEST MAE 0.1715 | std 0.0498 | RMSE 0.2637 | RMSEs 0.2515 | PCC 0.9613 | PCCs 0.9448 | R2 0.9219 | R2s 0.8858 | Var 0.9232 | Vars 0.8890 | Peak 0.1017
Epoch  55|time: 3.35s|train_loss 0.00054383|val_loss 0.00014895
Epoch  56|time: 3.13s|train_loss 0.00054987|val_loss 0.00014689
Epoch  57|time: 3.21s|train_loss 0.00054434|val_loss 0.00013854
Best validation epoch: 57 Mon May 22 18:38:27 2023
TEST MAE 0.1713 | std 0.0469 | RMSE 0.2590 | RMSEs 0.2481 | PCC 0.9618 | PCCs 0.9456 | R2 0.9246 | R2s 0.8879 | Var 0.9246 | Vars 0.8907 | Peak 0.0971
Epoch  58|time: 3.20s|train_loss 0.00054942|val_loss 0.00017868
Epoch  59|time: 3.18s|train_loss 0.00060625|val_loss 0.00013591
Best validation epoch: 59 Mon May 22 18:38:34 2023
TEST MAE 0.1686 | std 0.0479 | RMSE 0.2573 | RMSEs 0.2461 | PCC 0.9622 | PCCs 0.9464 | R2 0.9256 | R2s 0.8900 | Var 0.9258 | Vars 0.8921 | Peak 0.0969
Epoch  60|time: 3.17s|train_loss 0.00056398|val_loss 0.00014210
Epoch  61|time: 3.53s|train_loss 0.00055815|val_loss 0.00013972
Epoch  62|time: 3.51s|train_loss 0.00054245|val_loss 0.00013712
Epoch  63|time: 3.14s|train_loss 0.00055128|val_loss 0.00014404
Epoch  64|time: 3.42s|train_loss 0.00053541|val_loss 0.00016225
Epoch  65|time: 3.46s|train_loss 0.00053471|val_loss 0.00013883
Epoch  66|time: 3.20s|train_loss 0.00054023|val_loss 0.00013717
Epoch  67|time: 3.18s|train_loss 0.00053513|val_loss 0.00013698
Epoch  68|time: 3.22s|train_loss 0.00051685|val_loss 0.00015428
Epoch  69|time: 3.15s|train_loss 0.00054108|val_loss 0.00017852
Epoch  70|time: 3.16s|train_loss 0.00054510|val_loss 0.00015245
Epoch  71|time: 3.43s|train_loss 0.00052349|val_loss 0.00014493
Epoch  72|time: 3.20s|train_loss 0.00051081|val_loss 0.00014717
Epoch  73|time: 3.01s|train_loss 0.00051833|val_loss 0.00014454
Epoch  74|time: 3.35s|train_loss 0.00051191|val_loss 0.00016938
Epoch  75|time: 3.21s|train_loss 0.00053060|val_loss 0.00016205
Epoch  76|time: 3.26s|train_loss 0.00051063|val_loss 0.00017346
Epoch  77|time: 3.64s|train_loss 0.00056950|val_loss 0.00013447
Best validation epoch: 77 Mon May 22 18:39:34 2023
TEST MAE 0.1680 | std 0.0473 | RMSE 0.2555 | RMSEs 0.2449 | PCC 0.9630 | PCCs 0.9479 | R2 0.9267 | R2s 0.8905 | Var 0.9267 | Vars 0.8922 | Peak 0.0949
Epoch  78|time: 3.31s|train_loss 0.00055410|val_loss 0.00015803
Epoch  79|time: 3.25s|train_loss 0.00059900|val_loss 0.00018396
Epoch  80|time: 3.67s|train_loss 0.00056350|val_loss 0.00017760
Epoch  81|time: 3.39s|train_loss 0.00055792|val_loss 0.00015887
Epoch  82|time: 3.24s|train_loss 0.00052813|val_loss 0.00014430
Epoch  83|time: 3.67s|train_loss 0.00051829|val_loss 0.00017153
Epoch  84|time: 3.27s|train_loss 0.00050995|val_loss 0.00013710
Epoch  85|time: 3.19s|train_loss 0.00051261|val_loss 0.00016910
Epoch  86|time: 3.69s|train_loss 0.00050847|val_loss 0.00013492
Epoch  87|time: 3.31s|train_loss 0.00051766|val_loss 0.00016016
Epoch  88|time: 3.12s|train_loss 0.00050391|val_loss 0.00013468
Epoch  89|time: 3.59s|train_loss 0.00050080|val_loss 0.00014084
Epoch  90|time: 3.19s|train_loss 0.00050861|val_loss 0.00013642
Epoch  91|time: 3.27s|train_loss 0.00050136|val_loss 0.00013320
Best validation epoch: 91 Mon May 22 18:40:22 2023
TEST MAE 0.1657 | std 0.0459 | RMSE 0.2517 | RMSEs 0.2414 | PCC 0.9639 | PCCs 0.9484 | R2 0.9288 | R2s 0.8933 | Var 0.9288 | Vars 0.8949 | Peak 0.0928
Epoch  92|time: 3.51s|train_loss 0.00049657|val_loss 0.00013875
Epoch  93|time: 3.21s|train_loss 0.00048581|val_loss 0.00013465
Epoch  94|time: 3.19s|train_loss 0.00050590|val_loss 0.00013473
Epoch  95|time: 3.44s|train_loss 0.00050275|val_loss 0.00013595
Epoch  96|time: 3.22s|train_loss 0.00048749|val_loss 0.00015332
Epoch  97|time: 3.31s|train_loss 0.00051404|val_loss 0.00013645
Epoch  98|time: 3.30s|train_loss 0.00053459|val_loss 0.00016553
Epoch  99|time: 3.14s|train_loss 0.00051482|val_loss 0.00013558
Epoch 100|time: 3.18s|train_loss 0.00049806|val_loss 0.00015217
Epoch 101|time: 3.41s|train_loss 0.00049881|val_loss 0.00014166
Epoch 102|time: 3.20s|train_loss 0.00048816|val_loss 0.00013589
Epoch 103|time: 3.23s|train_loss 0.00048465|val_loss 0.00013890
Epoch 104|time: 3.10s|train_loss 0.00047988|val_loss 0.00013466
Epoch 105|time: 3.31s|train_loss 0.00051391|val_loss 0.00014226
Epoch 106|time: 3.24s|train_loss 0.00051252|val_loss 0.00013531
Epoch 107|time: 3.60s|train_loss 0.00051447|val_loss 0.00014459
Epoch 108|time: 3.50s|train_loss 0.00049234|val_loss 0.00013284
Best validation epoch: 108 Mon May 22 18:41:19 2023
TEST MAE 0.1630 | std 0.0442 | RMSE 0.2480 | RMSEs 0.2383 | PCC 0.9650 | PCCs 0.9496 | R2 0.9309 | R2s 0.8954 | Var 0.9312 | Vars 0.8982 | Peak 0.0899
Epoch 109|time: 3.29s|train_loss 0.00048391|val_loss 0.00013774
Epoch 110|time: 3.61s|train_loss 0.00052134|val_loss 0.00013471
Epoch 111|time: 3.23s|train_loss 0.00049560|val_loss 0.00013687
Epoch 112|time: 3.13s|train_loss 0.00048712|val_loss 0.00014670
Epoch 113|time: 3.54s|train_loss 0.00048466|val_loss 0.00016001
Epoch 114|time: 3.60s|train_loss 0.00048611|val_loss 0.00013956
Epoch 115|time: 3.41s|train_loss 0.00050880|val_loss 0.00014195
Epoch 116|time: 3.39s|train_loss 0.00049412|val_loss 0.00013606
Epoch 117|time: 3.22s|train_loss 0.00051516|val_loss 0.00013607
Epoch 118|time: 3.70s|train_loss 0.00058252|val_loss 0.00016523
Epoch 119|time: 3.15s|train_loss 0.00051310|val_loss 0.00013472
Epoch 120|time: 3.19s|train_loss 0.00052441|val_loss 0.00015077
Epoch 121|time: 3.51s|train_loss 0.00051957|val_loss 0.00015370
Epoch 122|time: 3.26s|train_loss 0.00049300|val_loss 0.00013832
Epoch 123|time: 3.53s|train_loss 0.00049539|val_loss 0.00014039
Epoch 124|time: 3.15s|train_loss 0.00048841|val_loss 0.00013545
Epoch 125|time: 3.35s|train_loss 0.00049822|val_loss 0.00013672
Epoch 126|time: 3.50s|train_loss 0.00048083|val_loss 0.00014131
Epoch 127|time: 3.25s|train_loss 0.00049953|val_loss 0.00013344
Epoch 128|time: 3.07s|train_loss 0.00049762|val_loss 0.00013361
Epoch 129|time: 3.53s|train_loss 0.00047849|val_loss 0.00016948
Epoch 130|time: 3.18s|train_loss 0.00049116|val_loss 0.00013301
Epoch 131|time: 3.15s|train_loss 0.00051098|val_loss 0.00014132
Epoch 132|time: 3.32s|train_loss 0.00049557|val_loss 0.00013496
Epoch 133|time: 3.11s|train_loss 0.00048523|val_loss 0.00014260
Epoch 134|time: 3.08s|train_loss 0.00049011|val_loss 0.00014465
Epoch 135|time: 3.32s|train_loss 0.00049501|val_loss 0.00013253
Best validation epoch: 135 Mon May 22 18:42:49 2023
TEST MAE 0.1626 | std 0.0443 | RMSE 0.2464 | RMSEs 0.2369 | PCC 0.9654 | PCCs 0.9498 | R2 0.9318 | R2s 0.8965 | Var 0.9319 | Vars 0.8986 | Peak 0.0888
Epoch 136|time: 3.25s|train_loss 0.00053409|val_loss 0.00013512
Epoch 137|time: 3.16s|train_loss 0.00049601|val_loss 0.00013850
Epoch 138|time: 3.37s|train_loss 0.00048456|val_loss 0.00013311
Epoch 139|time: 3.45s|train_loss 0.00049349|val_loss 0.00015579
Epoch 140|time: 3.29s|train_loss 0.00048535|val_loss 0.00014620
Epoch 141|time: 3.00s|train_loss 0.00049288|val_loss 0.00014847
Epoch 142|time: 2.96s|train_loss 0.00049371|val_loss 0.00013667
Epoch 143|time: 3.15s|train_loss 0.00049700|val_loss 0.00015732
Epoch 144|time: 2.96s|train_loss 0.00049994|val_loss 0.00013554
Epoch 145|time: 3.00s|train_loss 0.00048961|val_loss 0.00014379
Epoch 146|time: 3.03s|train_loss 0.00049324|val_loss 0.00013449
Epoch 147|time: 3.02s|train_loss 0.00048725|val_loss 0.00014730
Epoch 148|time: 3.10s|train_loss 0.00050074|val_loss 0.00013384
Epoch 149|time: 3.00s|train_loss 0.00048628|val_loss 0.00014928
Epoch 150|time: 3.02s|train_loss 0.00047636|val_loss 0.00013478
Epoch 151|time: 3.02s|train_loss 0.00048675|val_loss 0.00013566
Epoch 152|time: 3.02s|train_loss 0.00048923|val_loss 0.00013360
Epoch 153|time: 3.11s|train_loss 0.00048109|val_loss 0.00014340
Epoch 154|time: 3.01s|train_loss 0.00048848|val_loss 0.00013384
Epoch 155|time: 3.01s|train_loss 0.00047727|val_loss 0.00017144
Epoch 156|time: 3.11s|train_loss 0.00050397|val_loss 0.00013587
Epoch 157|time: 3.09s|train_loss 0.00048215|val_loss 0.00015579
Epoch 158|time: 3.03s|train_loss 0.00050867|val_loss 0.00014246
Epoch 159|time: 3.07s|train_loss 0.00047832|val_loss 0.00013369
Epoch 160|time: 3.01s|train_loss 0.00047425|val_loss 0.00014321
Epoch 161|time: 3.09s|train_loss 0.00048495|val_loss 0.00014180
Epoch 162|time: 3.01s|train_loss 0.00048685|val_loss 0.00014060
Epoch 163|time: 3.00s|train_loss 0.00048279|val_loss 0.00013324
Epoch 164|time: 3.01s|train_loss 0.00046487|val_loss 0.00013297
Epoch 165|time: 3.01s|train_loss 0.00047560|val_loss 0.00013988
Epoch 166|time: 3.03s|train_loss 0.00049088|val_loss 0.00014069
Epoch 167|time: 3.08s|train_loss 0.00047584|val_loss 0.00013362
Epoch 168|time: 3.02s|train_loss 0.00048643|val_loss 0.00013308
Epoch 169|time: 3.02s|train_loss 0.00048361|val_loss 0.00013199
Best validation epoch: 169 Mon May 22 18:44:35 2023
TEST MAE 0.1593 | std 0.0430 | RMSE 0.2442 | RMSEs 0.2346 | PCC 0.9659 | PCCs 0.9501 | R2 0.9330 | R2s 0.8985 | Var 0.9330 | Vars 0.8998 | Peak 0.0899
Epoch 170|time: 3.12s|train_loss 0.00048461|val_loss 0.00013567
Epoch 171|time: 3.02s|train_loss 0.00047252|val_loss 0.00013362
Epoch 172|time: 3.09s|train_loss 0.00048954|val_loss 0.00016348
Epoch 173|time: 3.66s|train_loss 0.00051852|val_loss 0.00019667
Epoch 174|time: 3.34s|train_loss 0.00050213|val_loss 0.00013781
Epoch 175|time: 3.43s|train_loss 0.00048289|val_loss 0.00014301
Epoch 176|time: 3.23s|train_loss 0.00049018|val_loss 0.00014108
Epoch 177|time: 3.21s|train_loss 0.00049642|val_loss 0.00013715
Epoch 178|time: 3.83s|train_loss 0.00048865|val_loss 0.00015632
Epoch 179|time: 3.13s|train_loss 0.00049440|val_loss 0.00014395
Epoch 180|time: 3.23s|train_loss 0.00049137|val_loss 0.00013381
Epoch 181|time: 3.22s|train_loss 0.00050371|val_loss 0.00015333
Epoch 182|time: 3.23s|train_loss 0.00047749|val_loss 0.00015332
Epoch 183|time: 3.56s|train_loss 0.00047807|val_loss 0.00014552
Epoch 184|time: 3.18s|train_loss 0.00047591|val_loss 0.00014415
Epoch 185|time: 3.34s|train_loss 0.00048879|val_loss 0.00013073
Best validation epoch: 185 Mon May 22 18:45:28 2023
TEST MAE 0.1606 | std 0.0435 | RMSE 0.2458 | RMSEs 0.2364 | PCC 0.9657 | PCCs 0.9508 | R2 0.9321 | R2s 0.8967 | Var 0.9324 | Vars 0.8995 | Peak 0.0881
Epoch 186|time: 3.52s|train_loss 0.00049621|val_loss 0.00013513
Epoch 187|time: 3.67s|train_loss 0.00048437|val_loss 0.00013582
Epoch 188|time: 3.63s|train_loss 0.00048498|val_loss 0.00015801
Epoch 189|time: 3.55s|train_loss 0.00049368|val_loss 0.00014404
Epoch 190|time: 3.38s|train_loss 0.00049369|val_loss 0.00014147
Epoch 191|time: 3.11s|train_loss 0.00052991|val_loss 0.00014989
Epoch 192|time: 3.63s|train_loss 0.00054451|val_loss 0.00014287
Epoch 193|time: 4.26s|train_loss 0.00051438|val_loss 0.00017198
Epoch 194|time: 3.86s|train_loss 0.00049546|val_loss 0.00016615
Epoch 195|time: 4.54s|train_loss 0.00048910|val_loss 0.00018359
Epoch 196|time: 3.94s|train_loss 0.00051208|val_loss 0.00017651
Epoch 197|time: 3.76s|train_loss 0.00055658|val_loss 0.00013567
Epoch 198|time: 3.93s|train_loss 0.00050425|val_loss 0.00014479
Epoch 199|time: 3.36s|train_loss 0.00052164|val_loss 0.00013553
Epoch 200|time: 3.37s|train_loss 0.00050469|val_loss 0.00015262
Epoch 201|time: 3.37s|train_loss 0.00049836|val_loss 0.00013857
Epoch 202|time: 3.42s|train_loss 0.00049597|val_loss 0.00013211
Epoch 203|time: 3.38s|train_loss 0.00049925|val_loss 0.00013794
Epoch 204|time: 3.36s|train_loss 0.00050138|val_loss 0.00014406
Epoch 205|time: 3.37s|train_loss 0.00050741|val_loss 0.00014253
Epoch 206|time: 3.37s|train_loss 0.00048583|val_loss 0.00013565
Epoch 207|time: 3.38s|train_loss 0.00047922|val_loss 0.00013303
Epoch 208|time: 3.46s|train_loss 0.00047329|val_loss 0.00014066
Epoch 209|time: 3.44s|train_loss 0.00046983|val_loss 0.00013940
Epoch 210|time: 3.37s|train_loss 0.00046970|val_loss 0.00013342
Epoch 211|time: 3.34s|train_loss 0.00048209|val_loss 0.00013229
Epoch 212|time: 3.36s|train_loss 0.00048518|val_loss 0.00013663
Epoch 213|time: 3.41s|train_loss 0.00048178|val_loss 0.00013203
Epoch 214|time: 3.38s|train_loss 0.00047547|val_loss 0.00014003
Epoch 215|time: 3.44s|train_loss 0.00046815|val_loss 0.00014395
Epoch 216|time: 3.36s|train_loss 0.00049180|val_loss 0.00013603
Epoch 217|time: 3.45s|train_loss 0.00047896|val_loss 0.00013908
Epoch 218|time: 3.35s|train_loss 0.00047735|val_loss 0.00013618
Epoch 219|time: 3.36s|train_loss 0.00047084|val_loss 0.00013648
Epoch 220|time: 3.35s|train_loss 0.00047674|val_loss 0.00013376
Epoch 221|time: 3.37s|train_loss 0.00048031|val_loss 0.00015958
Epoch 222|time: 3.42s|train_loss 0.00049085|val_loss 0.00013794
Epoch 223|time: 3.37s|train_loss 0.00049239|val_loss 0.00013374
Epoch 224|time: 3.39s|train_loss 0.00051197|val_loss 0.00013573
Epoch 225|time: 3.36s|train_loss 0.00048723|val_loss 0.00014220
Epoch 226|time: 3.36s|train_loss 0.00048296|val_loss 0.00013385
Epoch 227|time: 3.62s|train_loss 0.00049291|val_loss 0.00013130
Epoch 228|time: 3.07s|train_loss 0.00046537|val_loss 0.00013435
Epoch 229|time: 3.02s|train_loss 0.00047602|val_loss 0.00013241
Epoch 230|time: 3.04s|train_loss 0.00047826|val_loss 0.00013269
Epoch 231|time: 3.09s|train_loss 0.00048679|val_loss 0.00013064
Best validation epoch: 231 Mon May 22 18:48:08 2023
TEST MAE 0.1612 | std 0.0439 | RMSE 0.2483 | RMSEs 0.2388 | PCC 0.9655 | PCCs 0.9510 | R2 0.9307 | R2s 0.8944 | Var 0.9312 | Vars 0.8976 | Peak 0.0897
Epoch 232|time: 3.02s|train_loss 0.00046604|val_loss 0.00013105
Epoch 233|time: 3.02s|train_loss 0.00045888|val_loss 0.00013549
Epoch 234|time: 3.00s|train_loss 0.00046602|val_loss 0.00013156
Epoch 235|time: 3.11s|train_loss 0.00046999|val_loss 0.00013333
Epoch 236|time: 3.01s|train_loss 0.00047240|val_loss 0.00013658
Epoch 237|time: 3.02s|train_loss 0.00054971|val_loss 0.00014241
Epoch 238|time: 3.00s|train_loss 0.00053615|val_loss 0.00013220
Epoch 239|time: 3.01s|train_loss 0.00051510|val_loss 0.00014017
Epoch 240|time: 3.10s|train_loss 0.00050475|val_loss 0.00013151
Epoch 241|time: 3.02s|train_loss 0.00048250|val_loss 0.00013321
Epoch 242|time: 3.01s|train_loss 0.00047273|val_loss 0.00013345
Epoch 243|time: 3.04s|train_loss 0.00048003|val_loss 0.00013193
Epoch 244|time: 3.01s|train_loss 0.00048551|val_loss 0.00013435
Epoch 245|time: 3.12s|train_loss 0.00048460|val_loss 0.00013536
Epoch 246|time: 3.04s|train_loss 0.00046363|val_loss 0.00013093
Epoch 247|time: 3.02s|train_loss 0.00046650|val_loss 0.00013176
Epoch 248|time: 3.01s|train_loss 0.00046508|val_loss 0.00013394
Epoch 249|time: 3.11s|train_loss 0.00047210|val_loss 0.00013803
Epoch 250|time: 3.03s|train_loss 0.00047057|val_loss 0.00013664
Epoch 251|time: 3.03s|train_loss 0.00047962|val_loss 0.00013307
Epoch 252|time: 3.01s|train_loss 0.00046806|val_loss 0.00013586
Epoch 253|time: 3.06s|train_loss 0.00046342|val_loss 0.00013816
Epoch 254|time: 3.10s|train_loss 0.00046410|val_loss 0.00014120
Epoch 255|time: 3.02s|train_loss 0.00047649|val_loss 0.00014052
Epoch 256|time: 3.02s|train_loss 0.00046946|val_loss 0.00014866
Epoch 257|time: 3.02s|train_loss 0.00046816|val_loss 0.00014491
Epoch 258|time: 3.01s|train_loss 0.00049470|val_loss 0.00013544
Epoch 259|time: 3.14s|train_loss 0.00047861|val_loss 0.00013510
Epoch 260|time: 3.01s|train_loss 0.00047851|val_loss 0.00014038
Epoch 261|time: 3.02s|train_loss 0.00047367|val_loss 0.00014289
Epoch 262|time: 3.02s|train_loss 0.00047070|val_loss 0.00014557
Epoch 263|time: 3.13s|train_loss 0.00047606|val_loss 0.00013468
Epoch 264|time: 3.02s|train_loss 0.00047785|val_loss 0.00013935
Epoch 265|time: 3.02s|train_loss 0.00049344|val_loss 0.00013204
Epoch 266|time: 3.03s|train_loss 0.00048653|val_loss 0.00013288
Epoch 267|time: 3.08s|train_loss 0.00047748|val_loss 0.00013147
Epoch 268|time: 3.03s|train_loss 0.00049500|val_loss 0.00013623
Epoch 269|time: 3.04s|train_loss 0.00049796|val_loss 0.00013458
Epoch 270|time: 3.03s|train_loss 0.00045956|val_loss 0.00013746
Epoch 271|time: 3.04s|train_loss 0.00046807|val_loss 0.00013748
Epoch 272|time: 3.01s|train_loss 0.00046484|val_loss 0.00013708
Epoch 273|time: 3.16s|train_loss 0.00048952|val_loss 0.00014447
Epoch 274|time: 3.01s|train_loss 0.00047698|val_loss 0.00013142
Epoch 275|time: 3.02s|train_loss 0.00049156|val_loss 0.00013448
Epoch 276|time: 3.02s|train_loss 0.00049050|val_loss 0.00013052
Best validation epoch: 276 Mon May 22 18:50:26 2023
TEST MAE 0.1599 | std 0.0439 | RMSE 0.2467 | RMSEs 0.2369 | PCC 0.9655 | PCCs 0.9508 | R2 0.9316 | R2s 0.8965 | Var 0.9318 | Vars 0.8988 | Peak 0.0897
Epoch 277|time: 3.10s|train_loss 0.00047663|val_loss 0.00013225
Epoch 278|time: 3.00s|train_loss 0.00049092|val_loss 0.00013177
Epoch 279|time: 3.06s|train_loss 0.00046046|val_loss 0.00013234
Epoch 280|time: 3.01s|train_loss 0.00049839|val_loss 0.00013178
Epoch 281|time: 3.08s|train_loss 0.00046905|val_loss 0.00013434
Epoch 282|time: 3.09s|train_loss 0.00047670|val_loss 0.00013517
Epoch 283|time: 3.03s|train_loss 0.00048722|val_loss 0.00013260
Epoch 284|time: 3.02s|train_loss 0.00048342|val_loss 0.00013491
Epoch 285|time: 3.07s|train_loss 0.00047048|val_loss 0.00013382
Epoch 286|time: 3.13s|train_loss 0.00046226|val_loss 0.00013583
Epoch 287|time: 3.01s|train_loss 0.00045505|val_loss 0.00013614
Epoch 288|time: 3.04s|train_loss 0.00047979|val_loss 0.00013401
Epoch 289|time: 3.40s|train_loss 0.00046507|val_loss 0.00013079
Epoch 290|time: 3.38s|train_loss 0.00046103|val_loss 0.00013344
Epoch 291|time: 3.42s|train_loss 0.00046464|val_loss 0.00013408
Epoch 292|time: 3.41s|train_loss 0.00047441|val_loss 0.00013370
Epoch 293|time: 3.36s|train_loss 0.00048555|val_loss 0.00013223
Epoch 294|time: 3.38s|train_loss 0.00047903|val_loss 0.00013716
Epoch 295|time: 3.45s|train_loss 0.00051036|val_loss 0.00014680
Epoch 296|time: 3.36s|train_loss 0.00047411|val_loss 0.00013407
Epoch 297|time: 3.38s|train_loss 0.00047829|val_loss 0.00013492
Epoch 298|time: 3.35s|train_loss 0.00047345|val_loss 0.00013633
Epoch 299|time: 3.36s|train_loss 0.00046561|val_loss 0.00013682
Epoch 300|time: 3.44s|train_loss 0.00046837|val_loss 0.00013304
Epoch 301|time: 3.37s|train_loss 0.00048697|val_loss 0.00013290
Epoch 302|time: 3.37s|train_loss 0.00049047|val_loss 0.00013244
Epoch 303|time: 3.40s|train_loss 0.00052779|val_loss 0.00013213
Epoch 304|time: 3.37s|train_loss 0.00051391|val_loss 0.00013261
Epoch 305|time: 3.45s|train_loss 0.00048502|val_loss 0.00013375
Epoch 306|time: 3.39s|train_loss 0.00047912|val_loss 0.00013150
Epoch 307|time: 3.35s|train_loss 0.00048379|val_loss 0.00013101
Epoch 308|time: 3.37s|train_loss 0.00048189|val_loss 0.00013185
Epoch 309|time: 3.49s|train_loss 0.00047085|val_loss 0.00013340
Epoch 310|time: 3.36s|train_loss 0.00046948|val_loss 0.00013002
Best validation epoch: 310 Mon May 22 18:52:18 2023
TEST MAE 0.1603 | std 0.0426 | RMSE 0.2467 | RMSEs 0.2376 | PCC 0.9661 | PCCs 0.9515 | R2 0.9316 | R2s 0.8953 | Var 0.9325 | Vars 0.8994 | Peak 0.0880
Epoch 311|time: 3.36s|train_loss 0.00046118|val_loss 0.00013108
Epoch 312|time: 3.60s|train_loss 0.00047988|val_loss 0.00013268
Epoch 313|time: 3.38s|train_loss 0.00045891|val_loss 0.00013195
Epoch 314|time: 3.36s|train_loss 0.00045305|val_loss 0.00013086
Epoch 315|time: 3.40s|train_loss 0.00046470|val_loss 0.00013372
Epoch 316|time: 3.36s|train_loss 0.00047347|val_loss 0.00013179
Epoch 317|time: 3.35s|train_loss 0.00046089|val_loss 0.00013080
Epoch 318|time: 3.53s|train_loss 0.00046004|val_loss 0.00013767
Epoch 319|time: 3.35s|train_loss 0.00046889|val_loss 0.00013244
Epoch 320|time: 3.37s|train_loss 0.00046401|val_loss 0.00013414
Epoch 321|time: 3.36s|train_loss 0.00047463|val_loss 0.00015265
Epoch 322|time: 3.48s|train_loss 0.00045975|val_loss 0.00013583
Epoch 323|time: 3.03s|train_loss 0.00046071|val_loss 0.00014570
Epoch 324|time: 3.07s|train_loss 0.00046636|val_loss 0.00014975
Epoch 325|time: 3.01s|train_loss 0.00047304|val_loss 0.00013186
Epoch 326|time: 3.02s|train_loss 0.00045132|val_loss 0.00013229
Epoch 327|time: 3.11s|train_loss 0.00045775|val_loss 0.00013773
Epoch 328|time: 3.01s|train_loss 0.00047326|val_loss 0.00014401
Epoch 329|time: 3.02s|train_loss 0.00046583|val_loss 0.00014056
Epoch 330|time: 3.01s|train_loss 0.00048375|val_loss 0.00013358
Epoch 331|time: 3.02s|train_loss 0.00046225|val_loss 0.00013501
Epoch 332|time: 3.01s|train_loss 0.00046665|val_loss 0.00013272
Epoch 333|time: 3.11s|train_loss 0.00046075|val_loss 0.00013355
Epoch 334|time: 3.03s|train_loss 0.00045653|val_loss 0.00013589
Epoch 335|time: 3.02s|train_loss 0.00046347|val_loss 0.00015923
Epoch 336|time: 3.01s|train_loss 0.00046575|val_loss 0.00014332
Epoch 337|time: 3.12s|train_loss 0.00045893|val_loss 0.00013909
Epoch 338|time: 3.03s|train_loss 0.00045930|val_loss 0.00013318
Epoch 339|time: 3.09s|train_loss 0.00045244|val_loss 0.00013624
Epoch 340|time: 3.11s|train_loss 0.00046101|val_loss 0.00013243
Epoch 341|time: 3.11s|train_loss 0.00045731|val_loss 0.00013262
Epoch 342|time: 3.02s|train_loss 0.00047090|val_loss 0.00014028
Epoch 343|time: 3.02s|train_loss 0.00047202|val_loss 0.00013394
Epoch 344|time: 3.01s|train_loss 0.00046254|val_loss 0.00013698
Epoch 345|time: 3.05s|train_loss 0.00048037|val_loss 0.00013985
Epoch 346|time: 3.01s|train_loss 0.00047146|val_loss 0.00013068
Epoch 347|time: 3.08s|train_loss 0.00046335|val_loss 0.00013545
Epoch 348|time: 3.01s|train_loss 0.00046310|val_loss 0.00013445
Epoch 349|time: 3.01s|train_loss 0.00044536|val_loss 0.00013102
Epoch 350|time: 3.03s|train_loss 0.00045205|val_loss 0.00013295
Epoch 351|time: 3.09s|train_loss 0.00046273|val_loss 0.00014580
Epoch 352|time: 3.03s|train_loss 0.00045743|val_loss 0.00015046
Epoch 353|time: 3.03s|train_loss 0.00045337|val_loss 0.00015124
Epoch 354|time: 3.01s|train_loss 0.00047140|val_loss 0.00013752
Epoch 355|time: 3.12s|train_loss 0.00046256|val_loss 0.00013721
Epoch 356|time: 3.01s|train_loss 0.00044840|val_loss 0.00014039
Epoch 357|time: 3.02s|train_loss 0.00044780|val_loss 0.00013808
Epoch 358|time: 3.02s|train_loss 0.00044721|val_loss 0.00014147
Epoch 359|time: 3.01s|train_loss 0.00047051|val_loss 0.00014239
Epoch 360|time: 3.07s|train_loss 0.00047757|val_loss 0.00013358
Epoch 361|time: 3.07s|train_loss 0.00047715|val_loss 0.00013169
Epoch 362|time: 3.01s|train_loss 0.00044594|val_loss 0.00013196
Epoch 363|time: 3.01s|train_loss 0.00045777|val_loss 0.00013346
Epoch 364|time: 3.02s|train_loss 0.00044327|val_loss 0.00013031
Epoch 365|time: 3.11s|train_loss 0.00045299|val_loss 0.00015723
Epoch 366|time: 3.02s|train_loss 0.00046448|val_loss 0.00013451
Epoch 367|time: 3.01s|train_loss 0.00044867|val_loss 0.00014386
Epoch 368|time: 3.01s|train_loss 0.00047562|val_loss 0.00013415
Epoch 369|time: 3.09s|train_loss 0.00046921|val_loss 0.00013457
Epoch 370|time: 3.04s|train_loss 0.00046323|val_loss 0.00013234
Epoch 371|time: 3.01s|train_loss 0.00045773|val_loss 0.00013084
Epoch 372|time: 3.02s|train_loss 0.00047213|val_loss 0.00013402
Epoch 373|time: 3.03s|train_loss 0.00049586|val_loss 0.00013152
Epoch 374|time: 3.11s|train_loss 0.00045485|val_loss 0.00014997
Epoch 375|time: 3.01s|train_loss 0.00045539|val_loss 0.00014412
Epoch 376|time: 3.01s|train_loss 0.00045241|val_loss 0.00013146
Epoch 377|time: 3.01s|train_loss 0.00045435|val_loss 0.00013236
Epoch 378|time: 3.02s|train_loss 0.00049101|val_loss 0.00013299
Epoch 379|time: 3.12s|train_loss 0.00052755|val_loss 0.00013288
Epoch 380|time: 3.06s|train_loss 0.00046895|val_loss 0.00013063
Epoch 381|time: 3.01s|train_loss 0.00046647|val_loss 0.00013572
Epoch 382|time: 3.02s|train_loss 0.00047226|val_loss 0.00013000
Best validation epoch: 382 Mon May 22 18:56:02 2023
TEST MAE 0.1643 | std 0.0435 | RMSE 0.2534 | RMSEs 0.2445 | PCC 0.9659 | PCCs 0.9517 | R2 0.9278 | R2s 0.8887 | Var 0.9304 | Vars 0.8959 | Peak 0.0889
Epoch 383|time: 3.04s|train_loss 0.00047035|val_loss 0.00013369
Epoch 384|time: 3.02s|train_loss 0.00045687|val_loss 0.00013567
Epoch 385|time: 3.02s|train_loss 0.00045656|val_loss 0.00013400
Epoch 386|time: 3.03s|train_loss 0.00045472|val_loss 0.00014510
Epoch 387|time: 3.08s|train_loss 0.00044961|val_loss 0.00013254
Epoch 388|time: 3.01s|train_loss 0.00045305|val_loss 0.00013668
Epoch 389|time: 3.08s|train_loss 0.00046305|val_loss 0.00014588
Epoch 390|time: 3.01s|train_loss 0.00046452|val_loss 0.00013790
Epoch 391|time: 3.03s|train_loss 0.00045216|val_loss 0.00013298
Epoch 392|time: 3.09s|train_loss 0.00046129|val_loss 0.00015058
Epoch 393|time: 3.04s|train_loss 0.00045658|val_loss 0.00013959
Epoch 394|time: 3.01s|train_loss 0.00044774|val_loss 0.00013233
Epoch 395|time: 3.02s|train_loss 0.00045799|val_loss 0.00013214
Epoch 396|time: 3.02s|train_loss 0.00048030|val_loss 0.00013276
Epoch 397|time: 3.10s|train_loss 0.00055118|val_loss 0.00013357
Epoch 398|time: 3.01s|train_loss 0.00045556|val_loss 0.00013429
Epoch 399|time: 3.02s|train_loss 0.00045688|val_loss 0.00013482
Epoch 400|time: 3.01s|train_loss 0.00045587|val_loss 0.00013591
Epoch 401|time: 3.09s|train_loss 0.00045062|val_loss 0.00014267
Epoch 402|time: 3.01s|train_loss 0.00046370|val_loss 0.00014153
Epoch 403|time: 3.07s|train_loss 0.00046128|val_loss 0.00013212
Epoch 404|time: 3.01s|train_loss 0.00046715|val_loss 0.00013284
Epoch 405|time: 3.02s|train_loss 0.00044962|val_loss 0.00013215
Epoch 406|time: 3.21s|train_loss 0.00047181|val_loss 0.00014085
Epoch 407|time: 3.02s|train_loss 0.00046488|val_loss 0.00014674
Epoch 408|time: 3.01s|train_loss 0.00045423|val_loss 0.00013493
Epoch 409|time: 3.04s|train_loss 0.00044258|val_loss 0.00013539
Epoch 410|time: 3.01s|train_loss 0.00045240|val_loss 0.00013811
Epoch 411|time: 3.09s|train_loss 0.00044427|val_loss 0.00013979
Epoch 412|time: 3.02s|train_loss 0.00046164|val_loss 0.00014258
Epoch 413|time: 3.03s|train_loss 0.00046066|val_loss 0.00013398
Epoch 414|time: 3.02s|train_loss 0.00044769|val_loss 0.00014148
Epoch 415|time: 3.12s|train_loss 0.00045404|val_loss 0.00013568
Epoch 416|time: 3.02s|train_loss 0.00046950|val_loss 0.00013995
Epoch 417|time: 3.02s|train_loss 0.00046673|val_loss 0.00013222
Epoch 418|time: 3.01s|train_loss 0.00048869|val_loss 0.00013665
Epoch 419|time: 3.07s|train_loss 0.00049825|val_loss 0.00014969
Epoch 420|time: 3.31s|train_loss 0.00048792|val_loss 0.00014489
Epoch 421|time: 3.01s|train_loss 0.00049943|val_loss 0.00018295
Epoch 422|time: 3.03s|train_loss 0.00050983|val_loss 0.00015288
Epoch 423|time: 3.01s|train_loss 0.00051117|val_loss 0.00013306
Epoch 424|time: 3.03s|train_loss 0.00049237|val_loss 0.00013431
Epoch 425|time: 3.12s|train_loss 0.00045782|val_loss 0.00013680
Epoch 426|time: 3.02s|train_loss 0.00045767|val_loss 0.00015045
Epoch 427|time: 3.01s|train_loss 0.00047655|val_loss 0.00013396
Epoch 428|time: 3.02s|train_loss 0.00048446|val_loss 0.00014077
Epoch 429|time: 3.09s|train_loss 0.00045404|val_loss 0.00013391
Epoch 430|time: 3.03s|train_loss 0.00048141|val_loss 0.00013086
Epoch 431|time: 3.01s|train_loss 0.00047298|val_loss 0.00014101
Epoch 432|time: 3.03s|train_loss 0.00047110|val_loss 0.00013696
Epoch 433|time: 3.07s|train_loss 0.00046861|val_loss 0.00013175
Epoch 434|time: 3.03s|train_loss 0.00046481|val_loss 0.00013421
Epoch 435|time: 3.03s|train_loss 0.00043864|val_loss 0.00014011
Epoch 436|time: 3.02s|train_loss 0.00046753|val_loss 0.00013635
Epoch 437|time: 3.01s|train_loss 0.00045181|val_loss 0.00013274
Epoch 438|time: 3.02s|train_loss 0.00045657|val_loss 0.00013163
Epoch 439|time: 3.10s|train_loss 0.00045626|val_loss 0.00014257
Epoch 440|time: 3.09s|train_loss 0.00045442|val_loss 0.00013531
Epoch 441|time: 3.02s|train_loss 0.00045814|val_loss 0.00013578
Epoch 442|time: 3.09s|train_loss 0.00050926|val_loss 0.00013123
Epoch 443|time: 3.09s|train_loss 0.00047880|val_loss 0.00013217
Epoch 444|time: 3.03s|train_loss 0.00050668|val_loss 0.00013101
Epoch 445|time: 3.11s|train_loss 0.00046546|val_loss 0.00013462
Epoch 446|time: 3.02s|train_loss 0.00048085|val_loss 0.00013144
Epoch 447|time: 3.10s|train_loss 0.00045549|val_loss 0.00013520
Epoch 448|time: 3.04s|train_loss 0.00045201|val_loss 0.00013125
Epoch 449|time: 3.02s|train_loss 0.00043846|val_loss 0.00013294
Epoch 450|time: 3.01s|train_loss 0.00045485|val_loss 0.00014577
Epoch 451|time: 3.03s|train_loss 0.00047761|val_loss 0.00013507
Epoch 452|time: 3.11s|train_loss 0.00046510|val_loss 0.00013588
Epoch 453|time: 3.05s|train_loss 0.00048418|val_loss 0.00013198
Epoch 454|time: 3.02s|train_loss 0.00049702|val_loss 0.00013829
Epoch 455|time: 3.03s|train_loss 0.00045438|val_loss 0.00014433
Epoch 456|time: 3.02s|train_loss 0.00045505|val_loss 0.00013193
Epoch 457|time: 3.11s|train_loss 0.00046981|val_loss 0.00013320
Epoch 458|time: 3.02s|train_loss 0.00047036|val_loss 0.00013172
Epoch 459|time: 3.06s|train_loss 0.00046310|val_loss 0.00014032
Epoch 460|time: 3.01s|train_loss 0.00044738|val_loss 0.00013377
Epoch 461|time: 3.12s|train_loss 0.00045331|val_loss 0.00013954
Epoch 462|time: 3.01s|train_loss 0.00046871|val_loss 0.00013285
Epoch 463|time: 3.01s|train_loss 0.00043865|val_loss 0.00013116
Epoch 464|time: 3.02s|train_loss 0.00044548|val_loss 0.00013401
Epoch 465|time: 3.05s|train_loss 0.00046350|val_loss 0.00013837
Epoch 466|time: 3.14s|train_loss 0.00045948|val_loss 0.00015293
Epoch 467|time: 3.02s|train_loss 0.00046415|val_loss 0.00014629
Epoch 468|time: 3.06s|train_loss 0.00045600|val_loss 0.00014203
Epoch 469|time: 3.02s|train_loss 0.00047919|val_loss 0.00013278
Epoch 470|time: 3.01s|train_loss 0.00044818|val_loss 0.00013693
Epoch 471|time: 3.14s|train_loss 0.00045623|val_loss 0.00014418
Epoch 472|time: 3.02s|train_loss 0.00045971|val_loss 0.00013725
Epoch 473|time: 3.02s|train_loss 0.00045866|val_loss 0.00013500
Epoch 474|time: 3.01s|train_loss 0.00045913|val_loss 0.00013537
Epoch 475|time: 3.23s|train_loss 0.00047248|val_loss 0.00013097
Epoch 476|time: 3.05s|train_loss 0.00047598|val_loss 0.00014389
Epoch 477|time: 3.02s|train_loss 0.00050304|val_loss 0.00013584
Epoch 478|time: 3.12s|train_loss 0.00052481|val_loss 0.00014120
Epoch 479|time: 3.12s|train_loss 0.00052727|val_loss 0.00013162
Epoch 480|time: 3.02s|train_loss 0.00046858|val_loss 0.00013696
Epoch 481|time: 3.04s|train_loss 0.00045774|val_loss 0.00014517
Epoch 482|time: 3.02s|train_loss 0.00046728|val_loss 0.00015553
Epoch 483|time: 3.02s|train_loss 0.00045153|val_loss 0.00014013
Epoch 484|time: 3.02s|train_loss 0.00046340|val_loss 0.00013209
Epoch 485|time: 3.15s|train_loss 0.00045046|val_loss 0.00013954
Epoch 486|time: 3.02s|train_loss 0.00045878|val_loss 0.00013671
Epoch 487|time: 3.01s|train_loss 0.00045297|val_loss 0.00013273
Epoch 488|time: 3.07s|train_loss 0.00044834|val_loss 0.00013271
Epoch 489|time: 3.08s|train_loss 0.00044813|val_loss 0.00013287
Epoch 490|time: 3.02s|train_loss 0.00045419|val_loss 0.00015266
Epoch 491|time: 3.02s|train_loss 0.00045178|val_loss 0.00013667
Epoch 492|time: 3.03s|train_loss 0.00045080|val_loss 0.00013339
Epoch 493|time: 3.10s|train_loss 0.00044642|val_loss 0.00013718
Epoch 494|time: 3.03s|train_loss 0.00044217|val_loss 0.00013426
Epoch 495|time: 3.02s|train_loss 0.00044087|val_loss 0.00013078
Epoch 496|time: 3.03s|train_loss 0.00043206|val_loss 0.00013528
Epoch 497|time: 3.00s|train_loss 0.00044356|val_loss 0.00013519
Epoch 498|time: 3.03s|train_loss 0.00043174|val_loss 0.00013255
Epoch 499|time: 3.18s|train_loss 0.00044727|val_loss 0.00013516
Epoch 500|time: 3.02s|train_loss 0.00044820|val_loss 0.00013137
Final evaluation
TEST MAE 0.1643 | std 0.0435 | RMSE 0.2534 | RMSEs 0.2445 | PCC 0.9659 | PCCs 0.9517 | R2 0.9278 | R2s 0.8887 | Var 0.9304 | Vars 0.8959 | Peak 0.0889
