--------Parameters--------
Namespace(batch=32, bi=False, check_point=1, cuda=False, dataset='us_hhs', dropout=0.2, epilambda=0.1, epochs=500, gpu=3, hidsp=15, horizon=2, k=10, lamda=0.01, lr=0.01, model='cola_gnn_epi', mylog=False, n_hidden=20, n_layer=1, patience=200, rnn_model='RNN', save_dir='save', seed=42, shuffle=False, sim_mat='us_hhs-adj', test=0.2, train=0.6, val=0.2, weight_decay=0.0005, window=20)
--------------------------
data shape (364, 10)
size of train/val/test sets 197 73 73
#params: 5145
begin training
Epoch   1|time: 3.69s|train_loss 0.00200835|val_loss 0.00023964
Best validation epoch: 1 Tue May 23 07:01:39 2023
TEST MAE 0.2839 | std 0.0729 | RMSE 0.4086 | RMSEs 0.3912 | PCC 0.9071 | PCCs 0.8798 | R2 0.8125 | R2s 0.7221 | Var 0.8156 | Vars 0.7568 | Peak 0.1505
Epoch   2|time: 3.63s|train_loss 0.00159525|val_loss 0.00046624
Epoch   3|time: 3.80s|train_loss 0.00135579|val_loss 0.00040091
Epoch   4|time: 3.67s|train_loss 0.00124490|val_loss 0.00023359
Best validation epoch: 4 Tue May 23 07:01:51 2023
TEST MAE 0.3006 | std 0.0674 | RMSE 0.3990 | RMSEs 0.3866 | PCC 0.9179 | PCCs 0.8917 | R2 0.8212 | R2s 0.7201 | Var 0.8394 | Vars 0.7825 | Peak 0.1364
Epoch   5|time: 3.56s|train_loss 0.00119157|val_loss 0.00020276
Best validation epoch: 5 Tue May 23 07:01:56 2023
TEST MAE 0.2495 | std 0.0628 | RMSE 0.3721 | RMSEs 0.3570 | PCC 0.9218 | PCCs 0.8915 | R2 0.8444 | R2s 0.7686 | Var 0.8447 | Vars 0.7839 | Peak 0.1372
Epoch   6|time: 3.70s|train_loss 0.00117490|val_loss 0.00019202
Best validation epoch: 6 Tue May 23 07:02:00 2023
TEST MAE 0.2286 | std 0.0706 | RMSE 0.3654 | RMSEs 0.3477 | PCC 0.9263 | PCCs 0.8955 | R2 0.8500 | R2s 0.7844 | Var 0.8549 | Vars 0.7958 | Peak 0.1433
Epoch   7|time: 3.57s|train_loss 0.00108622|val_loss 0.00018802
Best validation epoch: 7 Tue May 23 07:02:05 2023
TEST MAE 0.2261 | std 0.0730 | RMSE 0.3596 | RMSEs 0.3419 | PCC 0.9285 | PCCs 0.8988 | R2 0.8548 | R2s 0.7917 | Var 0.8611 | Vars 0.8034 | Peak 0.1434
Epoch   8|time: 3.63s|train_loss 0.00112580|val_loss 0.00018432
Best validation epoch: 8 Tue May 23 07:02:09 2023
TEST MAE 0.2226 | std 0.0686 | RMSE 0.3519 | RMSEs 0.3353 | PCC 0.9292 | PCCs 0.8999 | R2 0.8609 | R2s 0.7986 | Var 0.8633 | Vars 0.8052 | Peak 0.1395
Epoch   9|time: 3.69s|train_loss 0.00109065|val_loss 0.00021890
Epoch  10|time: 3.76s|train_loss 0.00105963|val_loss 0.00021111
Epoch  11|time: 3.61s|train_loss 0.00109612|val_loss 0.00020000
Epoch  12|time: 3.56s|train_loss 0.00116894|val_loss 0.00022657
Epoch  13|time: 3.65s|train_loss 0.00113515|val_loss 0.00018431
Best validation epoch: 13 Tue May 23 07:02:28 2023
TEST MAE 0.2322 | std 0.0596 | RMSE 0.3490 | RMSEs 0.3357 | PCC 0.9297 | PCCs 0.8993 | R2 0.8632 | R2s 0.7944 | Var 0.8640 | Vars 0.8037 | Peak 0.1293
Epoch  14|time: 3.57s|train_loss 0.00111315|val_loss 0.00028758
Epoch  15|time: 3.67s|train_loss 0.00109034|val_loss 0.00021622
Epoch  16|time: 3.57s|train_loss 0.00104119|val_loss 0.00018628
Epoch  17|time: 3.57s|train_loss 0.00102961|val_loss 0.00019450
Epoch  18|time: 3.74s|train_loss 0.00102867|val_loss 0.00019533
Epoch  19|time: 3.86s|train_loss 0.00104518|val_loss 0.00018435
Epoch  20|time: 3.56s|train_loss 0.00101874|val_loss 0.00022219
Epoch  21|time: 3.67s|train_loss 0.00103642|val_loss 0.00018804
Epoch  22|time: 3.56s|train_loss 0.00100211|val_loss 0.00019273
Epoch  23|time: 3.56s|train_loss 0.00100413|val_loss 0.00018659
Epoch  24|time: 3.72s|train_loss 0.00101391|val_loss 0.00018665
Epoch  25|time: 3.57s|train_loss 0.00101154|val_loss 0.00027189
Epoch  26|time: 3.62s|train_loss 0.00102756|val_loss 0.00022236
Epoch  27|time: 3.55s|train_loss 0.00102799|val_loss 0.00020467
Epoch  28|time: 3.66s|train_loss 0.00098211|val_loss 0.00019827
Epoch  29|time: 3.68s|train_loss 0.00099348|val_loss 0.00018225
Best validation epoch: 29 Tue May 23 07:03:27 2023
TEST MAE 0.2194 | std 0.0618 | RMSE 0.3473 | RMSEs 0.3314 | PCC 0.9328 | PCCs 0.9035 | R2 0.8645 | R2s 0.8032 | Var 0.8674 | Vars 0.8101 | Peak 0.1364
Epoch  30|time: 3.31s|train_loss 0.00097743|val_loss 0.00022908
Epoch  31|time: 3.33s|train_loss 0.00098580|val_loss 0.00020189
Epoch  32|time: 3.53s|train_loss 0.00097812|val_loss 0.00017852
Best validation epoch: 32 Tue May 23 07:03:38 2023
TEST MAE 0.2217 | std 0.0591 | RMSE 0.3396 | RMSEs 0.3255 | PCC 0.9332 | PCCs 0.9042 | R2 0.8705 | R2s 0.8085 | Var 0.8709 | Vars 0.8119 | Peak 0.1306
Epoch  33|time: 3.31s|train_loss 0.00110868|val_loss 0.00018683
Epoch  34|time: 3.32s|train_loss 0.00109664|val_loss 0.00021011
Epoch  35|time: 3.41s|train_loss 0.00104914|val_loss 0.00018265
Epoch  36|time: 3.73s|train_loss 0.00101918|val_loss 0.00019382
Epoch  37|time: 3.61s|train_loss 0.00102675|val_loss 0.00018193
Epoch  38|time: 3.70s|train_loss 0.00097681|val_loss 0.00018894
Epoch  39|time: 3.57s|train_loss 0.00097595|val_loss 0.00019861
Epoch  40|time: 3.58s|train_loss 0.00099051|val_loss 0.00019025
Epoch  41|time: 3.22s|train_loss 0.00099215|val_loss 0.00019652
Epoch  42|time: 3.29s|train_loss 0.00096220|val_loss 0.00021538
Epoch  43|time: 3.35s|train_loss 0.00097657|val_loss 0.00018386
Epoch  44|time: 3.20s|train_loss 0.00097939|val_loss 0.00017672
Best validation epoch: 44 Tue May 23 07:04:20 2023
TEST MAE 0.2227 | std 0.0616 | RMSE 0.3391 | RMSEs 0.3251 | PCC 0.9340 | PCCs 0.9066 | R2 0.8709 | R2s 0.8084 | Var 0.8712 | Vars 0.8132 | Peak 0.1276
Epoch  45|time: 3.21s|train_loss 0.00092252|val_loss 0.00018673
Epoch  46|time: 3.57s|train_loss 0.00094068|val_loss 0.00018097
Epoch  47|time: 3.20s|train_loss 0.00093584|val_loss 0.00020555
Epoch  48|time: 3.22s|train_loss 0.00089742|val_loss 0.00017770
Epoch  49|time: 3.28s|train_loss 0.00088554|val_loss 0.00019447
Epoch  50|time: 3.29s|train_loss 0.00089129|val_loss 0.00018067
Epoch  51|time: 3.21s|train_loss 0.00092682|val_loss 0.00018198
Epoch  52|time: 3.38s|train_loss 0.00092078|val_loss 0.00018142
Epoch  53|time: 3.28s|train_loss 0.00086354|val_loss 0.00018238
Epoch  54|time: 3.21s|train_loss 0.00087936|val_loss 0.00021300
Epoch  55|time: 3.28s|train_loss 0.00089061|val_loss 0.00017844
Epoch  56|time: 3.34s|train_loss 0.00089684|val_loss 0.00019086
Epoch  57|time: 3.21s|train_loss 0.00090812|val_loss 0.00020137
Epoch  58|time: 3.23s|train_loss 0.00087152|val_loss 0.00017757
Epoch  59|time: 3.22s|train_loss 0.00090001|val_loss 0.00018407
Epoch  60|time: 3.31s|train_loss 0.00085623|val_loss 0.00017846
Epoch  61|time: 3.35s|train_loss 0.00085719|val_loss 0.00018414
Epoch  62|time: 3.22s|train_loss 0.00085493|val_loss 0.00018223
Epoch  63|time: 3.21s|train_loss 0.00087758|val_loss 0.00021048
Epoch  64|time: 3.34s|train_loss 0.00086631|val_loss 0.00017484
Best validation epoch: 64 Tue May 23 07:05:27 2023
TEST MAE 0.2127 | std 0.0594 | RMSE 0.3314 | RMSEs 0.3170 | PCC 0.9363 | PCCs 0.9102 | R2 0.8766 | R2s 0.8184 | Var 0.8767 | Vars 0.8223 | Peak 0.1257
Epoch  65|time: 3.22s|train_loss 0.00085002|val_loss 0.00019649
Epoch  66|time: 3.21s|train_loss 0.00085467|val_loss 0.00022346
Epoch  67|time: 3.21s|train_loss 0.00091976|val_loss 0.00019057
Epoch  68|time: 3.23s|train_loss 0.00089979|val_loss 0.00024239
Epoch  69|time: 3.31s|train_loss 0.00091853|val_loss 0.00020124
Epoch  70|time: 3.31s|train_loss 0.00088530|val_loss 0.00018566
Epoch  71|time: 3.20s|train_loss 0.00090363|val_loss 0.00017729
Epoch  72|time: 3.44s|train_loss 0.00084489|val_loss 0.00018521
Epoch  73|time: 3.32s|train_loss 0.00085516|val_loss 0.00018075
Epoch  74|time: 3.28s|train_loss 0.00084713|val_loss 0.00017801
Epoch  75|time: 3.20s|train_loss 0.00082847|val_loss 0.00018645
Epoch  76|time: 3.25s|train_loss 0.00084227|val_loss 0.00018155
Epoch  77|time: 3.22s|train_loss 0.00085360|val_loss 0.00023727
Epoch  78|time: 3.31s|train_loss 0.00088561|val_loss 0.00022099
Epoch  79|time: 3.20s|train_loss 0.00086986|val_loss 0.00022202
Epoch  80|time: 3.34s|train_loss 0.00086876|val_loss 0.00019302
Epoch  81|time: 3.21s|train_loss 0.00084760|val_loss 0.00018330
Epoch  82|time: 3.21s|train_loss 0.00083013|val_loss 0.00018008
Epoch  83|time: 3.50s|train_loss 0.00081316|val_loss 0.00018729
Epoch  84|time: 3.20s|train_loss 0.00083340|val_loss 0.00017880
Epoch  85|time: 3.22s|train_loss 0.00083472|val_loss 0.00018117
Epoch  86|time: 3.31s|train_loss 0.00085633|val_loss 0.00021098
Epoch  87|time: 3.21s|train_loss 0.00088408|val_loss 0.00020338
Epoch  88|time: 3.29s|train_loss 0.00086879|val_loss 0.00019658
Epoch  89|time: 3.34s|train_loss 0.00084983|val_loss 0.00018312
Epoch  90|time: 3.49s|train_loss 0.00083477|val_loss 0.00017720
Epoch  91|time: 3.20s|train_loss 0.00084997|val_loss 0.00018449
Epoch  92|time: 3.47s|train_loss 0.00084036|val_loss 0.00017743
Epoch  93|time: 3.21s|train_loss 0.00084859|val_loss 0.00017655
Epoch  94|time: 3.20s|train_loss 0.00082769|val_loss 0.00025579
Epoch  95|time: 3.35s|train_loss 0.00086925|val_loss 0.00020806
Epoch  96|time: 3.28s|train_loss 0.00086562|val_loss 0.00017519
Epoch  97|time: 3.20s|train_loss 0.00086820|val_loss 0.00017813
Epoch  98|time: 3.34s|train_loss 0.00082938|val_loss 0.00017836
Epoch  99|time: 3.21s|train_loss 0.00082457|val_loss 0.00019381
Epoch 100|time: 3.19s|train_loss 0.00081560|val_loss 0.00020693
Epoch 101|time: 3.30s|train_loss 0.00081351|val_loss 0.00018663
Epoch 102|time: 3.31s|train_loss 0.00082444|val_loss 0.00018102
Epoch 103|time: 3.22s|train_loss 0.00086876|val_loss 0.00019216
Epoch 104|time: 3.32s|train_loss 0.00097921|val_loss 0.00018710
Epoch 105|time: 3.21s|train_loss 0.00096011|val_loss 0.00020176
Epoch 106|time: 3.27s|train_loss 0.00089913|val_loss 0.00020198
Epoch 107|time: 3.29s|train_loss 0.00090976|val_loss 0.00017500
Epoch 108|time: 3.27s|train_loss 0.00088112|val_loss 0.00018280
Epoch 109|time: 3.21s|train_loss 0.00086094|val_loss 0.00019680
Epoch 110|time: 3.33s|train_loss 0.00084091|val_loss 0.00020422
Epoch 111|time: 3.21s|train_loss 0.00086176|val_loss 0.00019461
Epoch 112|time: 3.20s|train_loss 0.00085368|val_loss 0.00017871
Epoch 113|time: 3.29s|train_loss 0.00084481|val_loss 0.00018683
Epoch 114|time: 3.20s|train_loss 0.00082721|val_loss 0.00018820
Epoch 115|time: 3.19s|train_loss 0.00081064|val_loss 0.00018236
Epoch 116|time: 3.39s|train_loss 0.00084270|val_loss 0.00018691
Epoch 117|time: 3.20s|train_loss 0.00081434|val_loss 0.00018636
Epoch 118|time: 3.22s|train_loss 0.00085547|val_loss 0.00018143
Epoch 119|time: 3.34s|train_loss 0.00083213|val_loss 0.00020121
Epoch 120|time: 3.28s|train_loss 0.00084800|val_loss 0.00018860
Epoch 121|time: 3.23s|train_loss 0.00082536|val_loss 0.00017821
Epoch 122|time: 3.35s|train_loss 0.00080452|val_loss 0.00019891
Epoch 123|time: 3.22s|train_loss 0.00080844|val_loss 0.00019235
Epoch 124|time: 3.28s|train_loss 0.00082783|val_loss 0.00019988
Epoch 125|time: 3.20s|train_loss 0.00085166|val_loss 0.00019366
Epoch 126|time: 3.21s|train_loss 0.00082836|val_loss 0.00017601
Epoch 127|time: 3.26s|train_loss 0.00082464|val_loss 0.00018563
Epoch 128|time: 3.20s|train_loss 0.00082632|val_loss 0.00017834
Epoch 129|time: 3.39s|train_loss 0.00084130|val_loss 0.00018668
Epoch 130|time: 3.20s|train_loss 0.00078923|val_loss 0.00017730
Epoch 131|time: 3.20s|train_loss 0.00080900|val_loss 0.00017679
Epoch 132|time: 3.37s|train_loss 0.00079696|val_loss 0.00017399
Best validation epoch: 132 Tue May 23 07:09:09 2023
TEST MAE 0.2156 | std 0.0604 | RMSE 0.3335 | RMSEs 0.3193 | PCC 0.9356 | PCCs 0.9092 | R2 0.8751 | R2s 0.8159 | Var 0.8753 | Vars 0.8197 | Peak 0.1248
Epoch 133|time: 3.21s|train_loss 0.00081779|val_loss 0.00019014
Epoch 134|time: 3.34s|train_loss 0.00082418|val_loss 0.00020063
Epoch 135|time: 3.20s|train_loss 0.00084675|val_loss 0.00017242
Best validation epoch: 135 Tue May 23 07:09:20 2023
TEST MAE 0.2159 | std 0.0576 | RMSE 0.3325 | RMSEs 0.3190 | PCC 0.9362 | PCCs 0.9103 | R2 0.8758 | R2s 0.8150 | Var 0.8760 | Vars 0.8199 | Peak 0.1230
Epoch 136|time: 3.20s|train_loss 0.00081435|val_loss 0.00017673
Epoch 137|time: 3.31s|train_loss 0.00082681|val_loss 0.00018419
Epoch 138|time: 3.21s|train_loss 0.00082702|val_loss 0.00018496
Epoch 139|time: 3.21s|train_loss 0.00080311|val_loss 0.00020168
Epoch 140|time: 3.32s|train_loss 0.00080225|val_loss 0.00019225
Epoch 141|time: 3.20s|train_loss 0.00080623|val_loss 0.00019701
Epoch 142|time: 3.29s|train_loss 0.00080672|val_loss 0.00017665
Epoch 143|time: 3.26s|train_loss 0.00082305|val_loss 0.00018415
Epoch 144|time: 3.20s|train_loss 0.00087168|val_loss 0.00020006
Epoch 145|time: 3.28s|train_loss 0.00085016|val_loss 0.00017959
Epoch 146|time: 3.21s|train_loss 0.00081613|val_loss 0.00017610
Epoch 147|time: 3.39s|train_loss 0.00084941|val_loss 0.00017595
Epoch 148|time: 3.20s|train_loss 0.00084577|val_loss 0.00018217
Epoch 149|time: 3.20s|train_loss 0.00079499|val_loss 0.00017149
Best validation epoch: 149 Tue May 23 07:10:06 2023
TEST MAE 0.2237 | std 0.0597 | RMSE 0.3412 | RMSEs 0.3278 | PCC 0.9359 | PCCs 0.9121 | R2 0.8692 | R2s 0.8029 | Var 0.8720 | Vars 0.8147 | Peak 0.1255
Epoch 150|time: 3.20s|train_loss 0.00080846|val_loss 0.00017705
Epoch 151|time: 3.20s|train_loss 0.00082670|val_loss 0.00021098
Epoch 152|time: 3.41s|train_loss 0.00081890|val_loss 0.00017656
Epoch 153|time: 3.20s|train_loss 0.00081639|val_loss 0.00021061
Epoch 154|time: 3.21s|train_loss 0.00080887|val_loss 0.00029749
Epoch 155|time: 3.21s|train_loss 0.00088110|val_loss 0.00019337
Epoch 156|time: 3.37s|train_loss 0.00083307|val_loss 0.00017591
Epoch 157|time: 3.20s|train_loss 0.00082105|val_loss 0.00018533
Epoch 158|time: 3.21s|train_loss 0.00081555|val_loss 0.00017598
Epoch 159|time: 3.32s|train_loss 0.00079836|val_loss 0.00017995
Epoch 160|time: 3.32s|train_loss 0.00078914|val_loss 0.00019214
Epoch 161|time: 3.21s|train_loss 0.00080223|val_loss 0.00020746
Epoch 162|time: 3.30s|train_loss 0.00082515|val_loss 0.00017755
Epoch 163|time: 3.29s|train_loss 0.00080276|val_loss 0.00018458
Epoch 164|time: 3.20s|train_loss 0.00081986|val_loss 0.00020956
Epoch 165|time: 3.26s|train_loss 0.00081748|val_loss 0.00018610
Epoch 166|time: 3.29s|train_loss 0.00083146|val_loss 0.00020630
Epoch 167|time: 3.21s|train_loss 0.00079663|val_loss 0.00017940
Epoch 168|time: 3.24s|train_loss 0.00081509|val_loss 0.00018524
Epoch 169|time: 3.21s|train_loss 0.00079444|val_loss 0.00017843
Epoch 170|time: 3.29s|train_loss 0.00079669|val_loss 0.00018023
Epoch 171|time: 3.20s|train_loss 0.00079566|val_loss 0.00018115
Epoch 172|time: 3.21s|train_loss 0.00077261|val_loss 0.00017487
Epoch 173|time: 3.20s|train_loss 0.00081809|val_loss 0.00017604
Epoch 174|time: 3.47s|train_loss 0.00078899|val_loss 0.00018023
Epoch 175|time: 3.21s|train_loss 0.00080067|val_loss 0.00019230
Epoch 176|time: 3.21s|train_loss 0.00083338|val_loss 0.00017946
Epoch 177|time: 3.26s|train_loss 0.00080599|val_loss 0.00017552
Epoch 178|time: 3.20s|train_loss 0.00084588|val_loss 0.00017664
Epoch 179|time: 3.20s|train_loss 0.00077371|val_loss 0.00017400
Epoch 180|time: 3.34s|train_loss 0.00079907|val_loss 0.00017738
Epoch 181|time: 3.20s|train_loss 0.00077983|val_loss 0.00017415
Epoch 182|time: 3.21s|train_loss 0.00082749|val_loss 0.00017137
Best validation epoch: 182 Tue May 23 07:11:54 2023
TEST MAE 0.2199 | std 0.0570 | RMSE 0.3352 | RMSEs 0.3224 | PCC 0.9359 | PCCs 0.9102 | R2 0.8738 | R2s 0.8101 | Var 0.8750 | Vars 0.8186 | Peak 0.1223
Epoch 183|time: 3.21s|train_loss 0.00078654|val_loss 0.00017124
Best validation epoch: 183 Tue May 23 07:11:58 2023
TEST MAE 0.2187 | std 0.0586 | RMSE 0.3348 | RMSEs 0.3214 | PCC 0.9363 | PCCs 0.9121 | R2 0.8741 | R2s 0.8118 | Var 0.8753 | Vars 0.8205 | Peak 0.1231
Epoch 184|time: 3.30s|train_loss 0.00076989|val_loss 0.00019096
Epoch 185|time: 3.21s|train_loss 0.00076888|val_loss 0.00017836
Epoch 186|time: 3.20s|train_loss 0.00076355|val_loss 0.00016928
Best validation epoch: 186 Tue May 23 07:12:09 2023
TEST MAE 0.2242 | std 0.0603 | RMSE 0.3421 | RMSEs 0.3287 | PCC 0.9362 | PCCs 0.9133 | R2 0.8685 | R2s 0.8016 | Var 0.8719 | Vars 0.8149 | Peak 0.1247
Epoch 187|time: 3.27s|train_loss 0.00075688|val_loss 0.00017472
Epoch 188|time: 3.19s|train_loss 0.00076350|val_loss 0.00017122
Epoch 189|time: 3.20s|train_loss 0.00077769|val_loss 0.00017223
Epoch 190|time: 3.20s|train_loss 0.00076119|val_loss 0.00019006
Epoch 191|time: 3.28s|train_loss 0.00078954|val_loss 0.00018491
Epoch 192|time: 3.31s|train_loss 0.00078789|val_loss 0.00017731
Epoch 193|time: 3.20s|train_loss 0.00078026|val_loss 0.00017908
Epoch 194|time: 3.20s|train_loss 0.00079189|val_loss 0.00019768
Epoch 195|time: 3.28s|train_loss 0.00078232|val_loss 0.00021587
Epoch 196|time: 3.31s|train_loss 0.00078386|val_loss 0.00022379
Epoch 197|time: 3.20s|train_loss 0.00084230|val_loss 0.00017422
Epoch 198|time: 3.25s|train_loss 0.00082036|val_loss 0.00021325
Epoch 199|time: 3.21s|train_loss 0.00078029|val_loss 0.00018994
Epoch 200|time: 3.21s|train_loss 0.00079802|val_loss 0.00021887
Epoch 201|time: 3.41s|train_loss 0.00078977|val_loss 0.00020435
Epoch 202|time: 3.20s|train_loss 0.00082978|val_loss 0.00017660
Epoch 203|time: 3.22s|train_loss 0.00078515|val_loss 0.00018419
Epoch 204|time: 3.27s|train_loss 0.00075667|val_loss 0.00019611
Epoch 205|time: 3.31s|train_loss 0.00077355|val_loss 0.00019520
Epoch 206|time: 3.20s|train_loss 0.00081436|val_loss 0.00018933
Epoch 207|time: 3.24s|train_loss 0.00078192|val_loss 0.00017493
Epoch 208|time: 3.21s|train_loss 0.00077466|val_loss 0.00017668
Epoch 209|time: 3.29s|train_loss 0.00076193|val_loss 0.00017325
Epoch 210|time: 3.29s|train_loss 0.00074591|val_loss 0.00017448
Epoch 211|time: 3.20s|train_loss 0.00076583|val_loss 0.00017029
Epoch 212|time: 3.22s|train_loss 0.00077740|val_loss 0.00017213
Epoch 213|time: 3.21s|train_loss 0.00076701|val_loss 0.00017193
Epoch 214|time: 3.20s|train_loss 0.00080570|val_loss 0.00017711
Epoch 215|time: 3.30s|train_loss 0.00087731|val_loss 0.00019410
Epoch 216|time: 3.20s|train_loss 0.00082344|val_loss 0.00019469
Epoch 217|time: 3.20s|train_loss 0.00079423|val_loss 0.00019194
Epoch 218|time: 3.21s|train_loss 0.00081636|val_loss 0.00018006
Epoch 219|time: 3.28s|train_loss 0.00079207|val_loss 0.00018133
Epoch 220|time: 3.21s|train_loss 0.00082630|val_loss 0.00018282
Epoch 221|time: 3.20s|train_loss 0.00078468|val_loss 0.00017631
Epoch 222|time: 3.20s|train_loss 0.00078040|val_loss 0.00019160
Epoch 223|time: 3.46s|train_loss 0.00080719|val_loss 0.00021005
Epoch 224|time: 3.21s|train_loss 0.00080103|val_loss 0.00017129
Epoch 225|time: 3.20s|train_loss 0.00085154|val_loss 0.00018541
Epoch 226|time: 3.20s|train_loss 0.00082461|val_loss 0.00017834
Epoch 227|time: 3.21s|train_loss 0.00078079|val_loss 0.00017202
Epoch 228|time: 3.19s|train_loss 0.00077654|val_loss 0.00019065
Epoch 229|time: 3.34s|train_loss 0.00081846|val_loss 0.00017369
Epoch 230|time: 3.20s|train_loss 0.00079817|val_loss 0.00017144
Epoch 231|time: 3.21s|train_loss 0.00079615|val_loss 0.00018717
Epoch 232|time: 3.30s|train_loss 0.00078763|val_loss 0.00018125
Epoch 233|time: 3.30s|train_loss 0.00079410|val_loss 0.00017464
Epoch 234|time: 3.20s|train_loss 0.00078224|val_loss 0.00023220
Epoch 235|time: 3.23s|train_loss 0.00078349|val_loss 0.00019535
Epoch 236|time: 3.21s|train_loss 0.00076420|val_loss 0.00017683
Epoch 237|time: 3.39s|train_loss 0.00076382|val_loss 0.00017875
Epoch 238|time: 3.38s|train_loss 0.00077356|val_loss 0.00018032
Epoch 239|time: 3.25s|train_loss 0.00078550|val_loss 0.00018586
Epoch 240|time: 3.21s|train_loss 0.00075085|val_loss 0.00020497
Epoch 241|time: 3.26s|train_loss 0.00078660|val_loss 0.00019600
Epoch 242|time: 3.29s|train_loss 0.00076058|val_loss 0.00017311
Epoch 243|time: 3.22s|train_loss 0.00073865|val_loss 0.00018601
Epoch 244|time: 3.23s|train_loss 0.00077730|val_loss 0.00017609
Epoch 245|time: 3.20s|train_loss 0.00075601|val_loss 0.00021079
Epoch 246|time: 3.22s|train_loss 0.00079928|val_loss 0.00018929
Epoch 247|time: 3.40s|train_loss 0.00073580|val_loss 0.00017371
Epoch 248|time: 3.22s|train_loss 0.00077621|val_loss 0.00018360
Epoch 249|time: 3.21s|train_loss 0.00078255|val_loss 0.00017413
Epoch 250|time: 3.31s|train_loss 0.00086907|val_loss 0.00018440
Epoch 251|time: 3.30s|train_loss 0.00080916|val_loss 0.00017195
Epoch 252|time: 3.21s|train_loss 0.00077678|val_loss 0.00020840
Epoch 253|time: 3.25s|train_loss 0.00075258|val_loss 0.00019602
Epoch 254|time: 3.21s|train_loss 0.00079174|val_loss 0.00017104
Epoch 255|time: 3.27s|train_loss 0.00075417|val_loss 0.00018279
Epoch 256|time: 3.32s|train_loss 0.00074314|val_loss 0.00017453
Epoch 257|time: 3.27s|train_loss 0.00075456|val_loss 0.00018039
Epoch 258|time: 3.20s|train_loss 0.00076305|val_loss 0.00019144
Epoch 259|time: 3.21s|train_loss 0.00081338|val_loss 0.00017853
Epoch 260|time: 3.31s|train_loss 0.00080495|val_loss 0.00017357
Epoch 261|time: 3.28s|train_loss 0.00079249|val_loss 0.00017421
Epoch 262|time: 3.21s|train_loss 0.00081081|val_loss 0.00017074
Epoch 263|time: 3.24s|train_loss 0.00084526|val_loss 0.00018458
Epoch 264|time: 3.21s|train_loss 0.00083150|val_loss 0.00021685
Epoch 265|time: 3.29s|train_loss 0.00077764|val_loss 0.00019542
Epoch 266|time: 3.31s|train_loss 0.00075230|val_loss 0.00017492
Epoch 267|time: 3.21s|train_loss 0.00075882|val_loss 0.00017902
Epoch 268|time: 3.22s|train_loss 0.00076027|val_loss 0.00018651
Epoch 269|time: 3.42s|train_loss 0.00077037|val_loss 0.00018382
Epoch 270|time: 3.20s|train_loss 0.00081493|val_loss 0.00017692
Epoch 271|time: 3.21s|train_loss 0.00076805|val_loss 0.00017263
Epoch 272|time: 3.31s|train_loss 0.00076824|val_loss 0.00017322
Epoch 273|time: 3.21s|train_loss 0.00078925|val_loss 0.00018937
Epoch 274|time: 3.32s|train_loss 0.00075816|val_loss 0.00017517
Epoch 275|time: 3.31s|train_loss 0.00078346|val_loss 0.00017470
Epoch 276|time: 3.21s|train_loss 0.00074186|val_loss 0.00017389
Epoch 277|time: 3.21s|train_loss 0.00073690|val_loss 0.00017970
Epoch 278|time: 3.21s|train_loss 0.00075233|val_loss 0.00019064
Epoch 279|time: 3.32s|train_loss 0.00074603|val_loss 0.00019717
Epoch 280|time: 3.21s|train_loss 0.00076262|val_loss 0.00017307
Epoch 281|time: 3.32s|train_loss 0.00078723|val_loss 0.00018742
Epoch 282|time: 3.22s|train_loss 0.00081077|val_loss 0.00017399
Epoch 283|time: 3.32s|train_loss 0.00076277|val_loss 0.00017654
Epoch 284|time: 3.26s|train_loss 0.00074362|val_loss 0.00018086
Epoch 285|time: 3.21s|train_loss 0.00076424|val_loss 0.00021671
Epoch 286|time: 3.21s|train_loss 0.00078001|val_loss 0.00019892
Epoch 287|time: 3.29s|train_loss 0.00074147|val_loss 0.00018902
Epoch 288|time: 3.21s|train_loss 0.00076614|val_loss 0.00021571
Epoch 289|time: 3.28s|train_loss 0.00075106|val_loss 0.00017768
Epoch 290|time: 3.26s|train_loss 0.00074865|val_loss 0.00017752
Epoch 291|time: 3.21s|train_loss 0.00074466|val_loss 0.00016915
Best validation epoch: 291 Tue May 23 07:17:51 2023
TEST MAE 0.2231 | std 0.0601 | RMSE 0.3443 | RMSEs 0.3309 | PCC 0.9360 | PCCs 0.9134 | R2 0.8668 | R2s 0.7984 | Var 0.8709 | Vars 0.8138 | Peak 0.1253
Epoch 292|time: 3.21s|train_loss 0.00082280|val_loss 0.00017323
Epoch 293|time: 3.30s|train_loss 0.00082137|val_loss 0.00017560
Epoch 294|time: 3.23s|train_loss 0.00078299|val_loss 0.00018080
Epoch 295|time: 3.20s|train_loss 0.00074152|val_loss 0.00018675
Epoch 296|time: 3.29s|train_loss 0.00075228|val_loss 0.00017417
Epoch 297|time: 3.31s|train_loss 0.00074119|val_loss 0.00016924
Epoch 298|time: 3.21s|train_loss 0.00074397|val_loss 0.00017899
Epoch 299|time: 3.28s|train_loss 0.00073900|val_loss 0.00022200
Epoch 300|time: 3.21s|train_loss 0.00077480|val_loss 0.00027293
Epoch 301|time: 3.29s|train_loss 0.00076510|val_loss 0.00021816
Epoch 302|time: 3.28s|train_loss 0.00075546|val_loss 0.00018270
Epoch 303|time: 3.22s|train_loss 0.00071229|val_loss 0.00016931
Epoch 304|time: 3.21s|train_loss 0.00077868|val_loss 0.00019635
Epoch 305|time: 3.22s|train_loss 0.00078969|val_loss 0.00017851
Epoch 306|time: 3.32s|train_loss 0.00082754|val_loss 0.00019477
Epoch 307|time: 3.32s|train_loss 0.00080194|val_loss 0.00016931
Epoch 308|time: 3.21s|train_loss 0.00079762|val_loss 0.00017542
Epoch 309|time: 3.31s|train_loss 0.00076365|val_loss 0.00017691
Epoch 310|time: 3.21s|train_loss 0.00077299|val_loss 0.00017284
Epoch 311|time: 3.35s|train_loss 0.00080737|val_loss 0.00018824
Epoch 312|time: 3.31s|train_loss 0.00075383|val_loss 0.00019038
Epoch 313|time: 3.23s|train_loss 0.00076575|val_loss 0.00017342
Epoch 314|time: 3.21s|train_loss 0.00075049|val_loss 0.00018857
Epoch 315|time: 3.39s|train_loss 0.00074095|val_loss 0.00017426
Epoch 316|time: 3.22s|train_loss 0.00075032|val_loss 0.00022279
Epoch 317|time: 3.21s|train_loss 0.00075494|val_loss 0.00019229
Epoch 318|time: 3.37s|train_loss 0.00073793|val_loss 0.00017395
Epoch 319|time: 3.22s|train_loss 0.00071627|val_loss 0.00017434
Epoch 320|time: 3.20s|train_loss 0.00073833|val_loss 0.00018344
Epoch 321|time: 3.37s|train_loss 0.00074358|val_loss 0.00018327
Epoch 322|time: 3.22s|train_loss 0.00072976|val_loss 0.00020298
Epoch 323|time: 3.21s|train_loss 0.00073699|val_loss 0.00016733
Best validation epoch: 323 Tue May 23 07:19:36 2023
TEST MAE 0.2225 | std 0.0643 | RMSE 0.3530 | RMSEs 0.3381 | PCC 0.9340 | PCCs 0.9142 | R2 0.8600 | R2s 0.7894 | Var 0.8642 | Vars 0.8062 | Peak 0.1289
Epoch 324|time: 3.38s|train_loss 0.00073604|val_loss 0.00017882
Epoch 325|time: 3.31s|train_loss 0.00071059|val_loss 0.00017709
Epoch 326|time: 3.21s|train_loss 0.00071461|val_loss 0.00018705
Epoch 327|time: 3.33s|train_loss 0.00073957|val_loss 0.00018939
Epoch 328|time: 3.21s|train_loss 0.00073349|val_loss 0.00016952
Epoch 329|time: 3.38s|train_loss 0.00074446|val_loss 0.00017402
Epoch 330|time: 3.30s|train_loss 0.00075385|val_loss 0.00019419
Epoch 331|time: 3.29s|train_loss 0.00073128|val_loss 0.00017465
Epoch 332|time: 3.22s|train_loss 0.00074242|val_loss 0.00017013
Epoch 333|time: 3.42s|train_loss 0.00070050|val_loss 0.00017663
Epoch 334|time: 3.25s|train_loss 0.00074265|val_loss 0.00018431
Epoch 335|time: 3.22s|train_loss 0.00071595|val_loss 0.00018855
Epoch 336|time: 3.31s|train_loss 0.00074725|val_loss 0.00018913
Epoch 337|time: 3.22s|train_loss 0.00074268|val_loss 0.00017101
Epoch 338|time: 3.22s|train_loss 0.00073725|val_loss 0.00018759
Epoch 339|time: 3.36s|train_loss 0.00077792|val_loss 0.00017592
Epoch 340|time: 3.23s|train_loss 0.00079522|val_loss 0.00017161
Epoch 341|time: 3.22s|train_loss 0.00077323|val_loss 0.00017262
Epoch 342|time: 3.42s|train_loss 0.00073875|val_loss 0.00017121
Epoch 343|time: 3.33s|train_loss 0.00072865|val_loss 0.00017574
Epoch 344|time: 3.22s|train_loss 0.00071625|val_loss 0.00018562
Epoch 345|time: 3.43s|train_loss 0.00073331|val_loss 0.00020967
Epoch 346|time: 3.21s|train_loss 0.00074762|val_loss 0.00019039
Epoch 347|time: 3.40s|train_loss 0.00073681|val_loss 0.00020785
Epoch 348|time: 3.37s|train_loss 0.00076614|val_loss 0.00022053
Epoch 349|time: 3.21s|train_loss 0.00072162|val_loss 0.00021769
Epoch 350|time: 3.22s|train_loss 0.00074201|val_loss 0.00019682
Epoch 351|time: 3.29s|train_loss 0.00073376|val_loss 0.00025004
Epoch 352|time: 3.21s|train_loss 0.00074908|val_loss 0.00021601
Epoch 353|time: 3.30s|train_loss 0.00075442|val_loss 0.00019476
Epoch 354|time: 3.39s|train_loss 0.00080478|val_loss 0.00019571
Epoch 355|time: 3.21s|train_loss 0.00083446|val_loss 0.00019126
Epoch 356|time: 3.22s|train_loss 0.00076788|val_loss 0.00019949
Epoch 357|time: 3.33s|train_loss 0.00073295|val_loss 0.00020684
Epoch 358|time: 3.23s|train_loss 0.00077445|val_loss 0.00018517
Epoch 359|time: 3.22s|train_loss 0.00077098|val_loss 0.00018884
Epoch 360|time: 3.43s|train_loss 0.00073533|val_loss 0.00020903
Epoch 361|time: 3.31s|train_loss 0.00072442|val_loss 0.00018079
Epoch 362|time: 3.21s|train_loss 0.00070527|val_loss 0.00017649
Epoch 363|time: 3.31s|train_loss 0.00072288|val_loss 0.00019330
Epoch 364|time: 3.22s|train_loss 0.00074943|val_loss 0.00017318
Epoch 365|time: 3.33s|train_loss 0.00084163|val_loss 0.00019850
Epoch 366|time: 3.45s|train_loss 0.00080519|val_loss 0.00017598
Epoch 367|time: 3.23s|train_loss 0.00087067|val_loss 0.00017952
Epoch 368|time: 3.21s|train_loss 0.00079529|val_loss 0.00016636
Best validation epoch: 368 Tue May 23 07:22:05 2023
TEST MAE 0.2387 | std 0.0677 | RMSE 0.3755 | RMSEs 0.3605 | PCC 0.9325 | PCCs 0.9134 | R2 0.8416 | R2s 0.7558 | Var 0.8532 | Vars 0.7886 | Peak 0.1367
Epoch 369|time: 3.34s|train_loss 0.00082244|val_loss 0.00016781
Epoch 370|time: 3.22s|train_loss 0.00077316|val_loss 0.00017069
Epoch 371|time: 3.31s|train_loss 0.00072382|val_loss 0.00016689
Epoch 372|time: 3.32s|train_loss 0.00075338|val_loss 0.00017104
Epoch 373|time: 3.22s|train_loss 0.00071497|val_loss 0.00017525
Epoch 374|time: 3.21s|train_loss 0.00070327|val_loss 0.00021000
Epoch 375|time: 3.41s|train_loss 0.00074855|val_loss 0.00018373
Epoch 376|time: 3.24s|train_loss 0.00071538|val_loss 0.00016606
Best validation epoch: 376 Tue May 23 07:22:32 2023
TEST MAE 0.2269 | std 0.0686 | RMSE 0.3634 | RMSEs 0.3474 | PCC 0.9319 | PCCs 0.9122 | R2 0.8517 | R2s 0.7797 | Var 0.8548 | Vars 0.7921 | Peak 0.1353
Epoch 377|time: 3.22s|train_loss 0.00071165|val_loss 0.00017266
Epoch 378|time: 3.30s|train_loss 0.00070018|val_loss 0.00017642
Epoch 379|time: 3.22s|train_loss 0.00069396|val_loss 0.00017548
Epoch 380|time: 3.32s|train_loss 0.00069314|val_loss 0.00017532
Epoch 381|time: 3.22s|train_loss 0.00073223|val_loss 0.00018069
Epoch 382|time: 3.23s|train_loss 0.00069958|val_loss 0.00018492
Epoch 383|time: 3.32s|train_loss 0.00072292|val_loss 0.00020689
Epoch 384|time: 3.23s|train_loss 0.00071723|val_loss 0.00018301
Epoch 385|time: 3.30s|train_loss 0.00075036|val_loss 0.00020596
Epoch 386|time: 3.22s|train_loss 0.00073863|val_loss 0.00018047
Epoch 387|time: 3.31s|train_loss 0.00074836|val_loss 0.00019783
Epoch 388|time: 3.22s|train_loss 0.00076370|val_loss 0.00020977
Epoch 389|time: 3.33s|train_loss 0.00077401|val_loss 0.00019341
Epoch 390|time: 3.29s|train_loss 0.00083012|val_loss 0.00019072
Epoch 391|time: 3.23s|train_loss 0.00077865|val_loss 0.00019177
Epoch 392|time: 3.22s|train_loss 0.00072710|val_loss 0.00019624
Epoch 393|time: 3.31s|train_loss 0.00074333|val_loss 0.00018048
Epoch 394|time: 3.21s|train_loss 0.00071478|val_loss 0.00018126
Epoch 395|time: 3.31s|train_loss 0.00072755|val_loss 0.00020106
Epoch 396|time: 3.22s|train_loss 0.00073397|val_loss 0.00017543
Epoch 397|time: 3.21s|train_loss 0.00077075|val_loss 0.00019474
Epoch 398|time: 3.22s|train_loss 0.00071916|val_loss 0.00018072
Epoch 399|time: 3.21s|train_loss 0.00070725|val_loss 0.00018801
Epoch 400|time: 3.30s|train_loss 0.00071061|val_loss 0.00017470
Epoch 401|time: 3.22s|train_loss 0.00071753|val_loss 0.00017226
Epoch 402|time: 3.45s|train_loss 0.00074777|val_loss 0.00017033
Epoch 403|time: 3.37s|train_loss 0.00071251|val_loss 0.00019222
Epoch 404|time: 3.30s|train_loss 0.00072968|val_loss 0.00018166
Epoch 405|time: 3.24s|train_loss 0.00071600|val_loss 0.00018833
Epoch 406|time: 3.28s|train_loss 0.00070733|val_loss 0.00018414
Epoch 407|time: 3.21s|train_loss 0.00071563|val_loss 0.00016978
Epoch 408|time: 3.22s|train_loss 0.00071765|val_loss 0.00017192
Epoch 409|time: 3.47s|train_loss 0.00070447|val_loss 0.00017500
Epoch 410|time: 3.22s|train_loss 0.00071074|val_loss 0.00016683
Epoch 411|time: 3.22s|train_loss 0.00074179|val_loss 0.00017426
Epoch 412|time: 3.21s|train_loss 0.00072590|val_loss 0.00020068
Epoch 413|time: 3.23s|train_loss 0.00072698|val_loss 0.00016895
Epoch 414|time: 3.31s|train_loss 0.00071429|val_loss 0.00017760
Epoch 415|time: 3.29s|train_loss 0.00076225|val_loss 0.00018950
Epoch 416|time: 3.22s|train_loss 0.00071733|val_loss 0.00017284
Epoch 417|time: 3.22s|train_loss 0.00070232|val_loss 0.00017235
Epoch 418|time: 3.47s|train_loss 0.00069898|val_loss 0.00017551
Epoch 419|time: 3.22s|train_loss 0.00070645|val_loss 0.00018193
Epoch 420|time: 3.27s|train_loss 0.00070059|val_loss 0.00018573
Epoch 421|time: 3.39s|train_loss 0.00070039|val_loss 0.00017429
Epoch 422|time: 3.29s|train_loss 0.00068830|val_loss 0.00017860
Epoch 423|time: 3.21s|train_loss 0.00068719|val_loss 0.00018410
Epoch 424|time: 3.37s|train_loss 0.00068804|val_loss 0.00018556
Epoch 425|time: 3.22s|train_loss 0.00070621|val_loss 0.00017274
Epoch 426|time: 3.18s|train_loss 0.00071713|val_loss 0.00017441
Epoch 427|time: 3.24s|train_loss 0.00068356|val_loss 0.00016781
Epoch 428|time: 3.25s|train_loss 0.00070133|val_loss 0.00018884
Epoch 429|time: 3.14s|train_loss 0.00069918|val_loss 0.00017547
Epoch 430|time: 3.23s|train_loss 0.00070522|val_loss 0.00019210
Epoch 431|time: 3.15s|train_loss 0.00071121|val_loss 0.00018096
Epoch 432|time: 3.23s|train_loss 0.00073017|val_loss 0.00017884
Epoch 433|time: 3.15s|train_loss 0.00071911|val_loss 0.00019611
Epoch 434|time: 3.14s|train_loss 0.00077131|val_loss 0.00016799
Epoch 435|time: 3.15s|train_loss 0.00079516|val_loss 0.00024496
Epoch 436|time: 3.30s|train_loss 0.00079657|val_loss 0.00018051
Epoch 437|time: 3.16s|train_loss 0.00070980|val_loss 0.00019082
Epoch 438|time: 3.14s|train_loss 0.00070775|val_loss 0.00017460
Epoch 439|time: 3.36s|train_loss 0.00070568|val_loss 0.00017052
Epoch 440|time: 3.14s|train_loss 0.00069291|val_loss 0.00016889
Epoch 441|time: 3.15s|train_loss 0.00068491|val_loss 0.00017393
Epoch 442|time: 3.22s|train_loss 0.00068449|val_loss 0.00018519
Epoch 443|time: 3.19s|train_loss 0.00069939|val_loss 0.00020393
Epoch 444|time: 3.15s|train_loss 0.00074055|val_loss 0.00019476
Epoch 445|time: 3.14s|train_loss 0.00072632|val_loss 0.00019027
Epoch 446|time: 3.26s|train_loss 0.00073020|val_loss 0.00017922
Epoch 447|time: 2.13s|train_loss 0.00073217|val_loss 0.00016791
Epoch 448|time: 2.20s|train_loss 0.00073533|val_loss 0.00017080
Epoch 449|time: 3.23s|train_loss 0.00069647|val_loss 0.00017257
Epoch 450|time: 3.40s|train_loss 0.00075463|val_loss 0.00017319
Epoch 451|time: 3.20s|train_loss 0.00074475|val_loss 0.00021799
Epoch 452|time: 3.22s|train_loss 0.00077162|val_loss 0.00016839
Epoch 453|time: 3.41s|train_loss 0.00073841|val_loss 0.00017416
Epoch 454|time: 3.22s|train_loss 0.00069078|val_loss 0.00018554
Epoch 455|time: 3.27s|train_loss 0.00069560|val_loss 0.00018715
Epoch 456|time: 3.40s|train_loss 0.00071960|val_loss 0.00019425
Epoch 457|time: 3.20s|train_loss 0.00071757|val_loss 0.00018654
Epoch 458|time: 3.48s|train_loss 0.00067887|val_loss 0.00018314
Epoch 459|time: 3.35s|train_loss 0.00069057|val_loss 0.00017458
Epoch 460|time: 3.33s|train_loss 0.00069329|val_loss 0.00016624
Epoch 461|time: 3.21s|train_loss 0.00069127|val_loss 0.00017909
Epoch 462|time: 3.21s|train_loss 0.00070549|val_loss 0.00019659
Epoch 463|time: 3.22s|train_loss 0.00069075|val_loss 0.00017991
Epoch 464|time: 3.29s|train_loss 0.00068645|val_loss 0.00017226
Epoch 465|time: 3.23s|train_loss 0.00067992|val_loss 0.00017585
Epoch 466|time: 3.23s|train_loss 0.00070597|val_loss 0.00019110
Epoch 467|time: 3.21s|train_loss 0.00070792|val_loss 0.00018939
Epoch 468|time: 3.36s|train_loss 0.00072346|val_loss 0.00017651
Epoch 469|time: 3.34s|train_loss 0.00072428|val_loss 0.00016634
Epoch 470|time: 3.20s|train_loss 0.00068857|val_loss 0.00017220
Epoch 471|time: 3.32s|train_loss 0.00069692|val_loss 0.00016754
Epoch 472|time: 3.21s|train_loss 0.00070185|val_loss 0.00018797
Epoch 473|time: 3.21s|train_loss 0.00069335|val_loss 0.00019296
Epoch 474|time: 3.30s|train_loss 0.00070201|val_loss 0.00018181
Epoch 475|time: 3.23s|train_loss 0.00069670|val_loss 0.00019813
Epoch 476|time: 3.24s|train_loss 0.00075394|val_loss 0.00017847
Epoch 477|time: 3.49s|train_loss 0.00081005|val_loss 0.00017899
Epoch 478|time: 3.34s|train_loss 0.00070884|val_loss 0.00017161
Epoch 479|time: 3.20s|train_loss 0.00073865|val_loss 0.00017060
Epoch 480|time: 3.33s|train_loss 0.00069170|val_loss 0.00017502
Epoch 481|time: 3.20s|train_loss 0.00070863|val_loss 0.00018711
Epoch 482|time: 3.30s|train_loss 0.00070668|val_loss 0.00016894
Epoch 483|time: 3.39s|train_loss 0.00067070|val_loss 0.00017055
Epoch 484|time: 3.21s|train_loss 0.00067320|val_loss 0.00016520
Best validation epoch: 484 Tue May 23 07:28:22 2023
TEST MAE 0.2544 | std 0.0752 | RMSE 0.4177 | RMSEs 0.3991 | PCC 0.9247 | PCCs 0.9088 | R2 0.8040 | R2s 0.6990 | Var 0.8184 | Vars 0.7367 | Peak 0.1581
Epoch 485|time: 3.22s|train_loss 0.00068254|val_loss 0.00017248
Epoch 486|time: 3.28s|train_loss 0.00074092|val_loss 0.00016712
Epoch 487|time: 3.21s|train_loss 0.00070932|val_loss 0.00018283
Epoch 488|time: 3.32s|train_loss 0.00072275|val_loss 0.00018031
Epoch 489|time: 3.34s|train_loss 0.00072091|val_loss 0.00017191
Epoch 490|time: 3.21s|train_loss 0.00073978|val_loss 0.00017502
Epoch 491|time: 3.20s|train_loss 0.00074342|val_loss 0.00018238
Epoch 492|time: 3.48s|train_loss 0.00072440|val_loss 0.00016717
Epoch 493|time: 3.21s|train_loss 0.00069953|val_loss 0.00019045
Epoch 494|time: 3.22s|train_loss 0.00070696|val_loss 0.00019502
Epoch 495|time: 3.40s|train_loss 0.00074676|val_loss 0.00022638
Epoch 496|time: 3.21s|train_loss 0.00070128|val_loss 0.00019508
Epoch 497|time: 3.29s|train_loss 0.00072928|val_loss 0.00018648
Epoch 498|time: 3.37s|train_loss 0.00068892|val_loss 0.00016999
Epoch 499|time: 3.22s|train_loss 0.00068363|val_loss 0.00017562
Epoch 500|time: 3.21s|train_loss 0.00068667|val_loss 0.00017659
Final evaluation
TEST MAE 0.2544 | std 0.0752 | RMSE 0.4177 | RMSEs 0.3991 | PCC 0.9247 | PCCs 0.9088 | R2 0.8040 | R2s 0.6990 | Var 0.8184 | Vars 0.7367 | Peak 0.1581
