--------Parameters--------
Namespace(batch=32, bi=False, check_point=1, cuda=False, dataset='us_hhs', dropout=0.2, epilambda=0.1, epochs=500, gpu=3, hidsp=15, horizon=4, k=10, lamda=0.01, lr=0.1, model='cola_gnn_epi', mylog=False, n_hidden=30, n_layer=1, patience=200, rnn_model='RNN', save_dir='save', seed=42, shuffle=False, sim_mat='us_hhs-adj', test=0.2, train=0.6, val=0.2, weight_decay=0.0005, window=20)
--------------------------
data shape (364, 10)
size of train/val/test sets 195 73 73
#params: 9885
begin training
Epoch   1|time: 3.59s|train_loss 0.01169006|val_loss 0.00349518
Best validation epoch: 1 Tue May 23 23:24:26 2023
TEST MAE 4.4878 | std 1.3651 | RMSE 4.7478 | RMSEs 4.5457 | PCC -0.3562 | PCCs 0.3094 | R2 -24.3217 | R2s -37.6674 | Var -1.6976 | Vars 0.0885 | Peak 1.9294
Epoch   2|time: 3.60s|train_loss 0.00625793|val_loss 0.00198080
Best validation epoch: 2 Tue May 23 23:24:30 2023
TEST MAE 2.8337 | std 0.8554 | RMSE 3.0521 | RMSEs 2.9313 | PCC 0.4476 | PCCs -0.2804 | R2 -9.4640 | R2s -16.8307 | Var -0.7989 | Vars -0.2390 | Peak 0.7555
Epoch   3|time: 3.39s|train_loss 0.00591704|val_loss 0.00340833
Epoch   4|time: 3.61s|train_loss 0.00548211|val_loss 0.00215299
Epoch   5|time: 3.38s|train_loss 0.00389807|val_loss 0.00269365
Epoch   6|time: 3.35s|train_loss 0.00527058|val_loss 0.00262810
Epoch   7|time: 3.89s|train_loss 0.00378052|val_loss 0.00096627
Best validation epoch: 7 Tue May 23 23:24:49 2023
TEST MAE 1.3271 | std 0.4773 | RMSE 1.6239 | RMSEs 1.5419 | PCC 0.1325 | PCCs -0.7245 | R2 -1.9621 | R2s -3.2128 | Var 0.0164 | Vars -0.0839 | Peak 0.7983
Epoch   8|time: 3.33s|train_loss 0.00415239|val_loss 0.00260264
Epoch   9|time: 3.33s|train_loss 0.00322825|val_loss 0.00054047
Best validation epoch: 9 Tue May 23 23:24:56 2023
TEST MAE 0.6169 | std 0.2183 | RMSE 0.9010 | RMSEs 0.8506 | PCC 0.5047 | PCCs -0.7316 | R2 0.0881 | R2s -0.2552 | Var 0.2330 | Vars -0.0088 | Peak 0.4300
Epoch  10|time: 3.41s|train_loss 0.00251444|val_loss 0.00067509
Epoch  11|time: 3.43s|train_loss 0.00227879|val_loss 0.00130280
Epoch  12|time: 3.36s|train_loss 0.00261538|val_loss 0.00147527
Epoch  13|time: 3.57s|train_loss 0.00294600|val_loss 0.00090921
Epoch  14|time: 3.34s|train_loss 0.00266852|val_loss 0.00157481
Epoch  15|time: 3.33s|train_loss 0.00292993|val_loss 0.00064366
Epoch  16|time: 3.59s|train_loss 0.00265201|val_loss 0.00072446
Epoch  17|time: 3.35s|train_loss 0.00221280|val_loss 0.00054833
Epoch  18|time: 3.33s|train_loss 0.00238774|val_loss 0.00053765
Best validation epoch: 18 Tue May 23 23:25:28 2023
TEST MAE 0.6212 | std 0.2239 | RMSE 0.9107 | RMSEs 0.8589 | PCC 0.5108 | PCCs -0.7266 | R2 0.0683 | R2s -0.2792 | Var 0.2352 | Vars -0.0034 | Peak 0.4387
Epoch  19|time: 3.34s|train_loss 0.00256554|val_loss 0.00068454
Epoch  20|time: 3.34s|train_loss 0.00242839|val_loss 0.00078443
Epoch  21|time: 3.54s|train_loss 0.00255673|val_loss 0.00054462
Epoch  22|time: 3.48s|train_loss 0.00249400|val_loss 0.00054137
Epoch  23|time: 3.34s|train_loss 0.00233987|val_loss 0.00078903
Epoch  24|time: 3.79s|train_loss 0.00229346|val_loss 0.00112769
Epoch  25|time: 3.41s|train_loss 0.00241909|val_loss 0.00117515
Epoch  26|time: 3.34s|train_loss 0.00275691|val_loss 0.00088054
Epoch  27|time: 3.44s|train_loss 0.00238358|val_loss 0.00093525
Epoch  28|time: 3.34s|train_loss 0.00247510|val_loss 0.00100320
Epoch  29|time: 3.34s|train_loss 0.00235554|val_loss 0.00097325
Epoch  30|time: 3.55s|train_loss 0.00219655|val_loss 0.00057931
Epoch  31|time: 3.34s|train_loss 0.00194767|val_loss 0.00059221
Epoch  32|time: 3.33s|train_loss 0.00185045|val_loss 0.00065754
Epoch  33|time: 3.53s|train_loss 0.00189495|val_loss 0.00054441
Epoch  34|time: 3.35s|train_loss 0.00205656|val_loss 0.00105665
Epoch  35|time: 3.34s|train_loss 0.00232077|val_loss 0.00095020
Epoch  36|time: 3.58s|train_loss 0.00226306|val_loss 0.00253318
Epoch  37|time: 3.35s|train_loss 0.00297074|val_loss 0.00187401
Epoch  38|time: 3.34s|train_loss 0.00318701|val_loss 0.00192282
Epoch  39|time: 3.45s|train_loss 0.00304857|val_loss 0.00140873
Epoch  40|time: 3.45s|train_loss 0.00265811|val_loss 0.00055294
Epoch  41|time: 3.65s|train_loss 0.00210812|val_loss 0.00095535
Epoch  42|time: 3.51s|train_loss 0.00186295|val_loss 0.00066333
Epoch  43|time: 3.34s|train_loss 0.00223712|val_loss 0.00111693
Epoch  44|time: 3.42s|train_loss 0.00231354|val_loss 0.00058663
Epoch  45|time: 3.45s|train_loss 0.00188995|val_loss 0.00088733
Epoch  46|time: 3.35s|train_loss 0.00185070|val_loss 0.00080193
Epoch  47|time: 3.34s|train_loss 0.00193844|val_loss 0.00056365
Epoch  48|time: 3.50s|train_loss 0.00184744|val_loss 0.00054733
Epoch  49|time: 3.36s|train_loss 0.00183772|val_loss 0.00047249
Best validation epoch: 49 Tue May 23 23:27:15 2023
TEST MAE 0.4853 | std 0.1070 | RMSE 0.6211 | RMSEs 0.6033 | PCC 0.7775 | PCCs 0.7293 | R2 0.5667 | R2s 0.3339 | Var 0.5766 | Vars 0.4151 | Peak 0.2111
Epoch  50|time: 3.66s|train_loss 0.00186174|val_loss 0.00061317
Epoch  51|time: 3.35s|train_loss 0.00183488|val_loss 0.00052748
Epoch  52|time: 3.34s|train_loss 0.00175485|val_loss 0.00073825
Epoch  53|time: 3.50s|train_loss 0.00230066|val_loss 0.00047323
Epoch  54|time: 3.33s|train_loss 0.00222511|val_loss 0.00078599
Epoch  55|time: 3.42s|train_loss 0.00221497|val_loss 0.00207451
Epoch  56|time: 3.55s|train_loss 0.00239365|val_loss 0.00156698
Epoch  57|time: 3.37s|train_loss 0.00234240|val_loss 0.00056875
Epoch  58|time: 3.39s|train_loss 0.00236749|val_loss 0.00150211
Epoch  59|time: 3.64s|train_loss 0.00206278|val_loss 0.00137638
Epoch  60|time: 3.34s|train_loss 0.00232778|val_loss 0.00092477
Epoch  61|time: 3.34s|train_loss 0.00228266|val_loss 0.00153337
Epoch  62|time: 3.46s|train_loss 0.00235410|val_loss 0.00171942
Epoch  63|time: 3.37s|train_loss 0.00220413|val_loss 0.00123379
Epoch  64|time: 3.46s|train_loss 0.00238862|val_loss 0.00075967
Epoch  65|time: 3.47s|train_loss 0.00209923|val_loss 0.00067240
Epoch  66|time: 3.33s|train_loss 0.00229176|val_loss 0.00127708
Epoch  67|time: 3.33s|train_loss 0.00210717|val_loss 0.00144871
Epoch  68|time: 3.35s|train_loss 0.00260774|val_loss 0.00055515
Epoch  69|time: 3.42s|train_loss 0.00271326|val_loss 0.00160857
Epoch  70|time: 3.34s|train_loss 0.00245100|val_loss 0.00158011
Epoch  71|time: 3.42s|train_loss 0.00223905|val_loss 0.00093749
Epoch  72|time: 3.33s|train_loss 0.00198907|val_loss 0.00089296
Epoch  73|time: 3.42s|train_loss 0.00188711|val_loss 0.00111298
Epoch  74|time: 3.42s|train_loss 0.00217195|val_loss 0.00232333
Epoch  75|time: 3.34s|train_loss 0.00292352|val_loss 0.00293975
Epoch  76|time: 3.47s|train_loss 0.00423357|val_loss 0.00243614
Epoch  77|time: 3.65s|train_loss 0.00279567|val_loss 0.00068007
Epoch  78|time: 3.35s|train_loss 0.00241616|val_loss 0.00101099
Epoch  79|time: 3.33s|train_loss 0.00213859|val_loss 0.00083005
Epoch  80|time: 3.48s|train_loss 0.00189543|val_loss 0.00057529
Epoch  81|time: 3.36s|train_loss 0.00193312|val_loss 0.00133024
Epoch  82|time: 3.51s|train_loss 0.00214716|val_loss 0.00205763
Epoch  83|time: 3.46s|train_loss 0.00287107|val_loss 0.00264857
Epoch  84|time: 3.33s|train_loss 0.00307440|val_loss 0.00242021
Epoch  85|time: 3.37s|train_loss 0.00312506|val_loss 0.00310867
Epoch  86|time: 3.35s|train_loss 0.00392975|val_loss 0.00139598
Epoch  87|time: 3.41s|train_loss 0.00266018|val_loss 0.00054725
Epoch  88|time: 3.33s|train_loss 0.00191265|val_loss 0.00057228
Epoch  89|time: 3.33s|train_loss 0.00174311|val_loss 0.00121733
Epoch  90|time: 3.36s|train_loss 0.00202853|val_loss 0.00070834
Epoch  91|time: 3.51s|train_loss 0.00184826|val_loss 0.00053597
Epoch  92|time: 3.35s|train_loss 0.00184450|val_loss 0.00114275
Epoch  93|time: 3.34s|train_loss 0.00217904|val_loss 0.00071277
Epoch  94|time: 3.62s|train_loss 0.00204638|val_loss 0.00079031
Epoch  95|time: 3.34s|train_loss 0.00230870|val_loss 0.00117606
Epoch  96|time: 3.34s|train_loss 0.00220241|val_loss 0.00059005
Epoch  97|time: 3.54s|train_loss 0.00229954|val_loss 0.00114781
Epoch  98|time: 3.93s|train_loss 0.00226159|val_loss 0.00061076
Epoch  99|time: 3.76s|train_loss 0.00195221|val_loss 0.00197137
Epoch 100|time: 4.01s|train_loss 0.00239471|val_loss 0.00061618
Epoch 101|time: 3.43s|train_loss 0.00222914|val_loss 0.00098672
Epoch 102|time: 3.34s|train_loss 0.00224008|val_loss 0.00149627
Epoch 103|time: 3.49s|train_loss 0.00254712|val_loss 0.00053795
Epoch 104|time: 3.35s|train_loss 0.00236187|val_loss 0.00182073
Epoch 105|time: 3.41s|train_loss 0.00227863|val_loss 0.00152499
Epoch 106|time: 3.43s|train_loss 0.00242472|val_loss 0.00157856
Epoch 107|time: 3.35s|train_loss 0.00221714|val_loss 0.00052734
Epoch 108|time: 3.34s|train_loss 0.00184340|val_loss 0.00067496
Epoch 109|time: 3.43s|train_loss 0.00193149|val_loss 0.00152831
Epoch 110|time: 3.48s|train_loss 0.00224193|val_loss 0.00107889
Epoch 111|time: 3.44s|train_loss 0.00221422|val_loss 0.00135999
Epoch 112|time: 3.34s|train_loss 0.00226068|val_loss 0.00056697
Epoch 113|time: 3.35s|train_loss 0.00180941|val_loss 0.00070327
Epoch 114|time: 3.37s|train_loss 0.00185809|val_loss 0.00049526
Epoch 115|time: 3.41s|train_loss 0.00184017|val_loss 0.00047129
Best validation epoch: 115 Tue May 23 23:31:02 2023
TEST MAE 0.5136 | std 0.1523 | RMSE 0.7282 | RMSEs 0.6956 | PCC 0.6965 | PCCs 0.7208 | R2 0.4043 | R2s 0.1498 | Var 0.4272 | Vars 0.2265 | Peak 0.3080
Epoch 116|time: 3.34s|train_loss 0.00207807|val_loss 0.00143092
Epoch 117|time: 3.40s|train_loss 0.00232142|val_loss 0.00161556
Epoch 118|time: 3.34s|train_loss 0.00225547|val_loss 0.00047016
Best validation epoch: 118 Tue May 23 23:31:13 2023
TEST MAE 0.5486 | std 0.1884 | RMSE 0.8059 | RMSEs 0.7637 | PCC 0.6650 | PCCs 0.6827 | R2 0.2705 | R2s -0.0141 | Var 0.3703 | Vars 0.1591 | Peak 0.3761
Epoch 119|time: 3.33s|train_loss 0.00177561|val_loss 0.00049879
Epoch 120|time: 3.43s|train_loss 0.00182552|val_loss 0.00078469
Epoch 121|time: 3.35s|train_loss 0.00243506|val_loss 0.00196684
Epoch 122|time: 3.34s|train_loss 0.00258275|val_loss 0.00055177
Epoch 123|time: 3.55s|train_loss 0.00192232|val_loss 0.00172813
Epoch 124|time: 3.36s|train_loss 0.00214750|val_loss 0.00192754
Epoch 125|time: 3.34s|train_loss 0.00289647|val_loss 0.00158392
Epoch 126|time: 3.39s|train_loss 0.00225683|val_loss 0.00056659
Epoch 127|time: 3.37s|train_loss 0.00187425|val_loss 0.00065634
Epoch 128|time: 3.50s|train_loss 0.00191928|val_loss 0.00065952
Epoch 129|time: 3.42s|train_loss 0.00178272|val_loss 0.00100230
Epoch 130|time: 3.35s|train_loss 0.00185891|val_loss 0.00038606
Best validation epoch: 130 Tue May 23 23:31:54 2023
TEST MAE 0.4864 | std 0.1693 | RMSE 0.7322 | RMSEs 0.6956 | PCC 0.7813 | PCCs 0.6946 | R2 0.3978 | R2s 0.1568 | Var 0.5146 | Vars 0.3404 | Peak 0.3426
Epoch 131|time: 3.50s|train_loss 0.00193616|val_loss 0.00100191
Epoch 132|time: 3.36s|train_loss 0.00188499|val_loss 0.00087472
Epoch 133|time: 3.46s|train_loss 0.00192840|val_loss 0.00058926
Epoch 134|time: 3.49s|train_loss 0.00199430|val_loss 0.00144834
Epoch 135|time: 3.36s|train_loss 0.00231212|val_loss 0.00056147
Epoch 136|time: 3.35s|train_loss 0.00237550|val_loss 0.00149805
Epoch 137|time: 3.52s|train_loss 0.00213019|val_loss 0.00107515
Epoch 138|time: 3.35s|train_loss 0.00184565|val_loss 0.00049311
Epoch 139|time: 3.35s|train_loss 0.00182591|val_loss 0.00036528
Best validation epoch: 139 Tue May 23 23:32:26 2023
TEST MAE 0.4316 | std 0.1261 | RMSE 0.6161 | RMSEs 0.5917 | PCC 0.7951 | PCCs 0.6818 | R2 0.5736 | R2s 0.3783 | Var 0.5990 | Vars 0.4273 | Peak 0.2689
Epoch 140|time: 3.45s|train_loss 0.00183129|val_loss 0.00166684
Epoch 141|time: 3.45s|train_loss 0.00234201|val_loss 0.00076630
Epoch 142|time: 3.36s|train_loss 0.00218623|val_loss 0.00109064
Epoch 143|time: 3.43s|train_loss 0.00224103|val_loss 0.00138174
Epoch 144|time: 3.38s|train_loss 0.00220335|val_loss 0.00062436
Epoch 145|time: 3.37s|train_loss 0.00189217|val_loss 0.00088684
Epoch 146|time: 3.50s|train_loss 0.00217703|val_loss 0.00141022
Epoch 147|time: 3.36s|train_loss 0.00261579|val_loss 0.00125928
Epoch 148|time: 3.35s|train_loss 0.00193431|val_loss 0.00035725
Best validation epoch: 148 Tue May 23 23:32:57 2023
TEST MAE 0.5573 | std 0.1811 | RMSE 0.8018 | RMSEs 0.7721 | PCC 0.7002 | PCCs 0.5134 | R2 0.2778 | R2s -0.0701 | Var 0.4870 | Vars 0.2539 | Peak 0.3837
Epoch 149|time: 3.49s|train_loss 0.00442377|val_loss 0.00262068
Epoch 150|time: 3.35s|train_loss 0.00476025|val_loss 0.00438821
Epoch 151|time: 3.41s|train_loss 0.00363995|val_loss 0.00306019
Epoch 152|time: 3.45s|train_loss 0.00300347|val_loss 0.00159122
Epoch 153|time: 3.34s|train_loss 0.00253135|val_loss 0.00148444
Epoch 154|time: 3.41s|train_loss 0.00242678|val_loss 0.00071027
Epoch 155|time: 3.49s|train_loss 0.00211543|val_loss 0.00078475
Epoch 156|time: 3.34s|train_loss 0.00208031|val_loss 0.00085169
Epoch 157|time: 3.41s|train_loss 0.00199357|val_loss 0.00055340
Epoch 158|time: 3.34s|train_loss 0.00188228|val_loss 0.00086160
Epoch 159|time: 3.47s|train_loss 0.00201774|val_loss 0.00055396
Epoch 160|time: 3.46s|train_loss 0.00195348|val_loss 0.00068687
Epoch 161|time: 3.38s|train_loss 0.00186521|val_loss 0.00094100
Epoch 162|time: 3.35s|train_loss 0.00201878|val_loss 0.00058511
Epoch 163|time: 3.55s|train_loss 0.00207138|val_loss 0.00168168
Epoch 164|time: 3.35s|train_loss 0.00289604|val_loss 0.00206959
Epoch 165|time: 3.47s|train_loss 0.00272830|val_loss 0.00058854
Epoch 166|time: 3.58s|train_loss 0.00203028|val_loss 0.00062932
Epoch 167|time: 3.36s|train_loss 0.00190258|val_loss 0.00129744
Epoch 168|time: 3.34s|train_loss 0.00257010|val_loss 0.00054791
Epoch 169|time: 3.63s|train_loss 0.00219083|val_loss 0.00053815
Epoch 170|time: 3.35s|train_loss 0.00189676|val_loss 0.00137639
Epoch 171|time: 3.35s|train_loss 0.00226481|val_loss 0.00077286
Epoch 172|time: 3.44s|train_loss 0.00201562|val_loss 0.00144385
Epoch 173|time: 3.42s|train_loss 0.00258131|val_loss 0.00058507
Epoch 174|time: 3.36s|train_loss 0.00189622|val_loss 0.00097303
Epoch 175|time: 3.50s|train_loss 0.00193832|val_loss 0.00091514
Epoch 176|time: 3.35s|train_loss 0.00195828|val_loss 0.00063335
Epoch 177|time: 3.36s|train_loss 0.00221714|val_loss 0.00074639
Epoch 178|time: 3.43s|train_loss 0.00286352|val_loss 0.00061535
Epoch 179|time: 3.46s|train_loss 0.00241766|val_loss 0.00061936
Epoch 180|time: 3.35s|train_loss 0.00216600|val_loss 0.00153167
Epoch 181|time: 3.46s|train_loss 0.00248366|val_loss 0.00145578
Epoch 182|time: 3.36s|train_loss 0.00269157|val_loss 0.00122287
Epoch 183|time: 2.72s|train_loss 0.00208326|val_loss 0.00062115
Epoch 184|time: 2.18s|train_loss 0.00214257|val_loss 0.00061871
Epoch 185|time: 2.64s|train_loss 0.00216247|val_loss 0.00118556
Epoch 186|time: 3.59s|train_loss 0.00250821|val_loss 0.00078705
Epoch 187|time: 3.76s|train_loss 0.00233365|val_loss 0.00058045
Epoch 188|time: 3.47s|train_loss 0.00234482|val_loss 0.00136355
Epoch 189|time: 3.48s|train_loss 0.00208820|val_loss 0.00065060
Epoch 190|time: 3.57s|train_loss 0.00195591|val_loss 0.00093921
Epoch 191|time: 3.47s|train_loss 0.00208056|val_loss 0.00080892
Epoch 192|time: 3.58s|train_loss 0.00217332|val_loss 0.00096836
Epoch 193|time: 3.80s|train_loss 0.00241095|val_loss 0.00085918
Epoch 194|time: 3.56s|train_loss 0.00249537|val_loss 0.00132592
Epoch 195|time: 3.39s|train_loss 0.00196113|val_loss 0.00070478
Epoch 196|time: 3.50s|train_loss 0.00208568|val_loss 0.00162322
Epoch 197|time: 3.51s|train_loss 0.00245539|val_loss 0.00070186
Epoch 198|time: 3.37s|train_loss 0.00223596|val_loss 0.00088718
Epoch 199|time: 3.37s|train_loss 0.00216446|val_loss 0.00055939
Epoch 200|time: 3.39s|train_loss 0.00192761|val_loss 0.00053614
Epoch 201|time: 3.48s|train_loss 0.00190878|val_loss 0.00112292
Epoch 202|time: 3.57s|train_loss 0.00217474|val_loss 0.00166287
Epoch 203|time: 3.36s|train_loss 0.00239625|val_loss 0.00097280
Epoch 204|time: 3.36s|train_loss 0.00204166|val_loss 0.00133426
Epoch 205|time: 3.44s|train_loss 0.00257986|val_loss 0.00055372
Epoch 206|time: 3.48s|train_loss 0.00206011|val_loss 0.00099203
Epoch 207|time: 3.42s|train_loss 0.00204896|val_loss 0.00077931
Epoch 208|time: 3.37s|train_loss 0.00227284|val_loss 0.00053687
Epoch 209|time: 3.36s|train_loss 0.00206083|val_loss 0.00070677
Epoch 210|time: 3.41s|train_loss 0.00196534|val_loss 0.00057675
Epoch 211|time: 3.49s|train_loss 0.00196479|val_loss 0.00053606
Epoch 212|time: 3.34s|train_loss 0.00212414|val_loss 0.00080193
Epoch 213|time: 3.56s|train_loss 0.00211890|val_loss 0.00099840
Epoch 214|time: 3.35s|train_loss 0.00257954|val_loss 0.00093028
Epoch 215|time: 3.42s|train_loss 0.00203883|val_loss 0.00054286
Epoch 216|time: 3.55s|train_loss 0.00202333|val_loss 0.00069271
Epoch 217|time: 3.35s|train_loss 0.00190926|val_loss 0.00151679
Epoch 218|time: 3.37s|train_loss 0.00226026|val_loss 0.00119911
Epoch 219|time: 3.61s|train_loss 0.00212486|val_loss 0.00070401
Epoch 220|time: 3.35s|train_loss 0.00198319|val_loss 0.00057529
Epoch 221|time: 3.34s|train_loss 0.00183983|val_loss 0.00080040
Epoch 222|time: 3.55s|train_loss 0.00188934|val_loss 0.00063412
Epoch 223|time: 3.34s|train_loss 0.00186732|val_loss 0.00079864
Epoch 224|time: 3.33s|train_loss 0.00200859|val_loss 0.00060585
Epoch 225|time: 3.52s|train_loss 0.00195312|val_loss 0.00061119
Epoch 226|time: 3.34s|train_loss 0.00252558|val_loss 0.00249367
Epoch 227|time: 3.36s|train_loss 0.00295645|val_loss 0.00070873
Epoch 228|time: 3.47s|train_loss 0.00188621|val_loss 0.00068833
Epoch 229|time: 3.46s|train_loss 0.00211032|val_loss 0.00088021
Epoch 230|time: 3.36s|train_loss 0.00248021|val_loss 0.00080415
Epoch 231|time: 3.45s|train_loss 0.00228829|val_loss 0.00100262
Epoch 232|time: 3.36s|train_loss 0.00226334|val_loss 0.00118507
Epoch 233|time: 3.41s|train_loss 0.00230496|val_loss 0.00111743
Epoch 234|time: 3.50s|train_loss 0.00213417|val_loss 0.00055982
Epoch 235|time: 3.35s|train_loss 0.00179041|val_loss 0.00091801
Epoch 236|time: 3.35s|train_loss 0.00199914|val_loss 0.00103064
Epoch 237|time: 3.41s|train_loss 0.00196614|val_loss 0.00063594
Epoch 238|time: 3.35s|train_loss 0.00197368|val_loss 0.00087207
Epoch 239|time: 3.43s|train_loss 0.00218510|val_loss 0.00063210
Epoch 240|time: 3.53s|train_loss 0.00197037|val_loss 0.00113487
Epoch 241|time: 3.36s|train_loss 0.00221318|val_loss 0.00111625
Epoch 242|time: 3.38s|train_loss 0.00218971|val_loss 0.00091945
Epoch 243|time: 3.57s|train_loss 0.00240960|val_loss 0.00066851
Epoch 244|time: 3.35s|train_loss 0.00190831|val_loss 0.00124369
Epoch 245|time: 3.35s|train_loss 0.00206639|val_loss 0.00061162
Epoch 246|time: 3.49s|train_loss 0.00182514|val_loss 0.00051108
Epoch 247|time: 3.44s|train_loss 0.00181315|val_loss 0.00232402
Epoch 248|time: 3.39s|train_loss 0.00230699|val_loss 0.00071451
Epoch 249|time: 3.40s|train_loss 0.00184521|val_loss 0.00064721
Epoch 250|time: 3.36s|train_loss 0.00186100|val_loss 0.00094491
Epoch 251|time: 3.42s|train_loss 0.00185519|val_loss 0.00054569
Epoch 252|time: 3.45s|train_loss 0.00189311|val_loss 0.00064838
Epoch 253|time: 3.35s|train_loss 0.00185835|val_loss 0.00144732
Epoch 254|time: 3.54s|train_loss 0.00241827|val_loss 0.00072708
Epoch 255|time: 3.36s|train_loss 0.00213773|val_loss 0.00058644
Epoch 256|time: 3.37s|train_loss 0.00211882|val_loss 0.00118867
Epoch 257|time: 3.56s|train_loss 0.00229997|val_loss 0.00346794
Epoch 258|time: 3.36s|train_loss 0.00325179|val_loss 0.00223743
Epoch 259|time: 3.36s|train_loss 0.00223181|val_loss 0.00250028
Epoch 260|time: 3.48s|train_loss 0.00312543|val_loss 0.00104145
Epoch 261|time: 3.43s|train_loss 0.00241081|val_loss 0.00055543
Epoch 262|time: 3.37s|train_loss 0.00240397|val_loss 0.00159214
Epoch 263|time: 3.46s|train_loss 0.00257946|val_loss 0.00097749
Epoch 264|time: 3.37s|train_loss 0.00210213|val_loss 0.00106078
Epoch 265|time: 3.36s|train_loss 0.00230810|val_loss 0.00130539
Epoch 266|time: 3.62s|train_loss 0.00202306|val_loss 0.00059611
Epoch 267|time: 3.40s|train_loss 0.00188296|val_loss 0.00053877
Epoch 268|time: 3.37s|train_loss 0.00211428|val_loss 0.00063393
Epoch 269|time: 3.56s|train_loss 0.00197373|val_loss 0.00099863
Epoch 270|time: 3.36s|train_loss 0.00197886|val_loss 0.00053212
Epoch 271|time: 3.46s|train_loss 0.00191988|val_loss 0.00051208
Epoch 272|time: 3.55s|train_loss 0.00198973|val_loss 0.00055607
Epoch 273|time: 3.38s|train_loss 0.00185887|val_loss 0.00074352
Epoch 274|time: 3.36s|train_loss 0.00191253|val_loss 0.00071316
Epoch 275|time: 3.52s|train_loss 0.00186863|val_loss 0.00063908
Epoch 276|time: 3.37s|train_loss 0.00233401|val_loss 0.00110615
Epoch 277|time: 3.36s|train_loss 0.00266484|val_loss 0.00169320
Epoch 278|time: 3.53s|train_loss 0.00235347|val_loss 0.00109414
Epoch 279|time: 3.45s|train_loss 0.00183150|val_loss 0.00089951
Epoch 280|time: 3.38s|train_loss 0.00200092|val_loss 0.00163962
Epoch 281|time: 3.63s|train_loss 0.00233117|val_loss 0.00140344
Epoch 282|time: 3.39s|train_loss 0.00262546|val_loss 0.00163615
Epoch 283|time: 3.47s|train_loss 0.00252217|val_loss 0.00210117
Epoch 284|time: 3.48s|train_loss 0.00252500|val_loss 0.00054413
Epoch 285|time: 3.53s|train_loss 0.00201615|val_loss 0.00106157
Epoch 286|time: 3.50s|train_loss 0.00226055|val_loss 0.00106372
Epoch 287|time: 3.54s|train_loss 0.00225327|val_loss 0.00164293
Epoch 288|time: 3.37s|train_loss 0.00262886|val_loss 0.00066051
Epoch 289|time: 3.65s|train_loss 0.00236395|val_loss 0.00066292
Epoch 290|time: 3.40s|train_loss 0.00253618|val_loss 0.00150466
Epoch 291|time: 3.38s|train_loss 0.00215492|val_loss 0.00177823
Epoch 292|time: 3.51s|train_loss 0.00223640|val_loss 0.00083288
Epoch 293|time: 3.45s|train_loss 0.00211907|val_loss 0.00091188
Epoch 294|time: 3.37s|train_loss 0.00230498|val_loss 0.00118577
Epoch 295|time: 3.44s|train_loss 0.00233855|val_loss 0.00100519
Epoch 296|time: 3.37s|train_loss 0.00207466|val_loss 0.00229797
Epoch 297|time: 3.37s|train_loss 0.00255751|val_loss 0.00053425
Epoch 298|time: 3.36s|train_loss 0.00207560|val_loss 0.00064240
Epoch 299|time: 3.47s|train_loss 0.00176613|val_loss 0.00045984
Epoch 300|time: 3.37s|train_loss 0.00180232|val_loss 0.00063827
Epoch 301|time: 3.44s|train_loss 0.00185053|val_loss 0.00095067
Epoch 302|time: 3.38s|train_loss 0.00208543|val_loss 0.00048351
Epoch 303|time: 3.43s|train_loss 0.00221040|val_loss 0.00075814
Epoch 304|time: 3.47s|train_loss 0.00209944|val_loss 0.00053615
Epoch 305|time: 3.36s|train_loss 0.00184737|val_loss 0.00053914
Epoch 306|time: 3.36s|train_loss 0.00200727|val_loss 0.00051767
Epoch 307|time: 3.51s|train_loss 0.00191202|val_loss 0.00113586
Epoch 308|time: 3.38s|train_loss 0.00219262|val_loss 0.00141525
Epoch 309|time: 3.37s|train_loss 0.00255677|val_loss 0.00070242
Epoch 310|time: 3.60s|train_loss 0.00230115|val_loss 0.00084763
Epoch 311|time: 3.35s|train_loss 0.00194814|val_loss 0.00062663
Epoch 312|time: 3.48s|train_loss 0.00183180|val_loss 0.00067810
Epoch 313|time: 3.53s|train_loss 0.00186858|val_loss 0.00068970
Epoch 314|time: 3.35s|train_loss 0.00173387|val_loss 0.00054958
Epoch 315|time: 3.36s|train_loss 0.00195822|val_loss 0.00120474
Epoch 316|time: 3.52s|train_loss 0.00234981|val_loss 0.00118829
Epoch 317|time: 3.45s|train_loss 0.00201536|val_loss 0.00105301
Epoch 318|time: 3.46s|train_loss 0.00196325|val_loss 0.00159614
Epoch 319|time: 3.37s|train_loss 0.00220571|val_loss 0.00139348
Epoch 320|time: 3.39s|train_loss 0.00247404|val_loss 0.00056241
Epoch 321|time: 3.53s|train_loss 0.00245435|val_loss 0.00136471
Epoch 322|time: 3.51s|train_loss 0.00229045|val_loss 0.00053595
Epoch 323|time: 3.38s|train_loss 0.00212907|val_loss 0.00060469
Epoch 324|time: 3.50s|train_loss 0.00230999|val_loss 0.00173919
Epoch 325|time: 3.38s|train_loss 0.00308923|val_loss 0.00326639
Epoch 326|time: 3.46s|train_loss 0.00428813|val_loss 0.00293848
Epoch 327|time: 3.49s|train_loss 0.00448577|val_loss 0.00261233
Epoch 328|time: 3.37s|train_loss 0.00457767|val_loss 0.00127684
Epoch 329|time: 3.36s|train_loss 0.00343700|val_loss 0.00210958
Epoch 330|time: 3.51s|train_loss 0.00348689|val_loss 0.00074318
Epoch 331|time: 3.45s|train_loss 0.00287440|val_loss 0.00060482
Epoch 332|time: 3.39s|train_loss 0.00277346|val_loss 0.00092457
Epoch 333|time: 3.49s|train_loss 0.00295626|val_loss 0.00056722
Epoch 334|time: 3.38s|train_loss 0.00267924|val_loss 0.00061807
Epoch 335|time: 3.46s|train_loss 0.00271910|val_loss 0.00091240
Epoch 336|time: 3.46s|train_loss 0.00289873|val_loss 0.00062333
Epoch 337|time: 3.40s|train_loss 0.00266161|val_loss 0.00195901
Epoch 338|time: 3.39s|train_loss 0.00435660|val_loss 0.00129608
Epoch 339|time: 3.51s|train_loss 0.00336322|val_loss 0.00157764
Epoch 340|time: 3.39s|train_loss 0.00299817|val_loss 0.00209621
Epoch 341|time: 3.38s|train_loss 0.00351233|val_loss 0.00220496
Epoch 342|time: 3.49s|train_loss 0.00371938|val_loss 0.00170186
Epoch 343|time: 3.38s|train_loss 0.00304754|val_loss 0.00062207
Epoch 344|time: 3.39s|train_loss 0.00290609|val_loss 0.00061593
Epoch 345|time: 3.59s|train_loss 0.00280014|val_loss 0.00060316
Epoch 346|time: 3.38s|train_loss 0.00275575|val_loss 0.00087020
Epoch 347|time: 3.38s|train_loss 0.00292935|val_loss 0.00134300
Epoch 348|time: 3.45s|train_loss 0.00288274|val_loss 0.00166706
Final evaluation
TEST MAE 0.5573 | std 0.1811 | RMSE 0.8018 | RMSEs 0.7721 | PCC 0.7002 | PCCs 0.5134 | R2 0.2778 | R2s -0.0701 | Var 0.4870 | Vars 0.2539 | Peak 0.3837
