--------Parameters--------
Namespace(batch=32, bi=False, check_point=1, cuda=False, dataset='us_hhs', dropout=0.2, epilambda=0.5, epochs=500, gpu=3, hidsp=15, horizon=2, k=10, lamda=0.01, lr=0.1, model='cola_gnn_epi', mylog=False, n_hidden=10, n_layer=1, patience=200, rnn_model='RNN', save_dir='save', seed=42, shuffle=False, sim_mat='us_hhs-adj', test=0.2, train=0.6, val=0.2, weight_decay=0.0005, window=20)
--------------------------
data shape (364, 10)
size of train/val/test sets 197 73 73
#params: 2005
begin training
Epoch   1|time: 3.13s|train_loss 0.00888074|val_loss 0.00177386
Best validation epoch: 1 Tue May 23 10:17:39 2023
TEST MAE 2.6764 | std 0.8329 | RMSE 2.9029 | RMSEs 2.7760 | PCC -0.1410 | PCCs 0.2749 | R2 -8.4660 | R2s -13.3016 | Var -0.4192 | Vars 0.0627 | Peak 1.2520
Epoch   2|time: 2.95s|train_loss 0.00590374|val_loss 0.00046420
Best validation epoch: 2 Tue May 23 10:17:42 2023
TEST MAE 0.4890 | std 0.1275 | RMSE 0.6635 | RMSEs 0.6356 | PCC 0.7568 | PCCs 0.8774 | R2 0.5055 | R2s 0.2842 | Var 0.5066 | Vars 0.3596 | Peak 0.2517
Epoch   3|time: 2.95s|train_loss 0.00529692|val_loss 0.00078508
Epoch   4|time: 3.12s|train_loss 0.00564315|val_loss 0.00068274
Epoch   5|time: 2.93s|train_loss 0.00511910|val_loss 0.00049863
Epoch   6|time: 2.95s|train_loss 0.00493509|val_loss 0.00043920
Best validation epoch: 6 Tue May 23 10:17:55 2023
TEST MAE 0.5136 | std 0.1846 | RMSE 0.6523 | RMSEs 0.6162 | PCC 0.9032 | PCCs 0.8870 | R2 0.5221 | R2s 0.3412 | Var 0.8009 | Vars 0.7731 | Peak 0.2517
Epoch   7|time: 3.04s|train_loss 0.00452595|val_loss 0.00023962
Best validation epoch: 7 Tue May 23 10:17:59 2023
TEST MAE 0.2604 | std 0.0800 | RMSE 0.3982 | RMSEs 0.3758 | PCC 0.9147 | PCCs 0.8921 | R2 0.8219 | R2s 0.7498 | Var 0.8226 | Vars 0.7716 | Peak 0.1537
Epoch   8|time: 2.93s|train_loss 0.00431431|val_loss 0.00048922
Epoch   9|time: 2.92s|train_loss 0.00437262|val_loss 0.00020557
Best validation epoch: 9 Tue May 23 10:18:05 2023
TEST MAE 0.2377 | std 0.0802 | RMSE 0.3806 | RMSEs 0.3588 | PCC 0.9241 | PCCs 0.8964 | R2 0.8373 | R2s 0.7738 | Var 0.8458 | Vars 0.7929 | Peak 0.1525
Epoch  10|time: 3.09s|train_loss 0.00432888|val_loss 0.00021254
Epoch  11|time: 2.95s|train_loss 0.00415782|val_loss 0.00041722
Epoch  12|time: 2.93s|train_loss 0.00398832|val_loss 0.00026620
Epoch  13|time: 3.03s|train_loss 0.00423346|val_loss 0.00057807
Epoch  14|time: 2.93s|train_loss 0.00422379|val_loss 0.00047360
Epoch  15|time: 3.03s|train_loss 0.00418768|val_loss 0.00094806
Epoch  16|time: 3.01s|train_loss 0.00391505|val_loss 0.00029588
Epoch  17|time: 2.93s|train_loss 0.00369383|val_loss 0.00054913
Epoch  18|time: 2.93s|train_loss 0.00417174|val_loss 0.00046420
Epoch  19|time: 2.94s|train_loss 0.00396081|val_loss 0.00033528
Epoch  20|time: 3.19s|train_loss 0.00389390|val_loss 0.00021546
Epoch  21|time: 2.94s|train_loss 0.00385865|val_loss 0.00038183
Epoch  22|time: 2.92s|train_loss 0.00393851|val_loss 0.00031457
Epoch  23|time: 2.99s|train_loss 0.00378237|val_loss 0.00058402
Epoch  24|time: 2.93s|train_loss 0.00386990|val_loss 0.00023491
Epoch  25|time: 3.00s|train_loss 0.00373313|val_loss 0.00051261
Epoch  26|time: 3.02s|train_loss 0.00366567|val_loss 0.00029483
Epoch  27|time: 2.96s|train_loss 0.00366146|val_loss 0.00028982
Epoch  28|time: 2.93s|train_loss 0.00370525|val_loss 0.00020178
Best validation epoch: 28 Tue May 23 10:19:03 2023
TEST MAE 0.2326 | std 0.0643 | RMSE 0.3495 | RMSEs 0.3352 | PCC 0.9294 | PCCs 0.8974 | R2 0.8628 | R2s 0.7957 | Var 0.8631 | Vars 0.8020 | Peak 0.1373
Epoch  29|time: 3.00s|train_loss 0.00378905|val_loss 0.00080606
Epoch  30|time: 2.98s|train_loss 0.00491284|val_loss 0.00060185
Epoch  31|time: 2.92s|train_loss 0.00441536|val_loss 0.00027341
Epoch  32|time: 2.93s|train_loss 0.00427321|val_loss 0.00021601
Epoch  33|time: 3.15s|train_loss 0.00400547|val_loss 0.00029381
Epoch  34|time: 2.93s|train_loss 0.00413937|val_loss 0.00029846
Epoch  35|time: 2.92s|train_loss 0.00383368|val_loss 0.00019584
Best validation epoch: 35 Tue May 23 10:19:24 2023
TEST MAE 0.2296 | std 0.0756 | RMSE 0.3735 | RMSEs 0.3555 | PCC 0.9323 | PCCs 0.9019 | R2 0.8433 | R2s 0.7760 | Var 0.8608 | Vars 0.8030 | Peak 0.1530
Epoch  36|time: 2.99s|train_loss 0.00392283|val_loss 0.00022376
Epoch  37|time: 3.00s|train_loss 0.00407464|val_loss 0.00020744
Epoch  38|time: 3.01s|train_loss 0.00401077|val_loss 0.00059930
Epoch  39|time: 3.20s|train_loss 0.00390093|val_loss 0.00035208
Epoch  40|time: 3.12s|train_loss 0.00377874|val_loss 0.00049030
Epoch  41|time: 3.01s|train_loss 0.00386537|val_loss 0.00044652
Epoch  42|time: 3.01s|train_loss 0.00374524|val_loss 0.00035754
Epoch  43|time: 3.13s|train_loss 0.00371455|val_loss 0.00038668
Epoch  44|time: 2.93s|train_loss 0.00448184|val_loss 0.00026814
Epoch  45|time: 2.93s|train_loss 0.00539674|val_loss 0.00352184
Epoch  46|time: 3.06s|train_loss 0.00633569|val_loss 0.00085477
Epoch  47|time: 2.99s|train_loss 0.00558333|val_loss 0.00085680
Epoch  48|time: 2.94s|train_loss 0.00493560|val_loss 0.00156529
Epoch  49|time: 2.99s|train_loss 0.00469988|val_loss 0.00106548
Epoch  50|time: 2.93s|train_loss 0.00460939|val_loss 0.00067987
Epoch  51|time: 2.93s|train_loss 0.00460404|val_loss 0.00235699
Epoch  52|time: 2.92s|train_loss 0.00511221|val_loss 0.00056722
Epoch  53|time: 3.02s|train_loss 0.00427253|val_loss 0.00052724
Epoch  54|time: 2.92s|train_loss 0.00409472|val_loss 0.00064454
Epoch  55|time: 2.92s|train_loss 0.00412590|val_loss 0.00035225
Epoch  56|time: 2.92s|train_loss 0.00480100|val_loss 0.00087675
Epoch  57|time: 2.99s|train_loss 0.00445381|val_loss 0.00066443
Epoch  58|time: 2.93s|train_loss 0.00474390|val_loss 0.00055521
Epoch  59|time: 2.93s|train_loss 0.00428428|val_loss 0.00028144
Epoch  60|time: 3.05s|train_loss 0.00398598|val_loss 0.00085430
Epoch  61|time: 3.01s|train_loss 0.00432327|val_loss 0.00087137
Epoch  62|time: 2.92s|train_loss 0.00425454|val_loss 0.00033790
Epoch  63|time: 3.09s|train_loss 0.00396529|val_loss 0.00050586
Epoch  64|time: 3.00s|train_loss 0.00377771|val_loss 0.00022591
Epoch  65|time: 3.00s|train_loss 0.00381302|val_loss 0.00022461
Epoch  66|time: 3.07s|train_loss 0.00384702|val_loss 0.00021893
Epoch  67|time: 2.99s|train_loss 0.00373618|val_loss 0.00040892
Epoch  68|time: 3.01s|train_loss 0.00402961|val_loss 0.00029211
Epoch  69|time: 3.01s|train_loss 0.00380276|val_loss 0.00056653
Epoch  70|time: 3.00s|train_loss 0.00384735|val_loss 0.00069877
Epoch  71|time: 3.07s|train_loss 0.00403847|val_loss 0.00045673
Epoch  72|time: 3.00s|train_loss 0.00369907|val_loss 0.00040511
Epoch  73|time: 3.07s|train_loss 0.00375490|val_loss 0.00025988
Epoch  74|time: 3.00s|train_loss 0.00380717|val_loss 0.00049092
Epoch  75|time: 3.07s|train_loss 0.00380116|val_loss 0.00075077
Epoch  76|time: 3.17s|train_loss 0.00407855|val_loss 0.00025858
Epoch  77|time: 3.00s|train_loss 0.00398731|val_loss 0.00056039
Epoch  78|time: 2.61s|train_loss 0.00377611|val_loss 0.00051796
Epoch  79|time: 1.90s|train_loss 0.00410810|val_loss 0.00022011
Epoch  80|time: 2.38s|train_loss 0.00399025|val_loss 0.00061535
Epoch  81|time: 3.24s|train_loss 0.00385501|val_loss 0.00072398
Epoch  82|time: 3.03s|train_loss 0.00456551|val_loss 0.00048702
Epoch  83|time: 3.02s|train_loss 0.00482130|val_loss 0.00031979
Epoch  84|time: 3.01s|train_loss 0.00384979|val_loss 0.00035133
Epoch  85|time: 3.14s|train_loss 0.00412276|val_loss 0.00022331
Epoch  86|time: 3.02s|train_loss 0.00391272|val_loss 0.00025926
Epoch  87|time: 3.02s|train_loss 0.00424593|val_loss 0.00050301
Epoch  88|time: 3.01s|train_loss 0.00454529|val_loss 0.00069984
Epoch  89|time: 3.07s|train_loss 0.00478613|val_loss 0.00067266
Epoch  90|time: 3.04s|train_loss 0.00564651|val_loss 0.00032929
Epoch  91|time: 3.03s|train_loss 0.00473888|val_loss 0.00035131
Epoch  92|time: 3.00s|train_loss 0.00462802|val_loss 0.00022858
Epoch  93|time: 3.22s|train_loss 0.00523506|val_loss 0.00022111
Epoch  94|time: 3.01s|train_loss 0.00554774|val_loss 0.00034136
Epoch  95|time: 3.01s|train_loss 0.00540814|val_loss 0.00048750
Epoch  96|time: 3.13s|train_loss 0.00556206|val_loss 0.00046975
Epoch  97|time: 3.00s|train_loss 0.00532338|val_loss 0.00090644
Epoch  98|time: 3.01s|train_loss 0.00549306|val_loss 0.00022308
Epoch  99|time: 3.09s|train_loss 0.00527785|val_loss 0.00051853
Epoch 100|time: 3.16s|train_loss 0.00551115|val_loss 0.00022130
Epoch 101|time: 3.02s|train_loss 0.00538894|val_loss 0.00076328
Epoch 102|time: 3.01s|train_loss 0.00551153|val_loss 0.00049784
Epoch 103|time: 3.13s|train_loss 0.00527758|val_loss 0.00029447
Epoch 104|time: 2.99s|train_loss 0.00518604|val_loss 0.00021150
Epoch 105|time: 3.01s|train_loss 0.00514479|val_loss 0.00032467
Epoch 106|time: 3.07s|train_loss 0.00518512|val_loss 0.00046770
Epoch 107|time: 3.06s|train_loss 0.00524687|val_loss 0.00044928
Epoch 108|time: 3.01s|train_loss 0.00521753|val_loss 0.00037060
Epoch 109|time: 3.05s|train_loss 0.00516609|val_loss 0.00047719
Epoch 110|time: 3.01s|train_loss 0.00520092|val_loss 0.00028131
Epoch 111|time: 3.01s|train_loss 0.00524074|val_loss 0.00022162
Epoch 112|time: 3.00s|train_loss 0.00514033|val_loss 0.00035702
Epoch 113|time: 3.12s|train_loss 0.00518365|val_loss 0.00020256
Epoch 114|time: 3.01s|train_loss 0.00511304|val_loss 0.00025282
Epoch 115|time: 3.00s|train_loss 0.00510161|val_loss 0.00035160
Epoch 116|time: 3.14s|train_loss 0.00519211|val_loss 0.00062038
Epoch 117|time: 3.08s|train_loss 0.00525845|val_loss 0.00035845
Epoch 118|time: 3.01s|train_loss 0.00518953|val_loss 0.00031558
Epoch 119|time: 3.03s|train_loss 0.00518156|val_loss 0.00031912
Epoch 120|time: 3.05s|train_loss 0.00508171|val_loss 0.00041219
Epoch 121|time: 3.08s|train_loss 0.00527070|val_loss 0.00025025
Epoch 122|time: 3.01s|train_loss 0.00512870|val_loss 0.00024238
Epoch 123|time: 3.17s|train_loss 0.00508053|val_loss 0.00029129
Epoch 124|time: 3.01s|train_loss 0.00509520|val_loss 0.00023895
Epoch 125|time: 3.00s|train_loss 0.00507178|val_loss 0.00032810
Epoch 126|time: 3.11s|train_loss 0.00510638|val_loss 0.00022294
Epoch 127|time: 3.01s|train_loss 0.00521104|val_loss 0.00024579
Epoch 128|time: 3.00s|train_loss 0.00530874|val_loss 0.00048190
Epoch 129|time: 3.11s|train_loss 0.00526367|val_loss 0.00047018
Epoch 130|time: 3.00s|train_loss 0.00517857|val_loss 0.00022268
Epoch 131|time: 3.08s|train_loss 0.00529853|val_loss 0.00041427
Epoch 132|time: 3.08s|train_loss 0.00523979|val_loss 0.00053045
Epoch 133|time: 3.02s|train_loss 0.00523543|val_loss 0.00023187
Epoch 134|time: 3.02s|train_loss 0.00517676|val_loss 0.00023006
Epoch 135|time: 3.09s|train_loss 0.00502486|val_loss 0.00021089
Epoch 136|time: 3.15s|train_loss 0.00505275|val_loss 0.00047162
Epoch 137|time: 3.03s|train_loss 0.00532055|val_loss 0.00044958
Epoch 138|time: 3.01s|train_loss 0.00507554|val_loss 0.00029798
Epoch 139|time: 3.10s|train_loss 0.00710471|val_loss 0.00038926
Epoch 140|time: 3.36s|train_loss 0.00566174|val_loss 0.00022293
Epoch 141|time: 3.02s|train_loss 0.00536930|val_loss 0.00046169
Epoch 142|time: 3.12s|train_loss 0.00526191|val_loss 0.00041452
Epoch 143|time: 3.02s|train_loss 0.00529704|val_loss 0.00036747
Epoch 144|time: 3.02s|train_loss 0.00525623|val_loss 0.00028420
Epoch 145|time: 3.12s|train_loss 0.00529571|val_loss 0.00062430
Epoch 146|time: 3.02s|train_loss 0.00530565|val_loss 0.00050083
Epoch 147|time: 3.01s|train_loss 0.00523084|val_loss 0.00026412
Epoch 148|time: 3.02s|train_loss 0.00514589|val_loss 0.00024023
Epoch 149|time: 3.19s|train_loss 0.00510463|val_loss 0.00021595
Epoch 150|time: 3.01s|train_loss 0.00513900|val_loss 0.00025210
Epoch 151|time: 3.01s|train_loss 0.00515403|val_loss 0.00027212
Epoch 152|time: 3.06s|train_loss 0.00512239|val_loss 0.00021544
Epoch 153|time: 3.09s|train_loss 0.00513757|val_loss 0.00031518
Epoch 154|time: 3.02s|train_loss 0.00516341|val_loss 0.00031839
Epoch 155|time: 3.14s|train_loss 0.00517734|val_loss 0.00056644
Epoch 156|time: 3.02s|train_loss 0.00522544|val_loss 0.00027173
Epoch 157|time: 3.03s|train_loss 0.00509329|val_loss 0.00035421
Epoch 158|time: 3.01s|train_loss 0.00513377|val_loss 0.00043687
Epoch 159|time: 3.20s|train_loss 0.00520347|val_loss 0.00030269
Epoch 160|time: 3.02s|train_loss 0.00515863|val_loss 0.00031562
Epoch 161|time: 3.01s|train_loss 0.00509213|val_loss 0.00026850
Epoch 162|time: 3.11s|train_loss 0.00516978|val_loss 0.00031928
Epoch 163|time: 3.07s|train_loss 0.00508749|val_loss 0.00032754
Epoch 164|time: 3.01s|train_loss 0.00529395|val_loss 0.00049060
Epoch 165|time: 3.17s|train_loss 0.00554361|val_loss 0.00038148
Epoch 166|time: 3.02s|train_loss 0.00528405|val_loss 0.00046130
Epoch 167|time: 3.08s|train_loss 0.00527608|val_loss 0.00022755
Epoch 168|time: 3.09s|train_loss 0.00537914|val_loss 0.00025048
Epoch 169|time: 3.01s|train_loss 0.00525386|val_loss 0.00027896
Epoch 170|time: 3.02s|train_loss 0.00518392|val_loss 0.00023187
Epoch 171|time: 3.02s|train_loss 0.00527898|val_loss 0.00023422
Epoch 172|time: 3.14s|train_loss 0.00517613|val_loss 0.00024051
Epoch 173|time: 3.09s|train_loss 0.00526328|val_loss 0.00029992
Epoch 174|time: 3.00s|train_loss 0.00521658|val_loss 0.00023027
Epoch 175|time: 3.05s|train_loss 0.00527794|val_loss 0.00030983
Epoch 176|time: 3.00s|train_loss 0.00523400|val_loss 0.00036913
Epoch 177|time: 3.07s|train_loss 0.00559758|val_loss 0.00031599
Epoch 178|time: 3.13s|train_loss 0.00532201|val_loss 0.00033113
Epoch 179|time: 3.01s|train_loss 0.00534596|val_loss 0.00039925
Epoch 180|time: 3.01s|train_loss 0.00526911|val_loss 0.00059390
Epoch 181|time: 3.11s|train_loss 0.00536538|val_loss 0.00031962
Epoch 182|time: 3.01s|train_loss 0.00557378|val_loss 0.00031827
Epoch 183|time: 3.01s|train_loss 0.00559914|val_loss 0.00037739
Epoch 184|time: 3.01s|train_loss 0.00572726|val_loss 0.00044275
Epoch 185|time: 3.15s|train_loss 0.00543600|val_loss 0.00032903
Epoch 186|time: 3.08s|train_loss 0.00541398|val_loss 0.00032513
Epoch 187|time: 3.01s|train_loss 0.00529923|val_loss 0.00075956
Epoch 188|time: 3.02s|train_loss 0.00544988|val_loss 0.00090686
Epoch 189|time: 3.01s|train_loss 0.00544274|val_loss 0.00044920
Epoch 190|time: 3.02s|train_loss 0.00513797|val_loss 0.00022532
Epoch 191|time: 3.12s|train_loss 0.00534347|val_loss 0.00047111
Epoch 192|time: 3.01s|train_loss 0.00511684|val_loss 0.00035033
Epoch 193|time: 3.01s|train_loss 0.00548148|val_loss 0.00057159
Epoch 194|time: 3.01s|train_loss 0.00563918|val_loss 0.00052872
Epoch 195|time: 3.22s|train_loss 0.00547151|val_loss 0.00039924
Epoch 196|time: 3.01s|train_loss 0.00538757|val_loss 0.00028669
Epoch 197|time: 3.02s|train_loss 0.00545418|val_loss 0.00030130
Epoch 198|time: 3.06s|train_loss 0.00546181|val_loss 0.00064851
Epoch 199|time: 3.02s|train_loss 0.00532402|val_loss 0.00034208
Epoch 200|time: 3.11s|train_loss 0.00522775|val_loss 0.00025597
Epoch 201|time: 3.02s|train_loss 0.00514312|val_loss 0.00027743
Epoch 202|time: 3.01s|train_loss 0.00520224|val_loss 0.00035882
Epoch 203|time: 3.02s|train_loss 0.00519304|val_loss 0.00064936
Epoch 204|time: 3.01s|train_loss 0.00527804|val_loss 0.00028895
Epoch 205|time: 3.10s|train_loss 0.00526454|val_loss 0.00062082
Epoch 206|time: 3.01s|train_loss 0.00553110|val_loss 0.00032260
Epoch 207|time: 3.02s|train_loss 0.00540327|val_loss 0.00045031
Epoch 208|time: 3.04s|train_loss 0.00534130|val_loss 0.00061113
Epoch 209|time: 3.08s|train_loss 0.00536616|val_loss 0.00023237
Epoch 210|time: 3.02s|train_loss 0.00522991|val_loss 0.00028535
Epoch 211|time: 3.03s|train_loss 0.00523244|val_loss 0.00050385
Epoch 212|time: 3.00s|train_loss 0.00542569|val_loss 0.00044639
Epoch 213|time: 3.09s|train_loss 0.00518142|val_loss 0.00053579
Epoch 214|time: 3.01s|train_loss 0.00529057|val_loss 0.00045435
Epoch 215|time: 3.01s|train_loss 0.00524906|val_loss 0.00048570
Epoch 216|time: 3.01s|train_loss 0.00516816|val_loss 0.00035281
Epoch 217|time: 3.01s|train_loss 0.00510022|val_loss 0.00031662
Epoch 218|time: 3.03s|train_loss 0.00518792|val_loss 0.00024961
Epoch 219|time: 3.20s|train_loss 0.00524398|val_loss 0.00041878
Epoch 220|time: 3.01s|train_loss 0.00533265|val_loss 0.00044472
Epoch 221|time: 3.04s|train_loss 0.00540561|val_loss 0.00068348
Epoch 222|time: 3.01s|train_loss 0.00534649|val_loss 0.00037332
Epoch 223|time: 3.07s|train_loss 0.00532901|val_loss 0.00084568
Epoch 224|time: 3.11s|train_loss 0.00561738|val_loss 0.00076640
Epoch 225|time: 3.00s|train_loss 0.00556104|val_loss 0.00039223
Epoch 226|time: 3.02s|train_loss 0.00528321|val_loss 0.00037009
Epoch 227|time: 3.09s|train_loss 0.00520100|val_loss 0.00047174
Epoch 228|time: 3.02s|train_loss 0.00520753|val_loss 0.00052564
Epoch 229|time: 3.01s|train_loss 0.00528640|val_loss 0.00031751
Epoch 230|time: 3.01s|train_loss 0.00524331|val_loss 0.00025842
Epoch 231|time: 3.03s|train_loss 0.00525344|val_loss 0.00031103
Epoch 232|time: 3.01s|train_loss 0.00511985|val_loss 0.00021079
Epoch 233|time: 3.08s|train_loss 0.00508939|val_loss 0.00023487
Epoch 234|time: 3.11s|train_loss 0.00506533|val_loss 0.00022004
Epoch 235|time: 3.01s|train_loss 0.00501814|val_loss 0.00021156
Final evaluation
TEST MAE 0.2296 | std 0.0756 | RMSE 0.3735 | RMSEs 0.3555 | PCC 0.9323 | PCCs 0.9019 | R2 0.8433 | R2s 0.7760 | Var 0.8608 | Vars 0.8030 | Peak 0.1530
