--------Parameters--------
Namespace(batch=32, bi=False, check_point=1, cuda=False, dataset='us_hhs', dropout=0.2, epilambda=0.5, epochs=500, gpu=3, hidsp=15, horizon=1, k=10, lamda=0.01, lr=0.1, model='cola_gnn_epi', mylog=False, n_hidden=10, n_layer=1, patience=200, rnn_model='RNN', save_dir='save', seed=42, shuffle=False, sim_mat='us_hhs-adj', test=0.2, train=0.6, val=0.2, weight_decay=0.0005, window=20)
--------------------------
data shape (364, 10)
size of train/val/test sets 198 73 73
#params: 2005
begin training
Epoch   1|time: 3.38s|train_loss 0.00539676|val_loss 0.00123999
Best validation epoch: 1 Mon May 22 22:36:02 2023
TEST MAE 1.3167 | std 0.4488 | RMSE 1.5504 | RMSEs 1.4754 | PCC 0.6231 | PCCs 0.5543 | R2 -1.7001 | R2s -3.7952 | Var 0.1051 | Vars 0.0708 | Peak 0.3981
Epoch   2|time: 3.36s|train_loss 0.00458472|val_loss 0.00082385
Best validation epoch: 2 Mon May 22 22:36:06 2023
TEST MAE 0.9344 | std 0.1994 | RMSE 1.0751 | RMSEs 1.0504 | PCC 0.4743 | PCCs -0.3315 | R2 -0.2984 | R2s -1.2249 | Var 0.1925 | Vars -0.0274 | Peak 0.2179
Epoch   3|time: 3.37s|train_loss 0.00335126|val_loss 0.00062476
Best validation epoch: 3 Mon May 22 22:36:10 2023
TEST MAE 0.6623 | std 0.1350 | RMSE 0.8127 | RMSEs 0.7929 | PCC 0.5493 | PCCs 0.9000 | R2 0.2580 | R2s -0.1713 | Var 0.3008 | Vars 0.0684 | Peak 0.2438
Epoch   4|time: 3.37s|train_loss 0.00308500|val_loss 0.00049731
Best validation epoch: 4 Mon May 22 22:36:15 2023
TEST MAE 0.6305 | std 0.2427 | RMSE 0.9297 | RMSEs 0.8760 | PCC 0.6740 | PCCs 0.9220 | R2 0.0290 | R2s -0.3302 | Var 0.3356 | Vars 0.1406 | Peak 0.4674
Epoch   5|time: 3.40s|train_loss 0.00312577|val_loss 0.00046702
Best validation epoch: 5 Mon May 22 22:36:19 2023
TEST MAE 0.5044 | std 0.1503 | RMSE 0.7114 | RMSEs 0.6778 | PCC 0.7355 | PCCs 0.9383 | R2 0.4315 | R2s 0.1955 | Var 0.4579 | Vars 0.2764 | Peak 0.3066
Epoch   6|time: 3.01s|train_loss 0.00415418|val_loss 0.00046125
Best validation epoch: 6 Mon May 22 22:36:23 2023
TEST MAE 0.5550 | std 0.1803 | RMSE 0.7804 | RMSEs 0.7417 | PCC 0.7096 | PCCs 0.7635 | R2 0.3158 | R2s 0.0400 | Var 0.4047 | Vars 0.2014 | Peak 0.3682
Epoch   7|time: 3.00s|train_loss 0.00415464|val_loss 0.00099974
Epoch   8|time: 3.04s|train_loss 0.00353441|val_loss 0.00078107
Epoch   9|time: 3.14s|train_loss 0.00340384|val_loss 0.00069376
Epoch  10|time: 3.03s|train_loss 0.00321838|val_loss 0.00063742
Epoch  11|time: 3.04s|train_loss 0.00356834|val_loss 0.00159848
Epoch  12|time: 3.19s|train_loss 0.00401033|val_loss 0.00082692
Epoch  13|time: 3.03s|train_loss 0.00362157|val_loss 0.00134876
Epoch  14|time: 3.01s|train_loss 0.00314746|val_loss 0.00068446
Epoch  15|time: 3.13s|train_loss 0.00301638|val_loss 0.00057019
Epoch  16|time: 3.03s|train_loss 0.00284859|val_loss 0.00060553
Epoch  17|time: 3.09s|train_loss 0.00282549|val_loss 0.00074669
Epoch  18|time: 3.16s|train_loss 0.00285802|val_loss 0.00023725
Best validation epoch: 18 Mon May 22 22:37:00 2023
TEST MAE 0.2844 | std 0.0881 | RMSE 0.4250 | RMSEs 0.4050 | PCC 0.9470 | PCCs 0.9360 | R2 0.7971 | R2s 0.7122 | Var 0.8238 | Vars 0.7561 | Peak 0.1870
Epoch  19|time: 3.03s|train_loss 0.00269865|val_loss 0.00053303
Epoch  20|time: 3.01s|train_loss 0.00274605|val_loss 0.00023616
Best validation epoch: 20 Mon May 22 22:37:07 2023
TEST MAE 0.2525 | std 0.0537 | RMSE 0.3171 | RMSEs 0.3097 | PCC 0.9532 | PCCs 0.9344 | R2 0.8870 | R2s 0.8160 | Var 0.9005 | Vars 0.8519 | Peak 0.1011
Epoch  21|time: 3.11s|train_loss 0.00259818|val_loss 0.00065022
Epoch  22|time: 3.00s|train_loss 0.00276119|val_loss 0.00027292
Epoch  23|time: 3.10s|train_loss 0.00269975|val_loss 0.00054737
Epoch  24|time: 3.10s|train_loss 0.00274047|val_loss 0.00021663
Best validation epoch: 24 Mon May 22 22:37:20 2023
TEST MAE 0.2358 | std 0.0503 | RMSE 0.3015 | RMSEs 0.2941 | PCC 0.9558 | PCCs 0.9361 | R2 0.8979 | R2s 0.8348 | Var 0.9061 | Vars 0.8589 | Peak 0.0998
Epoch  25|time: 3.02s|train_loss 0.00256869|val_loss 0.00027010
Epoch  26|time: 3.01s|train_loss 0.00257782|val_loss 0.00036242
Epoch  27|time: 3.21s|train_loss 0.00273286|val_loss 0.00075945
Epoch  28|time: 3.11s|train_loss 0.00269185|val_loss 0.00019799
Best validation epoch: 28 Mon May 22 22:37:33 2023
TEST MAE 0.2153 | std 0.0469 | RMSE 0.2842 | RMSEs 0.2766 | PCC 0.9583 | PCCs 0.9373 | R2 0.9093 | R2s 0.8549 | Var 0.9161 | Vars 0.8726 | Peak 0.0981
Epoch  29|time: 3.02s|train_loss 0.00256619|val_loss 0.00023078
Epoch  30|time: 3.13s|train_loss 0.00258677|val_loss 0.00025684
Epoch  31|time: 3.08s|train_loss 0.00253609|val_loss 0.00036046
Epoch  32|time: 3.02s|train_loss 0.00268453|val_loss 0.00054389
Epoch  33|time: 3.05s|train_loss 0.00299860|val_loss 0.00075912
Epoch  34|time: 3.13s|train_loss 0.00277624|val_loss 0.00033105
Epoch  35|time: 3.02s|train_loss 0.00252914|val_loss 0.00022515
Epoch  36|time: 3.07s|train_loss 0.00252803|val_loss 0.00026436
Epoch  37|time: 3.08s|train_loss 0.00255793|val_loss 0.00038419
Epoch  38|time: 3.00s|train_loss 0.00258468|val_loss 0.00054383
Epoch  39|time: 3.09s|train_loss 0.00271783|val_loss 0.00016470
Best validation epoch: 39 Mon May 22 22:38:08 2023
TEST MAE 0.2109 | std 0.0577 | RMSE 0.3135 | RMSEs 0.3006 | PCC 0.9590 | PCCs 0.9375 | R2 0.8896 | R2s 0.8375 | Var 0.9031 | Vars 0.8579 | Peak 0.1333
Epoch  40|time: 3.09s|train_loss 0.00249793|val_loss 0.00016111
Best validation epoch: 40 Mon May 22 22:38:11 2023
TEST MAE 0.1924 | std 0.0481 | RMSE 0.2770 | RMSEs 0.2670 | PCC 0.9594 | PCCs 0.9377 | R2 0.9138 | R2s 0.8685 | Var 0.9149 | Vars 0.8713 | Peak 0.1102
Epoch  41|time: 3.01s|train_loss 0.00253958|val_loss 0.00030690
Epoch  42|time: 3.23s|train_loss 0.00262882|val_loss 0.00044030
Epoch  43|time: 3.10s|train_loss 0.00275466|val_loss 0.00029631
Epoch  44|time: 3.13s|train_loss 0.00274445|val_loss 0.00034605
Epoch  45|time: 3.00s|train_loss 0.00273686|val_loss 0.00066706
Epoch  46|time: 3.06s|train_loss 0.00275981|val_loss 0.00058027
Epoch  47|time: 3.09s|train_loss 0.00276316|val_loss 0.00093838
Epoch  48|time: 3.02s|train_loss 0.00297393|val_loss 0.00057463
Epoch  49|time: 3.09s|train_loss 0.00268436|val_loss 0.00042954
Epoch  50|time: 3.01s|train_loss 0.00264080|val_loss 0.00047572
Epoch  51|time: 3.10s|train_loss 0.00263163|val_loss 0.00055732
Epoch  52|time: 3.02s|train_loss 0.00266735|val_loss 0.00023274
Epoch  53|time: 3.19s|train_loss 0.00264756|val_loss 0.00014777
Best validation epoch: 53 Mon May 22 22:38:52 2023
TEST MAE 0.2009 | std 0.0547 | RMSE 0.2919 | RMSEs 0.2820 | PCC 0.9591 | PCCs 0.9368 | R2 0.9043 | R2s 0.8536 | Var 0.9186 | Vars 0.8760 | Peak 0.1209
Epoch  54|time: 3.00s|train_loss 0.00269908|val_loss 0.00017206
Epoch  55|time: 3.15s|train_loss 0.00255748|val_loss 0.00038235
Epoch  56|time: 3.05s|train_loss 0.00264463|val_loss 0.00031570
Epoch  57|time: 3.00s|train_loss 0.00255418|val_loss 0.00034084
Epoch  58|time: 3.00s|train_loss 0.00265529|val_loss 0.00036075
Epoch  59|time: 3.15s|train_loss 0.00275504|val_loss 0.00016442
Epoch  60|time: 3.05s|train_loss 0.00271424|val_loss 0.00022126
Epoch  61|time: 3.10s|train_loss 0.00259846|val_loss 0.00042157
Epoch  62|time: 3.01s|train_loss 0.00267449|val_loss 0.00016511
Epoch  63|time: 3.02s|train_loss 0.00270159|val_loss 0.00016093
Epoch  64|time: 3.01s|train_loss 0.00256471|val_loss 0.00019335
Epoch  65|time: 3.15s|train_loss 0.00252257|val_loss 0.00026255
Epoch  66|time: 3.03s|train_loss 0.00259363|val_loss 0.00017276
Epoch  67|time: 3.00s|train_loss 0.00247926|val_loss 0.00019384
Epoch  68|time: 3.02s|train_loss 0.00253848|val_loss 0.00014779
Epoch  69|time: 3.11s|train_loss 0.00253557|val_loss 0.00021782
Epoch  70|time: 3.00s|train_loss 0.00261610|val_loss 0.00021505
Epoch  71|time: 3.02s|train_loss 0.00254130|val_loss 0.00017220
Epoch  72|time: 3.10s|train_loss 0.00266949|val_loss 0.00020569
Epoch  73|time: 3.02s|train_loss 0.00258490|val_loss 0.00028055
Epoch  74|time: 3.00s|train_loss 0.00265962|val_loss 0.00025438
Epoch  75|time: 3.28s|train_loss 0.00265003|val_loss 0.00025101
Epoch  76|time: 3.01s|train_loss 0.00253281|val_loss 0.00034519
Epoch  77|time: 3.01s|train_loss 0.00254444|val_loss 0.00025846
Epoch  78|time: 3.10s|train_loss 0.00270527|val_loss 0.00039386
Epoch  79|time: 3.08s|train_loss 0.00265336|val_loss 0.00052834
Epoch  80|time: 3.02s|train_loss 0.00271351|val_loss 0.00065469
Epoch  81|time: 3.01s|train_loss 0.00274990|val_loss 0.00041299
Epoch  82|time: 3.14s|train_loss 0.00257294|val_loss 0.00022978
Epoch  83|time: 3.10s|train_loss 0.00253091|val_loss 0.00016439
Epoch  84|time: 3.01s|train_loss 0.00252107|val_loss 0.00015200
Epoch  85|time: 3.11s|train_loss 0.00261410|val_loss 0.00063265
Epoch  86|time: 3.01s|train_loss 0.00258484|val_loss 0.00027693
Epoch  87|time: 3.02s|train_loss 0.00257210|val_loss 0.00034422
Epoch  88|time: 3.07s|train_loss 0.00263219|val_loss 0.00043793
Epoch  89|time: 3.41s|train_loss 0.00264983|val_loss 0.00038702
Epoch  90|time: 3.02s|train_loss 0.00259008|val_loss 0.00051061
Epoch  91|time: 3.01s|train_loss 0.00269858|val_loss 0.00016440
Epoch  92|time: 3.00s|train_loss 0.00256124|val_loss 0.00015137
Epoch  93|time: 3.09s|train_loss 0.00265002|val_loss 0.00015798
Epoch  94|time: 3.02s|train_loss 0.00271796|val_loss 0.00024719
Epoch  95|time: 3.09s|train_loss 0.00274372|val_loss 0.00047381
Epoch  96|time: 2.99s|train_loss 0.00268227|val_loss 0.00025091
Epoch  97|time: 3.12s|train_loss 0.00266847|val_loss 0.00043336
Epoch  98|time: 3.08s|train_loss 0.00271730|val_loss 0.00031809
Epoch  99|time: 3.10s|train_loss 0.00264027|val_loss 0.00028808
Epoch 100|time: 3.03s|train_loss 0.00252828|val_loss 0.00018691
Epoch 101|time: 3.21s|train_loss 0.00254915|val_loss 0.00017083
Epoch 102|time: 3.18s|train_loss 0.00252288|val_loss 0.00044984
Epoch 103|time: 3.09s|train_loss 0.00283128|val_loss 0.00034664
Epoch 104|time: 3.04s|train_loss 0.00314289|val_loss 0.00129828
Epoch 105|time: 3.07s|train_loss 0.00319344|val_loss 0.00092757
Epoch 106|time: 3.00s|train_loss 0.00307136|val_loss 0.00049849
Epoch 107|time: 3.14s|train_loss 0.00283479|val_loss 0.00049519
Epoch 108|time: 3.02s|train_loss 0.00267922|val_loss 0.00051716
Epoch 109|time: 3.02s|train_loss 0.00258294|val_loss 0.00062163
Epoch 110|time: 3.01s|train_loss 0.00267420|val_loss 0.00016670
Epoch 111|time: 3.08s|train_loss 0.00266885|val_loss 0.00017977
Epoch 112|time: 3.20s|train_loss 0.00262996|val_loss 0.00048945
Epoch 113|time: 3.02s|train_loss 0.00257042|val_loss 0.00018114
Epoch 114|time: 3.10s|train_loss 0.00251568|val_loss 0.00015826
Epoch 115|time: 3.09s|train_loss 0.00253000|val_loss 0.00015305
Epoch 116|time: 3.01s|train_loss 0.00258669|val_loss 0.00029782
Epoch 117|time: 3.04s|train_loss 0.00269267|val_loss 0.00072689
Epoch 118|time: 3.06s|train_loss 0.00289397|val_loss 0.00076191
Epoch 119|time: 3.01s|train_loss 0.00289178|val_loss 0.00039090
Epoch 120|time: 3.01s|train_loss 0.00288776|val_loss 0.00020001
Epoch 121|time: 3.20s|train_loss 0.00262860|val_loss 0.00024213
Epoch 122|time: 3.00s|train_loss 0.00254138|val_loss 0.00057671
Epoch 123|time: 3.01s|train_loss 0.00271358|val_loss 0.00034883
Epoch 124|time: 3.22s|train_loss 0.00272376|val_loss 0.00033783
Epoch 125|time: 3.06s|train_loss 0.00273248|val_loss 0.00049276
Epoch 126|time: 3.01s|train_loss 0.00278050|val_loss 0.00030477
Epoch 127|time: 3.02s|train_loss 0.00273778|val_loss 0.00016022
Epoch 128|time: 3.01s|train_loss 0.00258523|val_loss 0.00032830
Epoch 129|time: 3.07s|train_loss 0.00263248|val_loss 0.00028017
Epoch 130|time: 3.03s|train_loss 0.00255538|val_loss 0.00018646
Epoch 131|time: 3.19s|train_loss 0.00261630|val_loss 0.00048055
Epoch 132|time: 3.00s|train_loss 0.00262089|val_loss 0.00018654
Epoch 133|time: 3.02s|train_loss 0.00267199|val_loss 0.00047458
Epoch 134|time: 3.07s|train_loss 0.00265631|val_loss 0.00021302
Epoch 135|time: 3.08s|train_loss 0.00260015|val_loss 0.00021821
Epoch 136|time: 3.01s|train_loss 0.00263357|val_loss 0.00023704
Epoch 137|time: 3.01s|train_loss 0.00261597|val_loss 0.00038511
Epoch 138|time: 3.03s|train_loss 0.00255017|val_loss 0.00023051
Epoch 139|time: 3.10s|train_loss 0.00253815|val_loss 0.00016135
Epoch 140|time: 3.02s|train_loss 0.00263009|val_loss 0.00031327
Epoch 141|time: 3.00s|train_loss 0.00258470|val_loss 0.00020173
Epoch 142|time: 3.01s|train_loss 0.00254600|val_loss 0.00024834
Epoch 143|time: 3.08s|train_loss 0.00253154|val_loss 0.00015636
Epoch 144|time: 3.11s|train_loss 0.00249291|val_loss 0.00028513
Epoch 145|time: 3.00s|train_loss 0.00255247|val_loss 0.00025688
Epoch 146|time: 3.01s|train_loss 0.00251962|val_loss 0.00027006
Epoch 147|time: 3.07s|train_loss 0.00267096|val_loss 0.00038847
Epoch 148|time: 3.07s|train_loss 0.00260952|val_loss 0.00039405
Epoch 149|time: 3.02s|train_loss 0.00276535|val_loss 0.00042556
Epoch 150|time: 3.07s|train_loss 0.00274305|val_loss 0.00017594
Epoch 151|time: 3.13s|train_loss 0.00274197|val_loss 0.00090280
Epoch 152|time: 3.00s|train_loss 0.00293856|val_loss 0.00020819
Epoch 153|time: 3.09s|train_loss 0.00277957|val_loss 0.00051349
Epoch 154|time: 3.06s|train_loss 0.00276149|val_loss 0.00023325
Epoch 155|time: 3.00s|train_loss 0.00270504|val_loss 0.00059202
Epoch 156|time: 3.01s|train_loss 0.00268247|val_loss 0.00053034
Epoch 157|time: 3.12s|train_loss 0.00262166|val_loss 0.00015245
Epoch 158|time: 3.02s|train_loss 0.00259270|val_loss 0.00039515
Epoch 159|time: 3.01s|train_loss 0.00264050|val_loss 0.00026170
Epoch 160|time: 3.02s|train_loss 0.00253580|val_loss 0.00026072
Epoch 161|time: 3.02s|train_loss 0.00261053|val_loss 0.00047955
Epoch 162|time: 3.12s|train_loss 0.00274367|val_loss 0.00016066
Epoch 163|time: 3.07s|train_loss 0.00276029|val_loss 0.00069288
Epoch 164|time: 3.01s|train_loss 0.00277716|val_loss 0.00028603
Epoch 165|time: 3.01s|train_loss 0.00261319|val_loss 0.00016884
Epoch 166|time: 3.01s|train_loss 0.00255340|val_loss 0.00016110
Epoch 167|time: 3.13s|train_loss 0.00255026|val_loss 0.00020329
Epoch 168|time: 3.03s|train_loss 0.00260712|val_loss 0.00040782
Epoch 169|time: 3.02s|train_loss 0.00257266|val_loss 0.00019486
Epoch 170|time: 3.02s|train_loss 0.00254529|val_loss 0.00031025
Epoch 171|time: 3.23s|train_loss 0.00262746|val_loss 0.00033179
Epoch 172|time: 3.02s|train_loss 0.00266790|val_loss 0.00020014
Epoch 173|time: 3.09s|train_loss 0.00260093|val_loss 0.00038052
Epoch 174|time: 3.00s|train_loss 0.00264251|val_loss 0.00072887
Epoch 175|time: 3.09s|train_loss 0.00293679|val_loss 0.00097511
Epoch 176|time: 3.00s|train_loss 0.00295647|val_loss 0.00090607
Epoch 177|time: 3.04s|train_loss 0.00308051|val_loss 0.00025818
Epoch 178|time: 3.02s|train_loss 0.00289990|val_loss 0.00058702
Epoch 179|time: 3.01s|train_loss 0.00287626|val_loss 0.00049007
Epoch 180|time: 3.08s|train_loss 0.00267228|val_loss 0.00041514
Epoch 181|time: 3.11s|train_loss 0.00259718|val_loss 0.00045632
Epoch 182|time: 3.02s|train_loss 0.00265141|val_loss 0.00015195
Epoch 183|time: 3.09s|train_loss 0.00264065|val_loss 0.00024750
Epoch 184|time: 3.01s|train_loss 0.00274077|val_loss 0.00059078
Epoch 185|time: 3.06s|train_loss 0.00274304|val_loss 0.00019720
Epoch 186|time: 3.01s|train_loss 0.00264960|val_loss 0.00019960
Epoch 187|time: 3.01s|train_loss 0.00260150|val_loss 0.00015272
Epoch 188|time: 3.01s|train_loss 0.00252747|val_loss 0.00040657
Epoch 189|time: 3.09s|train_loss 0.00261700|val_loss 0.00058019
Epoch 190|time: 3.14s|train_loss 0.00282555|val_loss 0.00016389
Epoch 191|time: 3.05s|train_loss 0.00264710|val_loss 0.00015099
Epoch 192|time: 3.02s|train_loss 0.00267600|val_loss 0.00016803
Epoch 193|time: 3.08s|train_loss 0.00254810|val_loss 0.00015604
Epoch 194|time: 3.02s|train_loss 0.00251679|val_loss 0.00018658
Epoch 195|time: 3.08s|train_loss 0.00258481|val_loss 0.00040778
Epoch 196|time: 3.05s|train_loss 0.00275666|val_loss 0.00018543
Epoch 197|time: 3.01s|train_loss 0.00254304|val_loss 0.00015630
Epoch 198|time: 3.03s|train_loss 0.00254498|val_loss 0.00026023
Epoch 199|time: 3.07s|train_loss 0.00260893|val_loss 0.00037952
Epoch 200|time: 3.08s|train_loss 0.00258561|val_loss 0.00046324
Epoch 201|time: 3.01s|train_loss 0.00264527|val_loss 0.00051639
Epoch 202|time: 3.01s|train_loss 0.00278463|val_loss 0.00015788
Epoch 203|time: 3.18s|train_loss 0.00264854|val_loss 0.00015794
Epoch 204|time: 3.02s|train_loss 0.00261133|val_loss 0.00015952
Epoch 205|time: 3.01s|train_loss 0.00258374|val_loss 0.00015058
Epoch 206|time: 3.16s|train_loss 0.00248090|val_loss 0.00014898
Epoch 207|time: 3.02s|train_loss 0.00248040|val_loss 0.00019398
Epoch 208|time: 3.07s|train_loss 0.00265686|val_loss 0.00014926
Epoch 209|time: 3.05s|train_loss 0.00268744|val_loss 0.00017188
Epoch 210|time: 3.18s|train_loss 0.00262737|val_loss 0.00041688
Epoch 211|time: 3.02s|train_loss 0.00269709|val_loss 0.00020394
Epoch 212|time: 3.06s|train_loss 0.00267173|val_loss 0.00015563
Epoch 213|time: 3.16s|train_loss 0.00261720|val_loss 0.00018296
Epoch 214|time: 3.05s|train_loss 0.00269682|val_loss 0.00073489
Epoch 215|time: 3.04s|train_loss 0.00291623|val_loss 0.00035859
Epoch 216|time: 3.12s|train_loss 0.00280794|val_loss 0.00054356
Epoch 217|time: 3.19s|train_loss 0.00272255|val_loss 0.00030259
Epoch 218|time: 3.08s|train_loss 0.00264455|val_loss 0.00016588
Epoch 219|time: 3.15s|train_loss 0.00250753|val_loss 0.00014624
Best validation epoch: 219 Mon May 22 22:47:21 2023
TEST MAE 0.2071 | std 0.0565 | RMSE 0.2974 | RMSEs 0.2873 | PCC 0.9560 | PCCs 0.9327 | R2 0.9006 | R2s 0.8480 | Var 0.9135 | Vars 0.8682 | Peak 0.1251
Epoch 220|time: 3.11s|train_loss 0.00258934|val_loss 0.00025524
Epoch 221|time: 3.16s|train_loss 0.00278553|val_loss 0.00017938
Epoch 222|time: 3.26s|train_loss 0.00273600|val_loss 0.00038273
Epoch 223|time: 3.13s|train_loss 0.00261079|val_loss 0.00026751
Epoch 224|time: 3.15s|train_loss 0.00265352|val_loss 0.00015912
Epoch 225|time: 3.23s|train_loss 0.00270647|val_loss 0.00051618
Epoch 226|time: 3.30s|train_loss 0.00279580|val_loss 0.00090017
Epoch 227|time: 3.22s|train_loss 0.00283506|val_loss 0.00015465
Epoch 228|time: 3.31s|train_loss 0.00262009|val_loss 0.00020007
Epoch 229|time: 3.39s|train_loss 0.00266551|val_loss 0.00033421
Epoch 230|time: 3.29s|train_loss 0.00255141|val_loss 0.00032950
Epoch 231|time: 3.39s|train_loss 0.00261773|val_loss 0.00027946
Epoch 232|time: 3.28s|train_loss 0.00260852|val_loss 0.00032147
Epoch 233|time: 3.29s|train_loss 0.00257225|val_loss 0.00028442
Epoch 234|time: 3.37s|train_loss 0.00255462|val_loss 0.00023730
Epoch 235|time: 3.40s|train_loss 0.00249935|val_loss 0.00032693
Epoch 236|time: 3.31s|train_loss 0.00278886|val_loss 0.00030245
Epoch 237|time: 3.44s|train_loss 0.00271787|val_loss 0.00034003
Epoch 238|time: 3.33s|train_loss 0.00258418|val_loss 0.00022271
Epoch 239|time: 3.31s|train_loss 0.00258654|val_loss 0.00017260
Epoch 240|time: 3.46s|train_loss 0.00247537|val_loss 0.00019241
Epoch 241|time: 3.33s|train_loss 0.00252742|val_loss 0.00036568
Epoch 242|time: 3.34s|train_loss 0.00261333|val_loss 0.00018187
Epoch 243|time: 3.50s|train_loss 0.00251157|val_loss 0.00020438
Epoch 244|time: 3.41s|train_loss 0.00250310|val_loss 0.00014225
Best validation epoch: 244 Mon May 22 22:48:44 2023
TEST MAE 0.1894 | std 0.0513 | RMSE 0.2763 | RMSEs 0.2662 | PCC 0.9601 | PCCs 0.9398 | R2 0.9142 | R2s 0.8694 | Var 0.9218 | Vars 0.8813 | Peak 0.1105
Epoch 245|time: 3.50s|train_loss 0.00252124|val_loss 0.00014959
Epoch 246|time: 3.58s|train_loss 0.00249042|val_loss 0.00036130
Epoch 247|time: 3.53s|train_loss 0.00269518|val_loss 0.00016754
Epoch 248|time: 3.52s|train_loss 0.00257153|val_loss 0.00021834
Epoch 249|time: 3.48s|train_loss 0.00256214|val_loss 0.00016780
Epoch 250|time: 3.48s|train_loss 0.00247611|val_loss 0.00013993
Best validation epoch: 250 Mon May 22 22:49:06 2023
TEST MAE 0.1818 | std 0.0491 | RMSE 0.2699 | RMSEs 0.2608 | PCC 0.9602 | PCCs 0.9400 | R2 0.9181 | R2s 0.8742 | Var 0.9213 | Vars 0.8794 | Peak 0.1061
Epoch 251|time: 3.49s|train_loss 0.00249131|val_loss 0.00030564
Epoch 252|time: 3.57s|train_loss 0.00256656|val_loss 0.00036349
Epoch 253|time: 3.49s|train_loss 0.00260812|val_loss 0.00016035
Epoch 254|time: 3.54s|train_loss 0.00246528|val_loss 0.00014548
Epoch 255|time: 3.55s|train_loss 0.00252777|val_loss 0.00016529
Epoch 256|time: 3.55s|train_loss 0.00259772|val_loss 0.00016577
Epoch 257|time: 3.62s|train_loss 0.00256433|val_loss 0.00014851
Epoch 258|time: 3.56s|train_loss 0.00263815|val_loss 0.00019706
Epoch 259|time: 3.63s|train_loss 0.00257773|val_loss 0.00038488
Epoch 260|time: 3.85s|train_loss 0.00259467|val_loss 0.00019650
Epoch 261|time: 3.60s|train_loss 0.00261951|val_loss 0.00016107
Epoch 262|time: 3.77s|train_loss 0.00250883|val_loss 0.00013995
Epoch 263|time: 3.81s|train_loss 0.00254080|val_loss 0.00021764
Epoch 264|time: 3.60s|train_loss 0.00264812|val_loss 0.00036347
Epoch 265|time: 3.64s|train_loss 0.00256961|val_loss 0.00015628
Epoch 266|time: 3.69s|train_loss 0.00261425|val_loss 0.00018569
Epoch 267|time: 3.89s|train_loss 0.00259304|val_loss 0.00019600
Epoch 268|time: 3.96s|train_loss 0.00255033|val_loss 0.00036150
Epoch 269|time: 3.93s|train_loss 0.00261571|val_loss 0.00028838
Epoch 270|time: 4.09s|train_loss 0.00252949|val_loss 0.00015066
Epoch 271|time: 3.87s|train_loss 0.00251597|val_loss 0.00013913
Best validation epoch: 271 Mon May 22 22:50:25 2023
TEST MAE 0.1742 | std 0.0474 | RMSE 0.2603 | RMSEs 0.2514 | PCC 0.9614 | PCCs 0.9412 | R2 0.9239 | R2s 0.8817 | Var 0.9239 | Vars 0.8821 | Peak 0.0991
Epoch 272|time: 3.61s|train_loss 0.00249710|val_loss 0.00013935
Epoch 273|time: 3.67s|train_loss 0.00254921|val_loss 0.00050635
Epoch 274|time: 3.62s|train_loss 0.00266320|val_loss 0.00022042
Epoch 275|time: 3.64s|train_loss 0.00257964|val_loss 0.00042888
Epoch 276|time: 3.65s|train_loss 0.00266718|val_loss 0.00039623
Epoch 277|time: 3.72s|train_loss 0.00258246|val_loss 0.00041774
Epoch 278|time: 3.66s|train_loss 0.00274408|val_loss 0.00023855
Epoch 279|time: 3.72s|train_loss 0.00272826|val_loss 0.00049298
Epoch 280|time: 3.71s|train_loss 0.00266470|val_loss 0.00033969
Epoch 281|time: 3.70s|train_loss 0.00256892|val_loss 0.00029325
Epoch 282|time: 3.66s|train_loss 0.00261335|val_loss 0.00036194
Epoch 283|time: 3.67s|train_loss 0.00259649|val_loss 0.00020877
Epoch 284|time: 3.68s|train_loss 0.00250228|val_loss 0.00016281
Epoch 285|time: 3.72s|train_loss 0.00250005|val_loss 0.00015778
Epoch 286|time: 3.73s|train_loss 0.00250504|val_loss 0.00027751
Epoch 287|time: 3.66s|train_loss 0.00254206|val_loss 0.00029789
Epoch 288|time: 3.67s|train_loss 0.00267841|val_loss 0.00037919
Epoch 289|time: 3.66s|train_loss 0.00257552|val_loss 0.00029231
Epoch 290|time: 3.66s|train_loss 0.00256113|val_loss 0.00015285
Epoch 291|time: 3.72s|train_loss 0.00254066|val_loss 0.00017644
Epoch 292|time: 3.65s|train_loss 0.00249727|val_loss 0.00014816
Epoch 293|time: 3.65s|train_loss 0.00246006|val_loss 0.00018090
Epoch 294|time: 3.66s|train_loss 0.00251003|val_loss 0.00028209
Epoch 295|time: 3.68s|train_loss 0.00262889|val_loss 0.00025152
Epoch 296|time: 3.64s|train_loss 0.00264741|val_loss 0.00042821
Epoch 297|time: 3.86s|train_loss 0.00263576|val_loss 0.00036973
Epoch 298|time: 3.68s|train_loss 0.00258233|val_loss 0.00019053
Epoch 299|time: 3.70s|train_loss 0.00253892|val_loss 0.00018186
Epoch 300|time: 3.74s|train_loss 0.00258847|val_loss 0.00039168
Epoch 301|time: 3.65s|train_loss 0.00259946|val_loss 0.00028027
Epoch 302|time: 3.62s|train_loss 0.00255782|val_loss 0.00036281
Epoch 303|time: 3.63s|train_loss 0.00276702|val_loss 0.00046052
Epoch 304|time: 3.62s|train_loss 0.00267987|val_loss 0.00016314
Epoch 305|time: 3.82s|train_loss 0.00251268|val_loss 0.00018361
Epoch 306|time: 3.66s|train_loss 0.00267342|val_loss 0.00022230
Epoch 307|time: 3.72s|train_loss 0.00259325|val_loss 0.00023562
Epoch 308|time: 3.67s|train_loss 0.00263235|val_loss 0.00027666
Epoch 309|time: 3.71s|train_loss 0.00264286|val_loss 0.00020363
Epoch 310|time: 3.63s|train_loss 0.00259219|val_loss 0.00014562
Epoch 311|time: 3.90s|train_loss 0.00251362|val_loss 0.00015964
Epoch 312|time: 3.29s|train_loss 0.00249419|val_loss 0.00020525
Epoch 313|time: 2.56s|train_loss 0.00248682|val_loss 0.00024569
Epoch 314|time: 3.08s|train_loss 0.00255898|val_loss 0.00015864
Epoch 315|time: 3.71s|train_loss 0.00251493|val_loss 0.00018884
Epoch 316|time: 3.71s|train_loss 0.00249432|val_loss 0.00014689
Epoch 317|time: 3.72s|train_loss 0.00248631|val_loss 0.00016442
Epoch 318|time: 3.79s|train_loss 0.00249746|val_loss 0.00014737
Epoch 319|time: 3.82s|train_loss 0.00250701|val_loss 0.00025457
Epoch 320|time: 3.60s|train_loss 0.00250796|val_loss 0.00016533
Epoch 321|time: 3.60s|train_loss 0.00250505|val_loss 0.00017934
Epoch 322|time: 3.63s|train_loss 0.00256302|val_loss 0.00049881
Epoch 323|time: 3.69s|train_loss 0.00274839|val_loss 0.00089260
Epoch 324|time: 3.57s|train_loss 0.00281903|val_loss 0.00027516
Epoch 325|time: 3.74s|train_loss 0.00273695|val_loss 0.00057785
Epoch 326|time: 3.60s|train_loss 0.00258154|val_loss 0.00020817
Epoch 327|time: 3.75s|train_loss 0.00262346|val_loss 0.00023695
Epoch 328|time: 3.76s|train_loss 0.00265994|val_loss 0.00040138
Epoch 329|time: 3.97s|train_loss 0.00260768|val_loss 0.00029316
Epoch 330|time: 4.00s|train_loss 0.00252347|val_loss 0.00027967
Epoch 331|time: 4.00s|train_loss 0.00258924|val_loss 0.00018263
Epoch 332|time: 4.13s|train_loss 0.00262095|val_loss 0.00016119
Epoch 333|time: 3.98s|train_loss 0.00255093|val_loss 0.00037335
Epoch 334|time: 3.97s|train_loss 0.00261055|val_loss 0.00042306
Epoch 335|time: 4.04s|train_loss 0.00266215|val_loss 0.00014948
Epoch 336|time: 3.95s|train_loss 0.00253831|val_loss 0.00033321
Epoch 337|time: 4.21s|train_loss 0.00256104|val_loss 0.00015400
Epoch 338|time: 4.06s|train_loss 0.00251939|val_loss 0.00014291
Epoch 339|time: 3.74s|train_loss 0.00249873|val_loss 0.00016247
Epoch 340|time: 3.74s|train_loss 0.00251019|val_loss 0.00015604
Epoch 341|time: 3.75s|train_loss 0.00249732|val_loss 0.00030948
Epoch 342|time: 3.65s|train_loss 0.00261960|val_loss 0.00030713
Epoch 343|time: 3.86s|train_loss 0.00259406|val_loss 0.00016209
Epoch 344|time: 3.73s|train_loss 0.00254566|val_loss 0.00022868
Epoch 345|time: 3.75s|train_loss 0.00267135|val_loss 0.00071563
Epoch 346|time: 3.64s|train_loss 0.00279564|val_loss 0.00018743
Epoch 347|time: 3.64s|train_loss 0.00259118|val_loss 0.00034248
Epoch 348|time: 3.69s|train_loss 0.00265755|val_loss 0.00033576
Epoch 349|time: 3.64s|train_loss 0.00258171|val_loss 0.00015434
Epoch 350|time: 3.66s|train_loss 0.00251519|val_loss 0.00015609
Epoch 351|time: 3.89s|train_loss 0.00250661|val_loss 0.00033377
Epoch 352|time: 3.64s|train_loss 0.00257942|val_loss 0.00021473
Epoch 353|time: 3.63s|train_loss 0.00252623|val_loss 0.00029159
Epoch 354|time: 3.64s|train_loss 0.00260450|val_loss 0.00029226
Epoch 355|time: 3.69s|train_loss 0.00259556|val_loss 0.00030633
Epoch 356|time: 3.74s|train_loss 0.00259082|val_loss 0.00040919
Epoch 357|time: 3.65s|train_loss 0.00262705|val_loss 0.00046759
Epoch 358|time: 3.65s|train_loss 0.00270320|val_loss 0.00014836
Epoch 359|time: 3.86s|train_loss 0.00251377|val_loss 0.00014584
Epoch 360|time: 3.81s|train_loss 0.00253101|val_loss 0.00028118
Epoch 361|time: 3.66s|train_loss 0.00264603|val_loss 0.00034889
Epoch 362|time: 3.75s|train_loss 0.00260529|val_loss 0.00014343
Epoch 363|time: 3.66s|train_loss 0.00252016|val_loss 0.00021655
Epoch 364|time: 3.73s|train_loss 0.00249708|val_loss 0.00017761
Epoch 365|time: 3.76s|train_loss 0.00249371|val_loss 0.00023425
Epoch 366|time: 3.71s|train_loss 0.00262128|val_loss 0.00022211
Epoch 367|time: 3.68s|train_loss 0.00257314|val_loss 0.00016605
Epoch 368|time: 3.65s|train_loss 0.00262570|val_loss 0.00016536
Epoch 369|time: 3.75s|train_loss 0.00257134|val_loss 0.00033483
Epoch 370|time: 3.67s|train_loss 0.00259138|val_loss 0.00015562
Epoch 371|time: 3.68s|train_loss 0.00255012|val_loss 0.00031068
Epoch 372|time: 3.66s|train_loss 0.00260670|val_loss 0.00019886
Epoch 373|time: 3.80s|train_loss 0.00261329|val_loss 0.00017375
Epoch 374|time: 3.65s|train_loss 0.00257193|val_loss 0.00040325
Epoch 375|time: 3.70s|train_loss 0.00259346|val_loss 0.00029921
Epoch 376|time: 3.67s|train_loss 0.00259301|val_loss 0.00027818
Epoch 377|time: 3.68s|train_loss 0.00256904|val_loss 0.00017716
Epoch 378|time: 3.82s|train_loss 0.00262242|val_loss 0.00022622
Epoch 379|time: 3.73s|train_loss 0.00257480|val_loss 0.00037289
Epoch 380|time: 3.67s|train_loss 0.00265372|val_loss 0.00021561
Epoch 381|time: 3.68s|train_loss 0.00257226|val_loss 0.00022471
Epoch 382|time: 3.67s|train_loss 0.00263823|val_loss 0.00039612
Epoch 383|time: 3.88s|train_loss 0.00254836|val_loss 0.00029241
Epoch 384|time: 3.70s|train_loss 0.00250701|val_loss 0.00023319
Epoch 385|time: 3.70s|train_loss 0.00249204|val_loss 0.00015973
Epoch 386|time: 3.68s|train_loss 0.00247642|val_loss 0.00020614
Epoch 387|time: 3.74s|train_loss 0.00250788|val_loss 0.00015595
Epoch 388|time: 3.66s|train_loss 0.00252053|val_loss 0.00032411
Epoch 389|time: 3.87s|train_loss 0.00266540|val_loss 0.00018794
Epoch 390|time: 3.66s|train_loss 0.00280761|val_loss 0.00056821
Epoch 391|time: 3.70s|train_loss 0.00279811|val_loss 0.00031644
Epoch 392|time: 3.81s|train_loss 0.00269172|val_loss 0.00015856
Epoch 393|time: 3.71s|train_loss 0.00267640|val_loss 0.00044253
Epoch 394|time: 3.85s|train_loss 0.00274110|val_loss 0.00017743
Epoch 395|time: 3.66s|train_loss 0.00265251|val_loss 0.00014661
Epoch 396|time: 3.66s|train_loss 0.00266645|val_loss 0.00015478
Epoch 397|time: 3.87s|train_loss 0.00255564|val_loss 0.00026100
Epoch 398|time: 3.66s|train_loss 0.00267135|val_loss 0.00038310
Epoch 399|time: 3.68s|train_loss 0.00272335|val_loss 0.00017436
Epoch 400|time: 3.66s|train_loss 0.00258965|val_loss 0.00015197
Epoch 401|time: 3.77s|train_loss 0.00250519|val_loss 0.00018171
Epoch 402|time: 3.63s|train_loss 0.00255848|val_loss 0.00014861
Epoch 403|time: 3.69s|train_loss 0.00253468|val_loss 0.00014186
Epoch 404|time: 3.67s|train_loss 0.00250095|val_loss 0.00016940
Epoch 405|time: 3.84s|train_loss 0.00249053|val_loss 0.00014522
Epoch 406|time: 3.70s|train_loss 0.00257907|val_loss 0.00015983
Epoch 407|time: 3.68s|train_loss 0.00274462|val_loss 0.00020160
Epoch 408|time: 3.65s|train_loss 0.00262328|val_loss 0.00026104
Epoch 409|time: 3.71s|train_loss 0.00256039|val_loss 0.00033105
Epoch 410|time: 3.68s|train_loss 0.00258907|val_loss 0.00016419
Epoch 411|time: 3.76s|train_loss 0.00255614|val_loss 0.00020162
Epoch 412|time: 3.63s|train_loss 0.00254918|val_loss 0.00014733
Epoch 413|time: 3.84s|train_loss 0.00251571|val_loss 0.00028696
Epoch 414|time: 3.63s|train_loss 0.00261457|val_loss 0.00014747
Epoch 415|time: 3.72s|train_loss 0.00257188|val_loss 0.00016239
Epoch 416|time: 3.61s|train_loss 0.00251698|val_loss 0.00015356
Epoch 417|time: 3.62s|train_loss 0.00251278|val_loss 0.00016104
Epoch 418|time: 3.65s|train_loss 0.00248216|val_loss 0.00015001
Epoch 419|time: 3.71s|train_loss 0.00264643|val_loss 0.00049854
Epoch 420|time: 3.63s|train_loss 0.00286858|val_loss 0.00066050
Epoch 421|time: 3.69s|train_loss 0.00312619|val_loss 0.00064982
Epoch 422|time: 3.70s|train_loss 0.00308939|val_loss 0.00025951
Epoch 423|time: 3.64s|train_loss 0.00285099|val_loss 0.00029749
Epoch 424|time: 3.69s|train_loss 0.00281455|val_loss 0.00022208
Epoch 425|time: 3.93s|train_loss 0.00267257|val_loss 0.00044220
Epoch 426|time: 3.72s|train_loss 0.00274416|val_loss 0.00016659
Epoch 427|time: 3.74s|train_loss 0.00275282|val_loss 0.00017812
Epoch 428|time: 3.68s|train_loss 0.00257924|val_loss 0.00016582
Epoch 429|time: 3.81s|train_loss 0.00266304|val_loss 0.00051764
Epoch 430|time: 3.66s|train_loss 0.00270025|val_loss 0.00053700
Epoch 431|time: 3.63s|train_loss 0.00262302|val_loss 0.00016545
Epoch 432|time: 3.65s|train_loss 0.00265646|val_loss 0.00030988
Epoch 433|time: 3.71s|train_loss 0.00267123|val_loss 0.00019607
Epoch 434|time: 3.64s|train_loss 0.00277068|val_loss 0.00020056
Epoch 435|time: 3.64s|train_loss 0.00249928|val_loss 0.00018733
Epoch 436|time: 3.64s|train_loss 0.00273207|val_loss 0.00045024
Epoch 437|time: 3.69s|train_loss 0.00266720|val_loss 0.00014877
Epoch 438|time: 3.67s|train_loss 0.00268031|val_loss 0.00020095
Epoch 439|time: 3.65s|train_loss 0.00257009|val_loss 0.00023723
Epoch 440|time: 3.71s|train_loss 0.00273357|val_loss 0.00053529
Epoch 441|time: 3.69s|train_loss 0.00265681|val_loss 0.00020078
Epoch 442|time: 3.68s|train_loss 0.00271767|val_loss 0.00017980
Epoch 443|time: 3.79s|train_loss 0.00260792|val_loss 0.00016327
Epoch 444|time: 3.65s|train_loss 0.00247246|val_loss 0.00017520
Epoch 445|time: 3.62s|train_loss 0.00258386|val_loss 0.00016018
Epoch 446|time: 3.69s|train_loss 0.00259990|val_loss 0.00021116
Epoch 447|time: 3.73s|train_loss 0.00260608|val_loss 0.00040017
Epoch 448|time: 3.65s|train_loss 0.00269687|val_loss 0.00014940
Epoch 449|time: 3.62s|train_loss 0.00258786|val_loss 0.00029538
Epoch 450|time: 3.62s|train_loss 0.00270675|val_loss 0.00034212
Epoch 451|time: 3.67s|train_loss 0.00270492|val_loss 0.00015803
Epoch 452|time: 3.72s|train_loss 0.00260068|val_loss 0.00016211
Epoch 453|time: 3.62s|train_loss 0.00270322|val_loss 0.00024213
Epoch 454|time: 3.73s|train_loss 0.00254566|val_loss 0.00020292
Epoch 455|time: 3.73s|train_loss 0.00261781|val_loss 0.00033286
Epoch 456|time: 3.65s|train_loss 0.00253207|val_loss 0.00027665
Epoch 457|time: 3.69s|train_loss 0.00255364|val_loss 0.00031236
Epoch 458|time: 3.67s|train_loss 0.00258437|val_loss 0.00029743
Epoch 459|time: 3.66s|train_loss 0.00256779|val_loss 0.00016169
Epoch 460|time: 3.62s|train_loss 0.00247903|val_loss 0.00023864
Epoch 461|time: 3.67s|train_loss 0.00251780|val_loss 0.00016545
Epoch 462|time: 3.61s|train_loss 0.00250616|val_loss 0.00022389
Epoch 463|time: 3.61s|train_loss 0.00246961|val_loss 0.00016786
Epoch 464|time: 3.62s|train_loss 0.00255811|val_loss 0.00027330
Epoch 465|time: 3.79s|train_loss 0.00262709|val_loss 0.00019427
Epoch 466|time: 3.89s|train_loss 0.00253275|val_loss 0.00026233
Epoch 467|time: 3.75s|train_loss 0.00254901|val_loss 0.00017618
Epoch 468|time: 3.64s|train_loss 0.00255737|val_loss 0.00031831
Epoch 469|time: 3.62s|train_loss 0.00257711|val_loss 0.00017162
Epoch 470|time: 3.62s|train_loss 0.00268551|val_loss 0.00039496
Epoch 471|time: 3.75s|train_loss 0.00267837|val_loss 0.00050364
Final evaluation
TEST MAE 0.1742 | std 0.0474 | RMSE 0.2603 | RMSEs 0.2514 | PCC 0.9614 | PCCs 0.9412 | R2 0.9239 | R2s 0.8817 | Var 0.9239 | Vars 0.8821 | Peak 0.0991
