--------Parameters--------
Namespace(batch=32, bi=False, check_point=1, cuda=False, dataset='us_hhs', dropout=0.2, epilambda=0.1, epochs=500, gpu=3, hidsp=15, horizon=1, k=10, lamda=0.01, lr=0.01, model='cola_gnn_epi', mylog=False, n_hidden=30, n_layer=1, patience=200, rnn_model='RNN', save_dir='save', seed=42, shuffle=False, sim_mat='us_hhs-adj', test=0.2, train=0.6, val=0.2, weight_decay=0.0005, window=20)
--------------------------
data shape (364, 10)
size of train/val/test sets 198 73 73
#params: 9885
begin training
Epoch   1|time: 3.66s|train_loss 0.00221443|val_loss 0.00087009
Best validation epoch: 1 Mon May 22 20:58:54 2023
TEST MAE 1.1991 | std 0.4587 | RMSE 1.4969 | RMSEs 1.4139 | PCC 0.3501 | PCCs 0.1398 | R2 -1.5170 | R2s -2.5029 | Var 0.0983 | Vars 0.0219 | Peak 0.7322
Epoch   2|time: 3.75s|train_loss 0.00106746|val_loss 0.00044315
Best validation epoch: 2 Mon May 22 20:58:58 2023
TEST MAE 0.4473 | std 0.1059 | RMSE 0.5750 | RMSEs 0.5555 | PCC 0.8185 | PCCs 0.7918 | R2 0.6286 | R2s 0.4367 | Var 0.6449 | Vars 0.5443 | Peak 0.1929
Epoch   3|time: 4.03s|train_loss 0.00082774|val_loss 0.00035389
Best validation epoch: 3 Mon May 22 20:59:03 2023
TEST MAE 0.3985 | std 0.1589 | RMSE 0.5384 | RMSEs 0.5064 | PCC 0.9205 | PCCs 0.8996 | R2 0.6743 | R2s 0.5577 | Var 0.8331 | Vars 0.8007 | Peak 0.2157
Epoch   4|time: 3.62s|train_loss 0.00079182|val_loss 0.00046310
Epoch   5|time: 3.38s|train_loss 0.00078613|val_loss 0.00017503
Best validation epoch: 5 Mon May 22 20:59:11 2023
TEST MAE 0.2010 | std 0.0673 | RMSE 0.3146 | RMSEs 0.2974 | PCC 0.9475 | PCCs 0.9278 | R2 0.8888 | R2s 0.8436 | Var 0.8936 | Vars 0.8544 | Peak 0.1244
Epoch   6|time: 3.37s|train_loss 0.00068371|val_loss 0.00016607
Best validation epoch: 6 Mon May 22 20:59:16 2023
TEST MAE 0.1962 | std 0.0656 | RMSE 0.3063 | RMSEs 0.2899 | PCC 0.9536 | PCCs 0.9346 | R2 0.8946 | R2s 0.8513 | Var 0.9044 | Vars 0.8673 | Peak 0.1228
Epoch   7|time: 3.37s|train_loss 0.00066157|val_loss 0.00014601
Best validation epoch: 7 Mon May 22 20:59:20 2023
TEST MAE 0.1843 | std 0.0557 | RMSE 0.2820 | RMSEs 0.2690 | PCC 0.9564 | PCCs 0.9377 | R2 0.9107 | R2s 0.8698 | Var 0.9141 | Vars 0.8761 | Peak 0.1121
Epoch   8|time: 3.52s|train_loss 0.00062979|val_loss 0.00014836
Epoch   9|time: 3.44s|train_loss 0.00063333|val_loss 0.00021133
Epoch  10|time: 3.38s|train_loss 0.00064464|val_loss 0.00019540
Epoch  11|time: 3.37s|train_loss 0.00064251|val_loss 0.00014007
Best validation epoch: 11 Mon May 22 20:59:34 2023
TEST MAE 0.1744 | std 0.0504 | RMSE 0.2640 | RMSEs 0.2528 | PCC 0.9625 | PCCs 0.9446 | R2 0.9217 | R2s 0.8838 | Var 0.9256 | Vars 0.8899 | Peak 0.1051
Epoch  12|time: 3.51s|train_loss 0.00062339|val_loss 0.00015216
Epoch  13|time: 3.52s|train_loss 0.00062867|val_loss 0.00013728
Best validation epoch: 13 Mon May 22 20:59:42 2023
TEST MAE 0.1678 | std 0.0457 | RMSE 0.2535 | RMSEs 0.2437 | PCC 0.9638 | PCCs 0.9463 | R2 0.9278 | R2s 0.8909 | Var 0.9288 | Vars 0.8931 | Peak 0.0982
Epoch  14|time: 3.37s|train_loss 0.00062075|val_loss 0.00015264
Epoch  15|time: 3.37s|train_loss 0.00060684|val_loss 0.00015175
Epoch  16|time: 3.43s|train_loss 0.00061982|val_loss 0.00016071
Epoch  17|time: 3.45s|train_loss 0.00059796|val_loss 0.00015231
Epoch  18|time: 3.38s|train_loss 0.00059534|val_loss 0.00014149
Epoch  19|time: 3.40s|train_loss 0.00059150|val_loss 0.00016649
Epoch  20|time: 3.74s|train_loss 0.00060474|val_loss 0.00017891
Epoch  21|time: 3.36s|train_loss 0.00061094|val_loss 0.00015558
Epoch  22|time: 3.36s|train_loss 0.00061067|val_loss 0.00014072
Epoch  23|time: 3.47s|train_loss 0.00060126|val_loss 0.00013915
Epoch  24|time: 3.36s|train_loss 0.00060155|val_loss 0.00014804
Epoch  25|time: 3.37s|train_loss 0.00059298|val_loss 0.00015050
Epoch  26|time: 3.53s|train_loss 0.00059936|val_loss 0.00016650
Epoch  27|time: 3.37s|train_loss 0.00060371|val_loss 0.00013990
Epoch  28|time: 3.35s|train_loss 0.00058547|val_loss 0.00013960
Epoch  29|time: 3.54s|train_loss 0.00058621|val_loss 0.00013839
Epoch  30|time: 3.44s|train_loss 0.00060634|val_loss 0.00013999
Epoch  31|time: 3.36s|train_loss 0.00059905|val_loss 0.00013772
Epoch  32|time: 3.57s|train_loss 0.00058376|val_loss 0.00018060
Epoch  33|time: 3.36s|train_loss 0.00062673|val_loss 0.00014622
Epoch  34|time: 3.47s|train_loss 0.00061186|val_loss 0.00017530
Epoch  35|time: 3.56s|train_loss 0.00058427|val_loss 0.00014667
Epoch  36|time: 3.36s|train_loss 0.00058349|val_loss 0.00015756
Epoch  37|time: 3.36s|train_loss 0.00058367|val_loss 0.00015509
Epoch  38|time: 3.47s|train_loss 0.00056877|val_loss 0.00013827
Epoch  39|time: 3.45s|train_loss 0.00058165|val_loss 0.00015526
Epoch  40|time: 3.37s|train_loss 0.00057251|val_loss 0.00013914
Epoch  41|time: 3.47s|train_loss 0.00057998|val_loss 0.00013800
Epoch  42|time: 3.38s|train_loss 0.00056420|val_loss 0.00016111
Epoch  43|time: 3.37s|train_loss 0.00059199|val_loss 0.00015798
Epoch  44|time: 3.61s|train_loss 0.00056710|val_loss 0.00015059
Epoch  45|time: 3.37s|train_loss 0.00057852|val_loss 0.00014332
Epoch  46|time: 3.45s|train_loss 0.00055514|val_loss 0.00014706
Epoch  47|time: 3.37s|train_loss 0.00055642|val_loss 0.00017874
Epoch  48|time: 3.44s|train_loss 0.00058185|val_loss 0.00020596
Epoch  49|time: 3.46s|train_loss 0.00056510|val_loss 0.00013842
Epoch  50|time: 3.36s|train_loss 0.00053970|val_loss 0.00013614
Best validation epoch: 50 Mon May 22 21:01:50 2023
TEST MAE 0.1650 | std 0.0453 | RMSE 0.2493 | RMSEs 0.2398 | PCC 0.9648 | PCCs 0.9470 | R2 0.9302 | R2s 0.8937 | Var 0.9307 | Vars 0.8949 | Peak 0.0952
Epoch  51|time: 3.38s|train_loss 0.00054999|val_loss 0.00015953
Epoch  52|time: 3.49s|train_loss 0.00055182|val_loss 0.00014213
Epoch  53|time: 3.36s|train_loss 0.00055330|val_loss 0.00013781
Epoch  54|time: 3.35s|train_loss 0.00055472|val_loss 0.00014017
Epoch  55|time: 3.60s|train_loss 0.00054420|val_loss 0.00015753
Epoch  56|time: 3.57s|train_loss 0.00053316|val_loss 0.00013703
Epoch  57|time: 3.47s|train_loss 0.00052945|val_loss 0.00013684
Epoch  58|time: 3.78s|train_loss 0.00051952|val_loss 0.00013625
Epoch  59|time: 3.66s|train_loss 0.00051714|val_loss 0.00013840
Epoch  60|time: 4.04s|train_loss 0.00052691|val_loss 0.00013720
Epoch  61|time: 4.29s|train_loss 0.00051365|val_loss 0.00014572
Epoch  62|time: 3.92s|train_loss 0.00051179|val_loss 0.00013563
Best validation epoch: 62 Mon May 22 21:02:34 2023
TEST MAE 0.1651 | std 0.0447 | RMSE 0.2510 | RMSEs 0.2413 | PCC 0.9647 | PCCs 0.9471 | R2 0.9292 | R2s 0.8928 | Var 0.9300 | Vars 0.8945 | Peak 0.0964
Epoch  63|time: 3.85s|train_loss 0.00051619|val_loss 0.00013585
Epoch  64|time: 3.74s|train_loss 0.00051154|val_loss 0.00013792
Epoch  65|time: 4.06s|train_loss 0.00050558|val_loss 0.00015814
Epoch  66|time: 4.61s|train_loss 0.00051895|val_loss 0.00014058
Epoch  67|time: 3.63s|train_loss 0.00052459|val_loss 0.00014484
Epoch  68|time: 4.45s|train_loss 0.00051544|val_loss 0.00013592
Epoch  69|time: 3.69s|train_loss 0.00052275|val_loss 0.00013933
Epoch  70|time: 4.45s|train_loss 0.00052491|val_loss 0.00013778
Epoch  71|time: 3.44s|train_loss 0.00052718|val_loss 0.00014840
Epoch  72|time: 3.34s|train_loss 0.00052582|val_loss 0.00015894
Epoch  73|time: 3.36s|train_loss 0.00053169|val_loss 0.00014359
Epoch  74|time: 3.35s|train_loss 0.00053285|val_loss 0.00016380
Epoch  75|time: 3.44s|train_loss 0.00052620|val_loss 0.00015823
Epoch  76|time: 3.45s|train_loss 0.00054549|val_loss 0.00026438
Epoch  77|time: 3.37s|train_loss 0.00057802|val_loss 0.00027126
Epoch  78|time: 3.36s|train_loss 0.00057394|val_loss 0.00014960
Epoch  79|time: 3.48s|train_loss 0.00052474|val_loss 0.00016674
Epoch  80|time: 3.36s|train_loss 0.00053208|val_loss 0.00014101
Epoch  81|time: 3.35s|train_loss 0.00050835|val_loss 0.00014330
Epoch  82|time: 3.49s|train_loss 0.00051460|val_loss 0.00013926
Epoch  83|time: 3.82s|train_loss 0.00051336|val_loss 0.00015615
Epoch  84|time: 3.67s|train_loss 0.00052056|val_loss 0.00013593
Epoch  85|time: 3.86s|train_loss 0.00051656|val_loss 0.00014204
Epoch  86|time: 3.65s|train_loss 0.00052638|val_loss 0.00014164
Epoch  87|time: 3.71s|train_loss 0.00051429|val_loss 0.00018855
Epoch  88|time: 3.59s|train_loss 0.00052843|val_loss 0.00013809
Epoch  89|time: 2.61s|train_loss 0.00051168|val_loss 0.00016334
Epoch  90|time: 2.60s|train_loss 0.00052117|val_loss 0.00014423
Epoch  91|time: 3.41s|train_loss 0.00050765|val_loss 0.00013609
Epoch  92|time: 3.43s|train_loss 0.00051761|val_loss 0.00014598
Epoch  93|time: 3.49s|train_loss 0.00053585|val_loss 0.00014150
Epoch  94|time: 3.63s|train_loss 0.00050250|val_loss 0.00015261
Epoch  95|time: 3.37s|train_loss 0.00055375|val_loss 0.00013670
Epoch  96|time: 3.50s|train_loss 0.00053552|val_loss 0.00014497
Epoch  97|time: 3.36s|train_loss 0.00050775|val_loss 0.00015873
Epoch  98|time: 3.36s|train_loss 0.00051752|val_loss 0.00013720
Epoch  99|time: 3.63s|train_loss 0.00050329|val_loss 0.00014015
Epoch 100|time: 3.39s|train_loss 0.00050083|val_loss 0.00013686
Epoch 101|time: 3.36s|train_loss 0.00049822|val_loss 0.00013964
Epoch 102|time: 3.38s|train_loss 0.00051975|val_loss 0.00016269
Epoch 103|time: 3.36s|train_loss 0.00053801|val_loss 0.00014059
Epoch 104|time: 3.45s|train_loss 0.00053746|val_loss 0.00013786
Epoch 105|time: 3.38s|train_loss 0.00053022|val_loss 0.00014387
Epoch 106|time: 3.36s|train_loss 0.00050981|val_loss 0.00013732
Epoch 107|time: 3.36s|train_loss 0.00053233|val_loss 0.00013551
Best validation epoch: 107 Mon May 22 21:05:14 2023
TEST MAE 0.1645 | std 0.0442 | RMSE 0.2478 | RMSEs 0.2387 | PCC 0.9649 | PCCs 0.9474 | R2 0.9310 | R2s 0.8945 | Var 0.9310 | Vars 0.8955 | Peak 0.0930
Epoch 108|time: 3.42s|train_loss 0.00052346|val_loss 0.00013549
Best validation epoch: 108 Mon May 22 21:05:18 2023
TEST MAE 0.1642 | std 0.0439 | RMSE 0.2477 | RMSEs 0.2386 | PCC 0.9650 | PCCs 0.9474 | R2 0.9311 | R2s 0.8947 | Var 0.9312 | Vars 0.8956 | Peak 0.0931
Epoch 109|time: 3.35s|train_loss 0.00053023|val_loss 0.00014101
Epoch 110|time: 3.44s|train_loss 0.00050537|val_loss 0.00013626
Epoch 111|time: 3.48s|train_loss 0.00050054|val_loss 0.00013543
Best validation epoch: 111 Mon May 22 21:05:29 2023
TEST MAE 0.1651 | std 0.0451 | RMSE 0.2507 | RMSEs 0.2410 | PCC 0.9648 | PCCs 0.9472 | R2 0.9294 | R2s 0.8931 | Var 0.9304 | Vars 0.8951 | Peak 0.0962
Epoch 112|time: 3.35s|train_loss 0.00050610|val_loss 0.00013544
Epoch 113|time: 3.39s|train_loss 0.00050652|val_loss 0.00015824
Epoch 114|time: 3.36s|train_loss 0.00052088|val_loss 0.00013567
Epoch 115|time: 3.37s|train_loss 0.00050590|val_loss 0.00016677
Epoch 116|time: 3.52s|train_loss 0.00050440|val_loss 0.00014587
Epoch 117|time: 3.37s|train_loss 0.00050850|val_loss 0.00014111
Epoch 118|time: 3.36s|train_loss 0.00051843|val_loss 0.00014631
Epoch 119|time: 3.44s|train_loss 0.00050596|val_loss 0.00014014
Epoch 120|time: 3.38s|train_loss 0.00050073|val_loss 0.00013775
Epoch 121|time: 3.46s|train_loss 0.00050451|val_loss 0.00013577
Epoch 122|time: 3.53s|train_loss 0.00051802|val_loss 0.00013511
Best validation epoch: 122 Mon May 22 21:06:08 2023
TEST MAE 0.1633 | std 0.0438 | RMSE 0.2474 | RMSEs 0.2382 | PCC 0.9652 | PCCs 0.9477 | R2 0.9313 | R2s 0.8950 | Var 0.9314 | Vars 0.8961 | Peak 0.0933
Epoch 123|time: 3.38s|train_loss 0.00049886|val_loss 0.00013528
Epoch 124|time: 3.38s|train_loss 0.00049097|val_loss 0.00013916
Epoch 125|time: 3.57s|train_loss 0.00049293|val_loss 0.00015559
Epoch 126|time: 3.36s|train_loss 0.00049301|val_loss 0.00013815
Epoch 127|time: 3.36s|train_loss 0.00050199|val_loss 0.00016933
Epoch 128|time: 3.54s|train_loss 0.00051466|val_loss 0.00014865
Epoch 129|time: 3.45s|train_loss 0.00050065|val_loss 0.00014322
Epoch 130|time: 3.55s|train_loss 0.00050324|val_loss 0.00013581
Epoch 131|time: 3.37s|train_loss 0.00049257|val_loss 0.00013926
Epoch 132|time: 3.36s|train_loss 0.00048610|val_loss 0.00013770
Epoch 133|time: 3.52s|train_loss 0.00049290|val_loss 0.00014532
Epoch 134|time: 3.36s|train_loss 0.00048286|val_loss 0.00013694
Epoch 135|time: 3.45s|train_loss 0.00051120|val_loss 0.00014097
Epoch 136|time: 3.52s|train_loss 0.00048823|val_loss 0.00013604
Epoch 137|time: 3.37s|train_loss 0.00048828|val_loss 0.00013540
Epoch 138|time: 3.37s|train_loss 0.00049893|val_loss 0.00013581
Epoch 139|time: 3.55s|train_loss 0.00050118|val_loss 0.00013624
Epoch 140|time: 3.36s|train_loss 0.00050391|val_loss 0.00014127
Epoch 141|time: 3.36s|train_loss 0.00051963|val_loss 0.00014139
Epoch 142|time: 3.41s|train_loss 0.00051454|val_loss 0.00013943
Epoch 143|time: 3.44s|train_loss 0.00050270|val_loss 0.00014165
Epoch 144|time: 3.36s|train_loss 0.00050035|val_loss 0.00014587
Epoch 145|time: 3.54s|train_loss 0.00049917|val_loss 0.00014455
Epoch 146|time: 3.44s|train_loss 0.00049339|val_loss 0.00013531
Epoch 147|time: 3.35s|train_loss 0.00048653|val_loss 0.00013643
Epoch 148|time: 3.53s|train_loss 0.00049488|val_loss 0.00015611
Epoch 149|time: 3.37s|train_loss 0.00051162|val_loss 0.00014402
Epoch 150|time: 3.35s|train_loss 0.00049283|val_loss 0.00017320
Epoch 151|time: 3.44s|train_loss 0.00050576|val_loss 0.00014498
Epoch 152|time: 3.36s|train_loss 0.00048830|val_loss 0.00014891
Epoch 153|time: 3.43s|train_loss 0.00049830|val_loss 0.00016740
Epoch 154|time: 3.45s|train_loss 0.00049043|val_loss 0.00013817
Epoch 155|time: 3.36s|train_loss 0.00048957|val_loss 0.00014178
Epoch 156|time: 3.35s|train_loss 0.00051415|val_loss 0.00013791
Epoch 157|time: 3.57s|train_loss 0.00051065|val_loss 0.00013870
Epoch 158|time: 3.35s|train_loss 0.00049839|val_loss 0.00017625
Epoch 159|time: 3.35s|train_loss 0.00052309|val_loss 0.00020083
Epoch 160|time: 3.47s|train_loss 0.00051759|val_loss 0.00016545
Epoch 161|time: 3.36s|train_loss 0.00049965|val_loss 0.00014089
Epoch 162|time: 3.43s|train_loss 0.00051408|val_loss 0.00013681
Epoch 163|time: 3.38s|train_loss 0.00049976|val_loss 0.00015922
Epoch 164|time: 3.35s|train_loss 0.00049706|val_loss 0.00015259
Epoch 165|time: 3.35s|train_loss 0.00048492|val_loss 0.00017359
Epoch 166|time: 3.48s|train_loss 0.00049588|val_loss 0.00013567
Epoch 167|time: 3.45s|train_loss 0.00048633|val_loss 0.00014759
Epoch 168|time: 3.37s|train_loss 0.00047512|val_loss 0.00015444
Epoch 169|time: 3.46s|train_loss 0.00048168|val_loss 0.00014799
Epoch 170|time: 3.36s|train_loss 0.00049105|val_loss 0.00013553
Epoch 171|time: 3.44s|train_loss 0.00048931|val_loss 0.00013495
Best validation epoch: 171 Mon May 22 21:08:56 2023
TEST MAE 0.1628 | std 0.0436 | RMSE 0.2467 | RMSEs 0.2373 | PCC 0.9654 | PCCs 0.9485 | R2 0.9316 | R2s 0.8959 | Var 0.9317 | Vars 0.8974 | Peak 0.0926
Epoch 172|time: 3.36s|train_loss 0.00047434|val_loss 0.00013529
Epoch 173|time: 3.34s|train_loss 0.00048648|val_loss 0.00013530
Epoch 174|time: 3.54s|train_loss 0.00049336|val_loss 0.00014558
Epoch 175|time: 3.44s|train_loss 0.00048218|val_loss 0.00015488
Epoch 176|time: 3.36s|train_loss 0.00049153|val_loss 0.00013563
Epoch 177|time: 3.50s|train_loss 0.00049728|val_loss 0.00013964
Epoch 178|time: 3.37s|train_loss 0.00049700|val_loss 0.00014414
Epoch 179|time: 3.39s|train_loss 0.00049223|val_loss 0.00013518
Epoch 180|time: 3.58s|train_loss 0.00049789|val_loss 0.00013759
Epoch 181|time: 3.43s|train_loss 0.00048644|val_loss 0.00013471
Best validation epoch: 181 Mon May 22 21:09:31 2023
TEST MAE 0.1635 | std 0.0436 | RMSE 0.2468 | RMSEs 0.2377 | PCC 0.9653 | PCCs 0.9480 | R2 0.9316 | R2s 0.8955 | Var 0.9318 | Vars 0.8963 | Peak 0.0924
Epoch 182|time: 3.36s|train_loss 0.00048911|val_loss 0.00014470
Epoch 183|time: 3.40s|train_loss 0.00049560|val_loss 0.00014164
Epoch 184|time: 3.34s|train_loss 0.00048461|val_loss 0.00013790
Epoch 185|time: 3.43s|train_loss 0.00048163|val_loss 0.00013486
Epoch 186|time: 3.36s|train_loss 0.00048433|val_loss 0.00015631
Epoch 187|time: 3.37s|train_loss 0.00048961|val_loss 0.00018068
Epoch 188|time: 3.36s|train_loss 0.00049473|val_loss 0.00018594
Epoch 189|time: 3.54s|train_loss 0.00048727|val_loss 0.00014867
Epoch 190|time: 3.35s|train_loss 0.00049773|val_loss 0.00013397
Best validation epoch: 190 Mon May 22 21:10:02 2023
TEST MAE 0.1635 | std 0.0438 | RMSE 0.2457 | RMSEs 0.2368 | PCC 0.9656 | PCCs 0.9491 | R2 0.9322 | R2s 0.8958 | Var 0.9322 | Vars 0.8970 | Peak 0.0896
Epoch 191|time: 3.35s|train_loss 0.00049823|val_loss 0.00014030
Epoch 192|time: 3.37s|train_loss 0.00050285|val_loss 0.00013627
Epoch 193|time: 3.66s|train_loss 0.00047385|val_loss 0.00013434
Epoch 194|time: 3.72s|train_loss 0.00048646|val_loss 0.00013562
Epoch 195|time: 3.38s|train_loss 0.00049150|val_loss 0.00013892
Epoch 196|time: 3.36s|train_loss 0.00048776|val_loss 0.00013750
Epoch 197|time: 3.36s|train_loss 0.00049608|val_loss 0.00014056
Epoch 198|time: 3.61s|train_loss 0.00047903|val_loss 0.00013594
Epoch 199|time: 3.37s|train_loss 0.00049147|val_loss 0.00016576
Epoch 200|time: 3.45s|train_loss 0.00048633|val_loss 0.00014720
Epoch 201|time: 3.36s|train_loss 0.00047546|val_loss 0.00013537
Epoch 202|time: 3.37s|train_loss 0.00047662|val_loss 0.00013880
Epoch 203|time: 3.54s|train_loss 0.00046983|val_loss 0.00013586
Epoch 204|time: 3.37s|train_loss 0.00047612|val_loss 0.00013674
Epoch 205|time: 3.36s|train_loss 0.00047777|val_loss 0.00015609
Epoch 206|time: 3.35s|train_loss 0.00049029|val_loss 0.00015701
Epoch 207|time: 3.46s|train_loss 0.00048466|val_loss 0.00013614
Epoch 208|time: 3.36s|train_loss 0.00049827|val_loss 0.00014733
Epoch 209|time: 3.47s|train_loss 0.00048875|val_loss 0.00013857
Epoch 210|time: 3.38s|train_loss 0.00048823|val_loss 0.00013870
Epoch 211|time: 3.72s|train_loss 0.00049270|val_loss 0.00013737
Epoch 212|time: 3.74s|train_loss 0.00047952|val_loss 0.00013644
Epoch 213|time: 3.37s|train_loss 0.00047599|val_loss 0.00013685
Epoch 214|time: 3.36s|train_loss 0.00047434|val_loss 0.00013413
Epoch 215|time: 3.36s|train_loss 0.00048531|val_loss 0.00013718
Epoch 216|time: 3.52s|train_loss 0.00048771|val_loss 0.00013828
Epoch 217|time: 3.58s|train_loss 0.00047660|val_loss 0.00013450
Epoch 218|time: 3.37s|train_loss 0.00048077|val_loss 0.00013417
Epoch 219|time: 3.37s|train_loss 0.00047493|val_loss 0.00013611
Epoch 220|time: 3.41s|train_loss 0.00048856|val_loss 0.00013933
Epoch 221|time: 3.44s|train_loss 0.00046881|val_loss 0.00013396
Best validation epoch: 221 Mon May 22 21:11:50 2023
TEST MAE 0.1619 | std 0.0434 | RMSE 0.2450 | RMSEs 0.2360 | PCC 0.9657 | PCCs 0.9490 | R2 0.9326 | R2s 0.8968 | Var 0.9326 | Vars 0.8977 | Peak 0.0905
Epoch 222|time: 3.36s|train_loss 0.00046466|val_loss 0.00014315
Epoch 223|time: 3.47s|train_loss 0.00047544|val_loss 0.00013995
Epoch 224|time: 3.45s|train_loss 0.00048092|val_loss 0.00013802
Epoch 225|time: 3.39s|train_loss 0.00047939|val_loss 0.00013656
Epoch 226|time: 3.47s|train_loss 0.00047767|val_loss 0.00014417
Epoch 227|time: 3.37s|train_loss 0.00048077|val_loss 0.00014011
Epoch 228|time: 3.42s|train_loss 0.00049448|val_loss 0.00017368
Epoch 229|time: 3.38s|train_loss 0.00047066|val_loss 0.00017500
Epoch 230|time: 3.46s|train_loss 0.00048973|val_loss 0.00014551
Epoch 231|time: 3.35s|train_loss 0.00051042|val_loss 0.00013671
Epoch 232|time: 3.51s|train_loss 0.00047953|val_loss 0.00013353
Best validation epoch: 232 Mon May 22 21:12:28 2023
TEST MAE 0.1644 | std 0.0435 | RMSE 0.2487 | RMSEs 0.2399 | PCC 0.9651 | PCCs 0.9486 | R2 0.9305 | R2s 0.8933 | Var 0.9309 | Vars 0.8957 | Peak 0.0914
Epoch 233|time: 3.49s|train_loss 0.00047502|val_loss 0.00013930
Epoch 234|time: 3.37s|train_loss 0.00046359|val_loss 0.00015258
Epoch 235|time: 3.54s|train_loss 0.00047457|val_loss 0.00013990
Epoch 236|time: 3.36s|train_loss 0.00047257|val_loss 0.00016168
Epoch 237|time: 3.43s|train_loss 0.00048259|val_loss 0.00013547
Epoch 238|time: 3.38s|train_loss 0.00046964|val_loss 0.00013832
Epoch 239|time: 3.49s|train_loss 0.00047654|val_loss 0.00014647
Epoch 240|time: 3.48s|train_loss 0.00048072|val_loss 0.00014184
Epoch 241|time: 3.37s|train_loss 0.00046293|val_loss 0.00013390
Epoch 242|time: 3.36s|train_loss 0.00046506|val_loss 0.00013404
Epoch 243|time: 3.56s|train_loss 0.00046608|val_loss 0.00013465
Epoch 244|time: 3.37s|train_loss 0.00045281|val_loss 0.00013784
Epoch 245|time: 3.37s|train_loss 0.00046586|val_loss 0.00013604
Epoch 246|time: 3.50s|train_loss 0.00049014|val_loss 0.00013859
Epoch 247|time: 3.36s|train_loss 0.00047675|val_loss 0.00013398
Epoch 248|time: 3.36s|train_loss 0.00047117|val_loss 0.00013501
Epoch 249|time: 3.54s|train_loss 0.00046675|val_loss 0.00013526
Epoch 250|time: 3.37s|train_loss 0.00047492|val_loss 0.00014103
Epoch 251|time: 3.38s|train_loss 0.00047084|val_loss 0.00013400
Epoch 252|time: 3.41s|train_loss 0.00047035|val_loss 0.00013880
Epoch 253|time: 3.46s|train_loss 0.00046638|val_loss 0.00015253
Epoch 254|time: 3.36s|train_loss 0.00049615|val_loss 0.00013883
Epoch 255|time: 3.46s|train_loss 0.00048450|val_loss 0.00013372
Epoch 256|time: 3.37s|train_loss 0.00048886|val_loss 0.00013705
Epoch 257|time: 3.44s|train_loss 0.00046325|val_loss 0.00014052
Epoch 258|time: 3.46s|train_loss 0.00047586|val_loss 0.00013757
Epoch 259|time: 3.36s|train_loss 0.00045519|val_loss 0.00013268
Best validation epoch: 259 Mon May 22 21:14:01 2023
TEST MAE 0.1629 | std 0.0430 | RMSE 0.2473 | RMSEs 0.2384 | PCC 0.9655 | PCCs 0.9495 | R2 0.9313 | R2s 0.8946 | Var 0.9317 | Vars 0.8972 | Peak 0.0899
Epoch 260|time: 3.38s|train_loss 0.00049565|val_loss 0.00014541
Epoch 261|time: 3.61s|train_loss 0.00051959|val_loss 0.00018148
Epoch 262|time: 3.36s|train_loss 0.00051669|val_loss 0.00014274
Epoch 263|time: 3.46s|train_loss 0.00048234|val_loss 0.00015729
Epoch 264|time: 3.46s|train_loss 0.00048558|val_loss 0.00014343
Epoch 265|time: 3.37s|train_loss 0.00047153|val_loss 0.00014917
Epoch 266|time: 3.52s|train_loss 0.00046722|val_loss 0.00015298
Epoch 267|time: 3.49s|train_loss 0.00046409|val_loss 0.00014843
Epoch 268|time: 3.37s|train_loss 0.00047488|val_loss 0.00014131
Epoch 269|time: 3.44s|train_loss 0.00047196|val_loss 0.00016385
Epoch 270|time: 3.48s|train_loss 0.00047261|val_loss 0.00014557
Epoch 271|time: 3.56s|train_loss 0.00046875|val_loss 0.00015646
Epoch 272|time: 3.72s|train_loss 0.00046123|val_loss 0.00014177
Epoch 273|time: 3.46s|train_loss 0.00046053|val_loss 0.00013767
Epoch 274|time: 3.36s|train_loss 0.00046489|val_loss 0.00015867
Epoch 275|time: 3.48s|train_loss 0.00046977|val_loss 0.00013774
Epoch 276|time: 3.71s|train_loss 0.00046898|val_loss 0.00013942
Epoch 277|time: 3.43s|train_loss 0.00045979|val_loss 0.00014804
Epoch 278|time: 3.52s|train_loss 0.00047786|val_loss 0.00017054
Epoch 279|time: 3.44s|train_loss 0.00049052|val_loss 0.00014045
Epoch 280|time: 3.60s|train_loss 0.00046072|val_loss 0.00014719
Epoch 281|time: 3.37s|train_loss 0.00047992|val_loss 0.00014401
Epoch 282|time: 3.47s|train_loss 0.00049822|val_loss 0.00015295
Epoch 283|time: 3.36s|train_loss 0.00047747|val_loss 0.00013971
Epoch 284|time: 3.50s|train_loss 0.00046641|val_loss 0.00013451
Epoch 285|time: 3.44s|train_loss 0.00048491|val_loss 0.00014250
Epoch 286|time: 3.43s|train_loss 0.00047817|val_loss 0.00013658
Epoch 287|time: 3.50s|train_loss 0.00045374|val_loss 0.00013740
Epoch 288|time: 3.36s|train_loss 0.00048009|val_loss 0.00013622
Epoch 289|time: 3.35s|train_loss 0.00048309|val_loss 0.00013279
Epoch 290|time: 3.41s|train_loss 0.00050105|val_loss 0.00014222
Epoch 291|time: 4.92s|train_loss 0.00050148|val_loss 0.00013425
Epoch 292|time: 4.71s|train_loss 0.00050058|val_loss 0.00013465
Epoch 293|time: 3.92s|train_loss 0.00046873|val_loss 0.00013540
Epoch 294|time: 4.43s|train_loss 0.00047205|val_loss 0.00013645
Epoch 295|time: 4.38s|train_loss 0.00049828|val_loss 0.00013666
Epoch 296|time: 4.75s|train_loss 0.00047181|val_loss 0.00016447
Epoch 297|time: 4.64s|train_loss 0.00046743|val_loss 0.00015524
Epoch 298|time: 4.98s|train_loss 0.00046717|val_loss 0.00013829
Epoch 299|time: 3.98s|train_loss 0.00049595|val_loss 0.00014559
Epoch 300|time: 3.76s|train_loss 0.00049228|val_loss 0.00013650
Epoch 301|time: 3.65s|train_loss 0.00050312|val_loss 0.00013520
Epoch 302|time: 3.62s|train_loss 0.00046636|val_loss 0.00013764
Epoch 303|time: 3.88s|train_loss 0.00046391|val_loss 0.00014639
Epoch 304|time: 4.17s|train_loss 0.00046149|val_loss 0.00013497
Epoch 305|time: 3.98s|train_loss 0.00047450|val_loss 0.00013820
Epoch 306|time: 4.08s|train_loss 0.00045608|val_loss 0.00014116
Epoch 307|time: 3.93s|train_loss 0.00046513|val_loss 0.00013963
Epoch 308|time: 3.75s|train_loss 0.00047396|val_loss 0.00017992
Epoch 309|time: 3.89s|train_loss 0.00047937|val_loss 0.00017922
Epoch 310|time: 3.86s|train_loss 0.00047547|val_loss 0.00015614
Epoch 311|time: 3.82s|train_loss 0.00046378|val_loss 0.00013514
Epoch 312|time: 3.73s|train_loss 0.00045533|val_loss 0.00013351
Epoch 313|time: 3.72s|train_loss 0.00044737|val_loss 0.00013272
Epoch 314|time: 3.91s|train_loss 0.00045147|val_loss 0.00013458
Epoch 315|time: 3.86s|train_loss 0.00045315|val_loss 0.00013784
Epoch 316|time: 3.73s|train_loss 0.00047105|val_loss 0.00014384
Epoch 317|time: 3.88s|train_loss 0.00045686|val_loss 0.00014411
Epoch 318|time: 3.82s|train_loss 0.00045764|val_loss 0.00013517
Epoch 319|time: 3.77s|train_loss 0.00045615|val_loss 0.00013867
Epoch 320|time: 3.77s|train_loss 0.00047242|val_loss 0.00014721
Epoch 321|time: 3.73s|train_loss 0.00047600|val_loss 0.00014065
Epoch 322|time: 3.78s|train_loss 0.00049000|val_loss 0.00015630
Epoch 323|time: 3.73s|train_loss 0.00047784|val_loss 0.00014160
Epoch 324|time: 3.85s|train_loss 0.00050008|val_loss 0.00020197
Epoch 325|time: 3.42s|train_loss 0.00049045|val_loss 0.00015629
Epoch 326|time: 3.37s|train_loss 0.00049580|val_loss 0.00014549
Epoch 327|time: 3.41s|train_loss 0.00047416|val_loss 0.00014812
Epoch 328|time: 3.53s|train_loss 0.00045796|val_loss 0.00014918
Epoch 329|time: 3.37s|train_loss 0.00045950|val_loss 0.00013391
Epoch 330|time: 3.50s|train_loss 0.00045161|val_loss 0.00013360
Epoch 331|time: 3.36s|train_loss 0.00047868|val_loss 0.00014788
Epoch 332|time: 3.55s|train_loss 0.00048925|val_loss 0.00014378
Epoch 333|time: 3.47s|train_loss 0.00046272|val_loss 0.00013886
Epoch 334|time: 3.37s|train_loss 0.00046727|val_loss 0.00013800
Epoch 335|time: 3.35s|train_loss 0.00046448|val_loss 0.00013440
Epoch 336|time: 3.48s|train_loss 0.00046938|val_loss 0.00014594
Epoch 337|time: 3.44s|train_loss 0.00045367|val_loss 0.00014319
Epoch 338|time: 3.37s|train_loss 0.00046731|val_loss 0.00016576
Epoch 339|time: 3.43s|train_loss 0.00048302|val_loss 0.00015250
Epoch 340|time: 3.36s|train_loss 0.00046438|val_loss 0.00015825
Epoch 341|time: 3.38s|train_loss 0.00046117|val_loss 0.00014761
Epoch 342|time: 3.45s|train_loss 0.00046044|val_loss 0.00013872
Epoch 343|time: 3.38s|train_loss 0.00044896|val_loss 0.00014033
Epoch 344|time: 3.37s|train_loss 0.00047894|val_loss 0.00013533
Epoch 345|time: 3.38s|train_loss 0.00046206|val_loss 0.00013296
Epoch 346|time: 3.45s|train_loss 0.00046533|val_loss 0.00013426
Epoch 347|time: 3.37s|train_loss 0.00046801|val_loss 0.00013458
Epoch 348|time: 3.45s|train_loss 0.00045874|val_loss 0.00013536
Epoch 349|time: 3.36s|train_loss 0.00045398|val_loss 0.00013281
Epoch 350|time: 3.37s|train_loss 0.00045454|val_loss 0.00014293
Epoch 351|time: 3.48s|train_loss 0.00045137|val_loss 0.00013666
Epoch 352|time: 3.37s|train_loss 0.00044245|val_loss 0.00013621
Epoch 353|time: 3.37s|train_loss 0.00044826|val_loss 0.00013348
Epoch 354|time: 3.44s|train_loss 0.00047723|val_loss 0.00014470
Epoch 355|time: 3.36s|train_loss 0.00046696|val_loss 0.00016100
Epoch 356|time: 3.45s|train_loss 0.00049481|val_loss 0.00013706
Epoch 357|time: 3.47s|train_loss 0.00044902|val_loss 0.00013771
Epoch 358|time: 3.37s|train_loss 0.00045315|val_loss 0.00013310
Epoch 359|time: 3.37s|train_loss 0.00045420|val_loss 0.00013421
Epoch 360|time: 3.63s|train_loss 0.00045563|val_loss 0.00013585
Epoch 361|time: 3.37s|train_loss 0.00046477|val_loss 0.00013325
Epoch 362|time: 3.55s|train_loss 0.00044259|val_loss 0.00013482
Epoch 363|time: 3.41s|train_loss 0.00045164|val_loss 0.00013340
Epoch 364|time: 3.54s|train_loss 0.00044338|val_loss 0.00014408
Epoch 365|time: 3.37s|train_loss 0.00044935|val_loss 0.00017652
Epoch 366|time: 3.44s|train_loss 0.00047581|val_loss 0.00015923
Epoch 367|time: 3.45s|train_loss 0.00046506|val_loss 0.00013516
Epoch 368|time: 3.60s|train_loss 0.00045516|val_loss 0.00014741
Epoch 369|time: 3.51s|train_loss 0.00046643|val_loss 0.00015506
Epoch 370|time: 3.71s|train_loss 0.00045351|val_loss 0.00015168
Epoch 371|time: 3.66s|train_loss 0.00047370|val_loss 0.00016547
Epoch 372|time: 3.47s|train_loss 0.00045723|val_loss 0.00014770
Epoch 373|time: 3.50s|train_loss 0.00045918|val_loss 0.00015234
Epoch 374|time: 3.62s|train_loss 0.00044901|val_loss 0.00016282
Epoch 375|time: 3.52s|train_loss 0.00046606|val_loss 0.00015874
Epoch 376|time: 3.37s|train_loss 0.00045615|val_loss 0.00014600
Epoch 377|time: 3.48s|train_loss 0.00046330|val_loss 0.00016388
Epoch 378|time: 3.46s|train_loss 0.00045365|val_loss 0.00014951
Epoch 379|time: 3.37s|train_loss 0.00046291|val_loss 0.00013995
Epoch 380|time: 3.38s|train_loss 0.00046395|val_loss 0.00014093
Epoch 381|time: 3.52s|train_loss 0.00046000|val_loss 0.00013541
Epoch 382|time: 3.35s|train_loss 0.00045239|val_loss 0.00013429
Epoch 383|time: 3.40s|train_loss 0.00045073|val_loss 0.00013603
Epoch 384|time: 3.57s|train_loss 0.00045619|val_loss 0.00013383
Epoch 385|time: 3.36s|train_loss 0.00045086|val_loss 0.00013644
Epoch 386|time: 3.37s|train_loss 0.00044800|val_loss 0.00013417
Epoch 387|time: 3.36s|train_loss 0.00045263|val_loss 0.00013394
Epoch 388|time: 3.45s|train_loss 0.00045637|val_loss 0.00013765
Epoch 389|time: 3.42s|train_loss 0.00044836|val_loss 0.00013498
Epoch 390|time: 3.36s|train_loss 0.00043932|val_loss 0.00013279
Epoch 391|time: 3.37s|train_loss 0.00044673|val_loss 0.00013883
Epoch 392|time: 3.44s|train_loss 0.00045838|val_loss 0.00014464
Epoch 393|time: 3.37s|train_loss 0.00045103|val_loss 0.00014074
Epoch 394|time: 3.37s|train_loss 0.00044477|val_loss 0.00013231
Best validation epoch: 394 Mon May 22 21:22:07 2023
TEST MAE 0.1612 | std 0.0445 | RMSE 0.2473 | RMSEs 0.2375 | PCC 0.9652 | PCCs 0.9501 | R2 0.9313 | R2s 0.8962 | Var 0.9313 | Vars 0.8977 | Peak 0.0911
Epoch 395|time: 3.38s|train_loss 0.00047062|val_loss 0.00013602
Epoch 396|time: 3.37s|train_loss 0.00043954|val_loss 0.00013589
Epoch 397|time: 3.49s|train_loss 0.00044904|val_loss 0.00013427
Epoch 398|time: 3.37s|train_loss 0.00045736|val_loss 0.00013479
Epoch 399|time: 3.36s|train_loss 0.00044683|val_loss 0.00014446
Epoch 400|time: 3.46s|train_loss 0.00044656|val_loss 0.00013660
Epoch 401|time: 3.37s|train_loss 0.00048241|val_loss 0.00013676
Epoch 402|time: 3.54s|train_loss 0.00049989|val_loss 0.00013220
Best validation epoch: 402 Mon May 22 21:22:35 2023
TEST MAE 0.1604 | std 0.0436 | RMSE 0.2455 | RMSEs 0.2359 | PCC 0.9656 | PCCs 0.9502 | R2 0.9323 | R2s 0.8975 | Var 0.9323 | Vars 0.8992 | Peak 0.0903
Epoch 403|time: 3.43s|train_loss 0.00046146|val_loss 0.00014065
Epoch 404|time: 3.37s|train_loss 0.00046826|val_loss 0.00014672
Epoch 405|time: 3.37s|train_loss 0.00047282|val_loss 0.00013578
Epoch 406|time: 3.61s|train_loss 0.00045981|val_loss 0.00013389
Epoch 407|time: 3.37s|train_loss 0.00044059|val_loss 0.00014425
Epoch 408|time: 3.37s|train_loss 0.00046145|val_loss 0.00013214
Best validation epoch: 408 Mon May 22 21:22:56 2023
TEST MAE 0.1623 | std 0.0430 | RMSE 0.2477 | RMSEs 0.2386 | PCC 0.9656 | PCCs 0.9501 | R2 0.9311 | R2s 0.8947 | Var 0.9318 | Vars 0.8979 | Peak 0.0900
Epoch 409|time: 3.38s|train_loss 0.00047165|val_loss 0.00013526
Epoch 410|time: 3.45s|train_loss 0.00046900|val_loss 0.00014668
Epoch 411|time: 3.51s|train_loss 0.00045577|val_loss 0.00014344
Epoch 412|time: 3.38s|train_loss 0.00045037|val_loss 0.00014219
Epoch 413|time: 3.38s|train_loss 0.00045648|val_loss 0.00013473
Epoch 414|time: 3.63s|train_loss 0.00045608|val_loss 0.00013249
Epoch 415|time: 3.37s|train_loss 0.00043784|val_loss 0.00014288
Epoch 416|time: 3.37s|train_loss 0.00045460|val_loss 0.00013922
Epoch 417|time: 3.56s|train_loss 0.00044480|val_loss 0.00013997
Epoch 418|time: 3.37s|train_loss 0.00045074|val_loss 0.00013654
Epoch 419|time: 3.49s|train_loss 0.00044223|val_loss 0.00013516
Epoch 420|time: 3.68s|train_loss 0.00046972|val_loss 0.00013530
Epoch 421|time: 3.39s|train_loss 0.00047436|val_loss 0.00013979
Epoch 422|time: 3.38s|train_loss 0.00048514|val_loss 0.00013468
Epoch 423|time: 3.51s|train_loss 0.00046086|val_loss 0.00013883
Epoch 424|time: 3.44s|train_loss 0.00044549|val_loss 0.00014691
Epoch 425|time: 3.36s|train_loss 0.00045049|val_loss 0.00013394
Epoch 426|time: 3.46s|train_loss 0.00044976|val_loss 0.00013276
Epoch 427|time: 3.37s|train_loss 0.00044951|val_loss 0.00013792
Epoch 428|time: 3.42s|train_loss 0.00045116|val_loss 0.00016639
Epoch 429|time: 3.10s|train_loss 0.00046509|val_loss 0.00014698
Epoch 430|time: 2.14s|train_loss 0.00045898|val_loss 0.00013771
Epoch 431|time: 2.17s|train_loss 0.00044600|val_loss 0.00013504
Epoch 432|time: 2.74s|train_loss 0.00043987|val_loss 0.00013238
Epoch 433|time: 3.75s|train_loss 0.00044890|val_loss 0.00013760
Epoch 434|time: 3.79s|train_loss 0.00044073|val_loss 0.00013505
Epoch 435|time: 3.75s|train_loss 0.00045809|val_loss 0.00016014
Epoch 436|time: 3.69s|train_loss 0.00045251|val_loss 0.00013901
Epoch 437|time: 3.92s|train_loss 0.00045749|val_loss 0.00013890
Epoch 438|time: 3.96s|train_loss 0.00044874|val_loss 0.00013158
Best validation epoch: 438 Mon May 22 21:24:39 2023
TEST MAE 0.1608 | std 0.0431 | RMSE 0.2454 | RMSEs 0.2362 | PCC 0.9657 | PCCs 0.9500 | R2 0.9324 | R2s 0.8970 | Var 0.9324 | Vars 0.8985 | Peak 0.0901
Epoch 439|time: 3.71s|train_loss 0.00046190|val_loss 0.00013412
Epoch 440|time: 3.84s|train_loss 0.00044172|val_loss 0.00014792
Epoch 441|time: 3.70s|train_loss 0.00044731|val_loss 0.00013583
Epoch 442|time: 3.78s|train_loss 0.00046038|val_loss 0.00013490
Epoch 443|time: 3.90s|train_loss 0.00047332|val_loss 0.00014309
Epoch 444|time: 3.81s|train_loss 0.00045589|val_loss 0.00013785
Epoch 445|time: 3.78s|train_loss 0.00046048|val_loss 0.00014357
Epoch 446|time: 3.93s|train_loss 0.00044108|val_loss 0.00013618
Epoch 447|time: 3.70s|train_loss 0.00047250|val_loss 0.00013797
Epoch 448|time: 3.83s|train_loss 0.00045931|val_loss 0.00013917
Epoch 449|time: 3.78s|train_loss 0.00045826|val_loss 0.00014508
Epoch 450|time: 3.71s|train_loss 0.00045403|val_loss 0.00014747
Epoch 451|time: 3.80s|train_loss 0.00047706|val_loss 0.00019528
Epoch 452|time: 3.77s|train_loss 0.00047537|val_loss 0.00013754
Epoch 453|time: 3.77s|train_loss 0.00044137|val_loss 0.00014365
Epoch 454|time: 3.75s|train_loss 0.00044476|val_loss 0.00013315
Epoch 455|time: 3.71s|train_loss 0.00045017|val_loss 0.00013306
Epoch 456|time: 3.82s|train_loss 0.00045274|val_loss 0.00013658
Epoch 457|time: 3.70s|train_loss 0.00044585|val_loss 0.00013546
Epoch 458|time: 3.70s|train_loss 0.00043482|val_loss 0.00013034
Best validation epoch: 458 Mon May 22 21:25:55 2023
TEST MAE 0.1707 | std 0.0455 | RMSE 0.2599 | RMSEs 0.2512 | PCC 0.9652 | PCCs 0.9510 | R2 0.9241 | R2s 0.8821 | Var 0.9276 | Vars 0.8913 | Peak 0.0924
Epoch 459|time: 3.83s|train_loss 0.00045921|val_loss 0.00014699
Epoch 460|time: 3.70s|train_loss 0.00047994|val_loss 0.00017392
Epoch 461|time: 3.71s|train_loss 0.00049312|val_loss 0.00017147
Epoch 462|time: 3.70s|train_loss 0.00046273|val_loss 0.00014865
Epoch 463|time: 3.70s|train_loss 0.00047705|val_loss 0.00013805
Epoch 464|time: 3.74s|train_loss 0.00044907|val_loss 0.00014290
Epoch 465|time: 3.80s|train_loss 0.00045641|val_loss 0.00013579
Epoch 466|time: 3.70s|train_loss 0.00047196|val_loss 0.00013436
Epoch 467|time: 3.83s|train_loss 0.00047728|val_loss 0.00013301
Epoch 468|time: 3.79s|train_loss 0.00049145|val_loss 0.00014671
Epoch 469|time: 3.71s|train_loss 0.00045689|val_loss 0.00013313
Epoch 470|time: 3.78s|train_loss 0.00044593|val_loss 0.00013815
Epoch 471|time: 3.71s|train_loss 0.00046284|val_loss 0.00013575
Epoch 472|time: 3.84s|train_loss 0.00045431|val_loss 0.00013464
Epoch 473|time: 3.71s|train_loss 0.00045993|val_loss 0.00013299
Epoch 474|time: 3.99s|train_loss 0.00047071|val_loss 0.00013475
Epoch 475|time: 3.82s|train_loss 0.00052499|val_loss 0.00013668
Epoch 476|time: 3.70s|train_loss 0.00047750|val_loss 0.00013748
Epoch 477|time: 3.71s|train_loss 0.00044955|val_loss 0.00014750
Epoch 478|time: 3.69s|train_loss 0.00050120|val_loss 0.00013211
Epoch 479|time: 3.78s|train_loss 0.00047428|val_loss 0.00013554
Epoch 480|time: 3.82s|train_loss 0.00045837|val_loss 0.00013496
Epoch 481|time: 3.72s|train_loss 0.00046148|val_loss 0.00013766
Epoch 482|time: 3.71s|train_loss 0.00045282|val_loss 0.00015654
Epoch 483|time: 3.80s|train_loss 0.00045360|val_loss 0.00014728
Epoch 484|time: 4.04s|train_loss 0.00047531|val_loss 0.00013739
Epoch 485|time: 3.44s|train_loss 0.00046467|val_loss 0.00014831
Epoch 486|time: 3.34s|train_loss 0.00047788|val_loss 0.00016032
Epoch 487|time: 3.33s|train_loss 0.00048748|val_loss 0.00014160
Epoch 488|time: 3.49s|train_loss 0.00045728|val_loss 0.00013729
Epoch 489|time: 3.33s|train_loss 0.00045623|val_loss 0.00013805
Epoch 490|time: 3.34s|train_loss 0.00046026|val_loss 0.00013600
Epoch 491|time: 3.36s|train_loss 0.00045245|val_loss 0.00015538
Epoch 492|time: 3.42s|train_loss 0.00044781|val_loss 0.00013803
Epoch 493|time: 3.34s|train_loss 0.00044333|val_loss 0.00014331
Epoch 494|time: 3.42s|train_loss 0.00044447|val_loss 0.00015114
Epoch 495|time: 3.35s|train_loss 0.00046738|val_loss 0.00014418
Epoch 496|time: 3.35s|train_loss 0.00047323|val_loss 0.00014575
Epoch 497|time: 3.34s|train_loss 0.00045699|val_loss 0.00013322
Epoch 498|time: 3.43s|train_loss 0.00047979|val_loss 0.00013620
Epoch 499|time: 3.34s|train_loss 0.00045802|val_loss 0.00015512
Epoch 500|time: 3.45s|train_loss 0.00046135|val_loss 0.00014394
Final evaluation
TEST MAE 0.1707 | std 0.0455 | RMSE 0.2599 | RMSEs 0.2512 | PCC 0.9652 | PCCs 0.9510 | R2 0.9241 | R2s 0.8821 | Var 0.9276 | Vars 0.8913 | Peak 0.0924
