--------Parameters--------
Namespace(batch=32, bi=False, check_point=1, cuda=False, dataset='us_hhs', dropout=0.2, epilambda=0.1, epochs=500, gpu=3, hidsp=15, horizon=2, k=10, lamda=0.01, lr=0.01, model='cola_gnn_epi', mylog=False, n_hidden=30, n_layer=1, patience=200, rnn_model='RNN', save_dir='save', seed=42, shuffle=False, sim_mat='us_hhs-adj', test=0.2, train=0.6, val=0.2, weight_decay=0.0005, window=20)
--------------------------
data shape (364, 10)
size of train/val/test sets 197 73 73
#params: 9885
begin training
Epoch   1|time: 3.64s|train_loss 0.00263807|val_loss 0.00056109
Best validation epoch: 1 Tue May 23 08:24:51 2023
TEST MAE 0.7902 | std 0.3385 | RMSE 1.1207 | RMSEs 1.0509 | PCC 0.5967 | PCCs 0.4287 | R2 -0.4110 | R2s -0.9111 | Var 0.2585 | Vars 0.1166 | Peak 0.5551
Epoch   2|time: 3.52s|train_loss 0.00149985|val_loss 0.00071159
Epoch   3|time: 3.91s|train_loss 0.00139919|val_loss 0.00032975
Best validation epoch: 3 Tue May 23 08:24:59 2023
TEST MAE 0.3839 | std 0.0961 | RMSE 0.4954 | RMSEs 0.4804 | PCC 0.8880 | PCCs 0.8627 | R2 0.7244 | R2s 0.5514 | Var 0.7871 | Vars 0.7303 | Peak 0.1746
Epoch   4|time: 3.68s|train_loss 0.00132354|val_loss 0.00024471
Best validation epoch: 4 Tue May 23 08:25:04 2023
TEST MAE 0.2811 | std 0.0711 | RMSE 0.4105 | RMSEs 0.3958 | PCC 0.9066 | PCCs 0.8779 | R2 0.8107 | R2s 0.7094 | Var 0.8209 | Vars 0.7569 | Peak 0.1552
Epoch   5|time: 3.54s|train_loss 0.00123253|val_loss 0.00021514
Best validation epoch: 5 Tue May 23 08:25:08 2023
TEST MAE 0.2435 | std 0.0840 | RMSE 0.4065 | RMSEs 0.3843 | PCC 0.9163 | PCCs 0.8828 | R2 0.8144 | R2s 0.7402 | Var 0.8267 | Vars 0.7645 | Peak 0.1622
Epoch   6|time: 3.79s|train_loss 0.00114099|val_loss 0.00020905
Best validation epoch: 6 Tue May 23 08:25:13 2023
TEST MAE 0.2389 | std 0.0715 | RMSE 0.3872 | RMSEs 0.3682 | PCC 0.9199 | PCCs 0.8867 | R2 0.8316 | R2s 0.7587 | Var 0.8355 | Vars 0.7717 | Peak 0.1508
Epoch   7|time: 3.37s|train_loss 0.00113806|val_loss 0.00020372
Best validation epoch: 7 Tue May 23 08:25:17 2023
TEST MAE 0.2383 | std 0.0799 | RMSE 0.3886 | RMSEs 0.3695 | PCC 0.9249 | PCCs 0.8914 | R2 0.8303 | R2s 0.7583 | Var 0.8496 | Vars 0.7880 | Peak 0.1547
Epoch   8|time: 3.52s|train_loss 0.00115367|val_loss 0.00019650
Best validation epoch: 8 Tue May 23 08:25:21 2023
TEST MAE 0.2276 | std 0.0676 | RMSE 0.3731 | RMSEs 0.3574 | PCC 0.9262 | PCCs 0.8905 | R2 0.8436 | R2s 0.7708 | Var 0.8519 | Vars 0.7843 | Peak 0.1474
Epoch   9|time: 3.36s|train_loss 0.00113166|val_loss 0.00019134
Best validation epoch: 9 Tue May 23 08:25:25 2023
TEST MAE 0.2391 | std 0.0736 | RMSE 0.3797 | RMSEs 0.3635 | PCC 0.9248 | PCCs 0.8886 | R2 0.8380 | R2s 0.7634 | Var 0.8537 | Vars 0.7872 | Peak 0.1555
Epoch  10|time: 3.37s|train_loss 0.00113460|val_loss 0.00020901
Epoch  11|time: 3.61s|train_loss 0.00112000|val_loss 0.00020384
Epoch  12|time: 3.37s|train_loss 0.00109707|val_loss 0.00019090
Best validation epoch: 12 Tue May 23 08:25:36 2023
TEST MAE 0.2271 | std 0.0669 | RMSE 0.3566 | RMSEs 0.3407 | PCC 0.9318 | PCCs 0.9005 | R2 0.8571 | R2s 0.7922 | Var 0.8670 | Vars 0.8074 | Peak 0.1422
Epoch  13|time: 3.38s|train_loss 0.00106882|val_loss 0.00018269
Best validation epoch: 13 Tue May 23 08:25:40 2023
TEST MAE 0.2236 | std 0.0644 | RMSE 0.3537 | RMSEs 0.3382 | PCC 0.9308 | PCCs 0.8986 | R2 0.8594 | R2s 0.7949 | Var 0.8639 | Vars 0.8029 | Peak 0.1414
Epoch  14|time: 3.46s|train_loss 0.00107186|val_loss 0.00018735
Epoch  15|time: 3.36s|train_loss 0.00106537|val_loss 0.00018872
Epoch  16|time: 3.58s|train_loss 0.00102765|val_loss 0.00020411
Epoch  17|time: 3.37s|train_loss 0.00104102|val_loss 0.00022107
Epoch  18|time: 3.45s|train_loss 0.00104916|val_loss 0.00019177
Epoch  19|time: 3.41s|train_loss 0.00101080|val_loss 0.00018734
Epoch  20|time: 3.37s|train_loss 0.00102320|val_loss 0.00019448
Epoch  21|time: 3.37s|train_loss 0.00101327|val_loss 0.00019189
Epoch  22|time: 3.48s|train_loss 0.00100365|val_loss 0.00018133
Best validation epoch: 22 Tue May 23 08:26:12 2023
TEST MAE 0.2220 | std 0.0669 | RMSE 0.3489 | RMSEs 0.3332 | PCC 0.9329 | PCCs 0.9022 | R2 0.8633 | R2s 0.8012 | Var 0.8694 | Vars 0.8108 | Peak 0.1398
Epoch  23|time: 3.35s|train_loss 0.00100725|val_loss 0.00020294
Epoch  24|time: 3.38s|train_loss 0.00101880|val_loss 0.00019212
Epoch  25|time: 3.70s|train_loss 0.00099692|val_loss 0.00018622
Epoch  26|time: 3.71s|train_loss 0.00098548|val_loss 0.00018011
Best validation epoch: 26 Tue May 23 08:26:27 2023
TEST MAE 0.2191 | std 0.0653 | RMSE 0.3435 | RMSEs 0.3276 | PCC 0.9338 | PCCs 0.9045 | R2 0.8674 | R2s 0.8082 | Var 0.8710 | Vars 0.8146 | Peak 0.1366
Epoch  27|time: 3.96s|train_loss 0.00101454|val_loss 0.00021153
Epoch  28|time: 3.72s|train_loss 0.00108276|val_loss 0.00017754
Best validation epoch: 28 Tue May 23 08:26:36 2023
TEST MAE 0.2206 | std 0.0611 | RMSE 0.3370 | RMSEs 0.3231 | PCC 0.9341 | PCCs 0.9045 | R2 0.8724 | R2s 0.8115 | Var 0.8725 | Vars 0.8140 | Peak 0.1283
Epoch  29|time: 3.72s|train_loss 0.00104985|val_loss 0.00017962
Epoch  30|time: 3.79s|train_loss 0.00099742|val_loss 0.00023785
Epoch  31|time: 3.74s|train_loss 0.00100138|val_loss 0.00018555
Epoch  32|time: 3.83s|train_loss 0.00097964|val_loss 0.00017869
Epoch  33|time: 3.85s|train_loss 0.00097089|val_loss 0.00018558
Epoch  34|time: 3.73s|train_loss 0.00095675|val_loss 0.00019547
Epoch  35|time: 3.93s|train_loss 0.00096148|val_loss 0.00020569
Epoch  36|time: 3.81s|train_loss 0.00094942|val_loss 0.00017976
Epoch  37|time: 3.75s|train_loss 0.00094702|val_loss 0.00018474
Epoch  38|time: 3.73s|train_loss 0.00094870|val_loss 0.00024594
Epoch  39|time: 3.72s|train_loss 0.00095671|val_loss 0.00018315
Epoch  40|time: 3.80s|train_loss 0.00097172|val_loss 0.00020441
Epoch  41|time: 3.80s|train_loss 0.00093934|val_loss 0.00018946
Epoch  42|time: 3.73s|train_loss 0.00092861|val_loss 0.00018620
Epoch  43|time: 3.53s|train_loss 0.00094205|val_loss 0.00018131
Epoch  44|time: 3.37s|train_loss 0.00092876|val_loss 0.00017866
Epoch  45|time: 3.35s|train_loss 0.00091624|val_loss 0.00017865
Epoch  46|time: 3.47s|train_loss 0.00091315|val_loss 0.00017868
Epoch  47|time: 3.48s|train_loss 0.00092436|val_loss 0.00018258
Epoch  48|time: 3.35s|train_loss 0.00091408|val_loss 0.00018425
Epoch  49|time: 3.47s|train_loss 0.00093463|val_loss 0.00018566
Epoch  50|time: 3.36s|train_loss 0.00095195|val_loss 0.00024194
Epoch  51|time: 3.45s|train_loss 0.00094852|val_loss 0.00018318
Epoch  52|time: 3.50s|train_loss 0.00092534|val_loss 0.00018229
Epoch  53|time: 3.39s|train_loss 0.00094564|val_loss 0.00017971
Epoch  54|time: 3.36s|train_loss 0.00092282|val_loss 0.00018476
Epoch  55|time: 3.45s|train_loss 0.00093268|val_loss 0.00018183
Epoch  56|time: 3.36s|train_loss 0.00090911|val_loss 0.00017980
Epoch  57|time: 3.36s|train_loss 0.00090794|val_loss 0.00019871
Epoch  58|time: 3.16s|train_loss 0.00091314|val_loss 0.00020349
Epoch  59|time: 2.22s|train_loss 0.00092834|val_loss 0.00018707
Epoch  60|time: 2.63s|train_loss 0.00094747|val_loss 0.00018242
Epoch  61|time: 3.56s|train_loss 0.00092803|val_loss 0.00022604
Epoch  62|time: 3.37s|train_loss 0.00094546|val_loss 0.00018101
Epoch  63|time: 3.37s|train_loss 0.00092259|val_loss 0.00018399
Epoch  64|time: 3.53s|train_loss 0.00089382|val_loss 0.00020298
Epoch  65|time: 3.46s|train_loss 0.00089903|val_loss 0.00019555
Epoch  66|time: 3.36s|train_loss 0.00087707|val_loss 0.00018511
Epoch  67|time: 3.53s|train_loss 0.00093835|val_loss 0.00022579
Epoch  68|time: 3.36s|train_loss 0.00093782|val_loss 0.00018613
Epoch  69|time: 3.45s|train_loss 0.00089965|val_loss 0.00018761
Epoch  70|time: 3.47s|train_loss 0.00090698|val_loss 0.00018875
Epoch  71|time: 3.38s|train_loss 0.00087474|val_loss 0.00021244
Epoch  72|time: 3.37s|train_loss 0.00088481|val_loss 0.00019736
Epoch  73|time: 3.45s|train_loss 0.00089143|val_loss 0.00017836
Epoch  74|time: 3.52s|train_loss 0.00086465|val_loss 0.00018010
Epoch  75|time: 3.36s|train_loss 0.00085542|val_loss 0.00019358
Epoch  76|time: 3.53s|train_loss 0.00087344|val_loss 0.00019151
Epoch  77|time: 3.36s|train_loss 0.00086072|val_loss 0.00018348
Epoch  78|time: 3.37s|train_loss 0.00087058|val_loss 0.00017805
Epoch  79|time: 3.56s|train_loss 0.00085410|val_loss 0.00018034
Epoch  80|time: 3.37s|train_loss 0.00090269|val_loss 0.00017959
Epoch  81|time: 3.47s|train_loss 0.00089403|val_loss 0.00017960
Epoch  82|time: 3.36s|train_loss 0.00088794|val_loss 0.00018785
Epoch  83|time: 3.48s|train_loss 0.00086567|val_loss 0.00018189
Epoch  84|time: 3.45s|train_loss 0.00085788|val_loss 0.00026617
Epoch  85|time: 3.37s|train_loss 0.00090393|val_loss 0.00031040
Epoch  86|time: 3.35s|train_loss 0.00091104|val_loss 0.00025281
Epoch  87|time: 3.41s|train_loss 0.00089837|val_loss 0.00021890
Epoch  88|time: 3.44s|train_loss 0.00088056|val_loss 0.00018375
Epoch  89|time: 3.37s|train_loss 0.00086441|val_loss 0.00019792
Epoch  90|time: 3.48s|train_loss 0.00086308|val_loss 0.00018345
Epoch  91|time: 3.37s|train_loss 0.00089081|val_loss 0.00018248
Epoch  92|time: 3.35s|train_loss 0.00086931|val_loss 0.00020234
Epoch  93|time: 3.50s|train_loss 0.00088946|val_loss 0.00022261
Epoch  94|time: 3.36s|train_loss 0.00085939|val_loss 0.00018297
Epoch  95|time: 3.38s|train_loss 0.00082891|val_loss 0.00018055
Epoch  96|time: 3.46s|train_loss 0.00082842|val_loss 0.00019148
Epoch  97|time: 3.47s|train_loss 0.00082052|val_loss 0.00020241
Epoch  98|time: 3.37s|train_loss 0.00087435|val_loss 0.00018720
Epoch  99|time: 3.45s|train_loss 0.00081574|val_loss 0.00017928
Epoch 100|time: 3.37s|train_loss 0.00082688|val_loss 0.00017752
Best validation epoch: 100 Tue May 23 08:30:46 2023
TEST MAE 0.2145 | std 0.0601 | RMSE 0.3317 | RMSEs 0.3174 | PCC 0.9363 | PCCs 0.9084 | R2 0.8764 | R2s 0.8181 | Var 0.8766 | Vars 0.8209 | Peak 0.1255
Epoch 101|time: 3.45s|train_loss 0.00083156|val_loss 0.00020798
Epoch 102|time: 3.38s|train_loss 0.00084411|val_loss 0.00018812
Epoch 103|time: 3.36s|train_loss 0.00083285|val_loss 0.00019058
Epoch 104|time: 3.37s|train_loss 0.00084342|val_loss 0.00018196
Epoch 105|time: 3.37s|train_loss 0.00081538|val_loss 0.00019165
Epoch 106|time: 3.44s|train_loss 0.00080543|val_loss 0.00019685
Epoch 107|time: 3.35s|train_loss 0.00081101|val_loss 0.00018310
Epoch 108|time: 3.50s|train_loss 0.00081200|val_loss 0.00021275
Epoch 109|time: 3.37s|train_loss 0.00082292|val_loss 0.00019007
Epoch 110|time: 3.37s|train_loss 0.00081054|val_loss 0.00021821
Epoch 111|time: 3.62s|train_loss 0.00082575|val_loss 0.00017861
Epoch 112|time: 3.38s|train_loss 0.00084905|val_loss 0.00018211
Epoch 113|time: 3.57s|train_loss 0.00080746|val_loss 0.00018063
Epoch 114|time: 3.35s|train_loss 0.00080944|val_loss 0.00017723
Best validation epoch: 114 Tue May 23 08:31:34 2023
TEST MAE 0.2186 | std 0.0602 | RMSE 0.3318 | RMSEs 0.3182 | PCC 0.9365 | PCCs 0.9092 | R2 0.8763 | R2s 0.8166 | Var 0.8768 | Vars 0.8212 | Peak 0.1234
Epoch 115|time: 3.36s|train_loss 0.00081876|val_loss 0.00018031
Epoch 116|time: 3.43s|train_loss 0.00084646|val_loss 0.00018295
Epoch 117|time: 3.35s|train_loss 0.00080730|val_loss 0.00019097
Epoch 118|time: 3.38s|train_loss 0.00082068|val_loss 0.00019437
Epoch 119|time: 3.57s|train_loss 0.00080201|val_loss 0.00018949
Epoch 120|time: 3.35s|train_loss 0.00081199|val_loss 0.00023050
Epoch 121|time: 3.37s|train_loss 0.00089198|val_loss 0.00022665
Epoch 122|time: 3.47s|train_loss 0.00081682|val_loss 0.00018074
Epoch 123|time: 3.36s|train_loss 0.00087850|val_loss 0.00018731
Epoch 124|time: 3.38s|train_loss 0.00081559|val_loss 0.00017841
Epoch 125|time: 3.76s|train_loss 0.00081761|val_loss 0.00020321
Epoch 126|time: 3.35s|train_loss 0.00082706|val_loss 0.00021082
Epoch 127|time: 3.38s|train_loss 0.00082286|val_loss 0.00019050
Epoch 128|time: 3.47s|train_loss 0.00080439|val_loss 0.00018228
Epoch 129|time: 3.45s|train_loss 0.00079490|val_loss 0.00018012
Epoch 130|time: 3.37s|train_loss 0.00082015|val_loss 0.00018135
Epoch 131|time: 3.59s|train_loss 0.00082344|val_loss 0.00019340
Epoch 132|time: 3.37s|train_loss 0.00078912|val_loss 0.00017697
Best validation epoch: 132 Tue May 23 08:32:37 2023
TEST MAE 0.2167 | std 0.0598 | RMSE 0.3318 | RMSEs 0.3179 | PCC 0.9362 | PCCs 0.9086 | R2 0.8763 | R2s 0.8171 | Var 0.8763 | Vars 0.8208 | Peak 0.1236
Epoch 133|time: 3.55s|train_loss 0.00079121|val_loss 0.00019156
Epoch 134|time: 3.40s|train_loss 0.00081815|val_loss 0.00017478
Best validation epoch: 134 Tue May 23 08:32:45 2023
TEST MAE 0.2134 | std 0.0603 | RMSE 0.3302 | RMSEs 0.3159 | PCC 0.9368 | PCCs 0.9111 | R2 0.8775 | R2s 0.8198 | Var 0.8775 | Vars 0.8244 | Peak 0.1229
Epoch 135|time: 3.37s|train_loss 0.00078949|val_loss 0.00017602
Epoch 136|time: 3.64s|train_loss 0.00082271|val_loss 0.00018263
Epoch 137|time: 3.46s|train_loss 0.00089242|val_loss 0.00017473
Best validation epoch: 137 Tue May 23 08:32:56 2023
TEST MAE 0.2144 | std 0.0611 | RMSE 0.3298 | RMSEs 0.3156 | PCC 0.9371 | PCCs 0.9110 | R2 0.8778 | R2s 0.8199 | Var 0.8779 | Vars 0.8237 | Peak 0.1231
Epoch 138|time: 3.37s|train_loss 0.00084680|val_loss 0.00019072
Epoch 139|time: 3.60s|train_loss 0.00083795|val_loss 0.00018713
Epoch 140|time: 3.38s|train_loss 0.00079462|val_loss 0.00019830
Epoch 141|time: 3.36s|train_loss 0.00081835|val_loss 0.00017623
Epoch 142|time: 3.61s|train_loss 0.00076643|val_loss 0.00017625
Epoch 143|time: 3.37s|train_loss 0.00079492|val_loss 0.00018025
Epoch 144|time: 3.32s|train_loss 0.00086232|val_loss 0.00019229
Epoch 145|time: 3.41s|train_loss 0.00079647|val_loss 0.00019133
Epoch 146|time: 3.31s|train_loss 0.00080140|val_loss 0.00018118
Epoch 147|time: 3.39s|train_loss 0.00079816|val_loss 0.00021405
Epoch 148|time: 3.44s|train_loss 0.00082908|val_loss 0.00022501
Epoch 149|time: 3.30s|train_loss 0.00089285|val_loss 0.00018083
Epoch 150|time: 3.28s|train_loss 0.00081521|val_loss 0.00017474
Epoch 151|time: 3.47s|train_loss 0.00079190|val_loss 0.00018168
Epoch 152|time: 3.29s|train_loss 0.00083498|val_loss 0.00018924
Epoch 153|time: 3.29s|train_loss 0.00076202|val_loss 0.00019695
Epoch 154|time: 3.49s|train_loss 0.00080015|val_loss 0.00022227
Epoch 155|time: 3.28s|train_loss 0.00078583|val_loss 0.00018036
Epoch 156|time: 3.52s|train_loss 0.00076171|val_loss 0.00017470
Best validation epoch: 156 Tue May 23 08:34:01 2023
TEST MAE 0.2237 | std 0.0608 | RMSE 0.3376 | RMSEs 0.3243 | PCC 0.9369 | PCCs 0.9121 | R2 0.8720 | R2s 0.8078 | Var 0.8750 | Vars 0.8194 | Peak 0.1230
Epoch 157|time: 3.31s|train_loss 0.00080173|val_loss 0.00017526
Epoch 158|time: 3.29s|train_loss 0.00080229|val_loss 0.00017717
Epoch 159|time: 3.56s|train_loss 0.00076413|val_loss 0.00017758
Epoch 160|time: 3.44s|train_loss 0.00077908|val_loss 0.00017775
Epoch 161|time: 3.36s|train_loss 0.00075377|val_loss 0.00018014
Epoch 162|time: 3.37s|train_loss 0.00076033|val_loss 0.00017422
Best validation epoch: 162 Tue May 23 08:34:22 2023
TEST MAE 0.2093 | std 0.0588 | RMSE 0.3265 | RMSEs 0.3122 | PCC 0.9383 | PCCs 0.9127 | R2 0.8803 | R2s 0.8240 | Var 0.8804 | Vars 0.8271 | Peak 0.1221
Epoch 163|time: 3.30s|train_loss 0.00082254|val_loss 0.00019064
Epoch 164|time: 3.39s|train_loss 0.00077193|val_loss 0.00018195
Epoch 165|time: 3.46s|train_loss 0.00075150|val_loss 0.00018192
Epoch 166|time: 3.29s|train_loss 0.00078673|val_loss 0.00018332
Epoch 167|time: 3.29s|train_loss 0.00076345|val_loss 0.00017881
Epoch 168|time: 3.40s|train_loss 0.00077904|val_loss 0.00017494
Epoch 169|time: 3.39s|train_loss 0.00074249|val_loss 0.00017793
Epoch 170|time: 3.29s|train_loss 0.00074784|val_loss 0.00018660
Epoch 171|time: 3.40s|train_loss 0.00073739|val_loss 0.00017552
Epoch 172|time: 3.29s|train_loss 0.00074415|val_loss 0.00018436
Epoch 173|time: 3.28s|train_loss 0.00074968|val_loss 0.00018761
Epoch 174|time: 3.43s|train_loss 0.00075388|val_loss 0.00017955
Epoch 175|time: 3.30s|train_loss 0.00073909|val_loss 0.00017719
Epoch 176|time: 3.30s|train_loss 0.00073108|val_loss 0.00018571
Epoch 177|time: 3.54s|train_loss 0.00076705|val_loss 0.00019057
Epoch 178|time: 3.30s|train_loss 0.00072674|val_loss 0.00017475
Epoch 179|time: 3.39s|train_loss 0.00073590|val_loss 0.00017852
Epoch 180|time: 3.44s|train_loss 0.00073847|val_loss 0.00018046
Epoch 181|time: 3.30s|train_loss 0.00080849|val_loss 0.00018370
Epoch 182|time: 3.29s|train_loss 0.00080315|val_loss 0.00018155
Epoch 183|time: 3.43s|train_loss 0.00079930|val_loss 0.00019268
Epoch 184|time: 3.29s|train_loss 0.00078816|val_loss 0.00018565
Epoch 185|time: 3.30s|train_loss 0.00080974|val_loss 0.00017944
Epoch 186|time: 3.43s|train_loss 0.00079745|val_loss 0.00019931
Epoch 187|time: 3.30s|train_loss 0.00080205|val_loss 0.00020941
Epoch 188|time: 3.37s|train_loss 0.00080537|val_loss 0.00017731
Epoch 189|time: 3.39s|train_loss 0.00077495|val_loss 0.00017244
Best validation epoch: 189 Tue May 23 08:35:54 2023
TEST MAE 0.2138 | std 0.0580 | RMSE 0.3278 | RMSEs 0.3141 | PCC 0.9388 | PCCs 0.9148 | R2 0.8793 | R2s 0.8204 | Var 0.8804 | Vars 0.8278 | Peak 0.1199
Epoch 190|time: 3.30s|train_loss 0.00077673|val_loss 0.00018031
Epoch 191|time: 3.30s|train_loss 0.00078574|val_loss 0.00017506
Epoch 192|time: 3.42s|train_loss 0.00076637|val_loss 0.00018580
Epoch 193|time: 3.38s|train_loss 0.00079113|val_loss 0.00018301
Epoch 194|time: 3.30s|train_loss 0.00076022|val_loss 0.00018946
Epoch 195|time: 3.53s|train_loss 0.00076942|val_loss 0.00018066
Epoch 196|time: 3.29s|train_loss 0.00074806|val_loss 0.00017648
Epoch 197|time: 3.43s|train_loss 0.00073212|val_loss 0.00017799
Epoch 198|time: 3.40s|train_loss 0.00075183|val_loss 0.00018610
Epoch 199|time: 3.29s|train_loss 0.00075728|val_loss 0.00018603
Epoch 200|time: 3.36s|train_loss 0.00074012|val_loss 0.00018655
Epoch 201|time: 3.42s|train_loss 0.00076677|val_loss 0.00020540
Epoch 202|time: 3.28s|train_loss 0.00074368|val_loss 0.00018232
Epoch 203|time: 3.31s|train_loss 0.00073352|val_loss 0.00017617
Epoch 204|time: 3.31s|train_loss 0.00072330|val_loss 0.00019801
Epoch 205|time: 3.29s|train_loss 0.00073669|val_loss 0.00017291
Epoch 206|time: 3.32s|train_loss 0.00073413|val_loss 0.00017065
Best validation epoch: 206 Tue May 23 08:36:51 2023
TEST MAE 0.2193 | std 0.0604 | RMSE 0.3349 | RMSEs 0.3211 | PCC 0.9386 | PCCs 0.9162 | R2 0.8740 | R2s 0.8114 | Var 0.8780 | Vars 0.8258 | Peak 0.1221
Epoch 207|time: 3.45s|train_loss 0.00074045|val_loss 0.00018472
Epoch 208|time: 3.36s|train_loss 0.00076235|val_loss 0.00021941
Epoch 209|time: 3.55s|train_loss 0.00075190|val_loss 0.00020443
Epoch 210|time: 3.36s|train_loss 0.00074292|val_loss 0.00020134
Epoch 211|time: 3.44s|train_loss 0.00072786|val_loss 0.00022171
Epoch 212|time: 3.61s|train_loss 0.00080409|val_loss 0.00018035
Epoch 213|time: 3.50s|train_loss 0.00072110|val_loss 0.00017193
Epoch 214|time: 3.34s|train_loss 0.00072650|val_loss 0.00017682
Epoch 215|time: 3.49s|train_loss 0.00072063|val_loss 0.00017214
Epoch 216|time: 3.42s|train_loss 0.00074888|val_loss 0.00017468
Epoch 217|time: 3.34s|train_loss 0.00074134|val_loss 0.00017707
Epoch 218|time: 3.44s|train_loss 0.00071321|val_loss 0.00020101
Epoch 219|time: 3.33s|train_loss 0.00070315|val_loss 0.00018161
Epoch 220|time: 3.34s|train_loss 0.00070386|val_loss 0.00017910
Epoch 221|time: 3.58s|train_loss 0.00073257|val_loss 0.00018359
Epoch 222|time: 3.41s|train_loss 0.00071603|val_loss 0.00017657
Epoch 223|time: 3.33s|train_loss 0.00070675|val_loss 0.00017490
Epoch 224|time: 3.54s|train_loss 0.00070169|val_loss 0.00018518
Epoch 225|time: 3.34s|train_loss 0.00074439|val_loss 0.00017639
Epoch 226|time: 3.42s|train_loss 0.00073573|val_loss 0.00017811
Epoch 227|time: 3.40s|train_loss 0.00071871|val_loss 0.00018786
Epoch 228|time: 3.33s|train_loss 0.00072724|val_loss 0.00018682
Epoch 229|time: 3.34s|train_loss 0.00082549|val_loss 0.00020820
Epoch 230|time: 3.84s|train_loss 0.00079311|val_loss 0.00019740
Epoch 231|time: 3.33s|train_loss 0.00077791|val_loss 0.00017710
Epoch 232|time: 3.36s|train_loss 0.00072877|val_loss 0.00017748
Epoch 233|time: 3.53s|train_loss 0.00070580|val_loss 0.00017657
Epoch 234|time: 3.33s|train_loss 0.00072604|val_loss 0.00018202
Epoch 235|time: 3.49s|train_loss 0.00075920|val_loss 0.00018111
Epoch 236|time: 3.41s|train_loss 0.00077119|val_loss 0.00022098
Epoch 237|time: 3.33s|train_loss 0.00074330|val_loss 0.00019927
Epoch 238|time: 3.52s|train_loss 0.00072318|val_loss 0.00018992
Epoch 239|time: 3.33s|train_loss 0.00073426|val_loss 0.00017203
Epoch 240|time: 3.41s|train_loss 0.00070795|val_loss 0.00017563
Epoch 241|time: 3.52s|train_loss 0.00071219|val_loss 0.00017441
Epoch 242|time: 3.33s|train_loss 0.00075566|val_loss 0.00017663
Epoch 243|time: 3.35s|train_loss 0.00071820|val_loss 0.00019427
Epoch 244|time: 3.72s|train_loss 0.00071076|val_loss 0.00022549
Epoch 245|time: 3.32s|train_loss 0.00072836|val_loss 0.00018102
Epoch 246|time: 3.34s|train_loss 0.00071801|val_loss 0.00020448
Epoch 247|time: 3.46s|train_loss 0.00083696|val_loss 0.00018659
Epoch 248|time: 3.55s|train_loss 0.00075341|val_loss 0.00018093
Epoch 249|time: 3.46s|train_loss 0.00073823|val_loss 0.00018534
Epoch 250|time: 3.54s|train_loss 0.00073410|val_loss 0.00017591
Epoch 251|time: 3.34s|train_loss 0.00071870|val_loss 0.00017809
Epoch 252|time: 3.34s|train_loss 0.00070004|val_loss 0.00017373
Epoch 253|time: 3.61s|train_loss 0.00069561|val_loss 0.00017338
Epoch 254|time: 3.40s|train_loss 0.00069784|val_loss 0.00017709
Epoch 255|time: 3.33s|train_loss 0.00070970|val_loss 0.00018115
Epoch 256|time: 3.55s|train_loss 0.00069129|val_loss 0.00019776
Epoch 257|time: 3.33s|train_loss 0.00072241|val_loss 0.00017974
Epoch 258|time: 3.42s|train_loss 0.00073682|val_loss 0.00017507
Epoch 259|time: 3.60s|train_loss 0.00072755|val_loss 0.00017552
Epoch 260|time: 3.33s|train_loss 0.00071860|val_loss 0.00020142
Epoch 261|time: 3.35s|train_loss 0.00069937|val_loss 0.00021162
Epoch 262|time: 3.53s|train_loss 0.00068911|val_loss 0.00017772
Epoch 263|time: 3.41s|train_loss 0.00071791|val_loss 0.00018253
Epoch 264|time: 3.34s|train_loss 0.00071999|val_loss 0.00019023
Epoch 265|time: 3.56s|train_loss 0.00073202|val_loss 0.00018078
Epoch 266|time: 3.34s|train_loss 0.00070738|val_loss 0.00017344
Epoch 267|time: 3.34s|train_loss 0.00070645|val_loss 0.00017306
Epoch 268|time: 3.43s|train_loss 0.00068720|val_loss 0.00017859
Epoch 269|time: 3.35s|train_loss 0.00069252|val_loss 0.00017816
Epoch 270|time: 3.36s|train_loss 0.00074215|val_loss 0.00017640
Epoch 271|time: 3.34s|train_loss 0.00072750|val_loss 0.00017732
Epoch 272|time: 3.44s|train_loss 0.00072862|val_loss 0.00018846
Epoch 273|time: 3.43s|train_loss 0.00074000|val_loss 0.00018644
Epoch 274|time: 3.34s|train_loss 0.00070764|val_loss 0.00017985
Epoch 275|time: 3.33s|train_loss 0.00070252|val_loss 0.00018443
Epoch 276|time: 3.62s|train_loss 0.00069736|val_loss 0.00017119
Epoch 277|time: 3.34s|train_loss 0.00073030|val_loss 0.00017702
Epoch 278|time: 3.35s|train_loss 0.00069939|val_loss 0.00017597
Epoch 279|time: 3.48s|train_loss 0.00068308|val_loss 0.00017400
Epoch 280|time: 3.34s|train_loss 0.00067329|val_loss 0.00017162
Epoch 281|time: 3.34s|train_loss 0.00068759|val_loss 0.00017757
Epoch 282|time: 3.58s|train_loss 0.00072293|val_loss 0.00017581
Epoch 283|time: 3.34s|train_loss 0.00069993|val_loss 0.00017364
Epoch 284|time: 3.36s|train_loss 0.00067752|val_loss 0.00017359
Epoch 285|time: 3.47s|train_loss 0.00068434|val_loss 0.00019150
Epoch 286|time: 3.42s|train_loss 0.00068890|val_loss 0.00017329
Epoch 287|time: 3.35s|train_loss 0.00069895|val_loss 0.00016919
Best validation epoch: 287 Tue May 23 08:41:29 2023
TEST MAE 0.2112 | std 0.0567 | RMSE 0.3289 | RMSEs 0.3154 | PCC 0.9383 | PCCs 0.9145 | R2 0.8784 | R2s 0.8180 | Var 0.8792 | Vars 0.8252 | Peak 0.1196
Epoch 288|time: 3.45s|train_loss 0.00068719|val_loss 0.00017396
Epoch 289|time: 3.34s|train_loss 0.00074123|val_loss 0.00017902
Epoch 290|time: 3.42s|train_loss 0.00074655|val_loss 0.00017108
Epoch 291|time: 3.43s|train_loss 0.00073571|val_loss 0.00017321
Epoch 292|time: 3.33s|train_loss 0.00072506|val_loss 0.00017789
Epoch 293|time: 3.34s|train_loss 0.00072563|val_loss 0.00017102
Epoch 294|time: 3.34s|train_loss 0.00068785|val_loss 0.00017487
Epoch 295|time: 3.43s|train_loss 0.00068733|val_loss 0.00017511
Epoch 296|time: 3.34s|train_loss 0.00071806|val_loss 0.00018733
Epoch 297|time: 3.41s|train_loss 0.00078492|val_loss 0.00017887
Epoch 298|time: 3.35s|train_loss 0.00089571|val_loss 0.00017589
Epoch 299|time: 3.35s|train_loss 0.00075236|val_loss 0.00017696
Epoch 300|time: 3.51s|train_loss 0.00074338|val_loss 0.00017980
Epoch 301|time: 3.35s|train_loss 0.00070760|val_loss 0.00017607
Epoch 302|time: 3.34s|train_loss 0.00072615|val_loss 0.00018951
Epoch 303|time: 3.45s|train_loss 0.00070868|val_loss 0.00019333
Epoch 304|time: 3.44s|train_loss 0.00070835|val_loss 0.00019638
Epoch 305|time: 3.34s|train_loss 0.00069238|val_loss 0.00017564
Epoch 306|time: 3.36s|train_loss 0.00073308|val_loss 0.00018025
Epoch 307|time: 3.35s|train_loss 0.00073475|val_loss 0.00019430
Epoch 308|time: 3.43s|train_loss 0.00070093|val_loss 0.00022754
Epoch 309|time: 3.45s|train_loss 0.00070767|val_loss 0.00018173
Epoch 310|time: 3.35s|train_loss 0.00068436|val_loss 0.00018012
Epoch 311|time: 3.34s|train_loss 0.00072683|val_loss 0.00018635
Epoch 312|time: 3.42s|train_loss 0.00074365|val_loss 0.00019902
Epoch 313|time: 3.34s|train_loss 0.00074542|val_loss 0.00018144
Epoch 314|time: 3.42s|train_loss 0.00070515|val_loss 0.00017504
Epoch 315|time: 3.47s|train_loss 0.00069816|val_loss 0.00017174
Epoch 316|time: 3.34s|train_loss 0.00068786|val_loss 0.00017339
Epoch 317|time: 3.43s|train_loss 0.00068838|val_loss 0.00017985
Epoch 318|time: 3.42s|train_loss 0.00071138|val_loss 0.00019443
Epoch 319|time: 3.35s|train_loss 0.00068854|val_loss 0.00018219
Epoch 320|time: 3.35s|train_loss 0.00070542|val_loss 0.00020025
Epoch 321|time: 3.34s|train_loss 0.00074377|val_loss 0.00019859
Epoch 322|time: 3.52s|train_loss 0.00077169|val_loss 0.00021298
Epoch 323|time: 3.44s|train_loss 0.00074669|val_loss 0.00020688
Epoch 324|time: 3.34s|train_loss 0.00070459|val_loss 0.00017322
Epoch 325|time: 3.35s|train_loss 0.00069292|val_loss 0.00017936
Epoch 326|time: 3.42s|train_loss 0.00067689|val_loss 0.00018523
Epoch 327|time: 3.34s|train_loss 0.00070145|val_loss 0.00019214
Epoch 328|time: 3.43s|train_loss 0.00069093|val_loss 0.00018056
Epoch 329|time: 3.45s|train_loss 0.00073986|val_loss 0.00019433
Epoch 330|time: 3.35s|train_loss 0.00070879|val_loss 0.00018895
Epoch 331|time: 3.36s|train_loss 0.00073200|val_loss 0.00018556
Epoch 332|time: 3.43s|train_loss 0.00070927|val_loss 0.00018392
Epoch 333|time: 3.34s|train_loss 0.00068699|val_loss 0.00018005
Epoch 334|time: 3.36s|train_loss 0.00071258|val_loss 0.00018454
Epoch 335|time: 3.36s|train_loss 0.00069312|val_loss 0.00018287
Epoch 336|time: 3.43s|train_loss 0.00069105|val_loss 0.00018857
Epoch 337|time: 3.35s|train_loss 0.00068574|val_loss 0.00018849
Epoch 338|time: 3.43s|train_loss 0.00069817|val_loss 0.00018599
Epoch 339|time: 3.35s|train_loss 0.00073496|val_loss 0.00018414
Epoch 340|time: 3.35s|train_loss 0.00068285|val_loss 0.00017794
Epoch 341|time: 3.55s|train_loss 0.00071308|val_loss 0.00017962
Epoch 342|time: 3.35s|train_loss 0.00070311|val_loss 0.00017749
Epoch 343|time: 3.34s|train_loss 0.00069938|val_loss 0.00021374
Epoch 344|time: 3.37s|train_loss 0.00068069|val_loss 0.00018846
Epoch 345|time: 3.35s|train_loss 0.00068321|val_loss 0.00019317
Epoch 346|time: 3.42s|train_loss 0.00066038|val_loss 0.00019196
Epoch 347|time: 3.45s|train_loss 0.00066097|val_loss 0.00017795
Epoch 348|time: 3.35s|train_loss 0.00071688|val_loss 0.00019883
Epoch 349|time: 3.34s|train_loss 0.00075646|val_loss 0.00017104
Epoch 350|time: 3.42s|train_loss 0.00072824|val_loss 0.00018114
Epoch 351|time: 3.37s|train_loss 0.00077233|val_loss 0.00020174
Epoch 352|time: 3.44s|train_loss 0.00072360|val_loss 0.00017860
Epoch 353|time: 3.42s|train_loss 0.00070056|val_loss 0.00017283
Epoch 354|time: 3.42s|train_loss 0.00069517|val_loss 0.00018848
Epoch 355|time: 3.44s|train_loss 0.00068458|val_loss 0.00018841
Epoch 356|time: 3.44s|train_loss 0.00068404|val_loss 0.00018219
Epoch 357|time: 3.35s|train_loss 0.00067640|val_loss 0.00017784
Epoch 358|time: 3.35s|train_loss 0.00068128|val_loss 0.00019318
Epoch 359|time: 3.41s|train_loss 0.00073087|val_loss 0.00021666
Epoch 360|time: 3.44s|train_loss 0.00070050|val_loss 0.00019136
Epoch 361|time: 3.36s|train_loss 0.00068480|val_loss 0.00017642
Epoch 362|time: 3.39s|train_loss 0.00067442|val_loss 0.00017431
Epoch 363|time: 3.33s|train_loss 0.00067016|val_loss 0.00017844
Epoch 364|time: 3.42s|train_loss 0.00066020|val_loss 0.00016959
Epoch 365|time: 3.37s|train_loss 0.00065808|val_loss 0.00016945
Epoch 366|time: 3.34s|train_loss 0.00065977|val_loss 0.00017444
Epoch 367|time: 3.36s|train_loss 0.00066260|val_loss 0.00017463
Epoch 368|time: 3.50s|train_loss 0.00066152|val_loss 0.00017333
Epoch 369|time: 3.35s|train_loss 0.00076877|val_loss 0.00017874
Epoch 370|time: 3.35s|train_loss 0.00077744|val_loss 0.00017447
Epoch 371|time: 3.45s|train_loss 0.00074070|val_loss 0.00017541
Epoch 372|time: 3.47s|train_loss 0.00068108|val_loss 0.00018125
Epoch 373|time: 3.35s|train_loss 0.00070566|val_loss 0.00017411
Epoch 374|time: 3.56s|train_loss 0.00070638|val_loss 0.00018163
Epoch 375|time: 3.35s|train_loss 0.00072440|val_loss 0.00018735
Epoch 376|time: 3.35s|train_loss 0.00069779|val_loss 0.00017036
Epoch 377|time: 3.35s|train_loss 0.00067239|val_loss 0.00018275
Epoch 378|time: 3.44s|train_loss 0.00071680|val_loss 0.00017424
Epoch 379|time: 3.42s|train_loss 0.00073016|val_loss 0.00017302
Epoch 380|time: 3.35s|train_loss 0.00069144|val_loss 0.00018129
Epoch 381|time: 3.34s|train_loss 0.00072819|val_loss 0.00017057
Epoch 382|time: 3.50s|train_loss 0.00068390|val_loss 0.00016940
Epoch 383|time: 3.34s|train_loss 0.00073316|val_loss 0.00017852
Epoch 384|time: 3.37s|train_loss 0.00071342|val_loss 0.00017751
Epoch 385|time: 3.42s|train_loss 0.00071090|val_loss 0.00017195
Epoch 386|time: 3.35s|train_loss 0.00070057|val_loss 0.00018017
Epoch 387|time: 3.36s|train_loss 0.00069665|val_loss 0.00018733
Epoch 388|time: 3.51s|train_loss 0.00072196|val_loss 0.00017082
Epoch 389|time: 3.36s|train_loss 0.00068339|val_loss 0.00017209
Epoch 390|time: 3.35s|train_loss 0.00073314|val_loss 0.00018416
Epoch 391|time: 3.52s|train_loss 0.00074038|val_loss 0.00022095
Epoch 392|time: 3.43s|train_loss 0.00075803|val_loss 0.00020041
Epoch 393|time: 3.36s|train_loss 0.00078900|val_loss 0.00016872
Best validation epoch: 393 Tue May 23 08:47:30 2023
TEST MAE 0.2092 | std 0.0581 | RMSE 0.3293 | RMSEs 0.3153 | PCC 0.9376 | PCCs 0.9144 | R2 0.8782 | R2s 0.8192 | Var 0.8783 | Vars 0.8248 | Peak 0.1205
Epoch 394|time: 3.42s|train_loss 0.00069909|val_loss 0.00017313
Epoch 395|time: 3.34s|train_loss 0.00067747|val_loss 0.00017093
Epoch 396|time: 3.45s|train_loss 0.00069742|val_loss 0.00017338
Epoch 397|time: 3.51s|train_loss 0.00067336|val_loss 0.00017510
Epoch 398|time: 3.34s|train_loss 0.00068562|val_loss 0.00017293
Epoch 399|time: 3.36s|train_loss 0.00068465|val_loss 0.00017258
Epoch 400|time: 3.52s|train_loss 0.00072365|val_loss 0.00017748
Epoch 401|time: 3.35s|train_loss 0.00068375|val_loss 0.00018528
Epoch 402|time: 3.37s|train_loss 0.00068425|val_loss 0.00017955
Epoch 403|time: 3.47s|train_loss 0.00068281|val_loss 0.00017364
Epoch 404|time: 3.35s|train_loss 0.00072991|val_loss 0.00016769
Best validation epoch: 404 Tue May 23 08:48:08 2023
TEST MAE 0.2111 | std 0.0580 | RMSE 0.3308 | RMSEs 0.3171 | PCC 0.9383 | PCCs 0.9152 | R2 0.8770 | R2s 0.8160 | Var 0.8782 | Vars 0.8241 | Peak 0.1206
Epoch 405|time: 3.35s|train_loss 0.00069273|val_loss 0.00017548
Epoch 406|time: 3.53s|train_loss 0.00074276|val_loss 0.00019192
Epoch 407|time: 3.43s|train_loss 0.00069018|val_loss 0.00019035
Epoch 408|time: 3.44s|train_loss 0.00070424|val_loss 0.00017533
Epoch 409|time: 3.35s|train_loss 0.00070077|val_loss 0.00017062
Epoch 410|time: 3.43s|train_loss 0.00070271|val_loss 0.00020488
Epoch 411|time: 3.49s|train_loss 0.00068759|val_loss 0.00020038
Epoch 412|time: 3.35s|train_loss 0.00069284|val_loss 0.00018132
Epoch 413|time: 3.35s|train_loss 0.00066760|val_loss 0.00017951
Epoch 414|time: 3.47s|train_loss 0.00067773|val_loss 0.00017572
Epoch 415|time: 3.45s|train_loss 0.00066829|val_loss 0.00018174
Epoch 416|time: 3.35s|train_loss 0.00065392|val_loss 0.00019907
Epoch 417|time: 3.44s|train_loss 0.00068579|val_loss 0.00018635
Epoch 418|time: 3.35s|train_loss 0.00066923|val_loss 0.00018481
Epoch 419|time: 3.35s|train_loss 0.00069303|val_loss 0.00018072
Epoch 420|time: 3.45s|train_loss 0.00069586|val_loss 0.00018885
Epoch 421|time: 3.43s|train_loss 0.00074827|val_loss 0.00017257
Epoch 422|time: 3.35s|train_loss 0.00067439|val_loss 0.00017087
Epoch 423|time: 3.46s|train_loss 0.00068527|val_loss 0.00016943
Epoch 424|time: 3.44s|train_loss 0.00068738|val_loss 0.00016945
Epoch 425|time: 3.43s|train_loss 0.00070502|val_loss 0.00017064
Epoch 426|time: 3.50s|train_loss 0.00066676|val_loss 0.00016944
Epoch 427|time: 3.36s|train_loss 0.00066714|val_loss 0.00016947
Epoch 428|time: 3.36s|train_loss 0.00067707|val_loss 0.00017262
Epoch 429|time: 3.57s|train_loss 0.00065928|val_loss 0.00018555
Epoch 430|time: 3.36s|train_loss 0.00073239|val_loss 0.00017705
Epoch 431|time: 3.35s|train_loss 0.00076188|val_loss 0.00022705
Epoch 432|time: 3.43s|train_loss 0.00073530|val_loss 0.00018322
Epoch 433|time: 3.34s|train_loss 0.00068280|val_loss 0.00017367
Epoch 434|time: 3.35s|train_loss 0.00066417|val_loss 0.00016769
Epoch 435|time: 3.46s|train_loss 0.00065398|val_loss 0.00018430
Epoch 436|time: 3.35s|train_loss 0.00069837|val_loss 0.00018111
Epoch 437|time: 3.35s|train_loss 0.00067169|val_loss 0.00017502
Epoch 438|time: 3.44s|train_loss 0.00066869|val_loss 0.00017228
Epoch 439|time: 3.41s|train_loss 0.00067572|val_loss 0.00017931
Epoch 440|time: 3.35s|train_loss 0.00070919|val_loss 0.00021151
Epoch 441|time: 3.39s|train_loss 0.00073904|val_loss 0.00020602
Epoch 442|time: 3.44s|train_loss 0.00072887|val_loss 0.00018702
Epoch 443|time: 3.43s|train_loss 0.00070967|val_loss 0.00017226
Epoch 444|time: 3.51s|train_loss 0.00067942|val_loss 0.00017764
Epoch 445|time: 3.34s|train_loss 0.00067492|val_loss 0.00017076
Epoch 446|time: 3.35s|train_loss 0.00071115|val_loss 0.00017572
Epoch 447|time: 3.48s|train_loss 0.00070311|val_loss 0.00017679
Epoch 448|time: 3.44s|train_loss 0.00065820|val_loss 0.00018068
Epoch 449|time: 3.51s|train_loss 0.00065391|val_loss 0.00017194
Epoch 450|time: 3.35s|train_loss 0.00068094|val_loss 0.00016621
Best validation epoch: 450 Tue May 23 08:50:46 2023
TEST MAE 0.2439 | std 0.0680 | RMSE 0.3767 | RMSEs 0.3622 | PCC 0.9338 | PCCs 0.9116 | R2 0.8406 | R2s 0.7510 | Var 0.8555 | Vars 0.7877 | Peak 0.1363
Epoch 451|time: 3.34s|train_loss 0.00068316|val_loss 0.00017374
Epoch 452|time: 3.48s|train_loss 0.00070026|val_loss 0.00017773
Epoch 453|time: 3.43s|train_loss 0.00069480|val_loss 0.00017429
Epoch 454|time: 3.34s|train_loss 0.00071208|val_loss 0.00019000
Epoch 455|time: 3.53s|train_loss 0.00066970|val_loss 0.00018355
Epoch 456|time: 3.35s|train_loss 0.00072666|val_loss 0.00018828
Epoch 457|time: 3.43s|train_loss 0.00075903|val_loss 0.00018765
Epoch 458|time: 3.48s|train_loss 0.00074827|val_loss 0.00018304
Epoch 459|time: 3.35s|train_loss 0.00073194|val_loss 0.00019404
Epoch 460|time: 3.34s|train_loss 0.00073911|val_loss 0.00017060
Epoch 461|time: 3.50s|train_loss 0.00069543|val_loss 0.00016533
Best validation epoch: 461 Tue May 23 08:51:24 2023
TEST MAE 0.2266 | std 0.0635 | RMSE 0.3545 | RMSEs 0.3396 | PCC 0.9365 | PCCs 0.9165 | R2 0.8589 | R2s 0.7870 | Var 0.8642 | Vars 0.8037 | Peak 0.1301
Epoch 462|time: 3.43s|train_loss 0.00066066|val_loss 0.00018375
Epoch 463|time: 3.35s|train_loss 0.00066564|val_loss 0.00019631
Epoch 464|time: 3.36s|train_loss 0.00067599|val_loss 0.00018235
Epoch 465|time: 3.35s|train_loss 0.00072995|val_loss 0.00018568
Epoch 466|time: 3.35s|train_loss 0.00082310|val_loss 0.00022234
Epoch 467|time: 3.54s|train_loss 0.00069462|val_loss 0.00017252
Epoch 468|time: 3.35s|train_loss 0.00070407|val_loss 0.00019689
Epoch 469|time: 3.33s|train_loss 0.00070832|val_loss 0.00017339
Epoch 470|time: 3.53s|train_loss 0.00067542|val_loss 0.00017291
Epoch 471|time: 3.42s|train_loss 0.00066753|val_loss 0.00019463
Epoch 472|time: 3.35s|train_loss 0.00067690|val_loss 0.00019362
Epoch 473|time: 3.47s|train_loss 0.00070768|val_loss 0.00017198
Epoch 474|time: 3.35s|train_loss 0.00064478|val_loss 0.00016875
Epoch 475|time: 3.53s|train_loss 0.00064033|val_loss 0.00017274
Epoch 476|time: 3.36s|train_loss 0.00067876|val_loss 0.00016798
Epoch 477|time: 3.48s|train_loss 0.00063302|val_loss 0.00016841
Epoch 478|time: 3.34s|train_loss 0.00063319|val_loss 0.00017145
Epoch 479|time: 3.34s|train_loss 0.00062565|val_loss 0.00017095
Epoch 480|time: 3.35s|train_loss 0.00064433|val_loss 0.00016738
Epoch 481|time: 3.33s|train_loss 0.00067172|val_loss 0.00016971
Epoch 482|time: 3.41s|train_loss 0.00063804|val_loss 0.00017086
Epoch 483|time: 3.33s|train_loss 0.00064395|val_loss 0.00017469
Epoch 484|time: 3.36s|train_loss 0.00064294|val_loss 0.00017378
Epoch 485|time: 3.34s|train_loss 0.00065366|val_loss 0.00017219
Epoch 486|time: 3.43s|train_loss 0.00064893|val_loss 0.00016958
Epoch 487|time: 3.44s|train_loss 0.00065863|val_loss 0.00017092
Epoch 488|time: 3.34s|train_loss 0.00064581|val_loss 0.00017349
Epoch 489|time: 3.34s|train_loss 0.00067597|val_loss 0.00016500
Best validation epoch: 489 Tue May 23 08:52:59 2023
TEST MAE 0.2411 | std 0.0696 | RMSE 0.3833 | RMSEs 0.3670 | PCC 0.9327 | PCCs 0.9130 | R2 0.8350 | R2s 0.7448 | Var 0.8480 | Vars 0.7781 | Peak 0.1413
Epoch 490|time: 3.50s|train_loss 0.00066934|val_loss 0.00018675
Epoch 491|time: 3.34s|train_loss 0.00065371|val_loss 0.00016823
Epoch 492|time: 3.35s|train_loss 0.00064183|val_loss 0.00016820
Epoch 493|time: 3.34s|train_loss 0.00064423|val_loss 0.00017934
Epoch 494|time: 3.35s|train_loss 0.00066223|val_loss 0.00018656
Epoch 495|time: 3.35s|train_loss 0.00064713|val_loss 0.00016472
Best validation epoch: 495 Tue May 23 08:53:20 2023
TEST MAE 0.2313 | std 0.0634 | RMSE 0.3633 | RMSEs 0.3492 | PCC 0.9321 | PCCs 0.9082 | R2 0.8518 | R2s 0.7712 | Var 0.8596 | Vars 0.7945 | Peak 0.1312
Epoch 496|time: 3.43s|train_loss 0.00066073|val_loss 0.00016941
Epoch 497|time: 3.34s|train_loss 0.00067317|val_loss 0.00017011
Epoch 498|time: 3.38s|train_loss 0.00066541|val_loss 0.00017086
Epoch 499|time: 3.33s|train_loss 0.00069891|val_loss 0.00016796
Epoch 500|time: 3.42s|train_loss 0.00066902|val_loss 0.00016780
Final evaluation
TEST MAE 0.2313 | std 0.0634 | RMSE 0.3633 | RMSEs 0.3492 | PCC 0.9321 | PCCs 0.9082 | R2 0.8518 | R2s 0.7712 | Var 0.8596 | Vars 0.7945 | Peak 0.1312
