--------Parameters--------
Namespace(batch=32, bi=False, check_point=1, cuda=False, dataset='us_hhs', dropout=0.2, epilambda=0.5, epochs=500, gpu=3, hidsp=15, horizon=4, k=10, lamda=0.01, lr=0.001, model='cola_gnn_epi', mylog=False, n_hidden=10, n_layer=1, patience=200, rnn_model='RNN', save_dir='save', seed=42, shuffle=False, sim_mat='us_hhs-adj', test=0.2, train=0.6, val=0.2, weight_decay=0.0005, window=20)
--------------------------
data shape (364, 10)
size of train/val/test sets 195 73 73
#params: 2005
begin training
Epoch   1|time: 3.24s|train_loss 0.01384894|val_loss 0.00160286
Best validation epoch: 1 Tue May 23 14:02:00 2023
TEST MAE 2.2572 | std 0.7143 | RMSE 2.5954 | RMSEs 2.4848 | PCC -0.6525 | PCCs -0.7867 | R2 -6.5668 | R2s -10.2702 | Var -0.8435 | Vars -0.9259 | Peak 1.2380
Epoch   2|time: 3.31s|train_loss 0.01270379|val_loss 0.00083314
Best validation epoch: 2 Tue May 23 14:02:04 2023
TEST MAE 1.1106 | std 0.4369 | RMSE 1.5121 | RMSEs 1.4268 | PCC -0.2889 | PCCs -0.7648 | R2 -1.5684 | R2s -2.5544 | Var -0.2683 | Vars -0.5491 | Peak 0.7650
Epoch   3|time: 3.16s|train_loss 0.01183995|val_loss 0.00072999
Best validation epoch: 3 Tue May 23 14:02:08 2023
TEST MAE 0.7247 | std 0.2081 | RMSE 0.9896 | RMSEs 0.9455 | PCC 0.1494 | PCCs -0.6456 | R2 -0.1000 | R2s -0.5756 | Var -0.0768 | Vars -0.4011 | Peak 0.4052
Epoch   4|time: 3.09s|train_loss 0.01157200|val_loss 0.00072172
Best validation epoch: 4 Tue May 23 14:02:13 2023
TEST MAE 0.7214 | std 0.1694 | RMSE 0.9287 | RMSEs 0.8979 | PCC 0.2905 | PCCs -0.3436 | R2 0.0312 | R2s -0.4680 | Var 0.0366 | Vars -0.2129 | Peak 0.3228
Epoch   5|time: 3.06s|train_loss 0.01143783|val_loss 0.00062759
Best validation epoch: 5 Tue May 23 14:02:16 2023
TEST MAE 0.6370 | std 0.2345 | RMSE 0.9177 | RMSEs 0.8612 | PCC 0.3672 | PCCs 0.0356 | R2 0.0540 | R2s -0.2819 | Var 0.1311 | Vars -0.0447 | Peak 0.3957
Epoch   6|time: 3.16s|train_loss 0.01128704|val_loss 0.00058778
Best validation epoch: 6 Tue May 23 14:02:20 2023
TEST MAE 0.6250 | std 0.2861 | RMSE 0.9323 | RMSEs 0.8617 | PCC 0.4619 | PCCs 0.2897 | R2 0.0236 | R2s -0.2714 | Var 0.2103 | Vars 0.0884 | Peak 0.4228
Epoch   7|time: 3.05s|train_loss 0.01128009|val_loss 0.00056876
Best validation epoch: 7 Tue May 23 14:02:24 2023
TEST MAE 0.5710 | std 0.2170 | RMSE 0.8280 | RMSEs 0.7731 | PCC 0.5412 | PCCs 0.4324 | R2 0.2299 | R2s -0.0330 | Var 0.2873 | Vars 0.1813 | Peak 0.3472
Epoch   8|time: 3.08s|train_loss 0.01116147|val_loss 0.00055385
Best validation epoch: 8 Tue May 23 14:02:28 2023
TEST MAE 0.5469 | std 0.1911 | RMSE 0.7776 | RMSEs 0.7291 | PCC 0.5963 | PCCs 0.5272 | R2 0.3207 | R2s 0.0731 | Var 0.3479 | Vars 0.2625 | Peak 0.3142
Epoch   9|time: 3.37s|train_loss 0.01101834|val_loss 0.00051967
Best validation epoch: 9 Tue May 23 14:02:32 2023
TEST MAE 0.5295 | std 0.2361 | RMSE 0.7908 | RMSEs 0.7284 | PCC 0.6368 | PCCs 0.5896 | R2 0.2976 | R2s 0.0891 | Var 0.3902 | Vars 0.3304 | Peak 0.3346
Epoch  10|time: 3.09s|train_loss 0.01098109|val_loss 0.00050745
Best validation epoch: 10 Tue May 23 14:02:36 2023
TEST MAE 0.5082 | std 0.2131 | RMSE 0.7501 | RMSEs 0.6937 | PCC 0.6627 | PCCs 0.6211 | R2 0.3679 | R2s 0.1691 | Var 0.4265 | Vars 0.3710 | Peak 0.3093
Epoch  11|time: 3.19s|train_loss 0.01088668|val_loss 0.00049538
Best validation epoch: 11 Tue May 23 14:02:40 2023
TEST MAE 0.4911 | std 0.1968 | RMSE 0.7199 | RMSEs 0.6681 | PCC 0.6844 | PCCs 0.6457 | R2 0.4178 | R2s 0.2252 | Var 0.4574 | Vars 0.4041 | Peak 0.2913
Epoch  12|time: 3.38s|train_loss 0.01078402|val_loss 0.00047708
Best validation epoch: 12 Tue May 23 14:02:44 2023
TEST MAE 0.4894 | std 0.2261 | RMSE 0.7365 | RMSEs 0.6767 | PCC 0.6969 | PCCs 0.6587 | R2 0.3907 | R2s 0.2127 | Var 0.4726 | Vars 0.4240 | Peak 0.3055
Epoch  13|time: 3.10s|train_loss 0.01060370|val_loss 0.00047630
Best validation epoch: 13 Tue May 23 14:02:48 2023
TEST MAE 0.4710 | std 0.1828 | RMSE 0.6909 | RMSEs 0.6431 | PCC 0.7097 | PCCs 0.6658 | R2 0.4638 | R2s 0.2790 | Var 0.4933 | Vars 0.4334 | Peak 0.2774
Epoch  14|time: 3.07s|train_loss 0.01049205|val_loss 0.00046065
Best validation epoch: 14 Tue May 23 14:02:52 2023
TEST MAE 0.4655 | std 0.2025 | RMSE 0.7016 | RMSEs 0.6485 | PCC 0.7215 | PCCs 0.6743 | R2 0.4471 | R2s 0.2738 | Var 0.5059 | Vars 0.4440 | Peak 0.2890
Epoch  15|time: 3.13s|train_loss 0.01041613|val_loss 0.00045661
Best validation epoch: 15 Tue May 23 14:02:56 2023
TEST MAE 0.4535 | std 0.1789 | RMSE 0.6749 | RMSEs 0.6280 | PCC 0.7316 | PCCs 0.6821 | R2 0.4884 | R2s 0.3135 | Var 0.5220 | Vars 0.4540 | Peak 0.2736
Epoch  16|time: 3.04s|train_loss 0.01033424|val_loss 0.00044498
Best validation epoch: 16 Tue May 23 14:02:59 2023
TEST MAE 0.4604 | std 0.2198 | RMSE 0.7036 | RMSEs 0.6467 | PCC 0.7471 | PCCs 0.7032 | R2 0.4439 | R2s 0.2811 | Var 0.5394 | Vars 0.4822 | Peak 0.2940
Epoch  17|time: 3.01s|train_loss 0.01027539|val_loss 0.00043260
Best validation epoch: 17 Tue May 23 14:03:03 2023
TEST MAE 0.4319 | std 0.1617 | RMSE 0.6399 | RMSEs 0.5974 | PCC 0.7574 | PCCs 0.7125 | R2 0.5400 | R2s 0.3745 | Var 0.5623 | Vars 0.4967 | Peak 0.2568
Epoch  18|time: 3.00s|train_loss 0.01023128|val_loss 0.00042449
Best validation epoch: 18 Tue May 23 14:03:07 2023
TEST MAE 0.4304 | std 0.1932 | RMSE 0.6549 | RMSEs 0.6049 | PCC 0.7673 | PCCs 0.7266 | R2 0.5182 | R2s 0.3669 | Var 0.5762 | Vars 0.5180 | Peak 0.2673
Epoch  19|time: 3.27s|train_loss 0.01014464|val_loss 0.00041309
Best validation epoch: 19 Tue May 23 14:03:11 2023
TEST MAE 0.4151 | std 0.1585 | RMSE 0.6173 | RMSEs 0.5759 | PCC 0.7758 | PCCs 0.7355 | R2 0.5719 | R2s 0.4180 | Var 0.5935 | Vars 0.5316 | Peak 0.2466
Epoch  20|time: 3.02s|train_loss 0.00998899|val_loss 0.00040912
Best validation epoch: 20 Tue May 23 14:03:14 2023
TEST MAE 0.4098 | std 0.1704 | RMSE 0.6158 | RMSEs 0.5716 | PCC 0.7843 | PCCs 0.7489 | R2 0.5740 | R2s 0.4300 | Var 0.6076 | Vars 0.5512 | Peak 0.2463
Epoch  21|time: 3.05s|train_loss 0.00989815|val_loss 0.00040028
Best validation epoch: 21 Tue May 23 14:03:18 2023
TEST MAE 0.4048 | std 0.1702 | RMSE 0.6084 | RMSEs 0.5646 | PCC 0.7902 | PCCs 0.7556 | R2 0.5842 | R2s 0.4441 | Var 0.6184 | Vars 0.5614 | Peak 0.2427
Epoch  22|time: 3.01s|train_loss 0.00976955|val_loss 0.00039301
Best validation epoch: 22 Tue May 23 14:03:22 2023
TEST MAE 0.3984 | std 0.1587 | RMSE 0.5969 | RMSEs 0.5555 | PCC 0.7946 | PCCs 0.7586 | R2 0.5998 | R2s 0.4596 | Var 0.6253 | Vars 0.5654 | Peak 0.2375
Epoch  23|time: 3.01s|train_loss 0.00966044|val_loss 0.00038758
Best validation epoch: 23 Tue May 23 14:03:26 2023
TEST MAE 0.3914 | std 0.1467 | RMSE 0.5843 | RMSEs 0.5455 | PCC 0.8012 | PCCs 0.7641 | R2 0.6165 | R2s 0.4767 | Var 0.6348 | Vars 0.5725 | Peak 0.2320
Epoch  24|time: 3.13s|train_loss 0.00947558|val_loss 0.00037544
Best validation epoch: 24 Tue May 23 14:03:30 2023
TEST MAE 0.3873 | std 0.1578 | RMSE 0.5840 | RMSEs 0.5430 | PCC 0.8077 | PCCs 0.7723 | R2 0.6169 | R2s 0.4850 | Var 0.6467 | Vars 0.5851 | Peak 0.2323
Epoch  25|time: 3.26s|train_loss 0.00928207|val_loss 0.00037312
Best validation epoch: 25 Tue May 23 14:03:34 2023
TEST MAE 0.3863 | std 0.1606 | RMSE 0.5825 | RMSEs 0.5408 | PCC 0.8114 | PCCs 0.7777 | R2 0.6189 | R2s 0.4901 | Var 0.6533 | Vars 0.5929 | Peak 0.2308
Epoch  26|time: 3.02s|train_loss 0.00909633|val_loss 0.00036867
Best validation epoch: 26 Tue May 23 14:03:37 2023
TEST MAE 0.3825 | std 0.1170 | RMSE 0.5510 | RMSEs 0.5210 | PCC 0.8141 | PCCs 0.7779 | R2 0.6590 | R2s 0.5122 | Var 0.6611 | Vars 0.5930 | Peak 0.2145
Epoch  27|time: 3.01s|train_loss 0.00888315|val_loss 0.00036185
Best validation epoch: 27 Tue May 23 14:03:41 2023
TEST MAE 0.3838 | std 0.1575 | RMSE 0.5713 | RMSEs 0.5312 | PCC 0.8183 | PCCs 0.7872 | R2 0.6334 | R2s 0.5080 | Var 0.6677 | Vars 0.6050 | Peak 0.2234
Epoch  28|time: 3.08s|train_loss 0.00861864|val_loss 0.00035968
Best validation epoch: 28 Tue May 23 14:03:45 2023
TEST MAE 0.3749 | std 0.1225 | RMSE 0.5465 | RMSEs 0.5149 | PCC 0.8190 | PCCs 0.7835 | R2 0.6646 | R2s 0.5276 | Var 0.6698 | Vars 0.5996 | Peak 0.2123
Epoch  29|time: 3.08s|train_loss 0.00837054|val_loss 0.00034368
Best validation epoch: 29 Tue May 23 14:03:49 2023
TEST MAE 0.3761 | std 0.1376 | RMSE 0.5543 | RMSEs 0.5191 | PCC 0.8197 | PCCs 0.7832 | R2 0.6548 | R2s 0.5264 | Var 0.6713 | Vars 0.5977 | Peak 0.2159
Epoch  30|time: 3.02s|train_loss 0.00818124|val_loss 0.00034912
Epoch  31|time: 3.01s|train_loss 0.00804512|val_loss 0.00033883
Best validation epoch: 31 Tue May 23 14:03:55 2023
TEST MAE 0.3620 | std 0.1288 | RMSE 0.5400 | RMSEs 0.5061 | PCC 0.8319 | PCCs 0.7954 | R2 0.6724 | R2s 0.5495 | Var 0.6899 | Vars 0.6168 | Peak 0.2108
Epoch  32|time: 3.02s|train_loss 0.00797296|val_loss 0.00032792
Best validation epoch: 32 Tue May 23 14:03:59 2023
TEST MAE 0.3592 | std 0.1104 | RMSE 0.5232 | RMSEs 0.4953 | PCC 0.8344 | PCCs 0.7982 | R2 0.6925 | R2s 0.5621 | Var 0.6960 | Vars 0.6177 | Peak 0.2021
Epoch  33|time: 3.01s|train_loss 0.00778260|val_loss 0.00031979
Best validation epoch: 33 Tue May 23 14:04:03 2023
TEST MAE 0.3550 | std 0.1201 | RMSE 0.5223 | RMSEs 0.4918 | PCC 0.8391 | PCCs 0.8069 | R2 0.6936 | R2s 0.5720 | Var 0.7041 | Vars 0.6280 | Peak 0.2011
Epoch  34|time: 3.02s|train_loss 0.00770454|val_loss 0.00030704
Best validation epoch: 34 Tue May 23 14:04:07 2023
TEST MAE 0.3569 | std 0.1092 | RMSE 0.5164 | RMSEs 0.4903 | PCC 0.8383 | PCCs 0.8038 | R2 0.7004 | R2s 0.5700 | Var 0.7021 | Vars 0.6186 | Peak 0.1980
Epoch  35|time: 3.12s|train_loss 0.00779957|val_loss 0.00030187
Best validation epoch: 35 Tue May 23 14:04:11 2023
TEST MAE 0.3540 | std 0.1135 | RMSE 0.5141 | RMSEs 0.4867 | PCC 0.8416 | PCCs 0.8085 | R2 0.7031 | R2s 0.5786 | Var 0.7076 | Vars 0.6238 | Peak 0.1968
Epoch  36|time: 3.01s|train_loss 0.00768063|val_loss 0.00030429
Epoch  37|time: 3.01s|train_loss 0.00761344|val_loss 0.00030907
Epoch  38|time: 3.03s|train_loss 0.00759431|val_loss 0.00030716
Epoch  39|time: 3.02s|train_loss 0.00764195|val_loss 0.00031935
Epoch  40|time: 3.00s|train_loss 0.00759957|val_loss 0.00029645
Best validation epoch: 40 Tue May 23 14:04:26 2023
TEST MAE 0.3347 | std 0.1125 | RMSE 0.5008 | RMSEs 0.4714 | PCC 0.8554 | PCCs 0.8206 | R2 0.7183 | R2s 0.6091 | Var 0.7316 | Vars 0.6473 | Peak 0.1921
Epoch  41|time: 3.14s|train_loss 0.00750915|val_loss 0.00028692
Best validation epoch: 41 Tue May 23 14:04:30 2023
TEST MAE 0.3432 | std 0.1049 | RMSE 0.4991 | RMSEs 0.4747 | PCC 0.8516 | PCCs 0.8184 | R2 0.7202 | R2s 0.5961 | Var 0.7203 | Vars 0.6280 | Peak 0.1888
Epoch  42|time: 3.10s|train_loss 0.00754678|val_loss 0.00028807
Epoch  43|time: 3.01s|train_loss 0.00753754|val_loss 0.00028665
Best validation epoch: 43 Tue May 23 14:04:37 2023
TEST MAE 0.3386 | std 0.1134 | RMSE 0.5007 | RMSEs 0.4731 | PCC 0.8513 | PCCs 0.8158 | R2 0.7184 | R2s 0.6051 | Var 0.7216 | Vars 0.6276 | Peak 0.1908
Epoch  44|time: 3.11s|train_loss 0.00757967|val_loss 0.00029648
Epoch  45|time: 3.02s|train_loss 0.00748949|val_loss 0.00032470
Epoch  46|time: 3.09s|train_loss 0.00752406|val_loss 0.00031132
Epoch  47|time: 3.02s|train_loss 0.00749551|val_loss 0.00029938
Epoch  48|time: 3.01s|train_loss 0.00752004|val_loss 0.00030143
Epoch  49|time: 3.02s|train_loss 0.00751606|val_loss 0.00034068
Epoch  50|time: 3.11s|train_loss 0.00751058|val_loss 0.00026891
Best validation epoch: 50 Tue May 23 14:04:59 2023
TEST MAE 0.3399 | std 0.1042 | RMSE 0.4903 | RMSEs 0.4672 | PCC 0.8596 | PCCs 0.8250 | R2 0.7299 | R2s 0.6081 | Var 0.7302 | Vars 0.6313 | Peak 0.1837
Epoch  51|time: 3.02s|train_loss 0.00749689|val_loss 0.00027892
Epoch  52|time: 3.01s|train_loss 0.00761444|val_loss 0.00030581
Epoch  53|time: 3.05s|train_loss 0.00750281|val_loss 0.00028830
Epoch  54|time: 3.00s|train_loss 0.00746094|val_loss 0.00029728
Epoch  55|time: 3.08s|train_loss 0.00740433|val_loss 0.00027838
Epoch  56|time: 3.01s|train_loss 0.00741437|val_loss 0.00028795
Epoch  57|time: 3.00s|train_loss 0.00737854|val_loss 0.00031297
Epoch  58|time: 3.02s|train_loss 0.00742918|val_loss 0.00028977
Epoch  59|time: 3.00s|train_loss 0.00737955|val_loss 0.00028365
Epoch  60|time: 3.23s|train_loss 0.00739951|val_loss 0.00028482
Epoch  61|time: 3.19s|train_loss 0.00730396|val_loss 0.00028019
Epoch  62|time: 3.11s|train_loss 0.00728291|val_loss 0.00028554
Epoch  63|time: 3.21s|train_loss 0.00726760|val_loss 0.00027906
Epoch  64|time: 3.36s|train_loss 0.00730727|val_loss 0.00027782
Epoch  65|time: 3.12s|train_loss 0.00726465|val_loss 0.00028339
Epoch  66|time: 3.12s|train_loss 0.00728090|val_loss 0.00028885
Epoch  67|time: 3.03s|train_loss 0.00722669|val_loss 0.00029294
Epoch  68|time: 3.19s|train_loss 0.00720357|val_loss 0.00028598
Epoch  69|time: 3.20s|train_loss 0.00718718|val_loss 0.00028566
Epoch  70|time: 3.06s|train_loss 0.00716256|val_loss 0.00029702
Epoch  71|time: 3.11s|train_loss 0.00715119|val_loss 0.00028210
Epoch  72|time: 3.11s|train_loss 0.00710675|val_loss 0.00027625
Epoch  73|time: 3.09s|train_loss 0.00708957|val_loss 0.00028383
Epoch  74|time: 3.14s|train_loss 0.00707480|val_loss 0.00029246
Epoch  75|time: 3.01s|train_loss 0.00704969|val_loss 0.00028120
Epoch  76|time: 3.06s|train_loss 0.00698454|val_loss 0.00027409
Epoch  77|time: 3.01s|train_loss 0.00699172|val_loss 0.00027780
Epoch  78|time: 3.07s|train_loss 0.00693697|val_loss 0.00027931
Epoch  79|time: 3.10s|train_loss 0.00693905|val_loss 0.00028376
Epoch  80|time: 3.08s|train_loss 0.00690576|val_loss 0.00028980
Epoch  81|time: 3.02s|train_loss 0.00685875|val_loss 0.00029639
Epoch  82|time: 3.11s|train_loss 0.00685325|val_loss 0.00029389
Epoch  83|time: 3.02s|train_loss 0.00674240|val_loss 0.00028925
Epoch  84|time: 3.01s|train_loss 0.00684005|val_loss 0.00027559
Epoch  85|time: 3.00s|train_loss 0.00671587|val_loss 0.00027354
Epoch  86|time: 3.09s|train_loss 0.00672489|val_loss 0.00027419
Epoch  87|time: 3.01s|train_loss 0.00669346|val_loss 0.00027465
Epoch  88|time: 3.08s|train_loss 0.00673262|val_loss 0.00027314
Epoch  89|time: 3.03s|train_loss 0.00662385|val_loss 0.00027243
Epoch  90|time: 3.00s|train_loss 0.00662770|val_loss 0.00026927
Epoch  91|time: 3.00s|train_loss 0.00659911|val_loss 0.00026675
Best validation epoch: 91 Tue May 23 14:07:06 2023
TEST MAE 0.3122 | std 0.1057 | RMSE 0.4602 | RMSEs 0.4363 | PCC 0.8756 | PCCs 0.8461 | R2 0.7621 | R2s 0.6596 | Var 0.7621 | Vars 0.6721 | Peak 0.1713
Epoch  92|time: 3.20s|train_loss 0.00665173|val_loss 0.00026612
Best validation epoch: 92 Tue May 23 14:07:10 2023
TEST MAE 0.3227 | std 0.1083 | RMSE 0.4672 | RMSEs 0.4435 | PCC 0.8733 | PCCs 0.8424 | R2 0.7548 | R2s 0.6465 | Var 0.7551 | Vars 0.6605 | Peak 0.1728
Epoch  93|time: 3.00s|train_loss 0.00656434|val_loss 0.00026557
Best validation epoch: 93 Tue May 23 14:07:14 2023
TEST MAE 0.3181 | std 0.1070 | RMSE 0.4624 | RMSEs 0.4391 | PCC 0.8749 | PCCs 0.8436 | R2 0.7598 | R2s 0.6540 | Var 0.7602 | Vars 0.6685 | Peak 0.1715
Epoch  94|time: 3.00s|train_loss 0.00662963|val_loss 0.00026345
Best validation epoch: 94 Tue May 23 14:07:17 2023
TEST MAE 0.3061 | std 0.1028 | RMSE 0.4531 | RMSEs 0.4299 | PCC 0.8787 | PCCs 0.8483 | R2 0.7693 | R2s 0.6700 | Var 0.7694 | Vars 0.6816 | Peak 0.1689
Epoch  95|time: 3.14s|train_loss 0.00669347|val_loss 0.00026487
Epoch  96|time: 3.03s|train_loss 0.00653373|val_loss 0.00026222
Best validation epoch: 96 Tue May 23 14:07:24 2023
TEST MAE 0.3011 | std 0.0980 | RMSE 0.4468 | RMSEs 0.4249 | PCC 0.8825 | PCCs 0.8537 | R2 0.7758 | R2s 0.6764 | Var 0.7760 | Vars 0.6905 | Peak 0.1659
Epoch  97|time: 3.00s|train_loss 0.00655009|val_loss 0.00028124
Epoch  98|time: 3.13s|train_loss 0.00662862|val_loss 0.00026803
Epoch  99|time: 3.04s|train_loss 0.00656099|val_loss 0.00027153
Epoch 100|time: 3.03s|train_loss 0.00650382|val_loss 0.00026570
Epoch 101|time: 3.08s|train_loss 0.00647595|val_loss 0.00027014
Epoch 102|time: 3.14s|train_loss 0.00650370|val_loss 0.00026464
Epoch 103|time: 3.28s|train_loss 0.00647457|val_loss 0.00025981
Best validation epoch: 103 Tue May 23 14:07:47 2023
TEST MAE 0.3070 | std 0.1025 | RMSE 0.4544 | RMSEs 0.4315 | PCC 0.8796 | PCCs 0.8490 | R2 0.7680 | R2s 0.6673 | Var 0.7680 | Vars 0.6783 | Peak 0.1695
Epoch 104|time: 3.22s|train_loss 0.00647238|val_loss 0.00026024
Epoch 105|time: 3.02s|train_loss 0.00641230|val_loss 0.00026308
Epoch 106|time: 3.01s|train_loss 0.00645221|val_loss 0.00026447
Epoch 107|time: 3.15s|train_loss 0.00644915|val_loss 0.00026595
Epoch 108|time: 3.09s|train_loss 0.00638080|val_loss 0.00026118
Epoch 109|time: 3.05s|train_loss 0.00643905|val_loss 0.00025835
Best validation epoch: 109 Tue May 23 14:08:06 2023
TEST MAE 0.3049 | std 0.1041 | RMSE 0.4525 | RMSEs 0.4295 | PCC 0.8794 | PCCs 0.8458 | R2 0.7700 | R2s 0.6721 | Var 0.7702 | Vars 0.6814 | Peak 0.1698
Epoch 110|time: 3.04s|train_loss 0.00636431|val_loss 0.00025897
Epoch 111|time: 3.09s|train_loss 0.00638170|val_loss 0.00026024
Epoch 112|time: 3.05s|train_loss 0.00635623|val_loss 0.00026138
Epoch 113|time: 3.14s|train_loss 0.00642452|val_loss 0.00025920
Epoch 114|time: 3.01s|train_loss 0.00638095|val_loss 0.00025917
Epoch 115|time: 3.10s|train_loss 0.00636469|val_loss 0.00025347
Best validation epoch: 115 Tue May 23 14:08:25 2023
TEST MAE 0.3047 | std 0.0991 | RMSE 0.4469 | RMSEs 0.4257 | PCC 0.8840 | PCCs 0.8529 | R2 0.7756 | R2s 0.6748 | Var 0.7767 | Vars 0.6904 | Peak 0.1671
Epoch 116|time: 3.13s|train_loss 0.00641159|val_loss 0.00025705
Epoch 117|time: 3.00s|train_loss 0.00634450|val_loss 0.00025333
Best validation epoch: 117 Tue May 23 14:08:32 2023
TEST MAE 0.3001 | std 0.0993 | RMSE 0.4443 | RMSEs 0.4227 | PCC 0.8844 | PCCs 0.8531 | R2 0.7783 | R2s 0.6806 | Var 0.7783 | Vars 0.6922 | Peak 0.1664
Epoch 118|time: 3.07s|train_loss 0.00642141|val_loss 0.00025805
Epoch 119|time: 3.01s|train_loss 0.00635418|val_loss 0.00025489
Epoch 120|time: 3.09s|train_loss 0.00633040|val_loss 0.00025754
Epoch 121|time: 3.01s|train_loss 0.00638453|val_loss 0.00026084
Epoch 122|time: 3.02s|train_loss 0.00627933|val_loss 0.00026200
Epoch 123|time: 3.10s|train_loss 0.00634052|val_loss 0.00025952
Epoch 124|time: 3.02s|train_loss 0.00633952|val_loss 0.00025694
Epoch 125|time: 3.12s|train_loss 0.00628707|val_loss 0.00025629
Epoch 126|time: 3.02s|train_loss 0.00628082|val_loss 0.00025601
Epoch 127|time: 3.02s|train_loss 0.00629746|val_loss 0.00025473
Epoch 128|time: 3.01s|train_loss 0.00627941|val_loss 0.00025471
Epoch 129|time: 3.06s|train_loss 0.00630071|val_loss 0.00025545
Epoch 130|time: 3.10s|train_loss 0.00633447|val_loss 0.00025860
Epoch 131|time: 3.00s|train_loss 0.00625889|val_loss 0.00025729
Epoch 132|time: 3.04s|train_loss 0.00634948|val_loss 0.00025756
Epoch 133|time: 3.00s|train_loss 0.00628750|val_loss 0.00025055
Best validation epoch: 133 Tue May 23 14:09:21 2023
TEST MAE 0.3004 | std 0.1002 | RMSE 0.4435 | RMSEs 0.4221 | PCC 0.8848 | PCCs 0.8512 | R2 0.7790 | R2s 0.6818 | Var 0.7792 | Vars 0.6927 | Peak 0.1660
Epoch 134|time: 3.09s|train_loss 0.00624265|val_loss 0.00025538
Epoch 135|time: 3.12s|train_loss 0.00626904|val_loss 0.00025123
Epoch 136|time: 3.02s|train_loss 0.00622487|val_loss 0.00025572
Epoch 137|time: 3.28s|train_loss 0.00633505|val_loss 0.00025688
Epoch 138|time: 3.08s|train_loss 0.00631456|val_loss 0.00025668
Epoch 139|time: 3.05s|train_loss 0.00624483|val_loss 0.00025622
Epoch 140|time: 3.03s|train_loss 0.00618733|val_loss 0.00025916
Epoch 141|time: 3.16s|train_loss 0.00624505|val_loss 0.00025487
Epoch 142|time: 3.23s|train_loss 0.00625631|val_loss 0.00025076
Epoch 143|time: 3.35s|train_loss 0.00619944|val_loss 0.00024613
Best validation epoch: 143 Tue May 23 14:09:54 2023
TEST MAE 0.2965 | std 0.0968 | RMSE 0.4389 | RMSEs 0.4182 | PCC 0.8873 | PCCs 0.8549 | R2 0.7837 | R2s 0.6868 | Var 0.7840 | Vars 0.6997 | Peak 0.1645
Epoch 144|time: 3.39s|train_loss 0.00619343|val_loss 0.00024612
Best validation epoch: 144 Tue May 23 14:09:58 2023
TEST MAE 0.2959 | std 0.1007 | RMSE 0.4417 | RMSEs 0.4196 | PCC 0.8862 | PCCs 0.8541 | R2 0.7809 | R2s 0.6862 | Var 0.7813 | Vars 0.6952 | Peak 0.1658
Epoch 145|time: 3.12s|train_loss 0.00617202|val_loss 0.00024612
Epoch 146|time: 3.07s|train_loss 0.00621872|val_loss 0.00024836
Epoch 147|time: 3.06s|train_loss 0.00616473|val_loss 0.00025083
Epoch 148|time: 3.14s|train_loss 0.00619622|val_loss 0.00025447
Epoch 149|time: 3.04s|train_loss 0.00625159|val_loss 0.00025381
Epoch 150|time: 3.09s|train_loss 0.00617939|val_loss 0.00024788
Epoch 151|time: 3.07s|train_loss 0.00622001|val_loss 0.00025971
Epoch 152|time: 3.12s|train_loss 0.00625281|val_loss 0.00025280
Epoch 153|time: 3.01s|train_loss 0.00615318|val_loss 0.00025125
Epoch 154|time: 3.00s|train_loss 0.00614727|val_loss 0.00024783
Epoch 155|time: 3.01s|train_loss 0.00616039|val_loss 0.00025342
Epoch 156|time: 3.09s|train_loss 0.00616437|val_loss 0.00025363
Epoch 157|time: 3.00s|train_loss 0.00620659|val_loss 0.00025173
Epoch 158|time: 3.07s|train_loss 0.00616247|val_loss 0.00024614
Epoch 159|time: 3.03s|train_loss 0.00617375|val_loss 0.00024485
Best validation epoch: 159 Tue May 23 14:10:45 2023
TEST MAE 0.2828 | std 0.0973 | RMSE 0.4315 | RMSEs 0.4103 | PCC 0.8897 | PCCs 0.8563 | R2 0.7908 | R2s 0.7005 | Var 0.7910 | Vars 0.7102 | Peak 0.1635
Epoch 160|time: 3.05s|train_loss 0.00613838|val_loss 0.00024573
Epoch 161|time: 3.10s|train_loss 0.00622320|val_loss 0.00024451
Best validation epoch: 161 Tue May 23 14:10:51 2023
TEST MAE 0.2900 | std 0.0969 | RMSE 0.4350 | RMSEs 0.4140 | PCC 0.8885 | PCCs 0.8554 | R2 0.7875 | R2s 0.6940 | Var 0.7876 | Vars 0.7059 | Peak 0.1640
Epoch 162|time: 3.36s|train_loss 0.00614611|val_loss 0.00024291
Best validation epoch: 162 Tue May 23 14:10:56 2023
TEST MAE 0.2922 | std 0.0958 | RMSE 0.4355 | RMSEs 0.4148 | PCC 0.8891 | PCCs 0.8570 | R2 0.7870 | R2s 0.6918 | Var 0.7876 | Vars 0.7056 | Peak 0.1642
Epoch 163|time: 3.17s|train_loss 0.00613522|val_loss 0.00024383
Epoch 164|time: 3.18s|train_loss 0.00613325|val_loss 0.00024684
Epoch 165|time: 3.02s|train_loss 0.00611055|val_loss 0.00024823
Epoch 166|time: 3.05s|train_loss 0.00611457|val_loss 0.00024696
Epoch 167|time: 3.10s|train_loss 0.00611524|val_loss 0.00024501
Epoch 168|time: 3.01s|train_loss 0.00613404|val_loss 0.00024384
Epoch 169|time: 3.04s|train_loss 0.00610201|val_loss 0.00024310
Epoch 170|time: 3.04s|train_loss 0.00616107|val_loss 0.00024351
Epoch 171|time: 3.01s|train_loss 0.00611949|val_loss 0.00024201
Best validation epoch: 171 Tue May 23 14:11:24 2023
TEST MAE 0.2812 | std 0.0970 | RMSE 0.4294 | RMSEs 0.4084 | PCC 0.8916 | PCCs 0.8582 | R2 0.7929 | R2s 0.7032 | Var 0.7943 | Vars 0.7123 | Peak 0.1620
Epoch 172|time: 3.30s|train_loss 0.00615024|val_loss 0.00024298
Epoch 173|time: 3.08s|train_loss 0.00612157|val_loss 0.00024978
Epoch 174|time: 3.13s|train_loss 0.00611892|val_loss 0.00025133
Epoch 175|time: 3.00s|train_loss 0.00609961|val_loss 0.00025031
Epoch 176|time: 3.00s|train_loss 0.00616859|val_loss 0.00024735
Epoch 177|time: 3.08s|train_loss 0.00607107|val_loss 0.00024818
Epoch 178|time: 3.00s|train_loss 0.00609515|val_loss 0.00024295
Epoch 179|time: 3.01s|train_loss 0.00627098|val_loss 0.00024201
Best validation epoch: 179 Tue May 23 14:11:50 2023
TEST MAE 0.2886 | std 0.0987 | RMSE 0.4335 | RMSEs 0.4123 | PCC 0.8897 | PCCs 0.8562 | R2 0.7889 | R2s 0.6972 | Var 0.7894 | Vars 0.7058 | Peak 0.1626
Epoch 180|time: 3.11s|train_loss 0.00610910|val_loss 0.00024110
Best validation epoch: 180 Tue May 23 14:11:53 2023
TEST MAE 0.2878 | std 0.0970 | RMSE 0.4320 | RMSEs 0.4115 | PCC 0.8905 | PCCs 0.8564 | R2 0.7904 | R2s 0.6977 | Var 0.7912 | Vars 0.7065 | Peak 0.1616
Epoch 181|time: 3.28s|train_loss 0.00609464|val_loss 0.00024294
Epoch 182|time: 3.19s|train_loss 0.00608559|val_loss 0.00024774
Epoch 183|time: 3.00s|train_loss 0.00607808|val_loss 0.00024558
Epoch 184|time: 3.00s|train_loss 0.00606150|val_loss 0.00024654
Epoch 185|time: 3.10s|train_loss 0.00609825|val_loss 0.00024534
Epoch 186|time: 3.21s|train_loss 0.00619417|val_loss 0.00024777
Epoch 187|time: 3.31s|train_loss 0.00608334|val_loss 0.00024356
Epoch 188|time: 2.66s|train_loss 0.00618658|val_loss 0.00023979
Best validation epoch: 188 Tue May 23 14:12:19 2023
TEST MAE 0.2824 | std 0.0966 | RMSE 0.4285 | RMSEs 0.4077 | PCC 0.8921 | PCCs 0.8598 | R2 0.7937 | R2s 0.7035 | Var 0.7938 | Vars 0.7128 | Peak 0.1618
Epoch 189|time: 1.86s|train_loss 0.00606026|val_loss 0.00023730
Best validation epoch: 189 Tue May 23 14:12:21 2023
TEST MAE 0.2965 | std 0.0933 | RMSE 0.4354 | RMSEs 0.4157 | PCC 0.8921 | PCCs 0.8611 | R2 0.7871 | R2s 0.6876 | Var 0.7904 | Vars 0.7089 | Peak 0.1636
Epoch 190|time: 1.86s|train_loss 0.00605971|val_loss 0.00024313
Epoch 191|time: 1.87s|train_loss 0.00604386|val_loss 0.00024725
Epoch 192|time: 1.87s|train_loss 0.00605924|val_loss 0.00024580
Epoch 193|time: 1.99s|train_loss 0.00607189|val_loss 0.00024270
Epoch 194|time: 2.62s|train_loss 0.00605190|val_loss 0.00024806
Epoch 195|time: 3.05s|train_loss 0.00609703|val_loss 0.00023688
Best validation epoch: 195 Tue May 23 14:12:35 2023
TEST MAE 0.2891 | std 0.0934 | RMSE 0.4307 | RMSEs 0.4109 | PCC 0.8935 | PCCs 0.8626 | R2 0.7916 | R2s 0.6954 | Var 0.7937 | Vars 0.7126 | Peak 0.1633
Epoch 196|time: 3.05s|train_loss 0.00604460|val_loss 0.00024363
Epoch 197|time: 2.99s|train_loss 0.00606084|val_loss 0.00024698
Epoch 198|time: 2.99s|train_loss 0.00605007|val_loss 0.00025197
Epoch 199|time: 2.99s|train_loss 0.00604549|val_loss 0.00025116
Epoch 200|time: 3.14s|train_loss 0.00604325|val_loss 0.00024932
Epoch 201|time: 3.01s|train_loss 0.00601906|val_loss 0.00024177
Epoch 202|time: 3.03s|train_loss 0.00604061|val_loss 0.00023819
Epoch 203|time: 3.28s|train_loss 0.00602615|val_loss 0.00023795
Epoch 204|time: 3.16s|train_loss 0.00603480|val_loss 0.00024012
Epoch 205|time: 3.03s|train_loss 0.00606423|val_loss 0.00024691
Epoch 206|time: 3.07s|train_loss 0.00604018|val_loss 0.00024441
Epoch 207|time: 3.02s|train_loss 0.00601799|val_loss 0.00024237
Epoch 208|time: 3.10s|train_loss 0.00602969|val_loss 0.00024333
Epoch 209|time: 3.02s|train_loss 0.00604616|val_loss 0.00024495
Epoch 210|time: 3.05s|train_loss 0.00603033|val_loss 0.00024681
Epoch 211|time: 3.03s|train_loss 0.00603488|val_loss 0.00024322
Epoch 212|time: 3.03s|train_loss 0.00600517|val_loss 0.00024379
Epoch 213|time: 3.08s|train_loss 0.00601734|val_loss 0.00024283
Epoch 214|time: 3.37s|train_loss 0.00598889|val_loss 0.00024700
Epoch 215|time: 3.07s|train_loss 0.00599742|val_loss 0.00024439
Epoch 216|time: 3.02s|train_loss 0.00604415|val_loss 0.00024118
Epoch 217|time: 3.02s|train_loss 0.00601096|val_loss 0.00023847
Epoch 218|time: 3.09s|train_loss 0.00599834|val_loss 0.00024269
Epoch 219|time: 3.09s|train_loss 0.00599505|val_loss 0.00024027
Epoch 220|time: 3.03s|train_loss 0.00599908|val_loss 0.00024107
Epoch 221|time: 3.10s|train_loss 0.00604748|val_loss 0.00024485
Epoch 222|time: 3.09s|train_loss 0.00600748|val_loss 0.00023937
Epoch 223|time: 3.02s|train_loss 0.00601241|val_loss 0.00023985
Epoch 224|time: 3.02s|train_loss 0.00599978|val_loss 0.00024094
Epoch 225|time: 3.03s|train_loss 0.00601327|val_loss 0.00024248
Epoch 226|time: 3.10s|train_loss 0.00597275|val_loss 0.00024107
Epoch 227|time: 3.10s|train_loss 0.00601223|val_loss 0.00023849
Epoch 228|time: 3.00s|train_loss 0.00604555|val_loss 0.00024160
Epoch 229|time: 3.01s|train_loss 0.00600285|val_loss 0.00023593
Best validation epoch: 229 Tue May 23 14:14:20 2023
TEST MAE 0.2761 | std 0.0947 | RMSE 0.4210 | RMSEs 0.4008 | PCC 0.8960 | PCCs 0.8647 | R2 0.8009 | R2s 0.7123 | Var 0.8010 | Vars 0.7225 | Peak 0.1599
Epoch 230|time: 3.02s|train_loss 0.00598536|val_loss 0.00023941
Epoch 231|time: 3.01s|train_loss 0.00599175|val_loss 0.00023737
Epoch 232|time: 3.07s|train_loss 0.00601530|val_loss 0.00023921
Epoch 233|time: 2.99s|train_loss 0.00600457|val_loss 0.00023294
Best validation epoch: 233 Tue May 23 14:14:33 2023
TEST MAE 0.2773 | std 0.0923 | RMSE 0.4199 | RMSEs 0.4005 | PCC 0.8970 | PCCs 0.8662 | R2 0.8020 | R2s 0.7113 | Var 0.8024 | Vars 0.7242 | Peak 0.1594
Epoch 234|time: 3.11s|train_loss 0.00597796|val_loss 0.00023914
Epoch 235|time: 3.08s|train_loss 0.00601686|val_loss 0.00024058
Epoch 236|time: 3.07s|train_loss 0.00597618|val_loss 0.00023885
Epoch 237|time: 3.01s|train_loss 0.00599488|val_loss 0.00023539
Epoch 238|time: 3.00s|train_loss 0.00597804|val_loss 0.00024020
Epoch 239|time: 3.01s|train_loss 0.00596395|val_loss 0.00023737
Epoch 240|time: 3.07s|train_loss 0.00599298|val_loss 0.00024827
Epoch 241|time: 3.01s|train_loss 0.00597596|val_loss 0.00025413
Epoch 242|time: 3.02s|train_loss 0.00600857|val_loss 0.00024928
Epoch 243|time: 3.03s|train_loss 0.00596711|val_loss 0.00024249
Epoch 244|time: 3.21s|train_loss 0.00596381|val_loss 0.00024689
Epoch 245|time: 3.70s|train_loss 0.00597602|val_loss 0.00023522
Epoch 246|time: 3.15s|train_loss 0.00601281|val_loss 0.00023367
Epoch 247|time: 2.99s|train_loss 0.00593562|val_loss 0.00023769
Epoch 248|time: 3.23s|train_loss 0.00596610|val_loss 0.00023780
Epoch 249|time: 3.03s|train_loss 0.00600042|val_loss 0.00023852
Epoch 250|time: 3.08s|train_loss 0.00605985|val_loss 0.00023399
Epoch 251|time: 3.27s|train_loss 0.00595646|val_loss 0.00022814
Best validation epoch: 251 Tue May 23 14:15:30 2023
TEST MAE 0.2835 | std 0.0979 | RMSE 0.4311 | RMSEs 0.4088 | PCC 0.8969 | PCCs 0.8706 | R2 0.7912 | R2s 0.6974 | Var 0.7932 | Vars 0.7139 | Peak 0.1648
Epoch 252|time: 3.00s|train_loss 0.00598471|val_loss 0.00023433
Epoch 253|time: 3.08s|train_loss 0.00596925|val_loss 0.00024344
Epoch 254|time: 3.14s|train_loss 0.00600925|val_loss 0.00024525
Epoch 255|time: 3.01s|train_loss 0.00595581|val_loss 0.00023469
Epoch 256|time: 3.01s|train_loss 0.00592321|val_loss 0.00023845
Epoch 257|time: 3.04s|train_loss 0.00595190|val_loss 0.00023772
Epoch 258|time: 3.04s|train_loss 0.00597276|val_loss 0.00024289
Epoch 259|time: 3.12s|train_loss 0.00597942|val_loss 0.00023511
Epoch 260|time: 3.01s|train_loss 0.00594695|val_loss 0.00023170
Epoch 261|time: 3.19s|train_loss 0.00593577|val_loss 0.00023421
Epoch 262|time: 3.10s|train_loss 0.00594137|val_loss 0.00023530
Epoch 263|time: 3.34s|train_loss 0.00593077|val_loss 0.00023487
Epoch 264|time: 3.49s|train_loss 0.00596685|val_loss 0.00023374
Epoch 265|time: 3.35s|train_loss 0.00593277|val_loss 0.00023102
Epoch 266|time: 3.34s|train_loss 0.00594558|val_loss 0.00023521
Epoch 267|time: 3.40s|train_loss 0.00595234|val_loss 0.00024032
Epoch 268|time: 3.46s|train_loss 0.00593369|val_loss 0.00024415
Epoch 269|time: 3.35s|train_loss 0.00594161|val_loss 0.00023700
Epoch 270|time: 3.51s|train_loss 0.00592984|val_loss 0.00023517
Epoch 271|time: 3.34s|train_loss 0.00595786|val_loss 0.00022852
Epoch 272|time: 3.41s|train_loss 0.00598642|val_loss 0.00023064
Epoch 273|time: 3.35s|train_loss 0.00591646|val_loss 0.00023111
Epoch 274|time: 3.35s|train_loss 0.00592417|val_loss 0.00023451
Epoch 275|time: 3.34s|train_loss 0.00589546|val_loss 0.00023519
Epoch 276|time: 3.40s|train_loss 0.00593365|val_loss 0.00023371
Epoch 277|time: 3.34s|train_loss 0.00592902|val_loss 0.00023048
Epoch 278|time: 3.42s|train_loss 0.00593274|val_loss 0.00023446
Epoch 279|time: 3.43s|train_loss 0.00599428|val_loss 0.00023494
Epoch 280|time: 3.34s|train_loss 0.00591058|val_loss 0.00025011
Epoch 281|time: 3.35s|train_loss 0.00593955|val_loss 0.00024882
Epoch 282|time: 3.09s|train_loss 0.00592731|val_loss 0.00024634
Epoch 283|time: 3.00s|train_loss 0.00594325|val_loss 0.00023333
Epoch 284|time: 2.99s|train_loss 0.00589176|val_loss 0.00023928
Epoch 285|time: 3.01s|train_loss 0.00598313|val_loss 0.00022964
Epoch 286|time: 3.08s|train_loss 0.00589948|val_loss 0.00023374
Epoch 287|time: 3.00s|train_loss 0.00593831|val_loss 0.00023401
Epoch 288|time: 3.05s|train_loss 0.00591507|val_loss 0.00023442
Epoch 289|time: 3.00s|train_loss 0.00601039|val_loss 0.00022985
Epoch 290|time: 2.99s|train_loss 0.00588872|val_loss 0.00022911
Epoch 291|time: 3.00s|train_loss 0.00588449|val_loss 0.00022803
Best validation epoch: 291 Tue May 23 14:17:39 2023
TEST MAE 0.2952 | std 0.0959 | RMSE 0.4379 | RMSEs 0.4170 | PCC 0.8990 | PCCs 0.8732 | R2 0.7846 | R2s 0.6805 | Var 0.7952 | Vars 0.7180 | Peak 0.1660
Epoch 292|time: 3.07s|train_loss 0.00590042|val_loss 0.00022952
Epoch 293|time: 3.03s|train_loss 0.00595332|val_loss 0.00023086
Epoch 294|time: 3.03s|train_loss 0.00587389|val_loss 0.00023260
Epoch 295|time: 3.01s|train_loss 0.00588293|val_loss 0.00023277
Epoch 296|time: 3.02s|train_loss 0.00588754|val_loss 0.00023199
Epoch 297|time: 3.07s|train_loss 0.00586254|val_loss 0.00023100
Epoch 298|time: 3.07s|train_loss 0.00586889|val_loss 0.00023201
Epoch 299|time: 3.02s|train_loss 0.00586163|val_loss 0.00023418
Epoch 300|time: 3.00s|train_loss 0.00589779|val_loss 0.00023297
Epoch 301|time: 3.14s|train_loss 0.00586518|val_loss 0.00023408
Epoch 302|time: 2.99s|train_loss 0.00594398|val_loss 0.00023649
Epoch 303|time: 3.01s|train_loss 0.00585058|val_loss 0.00022812
Epoch 304|time: 3.04s|train_loss 0.00590673|val_loss 0.00023000
Epoch 305|time: 3.00s|train_loss 0.00588059|val_loss 0.00024113
Epoch 306|time: 3.08s|train_loss 0.00586476|val_loss 0.00023434
Epoch 307|time: 2.99s|train_loss 0.00587630|val_loss 0.00023251
Epoch 308|time: 3.04s|train_loss 0.00589065|val_loss 0.00022769
Best validation epoch: 308 Tue May 23 14:18:31 2023
TEST MAE 0.2676 | std 0.0959 | RMSE 0.4148 | RMSEs 0.3934 | PCC 0.9006 | PCCs 0.8729 | R2 0.8067 | R2s 0.7224 | Var 0.8068 | Vars 0.7311 | Peak 0.1578
Epoch 309|time: 2.99s|train_loss 0.00590931|val_loss 0.00022465
Best validation epoch: 309 Tue May 23 14:18:35 2023
TEST MAE 0.2737 | std 0.0966 | RMSE 0.4203 | RMSEs 0.3985 | PCC 0.9006 | PCCs 0.8745 | R2 0.8016 | R2s 0.7127 | Var 0.8024 | Vars 0.7260 | Peak 0.1601
Epoch 310|time: 3.35s|train_loss 0.00591634|val_loss 0.00022693
Epoch 311|time: 3.26s|train_loss 0.00590544|val_loss 0.00023118
Epoch 312|time: 3.36s|train_loss 0.00586794|val_loss 0.00023161
Epoch 313|time: 3.30s|train_loss 0.00591548|val_loss 0.00022616
Epoch 314|time: 3.27s|train_loss 0.00596628|val_loss 0.00022819
Epoch 315|time: 3.33s|train_loss 0.00584866|val_loss 0.00022683
Epoch 316|time: 3.28s|train_loss 0.00587835|val_loss 0.00023533
Epoch 317|time: 3.26s|train_loss 0.00585863|val_loss 0.00023536
Epoch 318|time: 3.26s|train_loss 0.00584371|val_loss 0.00023135
Epoch 319|time: 3.42s|train_loss 0.00586738|val_loss 0.00023217
Epoch 320|time: 3.41s|train_loss 0.00582930|val_loss 0.00022800
Epoch 321|time: 3.35s|train_loss 0.00585227|val_loss 0.00022887
Epoch 322|time: 3.41s|train_loss 0.00585039|val_loss 0.00023200
Epoch 323|time: 3.36s|train_loss 0.00584131|val_loss 0.00022974
Epoch 324|time: 3.35s|train_loss 0.00582768|val_loss 0.00023202
Epoch 325|time: 3.39s|train_loss 0.00587932|val_loss 0.00024703
Epoch 326|time: 3.45s|train_loss 0.00583283|val_loss 0.00023068
Epoch 327|time: 3.40s|train_loss 0.00586621|val_loss 0.00023286
Epoch 328|time: 3.38s|train_loss 0.00589787|val_loss 0.00023163
Epoch 329|time: 3.33s|train_loss 0.00580140|val_loss 0.00022987
Epoch 330|time: 3.41s|train_loss 0.00579778|val_loss 0.00022782
Epoch 331|time: 3.49s|train_loss 0.00585264|val_loss 0.00022774
Epoch 332|time: 3.35s|train_loss 0.00595634|val_loss 0.00022656
Epoch 333|time: 3.35s|train_loss 0.00580578|val_loss 0.00023203
Epoch 334|time: 3.55s|train_loss 0.00586481|val_loss 0.00023105
Epoch 335|time: 3.42s|train_loss 0.00584247|val_loss 0.00023491
Epoch 336|time: 3.34s|train_loss 0.00582419|val_loss 0.00022972
Epoch 337|time: 3.30s|train_loss 0.00587538|val_loss 0.00023702
Epoch 338|time: 3.01s|train_loss 0.00580432|val_loss 0.00023315
Epoch 339|time: 2.99s|train_loss 0.00592575|val_loss 0.00022776
Epoch 340|time: 3.12s|train_loss 0.00586279|val_loss 0.00022215
Best validation epoch: 340 Tue May 23 14:20:19 2023
TEST MAE 0.2794 | std 0.0995 | RMSE 0.4283 | RMSEs 0.4058 | PCC 0.9010 | PCCs 0.8774 | R2 0.7939 | R2s 0.6989 | Var 0.7964 | Vars 0.7165 | Peak 0.1637
Epoch 341|time: 3.04s|train_loss 0.00580465|val_loss 0.00022565
Epoch 342|time: 3.01s|train_loss 0.00579899|val_loss 0.00023141
Epoch 343|time: 3.05s|train_loss 0.00583546|val_loss 0.00023166
Epoch 344|time: 3.11s|train_loss 0.00579497|val_loss 0.00022699
Epoch 345|time: 3.00s|train_loss 0.00584199|val_loss 0.00022437
Epoch 346|time: 3.10s|train_loss 0.00580940|val_loss 0.00022927
Epoch 347|time: 3.14s|train_loss 0.00584159|val_loss 0.00023156
Epoch 348|time: 3.01s|train_loss 0.00579472|val_loss 0.00023181
Epoch 349|time: 3.17s|train_loss 0.00578911|val_loss 0.00023589
Epoch 350|time: 3.06s|train_loss 0.00580073|val_loss 0.00022642
Epoch 351|time: 3.04s|train_loss 0.00577001|val_loss 0.00023318
Epoch 352|time: 3.00s|train_loss 0.00579893|val_loss 0.00023036
Epoch 353|time: 3.07s|train_loss 0.00578145|val_loss 0.00023283
Epoch 354|time: 3.07s|train_loss 0.00580181|val_loss 0.00022732
Epoch 355|time: 3.00s|train_loss 0.00578513|val_loss 0.00022401
Epoch 356|time: 3.01s|train_loss 0.00577701|val_loss 0.00022682
Epoch 357|time: 3.07s|train_loss 0.00579449|val_loss 0.00022510
Epoch 358|time: 3.00s|train_loss 0.00582223|val_loss 0.00022717
Epoch 359|time: 3.07s|train_loss 0.00573701|val_loss 0.00022814
Epoch 360|time: 3.10s|train_loss 0.00584771|val_loss 0.00023146
Epoch 361|time: 3.01s|train_loss 0.00577312|val_loss 0.00023659
Epoch 362|time: 3.01s|train_loss 0.00580891|val_loss 0.00023468
Epoch 363|time: 3.29s|train_loss 0.00577839|val_loss 0.00023111
Epoch 364|time: 3.01s|train_loss 0.00575526|val_loss 0.00022534
Epoch 365|time: 3.07s|train_loss 0.00573106|val_loss 0.00022867
Epoch 366|time: 3.05s|train_loss 0.00580541|val_loss 0.00022706
Epoch 367|time: 3.00s|train_loss 0.00577376|val_loss 0.00022336
Epoch 368|time: 3.10s|train_loss 0.00575511|val_loss 0.00022534
Epoch 369|time: 3.00s|train_loss 0.00572407|val_loss 0.00023076
Epoch 370|time: 3.05s|train_loss 0.00575182|val_loss 0.00022911
Epoch 371|time: 3.01s|train_loss 0.00572350|val_loss 0.00023390
Epoch 372|time: 3.02s|train_loss 0.00575142|val_loss 0.00023389
Epoch 373|time: 3.08s|train_loss 0.00576308|val_loss 0.00023102
Epoch 374|time: 3.01s|train_loss 0.00577964|val_loss 0.00024212
Epoch 375|time: 3.00s|train_loss 0.00573541|val_loss 0.00022840
Epoch 376|time: 3.04s|train_loss 0.00576834|val_loss 0.00023392
Epoch 377|time: 3.08s|train_loss 0.00572861|val_loss 0.00023853
Epoch 378|time: 3.01s|train_loss 0.00584899|val_loss 0.00023378
Epoch 379|time: 3.01s|train_loss 0.00570752|val_loss 0.00022700
Epoch 380|time: 3.01s|train_loss 0.00573580|val_loss 0.00023044
Epoch 381|time: 3.11s|train_loss 0.00567918|val_loss 0.00023012
Epoch 382|time: 3.01s|train_loss 0.00568687|val_loss 0.00023270
Epoch 383|time: 3.09s|train_loss 0.00568467|val_loss 0.00023619
Epoch 384|time: 3.03s|train_loss 0.00569597|val_loss 0.00023676
Epoch 385|time: 3.17s|train_loss 0.00567964|val_loss 0.00022906
Epoch 386|time: 3.08s|train_loss 0.00568594|val_loss 0.00023018
Epoch 387|time: 3.11s|train_loss 0.00568156|val_loss 0.00022648
Epoch 388|time: 3.00s|train_loss 0.00568526|val_loss 0.00023033
Epoch 389|time: 3.00s|train_loss 0.00571135|val_loss 0.00023196
Epoch 390|time: 3.01s|train_loss 0.00562736|val_loss 0.00023856
Epoch 391|time: 3.07s|train_loss 0.00564568|val_loss 0.00023162
Epoch 392|time: 3.00s|train_loss 0.00562862|val_loss 0.00022657
Epoch 393|time: 3.06s|train_loss 0.00567967|val_loss 0.00022767
Epoch 394|time: 3.01s|train_loss 0.00562950|val_loss 0.00022831
Epoch 395|time: 3.08s|train_loss 0.00561667|val_loss 0.00022786
Epoch 396|time: 3.01s|train_loss 0.00563590|val_loss 0.00022872
Epoch 397|time: 3.00s|train_loss 0.00567252|val_loss 0.00022846
Epoch 398|time: 2.99s|train_loss 0.00558475|val_loss 0.00022810
Epoch 399|time: 3.04s|train_loss 0.00561198|val_loss 0.00023323
Epoch 400|time: 2.99s|train_loss 0.00555189|val_loss 0.00022790
Epoch 401|time: 3.07s|train_loss 0.00563226|val_loss 0.00023170
Epoch 402|time: 3.01s|train_loss 0.00560811|val_loss 0.00022715
Epoch 403|time: 3.02s|train_loss 0.00558614|val_loss 0.00022435
Epoch 404|time: 2.99s|train_loss 0.00556065|val_loss 0.00023019
Epoch 405|time: 3.31s|train_loss 0.00556406|val_loss 0.00023030
Epoch 406|time: 3.08s|train_loss 0.00563708|val_loss 0.00023186
Epoch 407|time: 2.99s|train_loss 0.00562342|val_loss 0.00023240
Epoch 408|time: 3.00s|train_loss 0.00561522|val_loss 0.00022933
Epoch 409|time: 3.12s|train_loss 0.00553033|val_loss 0.00022580
Epoch 410|time: 3.01s|train_loss 0.00557468|val_loss 0.00023015
Epoch 411|time: 3.00s|train_loss 0.00552350|val_loss 0.00022822
Epoch 412|time: 3.09s|train_loss 0.00550283|val_loss 0.00023562
Epoch 413|time: 3.00s|train_loss 0.00548740|val_loss 0.00023357
Epoch 414|time: 3.07s|train_loss 0.00550725|val_loss 0.00023368
Epoch 415|time: 2.98s|train_loss 0.00547629|val_loss 0.00022817
Epoch 416|time: 3.03s|train_loss 0.00547430|val_loss 0.00022495
Epoch 417|time: 2.99s|train_loss 0.00542564|val_loss 0.00022487
Epoch 418|time: 3.00s|train_loss 0.00544378|val_loss 0.00022668
Epoch 419|time: 3.12s|train_loss 0.00547790|val_loss 0.00023069
Epoch 420|time: 3.01s|train_loss 0.00539281|val_loss 0.00022825
Epoch 421|time: 3.00s|train_loss 0.00542647|val_loss 0.00022358
Epoch 422|time: 3.04s|train_loss 0.00538110|val_loss 0.00022443
Epoch 423|time: 3.08s|train_loss 0.00542051|val_loss 0.00022450
Epoch 424|time: 2.99s|train_loss 0.00552975|val_loss 0.00022642
Epoch 425|time: 3.10s|train_loss 0.00548120|val_loss 0.00022797
Epoch 426|time: 3.02s|train_loss 0.00539152|val_loss 0.00022884
Epoch 427|time: 3.00s|train_loss 0.00542630|val_loss 0.00023046
Epoch 428|time: 3.07s|train_loss 0.00536565|val_loss 0.00022993
Epoch 429|time: 3.18s|train_loss 0.00545263|val_loss 0.00023194
Epoch 430|time: 3.00s|train_loss 0.00544986|val_loss 0.00023000
Epoch 431|time: 3.00s|train_loss 0.00534372|val_loss 0.00022745
Epoch 432|time: 3.02s|train_loss 0.00541485|val_loss 0.00022640
Epoch 433|time: 3.09s|train_loss 0.00544235|val_loss 0.00023152
Epoch 434|time: 2.99s|train_loss 0.00535227|val_loss 0.00023307
Epoch 435|time: 3.04s|train_loss 0.00532600|val_loss 0.00023086
Epoch 436|time: 2.99s|train_loss 0.00531627|val_loss 0.00022494
Epoch 437|time: 3.07s|train_loss 0.00531779|val_loss 0.00023101
Epoch 438|time: 2.99s|train_loss 0.00540576|val_loss 0.00022890
Epoch 439|time: 3.07s|train_loss 0.00545450|val_loss 0.00022884
Epoch 440|time: 3.01s|train_loss 0.00537695|val_loss 0.00022774
Epoch 441|time: 3.08s|train_loss 0.00528311|val_loss 0.00023126
Epoch 442|time: 3.06s|train_loss 0.00530495|val_loss 0.00022991
Epoch 443|time: 2.99s|train_loss 0.00539761|val_loss 0.00023392
Epoch 444|time: 3.00s|train_loss 0.00525878|val_loss 0.00023077
Epoch 445|time: 3.32s|train_loss 0.00535893|val_loss 0.00023544
Epoch 446|time: 3.00s|train_loss 0.00529745|val_loss 0.00022972
Epoch 447|time: 3.07s|train_loss 0.00534367|val_loss 0.00022677
Epoch 448|time: 3.00s|train_loss 0.00526661|val_loss 0.00022687
Epoch 449|time: 3.04s|train_loss 0.00535948|val_loss 0.00022831
Epoch 450|time: 3.02s|train_loss 0.00523624|val_loss 0.00023315
Epoch 451|time: 3.06s|train_loss 0.00533190|val_loss 0.00023600
Epoch 452|time: 3.05s|train_loss 0.00530195|val_loss 0.00023259
Epoch 453|time: 2.98s|train_loss 0.00528301|val_loss 0.00022970
Epoch 454|time: 3.00s|train_loss 0.00533484|val_loss 0.00023476
Epoch 455|time: 3.13s|train_loss 0.00528043|val_loss 0.00023231
Epoch 456|time: 3.00s|train_loss 0.00522050|val_loss 0.00023068
Epoch 457|time: 2.99s|train_loss 0.00529990|val_loss 0.00022937
Epoch 458|time: 3.00s|train_loss 0.00530587|val_loss 0.00023764
Epoch 459|time: 3.03s|train_loss 0.00523340|val_loss 0.00022455
Epoch 460|time: 3.04s|train_loss 0.00519403|val_loss 0.00022910
Epoch 461|time: 3.07s|train_loss 0.00530073|val_loss 0.00023012
Epoch 462|time: 3.20s|train_loss 0.00521387|val_loss 0.00023260
Epoch 463|time: 3.01s|train_loss 0.00528000|val_loss 0.00022898
Epoch 464|time: 3.05s|train_loss 0.00521861|val_loss 0.00023777
Epoch 465|time: 3.31s|train_loss 0.00536454|val_loss 0.00024323
Epoch 466|time: 3.01s|train_loss 0.00524554|val_loss 0.00023373
Epoch 467|time: 3.00s|train_loss 0.00530289|val_loss 0.00022512
Epoch 468|time: 3.02s|train_loss 0.00526754|val_loss 0.00023653
Epoch 469|time: 3.11s|train_loss 0.00531399|val_loss 0.00023009
Epoch 470|time: 3.00s|train_loss 0.00526853|val_loss 0.00023246
Epoch 471|time: 3.01s|train_loss 0.00519154|val_loss 0.00023045
Epoch 472|time: 3.07s|train_loss 0.00526891|val_loss 0.00022904
Epoch 473|time: 3.00s|train_loss 0.00531099|val_loss 0.00022786
Epoch 474|time: 3.05s|train_loss 0.00521208|val_loss 0.00023009
Epoch 475|time: 3.08s|train_loss 0.00519296|val_loss 0.00022870
Epoch 476|time: 3.00s|train_loss 0.00517445|val_loss 0.00023090
Epoch 477|time: 2.99s|train_loss 0.00530995|val_loss 0.00022973
Epoch 478|time: 3.05s|train_loss 0.00533987|val_loss 0.00022755
Epoch 479|time: 3.06s|train_loss 0.00523649|val_loss 0.00022709
Epoch 480|time: 3.01s|train_loss 0.00518739|val_loss 0.00022851
Epoch 481|time: 3.03s|train_loss 0.00530100|val_loss 0.00023081
Epoch 482|time: 3.01s|train_loss 0.00524008|val_loss 0.00022887
Epoch 483|time: 3.07s|train_loss 0.00518555|val_loss 0.00022650
Epoch 484|time: 3.09s|train_loss 0.00520745|val_loss 0.00022981
Epoch 485|time: 3.03s|train_loss 0.00517290|val_loss 0.00023067
Epoch 486|time: 3.01s|train_loss 0.00516470|val_loss 0.00023300
Epoch 487|time: 2.99s|train_loss 0.00516749|val_loss 0.00022993
Epoch 488|time: 3.32s|train_loss 0.00530870|val_loss 0.00022794
Epoch 489|time: 3.01s|train_loss 0.00510541|val_loss 0.00022965
Epoch 490|time: 3.00s|train_loss 0.00527687|val_loss 0.00022576
Epoch 491|time: 3.04s|train_loss 0.00519737|val_loss 0.00022623
Epoch 492|time: 3.00s|train_loss 0.00536726|val_loss 0.00022767
Epoch 493|time: 3.08s|train_loss 0.00518399|val_loss 0.00022696
Epoch 494|time: 2.99s|train_loss 0.00516469|val_loss 0.00022917
Epoch 495|time: 3.02s|train_loss 0.00526578|val_loss 0.00023084
Epoch 496|time: 2.99s|train_loss 0.00522601|val_loss 0.00023224
Epoch 497|time: 3.06s|train_loss 0.00515528|val_loss 0.00022727
Epoch 498|time: 3.09s|train_loss 0.00516346|val_loss 0.00023693
Epoch 499|time: 3.01s|train_loss 0.00513587|val_loss 0.00022917
Epoch 500|time: 2.99s|train_loss 0.00520685|val_loss 0.00022993
Final evaluation
TEST MAE 0.2794 | std 0.0995 | RMSE 0.4283 | RMSEs 0.4058 | PCC 0.9010 | PCCs 0.8774 | R2 0.7939 | R2s 0.6989 | Var 0.7964 | Vars 0.7165 | Peak 0.1637
