--------Parameters--------
Namespace(batch=32, bi=False, check_point=1, cuda=False, dataset='us_hhs', dropout=0.2, epilambda=0.2, epochs=1500, gpu=3, hidsp=15, horizon=1, k=10, lamda=0.01, lr=0.01, model='cola_gnn', mylog=True, n_hidden=30, n_layer=1, patience=200, rnn_model='RNN', save_dir='save', seed=42, shuffle=False, sim_mat='us_hhs-adj', test=0.2, train=0.6, val=0.2, weight_decay=0.0005, window=20)
--------------------------
data shape (364, 10)
364 10
(364, 10)
size of train/val/test sets 198 73 73
#params: 3623
begin training
Epoch   1|time: 0.10s|train_loss 0.00110912|val_loss 0.00059096
Best validation epoch: 1 Sat May 13 00:48:04 2023
TEST MAE 0.7240 std 0.2627 RMSE 0.9014 RMSEs 0.8559 PCC 0.8351 PCCs 0.7933 R2 0.0873 R2s -0.2931 Var 0.6648 Vars 0.6169 Peak 0.3814
Epoch   2|time: 0.09s|train_loss 0.00079447|val_loss 0.00038481
Best validation epoch: 2 Sat May 13 00:48:04 2023
TEST MAE 0.4223 std 0.0835 RMSE 0.5261 RMSEs 0.5155 PCC 0.8594 PCCs 0.8235 R2 0.6890 R2s 0.4953 Var 0.7286 Vars 0.6242 Peak 0.1545
Epoch   3|time: 0.09s|train_loss 0.00038352|val_loss 0.00024523
Best validation epoch: 3 Sat May 13 00:48:04 2023
TEST MAE 0.2616 std 0.0638 RMSE 0.3706 RMSEs 0.3599 PCC 0.9199 PCCs 0.8834 R2 0.8458 R2s 0.7615 Var 0.8458 Vars 0.7742 Peak 0.1351
Epoch   4|time: 0.09s|train_loss 0.00031655|val_loss 0.00028126
Epoch   5|time: 0.09s|train_loss 0.00022256|val_loss 0.00022446
Best validation epoch: 5 Sat May 13 00:48:04 2023
TEST MAE 0.2787 std 0.0716 RMSE 0.3605 RMSEs 0.3501 PCC 0.9345 PCCs 0.9122 R2 0.8540 R2s 0.7727 Var 0.8724 Vars 0.8176 Peak 0.1210
Epoch   6|time: 0.09s|train_loss 0.00025740|val_loss 0.00020284
Best validation epoch: 6 Sat May 13 00:48:04 2023
TEST MAE 0.2780 std 0.0753 RMSE 0.3580 RMSEs 0.3467 PCC 0.9438 PCCs 0.9222 R2 0.8560 R2s 0.7743 Var 0.8901 Vars 0.8464 Peak 0.1192
Epoch   7|time: 0.09s|train_loss 0.00019997|val_loss 0.00016379
Best validation epoch: 7 Sat May 13 00:48:04 2023
TEST MAE 0.2154 std 0.0543 RMSE 0.3013 RMSEs 0.2922 PCC 0.9499 PCCs 0.9298 R2 0.8981 R2s 0.8420 Var 0.9001 Vars 0.8536 Peak 0.1118
Epoch   8|time: 0.09s|train_loss 0.00017862|val_loss 0.00020289
Epoch   9|time: 0.09s|train_loss 0.00015277|val_loss 0.00017168
Epoch  10|time: 0.09s|train_loss 0.00015541|val_loss 0.00017046
Epoch  11|time: 0.09s|train_loss 0.00018169|val_loss 0.00023054
Epoch  12|time: 0.09s|train_loss 0.00019283|val_loss 0.00014411
Best validation epoch: 12 Sat May 13 00:48:05 2023
TEST MAE 0.1737 std 0.0453 RMSE 0.2661 RMSEs 0.2559 PCC 0.9618 PCCs 0.9437 R2 0.9205 R2s 0.8798 Var 0.9229 Vars 0.8853 Peak 0.1052
Epoch  13|time: 0.09s|train_loss 0.00017141|val_loss 0.00023417
Epoch  14|time: 0.09s|train_loss 0.00016124|val_loss 0.00014621
Epoch  15|time: 0.09s|train_loss 0.00016360|val_loss 0.00017041
Epoch  16|time: 0.09s|train_loss 0.00014959|val_loss 0.00013805
Best validation epoch: 16 Sat May 13 00:48:05 2023
TEST MAE 0.1685 std 0.0425 RMSE 0.2544 RMSEs 0.2456 PCC 0.9634 PCCs 0.9453 R2 0.9273 R2s 0.8883 Var 0.9276 Vars 0.8905 Peak 0.0970
Epoch  17|time: 0.09s|train_loss 0.00013545|val_loss 0.00015703
Epoch  18|time: 0.09s|train_loss 0.00013571|val_loss 0.00013998
Epoch  19|time: 0.09s|train_loss 0.00013584|val_loss 0.00014839
Epoch  20|time: 0.09s|train_loss 0.00012402|val_loss 0.00013695
Best validation epoch: 20 Sat May 13 00:48:06 2023
TEST MAE 0.1661 std 0.0426 RMSE 0.2500 RMSEs 0.2415 PCC 0.9644 PCCs 0.9463 R2 0.9298 R2s 0.8915 Var 0.9299 Vars 0.8927 Peak 0.0955
Epoch  21|time: 0.09s|train_loss 0.00013258|val_loss 0.00014333
Epoch  22|time: 0.09s|train_loss 0.00013059|val_loss 0.00013579
Best validation epoch: 22 Sat May 13 00:48:06 2023
TEST MAE 0.1650 std 0.0430 RMSE 0.2501 RMSEs 0.2411 PCC 0.9648 PCCs 0.9470 R2 0.9298 R2s 0.8924 Var 0.9306 Vars 0.8944 Peak 0.0966
Epoch  23|time: 0.09s|train_loss 0.00013080|val_loss 0.00021196
Epoch  24|time: 0.09s|train_loss 0.00014842|val_loss 0.00013329
Best validation epoch: 24 Sat May 13 00:48:06 2023
TEST MAE 0.1631 std 0.0428 RMSE 0.2473 RMSEs 0.2384 PCC 0.9651 PCCs 0.9479 R2 0.9313 R2s 0.8946 Var 0.9313 Vars 0.8959 Peak 0.0935
Epoch  25|time: 0.09s|train_loss 0.00013970|val_loss 0.00020524
Epoch  26|time: 0.09s|train_loss 0.00018977|val_loss 0.00016786
Epoch  27|time: 0.09s|train_loss 0.00015202|val_loss 0.00014753
Epoch  28|time: 0.09s|train_loss 0.00013065|val_loss 0.00014790
Epoch  29|time: 0.09s|train_loss 0.00014046|val_loss 0.00016842
Epoch  30|time: 0.09s|train_loss 0.00014738|val_loss 0.00013872
Epoch  31|time: 0.09s|train_loss 0.00012860|val_loss 0.00015686
Epoch  32|time: 0.09s|train_loss 0.00013434|val_loss 0.00014094
Epoch  33|time: 0.09s|train_loss 0.00013092|val_loss 0.00013795
Epoch  34|time: 0.09s|train_loss 0.00012825|val_loss 0.00014862
Epoch  35|time: 0.09s|train_loss 0.00012491|val_loss 0.00018695
Epoch  36|time: 0.09s|train_loss 0.00014670|val_loss 0.00016964
Epoch  37|time: 0.09s|train_loss 0.00013955|val_loss 0.00013639
Epoch  38|time: 0.09s|train_loss 0.00014592|val_loss 0.00013837
Epoch  39|time: 0.09s|train_loss 0.00013839|val_loss 0.00014302
Epoch  40|time: 0.09s|train_loss 0.00013509|val_loss 0.00020875
Epoch  41|time: 0.09s|train_loss 0.00016015|val_loss 0.00014909
Epoch  42|time: 0.09s|train_loss 0.00016453|val_loss 0.00016441
Epoch  43|time: 0.09s|train_loss 0.00015065|val_loss 0.00014821
Epoch  44|time: 0.09s|train_loss 0.00013277|val_loss 0.00014806
Epoch  45|time: 0.09s|train_loss 0.00013288|val_loss 0.00015762
Epoch  46|time: 0.09s|train_loss 0.00012753|val_loss 0.00013468
Epoch  47|time: 0.09s|train_loss 0.00012518|val_loss 0.00013694
Epoch  48|time: 0.09s|train_loss 0.00012397|val_loss 0.00014354
Epoch  49|time: 0.09s|train_loss 0.00012484|val_loss 0.00013479
Epoch  50|time: 0.09s|train_loss 0.00012619|val_loss 0.00015410
Epoch  51|time: 0.09s|train_loss 0.00013541|val_loss 0.00014303
Epoch  52|time: 0.09s|train_loss 0.00013181|val_loss 0.00014295
Epoch  53|time: 0.09s|train_loss 0.00013897|val_loss 0.00013831
Epoch  54|time: 0.09s|train_loss 0.00012877|val_loss 0.00015154
Epoch  55|time: 0.09s|train_loss 0.00014099|val_loss 0.00013645
Epoch  56|time: 0.09s|train_loss 0.00012331|val_loss 0.00015545
Epoch  57|time: 0.09s|train_loss 0.00013350|val_loss 0.00016194
Epoch  58|time: 0.09s|train_loss 0.00013109|val_loss 0.00014672
Epoch  59|time: 0.09s|train_loss 0.00013827|val_loss 0.00013950
Epoch  60|time: 0.09s|train_loss 0.00012899|val_loss 0.00014281
Epoch  61|time: 0.09s|train_loss 0.00012478|val_loss 0.00014768
Epoch  62|time: 0.09s|train_loss 0.00012836|val_loss 0.00013643
Epoch  63|time: 0.12s|train_loss 0.00013971|val_loss 0.00019206
Epoch  64|time: 0.09s|train_loss 0.00015389|val_loss 0.00013996
Epoch  65|time: 0.09s|train_loss 0.00013255|val_loss 0.00016254
Epoch  66|time: 0.09s|train_loss 0.00014349|val_loss 0.00014899
Epoch  67|time: 0.09s|train_loss 0.00012716|val_loss 0.00013508
Epoch  68|time: 0.09s|train_loss 0.00012627|val_loss 0.00013647
Epoch  69|time: 0.09s|train_loss 0.00013479|val_loss 0.00014947
Epoch  70|time: 0.09s|train_loss 0.00012726|val_loss 0.00014953
Epoch  71|time: 0.09s|train_loss 0.00013001|val_loss 0.00013400
Epoch  72|time: 0.09s|train_loss 0.00012594|val_loss 0.00013497
Epoch  73|time: 0.09s|train_loss 0.00012196|val_loss 0.00014888
Epoch  74|time: 0.09s|train_loss 0.00013881|val_loss 0.00013558
Epoch  75|time: 0.09s|train_loss 0.00012180|val_loss 0.00013812
Epoch  76|time: 0.09s|train_loss 0.00012113|val_loss 0.00013478
Epoch  77|time: 0.09s|train_loss 0.00013191|val_loss 0.00013541
Epoch  78|time: 0.09s|train_loss 0.00012243|val_loss 0.00014059
Epoch  79|time: 0.09s|train_loss 0.00012552|val_loss 0.00013537
Epoch  80|time: 0.09s|train_loss 0.00013463|val_loss 0.00013883
Epoch  81|time: 0.09s|train_loss 0.00013197|val_loss 0.00014803
Epoch  82|time: 0.09s|train_loss 0.00012793|val_loss 0.00013530
Epoch  83|time: 0.09s|train_loss 0.00012514|val_loss 0.00013542
Epoch  84|time: 0.09s|train_loss 0.00012267|val_loss 0.00013247
Best validation epoch: 84 Sat May 13 00:48:11 2023
TEST MAE 0.1660 std 0.0433 RMSE 0.2491 RMSEs 0.2406 PCC 0.9654 PCCs 0.9490 R2 0.9303 R2s 0.8922 Var 0.9312 Vars 0.8955 Peak 0.0899
Epoch  85|time: 0.09s|train_loss 0.00012521|val_loss 0.00014635
Epoch  86|time: 0.09s|train_loss 0.00012254|val_loss 0.00013543
Epoch  87|time: 0.09s|train_loss 0.00012769|val_loss 0.00014084
Epoch  88|time: 0.09s|train_loss 0.00014514|val_loss 0.00015836
Epoch  89|time: 0.09s|train_loss 0.00014220|val_loss 0.00015337
Epoch  90|time: 0.09s|train_loss 0.00012820|val_loss 0.00014461
Epoch  91|time: 0.09s|train_loss 0.00012594|val_loss 0.00013475
Epoch  92|time: 0.09s|train_loss 0.00012760|val_loss 0.00014657
Epoch  93|time: 0.09s|train_loss 0.00013045|val_loss 0.00013555
Epoch  94|time: 0.09s|train_loss 0.00014741|val_loss 0.00014240
Epoch  95|time: 0.09s|train_loss 0.00013045|val_loss 0.00013847
Epoch  96|time: 0.09s|train_loss 0.00012447|val_loss 0.00013775
Epoch  97|time: 0.09s|train_loss 0.00012671|val_loss 0.00013692
Epoch  98|time: 0.09s|train_loss 0.00012787|val_loss 0.00013439
Epoch  99|time: 0.09s|train_loss 0.00012146|val_loss 0.00013335
Epoch 100|time: 0.09s|train_loss 0.00013946|val_loss 0.00013255
Epoch 101|time: 0.09s|train_loss 0.00012818|val_loss 0.00013592
Epoch 102|time: 0.09s|train_loss 0.00012881|val_loss 0.00013640
Epoch 103|time: 0.09s|train_loss 0.00013312|val_loss 0.00013894
Epoch 104|time: 0.09s|train_loss 0.00012008|val_loss 0.00013239
Best validation epoch: 104 Sat May 13 00:48:13 2023
TEST MAE 0.1614 std 0.0428 RMSE 0.2448 RMSEs 0.2361 PCC 0.9661 PCCs 0.9505 R2 0.9327 R2s 0.8964 Var 0.9332 Vars 0.8997 Peak 0.0882
Epoch 105|time: 0.09s|train_loss 0.00012331|val_loss 0.00013310
Epoch 106|time: 0.09s|train_loss 0.00012914|val_loss 0.00013385
Epoch 107|time: 0.09s|train_loss 0.00011775|val_loss 0.00013657
Epoch 108|time: 0.09s|train_loss 0.00013207|val_loss 0.00013458
Epoch 109|time: 0.09s|train_loss 0.00013232|val_loss 0.00018363
Epoch 110|time: 0.09s|train_loss 0.00013732|val_loss 0.00013432
Epoch 111|time: 0.09s|train_loss 0.00012726|val_loss 0.00013561
Epoch 112|time: 0.09s|train_loss 0.00012945|val_loss 0.00013968
Epoch 113|time: 0.09s|train_loss 0.00012218|val_loss 0.00013168
Best validation epoch: 113 Sat May 13 00:48:14 2023
TEST MAE 0.1605 std 0.0439 RMSE 0.2435 RMSEs 0.2343 PCC 0.9662 PCCs 0.9504 R2 0.9334 R2s 0.8986 Var 0.9335 Vars 0.8999 Peak 0.0903
Epoch 114|time: 0.09s|train_loss 0.00012128|val_loss 0.00013452
Epoch 115|time: 0.09s|train_loss 0.00012493|val_loss 0.00014947
Epoch 116|time: 0.09s|train_loss 0.00012562|val_loss 0.00013955
Epoch 117|time: 0.09s|train_loss 0.00013749|val_loss 0.00013656
Epoch 118|time: 0.09s|train_loss 0.00014461|val_loss 0.00015433
Epoch 119|time: 0.09s|train_loss 0.00013520|val_loss 0.00013906
Epoch 120|time: 0.09s|train_loss 0.00012320|val_loss 0.00015421
Epoch 121|time: 0.09s|train_loss 0.00012256|val_loss 0.00014047
Epoch 122|time: 0.09s|train_loss 0.00012484|val_loss 0.00013357
Epoch 123|time: 0.09s|train_loss 0.00011869|val_loss 0.00013470
Epoch 124|time: 0.09s|train_loss 0.00014230|val_loss 0.00018279
Epoch 125|time: 0.09s|train_loss 0.00015787|val_loss 0.00014795
Epoch 126|time: 0.09s|train_loss 0.00013106|val_loss 0.00014447
Epoch 127|time: 0.09s|train_loss 0.00013675|val_loss 0.00013270
Epoch 128|time: 0.09s|train_loss 0.00014299|val_loss 0.00013247
Epoch 129|time: 0.09s|train_loss 0.00012240|val_loss 0.00013706
Epoch 130|time: 0.09s|train_loss 0.00013783|val_loss 0.00013174
Epoch 131|time: 0.09s|train_loss 0.00012635|val_loss 0.00013486
Epoch 132|time: 0.09s|train_loss 0.00012295|val_loss 0.00013426
Epoch 133|time: 0.09s|train_loss 0.00011992|val_loss 0.00013901
Epoch 134|time: 0.09s|train_loss 0.00013490|val_loss 0.00018960
Epoch 135|time: 0.09s|train_loss 0.00014079|val_loss 0.00020170
Epoch 136|time: 0.09s|train_loss 0.00015269|val_loss 0.00013870
Epoch 137|time: 0.09s|train_loss 0.00012346|val_loss 0.00013312
Epoch 138|time: 0.09s|train_loss 0.00012173|val_loss 0.00015564
Epoch 139|time: 0.09s|train_loss 0.00013818|val_loss 0.00017601
Epoch 140|time: 0.09s|train_loss 0.00014683|val_loss 0.00013299
Epoch 141|time: 0.09s|train_loss 0.00013486|val_loss 0.00013873
Epoch 142|time: 0.09s|train_loss 0.00012503|val_loss 0.00013163
Best validation epoch: 142 Sat May 13 00:48:17 2023
TEST MAE 0.1604 std 0.0435 RMSE 0.2446 RMSEs 0.2358 PCC 0.9663 PCCs 0.9509 R2 0.9328 R2s 0.8969 Var 0.9329 Vars 0.8985 Peak 0.0893
Epoch 143|time: 0.09s|train_loss 0.00012548|val_loss 0.00013607
Epoch 144|time: 0.09s|train_loss 0.00012327|val_loss 0.00013446
Epoch 145|time: 0.09s|train_loss 0.00013023|val_loss 0.00014511
Epoch 146|time: 0.09s|train_loss 0.00012727|val_loss 0.00014105
Epoch 147|time: 0.09s|train_loss 0.00013215|val_loss 0.00013564
Epoch 148|time: 0.09s|train_loss 0.00012298|val_loss 0.00014582
Epoch 149|time: 0.09s|train_loss 0.00012276|val_loss 0.00013263
Epoch 150|time: 0.09s|train_loss 0.00012736|val_loss 0.00013701
Epoch 151|time: 0.09s|train_loss 0.00012366|val_loss 0.00013090
Best validation epoch: 151 Sat May 13 00:48:18 2023
TEST MAE 0.1606 std 0.0425 RMSE 0.2433 RMSEs 0.2346 PCC 0.9664 PCCs 0.9504 R2 0.9335 R2s 0.8981 Var 0.9338 Vars 0.9002 Peak 0.0899
Epoch 152|time: 0.09s|train_loss 0.00013226|val_loss 0.00013605
Epoch 153|time: 0.09s|train_loss 0.00012754|val_loss 0.00013218
Epoch 154|time: 0.09s|train_loss 0.00012400|val_loss 0.00013447
Epoch 155|time: 0.09s|train_loss 0.00012273|val_loss 0.00013930
Epoch 156|time: 0.09s|train_loss 0.00012131|val_loss 0.00014623
Epoch 157|time: 0.09s|train_loss 0.00012902|val_loss 0.00013061
Best validation epoch: 157 Sat May 13 00:48:18 2023
TEST MAE 0.1609 std 0.0424 RMSE 0.2443 RMSEs 0.2358 PCC 0.9664 PCCs 0.9509 R2 0.9329 R2s 0.8967 Var 0.9332 Vars 0.8988 Peak 0.0879
Epoch 158|time: 0.09s|train_loss 0.00012698|val_loss 0.00013537
Epoch 159|time: 0.09s|train_loss 0.00012755|val_loss 0.00013547
Epoch 160|time: 0.09s|train_loss 0.00013342|val_loss 0.00014093
Epoch 161|time: 0.09s|train_loss 0.00012390|val_loss 0.00013137
Epoch 162|time: 0.09s|train_loss 0.00011926|val_loss 0.00013492
Epoch 163|time: 0.09s|train_loss 0.00011823|val_loss 0.00013203
Epoch 164|time: 0.09s|train_loss 0.00012139|val_loss 0.00013297
Epoch 165|time: 0.09s|train_loss 0.00012635|val_loss 0.00013215
Epoch 166|time: 0.09s|train_loss 0.00012996|val_loss 0.00013231
Epoch 167|time: 0.09s|train_loss 0.00012028|val_loss 0.00013441
Epoch 168|time: 0.09s|train_loss 0.00011849|val_loss 0.00013114
Epoch 169|time: 0.09s|train_loss 0.00012010|val_loss 0.00013010
Best validation epoch: 169 Sat May 13 00:48:19 2023
TEST MAE 0.1591 std 0.0435 RMSE 0.2427 RMSEs 0.2336 PCC 0.9666 PCCs 0.9516 R2 0.9338 R2s 0.8993 Var 0.9338 Vars 0.9008 Peak 0.0890
Epoch 170|time: 0.09s|train_loss 0.00012338|val_loss 0.00013146
Epoch 171|time: 0.09s|train_loss 0.00012345|val_loss 0.00015935
Epoch 172|time: 0.09s|train_loss 0.00014082|val_loss 0.00014852
Epoch 173|time: 0.09s|train_loss 0.00014210|val_loss 0.00016518
Epoch 174|time: 0.09s|train_loss 0.00013417|val_loss 0.00014385
Epoch 175|time: 0.09s|train_loss 0.00015290|val_loss 0.00014345
Epoch 176|time: 0.09s|train_loss 0.00014137|val_loss 0.00018702
Epoch 177|time: 0.09s|train_loss 0.00014309|val_loss 0.00013767
Epoch 178|time: 0.09s|train_loss 0.00012480|val_loss 0.00013786
Epoch 179|time: 0.09s|train_loss 0.00013872|val_loss 0.00017005
Epoch 180|time: 0.09s|train_loss 0.00014397|val_loss 0.00020219
Epoch 181|time: 0.09s|train_loss 0.00015813|val_loss 0.00018124
Epoch 182|time: 0.09s|train_loss 0.00015293|val_loss 0.00013644
Epoch 183|time: 0.09s|train_loss 0.00016717|val_loss 0.00013904
Epoch 184|time: 0.09s|train_loss 0.00012919|val_loss 0.00015692
Epoch 185|time: 0.09s|train_loss 0.00014308|val_loss 0.00016730
Epoch 186|time: 0.09s|train_loss 0.00013010|val_loss 0.00014575
Epoch 187|time: 0.09s|train_loss 0.00012466|val_loss 0.00014089
Epoch 188|time: 0.09s|train_loss 0.00012975|val_loss 0.00013530
Epoch 189|time: 0.09s|train_loss 0.00014008|val_loss 0.00014362
Epoch 190|time: 0.09s|train_loss 0.00012635|val_loss 0.00013357
Epoch 191|time: 0.09s|train_loss 0.00015792|val_loss 0.00018980
Epoch 192|time: 0.09s|train_loss 0.00013919|val_loss 0.00014759
Epoch 193|time: 0.09s|train_loss 0.00012590|val_loss 0.00013568
Epoch 194|time: 0.09s|train_loss 0.00011943|val_loss 0.00013572
Epoch 195|time: 0.09s|train_loss 0.00012669|val_loss 0.00013482
Epoch 196|time: 0.09s|train_loss 0.00013189|val_loss 0.00014306
Epoch 197|time: 0.09s|train_loss 0.00012447|val_loss 0.00013683
Epoch 198|time: 0.09s|train_loss 0.00012707|val_loss 0.00013366
Epoch 199|time: 0.09s|train_loss 0.00012480|val_loss 0.00014204
Epoch 200|time: 0.09s|train_loss 0.00013032|val_loss 0.00013973
Epoch 201|time: 0.09s|train_loss 0.00014845|val_loss 0.00013327
Epoch 202|time: 0.09s|train_loss 0.00012440|val_loss 0.00013821
Epoch 203|time: 0.09s|train_loss 0.00013357|val_loss 0.00013658
Epoch 204|time: 0.09s|train_loss 0.00012655|val_loss 0.00014123
Epoch 205|time: 0.09s|train_loss 0.00012998|val_loss 0.00013889
Epoch 206|time: 0.09s|train_loss 0.00012979|val_loss 0.00013604
Epoch 207|time: 0.09s|train_loss 0.00013173|val_loss 0.00013563
Epoch 208|time: 0.09s|train_loss 0.00012216|val_loss 0.00013199
Epoch 209|time: 0.09s|train_loss 0.00012147|val_loss 0.00019177
Epoch 210|time: 0.09s|train_loss 0.00015448|val_loss 0.00014496
Epoch 211|time: 0.09s|train_loss 0.00012879|val_loss 0.00013676
Epoch 212|time: 0.09s|train_loss 0.00014004|val_loss 0.00013314
Epoch 213|time: 0.09s|train_loss 0.00012749|val_loss 0.00013281
Epoch 214|time: 0.09s|train_loss 0.00012523|val_loss 0.00014735
Epoch 215|time: 0.09s|train_loss 0.00013228|val_loss 0.00013369
Epoch 216|time: 0.09s|train_loss 0.00014775|val_loss 0.00013219
Epoch 217|time: 0.09s|train_loss 0.00012612|val_loss 0.00013587
Epoch 218|time: 0.09s|train_loss 0.00012379|val_loss 0.00013871
Epoch 219|time: 0.09s|train_loss 0.00014047|val_loss 0.00013403
Epoch 220|time: 0.09s|train_loss 0.00013003|val_loss 0.00014013
Epoch 221|time: 0.09s|train_loss 0.00013272|val_loss 0.00013383
Epoch 222|time: 0.09s|train_loss 0.00012721|val_loss 0.00013287
Epoch 223|time: 0.09s|train_loss 0.00012329|val_loss 0.00013101
Epoch 224|time: 0.09s|train_loss 0.00011841|val_loss 0.00013239
Epoch 225|time: 0.09s|train_loss 0.00014163|val_loss 0.00013157
Epoch 226|time: 0.09s|train_loss 0.00012208|val_loss 0.00012993
Best validation epoch: 226 Sat May 13 00:48:24 2023
TEST MAE 0.1671 std 0.0449 RMSE 0.2537 RMSEs 0.2453 PCC 0.9652 PCCs 0.9499 R2 0.9277 R2s 0.8875 Var 0.9293 Vars 0.8928 Peak 0.0901
Epoch 227|time: 0.09s|train_loss 0.00011839|val_loss 0.00013258
Epoch 228|time: 0.09s|train_loss 0.00012588|val_loss 0.00014012
Epoch 229|time: 0.09s|train_loss 0.00013149|val_loss 0.00013297
Epoch 230|time: 0.09s|train_loss 0.00013236|val_loss 0.00014028
Epoch 231|time: 0.09s|train_loss 0.00011984|val_loss 0.00013543
Epoch 232|time: 0.09s|train_loss 0.00012223|val_loss 0.00013459
Epoch 233|time: 0.09s|train_loss 0.00012789|val_loss 0.00014841
Epoch 234|time: 0.09s|train_loss 0.00013761|val_loss 0.00013423
Epoch 235|time: 0.09s|train_loss 0.00012964|val_loss 0.00013519
Epoch 236|time: 0.09s|train_loss 0.00012291|val_loss 0.00013182
Epoch 237|time: 0.09s|train_loss 0.00012424|val_loss 0.00013263
Epoch 238|time: 0.09s|train_loss 0.00012732|val_loss 0.00013513
Epoch 239|time: 0.09s|train_loss 0.00013407|val_loss 0.00013353
Epoch 240|time: 0.09s|train_loss 0.00012522|val_loss 0.00013476
Epoch 241|time: 0.09s|train_loss 0.00012142|val_loss 0.00013179
Epoch 242|time: 0.09s|train_loss 0.00012795|val_loss 0.00016226
Epoch 243|time: 0.09s|train_loss 0.00013715|val_loss 0.00017841
Epoch 244|time: 0.09s|train_loss 0.00014292|val_loss 0.00017409
Epoch 245|time: 0.09s|train_loss 0.00014786|val_loss 0.00015173
Epoch 246|time: 0.09s|train_loss 0.00013614|val_loss 0.00013392
Epoch 247|time: 0.09s|train_loss 0.00012493|val_loss 0.00013772
Epoch 248|time: 0.09s|train_loss 0.00012183|val_loss 0.00013662
Epoch 249|time: 0.09s|train_loss 0.00012163|val_loss 0.00014349
Epoch 250|time: 0.09s|train_loss 0.00013606|val_loss 0.00014646
Epoch 251|time: 0.09s|train_loss 0.00012528|val_loss 0.00015152
Epoch 252|time: 0.09s|train_loss 0.00013548|val_loss 0.00013403
Epoch 253|time: 0.09s|train_loss 0.00012681|val_loss 0.00013060
Epoch 254|time: 0.09s|train_loss 0.00013896|val_loss 0.00014541
Epoch 255|time: 0.09s|train_loss 0.00012480|val_loss 0.00014165
Epoch 256|time: 0.09s|train_loss 0.00013884|val_loss 0.00013536
Epoch 257|time: 0.09s|train_loss 0.00012797|val_loss 0.00018734
Epoch 258|time: 0.09s|train_loss 0.00014043|val_loss 0.00016437
Epoch 259|time: 0.09s|train_loss 0.00015010|val_loss 0.00013252
Epoch 260|time: 0.09s|train_loss 0.00013879|val_loss 0.00015244
Epoch 261|time: 0.09s|train_loss 0.00013689|val_loss 0.00014758
Epoch 262|time: 0.09s|train_loss 0.00012952|val_loss 0.00013569
Epoch 263|time: 0.09s|train_loss 0.00012936|val_loss 0.00013227
Epoch 264|time: 0.09s|train_loss 0.00012208|val_loss 0.00013476
Epoch 265|time: 0.09s|train_loss 0.00011734|val_loss 0.00013506
Epoch 266|time: 0.09s|train_loss 0.00013046|val_loss 0.00014664
Epoch 267|time: 0.09s|train_loss 0.00012743|val_loss 0.00013228
Epoch 268|time: 0.09s|train_loss 0.00012169|val_loss 0.00013314
Epoch 269|time: 0.09s|train_loss 0.00011910|val_loss 0.00015365
Epoch 270|time: 0.09s|train_loss 0.00012728|val_loss 0.00013214
Epoch 271|time: 0.09s|train_loss 0.00012029|val_loss 0.00013231
Epoch 272|time: 0.09s|train_loss 0.00011639|val_loss 0.00014324
Epoch 273|time: 0.09s|train_loss 0.00012907|val_loss 0.00016019
Epoch 274|time: 0.09s|train_loss 0.00012463|val_loss 0.00013198
Epoch 275|time: 0.09s|train_loss 0.00012670|val_loss 0.00013377
Epoch 276|time: 0.09s|train_loss 0.00012138|val_loss 0.00013719
Epoch 277|time: 0.09s|train_loss 0.00011772|val_loss 0.00013180
Epoch 278|time: 0.09s|train_loss 0.00011947|val_loss 0.00013779
Epoch 279|time: 0.09s|train_loss 0.00011736|val_loss 0.00013530
Epoch 280|time: 0.09s|train_loss 0.00012544|val_loss 0.00014547
Epoch 281|time: 0.09s|train_loss 0.00012332|val_loss 0.00013747
Epoch 282|time: 0.09s|train_loss 0.00012171|val_loss 0.00013617
Epoch 283|time: 0.09s|train_loss 0.00012153|val_loss 0.00013165
Epoch 284|time: 0.09s|train_loss 0.00014000|val_loss 0.00014970
Epoch 285|time: 0.09s|train_loss 0.00012120|val_loss 0.00016139
Epoch 286|time: 0.09s|train_loss 0.00013517|val_loss 0.00015307
Epoch 287|time: 0.09s|train_loss 0.00012957|val_loss 0.00014644
Epoch 288|time: 0.09s|train_loss 0.00013766|val_loss 0.00013676
Epoch 289|time: 0.09s|train_loss 0.00012231|val_loss 0.00013060
Epoch 290|time: 0.09s|train_loss 0.00012081|val_loss 0.00014000
Epoch 291|time: 0.09s|train_loss 0.00012068|val_loss 0.00013451
Epoch 292|time: 0.09s|train_loss 0.00012066|val_loss 0.00013752
Epoch 293|time: 0.09s|train_loss 0.00012134|val_loss 0.00017402
Epoch 294|time: 0.09s|train_loss 0.00013262|val_loss 0.00015636
Epoch 295|time: 0.09s|train_loss 0.00012988|val_loss 0.00013472
Epoch 296|time: 0.09s|train_loss 0.00011582|val_loss 0.00013027
Epoch 297|time: 0.09s|train_loss 0.00011879|val_loss 0.00014179
Epoch 298|time: 0.09s|train_loss 0.00011748|val_loss 0.00014796
Epoch 299|time: 0.09s|train_loss 0.00012872|val_loss 0.00016056
Epoch 300|time: 0.09s|train_loss 0.00013320|val_loss 0.00014579
Epoch 301|time: 0.09s|train_loss 0.00013646|val_loss 0.00016029
Epoch 302|time: 0.09s|train_loss 0.00014438|val_loss 0.00013950
Epoch 303|time: 0.09s|train_loss 0.00012778|val_loss 0.00013932
Epoch 304|time: 0.09s|train_loss 0.00013362|val_loss 0.00014161
Epoch 305|time: 0.09s|train_loss 0.00014310|val_loss 0.00013599
Epoch 306|time: 0.09s|train_loss 0.00012626|val_loss 0.00014681
Epoch 307|time: 0.09s|train_loss 0.00013251|val_loss 0.00015195
Epoch 308|time: 0.09s|train_loss 0.00014300|val_loss 0.00014381
Epoch 309|time: 0.09s|train_loss 0.00012689|val_loss 0.00013557
Epoch 310|time: 0.09s|train_loss 0.00014460|val_loss 0.00013741
Epoch 311|time: 0.09s|train_loss 0.00012114|val_loss 0.00014553
Epoch 312|time: 0.09s|train_loss 0.00013484|val_loss 0.00014941
Epoch 313|time: 0.09s|train_loss 0.00012534|val_loss 0.00014204
Epoch 314|time: 0.09s|train_loss 0.00012055|val_loss 0.00017600
Epoch 315|time: 0.09s|train_loss 0.00014952|val_loss 0.00013078
Epoch 316|time: 0.09s|train_loss 0.00012228|val_loss 0.00013818
Epoch 317|time: 0.09s|train_loss 0.00011993|val_loss 0.00014280
Epoch 318|time: 0.09s|train_loss 0.00012677|val_loss 0.00013048
Epoch 319|time: 0.09s|train_loss 0.00012276|val_loss 0.00013397
Epoch 320|time: 0.09s|train_loss 0.00012454|val_loss 0.00014581
Epoch 321|time: 0.09s|train_loss 0.00011802|val_loss 0.00014762
Epoch 322|time: 0.09s|train_loss 0.00013080|val_loss 0.00013479
Epoch 323|time: 0.09s|train_loss 0.00012623|val_loss 0.00013134
Epoch 324|time: 0.09s|train_loss 0.00013140|val_loss 0.00013340
Epoch 325|time: 0.09s|train_loss 0.00013130|val_loss 0.00013462
Epoch 326|time: 0.09s|train_loss 0.00012791|val_loss 0.00013626
Epoch 327|time: 0.09s|train_loss 0.00012115|val_loss 0.00013884
Epoch 328|time: 0.09s|train_loss 0.00012193|val_loss 0.00013437
Epoch 329|time: 0.09s|train_loss 0.00011685|val_loss 0.00013289
Epoch 330|time: 0.09s|train_loss 0.00011353|val_loss 0.00013037
Epoch 331|time: 0.09s|train_loss 0.00012672|val_loss 0.00015960
Epoch 332|time: 0.09s|train_loss 0.00012802|val_loss 0.00015978
Epoch 333|time: 0.09s|train_loss 0.00013283|val_loss 0.00017555
Epoch 334|time: 0.09s|train_loss 0.00014999|val_loss 0.00018385
Epoch 335|time: 0.09s|train_loss 0.00013638|val_loss 0.00016998
Epoch 336|time: 0.09s|train_loss 0.00012773|val_loss 0.00013552
Epoch 337|time: 0.09s|train_loss 0.00012281|val_loss 0.00014400
Epoch 338|time: 0.09s|train_loss 0.00012927|val_loss 0.00013160
Epoch 339|time: 0.09s|train_loss 0.00011429|val_loss 0.00013434
Epoch 340|time: 0.09s|train_loss 0.00013081|val_loss 0.00013199
Epoch 341|time: 0.09s|train_loss 0.00012066|val_loss 0.00013423
Epoch 342|time: 0.09s|train_loss 0.00012606|val_loss 0.00014759
Epoch 343|time: 0.09s|train_loss 0.00012320|val_loss 0.00013173
Epoch 344|time: 0.09s|train_loss 0.00011963|val_loss 0.00013450
Epoch 345|time: 0.09s|train_loss 0.00011533|val_loss 0.00014058
Epoch 346|time: 0.09s|train_loss 0.00011913|val_loss 0.00013912
Epoch 347|time: 0.09s|train_loss 0.00012300|val_loss 0.00016113
Epoch 348|time: 0.09s|train_loss 0.00013672|val_loss 0.00017293
Epoch 349|time: 0.09s|train_loss 0.00012960|val_loss 0.00014108
Epoch 350|time: 0.09s|train_loss 0.00013161|val_loss 0.00013829
Epoch 351|time: 0.09s|train_loss 0.00012508|val_loss 0.00014785
Epoch 352|time: 0.09s|train_loss 0.00012648|val_loss 0.00014233
Epoch 353|time: 0.09s|train_loss 0.00011772|val_loss 0.00013621
Epoch 354|time: 0.09s|train_loss 0.00011624|val_loss 0.00013327
Epoch 355|time: 0.09s|train_loss 0.00011759|val_loss 0.00012940
Best validation epoch: 355 Sat May 13 00:48:36 2023
TEST MAE 0.1621 std 0.0461 RMSE 0.2505 RMSEs 0.2409 PCC 0.9648 PCCs 0.9498 R2 0.9295 R2s 0.8933 Var 0.9296 Vars 0.8948 Peak 0.0924
Epoch 356|time: 0.09s|train_loss 0.00011456|val_loss 0.00013237
Epoch 357|time: 0.09s|train_loss 0.00011473|val_loss 0.00014168
Epoch 358|time: 0.09s|train_loss 0.00012727|val_loss 0.00014383
Epoch 359|time: 0.09s|train_loss 0.00012579|val_loss 0.00013493
Epoch 360|time: 0.09s|train_loss 0.00012644|val_loss 0.00015012
Epoch 361|time: 0.09s|train_loss 0.00012577|val_loss 0.00013366
Epoch 362|time: 0.09s|train_loss 0.00012548|val_loss 0.00012997
Epoch 363|time: 0.09s|train_loss 0.00012224|val_loss 0.00014367
Epoch 364|time: 0.09s|train_loss 0.00012013|val_loss 0.00014867
Epoch 365|time: 0.09s|train_loss 0.00014409|val_loss 0.00016214
Epoch 366|time: 0.09s|train_loss 0.00013110|val_loss 0.00015464
Epoch 367|time: 0.09s|train_loss 0.00013222|val_loss 0.00014511
Epoch 368|time: 0.09s|train_loss 0.00012535|val_loss 0.00013429
Epoch 369|time: 0.09s|train_loss 0.00011891|val_loss 0.00013568
Epoch 370|time: 0.09s|train_loss 0.00011813|val_loss 0.00012989
Epoch 371|time: 0.09s|train_loss 0.00011550|val_loss 0.00013326
Epoch 372|time: 0.09s|train_loss 0.00012507|val_loss 0.00013419
Epoch 373|time: 0.09s|train_loss 0.00011230|val_loss 0.00013302
Epoch 374|time: 0.09s|train_loss 0.00012366|val_loss 0.00014251
Epoch 375|time: 0.09s|train_loss 0.00012031|val_loss 0.00012885
Best validation epoch: 375 Sat May 13 00:48:38 2023
TEST MAE 0.1637 std 0.0471 RMSE 0.2539 RMSEs 0.2437 PCC 0.9652 PCCs 0.9516 R2 0.9276 R2s 0.8905 Var 0.9286 Vars 0.8941 Peak 0.0928
Epoch 376|time: 0.09s|train_loss 0.00011500|val_loss 0.00012908
Epoch 377|time: 0.09s|train_loss 0.00011505|val_loss 0.00014017
Epoch 378|time: 0.09s|train_loss 0.00012050|val_loss 0.00013691
Epoch 379|time: 0.09s|train_loss 0.00013186|val_loss 0.00017727
Epoch 380|time: 0.09s|train_loss 0.00014808|val_loss 0.00015714
Epoch 381|time: 0.09s|train_loss 0.00013008|val_loss 0.00015315
Epoch 382|time: 0.09s|train_loss 0.00013082|val_loss 0.00013506
Epoch 383|time: 0.09s|train_loss 0.00011804|val_loss 0.00012995
Epoch 384|time: 0.09s|train_loss 0.00011491|val_loss 0.00012875
Best validation epoch: 384 Sat May 13 00:48:39 2023
TEST MAE 0.1685 std 0.0494 RMSE 0.2660 RMSEs 0.2552 PCC 0.9618 PCCs 0.9486 R2 0.9205 R2s 0.8797 Var 0.9210 Vars 0.8831 Peak 0.0989
Epoch 385|time: 0.09s|train_loss 0.00012008|val_loss 0.00013428
Epoch 386|time: 0.09s|train_loss 0.00012110|val_loss 0.00013396
Epoch 387|time: 0.09s|train_loss 0.00011834|val_loss 0.00012945
Epoch 388|time: 0.09s|train_loss 0.00012194|val_loss 0.00013332
Epoch 389|time: 0.09s|train_loss 0.00012716|val_loss 0.00014865
Epoch 390|time: 0.09s|train_loss 0.00011815|val_loss 0.00013597
Epoch 391|time: 0.09s|train_loss 0.00011625|val_loss 0.00013547
Epoch 392|time: 0.09s|train_loss 0.00011859|val_loss 0.00013860
Epoch 393|time: 0.09s|train_loss 0.00012072|val_loss 0.00013707
Epoch 394|time: 0.09s|train_loss 0.00012315|val_loss 0.00014863
Epoch 395|time: 0.09s|train_loss 0.00012438|val_loss 0.00013209
Epoch 396|time: 0.09s|train_loss 0.00012189|val_loss 0.00013312
Epoch 397|time: 0.09s|train_loss 0.00012936|val_loss 0.00014179
Epoch 398|time: 0.09s|train_loss 0.00011469|val_loss 0.00012955
Epoch 399|time: 0.09s|train_loss 0.00011942|val_loss 0.00013503
Epoch 400|time: 0.09s|train_loss 0.00012281|val_loss 0.00013138
Epoch 401|time: 0.09s|train_loss 0.00011092|val_loss 0.00013919
Epoch 402|time: 0.09s|train_loss 0.00011608|val_loss 0.00013683
Epoch 403|time: 0.09s|train_loss 0.00011760|val_loss 0.00013575
Epoch 404|time: 0.09s|train_loss 0.00011280|val_loss 0.00012732
Best validation epoch: 404 Sat May 13 00:48:40 2023
TEST MAE 0.1647 std 0.0459 RMSE 0.2556 RMSEs 0.2459 PCC 0.9658 PCCs 0.9512 R2 0.9266 R2s 0.8870 Var 0.9290 Vars 0.8934 Peak 0.0921
Epoch 405|time: 0.09s|train_loss 0.00011508|val_loss 0.00012943
Epoch 406|time: 0.09s|train_loss 0.00015341|val_loss 0.00019648
Epoch 407|time: 0.09s|train_loss 0.00017645|val_loss 0.00022322
Epoch 408|time: 0.09s|train_loss 0.00016684|val_loss 0.00015591
Epoch 409|time: 0.09s|train_loss 0.00014497|val_loss 0.00014612
Epoch 410|time: 0.09s|train_loss 0.00014006|val_loss 0.00014029
Epoch 411|time: 0.09s|train_loss 0.00014877|val_loss 0.00013665
Epoch 412|time: 0.09s|train_loss 0.00012447|val_loss 0.00013742
Epoch 413|time: 0.09s|train_loss 0.00012655|val_loss 0.00013619
Epoch 414|time: 0.09s|train_loss 0.00013519|val_loss 0.00015084
Epoch 415|time: 0.09s|train_loss 0.00012714|val_loss 0.00013788
Epoch 416|time: 0.09s|train_loss 0.00014397|val_loss 0.00013766
Epoch 417|time: 0.09s|train_loss 0.00012222|val_loss 0.00013180
Epoch 418|time: 0.09s|train_loss 0.00011935|val_loss 0.00013011
Epoch 419|time: 0.09s|train_loss 0.00011269|val_loss 0.00013212
Epoch 420|time: 0.09s|train_loss 0.00011492|val_loss 0.00013643
Epoch 421|time: 0.09s|train_loss 0.00011526|val_loss 0.00014455
Epoch 422|time: 0.09s|train_loss 0.00012130|val_loss 0.00014097
Epoch 423|time: 0.09s|train_loss 0.00011964|val_loss 0.00013168
Epoch 424|time: 0.09s|train_loss 0.00012345|val_loss 0.00013148
Epoch 425|time: 0.09s|train_loss 0.00011957|val_loss 0.00013281
Epoch 426|time: 0.09s|train_loss 0.00011591|val_loss 0.00013080
Epoch 427|time: 0.09s|train_loss 0.00011466|val_loss 0.00013534
Epoch 428|time: 0.09s|train_loss 0.00012821|val_loss 0.00013959
Epoch 429|time: 0.09s|train_loss 0.00012119|val_loss 0.00013559
Epoch 430|time: 0.09s|train_loss 0.00012079|val_loss 0.00012819
Epoch 431|time: 0.09s|train_loss 0.00011619|val_loss 0.00013012
Epoch 432|time: 0.09s|train_loss 0.00011794|val_loss 0.00013657
Epoch 433|time: 0.09s|train_loss 0.00012580|val_loss 0.00013202
Epoch 434|time: 0.09s|train_loss 0.00012142|val_loss 0.00013768
Epoch 435|time: 0.09s|train_loss 0.00012622|val_loss 0.00013789
Epoch 436|time: 0.09s|train_loss 0.00012620|val_loss 0.00013032
Epoch 437|time: 0.09s|train_loss 0.00011489|val_loss 0.00012854
Epoch 438|time: 0.09s|train_loss 0.00011270|val_loss 0.00013591
Epoch 439|time: 0.09s|train_loss 0.00011743|val_loss 0.00013312
Epoch 440|time: 0.09s|train_loss 0.00011935|val_loss 0.00012978
Epoch 441|time: 0.09s|train_loss 0.00011910|val_loss 0.00013374
Epoch 442|time: 0.09s|train_loss 0.00012787|val_loss 0.00018907
Epoch 443|time: 0.09s|train_loss 0.00014193|val_loss 0.00015394
Epoch 444|time: 0.09s|train_loss 0.00012547|val_loss 0.00015008
Epoch 445|time: 0.09s|train_loss 0.00011744|val_loss 0.00013177
Epoch 446|time: 0.09s|train_loss 0.00011882|val_loss 0.00013049
Epoch 447|time: 0.09s|train_loss 0.00012127|val_loss 0.00013702
Epoch 448|time: 0.09s|train_loss 0.00011783|val_loss 0.00013142
Epoch 449|time: 0.09s|train_loss 0.00011834|val_loss 0.00013715
Epoch 450|time: 0.09s|train_loss 0.00011218|val_loss 0.00012675
Best validation epoch: 450 Sat May 13 00:48:45 2023
TEST MAE 0.1866 std 0.0546 RMSE 0.2969 RMSEs 0.2845 PCC 0.9624 PCCs 0.9515 R2 0.9010 R2s 0.8472 Var 0.9078 Vars 0.8623 Peak 0.1120
Epoch 451|time: 0.09s|train_loss 0.00012319|val_loss 0.00014209
Epoch 452|time: 0.09s|train_loss 0.00012347|val_loss 0.00013232
Epoch 453|time: 0.09s|train_loss 0.00011216|val_loss 0.00013282
Epoch 454|time: 0.09s|train_loss 0.00011020|val_loss 0.00012978
Epoch 455|time: 0.09s|train_loss 0.00010721|val_loss 0.00013205
Epoch 456|time: 0.09s|train_loss 0.00011642|val_loss 0.00013162
Epoch 457|time: 0.09s|train_loss 0.00012226|val_loss 0.00013074
Epoch 458|time: 0.09s|train_loss 0.00011993|val_loss 0.00013457
Epoch 459|time: 0.09s|train_loss 0.00011397|val_loss 0.00013023
Epoch 460|time: 0.09s|train_loss 0.00011174|val_loss 0.00012945
Epoch 461|time: 0.09s|train_loss 0.00011329|val_loss 0.00013364
Epoch 462|time: 0.09s|train_loss 0.00010771|val_loss 0.00013155
Epoch 463|time: 0.09s|train_loss 0.00011126|val_loss 0.00013122
Epoch 464|time: 0.09s|train_loss 0.00011244|val_loss 0.00013316
Epoch 465|time: 0.09s|train_loss 0.00011833|val_loss 0.00013262
Epoch 466|time: 0.09s|train_loss 0.00011557|val_loss 0.00013318
Epoch 467|time: 0.09s|train_loss 0.00011415|val_loss 0.00013655
Epoch 468|time: 0.09s|train_loss 0.00012568|val_loss 0.00012981
Epoch 469|time: 0.09s|train_loss 0.00012128|val_loss 0.00013185
Epoch 470|time: 0.09s|train_loss 0.00011956|val_loss 0.00013434
Epoch 471|time: 0.09s|train_loss 0.00011609|val_loss 0.00013309
Epoch 472|time: 0.09s|train_loss 0.00011719|val_loss 0.00012640
Best validation epoch: 472 Sat May 13 00:48:47 2023
TEST MAE 0.1669 std 0.0465 RMSE 0.2633 RMSEs 0.2523 PCC 0.9645 PCCs 0.9517 R2 0.9221 R2s 0.8819 Var 0.9249 Vars 0.8893 Peak 0.0951
Epoch 473|time: 0.09s|train_loss 0.00011563|val_loss 0.00013080
Epoch 474|time: 0.09s|train_loss 0.00011649|val_loss 0.00014058
Epoch 475|time: 0.09s|train_loss 0.00012035|val_loss 0.00012727
Epoch 476|time: 0.09s|train_loss 0.00011328|val_loss 0.00013298
Epoch 477|time: 0.09s|train_loss 0.00011118|val_loss 0.00013006
Epoch 478|time: 0.09s|train_loss 0.00010848|val_loss 0.00012968
Epoch 479|time: 0.09s|train_loss 0.00013620|val_loss 0.00013167
Epoch 480|time: 0.09s|train_loss 0.00011151|val_loss 0.00012907
Epoch 481|time: 0.09s|train_loss 0.00012526|val_loss 0.00014824
Epoch 482|time: 0.09s|train_loss 0.00013437|val_loss 0.00017042
Epoch 483|time: 0.09s|train_loss 0.00014086|val_loss 0.00015591
Epoch 484|time: 0.09s|train_loss 0.00012531|val_loss 0.00013335
Epoch 485|time: 0.09s|train_loss 0.00013379|val_loss 0.00015358
Epoch 486|time: 0.09s|train_loss 0.00013688|val_loss 0.00016287
Epoch 487|time: 0.09s|train_loss 0.00013793|val_loss 0.00013895
Epoch 488|time: 0.09s|train_loss 0.00013359|val_loss 0.00013207
Epoch 489|time: 0.09s|train_loss 0.00013070|val_loss 0.00013811
Epoch 490|time: 0.09s|train_loss 0.00012506|val_loss 0.00012916
Epoch 491|time: 0.09s|train_loss 0.00012100|val_loss 0.00013594
Epoch 492|time: 0.09s|train_loss 0.00011690|val_loss 0.00013446
Epoch 493|time: 0.09s|train_loss 0.00011523|val_loss 0.00013542
Epoch 494|time: 0.09s|train_loss 0.00011647|val_loss 0.00013376
Epoch 495|time: 0.09s|train_loss 0.00012445|val_loss 0.00013427
Epoch 496|time: 0.09s|train_loss 0.00012292|val_loss 0.00012993
Epoch 497|time: 0.09s|train_loss 0.00012061|val_loss 0.00013284
Epoch 498|time: 0.09s|train_loss 0.00011556|val_loss 0.00013588
Epoch 499|time: 0.09s|train_loss 0.00011717|val_loss 0.00015120
Epoch 500|time: 0.09s|train_loss 0.00011867|val_loss 0.00013214
Epoch 501|time: 0.09s|train_loss 0.00011891|val_loss 0.00013629
Epoch 502|time: 0.09s|train_loss 0.00011655|val_loss 0.00013412
Epoch 503|time: 0.09s|train_loss 0.00011879|val_loss 0.00016092
Epoch 504|time: 0.09s|train_loss 0.00012753|val_loss 0.00014003
Epoch 505|time: 0.09s|train_loss 0.00012489|val_loss 0.00013403
Epoch 506|time: 0.09s|train_loss 0.00011515|val_loss 0.00012768
Epoch 507|time: 0.09s|train_loss 0.00011458|val_loss 0.00013414
Epoch 508|time: 0.09s|train_loss 0.00012506|val_loss 0.00013781
Epoch 509|time: 0.09s|train_loss 0.00014361|val_loss 0.00013939
Epoch 510|time: 0.09s|train_loss 0.00012847|val_loss 0.00013699
Epoch 511|time: 0.09s|train_loss 0.00012508|val_loss 0.00013983
Epoch 512|time: 0.09s|train_loss 0.00012529|val_loss 0.00013561
Epoch 513|time: 0.09s|train_loss 0.00011955|val_loss 0.00013157
Epoch 514|time: 0.09s|train_loss 0.00011335|val_loss 0.00013266
Epoch 515|time: 0.09s|train_loss 0.00011350|val_loss 0.00013025
Epoch 516|time: 0.09s|train_loss 0.00011313|val_loss 0.00014470
Epoch 517|time: 0.09s|train_loss 0.00011628|val_loss 0.00013165
Epoch 518|time: 0.09s|train_loss 0.00012186|val_loss 0.00012638
Best validation epoch: 518 Sat May 13 00:48:51 2023
TEST MAE 0.1821 std 0.0550 RMSE 0.2902 RMSEs 0.2777 PCC 0.9607 PCCs 0.9511 R2 0.9054 R2s 0.8548 Var 0.9091 Vars 0.8656 Peak 0.1101
Epoch 519|time: 0.09s|train_loss 0.00011584|val_loss 0.00014162
Epoch 520|time: 0.09s|train_loss 0.00012937|val_loss 0.00017381
Epoch 521|time: 0.09s|train_loss 0.00013990|val_loss 0.00017831
Epoch 522|time: 0.09s|train_loss 0.00013724|val_loss 0.00013263
Epoch 523|time: 0.09s|train_loss 0.00011130|val_loss 0.00013343
Epoch 524|time: 0.09s|train_loss 0.00011525|val_loss 0.00013203
Epoch 525|time: 0.09s|train_loss 0.00011417|val_loss 0.00013470
Epoch 526|time: 0.09s|train_loss 0.00011937|val_loss 0.00012685
Epoch 527|time: 0.09s|train_loss 0.00011559|val_loss 0.00013828
Epoch 528|time: 0.09s|train_loss 0.00012857|val_loss 0.00016598
Epoch 529|time: 0.09s|train_loss 0.00012484|val_loss 0.00013154
Epoch 530|time: 0.09s|train_loss 0.00012770|val_loss 0.00013090
Epoch 531|time: 0.09s|train_loss 0.00011012|val_loss 0.00012795
Epoch 532|time: 0.09s|train_loss 0.00011478|val_loss 0.00013135
Epoch 533|time: 0.09s|train_loss 0.00011131|val_loss 0.00012949
Epoch 534|time: 0.09s|train_loss 0.00011890|val_loss 0.00015011
Epoch 535|time: 0.09s|train_loss 0.00011479|val_loss 0.00012981
Epoch 536|time: 0.09s|train_loss 0.00010743|val_loss 0.00012731
Epoch 537|time: 0.09s|train_loss 0.00011764|val_loss 0.00013737
Epoch 538|time: 0.09s|train_loss 0.00012647|val_loss 0.00013978
Epoch 539|time: 0.09s|train_loss 0.00012265|val_loss 0.00013034
Epoch 540|time: 0.09s|train_loss 0.00013672|val_loss 0.00012781
Epoch 541|time: 0.09s|train_loss 0.00012990|val_loss 0.00013700
Epoch 542|time: 0.09s|train_loss 0.00013138|val_loss 0.00014943
Epoch 543|time: 0.09s|train_loss 0.00012907|val_loss 0.00016480
Epoch 544|time: 0.09s|train_loss 0.00012781|val_loss 0.00015095
Epoch 545|time: 0.09s|train_loss 0.00012286|val_loss 0.00013028
Epoch 546|time: 0.09s|train_loss 0.00010936|val_loss 0.00013305
Epoch 547|time: 0.09s|train_loss 0.00011054|val_loss 0.00013016
Epoch 548|time: 0.09s|train_loss 0.00011587|val_loss 0.00013534
Epoch 549|time: 0.09s|train_loss 0.00011171|val_loss 0.00013419
Epoch 550|time: 0.09s|train_loss 0.00011278|val_loss 0.00013002
Epoch 551|time: 0.09s|train_loss 0.00011259|val_loss 0.00013095
Epoch 552|time: 0.09s|train_loss 0.00011935|val_loss 0.00012941
Epoch 553|time: 0.09s|train_loss 0.00011745|val_loss 0.00015333
Epoch 554|time: 0.09s|train_loss 0.00012126|val_loss 0.00015641
Epoch 555|time: 0.09s|train_loss 0.00012534|val_loss 0.00014367
Epoch 556|time: 0.09s|train_loss 0.00011872|val_loss 0.00013866
Epoch 557|time: 0.09s|train_loss 0.00011739|val_loss 0.00013981
Epoch 558|time: 0.09s|train_loss 0.00012398|val_loss 0.00014949
Epoch 559|time: 0.09s|train_loss 0.00011632|val_loss 0.00013603
Epoch 560|time: 0.09s|train_loss 0.00011270|val_loss 0.00013797
Epoch 561|time: 0.09s|train_loss 0.00011619|val_loss 0.00013036
Epoch 562|time: 0.09s|train_loss 0.00011252|val_loss 0.00013799
Epoch 563|time: 0.09s|train_loss 0.00011500|val_loss 0.00012831
Epoch 564|time: 0.09s|train_loss 0.00011678|val_loss 0.00013460
Epoch 565|time: 0.09s|train_loss 0.00012363|val_loss 0.00013363
Epoch 566|time: 0.09s|train_loss 0.00012272|val_loss 0.00014603
Epoch 567|time: 0.09s|train_loss 0.00013950|val_loss 0.00015139
Epoch 568|time: 0.09s|train_loss 0.00012636|val_loss 0.00014773
Epoch 569|time: 0.09s|train_loss 0.00011210|val_loss 0.00014110
Epoch 570|time: 0.09s|train_loss 0.00012633|val_loss 0.00013450
Epoch 571|time: 0.09s|train_loss 0.00011667|val_loss 0.00013820
Epoch 572|time: 0.09s|train_loss 0.00011425|val_loss 0.00013508
Epoch 573|time: 0.09s|train_loss 0.00011737|val_loss 0.00013304
Epoch 574|time: 0.09s|train_loss 0.00012106|val_loss 0.00015715
Epoch 575|time: 0.09s|train_loss 0.00013004|val_loss 0.00016985
Epoch 576|time: 0.09s|train_loss 0.00013604|val_loss 0.00017397
Epoch 577|time: 0.09s|train_loss 0.00015243|val_loss 0.00015211
Epoch 578|time: 0.09s|train_loss 0.00012905|val_loss 0.00015044
Epoch 579|time: 0.09s|train_loss 0.00012668|val_loss 0.00013761
Epoch 580|time: 0.09s|train_loss 0.00011624|val_loss 0.00013003
Epoch 581|time: 0.09s|train_loss 0.00011607|val_loss 0.00013832
Epoch 582|time: 0.09s|train_loss 0.00011198|val_loss 0.00013333
Epoch 583|time: 0.09s|train_loss 0.00011943|val_loss 0.00012990
Epoch 584|time: 0.09s|train_loss 0.00011385|val_loss 0.00013137
Epoch 585|time: 0.09s|train_loss 0.00011082|val_loss 0.00012870
Epoch 586|time: 0.09s|train_loss 0.00011005|val_loss 0.00014031
Epoch 587|time: 0.09s|train_loss 0.00011788|val_loss 0.00014050
Epoch 588|time: 0.09s|train_loss 0.00011785|val_loss 0.00013686
Epoch 589|time: 0.09s|train_loss 0.00011889|val_loss 0.00013097
Epoch 590|time: 0.09s|train_loss 0.00012673|val_loss 0.00014309
Epoch 591|time: 0.09s|train_loss 0.00012979|val_loss 0.00018456
Epoch 592|time: 0.09s|train_loss 0.00012234|val_loss 0.00013793
Epoch 593|time: 0.09s|train_loss 0.00011324|val_loss 0.00013389
Epoch 594|time: 0.09s|train_loss 0.00010898|val_loss 0.00015516
Epoch 595|time: 0.09s|train_loss 0.00011554|val_loss 0.00015019
Epoch 596|time: 0.09s|train_loss 0.00011641|val_loss 0.00015108
Epoch 597|time: 0.09s|train_loss 0.00011864|val_loss 0.00015078
Epoch 598|time: 0.09s|train_loss 0.00013494|val_loss 0.00013718
Epoch 599|time: 0.09s|train_loss 0.00013659|val_loss 0.00013184
Epoch 600|time: 0.09s|train_loss 0.00013008|val_loss 0.00013574
Epoch 601|time: 0.09s|train_loss 0.00012903|val_loss 0.00013252
Epoch 602|time: 0.09s|train_loss 0.00012808|val_loss 0.00017599
Epoch 603|time: 0.09s|train_loss 0.00015900|val_loss 0.00014138
Epoch 604|time: 0.09s|train_loss 0.00011718|val_loss 0.00013410
Epoch 605|time: 0.09s|train_loss 0.00010938|val_loss 0.00013328
Epoch 606|time: 0.09s|train_loss 0.00011580|val_loss 0.00012915
Epoch 607|time: 0.09s|train_loss 0.00011276|val_loss 0.00012937
Epoch 608|time: 0.09s|train_loss 0.00011073|val_loss 0.00013252
Epoch 609|time: 0.09s|train_loss 0.00011243|val_loss 0.00013537
Epoch 610|time: 0.09s|train_loss 0.00011253|val_loss 0.00015809
Epoch 611|time: 0.09s|train_loss 0.00012227|val_loss 0.00014297
Epoch 612|time: 0.09s|train_loss 0.00012178|val_loss 0.00015369
Epoch 613|time: 0.09s|train_loss 0.00011422|val_loss 0.00013740
Epoch 614|time: 0.09s|train_loss 0.00012037|val_loss 0.00014007
Epoch 615|time: 0.09s|train_loss 0.00011154|val_loss 0.00013859
Epoch 616|time: 0.09s|train_loss 0.00011004|val_loss 0.00012911
Epoch 617|time: 0.09s|train_loss 0.00010989|val_loss 0.00013917
Epoch 618|time: 0.09s|train_loss 0.00011203|val_loss 0.00013052
Epoch 619|time: 0.09s|train_loss 0.00011286|val_loss 0.00013550
Epoch 620|time: 0.09s|train_loss 0.00011687|val_loss 0.00014586
Epoch 621|time: 0.09s|train_loss 0.00011762|val_loss 0.00014388
Epoch 622|time: 0.09s|train_loss 0.00012077|val_loss 0.00014655
Epoch 623|time: 0.09s|train_loss 0.00011635|val_loss 0.00013506
Epoch 624|time: 0.09s|train_loss 0.00011448|val_loss 0.00015113
Epoch 625|time: 0.09s|train_loss 0.00011496|val_loss 0.00014320
Epoch 626|time: 0.09s|train_loss 0.00011392|val_loss 0.00013236
Epoch 627|time: 0.09s|train_loss 0.00011301|val_loss 0.00012982
Epoch 628|time: 0.09s|train_loss 0.00011000|val_loss 0.00013327
Epoch 629|time: 0.09s|train_loss 0.00011656|val_loss 0.00013757
Epoch 630|time: 0.09s|train_loss 0.00010847|val_loss 0.00013383
Epoch 631|time: 0.09s|train_loss 0.00011311|val_loss 0.00013935
Epoch 632|time: 0.09s|train_loss 0.00010707|val_loss 0.00013376
Epoch 633|time: 0.09s|train_loss 0.00011217|val_loss 0.00013179
Epoch 634|time: 0.09s|train_loss 0.00011233|val_loss 0.00013114
Epoch 635|time: 0.09s|train_loss 0.00011079|val_loss 0.00012915
Epoch 636|time: 0.09s|train_loss 0.00011569|val_loss 0.00014351
Epoch 637|time: 0.09s|train_loss 0.00011430|val_loss 0.00015461
Epoch 638|time: 0.09s|train_loss 0.00011760|val_loss 0.00014863
Epoch 639|time: 0.09s|train_loss 0.00012250|val_loss 0.00015903
Epoch 640|time: 0.09s|train_loss 0.00013054|val_loss 0.00014829
Epoch 641|time: 0.09s|train_loss 0.00012236|val_loss 0.00015501
Epoch 642|time: 0.09s|train_loss 0.00012069|val_loss 0.00013376
Epoch 643|time: 0.09s|train_loss 0.00012342|val_loss 0.00013713
Epoch 644|time: 0.09s|train_loss 0.00014727|val_loss 0.00013981
Epoch 645|time: 0.09s|train_loss 0.00012097|val_loss 0.00014553
Epoch 646|time: 0.09s|train_loss 0.00012892|val_loss 0.00015178
Epoch 647|time: 0.09s|train_loss 0.00014289|val_loss 0.00013973
Epoch 648|time: 0.09s|train_loss 0.00012941|val_loss 0.00014625
Epoch 649|time: 0.09s|train_loss 0.00015462|val_loss 0.00014287
Epoch 650|time: 0.09s|train_loss 0.00012163|val_loss 0.00012994
Epoch 651|time: 0.09s|train_loss 0.00012865|val_loss 0.00014623
Epoch 652|time: 0.09s|train_loss 0.00011985|val_loss 0.00013407
Epoch 653|time: 0.09s|train_loss 0.00012021|val_loss 0.00014261
Epoch 654|time: 0.09s|train_loss 0.00011551|val_loss 0.00013121
Epoch 655|time: 0.09s|train_loss 0.00011377|val_loss 0.00012995
Epoch 656|time: 0.09s|train_loss 0.00012342|val_loss 0.00013065
Epoch 657|time: 0.09s|train_loss 0.00011664|val_loss 0.00013213
Epoch 658|time: 0.09s|train_loss 0.00011016|val_loss 0.00013182
Epoch 659|time: 0.09s|train_loss 0.00011680|val_loss 0.00013154
Epoch 660|time: 0.09s|train_loss 0.00011616|val_loss 0.00013203
Epoch 661|time: 0.09s|train_loss 0.00011536|val_loss 0.00013090
Epoch 662|time: 0.09s|train_loss 0.00010768|val_loss 0.00013773
Epoch 663|time: 0.09s|train_loss 0.00011457|val_loss 0.00014067
Epoch 664|time: 0.09s|train_loss 0.00011811|val_loss 0.00013034
Epoch 665|time: 0.09s|train_loss 0.00011206|val_loss 0.00013014
Epoch 666|time: 0.09s|train_loss 0.00011580|val_loss 0.00012711
Epoch 667|time: 0.09s|train_loss 0.00010798|val_loss 0.00012964
Epoch 668|time: 0.09s|train_loss 0.00011293|val_loss 0.00013437
Epoch 669|time: 0.09s|train_loss 0.00011301|val_loss 0.00012717
Epoch 670|time: 0.09s|train_loss 0.00010647|val_loss 0.00013028
Epoch 671|time: 0.09s|train_loss 0.00011370|val_loss 0.00013464
Epoch 672|time: 0.09s|train_loss 0.00010980|val_loss 0.00013575
Epoch 673|time: 0.09s|train_loss 0.00011928|val_loss 0.00013424
Epoch 674|time: 0.09s|train_loss 0.00011171|val_loss 0.00013138
Epoch 675|time: 0.09s|train_loss 0.00011538|val_loss 0.00012799
Epoch 676|time: 0.09s|train_loss 0.00011902|val_loss 0.00012650
Epoch 677|time: 0.09s|train_loss 0.00011793|val_loss 0.00012826
Epoch 678|time: 0.09s|train_loss 0.00010859|val_loss 0.00013051
Epoch 679|time: 0.09s|train_loss 0.00011072|val_loss 0.00013339
Epoch 680|time: 0.09s|train_loss 0.00011221|val_loss 0.00013200
Epoch 681|time: 0.09s|train_loss 0.00011331|val_loss 0.00013759
Epoch 682|time: 0.09s|train_loss 0.00013339|val_loss 0.00013954
Epoch 683|time: 0.09s|train_loss 0.00013181|val_loss 0.00018342
Epoch 684|time: 0.09s|train_loss 0.00013294|val_loss 0.00014307
Epoch 685|time: 0.09s|train_loss 0.00012031|val_loss 0.00013599
Epoch 686|time: 0.09s|train_loss 0.00012506|val_loss 0.00014517
Epoch 687|time: 0.09s|train_loss 0.00011201|val_loss 0.00013203
Epoch 688|time: 0.09s|train_loss 0.00011572|val_loss 0.00012865
Epoch 689|time: 0.09s|train_loss 0.00011575|val_loss 0.00012756
Epoch 690|time: 0.09s|train_loss 0.00011197|val_loss 0.00012942
Epoch 691|time: 0.09s|train_loss 0.00010919|val_loss 0.00012949
Epoch 692|time: 0.09s|train_loss 0.00010761|val_loss 0.00013029
Epoch 693|time: 0.09s|train_loss 0.00010964|val_loss 0.00013818
Epoch 694|time: 0.09s|train_loss 0.00011890|val_loss 0.00016911
Epoch 695|time: 0.09s|train_loss 0.00012257|val_loss 0.00014109
Epoch 696|time: 0.09s|train_loss 0.00012208|val_loss 0.00015137
Epoch 697|time: 0.09s|train_loss 0.00012817|val_loss 0.00015451
Epoch 698|time: 0.09s|train_loss 0.00012409|val_loss 0.00017551
Epoch 699|time: 0.09s|train_loss 0.00012672|val_loss 0.00015931
Epoch 700|time: 0.09s|train_loss 0.00011262|val_loss 0.00013457
Epoch 701|time: 0.09s|train_loss 0.00011502|val_loss 0.00015761
Epoch 702|time: 0.09s|train_loss 0.00011117|val_loss 0.00015533
Epoch 703|time: 0.09s|train_loss 0.00012320|val_loss 0.00016616
Epoch 704|time: 0.09s|train_loss 0.00012761|val_loss 0.00013526
Epoch 705|time: 0.09s|train_loss 0.00012177|val_loss 0.00013004
Epoch 706|time: 0.09s|train_loss 0.00011050|val_loss 0.00014344
Epoch 707|time: 0.09s|train_loss 0.00011397|val_loss 0.00012992
Epoch 708|time: 0.09s|train_loss 0.00010940|val_loss 0.00013488
Epoch 709|time: 0.09s|train_loss 0.00010965|val_loss 0.00012755
Epoch 710|time: 0.09s|train_loss 0.00011060|val_loss 0.00013412
Epoch 711|time: 0.09s|train_loss 0.00011249|val_loss 0.00013012
Epoch 712|time: 0.09s|train_loss 0.00011062|val_loss 0.00012903
Epoch 713|time: 0.09s|train_loss 0.00010960|val_loss 0.00013167
Epoch 714|time: 0.09s|train_loss 0.00011306|val_loss 0.00013009
Epoch 715|time: 0.09s|train_loss 0.00010648|val_loss 0.00013062
Epoch 716|time: 0.09s|train_loss 0.00010934|val_loss 0.00013018
Epoch 717|time: 0.09s|train_loss 0.00011709|val_loss 0.00013012
Epoch 718|time: 0.09s|train_loss 0.00010962|val_loss 0.00012922
Final evaluation
TEST MAE 0.1821 | std 0.0550 | RMSE 0.2902 | RMSEs 0.2777 | PCC 0.9607 | PCCs 0.9511 | R2 0.9054 | R2s 0.8548 | Var 0.9091 | Vars 0.8656 | Peak 0.1101
