--------Parameters--------
Namespace(batch=32, bi=False, check_point=1, cuda=False, dataset='us_hhs', dropout=0.2, epilambda=0.2, epochs=1500, gpu=3, hidsp=15, horizon=4, k=10, lamda=0.01, lr=0.001, model='cola_gnn', mylog=True, n_hidden=20, n_layer=1, patience=200, rnn_model='RNN', save_dir='save', seed=42, shuffle=False, sim_mat='us_hhs-adj', test=0.2, train=0.6, val=0.2, weight_decay=0.0005, window=20)
--------------------------
data shape (364, 10)
364 10
(364, 10)
size of train/val/test sets 195 73 73
#params: 2163
begin training
Epoch   1|time: 0.09s|train_loss 0.00236832|val_loss 0.00121931
Best validation epoch: 1 Sat May 13 00:58:23 2023
TEST MAE 1.7605 std 0.5553 RMSE 1.9538 RMSEs 1.8671 PCC 0.4318 PCCs 0.5477 R2 -3.2880 R2s -5.4553 Var 0.1548 Vars 0.2788 Peak 0.8282
Epoch   2|time: 0.08s|train_loss 0.00065368|val_loss 0.00045577
Best validation epoch: 2 Sat May 13 00:58:23 2023
TEST MAE 0.4990 std 0.1564 RMSE 0.7060 RMSEs 0.6773 PCC 0.8269 PCCs 0.7550 R2 0.4402 R2s 0.1176 Var 0.5486 Vars 0.3399 Peak 0.2595
Epoch   3|time: 0.08s|train_loss 0.00037038|val_loss 0.00036333
Best validation epoch: 3 Sat May 13 00:58:23 2023
TEST MAE 0.4259 std 0.1468 RMSE 0.6347 RMSEs 0.6032 PCC 0.7736 PCCs 0.6608 R2 0.5475 R2s 0.3615 Var 0.5878 Vars 0.4318 Peak 0.2778
Epoch   4|time: 0.08s|train_loss 0.00037492|val_loss 0.00037867
Epoch   5|time: 0.08s|train_loss 0.00033053|val_loss 0.00038982
Epoch   6|time: 0.08s|train_loss 0.00030519|val_loss 0.00032283
Best validation epoch: 6 Sat May 13 00:58:23 2023
TEST MAE 0.4020 std 0.1485 RMSE 0.6253 RMSEs 0.5917 PCC 0.8128 PCCs 0.7247 R2 0.5607 R2s 0.3901 Var 0.6331 Vars 0.5038 Peak 0.2763
Epoch   7|time: 0.08s|train_loss 0.00031566|val_loss 0.00030379
Best validation epoch: 7 Sat May 13 00:58:23 2023
TEST MAE 0.3675 std 0.1276 RMSE 0.5574 RMSEs 0.5304 PCC 0.8302 PCCs 0.7484 R2 0.6510 R2s 0.5027 Var 0.6817 Vars 0.5550 Peak 0.2409
Epoch   8|time: 0.08s|train_loss 0.00032427|val_loss 0.00029222
Best validation epoch: 8 Sat May 13 00:58:23 2023
TEST MAE 0.3272 std 0.1004 RMSE 0.4681 RMSEs 0.4500 PCC 0.8709 PCCs 0.8108 R2 0.7539 R2s 0.6325 Var 0.7578 Vars 0.6503 Peak 0.1946
Epoch   9|time: 0.07s|train_loss 0.00028325|val_loss 0.00026694
Best validation epoch: 9 Sat May 13 00:58:24 2023
TEST MAE 0.3045 std 0.0796 RMSE 0.4400 RMSEs 0.4258 PCC 0.8882 PCCs 0.8397 R2 0.7825 R2s 0.6642 Var 0.7825 Vars 0.6770 Peak 0.1701
Epoch  10|time: 0.08s|train_loss 0.00027719|val_loss 0.00026488
Best validation epoch: 10 Sat May 13 00:58:24 2023
TEST MAE 0.2988 std 0.0735 RMSE 0.4416 RMSEs 0.4274 PCC 0.8879 PCCs 0.8395 R2 0.7809 R2s 0.6658 Var 0.7850 Vars 0.6795 Peak 0.1708
Epoch  11|time: 0.07s|train_loss 0.00024607|val_loss 0.00027671
Epoch  12|time: 0.08s|train_loss 0.00025747|val_loss 0.00027623
Epoch  13|time: 0.08s|train_loss 0.00025891|val_loss 0.00026038
Best validation epoch: 13 Sat May 13 00:58:24 2023
TEST MAE 0.2826 std 0.0803 RMSE 0.4273 RMSEs 0.4117 PCC 0.8983 PCCs 0.8543 R2 0.7949 R2s 0.6929 Var 0.8065 Vars 0.7164 Peak 0.1756
Epoch  14|time: 0.08s|train_loss 0.00026213|val_loss 0.00025471
Best validation epoch: 14 Sat May 13 00:58:24 2023
TEST MAE 0.2872 std 0.0770 RMSE 0.4305 RMSEs 0.4157 PCC 0.8940 PCCs 0.8511 R2 0.7918 R2s 0.6825 Var 0.7920 Vars 0.6937 Peak 0.1700
Epoch  15|time: 0.08s|train_loss 0.00026887|val_loss 0.00025274
Best validation epoch: 15 Sat May 13 00:58:24 2023
TEST MAE 0.2843 std 0.0803 RMSE 0.4270 RMSEs 0.4108 PCC 0.8984 PCCs 0.8583 R2 0.7952 R2s 0.6922 Var 0.8002 Vars 0.7060 Peak 0.1699
Epoch  16|time: 0.08s|train_loss 0.00026036|val_loss 0.00024917
Best validation epoch: 16 Sat May 13 00:58:24 2023
TEST MAE 0.2803 std 0.0856 RMSE 0.4293 RMSEs 0.4111 PCC 0.8982 PCCs 0.8587 R2 0.7930 R2s 0.6884 Var 0.7933 Vars 0.6983 Peak 0.1695
Epoch  17|time: 0.07s|train_loss 0.00024472|val_loss 0.00025545
Epoch  18|time: 0.08s|train_loss 0.00027125|val_loss 0.00026051
Epoch  19|time: 0.08s|train_loss 0.00024427|val_loss 0.00025069
Epoch  20|time: 0.08s|train_loss 0.00024795|val_loss 0.00025477
Epoch  21|time: 0.08s|train_loss 0.00026424|val_loss 0.00025114
Epoch  22|time: 0.08s|train_loss 0.00026371|val_loss 0.00025905
Epoch  23|time: 0.08s|train_loss 0.00026159|val_loss 0.00026229
Epoch  24|time: 0.08s|train_loss 0.00023084|val_loss 0.00025686
Epoch  25|time: 0.08s|train_loss 0.00023788|val_loss 0.00026310
Epoch  26|time: 0.08s|train_loss 0.00025771|val_loss 0.00024599
Best validation epoch: 26 Sat May 13 00:58:25 2023
TEST MAE 0.3056 std 0.0925 RMSE 0.4659 RMSEs 0.4458 PCC 0.8866 PCCs 0.8423 R2 0.7562 R2s 0.6363 Var 0.7603 Vars 0.6481 Peak 0.1874
Epoch  27|time: 0.08s|train_loss 0.00022996|val_loss 0.00023987
Best validation epoch: 27 Sat May 13 00:58:25 2023
TEST MAE 0.2861 std 0.0861 RMSE 0.4382 RMSEs 0.4215 PCC 0.8916 PCCs 0.8433 R2 0.7843 R2s 0.6742 Var 0.7912 Vars 0.6893 Peak 0.1793
Epoch  28|time: 0.08s|train_loss 0.00023936|val_loss 0.00024365
Epoch  29|time: 0.08s|train_loss 0.00023159|val_loss 0.00024930
Epoch  30|time: 0.08s|train_loss 0.00022457|val_loss 0.00024866
Epoch  31|time: 0.08s|train_loss 0.00021315|val_loss 0.00024905
Epoch  32|time: 0.08s|train_loss 0.00021769|val_loss 0.00025094
Epoch  33|time: 0.08s|train_loss 0.00023348|val_loss 0.00025516
Epoch  34|time: 0.08s|train_loss 0.00024891|val_loss 0.00026106
Epoch  35|time: 0.08s|train_loss 0.00024403|val_loss 0.00025471
Epoch  36|time: 0.08s|train_loss 0.00022383|val_loss 0.00024097
Epoch  37|time: 0.08s|train_loss 0.00021641|val_loss 0.00023652
Best validation epoch: 37 Sat May 13 00:58:26 2023
TEST MAE 0.2899 std 0.0863 RMSE 0.4511 RMSEs 0.4331 PCC 0.8876 PCCs 0.8396 R2 0.7714 R2s 0.6547 Var 0.7739 Vars 0.6645 Peak 0.1810
Epoch  38|time: 0.08s|train_loss 0.00022361|val_loss 0.00023758
Epoch  39|time: 0.08s|train_loss 0.00022424|val_loss 0.00024188
Epoch  40|time: 0.08s|train_loss 0.00024103|val_loss 0.00024253
Epoch  41|time: 0.08s|train_loss 0.00023167|val_loss 0.00023620
Best validation epoch: 41 Sat May 13 00:58:26 2023
TEST MAE 0.2989 std 0.0992 RMSE 0.4815 RMSEs 0.4565 PCC 0.8849 PCCs 0.8396 R2 0.7396 R2s 0.6124 Var 0.7408 Vars 0.6247 Peak 0.1864
Epoch  42|time: 0.08s|train_loss 0.00022876|val_loss 0.00024708
Epoch  43|time: 0.08s|train_loss 0.00022824|val_loss 0.00023805
Epoch  44|time: 0.08s|train_loss 0.00022827|val_loss 0.00024217
Epoch  45|time: 0.08s|train_loss 0.00022855|val_loss 0.00023939
Epoch  46|time: 0.08s|train_loss 0.00024317|val_loss 0.00024527
Epoch  47|time: 0.08s|train_loss 0.00024106|val_loss 0.00026510
Epoch  48|time: 0.08s|train_loss 0.00031926|val_loss 0.00024269
Epoch  49|time: 0.08s|train_loss 0.00023432|val_loss 0.00024228
Epoch  50|time: 0.08s|train_loss 0.00022872|val_loss 0.00024065
Epoch  51|time: 0.08s|train_loss 0.00021977|val_loss 0.00023562
Best validation epoch: 51 Sat May 13 00:58:27 2023
TEST MAE 0.3089 std 0.1072 RMSE 0.4902 RMSEs 0.4612 PCC 0.8863 PCCs 0.8443 R2 0.7301 R2s 0.6071 Var 0.7319 Vars 0.6153 Peak 0.1882
Epoch  52|time: 0.08s|train_loss 0.00021539|val_loss 0.00023455
Best validation epoch: 52 Sat May 13 00:58:27 2023
TEST MAE 0.2893 std 0.0959 RMSE 0.4619 RMSEs 0.4398 PCC 0.8847 PCCs 0.8357 R2 0.7603 R2s 0.6423 Var 0.7604 Vars 0.6493 Peak 0.1812
Epoch  53|time: 0.08s|train_loss 0.00022220|val_loss 0.00023553
Epoch  54|time: 0.08s|train_loss 0.00022424|val_loss 0.00023790
Epoch  55|time: 0.08s|train_loss 0.00025666|val_loss 0.00023479
Epoch  56|time: 0.08s|train_loss 0.00028053|val_loss 0.00023348
Best validation epoch: 56 Sat May 13 00:58:27 2023
TEST MAE 0.2894 std 0.0984 RMSE 0.4670 RMSEs 0.4434 PCC 0.8840 PCCs 0.8367 R2 0.7550 R2s 0.6369 Var 0.7555 Vars 0.6442 Peak 0.1836
Epoch  57|time: 0.08s|train_loss 0.00022543|val_loss 0.00024481
Epoch  58|time: 0.08s|train_loss 0.00021400|val_loss 0.00023833
Epoch  59|time: 0.08s|train_loss 0.00021465|val_loss 0.00023259
Best validation epoch: 59 Sat May 13 00:58:28 2023
TEST MAE 0.2975 std 0.0933 RMSE 0.4769 RMSEs 0.4558 PCC 0.8760 PCCs 0.8226 R2 0.7445 R2s 0.6167 Var 0.7460 Vars 0.6251 Peak 0.1917
Epoch  60|time: 0.08s|train_loss 0.00021389|val_loss 0.00023659
Epoch  61|time: 0.08s|train_loss 0.00020421|val_loss 0.00023478
Epoch  62|time: 0.08s|train_loss 0.00021854|val_loss 0.00023556
Epoch  63|time: 0.08s|train_loss 0.00022936|val_loss 0.00023992
Epoch  64|time: 0.08s|train_loss 0.00021971|val_loss 0.00023288
Epoch  65|time: 0.08s|train_loss 0.00020791|val_loss 0.00023925
Epoch  66|time: 0.08s|train_loss 0.00021388|val_loss 0.00023423
Epoch  67|time: 0.08s|train_loss 0.00020700|val_loss 0.00023962
Epoch  68|time: 0.08s|train_loss 0.00023574|val_loss 0.00023537
Epoch  69|time: 0.08s|train_loss 0.00023200|val_loss 0.00023872
Epoch  70|time: 0.08s|train_loss 0.00024651|val_loss 0.00024499
Epoch  71|time: 0.08s|train_loss 0.00021725|val_loss 0.00023578
Epoch  72|time: 0.08s|train_loss 0.00020632|val_loss 0.00022818
Best validation epoch: 72 Sat May 13 00:58:29 2023
TEST MAE 0.3165 std 0.1020 RMSE 0.5040 RMSEs 0.4794 PCC 0.8724 PCCs 0.8194 R2 0.7147 R2s 0.5747 Var 0.7147 Vars 0.5820 Peak 0.2031
Epoch  73|time: 0.07s|train_loss 0.00022505|val_loss 0.00023672
Epoch  74|time: 0.08s|train_loss 0.00021334|val_loss 0.00023791
Epoch  75|time: 0.08s|train_loss 0.00020598|val_loss 0.00023861
Epoch  76|time: 0.08s|train_loss 0.00023744|val_loss 0.00023341
Epoch  77|time: 0.08s|train_loss 0.00023815|val_loss 0.00022965
Epoch  78|time: 0.08s|train_loss 0.00023347|val_loss 0.00024421
Epoch  79|time: 0.08s|train_loss 0.00023416|val_loss 0.00023138
Epoch  80|time: 0.08s|train_loss 0.00021014|val_loss 0.00023161
Epoch  81|time: 0.08s|train_loss 0.00023268|val_loss 0.00023002
Epoch  82|time: 0.08s|train_loss 0.00021649|val_loss 0.00022295
Best validation epoch: 82 Sat May 13 00:58:29 2023
TEST MAE 0.2878 std 0.0877 RMSE 0.4582 RMSEs 0.4394 PCC 0.8837 PCCs 0.8328 R2 0.7641 R2s 0.6422 Var 0.7644 Vars 0.6496 Peak 0.1804
Epoch  83|time: 0.08s|train_loss 0.00020322|val_loss 0.00022866
Epoch  84|time: 0.08s|train_loss 0.00021812|val_loss 0.00023426
Epoch  85|time: 0.08s|train_loss 0.00021037|val_loss 0.00023195
Epoch  86|time: 0.08s|train_loss 0.00021088|val_loss 0.00022918
Epoch  87|time: 0.08s|train_loss 0.00024194|val_loss 0.00023077
Epoch  88|time: 0.08s|train_loss 0.00022045|val_loss 0.00024631
Epoch  89|time: 0.08s|train_loss 0.00024083|val_loss 0.00023052
Epoch  90|time: 0.08s|train_loss 0.00022284|val_loss 0.00023483
Epoch  91|time: 0.08s|train_loss 0.00021308|val_loss 0.00022729
Epoch  92|time: 0.08s|train_loss 0.00021601|val_loss 0.00024559
Epoch  93|time: 0.08s|train_loss 0.00025810|val_loss 0.00025939
Epoch  94|time: 0.08s|train_loss 0.00022892|val_loss 0.00023835
Epoch  95|time: 0.08s|train_loss 0.00023071|val_loss 0.00022837
Epoch  96|time: 0.08s|train_loss 0.00027706|val_loss 0.00022810
Epoch  97|time: 0.08s|train_loss 0.00021520|val_loss 0.00023652
Epoch  98|time: 0.08s|train_loss 0.00020633|val_loss 0.00022525
Epoch  99|time: 0.08s|train_loss 0.00021939|val_loss 0.00022807
Epoch 100|time: 0.08s|train_loss 0.00024772|val_loss 0.00023111
Epoch 101|time: 0.08s|train_loss 0.00021318|val_loss 0.00023602
Epoch 102|time: 0.08s|train_loss 0.00023878|val_loss 0.00023278
Epoch 103|time: 0.08s|train_loss 0.00024962|val_loss 0.00026569
Epoch 104|time: 0.08s|train_loss 0.00022501|val_loss 0.00023685
Epoch 105|time: 0.08s|train_loss 0.00022469|val_loss 0.00023630
Epoch 106|time: 0.08s|train_loss 0.00021224|val_loss 0.00024729
Epoch 107|time: 0.08s|train_loss 0.00022267|val_loss 0.00025598
Epoch 108|time: 0.08s|train_loss 0.00023867|val_loss 0.00025702
Epoch 109|time: 0.08s|train_loss 0.00020869|val_loss 0.00022864
Epoch 110|time: 0.08s|train_loss 0.00022081|val_loss 0.00023165
Epoch 111|time: 0.08s|train_loss 0.00023674|val_loss 0.00023229
Epoch 112|time: 0.08s|train_loss 0.00022116|val_loss 0.00023852
Epoch 113|time: 0.08s|train_loss 0.00020751|val_loss 0.00022473
Epoch 114|time: 0.08s|train_loss 0.00020964|val_loss 0.00022801
Epoch 115|time: 0.08s|train_loss 0.00020860|val_loss 0.00025044
Epoch 116|time: 0.08s|train_loss 0.00022648|val_loss 0.00023363
Epoch 117|time: 0.08s|train_loss 0.00020176|val_loss 0.00022443
Epoch 118|time: 0.08s|train_loss 0.00023113|val_loss 0.00023196
Epoch 119|time: 0.08s|train_loss 0.00020508|val_loss 0.00023067
Epoch 120|time: 0.08s|train_loss 0.00020572|val_loss 0.00022886
Epoch 121|time: 0.08s|train_loss 0.00021762|val_loss 0.00022672
Epoch 122|time: 0.08s|train_loss 0.00022396|val_loss 0.00024195
Epoch 123|time: 0.08s|train_loss 0.00020757|val_loss 0.00022836
Epoch 124|time: 0.08s|train_loss 0.00019766|val_loss 0.00023370
Epoch 125|time: 0.08s|train_loss 0.00020417|val_loss 0.00022637
Epoch 126|time: 0.08s|train_loss 0.00021088|val_loss 0.00022594
Epoch 127|time: 0.08s|train_loss 0.00020679|val_loss 0.00023084
Epoch 128|time: 0.08s|train_loss 0.00021331|val_loss 0.00022619
Epoch 129|time: 0.08s|train_loss 0.00021560|val_loss 0.00023412
Epoch 130|time: 0.08s|train_loss 0.00019590|val_loss 0.00022970
Epoch 131|time: 0.08s|train_loss 0.00023122|val_loss 0.00022517
Epoch 132|time: 0.08s|train_loss 0.00021685|val_loss 0.00026118
Epoch 133|time: 0.08s|train_loss 0.00021590|val_loss 0.00023311
Epoch 134|time: 0.08s|train_loss 0.00021725|val_loss 0.00023183
Epoch 135|time: 0.08s|train_loss 0.00021396|val_loss 0.00022478
Epoch 136|time: 0.08s|train_loss 0.00020031|val_loss 0.00022807
Epoch 137|time: 0.08s|train_loss 0.00020999|val_loss 0.00022640
Epoch 138|time: 0.08s|train_loss 0.00022783|val_loss 0.00023324
Epoch 139|time: 0.08s|train_loss 0.00020428|val_loss 0.00022492
Epoch 140|time: 0.08s|train_loss 0.00020338|val_loss 0.00022377
Epoch 141|time: 0.08s|train_loss 0.00021057|val_loss 0.00024095
Epoch 142|time: 0.08s|train_loss 0.00021623|val_loss 0.00022229
Best validation epoch: 142 Sat May 13 00:58:34 2023
TEST MAE 0.2973 std 0.1027 RMSE 0.5003 RMSEs 0.4738 PCC 0.8746 PCCs 0.8244 R2 0.7188 R2s 0.5782 Var 0.7222 Vars 0.5938 Peak 0.1853
Epoch 143|time: 0.08s|train_loss 0.00023794|val_loss 0.00022174
Best validation epoch: 143 Sat May 13 00:58:34 2023
TEST MAE 0.2801 std 0.0921 RMSE 0.4546 RMSEs 0.4344 PCC 0.8841 PCCs 0.8359 R2 0.7678 R2s 0.6550 Var 0.7702 Vars 0.6627 Peak 0.1763
Epoch 144|time: 0.08s|train_loss 0.00020185|val_loss 0.00024324
Epoch 145|time: 0.08s|train_loss 0.00021503|val_loss 0.00022634
Epoch 146|time: 0.08s|train_loss 0.00023330|val_loss 0.00022605
Epoch 147|time: 0.08s|train_loss 0.00023184|val_loss 0.00022561
Epoch 148|time: 0.08s|train_loss 0.00021445|val_loss 0.00024824
Epoch 149|time: 0.08s|train_loss 0.00021912|val_loss 0.00023632
Epoch 150|time: 0.08s|train_loss 0.00020363|val_loss 0.00023510
Epoch 151|time: 0.08s|train_loss 0.00021242|val_loss 0.00024108
Epoch 152|time: 0.08s|train_loss 0.00020594|val_loss 0.00022344
Epoch 153|time: 0.08s|train_loss 0.00023145|val_loss 0.00023136
Epoch 154|time: 0.08s|train_loss 0.00020902|val_loss 0.00023603
Epoch 155|time: 0.08s|train_loss 0.00023120|val_loss 0.00022501
Epoch 156|time: 0.08s|train_loss 0.00022046|val_loss 0.00022772
Epoch 157|time: 0.08s|train_loss 0.00024589|val_loss 0.00022130
Best validation epoch: 157 Sat May 13 00:58:35 2023
TEST MAE 0.2959 std 0.0910 RMSE 0.4760 RMSEs 0.4569 PCC 0.8763 PCCs 0.8231 R2 0.7455 R2s 0.6120 Var 0.7498 Vars 0.6223 Peak 0.1910
Epoch 158|time: 0.07s|train_loss 0.00022487|val_loss 0.00022705
Epoch 159|time: 0.08s|train_loss 0.00020888|val_loss 0.00023372
Epoch 160|time: 0.08s|train_loss 0.00020371|val_loss 0.00025092
Epoch 161|time: 0.08s|train_loss 0.00020357|val_loss 0.00022368
Epoch 162|time: 0.08s|train_loss 0.00022248|val_loss 0.00022195
Epoch 163|time: 0.08s|train_loss 0.00022859|val_loss 0.00022977
Epoch 164|time: 0.08s|train_loss 0.00020714|val_loss 0.00023260
Epoch 165|time: 0.08s|train_loss 0.00019927|val_loss 0.00023036
Epoch 166|time: 0.08s|train_loss 0.00025214|val_loss 0.00021888
Best validation epoch: 166 Sat May 13 00:58:36 2023
TEST MAE 0.2855 std 0.0953 RMSE 0.4704 RMSEs 0.4483 PCC 0.8802 PCCs 0.8310 R2 0.7515 R2s 0.6265 Var 0.7515 Vars 0.6324 Peak 0.1796
Epoch 167|time: 0.08s|train_loss 0.00021575|val_loss 0.00023251
Epoch 168|time: 0.07s|train_loss 0.00021780|val_loss 0.00022360
Epoch 169|time: 0.08s|train_loss 0.00021823|val_loss 0.00023082
Epoch 170|time: 0.08s|train_loss 0.00020325|val_loss 0.00022511
Epoch 171|time: 0.08s|train_loss 0.00021025|val_loss 0.00023007
Epoch 172|time: 0.08s|train_loss 0.00022789|val_loss 0.00023937
Epoch 173|time: 0.08s|train_loss 0.00025324|val_loss 0.00025613
Epoch 174|time: 0.08s|train_loss 0.00021314|val_loss 0.00022500
Epoch 175|time: 0.08s|train_loss 0.00019829|val_loss 0.00022745
Epoch 176|time: 0.08s|train_loss 0.00021680|val_loss 0.00022964
Epoch 177|time: 0.08s|train_loss 0.00021382|val_loss 0.00022011
Epoch 178|time: 0.08s|train_loss 0.00020183|val_loss 0.00022371
Epoch 179|time: 0.08s|train_loss 0.00022473|val_loss 0.00022481
Epoch 180|time: 0.08s|train_loss 0.00020205|val_loss 0.00022625
Epoch 181|time: 0.08s|train_loss 0.00019913|val_loss 0.00022713
Epoch 182|time: 0.08s|train_loss 0.00022864|val_loss 0.00023751
Epoch 183|time: 0.08s|train_loss 0.00021863|val_loss 0.00024902
Epoch 184|time: 0.08s|train_loss 0.00021412|val_loss 0.00023029
Epoch 185|time: 0.08s|train_loss 0.00019663|val_loss 0.00022374
Epoch 186|time: 0.08s|train_loss 0.00022776|val_loss 0.00023085
Epoch 187|time: 0.08s|train_loss 0.00020577|val_loss 0.00022385
Epoch 188|time: 0.08s|train_loss 0.00020968|val_loss 0.00022477
Epoch 189|time: 0.08s|train_loss 0.00020517|val_loss 0.00022625
Epoch 190|time: 0.08s|train_loss 0.00024394|val_loss 0.00024309
Epoch 191|time: 0.08s|train_loss 0.00020960|val_loss 0.00023535
Epoch 192|time: 0.08s|train_loss 0.00019735|val_loss 0.00022875
Epoch 193|time: 0.08s|train_loss 0.00022860|val_loss 0.00022972
Epoch 194|time: 0.08s|train_loss 0.00020131|val_loss 0.00022517
Epoch 195|time: 0.08s|train_loss 0.00019948|val_loss 0.00022210
Epoch 196|time: 0.08s|train_loss 0.00020009|val_loss 0.00022216
Epoch 197|time: 0.08s|train_loss 0.00020677|val_loss 0.00022730
Epoch 198|time: 0.08s|train_loss 0.00020803|val_loss 0.00022416
Epoch 199|time: 0.08s|train_loss 0.00026219|val_loss 0.00022156
Epoch 200|time: 0.08s|train_loss 0.00021401|val_loss 0.00023507
Epoch 201|time: 0.08s|train_loss 0.00020609|val_loss 0.00023112
Epoch 202|time: 0.08s|train_loss 0.00021627|val_loss 0.00022237
Epoch 203|time: 0.08s|train_loss 0.00019487|val_loss 0.00022147
Epoch 204|time: 0.08s|train_loss 0.00021297|val_loss 0.00022317
Epoch 205|time: 0.08s|train_loss 0.00020911|val_loss 0.00022719
Epoch 206|time: 0.08s|train_loss 0.00020616|val_loss 0.00023086
Epoch 207|time: 0.08s|train_loss 0.00023439|val_loss 0.00022387
Epoch 208|time: 0.08s|train_loss 0.00019753|val_loss 0.00022653
Epoch 209|time: 0.08s|train_loss 0.00019349|val_loss 0.00022373
Epoch 210|time: 0.08s|train_loss 0.00022976|val_loss 0.00022302
Epoch 211|time: 0.08s|train_loss 0.00019866|val_loss 0.00024085
Epoch 212|time: 0.08s|train_loss 0.00019343|val_loss 0.00022385
Epoch 213|time: 0.07s|train_loss 0.00021473|val_loss 0.00023039
Epoch 214|time: 0.08s|train_loss 0.00020381|val_loss 0.00025059
Epoch 215|time: 0.08s|train_loss 0.00027221|val_loss 0.00023353
Epoch 216|time: 0.08s|train_loss 0.00023458|val_loss 0.00029019
Epoch 217|time: 0.08s|train_loss 0.00020301|val_loss 0.00023123
Epoch 218|time: 0.08s|train_loss 0.00021036|val_loss 0.00021983
Epoch 219|time: 0.08s|train_loss 0.00019475|val_loss 0.00024022
Epoch 220|time: 0.08s|train_loss 0.00023022|val_loss 0.00022032
Epoch 221|time: 0.08s|train_loss 0.00019707|val_loss 0.00022196
Epoch 222|time: 0.08s|train_loss 0.00026109|val_loss 0.00022682
Epoch 223|time: 0.08s|train_loss 0.00020060|val_loss 0.00022458
Epoch 224|time: 0.08s|train_loss 0.00019945|val_loss 0.00022583
Epoch 225|time: 0.08s|train_loss 0.00024696|val_loss 0.00022015
Epoch 226|time: 0.08s|train_loss 0.00019595|val_loss 0.00024873
Epoch 227|time: 0.08s|train_loss 0.00025498|val_loss 0.00023523
Epoch 228|time: 0.08s|train_loss 0.00022897|val_loss 0.00024923
Epoch 229|time: 0.08s|train_loss 0.00023487|val_loss 0.00022779
Epoch 230|time: 0.08s|train_loss 0.00020758|val_loss 0.00024306
Epoch 231|time: 0.07s|train_loss 0.00022026|val_loss 0.00022340
Epoch 232|time: 0.08s|train_loss 0.00020269|val_loss 0.00022909
Epoch 233|time: 0.08s|train_loss 0.00021950|val_loss 0.00022080
Epoch 234|time: 0.08s|train_loss 0.00018924|val_loss 0.00022233
Epoch 235|time: 0.08s|train_loss 0.00019307|val_loss 0.00022732
Epoch 236|time: 0.08s|train_loss 0.00019773|val_loss 0.00022125
Epoch 237|time: 0.08s|train_loss 0.00018513|val_loss 0.00022166
Epoch 238|time: 0.08s|train_loss 0.00021505|val_loss 0.00022195
Epoch 239|time: 0.08s|train_loss 0.00019222|val_loss 0.00023432
Epoch 240|time: 0.08s|train_loss 0.00020956|val_loss 0.00022320
Epoch 241|time: 0.08s|train_loss 0.00021023|val_loss 0.00022488
Epoch 242|time: 0.08s|train_loss 0.00019003|val_loss 0.00022416
Epoch 243|time: 0.08s|train_loss 0.00022256|val_loss 0.00022181
Epoch 244|time: 0.08s|train_loss 0.00019708|val_loss 0.00022395
Epoch 245|time: 0.08s|train_loss 0.00019293|val_loss 0.00024144
Epoch 246|time: 0.08s|train_loss 0.00019648|val_loss 0.00021665
Best validation epoch: 246 Sat May 13 00:58:42 2023
TEST MAE 0.2986 std 0.0943 RMSE 0.4983 RMSEs 0.4767 PCC 0.8651 PCCs 0.8086 R2 0.7211 R2s 0.5750 Var 0.7215 Vars 0.5810 Peak 0.1931
Epoch 247|time: 0.08s|train_loss 0.00020691|val_loss 0.00022106
Epoch 248|time: 0.08s|train_loss 0.00020364|val_loss 0.00023048
Epoch 249|time: 0.08s|train_loss 0.00023371|val_loss 0.00022099
Epoch 250|time: 0.08s|train_loss 0.00019015|val_loss 0.00022369
Epoch 251|time: 0.08s|train_loss 0.00018882|val_loss 0.00022557
Epoch 252|time: 0.08s|train_loss 0.00021513|val_loss 0.00022009
Epoch 253|time: 0.08s|train_loss 0.00022744|val_loss 0.00024332
Epoch 254|time: 0.08s|train_loss 0.00021342|val_loss 0.00024274
Epoch 255|time: 0.08s|train_loss 0.00022963|val_loss 0.00022226
Epoch 256|time: 0.08s|train_loss 0.00019315|val_loss 0.00022275
Epoch 257|time: 0.08s|train_loss 0.00020021|val_loss 0.00023217
Epoch 258|time: 0.08s|train_loss 0.00020964|val_loss 0.00022097
Epoch 259|time: 0.08s|train_loss 0.00018568|val_loss 0.00022363
Epoch 260|time: 0.08s|train_loss 0.00018864|val_loss 0.00022220
Epoch 261|time: 0.08s|train_loss 0.00022705|val_loss 0.00021989
Epoch 262|time: 0.08s|train_loss 0.00021946|val_loss 0.00022205
Epoch 263|time: 0.08s|train_loss 0.00019964|val_loss 0.00023590
Epoch 264|time: 0.08s|train_loss 0.00019833|val_loss 0.00021782
Epoch 265|time: 0.08s|train_loss 0.00020569|val_loss 0.00022026
Epoch 266|time: 0.08s|train_loss 0.00021800|val_loss 0.00022879
Epoch 267|time: 0.08s|train_loss 0.00019174|val_loss 0.00021865
Epoch 268|time: 0.08s|train_loss 0.00019325|val_loss 0.00022088
Epoch 269|time: 0.08s|train_loss 0.00018917|val_loss 0.00022158
Epoch 270|time: 0.08s|train_loss 0.00018755|val_loss 0.00022873
Epoch 271|time: 0.08s|train_loss 0.00022190|val_loss 0.00022177
Epoch 272|time: 0.08s|train_loss 0.00018818|val_loss 0.00021975
Epoch 273|time: 0.08s|train_loss 0.00019950|val_loss 0.00022345
Epoch 274|time: 0.08s|train_loss 0.00019689|val_loss 0.00022453
Epoch 275|time: 0.08s|train_loss 0.00020945|val_loss 0.00023730
Epoch 276|time: 0.08s|train_loss 0.00018734|val_loss 0.00022754
Epoch 277|time: 0.08s|train_loss 0.00018558|val_loss 0.00021979
Epoch 278|time: 0.08s|train_loss 0.00018101|val_loss 0.00022621
Epoch 279|time: 0.08s|train_loss 0.00019814|val_loss 0.00022388
Epoch 280|time: 0.08s|train_loss 0.00020175|val_loss 0.00022030
Epoch 281|time: 0.08s|train_loss 0.00020347|val_loss 0.00021969
Epoch 282|time: 0.08s|train_loss 0.00019321|val_loss 0.00023523
Epoch 283|time: 0.08s|train_loss 0.00019160|val_loss 0.00022367
Epoch 284|time: 0.08s|train_loss 0.00020701|val_loss 0.00021947
Epoch 285|time: 0.08s|train_loss 0.00020797|val_loss 0.00022856
Epoch 286|time: 0.08s|train_loss 0.00019744|val_loss 0.00022238
Epoch 287|time: 0.08s|train_loss 0.00019754|val_loss 0.00024299
Epoch 288|time: 0.08s|train_loss 0.00019469|val_loss 0.00022229
Epoch 289|time: 0.08s|train_loss 0.00019022|val_loss 0.00022472
Epoch 290|time: 0.08s|train_loss 0.00020076|val_loss 0.00025350
Epoch 291|time: 0.08s|train_loss 0.00020916|val_loss 0.00024187
Epoch 292|time: 0.08s|train_loss 0.00019943|val_loss 0.00023928
Epoch 293|time: 0.08s|train_loss 0.00019527|val_loss 0.00022958
Epoch 294|time: 0.08s|train_loss 0.00021605|val_loss 0.00022409
Epoch 295|time: 0.08s|train_loss 0.00019359|val_loss 0.00022119
Epoch 296|time: 0.08s|train_loss 0.00021260|val_loss 0.00022765
Epoch 297|time: 0.08s|train_loss 0.00019229|val_loss 0.00021861
Epoch 298|time: 0.08s|train_loss 0.00018269|val_loss 0.00022512
Epoch 299|time: 0.08s|train_loss 0.00018821|val_loss 0.00022136
Epoch 300|time: 0.08s|train_loss 0.00019374|val_loss 0.00022180
Epoch 301|time: 0.08s|train_loss 0.00017969|val_loss 0.00022418
Epoch 302|time: 0.08s|train_loss 0.00018578|val_loss 0.00022241
Epoch 303|time: 0.08s|train_loss 0.00018567|val_loss 0.00024249
Epoch 304|time: 0.08s|train_loss 0.00019855|val_loss 0.00022960
Epoch 305|time: 0.08s|train_loss 0.00020013|val_loss 0.00022828
Epoch 306|time: 0.08s|train_loss 0.00019532|val_loss 0.00022488
Epoch 307|time: 0.08s|train_loss 0.00018869|val_loss 0.00022154
Epoch 308|time: 0.08s|train_loss 0.00020232|val_loss 0.00022209
Epoch 309|time: 0.08s|train_loss 0.00019911|val_loss 0.00023212
Epoch 310|time: 0.08s|train_loss 0.00022601|val_loss 0.00022486
Epoch 311|time: 0.08s|train_loss 0.00022834|val_loss 0.00022570
Epoch 312|time: 0.08s|train_loss 0.00020304|val_loss 0.00025269
Epoch 313|time: 0.08s|train_loss 0.00019025|val_loss 0.00021910
Epoch 314|time: 0.08s|train_loss 0.00020567|val_loss 0.00022008
Epoch 315|time: 0.08s|train_loss 0.00019028|val_loss 0.00023246
Epoch 316|time: 0.08s|train_loss 0.00021231|val_loss 0.00022094
Epoch 317|time: 0.08s|train_loss 0.00020140|val_loss 0.00022125
Epoch 318|time: 0.08s|train_loss 0.00018553|val_loss 0.00022758
Epoch 319|time: 0.08s|train_loss 0.00017942|val_loss 0.00022441
Epoch 320|time: 0.08s|train_loss 0.00019264|val_loss 0.00022618
Epoch 321|time: 0.08s|train_loss 0.00025186|val_loss 0.00023526
Epoch 322|time: 0.08s|train_loss 0.00020749|val_loss 0.00025609
Epoch 323|time: 0.08s|train_loss 0.00021499|val_loss 0.00022304
Epoch 324|time: 0.08s|train_loss 0.00018680|val_loss 0.00022441
Epoch 325|time: 0.08s|train_loss 0.00018124|val_loss 0.00022587
Epoch 326|time: 0.08s|train_loss 0.00019364|val_loss 0.00022778
Epoch 327|time: 0.08s|train_loss 0.00019502|val_loss 0.00022723
Epoch 328|time: 0.08s|train_loss 0.00019780|val_loss 0.00022679
Epoch 329|time: 0.08s|train_loss 0.00019512|val_loss 0.00021996
Epoch 330|time: 0.08s|train_loss 0.00018453|val_loss 0.00022127
Epoch 331|time: 0.08s|train_loss 0.00018234|val_loss 0.00022791
Epoch 332|time: 0.08s|train_loss 0.00018307|val_loss 0.00022550
Epoch 333|time: 0.08s|train_loss 0.00022518|val_loss 0.00022681
Epoch 334|time: 0.08s|train_loss 0.00019838|val_loss 0.00022228
Epoch 335|time: 0.08s|train_loss 0.00023610|val_loss 0.00022687
Epoch 336|time: 0.08s|train_loss 0.00019379|val_loss 0.00023534
Epoch 337|time: 0.08s|train_loss 0.00020752|val_loss 0.00022720
Epoch 338|time: 0.08s|train_loss 0.00018477|val_loss 0.00022889
Epoch 339|time: 0.08s|train_loss 0.00017891|val_loss 0.00022378
Epoch 340|time: 0.08s|train_loss 0.00020632|val_loss 0.00022242
Epoch 341|time: 0.08s|train_loss 0.00018080|val_loss 0.00023198
Epoch 342|time: 0.08s|train_loss 0.00017541|val_loss 0.00022262
Epoch 343|time: 0.08s|train_loss 0.00018618|val_loss 0.00022448
Epoch 344|time: 0.08s|train_loss 0.00019328|val_loss 0.00022240
Epoch 345|time: 0.08s|train_loss 0.00019033|val_loss 0.00023859
Epoch 346|time: 0.08s|train_loss 0.00019011|val_loss 0.00021979
Epoch 347|time: 0.08s|train_loss 0.00019202|val_loss 0.00022751
Epoch 348|time: 0.08s|train_loss 0.00020180|val_loss 0.00024046
Epoch 349|time: 0.08s|train_loss 0.00019723|val_loss 0.00021875
Epoch 350|time: 0.08s|train_loss 0.00019217|val_loss 0.00022325
Epoch 351|time: 0.08s|train_loss 0.00019432|val_loss 0.00022123
Epoch 352|time: 0.08s|train_loss 0.00018966|val_loss 0.00022784
Epoch 353|time: 0.08s|train_loss 0.00021856|val_loss 0.00022138
Epoch 354|time: 0.08s|train_loss 0.00018727|val_loss 0.00022390
Epoch 355|time: 0.08s|train_loss 0.00018523|val_loss 0.00022342
Epoch 356|time: 0.08s|train_loss 0.00017950|val_loss 0.00022346
Epoch 357|time: 0.08s|train_loss 0.00017675|val_loss 0.00022062
Epoch 358|time: 0.08s|train_loss 0.00019852|val_loss 0.00022556
Epoch 359|time: 0.08s|train_loss 0.00020208|val_loss 0.00021937
Epoch 360|time: 0.08s|train_loss 0.00019935|val_loss 0.00021959
Epoch 361|time: 0.08s|train_loss 0.00020201|val_loss 0.00021998
Epoch 362|time: 0.08s|train_loss 0.00018979|val_loss 0.00022300
Epoch 363|time: 0.08s|train_loss 0.00019957|val_loss 0.00021946
Epoch 364|time: 0.08s|train_loss 0.00020211|val_loss 0.00022450
Epoch 365|time: 0.08s|train_loss 0.00018273|val_loss 0.00022066
Epoch 366|time: 0.08s|train_loss 0.00018818|val_loss 0.00021995
Epoch 367|time: 0.08s|train_loss 0.00023159|val_loss 0.00023345
Epoch 368|time: 0.08s|train_loss 0.00019146|val_loss 0.00023124
Epoch 369|time: 0.08s|train_loss 0.00021253|val_loss 0.00023353
Epoch 370|time: 0.08s|train_loss 0.00018837|val_loss 0.00023965
Epoch 371|time: 0.08s|train_loss 0.00018273|val_loss 0.00022176
Epoch 372|time: 0.08s|train_loss 0.00019432|val_loss 0.00022198
Epoch 373|time: 0.08s|train_loss 0.00018796|val_loss 0.00023626
Epoch 374|time: 0.08s|train_loss 0.00020831|val_loss 0.00021603
Best validation epoch: 374 Sat May 13 00:58:52 2023
TEST MAE 0.2954 std 0.1079 RMSE 0.4989 RMSEs 0.4724 PCC 0.8726 PCCs 0.8262 R2 0.7205 R2s 0.5840 Var 0.7205 Vars 0.5893 Peak 0.1868
Epoch 375|time: 0.08s|train_loss 0.00023455|val_loss 0.00022799
Epoch 376|time: 0.08s|train_loss 0.00022466|val_loss 0.00022570
Epoch 377|time: 0.08s|train_loss 0.00021483|val_loss 0.00026449
Epoch 378|time: 0.08s|train_loss 0.00022369|val_loss 0.00024143
Epoch 379|time: 0.08s|train_loss 0.00019715|val_loss 0.00022395
Epoch 380|time: 0.08s|train_loss 0.00021253|val_loss 0.00024741
Epoch 381|time: 0.08s|train_loss 0.00019869|val_loss 0.00022322
Epoch 382|time: 0.08s|train_loss 0.00019380|val_loss 0.00023074
Epoch 383|time: 0.08s|train_loss 0.00018307|val_loss 0.00022490
Epoch 384|time: 0.08s|train_loss 0.00020150|val_loss 0.00022236
Epoch 385|time: 0.08s|train_loss 0.00019940|val_loss 0.00022509
Epoch 386|time: 0.08s|train_loss 0.00019871|val_loss 0.00023090
Epoch 387|time: 0.08s|train_loss 0.00018417|val_loss 0.00021859
Epoch 388|time: 0.08s|train_loss 0.00018168|val_loss 0.00022656
Epoch 389|time: 0.08s|train_loss 0.00019960|val_loss 0.00022086
Epoch 390|time: 0.08s|train_loss 0.00020295|val_loss 0.00027087
Epoch 391|time: 0.08s|train_loss 0.00022101|val_loss 0.00023190
Epoch 392|time: 0.08s|train_loss 0.00020938|val_loss 0.00022462
Epoch 393|time: 0.08s|train_loss 0.00024325|val_loss 0.00028665
Epoch 394|time: 0.08s|train_loss 0.00022719|val_loss 0.00026575
Epoch 395|time: 0.08s|train_loss 0.00023693|val_loss 0.00023471
Epoch 396|time: 0.08s|train_loss 0.00020329|val_loss 0.00022193
Epoch 397|time: 0.08s|train_loss 0.00019119|val_loss 0.00022471
Epoch 398|time: 0.08s|train_loss 0.00019564|val_loss 0.00023950
Epoch 399|time: 0.08s|train_loss 0.00020050|val_loss 0.00023018
Epoch 400|time: 0.08s|train_loss 0.00019381|val_loss 0.00022360
Epoch 401|time: 0.08s|train_loss 0.00018293|val_loss 0.00023355
Epoch 402|time: 0.08s|train_loss 0.00018754|val_loss 0.00022855
Epoch 403|time: 0.08s|train_loss 0.00019905|val_loss 0.00023954
Epoch 404|time: 0.08s|train_loss 0.00018317|val_loss 0.00022132
Epoch 405|time: 0.08s|train_loss 0.00018972|val_loss 0.00022486
Epoch 406|time: 0.08s|train_loss 0.00018458|val_loss 0.00022202
Epoch 407|time: 0.08s|train_loss 0.00018881|val_loss 0.00023048
Epoch 408|time: 0.08s|train_loss 0.00019594|val_loss 0.00022253
Epoch 409|time: 0.08s|train_loss 0.00018058|val_loss 0.00024338
Epoch 410|time: 0.08s|train_loss 0.00023416|val_loss 0.00022982
Epoch 411|time: 0.08s|train_loss 0.00018326|val_loss 0.00025417
Epoch 412|time: 0.08s|train_loss 0.00020663|val_loss 0.00023621
Epoch 413|time: 0.08s|train_loss 0.00021124|val_loss 0.00023072
Epoch 414|time: 0.08s|train_loss 0.00018119|val_loss 0.00021932
Epoch 415|time: 0.08s|train_loss 0.00021643|val_loss 0.00022009
Epoch 416|time: 0.08s|train_loss 0.00017716|val_loss 0.00022257
Epoch 417|time: 0.08s|train_loss 0.00018644|val_loss 0.00022532
Epoch 418|time: 0.08s|train_loss 0.00018099|val_loss 0.00022140
Epoch 419|time: 0.08s|train_loss 0.00018873|val_loss 0.00021861
Epoch 420|time: 0.08s|train_loss 0.00020503|val_loss 0.00022040
Epoch 421|time: 0.08s|train_loss 0.00018529|val_loss 0.00023801
Epoch 422|time: 0.08s|train_loss 0.00019852|val_loss 0.00022937
Epoch 423|time: 0.08s|train_loss 0.00019735|val_loss 0.00024308
Epoch 424|time: 0.08s|train_loss 0.00018409|val_loss 0.00022397
Epoch 425|time: 0.08s|train_loss 0.00019216|val_loss 0.00022357
Epoch 426|time: 0.08s|train_loss 0.00020508|val_loss 0.00024067
Epoch 427|time: 0.08s|train_loss 0.00020093|val_loss 0.00022685
Epoch 428|time: 0.08s|train_loss 0.00017473|val_loss 0.00023672
Epoch 429|time: 0.08s|train_loss 0.00017864|val_loss 0.00022295
Epoch 430|time: 0.08s|train_loss 0.00018744|val_loss 0.00022030
Epoch 431|time: 0.08s|train_loss 0.00018184|val_loss 0.00022671
Epoch 432|time: 0.08s|train_loss 0.00019884|val_loss 0.00022200
Epoch 433|time: 0.08s|train_loss 0.00018308|val_loss 0.00022719
Epoch 434|time: 0.08s|train_loss 0.00018069|val_loss 0.00022190
Epoch 435|time: 0.08s|train_loss 0.00018953|val_loss 0.00022020
Epoch 436|time: 0.08s|train_loss 0.00021899|val_loss 0.00022045
Epoch 437|time: 0.08s|train_loss 0.00020045|val_loss 0.00023359
Epoch 438|time: 0.08s|train_loss 0.00019734|val_loss 0.00023119
Epoch 439|time: 0.08s|train_loss 0.00018981|val_loss 0.00023203
Epoch 440|time: 0.08s|train_loss 0.00020021|val_loss 0.00022010
Epoch 441|time: 0.08s|train_loss 0.00020579|val_loss 0.00022281
Epoch 442|time: 0.08s|train_loss 0.00020156|val_loss 0.00023096
Epoch 443|time: 0.08s|train_loss 0.00017996|val_loss 0.00022220
Epoch 444|time: 0.08s|train_loss 0.00017891|val_loss 0.00022047
Epoch 445|time: 0.08s|train_loss 0.00017481|val_loss 0.00022210
Epoch 446|time: 0.08s|train_loss 0.00019276|val_loss 0.00022124
Epoch 447|time: 0.08s|train_loss 0.00020711|val_loss 0.00022406
Epoch 448|time: 0.08s|train_loss 0.00021125|val_loss 0.00022737
Epoch 449|time: 0.08s|train_loss 0.00019807|val_loss 0.00023522
Epoch 450|time: 0.08s|train_loss 0.00018415|val_loss 0.00021816
Epoch 451|time: 0.08s|train_loss 0.00017631|val_loss 0.00021853
Epoch 452|time: 0.08s|train_loss 0.00023042|val_loss 0.00022017
Epoch 453|time: 0.08s|train_loss 0.00021254|val_loss 0.00024315
Epoch 454|time: 0.08s|train_loss 0.00021110|val_loss 0.00022625
Epoch 455|time: 0.08s|train_loss 0.00020355|val_loss 0.00022993
Epoch 456|time: 0.08s|train_loss 0.00020789|val_loss 0.00022976
Epoch 457|time: 0.08s|train_loss 0.00019323|val_loss 0.00022109
Epoch 458|time: 0.08s|train_loss 0.00019264|val_loss 0.00023021
Epoch 459|time: 0.08s|train_loss 0.00018215|val_loss 0.00022295
Epoch 460|time: 0.08s|train_loss 0.00018781|val_loss 0.00021946
Epoch 461|time: 0.08s|train_loss 0.00018446|val_loss 0.00022255
Epoch 462|time: 0.08s|train_loss 0.00019123|val_loss 0.00022299
Epoch 463|time: 0.08s|train_loss 0.00017621|val_loss 0.00021915
Epoch 464|time: 0.08s|train_loss 0.00018415|val_loss 0.00023110
Epoch 465|time: 0.08s|train_loss 0.00019514|val_loss 0.00021823
Epoch 466|time: 0.08s|train_loss 0.00017573|val_loss 0.00021981
Epoch 467|time: 0.08s|train_loss 0.00018383|val_loss 0.00021924
Epoch 468|time: 0.08s|train_loss 0.00017582|val_loss 0.00022376
Epoch 469|time: 0.08s|train_loss 0.00019033|val_loss 0.00021970
Epoch 470|time: 0.08s|train_loss 0.00017529|val_loss 0.00021794
Epoch 471|time: 0.08s|train_loss 0.00018935|val_loss 0.00022613
Epoch 472|time: 0.08s|train_loss 0.00020986|val_loss 0.00022149
Epoch 473|time: 0.08s|train_loss 0.00018732|val_loss 0.00022079
Epoch 474|time: 0.08s|train_loss 0.00020720|val_loss 0.00023081
Epoch 475|time: 0.08s|train_loss 0.00020580|val_loss 0.00022875
Epoch 476|time: 0.08s|train_loss 0.00023576|val_loss 0.00023043
Epoch 477|time: 0.08s|train_loss 0.00020998|val_loss 0.00023376
Epoch 478|time: 0.08s|train_loss 0.00018727|val_loss 0.00023774
Epoch 479|time: 0.08s|train_loss 0.00019690|val_loss 0.00023479
Epoch 480|time: 0.08s|train_loss 0.00021312|val_loss 0.00021801
Epoch 481|time: 0.08s|train_loss 0.00019934|val_loss 0.00022402
Epoch 482|time: 0.08s|train_loss 0.00018252|val_loss 0.00023239
Epoch 483|time: 0.08s|train_loss 0.00018294|val_loss 0.00021980
Epoch 484|time: 0.08s|train_loss 0.00017696|val_loss 0.00022583
Epoch 485|time: 0.08s|train_loss 0.00020103|val_loss 0.00022564
Epoch 486|time: 0.08s|train_loss 0.00017409|val_loss 0.00021881
Epoch 487|time: 0.08s|train_loss 0.00017605|val_loss 0.00022351
Epoch 488|time: 0.08s|train_loss 0.00017306|val_loss 0.00022344
Epoch 489|time: 0.08s|train_loss 0.00018006|val_loss 0.00021838
Epoch 490|time: 0.08s|train_loss 0.00018758|val_loss 0.00022794
Epoch 491|time: 0.08s|train_loss 0.00018087|val_loss 0.00022065
Epoch 492|time: 0.08s|train_loss 0.00018151|val_loss 0.00021889
Epoch 493|time: 0.08s|train_loss 0.00022239|val_loss 0.00022182
Epoch 494|time: 0.08s|train_loss 0.00020949|val_loss 0.00023298
Epoch 495|time: 0.08s|train_loss 0.00018068|val_loss 0.00021915
Epoch 496|time: 0.08s|train_loss 0.00017725|val_loss 0.00022048
Epoch 497|time: 0.08s|train_loss 0.00022285|val_loss 0.00021968
Epoch 498|time: 0.08s|train_loss 0.00018838|val_loss 0.00025758
Epoch 499|time: 0.08s|train_loss 0.00019698|val_loss 0.00024228
Epoch 500|time: 0.08s|train_loss 0.00020605|val_loss 0.00022928
Epoch 501|time: 0.08s|train_loss 0.00017858|val_loss 0.00021977
Epoch 502|time: 0.08s|train_loss 0.00017411|val_loss 0.00021789
Epoch 503|time: 0.08s|train_loss 0.00018643|val_loss 0.00022002
Epoch 504|time: 0.08s|train_loss 0.00018892|val_loss 0.00022348
Epoch 505|time: 0.08s|train_loss 0.00018786|val_loss 0.00022284
Epoch 506|time: 0.08s|train_loss 0.00019726|val_loss 0.00021977
Epoch 507|time: 0.08s|train_loss 0.00021027|val_loss 0.00021838
Epoch 508|time: 0.08s|train_loss 0.00018691|val_loss 0.00022552
Epoch 509|time: 0.08s|train_loss 0.00017668|val_loss 0.00021941
Epoch 510|time: 0.08s|train_loss 0.00019065|val_loss 0.00021824
Epoch 511|time: 0.08s|train_loss 0.00020397|val_loss 0.00021948
Epoch 512|time: 0.08s|train_loss 0.00017236|val_loss 0.00021908
Epoch 513|time: 0.08s|train_loss 0.00022185|val_loss 0.00022205
Epoch 514|time: 0.08s|train_loss 0.00019315|val_loss 0.00024261
Epoch 515|time: 0.08s|train_loss 0.00020505|val_loss 0.00023797
Epoch 516|time: 0.08s|train_loss 0.00018248|val_loss 0.00024392
Epoch 517|time: 0.08s|train_loss 0.00020259|val_loss 0.00021781
Epoch 518|time: 0.08s|train_loss 0.00017790|val_loss 0.00021793
Epoch 519|time: 0.08s|train_loss 0.00022675|val_loss 0.00022587
Epoch 520|time: 0.08s|train_loss 0.00019494|val_loss 0.00022963
Epoch 521|time: 0.08s|train_loss 0.00019357|val_loss 0.00021939
Epoch 522|time: 0.08s|train_loss 0.00018375|val_loss 0.00023513
Epoch 523|time: 0.08s|train_loss 0.00018728|val_loss 0.00022270
Epoch 524|time: 0.08s|train_loss 0.00018536|val_loss 0.00022245
Epoch 525|time: 0.08s|train_loss 0.00020917|val_loss 0.00022311
Epoch 526|time: 0.08s|train_loss 0.00018211|val_loss 0.00023164
Epoch 527|time: 0.08s|train_loss 0.00018030|val_loss 0.00022407
Epoch 528|time: 0.08s|train_loss 0.00018167|val_loss 0.00021842
Epoch 529|time: 0.08s|train_loss 0.00018069|val_loss 0.00023493
Epoch 530|time: 0.08s|train_loss 0.00020440|val_loss 0.00023634
Epoch 531|time: 0.08s|train_loss 0.00020841|val_loss 0.00025313
Epoch 532|time: 0.08s|train_loss 0.00019082|val_loss 0.00022085
Epoch 533|time: 0.08s|train_loss 0.00021345|val_loss 0.00022113
Epoch 534|time: 0.08s|train_loss 0.00020750|val_loss 0.00022688
Epoch 535|time: 0.08s|train_loss 0.00017258|val_loss 0.00022093
Epoch 536|time: 0.08s|train_loss 0.00018372|val_loss 0.00022447
Epoch 537|time: 0.08s|train_loss 0.00019302|val_loss 0.00021811
Epoch 538|time: 0.08s|train_loss 0.00018443|val_loss 0.00022521
Epoch 539|time: 0.08s|train_loss 0.00017868|val_loss 0.00022369
Epoch 540|time: 0.08s|train_loss 0.00017708|val_loss 0.00022509
Epoch 541|time: 0.08s|train_loss 0.00018061|val_loss 0.00022047
Epoch 542|time: 0.08s|train_loss 0.00017702|val_loss 0.00021785
Epoch 543|time: 0.08s|train_loss 0.00018931|val_loss 0.00022079
Epoch 544|time: 0.08s|train_loss 0.00021000|val_loss 0.00021687
Epoch 545|time: 0.08s|train_loss 0.00020419|val_loss 0.00021989
Epoch 546|time: 0.08s|train_loss 0.00019797|val_loss 0.00022039
Epoch 547|time: 0.08s|train_loss 0.00019076|val_loss 0.00022022
Epoch 548|time: 0.08s|train_loss 0.00018997|val_loss 0.00021767
Epoch 549|time: 0.08s|train_loss 0.00018670|val_loss 0.00021695
Epoch 550|time: 0.08s|train_loss 0.00017944|val_loss 0.00022000
Epoch 551|time: 0.08s|train_loss 0.00017956|val_loss 0.00022211
Epoch 552|time: 0.08s|train_loss 0.00018195|val_loss 0.00022075
Epoch 553|time: 0.08s|train_loss 0.00017665|val_loss 0.00022848
Epoch 554|time: 0.08s|train_loss 0.00018689|val_loss 0.00022089
Epoch 555|time: 0.08s|train_loss 0.00017435|val_loss 0.00021676
Epoch 556|time: 0.08s|train_loss 0.00017290|val_loss 0.00022029
Epoch 557|time: 0.08s|train_loss 0.00018240|val_loss 0.00021905
Epoch 558|time: 0.08s|train_loss 0.00018351|val_loss 0.00022784
Epoch 559|time: 0.08s|train_loss 0.00017355|val_loss 0.00022220
Epoch 560|time: 0.08s|train_loss 0.00017570|val_loss 0.00021966
Epoch 561|time: 0.08s|train_loss 0.00017542|val_loss 0.00022710
Epoch 562|time: 0.08s|train_loss 0.00019059|val_loss 0.00022321
Epoch 563|time: 0.08s|train_loss 0.00020612|val_loss 0.00021894
Epoch 564|time: 0.08s|train_loss 0.00017958|val_loss 0.00021786
Epoch 565|time: 0.08s|train_loss 0.00017185|val_loss 0.00022284
Epoch 566|time: 0.08s|train_loss 0.00017620|val_loss 0.00021960
Epoch 567|time: 0.08s|train_loss 0.00018736|val_loss 0.00021894
Epoch 568|time: 0.08s|train_loss 0.00020129|val_loss 0.00021855
Epoch 569|time: 0.08s|train_loss 0.00017533|val_loss 0.00022386
Epoch 570|time: 0.08s|train_loss 0.00017058|val_loss 0.00022087
Epoch 571|time: 0.08s|train_loss 0.00019144|val_loss 0.00023624
Epoch 572|time: 0.08s|train_loss 0.00021280|val_loss 0.00026024
Epoch 573|time: 0.08s|train_loss 0.00021447|val_loss 0.00024287
Epoch 574|time: 0.08s|train_loss 0.00019919|val_loss 0.00023337
Final evaluation
TEST MAE 0.2954 | std 0.1079 | RMSE 0.4989 | RMSEs 0.4724 | PCC 0.8726 | PCCs 0.8262 | R2 0.7205 | R2s 0.5840 | Var 0.7205 | Vars 0.5893 | Peak 0.1868
