--------Parameters--------
Namespace(batch=32, bi=False, check_point=1, cuda=False, dataset='us_hhs', dropout=0.2, epilambda=0.2, epochs=1500, gpu=3, hidsp=15, horizon=1, k=10, lamda=0.01, lr=0.005, model='cola_gnn', mylog=True, n_hidden=10, n_layer=1, patience=200, rnn_model='RNN', save_dir='save', seed=42, shuffle=False, sim_mat='us_hhs-adj', test=0.2, train=0.6, val=0.2, weight_decay=0.0005, window=20)
--------------------------
data shape (364, 10)
364 10
(364, 10)
size of train/val/test sets 198 73 73
#params: 1103
begin training
Epoch   1|time: 0.08s|train_loss 0.00075241|val_loss 0.00044740
Best validation epoch: 1 Sat May 13 00:43:57 2023
TEST MAE 0.4805 std 0.2466 RMSE 0.7487 RMSEs 0.6754 PCC 0.6726 PCCs 0.6644 R2 0.3703 R2s 0.2195 Var 0.4511 Vars 0.4377 Peak 0.3060
Epoch   2|time: 0.06s|train_loss 0.00045319|val_loss 0.00063234
Epoch   3|time: 0.06s|train_loss 0.00038806|val_loss 0.00035099
Best validation epoch: 3 Sat May 13 00:43:57 2023
TEST MAE 0.3518 std 0.1159 RMSE 0.5242 RMSEs 0.5003 PCC 0.8368 PCCs 0.7751 R2 0.6913 R2s 0.5538 Var 0.6998 Vars 0.5822 Peak 0.2030
Epoch   4|time: 0.06s|train_loss 0.00033407|val_loss 0.00030698
Best validation epoch: 4 Sat May 13 00:43:57 2023
TEST MAE 0.3622 std 0.0877 RMSE 0.4797 RMSEs 0.4620 PCC 0.8764 PCCs 0.8590 R2 0.7415 R2s 0.6045 Var 0.7670 Vars 0.7125 Peak 0.1661
Epoch   5|time: 0.06s|train_loss 0.00027337|val_loss 0.00028306
Best validation epoch: 5 Sat May 13 00:43:57 2023
TEST MAE 0.2820 std 0.1209 RMSE 0.4369 RMSEs 0.4080 PCC 0.9087 PCCs 0.8866 R2 0.7855 R2s 0.7109 Var 0.8184 Vars 0.7675 Peak 0.1709
Epoch   6|time: 0.06s|train_loss 0.00024053|val_loss 0.00022606
Best validation epoch: 6 Sat May 13 00:43:57 2023
TEST MAE 0.2243 std 0.0707 RMSE 0.3492 RMSEs 0.3353 PCC 0.9341 PCCs 0.9074 R2 0.8630 R2s 0.7972 Var 0.8679 Vars 0.8076 Peak 0.1353
Epoch   7|time: 0.06s|train_loss 0.00019875|val_loss 0.00021138
Best validation epoch: 7 Sat May 13 00:43:57 2023
TEST MAE 0.2269 std 0.0531 RMSE 0.3430 RMSEs 0.3313 PCC 0.9393 PCCs 0.9184 R2 0.8678 R2s 0.7989 Var 0.8681 Vars 0.8084 Peak 0.1293
Epoch   8|time: 0.06s|train_loss 0.00020714|val_loss 0.00027442
Epoch   9|time: 0.07s|train_loss 0.00019661|val_loss 0.00025465
Epoch  10|time: 0.06s|train_loss 0.00021038|val_loss 0.00017428
Best validation epoch: 10 Sat May 13 00:43:57 2023
TEST MAE 0.1995 std 0.0516 RMSE 0.3146 RMSEs 0.3048 PCC 0.9449 PCCs 0.9181 R2 0.8888 R2s 0.8286 Var 0.8917 Vars 0.8343 Peak 0.1224
Epoch  11|time: 0.06s|train_loss 0.00018103|val_loss 0.00019174
Epoch  12|time: 0.06s|train_loss 0.00016948|val_loss 0.00018212
Epoch  13|time: 0.06s|train_loss 0.00018788|val_loss 0.00016684
Best validation epoch: 13 Sat May 13 00:43:57 2023
TEST MAE 0.1947 std 0.0559 RMSE 0.2957 RMSEs 0.2836 PCC 0.9502 PCCs 0.9302 R2 0.9018 R2s 0.8538 Var 0.9018 Vars 0.8575 Peak 0.1138
Epoch  14|time: 0.06s|train_loss 0.00016237|val_loss 0.00016039
Best validation epoch: 14 Sat May 13 00:43:57 2023
TEST MAE 0.1893 std 0.0543 RMSE 0.2872 RMSEs 0.2757 PCC 0.9526 PCCs 0.9331 R2 0.9073 R2s 0.8612 Var 0.9075 Vars 0.8647 Peak 0.1092
Epoch  15|time: 0.06s|train_loss 0.00015889|val_loss 0.00015690
Best validation epoch: 15 Sat May 13 00:43:58 2023
TEST MAE 0.1845 std 0.0535 RMSE 0.2873 RMSEs 0.2766 PCC 0.9535 PCCs 0.9317 R2 0.9072 R2s 0.8598 Var 0.9091 Vars 0.8634 Peak 0.1127
Epoch  16|time: 0.06s|train_loss 0.00015174|val_loss 0.00015268
Best validation epoch: 16 Sat May 13 00:43:58 2023
TEST MAE 0.1892 std 0.0525 RMSE 0.2861 RMSEs 0.2749 PCC 0.9533 PCCs 0.9321 R2 0.9080 R2s 0.8615 Var 0.9082 Vars 0.8639 Peak 0.1103
Epoch  17|time: 0.06s|train_loss 0.00015452|val_loss 0.00019178
Epoch  18|time: 0.06s|train_loss 0.00018576|val_loss 0.00016335
Epoch  19|time: 0.06s|train_loss 0.00015063|val_loss 0.00016820
Epoch  20|time: 0.06s|train_loss 0.00015082|val_loss 0.00016466
Epoch  21|time: 0.07s|train_loss 0.00015031|val_loss 0.00015438
Epoch  22|time: 0.07s|train_loss 0.00015266|val_loss 0.00017451
Epoch  23|time: 0.06s|train_loss 0.00016012|val_loss 0.00019400
Epoch  24|time: 0.06s|train_loss 0.00016991|val_loss 0.00016695
Epoch  25|time: 0.06s|train_loss 0.00015662|val_loss 0.00016741
Epoch  26|time: 0.06s|train_loss 0.00014386|val_loss 0.00017261
Epoch  27|time: 0.06s|train_loss 0.00014080|val_loss 0.00017665
Epoch  28|time: 0.06s|train_loss 0.00013593|val_loss 0.00015883
Epoch  29|time: 0.06s|train_loss 0.00013566|val_loss 0.00014402
Best validation epoch: 29 Sat May 13 00:43:59 2023
TEST MAE 0.1696 std 0.0479 RMSE 0.2583 RMSEs 0.2485 PCC 0.9624 PCCs 0.9442 R2 0.9251 R2s 0.8860 Var 0.9260 Vars 0.8882 Peak 0.1000
Epoch  30|time: 0.06s|train_loss 0.00013427|val_loss 0.00014107
Best validation epoch: 30 Sat May 13 00:43:59 2023
TEST MAE 0.1743 std 0.0481 RMSE 0.2603 RMSEs 0.2511 PCC 0.9616 PCCs 0.9421 R2 0.9239 R2s 0.8829 Var 0.9246 Vars 0.8844 Peak 0.1009
Epoch  31|time: 0.06s|train_loss 0.00013174|val_loss 0.00015668
Epoch  32|time: 0.06s|train_loss 0.00015229|val_loss 0.00017181
Epoch  33|time: 0.06s|train_loss 0.00015230|val_loss 0.00015208
Epoch  34|time: 0.06s|train_loss 0.00014789|val_loss 0.00014400
Epoch  35|time: 0.06s|train_loss 0.00013975|val_loss 0.00015267
Epoch  36|time: 0.06s|train_loss 0.00013348|val_loss 0.00014808
Epoch  37|time: 0.06s|train_loss 0.00013964|val_loss 0.00016630
Epoch  38|time: 0.06s|train_loss 0.00014535|val_loss 0.00020041
Epoch  39|time: 0.06s|train_loss 0.00016992|val_loss 0.00016208
Epoch  40|time: 0.06s|train_loss 0.00013391|val_loss 0.00014955
Epoch  41|time: 0.06s|train_loss 0.00013510|val_loss 0.00016304
Epoch  42|time: 0.06s|train_loss 0.00013637|val_loss 0.00015742
Epoch  43|time: 0.06s|train_loss 0.00012904|val_loss 0.00015347
Epoch  44|time: 0.06s|train_loss 0.00012859|val_loss 0.00013848
Best validation epoch: 44 Sat May 13 00:43:59 2023
TEST MAE 0.1654 std 0.0476 RMSE 0.2524 RMSEs 0.2428 PCC 0.9640 PCCs 0.9462 R2 0.9284 R2s 0.8907 Var 0.9287 Vars 0.8914 Peak 0.0947
Epoch  45|time: 0.06s|train_loss 0.00013442|val_loss 0.00013554
Best validation epoch: 45 Sat May 13 00:44:00 2023
TEST MAE 0.1673 std 0.0500 RMSE 0.2554 RMSEs 0.2449 PCC 0.9639 PCCs 0.9478 R2 0.9267 R2s 0.8900 Var 0.9268 Vars 0.8905 Peak 0.0937
Epoch  46|time: 0.06s|train_loss 0.00012318|val_loss 0.00014078
Epoch  47|time: 0.06s|train_loss 0.00012330|val_loss 0.00015283
Epoch  48|time: 0.06s|train_loss 0.00012957|val_loss 0.00013652
Epoch  49|time: 0.06s|train_loss 0.00013292|val_loss 0.00016373
Epoch  50|time: 0.06s|train_loss 0.00014134|val_loss 0.00015871
Epoch  51|time: 0.07s|train_loss 0.00014477|val_loss 0.00015992
Epoch  52|time: 0.06s|train_loss 0.00014076|val_loss 0.00014796
Epoch  53|time: 0.06s|train_loss 0.00013607|val_loss 0.00015269
Epoch  54|time: 0.06s|train_loss 0.00014316|val_loss 0.00013922
Epoch  55|time: 0.06s|train_loss 0.00012914|val_loss 0.00014892
Epoch  56|time: 0.06s|train_loss 0.00014064|val_loss 0.00014059
Epoch  57|time: 0.06s|train_loss 0.00013458|val_loss 0.00013751
Epoch  58|time: 0.06s|train_loss 0.00011676|val_loss 0.00013243
Best validation epoch: 58 Sat May 13 00:44:00 2023
TEST MAE 0.1671 std 0.0467 RMSE 0.2558 RMSEs 0.2465 PCC 0.9648 PCCs 0.9472 R2 0.9265 R2s 0.8878 Var 0.9267 Vars 0.8884 Peak 0.0946
Epoch  59|time: 0.06s|train_loss 0.00012741|val_loss 0.00014994
Epoch  60|time: 0.06s|train_loss 0.00012814|val_loss 0.00015069
Epoch  61|time: 0.06s|train_loss 0.00013126|val_loss 0.00014803
Epoch  62|time: 0.06s|train_loss 0.00012748|val_loss 0.00013579
Epoch  63|time: 0.09s|train_loss 0.00012268|val_loss 0.00013752
Epoch  64|time: 0.06s|train_loss 0.00012515|val_loss 0.00013598
Epoch  65|time: 0.06s|train_loss 0.00012004|val_loss 0.00013662
Epoch  66|time: 0.06s|train_loss 0.00011933|val_loss 0.00014029
Epoch  67|time: 0.06s|train_loss 0.00013129|val_loss 0.00014612
Epoch  68|time: 0.06s|train_loss 0.00014169|val_loss 0.00013298
Epoch  69|time: 0.06s|train_loss 0.00012426|val_loss 0.00015838
Epoch  70|time: 0.06s|train_loss 0.00013458|val_loss 0.00014830
Epoch  71|time: 0.07s|train_loss 0.00012601|val_loss 0.00013443
Epoch  72|time: 0.06s|train_loss 0.00014151|val_loss 0.00014917
Epoch  73|time: 0.06s|train_loss 0.00012891|val_loss 0.00016198
Epoch  74|time: 0.06s|train_loss 0.00014634|val_loss 0.00016266
Epoch  75|time: 0.06s|train_loss 0.00013504|val_loss 0.00016612
Epoch  76|time: 0.06s|train_loss 0.00014223|val_loss 0.00016852
Epoch  77|time: 0.06s|train_loss 0.00014025|val_loss 0.00013467
Epoch  78|time: 0.06s|train_loss 0.00012874|val_loss 0.00014012
Epoch  79|time: 0.06s|train_loss 0.00012050|val_loss 0.00013459
Epoch  80|time: 0.06s|train_loss 0.00011873|val_loss 0.00013596
Epoch  81|time: 0.06s|train_loss 0.00012670|val_loss 0.00013499
Epoch  82|time: 0.06s|train_loss 0.00013687|val_loss 0.00014059
Epoch  83|time: 0.06s|train_loss 0.00013179|val_loss 0.00013903
Epoch  84|time: 0.06s|train_loss 0.00012951|val_loss 0.00013269
Epoch  85|time: 0.07s|train_loss 0.00012254|val_loss 0.00013702
Epoch  86|time: 0.06s|train_loss 0.00013018|val_loss 0.00013297
Epoch  87|time: 0.06s|train_loss 0.00013108|val_loss 0.00013635
Epoch  88|time: 0.06s|train_loss 0.00012733|val_loss 0.00013708
Epoch  89|time: 0.06s|train_loss 0.00013069|val_loss 0.00014791
Epoch  90|time: 0.06s|train_loss 0.00013705|val_loss 0.00013388
Epoch  91|time: 0.06s|train_loss 0.00012850|val_loss 0.00015013
Epoch  92|time: 0.06s|train_loss 0.00012505|val_loss 0.00013530
Epoch  93|time: 0.06s|train_loss 0.00013791|val_loss 0.00013608
Epoch  94|time: 0.06s|train_loss 0.00011919|val_loss 0.00013091
Best validation epoch: 94 Sat May 13 00:44:03 2023
TEST MAE 0.1698 std 0.0489 RMSE 0.2600 RMSEs 0.2505 PCC 0.9659 PCCs 0.9495 R2 0.9241 R2s 0.8836 Var 0.9278 Vars 0.8907 Peak 0.0932
Epoch  95|time: 0.06s|train_loss 0.00013032|val_loss 0.00013727
Epoch  96|time: 0.06s|train_loss 0.00012835|val_loss 0.00013724
Epoch  97|time: 0.06s|train_loss 0.00014228|val_loss 0.00013619
Epoch  98|time: 0.06s|train_loss 0.00012750|val_loss 0.00015933
Epoch  99|time: 0.06s|train_loss 0.00012869|val_loss 0.00013808
Epoch 100|time: 0.06s|train_loss 0.00011830|val_loss 0.00013424
Epoch 101|time: 0.06s|train_loss 0.00012017|val_loss 0.00015754
Epoch 102|time: 0.06s|train_loss 0.00012822|val_loss 0.00013847
Epoch 103|time: 0.06s|train_loss 0.00012642|val_loss 0.00013442
Epoch 104|time: 0.06s|train_loss 0.00012261|val_loss 0.00014860
Epoch 105|time: 0.06s|train_loss 0.00012130|val_loss 0.00013414
Epoch 106|time: 0.06s|train_loss 0.00012062|val_loss 0.00013736
Epoch 107|time: 0.06s|train_loss 0.00012414|val_loss 0.00013370
Epoch 108|time: 0.06s|train_loss 0.00013184|val_loss 0.00013549
Epoch 109|time: 0.06s|train_loss 0.00012995|val_loss 0.00013814
Epoch 110|time: 0.06s|train_loss 0.00012389|val_loss 0.00013215
Epoch 111|time: 0.06s|train_loss 0.00012928|val_loss 0.00013760
Epoch 112|time: 0.06s|train_loss 0.00011832|val_loss 0.00014177
Epoch 113|time: 0.06s|train_loss 0.00011720|val_loss 0.00013231
Epoch 114|time: 0.06s|train_loss 0.00011723|val_loss 0.00013211
Epoch 115|time: 0.06s|train_loss 0.00012140|val_loss 0.00013360
Epoch 116|time: 0.07s|train_loss 0.00012118|val_loss 0.00013753
Epoch 117|time: 0.06s|train_loss 0.00011194|val_loss 0.00013762
Epoch 118|time: 0.06s|train_loss 0.00012573|val_loss 0.00014334
Epoch 119|time: 0.06s|train_loss 0.00011887|val_loss 0.00013052
Best validation epoch: 119 Sat May 13 00:44:04 2023
TEST MAE 0.1672 std 0.0468 RMSE 0.2582 RMSEs 0.2491 PCC 0.9652 PCCs 0.9485 R2 0.9251 R2s 0.8853 Var 0.9269 Vars 0.8889 Peak 0.0929
Epoch 120|time: 0.06s|train_loss 0.00012370|val_loss 0.00013906
Epoch 121|time: 0.06s|train_loss 0.00013267|val_loss 0.00013736
Epoch 122|time: 0.06s|train_loss 0.00012195|val_loss 0.00014835
Epoch 123|time: 0.06s|train_loss 0.00013100|val_loss 0.00013598
Epoch 124|time: 0.07s|train_loss 0.00011800|val_loss 0.00013681
Epoch 125|time: 0.07s|train_loss 0.00012324|val_loss 0.00013939
Epoch 126|time: 0.06s|train_loss 0.00012099|val_loss 0.00016017
Epoch 127|time: 0.06s|train_loss 0.00012508|val_loss 0.00013553
Epoch 128|time: 0.06s|train_loss 0.00011760|val_loss 0.00014971
Epoch 129|time: 0.06s|train_loss 0.00011714|val_loss 0.00013500
Epoch 130|time: 0.06s|train_loss 0.00011560|val_loss 0.00013511
Epoch 131|time: 0.06s|train_loss 0.00012236|val_loss 0.00013997
Epoch 132|time: 0.06s|train_loss 0.00012383|val_loss 0.00013361
Epoch 133|time: 0.06s|train_loss 0.00012034|val_loss 0.00014199
Epoch 134|time: 0.06s|train_loss 0.00012263|val_loss 0.00014760
Epoch 135|time: 0.06s|train_loss 0.00012479|val_loss 0.00014050
Epoch 136|time: 0.06s|train_loss 0.00012766|val_loss 0.00013406
Epoch 137|time: 0.06s|train_loss 0.00012961|val_loss 0.00013612
Epoch 138|time: 0.06s|train_loss 0.00012021|val_loss 0.00014456
Epoch 139|time: 0.06s|train_loss 0.00012243|val_loss 0.00014300
Epoch 140|time: 0.06s|train_loss 0.00012058|val_loss 0.00013195
Epoch 141|time: 0.06s|train_loss 0.00011791|val_loss 0.00012984
Best validation epoch: 141 Sat May 13 00:44:06 2023
TEST MAE 0.1624 std 0.0452 RMSE 0.2515 RMSEs 0.2421 PCC 0.9652 PCCs 0.9507 R2 0.9290 R2s 0.8915 Var 0.9295 Vars 0.8940 Peak 0.0898
Epoch 142|time: 0.06s|train_loss 0.00014195|val_loss 0.00013247
Epoch 143|time: 0.06s|train_loss 0.00011816|val_loss 0.00013139
Epoch 144|time: 0.06s|train_loss 0.00011839|val_loss 0.00013074
Epoch 145|time: 0.06s|train_loss 0.00012508|val_loss 0.00013705
Epoch 146|time: 0.06s|train_loss 0.00012566|val_loss 0.00013944
Epoch 147|time: 0.06s|train_loss 0.00012915|val_loss 0.00013214
Epoch 148|time: 0.07s|train_loss 0.00011983|val_loss 0.00013776
Epoch 149|time: 0.06s|train_loss 0.00012560|val_loss 0.00013191
Epoch 150|time: 0.06s|train_loss 0.00012434|val_loss 0.00013027
Epoch 151|time: 0.06s|train_loss 0.00012219|val_loss 0.00013762
Epoch 152|time: 0.07s|train_loss 0.00012091|val_loss 0.00015298
Epoch 153|time: 0.06s|train_loss 0.00011479|val_loss 0.00013452
Epoch 154|time: 0.06s|train_loss 0.00011670|val_loss 0.00013353
Epoch 155|time: 0.06s|train_loss 0.00012042|val_loss 0.00013188
Epoch 156|time: 0.07s|train_loss 0.00012630|val_loss 0.00013851
Epoch 157|time: 0.06s|train_loss 0.00011763|val_loss 0.00013219
Epoch 158|time: 0.06s|train_loss 0.00011552|val_loss 0.00013326
Epoch 159|time: 0.06s|train_loss 0.00011248|val_loss 0.00014949
Epoch 160|time: 0.06s|train_loss 0.00014059|val_loss 0.00014041
Epoch 161|time: 0.06s|train_loss 0.00011960|val_loss 0.00014464
Epoch 162|time: 0.06s|train_loss 0.00012493|val_loss 0.00013532
Epoch 163|time: 0.06s|train_loss 0.00011422|val_loss 0.00013822
Epoch 164|time: 0.06s|train_loss 0.00012452|val_loss 0.00013094
Epoch 165|time: 0.06s|train_loss 0.00011596|val_loss 0.00013304
Epoch 166|time: 0.06s|train_loss 0.00011991|val_loss 0.00013845
Epoch 167|time: 0.06s|train_loss 0.00011120|val_loss 0.00014700
Epoch 168|time: 0.06s|train_loss 0.00012081|val_loss 0.00013680
Epoch 169|time: 0.06s|train_loss 0.00012269|val_loss 0.00013586
Epoch 170|time: 0.06s|train_loss 0.00013273|val_loss 0.00013551
Epoch 171|time: 0.06s|train_loss 0.00012451|val_loss 0.00013687
Epoch 172|time: 0.06s|train_loss 0.00011825|val_loss 0.00013324
Epoch 173|time: 0.06s|train_loss 0.00011386|val_loss 0.00013414
Epoch 174|time: 0.06s|train_loss 0.00011861|val_loss 0.00014928
Epoch 175|time: 0.06s|train_loss 0.00012668|val_loss 0.00016657
Epoch 176|time: 0.06s|train_loss 0.00012351|val_loss 0.00015940
Epoch 177|time: 0.06s|train_loss 0.00012302|val_loss 0.00013944
Epoch 178|time: 0.06s|train_loss 0.00011539|val_loss 0.00013692
Epoch 179|time: 0.06s|train_loss 0.00012288|val_loss 0.00014542
Epoch 180|time: 0.06s|train_loss 0.00013375|val_loss 0.00013538
Epoch 181|time: 0.06s|train_loss 0.00011420|val_loss 0.00013147
Epoch 182|time: 0.06s|train_loss 0.00012078|val_loss 0.00013174
Epoch 183|time: 0.06s|train_loss 0.00011985|val_loss 0.00013559
Epoch 184|time: 0.06s|train_loss 0.00011828|val_loss 0.00013263
Epoch 185|time: 0.06s|train_loss 0.00011690|val_loss 0.00013980
Epoch 186|time: 0.06s|train_loss 0.00011931|val_loss 0.00016908
Epoch 187|time: 0.06s|train_loss 0.00012790|val_loss 0.00013813
Epoch 188|time: 0.06s|train_loss 0.00012102|val_loss 0.00013732
Epoch 189|time: 0.06s|train_loss 0.00012034|val_loss 0.00014200
Epoch 190|time: 0.06s|train_loss 0.00011542|val_loss 0.00013417
Epoch 191|time: 0.06s|train_loss 0.00012037|val_loss 0.00013447
Epoch 192|time: 0.06s|train_loss 0.00011478|val_loss 0.00013507
Epoch 193|time: 0.06s|train_loss 0.00011647|val_loss 0.00013213
Epoch 194|time: 0.06s|train_loss 0.00012098|val_loss 0.00013793
Epoch 195|time: 0.06s|train_loss 0.00011779|val_loss 0.00013847
Epoch 196|time: 0.06s|train_loss 0.00013565|val_loss 0.00016398
Epoch 197|time: 0.06s|train_loss 0.00013873|val_loss 0.00014353
Epoch 198|time: 0.06s|train_loss 0.00012625|val_loss 0.00013967
Epoch 199|time: 0.06s|train_loss 0.00012415|val_loss 0.00014074
Epoch 200|time: 0.06s|train_loss 0.00011564|val_loss 0.00015072
Epoch 201|time: 0.06s|train_loss 0.00014111|val_loss 0.00014562
Epoch 202|time: 0.06s|train_loss 0.00013165|val_loss 0.00013356
Epoch 203|time: 0.06s|train_loss 0.00012058|val_loss 0.00014303
Epoch 204|time: 0.06s|train_loss 0.00011931|val_loss 0.00013509
Epoch 205|time: 0.06s|train_loss 0.00012417|val_loss 0.00014628
Epoch 206|time: 0.06s|train_loss 0.00012334|val_loss 0.00013317
Epoch 207|time: 0.06s|train_loss 0.00011884|val_loss 0.00012960
Best validation epoch: 207 Sat May 13 00:44:10 2023
TEST MAE 0.1776 std 0.0516 RMSE 0.2739 RMSEs 0.2642 PCC 0.9650 PCCs 0.9498 R2 0.9157 R2s 0.8691 Var 0.9233 Vars 0.8844 Peak 0.0970
Epoch 208|time: 0.06s|train_loss 0.00012276|val_loss 0.00013308
Epoch 209|time: 0.06s|train_loss 0.00011922|val_loss 0.00013048
Epoch 210|time: 0.06s|train_loss 0.00012205|val_loss 0.00013462
Epoch 211|time: 0.06s|train_loss 0.00012707|val_loss 0.00013819
Epoch 212|time: 0.06s|train_loss 0.00012016|val_loss 0.00013259
Epoch 213|time: 0.06s|train_loss 0.00012273|val_loss 0.00013039
Epoch 214|time: 0.06s|train_loss 0.00011626|val_loss 0.00013702
Epoch 215|time: 0.06s|train_loss 0.00011451|val_loss 0.00013372
Epoch 216|time: 0.06s|train_loss 0.00011654|val_loss 0.00013197
Epoch 217|time: 0.06s|train_loss 0.00011584|val_loss 0.00014323
Epoch 218|time: 0.06s|train_loss 0.00011077|val_loss 0.00012840
Best validation epoch: 218 Sat May 13 00:44:11 2023
TEST MAE 0.1631 std 0.0466 RMSE 0.2564 RMSEs 0.2466 PCC 0.9649 PCCs 0.9512 R2 0.9261 R2s 0.8875 Var 0.9267 Vars 0.8903 Peak 0.0915
Epoch 219|time: 0.06s|train_loss 0.00011625|val_loss 0.00014050
Epoch 220|time: 0.06s|train_loss 0.00011922|val_loss 0.00016629
Epoch 221|time: 0.06s|train_loss 0.00012892|val_loss 0.00013780
Epoch 222|time: 0.06s|train_loss 0.00012491|val_loss 0.00013205
Epoch 223|time: 0.06s|train_loss 0.00013240|val_loss 0.00013966
Epoch 224|time: 0.06s|train_loss 0.00012600|val_loss 0.00013879
Epoch 225|time: 0.06s|train_loss 0.00011756|val_loss 0.00013336
Epoch 226|time: 0.06s|train_loss 0.00011712|val_loss 0.00014231
Epoch 227|time: 0.06s|train_loss 0.00014223|val_loss 0.00013218
Epoch 228|time: 0.06s|train_loss 0.00012029|val_loss 0.00014849
Epoch 229|time: 0.06s|train_loss 0.00012075|val_loss 0.00015885
Epoch 230|time: 0.06s|train_loss 0.00011937|val_loss 0.00014485
Epoch 231|time: 0.06s|train_loss 0.00012543|val_loss 0.00016053
Epoch 232|time: 0.06s|train_loss 0.00012375|val_loss 0.00015451
Epoch 233|time: 0.06s|train_loss 0.00014192|val_loss 0.00017194
Epoch 234|time: 0.06s|train_loss 0.00014648|val_loss 0.00014978
Epoch 235|time: 0.06s|train_loss 0.00013527|val_loss 0.00014951
Epoch 236|time: 0.06s|train_loss 0.00013201|val_loss 0.00014076
Epoch 237|time: 0.06s|train_loss 0.00012329|val_loss 0.00013376
Epoch 238|time: 0.06s|train_loss 0.00012308|val_loss 0.00013665
Epoch 239|time: 0.06s|train_loss 0.00011695|val_loss 0.00013652
Epoch 240|time: 0.06s|train_loss 0.00011848|val_loss 0.00013854
Epoch 241|time: 0.06s|train_loss 0.00011501|val_loss 0.00013247
Epoch 242|time: 0.06s|train_loss 0.00012192|val_loss 0.00015525
Epoch 243|time: 0.06s|train_loss 0.00012877|val_loss 0.00013543
Epoch 244|time: 0.06s|train_loss 0.00014243|val_loss 0.00013172
Epoch 245|time: 0.06s|train_loss 0.00012969|val_loss 0.00015693
Epoch 246|time: 0.06s|train_loss 0.00013419|val_loss 0.00013526
Epoch 247|time: 0.06s|train_loss 0.00012435|val_loss 0.00013569
Epoch 248|time: 0.06s|train_loss 0.00012323|val_loss 0.00013482
Epoch 249|time: 0.06s|train_loss 0.00011219|val_loss 0.00013159
Epoch 250|time: 0.06s|train_loss 0.00011022|val_loss 0.00013256
Epoch 251|time: 0.06s|train_loss 0.00012083|val_loss 0.00013155
Epoch 252|time: 0.06s|train_loss 0.00012091|val_loss 0.00013032
Epoch 253|time: 0.06s|train_loss 0.00012013|val_loss 0.00013399
Epoch 254|time: 0.06s|train_loss 0.00011189|val_loss 0.00013402
Epoch 255|time: 0.06s|train_loss 0.00011553|val_loss 0.00013237
Epoch 256|time: 0.06s|train_loss 0.00011481|val_loss 0.00013048
Epoch 257|time: 0.06s|train_loss 0.00011798|val_loss 0.00013042
Epoch 258|time: 0.06s|train_loss 0.00011397|val_loss 0.00012964
Epoch 259|time: 0.06s|train_loss 0.00011769|val_loss 0.00013050
Epoch 260|time: 0.06s|train_loss 0.00012584|val_loss 0.00013727
Epoch 261|time: 0.06s|train_loss 0.00011940|val_loss 0.00014107
Epoch 262|time: 0.06s|train_loss 0.00011871|val_loss 0.00013335
Epoch 263|time: 0.06s|train_loss 0.00012330|val_loss 0.00015168
Epoch 264|time: 0.06s|train_loss 0.00012528|val_loss 0.00013758
Epoch 265|time: 0.06s|train_loss 0.00011693|val_loss 0.00012982
Epoch 266|time: 0.06s|train_loss 0.00011364|val_loss 0.00013125
Epoch 267|time: 0.06s|train_loss 0.00011739|val_loss 0.00013763
Epoch 268|time: 0.06s|train_loss 0.00012092|val_loss 0.00013079
Epoch 269|time: 0.06s|train_loss 0.00012972|val_loss 0.00013130
Epoch 270|time: 0.06s|train_loss 0.00012805|val_loss 0.00013325
Epoch 271|time: 0.06s|train_loss 0.00011642|val_loss 0.00015184
Epoch 272|time: 0.06s|train_loss 0.00011770|val_loss 0.00013727
Epoch 273|time: 0.06s|train_loss 0.00011046|val_loss 0.00013082
Epoch 274|time: 0.06s|train_loss 0.00011713|val_loss 0.00013551
Epoch 275|time: 0.06s|train_loss 0.00011779|val_loss 0.00013028
Epoch 276|time: 0.06s|train_loss 0.00011352|val_loss 0.00013552
Epoch 277|time: 0.06s|train_loss 0.00012279|val_loss 0.00013579
Epoch 278|time: 0.06s|train_loss 0.00011709|val_loss 0.00012958
Epoch 279|time: 0.06s|train_loss 0.00012517|val_loss 0.00013341
Epoch 280|time: 0.06s|train_loss 0.00012336|val_loss 0.00013542
Epoch 281|time: 0.06s|train_loss 0.00014244|val_loss 0.00013984
Epoch 282|time: 0.06s|train_loss 0.00013401|val_loss 0.00014033
Epoch 283|time: 0.06s|train_loss 0.00011931|val_loss 0.00014591
Epoch 284|time: 0.06s|train_loss 0.00012154|val_loss 0.00014751
Epoch 285|time: 0.06s|train_loss 0.00012760|val_loss 0.00013356
Epoch 286|time: 0.06s|train_loss 0.00012033|val_loss 0.00013551
Epoch 287|time: 0.06s|train_loss 0.00011820|val_loss 0.00014264
Epoch 288|time: 0.06s|train_loss 0.00012443|val_loss 0.00013341
Epoch 289|time: 0.06s|train_loss 0.00011677|val_loss 0.00013699
Epoch 290|time: 0.06s|train_loss 0.00011847|val_loss 0.00013772
Epoch 291|time: 0.06s|train_loss 0.00012408|val_loss 0.00013662
Epoch 292|time: 0.06s|train_loss 0.00012192|val_loss 0.00012949
Epoch 293|time: 0.06s|train_loss 0.00012195|val_loss 0.00013194
Epoch 294|time: 0.06s|train_loss 0.00011393|val_loss 0.00013056
Epoch 295|time: 0.06s|train_loss 0.00011679|val_loss 0.00013272
Epoch 296|time: 0.06s|train_loss 0.00011474|val_loss 0.00013204
Epoch 297|time: 0.06s|train_loss 0.00014199|val_loss 0.00013282
Epoch 298|time: 0.06s|train_loss 0.00011740|val_loss 0.00013072
Epoch 299|time: 0.06s|train_loss 0.00011788|val_loss 0.00013824
Epoch 300|time: 0.06s|train_loss 0.00011585|val_loss 0.00013628
Epoch 301|time: 0.06s|train_loss 0.00011942|val_loss 0.00013276
Epoch 302|time: 0.06s|train_loss 0.00010934|val_loss 0.00013367
Epoch 303|time: 0.06s|train_loss 0.00011713|val_loss 0.00013103
Epoch 304|time: 0.06s|train_loss 0.00011303|val_loss 0.00013190
Epoch 305|time: 0.06s|train_loss 0.00011424|val_loss 0.00014054
Epoch 306|time: 0.06s|train_loss 0.00013102|val_loss 0.00013992
Epoch 307|time: 0.06s|train_loss 0.00012165|val_loss 0.00013011
Epoch 308|time: 0.06s|train_loss 0.00011778|val_loss 0.00013362
Epoch 309|time: 0.06s|train_loss 0.00011623|val_loss 0.00013963
Epoch 310|time: 0.06s|train_loss 0.00012134|val_loss 0.00013247
Epoch 311|time: 0.06s|train_loss 0.00013045|val_loss 0.00014956
Epoch 312|time: 0.06s|train_loss 0.00011809|val_loss 0.00013412
Epoch 313|time: 0.06s|train_loss 0.00012003|val_loss 0.00014804
Epoch 314|time: 0.06s|train_loss 0.00012576|val_loss 0.00015538
Epoch 315|time: 0.06s|train_loss 0.00013251|val_loss 0.00013495
Epoch 316|time: 0.06s|train_loss 0.00011612|val_loss 0.00013111
Epoch 317|time: 0.06s|train_loss 0.00011690|val_loss 0.00013790
Epoch 318|time: 0.06s|train_loss 0.00012166|val_loss 0.00013144
Epoch 319|time: 0.06s|train_loss 0.00011661|val_loss 0.00013419
Epoch 320|time: 0.06s|train_loss 0.00011647|val_loss 0.00012826
Best validation epoch: 320 Sat May 13 00:44:17 2023
TEST MAE 0.1700 std 0.0480 RMSE 0.2666 RMSEs 0.2575 PCC 0.9653 PCCs 0.9499 R2 0.9202 R2s 0.8752 Var 0.9246 Vars 0.8847 Peak 0.0946
Epoch 321|time: 0.06s|train_loss 0.00011701|val_loss 0.00013273
Epoch 322|time: 0.07s|train_loss 0.00012196|val_loss 0.00013295
Epoch 323|time: 0.06s|train_loss 0.00012028|val_loss 0.00013514
Epoch 324|time: 0.07s|train_loss 0.00011837|val_loss 0.00013015
Epoch 325|time: 0.07s|train_loss 0.00011291|val_loss 0.00013297
Epoch 326|time: 0.06s|train_loss 0.00014934|val_loss 0.00013455
Epoch 327|time: 0.06s|train_loss 0.00013147|val_loss 0.00013422
Epoch 328|time: 0.06s|train_loss 0.00012649|val_loss 0.00013360
Epoch 329|time: 0.06s|train_loss 0.00012883|val_loss 0.00013174
Epoch 330|time: 0.06s|train_loss 0.00011754|val_loss 0.00012854
Epoch 331|time: 0.06s|train_loss 0.00011865|val_loss 0.00013048
Epoch 332|time: 0.06s|train_loss 0.00012593|val_loss 0.00013047
Epoch 333|time: 0.06s|train_loss 0.00011634|val_loss 0.00013088
Epoch 334|time: 0.06s|train_loss 0.00012027|val_loss 0.00013330
Epoch 335|time: 0.06s|train_loss 0.00011842|val_loss 0.00013323
Epoch 336|time: 0.06s|train_loss 0.00011581|val_loss 0.00013277
Epoch 337|time: 0.06s|train_loss 0.00012906|val_loss 0.00014849
Epoch 338|time: 0.06s|train_loss 0.00013020|val_loss 0.00013852
Epoch 339|time: 0.06s|train_loss 0.00012319|val_loss 0.00014039
Epoch 340|time: 0.06s|train_loss 0.00012573|val_loss 0.00013618
Epoch 341|time: 0.06s|train_loss 0.00012099|val_loss 0.00013609
Epoch 342|time: 0.06s|train_loss 0.00012459|val_loss 0.00013040
Epoch 343|time: 0.06s|train_loss 0.00011455|val_loss 0.00013836
Epoch 344|time: 0.06s|train_loss 0.00011484|val_loss 0.00013028
Epoch 345|time: 0.06s|train_loss 0.00011859|val_loss 0.00013172
Epoch 346|time: 0.06s|train_loss 0.00011629|val_loss 0.00014046
Epoch 347|time: 0.06s|train_loss 0.00012365|val_loss 0.00016942
Epoch 348|time: 0.06s|train_loss 0.00012827|val_loss 0.00015086
Epoch 349|time: 0.06s|train_loss 0.00012258|val_loss 0.00013275
Epoch 350|time: 0.06s|train_loss 0.00011903|val_loss 0.00013597
Epoch 351|time: 0.06s|train_loss 0.00011791|val_loss 0.00014825
Epoch 352|time: 0.06s|train_loss 0.00012409|val_loss 0.00013140
Epoch 353|time: 0.06s|train_loss 0.00015546|val_loss 0.00014710
Epoch 354|time: 0.06s|train_loss 0.00012207|val_loss 0.00017251
Epoch 355|time: 0.06s|train_loss 0.00014331|val_loss 0.00013004
Epoch 356|time: 0.06s|train_loss 0.00011937|val_loss 0.00013385
Epoch 357|time: 0.06s|train_loss 0.00012352|val_loss 0.00013614
Epoch 358|time: 0.06s|train_loss 0.00011874|val_loss 0.00013535
Epoch 359|time: 0.06s|train_loss 0.00011745|val_loss 0.00013037
Epoch 360|time: 0.06s|train_loss 0.00011831|val_loss 0.00013609
Epoch 361|time: 0.06s|train_loss 0.00011653|val_loss 0.00012981
Epoch 362|time: 0.06s|train_loss 0.00012713|val_loss 0.00013700
Epoch 363|time: 0.06s|train_loss 0.00012686|val_loss 0.00013338
Epoch 364|time: 0.06s|train_loss 0.00011535|val_loss 0.00013397
Epoch 365|time: 0.06s|train_loss 0.00011953|val_loss 0.00013037
Epoch 366|time: 0.06s|train_loss 0.00011716|val_loss 0.00013832
Epoch 367|time: 0.06s|train_loss 0.00011169|val_loss 0.00013457
Epoch 368|time: 0.06s|train_loss 0.00013042|val_loss 0.00013534
Epoch 369|time: 0.06s|train_loss 0.00012093|val_loss 0.00013608
Epoch 370|time: 0.06s|train_loss 0.00012096|val_loss 0.00014091
Epoch 371|time: 0.06s|train_loss 0.00012073|val_loss 0.00013435
Epoch 372|time: 0.06s|train_loss 0.00012514|val_loss 0.00013461
Epoch 373|time: 0.06s|train_loss 0.00011686|val_loss 0.00013404
Epoch 374|time: 0.06s|train_loss 0.00012541|val_loss 0.00013298
Epoch 375|time: 0.06s|train_loss 0.00011810|val_loss 0.00013561
Epoch 376|time: 0.06s|train_loss 0.00011978|val_loss 0.00013533
Epoch 377|time: 0.06s|train_loss 0.00012605|val_loss 0.00013406
Epoch 378|time: 0.06s|train_loss 0.00012061|val_loss 0.00014292
Epoch 379|time: 0.06s|train_loss 0.00011474|val_loss 0.00013784
Epoch 380|time: 0.06s|train_loss 0.00011527|val_loss 0.00013836
Epoch 381|time: 0.06s|train_loss 0.00011989|val_loss 0.00013518
Epoch 382|time: 0.06s|train_loss 0.00012755|val_loss 0.00013259
Epoch 383|time: 0.06s|train_loss 0.00011248|val_loss 0.00013045
Epoch 384|time: 0.06s|train_loss 0.00011759|val_loss 0.00013721
Epoch 385|time: 0.06s|train_loss 0.00011566|val_loss 0.00013707
Epoch 386|time: 0.06s|train_loss 0.00013007|val_loss 0.00013440
Epoch 387|time: 0.06s|train_loss 0.00011174|val_loss 0.00013315
Epoch 388|time: 0.06s|train_loss 0.00011752|val_loss 0.00013151
Epoch 389|time: 0.06s|train_loss 0.00011592|val_loss 0.00014348
Epoch 390|time: 0.06s|train_loss 0.00011580|val_loss 0.00014523
Epoch 391|time: 0.06s|train_loss 0.00013377|val_loss 0.00016615
Epoch 392|time: 0.06s|train_loss 0.00015097|val_loss 0.00014030
Epoch 393|time: 0.06s|train_loss 0.00012187|val_loss 0.00013551
Epoch 394|time: 0.06s|train_loss 0.00011816|val_loss 0.00012936
Epoch 395|time: 0.06s|train_loss 0.00011584|val_loss 0.00012980
Epoch 396|time: 0.06s|train_loss 0.00011190|val_loss 0.00013161
Epoch 397|time: 0.06s|train_loss 0.00011902|val_loss 0.00013627
Epoch 398|time: 0.06s|train_loss 0.00012506|val_loss 0.00013757
Epoch 399|time: 0.06s|train_loss 0.00013036|val_loss 0.00013621
Epoch 400|time: 0.06s|train_loss 0.00014161|val_loss 0.00013772
Epoch 401|time: 0.06s|train_loss 0.00012107|val_loss 0.00013874
Epoch 402|time: 0.06s|train_loss 0.00012630|val_loss 0.00013487
Epoch 403|time: 0.06s|train_loss 0.00011944|val_loss 0.00013375
Epoch 404|time: 0.06s|train_loss 0.00012892|val_loss 0.00013317
Epoch 405|time: 0.06s|train_loss 0.00013061|val_loss 0.00014623
Epoch 406|time: 0.06s|train_loss 0.00011871|val_loss 0.00013558
Epoch 407|time: 0.06s|train_loss 0.00011740|val_loss 0.00013007
Epoch 408|time: 0.06s|train_loss 0.00012152|val_loss 0.00013213
Epoch 409|time: 0.06s|train_loss 0.00011738|val_loss 0.00013043
Epoch 410|time: 0.06s|train_loss 0.00011636|val_loss 0.00013141
Epoch 411|time: 0.06s|train_loss 0.00012851|val_loss 0.00013160
Epoch 412|time: 0.06s|train_loss 0.00014570|val_loss 0.00013358
Epoch 413|time: 0.06s|train_loss 0.00011771|val_loss 0.00013058
Epoch 414|time: 0.06s|train_loss 0.00012612|val_loss 0.00016112
Epoch 415|time: 0.06s|train_loss 0.00012446|val_loss 0.00014589
Epoch 416|time: 0.06s|train_loss 0.00013570|val_loss 0.00013585
Epoch 417|time: 0.06s|train_loss 0.00013383|val_loss 0.00013077
Epoch 418|time: 0.06s|train_loss 0.00011666|val_loss 0.00012969
Epoch 419|time: 0.06s|train_loss 0.00014336|val_loss 0.00012961
Epoch 420|time: 0.06s|train_loss 0.00012314|val_loss 0.00013162
Epoch 421|time: 0.06s|train_loss 0.00012054|val_loss 0.00014498
Epoch 422|time: 0.06s|train_loss 0.00012231|val_loss 0.00014051
Epoch 423|time: 0.06s|train_loss 0.00012049|val_loss 0.00013452
Epoch 424|time: 0.06s|train_loss 0.00013745|val_loss 0.00013336
Epoch 425|time: 0.06s|train_loss 0.00012051|val_loss 0.00014326
Epoch 426|time: 0.06s|train_loss 0.00012160|val_loss 0.00013410
Epoch 427|time: 0.07s|train_loss 0.00011989|val_loss 0.00013352
Epoch 428|time: 0.06s|train_loss 0.00011600|val_loss 0.00013264
Epoch 429|time: 0.06s|train_loss 0.00013175|val_loss 0.00013068
Epoch 430|time: 0.06s|train_loss 0.00011873|val_loss 0.00013347
Epoch 431|time: 0.06s|train_loss 0.00012278|val_loss 0.00013897
Epoch 432|time: 0.06s|train_loss 0.00011813|val_loss 0.00012923
Epoch 433|time: 0.06s|train_loss 0.00012362|val_loss 0.00013372
Epoch 434|time: 0.06s|train_loss 0.00011861|val_loss 0.00013495
Epoch 435|time: 0.06s|train_loss 0.00011589|val_loss 0.00013328
Epoch 436|time: 0.06s|train_loss 0.00011596|val_loss 0.00014790
Epoch 437|time: 0.06s|train_loss 0.00011971|val_loss 0.00014303
Epoch 438|time: 0.06s|train_loss 0.00011635|val_loss 0.00014612
Epoch 439|time: 0.06s|train_loss 0.00011331|val_loss 0.00013533
Epoch 440|time: 0.06s|train_loss 0.00012101|val_loss 0.00013051
Epoch 441|time: 0.06s|train_loss 0.00011672|val_loss 0.00013300
Epoch 442|time: 0.06s|train_loss 0.00011580|val_loss 0.00012971
Epoch 443|time: 0.06s|train_loss 0.00012369|val_loss 0.00013065
Epoch 444|time: 0.06s|train_loss 0.00011743|val_loss 0.00013074
Epoch 445|time: 0.06s|train_loss 0.00012277|val_loss 0.00012978
Epoch 446|time: 0.06s|train_loss 0.00013417|val_loss 0.00013408
Epoch 447|time: 0.06s|train_loss 0.00012827|val_loss 0.00013608
Epoch 448|time: 0.06s|train_loss 0.00012428|val_loss 0.00013713
Epoch 449|time: 0.06s|train_loss 0.00011655|val_loss 0.00013038
Epoch 450|time: 0.06s|train_loss 0.00012276|val_loss 0.00013516
Epoch 451|time: 0.06s|train_loss 0.00011721|val_loss 0.00013275
Epoch 452|time: 0.06s|train_loss 0.00013328|val_loss 0.00013140
Epoch 453|time: 0.06s|train_loss 0.00012124|val_loss 0.00013732
Epoch 454|time: 0.06s|train_loss 0.00011546|val_loss 0.00014003
Epoch 455|time: 0.06s|train_loss 0.00012828|val_loss 0.00015090
Epoch 456|time: 0.06s|train_loss 0.00012563|val_loss 0.00013666
Epoch 457|time: 0.06s|train_loss 0.00011974|val_loss 0.00012820
Best validation epoch: 457 Sat May 13 00:44:26 2023
TEST MAE 0.1673 std 0.0461 RMSE 0.2615 RMSEs 0.2528 PCC 0.9655 PCCs 0.9493 R2 0.9232 R2s 0.8796 Var 0.9258 Vars 0.8854 Peak 0.0939
Epoch 458|time: 0.06s|train_loss 0.00011736|val_loss 0.00013422
Epoch 459|time: 0.06s|train_loss 0.00011637|val_loss 0.00013322
Epoch 460|time: 0.06s|train_loss 0.00011370|val_loss 0.00012977
Epoch 461|time: 0.06s|train_loss 0.00011758|val_loss 0.00013397
Epoch 462|time: 0.06s|train_loss 0.00011410|val_loss 0.00013791
Epoch 463|time: 0.06s|train_loss 0.00011965|val_loss 0.00014070
Epoch 464|time: 0.06s|train_loss 0.00011703|val_loss 0.00013826
Epoch 465|time: 0.06s|train_loss 0.00012400|val_loss 0.00013569
Epoch 466|time: 0.06s|train_loss 0.00011650|val_loss 0.00014229
Epoch 467|time: 0.06s|train_loss 0.00012015|val_loss 0.00013194
Epoch 468|time: 0.06s|train_loss 0.00011827|val_loss 0.00012970
Epoch 469|time: 0.06s|train_loss 0.00011675|val_loss 0.00012937
Epoch 470|time: 0.06s|train_loss 0.00011315|val_loss 0.00012945
Epoch 471|time: 0.06s|train_loss 0.00011688|val_loss 0.00013648
Epoch 472|time: 0.06s|train_loss 0.00012895|val_loss 0.00013393
Epoch 473|time: 0.06s|train_loss 0.00012181|val_loss 0.00013076
Epoch 474|time: 0.06s|train_loss 0.00012551|val_loss 0.00013248
Epoch 475|time: 0.06s|train_loss 0.00013016|val_loss 0.00013230
Epoch 476|time: 0.06s|train_loss 0.00012482|val_loss 0.00012893
Epoch 477|time: 0.06s|train_loss 0.00011900|val_loss 0.00015001
Epoch 478|time: 0.06s|train_loss 0.00012214|val_loss 0.00013650
Epoch 479|time: 0.07s|train_loss 0.00014940|val_loss 0.00013216
Epoch 480|time: 0.07s|train_loss 0.00011726|val_loss 0.00013532
Epoch 481|time: 0.06s|train_loss 0.00011921|val_loss 0.00013266
Epoch 482|time: 0.06s|train_loss 0.00012072|val_loss 0.00013167
Epoch 483|time: 0.06s|train_loss 0.00012168|val_loss 0.00014644
Epoch 484|time: 0.06s|train_loss 0.00012217|val_loss 0.00017558
Epoch 485|time: 0.06s|train_loss 0.00013363|val_loss 0.00013209
Epoch 486|time: 0.06s|train_loss 0.00012784|val_loss 0.00013344
Epoch 487|time: 0.06s|train_loss 0.00012608|val_loss 0.00013958
Epoch 488|time: 0.06s|train_loss 0.00012433|val_loss 0.00013075
Epoch 489|time: 0.06s|train_loss 0.00012240|val_loss 0.00013630
Epoch 490|time: 0.06s|train_loss 0.00011667|val_loss 0.00013400
Epoch 491|time: 0.06s|train_loss 0.00011681|val_loss 0.00013796
Epoch 492|time: 0.06s|train_loss 0.00011472|val_loss 0.00013449
Epoch 493|time: 0.06s|train_loss 0.00012208|val_loss 0.00013349
Epoch 494|time: 0.06s|train_loss 0.00011165|val_loss 0.00013513
Epoch 495|time: 0.06s|train_loss 0.00011962|val_loss 0.00013101
Epoch 496|time: 0.06s|train_loss 0.00011638|val_loss 0.00013937
Epoch 497|time: 0.06s|train_loss 0.00012102|val_loss 0.00013291
Epoch 498|time: 0.06s|train_loss 0.00011711|val_loss 0.00013310
Epoch 499|time: 0.06s|train_loss 0.00011824|val_loss 0.00013815
Epoch 500|time: 0.06s|train_loss 0.00011714|val_loss 0.00015112
Epoch 501|time: 0.06s|train_loss 0.00012959|val_loss 0.00013347
Epoch 502|time: 0.06s|train_loss 0.00012655|val_loss 0.00014185
Epoch 503|time: 0.06s|train_loss 0.00013162|val_loss 0.00015459
Epoch 504|time: 0.06s|train_loss 0.00012680|val_loss 0.00014917
Epoch 505|time: 0.06s|train_loss 0.00012593|val_loss 0.00013100
Epoch 506|time: 0.06s|train_loss 0.00013428|val_loss 0.00012991
Epoch 507|time: 0.06s|train_loss 0.00011965|val_loss 0.00013668
Epoch 508|time: 0.06s|train_loss 0.00013389|val_loss 0.00013109
Epoch 509|time: 0.06s|train_loss 0.00012486|val_loss 0.00013404
Epoch 510|time: 0.06s|train_loss 0.00011961|val_loss 0.00013079
Epoch 511|time: 0.06s|train_loss 0.00012358|val_loss 0.00013626
Epoch 512|time: 0.06s|train_loss 0.00012379|val_loss 0.00013079
Epoch 513|time: 0.06s|train_loss 0.00011914|val_loss 0.00013532
Epoch 514|time: 0.06s|train_loss 0.00011757|val_loss 0.00013210
Epoch 515|time: 0.06s|train_loss 0.00012240|val_loss 0.00013088
Epoch 516|time: 0.06s|train_loss 0.00011234|val_loss 0.00013280
Epoch 517|time: 0.06s|train_loss 0.00011720|val_loss 0.00013118
Epoch 518|time: 0.06s|train_loss 0.00011924|val_loss 0.00013330
Epoch 519|time: 0.06s|train_loss 0.00011670|val_loss 0.00014170
Epoch 520|time: 0.06s|train_loss 0.00011760|val_loss 0.00013754
Epoch 521|time: 0.06s|train_loss 0.00012347|val_loss 0.00013272
Epoch 522|time: 0.06s|train_loss 0.00011483|val_loss 0.00013288
Epoch 523|time: 0.06s|train_loss 0.00011081|val_loss 0.00013442
Epoch 524|time: 0.06s|train_loss 0.00011411|val_loss 0.00013920
Epoch 525|time: 0.06s|train_loss 0.00011829|val_loss 0.00013288
Epoch 526|time: 0.06s|train_loss 0.00012246|val_loss 0.00013911
Epoch 527|time: 0.06s|train_loss 0.00011992|val_loss 0.00013398
Epoch 528|time: 0.06s|train_loss 0.00013751|val_loss 0.00013438
Epoch 529|time: 0.06s|train_loss 0.00011682|val_loss 0.00012849
Epoch 530|time: 0.06s|train_loss 0.00011509|val_loss 0.00012859
Epoch 531|time: 0.06s|train_loss 0.00011814|val_loss 0.00013286
Epoch 532|time: 0.06s|train_loss 0.00012593|val_loss 0.00013201
Epoch 533|time: 0.06s|train_loss 0.00012379|val_loss 0.00012783
Best validation epoch: 533 Sat May 13 00:44:31 2023
TEST MAE 0.1608 std 0.0440 RMSE 0.2515 RMSEs 0.2426 PCC 0.9664 PCCs 0.9511 R2 0.9289 R2s 0.8901 Var 0.9306 Vars 0.8945 Peak 0.0898
Epoch 534|time: 0.06s|train_loss 0.00012579|val_loss 0.00014255
Epoch 535|time: 0.06s|train_loss 0.00012510|val_loss 0.00014147
Epoch 536|time: 0.06s|train_loss 0.00013058|val_loss 0.00013645
Epoch 537|time: 0.06s|train_loss 0.00011348|val_loss 0.00013377
Epoch 538|time: 0.06s|train_loss 0.00011446|val_loss 0.00013364
Epoch 539|time: 0.06s|train_loss 0.00011599|val_loss 0.00013124
Epoch 540|time: 0.06s|train_loss 0.00011700|val_loss 0.00013256
Epoch 541|time: 0.06s|train_loss 0.00012149|val_loss 0.00014192
Epoch 542|time: 0.06s|train_loss 0.00011709|val_loss 0.00013663
Epoch 543|time: 0.06s|train_loss 0.00011870|val_loss 0.00013093
Epoch 544|time: 0.06s|train_loss 0.00011190|val_loss 0.00013504
Epoch 545|time: 0.06s|train_loss 0.00011869|val_loss 0.00013083
Epoch 546|time: 0.06s|train_loss 0.00012437|val_loss 0.00013200
Epoch 547|time: 0.06s|train_loss 0.00012674|val_loss 0.00013120
Epoch 548|time: 0.06s|train_loss 0.00012517|val_loss 0.00013153
Epoch 549|time: 0.06s|train_loss 0.00011663|val_loss 0.00013207
Epoch 550|time: 0.06s|train_loss 0.00011439|val_loss 0.00013667
Epoch 551|time: 0.06s|train_loss 0.00011177|val_loss 0.00013623
Epoch 552|time: 0.06s|train_loss 0.00011817|val_loss 0.00014424
Epoch 553|time: 0.06s|train_loss 0.00012602|val_loss 0.00013303
Epoch 554|time: 0.06s|train_loss 0.00012453|val_loss 0.00013534
Epoch 555|time: 0.06s|train_loss 0.00014189|val_loss 0.00014443
Epoch 556|time: 0.06s|train_loss 0.00012135|val_loss 0.00012930
Epoch 557|time: 0.06s|train_loss 0.00012877|val_loss 0.00013732
Epoch 558|time: 0.06s|train_loss 0.00012693|val_loss 0.00014518
Epoch 559|time: 0.06s|train_loss 0.00011902|val_loss 0.00013819
Epoch 560|time: 0.06s|train_loss 0.00011803|val_loss 0.00013324
Epoch 561|time: 0.06s|train_loss 0.00011488|val_loss 0.00013000
Epoch 562|time: 0.06s|train_loss 0.00011784|val_loss 0.00012885
Epoch 563|time: 0.06s|train_loss 0.00011854|val_loss 0.00013326
Epoch 564|time: 0.06s|train_loss 0.00011484|val_loss 0.00013498
Epoch 565|time: 0.06s|train_loss 0.00011403|val_loss 0.00013716
Epoch 566|time: 0.06s|train_loss 0.00011522|val_loss 0.00013669
Epoch 567|time: 0.06s|train_loss 0.00011721|val_loss 0.00013332
Epoch 568|time: 0.06s|train_loss 0.00012637|val_loss 0.00013226
Epoch 569|time: 0.06s|train_loss 0.00011961|val_loss 0.00013177
Epoch 570|time: 0.06s|train_loss 0.00012323|val_loss 0.00014326
Epoch 571|time: 0.06s|train_loss 0.00012532|val_loss 0.00012775
Best validation epoch: 571 Sat May 13 00:44:33 2023
TEST MAE 0.1598 std 0.0443 RMSE 0.2513 RMSEs 0.2427 PCC 0.9653 PCCs 0.9501 R2 0.9291 R2s 0.8900 Var 0.9291 Vars 0.8913 Peak 0.0906
Epoch 572|time: 0.06s|train_loss 0.00012090|val_loss 0.00014122
Epoch 573|time: 0.06s|train_loss 0.00012459|val_loss 0.00013583
Epoch 574|time: 0.06s|train_loss 0.00013710|val_loss 0.00013709
Epoch 575|time: 0.06s|train_loss 0.00012472|val_loss 0.00012671
Best validation epoch: 575 Sat May 13 00:44:33 2023
TEST MAE 0.1715 std 0.0469 RMSE 0.2696 RMSEs 0.2607 PCC 0.9653 PCCs 0.9507 R2 0.9184 R2s 0.8713 Var 0.9244 Vars 0.8846 Peak 0.0953
Epoch 576|time: 0.06s|train_loss 0.00011459|val_loss 0.00013662
Epoch 577|time: 0.06s|train_loss 0.00011245|val_loss 0.00013601
Epoch 578|time: 0.06s|train_loss 0.00013122|val_loss 0.00014769
Epoch 579|time: 0.06s|train_loss 0.00012189|val_loss 0.00014435
Epoch 580|time: 0.06s|train_loss 0.00011966|val_loss 0.00012946
Epoch 581|time: 0.06s|train_loss 0.00012324|val_loss 0.00013534
Epoch 582|time: 0.06s|train_loss 0.00012930|val_loss 0.00013107
Epoch 583|time: 0.06s|train_loss 0.00012275|val_loss 0.00013289
Epoch 584|time: 0.06s|train_loss 0.00012148|val_loss 0.00013499
Epoch 585|time: 0.06s|train_loss 0.00011953|val_loss 0.00013456
Epoch 586|time: 0.06s|train_loss 0.00012121|val_loss 0.00013079
Epoch 587|time: 0.06s|train_loss 0.00011826|val_loss 0.00014122
Epoch 588|time: 0.06s|train_loss 0.00011478|val_loss 0.00013087
Epoch 589|time: 0.06s|train_loss 0.00011829|val_loss 0.00012950
Epoch 590|time: 0.06s|train_loss 0.00012563|val_loss 0.00013751
Epoch 591|time: 0.06s|train_loss 0.00013471|val_loss 0.00013642
Epoch 592|time: 0.06s|train_loss 0.00011436|val_loss 0.00012685
Epoch 593|time: 0.06s|train_loss 0.00012802|val_loss 0.00013660
Epoch 594|time: 0.06s|train_loss 0.00011517|val_loss 0.00012788
Epoch 595|time: 0.06s|train_loss 0.00011275|val_loss 0.00013002
Epoch 596|time: 0.06s|train_loss 0.00011182|val_loss 0.00014358
Epoch 597|time: 0.06s|train_loss 0.00011420|val_loss 0.00013711
Epoch 598|time: 0.06s|train_loss 0.00011588|val_loss 0.00012950
Epoch 599|time: 0.06s|train_loss 0.00012123|val_loss 0.00013356
Epoch 600|time: 0.06s|train_loss 0.00011736|val_loss 0.00014980
Epoch 601|time: 0.06s|train_loss 0.00013789|val_loss 0.00013155
Epoch 602|time: 0.06s|train_loss 0.00013146|val_loss 0.00012968
Epoch 603|time: 0.06s|train_loss 0.00011504|val_loss 0.00013157
Epoch 604|time: 0.06s|train_loss 0.00012827|val_loss 0.00013952
Epoch 605|time: 0.06s|train_loss 0.00012343|val_loss 0.00013452
Epoch 606|time: 0.06s|train_loss 0.00011968|val_loss 0.00013331
Epoch 607|time: 0.06s|train_loss 0.00012729|val_loss 0.00013367
Epoch 608|time: 0.06s|train_loss 0.00012438|val_loss 0.00013237
Epoch 609|time: 0.06s|train_loss 0.00012896|val_loss 0.00013542
Epoch 610|time: 0.06s|train_loss 0.00011920|val_loss 0.00012827
Epoch 611|time: 0.06s|train_loss 0.00012274|val_loss 0.00012833
Epoch 612|time: 0.06s|train_loss 0.00011653|val_loss 0.00014470
Epoch 613|time: 0.06s|train_loss 0.00012061|val_loss 0.00013912
Epoch 614|time: 0.06s|train_loss 0.00012254|val_loss 0.00014092
Epoch 615|time: 0.06s|train_loss 0.00011749|val_loss 0.00012806
Epoch 616|time: 0.06s|train_loss 0.00012002|val_loss 0.00013264
Epoch 617|time: 0.06s|train_loss 0.00011834|val_loss 0.00013685
Epoch 618|time: 0.06s|train_loss 0.00012374|val_loss 0.00013274
Epoch 619|time: 0.06s|train_loss 0.00012433|val_loss 0.00013901
Epoch 620|time: 0.06s|train_loss 0.00011587|val_loss 0.00013089
Epoch 621|time: 0.06s|train_loss 0.00011488|val_loss 0.00013217
Epoch 622|time: 0.06s|train_loss 0.00011371|val_loss 0.00013076
Epoch 623|time: 0.06s|train_loss 0.00011959|val_loss 0.00013260
Epoch 624|time: 0.06s|train_loss 0.00011365|val_loss 0.00012803
Epoch 625|time: 0.06s|train_loss 0.00011503|val_loss 0.00013061
Epoch 626|time: 0.06s|train_loss 0.00012660|val_loss 0.00013191
Epoch 627|time: 0.06s|train_loss 0.00012093|val_loss 0.00013395
Epoch 628|time: 0.06s|train_loss 0.00011615|val_loss 0.00013649
Epoch 629|time: 0.06s|train_loss 0.00012477|val_loss 0.00012669
Best validation epoch: 629 Sat May 13 00:44:37 2023
TEST MAE 0.1646 std 0.0457 RMSE 0.2618 RMSEs 0.2528 PCC 0.9645 PCCs 0.9508 R2 0.9230 R2s 0.8794 Var 0.9250 Vars 0.8861 Peak 0.0926
Epoch 630|time: 0.06s|train_loss 0.00011701|val_loss 0.00012840
Epoch 631|time: 0.06s|train_loss 0.00012128|val_loss 0.00013167
Epoch 632|time: 0.06s|train_loss 0.00011875|val_loss 0.00012805
Epoch 633|time: 0.06s|train_loss 0.00011550|val_loss 0.00012747
Epoch 634|time: 0.06s|train_loss 0.00013645|val_loss 0.00012932
Epoch 635|time: 0.06s|train_loss 0.00011998|val_loss 0.00014368
Epoch 636|time: 0.06s|train_loss 0.00012127|val_loss 0.00013778
Epoch 637|time: 0.06s|train_loss 0.00012200|val_loss 0.00013006
Epoch 638|time: 0.06s|train_loss 0.00012220|val_loss 0.00013003
Epoch 639|time: 0.06s|train_loss 0.00011619|val_loss 0.00013341
Epoch 640|time: 0.06s|train_loss 0.00012323|val_loss 0.00013217
Epoch 641|time: 0.06s|train_loss 0.00011727|val_loss 0.00013274
Epoch 642|time: 0.06s|train_loss 0.00011460|val_loss 0.00013096
Epoch 643|time: 0.06s|train_loss 0.00011351|val_loss 0.00013350
Epoch 644|time: 0.06s|train_loss 0.00011803|val_loss 0.00013193
Epoch 645|time: 0.06s|train_loss 0.00012349|val_loss 0.00013380
Epoch 646|time: 0.06s|train_loss 0.00012367|val_loss 0.00013874
Epoch 647|time: 0.06s|train_loss 0.00011259|val_loss 0.00013454
Epoch 648|time: 0.06s|train_loss 0.00012123|val_loss 0.00013272
Epoch 649|time: 0.06s|train_loss 0.00011137|val_loss 0.00013141
Epoch 650|time: 0.06s|train_loss 0.00011516|val_loss 0.00013226
Epoch 651|time: 0.06s|train_loss 0.00011094|val_loss 0.00012942
Epoch 652|time: 0.06s|train_loss 0.00012837|val_loss 0.00013876
Epoch 653|time: 0.06s|train_loss 0.00012337|val_loss 0.00013363
Epoch 654|time: 0.06s|train_loss 0.00011709|val_loss 0.00012944
Epoch 655|time: 0.06s|train_loss 0.00012063|val_loss 0.00014579
Epoch 656|time: 0.06s|train_loss 0.00012173|val_loss 0.00013792
Epoch 657|time: 0.06s|train_loss 0.00011490|val_loss 0.00012947
Epoch 658|time: 0.06s|train_loss 0.00011318|val_loss 0.00013582
Epoch 659|time: 0.06s|train_loss 0.00011330|val_loss 0.00012984
Epoch 660|time: 0.06s|train_loss 0.00011844|val_loss 0.00012629
Best validation epoch: 660 Sat May 13 00:44:38 2023
TEST MAE 0.1649 std 0.0430 RMSE 0.2608 RMSEs 0.2524 PCC 0.9647 PCCs 0.9498 R2 0.9236 R2s 0.8800 Var 0.9265 Vars 0.8881 Peak 0.0912
Epoch 661|time: 0.06s|train_loss 0.00011791|val_loss 0.00012898
Epoch 662|time: 0.06s|train_loss 0.00011277|val_loss 0.00013172
Epoch 663|time: 0.06s|train_loss 0.00012079|val_loss 0.00012676
Epoch 664|time: 0.06s|train_loss 0.00012081|val_loss 0.00013088
Epoch 665|time: 0.06s|train_loss 0.00012377|val_loss 0.00013229
Epoch 666|time: 0.06s|train_loss 0.00013782|val_loss 0.00013502
Epoch 667|time: 0.06s|train_loss 0.00012470|val_loss 0.00014068
Epoch 668|time: 0.06s|train_loss 0.00013395|val_loss 0.00013075
Epoch 669|time: 0.06s|train_loss 0.00012820|val_loss 0.00015028
Epoch 670|time: 0.06s|train_loss 0.00011363|val_loss 0.00014449
Epoch 671|time: 0.06s|train_loss 0.00011392|val_loss 0.00012913
Epoch 672|time: 0.06s|train_loss 0.00011620|val_loss 0.00013522
Epoch 673|time: 0.07s|train_loss 0.00011489|val_loss 0.00013854
Epoch 674|time: 0.08s|train_loss 0.00012072|val_loss 0.00013367
Epoch 675|time: 0.06s|train_loss 0.00011576|val_loss 0.00013178
Epoch 676|time: 0.06s|train_loss 0.00012089|val_loss 0.00013508
Epoch 677|time: 0.06s|train_loss 0.00011505|val_loss 0.00012934
Epoch 678|time: 0.06s|train_loss 0.00012159|val_loss 0.00012662
Epoch 679|time: 0.06s|train_loss 0.00011832|val_loss 0.00013103
Epoch 680|time: 0.06s|train_loss 0.00011709|val_loss 0.00012880
Epoch 681|time: 0.06s|train_loss 0.00012149|val_loss 0.00014192
Epoch 682|time: 0.06s|train_loss 0.00011809|val_loss 0.00014314
Epoch 683|time: 0.06s|train_loss 0.00012126|val_loss 0.00012848
Epoch 684|time: 0.06s|train_loss 0.00012059|val_loss 0.00012911
Epoch 685|time: 0.06s|train_loss 0.00012178|val_loss 0.00012739
Epoch 686|time: 0.06s|train_loss 0.00011633|val_loss 0.00012932
Epoch 687|time: 0.06s|train_loss 0.00012090|val_loss 0.00013760
Epoch 688|time: 0.06s|train_loss 0.00011681|val_loss 0.00013454
Epoch 689|time: 0.06s|train_loss 0.00011788|val_loss 0.00013431
Epoch 690|time: 0.06s|train_loss 0.00011537|val_loss 0.00013656
Epoch 691|time: 0.06s|train_loss 0.00011818|val_loss 0.00012994
Epoch 692|time: 0.06s|train_loss 0.00011998|val_loss 0.00012997
Epoch 693|time: 0.06s|train_loss 0.00011431|val_loss 0.00012952
Epoch 694|time: 0.06s|train_loss 0.00011840|val_loss 0.00012841
Epoch 695|time: 0.06s|train_loss 0.00012324|val_loss 0.00013065
Epoch 696|time: 0.06s|train_loss 0.00012018|val_loss 0.00012664
Epoch 697|time: 0.06s|train_loss 0.00011759|val_loss 0.00013260
Epoch 698|time: 0.06s|train_loss 0.00012331|val_loss 0.00013781
Epoch 699|time: 0.06s|train_loss 0.00011683|val_loss 0.00013501
Epoch 700|time: 0.06s|train_loss 0.00011818|val_loss 0.00013164
Epoch 701|time: 0.06s|train_loss 0.00012103|val_loss 0.00013348
Epoch 702|time: 0.06s|train_loss 0.00011590|val_loss 0.00013210
Epoch 703|time: 0.06s|train_loss 0.00013301|val_loss 0.00012697
Epoch 704|time: 0.06s|train_loss 0.00012121|val_loss 0.00012895
Epoch 705|time: 0.06s|train_loss 0.00012354|val_loss 0.00013005
Epoch 706|time: 0.06s|train_loss 0.00012525|val_loss 0.00013100
Epoch 707|time: 0.06s|train_loss 0.00011846|val_loss 0.00013360
Epoch 708|time: 0.06s|train_loss 0.00012394|val_loss 0.00013292
Epoch 709|time: 0.06s|train_loss 0.00012488|val_loss 0.00012770
Epoch 710|time: 0.06s|train_loss 0.00011354|val_loss 0.00013115
Epoch 711|time: 0.06s|train_loss 0.00012031|val_loss 0.00013413
Epoch 712|time: 0.06s|train_loss 0.00012139|val_loss 0.00012665
Epoch 713|time: 0.06s|train_loss 0.00011612|val_loss 0.00012902
Epoch 714|time: 0.06s|train_loss 0.00011404|val_loss 0.00013351
Epoch 715|time: 0.06s|train_loss 0.00012469|val_loss 0.00012668
Epoch 716|time: 0.06s|train_loss 0.00011477|val_loss 0.00012990
Epoch 717|time: 0.06s|train_loss 0.00011959|val_loss 0.00013295
Epoch 718|time: 0.06s|train_loss 0.00012969|val_loss 0.00012934
Epoch 719|time: 0.06s|train_loss 0.00012224|val_loss 0.00012983
Epoch 720|time: 0.06s|train_loss 0.00012513|val_loss 0.00013004
Epoch 721|time: 0.06s|train_loss 0.00012594|val_loss 0.00013087
Epoch 722|time: 0.06s|train_loss 0.00011642|val_loss 0.00013209
Epoch 723|time: 0.06s|train_loss 0.00014078|val_loss 0.00012921
Epoch 724|time: 0.06s|train_loss 0.00012349|val_loss 0.00013708
Epoch 725|time: 0.06s|train_loss 0.00011676|val_loss 0.00013771
Epoch 726|time: 0.06s|train_loss 0.00012365|val_loss 0.00012979
Epoch 727|time: 0.06s|train_loss 0.00012162|val_loss 0.00013023
Epoch 728|time: 0.06s|train_loss 0.00011827|val_loss 0.00012833
Epoch 729|time: 0.06s|train_loss 0.00011690|val_loss 0.00012967
Epoch 730|time: 0.06s|train_loss 0.00012763|val_loss 0.00014963
Epoch 731|time: 0.06s|train_loss 0.00011876|val_loss 0.00013466
Epoch 732|time: 0.06s|train_loss 0.00011783|val_loss 0.00012710
Epoch 733|time: 0.06s|train_loss 0.00012069|val_loss 0.00013102
Epoch 734|time: 0.06s|train_loss 0.00011854|val_loss 0.00013027
Epoch 735|time: 0.06s|train_loss 0.00012175|val_loss 0.00014968
Epoch 736|time: 0.06s|train_loss 0.00012330|val_loss 0.00014168
Epoch 737|time: 0.06s|train_loss 0.00012624|val_loss 0.00012719
Epoch 738|time: 0.06s|train_loss 0.00012198|val_loss 0.00012806
Epoch 739|time: 0.06s|train_loss 0.00013582|val_loss 0.00013060
Epoch 740|time: 0.06s|train_loss 0.00012418|val_loss 0.00012697
Epoch 741|time: 0.06s|train_loss 0.00012612|val_loss 0.00013835
Epoch 742|time: 0.06s|train_loss 0.00012454|val_loss 0.00014565
Epoch 743|time: 0.06s|train_loss 0.00011751|val_loss 0.00013821
Epoch 744|time: 0.06s|train_loss 0.00011747|val_loss 0.00013304
Epoch 745|time: 0.06s|train_loss 0.00011953|val_loss 0.00013898
Epoch 746|time: 0.06s|train_loss 0.00011537|val_loss 0.00012885
Epoch 747|time: 0.06s|train_loss 0.00012190|val_loss 0.00012758
Epoch 748|time: 0.06s|train_loss 0.00011249|val_loss 0.00012709
Epoch 749|time: 0.06s|train_loss 0.00013450|val_loss 0.00012730
Epoch 750|time: 0.06s|train_loss 0.00012294|val_loss 0.00013709
Epoch 751|time: 0.06s|train_loss 0.00012187|val_loss 0.00014959
Epoch 752|time: 0.06s|train_loss 0.00011556|val_loss 0.00014203
Epoch 753|time: 0.06s|train_loss 0.00012123|val_loss 0.00012910
Epoch 754|time: 0.06s|train_loss 0.00012296|val_loss 0.00013315
Epoch 755|time: 0.06s|train_loss 0.00012008|val_loss 0.00012441
Best validation epoch: 755 Sat May 13 00:44:44 2023
TEST MAE 0.1599 std 0.0436 RMSE 0.2531 RMSEs 0.2441 PCC 0.9658 PCCs 0.9516 R2 0.9281 R2s 0.8888 Var 0.9296 Vars 0.8940 Peak 0.0892
Epoch 756|time: 0.06s|train_loss 0.00013588|val_loss 0.00013241
Epoch 757|time: 0.06s|train_loss 0.00012643|val_loss 0.00014505
Epoch 758|time: 0.06s|train_loss 0.00012714|val_loss 0.00013834
Epoch 759|time: 0.06s|train_loss 0.00011797|val_loss 0.00013690
Epoch 760|time: 0.06s|train_loss 0.00012307|val_loss 0.00013072
Epoch 761|time: 0.06s|train_loss 0.00012590|val_loss 0.00013208
Epoch 762|time: 0.06s|train_loss 0.00012146|val_loss 0.00012798
Epoch 763|time: 0.06s|train_loss 0.00013021|val_loss 0.00013179
Epoch 764|time: 0.06s|train_loss 0.00012169|val_loss 0.00012431
Best validation epoch: 764 Sat May 13 00:44:45 2023
TEST MAE 0.1652 std 0.0478 RMSE 0.2637 RMSEs 0.2533 PCC 0.9654 PCCs 0.9522 R2 0.9219 R2s 0.8806 Var 0.9242 Vars 0.8866 Peak 0.0933
Epoch 765|time: 0.06s|train_loss 0.00012457|val_loss 0.00013005
Epoch 766|time: 0.06s|train_loss 0.00011235|val_loss 0.00013371
Epoch 767|time: 0.06s|train_loss 0.00011629|val_loss 0.00013246
Epoch 768|time: 0.06s|train_loss 0.00011938|val_loss 0.00013146
Epoch 769|time: 0.06s|train_loss 0.00011977|val_loss 0.00012876
Epoch 770|time: 0.06s|train_loss 0.00011980|val_loss 0.00013346
Epoch 771|time: 0.06s|train_loss 0.00011835|val_loss 0.00013622
Epoch 772|time: 0.06s|train_loss 0.00012468|val_loss 0.00013274
Epoch 773|time: 0.06s|train_loss 0.00011497|val_loss 0.00013311
Epoch 774|time: 0.06s|train_loss 0.00011948|val_loss 0.00012845
Epoch 775|time: 0.06s|train_loss 0.00012196|val_loss 0.00013966
Epoch 776|time: 0.06s|train_loss 0.00012303|val_loss 0.00012608
Epoch 777|time: 0.06s|train_loss 0.00011753|val_loss 0.00014090
Epoch 778|time: 0.06s|train_loss 0.00011670|val_loss 0.00013672
Epoch 779|time: 0.06s|train_loss 0.00012732|val_loss 0.00013414
Epoch 780|time: 0.06s|train_loss 0.00011983|val_loss 0.00013586
Epoch 781|time: 0.06s|train_loss 0.00013189|val_loss 0.00012881
Epoch 782|time: 0.06s|train_loss 0.00011835|val_loss 0.00012964
Epoch 783|time: 0.06s|train_loss 0.00011678|val_loss 0.00012791
Epoch 784|time: 0.06s|train_loss 0.00011517|val_loss 0.00013029
Epoch 785|time: 0.06s|train_loss 0.00011364|val_loss 0.00012898
Epoch 786|time: 0.06s|train_loss 0.00012200|val_loss 0.00012765
Epoch 787|time: 0.06s|train_loss 0.00012419|val_loss 0.00012533
Epoch 788|time: 0.06s|train_loss 0.00011774|val_loss 0.00012770
Epoch 789|time: 0.06s|train_loss 0.00011953|val_loss 0.00012340
Best validation epoch: 789 Sat May 13 00:44:46 2023
TEST MAE 0.1604 std 0.0456 RMSE 0.2546 RMSEs 0.2453 PCC 0.9658 PCCs 0.9513 R2 0.9272 R2s 0.8879 Var 0.9284 Vars 0.8916 Peak 0.0902
Epoch 790|time: 0.06s|train_loss 0.00011231|val_loss 0.00012677
Epoch 791|time: 0.06s|train_loss 0.00011804|val_loss 0.00012354
Epoch 792|time: 0.06s|train_loss 0.00011701|val_loss 0.00012840
Epoch 793|time: 0.06s|train_loss 0.00011966|val_loss 0.00012864
Epoch 794|time: 0.06s|train_loss 0.00011811|val_loss 0.00016015
Epoch 795|time: 0.06s|train_loss 0.00012105|val_loss 0.00012717
Epoch 796|time: 0.06s|train_loss 0.00011552|val_loss 0.00012806
Epoch 797|time: 0.06s|train_loss 0.00012396|val_loss 0.00012874
Epoch 798|time: 0.06s|train_loss 0.00013025|val_loss 0.00013270
Epoch 799|time: 0.06s|train_loss 0.00011730|val_loss 0.00012739
Epoch 800|time: 0.06s|train_loss 0.00011555|val_loss 0.00013292
Epoch 801|time: 0.06s|train_loss 0.00012528|val_loss 0.00013523
Epoch 802|time: 0.06s|train_loss 0.00012241|val_loss 0.00013013
Epoch 803|time: 0.06s|train_loss 0.00011973|val_loss 0.00012842
Epoch 804|time: 0.06s|train_loss 0.00012042|val_loss 0.00013132
Epoch 805|time: 0.06s|train_loss 0.00011457|val_loss 0.00012515
Epoch 806|time: 0.06s|train_loss 0.00011385|val_loss 0.00012784
Epoch 807|time: 0.06s|train_loss 0.00012015|val_loss 0.00012637
Epoch 808|time: 0.06s|train_loss 0.00011513|val_loss 0.00012758
Epoch 809|time: 0.06s|train_loss 0.00011264|val_loss 0.00012628
Epoch 810|time: 0.06s|train_loss 0.00011299|val_loss 0.00013015
Epoch 811|time: 0.06s|train_loss 0.00011929|val_loss 0.00013829
Epoch 812|time: 0.06s|train_loss 0.00011823|val_loss 0.00014035
Epoch 813|time: 0.06s|train_loss 0.00011946|val_loss 0.00012535
Epoch 814|time: 0.06s|train_loss 0.00012059|val_loss 0.00012642
Epoch 815|time: 0.06s|train_loss 0.00012305|val_loss 0.00013026
Epoch 816|time: 0.06s|train_loss 0.00011935|val_loss 0.00012596
Epoch 817|time: 0.06s|train_loss 0.00011399|val_loss 0.00013219
Epoch 818|time: 0.06s|train_loss 0.00012142|val_loss 0.00012428
Epoch 819|time: 0.06s|train_loss 0.00011256|val_loss 0.00012427
Epoch 820|time: 0.06s|train_loss 0.00011933|val_loss 0.00013231
Epoch 821|time: 0.06s|train_loss 0.00011293|val_loss 0.00013208
Epoch 822|time: 0.06s|train_loss 0.00011151|val_loss 0.00012449
Epoch 823|time: 0.06s|train_loss 0.00011719|val_loss 0.00012382
Epoch 824|time: 0.06s|train_loss 0.00011671|val_loss 0.00013134
Epoch 825|time: 0.06s|train_loss 0.00011929|val_loss 0.00012894
Epoch 826|time: 0.06s|train_loss 0.00011299|val_loss 0.00012911
Epoch 827|time: 0.06s|train_loss 0.00011502|val_loss 0.00012510
Epoch 828|time: 0.06s|train_loss 0.00011537|val_loss 0.00012568
Epoch 829|time: 0.06s|train_loss 0.00011401|val_loss 0.00012606
Epoch 830|time: 0.06s|train_loss 0.00011414|val_loss 0.00012751
Epoch 831|time: 0.06s|train_loss 0.00011403|val_loss 0.00012815
Epoch 832|time: 0.06s|train_loss 0.00011882|val_loss 0.00014123
Epoch 833|time: 0.06s|train_loss 0.00012876|val_loss 0.00013752
Epoch 834|time: 0.06s|train_loss 0.00012231|val_loss 0.00012927
Epoch 835|time: 0.06s|train_loss 0.00011408|val_loss 0.00013103
Epoch 836|time: 0.06s|train_loss 0.00012477|val_loss 0.00012979
Epoch 837|time: 0.06s|train_loss 0.00011148|val_loss 0.00012748
Epoch 838|time: 0.06s|train_loss 0.00011774|val_loss 0.00012673
Epoch 839|time: 0.06s|train_loss 0.00011620|val_loss 0.00012682
Epoch 840|time: 0.06s|train_loss 0.00011087|val_loss 0.00013586
Epoch 841|time: 0.06s|train_loss 0.00011741|val_loss 0.00012639
Epoch 842|time: 0.06s|train_loss 0.00011260|val_loss 0.00012538
Epoch 843|time: 0.06s|train_loss 0.00011992|val_loss 0.00013180
Epoch 844|time: 0.06s|train_loss 0.00011699|val_loss 0.00012549
Epoch 845|time: 0.06s|train_loss 0.00011792|val_loss 0.00012968
Epoch 846|time: 0.06s|train_loss 0.00012275|val_loss 0.00013557
Epoch 847|time: 0.06s|train_loss 0.00012380|val_loss 0.00012658
Epoch 848|time: 0.06s|train_loss 0.00012395|val_loss 0.00012648
Epoch 849|time: 0.06s|train_loss 0.00013137|val_loss 0.00014947
Epoch 850|time: 0.06s|train_loss 0.00012293|val_loss 0.00012967
Epoch 851|time: 0.06s|train_loss 0.00011556|val_loss 0.00012991
Epoch 852|time: 0.06s|train_loss 0.00012016|val_loss 0.00013774
Epoch 853|time: 0.06s|train_loss 0.00011637|val_loss 0.00012500
Epoch 854|time: 0.06s|train_loss 0.00012954|val_loss 0.00012624
Epoch 855|time: 0.06s|train_loss 0.00011310|val_loss 0.00012449
Epoch 856|time: 0.06s|train_loss 0.00012183|val_loss 0.00012636
Epoch 857|time: 0.06s|train_loss 0.00012196|val_loss 0.00013068
Epoch 858|time: 0.06s|train_loss 0.00011354|val_loss 0.00013248
Epoch 859|time: 0.06s|train_loss 0.00011896|val_loss 0.00012599
Epoch 860|time: 0.06s|train_loss 0.00011195|val_loss 0.00012326
Best validation epoch: 860 Sat May 13 00:44:51 2023
TEST MAE 0.1613 std 0.0453 RMSE 0.2536 RMSEs 0.2446 PCC 0.9663 PCCs 0.9513 R2 0.9277 R2s 0.8881 Var 0.9291 Vars 0.8920 Peak 0.0895
Epoch 861|time: 0.06s|train_loss 0.00012001|val_loss 0.00012604
Epoch 862|time: 0.06s|train_loss 0.00011879|val_loss 0.00013027
Epoch 863|time: 0.06s|train_loss 0.00013325|val_loss 0.00012473
Epoch 864|time: 0.06s|train_loss 0.00012088|val_loss 0.00012672
Epoch 865|time: 0.06s|train_loss 0.00011814|val_loss 0.00013350
Epoch 866|time: 0.06s|train_loss 0.00011774|val_loss 0.00012580
Epoch 867|time: 0.06s|train_loss 0.00011574|val_loss 0.00013187
Epoch 868|time: 0.06s|train_loss 0.00011360|val_loss 0.00012454
Epoch 869|time: 0.06s|train_loss 0.00011388|val_loss 0.00012797
Epoch 870|time: 0.06s|train_loss 0.00011441|val_loss 0.00013239
Epoch 871|time: 0.06s|train_loss 0.00012454|val_loss 0.00012652
Epoch 872|time: 0.06s|train_loss 0.00011566|val_loss 0.00012726
Epoch 873|time: 0.06s|train_loss 0.00011622|val_loss 0.00013358
Epoch 874|time: 0.06s|train_loss 0.00012007|val_loss 0.00013551
Epoch 875|time: 0.06s|train_loss 0.00012337|val_loss 0.00015266
Epoch 876|time: 0.06s|train_loss 0.00012642|val_loss 0.00014732
Epoch 877|time: 0.06s|train_loss 0.00012704|val_loss 0.00012781
Epoch 878|time: 0.06s|train_loss 0.00012588|val_loss 0.00012910
Epoch 879|time: 0.06s|train_loss 0.00010990|val_loss 0.00012879
Epoch 880|time: 0.06s|train_loss 0.00011494|val_loss 0.00013203
Epoch 881|time: 0.06s|train_loss 0.00011563|val_loss 0.00012621
Epoch 882|time: 0.06s|train_loss 0.00011628|val_loss 0.00013022
Epoch 883|time: 0.06s|train_loss 0.00011474|val_loss 0.00012986
Epoch 884|time: 0.06s|train_loss 0.00011894|val_loss 0.00012602
Epoch 885|time: 0.06s|train_loss 0.00011914|val_loss 0.00014224
Epoch 886|time: 0.06s|train_loss 0.00011549|val_loss 0.00012721
Epoch 887|time: 0.06s|train_loss 0.00011449|val_loss 0.00012554
Epoch 888|time: 0.06s|train_loss 0.00011695|val_loss 0.00012793
Epoch 889|time: 0.06s|train_loss 0.00011825|val_loss 0.00012882
Epoch 890|time: 0.06s|train_loss 0.00011845|val_loss 0.00012678
Epoch 891|time: 0.06s|train_loss 0.00011724|val_loss 0.00012813
Epoch 892|time: 0.06s|train_loss 0.00013408|val_loss 0.00012448
Epoch 893|time: 0.06s|train_loss 0.00012406|val_loss 0.00012761
Epoch 894|time: 0.06s|train_loss 0.00011916|val_loss 0.00013047
Epoch 895|time: 0.06s|train_loss 0.00011906|val_loss 0.00016037
Epoch 896|time: 0.06s|train_loss 0.00013088|val_loss 0.00013270
Epoch 897|time: 0.06s|train_loss 0.00011739|val_loss 0.00012743
Epoch 898|time: 0.06s|train_loss 0.00011500|val_loss 0.00013071
Epoch 899|time: 0.06s|train_loss 0.00012242|val_loss 0.00012465
Epoch 900|time: 0.06s|train_loss 0.00011284|val_loss 0.00012864
Epoch 901|time: 0.06s|train_loss 0.00011409|val_loss 0.00012894
Epoch 902|time: 0.06s|train_loss 0.00010649|val_loss 0.00012488
Epoch 903|time: 0.06s|train_loss 0.00011242|val_loss 0.00012442
Epoch 904|time: 0.06s|train_loss 0.00011792|val_loss 0.00012880
Epoch 905|time: 0.06s|train_loss 0.00011313|val_loss 0.00012378
Epoch 906|time: 0.06s|train_loss 0.00011730|val_loss 0.00012606
Epoch 907|time: 0.06s|train_loss 0.00011885|val_loss 0.00013259
Epoch 908|time: 0.06s|train_loss 0.00011212|val_loss 0.00013207
Epoch 909|time: 0.06s|train_loss 0.00011299|val_loss 0.00012667
Epoch 910|time: 0.06s|train_loss 0.00011154|val_loss 0.00012645
Epoch 911|time: 0.06s|train_loss 0.00011333|val_loss 0.00012579
Epoch 912|time: 0.06s|train_loss 0.00011127|val_loss 0.00012496
Epoch 913|time: 0.06s|train_loss 0.00011005|val_loss 0.00012840
Epoch 914|time: 0.06s|train_loss 0.00010878|val_loss 0.00012929
Epoch 915|time: 0.06s|train_loss 0.00010992|val_loss 0.00012733
Epoch 916|time: 0.06s|train_loss 0.00012447|val_loss 0.00012772
Epoch 917|time: 0.06s|train_loss 0.00012111|val_loss 0.00012383
Epoch 918|time: 0.06s|train_loss 0.00011500|val_loss 0.00012414
Epoch 919|time: 0.06s|train_loss 0.00011039|val_loss 0.00014356
Epoch 920|time: 0.06s|train_loss 0.00013509|val_loss 0.00012398
Epoch 921|time: 0.06s|train_loss 0.00011465|val_loss 0.00012432
Epoch 922|time: 0.06s|train_loss 0.00012154|val_loss 0.00013778
Epoch 923|time: 0.06s|train_loss 0.00011590|val_loss 0.00012361
Epoch 924|time: 0.06s|train_loss 0.00011551|val_loss 0.00012957
Epoch 925|time: 0.06s|train_loss 0.00011663|val_loss 0.00013501
Epoch 926|time: 0.06s|train_loss 0.00011240|val_loss 0.00012502
Epoch 927|time: 0.06s|train_loss 0.00011278|val_loss 0.00012377
Epoch 928|time: 0.06s|train_loss 0.00011253|val_loss 0.00012427
Epoch 929|time: 0.06s|train_loss 0.00012468|val_loss 0.00013507
Epoch 930|time: 0.06s|train_loss 0.00011483|val_loss 0.00012358
Epoch 931|time: 0.06s|train_loss 0.00011567|val_loss 0.00012537
Epoch 932|time: 0.06s|train_loss 0.00013372|val_loss 0.00012728
Epoch 933|time: 0.06s|train_loss 0.00012688|val_loss 0.00012539
Epoch 934|time: 0.06s|train_loss 0.00012005|val_loss 0.00012935
Epoch 935|time: 0.06s|train_loss 0.00011470|val_loss 0.00012356
Epoch 936|time: 0.06s|train_loss 0.00010938|val_loss 0.00012235
Best validation epoch: 936 Sat May 13 00:44:56 2023
TEST MAE 0.1821 std 0.0527 RMSE 0.2888 RMSEs 0.2781 PCC 0.9634 PCCs 0.9504 R2 0.9063 R2s 0.8529 Var 0.9139 Vars 0.8697 Peak 0.1052
Epoch 937|time: 0.06s|train_loss 0.00010921|val_loss 0.00012911
Epoch 938|time: 0.06s|train_loss 0.00011151|val_loss 0.00012831
Epoch 939|time: 0.06s|train_loss 0.00011808|val_loss 0.00013615
Epoch 940|time: 0.06s|train_loss 0.00012461|val_loss 0.00012970
Epoch 941|time: 0.06s|train_loss 0.00012324|val_loss 0.00012578
Epoch 942|time: 0.06s|train_loss 0.00011974|val_loss 0.00012764
Epoch 943|time: 0.06s|train_loss 0.00011762|val_loss 0.00012786
Epoch 944|time: 0.06s|train_loss 0.00011149|val_loss 0.00013061
Epoch 945|time: 0.06s|train_loss 0.00011049|val_loss 0.00012660
Epoch 946|time: 0.06s|train_loss 0.00011546|val_loss 0.00012624
Epoch 947|time: 0.06s|train_loss 0.00011881|val_loss 0.00012744
Epoch 948|time: 0.06s|train_loss 0.00011194|val_loss 0.00013009
Epoch 949|time: 0.06s|train_loss 0.00010852|val_loss 0.00012539
Epoch 950|time: 0.06s|train_loss 0.00012010|val_loss 0.00012743
Epoch 951|time: 0.06s|train_loss 0.00011689|val_loss 0.00013403
Epoch 952|time: 0.06s|train_loss 0.00011933|val_loss 0.00013481
Epoch 953|time: 0.06s|train_loss 0.00012318|val_loss 0.00013543
Epoch 954|time: 0.06s|train_loss 0.00013139|val_loss 0.00013817
Epoch 955|time: 0.06s|train_loss 0.00012325|val_loss 0.00012905
Epoch 956|time: 0.06s|train_loss 0.00011797|val_loss 0.00013179
Epoch 957|time: 0.06s|train_loss 0.00012430|val_loss 0.00013504
Epoch 958|time: 0.06s|train_loss 0.00011263|val_loss 0.00013328
Epoch 959|time: 0.06s|train_loss 0.00011862|val_loss 0.00013602
Epoch 960|time: 0.06s|train_loss 0.00011516|val_loss 0.00012476
Epoch 961|time: 0.06s|train_loss 0.00011143|val_loss 0.00012604
Epoch 962|time: 0.06s|train_loss 0.00010780|val_loss 0.00012754
Epoch 963|time: 0.06s|train_loss 0.00011023|val_loss 0.00012787
Epoch 964|time: 0.06s|train_loss 0.00011761|val_loss 0.00013198
Epoch 965|time: 0.06s|train_loss 0.00011217|val_loss 0.00013592
Epoch 966|time: 0.06s|train_loss 0.00011868|val_loss 0.00012829
Epoch 967|time: 0.06s|train_loss 0.00010958|val_loss 0.00012869
Epoch 968|time: 0.06s|train_loss 0.00011243|val_loss 0.00012634
Epoch 969|time: 0.06s|train_loss 0.00010975|val_loss 0.00012621
Epoch 970|time: 0.06s|train_loss 0.00011336|val_loss 0.00012943
Epoch 971|time: 0.06s|train_loss 0.00011338|val_loss 0.00013060
Epoch 972|time: 0.06s|train_loss 0.00011110|val_loss 0.00013270
Epoch 973|time: 0.06s|train_loss 0.00011270|val_loss 0.00013092
Epoch 974|time: 0.07s|train_loss 0.00011947|val_loss 0.00013411
Epoch 975|time: 0.07s|train_loss 0.00013106|val_loss 0.00013464
Epoch 976|time: 0.06s|train_loss 0.00012071|val_loss 0.00012654
Epoch 977|time: 0.06s|train_loss 0.00011728|val_loss 0.00012652
Epoch 978|time: 0.06s|train_loss 0.00012468|val_loss 0.00013229
Epoch 979|time: 0.06s|train_loss 0.00012609|val_loss 0.00014810
Epoch 980|time: 0.06s|train_loss 0.00012792|val_loss 0.00013190
Epoch 981|time: 0.06s|train_loss 0.00012734|val_loss 0.00014053
Epoch 982|time: 0.07s|train_loss 0.00011883|val_loss 0.00012404
Epoch 983|time: 0.06s|train_loss 0.00011158|val_loss 0.00012865
Epoch 984|time: 0.06s|train_loss 0.00011733|val_loss 0.00012666
Epoch 985|time: 0.06s|train_loss 0.00011970|val_loss 0.00012456
Epoch 986|time: 0.06s|train_loss 0.00012538|val_loss 0.00012479
Epoch 987|time: 0.06s|train_loss 0.00011135|val_loss 0.00012500
Epoch 988|time: 0.06s|train_loss 0.00012214|val_loss 0.00012403
Epoch 989|time: 0.07s|train_loss 0.00011294|val_loss 0.00012420
Epoch 990|time: 0.06s|train_loss 0.00012376|val_loss 0.00012747
Epoch 991|time: 0.06s|train_loss 0.00012463|val_loss 0.00012770
Epoch 992|time: 0.06s|train_loss 0.00011903|val_loss 0.00014925
Epoch 993|time: 0.06s|train_loss 0.00011343|val_loss 0.00013423
Epoch 994|time: 0.06s|train_loss 0.00011862|val_loss 0.00013493
Epoch 995|time: 0.06s|train_loss 0.00012149|val_loss 0.00013163
Epoch 996|time: 0.06s|train_loss 0.00011477|val_loss 0.00013099
Epoch 997|time: 0.06s|train_loss 0.00011996|val_loss 0.00012962
Epoch 998|time: 0.06s|train_loss 0.00013684|val_loss 0.00013247
Epoch 999|time: 0.06s|train_loss 0.00011105|val_loss 0.00012405
Epoch 1000|time: 0.06s|train_loss 0.00011098|val_loss 0.00012861
Epoch 1001|time: 0.06s|train_loss 0.00011884|val_loss 0.00012608
Epoch 1002|time: 0.06s|train_loss 0.00010817|val_loss 0.00012887
Epoch 1003|time: 0.06s|train_loss 0.00010995|val_loss 0.00012446
Epoch 1004|time: 0.06s|train_loss 0.00011159|val_loss 0.00012689
Epoch 1005|time: 0.06s|train_loss 0.00012159|val_loss 0.00012644
Epoch 1006|time: 0.06s|train_loss 0.00013319|val_loss 0.00012842
Epoch 1007|time: 0.06s|train_loss 0.00013101|val_loss 0.00012802
Epoch 1008|time: 0.06s|train_loss 0.00011402|val_loss 0.00013203
Epoch 1009|time: 0.06s|train_loss 0.00012267|val_loss 0.00013164
Epoch 1010|time: 0.06s|train_loss 0.00011870|val_loss 0.00013697
Epoch 1011|time: 0.06s|train_loss 0.00013150|val_loss 0.00013840
Epoch 1012|time: 0.06s|train_loss 0.00012222|val_loss 0.00012666
Epoch 1013|time: 0.06s|train_loss 0.00011647|val_loss 0.00012716
Epoch 1014|time: 0.06s|train_loss 0.00011749|val_loss 0.00012220
Best validation epoch: 1014 Sat May 13 00:45:00 2023
TEST MAE 0.1580 std 0.0458 RMSE 0.2472 RMSEs 0.2376 PCC 0.9666 PCCs 0.9521 R2 0.9314 R2s 0.8948 Var 0.9317 Vars 0.8966 Peak 0.0878
Epoch 1015|time: 0.06s|train_loss 0.00011635|val_loss 0.00012403
Epoch 1016|time: 0.06s|train_loss 0.00012361|val_loss 0.00012489
Epoch 1017|time: 0.06s|train_loss 0.00012709|val_loss 0.00014929
Epoch 1018|time: 0.06s|train_loss 0.00012501|val_loss 0.00012836
Epoch 1019|time: 0.06s|train_loss 0.00011747|val_loss 0.00012552
Epoch 1020|time: 0.06s|train_loss 0.00011082|val_loss 0.00012707
Epoch 1021|time: 0.06s|train_loss 0.00011757|val_loss 0.00012400
Epoch 1022|time: 0.06s|train_loss 0.00011607|val_loss 0.00012971
Epoch 1023|time: 0.06s|train_loss 0.00011528|val_loss 0.00012907
Epoch 1024|time: 0.06s|train_loss 0.00011045|val_loss 0.00012673
Epoch 1025|time: 0.06s|train_loss 0.00011599|val_loss 0.00012931
Epoch 1026|time: 0.06s|train_loss 0.00010885|val_loss 0.00012572
Epoch 1027|time: 0.06s|train_loss 0.00011999|val_loss 0.00013012
Epoch 1028|time: 0.06s|train_loss 0.00011776|val_loss 0.00012926
Epoch 1029|time: 0.06s|train_loss 0.00010795|val_loss 0.00012475
Epoch 1030|time: 0.06s|train_loss 0.00011732|val_loss 0.00013187
Epoch 1031|time: 0.06s|train_loss 0.00011537|val_loss 0.00012460
Epoch 1032|time: 0.06s|train_loss 0.00011212|val_loss 0.00012397
Epoch 1033|time: 0.06s|train_loss 0.00011411|val_loss 0.00013021
Epoch 1034|time: 0.06s|train_loss 0.00011475|val_loss 0.00012344
Epoch 1035|time: 0.06s|train_loss 0.00011957|val_loss 0.00012934
Epoch 1036|time: 0.06s|train_loss 0.00012632|val_loss 0.00014444
Epoch 1037|time: 0.06s|train_loss 0.00011763|val_loss 0.00014590
Epoch 1038|time: 0.06s|train_loss 0.00011959|val_loss 0.00012418
Epoch 1039|time: 0.06s|train_loss 0.00011548|val_loss 0.00013102
Epoch 1040|time: 0.06s|train_loss 0.00011149|val_loss 0.00012839
Epoch 1041|time: 0.06s|train_loss 0.00011470|val_loss 0.00012279
Epoch 1042|time: 0.06s|train_loss 0.00011818|val_loss 0.00012502
Epoch 1043|time: 0.06s|train_loss 0.00011184|val_loss 0.00012859
Epoch 1044|time: 0.06s|train_loss 0.00010957|val_loss 0.00012899
Epoch 1045|time: 0.06s|train_loss 0.00011828|val_loss 0.00012497
Epoch 1046|time: 0.06s|train_loss 0.00010825|val_loss 0.00012659
Epoch 1047|time: 0.06s|train_loss 0.00011227|val_loss 0.00012943
Epoch 1048|time: 0.06s|train_loss 0.00011190|val_loss 0.00013062
Epoch 1049|time: 0.06s|train_loss 0.00011961|val_loss 0.00012351
Epoch 1050|time: 0.06s|train_loss 0.00011525|val_loss 0.00012533
Epoch 1051|time: 0.06s|train_loss 0.00011344|val_loss 0.00012810
Epoch 1052|time: 0.06s|train_loss 0.00011111|val_loss 0.00012529
Epoch 1053|time: 0.06s|train_loss 0.00011185|val_loss 0.00012632
Epoch 1054|time: 0.06s|train_loss 0.00010981|val_loss 0.00012885
Epoch 1055|time: 0.06s|train_loss 0.00010639|val_loss 0.00012897
Epoch 1056|time: 0.06s|train_loss 0.00011753|val_loss 0.00012783
Epoch 1057|time: 0.06s|train_loss 0.00011735|val_loss 0.00012972
Epoch 1058|time: 0.06s|train_loss 0.00011401|val_loss 0.00012769
Epoch 1059|time: 0.06s|train_loss 0.00011582|val_loss 0.00013255
Epoch 1060|time: 0.06s|train_loss 0.00011535|val_loss 0.00012920
Epoch 1061|time: 0.06s|train_loss 0.00011636|val_loss 0.00012944
Epoch 1062|time: 0.06s|train_loss 0.00011717|val_loss 0.00012704
Epoch 1063|time: 0.06s|train_loss 0.00011185|val_loss 0.00012863
Epoch 1064|time: 0.06s|train_loss 0.00011856|val_loss 0.00013671
Epoch 1065|time: 0.06s|train_loss 0.00012431|val_loss 0.00013097
Epoch 1066|time: 0.06s|train_loss 0.00011337|val_loss 0.00013856
Epoch 1067|time: 0.06s|train_loss 0.00011994|val_loss 0.00012760
Epoch 1068|time: 0.06s|train_loss 0.00011894|val_loss 0.00012575
Epoch 1069|time: 0.06s|train_loss 0.00011319|val_loss 0.00013006
Epoch 1070|time: 0.06s|train_loss 0.00011153|val_loss 0.00013513
Epoch 1071|time: 0.06s|train_loss 0.00011128|val_loss 0.00012405
Epoch 1072|time: 0.06s|train_loss 0.00011676|val_loss 0.00013020
Epoch 1073|time: 0.06s|train_loss 0.00011312|val_loss 0.00013068
Epoch 1074|time: 0.06s|train_loss 0.00011593|val_loss 0.00012621
Epoch 1075|time: 0.06s|train_loss 0.00011627|val_loss 0.00012502
Epoch 1076|time: 0.06s|train_loss 0.00011275|val_loss 0.00012622
Epoch 1077|time: 0.06s|train_loss 0.00011550|val_loss 0.00012690
Epoch 1078|time: 0.06s|train_loss 0.00011507|val_loss 0.00012475
Epoch 1079|time: 0.06s|train_loss 0.00011603|val_loss 0.00013518
Epoch 1080|time: 0.06s|train_loss 0.00011516|val_loss 0.00013605
Epoch 1081|time: 0.06s|train_loss 0.00011497|val_loss 0.00012826
Epoch 1082|time: 0.06s|train_loss 0.00011275|val_loss 0.00012930
Epoch 1083|time: 0.06s|train_loss 0.00011931|val_loss 0.00013188
Epoch 1084|time: 0.06s|train_loss 0.00011259|val_loss 0.00012432
Epoch 1085|time: 0.06s|train_loss 0.00011469|val_loss 0.00013017
Epoch 1086|time: 0.06s|train_loss 0.00012227|val_loss 0.00012552
Epoch 1087|time: 0.06s|train_loss 0.00011389|val_loss 0.00013199
Epoch 1088|time: 0.06s|train_loss 0.00011492|val_loss 0.00012585
Epoch 1089|time: 0.06s|train_loss 0.00012160|val_loss 0.00013376
Epoch 1090|time: 0.06s|train_loss 0.00011761|val_loss 0.00012524
Epoch 1091|time: 0.06s|train_loss 0.00011900|val_loss 0.00012997
Epoch 1092|time: 0.06s|train_loss 0.00011267|val_loss 0.00013587
Epoch 1093|time: 0.06s|train_loss 0.00011761|val_loss 0.00012516
Epoch 1094|time: 0.06s|train_loss 0.00011789|val_loss 0.00013591
Epoch 1095|time: 0.06s|train_loss 0.00010988|val_loss 0.00012631
Epoch 1096|time: 0.06s|train_loss 0.00011708|val_loss 0.00012537
Epoch 1097|time: 0.06s|train_loss 0.00011527|val_loss 0.00012541
Epoch 1098|time: 0.06s|train_loss 0.00011128|val_loss 0.00012590
Epoch 1099|time: 0.06s|train_loss 0.00011404|val_loss 0.00012537
Epoch 1100|time: 0.06s|train_loss 0.00011677|val_loss 0.00012384
Epoch 1101|time: 0.06s|train_loss 0.00010967|val_loss 0.00012646
Epoch 1102|time: 0.06s|train_loss 0.00011253|val_loss 0.00012977
Epoch 1103|time: 0.06s|train_loss 0.00011399|val_loss 0.00013751
Epoch 1104|time: 0.06s|train_loss 0.00011579|val_loss 0.00012632
Epoch 1105|time: 0.06s|train_loss 0.00011433|val_loss 0.00012555
Epoch 1106|time: 0.06s|train_loss 0.00011326|val_loss 0.00013356
Epoch 1107|time: 0.06s|train_loss 0.00011303|val_loss 0.00012679
Epoch 1108|time: 0.06s|train_loss 0.00010817|val_loss 0.00013996
Epoch 1109|time: 0.06s|train_loss 0.00011264|val_loss 0.00012708
Epoch 1110|time: 0.06s|train_loss 0.00011763|val_loss 0.00012494
Epoch 1111|time: 0.06s|train_loss 0.00011142|val_loss 0.00012628
Epoch 1112|time: 0.06s|train_loss 0.00010943|val_loss 0.00012403
Epoch 1113|time: 0.06s|train_loss 0.00010844|val_loss 0.00012917
Epoch 1114|time: 0.06s|train_loss 0.00011240|val_loss 0.00012965
Epoch 1115|time: 0.06s|train_loss 0.00011744|val_loss 0.00013679
Epoch 1116|time: 0.06s|train_loss 0.00011334|val_loss 0.00013704
Epoch 1117|time: 0.06s|train_loss 0.00011646|val_loss 0.00012802
Epoch 1118|time: 0.06s|train_loss 0.00011035|val_loss 0.00012961
Epoch 1119|time: 0.06s|train_loss 0.00011267|val_loss 0.00013884
Epoch 1120|time: 0.06s|train_loss 0.00012133|val_loss 0.00012713
Epoch 1121|time: 0.06s|train_loss 0.00010790|val_loss 0.00014952
Epoch 1122|time: 0.06s|train_loss 0.00012753|val_loss 0.00012765
Epoch 1123|time: 0.06s|train_loss 0.00011121|val_loss 0.00012746
Epoch 1124|time: 0.06s|train_loss 0.00011179|val_loss 0.00012885
Epoch 1125|time: 0.06s|train_loss 0.00010641|val_loss 0.00013071
Epoch 1126|time: 0.06s|train_loss 0.00010649|val_loss 0.00012925
Epoch 1127|time: 0.06s|train_loss 0.00010761|val_loss 0.00012740
Epoch 1128|time: 0.06s|train_loss 0.00012129|val_loss 0.00012757
Epoch 1129|time: 0.06s|train_loss 0.00010812|val_loss 0.00012433
Epoch 1130|time: 0.06s|train_loss 0.00010960|val_loss 0.00014132
Epoch 1131|time: 0.06s|train_loss 0.00011226|val_loss 0.00012761
Epoch 1132|time: 0.06s|train_loss 0.00011154|val_loss 0.00012358
Epoch 1133|time: 0.06s|train_loss 0.00010665|val_loss 0.00012561
Epoch 1134|time: 0.06s|train_loss 0.00011374|val_loss 0.00012999
Epoch 1135|time: 0.06s|train_loss 0.00011401|val_loss 0.00012605
Epoch 1136|time: 0.06s|train_loss 0.00011148|val_loss 0.00013452
Epoch 1137|time: 0.06s|train_loss 0.00010867|val_loss 0.00012985
Epoch 1138|time: 0.06s|train_loss 0.00011072|val_loss 0.00012630
Epoch 1139|time: 0.06s|train_loss 0.00011600|val_loss 0.00013649
Epoch 1140|time: 0.06s|train_loss 0.00011204|val_loss 0.00012575
Epoch 1141|time: 0.06s|train_loss 0.00011484|val_loss 0.00012510
Epoch 1142|time: 0.06s|train_loss 0.00011135|val_loss 0.00012754
Epoch 1143|time: 0.06s|train_loss 0.00010179|val_loss 0.00012789
Epoch 1144|time: 0.06s|train_loss 0.00010797|val_loss 0.00012523
Epoch 1145|time: 0.06s|train_loss 0.00010659|val_loss 0.00012451
Epoch 1146|time: 0.06s|train_loss 0.00010222|val_loss 0.00012509
Epoch 1147|time: 0.06s|train_loss 0.00010682|val_loss 0.00012582
Epoch 1148|time: 0.06s|train_loss 0.00010805|val_loss 0.00012704
Epoch 1149|time: 0.06s|train_loss 0.00011006|val_loss 0.00012529
Epoch 1150|time: 0.06s|train_loss 0.00011223|val_loss 0.00012745
Epoch 1151|time: 0.06s|train_loss 0.00011213|val_loss 0.00012790
Epoch 1152|time: 0.06s|train_loss 0.00010665|val_loss 0.00013942
Epoch 1153|time: 0.06s|train_loss 0.00011213|val_loss 0.00012628
Epoch 1154|time: 0.06s|train_loss 0.00010884|val_loss 0.00013038
Epoch 1155|time: 0.06s|train_loss 0.00011100|val_loss 0.00012574
Epoch 1156|time: 0.06s|train_loss 0.00010631|val_loss 0.00012664
Epoch 1157|time: 0.06s|train_loss 0.00010650|val_loss 0.00012637
Epoch 1158|time: 0.06s|train_loss 0.00010299|val_loss 0.00012695
Epoch 1159|time: 0.06s|train_loss 0.00011784|val_loss 0.00013108
Epoch 1160|time: 0.06s|train_loss 0.00011692|val_loss 0.00015321
Epoch 1161|time: 0.06s|train_loss 0.00011020|val_loss 0.00013050
Epoch 1162|time: 0.06s|train_loss 0.00011910|val_loss 0.00012770
Epoch 1163|time: 0.07s|train_loss 0.00011229|val_loss 0.00012998
Epoch 1164|time: 0.06s|train_loss 0.00011620|val_loss 0.00013324
Epoch 1165|time: 0.06s|train_loss 0.00011092|val_loss 0.00012637
Epoch 1166|time: 0.06s|train_loss 0.00010733|val_loss 0.00012584
Epoch 1167|time: 0.06s|train_loss 0.00010916|val_loss 0.00014045
Epoch 1168|time: 0.06s|train_loss 0.00011616|val_loss 0.00013006
Epoch 1169|time: 0.06s|train_loss 0.00012842|val_loss 0.00013731
Epoch 1170|time: 0.06s|train_loss 0.00012872|val_loss 0.00015167
Epoch 1171|time: 0.06s|train_loss 0.00011333|val_loss 0.00012808
Epoch 1172|time: 0.06s|train_loss 0.00011300|val_loss 0.00012643
Epoch 1173|time: 0.06s|train_loss 0.00010856|val_loss 0.00012561
Epoch 1174|time: 0.06s|train_loss 0.00011721|val_loss 0.00012476
Epoch 1175|time: 0.06s|train_loss 0.00010577|val_loss 0.00012852
Epoch 1176|time: 0.06s|train_loss 0.00010474|val_loss 0.00012716
Epoch 1177|time: 0.06s|train_loss 0.00010694|val_loss 0.00012911
Epoch 1178|time: 0.06s|train_loss 0.00010661|val_loss 0.00012555
Epoch 1179|time: 0.06s|train_loss 0.00011318|val_loss 0.00012742
Epoch 1180|time: 0.06s|train_loss 0.00010433|val_loss 0.00013104
Epoch 1181|time: 0.06s|train_loss 0.00012154|val_loss 0.00012546
Epoch 1182|time: 0.06s|train_loss 0.00010546|val_loss 0.00012803
Epoch 1183|time: 0.06s|train_loss 0.00010663|val_loss 0.00012723
Epoch 1184|time: 0.06s|train_loss 0.00011332|val_loss 0.00013393
Epoch 1185|time: 0.06s|train_loss 0.00011963|val_loss 0.00013299
Epoch 1186|time: 0.06s|train_loss 0.00011808|val_loss 0.00012796
Epoch 1187|time: 0.06s|train_loss 0.00010680|val_loss 0.00012529
Epoch 1188|time: 0.06s|train_loss 0.00010830|val_loss 0.00012619
Epoch 1189|time: 0.06s|train_loss 0.00010749|val_loss 0.00012606
Epoch 1190|time: 0.06s|train_loss 0.00011441|val_loss 0.00013234
Epoch 1191|time: 0.06s|train_loss 0.00012035|val_loss 0.00012617
Epoch 1192|time: 0.06s|train_loss 0.00010894|val_loss 0.00013435
Epoch 1193|time: 0.06s|train_loss 0.00012202|val_loss 0.00012601
Epoch 1194|time: 0.06s|train_loss 0.00010895|val_loss 0.00013283
Epoch 1195|time: 0.06s|train_loss 0.00011971|val_loss 0.00013083
Epoch 1196|time: 0.06s|train_loss 0.00011208|val_loss 0.00013252
Epoch 1197|time: 0.06s|train_loss 0.00011871|val_loss 0.00012534
Epoch 1198|time: 0.06s|train_loss 0.00011056|val_loss 0.00012718
Epoch 1199|time: 0.06s|train_loss 0.00010694|val_loss 0.00013222
Epoch 1200|time: 0.06s|train_loss 0.00011176|val_loss 0.00013603
Epoch 1201|time: 0.06s|train_loss 0.00010814|val_loss 0.00012546
Epoch 1202|time: 0.06s|train_loss 0.00011562|val_loss 0.00013767
Epoch 1203|time: 0.06s|train_loss 0.00011398|val_loss 0.00013530
Epoch 1204|time: 0.06s|train_loss 0.00011672|val_loss 0.00012715
Epoch 1205|time: 0.06s|train_loss 0.00011787|val_loss 0.00014832
Epoch 1206|time: 0.06s|train_loss 0.00013456|val_loss 0.00013159
Epoch 1207|time: 0.06s|train_loss 0.00013366|val_loss 0.00013091
Epoch 1208|time: 0.06s|train_loss 0.00011908|val_loss 0.00013669
Epoch 1209|time: 0.06s|train_loss 0.00012501|val_loss 0.00013425
Epoch 1210|time: 0.06s|train_loss 0.00011166|val_loss 0.00012490
Epoch 1211|time: 0.06s|train_loss 0.00010786|val_loss 0.00012636
Epoch 1212|time: 0.06s|train_loss 0.00010394|val_loss 0.00012436
Epoch 1213|time: 0.06s|train_loss 0.00011165|val_loss 0.00012406
Epoch 1214|time: 0.06s|train_loss 0.00010625|val_loss 0.00012610
Final evaluation
TEST MAE 0.1580 | std 0.0458 | RMSE 0.2472 | RMSEs 0.2376 | PCC 0.9666 | PCCs 0.9521 | R2 0.9314 | R2s 0.8948 | Var 0.9317 | Vars 0.8966 | Peak 0.0878
