--------Parameters--------
Namespace(batch=32, bi=False, check_point=1, cuda=False, dataset='us_hhs', dropout=0.2, epilambda=0.2, epochs=1500, gpu=3, hidsp=15, horizon=2, k=10, lamda=0.01, lr=0.01, model='cola_gnn', mylog=True, n_hidden=20, n_layer=1, patience=200, rnn_model='RNN', save_dir='save', seed=42, shuffle=False, sim_mat='us_hhs-adj', test=0.2, train=0.6, val=0.2, weight_decay=0.0005, window=20)
--------------------------
data shape (364, 10)
364 10
(364, 10)
size of train/val/test sets 197 73 73
#params: 2163
begin training
Epoch   1|time: 0.09s|train_loss 0.00142726|val_loss 0.00024753
Best validation epoch: 1 Sat May 13 00:55:46 2023
TEST MAE 0.3031 std 0.0839 RMSE 0.4697 RMSEs 0.4487 PCC 0.8988 PCCs 0.8727 R2 0.7522 R2s 0.6428 Var 0.7596 Vars 0.6695 Peak 0.1871
Epoch   2|time: 0.08s|train_loss 0.00033229|val_loss 0.00034590
Epoch   3|time: 0.08s|train_loss 0.00028817|val_loss 0.00032259
Epoch   4|time: 0.08s|train_loss 0.00027113|val_loss 0.00026697
Epoch   5|time: 0.08s|train_loss 0.00025308|val_loss 0.00022425
Best validation epoch: 5 Sat May 13 00:55:47 2023
TEST MAE 0.2757 std 0.0675 RMSE 0.3761 RMSEs 0.3644 PCC 0.9245 PCCs 0.8893 R2 0.8411 R2s 0.7550 Var 0.8547 Vars 0.7883 Peak 0.1348
Epoch   6|time: 0.08s|train_loss 0.00022023|val_loss 0.00031344
Epoch   7|time: 0.08s|train_loss 0.00021381|val_loss 0.00026005
Epoch   8|time: 0.08s|train_loss 0.00019873|val_loss 0.00018317
Best validation epoch: 8 Sat May 13 00:55:47 2023
TEST MAE 0.2348 std 0.0625 RMSE 0.3686 RMSEs 0.3543 PCC 0.9252 PCCs 0.8888 R2 0.8474 R2s 0.7726 Var 0.8495 Vars 0.7789 Peak 0.1425
Epoch   9|time: 0.08s|train_loss 0.00019716|val_loss 0.00019210
Epoch  10|time: 0.08s|train_loss 0.00017967|val_loss 0.00021699
Epoch  11|time: 0.08s|train_loss 0.00019144|val_loss 0.00021887
Epoch  12|time: 0.08s|train_loss 0.00019106|val_loss 0.00020082
Epoch  13|time: 0.08s|train_loss 0.00019657|val_loss 0.00018428
Epoch  14|time: 0.08s|train_loss 0.00017618|val_loss 0.00019470
Epoch  15|time: 0.08s|train_loss 0.00019421|val_loss 0.00019519
Epoch  16|time: 0.08s|train_loss 0.00017764|val_loss 0.00019457
Epoch  17|time: 0.08s|train_loss 0.00019660|val_loss 0.00017961
Best validation epoch: 17 Sat May 13 00:55:47 2023
TEST MAE 0.2269 std 0.0616 RMSE 0.3480 RMSEs 0.3339 PCC 0.9311 PCCs 0.9006 R2 0.8639 R2s 0.7980 Var 0.8641 Vars 0.8041 Peak 0.1313
Epoch  18|time: 0.07s|train_loss 0.00017518|val_loss 0.00018707
Epoch  19|time: 0.08s|train_loss 0.00017206|val_loss 0.00021265
Epoch  20|time: 0.07s|train_loss 0.00017921|val_loss 0.00018260
Epoch  21|time: 0.08s|train_loss 0.00016869|val_loss 0.00021160
Epoch  22|time: 0.07s|train_loss 0.00016872|val_loss 0.00023285
Epoch  23|time: 0.08s|train_loss 0.00022338|val_loss 0.00033719
Epoch  24|time: 0.08s|train_loss 0.00023992|val_loss 0.00022625
Epoch  25|time: 0.08s|train_loss 0.00019394|val_loss 0.00018374
Epoch  26|time: 0.08s|train_loss 0.00017100|val_loss 0.00020877
Epoch  27|time: 0.08s|train_loss 0.00018228|val_loss 0.00018315
Epoch  28|time: 0.08s|train_loss 0.00017391|val_loss 0.00024025
Epoch  29|time: 0.08s|train_loss 0.00018776|val_loss 0.00017884
Best validation epoch: 29 Sat May 13 00:55:48 2023
TEST MAE 0.2200 std 0.0670 RMSE 0.3496 RMSEs 0.3333 PCC 0.9336 PCCs 0.9050 R2 0.8627 R2s 0.8016 Var 0.8678 Vars 0.8118 Peak 0.1364
Epoch  30|time: 0.08s|train_loss 0.00021283|val_loss 0.00020983
Epoch  31|time: 0.08s|train_loss 0.00018403|val_loss 0.00017833
Best validation epoch: 31 Sat May 13 00:55:49 2023
TEST MAE 0.2212 std 0.0642 RMSE 0.3358 RMSEs 0.3209 PCC 0.9350 PCCs 0.9116 R2 0.8733 R2s 0.8133 Var 0.8742 Vars 0.8247 Peak 0.1238
Epoch  32|time: 0.08s|train_loss 0.00018677|val_loss 0.00020020
Epoch  33|time: 0.08s|train_loss 0.00019157|val_loss 0.00018468
Epoch  34|time: 0.08s|train_loss 0.00017545|val_loss 0.00027508
Epoch  35|time: 0.08s|train_loss 0.00018719|val_loss 0.00022423
Epoch  36|time: 0.08s|train_loss 0.00019044|val_loss 0.00019159
Epoch  37|time: 0.08s|train_loss 0.00019730|val_loss 0.00019294
Epoch  38|time: 0.08s|train_loss 0.00022724|val_loss 0.00017822
Best validation epoch: 38 Sat May 13 00:55:49 2023
TEST MAE 0.2183 std 0.0604 RMSE 0.3349 RMSEs 0.3206 PCC 0.9358 PCCs 0.9090 R2 0.8740 R2s 0.8137 Var 0.8740 Vars 0.8202 Peak 0.1256
Epoch  39|time: 0.07s|train_loss 0.00017912|val_loss 0.00022736
Epoch  40|time: 0.08s|train_loss 0.00017698|val_loss 0.00018320
Epoch  41|time: 0.08s|train_loss 0.00018881|val_loss 0.00018412
Epoch  42|time: 0.08s|train_loss 0.00019528|val_loss 0.00017503
Best validation epoch: 42 Sat May 13 00:55:49 2023
TEST MAE 0.2181 std 0.0582 RMSE 0.3311 RMSEs 0.3180 PCC 0.9374 PCCs 0.9118 R2 0.8768 R2s 0.8153 Var 0.8785 Vars 0.8251 Peak 0.1208
Epoch  43|time: 0.07s|train_loss 0.00016768|val_loss 0.00018046
Epoch  44|time: 0.08s|train_loss 0.00017715|val_loss 0.00019078
Epoch  45|time: 0.08s|train_loss 0.00018635|val_loss 0.00017598
Epoch  46|time: 0.08s|train_loss 0.00019665|val_loss 0.00017658
Epoch  47|time: 0.08s|train_loss 0.00017450|val_loss 0.00018164
Epoch  48|time: 0.08s|train_loss 0.00016882|val_loss 0.00017827
Epoch  49|time: 0.08s|train_loss 0.00019088|val_loss 0.00023164
Epoch  50|time: 0.08s|train_loss 0.00019226|val_loss 0.00021650
Epoch  51|time: 0.08s|train_loss 0.00020269|val_loss 0.00024816
Epoch  52|time: 0.08s|train_loss 0.00018235|val_loss 0.00019524
Epoch  53|time: 0.08s|train_loss 0.00018144|val_loss 0.00019757
Epoch  54|time: 0.08s|train_loss 0.00019240|val_loss 0.00023438
Epoch  55|time: 0.08s|train_loss 0.00019824|val_loss 0.00019219
Epoch  56|time: 0.08s|train_loss 0.00017572|val_loss 0.00029463
Epoch  57|time: 0.08s|train_loss 0.00021424|val_loss 0.00019362
Epoch  58|time: 0.08s|train_loss 0.00018528|val_loss 0.00017787
Epoch  59|time: 0.08s|train_loss 0.00017462|val_loss 0.00019707
Epoch  60|time: 0.08s|train_loss 0.00018538|val_loss 0.00019681
Epoch  61|time: 0.08s|train_loss 0.00017465|val_loss 0.00017525
Epoch  62|time: 0.11s|train_loss 0.00020457|val_loss 0.00019414
Epoch  63|time: 0.08s|train_loss 0.00018373|val_loss 0.00017778
Epoch  64|time: 0.08s|train_loss 0.00017160|val_loss 0.00018252
Epoch  65|time: 0.08s|train_loss 0.00017114|val_loss 0.00022077
Epoch  66|time: 0.08s|train_loss 0.00017268|val_loss 0.00017785
Epoch  67|time: 0.08s|train_loss 0.00016333|val_loss 0.00017574
Epoch  68|time: 0.08s|train_loss 0.00016420|val_loss 0.00019454
Epoch  69|time: 0.08s|train_loss 0.00018152|val_loss 0.00019816
Epoch  70|time: 0.08s|train_loss 0.00016866|val_loss 0.00017753
Epoch  71|time: 0.08s|train_loss 0.00018719|val_loss 0.00021749
Epoch  72|time: 0.08s|train_loss 0.00018310|val_loss 0.00019940
Epoch  73|time: 0.08s|train_loss 0.00017804|val_loss 0.00020057
Epoch  74|time: 0.08s|train_loss 0.00016625|val_loss 0.00018154
Epoch  75|time: 0.07s|train_loss 0.00016566|val_loss 0.00017895
Epoch  76|time: 0.08s|train_loss 0.00017100|val_loss 0.00017622
Epoch  77|time: 0.08s|train_loss 0.00017540|val_loss 0.00017290
Best validation epoch: 77 Sat May 13 00:55:52 2023
TEST MAE 0.2190 std 0.0593 RMSE 0.3384 RMSEs 0.3246 PCC 0.9339 PCCs 0.9067 R2 0.8714 R2s 0.8092 Var 0.8714 Vars 0.8155 Peak 0.1259
Epoch  78|time: 0.07s|train_loss 0.00017243|val_loss 0.00022652
Epoch  79|time: 0.08s|train_loss 0.00019116|val_loss 0.00018085
Epoch  80|time: 0.08s|train_loss 0.00016290|val_loss 0.00017789
Epoch  81|time: 0.08s|train_loss 0.00017422|val_loss 0.00018454
Epoch  82|time: 0.08s|train_loss 0.00017765|val_loss 0.00020619
Epoch  83|time: 0.08s|train_loss 0.00016766|val_loss 0.00019638
Epoch  84|time: 0.08s|train_loss 0.00021452|val_loss 0.00018011
Epoch  85|time: 0.08s|train_loss 0.00017301|val_loss 0.00017551
Epoch  86|time: 0.08s|train_loss 0.00016726|val_loss 0.00017786
Epoch  87|time: 0.08s|train_loss 0.00018216|val_loss 0.00017476
Epoch  88|time: 0.08s|train_loss 0.00017863|val_loss 0.00018457
Epoch  89|time: 0.08s|train_loss 0.00016166|val_loss 0.00018412
Epoch  90|time: 0.07s|train_loss 0.00019576|val_loss 0.00017091
Best validation epoch: 90 Sat May 13 00:55:53 2023
TEST MAE 0.2184 std 0.0570 RMSE 0.3355 RMSEs 0.3224 PCC 0.9348 PCCs 0.9081 R2 0.8736 R2s 0.8107 Var 0.8738 Vars 0.8180 Peak 0.1235
Epoch  91|time: 0.08s|train_loss 0.00016286|val_loss 0.00017053
Best validation epoch: 91 Sat May 13 00:55:53 2023
TEST MAE 0.2171 std 0.0588 RMSE 0.3374 RMSEs 0.3239 PCC 0.9339 PCCs 0.9060 R2 0.8722 R2s 0.8097 Var 0.8722 Vars 0.8146 Peak 0.1268
Epoch  92|time: 0.08s|train_loss 0.00017399|val_loss 0.00017966
Epoch  93|time: 0.08s|train_loss 0.00017943|val_loss 0.00017070
Epoch  94|time: 0.08s|train_loss 0.00016889|val_loss 0.00017164
Epoch  95|time: 0.08s|train_loss 0.00015778|val_loss 0.00018579
Epoch  96|time: 0.08s|train_loss 0.00017313|val_loss 0.00020566
Epoch  97|time: 0.08s|train_loss 0.00017198|val_loss 0.00018673
Epoch  98|time: 0.08s|train_loss 0.00018399|val_loss 0.00017030
Best validation epoch: 98 Sat May 13 00:55:54 2023
TEST MAE 0.2110 std 0.0598 RMSE 0.3283 RMSEs 0.3135 PCC 0.9377 PCCs 0.9148 R2 0.8789 R2s 0.8225 Var 0.8792 Vars 0.8277 Peak 0.1200
Epoch  99|time: 0.08s|train_loss 0.00017439|val_loss 0.00017859
Epoch 100|time: 0.08s|train_loss 0.00017603|val_loss 0.00018784
Epoch 101|time: 0.08s|train_loss 0.00019454|val_loss 0.00020511
Epoch 102|time: 0.07s|train_loss 0.00018633|val_loss 0.00020761
Epoch 103|time: 0.08s|train_loss 0.00020722|val_loss 0.00017576
Epoch 104|time: 0.08s|train_loss 0.00016259|val_loss 0.00017236
Epoch 105|time: 0.08s|train_loss 0.00016906|val_loss 0.00018044
Epoch 106|time: 0.08s|train_loss 0.00017606|val_loss 0.00018986
Epoch 107|time: 0.08s|train_loss 0.00017816|val_loss 0.00017847
Epoch 108|time: 0.08s|train_loss 0.00016999|val_loss 0.00017228
Epoch 109|time: 0.08s|train_loss 0.00016292|val_loss 0.00017075
Epoch 110|time: 0.08s|train_loss 0.00017372|val_loss 0.00017227
Epoch 111|time: 0.08s|train_loss 0.00016300|val_loss 0.00017450
Epoch 112|time: 0.08s|train_loss 0.00015984|val_loss 0.00021126
Epoch 113|time: 0.08s|train_loss 0.00017694|val_loss 0.00017258
Epoch 114|time: 0.08s|train_loss 0.00015688|val_loss 0.00018342
Epoch 115|time: 0.07s|train_loss 0.00017454|val_loss 0.00024964
Epoch 116|time: 0.08s|train_loss 0.00019618|val_loss 0.00020196
Epoch 117|time: 0.08s|train_loss 0.00017066|val_loss 0.00017821
Epoch 118|time: 0.08s|train_loss 0.00016329|val_loss 0.00017303
Epoch 119|time: 0.08s|train_loss 0.00016189|val_loss 0.00017255
Epoch 120|time: 0.08s|train_loss 0.00018165|val_loss 0.00019327
Epoch 121|time: 0.08s|train_loss 0.00018228|val_loss 0.00017048
Epoch 122|time: 0.08s|train_loss 0.00016941|val_loss 0.00021793
Epoch 123|time: 0.08s|train_loss 0.00018819|val_loss 0.00017498
Epoch 124|time: 0.08s|train_loss 0.00016290|val_loss 0.00017256
Epoch 125|time: 0.08s|train_loss 0.00017186|val_loss 0.00017154
Epoch 126|time: 0.08s|train_loss 0.00015950|val_loss 0.00019508
Epoch 127|time: 0.08s|train_loss 0.00018594|val_loss 0.00021761
Epoch 128|time: 0.08s|train_loss 0.00018318|val_loss 0.00020553
Epoch 129|time: 0.08s|train_loss 0.00018579|val_loss 0.00017436
Epoch 130|time: 0.08s|train_loss 0.00016451|val_loss 0.00017270
Epoch 131|time: 0.08s|train_loss 0.00016414|val_loss 0.00021558
Epoch 132|time: 0.08s|train_loss 0.00016554|val_loss 0.00018330
Epoch 133|time: 0.08s|train_loss 0.00016976|val_loss 0.00017007
Best validation epoch: 133 Sat May 13 00:55:57 2023
TEST MAE 0.2077 std 0.0590 RMSE 0.3265 RMSEs 0.3117 PCC 0.9383 PCCs 0.9149 R2 0.8803 R2s 0.8241 Var 0.8803 Vars 0.8304 Peak 0.1209
Epoch 134|time: 0.08s|train_loss 0.00016091|val_loss 0.00018493
Epoch 135|time: 0.08s|train_loss 0.00016154|val_loss 0.00017730
Epoch 136|time: 0.08s|train_loss 0.00015756|val_loss 0.00016966
Best validation epoch: 136 Sat May 13 00:55:57 2023
TEST MAE 0.2124 std 0.0575 RMSE 0.3306 RMSEs 0.3167 PCC 0.9371 PCCs 0.9157 R2 0.8772 R2s 0.8166 Var 0.8776 Vars 0.8265 Peak 0.1198
Epoch 137|time: 0.08s|train_loss 0.00017711|val_loss 0.00019381
Epoch 138|time: 0.08s|train_loss 0.00017535|val_loss 0.00017114
Epoch 139|time: 0.08s|train_loss 0.00016933|val_loss 0.00019204
Epoch 140|time: 0.08s|train_loss 0.00016719|val_loss 0.00017088
Epoch 141|time: 0.08s|train_loss 0.00015470|val_loss 0.00017592
Epoch 142|time: 0.08s|train_loss 0.00016143|val_loss 0.00017328
Epoch 143|time: 0.08s|train_loss 0.00017142|val_loss 0.00017607
Epoch 144|time: 0.08s|train_loss 0.00016730|val_loss 0.00017259
Epoch 145|time: 0.08s|train_loss 0.00016169|val_loss 0.00019379
Epoch 146|time: 0.08s|train_loss 0.00016510|val_loss 0.00017539
Epoch 147|time: 0.08s|train_loss 0.00016120|val_loss 0.00020008
Epoch 148|time: 0.08s|train_loss 0.00017393|val_loss 0.00020789
Epoch 149|time: 0.08s|train_loss 0.00019446|val_loss 0.00022076
Epoch 150|time: 0.08s|train_loss 0.00019914|val_loss 0.00018494
Epoch 151|time: 0.08s|train_loss 0.00019321|val_loss 0.00019628
Epoch 152|time: 0.08s|train_loss 0.00018106|val_loss 0.00017395
Epoch 153|time: 0.08s|train_loss 0.00017506|val_loss 0.00017297
Epoch 154|time: 0.08s|train_loss 0.00017587|val_loss 0.00017510
Epoch 155|time: 0.08s|train_loss 0.00016611|val_loss 0.00016939
Best validation epoch: 155 Sat May 13 00:55:58 2023
TEST MAE 0.2250 std 0.0577 RMSE 0.3527 RMSEs 0.3401 PCC 0.9277 PCCs 0.8972 R2 0.8602 R2s 0.7890 Var 0.8606 Vars 0.7943 Peak 0.1326
Epoch 156|time: 0.08s|train_loss 0.00015839|val_loss 0.00016829
Best validation epoch: 156 Sat May 13 00:55:58 2023
TEST MAE 0.2122 std 0.0657 RMSE 0.3339 RMSEs 0.3179 PCC 0.9369 PCCs 0.9180 R2 0.8747 R2s 0.8165 Var 0.8747 Vars 0.8231 Peak 0.1231
Epoch 157|time: 0.08s|train_loss 0.00018831|val_loss 0.00017139
Epoch 158|time: 0.08s|train_loss 0.00016703|val_loss 0.00016779
Best validation epoch: 158 Sat May 13 00:55:59 2023
TEST MAE 0.2347 std 0.0593 RMSE 0.3718 RMSEs 0.3596 PCC 0.9192 PCCs 0.8825 R2 0.8447 R2s 0.7641 Var 0.8450 Vars 0.7689 Peak 0.1420
Epoch 159|time: 0.08s|train_loss 0.00016624|val_loss 0.00018081
Epoch 160|time: 0.08s|train_loss 0.00016179|val_loss 0.00018066
Epoch 161|time: 0.08s|train_loss 0.00015875|val_loss 0.00017967
Epoch 162|time: 0.08s|train_loss 0.00016597|val_loss 0.00021096
Epoch 163|time: 0.08s|train_loss 0.00016679|val_loss 0.00017968
Epoch 164|time: 0.08s|train_loss 0.00017703|val_loss 0.00019745
Epoch 165|time: 0.08s|train_loss 0.00019134|val_loss 0.00020475
Epoch 166|time: 0.08s|train_loss 0.00018689|val_loss 0.00018469
Epoch 167|time: 0.08s|train_loss 0.00017737|val_loss 0.00023017
Epoch 168|time: 0.08s|train_loss 0.00017243|val_loss 0.00022076
Epoch 169|time: 0.08s|train_loss 0.00018828|val_loss 0.00022626
Epoch 170|time: 0.08s|train_loss 0.00020004|val_loss 0.00019927
Epoch 171|time: 0.08s|train_loss 0.00017057|val_loss 0.00018295
Epoch 172|time: 0.08s|train_loss 0.00017624|val_loss 0.00017317
Epoch 173|time: 0.08s|train_loss 0.00015915|val_loss 0.00018315
Epoch 174|time: 0.08s|train_loss 0.00017413|val_loss 0.00017249
Epoch 175|time: 0.08s|train_loss 0.00017065|val_loss 0.00017028
Epoch 176|time: 0.08s|train_loss 0.00016718|val_loss 0.00016975
Epoch 177|time: 0.08s|train_loss 0.00017646|val_loss 0.00017614
Epoch 178|time: 0.08s|train_loss 0.00016188|val_loss 0.00019236
Epoch 179|time: 0.08s|train_loss 0.00016604|val_loss 0.00017370
Epoch 180|time: 0.08s|train_loss 0.00015994|val_loss 0.00017810
Epoch 181|time: 0.08s|train_loss 0.00016753|val_loss 0.00016839
Epoch 182|time: 0.08s|train_loss 0.00016515|val_loss 0.00020820
Epoch 183|time: 0.08s|train_loss 0.00017712|val_loss 0.00018622
Epoch 184|time: 0.08s|train_loss 0.00016206|val_loss 0.00016860
Epoch 185|time: 0.08s|train_loss 0.00016217|val_loss 0.00016558
Best validation epoch: 185 Sat May 13 00:56:01 2023
TEST MAE 0.2241 std 0.0570 RMSE 0.3532 RMSEs 0.3408 PCC 0.9294 PCCs 0.9013 R2 0.8598 R2s 0.7857 Var 0.8615 Vars 0.7963 Peak 0.1290
Epoch 186|time: 0.08s|train_loss 0.00016347|val_loss 0.00016676
Epoch 187|time: 0.08s|train_loss 0.00015463|val_loss 0.00017708
Epoch 188|time: 0.08s|train_loss 0.00017655|val_loss 0.00024912
Epoch 189|time: 0.08s|train_loss 0.00020817|val_loss 0.00017871
Epoch 190|time: 0.08s|train_loss 0.00015257|val_loss 0.00017579
Epoch 191|time: 0.08s|train_loss 0.00018519|val_loss 0.00018312
Epoch 192|time: 0.08s|train_loss 0.00016775|val_loss 0.00024921
Epoch 193|time: 0.08s|train_loss 0.00018461|val_loss 0.00022492
Epoch 194|time: 0.08s|train_loss 0.00017876|val_loss 0.00022081
Epoch 195|time: 0.08s|train_loss 0.00019113|val_loss 0.00024996
Epoch 196|time: 0.08s|train_loss 0.00018938|val_loss 0.00026060
Epoch 197|time: 0.08s|train_loss 0.00021493|val_loss 0.00020475
Epoch 198|time: 0.08s|train_loss 0.00018681|val_loss 0.00018150
Epoch 199|time: 0.08s|train_loss 0.00017275|val_loss 0.00017551
Epoch 200|time: 0.08s|train_loss 0.00018971|val_loss 0.00017310
Epoch 201|time: 0.08s|train_loss 0.00017255|val_loss 0.00020248
Epoch 202|time: 0.08s|train_loss 0.00018258|val_loss 0.00017710
Epoch 203|time: 0.08s|train_loss 0.00017062|val_loss 0.00017100
Epoch 204|time: 0.08s|train_loss 0.00017543|val_loss 0.00017386
Epoch 205|time: 0.08s|train_loss 0.00016651|val_loss 0.00017251
Epoch 206|time: 0.08s|train_loss 0.00017088|val_loss 0.00017268
Epoch 207|time: 0.08s|train_loss 0.00015578|val_loss 0.00018634
Epoch 208|time: 0.08s|train_loss 0.00016549|val_loss 0.00017681
Epoch 209|time: 0.08s|train_loss 0.00016314|val_loss 0.00016512
Best validation epoch: 209 Sat May 13 00:56:03 2023
TEST MAE 0.2182 std 0.0616 RMSE 0.3448 RMSEs 0.3303 PCC 0.9340 PCCs 0.9113 R2 0.8664 R2s 0.7987 Var 0.8674 Vars 0.8077 Peak 0.1249
Epoch 210|time: 0.07s|train_loss 0.00016609|val_loss 0.00018815
Epoch 211|time: 0.07s|train_loss 0.00015989|val_loss 0.00020126
Epoch 212|time: 0.08s|train_loss 0.00019376|val_loss 0.00024733
Epoch 213|time: 0.07s|train_loss 0.00018798|val_loss 0.00017815
Epoch 214|time: 0.08s|train_loss 0.00021243|val_loss 0.00020677
Epoch 215|time: 0.08s|train_loss 0.00017799|val_loss 0.00017090
Epoch 216|time: 0.08s|train_loss 0.00016640|val_loss 0.00018773
Epoch 217|time: 0.08s|train_loss 0.00017145|val_loss 0.00017290
Epoch 218|time: 0.08s|train_loss 0.00016352|val_loss 0.00017606
Epoch 219|time: 0.08s|train_loss 0.00015669|val_loss 0.00017249
Epoch 220|time: 0.07s|train_loss 0.00015419|val_loss 0.00016556
Epoch 221|time: 0.08s|train_loss 0.00015712|val_loss 0.00017877
Epoch 222|time: 0.08s|train_loss 0.00016269|val_loss 0.00018504
Epoch 223|time: 0.07s|train_loss 0.00017341|val_loss 0.00017183
Epoch 224|time: 0.08s|train_loss 0.00015404|val_loss 0.00016826
Epoch 225|time: 0.08s|train_loss 0.00016764|val_loss 0.00017488
Epoch 226|time: 0.08s|train_loss 0.00016068|val_loss 0.00017639
Epoch 227|time: 0.08s|train_loss 0.00016168|val_loss 0.00018795
Epoch 228|time: 0.08s|train_loss 0.00015539|val_loss 0.00019395
Epoch 229|time: 0.08s|train_loss 0.00016573|val_loss 0.00017640
Epoch 230|time: 0.07s|train_loss 0.00018172|val_loss 0.00016829
Epoch 231|time: 0.08s|train_loss 0.00016478|val_loss 0.00016595
Epoch 232|time: 0.08s|train_loss 0.00018448|val_loss 0.00017662
Epoch 233|time: 0.08s|train_loss 0.00017287|val_loss 0.00018766
Epoch 234|time: 0.08s|train_loss 0.00016835|val_loss 0.00017353
Epoch 235|time: 0.08s|train_loss 0.00017592|val_loss 0.00017292
Epoch 236|time: 0.08s|train_loss 0.00015620|val_loss 0.00018400
Epoch 237|time: 0.08s|train_loss 0.00016423|val_loss 0.00017005
Epoch 238|time: 0.08s|train_loss 0.00015066|val_loss 0.00016759
Epoch 239|time: 0.08s|train_loss 0.00015996|val_loss 0.00016981
Epoch 240|time: 0.08s|train_loss 0.00016802|val_loss 0.00018131
Epoch 241|time: 0.08s|train_loss 0.00016390|val_loss 0.00017819
Epoch 242|time: 0.07s|train_loss 0.00015013|val_loss 0.00016959
Epoch 243|time: 0.08s|train_loss 0.00016675|val_loss 0.00020674
Epoch 244|time: 0.08s|train_loss 0.00016976|val_loss 0.00017096
Epoch 245|time: 0.08s|train_loss 0.00015354|val_loss 0.00018801
Epoch 246|time: 0.08s|train_loss 0.00015206|val_loss 0.00017833
Epoch 247|time: 0.08s|train_loss 0.00015384|val_loss 0.00016703
Epoch 248|time: 0.08s|train_loss 0.00016726|val_loss 0.00016785
Epoch 249|time: 0.08s|train_loss 0.00018656|val_loss 0.00019479
Epoch 250|time: 0.08s|train_loss 0.00016853|val_loss 0.00017712
Epoch 251|time: 0.08s|train_loss 0.00015918|val_loss 0.00016917
Epoch 252|time: 0.08s|train_loss 0.00018404|val_loss 0.00018595
Epoch 253|time: 0.08s|train_loss 0.00016748|val_loss 0.00016904
Epoch 254|time: 0.08s|train_loss 0.00018051|val_loss 0.00020920
Epoch 255|time: 0.08s|train_loss 0.00017437|val_loss 0.00016959
Epoch 256|time: 0.08s|train_loss 0.00017733|val_loss 0.00018165
Epoch 257|time: 0.08s|train_loss 0.00016808|val_loss 0.00017318
Epoch 258|time: 0.08s|train_loss 0.00019353|val_loss 0.00018030
Epoch 259|time: 0.08s|train_loss 0.00016398|val_loss 0.00017862
Epoch 260|time: 0.08s|train_loss 0.00016811|val_loss 0.00016784
Epoch 261|time: 0.08s|train_loss 0.00016497|val_loss 0.00017965
Epoch 262|time: 0.08s|train_loss 0.00015803|val_loss 0.00017287
Epoch 263|time: 0.08s|train_loss 0.00014953|val_loss 0.00018629
Epoch 264|time: 0.08s|train_loss 0.00016582|val_loss 0.00016463
Best validation epoch: 264 Sat May 13 00:56:07 2023
TEST MAE 0.2282 std 0.0718 RMSE 0.3665 RMSEs 0.3489 PCC 0.9308 PCCs 0.9143 R2 0.8491 R2s 0.7759 Var 0.8498 Vars 0.7847 Peak 0.1363
Epoch 265|time: 0.08s|train_loss 0.00015616|val_loss 0.00018415
Epoch 266|time: 0.08s|train_loss 0.00017392|val_loss 0.00017217
Epoch 267|time: 0.08s|train_loss 0.00016633|val_loss 0.00016512
Epoch 268|time: 0.08s|train_loss 0.00015767|val_loss 0.00022819
Epoch 269|time: 0.08s|train_loss 0.00017472|val_loss 0.00018278
Epoch 270|time: 0.08s|train_loss 0.00016853|val_loss 0.00017367
Epoch 271|time: 0.07s|train_loss 0.00016451|val_loss 0.00019829
Epoch 272|time: 0.08s|train_loss 0.00017078|val_loss 0.00017397
Epoch 273|time: 0.08s|train_loss 0.00016566|val_loss 0.00017286
Epoch 274|time: 0.08s|train_loss 0.00015585|val_loss 0.00016892
Epoch 275|time: 0.08s|train_loss 0.00015095|val_loss 0.00016229
Best validation epoch: 275 Sat May 13 00:56:08 2023
TEST MAE 0.2226 std 0.0703 RMSE 0.3594 RMSEs 0.3423 PCC 0.9323 PCCs 0.9160 R2 0.8549 R2s 0.7825 Var 0.8571 Vars 0.7967 Peak 0.1375
Epoch 276|time: 0.08s|train_loss 0.00016528|val_loss 0.00017094
Epoch 277|time: 0.08s|train_loss 0.00017058|val_loss 0.00016418
Epoch 278|time: 0.08s|train_loss 0.00017406|val_loss 0.00017397
Epoch 279|time: 0.08s|train_loss 0.00016758|val_loss 0.00017263
Epoch 280|time: 0.08s|train_loss 0.00015512|val_loss 0.00017453
Epoch 281|time: 0.08s|train_loss 0.00015925|val_loss 0.00016626
Epoch 282|time: 0.08s|train_loss 0.00015973|val_loss 0.00016930
Epoch 283|time: 0.08s|train_loss 0.00016508|val_loss 0.00018347
Epoch 284|time: 0.08s|train_loss 0.00017959|val_loss 0.00016742
Epoch 285|time: 0.08s|train_loss 0.00016299|val_loss 0.00018937
Epoch 286|time: 0.08s|train_loss 0.00016455|val_loss 0.00017056
Epoch 287|time: 0.07s|train_loss 0.00017151|val_loss 0.00017028
Epoch 288|time: 0.08s|train_loss 0.00015890|val_loss 0.00016610
Epoch 289|time: 0.08s|train_loss 0.00017396|val_loss 0.00017337
Epoch 290|time: 0.08s|train_loss 0.00017584|val_loss 0.00016942
Epoch 291|time: 0.08s|train_loss 0.00018349|val_loss 0.00017015
Epoch 292|time: 0.08s|train_loss 0.00017856|val_loss 0.00017907
Epoch 293|time: 0.08s|train_loss 0.00018419|val_loss 0.00018093
Epoch 294|time: 0.08s|train_loss 0.00018776|val_loss 0.00018366
Epoch 295|time: 0.08s|train_loss 0.00017650|val_loss 0.00017046
Epoch 296|time: 0.08s|train_loss 0.00016949|val_loss 0.00017163
Epoch 297|time: 0.08s|train_loss 0.00017784|val_loss 0.00016851
Epoch 298|time: 0.08s|train_loss 0.00019905|val_loss 0.00023699
Epoch 299|time: 0.08s|train_loss 0.00018452|val_loss 0.00020214
Epoch 300|time: 0.08s|train_loss 0.00018283|val_loss 0.00021242
Epoch 301|time: 0.08s|train_loss 0.00017973|val_loss 0.00019162
Epoch 302|time: 0.08s|train_loss 0.00018129|val_loss 0.00018289
Epoch 303|time: 0.08s|train_loss 0.00019100|val_loss 0.00018650
Epoch 304|time: 0.08s|train_loss 0.00017731|val_loss 0.00018272
Epoch 305|time: 0.08s|train_loss 0.00017456|val_loss 0.00018223
Epoch 306|time: 0.08s|train_loss 0.00017161|val_loss 0.00018555
Epoch 307|time: 0.08s|train_loss 0.00019167|val_loss 0.00018277
Epoch 308|time: 0.08s|train_loss 0.00016542|val_loss 0.00018229
Epoch 309|time: 0.08s|train_loss 0.00019011|val_loss 0.00018226
Epoch 310|time: 0.08s|train_loss 0.00017018|val_loss 0.00018388
Epoch 311|time: 0.08s|train_loss 0.00017039|val_loss 0.00018169
Epoch 312|time: 0.08s|train_loss 0.00016742|val_loss 0.00018662
Epoch 313|time: 0.08s|train_loss 0.00017540|val_loss 0.00019450
Epoch 314|time: 0.08s|train_loss 0.00016474|val_loss 0.00019097
Epoch 315|time: 0.08s|train_loss 0.00017598|val_loss 0.00020785
Epoch 316|time: 0.08s|train_loss 0.00018804|val_loss 0.00021514
Epoch 317|time: 0.08s|train_loss 0.00017765|val_loss 0.00018668
Epoch 318|time: 0.07s|train_loss 0.00018213|val_loss 0.00018559
Epoch 319|time: 0.08s|train_loss 0.00018508|val_loss 0.00020642
Epoch 320|time: 0.08s|train_loss 0.00017699|val_loss 0.00017974
Epoch 321|time: 0.08s|train_loss 0.00019255|val_loss 0.00018115
Epoch 322|time: 0.08s|train_loss 0.00018066|val_loss 0.00018674
Epoch 323|time: 0.08s|train_loss 0.00018780|val_loss 0.00018219
Epoch 324|time: 0.08s|train_loss 0.00017090|val_loss 0.00018750
Epoch 325|time: 0.08s|train_loss 0.00016609|val_loss 0.00017677
Epoch 326|time: 0.08s|train_loss 0.00017288|val_loss 0.00017300
Epoch 327|time: 0.08s|train_loss 0.00016925|val_loss 0.00017212
Epoch 328|time: 0.08s|train_loss 0.00017062|val_loss 0.00017159
Epoch 329|time: 0.08s|train_loss 0.00015458|val_loss 0.00018218
Epoch 330|time: 0.08s|train_loss 0.00015805|val_loss 0.00017334
Epoch 331|time: 0.07s|train_loss 0.00015452|val_loss 0.00018559
Epoch 332|time: 0.08s|train_loss 0.00016917|val_loss 0.00018068
Epoch 333|time: 0.08s|train_loss 0.00017212|val_loss 0.00016866
Epoch 334|time: 0.08s|train_loss 0.00018230|val_loss 0.00021420
Epoch 335|time: 0.08s|train_loss 0.00018037|val_loss 0.00017466
Epoch 336|time: 0.08s|train_loss 0.00016636|val_loss 0.00017287
Epoch 337|time: 0.08s|train_loss 0.00014842|val_loss 0.00016485
Epoch 338|time: 0.08s|train_loss 0.00016347|val_loss 0.00020445
Epoch 339|time: 0.08s|train_loss 0.00016489|val_loss 0.00016927
Epoch 340|time: 0.08s|train_loss 0.00014723|val_loss 0.00018983
Epoch 341|time: 0.08s|train_loss 0.00016739|val_loss 0.00019636
Epoch 342|time: 0.07s|train_loss 0.00017995|val_loss 0.00017192
Epoch 343|time: 0.08s|train_loss 0.00016438|val_loss 0.00016906
Epoch 344|time: 0.08s|train_loss 0.00015681|val_loss 0.00016373
Epoch 345|time: 0.07s|train_loss 0.00015235|val_loss 0.00016804
Epoch 346|time: 0.08s|train_loss 0.00016174|val_loss 0.00016239
Epoch 347|time: 0.08s|train_loss 0.00016715|val_loss 0.00018132
Epoch 348|time: 0.08s|train_loss 0.00016907|val_loss 0.00016797
Epoch 349|time: 0.08s|train_loss 0.00016685|val_loss 0.00020410
Epoch 350|time: 0.08s|train_loss 0.00017054|val_loss 0.00019721
Epoch 351|time: 0.08s|train_loss 0.00016765|val_loss 0.00017444
Epoch 352|time: 0.08s|train_loss 0.00016930|val_loss 0.00016526
Epoch 353|time: 0.08s|train_loss 0.00015869|val_loss 0.00017330
Epoch 354|time: 0.08s|train_loss 0.00015461|val_loss 0.00016614
Epoch 355|time: 0.08s|train_loss 0.00015284|val_loss 0.00016517
Epoch 356|time: 0.08s|train_loss 0.00014556|val_loss 0.00017207
Epoch 357|time: 0.08s|train_loss 0.00015193|val_loss 0.00016604
Epoch 358|time: 0.08s|train_loss 0.00015419|val_loss 0.00018549
Epoch 359|time: 0.08s|train_loss 0.00015849|val_loss 0.00020061
Epoch 360|time: 0.08s|train_loss 0.00016915|val_loss 0.00017342
Epoch 361|time: 0.08s|train_loss 0.00016710|val_loss 0.00018989
Epoch 362|time: 0.08s|train_loss 0.00016698|val_loss 0.00018984
Epoch 363|time: 0.08s|train_loss 0.00016898|val_loss 0.00018619
Epoch 364|time: 0.08s|train_loss 0.00016807|val_loss 0.00017107
Epoch 365|time: 0.08s|train_loss 0.00015231|val_loss 0.00016835
Epoch 366|time: 0.08s|train_loss 0.00015508|val_loss 0.00018889
Epoch 367|time: 0.08s|train_loss 0.00016822|val_loss 0.00017257
Epoch 368|time: 0.08s|train_loss 0.00016352|val_loss 0.00016979
Epoch 369|time: 0.08s|train_loss 0.00018450|val_loss 0.00018851
Epoch 370|time: 0.08s|train_loss 0.00016007|val_loss 0.00017420
Epoch 371|time: 0.08s|train_loss 0.00016106|val_loss 0.00016177
Best validation epoch: 371 Sat May 13 00:56:15 2023
TEST MAE 0.2326 std 0.0593 RMSE 0.3781 RMSEs 0.3655 PCC 0.9209 PCCs 0.8894 R2 0.8394 R2s 0.7473 Var 0.8426 Vars 0.7627 Peak 0.1387
Epoch 372|time: 0.08s|train_loss 0.00016324|val_loss 0.00016753
Epoch 373|time: 0.08s|train_loss 0.00019368|val_loss 0.00018527
Epoch 374|time: 0.08s|train_loss 0.00016635|val_loss 0.00016430
Epoch 375|time: 0.08s|train_loss 0.00016915|val_loss 0.00017244
Epoch 376|time: 0.08s|train_loss 0.00015722|val_loss 0.00018211
Epoch 377|time: 0.08s|train_loss 0.00016604|val_loss 0.00017235
Epoch 378|time: 0.08s|train_loss 0.00015672|val_loss 0.00017075
Epoch 379|time: 0.08s|train_loss 0.00015287|val_loss 0.00017027
Epoch 380|time: 0.07s|train_loss 0.00017383|val_loss 0.00017857
Epoch 381|time: 0.08s|train_loss 0.00017151|val_loss 0.00024140
Epoch 382|time: 0.08s|train_loss 0.00017677|val_loss 0.00016317
Epoch 383|time: 0.08s|train_loss 0.00015207|val_loss 0.00017430
Epoch 384|time: 0.08s|train_loss 0.00016075|val_loss 0.00017237
Epoch 385|time: 0.08s|train_loss 0.00015875|val_loss 0.00016073
Best validation epoch: 385 Sat May 13 00:56:16 2023
TEST MAE 0.2353 std 0.0738 RMSE 0.3868 RMSEs 0.3697 PCC 0.9232 PCCs 0.9032 R2 0.8319 R2s 0.7445 Var 0.8343 Vars 0.7588 Peak 0.1439
Epoch 386|time: 0.07s|train_loss 0.00016192|val_loss 0.00016350
Epoch 387|time: 0.08s|train_loss 0.00015175|val_loss 0.00017024
Epoch 388|time: 0.08s|train_loss 0.00016774|val_loss 0.00016096
Epoch 389|time: 0.08s|train_loss 0.00015490|val_loss 0.00017643
Epoch 390|time: 0.08s|train_loss 0.00015252|val_loss 0.00016944
Epoch 391|time: 0.08s|train_loss 0.00015857|val_loss 0.00019850
Epoch 392|time: 0.08s|train_loss 0.00017626|val_loss 0.00018192
Epoch 393|time: 0.08s|train_loss 0.00019050|val_loss 0.00016634
Epoch 394|time: 0.08s|train_loss 0.00015662|val_loss 0.00018831
Epoch 395|time: 0.08s|train_loss 0.00016078|val_loss 0.00016552
Epoch 396|time: 0.08s|train_loss 0.00016859|val_loss 0.00019947
Epoch 397|time: 0.08s|train_loss 0.00016130|val_loss 0.00016689
Epoch 398|time: 0.08s|train_loss 0.00016122|val_loss 0.00016478
Epoch 399|time: 0.08s|train_loss 0.00015990|val_loss 0.00017746
Epoch 400|time: 0.08s|train_loss 0.00017576|val_loss 0.00017551
Epoch 401|time: 0.08s|train_loss 0.00018636|val_loss 0.00017128
Epoch 402|time: 0.08s|train_loss 0.00016871|val_loss 0.00022969
Epoch 403|time: 0.08s|train_loss 0.00019935|val_loss 0.00020298
Epoch 404|time: 0.08s|train_loss 0.00016773|val_loss 0.00016863
Epoch 405|time: 0.08s|train_loss 0.00015689|val_loss 0.00016874
Epoch 406|time: 0.08s|train_loss 0.00015216|val_loss 0.00016452
Epoch 407|time: 0.08s|train_loss 0.00015570|val_loss 0.00016337
Epoch 408|time: 0.08s|train_loss 0.00015478|val_loss 0.00016848
Epoch 409|time: 0.08s|train_loss 0.00014820|val_loss 0.00016425
Epoch 410|time: 0.08s|train_loss 0.00015300|val_loss 0.00016554
Epoch 411|time: 0.08s|train_loss 0.00015361|val_loss 0.00016745
Epoch 412|time: 0.08s|train_loss 0.00015284|val_loss 0.00018120
Epoch 413|time: 0.08s|train_loss 0.00016388|val_loss 0.00017310
Epoch 414|time: 0.08s|train_loss 0.00015134|val_loss 0.00016382
Epoch 415|time: 0.08s|train_loss 0.00015124|val_loss 0.00016444
Epoch 416|time: 0.08s|train_loss 0.00017499|val_loss 0.00017136
Epoch 417|time: 0.07s|train_loss 0.00018662|val_loss 0.00019426
Epoch 418|time: 0.08s|train_loss 0.00017344|val_loss 0.00019144
Epoch 419|time: 0.08s|train_loss 0.00017663|val_loss 0.00018551
Epoch 420|time: 0.08s|train_loss 0.00015841|val_loss 0.00017060
Epoch 421|time: 0.08s|train_loss 0.00016289|val_loss 0.00020863
Epoch 422|time: 0.08s|train_loss 0.00019396|val_loss 0.00018486
Epoch 423|time: 0.08s|train_loss 0.00020030|val_loss 0.00018503
Epoch 424|time: 0.08s|train_loss 0.00018332|val_loss 0.00021160
Epoch 425|time: 0.08s|train_loss 0.00017830|val_loss 0.00018330
Epoch 426|time: 0.08s|train_loss 0.00016638|val_loss 0.00018205
Epoch 427|time: 0.08s|train_loss 0.00017344|val_loss 0.00018300
Epoch 428|time: 0.08s|train_loss 0.00018721|val_loss 0.00018652
Epoch 429|time: 0.08s|train_loss 0.00019030|val_loss 0.00018396
Epoch 430|time: 0.08s|train_loss 0.00017178|val_loss 0.00018718
Epoch 431|time: 0.08s|train_loss 0.00016690|val_loss 0.00018079
Epoch 432|time: 0.08s|train_loss 0.00017091|val_loss 0.00018276
Epoch 433|time: 0.08s|train_loss 0.00016424|val_loss 0.00018406
Epoch 434|time: 0.07s|train_loss 0.00016780|val_loss 0.00018333
Epoch 435|time: 0.08s|train_loss 0.00017524|val_loss 0.00018136
Epoch 436|time: 0.08s|train_loss 0.00016730|val_loss 0.00019296
Epoch 437|time: 0.08s|train_loss 0.00018051|val_loss 0.00019665
Epoch 438|time: 0.08s|train_loss 0.00017752|val_loss 0.00019276
Epoch 439|time: 0.08s|train_loss 0.00017554|val_loss 0.00019019
Epoch 440|time: 0.08s|train_loss 0.00019194|val_loss 0.00021172
Epoch 441|time: 0.08s|train_loss 0.00017245|val_loss 0.00020337
Epoch 442|time: 0.07s|train_loss 0.00018030|val_loss 0.00018002
Epoch 443|time: 0.08s|train_loss 0.00018075|val_loss 0.00018910
Epoch 444|time: 0.08s|train_loss 0.00018023|val_loss 0.00018129
Epoch 445|time: 0.08s|train_loss 0.00018164|val_loss 0.00021029
Epoch 446|time: 0.08s|train_loss 0.00016679|val_loss 0.00017891
Epoch 447|time: 0.08s|train_loss 0.00016753|val_loss 0.00019333
Epoch 448|time: 0.08s|train_loss 0.00017593|val_loss 0.00018780
Epoch 449|time: 0.08s|train_loss 0.00017594|val_loss 0.00018077
Epoch 450|time: 0.08s|train_loss 0.00017320|val_loss 0.00018497
Epoch 451|time: 0.08s|train_loss 0.00016607|val_loss 0.00020799
Epoch 452|time: 0.07s|train_loss 0.00018326|val_loss 0.00020333
Epoch 453|time: 0.08s|train_loss 0.00017252|val_loss 0.00018962
Epoch 454|time: 0.08s|train_loss 0.00019314|val_loss 0.00017909
Epoch 455|time: 0.08s|train_loss 0.00016502|val_loss 0.00018306
Epoch 456|time: 0.08s|train_loss 0.00017137|val_loss 0.00018308
Epoch 457|time: 0.08s|train_loss 0.00020126|val_loss 0.00019679
Epoch 458|time: 0.08s|train_loss 0.00016748|val_loss 0.00018970
Epoch 459|time: 0.08s|train_loss 0.00017416|val_loss 0.00018610
Epoch 460|time: 0.08s|train_loss 0.00017070|val_loss 0.00019001
Epoch 461|time: 0.08s|train_loss 0.00016774|val_loss 0.00018890
Epoch 462|time: 0.08s|train_loss 0.00016731|val_loss 0.00017535
Epoch 463|time: 0.08s|train_loss 0.00016945|val_loss 0.00017727
Epoch 464|time: 0.08s|train_loss 0.00017747|val_loss 0.00020764
Epoch 465|time: 0.08s|train_loss 0.00017843|val_loss 0.00018373
Epoch 466|time: 0.08s|train_loss 0.00015930|val_loss 0.00018407
Epoch 467|time: 0.08s|train_loss 0.00016232|val_loss 0.00018047
Epoch 468|time: 0.08s|train_loss 0.00016697|val_loss 0.00017417
Epoch 469|time: 0.08s|train_loss 0.00017522|val_loss 0.00021455
Epoch 470|time: 0.07s|train_loss 0.00017129|val_loss 0.00018394
Epoch 471|time: 0.08s|train_loss 0.00019960|val_loss 0.00018132
Epoch 472|time: 0.08s|train_loss 0.00016731|val_loss 0.00017872
Epoch 473|time: 0.08s|train_loss 0.00016212|val_loss 0.00017729
Epoch 474|time: 0.07s|train_loss 0.00016057|val_loss 0.00018082
Epoch 475|time: 0.08s|train_loss 0.00019001|val_loss 0.00019890
Epoch 476|time: 0.08s|train_loss 0.00017313|val_loss 0.00018012
Epoch 477|time: 0.08s|train_loss 0.00019919|val_loss 0.00021272
Epoch 478|time: 0.08s|train_loss 0.00018335|val_loss 0.00017825
Epoch 479|time: 0.08s|train_loss 0.00018392|val_loss 0.00019331
Epoch 480|time: 0.08s|train_loss 0.00016901|val_loss 0.00018269
Epoch 481|time: 0.08s|train_loss 0.00016525|val_loss 0.00019664
Epoch 482|time: 0.08s|train_loss 0.00016640|val_loss 0.00017838
Epoch 483|time: 0.08s|train_loss 0.00016174|val_loss 0.00016861
Epoch 484|time: 0.08s|train_loss 0.00016468|val_loss 0.00017718
Epoch 485|time: 0.08s|train_loss 0.00018335|val_loss 0.00018160
Epoch 486|time: 0.08s|train_loss 0.00016085|val_loss 0.00018897
Epoch 487|time: 0.08s|train_loss 0.00016548|val_loss 0.00017676
Epoch 488|time: 0.08s|train_loss 0.00016062|val_loss 0.00019561
Epoch 489|time: 0.08s|train_loss 0.00016704|val_loss 0.00017125
Epoch 490|time: 0.08s|train_loss 0.00015376|val_loss 0.00017858
Epoch 491|time: 0.08s|train_loss 0.00016006|val_loss 0.00018170
Epoch 492|time: 0.08s|train_loss 0.00015266|val_loss 0.00018104
Epoch 493|time: 0.08s|train_loss 0.00016139|val_loss 0.00018467
Epoch 494|time: 0.08s|train_loss 0.00015659|val_loss 0.00017588
Epoch 495|time: 0.08s|train_loss 0.00016540|val_loss 0.00019834
Epoch 496|time: 0.08s|train_loss 0.00016779|val_loss 0.00017917
Epoch 497|time: 0.08s|train_loss 0.00018717|val_loss 0.00020380
Epoch 498|time: 0.08s|train_loss 0.00017225|val_loss 0.00018309
Epoch 499|time: 0.08s|train_loss 0.00015833|val_loss 0.00019052
Epoch 500|time: 0.07s|train_loss 0.00017060|val_loss 0.00018810
Epoch 501|time: 0.08s|train_loss 0.00015613|val_loss 0.00017063
Epoch 502|time: 0.08s|train_loss 0.00015453|val_loss 0.00017765
Epoch 503|time: 0.08s|train_loss 0.00015859|val_loss 0.00017430
Epoch 504|time: 0.08s|train_loss 0.00015642|val_loss 0.00017777
Epoch 505|time: 0.08s|train_loss 0.00016251|val_loss 0.00017752
Epoch 506|time: 0.07s|train_loss 0.00017404|val_loss 0.00018118
Epoch 507|time: 0.08s|train_loss 0.00016316|val_loss 0.00018590
Epoch 508|time: 0.08s|train_loss 0.00019032|val_loss 0.00019178
Epoch 509|time: 0.08s|train_loss 0.00015970|val_loss 0.00016636
Epoch 510|time: 0.08s|train_loss 0.00017650|val_loss 0.00020764
Epoch 511|time: 0.08s|train_loss 0.00020304|val_loss 0.00019747
Epoch 512|time: 0.08s|train_loss 0.00020386|val_loss 0.00021302
Epoch 513|time: 0.08s|train_loss 0.00020028|val_loss 0.00017444
Epoch 514|time: 0.08s|train_loss 0.00017796|val_loss 0.00021340
Epoch 515|time: 0.08s|train_loss 0.00017778|val_loss 0.00018102
Epoch 516|time: 0.08s|train_loss 0.00015532|val_loss 0.00017260
Epoch 517|time: 0.08s|train_loss 0.00016191|val_loss 0.00018207
Epoch 518|time: 0.08s|train_loss 0.00015984|val_loss 0.00018496
Epoch 519|time: 0.08s|train_loss 0.00016742|val_loss 0.00019438
Epoch 520|time: 0.08s|train_loss 0.00016627|val_loss 0.00016991
Epoch 521|time: 0.08s|train_loss 0.00016739|val_loss 0.00017814
Epoch 522|time: 0.08s|train_loss 0.00017328|val_loss 0.00017294
Epoch 523|time: 0.08s|train_loss 0.00016382|val_loss 0.00020838
Epoch 524|time: 0.08s|train_loss 0.00016678|val_loss 0.00021791
Epoch 525|time: 0.08s|train_loss 0.00017051|val_loss 0.00017735
Epoch 526|time: 0.08s|train_loss 0.00018851|val_loss 0.00018219
Epoch 527|time: 0.07s|train_loss 0.00017958|val_loss 0.00023331
Epoch 528|time: 0.08s|train_loss 0.00018216|val_loss 0.00021150
Epoch 529|time: 0.08s|train_loss 0.00017889|val_loss 0.00018606
Epoch 530|time: 0.08s|train_loss 0.00017132|val_loss 0.00017172
Epoch 531|time: 0.08s|train_loss 0.00016296|val_loss 0.00017401
Epoch 532|time: 0.08s|train_loss 0.00016725|val_loss 0.00019272
Epoch 533|time: 0.08s|train_loss 0.00016881|val_loss 0.00017260
Epoch 534|time: 0.08s|train_loss 0.00016543|val_loss 0.00018078
Epoch 535|time: 0.08s|train_loss 0.00016088|val_loss 0.00016566
Epoch 536|time: 0.08s|train_loss 0.00015908|val_loss 0.00017454
Epoch 537|time: 0.08s|train_loss 0.00016735|val_loss 0.00017577
Epoch 538|time: 0.08s|train_loss 0.00014943|val_loss 0.00016774
Epoch 539|time: 0.08s|train_loss 0.00015859|val_loss 0.00016847
Epoch 540|time: 0.08s|train_loss 0.00015859|val_loss 0.00017474
Epoch 541|time: 0.08s|train_loss 0.00016937|val_loss 0.00017069
Epoch 542|time: 0.08s|train_loss 0.00016281|val_loss 0.00018876
Epoch 543|time: 0.08s|train_loss 0.00015309|val_loss 0.00018280
Epoch 544|time: 0.08s|train_loss 0.00015140|val_loss 0.00018713
Epoch 545|time: 0.08s|train_loss 0.00015217|val_loss 0.00019936
Epoch 546|time: 0.08s|train_loss 0.00015996|val_loss 0.00018100
Epoch 547|time: 0.08s|train_loss 0.00015875|val_loss 0.00017901
Epoch 548|time: 0.08s|train_loss 0.00017333|val_loss 0.00018284
Epoch 549|time: 0.08s|train_loss 0.00017566|val_loss 0.00019670
Epoch 550|time: 0.08s|train_loss 0.00016453|val_loss 0.00019068
Epoch 551|time: 0.08s|train_loss 0.00018488|val_loss 0.00019517
Epoch 552|time: 0.08s|train_loss 0.00017099|val_loss 0.00018360
Epoch 553|time: 0.07s|train_loss 0.00017128|val_loss 0.00018993
Epoch 554|time: 0.08s|train_loss 0.00019100|val_loss 0.00017982
Epoch 555|time: 0.08s|train_loss 0.00016122|val_loss 0.00017689
Epoch 556|time: 0.08s|train_loss 0.00016093|val_loss 0.00017564
Epoch 557|time: 0.08s|train_loss 0.00014790|val_loss 0.00018282
Epoch 558|time: 0.08s|train_loss 0.00015608|val_loss 0.00016743
Epoch 559|time: 0.08s|train_loss 0.00014088|val_loss 0.00016648
Epoch 560|time: 0.08s|train_loss 0.00014869|val_loss 0.00018438
Epoch 561|time: 0.08s|train_loss 0.00017750|val_loss 0.00022256
Epoch 562|time: 0.07s|train_loss 0.00018525|val_loss 0.00019936
Epoch 563|time: 0.08s|train_loss 0.00015801|val_loss 0.00018274
Epoch 564|time: 0.08s|train_loss 0.00018326|val_loss 0.00019870
Epoch 565|time: 0.08s|train_loss 0.00017166|val_loss 0.00017132
Epoch 566|time: 0.08s|train_loss 0.00016358|val_loss 0.00018214
Epoch 567|time: 0.08s|train_loss 0.00016524|val_loss 0.00019602
Epoch 568|time: 0.08s|train_loss 0.00016867|val_loss 0.00020617
Epoch 569|time: 0.08s|train_loss 0.00018652|val_loss 0.00022775
Epoch 570|time: 0.08s|train_loss 0.00018623|val_loss 0.00016888
Epoch 571|time: 0.08s|train_loss 0.00015752|val_loss 0.00017947
Epoch 572|time: 0.08s|train_loss 0.00017423|val_loss 0.00017687
Epoch 573|time: 0.08s|train_loss 0.00015773|val_loss 0.00016728
Epoch 574|time: 0.08s|train_loss 0.00014474|val_loss 0.00016994
Epoch 575|time: 0.08s|train_loss 0.00014161|val_loss 0.00016889
Epoch 576|time: 0.08s|train_loss 0.00015480|val_loss 0.00016530
Epoch 577|time: 0.08s|train_loss 0.00015203|val_loss 0.00017526
Epoch 578|time: 0.08s|train_loss 0.00015851|val_loss 0.00019803
Epoch 579|time: 0.08s|train_loss 0.00014934|val_loss 0.00017573
Epoch 580|time: 0.08s|train_loss 0.00015631|val_loss 0.00017774
Epoch 581|time: 0.08s|train_loss 0.00015437|val_loss 0.00016833
Epoch 582|time: 0.08s|train_loss 0.00014543|val_loss 0.00016150
Epoch 583|time: 0.08s|train_loss 0.00017620|val_loss 0.00017369
Epoch 584|time: 0.08s|train_loss 0.00016061|val_loss 0.00017958
Epoch 585|time: 0.08s|train_loss 0.00015780|val_loss 0.00017396
Final evaluation
TEST MAE 0.2353 | std 0.0738 | RMSE 0.3868 | RMSEs 0.3697 | PCC 0.9232 | PCCs 0.9032 | R2 0.8319 | R2s 0.7445 | Var 0.8343 | Vars 0.7588 | Peak 0.1439
