--------Parameters--------
Namespace(batch=32, bi=False, check_point=1, cuda=False, dataset='us_hhs', dropout=0.2, epilambda=0.2, epochs=1500, gpu=3, hidsp=15, horizon=1, k=10, lamda=0.01, lr=0.001, model='cola_gnn', mylog=True, n_hidden=10, n_layer=1, patience=200, rnn_model='RNN', save_dir='save', seed=42, shuffle=False, sim_mat='us_hhs-adj', test=0.2, train=0.6, val=0.2, weight_decay=0.0005, window=20)
--------------------------
data shape (364, 10)
364 10
(364, 10)
size of train/val/test sets 198 73 73
#params: 1103
begin training
Epoch   1|time: 0.08s|train_loss 0.00087534|val_loss 0.00087815
Best validation epoch: 1 Sat May 13 00:40:17 2023
TEST MAE 0.8316 std 0.2542 RMSE 1.0951 RMSEs 1.0504 PCC 0.1950 PCCs -0.1133 R2 -0.3472 R2s -0.9822 Var -0.3472 Vars -0.8420 Peak 0.4026
Epoch   2|time: 0.06s|train_loss 0.00065777|val_loss 0.00071703
Best validation epoch: 2 Sat May 13 00:40:17 2023
TEST MAE 0.6677 std 0.2095 RMSE 0.9053 RMSEs 0.8641 PCC 0.4165 PCCs 0.2210 R2 0.0793 R2s -0.3470 Var 0.0837 Vars -0.1237 Peak 0.3213
Epoch   3|time: 0.07s|train_loss 0.00055089|val_loss 0.00051359
Best validation epoch: 3 Sat May 13 00:40:17 2023
TEST MAE 0.6537 std 0.3287 RMSE 0.9822 RMSEs 0.8937 PCC 0.5286 PCCs 0.4580 R2 -0.0837 R2s -0.3666 Var 0.2783 Vars 0.2195 Peak 0.4414
Epoch   4|time: 0.06s|train_loss 0.00052119|val_loss 0.00045688
Best validation epoch: 4 Sat May 13 00:40:17 2023
TEST MAE 0.4771 std 0.2194 RMSE 0.7562 RMSEs 0.6903 PCC 0.6642 PCCs 0.6264 R2 0.3577 R2s 0.1813 Var 0.4315 Vars 0.3796 Peak 0.3170
Epoch   5|time: 0.06s|train_loss 0.00040751|val_loss 0.00045451
Best validation epoch: 5 Sat May 13 00:40:17 2023
TEST MAE 0.4599 std 0.1319 RMSE 0.6434 RMSEs 0.6071 PCC 0.7353 PCCs 0.7208 R2 0.5350 R2s 0.3408 Var 0.5353 Vars 0.4905 Peak 0.2430
Epoch   6|time: 0.06s|train_loss 0.00044873|val_loss 0.00040676
Best validation epoch: 6 Sat May 13 00:40:17 2023
TEST MAE 0.3952 std 0.1839 RMSE 0.6417 RMSEs 0.5846 PCC 0.7859 PCCs 0.7732 R2 0.5374 R2s 0.4122 Var 0.5954 Vars 0.5592 Peak 0.2636
Epoch   7|time: 0.06s|train_loss 0.00034872|val_loss 0.00037453
Best validation epoch: 7 Sat May 13 00:40:17 2023
TEST MAE 0.3535 std 0.1397 RMSE 0.5563 RMSEs 0.5160 PCC 0.8279 PCCs 0.8043 R2 0.6524 R2s 0.5385 Var 0.6730 Vars 0.6185 Peak 0.2231
Epoch   8|time: 0.06s|train_loss 0.00031840|val_loss 0.00035160
Best validation epoch: 8 Sat May 13 00:40:17 2023
TEST MAE 0.3464 std 0.0958 RMSE 0.5110 RMSEs 0.4937 PCC 0.8587 PCCs 0.7892 R2 0.7067 R2s 0.5558 Var 0.7345 Vars 0.6033 Peak 0.2098
Epoch   9|time: 0.06s|train_loss 0.00030101|val_loss 0.00034936
Best validation epoch: 9 Sat May 13 00:40:17 2023
TEST MAE 0.3150 std 0.1202 RMSE 0.4846 RMSEs 0.4539 PCC 0.8678 PCCs 0.8429 R2 0.7362 R2s 0.6406 Var 0.7473 Vars 0.6910 Peak 0.1885
Epoch  10|time: 0.06s|train_loss 0.00029535|val_loss 0.00033222
Best validation epoch: 10 Sat May 13 00:40:18 2023
TEST MAE 0.2966 std 0.1108 RMSE 0.4589 RMSEs 0.4318 PCC 0.8833 PCCs 0.8558 R2 0.7634 R2s 0.6733 Var 0.7739 Vars 0.7133 Peak 0.1786
Epoch  11|time: 0.06s|train_loss 0.00028087|val_loss 0.00030293
Best validation epoch: 11 Sat May 13 00:40:18 2023
TEST MAE 0.2704 std 0.0825 RMSE 0.4192 RMSEs 0.4007 PCC 0.9015 PCCs 0.8660 R2 0.8026 R2s 0.7123 Var 0.8070 Vars 0.7308 Peak 0.1619
Epoch  12|time: 0.06s|train_loss 0.00024930|val_loss 0.00028968
Best validation epoch: 12 Sat May 13 00:40:18 2023
TEST MAE 0.2611 std 0.0816 RMSE 0.4133 RMSEs 0.3933 PCC 0.9078 PCCs 0.8785 R2 0.8082 R2s 0.7239 Var 0.8132 Vars 0.7459 Peak 0.1589
Epoch  13|time: 0.06s|train_loss 0.00027253|val_loss 0.00027836
Best validation epoch: 13 Sat May 13 00:40:18 2023
TEST MAE 0.2575 std 0.0813 RMSE 0.4115 RMSEs 0.3902 PCC 0.9113 PCCs 0.8874 R2 0.8098 R2s 0.7292 Var 0.8148 Vars 0.7552 Peak 0.1570
Epoch  14|time: 0.06s|train_loss 0.00024080|val_loss 0.00028750
Epoch  15|time: 0.06s|train_loss 0.00024749|val_loss 0.00024680
Best validation epoch: 15 Sat May 13 00:40:18 2023
TEST MAE 0.2296 std 0.0630 RMSE 0.3703 RMSEs 0.3548 PCC 0.9249 PCCs 0.8955 R2 0.8460 R2s 0.7721 Var 0.8494 Vars 0.7826 Peak 0.1392
Epoch  16|time: 0.06s|train_loss 0.00022180|val_loss 0.00023882
Best validation epoch: 16 Sat May 13 00:40:18 2023
TEST MAE 0.2261 std 0.0676 RMSE 0.3636 RMSEs 0.3471 PCC 0.9273 PCCs 0.9013 R2 0.8515 R2s 0.7832 Var 0.8550 Vars 0.7965 Peak 0.1379
Epoch  17|time: 0.06s|train_loss 0.00021957|val_loss 0.00024014
Epoch  18|time: 0.06s|train_loss 0.00024945|val_loss 0.00022441
Best validation epoch: 18 Sat May 13 00:40:18 2023
TEST MAE 0.2239 std 0.0589 RMSE 0.3486 RMSEs 0.3347 PCC 0.9302 PCCs 0.9025 R2 0.8635 R2s 0.7966 Var 0.8642 Vars 0.8023 Peak 0.1285
Epoch  19|time: 0.06s|train_loss 0.00022049|val_loss 0.00024913
Epoch  20|time: 0.06s|train_loss 0.00021126|val_loss 0.00021626
Best validation epoch: 20 Sat May 13 00:40:18 2023
TEST MAE 0.2138 std 0.0578 RMSE 0.3382 RMSEs 0.3239 PCC 0.9362 PCCs 0.9136 R2 0.8715 R2s 0.8101 Var 0.8726 Vars 0.8191 Peak 0.1267
Epoch  21|time: 0.06s|train_loss 0.00020734|val_loss 0.00021536
Best validation epoch: 21 Sat May 13 00:40:18 2023
TEST MAE 0.2130 std 0.0626 RMSE 0.3398 RMSEs 0.3244 PCC 0.9372 PCCs 0.9162 R2 0.8703 R2s 0.8107 Var 0.8731 Vars 0.8228 Peak 0.1290
Epoch  22|time: 0.06s|train_loss 0.00019393|val_loss 0.00021371
Best validation epoch: 22 Sat May 13 00:40:18 2023
TEST MAE 0.2135 std 0.0644 RMSE 0.3380 RMSEs 0.3224 PCC 0.9379 PCCs 0.9179 R2 0.8717 R2s 0.8133 Var 0.8744 Vars 0.8260 Peak 0.1285
Epoch  23|time: 0.06s|train_loss 0.00018356|val_loss 0.00020560
Best validation epoch: 23 Sat May 13 00:40:18 2023
TEST MAE 0.2145 std 0.0575 RMSE 0.3313 RMSEs 0.3173 PCC 0.9387 PCCs 0.9189 R2 0.8767 R2s 0.8177 Var 0.8769 Vars 0.8280 Peak 0.1244
Epoch  24|time: 0.06s|train_loss 0.00018949|val_loss 0.00022186
Epoch  25|time: 0.06s|train_loss 0.00019832|val_loss 0.00020532
Best validation epoch: 25 Sat May 13 00:40:19 2023
TEST MAE 0.2130 std 0.0628 RMSE 0.3330 RMSEs 0.3173 PCC 0.9389 PCCs 0.9204 R2 0.8755 R2s 0.8192 Var 0.8767 Vars 0.8311 Peak 0.1261
Epoch  26|time: 0.06s|train_loss 0.00020633|val_loss 0.00020062
Best validation epoch: 26 Sat May 13 00:40:19 2023
TEST MAE 0.2059 std 0.0588 RMSE 0.3272 RMSEs 0.3128 PCC 0.9415 PCCs 0.9203 R2 0.8798 R2s 0.8233 Var 0.8822 Vars 0.8320 Peak 0.1249
Epoch  27|time: 0.06s|train_loss 0.00018572|val_loss 0.00020638
Epoch  28|time: 0.06s|train_loss 0.00019672|val_loss 0.00021194
Epoch  29|time: 0.06s|train_loss 0.00018697|val_loss 0.00020345
Epoch  30|time: 0.06s|train_loss 0.00017758|val_loss 0.00019366
Best validation epoch: 30 Sat May 13 00:40:19 2023
TEST MAE 0.2116 std 0.0555 RMSE 0.3170 RMSEs 0.3039 PCC 0.9430 PCCs 0.9252 R2 0.8871 R2s 0.8320 Var 0.8874 Vars 0.8435 Peak 0.1184
Epoch  31|time: 0.06s|train_loss 0.00018718|val_loss 0.00020498
Epoch  32|time: 0.06s|train_loss 0.00018120|val_loss 0.00019355
Best validation epoch: 32 Sat May 13 00:40:19 2023
TEST MAE 0.1988 std 0.0626 RMSE 0.3114 RMSEs 0.2974 PCC 0.9466 PCCs 0.9266 R2 0.8911 R2s 0.8407 Var 0.8952 Vars 0.8497 Peak 0.1201
Epoch  33|time: 0.06s|train_loss 0.00018206|val_loss 0.00018493
Best validation epoch: 33 Sat May 13 00:40:19 2023
TEST MAE 0.2024 std 0.0570 RMSE 0.3073 RMSEs 0.2942 PCC 0.9457 PCCs 0.9278 R2 0.8939 R2s 0.8428 Var 0.8941 Vars 0.8515 Peak 0.1153
Epoch  34|time: 0.06s|train_loss 0.00018145|val_loss 0.00019894
Epoch  35|time: 0.06s|train_loss 0.00018272|val_loss 0.00019135
Epoch  36|time: 0.06s|train_loss 0.00017923|val_loss 0.00018478
Best validation epoch: 36 Sat May 13 00:40:19 2023
TEST MAE 0.2078 std 0.0526 RMSE 0.3056 RMSEs 0.2936 PCC 0.9474 PCCs 0.9299 R2 0.8951 R2s 0.8420 Var 0.8969 Vars 0.8542 Peak 0.1123
Epoch  37|time: 0.06s|train_loss 0.00018886|val_loss 0.00019121
Epoch  38|time: 0.06s|train_loss 0.00017741|val_loss 0.00018310
Best validation epoch: 38 Sat May 13 00:40:19 2023
TEST MAE 0.1918 std 0.0555 RMSE 0.3002 RMSEs 0.2872 PCC 0.9496 PCCs 0.9313 R2 0.8988 R2s 0.8503 Var 0.8997 Vars 0.8563 Peak 0.1150
Epoch  39|time: 0.06s|train_loss 0.00019156|val_loss 0.00017843
Best validation epoch: 39 Sat May 13 00:40:20 2023
TEST MAE 0.1925 std 0.0530 RMSE 0.2965 RMSEs 0.2841 PCC 0.9498 PCCs 0.9317 R2 0.9013 R2s 0.8529 Var 0.9013 Vars 0.8586 Peak 0.1119
Epoch  40|time: 0.06s|train_loss 0.00016913|val_loss 0.00018573
Epoch  41|time: 0.06s|train_loss 0.00017295|val_loss 0.00018719
Epoch  42|time: 0.07s|train_loss 0.00016885|val_loss 0.00017269
Best validation epoch: 42 Sat May 13 00:40:20 2023
TEST MAE 0.1902 std 0.0544 RMSE 0.2911 RMSEs 0.2787 PCC 0.9512 PCCs 0.9334 R2 0.9048 R2s 0.8585 Var 0.9048 Vars 0.8638 Peak 0.1092
Epoch  43|time: 0.06s|train_loss 0.00016658|val_loss 0.00018184
Epoch  44|time: 0.07s|train_loss 0.00016441|val_loss 0.00017173
Best validation epoch: 44 Sat May 13 00:40:20 2023
TEST MAE 0.1899 std 0.0510 RMSE 0.2893 RMSEs 0.2777 PCC 0.9522 PCCs 0.9335 R2 0.9060 R2s 0.8590 Var 0.9060 Vars 0.8626 Peak 0.1088
Epoch  45|time: 0.06s|train_loss 0.00017599|val_loss 0.00017419
Epoch  46|time: 0.06s|train_loss 0.00016493|val_loss 0.00021934
Epoch  47|time: 0.06s|train_loss 0.00017028|val_loss 0.00017211
Epoch  48|time: 0.06s|train_loss 0.00016709|val_loss 0.00018945
Epoch  49|time: 0.06s|train_loss 0.00018347|val_loss 0.00017000
Best validation epoch: 49 Sat May 13 00:40:20 2023
TEST MAE 0.1831 std 0.0528 RMSE 0.2835 RMSEs 0.2718 PCC 0.9540 PCCs 0.9346 R2 0.9097 R2s 0.8649 Var 0.9100 Vars 0.8671 Peak 0.1068
Epoch  50|time: 0.06s|train_loss 0.00016581|val_loss 0.00017854
Epoch  51|time: 0.06s|train_loss 0.00017444|val_loss 0.00016387
Best validation epoch: 51 Sat May 13 00:40:20 2023
TEST MAE 0.1861 std 0.0540 RMSE 0.2831 RMSEs 0.2710 PCC 0.9541 PCCs 0.9359 R2 0.9099 R2s 0.8658 Var 0.9101 Vars 0.8696 Peak 0.1063
Epoch  52|time: 0.06s|train_loss 0.00017130|val_loss 0.00017159
Epoch  53|time: 0.06s|train_loss 0.00015970|val_loss 0.00016482
Epoch  54|time: 0.06s|train_loss 0.00017312|val_loss 0.00017060
Epoch  55|time: 0.06s|train_loss 0.00015392|val_loss 0.00016239
Best validation epoch: 55 Sat May 13 00:40:21 2023
TEST MAE 0.1822 std 0.0551 RMSE 0.2778 RMSEs 0.2655 PCC 0.9562 PCCs 0.9385 R2 0.9133 R2s 0.8711 Var 0.9136 Vars 0.8743 Peak 0.1044
Epoch  56|time: 0.06s|train_loss 0.00016063|val_loss 0.00016859
Epoch  57|time: 0.06s|train_loss 0.00016349|val_loss 0.00017471
Epoch  58|time: 0.10s|train_loss 0.00015077|val_loss 0.00016372
Epoch  59|time: 0.07s|train_loss 0.00015942|val_loss 0.00016976
Epoch  60|time: 0.07s|train_loss 0.00015013|val_loss 0.00016065
Best validation epoch: 60 Sat May 13 00:40:21 2023
TEST MAE 0.1780 std 0.0536 RMSE 0.2743 RMSEs 0.2629 PCC 0.9571 PCCs 0.9389 R2 0.9155 R2s 0.8736 Var 0.9161 Vars 0.8762 Peak 0.1046
Epoch  61|time: 0.06s|train_loss 0.00015936|val_loss 0.00015963
Best validation epoch: 61 Sat May 13 00:40:21 2023
TEST MAE 0.1778 std 0.0536 RMSE 0.2731 RMSEs 0.2616 PCC 0.9574 PCCs 0.9393 R2 0.9162 R2s 0.8747 Var 0.9166 Vars 0.8770 Peak 0.1040
Epoch  62|time: 0.06s|train_loss 0.00015581|val_loss 0.00015808
Best validation epoch: 62 Sat May 13 00:40:21 2023
TEST MAE 0.1830 std 0.0534 RMSE 0.2752 RMSEs 0.2635 PCC 0.9570 PCCs 0.9396 R2 0.9149 R2s 0.8726 Var 0.9155 Vars 0.8771 Peak 0.1031
Epoch  63|time: 0.06s|train_loss 0.00015653|val_loss 0.00016564
Epoch  64|time: 0.06s|train_loss 0.00014951|val_loss 0.00017099
Epoch  65|time: 0.06s|train_loss 0.00015273|val_loss 0.00016193
Epoch  66|time: 0.07s|train_loss 0.00014992|val_loss 0.00016256
Epoch  67|time: 0.07s|train_loss 0.00016019|val_loss 0.00015993
Epoch  68|time: 0.06s|train_loss 0.00017306|val_loss 0.00015444
Best validation epoch: 68 Sat May 13 00:40:22 2023
TEST MAE 0.1790 std 0.0518 RMSE 0.2708 RMSEs 0.2595 PCC 0.9581 PCCs 0.9401 R2 0.9176 R2s 0.8763 Var 0.9178 Vars 0.8789 Peak 0.1029
Epoch  69|time: 0.06s|train_loss 0.00015055|val_loss 0.00016767
Epoch  70|time: 0.06s|train_loss 0.00014678|val_loss 0.00015800
Epoch  71|time: 0.06s|train_loss 0.00015143|val_loss 0.00017263
Epoch  72|time: 0.07s|train_loss 0.00018047|val_loss 0.00015747
Epoch  73|time: 0.07s|train_loss 0.00014294|val_loss 0.00015336
Best validation epoch: 73 Sat May 13 00:40:22 2023
TEST MAE 0.1760 std 0.0507 RMSE 0.2672 RMSEs 0.2563 PCC 0.9591 PCCs 0.9416 R2 0.9198 R2s 0.8790 Var 0.9198 Vars 0.8815 Peak 0.1008
Epoch  74|time: 0.06s|train_loss 0.00015732|val_loss 0.00017152
Epoch  75|time: 0.07s|train_loss 0.00016134|val_loss 0.00015270
Best validation epoch: 75 Sat May 13 00:40:22 2023
TEST MAE 0.1866 std 0.0516 RMSE 0.2750 RMSEs 0.2636 PCC 0.9589 PCCs 0.9406 R2 0.9151 R2s 0.8717 Var 0.9183 Vars 0.8796 Peak 0.1018
Epoch  76|time: 0.06s|train_loss 0.00015526|val_loss 0.00015170
Best validation epoch: 76 Sat May 13 00:40:22 2023
TEST MAE 0.1754 std 0.0509 RMSE 0.2661 RMSEs 0.2553 PCC 0.9595 PCCs 0.9413 R2 0.9204 R2s 0.8800 Var 0.9205 Vars 0.8814 Peak 0.1015
Epoch  77|time: 0.06s|train_loss 0.00014656|val_loss 0.00018029
Epoch  78|time: 0.06s|train_loss 0.00015359|val_loss 0.00015418
Epoch  79|time: 0.06s|train_loss 0.00014841|val_loss 0.00016217
Epoch  80|time: 0.06s|train_loss 0.00014250|val_loss 0.00015819
Epoch  81|time: 0.07s|train_loss 0.00015284|val_loss 0.00015274
Epoch  82|time: 0.06s|train_loss 0.00017679|val_loss 0.00015108
Best validation epoch: 82 Sat May 13 00:40:22 2023
TEST MAE 0.1757 std 0.0535 RMSE 0.2662 RMSEs 0.2548 PCC 0.9597 PCCs 0.9422 R2 0.9204 R2s 0.8809 Var 0.9205 Vars 0.8825 Peak 0.1017
Epoch  83|time: 0.06s|train_loss 0.00014894|val_loss 0.00017109
Epoch  84|time: 0.06s|train_loss 0.00014940|val_loss 0.00015301
Epoch  85|time: 0.06s|train_loss 0.00014366|val_loss 0.00015327
Epoch  86|time: 0.06s|train_loss 0.00015540|val_loss 0.00015988
Epoch  87|time: 0.07s|train_loss 0.00015311|val_loss 0.00015643
Epoch  88|time: 0.07s|train_loss 0.00014492|val_loss 0.00016474
Epoch  89|time: 0.06s|train_loss 0.00016473|val_loss 0.00016439
Epoch  90|time: 0.06s|train_loss 0.00016711|val_loss 0.00016739
Epoch  91|time: 0.06s|train_loss 0.00015783|val_loss 0.00015696
Epoch  92|time: 0.07s|train_loss 0.00014387|val_loss 0.00015414
Epoch  93|time: 0.06s|train_loss 0.00016666|val_loss 0.00015829
Epoch  94|time: 0.06s|train_loss 0.00014448|val_loss 0.00015758
Epoch  95|time: 0.06s|train_loss 0.00014964|val_loss 0.00014962
Best validation epoch: 95 Sat May 13 00:40:23 2023
TEST MAE 0.1708 std 0.0502 RMSE 0.2610 RMSEs 0.2500 PCC 0.9615 PCCs 0.9433 R2 0.9235 R2s 0.8845 Var 0.9235 Vars 0.8852 Peak 0.1007
Epoch  96|time: 0.06s|train_loss 0.00014442|val_loss 0.00014853
Best validation epoch: 96 Sat May 13 00:40:23 2023
TEST MAE 0.1714 std 0.0488 RMSE 0.2595 RMSEs 0.2492 PCC 0.9615 PCCs 0.9439 R2 0.9244 R2s 0.8851 Var 0.9244 Vars 0.8866 Peak 0.0995
Epoch  97|time: 0.06s|train_loss 0.00015615|val_loss 0.00016270
Epoch  98|time: 0.06s|train_loss 0.00014580|val_loss 0.00014494
Best validation epoch: 98 Sat May 13 00:40:24 2023
TEST MAE 0.1756 std 0.0504 RMSE 0.2635 RMSEs 0.2526 PCC 0.9609 PCCs 0.9429 R2 0.9220 R2s 0.8824 Var 0.9224 Vars 0.8846 Peak 0.1003
Epoch  99|time: 0.06s|train_loss 0.00014380|val_loss 0.00014609
Epoch 100|time: 0.06s|train_loss 0.00013760|val_loss 0.00015439
Epoch 101|time: 0.06s|train_loss 0.00013808|val_loss 0.00014471
Best validation epoch: 101 Sat May 13 00:40:24 2023
TEST MAE 0.1741 std 0.0517 RMSE 0.2634 RMSEs 0.2521 PCC 0.9611 PCCs 0.9430 R2 0.9220 R2s 0.8831 Var 0.9221 Vars 0.8841 Peak 0.1010
Epoch 102|time: 0.06s|train_loss 0.00013427|val_loss 0.00014910
Epoch 103|time: 0.06s|train_loss 0.00014163|val_loss 0.00014565
Epoch 104|time: 0.06s|train_loss 0.00014027|val_loss 0.00015660
Epoch 105|time: 0.07s|train_loss 0.00013404|val_loss 0.00014486
Epoch 106|time: 0.07s|train_loss 0.00014300|val_loss 0.00014942
Epoch 107|time: 0.06s|train_loss 0.00014333|val_loss 0.00014797
Epoch 108|time: 0.06s|train_loss 0.00014044|val_loss 0.00014499
Epoch 109|time: 0.06s|train_loss 0.00014308|val_loss 0.00014453
Best validation epoch: 109 Sat May 13 00:40:24 2023
TEST MAE 0.1706 std 0.0511 RMSE 0.2588 RMSEs 0.2478 PCC 0.9620 PCCs 0.9447 R2 0.9248 R2s 0.8869 Var 0.9248 Vars 0.8880 Peak 0.1001
Epoch 110|time: 0.06s|train_loss 0.00014412|val_loss 0.00014491
Epoch 111|time: 0.07s|train_loss 0.00014377|val_loss 0.00014936
Epoch 112|time: 0.06s|train_loss 0.00013263|val_loss 0.00015234
Epoch 113|time: 0.06s|train_loss 0.00013244|val_loss 0.00014279
Best validation epoch: 113 Sat May 13 00:40:25 2023
TEST MAE 0.1710 std 0.0489 RMSE 0.2581 RMSEs 0.2476 PCC 0.9622 PCCs 0.9443 R2 0.9252 R2s 0.8868 Var 0.9252 Vars 0.8877 Peak 0.0995
Epoch 114|time: 0.06s|train_loss 0.00013639|val_loss 0.00015467
Epoch 115|time: 0.06s|train_loss 0.00013859|val_loss 0.00014640
Epoch 116|time: 0.06s|train_loss 0.00014860|val_loss 0.00014568
Epoch 117|time: 0.06s|train_loss 0.00012976|val_loss 0.00015016
Epoch 118|time: 0.06s|train_loss 0.00015067|val_loss 0.00014246
Best validation epoch: 118 Sat May 13 00:40:25 2023
TEST MAE 0.1707 std 0.0495 RMSE 0.2587 RMSEs 0.2478 PCC 0.9624 PCCs 0.9450 R2 0.9248 R2s 0.8867 Var 0.9251 Vars 0.8882 Peak 0.0983
Epoch 119|time: 0.07s|train_loss 0.00013081|val_loss 0.00015021
Epoch 120|time: 0.07s|train_loss 0.00013831|val_loss 0.00014189
Best validation epoch: 120 Sat May 13 00:40:25 2023
TEST MAE 0.1715 std 0.0497 RMSE 0.2587 RMSEs 0.2479 PCC 0.9623 PCCs 0.9450 R2 0.9248 R2s 0.8867 Var 0.9250 Vars 0.8882 Peak 0.0983
Epoch 121|time: 0.07s|train_loss 0.00014449|val_loss 0.00014212
Epoch 122|time: 0.07s|train_loss 0.00014803|val_loss 0.00015628
Epoch 123|time: 0.07s|train_loss 0.00013598|val_loss 0.00015772
Epoch 124|time: 0.07s|train_loss 0.00014119|val_loss 0.00014471
Epoch 125|time: 0.07s|train_loss 0.00014066|val_loss 0.00014491
Epoch 126|time: 0.06s|train_loss 0.00013511|val_loss 0.00016083
Epoch 127|time: 0.06s|train_loss 0.00013573|val_loss 0.00014302
Epoch 128|time: 0.06s|train_loss 0.00013404|val_loss 0.00015114
Epoch 129|time: 0.06s|train_loss 0.00012864|val_loss 0.00014970
Epoch 130|time: 0.06s|train_loss 0.00012950|val_loss 0.00014113
Best validation epoch: 130 Sat May 13 00:40:26 2023
TEST MAE 0.1723 std 0.0490 RMSE 0.2580 RMSEs 0.2475 PCC 0.9629 PCCs 0.9455 R2 0.9252 R2s 0.8868 Var 0.9261 Vars 0.8897 Peak 0.0972
Epoch 131|time: 0.06s|train_loss 0.00013940|val_loss 0.00015018
Epoch 132|time: 0.06s|train_loss 0.00013732|val_loss 0.00015003
Epoch 133|time: 0.06s|train_loss 0.00013465|val_loss 0.00014135
Epoch 134|time: 0.06s|train_loss 0.00013943|val_loss 0.00015082
Epoch 135|time: 0.07s|train_loss 0.00013266|val_loss 0.00014618
Epoch 136|time: 0.07s|train_loss 0.00014967|val_loss 0.00014257
Epoch 137|time: 0.07s|train_loss 0.00013120|val_loss 0.00015635
Epoch 138|time: 0.07s|train_loss 0.00013834|val_loss 0.00015591
Epoch 139|time: 0.07s|train_loss 0.00013241|val_loss 0.00014001
Best validation epoch: 139 Sat May 13 00:40:26 2023
TEST MAE 0.1713 std 0.0502 RMSE 0.2588 RMSEs 0.2478 PCC 0.9634 PCCs 0.9460 R2 0.9247 R2s 0.8868 Var 0.9261 Vars 0.8898 Peak 0.0978
Epoch 140|time: 0.07s|train_loss 0.00013339|val_loss 0.00014013
Epoch 141|time: 0.07s|train_loss 0.00013460|val_loss 0.00014589
Epoch 142|time: 0.07s|train_loss 0.00015551|val_loss 0.00014976
Epoch 143|time: 0.07s|train_loss 0.00013414|val_loss 0.00015062
Epoch 144|time: 0.07s|train_loss 0.00013047|val_loss 0.00014209
Epoch 145|time: 0.07s|train_loss 0.00013855|val_loss 0.00014116
Epoch 146|time: 0.06s|train_loss 0.00013573|val_loss 0.00014208
Epoch 147|time: 0.06s|train_loss 0.00013314|val_loss 0.00014450
Epoch 148|time: 0.07s|train_loss 0.00012612|val_loss 0.00014819
Epoch 149|time: 0.07s|train_loss 0.00013293|val_loss 0.00013952
Best validation epoch: 149 Sat May 13 00:40:27 2023
TEST MAE 0.1774 std 0.0533 RMSE 0.2651 RMSEs 0.2534 PCC 0.9630 PCCs 0.9452 R2 0.9211 R2s 0.8821 Var 0.9242 Vars 0.8879 Peak 0.0987
Epoch 150|time: 0.06s|train_loss 0.00013590|val_loss 0.00014241
Epoch 151|time: 0.06s|train_loss 0.00013277|val_loss 0.00016218
Epoch 152|time: 0.07s|train_loss 0.00014201|val_loss 0.00014064
Epoch 153|time: 0.07s|train_loss 0.00013274|val_loss 0.00014453
Epoch 154|time: 0.07s|train_loss 0.00013261|val_loss 0.00015243
Epoch 155|time: 0.07s|train_loss 0.00012938|val_loss 0.00015248
Epoch 156|time: 0.07s|train_loss 0.00014698|val_loss 0.00013891
Best validation epoch: 156 Sat May 13 00:40:27 2023
TEST MAE 0.1678 std 0.0483 RMSE 0.2545 RMSEs 0.2443 PCC 0.9636 PCCs 0.9459 R2 0.9272 R2s 0.8896 Var 0.9275 Vars 0.8907 Peak 0.0972
Epoch 157|time: 0.06s|train_loss 0.00013237|val_loss 0.00013995
Epoch 158|time: 0.06s|train_loss 0.00013137|val_loss 0.00015447
Epoch 159|time: 0.07s|train_loss 0.00012798|val_loss 0.00013938
Epoch 160|time: 0.06s|train_loss 0.00015462|val_loss 0.00014107
Epoch 161|time: 0.06s|train_loss 0.00013547|val_loss 0.00014837
Epoch 162|time: 0.06s|train_loss 0.00013690|val_loss 0.00014429
Epoch 163|time: 0.07s|train_loss 0.00012169|val_loss 0.00013914
Epoch 164|time: 0.07s|train_loss 0.00012813|val_loss 0.00014192
Epoch 165|time: 0.06s|train_loss 0.00012460|val_loss 0.00014169
Epoch 166|time: 0.06s|train_loss 0.00013369|val_loss 0.00015092
Epoch 167|time: 0.07s|train_loss 0.00012988|val_loss 0.00014330
Epoch 168|time: 0.07s|train_loss 0.00013192|val_loss 0.00014382
Epoch 169|time: 0.07s|train_loss 0.00013486|val_loss 0.00013816
Best validation epoch: 169 Sat May 13 00:40:28 2023
TEST MAE 0.1669 std 0.0493 RMSE 0.2546 RMSEs 0.2440 PCC 0.9638 PCCs 0.9465 R2 0.9272 R2s 0.8903 Var 0.9272 Vars 0.8907 Peak 0.0975
Epoch 170|time: 0.06s|train_loss 0.00013977|val_loss 0.00014014
Epoch 171|time: 0.06s|train_loss 0.00013279|val_loss 0.00013945
Epoch 172|time: 0.07s|train_loss 0.00012643|val_loss 0.00014161
Epoch 173|time: 0.06s|train_loss 0.00012564|val_loss 0.00013997
Epoch 174|time: 0.06s|train_loss 0.00012914|val_loss 0.00014009
Epoch 175|time: 0.07s|train_loss 0.00013150|val_loss 0.00014591
Epoch 176|time: 0.06s|train_loss 0.00012919|val_loss 0.00013870
Epoch 177|time: 0.06s|train_loss 0.00012848|val_loss 0.00014022
Epoch 178|time: 0.06s|train_loss 0.00012579|val_loss 0.00013950
Epoch 179|time: 0.07s|train_loss 0.00012645|val_loss 0.00015239
Epoch 180|time: 0.06s|train_loss 0.00013142|val_loss 0.00014032
Epoch 181|time: 0.06s|train_loss 0.00012162|val_loss 0.00013999
Epoch 182|time: 0.06s|train_loss 0.00013032|val_loss 0.00014635
Epoch 183|time: 0.07s|train_loss 0.00013533|val_loss 0.00013739
Best validation epoch: 183 Sat May 13 00:40:29 2023
TEST MAE 0.1652 std 0.0474 RMSE 0.2516 RMSEs 0.2416 PCC 0.9644 PCCs 0.9468 R2 0.9289 R2s 0.8921 Var 0.9289 Vars 0.8925 Peak 0.0969
Epoch 184|time: 0.06s|train_loss 0.00012695|val_loss 0.00013638
Best validation epoch: 184 Sat May 13 00:40:29 2023
TEST MAE 0.1644 std 0.0469 RMSE 0.2509 RMSEs 0.2408 PCC 0.9645 PCCs 0.9477 R2 0.9293 R2s 0.8931 Var 0.9294 Vars 0.8941 Peak 0.0953
Epoch 185|time: 0.06s|train_loss 0.00012924|val_loss 0.00014524
Epoch 186|time: 0.06s|train_loss 0.00012911|val_loss 0.00016204
Epoch 187|time: 0.06s|train_loss 0.00012886|val_loss 0.00014057
Epoch 188|time: 0.07s|train_loss 0.00012693|val_loss 0.00014695
Epoch 189|time: 0.07s|train_loss 0.00012481|val_loss 0.00014260
Epoch 190|time: 0.06s|train_loss 0.00012463|val_loss 0.00013546
Best validation epoch: 190 Sat May 13 00:40:30 2023
TEST MAE 0.1702 std 0.0496 RMSE 0.2579 RMSEs 0.2474 PCC 0.9638 PCCs 0.9456 R2 0.9253 R2s 0.8873 Var 0.9261 Vars 0.8890 Peak 0.0974
Epoch 191|time: 0.06s|train_loss 0.00012857|val_loss 0.00013518
Best validation epoch: 191 Sat May 13 00:40:30 2023
TEST MAE 0.1672 std 0.0484 RMSE 0.2546 RMSEs 0.2443 PCC 0.9643 PCCs 0.9468 R2 0.9272 R2s 0.8900 Var 0.9279 Vars 0.8916 Peak 0.0960
Epoch 192|time: 0.06s|train_loss 0.00012877|val_loss 0.00013694
Epoch 193|time: 0.06s|train_loss 0.00012645|val_loss 0.00014807
Epoch 194|time: 0.06s|train_loss 0.00013632|val_loss 0.00013951
Epoch 195|time: 0.06s|train_loss 0.00012300|val_loss 0.00014041
Epoch 196|time: 0.06s|train_loss 0.00013607|val_loss 0.00014790
Epoch 197|time: 0.06s|train_loss 0.00012956|val_loss 0.00014133
Epoch 198|time: 0.06s|train_loss 0.00013179|val_loss 0.00013881
Epoch 199|time: 0.06s|train_loss 0.00013671|val_loss 0.00014648
Epoch 200|time: 0.06s|train_loss 0.00012226|val_loss 0.00013604
Epoch 201|time: 0.07s|train_loss 0.00014702|val_loss 0.00013522
Epoch 202|time: 0.06s|train_loss 0.00014230|val_loss 0.00013569
Epoch 203|time: 0.06s|train_loss 0.00012991|val_loss 0.00015669
Epoch 204|time: 0.07s|train_loss 0.00012891|val_loss 0.00013766
Epoch 205|time: 0.06s|train_loss 0.00012629|val_loss 0.00014174
Epoch 206|time: 0.06s|train_loss 0.00012736|val_loss 0.00013588
Epoch 207|time: 0.06s|train_loss 0.00013161|val_loss 0.00013767
Epoch 208|time: 0.07s|train_loss 0.00013120|val_loss 0.00015181
Epoch 209|time: 0.06s|train_loss 0.00012808|val_loss 0.00013495
Best validation epoch: 209 Sat May 13 00:40:31 2023
TEST MAE 0.1656 std 0.0476 RMSE 0.2532 RMSEs 0.2432 PCC 0.9647 PCCs 0.9471 R2 0.9280 R2s 0.8908 Var 0.9287 Vars 0.8925 Peak 0.0947
Epoch 210|time: 0.06s|train_loss 0.00012690|val_loss 0.00013615
Epoch 211|time: 0.07s|train_loss 0.00012575|val_loss 0.00014353
Epoch 212|time: 0.06s|train_loss 0.00012556|val_loss 0.00013282
Best validation epoch: 212 Sat May 13 00:40:31 2023
TEST MAE 0.1694 std 0.0496 RMSE 0.2596 RMSEs 0.2491 PCC 0.9643 PCCs 0.9469 R2 0.9243 R2s 0.8862 Var 0.9259 Vars 0.8892 Peak 0.0964
Epoch 213|time: 0.06s|train_loss 0.00012592|val_loss 0.00014537
Epoch 214|time: 0.06s|train_loss 0.00012116|val_loss 0.00013986
Epoch 215|time: 0.07s|train_loss 0.00012023|val_loss 0.00013959
Epoch 216|time: 0.06s|train_loss 0.00012499|val_loss 0.00013587
Epoch 217|time: 0.06s|train_loss 0.00012596|val_loss 0.00014818
Epoch 218|time: 0.06s|train_loss 0.00011860|val_loss 0.00013533
Epoch 219|time: 0.06s|train_loss 0.00012285|val_loss 0.00013805
Epoch 220|time: 0.06s|train_loss 0.00011984|val_loss 0.00014553
Epoch 221|time: 0.06s|train_loss 0.00012762|val_loss 0.00013601
Epoch 222|time: 0.06s|train_loss 0.00013436|val_loss 0.00013528
Epoch 223|time: 0.07s|train_loss 0.00014233|val_loss 0.00015740
Epoch 224|time: 0.06s|train_loss 0.00013041|val_loss 0.00013812
Epoch 225|time: 0.06s|train_loss 0.00012350|val_loss 0.00013821
Epoch 226|time: 0.06s|train_loss 0.00012522|val_loss 0.00014704
Epoch 227|time: 0.06s|train_loss 0.00014901|val_loss 0.00013718
Epoch 228|time: 0.06s|train_loss 0.00011894|val_loss 0.00015411
Epoch 229|time: 0.06s|train_loss 0.00012697|val_loss 0.00013472
Epoch 230|time: 0.06s|train_loss 0.00012479|val_loss 0.00013339
Epoch 231|time: 0.06s|train_loss 0.00012851|val_loss 0.00014471
Epoch 232|time: 0.06s|train_loss 0.00012166|val_loss 0.00013771
Epoch 233|time: 0.06s|train_loss 0.00013246|val_loss 0.00013427
Epoch 234|time: 0.06s|train_loss 0.00012022|val_loss 0.00013517
Epoch 235|time: 0.06s|train_loss 0.00012428|val_loss 0.00014350
Epoch 236|time: 0.06s|train_loss 0.00012728|val_loss 0.00013488
Epoch 237|time: 0.06s|train_loss 0.00012204|val_loss 0.00013357
Epoch 238|time: 0.06s|train_loss 0.00012552|val_loss 0.00014071
Epoch 239|time: 0.06s|train_loss 0.00011773|val_loss 0.00013493
Epoch 240|time: 0.07s|train_loss 0.00012124|val_loss 0.00014160
Epoch 241|time: 0.06s|train_loss 0.00012137|val_loss 0.00013579
Epoch 242|time: 0.07s|train_loss 0.00012855|val_loss 0.00014245
Epoch 243|time: 0.06s|train_loss 0.00011982|val_loss 0.00013750
Epoch 244|time: 0.06s|train_loss 0.00013435|val_loss 0.00013674
Epoch 245|time: 0.06s|train_loss 0.00012688|val_loss 0.00013546
Epoch 246|time: 0.06s|train_loss 0.00013284|val_loss 0.00015320
Epoch 247|time: 0.06s|train_loss 0.00013422|val_loss 0.00013767
Epoch 248|time: 0.06s|train_loss 0.00013054|val_loss 0.00013725
Epoch 249|time: 0.06s|train_loss 0.00011793|val_loss 0.00013448
Epoch 250|time: 0.06s|train_loss 0.00011715|val_loss 0.00014226
Epoch 251|time: 0.06s|train_loss 0.00012938|val_loss 0.00013684
Epoch 252|time: 0.06s|train_loss 0.00012425|val_loss 0.00013293
Epoch 253|time: 0.06s|train_loss 0.00012705|val_loss 0.00013328
Epoch 254|time: 0.06s|train_loss 0.00011707|val_loss 0.00013339
Epoch 255|time: 0.07s|train_loss 0.00012274|val_loss 0.00013454
Epoch 256|time: 0.07s|train_loss 0.00012237|val_loss 0.00013377
Epoch 257|time: 0.06s|train_loss 0.00012458|val_loss 0.00015349
Epoch 258|time: 0.06s|train_loss 0.00012338|val_loss 0.00013458
Epoch 259|time: 0.06s|train_loss 0.00012031|val_loss 0.00013403
Epoch 260|time: 0.06s|train_loss 0.00012429|val_loss 0.00014994
Epoch 261|time: 0.06s|train_loss 0.00012515|val_loss 0.00013557
Epoch 262|time: 0.06s|train_loss 0.00011649|val_loss 0.00013390
Epoch 263|time: 0.06s|train_loss 0.00012602|val_loss 0.00014216
Epoch 264|time: 0.06s|train_loss 0.00012602|val_loss 0.00013378
Epoch 265|time: 0.06s|train_loss 0.00012014|val_loss 0.00013433
Epoch 266|time: 0.06s|train_loss 0.00011893|val_loss 0.00013675
Epoch 267|time: 0.06s|train_loss 0.00012118|val_loss 0.00013565
Epoch 268|time: 0.06s|train_loss 0.00011956|val_loss 0.00013887
Epoch 269|time: 0.06s|train_loss 0.00013444|val_loss 0.00014337
Epoch 270|time: 0.06s|train_loss 0.00012442|val_loss 0.00013431
Epoch 271|time: 0.06s|train_loss 0.00012086|val_loss 0.00014040
Epoch 272|time: 0.06s|train_loss 0.00012235|val_loss 0.00013576
Epoch 273|time: 0.06s|train_loss 0.00011959|val_loss 0.00013371
Epoch 274|time: 0.06s|train_loss 0.00012184|val_loss 0.00014945
Epoch 275|time: 0.06s|train_loss 0.00012754|val_loss 0.00013542
Epoch 276|time: 0.07s|train_loss 0.00011844|val_loss 0.00014071
Epoch 277|time: 0.07s|train_loss 0.00013219|val_loss 0.00013670
Epoch 278|time: 0.07s|train_loss 0.00012226|val_loss 0.00014773
Epoch 279|time: 0.07s|train_loss 0.00013079|val_loss 0.00013475
Epoch 280|time: 0.06s|train_loss 0.00011724|val_loss 0.00014032
Epoch 281|time: 0.07s|train_loss 0.00013235|val_loss 0.00014747
Epoch 282|time: 0.07s|train_loss 0.00013288|val_loss 0.00013618
Epoch 283|time: 0.06s|train_loss 0.00012178|val_loss 0.00013724
Epoch 284|time: 0.06s|train_loss 0.00012431|val_loss 0.00013361
Epoch 285|time: 0.06s|train_loss 0.00012313|val_loss 0.00013432
Epoch 286|time: 0.06s|train_loss 0.00012087|val_loss 0.00013507
Epoch 287|time: 0.06s|train_loss 0.00012170|val_loss 0.00013847
Epoch 288|time: 0.06s|train_loss 0.00012582|val_loss 0.00014033
Epoch 289|time: 0.07s|train_loss 0.00012169|val_loss 0.00013627
Epoch 290|time: 0.07s|train_loss 0.00012549|val_loss 0.00013568
Epoch 291|time: 0.06s|train_loss 0.00012424|val_loss 0.00013753
Epoch 292|time: 0.07s|train_loss 0.00011746|val_loss 0.00013535
Epoch 293|time: 0.07s|train_loss 0.00012557|val_loss 0.00013389
Epoch 294|time: 0.06s|train_loss 0.00011557|val_loss 0.00013439
Epoch 295|time: 0.06s|train_loss 0.00012113|val_loss 0.00013755
Epoch 296|time: 0.06s|train_loss 0.00011752|val_loss 0.00013238
Best validation epoch: 296 Sat May 13 00:40:37 2023
TEST MAE 0.1616 std 0.0444 RMSE 0.2499 RMSEs 0.2406 PCC 0.9654 PCCs 0.9486 R2 0.9299 R2s 0.8931 Var 0.9302 Vars 0.8943 Peak 0.0921
Epoch 297|time: 0.06s|train_loss 0.00014731|val_loss 0.00013338
Epoch 298|time: 0.06s|train_loss 0.00012450|val_loss 0.00014622
Epoch 299|time: 0.06s|train_loss 0.00012835|val_loss 0.00014513
Epoch 300|time: 0.06s|train_loss 0.00012209|val_loss 0.00013651
Epoch 301|time: 0.06s|train_loss 0.00012480|val_loss 0.00013525
Epoch 302|time: 0.06s|train_loss 0.00011566|val_loss 0.00013435
Epoch 303|time: 0.06s|train_loss 0.00012166|val_loss 0.00013954
Epoch 304|time: 0.06s|train_loss 0.00011950|val_loss 0.00013533
Epoch 305|time: 0.06s|train_loss 0.00012043|val_loss 0.00013827
Epoch 306|time: 0.06s|train_loss 0.00013725|val_loss 0.00013700
Epoch 307|time: 0.06s|train_loss 0.00012617|val_loss 0.00013699
Epoch 308|time: 0.06s|train_loss 0.00011923|val_loss 0.00013411
Epoch 309|time: 0.06s|train_loss 0.00012063|val_loss 0.00013412
Epoch 310|time: 0.06s|train_loss 0.00011862|val_loss 0.00013862
Epoch 311|time: 0.07s|train_loss 0.00012638|val_loss 0.00013259
Epoch 312|time: 0.06s|train_loss 0.00011419|val_loss 0.00013380
Epoch 313|time: 0.06s|train_loss 0.00012332|val_loss 0.00014301
Epoch 314|time: 0.06s|train_loss 0.00013033|val_loss 0.00013609
Epoch 315|time: 0.06s|train_loss 0.00012443|val_loss 0.00013378
Epoch 316|time: 0.06s|train_loss 0.00011943|val_loss 0.00013269
Epoch 317|time: 0.06s|train_loss 0.00012374|val_loss 0.00014155
Epoch 318|time: 0.06s|train_loss 0.00012512|val_loss 0.00014138
Epoch 319|time: 0.06s|train_loss 0.00012379|val_loss 0.00013490
Epoch 320|time: 0.06s|train_loss 0.00012281|val_loss 0.00013559
Epoch 321|time: 0.07s|train_loss 0.00011601|val_loss 0.00014050
Epoch 322|time: 0.07s|train_loss 0.00011840|val_loss 0.00013860
Epoch 323|time: 0.06s|train_loss 0.00012560|val_loss 0.00013302
Epoch 324|time: 0.06s|train_loss 0.00012014|val_loss 0.00013232
Best validation epoch: 324 Sat May 13 00:40:39 2023
TEST MAE 0.1690 std 0.0459 RMSE 0.2614 RMSEs 0.2524 PCC 0.9652 PCCs 0.9478 R2 0.9232 R2s 0.8825 Var 0.9267 Vars 0.8889 Peak 0.0954
Epoch 325|time: 0.06s|train_loss 0.00011527|val_loss 0.00013466
Epoch 326|time: 0.06s|train_loss 0.00015054|val_loss 0.00013271
Epoch 327|time: 0.07s|train_loss 0.00012748|val_loss 0.00013438
Epoch 328|time: 0.06s|train_loss 0.00012039|val_loss 0.00015034
Epoch 329|time: 0.06s|train_loss 0.00011999|val_loss 0.00013545
Epoch 330|time: 0.06s|train_loss 0.00012167|val_loss 0.00013750
Epoch 331|time: 0.06s|train_loss 0.00011903|val_loss 0.00014293
Epoch 332|time: 0.07s|train_loss 0.00013053|val_loss 0.00014203
Epoch 333|time: 0.07s|train_loss 0.00011523|val_loss 0.00013347
Epoch 334|time: 0.07s|train_loss 0.00012071|val_loss 0.00013424
Epoch 335|time: 0.07s|train_loss 0.00012048|val_loss 0.00014106
Epoch 336|time: 0.07s|train_loss 0.00011715|val_loss 0.00015458
Epoch 337|time: 0.07s|train_loss 0.00013123|val_loss 0.00013579
Epoch 338|time: 0.07s|train_loss 0.00013235|val_loss 0.00014201
Epoch 339|time: 0.06s|train_loss 0.00012579|val_loss 0.00014010
Epoch 340|time: 0.06s|train_loss 0.00012356|val_loss 0.00013573
Epoch 341|time: 0.06s|train_loss 0.00011843|val_loss 0.00013403
Epoch 342|time: 0.06s|train_loss 0.00012756|val_loss 0.00013422
Epoch 343|time: 0.06s|train_loss 0.00012001|val_loss 0.00014097
Epoch 344|time: 0.06s|train_loss 0.00011824|val_loss 0.00013364
Epoch 345|time: 0.06s|train_loss 0.00011971|val_loss 0.00013127
Best validation epoch: 345 Sat May 13 00:40:40 2023
TEST MAE 0.1607 std 0.0435 RMSE 0.2489 RMSEs 0.2399 PCC 0.9658 PCCs 0.9501 R2 0.9304 R2s 0.8934 Var 0.9311 Vars 0.8960 Peak 0.0911
Epoch 346|time: 0.06s|train_loss 0.00011850|val_loss 0.00014016
Epoch 347|time: 0.06s|train_loss 0.00012624|val_loss 0.00014897
Epoch 348|time: 0.06s|train_loss 0.00012432|val_loss 0.00013595
Epoch 349|time: 0.07s|train_loss 0.00011793|val_loss 0.00013485
Epoch 350|time: 0.06s|train_loss 0.00011774|val_loss 0.00013936
Epoch 351|time: 0.06s|train_loss 0.00011796|val_loss 0.00013278
Epoch 352|time: 0.07s|train_loss 0.00011926|val_loss 0.00013544
Epoch 353|time: 0.07s|train_loss 0.00013773|val_loss 0.00014810
Epoch 354|time: 0.07s|train_loss 0.00011894|val_loss 0.00013795
Epoch 355|time: 0.07s|train_loss 0.00013858|val_loss 0.00013667
Epoch 356|time: 0.07s|train_loss 0.00012513|val_loss 0.00014069
Epoch 357|time: 0.07s|train_loss 0.00012766|val_loss 0.00014396
Epoch 358|time: 0.07s|train_loss 0.00012195|val_loss 0.00013322
Epoch 359|time: 0.06s|train_loss 0.00011698|val_loss 0.00013389
Epoch 360|time: 0.06s|train_loss 0.00011773|val_loss 0.00014516
Epoch 361|time: 0.06s|train_loss 0.00011903|val_loss 0.00013340
Epoch 362|time: 0.06s|train_loss 0.00013271|val_loss 0.00013338
Epoch 363|time: 0.06s|train_loss 0.00012594|val_loss 0.00014878
Epoch 364|time: 0.06s|train_loss 0.00011806|val_loss 0.00013739
Epoch 365|time: 0.06s|train_loss 0.00012542|val_loss 0.00013638
Epoch 366|time: 0.06s|train_loss 0.00012059|val_loss 0.00014398
Epoch 367|time: 0.06s|train_loss 0.00011369|val_loss 0.00013801
Epoch 368|time: 0.07s|train_loss 0.00013350|val_loss 0.00013547
Epoch 369|time: 0.07s|train_loss 0.00011791|val_loss 0.00013767
Epoch 370|time: 0.06s|train_loss 0.00011983|val_loss 0.00014518
Epoch 371|time: 0.06s|train_loss 0.00012088|val_loss 0.00013207
Epoch 372|time: 0.06s|train_loss 0.00012705|val_loss 0.00013339
Epoch 373|time: 0.07s|train_loss 0.00012225|val_loss 0.00013446
Epoch 374|time: 0.06s|train_loss 0.00012176|val_loss 0.00014258
Epoch 375|time: 0.06s|train_loss 0.00012118|val_loss 0.00013690
Epoch 376|time: 0.06s|train_loss 0.00012172|val_loss 0.00013336
Epoch 377|time: 0.06s|train_loss 0.00012869|val_loss 0.00013636
Epoch 378|time: 0.06s|train_loss 0.00012101|val_loss 0.00013705
Epoch 379|time: 0.06s|train_loss 0.00011435|val_loss 0.00013245
Epoch 380|time: 0.07s|train_loss 0.00011553|val_loss 0.00013944
Epoch 381|time: 0.06s|train_loss 0.00011838|val_loss 0.00013747
Epoch 382|time: 0.06s|train_loss 0.00012353|val_loss 0.00013609
Epoch 383|time: 0.06s|train_loss 0.00011785|val_loss 0.00013999
Epoch 384|time: 0.06s|train_loss 0.00012241|val_loss 0.00015054
Epoch 385|time: 0.06s|train_loss 0.00011952|val_loss 0.00013728
Epoch 386|time: 0.06s|train_loss 0.00013629|val_loss 0.00013592
Epoch 387|time: 0.06s|train_loss 0.00011957|val_loss 0.00013345
Epoch 388|time: 0.06s|train_loss 0.00012165|val_loss 0.00014800
Epoch 389|time: 0.06s|train_loss 0.00012167|val_loss 0.00013264
Epoch 390|time: 0.06s|train_loss 0.00011584|val_loss 0.00013261
Epoch 391|time: 0.06s|train_loss 0.00012834|val_loss 0.00014845
Epoch 392|time: 0.06s|train_loss 0.00013576|val_loss 0.00013327
Epoch 393|time: 0.06s|train_loss 0.00011856|val_loss 0.00013192
Epoch 394|time: 0.06s|train_loss 0.00012163|val_loss 0.00014656
Epoch 395|time: 0.06s|train_loss 0.00011789|val_loss 0.00014073
Epoch 396|time: 0.06s|train_loss 0.00011705|val_loss 0.00013654
Epoch 397|time: 0.06s|train_loss 0.00012245|val_loss 0.00013239
Epoch 398|time: 0.06s|train_loss 0.00011968|val_loss 0.00014596
Epoch 399|time: 0.06s|train_loss 0.00012025|val_loss 0.00013134
Epoch 400|time: 0.06s|train_loss 0.00013792|val_loss 0.00013658
Epoch 401|time: 0.06s|train_loss 0.00011942|val_loss 0.00013829
Epoch 402|time: 0.06s|train_loss 0.00012680|val_loss 0.00013157
Epoch 403|time: 0.06s|train_loss 0.00011876|val_loss 0.00013760
Epoch 404|time: 0.06s|train_loss 0.00012380|val_loss 0.00014275
Epoch 405|time: 0.06s|train_loss 0.00012956|val_loss 0.00013764
Epoch 406|time: 0.06s|train_loss 0.00011943|val_loss 0.00013846
Epoch 407|time: 0.06s|train_loss 0.00012271|val_loss 0.00013672
Epoch 408|time: 0.06s|train_loss 0.00012102|val_loss 0.00013561
Epoch 409|time: 0.07s|train_loss 0.00011463|val_loss 0.00013421
Epoch 410|time: 0.06s|train_loss 0.00011434|val_loss 0.00013362
Epoch 411|time: 0.06s|train_loss 0.00011950|val_loss 0.00013390
Epoch 412|time: 0.06s|train_loss 0.00013506|val_loss 0.00013201
Epoch 413|time: 0.06s|train_loss 0.00011164|val_loss 0.00013947
Epoch 414|time: 0.06s|train_loss 0.00012667|val_loss 0.00013170
Epoch 415|time: 0.06s|train_loss 0.00011425|val_loss 0.00013255
Epoch 416|time: 0.06s|train_loss 0.00012847|val_loss 0.00013353
Epoch 417|time: 0.06s|train_loss 0.00012647|val_loss 0.00013175
Epoch 418|time: 0.06s|train_loss 0.00011568|val_loss 0.00013590
Epoch 419|time: 0.06s|train_loss 0.00014312|val_loss 0.00013258
Epoch 420|time: 0.06s|train_loss 0.00012360|val_loss 0.00013678
Epoch 421|time: 0.06s|train_loss 0.00012018|val_loss 0.00013692
Epoch 422|time: 0.06s|train_loss 0.00012317|val_loss 0.00013442
Epoch 423|time: 0.06s|train_loss 0.00011432|val_loss 0.00013465
Epoch 424|time: 0.06s|train_loss 0.00012499|val_loss 0.00013642
Epoch 425|time: 0.06s|train_loss 0.00011467|val_loss 0.00013402
Epoch 426|time: 0.06s|train_loss 0.00011908|val_loss 0.00013399
Epoch 427|time: 0.06s|train_loss 0.00011897|val_loss 0.00014748
Epoch 428|time: 0.06s|train_loss 0.00011860|val_loss 0.00013549
Epoch 429|time: 0.06s|train_loss 0.00013571|val_loss 0.00013217
Epoch 430|time: 0.06s|train_loss 0.00011861|val_loss 0.00013233
Epoch 431|time: 0.06s|train_loss 0.00011647|val_loss 0.00013808
Epoch 432|time: 0.06s|train_loss 0.00011610|val_loss 0.00013363
Epoch 433|time: 0.06s|train_loss 0.00012236|val_loss 0.00013857
Epoch 434|time: 0.06s|train_loss 0.00011907|val_loss 0.00013267
Epoch 435|time: 0.06s|train_loss 0.00011457|val_loss 0.00013859
Epoch 436|time: 0.06s|train_loss 0.00011699|val_loss 0.00013512
Epoch 437|time: 0.06s|train_loss 0.00011822|val_loss 0.00013435
Epoch 438|time: 0.06s|train_loss 0.00011618|val_loss 0.00013434
Epoch 439|time: 0.06s|train_loss 0.00011406|val_loss 0.00013269
Epoch 440|time: 0.06s|train_loss 0.00012080|val_loss 0.00013858
Epoch 441|time: 0.06s|train_loss 0.00011739|val_loss 0.00013530
Epoch 442|time: 0.06s|train_loss 0.00011324|val_loss 0.00013197
Epoch 443|time: 0.06s|train_loss 0.00012059|val_loss 0.00013234
Epoch 444|time: 0.06s|train_loss 0.00011279|val_loss 0.00013510
Epoch 445|time: 0.06s|train_loss 0.00012019|val_loss 0.00013747
Epoch 446|time: 0.07s|train_loss 0.00013164|val_loss 0.00013283
Epoch 447|time: 0.06s|train_loss 0.00012701|val_loss 0.00014306
Epoch 448|time: 0.06s|train_loss 0.00012131|val_loss 0.00013429
Epoch 449|time: 0.06s|train_loss 0.00011426|val_loss 0.00013229
Epoch 450|time: 0.06s|train_loss 0.00012249|val_loss 0.00013328
Epoch 451|time: 0.06s|train_loss 0.00011684|val_loss 0.00013548
Epoch 452|time: 0.06s|train_loss 0.00013479|val_loss 0.00013420
Epoch 453|time: 0.06s|train_loss 0.00011868|val_loss 0.00013908
Epoch 454|time: 0.07s|train_loss 0.00011361|val_loss 0.00013287
Epoch 455|time: 0.06s|train_loss 0.00012633|val_loss 0.00013843
Epoch 456|time: 0.06s|train_loss 0.00011596|val_loss 0.00013158
Epoch 457|time: 0.06s|train_loss 0.00011601|val_loss 0.00013328
Epoch 458|time: 0.07s|train_loss 0.00011482|val_loss 0.00013240
Epoch 459|time: 0.06s|train_loss 0.00011529|val_loss 0.00013981
Epoch 460|time: 0.06s|train_loss 0.00011512|val_loss 0.00013324
Epoch 461|time: 0.06s|train_loss 0.00011671|val_loss 0.00013062
Best validation epoch: 461 Sat May 13 00:40:47 2023
TEST MAE 0.1637 std 0.0449 RMSE 0.2536 RMSEs 0.2449 PCC 0.9654 PCCs 0.9485 R2 0.9278 R2s 0.8887 Var 0.9288 Vars 0.8912 Peak 0.0931
Epoch 462|time: 0.06s|train_loss 0.00011375|val_loss 0.00014070
Epoch 463|time: 0.07s|train_loss 0.00011662|val_loss 0.00013638
Epoch 464|time: 0.06s|train_loss 0.00011431|val_loss 0.00013246
Epoch 465|time: 0.06s|train_loss 0.00012377|val_loss 0.00013401
Epoch 466|time: 0.06s|train_loss 0.00011684|val_loss 0.00014487
Epoch 467|time: 0.06s|train_loss 0.00012102|val_loss 0.00013579
Epoch 468|time: 0.06s|train_loss 0.00011904|val_loss 0.00013291
Epoch 469|time: 0.06s|train_loss 0.00011779|val_loss 0.00013441
Epoch 470|time: 0.06s|train_loss 0.00011325|val_loss 0.00013492
Epoch 471|time: 0.06s|train_loss 0.00011909|val_loss 0.00013290
Epoch 472|time: 0.06s|train_loss 0.00012608|val_loss 0.00013276
Epoch 473|time: 0.06s|train_loss 0.00012363|val_loss 0.00013779
Epoch 474|time: 0.06s|train_loss 0.00013001|val_loss 0.00013163
Epoch 475|time: 0.06s|train_loss 0.00013100|val_loss 0.00013903
Epoch 476|time: 0.06s|train_loss 0.00012586|val_loss 0.00013778
Epoch 477|time: 0.06s|train_loss 0.00011837|val_loss 0.00013285
Epoch 478|time: 0.06s|train_loss 0.00011652|val_loss 0.00013174
Epoch 479|time: 0.06s|train_loss 0.00015411|val_loss 0.00013175
Epoch 480|time: 0.06s|train_loss 0.00011753|val_loss 0.00013222
Epoch 481|time: 0.06s|train_loss 0.00011473|val_loss 0.00013469
Epoch 482|time: 0.06s|train_loss 0.00011630|val_loss 0.00013097
Epoch 483|time: 0.06s|train_loss 0.00011820|val_loss 0.00014176
Epoch 484|time: 0.06s|train_loss 0.00011919|val_loss 0.00013485
Epoch 485|time: 0.06s|train_loss 0.00011915|val_loss 0.00013740
Epoch 486|time: 0.06s|train_loss 0.00011752|val_loss 0.00013203
Epoch 487|time: 0.07s|train_loss 0.00012364|val_loss 0.00013432
Epoch 488|time: 0.06s|train_loss 0.00011691|val_loss 0.00014297
Epoch 489|time: 0.06s|train_loss 0.00012511|val_loss 0.00013170
Epoch 490|time: 0.06s|train_loss 0.00011723|val_loss 0.00013203
Epoch 491|time: 0.06s|train_loss 0.00011830|val_loss 0.00013649
Epoch 492|time: 0.06s|train_loss 0.00011459|val_loss 0.00013275
Epoch 493|time: 0.07s|train_loss 0.00011890|val_loss 0.00013191
Epoch 494|time: 0.06s|train_loss 0.00011239|val_loss 0.00013546
Epoch 495|time: 0.06s|train_loss 0.00011688|val_loss 0.00013215
Epoch 496|time: 0.06s|train_loss 0.00011688|val_loss 0.00013186
Epoch 497|time: 0.06s|train_loss 0.00011868|val_loss 0.00013415
Epoch 498|time: 0.06s|train_loss 0.00011434|val_loss 0.00013181
Epoch 499|time: 0.06s|train_loss 0.00011519|val_loss 0.00014253
Epoch 500|time: 0.06s|train_loss 0.00011756|val_loss 0.00013282
Epoch 501|time: 0.06s|train_loss 0.00012787|val_loss 0.00013199
Epoch 502|time: 0.06s|train_loss 0.00011956|val_loss 0.00013768
Epoch 503|time: 0.06s|train_loss 0.00012644|val_loss 0.00013892
Epoch 504|time: 0.06s|train_loss 0.00011466|val_loss 0.00014032
Epoch 505|time: 0.06s|train_loss 0.00011798|val_loss 0.00013328
Epoch 506|time: 0.06s|train_loss 0.00013291|val_loss 0.00013612
Epoch 507|time: 0.06s|train_loss 0.00012010|val_loss 0.00013838
Epoch 508|time: 0.07s|train_loss 0.00012737|val_loss 0.00013206
Epoch 509|time: 0.06s|train_loss 0.00012045|val_loss 0.00013474
Epoch 510|time: 0.06s|train_loss 0.00011384|val_loss 0.00013171
Epoch 511|time: 0.06s|train_loss 0.00012047|val_loss 0.00013135
Epoch 512|time: 0.06s|train_loss 0.00011859|val_loss 0.00013400
Epoch 513|time: 0.06s|train_loss 0.00011835|val_loss 0.00013230
Epoch 514|time: 0.06s|train_loss 0.00011778|val_loss 0.00013232
Epoch 515|time: 0.06s|train_loss 0.00012449|val_loss 0.00014221
Epoch 516|time: 0.06s|train_loss 0.00011342|val_loss 0.00013222
Epoch 517|time: 0.06s|train_loss 0.00011329|val_loss 0.00013140
Epoch 518|time: 0.06s|train_loss 0.00011581|val_loss 0.00013015
Best validation epoch: 518 Sat May 13 00:40:51 2023
TEST MAE 0.1617 std 0.0434 RMSE 0.2504 RMSEs 0.2419 PCC 0.9657 PCCs 0.9493 R2 0.9296 R2s 0.8913 Var 0.9303 Vars 0.8937 Peak 0.0919
Epoch 519|time: 0.06s|train_loss 0.00011683|val_loss 0.00013851
Epoch 520|time: 0.06s|train_loss 0.00011852|val_loss 0.00013278
Epoch 521|time: 0.06s|train_loss 0.00012514|val_loss 0.00013683
Epoch 522|time: 0.06s|train_loss 0.00011763|val_loss 0.00013296
Epoch 523|time: 0.07s|train_loss 0.00011142|val_loss 0.00013916
Epoch 524|time: 0.07s|train_loss 0.00011549|val_loss 0.00013445
Epoch 525|time: 0.07s|train_loss 0.00011992|val_loss 0.00013286
Epoch 526|time: 0.06s|train_loss 0.00012206|val_loss 0.00013564
Epoch 527|time: 0.06s|train_loss 0.00012034|val_loss 0.00013076
Epoch 528|time: 0.06s|train_loss 0.00012964|val_loss 0.00013770
Epoch 529|time: 0.06s|train_loss 0.00011260|val_loss 0.00013390
Epoch 530|time: 0.06s|train_loss 0.00011137|val_loss 0.00013315
Epoch 531|time: 0.06s|train_loss 0.00011451|val_loss 0.00013562
Epoch 532|time: 0.06s|train_loss 0.00012176|val_loss 0.00013430
Epoch 533|time: 0.06s|train_loss 0.00011914|val_loss 0.00013784
Epoch 534|time: 0.06s|train_loss 0.00012198|val_loss 0.00013243
Epoch 535|time: 0.06s|train_loss 0.00011607|val_loss 0.00013698
Epoch 536|time: 0.06s|train_loss 0.00012432|val_loss 0.00013156
Epoch 537|time: 0.06s|train_loss 0.00011167|val_loss 0.00013780
Epoch 538|time: 0.06s|train_loss 0.00011212|val_loss 0.00013693
Epoch 539|time: 0.06s|train_loss 0.00011468|val_loss 0.00013026
Epoch 540|time: 0.06s|train_loss 0.00011606|val_loss 0.00014150
Epoch 541|time: 0.07s|train_loss 0.00012420|val_loss 0.00014318
Epoch 542|time: 0.06s|train_loss 0.00011604|val_loss 0.00013457
Epoch 543|time: 0.06s|train_loss 0.00011789|val_loss 0.00013482
Epoch 544|time: 0.06s|train_loss 0.00011213|val_loss 0.00013342
Epoch 545|time: 0.06s|train_loss 0.00011683|val_loss 0.00013385
Epoch 546|time: 0.06s|train_loss 0.00012072|val_loss 0.00013684
Epoch 547|time: 0.06s|train_loss 0.00012552|val_loss 0.00013240
Epoch 548|time: 0.06s|train_loss 0.00011937|val_loss 0.00013529
Epoch 549|time: 0.06s|train_loss 0.00010935|val_loss 0.00013042
Epoch 550|time: 0.06s|train_loss 0.00011320|val_loss 0.00013043
Epoch 551|time: 0.06s|train_loss 0.00011187|val_loss 0.00013444
Epoch 552|time: 0.06s|train_loss 0.00011672|val_loss 0.00013453
Epoch 553|time: 0.07s|train_loss 0.00011689|val_loss 0.00013057
Epoch 554|time: 0.06s|train_loss 0.00011837|val_loss 0.00013251
Epoch 555|time: 0.06s|train_loss 0.00013108|val_loss 0.00013373
Epoch 556|time: 0.06s|train_loss 0.00011933|val_loss 0.00013257
Epoch 557|time: 0.06s|train_loss 0.00011853|val_loss 0.00013338
Epoch 558|time: 0.06s|train_loss 0.00012073|val_loss 0.00015003
Epoch 559|time: 0.06s|train_loss 0.00011706|val_loss 0.00013259
Epoch 560|time: 0.06s|train_loss 0.00011597|val_loss 0.00013358
Epoch 561|time: 0.06s|train_loss 0.00011563|val_loss 0.00013264
Epoch 562|time: 0.06s|train_loss 0.00011900|val_loss 0.00013847
Epoch 563|time: 0.06s|train_loss 0.00012120|val_loss 0.00014498
Epoch 564|time: 0.07s|train_loss 0.00011779|val_loss 0.00013369
Epoch 565|time: 0.06s|train_loss 0.00011231|val_loss 0.00013076
Epoch 566|time: 0.06s|train_loss 0.00011554|val_loss 0.00013892
Epoch 567|time: 0.06s|train_loss 0.00011467|val_loss 0.00013635
Epoch 568|time: 0.06s|train_loss 0.00012798|val_loss 0.00013614
Epoch 569|time: 0.06s|train_loss 0.00012367|val_loss 0.00013124
Epoch 570|time: 0.06s|train_loss 0.00012286|val_loss 0.00013224
Epoch 571|time: 0.06s|train_loss 0.00011780|val_loss 0.00014020
Epoch 572|time: 0.06s|train_loss 0.00012290|val_loss 0.00013684
Epoch 573|time: 0.06s|train_loss 0.00012642|val_loss 0.00013492
Epoch 574|time: 0.06s|train_loss 0.00013956|val_loss 0.00013627
Epoch 575|time: 0.06s|train_loss 0.00012359|val_loss 0.00014535
Epoch 576|time: 0.06s|train_loss 0.00011753|val_loss 0.00014275
Epoch 577|time: 0.06s|train_loss 0.00011340|val_loss 0.00012998
Best validation epoch: 577 Sat May 13 00:40:55 2023
TEST MAE 0.1620 std 0.0441 RMSE 0.2520 RMSEs 0.2430 PCC 0.9653 PCCs 0.9506 R2 0.9287 R2s 0.8904 Var 0.9297 Vars 0.8944 Peak 0.0915
Epoch 578|time: 0.06s|train_loss 0.00013468|val_loss 0.00013956
Epoch 579|time: 0.06s|train_loss 0.00011802|val_loss 0.00013569
Epoch 580|time: 0.06s|train_loss 0.00011336|val_loss 0.00013181
Epoch 581|time: 0.06s|train_loss 0.00011805|val_loss 0.00013295
Epoch 582|time: 0.06s|train_loss 0.00013205|val_loss 0.00013745
Epoch 583|time: 0.06s|train_loss 0.00011610|val_loss 0.00013773
Epoch 584|time: 0.06s|train_loss 0.00011893|val_loss 0.00013315
Epoch 585|time: 0.06s|train_loss 0.00012271|val_loss 0.00013055
Epoch 586|time: 0.06s|train_loss 0.00012266|val_loss 0.00013209
Epoch 587|time: 0.06s|train_loss 0.00011772|val_loss 0.00015888
Epoch 588|time: 0.06s|train_loss 0.00011413|val_loss 0.00013102
Epoch 589|time: 0.06s|train_loss 0.00011731|val_loss 0.00013588
Epoch 590|time: 0.06s|train_loss 0.00012879|val_loss 0.00013826
Epoch 591|time: 0.06s|train_loss 0.00013333|val_loss 0.00013447
Epoch 592|time: 0.06s|train_loss 0.00011375|val_loss 0.00013164
Epoch 593|time: 0.06s|train_loss 0.00013022|val_loss 0.00013273
Epoch 594|time: 0.06s|train_loss 0.00011452|val_loss 0.00013356
Epoch 595|time: 0.06s|train_loss 0.00011212|val_loss 0.00013402
Epoch 596|time: 0.06s|train_loss 0.00011287|val_loss 0.00013921
Epoch 597|time: 0.06s|train_loss 0.00011744|val_loss 0.00013495
Epoch 598|time: 0.06s|train_loss 0.00011418|val_loss 0.00013468
Epoch 599|time: 0.06s|train_loss 0.00012833|val_loss 0.00014432
Epoch 600|time: 0.07s|train_loss 0.00011818|val_loss 0.00013469
Epoch 601|time: 0.07s|train_loss 0.00012454|val_loss 0.00013223
Epoch 602|time: 0.06s|train_loss 0.00013152|val_loss 0.00013717
Epoch 603|time: 0.06s|train_loss 0.00011754|val_loss 0.00013056
Epoch 604|time: 0.06s|train_loss 0.00013255|val_loss 0.00013442
Epoch 605|time: 0.06s|train_loss 0.00011779|val_loss 0.00013110
Epoch 606|time: 0.06s|train_loss 0.00011590|val_loss 0.00014417
Epoch 607|time: 0.06s|train_loss 0.00012264|val_loss 0.00013944
Epoch 608|time: 0.06s|train_loss 0.00012352|val_loss 0.00013157
Epoch 609|time: 0.06s|train_loss 0.00012494|val_loss 0.00014631
Epoch 610|time: 0.06s|train_loss 0.00011713|val_loss 0.00013215
Epoch 611|time: 0.06s|train_loss 0.00011940|val_loss 0.00013164
Epoch 612|time: 0.06s|train_loss 0.00011284|val_loss 0.00013516
Epoch 613|time: 0.06s|train_loss 0.00012087|val_loss 0.00015955
Epoch 614|time: 0.06s|train_loss 0.00012601|val_loss 0.00013221
Epoch 615|time: 0.06s|train_loss 0.00011992|val_loss 0.00013394
Epoch 616|time: 0.06s|train_loss 0.00012172|val_loss 0.00013511
Epoch 617|time: 0.06s|train_loss 0.00011736|val_loss 0.00014496
Epoch 618|time: 0.06s|train_loss 0.00012396|val_loss 0.00013640
Epoch 619|time: 0.06s|train_loss 0.00011947|val_loss 0.00013276
Epoch 620|time: 0.06s|train_loss 0.00011556|val_loss 0.00013291
Epoch 621|time: 0.06s|train_loss 0.00011712|val_loss 0.00013186
Epoch 622|time: 0.06s|train_loss 0.00011334|val_loss 0.00013556
Epoch 623|time: 0.06s|train_loss 0.00011682|val_loss 0.00013396
Epoch 624|time: 0.06s|train_loss 0.00011376|val_loss 0.00013184
Epoch 625|time: 0.07s|train_loss 0.00011473|val_loss 0.00013493
Epoch 626|time: 0.07s|train_loss 0.00012987|val_loss 0.00013048
Epoch 627|time: 0.07s|train_loss 0.00011957|val_loss 0.00013386
Epoch 628|time: 0.06s|train_loss 0.00011814|val_loss 0.00013371
Epoch 629|time: 0.06s|train_loss 0.00012775|val_loss 0.00013240
Epoch 630|time: 0.06s|train_loss 0.00011423|val_loss 0.00013747
Epoch 631|time: 0.06s|train_loss 0.00011583|val_loss 0.00014127
Epoch 632|time: 0.06s|train_loss 0.00011654|val_loss 0.00013169
Epoch 633|time: 0.06s|train_loss 0.00011436|val_loss 0.00013423
Epoch 634|time: 0.06s|train_loss 0.00013402|val_loss 0.00013354
Epoch 635|time: 0.06s|train_loss 0.00011592|val_loss 0.00014227
Epoch 636|time: 0.06s|train_loss 0.00011680|val_loss 0.00013160
Epoch 637|time: 0.06s|train_loss 0.00011855|val_loss 0.00012989
Best validation epoch: 637 Sat May 13 00:40:59 2023
TEST MAE 0.1631 std 0.0450 RMSE 0.2539 RMSEs 0.2452 PCC 0.9655 PCCs 0.9493 R2 0.9276 R2s 0.8883 Var 0.9287 Vars 0.8912 Peak 0.0929
Epoch 638|time: 0.06s|train_loss 0.00012232|val_loss 0.00013843
Epoch 639|time: 0.06s|train_loss 0.00011708|val_loss 0.00013108
Epoch 640|time: 0.06s|train_loss 0.00012103|val_loss 0.00013339
Epoch 641|time: 0.07s|train_loss 0.00011514|val_loss 0.00013665
Epoch 642|time: 0.07s|train_loss 0.00011483|val_loss 0.00013136
Epoch 643|time: 0.06s|train_loss 0.00011562|val_loss 0.00013126
Epoch 644|time: 0.06s|train_loss 0.00011581|val_loss 0.00013471
Epoch 645|time: 0.06s|train_loss 0.00011182|val_loss 0.00013784
Epoch 646|time: 0.06s|train_loss 0.00011915|val_loss 0.00013032
Epoch 647|time: 0.06s|train_loss 0.00010976|val_loss 0.00013220
Epoch 648|time: 0.06s|train_loss 0.00012112|val_loss 0.00013251
Epoch 649|time: 0.06s|train_loss 0.00011243|val_loss 0.00013190
Epoch 650|time: 0.06s|train_loss 0.00011280|val_loss 0.00013475
Epoch 651|time: 0.06s|train_loss 0.00011248|val_loss 0.00013122
Epoch 652|time: 0.06s|train_loss 0.00013176|val_loss 0.00013127
Epoch 653|time: 0.06s|train_loss 0.00011536|val_loss 0.00013830
Epoch 654|time: 0.06s|train_loss 0.00011462|val_loss 0.00013034
Epoch 655|time: 0.06s|train_loss 0.00011965|val_loss 0.00013848
Epoch 656|time: 0.06s|train_loss 0.00011688|val_loss 0.00013262
Epoch 657|time: 0.06s|train_loss 0.00011310|val_loss 0.00013307
Epoch 658|time: 0.06s|train_loss 0.00011712|val_loss 0.00013366
Epoch 659|time: 0.06s|train_loss 0.00011483|val_loss 0.00013967
Epoch 660|time: 0.06s|train_loss 0.00011917|val_loss 0.00013131
Epoch 661|time: 0.06s|train_loss 0.00011703|val_loss 0.00013024
Epoch 662|time: 0.06s|train_loss 0.00011074|val_loss 0.00013050
Epoch 663|time: 0.06s|train_loss 0.00012437|val_loss 0.00013239
Epoch 664|time: 0.06s|train_loss 0.00012023|val_loss 0.00014217
Epoch 665|time: 0.06s|train_loss 0.00011990|val_loss 0.00013365
Epoch 666|time: 0.06s|train_loss 0.00013801|val_loss 0.00013041
Epoch 667|time: 0.07s|train_loss 0.00012293|val_loss 0.00013166
Epoch 668|time: 0.06s|train_loss 0.00012531|val_loss 0.00014510
Epoch 669|time: 0.06s|train_loss 0.00012355|val_loss 0.00014406
Epoch 670|time: 0.06s|train_loss 0.00011554|val_loss 0.00013326
Epoch 671|time: 0.07s|train_loss 0.00011117|val_loss 0.00013432
Epoch 672|time: 0.06s|train_loss 0.00011532|val_loss 0.00013861
Epoch 673|time: 0.06s|train_loss 0.00011180|val_loss 0.00013571
Epoch 674|time: 0.06s|train_loss 0.00011481|val_loss 0.00013580
Epoch 675|time: 0.06s|train_loss 0.00011340|val_loss 0.00013038
Epoch 676|time: 0.06s|train_loss 0.00012181|val_loss 0.00013255
Epoch 677|time: 0.06s|train_loss 0.00011362|val_loss 0.00013419
Epoch 678|time: 0.07s|train_loss 0.00011484|val_loss 0.00013205
Epoch 679|time: 0.07s|train_loss 0.00011480|val_loss 0.00013483
Epoch 680|time: 0.06s|train_loss 0.00011312|val_loss 0.00013261
Epoch 681|time: 0.06s|train_loss 0.00011911|val_loss 0.00013429
Epoch 682|time: 0.06s|train_loss 0.00011850|val_loss 0.00013402
Epoch 683|time: 0.06s|train_loss 0.00011630|val_loss 0.00013263
Epoch 684|time: 0.07s|train_loss 0.00012233|val_loss 0.00013337
Epoch 685|time: 0.06s|train_loss 0.00011799|val_loss 0.00015032
Epoch 686|time: 0.06s|train_loss 0.00011653|val_loss 0.00013408
Epoch 687|time: 0.06s|train_loss 0.00012212|val_loss 0.00013330
Epoch 688|time: 0.06s|train_loss 0.00011755|val_loss 0.00013150
Epoch 689|time: 0.06s|train_loss 0.00011583|val_loss 0.00013900
Epoch 690|time: 0.06s|train_loss 0.00011390|val_loss 0.00013814
Epoch 691|time: 0.06s|train_loss 0.00011764|val_loss 0.00013319
Epoch 692|time: 0.06s|train_loss 0.00011928|val_loss 0.00013226
Epoch 693|time: 0.07s|train_loss 0.00011025|val_loss 0.00013166
Epoch 694|time: 0.06s|train_loss 0.00011545|val_loss 0.00013198
Epoch 695|time: 0.06s|train_loss 0.00011779|val_loss 0.00013038
Epoch 696|time: 0.06s|train_loss 0.00011217|val_loss 0.00013543
Epoch 697|time: 0.06s|train_loss 0.00011372|val_loss 0.00014672
Epoch 698|time: 0.06s|train_loss 0.00012358|val_loss 0.00013203
Epoch 699|time: 0.06s|train_loss 0.00011610|val_loss 0.00013157
Epoch 700|time: 0.06s|train_loss 0.00011455|val_loss 0.00013220
Epoch 701|time: 0.07s|train_loss 0.00011369|val_loss 0.00014154
Epoch 702|time: 0.06s|train_loss 0.00011391|val_loss 0.00013153
Epoch 703|time: 0.06s|train_loss 0.00013102|val_loss 0.00013083
Epoch 704|time: 0.06s|train_loss 0.00011970|val_loss 0.00013012
Epoch 705|time: 0.06s|train_loss 0.00011546|val_loss 0.00013213
Epoch 706|time: 0.06s|train_loss 0.00011835|val_loss 0.00013941
Epoch 707|time: 0.06s|train_loss 0.00011052|val_loss 0.00013558
Epoch 708|time: 0.06s|train_loss 0.00011900|val_loss 0.00013214
Epoch 709|time: 0.06s|train_loss 0.00012332|val_loss 0.00013172
Epoch 710|time: 0.06s|train_loss 0.00011505|val_loss 0.00013133
Epoch 711|time: 0.06s|train_loss 0.00012028|val_loss 0.00013580
Epoch 712|time: 0.06s|train_loss 0.00011380|val_loss 0.00013049
Epoch 713|time: 0.06s|train_loss 0.00011481|val_loss 0.00012924
Best validation epoch: 713 Sat May 13 00:41:04 2023
TEST MAE 0.1594 std 0.0427 RMSE 0.2480 RMSEs 0.2393 PCC 0.9658 PCCs 0.9508 R2 0.9309 R2s 0.8939 Var 0.9312 Vars 0.8961 Peak 0.0905
Epoch 714|time: 0.06s|train_loss 0.00011305|val_loss 0.00013551
Epoch 715|time: 0.06s|train_loss 0.00012221|val_loss 0.00013013
Epoch 716|time: 0.06s|train_loss 0.00011600|val_loss 0.00013572
Epoch 717|time: 0.06s|train_loss 0.00012718|val_loss 0.00013605
Epoch 718|time: 0.06s|train_loss 0.00012203|val_loss 0.00013205
Epoch 719|time: 0.07s|train_loss 0.00011716|val_loss 0.00013228
Epoch 720|time: 0.06s|train_loss 0.00011465|val_loss 0.00014142
Epoch 721|time: 0.06s|train_loss 0.00012396|val_loss 0.00013151
Epoch 722|time: 0.06s|train_loss 0.00011176|val_loss 0.00013097
Epoch 723|time: 0.06s|train_loss 0.00013188|val_loss 0.00013143
Epoch 724|time: 0.06s|train_loss 0.00011701|val_loss 0.00013703
Epoch 725|time: 0.06s|train_loss 0.00011650|val_loss 0.00013352
Epoch 726|time: 0.06s|train_loss 0.00012810|val_loss 0.00013122
Epoch 727|time: 0.06s|train_loss 0.00011838|val_loss 0.00013838
Epoch 728|time: 0.06s|train_loss 0.00011928|val_loss 0.00014715
Epoch 729|time: 0.06s|train_loss 0.00011705|val_loss 0.00013466
Epoch 730|time: 0.06s|train_loss 0.00012422|val_loss 0.00013943
Epoch 731|time: 0.06s|train_loss 0.00011495|val_loss 0.00013261
Epoch 732|time: 0.06s|train_loss 0.00011991|val_loss 0.00012948
Epoch 733|time: 0.06s|train_loss 0.00011796|val_loss 0.00015063
Epoch 734|time: 0.06s|train_loss 0.00011648|val_loss 0.00013169
Epoch 735|time: 0.06s|train_loss 0.00011877|val_loss 0.00013784
Epoch 736|time: 0.06s|train_loss 0.00011803|val_loss 0.00013190
Epoch 737|time: 0.06s|train_loss 0.00011724|val_loss 0.00013209
Epoch 738|time: 0.06s|train_loss 0.00011652|val_loss 0.00013428
Epoch 739|time: 0.06s|train_loss 0.00013407|val_loss 0.00013175
Epoch 740|time: 0.06s|train_loss 0.00011475|val_loss 0.00013635
Epoch 741|time: 0.06s|train_loss 0.00011860|val_loss 0.00013153
Epoch 742|time: 0.06s|train_loss 0.00011246|val_loss 0.00013582
Epoch 743|time: 0.06s|train_loss 0.00011164|val_loss 0.00014447
Epoch 744|time: 0.06s|train_loss 0.00011760|val_loss 0.00013152
Epoch 745|time: 0.06s|train_loss 0.00012087|val_loss 0.00013593
Epoch 746|time: 0.06s|train_loss 0.00011070|val_loss 0.00013199
Epoch 747|time: 0.06s|train_loss 0.00011816|val_loss 0.00013173
Epoch 748|time: 0.06s|train_loss 0.00011438|val_loss 0.00014250
Epoch 749|time: 0.06s|train_loss 0.00013412|val_loss 0.00013135
Epoch 750|time: 0.06s|train_loss 0.00010950|val_loss 0.00013876
Epoch 751|time: 0.06s|train_loss 0.00011184|val_loss 0.00013508
Epoch 752|time: 0.06s|train_loss 0.00010732|val_loss 0.00013156
Epoch 753|time: 0.06s|train_loss 0.00011336|val_loss 0.00013119
Epoch 754|time: 0.06s|train_loss 0.00012183|val_loss 0.00013119
Epoch 755|time: 0.07s|train_loss 0.00011308|val_loss 0.00013813
Epoch 756|time: 0.07s|train_loss 0.00013045|val_loss 0.00013099
Epoch 757|time: 0.06s|train_loss 0.00011312|val_loss 0.00013479
Epoch 758|time: 0.06s|train_loss 0.00011664|val_loss 0.00013740
Epoch 759|time: 0.06s|train_loss 0.00011018|val_loss 0.00013117
Epoch 760|time: 0.06s|train_loss 0.00012099|val_loss 0.00013288
Epoch 761|time: 0.06s|train_loss 0.00011737|val_loss 0.00013190
Epoch 762|time: 0.06s|train_loss 0.00011488|val_loss 0.00013572
Epoch 763|time: 0.06s|train_loss 0.00013021|val_loss 0.00013153
Epoch 764|time: 0.06s|train_loss 0.00011793|val_loss 0.00013538
Epoch 765|time: 0.06s|train_loss 0.00011936|val_loss 0.00013503
Epoch 766|time: 0.06s|train_loss 0.00010958|val_loss 0.00013980
Epoch 767|time: 0.06s|train_loss 0.00011864|val_loss 0.00013139
Epoch 768|time: 0.06s|train_loss 0.00011484|val_loss 0.00013594
Epoch 769|time: 0.06s|train_loss 0.00011607|val_loss 0.00013164
Epoch 770|time: 0.06s|train_loss 0.00011421|val_loss 0.00013464
Epoch 771|time: 0.06s|train_loss 0.00011595|val_loss 0.00013718
Epoch 772|time: 0.06s|train_loss 0.00011935|val_loss 0.00013277
Epoch 773|time: 0.07s|train_loss 0.00011291|val_loss 0.00013101
Epoch 774|time: 0.06s|train_loss 0.00012128|val_loss 0.00013137
Epoch 775|time: 0.06s|train_loss 0.00012519|val_loss 0.00013458
Epoch 776|time: 0.06s|train_loss 0.00011789|val_loss 0.00015359
Epoch 777|time: 0.06s|train_loss 0.00011745|val_loss 0.00014557
Epoch 778|time: 0.06s|train_loss 0.00011358|val_loss 0.00013089
Epoch 779|time: 0.06s|train_loss 0.00012471|val_loss 0.00013294
Epoch 780|time: 0.06s|train_loss 0.00011844|val_loss 0.00013282
Epoch 781|time: 0.06s|train_loss 0.00011885|val_loss 0.00013865
Epoch 782|time: 0.06s|train_loss 0.00011186|val_loss 0.00012984
Epoch 783|time: 0.06s|train_loss 0.00011648|val_loss 0.00013298
Epoch 784|time: 0.06s|train_loss 0.00011269|val_loss 0.00013742
Epoch 785|time: 0.06s|train_loss 0.00011141|val_loss 0.00013351
Epoch 786|time: 0.06s|train_loss 0.00012745|val_loss 0.00013696
Epoch 787|time: 0.06s|train_loss 0.00012496|val_loss 0.00013757
Epoch 788|time: 0.06s|train_loss 0.00011415|val_loss 0.00013161
Epoch 789|time: 0.06s|train_loss 0.00011447|val_loss 0.00013137
Epoch 790|time: 0.06s|train_loss 0.00011299|val_loss 0.00013263
Epoch 791|time: 0.06s|train_loss 0.00011794|val_loss 0.00013068
Epoch 792|time: 0.06s|train_loss 0.00011330|val_loss 0.00013502
Epoch 793|time: 0.06s|train_loss 0.00011647|val_loss 0.00013750
Epoch 794|time: 0.06s|train_loss 0.00011425|val_loss 0.00013157
Epoch 795|time: 0.06s|train_loss 0.00011789|val_loss 0.00013276
Epoch 796|time: 0.07s|train_loss 0.00011637|val_loss 0.00013038
Epoch 797|time: 0.07s|train_loss 0.00012015|val_loss 0.00014224
Epoch 798|time: 0.06s|train_loss 0.00013169|val_loss 0.00015287
Epoch 799|time: 0.06s|train_loss 0.00012084|val_loss 0.00013161
Epoch 800|time: 0.06s|train_loss 0.00011531|val_loss 0.00015909
Epoch 801|time: 0.06s|train_loss 0.00012985|val_loss 0.00013093
Epoch 802|time: 0.06s|train_loss 0.00012049|val_loss 0.00013289
Epoch 803|time: 0.06s|train_loss 0.00011636|val_loss 0.00013164
Epoch 804|time: 0.06s|train_loss 0.00012308|val_loss 0.00013297
Epoch 805|time: 0.06s|train_loss 0.00011551|val_loss 0.00013322
Epoch 806|time: 0.06s|train_loss 0.00011409|val_loss 0.00013085
Epoch 807|time: 0.06s|train_loss 0.00011837|val_loss 0.00013174
Epoch 808|time: 0.06s|train_loss 0.00011272|val_loss 0.00013726
Epoch 809|time: 0.06s|train_loss 0.00011276|val_loss 0.00013350
Epoch 810|time: 0.06s|train_loss 0.00011265|val_loss 0.00013458
Epoch 811|time: 0.06s|train_loss 0.00011280|val_loss 0.00013187
Epoch 812|time: 0.06s|train_loss 0.00011223|val_loss 0.00013890
Epoch 813|time: 0.06s|train_loss 0.00011455|val_loss 0.00013164
Epoch 814|time: 0.06s|train_loss 0.00011753|val_loss 0.00012951
Epoch 815|time: 0.06s|train_loss 0.00012070|val_loss 0.00012903
Best validation epoch: 815 Sat May 13 00:41:10 2023
TEST MAE 0.1612 std 0.0437 RMSE 0.2518 RMSEs 0.2428 PCC 0.9655 PCCs 0.9505 R2 0.9288 R2s 0.8907 Var 0.9299 Vars 0.8945 Peak 0.0911
Epoch 816|time: 0.06s|train_loss 0.00011730|val_loss 0.00013748
Epoch 817|time: 0.06s|train_loss 0.00011158|val_loss 0.00013716
Epoch 818|time: 0.06s|train_loss 0.00011976|val_loss 0.00013445
Epoch 819|time: 0.06s|train_loss 0.00011215|val_loss 0.00013341
Epoch 820|time: 0.06s|train_loss 0.00011599|val_loss 0.00014161
Epoch 821|time: 0.06s|train_loss 0.00011391|val_loss 0.00013072
Epoch 822|time: 0.06s|train_loss 0.00011267|val_loss 0.00013102
Epoch 823|time: 0.06s|train_loss 0.00011495|val_loss 0.00013601
Epoch 824|time: 0.06s|train_loss 0.00011406|val_loss 0.00013051
Epoch 825|time: 0.06s|train_loss 0.00011999|val_loss 0.00013746
Epoch 826|time: 0.07s|train_loss 0.00011468|val_loss 0.00013092
Epoch 827|time: 0.07s|train_loss 0.00011112|val_loss 0.00013129
Epoch 828|time: 0.07s|train_loss 0.00011581|val_loss 0.00013158
Epoch 829|time: 0.07s|train_loss 0.00011340|val_loss 0.00013326
Epoch 830|time: 0.06s|train_loss 0.00011064|val_loss 0.00013280
Epoch 831|time: 0.06s|train_loss 0.00011039|val_loss 0.00013184
Epoch 832|time: 0.06s|train_loss 0.00011478|val_loss 0.00013344
Epoch 833|time: 0.07s|train_loss 0.00011712|val_loss 0.00013191
Epoch 834|time: 0.06s|train_loss 0.00011892|val_loss 0.00013735
Epoch 835|time: 0.06s|train_loss 0.00011296|val_loss 0.00014024
Epoch 836|time: 0.06s|train_loss 0.00012365|val_loss 0.00013242
Epoch 837|time: 0.06s|train_loss 0.00011297|val_loss 0.00013219
Epoch 838|time: 0.06s|train_loss 0.00011882|val_loss 0.00013409
Epoch 839|time: 0.06s|train_loss 0.00011708|val_loss 0.00013910
Epoch 840|time: 0.06s|train_loss 0.00011320|val_loss 0.00013583
Epoch 841|time: 0.06s|train_loss 0.00011769|val_loss 0.00013502
Epoch 842|time: 0.06s|train_loss 0.00011320|val_loss 0.00013538
Epoch 843|time: 0.06s|train_loss 0.00011468|val_loss 0.00014934
Epoch 844|time: 0.07s|train_loss 0.00012083|val_loss 0.00013708
Epoch 845|time: 0.06s|train_loss 0.00011514|val_loss 0.00012994
Epoch 846|time: 0.06s|train_loss 0.00011491|val_loss 0.00014688
Epoch 847|time: 0.06s|train_loss 0.00011807|val_loss 0.00013010
Epoch 848|time: 0.06s|train_loss 0.00011832|val_loss 0.00013158
Epoch 849|time: 0.07s|train_loss 0.00012130|val_loss 0.00013223
Epoch 850|time: 0.07s|train_loss 0.00011656|val_loss 0.00014609
Epoch 851|time: 0.06s|train_loss 0.00011457|val_loss 0.00013414
Epoch 852|time: 0.06s|train_loss 0.00011469|val_loss 0.00013296
Epoch 853|time: 0.06s|train_loss 0.00011316|val_loss 0.00013134
Epoch 854|time: 0.06s|train_loss 0.00013743|val_loss 0.00013259
Epoch 855|time: 0.06s|train_loss 0.00011370|val_loss 0.00014504
Epoch 856|time: 0.06s|train_loss 0.00011485|val_loss 0.00012969
Epoch 857|time: 0.06s|train_loss 0.00011761|val_loss 0.00014709
Epoch 858|time: 0.06s|train_loss 0.00011264|val_loss 0.00013647
Epoch 859|time: 0.06s|train_loss 0.00011790|val_loss 0.00013354
Epoch 860|time: 0.06s|train_loss 0.00011159|val_loss 0.00013188
Epoch 861|time: 0.06s|train_loss 0.00012176|val_loss 0.00013637
Epoch 862|time: 0.06s|train_loss 0.00011556|val_loss 0.00013371
Epoch 863|time: 0.06s|train_loss 0.00013458|val_loss 0.00013001
Epoch 864|time: 0.06s|train_loss 0.00011847|val_loss 0.00013418
Epoch 865|time: 0.06s|train_loss 0.00011739|val_loss 0.00013622
Epoch 866|time: 0.06s|train_loss 0.00011385|val_loss 0.00012968
Epoch 867|time: 0.06s|train_loss 0.00011503|val_loss 0.00013181
Epoch 868|time: 0.06s|train_loss 0.00011077|val_loss 0.00013389
Epoch 869|time: 0.06s|train_loss 0.00011177|val_loss 0.00013162
Epoch 870|time: 0.06s|train_loss 0.00011487|val_loss 0.00013065
Epoch 871|time: 0.06s|train_loss 0.00012367|val_loss 0.00013734
Epoch 872|time: 0.06s|train_loss 0.00011460|val_loss 0.00013045
Epoch 873|time: 0.06s|train_loss 0.00012127|val_loss 0.00013475
Epoch 874|time: 0.07s|train_loss 0.00011878|val_loss 0.00013430
Epoch 875|time: 0.06s|train_loss 0.00012140|val_loss 0.00013307
Epoch 876|time: 0.06s|train_loss 0.00011595|val_loss 0.00013747
Epoch 877|time: 0.06s|train_loss 0.00012050|val_loss 0.00014113
Epoch 878|time: 0.06s|train_loss 0.00011552|val_loss 0.00013900
Epoch 879|time: 0.06s|train_loss 0.00011126|val_loss 0.00013344
Epoch 880|time: 0.06s|train_loss 0.00011666|val_loss 0.00013328
Epoch 881|time: 0.06s|train_loss 0.00011536|val_loss 0.00013313
Epoch 882|time: 0.06s|train_loss 0.00011135|val_loss 0.00013253
Epoch 883|time: 0.06s|train_loss 0.00011307|val_loss 0.00013147
Epoch 884|time: 0.06s|train_loss 0.00011177|val_loss 0.00013123
Epoch 885|time: 0.06s|train_loss 0.00011662|val_loss 0.00013558
Epoch 886|time: 0.06s|train_loss 0.00011251|val_loss 0.00013519
Epoch 887|time: 0.06s|train_loss 0.00011667|val_loss 0.00012997
Epoch 888|time: 0.06s|train_loss 0.00011623|val_loss 0.00013117
Epoch 889|time: 0.06s|train_loss 0.00011688|val_loss 0.00013511
Epoch 890|time: 0.06s|train_loss 0.00011522|val_loss 0.00013145
Epoch 891|time: 0.06s|train_loss 0.00012017|val_loss 0.00013521
Epoch 892|time: 0.06s|train_loss 0.00013874|val_loss 0.00013235
Epoch 893|time: 0.07s|train_loss 0.00011785|val_loss 0.00013387
Epoch 894|time: 0.06s|train_loss 0.00011399|val_loss 0.00014029
Epoch 895|time: 0.07s|train_loss 0.00012083|val_loss 0.00013683
Epoch 896|time: 0.06s|train_loss 0.00012358|val_loss 0.00013654
Epoch 897|time: 0.06s|train_loss 0.00011092|val_loss 0.00013399
Epoch 898|time: 0.06s|train_loss 0.00011092|val_loss 0.00013060
Epoch 899|time: 0.06s|train_loss 0.00011779|val_loss 0.00013604
Epoch 900|time: 0.06s|train_loss 0.00011346|val_loss 0.00012989
Epoch 901|time: 0.06s|train_loss 0.00011411|val_loss 0.00013191
Epoch 902|time: 0.06s|train_loss 0.00010892|val_loss 0.00013416
Epoch 903|time: 0.06s|train_loss 0.00011579|val_loss 0.00013033
Epoch 904|time: 0.06s|train_loss 0.00012236|val_loss 0.00013714
Epoch 905|time: 0.06s|train_loss 0.00011335|val_loss 0.00013202
Epoch 906|time: 0.06s|train_loss 0.00011344|val_loss 0.00013235
Epoch 907|time: 0.07s|train_loss 0.00011610|val_loss 0.00013772
Epoch 908|time: 0.06s|train_loss 0.00011310|val_loss 0.00013136
Epoch 909|time: 0.06s|train_loss 0.00011724|val_loss 0.00013235
Epoch 910|time: 0.06s|train_loss 0.00011204|val_loss 0.00013194
Epoch 911|time: 0.07s|train_loss 0.00011128|val_loss 0.00013410
Epoch 912|time: 0.06s|train_loss 0.00011216|val_loss 0.00013208
Epoch 913|time: 0.06s|train_loss 0.00011141|val_loss 0.00013595
Epoch 914|time: 0.07s|train_loss 0.00011236|val_loss 0.00013063
Epoch 915|time: 0.06s|train_loss 0.00011200|val_loss 0.00013087
Epoch 916|time: 0.06s|train_loss 0.00012749|val_loss 0.00013093
Epoch 917|time: 0.06s|train_loss 0.00011619|val_loss 0.00014319
Epoch 918|time: 0.06s|train_loss 0.00011349|val_loss 0.00013215
Epoch 919|time: 0.07s|train_loss 0.00010983|val_loss 0.00014658
Epoch 920|time: 0.07s|train_loss 0.00013291|val_loss 0.00013093
Epoch 921|time: 0.07s|train_loss 0.00011274|val_loss 0.00013357
Epoch 922|time: 0.07s|train_loss 0.00011708|val_loss 0.00013184
Epoch 923|time: 0.06s|train_loss 0.00011437|val_loss 0.00013697
Epoch 924|time: 0.07s|train_loss 0.00011249|val_loss 0.00013304
Epoch 925|time: 0.07s|train_loss 0.00011811|val_loss 0.00013252
Epoch 926|time: 0.07s|train_loss 0.00011070|val_loss 0.00013161
Epoch 927|time: 0.07s|train_loss 0.00011332|val_loss 0.00013165
Epoch 928|time: 0.07s|train_loss 0.00011417|val_loss 0.00013094
Epoch 929|time: 0.07s|train_loss 0.00011896|val_loss 0.00013178
Epoch 930|time: 0.06s|train_loss 0.00011439|val_loss 0.00013302
Epoch 931|time: 0.06s|train_loss 0.00011424|val_loss 0.00013500
Epoch 932|time: 0.06s|train_loss 0.00013618|val_loss 0.00013255
Epoch 933|time: 0.06s|train_loss 0.00012157|val_loss 0.00013052
Epoch 934|time: 0.06s|train_loss 0.00011541|val_loss 0.00013506
Epoch 935|time: 0.06s|train_loss 0.00011150|val_loss 0.00013108
Epoch 936|time: 0.06s|train_loss 0.00011423|val_loss 0.00012967
Epoch 937|time: 0.06s|train_loss 0.00011309|val_loss 0.00013951
Epoch 938|time: 0.06s|train_loss 0.00011110|val_loss 0.00013498
Epoch 939|time: 0.06s|train_loss 0.00011471|val_loss 0.00013233
Epoch 940|time: 0.06s|train_loss 0.00012031|val_loss 0.00013593
Epoch 941|time: 0.06s|train_loss 0.00011850|val_loss 0.00013533
Epoch 942|time: 0.06s|train_loss 0.00011427|val_loss 0.00013052
Epoch 943|time: 0.06s|train_loss 0.00011865|val_loss 0.00014263
Epoch 944|time: 0.06s|train_loss 0.00011311|val_loss 0.00013096
Epoch 945|time: 0.06s|train_loss 0.00011138|val_loss 0.00013055
Epoch 946|time: 0.06s|train_loss 0.00011536|val_loss 0.00013192
Epoch 947|time: 0.06s|train_loss 0.00011260|val_loss 0.00013213
Epoch 948|time: 0.06s|train_loss 0.00011090|val_loss 0.00013293
Epoch 949|time: 0.06s|train_loss 0.00011281|val_loss 0.00013059
Epoch 950|time: 0.06s|train_loss 0.00011440|val_loss 0.00013645
Epoch 951|time: 0.07s|train_loss 0.00011738|val_loss 0.00013455
Epoch 952|time: 0.07s|train_loss 0.00011498|val_loss 0.00013189
Epoch 953|time: 0.06s|train_loss 0.00011874|val_loss 0.00013114
Epoch 954|time: 0.06s|train_loss 0.00014013|val_loss 0.00013359
Epoch 955|time: 0.06s|train_loss 0.00012114|val_loss 0.00015885
Epoch 956|time: 0.06s|train_loss 0.00012117|val_loss 0.00013130
Epoch 957|time: 0.06s|train_loss 0.00012351|val_loss 0.00013616
Epoch 958|time: 0.06s|train_loss 0.00011171|val_loss 0.00014092
Epoch 959|time: 0.06s|train_loss 0.00011554|val_loss 0.00014095
Epoch 960|time: 0.07s|train_loss 0.00011218|val_loss 0.00013031
Epoch 961|time: 0.06s|train_loss 0.00011480|val_loss 0.00013102
Epoch 962|time: 0.06s|train_loss 0.00010748|val_loss 0.00013189
Epoch 963|time: 0.06s|train_loss 0.00010888|val_loss 0.00013491
Epoch 964|time: 0.06s|train_loss 0.00011526|val_loss 0.00013212
Epoch 965|time: 0.06s|train_loss 0.00011111|val_loss 0.00013167
Epoch 966|time: 0.06s|train_loss 0.00011278|val_loss 0.00013435
Epoch 967|time: 0.06s|train_loss 0.00010949|val_loss 0.00013691
Epoch 968|time: 0.07s|train_loss 0.00011375|val_loss 0.00012919
Epoch 969|time: 0.07s|train_loss 0.00010976|val_loss 0.00012873
Best validation epoch: 969 Sat May 13 00:41:20 2023
TEST MAE 0.1665 std 0.0466 RMSE 0.2617 RMSEs 0.2522 PCC 0.9648 PCCs 0.9509 R2 0.9231 R2s 0.8817 Var 0.9253 Vars 0.8876 Peak 0.0942
Epoch 970|time: 0.06s|train_loss 0.00011589|val_loss 0.00013532
Epoch 971|time: 0.06s|train_loss 0.00011417|val_loss 0.00013447
Epoch 972|time: 0.06s|train_loss 0.00011801|val_loss 0.00014128
Epoch 973|time: 0.06s|train_loss 0.00011094|val_loss 0.00013873
Epoch 974|time: 0.07s|train_loss 0.00011630|val_loss 0.00013255
Epoch 975|time: 0.06s|train_loss 0.00011291|val_loss 0.00013274
Epoch 976|time: 0.06s|train_loss 0.00012371|val_loss 0.00013828
Epoch 977|time: 0.06s|train_loss 0.00011059|val_loss 0.00012832
Best validation epoch: 977 Sat May 13 00:41:21 2023
TEST MAE 0.1633 std 0.0448 RMSE 0.2546 RMSEs 0.2455 PCC 0.9653 PCCs 0.9503 R2 0.9272 R2s 0.8881 Var 0.9283 Vars 0.8917 Peak 0.0920
Epoch 978|time: 0.06s|train_loss 0.00011711|val_loss 0.00013250
Epoch 979|time: 0.06s|train_loss 0.00012293|val_loss 0.00013631
Epoch 980|time: 0.06s|train_loss 0.00011796|val_loss 0.00013188
Epoch 981|time: 0.06s|train_loss 0.00011759|val_loss 0.00013594
Epoch 982|time: 0.07s|train_loss 0.00011407|val_loss 0.00013360
Epoch 983|time: 0.06s|train_loss 0.00011339|val_loss 0.00013730
Epoch 984|time: 0.06s|train_loss 0.00011795|val_loss 0.00014046
Epoch 985|time: 0.06s|train_loss 0.00012217|val_loss 0.00013498
Epoch 986|time: 0.06s|train_loss 0.00013203|val_loss 0.00014041
Epoch 987|time: 0.06s|train_loss 0.00011262|val_loss 0.00013170
Epoch 988|time: 0.06s|train_loss 0.00011609|val_loss 0.00012995
Epoch 989|time: 0.06s|train_loss 0.00011077|val_loss 0.00013023
Epoch 990|time: 0.06s|train_loss 0.00012233|val_loss 0.00013042
Epoch 991|time: 0.06s|train_loss 0.00011794|val_loss 0.00013001
Epoch 992|time: 0.06s|train_loss 0.00011462|val_loss 0.00013889
Epoch 993|time: 0.06s|train_loss 0.00010954|val_loss 0.00013063
Epoch 994|time: 0.06s|train_loss 0.00011539|val_loss 0.00013230
Epoch 995|time: 0.06s|train_loss 0.00011261|val_loss 0.00013502
Epoch 996|time: 0.06s|train_loss 0.00011128|val_loss 0.00013251
Epoch 997|time: 0.07s|train_loss 0.00011622|val_loss 0.00013097
Epoch 998|time: 0.07s|train_loss 0.00013046|val_loss 0.00013725
Epoch 999|time: 0.06s|train_loss 0.00011125|val_loss 0.00013196
Epoch 1000|time: 0.06s|train_loss 0.00011078|val_loss 0.00012956
Epoch 1001|time: 0.06s|train_loss 0.00012253|val_loss 0.00013649
Epoch 1002|time: 0.06s|train_loss 0.00011025|val_loss 0.00013731
Epoch 1003|time: 0.07s|train_loss 0.00011087|val_loss 0.00013213
Epoch 1004|time: 0.15s|train_loss 0.00011759|val_loss 0.00013283
Epoch 1005|time: 0.07s|train_loss 0.00012773|val_loss 0.00013164
Epoch 1006|time: 0.10s|train_loss 0.00014505|val_loss 0.00013134
Epoch 1007|time: 0.10s|train_loss 0.00013450|val_loss 0.00014168
Epoch 1008|time: 0.08s|train_loss 0.00011306|val_loss 0.00013000
Epoch 1009|time: 0.10s|train_loss 0.00011798|val_loss 0.00013055
Epoch 1010|time: 0.10s|train_loss 0.00012185|val_loss 0.00012912
Epoch 1011|time: 0.10s|train_loss 0.00012699|val_loss 0.00013133
Epoch 1012|time: 0.09s|train_loss 0.00011659|val_loss 0.00012984
Epoch 1013|time: 0.08s|train_loss 0.00011309|val_loss 0.00013145
Epoch 1014|time: 0.07s|train_loss 0.00011933|val_loss 0.00013200
Epoch 1015|time: 0.08s|train_loss 0.00011370|val_loss 0.00013397
Epoch 1016|time: 0.07s|train_loss 0.00011697|val_loss 0.00013207
Epoch 1017|time: 0.07s|train_loss 0.00012171|val_loss 0.00014546
Epoch 1018|time: 0.07s|train_loss 0.00011413|val_loss 0.00013722
Epoch 1019|time: 0.14s|train_loss 0.00011601|val_loss 0.00013194
Epoch 1020|time: 0.09s|train_loss 0.00011268|val_loss 0.00013237
Epoch 1021|time: 0.07s|train_loss 0.00011441|val_loss 0.00013292
Epoch 1022|time: 0.08s|train_loss 0.00011181|val_loss 0.00013349
Epoch 1023|time: 0.08s|train_loss 0.00011077|val_loss 0.00013393
Epoch 1024|time: 0.07s|train_loss 0.00011096|val_loss 0.00012983
Epoch 1025|time: 0.06s|train_loss 0.00011377|val_loss 0.00013151
Epoch 1026|time: 0.06s|train_loss 0.00011304|val_loss 0.00013001
Epoch 1027|time: 0.06s|train_loss 0.00011775|val_loss 0.00013520
Epoch 1028|time: 0.06s|train_loss 0.00011298|val_loss 0.00013283
Epoch 1029|time: 0.06s|train_loss 0.00011039|val_loss 0.00013115
Epoch 1030|time: 0.06s|train_loss 0.00012225|val_loss 0.00013379
Epoch 1031|time: 0.06s|train_loss 0.00010989|val_loss 0.00012974
Epoch 1032|time: 0.06s|train_loss 0.00011299|val_loss 0.00013043
Epoch 1033|time: 0.06s|train_loss 0.00011760|val_loss 0.00013187
Epoch 1034|time: 0.06s|train_loss 0.00011625|val_loss 0.00014098
Epoch 1035|time: 0.06s|train_loss 0.00011142|val_loss 0.00013219
Epoch 1036|time: 0.07s|train_loss 0.00011296|val_loss 0.00013477
Epoch 1037|time: 0.06s|train_loss 0.00011063|val_loss 0.00013335
Epoch 1038|time: 0.06s|train_loss 0.00010868|val_loss 0.00013235
Epoch 1039|time: 0.06s|train_loss 0.00010946|val_loss 0.00013101
Epoch 1040|time: 0.06s|train_loss 0.00010854|val_loss 0.00013238
Epoch 1041|time: 0.07s|train_loss 0.00011326|val_loss 0.00013594
Epoch 1042|time: 0.06s|train_loss 0.00011390|val_loss 0.00013101
Epoch 1043|time: 0.06s|train_loss 0.00011304|val_loss 0.00013426
Epoch 1044|time: 0.07s|train_loss 0.00011152|val_loss 0.00013827
Epoch 1045|time: 0.06s|train_loss 0.00012179|val_loss 0.00013038
Epoch 1046|time: 0.07s|train_loss 0.00010994|val_loss 0.00013027
Epoch 1047|time: 0.06s|train_loss 0.00011762|val_loss 0.00013198
Epoch 1048|time: 0.06s|train_loss 0.00011869|val_loss 0.00013498
Epoch 1049|time: 0.06s|train_loss 0.00012988|val_loss 0.00013305
Epoch 1050|time: 0.06s|train_loss 0.00012506|val_loss 0.00013379
Epoch 1051|time: 0.07s|train_loss 0.00011695|val_loss 0.00013321
Epoch 1052|time: 0.06s|train_loss 0.00011727|val_loss 0.00013147
Epoch 1053|time: 0.07s|train_loss 0.00011671|val_loss 0.00013522
Epoch 1054|time: 0.07s|train_loss 0.00011507|val_loss 0.00013818
Epoch 1055|time: 0.06s|train_loss 0.00011303|val_loss 0.00013394
Epoch 1056|time: 0.06s|train_loss 0.00011582|val_loss 0.00013294
Epoch 1057|time: 0.06s|train_loss 0.00011201|val_loss 0.00013685
Epoch 1058|time: 0.07s|train_loss 0.00011094|val_loss 0.00013379
Epoch 1059|time: 0.07s|train_loss 0.00011880|val_loss 0.00013345
Epoch 1060|time: 0.07s|train_loss 0.00011884|val_loss 0.00015761
Epoch 1061|time: 0.06s|train_loss 0.00012295|val_loss 0.00014580
Epoch 1062|time: 0.06s|train_loss 0.00012176|val_loss 0.00013914
Epoch 1063|time: 0.07s|train_loss 0.00011434|val_loss 0.00013163
Epoch 1064|time: 0.06s|train_loss 0.00011495|val_loss 0.00013635
Epoch 1065|time: 0.06s|train_loss 0.00011671|val_loss 0.00013944
Epoch 1066|time: 0.07s|train_loss 0.00011088|val_loss 0.00013397
Epoch 1067|time: 0.07s|train_loss 0.00011880|val_loss 0.00013354
Epoch 1068|time: 0.06s|train_loss 0.00011644|val_loss 0.00013056
Epoch 1069|time: 0.06s|train_loss 0.00010832|val_loss 0.00013141
Epoch 1070|time: 0.06s|train_loss 0.00011009|val_loss 0.00013096
Epoch 1071|time: 0.07s|train_loss 0.00010880|val_loss 0.00013033
Epoch 1072|time: 0.06s|train_loss 0.00011537|val_loss 0.00013103
Epoch 1073|time: 0.06s|train_loss 0.00011647|val_loss 0.00013125
Epoch 1074|time: 0.06s|train_loss 0.00011600|val_loss 0.00013661
Epoch 1075|time: 0.06s|train_loss 0.00011784|val_loss 0.00013112
Epoch 1076|time: 0.06s|train_loss 0.00011392|val_loss 0.00013195
Epoch 1077|time: 0.06s|train_loss 0.00011329|val_loss 0.00013163
Epoch 1078|time: 0.06s|train_loss 0.00011641|val_loss 0.00015147
Epoch 1079|time: 0.06s|train_loss 0.00011859|val_loss 0.00013829
Epoch 1080|time: 0.07s|train_loss 0.00012229|val_loss 0.00013319
Epoch 1081|time: 0.07s|train_loss 0.00011526|val_loss 0.00013094
Epoch 1082|time: 0.07s|train_loss 0.00011938|val_loss 0.00013374
Epoch 1083|time: 0.06s|train_loss 0.00011042|val_loss 0.00013210
Epoch 1084|time: 0.06s|train_loss 0.00011088|val_loss 0.00013078
Epoch 1085|time: 0.06s|train_loss 0.00011953|val_loss 0.00013543
Epoch 1086|time: 0.06s|train_loss 0.00011817|val_loss 0.00013570
Epoch 1087|time: 0.06s|train_loss 0.00011387|val_loss 0.00013340
Epoch 1088|time: 0.06s|train_loss 0.00011243|val_loss 0.00013441
Epoch 1089|time: 0.07s|train_loss 0.00012069|val_loss 0.00013896
Epoch 1090|time: 0.07s|train_loss 0.00011654|val_loss 0.00013251
Epoch 1091|time: 0.06s|train_loss 0.00011659|val_loss 0.00013334
Epoch 1092|time: 0.06s|train_loss 0.00011147|val_loss 0.00013184
Epoch 1093|time: 0.07s|train_loss 0.00011327|val_loss 0.00013745
Epoch 1094|time: 0.07s|train_loss 0.00011693|val_loss 0.00013143
Epoch 1095|time: 0.07s|train_loss 0.00011155|val_loss 0.00013028
Epoch 1096|time: 0.07s|train_loss 0.00011810|val_loss 0.00013256
Epoch 1097|time: 0.06s|train_loss 0.00011322|val_loss 0.00013689
Epoch 1098|time: 0.06s|train_loss 0.00011393|val_loss 0.00013249
Epoch 1099|time: 0.06s|train_loss 0.00011528|val_loss 0.00013020
Epoch 1100|time: 0.06s|train_loss 0.00011712|val_loss 0.00013072
Epoch 1101|time: 0.06s|train_loss 0.00011158|val_loss 0.00013269
Epoch 1102|time: 0.07s|train_loss 0.00011214|val_loss 0.00013169
Epoch 1103|time: 0.07s|train_loss 0.00011350|val_loss 0.00012975
Epoch 1104|time: 0.07s|train_loss 0.00011340|val_loss 0.00012999
Epoch 1105|time: 0.07s|train_loss 0.00011408|val_loss 0.00013234
Epoch 1106|time: 0.06s|train_loss 0.00011398|val_loss 0.00013066
Epoch 1107|time: 0.06s|train_loss 0.00011171|val_loss 0.00013288
Epoch 1108|time: 0.06s|train_loss 0.00010989|val_loss 0.00013294
Epoch 1109|time: 0.06s|train_loss 0.00011344|val_loss 0.00013052
Epoch 1110|time: 0.06s|train_loss 0.00011304|val_loss 0.00012947
Epoch 1111|time: 0.06s|train_loss 0.00011296|val_loss 0.00012990
Epoch 1112|time: 0.07s|train_loss 0.00011250|val_loss 0.00013206
Epoch 1113|time: 0.06s|train_loss 0.00010888|val_loss 0.00013185
Epoch 1114|time: 0.07s|train_loss 0.00011271|val_loss 0.00013107
Epoch 1115|time: 0.06s|train_loss 0.00012529|val_loss 0.00013202
Epoch 1116|time: 0.06s|train_loss 0.00011150|val_loss 0.00013105
Epoch 1117|time: 0.06s|train_loss 0.00011321|val_loss 0.00013011
Epoch 1118|time: 0.06s|train_loss 0.00010925|val_loss 0.00013237
Epoch 1119|time: 0.06s|train_loss 0.00011200|val_loss 0.00012986
Epoch 1120|time: 0.06s|train_loss 0.00011267|val_loss 0.00013696
Epoch 1121|time: 0.06s|train_loss 0.00011574|val_loss 0.00013878
Epoch 1122|time: 0.06s|train_loss 0.00013436|val_loss 0.00013166
Epoch 1123|time: 0.06s|train_loss 0.00011146|val_loss 0.00013248
Epoch 1124|time: 0.06s|train_loss 0.00010760|val_loss 0.00013010
Epoch 1125|time: 0.06s|train_loss 0.00011532|val_loss 0.00013712
Epoch 1126|time: 0.07s|train_loss 0.00011175|val_loss 0.00013211
Epoch 1127|time: 0.07s|train_loss 0.00011126|val_loss 0.00013114
Epoch 1128|time: 0.07s|train_loss 0.00013461|val_loss 0.00013184
Epoch 1129|time: 0.06s|train_loss 0.00011095|val_loss 0.00013458
Epoch 1130|time: 0.06s|train_loss 0.00011154|val_loss 0.00013593
Epoch 1131|time: 0.06s|train_loss 0.00011397|val_loss 0.00013069
Epoch 1132|time: 0.06s|train_loss 0.00011260|val_loss 0.00013155
Epoch 1133|time: 0.06s|train_loss 0.00011078|val_loss 0.00013132
Epoch 1134|time: 0.06s|train_loss 0.00011579|val_loss 0.00012956
Epoch 1135|time: 0.06s|train_loss 0.00011186|val_loss 0.00013357
Epoch 1136|time: 0.07s|train_loss 0.00010975|val_loss 0.00014449
Epoch 1137|time: 0.06s|train_loss 0.00011132|val_loss 0.00013114
Epoch 1138|time: 0.06s|train_loss 0.00011881|val_loss 0.00013204
Epoch 1139|time: 0.06s|train_loss 0.00011436|val_loss 0.00013083
Epoch 1140|time: 0.06s|train_loss 0.00011247|val_loss 0.00013268
Epoch 1141|time: 0.06s|train_loss 0.00011745|val_loss 0.00013240
Epoch 1142|time: 0.06s|train_loss 0.00011278|val_loss 0.00013265
Epoch 1143|time: 0.06s|train_loss 0.00010670|val_loss 0.00013493
Epoch 1144|time: 0.06s|train_loss 0.00011274|val_loss 0.00012980
Epoch 1145|time: 0.07s|train_loss 0.00011314|val_loss 0.00013122
Epoch 1146|time: 0.07s|train_loss 0.00010993|val_loss 0.00013235
Epoch 1147|time: 0.07s|train_loss 0.00011063|val_loss 0.00012948
Epoch 1148|time: 0.07s|train_loss 0.00011348|val_loss 0.00013259
Epoch 1149|time: 0.07s|train_loss 0.00011516|val_loss 0.00013053
Epoch 1150|time: 0.07s|train_loss 0.00011767|val_loss 0.00012969
Epoch 1151|time: 0.06s|train_loss 0.00011575|val_loss 0.00013320
Epoch 1152|time: 0.07s|train_loss 0.00011188|val_loss 0.00013615
Epoch 1153|time: 0.07s|train_loss 0.00010998|val_loss 0.00013180
Epoch 1154|time: 0.07s|train_loss 0.00011091|val_loss 0.00012981
Epoch 1155|time: 0.07s|train_loss 0.00011698|val_loss 0.00013483
Epoch 1156|time: 0.07s|train_loss 0.00011098|val_loss 0.00012877
Epoch 1157|time: 0.07s|train_loss 0.00011174|val_loss 0.00012834
Epoch 1158|time: 0.07s|train_loss 0.00010774|val_loss 0.00013174
Epoch 1159|time: 0.07s|train_loss 0.00012365|val_loss 0.00014477
Epoch 1160|time: 0.07s|train_loss 0.00012812|val_loss 0.00013520
Epoch 1161|time: 0.07s|train_loss 0.00011487|val_loss 0.00013360
Epoch 1162|time: 0.07s|train_loss 0.00013927|val_loss 0.00013206
Epoch 1163|time: 0.07s|train_loss 0.00011350|val_loss 0.00013893
Epoch 1164|time: 0.07s|train_loss 0.00011538|val_loss 0.00013351
Epoch 1165|time: 0.07s|train_loss 0.00011054|val_loss 0.00012869
Epoch 1166|time: 0.07s|train_loss 0.00011088|val_loss 0.00012969
Epoch 1167|time: 0.07s|train_loss 0.00011138|val_loss 0.00013263
Epoch 1168|time: 0.07s|train_loss 0.00011521|val_loss 0.00013165
Epoch 1169|time: 0.07s|train_loss 0.00011226|val_loss 0.00013130
Epoch 1170|time: 0.07s|train_loss 0.00011353|val_loss 0.00013977
Epoch 1171|time: 0.07s|train_loss 0.00011087|val_loss 0.00013117
Epoch 1172|time: 0.07s|train_loss 0.00011711|val_loss 0.00013110
Epoch 1173|time: 0.07s|train_loss 0.00011536|val_loss 0.00013200
Epoch 1174|time: 0.07s|train_loss 0.00011669|val_loss 0.00013147
Epoch 1175|time: 0.07s|train_loss 0.00010949|val_loss 0.00013110
Epoch 1176|time: 0.07s|train_loss 0.00011008|val_loss 0.00013131
Epoch 1177|time: 0.07s|train_loss 0.00010674|val_loss 0.00013163
Final evaluation
TEST MAE 0.1633 | std 0.0448 | RMSE 0.2546 | RMSEs 0.2455 | PCC 0.9653 | PCCs 0.9503 | R2 0.9272 | R2s 0.8881 | Var 0.9283 | Vars 0.8917 | Peak 0.0920
