--------Parameters--------
Namespace(batch=32, bi=False, check_point=1, cuda=False, dataset='us_hhs', dropout=0.2, epilambda=0.2, epochs=1500, gpu=3, hidsp=15, horizon=2, k=10, lamda=0.01, lr=0.001, model='cola_gnn', mylog=True, n_hidden=30, n_layer=1, patience=200, rnn_model='RNN', save_dir='save', seed=42, shuffle=False, sim_mat='us_hhs-adj', test=0.2, train=0.6, val=0.2, weight_decay=0.0005, window=20)
--------------------------
data shape (364, 10)
364 10
(364, 10)
size of train/val/test sets 197 73 73
#params: 3623
begin training
Epoch   1|time: 0.10s|train_loss 0.00169509|val_loss 0.00099759
Best validation epoch: 1 Sat May 13 00:51:07 2023
TEST MAE 0.9724 std 0.2245 RMSE 1.2199 RMSEs 1.1848 PCC -0.1129 PCCs -0.7942 R2 -0.6717 R2s -1.5974 Var -0.6115 Vars -1.0703 Peak 0.3733
Epoch   2|time: 0.09s|train_loss 0.00093354|val_loss 0.00096484
Best validation epoch: 2 Sat May 13 00:51:07 2023
TEST MAE 1.0359 std 0.2423 RMSE 1.2051 RMSEs 1.1729 PCC 0.3443 PCCs -0.3272 R2 -0.6314 R2s -1.8205 Var -0.0153 Vars -0.2152 Peak 0.2530
Epoch   3|time: 0.09s|train_loss 0.00069218|val_loss 0.00056545
Best validation epoch: 3 Sat May 13 00:51:07 2023
TEST MAE 0.7530 std 0.3195 RMSE 1.0781 RMSEs 1.0121 PCC 0.5701 PCCs 0.3449 R2 -0.3055 R2s -0.7679 Var 0.2729 Vars 0.1155 Peak 0.5211
Epoch   4|time: 0.09s|train_loss 0.00047055|val_loss 0.00040401
Best validation epoch: 4 Sat May 13 00:51:08 2023
TEST MAE 0.4765 std 0.1238 RMSE 0.6167 RMSEs 0.6003 PCC 0.7868 PCCs 0.6722 R2 0.5728 R2s 0.3393 Var 0.6177 Vars 0.4421 Peak 0.1976
Epoch   5|time: 0.09s|train_loss 0.00039527|val_loss 0.00032697
Best validation epoch: 5 Sat May 13 00:51:08 2023
TEST MAE 0.3331 std 0.0871 RMSE 0.5161 RMSEs 0.5012 PCC 0.8470 PCCs 0.7631 R2 0.7008 R2s 0.5412 Var 0.7120 Vars 0.5719 Peak 0.2162
Epoch   6|time: 0.09s|train_loss 0.00034483|val_loss 0.00032122
Best validation epoch: 6 Sat May 13 00:51:08 2023
TEST MAE 0.3116 std 0.0939 RMSE 0.4891 RMSEs 0.4701 PCC 0.8689 PCCs 0.8078 R2 0.7313 R2s 0.6024 Var 0.7489 Vars 0.6447 Peak 0.2036
Epoch   7|time: 0.09s|train_loss 0.00035061|val_loss 0.00029300
Best validation epoch: 7 Sat May 13 00:51:08 2023
TEST MAE 0.2842 std 0.0721 RMSE 0.4420 RMSEs 0.4279 PCC 0.8872 PCCs 0.8330 R2 0.7806 R2s 0.6645 Var 0.7848 Vars 0.6876 Peak 0.1748
Epoch   8|time: 0.09s|train_loss 0.00030164|val_loss 0.00030003
Epoch   9|time: 0.09s|train_loss 0.00031774|val_loss 0.00027989
Best validation epoch: 9 Sat May 13 00:51:08 2023
TEST MAE 0.3174 std 0.0834 RMSE 0.4399 RMSEs 0.4294 PCC 0.8920 PCCs 0.8400 R2 0.7826 R2s 0.6585 Var 0.7956 Vars 0.6992 Peak 0.1542
Epoch  10|time: 0.09s|train_loss 0.00029159|val_loss 0.00028159
Epoch  11|time: 0.09s|train_loss 0.00027381|val_loss 0.00026085
Best validation epoch: 11 Sat May 13 00:51:08 2023
TEST MAE 0.2778 std 0.0657 RMSE 0.4101 RMSEs 0.3990 PCC 0.9031 PCCs 0.8596 R2 0.8111 R2s 0.7058 Var 0.8111 Vars 0.7209 Peak 0.1519
Epoch  12|time: 0.09s|train_loss 0.00027212|val_loss 0.00026172
Epoch  13|time: 0.09s|train_loss 0.00027056|val_loss 0.00025448
Best validation epoch: 13 Sat May 13 00:51:08 2023
TEST MAE 0.2607 std 0.0594 RMSE 0.3908 RMSEs 0.3790 PCC 0.9129 PCCs 0.8710 R2 0.8284 R2s 0.7349 Var 0.8333 Vars 0.7532 Peak 0.1450
Epoch  14|time: 0.09s|train_loss 0.00025891|val_loss 0.00022639
Best validation epoch: 14 Sat May 13 00:51:09 2023
TEST MAE 0.2740 std 0.0667 RMSE 0.3917 RMSEs 0.3820 PCC 0.9130 PCCs 0.8709 R2 0.8277 R2s 0.7291 Var 0.8326 Vars 0.7533 Peak 0.1408
Epoch  15|time: 0.09s|train_loss 0.00025829|val_loss 0.00024585
Epoch  16|time: 0.09s|train_loss 0.00025756|val_loss 0.00024802
Epoch  17|time: 0.09s|train_loss 0.00025826|val_loss 0.00022222
Best validation epoch: 17 Sat May 13 00:51:09 2023
TEST MAE 0.2608 std 0.0617 RMSE 0.3820 RMSEs 0.3717 PCC 0.9144 PCCs 0.8737 R2 0.8361 R2s 0.7451 Var 0.8362 Vars 0.7572 Peak 0.1383
Epoch  18|time: 0.09s|train_loss 0.00025900|val_loss 0.00020881
Best validation epoch: 18 Sat May 13 00:51:09 2023
TEST MAE 0.2743 std 0.0707 RMSE 0.3864 RMSEs 0.3760 PCC 0.9173 PCCs 0.8791 R2 0.8323 R2s 0.7387 Var 0.8394 Vars 0.7662 Peak 0.1372
Epoch  19|time: 0.09s|train_loss 0.00024564|val_loss 0.00023820
Epoch  20|time: 0.09s|train_loss 0.00022782|val_loss 0.00028096
Epoch  21|time: 0.09s|train_loss 0.00024419|val_loss 0.00022744
Epoch  22|time: 0.09s|train_loss 0.00023842|val_loss 0.00023729
Epoch  23|time: 0.09s|train_loss 0.00023181|val_loss 0.00019835
Best validation epoch: 23 Sat May 13 00:51:09 2023
TEST MAE 0.2616 std 0.0643 RMSE 0.3731 RMSEs 0.3626 PCC 0.9222 PCCs 0.8883 R2 0.8436 R2s 0.7563 Var 0.8499 Vars 0.7835 Peak 0.1331
Epoch  24|time: 0.09s|train_loss 0.00023361|val_loss 0.00023080
Epoch  25|time: 0.09s|train_loss 0.00021758|val_loss 0.00025198
Epoch  26|time: 0.09s|train_loss 0.00023472|val_loss 0.00019976
Epoch  27|time: 0.09s|train_loss 0.00022239|val_loss 0.00020091
Epoch  28|time: 0.09s|train_loss 0.00021751|val_loss 0.00021501
Epoch  29|time: 0.09s|train_loss 0.00022124|val_loss 0.00022523
Epoch  30|time: 0.09s|train_loss 0.00021845|val_loss 0.00019877
Epoch  31|time: 0.09s|train_loss 0.00020381|val_loss 0.00019685
Best validation epoch: 31 Sat May 13 00:51:10 2023
TEST MAE 0.2433 std 0.0632 RMSE 0.3591 RMSEs 0.3474 PCC 0.9253 PCCs 0.8908 R2 0.8552 R2s 0.7790 Var 0.8559 Vars 0.7887 Peak 0.1326
Epoch  32|time: 0.09s|train_loss 0.00020925|val_loss 0.00020838
Epoch  33|time: 0.09s|train_loss 0.00021649|val_loss 0.00020389
Epoch  34|time: 0.09s|train_loss 0.00020297|val_loss 0.00019334
Best validation epoch: 34 Sat May 13 00:51:10 2023
TEST MAE 0.2453 std 0.0638 RMSE 0.3614 RMSEs 0.3484 PCC 0.9247 PCCs 0.8917 R2 0.8533 R2s 0.7793 Var 0.8535 Vars 0.7860 Peak 0.1344
Epoch  35|time: 0.09s|train_loss 0.00020499|val_loss 0.00022609
Epoch  36|time: 0.09s|train_loss 0.00019859|val_loss 0.00020745
Epoch  37|time: 0.09s|train_loss 0.00020272|val_loss 0.00019083
Best validation epoch: 37 Sat May 13 00:51:11 2023
TEST MAE 0.2471 std 0.0636 RMSE 0.3583 RMSEs 0.3467 PCC 0.9272 PCCs 0.8938 R2 0.8558 R2s 0.7798 Var 0.8585 Vars 0.7927 Peak 0.1313
Epoch  38|time: 0.09s|train_loss 0.00021049|val_loss 0.00019671
Epoch  39|time: 0.09s|train_loss 0.00020056|val_loss 0.00022727
Epoch  40|time: 0.09s|train_loss 0.00020164|val_loss 0.00023846
Epoch  41|time: 0.09s|train_loss 0.00020770|val_loss 0.00019600
Epoch  42|time: 0.09s|train_loss 0.00020427|val_loss 0.00019620
Epoch  43|time: 0.09s|train_loss 0.00023003|val_loss 0.00020552
Epoch  44|time: 0.09s|train_loss 0.00018665|val_loss 0.00020942
Epoch  45|time: 0.09s|train_loss 0.00019163|val_loss 0.00018908
Best validation epoch: 45 Sat May 13 00:51:12 2023
TEST MAE 0.2475 std 0.0644 RMSE 0.3559 RMSEs 0.3440 PCC 0.9300 PCCs 0.8988 R2 0.8577 R2s 0.7836 Var 0.8641 Vars 0.8029 Peak 0.1310
Epoch  46|time: 0.09s|train_loss 0.00022430|val_loss 0.00018782
Best validation epoch: 46 Sat May 13 00:51:12 2023
TEST MAE 0.2457 std 0.0649 RMSE 0.3570 RMSEs 0.3446 PCC 0.9300 PCCs 0.8985 R2 0.8568 R2s 0.7834 Var 0.8624 Vars 0.8002 Peak 0.1333
Epoch  47|time: 0.09s|train_loss 0.00019268|val_loss 0.00019619
Epoch  48|time: 0.09s|train_loss 0.00018988|val_loss 0.00023128
Epoch  49|time: 0.09s|train_loss 0.00019464|val_loss 0.00023757
Epoch  50|time: 0.09s|train_loss 0.00018674|val_loss 0.00021977
Epoch  51|time: 0.09s|train_loss 0.00020396|val_loss 0.00018756
Best validation epoch: 51 Sat May 13 00:51:12 2023
TEST MAE 0.2515 std 0.0686 RMSE 0.3580 RMSEs 0.3456 PCC 0.9305 PCCs 0.8989 R2 0.8560 R2s 0.7821 Var 0.8644 Vars 0.8032 Peak 0.1318
Epoch  52|time: 0.09s|train_loss 0.00019805|val_loss 0.00020455
Epoch  53|time: 0.09s|train_loss 0.00022541|val_loss 0.00019663
Epoch  54|time: 0.09s|train_loss 0.00021730|val_loss 0.00022287
Epoch  55|time: 0.09s|train_loss 0.00018892|val_loss 0.00020986
Epoch  56|time: 0.09s|train_loss 0.00018486|val_loss 0.00018725
Best validation epoch: 56 Sat May 13 00:51:13 2023
TEST MAE 0.2211 std 0.0606 RMSE 0.3419 RMSEs 0.3284 PCC 0.9321 PCCs 0.9017 R2 0.8687 R2s 0.8045 Var 0.8689 Vars 0.8086 Peak 0.1312
Epoch  57|time: 0.09s|train_loss 0.00018283|val_loss 0.00019311
Epoch  58|time: 0.09s|train_loss 0.00018274|val_loss 0.00018434
Best validation epoch: 58 Sat May 13 00:51:13 2023
TEST MAE 0.2211 std 0.0629 RMSE 0.3433 RMSEs 0.3290 PCC 0.9320 PCCs 0.9024 R2 0.8676 R2s 0.8046 Var 0.8686 Vars 0.8094 Peak 0.1330
Epoch  59|time: 0.09s|train_loss 0.00018958|val_loss 0.00024267
Epoch  60|time: 0.09s|train_loss 0.00020344|val_loss 0.00019381
Epoch  61|time: 0.09s|train_loss 0.00020473|val_loss 0.00020551
Epoch  62|time: 0.09s|train_loss 0.00019928|val_loss 0.00018375
Best validation epoch: 62 Sat May 13 00:51:13 2023
TEST MAE 0.2457 std 0.0628 RMSE 0.3556 RMSEs 0.3433 PCC 0.9327 PCCs 0.9056 R2 0.8580 R2s 0.7829 Var 0.8680 Vars 0.8124 Peak 0.1316
Epoch  63|time: 0.09s|train_loss 0.00019972|val_loss 0.00021923
Epoch  64|time: 0.09s|train_loss 0.00020043|val_loss 0.00020829
Epoch  65|time: 0.09s|train_loss 0.00018295|val_loss 0.00018805
Epoch  66|time: 0.09s|train_loss 0.00017624|val_loss 0.00020688
Epoch  67|time: 0.09s|train_loss 0.00017102|val_loss 0.00020232
Epoch  68|time: 0.09s|train_loss 0.00018082|val_loss 0.00018281
Best validation epoch: 68 Sat May 13 00:51:14 2023
TEST MAE 0.2248 std 0.0606 RMSE 0.3400 RMSEs 0.3273 PCC 0.9336 PCCs 0.9029 R2 0.8701 R2s 0.8049 Var 0.8710 Vars 0.8108 Peak 0.1290
Epoch  69|time: 0.09s|train_loss 0.00017819|val_loss 0.00018689
Epoch  70|time: 0.09s|train_loss 0.00018181|val_loss 0.00017790
Best validation epoch: 70 Sat May 13 00:51:14 2023
TEST MAE 0.2278 std 0.0607 RMSE 0.3419 RMSEs 0.3291 PCC 0.9327 PCCs 0.9016 R2 0.8687 R2s 0.8029 Var 0.8696 Vars 0.8090 Peak 0.1298
Epoch  71|time: 0.09s|train_loss 0.00017764|val_loss 0.00018663
Epoch  72|time: 0.09s|train_loss 0.00018434|val_loss 0.00018034
Epoch  73|time: 0.09s|train_loss 0.00017366|val_loss 0.00019920
Epoch  74|time: 0.09s|train_loss 0.00020013|val_loss 0.00018335
Epoch  75|time: 0.09s|train_loss 0.00017819|val_loss 0.00019988
Epoch  76|time: 0.09s|train_loss 0.00017233|val_loss 0.00017974
Epoch  77|time: 0.09s|train_loss 0.00016932|val_loss 0.00019675
Epoch  78|time: 0.09s|train_loss 0.00019278|val_loss 0.00018403
Epoch  79|time: 0.09s|train_loss 0.00016803|val_loss 0.00018208
Epoch  80|time: 0.09s|train_loss 0.00016984|val_loss 0.00018031
Epoch  81|time: 0.09s|train_loss 0.00018339|val_loss 0.00019744
Epoch  82|time: 0.09s|train_loss 0.00017632|val_loss 0.00023566
Epoch  83|time: 0.09s|train_loss 0.00017357|val_loss 0.00019076
Epoch  84|time: 0.09s|train_loss 0.00017361|val_loss 0.00017561
Best validation epoch: 84 Sat May 13 00:51:15 2023
TEST MAE 0.2210 std 0.0623 RMSE 0.3392 RMSEs 0.3249 PCC 0.9339 PCCs 0.9072 R2 0.8708 R2s 0.8091 Var 0.8711 Vars 0.8150 Peak 0.1304
Epoch  85|time: 0.09s|train_loss 0.00017142|val_loss 0.00017800
Epoch  86|time: 0.09s|train_loss 0.00017150|val_loss 0.00020497
Epoch  87|time: 0.09s|train_loss 0.00016837|val_loss 0.00018426
Epoch  88|time: 0.09s|train_loss 0.00017115|val_loss 0.00018197
Epoch  89|time: 0.09s|train_loss 0.00016574|val_loss 0.00018006
Epoch  90|time: 0.09s|train_loss 0.00017807|val_loss 0.00017859
Epoch  91|time: 0.09s|train_loss 0.00017987|val_loss 0.00017559
Best validation epoch: 91 Sat May 13 00:51:16 2023
TEST MAE 0.2241 std 0.0616 RMSE 0.3403 RMSEs 0.3266 PCC 0.9346 PCCs 0.9058 R2 0.8699 R2s 0.8063 Var 0.8718 Vars 0.8140 Peak 0.1294
Epoch  92|time: 0.09s|train_loss 0.00016992|val_loss 0.00019184
Epoch  93|time: 0.09s|train_loss 0.00016311|val_loss 0.00019854
Epoch  94|time: 0.09s|train_loss 0.00019769|val_loss 0.00018593
Epoch  95|time: 0.09s|train_loss 0.00017329|val_loss 0.00018366
Epoch  96|time: 0.09s|train_loss 0.00018420|val_loss 0.00019948
Epoch  97|time: 0.09s|train_loss 0.00016767|val_loss 0.00021498
Epoch  98|time: 0.09s|train_loss 0.00016097|val_loss 0.00018459
Epoch  99|time: 0.09s|train_loss 0.00017295|val_loss 0.00017849
Epoch 100|time: 0.09s|train_loss 0.00016347|val_loss 0.00017853
Epoch 101|time: 0.09s|train_loss 0.00017531|val_loss 0.00018450
Epoch 102|time: 0.09s|train_loss 0.00016400|val_loss 0.00017488
Best validation epoch: 102 Sat May 13 00:51:17 2023
TEST MAE 0.2163 std 0.0630 RMSE 0.3345 RMSEs 0.3199 PCC 0.9354 PCCs 0.9092 R2 0.8743 R2s 0.8153 Var 0.8744 Vars 0.8195 Peak 0.1278
Epoch 103|time: 0.09s|train_loss 0.00018945|val_loss 0.00018040
Epoch 104|time: 0.09s|train_loss 0.00017837|val_loss 0.00018286
Epoch 105|time: 0.09s|train_loss 0.00016622|val_loss 0.00019201
Epoch 106|time: 0.09s|train_loss 0.00017051|val_loss 0.00017955
Epoch 107|time: 0.09s|train_loss 0.00018091|val_loss 0.00017375
Best validation epoch: 107 Sat May 13 00:51:17 2023
TEST MAE 0.2321 std 0.0647 RMSE 0.3486 RMSEs 0.3349 PCC 0.9348 PCCs 0.9068 R2 0.8635 R2s 0.7958 Var 0.8690 Vars 0.8103 Peak 0.1302
Epoch 108|time: 0.09s|train_loss 0.00017247|val_loss 0.00019719
Epoch 109|time: 0.09s|train_loss 0.00016784|val_loss 0.00021277
Epoch 110|time: 0.09s|train_loss 0.00019242|val_loss 0.00017646
Epoch 111|time: 0.09s|train_loss 0.00016189|val_loss 0.00019298
Epoch 112|time: 0.09s|train_loss 0.00017796|val_loss 0.00017726
Epoch 113|time: 0.09s|train_loss 0.00020783|val_loss 0.00018487
Epoch 114|time: 0.09s|train_loss 0.00018477|val_loss 0.00022121
Epoch 115|time: 0.09s|train_loss 0.00017737|val_loss 0.00020471
Epoch 116|time: 0.09s|train_loss 0.00018563|val_loss 0.00017466
Epoch 117|time: 0.09s|train_loss 0.00017389|val_loss 0.00017310
Best validation epoch: 117 Sat May 13 00:51:18 2023
TEST MAE 0.2264 std 0.0657 RMSE 0.3463 RMSEs 0.3319 PCC 0.9351 PCCs 0.9074 R2 0.8653 R2s 0.8004 Var 0.8683 Vars 0.8090 Peak 0.1306
Epoch 118|time: 0.09s|train_loss 0.00016773|val_loss 0.00017578
Epoch 119|time: 0.09s|train_loss 0.00017165|val_loss 0.00018956
Epoch 120|time: 0.09s|train_loss 0.00016186|val_loss 0.00019544
Epoch 121|time: 0.09s|train_loss 0.00019198|val_loss 0.00017875
Epoch 122|time: 0.09s|train_loss 0.00017689|val_loss 0.00017501
Epoch 123|time: 0.09s|train_loss 0.00017334|val_loss 0.00017305
Best validation epoch: 123 Sat May 13 00:51:19 2023
TEST MAE 0.2200 std 0.0637 RMSE 0.3399 RMSEs 0.3254 PCC 0.9354 PCCs 0.9108 R2 0.8702 R2s 0.8082 Var 0.8714 Vars 0.8156 Peak 0.1275
Epoch 124|time: 0.09s|train_loss 0.00018755|val_loss 0.00019105
Epoch 125|time: 0.09s|train_loss 0.00015993|val_loss 0.00019417
Epoch 126|time: 0.09s|train_loss 0.00016521|val_loss 0.00018725
Epoch 127|time: 0.09s|train_loss 0.00016777|val_loss 0.00017503
Epoch 128|time: 0.09s|train_loss 0.00017192|val_loss 0.00017521
Epoch 129|time: 0.09s|train_loss 0.00017027|val_loss 0.00017776
Epoch 130|time: 0.09s|train_loss 0.00017477|val_loss 0.00018030
Epoch 131|time: 0.09s|train_loss 0.00016090|val_loss 0.00018237
Epoch 132|time: 0.09s|train_loss 0.00014962|val_loss 0.00018232
Epoch 133|time: 0.09s|train_loss 0.00015796|val_loss 0.00017802
Epoch 134|time: 0.09s|train_loss 0.00015634|val_loss 0.00019126
Epoch 135|time: 0.09s|train_loss 0.00016122|val_loss 0.00019326
Epoch 136|time: 0.09s|train_loss 0.00016213|val_loss 0.00018377
Epoch 137|time: 0.09s|train_loss 0.00016070|val_loss 0.00017918
Epoch 138|time: 0.09s|train_loss 0.00015958|val_loss 0.00019034
Epoch 139|time: 0.09s|train_loss 0.00021008|val_loss 0.00017275
Best validation epoch: 139 Sat May 13 00:51:20 2023
TEST MAE 0.2233 std 0.0646 RMSE 0.3485 RMSEs 0.3332 PCC 0.9343 PCCs 0.9104 R2 0.8636 R2s 0.7985 Var 0.8659 Vars 0.8077 Peak 0.1306
Epoch 140|time: 0.09s|train_loss 0.00020429|val_loss 0.00019572
Epoch 141|time: 0.09s|train_loss 0.00017324|val_loss 0.00019672
Epoch 142|time: 0.09s|train_loss 0.00016595|val_loss 0.00018669
Epoch 143|time: 0.09s|train_loss 0.00017245|val_loss 0.00017399
Epoch 144|time: 0.09s|train_loss 0.00016304|val_loss 0.00017890
Epoch 145|time: 0.09s|train_loss 0.00015744|val_loss 0.00017622
Epoch 146|time: 0.09s|train_loss 0.00015695|val_loss 0.00017562
Epoch 147|time: 0.09s|train_loss 0.00016072|val_loss 0.00019150
Epoch 148|time: 0.09s|train_loss 0.00016147|val_loss 0.00017551
Epoch 149|time: 0.09s|train_loss 0.00018732|val_loss 0.00017231
Best validation epoch: 149 Sat May 13 00:51:21 2023
TEST MAE 0.2248 std 0.0657 RMSE 0.3478 RMSEs 0.3326 PCC 0.9346 PCCs 0.9084 R2 0.8641 R2s 0.7997 Var 0.8668 Vars 0.8077 Peak 0.1304
Epoch 150|time: 0.09s|train_loss 0.00016281|val_loss 0.00017463
Epoch 151|time: 0.09s|train_loss 0.00017051|val_loss 0.00020416
Epoch 152|time: 0.09s|train_loss 0.00016157|val_loss 0.00018641
Epoch 153|time: 0.09s|train_loss 0.00015782|val_loss 0.00017214
Best validation epoch: 153 Sat May 13 00:51:22 2023
TEST MAE 0.2161 std 0.0645 RMSE 0.3380 RMSEs 0.3229 PCC 0.9352 PCCs 0.9098 R2 0.8717 R2s 0.8119 Var 0.8720 Vars 0.8157 Peak 0.1289
Epoch 154|time: 0.09s|train_loss 0.00016182|val_loss 0.00017722
Epoch 155|time: 0.09s|train_loss 0.00015877|val_loss 0.00017587
Epoch 156|time: 0.09s|train_loss 0.00015290|val_loss 0.00017238
Epoch 157|time: 0.09s|train_loss 0.00017206|val_loss 0.00018630
Epoch 158|time: 0.09s|train_loss 0.00015303|val_loss 0.00019582
Epoch 159|time: 0.09s|train_loss 0.00015636|val_loss 0.00017830
Epoch 160|time: 0.09s|train_loss 0.00016420|val_loss 0.00018038
Epoch 161|time: 0.09s|train_loss 0.00016182|val_loss 0.00017612
Epoch 162|time: 0.09s|train_loss 0.00017988|val_loss 0.00017935
Epoch 163|time: 0.09s|train_loss 0.00016143|val_loss 0.00021920
Epoch 164|time: 0.09s|train_loss 0.00017831|val_loss 0.00019183
Epoch 165|time: 0.09s|train_loss 0.00016312|val_loss 0.00017760
Epoch 166|time: 0.09s|train_loss 0.00016578|val_loss 0.00017751
Epoch 167|time: 0.09s|train_loss 0.00017716|val_loss 0.00017881
Epoch 168|time: 0.09s|train_loss 0.00018055|val_loss 0.00017436
Epoch 169|time: 0.09s|train_loss 0.00016377|val_loss 0.00018784
Epoch 170|time: 0.09s|train_loss 0.00015276|val_loss 0.00019016
Epoch 171|time: 0.09s|train_loss 0.00016281|val_loss 0.00018336
Epoch 172|time: 0.09s|train_loss 0.00015138|val_loss 0.00018093
Epoch 173|time: 0.09s|train_loss 0.00017077|val_loss 0.00017309
Epoch 174|time: 0.09s|train_loss 0.00016123|val_loss 0.00020575
Epoch 175|time: 0.09s|train_loss 0.00017351|val_loss 0.00021173
Epoch 176|time: 0.09s|train_loss 0.00016543|val_loss 0.00018382
Epoch 177|time: 0.09s|train_loss 0.00016115|val_loss 0.00017538
Epoch 178|time: 0.09s|train_loss 0.00015904|val_loss 0.00017804
Epoch 179|time: 0.09s|train_loss 0.00016352|val_loss 0.00018418
Epoch 180|time: 0.09s|train_loss 0.00015855|val_loss 0.00020033
Epoch 181|time: 0.09s|train_loss 0.00016876|val_loss 0.00019298
Epoch 182|time: 0.09s|train_loss 0.00017513|val_loss 0.00017600
Epoch 183|time: 0.09s|train_loss 0.00016742|val_loss 0.00018576
Epoch 184|time: 0.18s|train_loss 0.00015808|val_loss 0.00018160
Epoch 185|time: 0.09s|train_loss 0.00015257|val_loss 0.00017969
Epoch 186|time: 0.09s|train_loss 0.00016976|val_loss 0.00018144
Epoch 187|time: 0.09s|train_loss 0.00016177|val_loss 0.00023187
Epoch 188|time: 0.09s|train_loss 0.00018033|val_loss 0.00019223
Epoch 189|time: 0.09s|train_loss 0.00015981|val_loss 0.00017163
Best validation epoch: 189 Sat May 13 00:51:25 2023
TEST MAE 0.2172 std 0.0671 RMSE 0.3409 RMSEs 0.3249 PCC 0.9344 PCCs 0.9088 R2 0.8695 R2s 0.8103 Var 0.8701 Vars 0.8144 Peak 0.1311
Epoch 190|time: 0.09s|train_loss 0.00016231|val_loss 0.00019502
Epoch 191|time: 0.09s|train_loss 0.00018511|val_loss 0.00017417
Epoch 192|time: 0.09s|train_loss 0.00016278|val_loss 0.00017850
Epoch 193|time: 0.09s|train_loss 0.00015407|val_loss 0.00017619
Epoch 194|time: 0.09s|train_loss 0.00015763|val_loss 0.00017658
Epoch 195|time: 0.09s|train_loss 0.00016840|val_loss 0.00017186
Epoch 196|time: 0.09s|train_loss 0.00016078|val_loss 0.00017974
Epoch 197|time: 0.09s|train_loss 0.00016075|val_loss 0.00019597
Epoch 198|time: 0.09s|train_loss 0.00015314|val_loss 0.00017526
Epoch 199|time: 0.09s|train_loss 0.00015311|val_loss 0.00017334
Epoch 200|time: 0.09s|train_loss 0.00015207|val_loss 0.00018643
Epoch 201|time: 0.09s|train_loss 0.00015202|val_loss 0.00019142
Epoch 202|time: 0.09s|train_loss 0.00019910|val_loss 0.00018013
Epoch 203|time: 0.09s|train_loss 0.00015621|val_loss 0.00017524
Epoch 204|time: 0.09s|train_loss 0.00016663|val_loss 0.00018366
Epoch 205|time: 0.09s|train_loss 0.00014891|val_loss 0.00018031
Epoch 206|time: 0.09s|train_loss 0.00015362|val_loss 0.00018479
Epoch 207|time: 0.09s|train_loss 0.00015043|val_loss 0.00017753
Epoch 208|time: 0.09s|train_loss 0.00016590|val_loss 0.00018128
Epoch 209|time: 0.09s|train_loss 0.00014948|val_loss 0.00017872
Epoch 210|time: 0.09s|train_loss 0.00015356|val_loss 0.00019706
Epoch 211|time: 0.09s|train_loss 0.00015392|val_loss 0.00017596
Epoch 212|time: 0.09s|train_loss 0.00014902|val_loss 0.00017981
Epoch 213|time: 0.09s|train_loss 0.00016136|val_loss 0.00020211
Epoch 214|time: 0.09s|train_loss 0.00017046|val_loss 0.00017347
Epoch 215|time: 0.09s|train_loss 0.00015743|val_loss 0.00017418
Epoch 216|time: 0.09s|train_loss 0.00016796|val_loss 0.00017559
Epoch 217|time: 0.09s|train_loss 0.00015786|val_loss 0.00017912
Epoch 218|time: 0.09s|train_loss 0.00016415|val_loss 0.00018561
Epoch 219|time: 0.09s|train_loss 0.00017080|val_loss 0.00017414
Epoch 220|time: 0.09s|train_loss 0.00016259|val_loss 0.00017364
Epoch 221|time: 0.09s|train_loss 0.00016458|val_loss 0.00018016
Epoch 222|time: 0.09s|train_loss 0.00015475|val_loss 0.00016933
Best validation epoch: 222 Sat May 13 00:51:28 2023
TEST MAE 0.2205 std 0.0700 RMSE 0.3428 RMSEs 0.3272 PCC 0.9350 PCCs 0.9104 R2 0.8680 R2s 0.8067 Var 0.8692 Vars 0.8120 Peak 0.1292
Epoch 223|time: 0.09s|train_loss 0.00015835|val_loss 0.00017032
Epoch 224|time: 0.09s|train_loss 0.00015853|val_loss 0.00017586
Epoch 225|time: 0.09s|train_loss 0.00016185|val_loss 0.00018206
Epoch 226|time: 0.09s|train_loss 0.00014897|val_loss 0.00017481
Epoch 227|time: 0.09s|train_loss 0.00017000|val_loss 0.00019060
Epoch 228|time: 0.09s|train_loss 0.00015435|val_loss 0.00017894
Epoch 229|time: 0.09s|train_loss 0.00018062|val_loss 0.00018146
Epoch 230|time: 0.09s|train_loss 0.00016380|val_loss 0.00017307
Epoch 231|time: 0.09s|train_loss 0.00015528|val_loss 0.00018222
Epoch 232|time: 0.09s|train_loss 0.00015798|val_loss 0.00017768
Epoch 233|time: 0.09s|train_loss 0.00015314|val_loss 0.00017450
Epoch 234|time: 0.09s|train_loss 0.00015310|val_loss 0.00017694
Epoch 235|time: 0.09s|train_loss 0.00014933|val_loss 0.00017599
Epoch 236|time: 0.09s|train_loss 0.00014715|val_loss 0.00018458
Epoch 237|time: 0.09s|train_loss 0.00015880|val_loss 0.00017238
Epoch 238|time: 0.09s|train_loss 0.00016237|val_loss 0.00017414
Epoch 239|time: 0.09s|train_loss 0.00017521|val_loss 0.00021542
Epoch 240|time: 0.09s|train_loss 0.00016272|val_loss 0.00018879
Epoch 241|time: 0.09s|train_loss 0.00016189|val_loss 0.00018228
Epoch 242|time: 0.09s|train_loss 0.00015129|val_loss 0.00017558
Epoch 243|time: 0.09s|train_loss 0.00015194|val_loss 0.00019396
Epoch 244|time: 0.09s|train_loss 0.00015852|val_loss 0.00017822
Epoch 245|time: 0.09s|train_loss 0.00015663|val_loss 0.00017579
Epoch 246|time: 0.09s|train_loss 0.00016186|val_loss 0.00018107
Epoch 247|time: 0.09s|train_loss 0.00014667|val_loss 0.00020770
Epoch 248|time: 0.09s|train_loss 0.00015732|val_loss 0.00018650
Epoch 249|time: 0.09s|train_loss 0.00015252|val_loss 0.00017213
Epoch 250|time: 0.09s|train_loss 0.00016289|val_loss 0.00017279
Epoch 251|time: 0.09s|train_loss 0.00014630|val_loss 0.00018944
Epoch 252|time: 0.09s|train_loss 0.00014977|val_loss 0.00018179
Epoch 253|time: 0.09s|train_loss 0.00016804|val_loss 0.00017264
Epoch 254|time: 0.09s|train_loss 0.00015032|val_loss 0.00019347
Epoch 255|time: 0.09s|train_loss 0.00015056|val_loss 0.00017580
Epoch 256|time: 0.09s|train_loss 0.00015533|val_loss 0.00017769
Epoch 257|time: 0.09s|train_loss 0.00015103|val_loss 0.00018023
Epoch 258|time: 0.09s|train_loss 0.00018048|val_loss 0.00018010
Epoch 259|time: 0.09s|train_loss 0.00015689|val_loss 0.00020826
Epoch 260|time: 0.09s|train_loss 0.00016134|val_loss 0.00018872
Epoch 261|time: 0.09s|train_loss 0.00016778|val_loss 0.00019279
Epoch 262|time: 0.09s|train_loss 0.00015672|val_loss 0.00017981
Epoch 263|time: 0.09s|train_loss 0.00015099|val_loss 0.00016865
Best validation epoch: 263 Sat May 13 00:51:32 2023
TEST MAE 0.2160 std 0.0694 RMSE 0.3436 RMSEs 0.3271 PCC 0.9331 PCCs 0.9097 R2 0.8674 R2s 0.8079 Var 0.8676 Vars 0.8120 Peak 0.1315
Epoch 264|time: 0.09s|train_loss 0.00016452|val_loss 0.00017296
Epoch 265|time: 0.09s|train_loss 0.00015578|val_loss 0.00017875
Epoch 266|time: 0.09s|train_loss 0.00014852|val_loss 0.00019808
Epoch 267|time: 0.09s|train_loss 0.00015413|val_loss 0.00018999
Epoch 268|time: 0.09s|train_loss 0.00015085|val_loss 0.00017548
Epoch 269|time: 0.09s|train_loss 0.00014803|val_loss 0.00018049
Epoch 270|time: 0.09s|train_loss 0.00014622|val_loss 0.00017909
Epoch 271|time: 0.09s|train_loss 0.00015200|val_loss 0.00017614
Epoch 272|time: 0.09s|train_loss 0.00015602|val_loss 0.00017473
Epoch 273|time: 0.09s|train_loss 0.00014725|val_loss 0.00019051
Epoch 274|time: 0.09s|train_loss 0.00016267|val_loss 0.00018703
Epoch 275|time: 0.09s|train_loss 0.00014943|val_loss 0.00017441
Epoch 276|time: 0.09s|train_loss 0.00016458|val_loss 0.00017733
Epoch 277|time: 0.09s|train_loss 0.00015018|val_loss 0.00017996
Epoch 278|time: 0.09s|train_loss 0.00015271|val_loss 0.00020320
Epoch 279|time: 0.09s|train_loss 0.00015839|val_loss 0.00017600
Epoch 280|time: 0.09s|train_loss 0.00015152|val_loss 0.00017964
Epoch 281|time: 0.09s|train_loss 0.00016785|val_loss 0.00017292
Epoch 282|time: 0.09s|train_loss 0.00014736|val_loss 0.00017890
Epoch 283|time: 0.09s|train_loss 0.00015955|val_loss 0.00017568
Epoch 284|time: 0.09s|train_loss 0.00014366|val_loss 0.00018108
Epoch 285|time: 0.09s|train_loss 0.00014429|val_loss 0.00017379
Epoch 286|time: 0.09s|train_loss 0.00016549|val_loss 0.00018479
Epoch 287|time: 0.09s|train_loss 0.00016935|val_loss 0.00018136
Epoch 288|time: 0.09s|train_loss 0.00015752|val_loss 0.00017683
Epoch 289|time: 0.09s|train_loss 0.00014998|val_loss 0.00018082
Epoch 290|time: 0.09s|train_loss 0.00015530|val_loss 0.00017815
Epoch 291|time: 0.09s|train_loss 0.00014873|val_loss 0.00018613
Epoch 292|time: 0.09s|train_loss 0.00014268|val_loss 0.00017209
Epoch 293|time: 0.09s|train_loss 0.00014266|val_loss 0.00018215
Epoch 294|time: 0.09s|train_loss 0.00014677|val_loss 0.00017513
Epoch 295|time: 0.09s|train_loss 0.00016013|val_loss 0.00018040
Epoch 296|time: 0.09s|train_loss 0.00016018|val_loss 0.00017651
Epoch 297|time: 0.09s|train_loss 0.00015845|val_loss 0.00019523
Epoch 298|time: 0.09s|train_loss 0.00016369|val_loss 0.00019979
Epoch 299|time: 0.09s|train_loss 0.00017007|val_loss 0.00017822
Epoch 300|time: 0.09s|train_loss 0.00018577|val_loss 0.00017873
Epoch 301|time: 0.09s|train_loss 0.00016951|val_loss 0.00021286
Epoch 302|time: 0.09s|train_loss 0.00016719|val_loss 0.00017803
Epoch 303|time: 0.09s|train_loss 0.00015962|val_loss 0.00017402
Epoch 304|time: 0.09s|train_loss 0.00015084|val_loss 0.00017318
Epoch 305|time: 0.09s|train_loss 0.00014390|val_loss 0.00018601
Epoch 306|time: 0.09s|train_loss 0.00014954|val_loss 0.00017155
Epoch 307|time: 0.09s|train_loss 0.00016848|val_loss 0.00017721
Epoch 308|time: 0.09s|train_loss 0.00014412|val_loss 0.00017325
Epoch 309|time: 0.09s|train_loss 0.00017491|val_loss 0.00017048
Epoch 310|time: 0.09s|train_loss 0.00015147|val_loss 0.00018069
Epoch 311|time: 0.09s|train_loss 0.00015874|val_loss 0.00018598
Epoch 312|time: 0.09s|train_loss 0.00014897|val_loss 0.00019242
Epoch 313|time: 0.09s|train_loss 0.00015244|val_loss 0.00018634
Epoch 314|time: 0.09s|train_loss 0.00016515|val_loss 0.00018936
Epoch 315|time: 0.09s|train_loss 0.00015666|val_loss 0.00017991
Epoch 316|time: 0.09s|train_loss 0.00015072|val_loss 0.00017382
Epoch 317|time: 0.09s|train_loss 0.00014710|val_loss 0.00016809
Best validation epoch: 317 Sat May 13 00:51:37 2023
TEST MAE 0.2260 std 0.0714 RMSE 0.3538 RMSEs 0.3372 PCC 0.9319 PCCs 0.9075 R2 0.8594 R2s 0.7943 Var 0.8622 Vars 0.8036 Peak 0.1317
Epoch 318|time: 0.09s|train_loss 0.00015757|val_loss 0.00017871
Epoch 319|time: 0.09s|train_loss 0.00015460|val_loss 0.00017647
Epoch 320|time: 0.09s|train_loss 0.00016679|val_loss 0.00017710
Epoch 321|time: 0.09s|train_loss 0.00014851|val_loss 0.00017955
Epoch 322|time: 0.09s|train_loss 0.00014969|val_loss 0.00018163
Epoch 323|time: 0.09s|train_loss 0.00015908|val_loss 0.00018253
Epoch 324|time: 0.09s|train_loss 0.00014990|val_loss 0.00017515
Epoch 325|time: 0.09s|train_loss 0.00015653|val_loss 0.00017866
Epoch 326|time: 0.09s|train_loss 0.00014092|val_loss 0.00016861
Epoch 327|time: 0.09s|train_loss 0.00014376|val_loss 0.00017018
Epoch 328|time: 0.09s|train_loss 0.00014717|val_loss 0.00018833
Epoch 329|time: 0.09s|train_loss 0.00017084|val_loss 0.00018711
Epoch 330|time: 0.09s|train_loss 0.00014694|val_loss 0.00017433
Epoch 331|time: 0.09s|train_loss 0.00015052|val_loss 0.00017113
Epoch 332|time: 0.09s|train_loss 0.00015081|val_loss 0.00017669
Epoch 333|time: 0.09s|train_loss 0.00016255|val_loss 0.00019709
Epoch 334|time: 0.09s|train_loss 0.00016817|val_loss 0.00018186
Epoch 335|time: 0.09s|train_loss 0.00014978|val_loss 0.00017559
Epoch 336|time: 0.09s|train_loss 0.00015161|val_loss 0.00017059
Epoch 337|time: 0.09s|train_loss 0.00015455|val_loss 0.00020085
Epoch 338|time: 0.09s|train_loss 0.00016036|val_loss 0.00017612
Epoch 339|time: 0.09s|train_loss 0.00014932|val_loss 0.00017298
Epoch 340|time: 0.09s|train_loss 0.00014495|val_loss 0.00017919
Epoch 341|time: 0.09s|train_loss 0.00014771|val_loss 0.00017249
Epoch 342|time: 0.09s|train_loss 0.00016494|val_loss 0.00017132
Epoch 343|time: 0.09s|train_loss 0.00014191|val_loss 0.00017533
Epoch 344|time: 0.09s|train_loss 0.00015862|val_loss 0.00017881
Epoch 345|time: 0.09s|train_loss 0.00014972|val_loss 0.00016711
Best validation epoch: 345 Sat May 13 00:51:39 2023
TEST MAE 0.2246 std 0.0707 RMSE 0.3569 RMSEs 0.3400 PCC 0.9291 PCCs 0.9041 R2 0.8569 R2s 0.7916 Var 0.8576 Vars 0.7962 Peak 0.1345
Epoch 346|time: 0.09s|train_loss 0.00014461|val_loss 0.00016827
Epoch 347|time: 0.09s|train_loss 0.00014620|val_loss 0.00018220
Epoch 348|time: 0.09s|train_loss 0.00015443|val_loss 0.00021307
Epoch 349|time: 0.09s|train_loss 0.00015924|val_loss 0.00017618
Epoch 350|time: 0.09s|train_loss 0.00015521|val_loss 0.00017851
Epoch 351|time: 0.09s|train_loss 0.00014258|val_loss 0.00017811
Epoch 352|time: 0.09s|train_loss 0.00014252|val_loss 0.00017720
Epoch 353|time: 0.09s|train_loss 0.00013930|val_loss 0.00017338
Epoch 354|time: 0.09s|train_loss 0.00014695|val_loss 0.00017399
Epoch 355|time: 0.09s|train_loss 0.00015199|val_loss 0.00017679
Epoch 356|time: 0.09s|train_loss 0.00014671|val_loss 0.00019094
Epoch 357|time: 0.09s|train_loss 0.00014421|val_loss 0.00017453
Epoch 358|time: 0.09s|train_loss 0.00015082|val_loss 0.00017282
Epoch 359|time: 0.09s|train_loss 0.00015735|val_loss 0.00019214
Epoch 360|time: 0.09s|train_loss 0.00014409|val_loss 0.00017156
Epoch 361|time: 0.09s|train_loss 0.00014654|val_loss 0.00018466
Epoch 362|time: 0.09s|train_loss 0.00014911|val_loss 0.00017067
Epoch 363|time: 0.09s|train_loss 0.00015201|val_loss 0.00017395
Epoch 364|time: 0.09s|train_loss 0.00015247|val_loss 0.00017405
Epoch 365|time: 0.09s|train_loss 0.00015253|val_loss 0.00017879
Epoch 366|time: 0.09s|train_loss 0.00014717|val_loss 0.00018570
Epoch 367|time: 0.09s|train_loss 0.00014620|val_loss 0.00017239
Epoch 368|time: 0.09s|train_loss 0.00015015|val_loss 0.00016870
Epoch 369|time: 0.09s|train_loss 0.00015269|val_loss 0.00017642
Epoch 370|time: 0.09s|train_loss 0.00015216|val_loss 0.00017454
Epoch 371|time: 0.09s|train_loss 0.00014843|val_loss 0.00017452
Epoch 372|time: 0.09s|train_loss 0.00014799|val_loss 0.00018025
Epoch 373|time: 0.09s|train_loss 0.00014315|val_loss 0.00017712
Epoch 374|time: 0.09s|train_loss 0.00015908|val_loss 0.00017911
Epoch 375|time: 0.09s|train_loss 0.00015286|val_loss 0.00018386
Epoch 376|time: 0.09s|train_loss 0.00015606|val_loss 0.00017024
Epoch 377|time: 0.09s|train_loss 0.00014383|val_loss 0.00018599
Epoch 378|time: 0.09s|train_loss 0.00014111|val_loss 0.00018180
Epoch 379|time: 0.09s|train_loss 0.00014243|val_loss 0.00016940
Epoch 380|time: 0.09s|train_loss 0.00014900|val_loss 0.00016845
Epoch 381|time: 0.09s|train_loss 0.00014823|val_loss 0.00017281
Epoch 382|time: 0.09s|train_loss 0.00014377|val_loss 0.00017942
Epoch 383|time: 0.09s|train_loss 0.00014242|val_loss 0.00020575
Epoch 384|time: 0.09s|train_loss 0.00015138|val_loss 0.00016794
Epoch 385|time: 0.09s|train_loss 0.00014356|val_loss 0.00016869
Epoch 386|time: 0.09s|train_loss 0.00014187|val_loss 0.00017542
Epoch 387|time: 0.09s|train_loss 0.00014801|val_loss 0.00017464
Epoch 388|time: 0.09s|train_loss 0.00013830|val_loss 0.00018167
Epoch 389|time: 0.09s|train_loss 0.00014240|val_loss 0.00017060
Epoch 390|time: 0.09s|train_loss 0.00013748|val_loss 0.00018032
Epoch 391|time: 0.09s|train_loss 0.00014479|val_loss 0.00017197
Epoch 392|time: 0.09s|train_loss 0.00014140|val_loss 0.00016993
Epoch 393|time: 0.09s|train_loss 0.00015453|val_loss 0.00018914
Epoch 394|time: 0.09s|train_loss 0.00014753|val_loss 0.00017402
Epoch 395|time: 0.09s|train_loss 0.00014662|val_loss 0.00017172
Epoch 396|time: 0.09s|train_loss 0.00016514|val_loss 0.00018049
Epoch 397|time: 0.09s|train_loss 0.00014490|val_loss 0.00019061
Epoch 398|time: 0.09s|train_loss 0.00014995|val_loss 0.00017076
Epoch 399|time: 0.09s|train_loss 0.00015272|val_loss 0.00016703
Best validation epoch: 399 Sat May 13 00:51:44 2023
TEST MAE 0.2352 std 0.0763 RMSE 0.3724 RMSEs 0.3544 PCC 0.9277 PCCs 0.9036 R2 0.8442 R2s 0.7701 Var 0.8489 Vars 0.7839 Peak 0.1399
Epoch 400|time: 0.09s|train_loss 0.00014801|val_loss 0.00018050
Epoch 401|time: 0.09s|train_loss 0.00014970|val_loss 0.00018523
Epoch 402|time: 0.09s|train_loss 0.00014617|val_loss 0.00017645
Epoch 403|time: 0.09s|train_loss 0.00014050|val_loss 0.00017221
Epoch 404|time: 0.09s|train_loss 0.00014427|val_loss 0.00017900
Epoch 405|time: 0.09s|train_loss 0.00014432|val_loss 0.00017277
Epoch 406|time: 0.09s|train_loss 0.00014724|val_loss 0.00018157
Epoch 407|time: 0.09s|train_loss 0.00014217|val_loss 0.00017003
Epoch 408|time: 0.09s|train_loss 0.00016659|val_loss 0.00016698
Best validation epoch: 408 Sat May 13 00:51:45 2023
TEST MAE 0.2586 std 0.0852 RMSE 0.4061 RMSEs 0.3862 PCC 0.9265 PCCs 0.9041 R2 0.8147 R2s 0.7218 Var 0.8330 Vars 0.7622 Peak 0.1504
Epoch 409|time: 0.09s|train_loss 0.00015573|val_loss 0.00020223
Epoch 410|time: 0.09s|train_loss 0.00015407|val_loss 0.00017743
Epoch 411|time: 0.09s|train_loss 0.00017343|val_loss 0.00016922
Epoch 412|time: 0.09s|train_loss 0.00014817|val_loss 0.00017334
Epoch 413|time: 0.09s|train_loss 0.00015422|val_loss 0.00018259
Epoch 414|time: 0.09s|train_loss 0.00014399|val_loss 0.00017354
Epoch 415|time: 0.09s|train_loss 0.00015378|val_loss 0.00016653
Best validation epoch: 415 Sat May 13 00:51:46 2023
TEST MAE 0.2285 std 0.0709 RMSE 0.3657 RMSEs 0.3488 PCC 0.9258 PCCs 0.8987 R2 0.8498 R2s 0.7789 Var 0.8505 Vars 0.7840 Peak 0.1357
Epoch 416|time: 0.09s|train_loss 0.00015162|val_loss 0.00016809
Epoch 417|time: 0.09s|train_loss 0.00014435|val_loss 0.00017229
Epoch 418|time: 0.09s|train_loss 0.00014207|val_loss 0.00017479
Epoch 419|time: 0.09s|train_loss 0.00016191|val_loss 0.00017756
Epoch 420|time: 0.09s|train_loss 0.00017336|val_loss 0.00017788
Epoch 421|time: 0.09s|train_loss 0.00014473|val_loss 0.00017094
Epoch 422|time: 0.09s|train_loss 0.00015813|val_loss 0.00017004
Epoch 423|time: 0.09s|train_loss 0.00014871|val_loss 0.00017184
Epoch 424|time: 0.09s|train_loss 0.00015471|val_loss 0.00017400
Epoch 425|time: 0.09s|train_loss 0.00014857|val_loss 0.00017235
Epoch 426|time: 0.09s|train_loss 0.00014139|val_loss 0.00017116
Epoch 427|time: 0.09s|train_loss 0.00015505|val_loss 0.00018018
Epoch 428|time: 0.09s|train_loss 0.00015161|val_loss 0.00017460
Epoch 429|time: 0.09s|train_loss 0.00014736|val_loss 0.00017101
Epoch 430|time: 0.09s|train_loss 0.00015293|val_loss 0.00016959
Epoch 431|time: 0.09s|train_loss 0.00015110|val_loss 0.00016815
Epoch 432|time: 0.09s|train_loss 0.00016307|val_loss 0.00017281
Epoch 433|time: 0.09s|train_loss 0.00015135|val_loss 0.00019216
Epoch 434|time: 0.09s|train_loss 0.00014652|val_loss 0.00017394
Epoch 435|time: 0.09s|train_loss 0.00015322|val_loss 0.00016536
Best validation epoch: 435 Sat May 13 00:51:47 2023
TEST MAE 0.2235 std 0.0707 RMSE 0.3592 RMSEs 0.3421 PCC 0.9284 PCCs 0.9021 R2 0.8551 R2s 0.7889 Var 0.8560 Vars 0.7934 Peak 0.1332
Epoch 436|time: 0.09s|train_loss 0.00015419|val_loss 0.00016282
Best validation epoch: 436 Sat May 13 00:51:47 2023
TEST MAE 0.2325 std 0.0741 RMSE 0.3686 RMSEs 0.3510 PCC 0.9281 PCCs 0.9018 R2 0.8474 R2s 0.7760 Var 0.8511 Vars 0.7866 Peak 0.1351
Epoch 437|time: 0.09s|train_loss 0.00014054|val_loss 0.00017779
Epoch 438|time: 0.09s|train_loss 0.00014416|val_loss 0.00017256
Epoch 439|time: 0.09s|train_loss 0.00013765|val_loss 0.00017447
Epoch 440|time: 0.09s|train_loss 0.00015923|val_loss 0.00018443
Epoch 441|time: 0.09s|train_loss 0.00014868|val_loss 0.00016978
Epoch 442|time: 0.09s|train_loss 0.00014293|val_loss 0.00016618
Epoch 443|time: 0.09s|train_loss 0.00014530|val_loss 0.00017352
Epoch 444|time: 0.09s|train_loss 0.00014729|val_loss 0.00017660
Epoch 445|time: 0.09s|train_loss 0.00016648|val_loss 0.00018107
Epoch 446|time: 0.09s|train_loss 0.00014695|val_loss 0.00017107
Epoch 447|time: 0.09s|train_loss 0.00015441|val_loss 0.00016997
Epoch 448|time: 0.09s|train_loss 0.00014674|val_loss 0.00017123
Epoch 449|time: 0.09s|train_loss 0.00013944|val_loss 0.00017852
Epoch 450|time: 0.09s|train_loss 0.00016186|val_loss 0.00017389
Epoch 451|time: 0.09s|train_loss 0.00014908|val_loss 0.00017170
Epoch 452|time: 0.09s|train_loss 0.00015094|val_loss 0.00018370
Epoch 453|time: 0.09s|train_loss 0.00015293|val_loss 0.00016405
Epoch 454|time: 0.09s|train_loss 0.00014455|val_loss 0.00016885
Epoch 455|time: 0.09s|train_loss 0.00014551|val_loss 0.00016883
Epoch 456|time: 0.09s|train_loss 0.00015059|val_loss 0.00017589
Epoch 457|time: 0.09s|train_loss 0.00013602|val_loss 0.00017756
Epoch 458|time: 0.09s|train_loss 0.00014908|val_loss 0.00016308
Epoch 459|time: 0.09s|train_loss 0.00015187|val_loss 0.00016481
Epoch 460|time: 0.09s|train_loss 0.00014385|val_loss 0.00019252
Epoch 461|time: 0.09s|train_loss 0.00016868|val_loss 0.00016605
Epoch 462|time: 0.09s|train_loss 0.00015468|val_loss 0.00016225
Best validation epoch: 462 Sat May 13 00:51:50 2023
TEST MAE 0.2301 std 0.0733 RMSE 0.3699 RMSEs 0.3520 PCC 0.9277 PCCs 0.9032 R2 0.8463 R2s 0.7746 Var 0.8492 Vars 0.7842 Peak 0.1376
Epoch 463|time: 0.09s|train_loss 0.00013842|val_loss 0.00016848
Epoch 464|time: 0.09s|train_loss 0.00015424|val_loss 0.00017156
Epoch 465|time: 0.09s|train_loss 0.00015113|val_loss 0.00018801
Epoch 466|time: 0.09s|train_loss 0.00014451|val_loss 0.00017710
Epoch 467|time: 0.09s|train_loss 0.00015142|val_loss 0.00016605
Epoch 468|time: 0.09s|train_loss 0.00014526|val_loss 0.00018100
Epoch 469|time: 0.09s|train_loss 0.00015462|val_loss 0.00018012
Epoch 470|time: 0.09s|train_loss 0.00014092|val_loss 0.00016846
Epoch 471|time: 0.09s|train_loss 0.00013785|val_loss 0.00016525
Epoch 472|time: 0.09s|train_loss 0.00014308|val_loss 0.00017935
Epoch 473|time: 0.09s|train_loss 0.00013767|val_loss 0.00017937
Epoch 474|time: 0.09s|train_loss 0.00013995|val_loss 0.00016492
Epoch 475|time: 0.09s|train_loss 0.00015240|val_loss 0.00017055
Epoch 476|time: 0.09s|train_loss 0.00013800|val_loss 0.00017130
Epoch 477|time: 0.09s|train_loss 0.00014385|val_loss 0.00017671
Epoch 478|time: 0.09s|train_loss 0.00014185|val_loss 0.00017072
Epoch 479|time: 0.09s|train_loss 0.00013969|val_loss 0.00016493
Epoch 480|time: 0.09s|train_loss 0.00014170|val_loss 0.00016992
Epoch 481|time: 0.09s|train_loss 0.00014309|val_loss 0.00019158
Epoch 482|time: 0.09s|train_loss 0.00014376|val_loss 0.00016201
Best validation epoch: 482 Sat May 13 00:51:52 2023
TEST MAE 0.2419 std 0.0804 RMSE 0.3900 RMSEs 0.3705 PCC 0.9265 PCCs 0.9041 R2 0.8291 R2s 0.7479 Var 0.8349 Vars 0.7628 Peak 0.1460
Epoch 483|time: 0.09s|train_loss 0.00014938|val_loss 0.00016477
Epoch 484|time: 0.09s|train_loss 0.00014547|val_loss 0.00017692
Epoch 485|time: 0.09s|train_loss 0.00014585|val_loss 0.00018046
Epoch 486|time: 0.09s|train_loss 0.00014423|val_loss 0.00016887
Epoch 487|time: 0.09s|train_loss 0.00014902|val_loss 0.00016742
Epoch 488|time: 0.09s|train_loss 0.00016230|val_loss 0.00017604
Epoch 489|time: 0.09s|train_loss 0.00015347|val_loss 0.00019780
Epoch 490|time: 0.09s|train_loss 0.00014839|val_loss 0.00017034
Epoch 491|time: 0.09s|train_loss 0.00013522|val_loss 0.00016791
Epoch 492|time: 0.09s|train_loss 0.00015146|val_loss 0.00018024
Epoch 493|time: 0.09s|train_loss 0.00013938|val_loss 0.00018682
Epoch 494|time: 0.09s|train_loss 0.00013478|val_loss 0.00016389
Epoch 495|time: 0.09s|train_loss 0.00013775|val_loss 0.00016910
Epoch 496|time: 0.09s|train_loss 0.00014920|val_loss 0.00017187
Epoch 497|time: 0.09s|train_loss 0.00014121|val_loss 0.00016675
Epoch 498|time: 0.09s|train_loss 0.00013838|val_loss 0.00017586
Epoch 499|time: 0.09s|train_loss 0.00014745|val_loss 0.00018342
Epoch 500|time: 0.09s|train_loss 0.00015249|val_loss 0.00017758
Epoch 501|time: 0.09s|train_loss 0.00014713|val_loss 0.00016841
Epoch 502|time: 0.09s|train_loss 0.00013772|val_loss 0.00017089
Epoch 503|time: 0.09s|train_loss 0.00014080|val_loss 0.00016496
Epoch 504|time: 0.09s|train_loss 0.00014052|val_loss 0.00018015
Epoch 505|time: 0.09s|train_loss 0.00013660|val_loss 0.00016575
Epoch 506|time: 0.09s|train_loss 0.00013790|val_loss 0.00016935
Epoch 507|time: 0.09s|train_loss 0.00014345|val_loss 0.00019835
Epoch 508|time: 0.09s|train_loss 0.00016561|val_loss 0.00016815
Epoch 509|time: 0.09s|train_loss 0.00013719|val_loss 0.00016485
Epoch 510|time: 0.09s|train_loss 0.00014785|val_loss 0.00018196
Epoch 511|time: 0.09s|train_loss 0.00015028|val_loss 0.00018337
Epoch 512|time: 0.09s|train_loss 0.00014891|val_loss 0.00016728
Epoch 513|time: 0.09s|train_loss 0.00016671|val_loss 0.00017062
Epoch 514|time: 0.09s|train_loss 0.00014390|val_loss 0.00018387
Epoch 515|time: 0.09s|train_loss 0.00014562|val_loss 0.00018757
Epoch 516|time: 0.09s|train_loss 0.00015302|val_loss 0.00016210
Epoch 517|time: 0.09s|train_loss 0.00014388|val_loss 0.00016538
Epoch 518|time: 0.09s|train_loss 0.00013092|val_loss 0.00017121
Epoch 519|time: 0.09s|train_loss 0.00014772|val_loss 0.00016750
Epoch 520|time: 0.09s|train_loss 0.00014111|val_loss 0.00016719
Epoch 521|time: 0.09s|train_loss 0.00014022|val_loss 0.00016740
Epoch 522|time: 0.09s|train_loss 0.00014643|val_loss 0.00016526
Epoch 523|time: 0.09s|train_loss 0.00014826|val_loss 0.00017332
Epoch 524|time: 0.09s|train_loss 0.00014092|val_loss 0.00016750
Epoch 525|time: 0.09s|train_loss 0.00015117|val_loss 0.00017909
Epoch 526|time: 0.09s|train_loss 0.00014472|val_loss 0.00016379
Epoch 527|time: 0.09s|train_loss 0.00015033|val_loss 0.00017246
Epoch 528|time: 0.09s|train_loss 0.00015107|val_loss 0.00017093
Epoch 529|time: 0.09s|train_loss 0.00014450|val_loss 0.00016812
Epoch 530|time: 0.09s|train_loss 0.00014815|val_loss 0.00016442
Epoch 531|time: 0.09s|train_loss 0.00014330|val_loss 0.00016523
Epoch 532|time: 0.09s|train_loss 0.00013950|val_loss 0.00018901
Epoch 533|time: 0.09s|train_loss 0.00015731|val_loss 0.00016958
Epoch 534|time: 0.09s|train_loss 0.00013949|val_loss 0.00016261
Epoch 535|time: 0.09s|train_loss 0.00014391|val_loss 0.00016409
Epoch 536|time: 0.09s|train_loss 0.00015469|val_loss 0.00017313
Epoch 537|time: 0.09s|train_loss 0.00014150|val_loss 0.00016581
Epoch 538|time: 0.09s|train_loss 0.00014075|val_loss 0.00017036
Epoch 539|time: 0.09s|train_loss 0.00013990|val_loss 0.00018198
Epoch 540|time: 0.09s|train_loss 0.00014597|val_loss 0.00016340
Epoch 541|time: 0.09s|train_loss 0.00014708|val_loss 0.00016533
Epoch 542|time: 0.09s|train_loss 0.00014532|val_loss 0.00017126
Epoch 543|time: 0.09s|train_loss 0.00015518|val_loss 0.00016479
Epoch 544|time: 0.09s|train_loss 0.00013500|val_loss 0.00016191
Best validation epoch: 544 Sat May 13 00:51:57 2023
TEST MAE 0.2343 std 0.0763 RMSE 0.3840 RMSEs 0.3647 PCC 0.9235 PCCs 0.8987 R2 0.8343 R2s 0.7570 Var 0.8370 Vars 0.7662 Peak 0.1420
Epoch 545|time: 0.09s|train_loss 0.00014397|val_loss 0.00016483
Epoch 546|time: 0.09s|train_loss 0.00014437|val_loss 0.00018339
Epoch 547|time: 0.09s|train_loss 0.00013351|val_loss 0.00016554
Epoch 548|time: 0.09s|train_loss 0.00013538|val_loss 0.00016344
Epoch 549|time: 0.09s|train_loss 0.00013712|val_loss 0.00017012
Epoch 550|time: 0.09s|train_loss 0.00013793|val_loss 0.00017456
Epoch 551|time: 0.09s|train_loss 0.00014627|val_loss 0.00016820
Epoch 552|time: 0.09s|train_loss 0.00013733|val_loss 0.00016586
Epoch 553|time: 0.09s|train_loss 0.00013438|val_loss 0.00016398
Epoch 554|time: 0.09s|train_loss 0.00014422|val_loss 0.00016853
Epoch 555|time: 0.09s|train_loss 0.00014455|val_loss 0.00017423
Epoch 556|time: 0.09s|train_loss 0.00013731|val_loss 0.00017209
Epoch 557|time: 0.09s|train_loss 0.00013798|val_loss 0.00016516
Epoch 558|time: 0.09s|train_loss 0.00013822|val_loss 0.00016312
Epoch 559|time: 0.09s|train_loss 0.00013908|val_loss 0.00018200
Epoch 560|time: 0.09s|train_loss 0.00014659|val_loss 0.00018290
Epoch 561|time: 0.09s|train_loss 0.00014924|val_loss 0.00016652
Epoch 562|time: 0.09s|train_loss 0.00013588|val_loss 0.00016082
Best validation epoch: 562 Sat May 13 00:51:59 2023
TEST MAE 0.2472 std 0.0815 RMSE 0.4007 RMSEs 0.3807 PCC 0.9231 PCCs 0.9004 R2 0.8196 R2s 0.7313 Var 0.8281 Vars 0.7529 Peak 0.1486
Epoch 563|time: 0.09s|train_loss 0.00013146|val_loss 0.00017387
Epoch 564|time: 0.09s|train_loss 0.00013944|val_loss 0.00016997
Epoch 565|time: 0.09s|train_loss 0.00013330|val_loss 0.00017363
Epoch 566|time: 0.09s|train_loss 0.00015335|val_loss 0.00016648
Epoch 567|time: 0.09s|train_loss 0.00013548|val_loss 0.00017628
Epoch 568|time: 0.09s|train_loss 0.00014029|val_loss 0.00016652
Epoch 569|time: 0.09s|train_loss 0.00013967|val_loss 0.00017546
Epoch 570|time: 0.09s|train_loss 0.00013804|val_loss 0.00016787
Epoch 571|time: 0.09s|train_loss 0.00013320|val_loss 0.00016562
Epoch 572|time: 0.09s|train_loss 0.00013972|val_loss 0.00017354
Epoch 573|time: 0.09s|train_loss 0.00014272|val_loss 0.00016284
Epoch 574|time: 0.09s|train_loss 0.00014227|val_loss 0.00016381
Epoch 575|time: 0.09s|train_loss 0.00014916|val_loss 0.00020256
Epoch 576|time: 0.09s|train_loss 0.00015329|val_loss 0.00016742
Epoch 577|time: 0.09s|train_loss 0.00013533|val_loss 0.00016834
Epoch 578|time: 0.09s|train_loss 0.00013981|val_loss 0.00017561
Epoch 579|time: 0.09s|train_loss 0.00014090|val_loss 0.00018064
Epoch 580|time: 0.09s|train_loss 0.00014089|val_loss 0.00016327
Epoch 581|time: 0.09s|train_loss 0.00013791|val_loss 0.00017009
Epoch 582|time: 0.09s|train_loss 0.00014353|val_loss 0.00016500
Epoch 583|time: 0.09s|train_loss 0.00013132|val_loss 0.00016125
Epoch 584|time: 0.09s|train_loss 0.00014111|val_loss 0.00018971
Epoch 585|time: 0.09s|train_loss 0.00014080|val_loss 0.00016473
Epoch 586|time: 0.09s|train_loss 0.00013673|val_loss 0.00016103
Epoch 587|time: 0.09s|train_loss 0.00013596|val_loss 0.00016890
Epoch 588|time: 0.09s|train_loss 0.00013657|val_loss 0.00017532
Epoch 589|time: 0.09s|train_loss 0.00013462|val_loss 0.00016218
Epoch 590|time: 0.09s|train_loss 0.00014236|val_loss 0.00017251
Epoch 591|time: 0.09s|train_loss 0.00015857|val_loss 0.00017181
Epoch 592|time: 0.09s|train_loss 0.00014021|val_loss 0.00016377
Epoch 593|time: 0.09s|train_loss 0.00015680|val_loss 0.00017150
Epoch 594|time: 0.09s|train_loss 0.00013891|val_loss 0.00018000
Epoch 595|time: 0.09s|train_loss 0.00013741|val_loss 0.00016280
Epoch 596|time: 0.09s|train_loss 0.00013777|val_loss 0.00017405
Epoch 597|time: 0.09s|train_loss 0.00013392|val_loss 0.00016538
Epoch 598|time: 0.09s|train_loss 0.00013951|val_loss 0.00016381
Epoch 599|time: 0.09s|train_loss 0.00013720|val_loss 0.00016381
Epoch 600|time: 0.09s|train_loss 0.00014471|val_loss 0.00016301
Epoch 601|time: 0.09s|train_loss 0.00015065|val_loss 0.00017498
Epoch 602|time: 0.09s|train_loss 0.00013670|val_loss 0.00016858
Epoch 603|time: 0.09s|train_loss 0.00013416|val_loss 0.00016576
Epoch 604|time: 0.09s|train_loss 0.00013264|val_loss 0.00017533
Epoch 605|time: 0.09s|train_loss 0.00014622|val_loss 0.00017694
Epoch 606|time: 0.09s|train_loss 0.00013888|val_loss 0.00015994
Best validation epoch: 606 Sat May 13 00:52:03 2023
TEST MAE 0.2510 std 0.0830 RMSE 0.4050 RMSEs 0.3849 PCC 0.9218 PCCs 0.8975 R2 0.8158 R2s 0.7232 Var 0.8256 Vars 0.7475 Peak 0.1494
Epoch 607|time: 0.09s|train_loss 0.00014366|val_loss 0.00016376
Epoch 608|time: 0.09s|train_loss 0.00013534|val_loss 0.00018026
Epoch 609|time: 0.09s|train_loss 0.00014175|val_loss 0.00016010
Epoch 610|time: 0.09s|train_loss 0.00013094|val_loss 0.00016630
Epoch 611|time: 0.09s|train_loss 0.00014071|val_loss 0.00016935
Epoch 612|time: 0.09s|train_loss 0.00013176|val_loss 0.00017272
Epoch 613|time: 0.09s|train_loss 0.00014262|val_loss 0.00017398
Epoch 614|time: 0.09s|train_loss 0.00013804|val_loss 0.00016473
Epoch 615|time: 0.09s|train_loss 0.00013542|val_loss 0.00016884
Epoch 616|time: 0.09s|train_loss 0.00014222|val_loss 0.00017320
Epoch 617|time: 0.09s|train_loss 0.00014900|val_loss 0.00016338
Epoch 618|time: 0.09s|train_loss 0.00014914|val_loss 0.00017753
Epoch 619|time: 0.09s|train_loss 0.00013767|val_loss 0.00016772
Epoch 620|time: 0.09s|train_loss 0.00013518|val_loss 0.00016930
Epoch 621|time: 0.09s|train_loss 0.00013490|val_loss 0.00016730
Epoch 622|time: 0.09s|train_loss 0.00013389|val_loss 0.00017155
Epoch 623|time: 0.09s|train_loss 0.00014486|val_loss 0.00016314
Epoch 624|time: 0.09s|train_loss 0.00014312|val_loss 0.00017450
Epoch 625|time: 0.09s|train_loss 0.00014372|val_loss 0.00016998
Epoch 626|time: 0.09s|train_loss 0.00014101|val_loss 0.00016786
Epoch 627|time: 0.09s|train_loss 0.00013528|val_loss 0.00016796
Epoch 628|time: 0.09s|train_loss 0.00013571|val_loss 0.00017196
Epoch 629|time: 0.09s|train_loss 0.00013529|val_loss 0.00016651
Epoch 630|time: 0.09s|train_loss 0.00013489|val_loss 0.00016334
Epoch 631|time: 0.09s|train_loss 0.00014397|val_loss 0.00016281
Epoch 632|time: 0.09s|train_loss 0.00013956|val_loss 0.00017826
Epoch 633|time: 0.09s|train_loss 0.00014052|val_loss 0.00017597
Epoch 634|time: 0.09s|train_loss 0.00013124|val_loss 0.00016311
Epoch 635|time: 0.09s|train_loss 0.00013746|val_loss 0.00016091
Epoch 636|time: 0.09s|train_loss 0.00014242|val_loss 0.00017710
Epoch 637|time: 0.09s|train_loss 0.00014297|val_loss 0.00018043
Epoch 638|time: 0.09s|train_loss 0.00014731|val_loss 0.00016270
Epoch 639|time: 0.09s|train_loss 0.00013794|val_loss 0.00016354
Epoch 640|time: 0.09s|train_loss 0.00013758|val_loss 0.00016501
Epoch 641|time: 0.09s|train_loss 0.00013407|val_loss 0.00016901
Epoch 642|time: 0.09s|train_loss 0.00013200|val_loss 0.00016303
Epoch 643|time: 0.09s|train_loss 0.00014336|val_loss 0.00016116
Epoch 644|time: 0.09s|train_loss 0.00013905|val_loss 0.00016596
Epoch 645|time: 0.09s|train_loss 0.00015390|val_loss 0.00016787
Epoch 646|time: 0.09s|train_loss 0.00014482|val_loss 0.00016457
Epoch 647|time: 0.09s|train_loss 0.00013606|val_loss 0.00016926
Epoch 648|time: 0.09s|train_loss 0.00013720|val_loss 0.00017176
Epoch 649|time: 0.09s|train_loss 0.00015807|val_loss 0.00016657
Epoch 650|time: 0.09s|train_loss 0.00015238|val_loss 0.00016326
Epoch 651|time: 0.09s|train_loss 0.00013976|val_loss 0.00017056
Epoch 652|time: 0.09s|train_loss 0.00015424|val_loss 0.00016030
Epoch 653|time: 0.09s|train_loss 0.00014983|val_loss 0.00017798
Epoch 654|time: 0.09s|train_loss 0.00014197|val_loss 0.00016612
Epoch 655|time: 0.09s|train_loss 0.00013236|val_loss 0.00015883
Best validation epoch: 655 Sat May 13 00:52:07 2023
TEST MAE 0.2462 std 0.0806 RMSE 0.4001 RMSEs 0.3804 PCC 0.9217 PCCs 0.8961 R2 0.8202 R2s 0.7323 Var 0.8256 Vars 0.7466 Peak 0.1501
Epoch 656|time: 0.09s|train_loss 0.00013719|val_loss 0.00016581
Epoch 657|time: 0.09s|train_loss 0.00013376|val_loss 0.00017068
Epoch 658|time: 0.09s|train_loss 0.00013697|val_loss 0.00017039
Epoch 659|time: 0.09s|train_loss 0.00013870|val_loss 0.00016512
Epoch 660|time: 0.09s|train_loss 0.00013291|val_loss 0.00017233
Epoch 661|time: 0.09s|train_loss 0.00013606|val_loss 0.00017354
Epoch 662|time: 0.09s|train_loss 0.00014986|val_loss 0.00016845
Epoch 663|time: 0.09s|train_loss 0.00014295|val_loss 0.00016162
Epoch 664|time: 0.09s|train_loss 0.00014573|val_loss 0.00016883
Epoch 665|time: 0.09s|train_loss 0.00013828|val_loss 0.00017817
Epoch 666|time: 0.09s|train_loss 0.00013933|val_loss 0.00016313
Epoch 667|time: 0.09s|train_loss 0.00013091|val_loss 0.00016483
Epoch 668|time: 0.09s|train_loss 0.00013237|val_loss 0.00017497
Epoch 669|time: 0.09s|train_loss 0.00013580|val_loss 0.00016288
Epoch 670|time: 0.09s|train_loss 0.00015243|val_loss 0.00015890
Epoch 671|time: 0.09s|train_loss 0.00013891|val_loss 0.00016594
Epoch 672|time: 0.09s|train_loss 0.00013713|val_loss 0.00018423
Epoch 673|time: 0.09s|train_loss 0.00013989|val_loss 0.00016965
Epoch 674|time: 0.09s|train_loss 0.00012892|val_loss 0.00016183
Epoch 675|time: 0.09s|train_loss 0.00012952|val_loss 0.00016720
Epoch 676|time: 0.09s|train_loss 0.00013230|val_loss 0.00016808
Epoch 677|time: 0.09s|train_loss 0.00013727|val_loss 0.00016537
Epoch 678|time: 0.09s|train_loss 0.00013631|val_loss 0.00016437
Epoch 679|time: 0.09s|train_loss 0.00014457|val_loss 0.00017515
Epoch 680|time: 0.09s|train_loss 0.00014519|val_loss 0.00017514
Epoch 681|time: 0.09s|train_loss 0.00013876|val_loss 0.00016949
Epoch 682|time: 0.09s|train_loss 0.00013930|val_loss 0.00016924
Epoch 683|time: 0.09s|train_loss 0.00013786|val_loss 0.00016216
Epoch 684|time: 0.09s|train_loss 0.00013524|val_loss 0.00016306
Epoch 685|time: 0.09s|train_loss 0.00012513|val_loss 0.00016343
Epoch 686|time: 0.09s|train_loss 0.00014114|val_loss 0.00016237
Epoch 687|time: 0.09s|train_loss 0.00013628|val_loss 0.00016151
Epoch 688|time: 0.09s|train_loss 0.00013517|val_loss 0.00018530
Epoch 689|time: 0.09s|train_loss 0.00015080|val_loss 0.00016689
Epoch 690|time: 0.09s|train_loss 0.00013706|val_loss 0.00016276
Epoch 691|time: 0.09s|train_loss 0.00014510|val_loss 0.00017601
Epoch 692|time: 0.09s|train_loss 0.00013381|val_loss 0.00016811
Epoch 693|time: 0.09s|train_loss 0.00013580|val_loss 0.00016291
Epoch 694|time: 0.09s|train_loss 0.00013870|val_loss 0.00017791
Epoch 695|time: 0.09s|train_loss 0.00015605|val_loss 0.00016338
Epoch 696|time: 0.09s|train_loss 0.00014390|val_loss 0.00018813
Epoch 697|time: 0.09s|train_loss 0.00013685|val_loss 0.00016265
Epoch 698|time: 0.09s|train_loss 0.00014102|val_loss 0.00015867
Best validation epoch: 698 Sat May 13 00:52:11 2023
TEST MAE 0.2301 std 0.0740 RMSE 0.3746 RMSEs 0.3565 PCC 0.9247 PCCs 0.8992 R2 0.8423 R2s 0.7669 Var 0.8448 Vars 0.7762 Peak 0.1393
Epoch 699|time: 0.09s|train_loss 0.00013044|val_loss 0.00016519
Epoch 700|time: 0.09s|train_loss 0.00014046|val_loss 0.00016886
Epoch 701|time: 0.09s|train_loss 0.00013554|val_loss 0.00016627
Epoch 702|time: 0.09s|train_loss 0.00013926|val_loss 0.00016950
Epoch 703|time: 0.09s|train_loss 0.00013438|val_loss 0.00016107
Epoch 704|time: 0.09s|train_loss 0.00013531|val_loss 0.00017883
Epoch 705|time: 0.09s|train_loss 0.00014125|val_loss 0.00017806
Epoch 706|time: 0.09s|train_loss 0.00013139|val_loss 0.00016033
Epoch 707|time: 0.09s|train_loss 0.00013324|val_loss 0.00016440
Epoch 708|time: 0.09s|train_loss 0.00012867|val_loss 0.00018746
Epoch 709|time: 0.09s|train_loss 0.00013926|val_loss 0.00016933
Epoch 710|time: 0.09s|train_loss 0.00014114|val_loss 0.00016465
Epoch 711|time: 0.09s|train_loss 0.00014614|val_loss 0.00016884
Epoch 712|time: 0.09s|train_loss 0.00014811|val_loss 0.00017387
Epoch 713|time: 0.09s|train_loss 0.00014171|val_loss 0.00017238
Epoch 714|time: 0.09s|train_loss 0.00013547|val_loss 0.00017015
Epoch 715|time: 0.09s|train_loss 0.00013303|val_loss 0.00016385
Epoch 716|time: 0.09s|train_loss 0.00014234|val_loss 0.00015880
Epoch 717|time: 0.09s|train_loss 0.00014390|val_loss 0.00016985
Epoch 718|time: 0.09s|train_loss 0.00014981|val_loss 0.00016873
Epoch 719|time: 0.09s|train_loss 0.00013465|val_loss 0.00016705
Epoch 720|time: 0.09s|train_loss 0.00013479|val_loss 0.00016158
Epoch 721|time: 0.09s|train_loss 0.00013383|val_loss 0.00016534
Epoch 722|time: 0.09s|train_loss 0.00013667|val_loss 0.00017611
Epoch 723|time: 0.09s|train_loss 0.00013445|val_loss 0.00016034
Epoch 724|time: 0.09s|train_loss 0.00012942|val_loss 0.00017307
Epoch 725|time: 0.09s|train_loss 0.00012912|val_loss 0.00016776
Epoch 726|time: 0.09s|train_loss 0.00014431|val_loss 0.00016279
Epoch 727|time: 0.09s|train_loss 0.00013535|val_loss 0.00016366
Epoch 728|time: 0.09s|train_loss 0.00013694|val_loss 0.00017859
Epoch 729|time: 0.09s|train_loss 0.00014236|val_loss 0.00017117
Epoch 730|time: 0.09s|train_loss 0.00014102|val_loss 0.00015771
Best validation epoch: 730 Sat May 13 00:52:14 2023
TEST MAE 0.2290 std 0.0710 RMSE 0.3681 RMSEs 0.3513 PCC 0.9266 PCCs 0.9004 R2 0.8478 R2s 0.7734 Var 0.8506 Vars 0.7835 Peak 0.1352
Epoch 731|time: 0.09s|train_loss 0.00013450|val_loss 0.00015683
Best validation epoch: 731 Sat May 13 00:52:14 2023
TEST MAE 0.2532 std 0.0861 RMSE 0.4124 RMSEs 0.3916 PCC 0.9214 PCCs 0.8981 R2 0.8090 R2s 0.7098 Var 0.8192 Vars 0.7355 Peak 0.1526
Epoch 732|time: 0.09s|train_loss 0.00015758|val_loss 0.00016481
Epoch 733|time: 0.09s|train_loss 0.00013447|val_loss 0.00016721
Epoch 734|time: 0.09s|train_loss 0.00012598|val_loss 0.00017121
Epoch 735|time: 0.09s|train_loss 0.00014344|val_loss 0.00016040
Epoch 736|time: 0.09s|train_loss 0.00013693|val_loss 0.00017153
Epoch 737|time: 0.09s|train_loss 0.00013271|val_loss 0.00017012
Epoch 738|time: 0.09s|train_loss 0.00013672|val_loss 0.00016659
Epoch 739|time: 0.09s|train_loss 0.00013486|val_loss 0.00016196
Epoch 740|time: 0.09s|train_loss 0.00013407|val_loss 0.00017568
Epoch 741|time: 0.09s|train_loss 0.00013617|val_loss 0.00016028
Epoch 742|time: 0.09s|train_loss 0.00013458|val_loss 0.00016198
Epoch 743|time: 0.09s|train_loss 0.00015965|val_loss 0.00017483
Epoch 744|time: 0.09s|train_loss 0.00014744|val_loss 0.00017498
Epoch 745|time: 0.09s|train_loss 0.00012939|val_loss 0.00015816
Epoch 746|time: 0.09s|train_loss 0.00013048|val_loss 0.00016023
Epoch 747|time: 0.09s|train_loss 0.00012636|val_loss 0.00016430
Epoch 748|time: 0.09s|train_loss 0.00012879|val_loss 0.00016364
Epoch 749|time: 0.09s|train_loss 0.00013304|val_loss 0.00016240
Epoch 750|time: 0.09s|train_loss 0.00012403|val_loss 0.00016073
Epoch 751|time: 0.09s|train_loss 0.00012794|val_loss 0.00016542
Epoch 752|time: 0.09s|train_loss 0.00013148|val_loss 0.00016888
Epoch 753|time: 0.09s|train_loss 0.00015277|val_loss 0.00016399
Epoch 754|time: 0.09s|train_loss 0.00013091|val_loss 0.00016616
Epoch 755|time: 0.09s|train_loss 0.00012862|val_loss 0.00016213
Epoch 756|time: 0.09s|train_loss 0.00012947|val_loss 0.00016898
Epoch 757|time: 0.09s|train_loss 0.00013078|val_loss 0.00016702
Epoch 758|time: 0.09s|train_loss 0.00012995|val_loss 0.00016849
Epoch 759|time: 0.09s|train_loss 0.00013562|val_loss 0.00016062
Epoch 760|time: 0.09s|train_loss 0.00013186|val_loss 0.00016275
Epoch 761|time: 0.09s|train_loss 0.00013578|val_loss 0.00016994
Epoch 762|time: 0.09s|train_loss 0.00012723|val_loss 0.00016269
Epoch 763|time: 0.09s|train_loss 0.00012992|val_loss 0.00016212
Epoch 764|time: 0.09s|train_loss 0.00013420|val_loss 0.00017738
Epoch 765|time: 0.09s|train_loss 0.00013405|val_loss 0.00016105
Epoch 766|time: 0.09s|train_loss 0.00013180|val_loss 0.00016417
Epoch 767|time: 0.09s|train_loss 0.00012645|val_loss 0.00016845
Epoch 768|time: 0.09s|train_loss 0.00013580|val_loss 0.00015710
Epoch 769|time: 0.09s|train_loss 0.00013587|val_loss 0.00016062
Epoch 770|time: 0.09s|train_loss 0.00013014|val_loss 0.00016397
Epoch 771|time: 0.09s|train_loss 0.00012400|val_loss 0.00016621
Epoch 772|time: 0.09s|train_loss 0.00013607|val_loss 0.00016626
Epoch 773|time: 0.09s|train_loss 0.00014768|val_loss 0.00016007
Epoch 774|time: 0.09s|train_loss 0.00013737|val_loss 0.00016986
Epoch 775|time: 0.09s|train_loss 0.00013184|val_loss 0.00016673
Epoch 776|time: 0.09s|train_loss 0.00014572|val_loss 0.00016389
Epoch 777|time: 0.09s|train_loss 0.00014556|val_loss 0.00016099
Epoch 778|time: 0.09s|train_loss 0.00013768|val_loss 0.00016321
Epoch 779|time: 0.09s|train_loss 0.00013956|val_loss 0.00018679
Epoch 780|time: 0.09s|train_loss 0.00014696|val_loss 0.00016891
Epoch 781|time: 0.09s|train_loss 0.00013486|val_loss 0.00015775
Epoch 782|time: 0.09s|train_loss 0.00014387|val_loss 0.00016296
Epoch 783|time: 0.09s|train_loss 0.00013108|val_loss 0.00016817
Epoch 784|time: 0.09s|train_loss 0.00013145|val_loss 0.00016047
Epoch 785|time: 0.09s|train_loss 0.00013241|val_loss 0.00016307
Epoch 786|time: 0.09s|train_loss 0.00012894|val_loss 0.00017414
Epoch 787|time: 0.09s|train_loss 0.00014610|val_loss 0.00017098
Epoch 788|time: 0.09s|train_loss 0.00013442|val_loss 0.00016229
Epoch 789|time: 0.09s|train_loss 0.00012819|val_loss 0.00016618
Epoch 790|time: 0.09s|train_loss 0.00012929|val_loss 0.00017117
Epoch 791|time: 0.09s|train_loss 0.00013346|val_loss 0.00016125
Epoch 792|time: 0.09s|train_loss 0.00012805|val_loss 0.00015877
Epoch 793|time: 0.09s|train_loss 0.00013158|val_loss 0.00018257
Epoch 794|time: 0.09s|train_loss 0.00013870|val_loss 0.00016919
Epoch 795|time: 0.09s|train_loss 0.00014419|val_loss 0.00016384
Epoch 796|time: 0.09s|train_loss 0.00013896|val_loss 0.00016362
Epoch 797|time: 0.09s|train_loss 0.00014346|val_loss 0.00016731
Epoch 798|time: 0.09s|train_loss 0.00014401|val_loss 0.00015942
Epoch 799|time: 0.09s|train_loss 0.00012728|val_loss 0.00016293
Epoch 800|time: 0.09s|train_loss 0.00012861|val_loss 0.00016176
Epoch 801|time: 0.09s|train_loss 0.00012065|val_loss 0.00016590
Epoch 802|time: 0.09s|train_loss 0.00012623|val_loss 0.00016302
Epoch 803|time: 0.09s|train_loss 0.00013509|val_loss 0.00016317
Epoch 804|time: 0.09s|train_loss 0.00012953|val_loss 0.00016652
Epoch 805|time: 0.09s|train_loss 0.00013076|val_loss 0.00016877
Epoch 806|time: 0.09s|train_loss 0.00013234|val_loss 0.00016337
Epoch 807|time: 0.09s|train_loss 0.00014394|val_loss 0.00016613
Epoch 808|time: 0.09s|train_loss 0.00014671|val_loss 0.00016377
Epoch 809|time: 0.09s|train_loss 0.00014145|val_loss 0.00018226
Epoch 810|time: 0.09s|train_loss 0.00014577|val_loss 0.00016851
Epoch 811|time: 0.09s|train_loss 0.00014133|val_loss 0.00016366
Epoch 812|time: 0.09s|train_loss 0.00013017|val_loss 0.00016132
Epoch 813|time: 0.09s|train_loss 0.00013375|val_loss 0.00016251
Epoch 814|time: 0.09s|train_loss 0.00014272|val_loss 0.00017747
Epoch 815|time: 0.09s|train_loss 0.00013666|val_loss 0.00016384
Epoch 816|time: 0.09s|train_loss 0.00013550|val_loss 0.00016301
Epoch 817|time: 0.09s|train_loss 0.00013274|val_loss 0.00017519
Epoch 818|time: 0.09s|train_loss 0.00015032|val_loss 0.00016374
Epoch 819|time: 0.09s|train_loss 0.00014164|val_loss 0.00018332
Epoch 820|time: 0.09s|train_loss 0.00013755|val_loss 0.00017165
Epoch 821|time: 0.09s|train_loss 0.00012877|val_loss 0.00016554
Epoch 822|time: 0.09s|train_loss 0.00012407|val_loss 0.00016345
Epoch 823|time: 0.09s|train_loss 0.00013887|val_loss 0.00017168
Epoch 824|time: 0.09s|train_loss 0.00013007|val_loss 0.00016403
Epoch 825|time: 0.09s|train_loss 0.00013902|val_loss 0.00016504
Epoch 826|time: 0.09s|train_loss 0.00013112|val_loss 0.00016738
Epoch 827|time: 0.09s|train_loss 0.00012786|val_loss 0.00016549
Epoch 828|time: 0.09s|train_loss 0.00013445|val_loss 0.00016742
Epoch 829|time: 0.09s|train_loss 0.00012792|val_loss 0.00016532
Epoch 830|time: 0.09s|train_loss 0.00012785|val_loss 0.00016147
Epoch 831|time: 0.09s|train_loss 0.00013392|val_loss 0.00016638
Epoch 832|time: 0.09s|train_loss 0.00012355|val_loss 0.00016794
Epoch 833|time: 0.09s|train_loss 0.00013136|val_loss 0.00016148
Epoch 834|time: 0.09s|train_loss 0.00013204|val_loss 0.00017292
Epoch 835|time: 0.09s|train_loss 0.00013529|val_loss 0.00017395
Epoch 836|time: 0.09s|train_loss 0.00013786|val_loss 0.00015756
Epoch 837|time: 0.09s|train_loss 0.00012777|val_loss 0.00017172
Epoch 838|time: 0.09s|train_loss 0.00012878|val_loss 0.00016764
Epoch 839|time: 0.09s|train_loss 0.00013904|val_loss 0.00016998
Epoch 840|time: 0.09s|train_loss 0.00013796|val_loss 0.00017069
Epoch 841|time: 0.09s|train_loss 0.00014552|val_loss 0.00017378
Epoch 842|time: 0.09s|train_loss 0.00015314|val_loss 0.00016175
Epoch 843|time: 0.09s|train_loss 0.00012442|val_loss 0.00016952
Epoch 844|time: 0.09s|train_loss 0.00013804|val_loss 0.00015992
Epoch 845|time: 0.09s|train_loss 0.00013451|val_loss 0.00016263
Epoch 846|time: 0.09s|train_loss 0.00013646|val_loss 0.00016287
Epoch 847|time: 0.09s|train_loss 0.00013316|val_loss 0.00018109
Epoch 848|time: 0.09s|train_loss 0.00013902|val_loss 0.00016360
Epoch 849|time: 0.09s|train_loss 0.00013166|val_loss 0.00015870
Epoch 850|time: 0.09s|train_loss 0.00012930|val_loss 0.00016236
Epoch 851|time: 0.09s|train_loss 0.00012848|val_loss 0.00016251
Epoch 852|time: 0.09s|train_loss 0.00013594|val_loss 0.00017371
Epoch 853|time: 0.09s|train_loss 0.00015555|val_loss 0.00016122
Epoch 854|time: 0.09s|train_loss 0.00013832|val_loss 0.00017321
Epoch 855|time: 0.09s|train_loss 0.00013441|val_loss 0.00017244
Epoch 856|time: 0.09s|train_loss 0.00014172|val_loss 0.00016106
Epoch 857|time: 0.09s|train_loss 0.00013909|val_loss 0.00016288
Epoch 858|time: 0.09s|train_loss 0.00014152|val_loss 0.00015960
Epoch 859|time: 0.09s|train_loss 0.00013689|val_loss 0.00017434
Epoch 860|time: 0.09s|train_loss 0.00012747|val_loss 0.00016331
Epoch 861|time: 0.09s|train_loss 0.00013245|val_loss 0.00015992
Epoch 862|time: 0.09s|train_loss 0.00013840|val_loss 0.00016916
Epoch 863|time: 0.09s|train_loss 0.00012669|val_loss 0.00016327
Epoch 864|time: 0.09s|train_loss 0.00013602|val_loss 0.00016213
Epoch 865|time: 0.09s|train_loss 0.00012699|val_loss 0.00016836
Epoch 866|time: 0.09s|train_loss 0.00012869|val_loss 0.00016201
Epoch 867|time: 0.09s|train_loss 0.00013043|val_loss 0.00016773
Epoch 868|time: 0.09s|train_loss 0.00012602|val_loss 0.00016487
Epoch 869|time: 0.09s|train_loss 0.00013116|val_loss 0.00016683
Epoch 870|time: 0.09s|train_loss 0.00013246|val_loss 0.00016292
Epoch 871|time: 0.09s|train_loss 0.00013118|val_loss 0.00015862
Epoch 872|time: 0.09s|train_loss 0.00012857|val_loss 0.00016294
Epoch 873|time: 0.09s|train_loss 0.00012553|val_loss 0.00016431
Epoch 874|time: 0.09s|train_loss 0.00013764|val_loss 0.00015789
Epoch 875|time: 0.09s|train_loss 0.00013229|val_loss 0.00017190
Epoch 876|time: 0.09s|train_loss 0.00012907|val_loss 0.00017066
Epoch 877|time: 0.09s|train_loss 0.00014427|val_loss 0.00015763
Epoch 878|time: 0.09s|train_loss 0.00014099|val_loss 0.00017140
Epoch 879|time: 0.09s|train_loss 0.00018117|val_loss 0.00017780
Epoch 880|time: 0.09s|train_loss 0.00015339|val_loss 0.00016673
Epoch 881|time: 0.09s|train_loss 0.00013068|val_loss 0.00016509
Epoch 882|time: 0.09s|train_loss 0.00013210|val_loss 0.00017378
Epoch 883|time: 0.09s|train_loss 0.00013882|val_loss 0.00016084
Epoch 884|time: 0.09s|train_loss 0.00013761|val_loss 0.00016376
Epoch 885|time: 0.09s|train_loss 0.00012823|val_loss 0.00016703
Epoch 886|time: 0.09s|train_loss 0.00013601|val_loss 0.00015957
Epoch 887|time: 0.09s|train_loss 0.00014582|val_loss 0.00016315
Epoch 888|time: 0.09s|train_loss 0.00013884|val_loss 0.00017076
Epoch 889|time: 0.09s|train_loss 0.00013539|val_loss 0.00016316
Epoch 890|time: 0.09s|train_loss 0.00013269|val_loss 0.00016644
Epoch 891|time: 0.09s|train_loss 0.00013310|val_loss 0.00016078
Epoch 892|time: 0.09s|train_loss 0.00012930|val_loss 0.00015672
Best validation epoch: 892 Sat May 13 00:52:29 2023
TEST MAE 0.2658 std 0.0909 RMSE 0.4415 RMSEs 0.4181 PCC 0.9187 PCCs 0.8959 R2 0.7810 R2s 0.6665 Var 0.7987 Vars 0.7059 Peak 0.1631
Epoch 893|time: 0.09s|train_loss 0.00013768|val_loss 0.00016225
Epoch 894|time: 0.09s|train_loss 0.00012716|val_loss 0.00016954
Epoch 895|time: 0.09s|train_loss 0.00013093|val_loss 0.00016523
Epoch 896|time: 0.09s|train_loss 0.00013656|val_loss 0.00015801
Epoch 897|time: 0.09s|train_loss 0.00014912|val_loss 0.00016089
Epoch 898|time: 0.09s|train_loss 0.00013471|val_loss 0.00018181
Epoch 899|time: 0.09s|train_loss 0.00013884|val_loss 0.00015718
Epoch 900|time: 0.09s|train_loss 0.00013416|val_loss 0.00016008
Epoch 901|time: 0.09s|train_loss 0.00013228|val_loss 0.00016663
Epoch 902|time: 0.09s|train_loss 0.00014044|val_loss 0.00016794
Epoch 903|time: 0.09s|train_loss 0.00013349|val_loss 0.00016592
Epoch 904|time: 0.09s|train_loss 0.00015067|val_loss 0.00015715
Epoch 905|time: 0.09s|train_loss 0.00014582|val_loss 0.00016914
Epoch 906|time: 0.09s|train_loss 0.00014785|val_loss 0.00016297
Epoch 907|time: 0.09s|train_loss 0.00012929|val_loss 0.00016026
Epoch 908|time: 0.09s|train_loss 0.00013997|val_loss 0.00017004
Epoch 909|time: 0.09s|train_loss 0.00013040|val_loss 0.00017444
Epoch 910|time: 0.09s|train_loss 0.00014287|val_loss 0.00017151
Epoch 911|time: 0.09s|train_loss 0.00014550|val_loss 0.00016951
Epoch 912|time: 0.09s|train_loss 0.00013461|val_loss 0.00016158
Epoch 913|time: 0.09s|train_loss 0.00013379|val_loss 0.00016313
Epoch 914|time: 0.09s|train_loss 0.00013213|val_loss 0.00017014
Epoch 915|time: 0.09s|train_loss 0.00013036|val_loss 0.00016172
Epoch 916|time: 0.09s|train_loss 0.00013148|val_loss 0.00017501
Epoch 917|time: 0.09s|train_loss 0.00013874|val_loss 0.00016939
Epoch 918|time: 0.09s|train_loss 0.00012836|val_loss 0.00016037
Epoch 919|time: 0.09s|train_loss 0.00014039|val_loss 0.00016434
Epoch 920|time: 0.09s|train_loss 0.00014144|val_loss 0.00017018
Epoch 921|time: 0.09s|train_loss 0.00013534|val_loss 0.00017534
Epoch 922|time: 0.09s|train_loss 0.00014551|val_loss 0.00016182
Epoch 923|time: 0.09s|train_loss 0.00013730|val_loss 0.00016343
Epoch 924|time: 0.09s|train_loss 0.00015822|val_loss 0.00016417
Epoch 925|time: 0.09s|train_loss 0.00013036|val_loss 0.00017048
Epoch 926|time: 0.09s|train_loss 0.00013710|val_loss 0.00016412
Epoch 927|time: 0.09s|train_loss 0.00012579|val_loss 0.00016262
Epoch 928|time: 0.09s|train_loss 0.00013221|val_loss 0.00017026
Epoch 929|time: 0.09s|train_loss 0.00013447|val_loss 0.00016722
Epoch 930|time: 0.09s|train_loss 0.00014197|val_loss 0.00016297
Epoch 931|time: 0.09s|train_loss 0.00013950|val_loss 0.00016700
Epoch 932|time: 0.09s|train_loss 0.00014052|val_loss 0.00016598
Epoch 933|time: 0.09s|train_loss 0.00012854|val_loss 0.00016076
Epoch 934|time: 0.09s|train_loss 0.00012589|val_loss 0.00016392
Epoch 935|time: 0.09s|train_loss 0.00013124|val_loss 0.00016814
Epoch 936|time: 0.09s|train_loss 0.00012285|val_loss 0.00016660
Epoch 937|time: 0.09s|train_loss 0.00013399|val_loss 0.00016577
Epoch 938|time: 0.09s|train_loss 0.00013062|val_loss 0.00016056
Epoch 939|time: 0.09s|train_loss 0.00014093|val_loss 0.00017557
Epoch 940|time: 0.09s|train_loss 0.00013309|val_loss 0.00016412
Epoch 941|time: 0.09s|train_loss 0.00013057|val_loss 0.00015844
Epoch 942|time: 0.09s|train_loss 0.00014063|val_loss 0.00015813
Epoch 943|time: 0.09s|train_loss 0.00012841|val_loss 0.00016214
Epoch 944|time: 0.09s|train_loss 0.00012226|val_loss 0.00016560
Epoch 945|time: 0.09s|train_loss 0.00012592|val_loss 0.00016463
Epoch 946|time: 0.09s|train_loss 0.00013068|val_loss 0.00016335
Epoch 947|time: 0.09s|train_loss 0.00012880|val_loss 0.00016492
Epoch 948|time: 0.09s|train_loss 0.00013846|val_loss 0.00017229
Epoch 949|time: 0.09s|train_loss 0.00012992|val_loss 0.00016521
Epoch 950|time: 0.09s|train_loss 0.00013419|val_loss 0.00016044
Epoch 951|time: 0.09s|train_loss 0.00012676|val_loss 0.00016486
Epoch 952|time: 0.09s|train_loss 0.00012875|val_loss 0.00017427
Epoch 953|time: 0.09s|train_loss 0.00012950|val_loss 0.00016803
Epoch 954|time: 0.09s|train_loss 0.00012563|val_loss 0.00016003
Epoch 955|time: 0.09s|train_loss 0.00013975|val_loss 0.00016695
Epoch 956|time: 0.09s|train_loss 0.00012999|val_loss 0.00016569
Epoch 957|time: 0.09s|train_loss 0.00013377|val_loss 0.00016457
Epoch 958|time: 0.09s|train_loss 0.00013142|val_loss 0.00016290
Epoch 959|time: 0.09s|train_loss 0.00014051|val_loss 0.00016391
Epoch 960|time: 0.09s|train_loss 0.00014229|val_loss 0.00016129
Epoch 961|time: 0.09s|train_loss 0.00012827|val_loss 0.00016473
Epoch 962|time: 0.09s|train_loss 0.00012972|val_loss 0.00016819
Epoch 963|time: 0.09s|train_loss 0.00012814|val_loss 0.00016157
Epoch 964|time: 0.09s|train_loss 0.00013578|val_loss 0.00015920
Epoch 965|time: 0.09s|train_loss 0.00012905|val_loss 0.00016711
Epoch 966|time: 0.09s|train_loss 0.00013432|val_loss 0.00017192
Epoch 967|time: 0.09s|train_loss 0.00012745|val_loss 0.00016245
Epoch 968|time: 0.09s|train_loss 0.00012696|val_loss 0.00016113
Epoch 969|time: 0.09s|train_loss 0.00013012|val_loss 0.00016199
Epoch 970|time: 0.09s|train_loss 0.00014759|val_loss 0.00016502
Epoch 971|time: 0.09s|train_loss 0.00013562|val_loss 0.00016621
Epoch 972|time: 0.09s|train_loss 0.00014884|val_loss 0.00016279
Epoch 973|time: 0.09s|train_loss 0.00012756|val_loss 0.00016224
Epoch 974|time: 0.09s|train_loss 0.00012288|val_loss 0.00016533
Epoch 975|time: 0.09s|train_loss 0.00013125|val_loss 0.00016645
Epoch 976|time: 0.09s|train_loss 0.00012635|val_loss 0.00016353
Epoch 977|time: 0.09s|train_loss 0.00012532|val_loss 0.00015658
Best validation epoch: 977 Sat May 13 00:52:37 2023
TEST MAE 0.2535 std 0.0887 RMSE 0.4194 RMSEs 0.3972 PCC 0.9186 PCCs 0.8944 R2 0.8024 R2s 0.7018 Var 0.8093 Vars 0.7206 Peak 0.1565
Epoch 978|time: 0.09s|train_loss 0.00012854|val_loss 0.00016110
Epoch 979|time: 0.09s|train_loss 0.00012627|val_loss 0.00017217
Epoch 980|time: 0.09s|train_loss 0.00014459|val_loss 0.00015847
Epoch 981|time: 0.09s|train_loss 0.00013367|val_loss 0.00015930
Epoch 982|time: 0.09s|train_loss 0.00012509|val_loss 0.00016013
Epoch 983|time: 0.09s|train_loss 0.00012773|val_loss 0.00016590
Epoch 984|time: 0.09s|train_loss 0.00013647|val_loss 0.00016175
Epoch 985|time: 0.09s|train_loss 0.00012425|val_loss 0.00016092
Epoch 986|time: 0.09s|train_loss 0.00013419|val_loss 0.00018115
Epoch 987|time: 0.09s|train_loss 0.00013131|val_loss 0.00016736
Epoch 988|time: 0.09s|train_loss 0.00013403|val_loss 0.00016274
Epoch 989|time: 0.09s|train_loss 0.00013522|val_loss 0.00015575
Best validation epoch: 989 Sat May 13 00:52:38 2023
TEST MAE 0.2400 std 0.0778 RMSE 0.3919 RMSEs 0.3732 PCC 0.9222 PCCs 0.8959 R2 0.8274 R2s 0.7399 Var 0.8329 Vars 0.7560 Peak 0.1446
Epoch 990|time: 0.09s|train_loss 0.00012524|val_loss 0.00015833
Epoch 991|time: 0.09s|train_loss 0.00013264|val_loss 0.00017103
Epoch 992|time: 0.09s|train_loss 0.00012946|val_loss 0.00015770
Epoch 993|time: 0.09s|train_loss 0.00012883|val_loss 0.00016361
Epoch 994|time: 0.09s|train_loss 0.00012826|val_loss 0.00016169
Epoch 995|time: 0.09s|train_loss 0.00012449|val_loss 0.00016433
Epoch 996|time: 0.09s|train_loss 0.00012391|val_loss 0.00016255
Epoch 997|time: 0.09s|train_loss 0.00012823|val_loss 0.00016565
Epoch 998|time: 0.09s|train_loss 0.00013513|val_loss 0.00016498
Epoch 999|time: 0.09s|train_loss 0.00013573|val_loss 0.00017114
Epoch 1000|time: 0.09s|train_loss 0.00012590|val_loss 0.00016476
Epoch 1001|time: 0.09s|train_loss 0.00012952|val_loss 0.00016526
Epoch 1002|time: 0.09s|train_loss 0.00013318|val_loss 0.00017141
Epoch 1003|time: 0.09s|train_loss 0.00013478|val_loss 0.00016554
Epoch 1004|time: 0.09s|train_loss 0.00013843|val_loss 0.00016465
Epoch 1005|time: 0.09s|train_loss 0.00013212|val_loss 0.00015902
Epoch 1006|time: 0.09s|train_loss 0.00013225|val_loss 0.00016525
Epoch 1007|time: 0.09s|train_loss 0.00013879|val_loss 0.00017289
Epoch 1008|time: 0.09s|train_loss 0.00013258|val_loss 0.00016335
Epoch 1009|time: 0.09s|train_loss 0.00012536|val_loss 0.00015966
Epoch 1010|time: 0.09s|train_loss 0.00013096|val_loss 0.00017237
Epoch 1011|time: 0.09s|train_loss 0.00013521|val_loss 0.00015922
Epoch 1012|time: 0.09s|train_loss 0.00013124|val_loss 0.00016953
Epoch 1013|time: 0.09s|train_loss 0.00013037|val_loss 0.00016294
Epoch 1014|time: 0.09s|train_loss 0.00012703|val_loss 0.00016757
Epoch 1015|time: 0.09s|train_loss 0.00012847|val_loss 0.00016594
Epoch 1016|time: 0.09s|train_loss 0.00013136|val_loss 0.00015949
Epoch 1017|time: 0.09s|train_loss 0.00013311|val_loss 0.00016217
Epoch 1018|time: 0.09s|train_loss 0.00013259|val_loss 0.00016591
Epoch 1019|time: 0.09s|train_loss 0.00012688|val_loss 0.00016169
Epoch 1020|time: 0.09s|train_loss 0.00013059|val_loss 0.00016167
Epoch 1021|time: 0.09s|train_loss 0.00013478|val_loss 0.00016424
Epoch 1022|time: 0.09s|train_loss 0.00014739|val_loss 0.00016530
Epoch 1023|time: 0.09s|train_loss 0.00013279|val_loss 0.00017483
Epoch 1024|time: 0.09s|train_loss 0.00013242|val_loss 0.00016112
Epoch 1025|time: 0.09s|train_loss 0.00012457|val_loss 0.00016363
Epoch 1026|time: 0.09s|train_loss 0.00012908|val_loss 0.00016315
Epoch 1027|time: 0.09s|train_loss 0.00013952|val_loss 0.00016207
Epoch 1028|time: 0.09s|train_loss 0.00014193|val_loss 0.00017350
Epoch 1029|time: 0.09s|train_loss 0.00013358|val_loss 0.00016055
Epoch 1030|time: 0.09s|train_loss 0.00013505|val_loss 0.00016283
Epoch 1031|time: 0.09s|train_loss 0.00014240|val_loss 0.00016319
Epoch 1032|time: 0.09s|train_loss 0.00013086|val_loss 0.00015671
Epoch 1033|time: 0.09s|train_loss 0.00013002|val_loss 0.00016939
Epoch 1034|time: 0.09s|train_loss 0.00013632|val_loss 0.00016615
Epoch 1035|time: 0.09s|train_loss 0.00012900|val_loss 0.00016460
Epoch 1036|time: 0.09s|train_loss 0.00012761|val_loss 0.00016251
Epoch 1037|time: 0.09s|train_loss 0.00013522|val_loss 0.00016775
Epoch 1038|time: 0.09s|train_loss 0.00013212|val_loss 0.00016083
Epoch 1039|time: 0.09s|train_loss 0.00013023|val_loss 0.00016335
Epoch 1040|time: 0.09s|train_loss 0.00013268|val_loss 0.00015952
Epoch 1041|time: 0.09s|train_loss 0.00013318|val_loss 0.00016581
Epoch 1042|time: 0.09s|train_loss 0.00012416|val_loss 0.00015966
Epoch 1043|time: 0.09s|train_loss 0.00012378|val_loss 0.00016067
Epoch 1044|time: 0.09s|train_loss 0.00012466|val_loss 0.00017052
Epoch 1045|time: 0.09s|train_loss 0.00013431|val_loss 0.00016968
Epoch 1046|time: 0.09s|train_loss 0.00014891|val_loss 0.00016840
Epoch 1047|time: 0.09s|train_loss 0.00014415|val_loss 0.00016279
Epoch 1048|time: 0.09s|train_loss 0.00013686|val_loss 0.00016564
Epoch 1049|time: 0.09s|train_loss 0.00012276|val_loss 0.00016602
Epoch 1050|time: 0.09s|train_loss 0.00012484|val_loss 0.00016420
Epoch 1051|time: 0.09s|train_loss 0.00013490|val_loss 0.00016113
Epoch 1052|time: 0.09s|train_loss 0.00012217|val_loss 0.00016066
Epoch 1053|time: 0.09s|train_loss 0.00012403|val_loss 0.00016369
Epoch 1054|time: 0.09s|train_loss 0.00013188|val_loss 0.00016808
Epoch 1055|time: 0.09s|train_loss 0.00012570|val_loss 0.00017267
Epoch 1056|time: 0.09s|train_loss 0.00014183|val_loss 0.00015756
Epoch 1057|time: 0.09s|train_loss 0.00013365|val_loss 0.00016062
Epoch 1058|time: 0.09s|train_loss 0.00014227|val_loss 0.00015954
Epoch 1059|time: 0.09s|train_loss 0.00013670|val_loss 0.00017060
Epoch 1060|time: 0.09s|train_loss 0.00012297|val_loss 0.00016476
Epoch 1061|time: 0.09s|train_loss 0.00012998|val_loss 0.00015789
Epoch 1062|time: 0.09s|train_loss 0.00012610|val_loss 0.00016128
Epoch 1063|time: 0.09s|train_loss 0.00014001|val_loss 0.00016817
Epoch 1064|time: 0.09s|train_loss 0.00013008|val_loss 0.00016052
Epoch 1065|time: 0.09s|train_loss 0.00013336|val_loss 0.00016156
Epoch 1066|time: 0.09s|train_loss 0.00012516|val_loss 0.00016319
Epoch 1067|time: 0.09s|train_loss 0.00012595|val_loss 0.00017076
Epoch 1068|time: 0.09s|train_loss 0.00013012|val_loss 0.00016464
Epoch 1069|time: 0.09s|train_loss 0.00013715|val_loss 0.00016228
Epoch 1070|time: 0.09s|train_loss 0.00013949|val_loss 0.00016029
Epoch 1071|time: 0.09s|train_loss 0.00012861|val_loss 0.00017653
Epoch 1072|time: 0.09s|train_loss 0.00013430|val_loss 0.00016170
Epoch 1073|time: 0.09s|train_loss 0.00012574|val_loss 0.00015937
Epoch 1074|time: 0.09s|train_loss 0.00012784|val_loss 0.00016888
Epoch 1075|time: 0.09s|train_loss 0.00013434|val_loss 0.00016891
Epoch 1076|time: 0.09s|train_loss 0.00013713|val_loss 0.00016050
Epoch 1077|time: 0.09s|train_loss 0.00014063|val_loss 0.00016412
Epoch 1078|time: 0.09s|train_loss 0.00013019|val_loss 0.00016054
Epoch 1079|time: 0.09s|train_loss 0.00013326|val_loss 0.00017106
Epoch 1080|time: 0.09s|train_loss 0.00012781|val_loss 0.00016490
Epoch 1081|time: 0.09s|train_loss 0.00012510|val_loss 0.00016374
Epoch 1082|time: 0.09s|train_loss 0.00012865|val_loss 0.00016005
Epoch 1083|time: 0.09s|train_loss 0.00014684|val_loss 0.00016827
Epoch 1084|time: 0.09s|train_loss 0.00014003|val_loss 0.00016849
Epoch 1085|time: 0.09s|train_loss 0.00013038|val_loss 0.00016503
Epoch 1086|time: 0.09s|train_loss 0.00012550|val_loss 0.00016465
Epoch 1087|time: 0.09s|train_loss 0.00013263|val_loss 0.00016766
Epoch 1088|time: 0.09s|train_loss 0.00012943|val_loss 0.00016230
Epoch 1089|time: 0.09s|train_loss 0.00012940|val_loss 0.00016207
Epoch 1090|time: 0.09s|train_loss 0.00013249|val_loss 0.00016499
Epoch 1091|time: 0.09s|train_loss 0.00012894|val_loss 0.00017700
Epoch 1092|time: 0.09s|train_loss 0.00012576|val_loss 0.00016565
Epoch 1093|time: 0.09s|train_loss 0.00012511|val_loss 0.00015852
Epoch 1094|time: 0.09s|train_loss 0.00013104|val_loss 0.00016517
Epoch 1095|time: 0.09s|train_loss 0.00013117|val_loss 0.00016130
Epoch 1096|time: 0.09s|train_loss 0.00012179|val_loss 0.00017177
Epoch 1097|time: 0.09s|train_loss 0.00012635|val_loss 0.00015954
Epoch 1098|time: 0.09s|train_loss 0.00012692|val_loss 0.00016134
Epoch 1099|time: 0.09s|train_loss 0.00013733|val_loss 0.00017704
Epoch 1100|time: 0.09s|train_loss 0.00013068|val_loss 0.00016823
Epoch 1101|time: 0.09s|train_loss 0.00013955|val_loss 0.00016281
Epoch 1102|time: 0.09s|train_loss 0.00013778|val_loss 0.00016258
Epoch 1103|time: 0.09s|train_loss 0.00013215|val_loss 0.00016639
Epoch 1104|time: 0.09s|train_loss 0.00013037|val_loss 0.00016170
Epoch 1105|time: 0.09s|train_loss 0.00012917|val_loss 0.00016007
Epoch 1106|time: 0.09s|train_loss 0.00013326|val_loss 0.00015986
Epoch 1107|time: 0.09s|train_loss 0.00014373|val_loss 0.00015710
Epoch 1108|time: 0.09s|train_loss 0.00013115|val_loss 0.00016614
Epoch 1109|time: 0.09s|train_loss 0.00013082|val_loss 0.00016547
Epoch 1110|time: 0.09s|train_loss 0.00012905|val_loss 0.00016005
Epoch 1111|time: 0.09s|train_loss 0.00012772|val_loss 0.00016144
Epoch 1112|time: 0.09s|train_loss 0.00013358|val_loss 0.00016693
Epoch 1113|time: 0.09s|train_loss 0.00013652|val_loss 0.00015895
Epoch 1114|time: 0.09s|train_loss 0.00013483|val_loss 0.00016159
Epoch 1115|time: 0.09s|train_loss 0.00013433|val_loss 0.00017344
Epoch 1116|time: 0.09s|train_loss 0.00012845|val_loss 0.00017606
Epoch 1117|time: 0.09s|train_loss 0.00014467|val_loss 0.00016824
Epoch 1118|time: 0.09s|train_loss 0.00013751|val_loss 0.00016536
Epoch 1119|time: 0.09s|train_loss 0.00014211|val_loss 0.00016823
Epoch 1120|time: 0.09s|train_loss 0.00012649|val_loss 0.00016076
Epoch 1121|time: 0.09s|train_loss 0.00012329|val_loss 0.00016181
Epoch 1122|time: 0.09s|train_loss 0.00012755|val_loss 0.00016349
Epoch 1123|time: 0.09s|train_loss 0.00012129|val_loss 0.00016437
Epoch 1124|time: 0.09s|train_loss 0.00012587|val_loss 0.00016286
Epoch 1125|time: 0.09s|train_loss 0.00013190|val_loss 0.00016525
Epoch 1126|time: 0.09s|train_loss 0.00013379|val_loss 0.00016127
Epoch 1127|time: 0.09s|train_loss 0.00012131|val_loss 0.00016353
Epoch 1128|time: 0.09s|train_loss 0.00013531|val_loss 0.00016740
Epoch 1129|time: 0.09s|train_loss 0.00012439|val_loss 0.00016695
Epoch 1130|time: 0.09s|train_loss 0.00013046|val_loss 0.00016280
Epoch 1131|time: 0.09s|train_loss 0.00012884|val_loss 0.00016351
Epoch 1132|time: 0.09s|train_loss 0.00012201|val_loss 0.00016487
Epoch 1133|time: 0.09s|train_loss 0.00012168|val_loss 0.00016949
Epoch 1134|time: 0.09s|train_loss 0.00013154|val_loss 0.00016125
Epoch 1135|time: 0.09s|train_loss 0.00012701|val_loss 0.00016030
Epoch 1136|time: 0.09s|train_loss 0.00013750|val_loss 0.00016368
Epoch 1137|time: 0.09s|train_loss 0.00012495|val_loss 0.00017036
Epoch 1138|time: 0.09s|train_loss 0.00013758|val_loss 0.00016157
Epoch 1139|time: 0.09s|train_loss 0.00014003|val_loss 0.00017412
Epoch 1140|time: 0.09s|train_loss 0.00014276|val_loss 0.00016648
Epoch 1141|time: 0.09s|train_loss 0.00013159|val_loss 0.00015923
Epoch 1142|time: 0.09s|train_loss 0.00013829|val_loss 0.00016448
Epoch 1143|time: 0.09s|train_loss 0.00014060|val_loss 0.00017687
Epoch 1144|time: 0.09s|train_loss 0.00013105|val_loss 0.00016198
Epoch 1145|time: 0.09s|train_loss 0.00012537|val_loss 0.00015966
Epoch 1146|time: 0.09s|train_loss 0.00012351|val_loss 0.00016528
Epoch 1147|time: 0.09s|train_loss 0.00012115|val_loss 0.00016671
Epoch 1148|time: 0.09s|train_loss 0.00013176|val_loss 0.00016047
Epoch 1149|time: 0.09s|train_loss 0.00013606|val_loss 0.00016560
Epoch 1150|time: 0.09s|train_loss 0.00012463|val_loss 0.00016848
Epoch 1151|time: 0.09s|train_loss 0.00012249|val_loss 0.00016902
Epoch 1152|time: 0.09s|train_loss 0.00012598|val_loss 0.00015949
Epoch 1153|time: 0.09s|train_loss 0.00012620|val_loss 0.00016078
Epoch 1154|time: 0.09s|train_loss 0.00012522|val_loss 0.00016073
Epoch 1155|time: 0.09s|train_loss 0.00013611|val_loss 0.00016380
Epoch 1156|time: 0.09s|train_loss 0.00013277|val_loss 0.00017887
Epoch 1157|time: 0.09s|train_loss 0.00012769|val_loss 0.00016285
Epoch 1158|time: 0.09s|train_loss 0.00012679|val_loss 0.00016565
Epoch 1159|time: 0.09s|train_loss 0.00013502|val_loss 0.00016812
Epoch 1160|time: 0.09s|train_loss 0.00012684|val_loss 0.00016715
Epoch 1161|time: 0.09s|train_loss 0.00013519|val_loss 0.00016422
Epoch 1162|time: 0.09s|train_loss 0.00013794|val_loss 0.00016222
Epoch 1163|time: 0.09s|train_loss 0.00012993|val_loss 0.00016214
Epoch 1164|time: 0.09s|train_loss 0.00013290|val_loss 0.00016312
Epoch 1165|time: 0.09s|train_loss 0.00014127|val_loss 0.00016620
Epoch 1166|time: 0.09s|train_loss 0.00012916|val_loss 0.00015930
Epoch 1167|time: 0.09s|train_loss 0.00012596|val_loss 0.00017095
Epoch 1168|time: 0.09s|train_loss 0.00012625|val_loss 0.00016455
Epoch 1169|time: 0.09s|train_loss 0.00013238|val_loss 0.00016444
Epoch 1170|time: 0.09s|train_loss 0.00013437|val_loss 0.00016281
Epoch 1171|time: 0.09s|train_loss 0.00012778|val_loss 0.00016391
Epoch 1172|time: 0.09s|train_loss 0.00012803|val_loss 0.00016774
Epoch 1173|time: 0.09s|train_loss 0.00013382|val_loss 0.00016072
Epoch 1174|time: 0.09s|train_loss 0.00013069|val_loss 0.00015797
Epoch 1175|time: 0.09s|train_loss 0.00012645|val_loss 0.00016688
Epoch 1176|time: 0.09s|train_loss 0.00012412|val_loss 0.00016762
Epoch 1177|time: 0.09s|train_loss 0.00012725|val_loss 0.00016253
Epoch 1178|time: 0.09s|train_loss 0.00012614|val_loss 0.00016140
Epoch 1179|time: 0.09s|train_loss 0.00012873|val_loss 0.00016885
Epoch 1180|time: 0.09s|train_loss 0.00012533|val_loss 0.00017010
Epoch 1181|time: 0.09s|train_loss 0.00012108|val_loss 0.00015898
Epoch 1182|time: 0.09s|train_loss 0.00012764|val_loss 0.00016182
Epoch 1183|time: 0.09s|train_loss 0.00012641|val_loss 0.00016551
Epoch 1184|time: 0.09s|train_loss 0.00013297|val_loss 0.00016011
Epoch 1185|time: 0.09s|train_loss 0.00012648|val_loss 0.00016472
Epoch 1186|time: 0.09s|train_loss 0.00012504|val_loss 0.00017447
Epoch 1187|time: 0.09s|train_loss 0.00013444|val_loss 0.00016264
Epoch 1188|time: 0.09s|train_loss 0.00012415|val_loss 0.00015963
Epoch 1189|time: 0.09s|train_loss 0.00012094|val_loss 0.00016701
Final evaluation
TEST MAE 0.2400 | std 0.0778 | RMSE 0.3919 | RMSEs 0.3732 | PCC 0.9222 | PCCs 0.8959 | R2 0.8274 | R2s 0.7399 | Var 0.8329 | Vars 0.7560 | Peak 0.1446
