--------Parameters--------
Namespace(batch=32, bi=False, check_point=1, cuda=False, dataset='us_hhs', dropout=0.2, epilambda=0.2, epochs=1500, gpu=3, hidsp=15, horizon=4, k=10, lamda=0.01, lr=0.005, model='cola_gnn', mylog=True, n_hidden=30, n_layer=1, patience=200, rnn_model='RNN', save_dir='save', seed=42, shuffle=False, sim_mat='us_hhs-adj', test=0.2, train=0.6, val=0.2, weight_decay=0.0005, window=20)
--------------------------
data shape (364, 10)
364 10
(364, 10)
size of train/val/test sets 195 73 73
#params: 3623
begin training
Epoch   1|time: 0.11s|train_loss 0.00130225|val_loss 0.00057539
Best validation epoch: 1 Sat May 13 01:02:28 2023
TEST MAE 0.5626 std 0.1729 RMSE 0.8251 RMSEs 0.7910 PCC 0.5636 PCCs 0.1985 R2 0.2353 R2s -0.1036 Var 0.3111 Vars 0.0281 Peak 0.3687
Epoch   2|time: 0.09s|train_loss 0.00055102|val_loss 0.00063966
Epoch   3|time: 0.09s|train_loss 0.00049865|val_loss 0.00038657
Best validation epoch: 3 Sat May 13 01:02:28 2023
TEST MAE 0.3433 std 0.0956 RMSE 0.5234 RMSEs 0.5046 PCC 0.8486 PCCs 0.7750 R2 0.6923 R2s 0.5379 Var 0.7012 Vars 0.5744 Peak 0.2131
Epoch   4|time: 0.09s|train_loss 0.00035476|val_loss 0.00036335
Best validation epoch: 4 Sat May 13 01:02:28 2023
TEST MAE 0.3231 std 0.0913 RMSE 0.5274 RMSEs 0.5113 PCC 0.8616 PCCs 0.7857 R2 0.6876 R2s 0.5216 Var 0.7181 Vars 0.5766 Peak 0.2145
Epoch   5|time: 0.09s|train_loss 0.00032090|val_loss 0.00031562
Best validation epoch: 5 Sat May 13 01:02:28 2023
TEST MAE 0.2950 std 0.0655 RMSE 0.4555 RMSEs 0.4446 PCC 0.8768 PCCs 0.8069 R2 0.7670 R2s 0.6288 Var 0.7685 Vars 0.6434 Peak 0.1748
Epoch   6|time: 0.09s|train_loss 0.00029968|val_loss 0.00045031
Epoch   7|time: 0.09s|train_loss 0.00036000|val_loss 0.00034035
Epoch   8|time: 0.09s|train_loss 0.00037073|val_loss 0.00027703
Best validation epoch: 8 Sat May 13 01:02:29 2023
TEST MAE 0.2915 std 0.0666 RMSE 0.4454 RMSEs 0.4346 PCC 0.8842 PCCs 0.8201 R2 0.7771 R2s 0.6460 Var 0.7817 Vars 0.6604 Peak 0.1684
Epoch   9|time: 0.09s|train_loss 0.00030252|val_loss 0.00027012
Best validation epoch: 9 Sat May 13 01:02:29 2023
TEST MAE 0.3089 std 0.0751 RMSE 0.4431 RMSEs 0.4331 PCC 0.8837 PCCs 0.8224 R2 0.7795 R2s 0.6476 Var 0.7807 Vars 0.6637 Peak 0.1654
Epoch  10|time: 0.09s|train_loss 0.00026581|val_loss 0.00027709
Epoch  11|time: 0.09s|train_loss 0.00025450|val_loss 0.00026791
Best validation epoch: 11 Sat May 13 01:02:29 2023
TEST MAE 0.2810 std 0.0784 RMSE 0.4397 RMSEs 0.4260 PCC 0.8922 PCCs 0.8374 R2 0.7828 R2s 0.6665 Var 0.7953 Vars 0.6896 Peak 0.1678
Epoch  12|time: 0.09s|train_loss 0.00024990|val_loss 0.00027337
Epoch  13|time: 0.09s|train_loss 0.00027516|val_loss 0.00029508
Epoch  14|time: 0.09s|train_loss 0.00032562|val_loss 0.00032180
Epoch  15|time: 0.09s|train_loss 0.00025157|val_loss 0.00033986
Epoch  16|time: 0.09s|train_loss 0.00027341|val_loss 0.00033050
Epoch  17|time: 0.09s|train_loss 0.00029404|val_loss 0.00034672
Epoch  18|time: 0.09s|train_loss 0.00030120|val_loss 0.00025184
Best validation epoch: 18 Sat May 13 01:02:29 2023
TEST MAE 0.2794 std 0.0796 RMSE 0.4326 RMSEs 0.4189 PCC 0.8968 PCCs 0.8446 R2 0.7898 R2s 0.6782 Var 0.8041 Vars 0.7021 Peak 0.1654
Epoch  19|time: 0.09s|train_loss 0.00026744|val_loss 0.00024497
Best validation epoch: 19 Sat May 13 01:02:30 2023
TEST MAE 0.2856 std 0.0859 RMSE 0.4236 RMSEs 0.4103 PCC 0.8948 PCCs 0.8412 R2 0.7984 R2s 0.6893 Var 0.7988 Vars 0.6942 Peak 0.1609
Epoch  20|time: 0.09s|train_loss 0.00024522|val_loss 0.00023463
Best validation epoch: 20 Sat May 13 01:02:30 2023
TEST MAE 0.2885 std 0.0799 RMSE 0.4220 RMSEs 0.4096 PCC 0.8959 PCCs 0.8454 R2 0.7999 R2s 0.6884 Var 0.8008 Vars 0.6993 Peak 0.1597
Epoch  21|time: 0.09s|train_loss 0.00024224|val_loss 0.00023664
Epoch  22|time: 0.09s|train_loss 0.00024534|val_loss 0.00023858
Epoch  23|time: 0.09s|train_loss 0.00022475|val_loss 0.00024001
Epoch  24|time: 0.09s|train_loss 0.00026687|val_loss 0.00023255
Best validation epoch: 24 Sat May 13 01:02:30 2023
TEST MAE 0.2693 std 0.0784 RMSE 0.4110 RMSEs 0.3975 PCC 0.9006 PCCs 0.8545 R2 0.8103 R2s 0.7092 Var 0.8110 Vars 0.7172 Peak 0.1579
Epoch  25|time: 0.09s|train_loss 0.00023553|val_loss 0.00024694
Epoch  26|time: 0.09s|train_loss 0.00025811|val_loss 0.00023278
Epoch  27|time: 0.09s|train_loss 0.00022585|val_loss 0.00027262
Epoch  28|time: 0.09s|train_loss 0.00024825|val_loss 0.00023389
Epoch  29|time: 0.09s|train_loss 0.00022225|val_loss 0.00025077
Epoch  30|time: 0.09s|train_loss 0.00025135|val_loss 0.00024001
Epoch  31|time: 0.09s|train_loss 0.00023091|val_loss 0.00023518
Epoch  32|time: 0.09s|train_loss 0.00022926|val_loss 0.00026889
Epoch  33|time: 0.09s|train_loss 0.00025412|val_loss 0.00023936
Epoch  34|time: 0.09s|train_loss 0.00023883|val_loss 0.00023811
Epoch  35|time: 0.09s|train_loss 0.00025010|val_loss 0.00023997
Epoch  36|time: 0.09s|train_loss 0.00024524|val_loss 0.00024196
Epoch  37|time: 0.09s|train_loss 0.00026134|val_loss 0.00023290
Epoch  38|time: 0.09s|train_loss 0.00022810|val_loss 0.00023741
Epoch  39|time: 0.09s|train_loss 0.00022520|val_loss 0.00023900
Epoch  40|time: 0.09s|train_loss 0.00026599|val_loss 0.00023464
Epoch  41|time: 0.09s|train_loss 0.00025908|val_loss 0.00023070
Best validation epoch: 41 Sat May 13 01:02:32 2023
TEST MAE 0.2915 std 0.1023 RMSE 0.4403 RMSEs 0.4195 PCC 0.9025 PCCs 0.8650 R2 0.7822 R2s 0.6724 Var 0.7863 Vars 0.6877 Peak 0.1679
Epoch  42|time: 0.09s|train_loss 0.00025216|val_loss 0.00026207
Epoch  43|time: 0.09s|train_loss 0.00025810|val_loss 0.00032613
Epoch  44|time: 0.09s|train_loss 0.00026804|val_loss 0.00023622
Epoch  45|time: 0.09s|train_loss 0.00024040|val_loss 0.00025290
Epoch  46|time: 0.09s|train_loss 0.00023404|val_loss 0.00024255
Epoch  47|time: 0.09s|train_loss 0.00022293|val_loss 0.00025159
Epoch  48|time: 0.09s|train_loss 0.00023106|val_loss 0.00023807
Epoch  49|time: 0.09s|train_loss 0.00022497|val_loss 0.00024572
Epoch  50|time: 0.09s|train_loss 0.00024476|val_loss 0.00023551
Epoch  51|time: 0.09s|train_loss 0.00025190|val_loss 0.00025079
Epoch  52|time: 0.09s|train_loss 0.00023809|val_loss 0.00026231
Epoch  53|time: 0.09s|train_loss 0.00026077|val_loss 0.00025280
Epoch  54|time: 0.09s|train_loss 0.00021686|val_loss 0.00024263
Epoch  55|time: 0.09s|train_loss 0.00025760|val_loss 0.00023949
Epoch  56|time: 0.09s|train_loss 0.00022049|val_loss 0.00023196
Epoch  57|time: 0.09s|train_loss 0.00021896|val_loss 0.00023894
Epoch  58|time: 0.09s|train_loss 0.00023014|val_loss 0.00022456
Best validation epoch: 58 Sat May 13 01:02:33 2023
TEST MAE 0.2804 std 0.0877 RMSE 0.4249 RMSEs 0.4079 PCC 0.9025 PCCs 0.8653 R2 0.7972 R2s 0.6888 Var 0.8028 Vars 0.7119 Peak 0.1642
Epoch  59|time: 0.09s|train_loss 0.00023389|val_loss 0.00023703
Epoch  60|time: 0.09s|train_loss 0.00022616|val_loss 0.00026748
Epoch  61|time: 0.09s|train_loss 0.00022763|val_loss 0.00027426
Epoch  62|time: 0.09s|train_loss 0.00022513|val_loss 0.00023123
Epoch  63|time: 0.09s|train_loss 0.00021004|val_loss 0.00022356
Best validation epoch: 63 Sat May 13 01:02:34 2023
TEST MAE 0.2853 std 0.0897 RMSE 0.4330 RMSEs 0.4150 PCC 0.9028 PCCs 0.8721 R2 0.7894 R2s 0.6744 Var 0.7962 Vars 0.7039 Peak 0.1674
Epoch  64|time: 0.09s|train_loss 0.00025254|val_loss 0.00023119
Epoch  65|time: 0.09s|train_loss 0.00024993|val_loss 0.00023618
Epoch  66|time: 0.09s|train_loss 0.00021943|val_loss 0.00028408
Epoch  67|time: 0.09s|train_loss 0.00023306|val_loss 0.00028156
Epoch  68|time: 0.09s|train_loss 0.00023654|val_loss 0.00025145
Epoch  69|time: 0.09s|train_loss 0.00026258|val_loss 0.00028589
Epoch  70|time: 0.09s|train_loss 0.00027234|val_loss 0.00024551
Epoch  71|time: 0.09s|train_loss 0.00024480|val_loss 0.00023275
Epoch  72|time: 0.09s|train_loss 0.00023373|val_loss 0.00029569
Epoch  73|time: 0.09s|train_loss 0.00024175|val_loss 0.00023403
Epoch  74|time: 0.09s|train_loss 0.00024603|val_loss 0.00023203
Epoch  75|time: 0.09s|train_loss 0.00023151|val_loss 0.00023469
Epoch  76|time: 0.09s|train_loss 0.00022136|val_loss 0.00024307
Epoch  77|time: 0.09s|train_loss 0.00027162|val_loss 0.00022910
Epoch  78|time: 0.09s|train_loss 0.00023205|val_loss 0.00024782
Epoch  79|time: 0.09s|train_loss 0.00021535|val_loss 0.00025835
Epoch  80|time: 0.09s|train_loss 0.00022415|val_loss 0.00023625
Epoch  81|time: 0.09s|train_loss 0.00024329|val_loss 0.00021955
Best validation epoch: 81 Sat May 13 01:02:35 2023
TEST MAE 0.2852 std 0.0943 RMSE 0.4363 RMSEs 0.4170 PCC 0.9006 PCCs 0.8636 R2 0.7862 R2s 0.6742 Var 0.7908 Vars 0.6934 Peak 0.1674
Epoch  82|time: 0.09s|train_loss 0.00022695|val_loss 0.00023155
Epoch  83|time: 0.09s|train_loss 0.00022249|val_loss 0.00023461
Epoch  84|time: 0.09s|train_loss 0.00021674|val_loss 0.00026621
Epoch  85|time: 0.09s|train_loss 0.00023145|val_loss 0.00025788
Epoch  86|time: 0.09s|train_loss 0.00024401|val_loss 0.00022435
Epoch  87|time: 0.09s|train_loss 0.00023373|val_loss 0.00023335
Epoch  88|time: 0.09s|train_loss 0.00024146|val_loss 0.00022493
Epoch  89|time: 0.09s|train_loss 0.00024041|val_loss 0.00023350
Epoch  90|time: 0.09s|train_loss 0.00021745|val_loss 0.00023988
Epoch  91|time: 0.09s|train_loss 0.00022416|val_loss 0.00024523
Epoch  92|time: 0.09s|train_loss 0.00022605|val_loss 0.00023710
Epoch  93|time: 0.09s|train_loss 0.00021232|val_loss 0.00024410
Epoch  94|time: 0.09s|train_loss 0.00021973|val_loss 0.00022866
Epoch  95|time: 0.09s|train_loss 0.00021881|val_loss 0.00023011
Epoch  96|time: 0.09s|train_loss 0.00023098|val_loss 0.00022606
Epoch  97|time: 0.09s|train_loss 0.00022416|val_loss 0.00023155
Epoch  98|time: 0.09s|train_loss 0.00022353|val_loss 0.00024834
Epoch  99|time: 0.09s|train_loss 0.00022964|val_loss 0.00026025
Epoch 100|time: 0.09s|train_loss 0.00027469|val_loss 0.00026400
Epoch 101|time: 0.09s|train_loss 0.00022908|val_loss 0.00023350
Epoch 102|time: 0.09s|train_loss 0.00021502|val_loss 0.00027400
Epoch 103|time: 0.09s|train_loss 0.00022455|val_loss 0.00022872
Epoch 104|time: 0.09s|train_loss 0.00022474|val_loss 0.00022446
Epoch 105|time: 0.09s|train_loss 0.00022898|val_loss 0.00022177
Epoch 106|time: 0.09s|train_loss 0.00022839|val_loss 0.00022583
Epoch 107|time: 0.09s|train_loss 0.00029786|val_loss 0.00023772
Epoch 108|time: 0.09s|train_loss 0.00024466|val_loss 0.00024217
Epoch 109|time: 0.09s|train_loss 0.00025132|val_loss 0.00024514
Epoch 110|time: 0.09s|train_loss 0.00025484|val_loss 0.00025718
Epoch 111|time: 0.09s|train_loss 0.00023742|val_loss 0.00027632
Epoch 112|time: 0.09s|train_loss 0.00027761|val_loss 0.00023231
Epoch 113|time: 0.09s|train_loss 0.00022124|val_loss 0.00022810
Epoch 114|time: 0.09s|train_loss 0.00028889|val_loss 0.00022003
Epoch 115|time: 0.09s|train_loss 0.00026080|val_loss 0.00022461
Epoch 116|time: 0.09s|train_loss 0.00027388|val_loss 0.00022652
Epoch 117|time: 0.09s|train_loss 0.00023114|val_loss 0.00030159
Epoch 118|time: 0.09s|train_loss 0.00025423|val_loss 0.00024073
Epoch 119|time: 0.09s|train_loss 0.00024213|val_loss 0.00022053
Epoch 120|time: 0.09s|train_loss 0.00021172|val_loss 0.00023280
Epoch 121|time: 0.09s|train_loss 0.00021699|val_loss 0.00022777
Epoch 122|time: 0.09s|train_loss 0.00021429|val_loss 0.00023033
Epoch 123|time: 0.09s|train_loss 0.00024310|val_loss 0.00022978
Epoch 124|time: 0.09s|train_loss 0.00020700|val_loss 0.00022792
Epoch 125|time: 0.09s|train_loss 0.00022182|val_loss 0.00022479
Epoch 126|time: 0.09s|train_loss 0.00022838|val_loss 0.00022255
Epoch 127|time: 0.09s|train_loss 0.00021348|val_loss 0.00023162
Epoch 128|time: 0.09s|train_loss 0.00021318|val_loss 0.00022499
Epoch 129|time: 0.09s|train_loss 0.00023157|val_loss 0.00021824
Best validation epoch: 129 Sat May 13 01:02:40 2023
TEST MAE 0.2870 std 0.0956 RMSE 0.4493 RMSEs 0.4294 PCC 0.8962 PCCs 0.8596 R2 0.7733 R2s 0.6501 Var 0.7776 Vars 0.6696 Peak 0.1712
Epoch 130|time: 0.09s|train_loss 0.00021618|val_loss 0.00025676
Epoch 131|time: 0.09s|train_loss 0.00023689|val_loss 0.00023145
Epoch 132|time: 0.09s|train_loss 0.00020404|val_loss 0.00022300
Epoch 133|time: 0.09s|train_loss 0.00020482|val_loss 0.00022282
Epoch 134|time: 0.09s|train_loss 0.00020772|val_loss 0.00023026
Epoch 135|time: 0.09s|train_loss 0.00020240|val_loss 0.00022448
Epoch 136|time: 0.09s|train_loss 0.00022297|val_loss 0.00021731
Best validation epoch: 136 Sat May 13 01:02:40 2023
TEST MAE 0.2800 std 0.0884 RMSE 0.4373 RMSEs 0.4201 PCC 0.8960 PCCs 0.8537 R2 0.7852 R2s 0.6678 Var 0.7878 Vars 0.6824 Peak 0.1671
Epoch 137|time: 0.09s|train_loss 0.00023301|val_loss 0.00024625
Epoch 138|time: 0.09s|train_loss 0.00021371|val_loss 0.00022968
Epoch 139|time: 0.09s|train_loss 0.00021340|val_loss 0.00021109
Best validation epoch: 139 Sat May 13 01:02:41 2023
TEST MAE 0.3156 std 0.0994 RMSE 0.4781 RMSEs 0.4581 PCC 0.8923 PCCs 0.8517 R2 0.7433 R2s 0.5953 Var 0.7642 Vars 0.6501 Peak 0.1788
Epoch 140|time: 0.09s|train_loss 0.00022530|val_loss 0.00021523
Epoch 141|time: 0.09s|train_loss 0.00021330|val_loss 0.00023399
Epoch 142|time: 0.09s|train_loss 0.00026895|val_loss 0.00022635
Epoch 143|time: 0.09s|train_loss 0.00021962|val_loss 0.00024803
Epoch 144|time: 0.09s|train_loss 0.00023302|val_loss 0.00023090
Epoch 145|time: 0.09s|train_loss 0.00020319|val_loss 0.00023319
Epoch 146|time: 0.09s|train_loss 0.00020693|val_loss 0.00022388
Epoch 147|time: 0.09s|train_loss 0.00023026|val_loss 0.00023729
Epoch 148|time: 0.09s|train_loss 0.00020321|val_loss 0.00022178
Epoch 149|time: 0.09s|train_loss 0.00022896|val_loss 0.00021296
Epoch 150|time: 0.09s|train_loss 0.00024041|val_loss 0.00029864
Epoch 151|time: 0.09s|train_loss 0.00029545|val_loss 0.00023961
Epoch 152|time: 0.09s|train_loss 0.00024178|val_loss 0.00023299
Epoch 153|time: 0.09s|train_loss 0.00025357|val_loss 0.00022244
Epoch 154|time: 0.09s|train_loss 0.00021628|val_loss 0.00026641
Epoch 155|time: 0.09s|train_loss 0.00022156|val_loss 0.00022992
Epoch 156|time: 0.09s|train_loss 0.00023535|val_loss 0.00021851
Epoch 157|time: 0.09s|train_loss 0.00023128|val_loss 0.00023277
Epoch 158|time: 0.09s|train_loss 0.00023904|val_loss 0.00026848
Epoch 159|time: 0.09s|train_loss 0.00023602|val_loss 0.00023150
Epoch 160|time: 0.09s|train_loss 0.00022623|val_loss 0.00022170
Epoch 161|time: 0.09s|train_loss 0.00022026|val_loss 0.00022466
Epoch 162|time: 0.09s|train_loss 0.00021785|val_loss 0.00026361
Epoch 163|time: 0.09s|train_loss 0.00025235|val_loss 0.00023042
Epoch 164|time: 0.09s|train_loss 0.00021734|val_loss 0.00023096
Epoch 165|time: 0.09s|train_loss 0.00028648|val_loss 0.00023433
Epoch 166|time: 0.09s|train_loss 0.00022932|val_loss 0.00026150
Epoch 167|time: 0.09s|train_loss 0.00021513|val_loss 0.00023919
Epoch 168|time: 0.09s|train_loss 0.00024417|val_loss 0.00021952
Epoch 169|time: 0.09s|train_loss 0.00023540|val_loss 0.00021678
Epoch 170|time: 0.09s|train_loss 0.00025711|val_loss 0.00022138
Epoch 171|time: 0.09s|train_loss 0.00021064|val_loss 0.00026196
Epoch 172|time: 0.09s|train_loss 0.00024488|val_loss 0.00023387
Epoch 173|time: 0.09s|train_loss 0.00022233|val_loss 0.00023387
Epoch 174|time: 0.09s|train_loss 0.00022149|val_loss 0.00023102
Epoch 175|time: 0.09s|train_loss 0.00019542|val_loss 0.00023801
Epoch 176|time: 0.09s|train_loss 0.00021563|val_loss 0.00024148
Epoch 177|time: 0.09s|train_loss 0.00022909|val_loss 0.00022315
Epoch 178|time: 0.09s|train_loss 0.00023879|val_loss 0.00021699
Epoch 179|time: 0.09s|train_loss 0.00026342|val_loss 0.00022404
Epoch 180|time: 0.09s|train_loss 0.00023674|val_loss 0.00028407
Epoch 181|time: 0.09s|train_loss 0.00023179|val_loss 0.00022260
Epoch 182|time: 0.09s|train_loss 0.00021539|val_loss 0.00022253
Epoch 183|time: 0.09s|train_loss 0.00020858|val_loss 0.00022688
Epoch 184|time: 0.09s|train_loss 0.00021101|val_loss 0.00022190
Epoch 185|time: 0.09s|train_loss 0.00020112|val_loss 0.00023793
Epoch 186|time: 0.09s|train_loss 0.00020508|val_loss 0.00021994
Epoch 187|time: 0.09s|train_loss 0.00028187|val_loss 0.00021630
Epoch 188|time: 0.09s|train_loss 0.00021655|val_loss 0.00021718
Epoch 189|time: 0.09s|train_loss 0.00020649|val_loss 0.00022091
Epoch 190|time: 0.09s|train_loss 0.00023409|val_loss 0.00022267
Epoch 191|time: 0.09s|train_loss 0.00023792|val_loss 0.00031133
Epoch 192|time: 0.09s|train_loss 0.00021106|val_loss 0.00024298
Epoch 193|time: 0.09s|train_loss 0.00021855|val_loss 0.00021161
Epoch 194|time: 0.09s|train_loss 0.00020850|val_loss 0.00020866
Best validation epoch: 194 Sat May 13 01:02:46 2023
TEST MAE 0.3168 std 0.1086 RMSE 0.4973 RMSEs 0.4728 PCC 0.8895 PCCs 0.8576 R2 0.7222 R2s 0.5660 Var 0.7408 Vars 0.6198 Peak 0.1864
Epoch 195|time: 0.09s|train_loss 0.00023947|val_loss 0.00021569
Epoch 196|time: 0.09s|train_loss 0.00020919|val_loss 0.00022128
Epoch 197|time: 0.09s|train_loss 0.00020142|val_loss 0.00022587
Epoch 198|time: 0.09s|train_loss 0.00021139|val_loss 0.00026888
Epoch 199|time: 0.09s|train_loss 0.00022571|val_loss 0.00022189
Epoch 200|time: 0.09s|train_loss 0.00019967|val_loss 0.00021117
Epoch 201|time: 0.09s|train_loss 0.00020101|val_loss 0.00021883
Epoch 202|time: 0.09s|train_loss 0.00022964|val_loss 0.00022027
Epoch 203|time: 0.09s|train_loss 0.00020636|val_loss 0.00023792
Epoch 204|time: 0.09s|train_loss 0.00025568|val_loss 0.00021760
Epoch 205|time: 0.09s|train_loss 0.00022409|val_loss 0.00022854
Epoch 206|time: 0.09s|train_loss 0.00024528|val_loss 0.00023256
Epoch 207|time: 0.09s|train_loss 0.00019390|val_loss 0.00020834
Best validation epoch: 207 Sat May 13 01:02:47 2023
TEST MAE 0.3024 std 0.0960 RMSE 0.4908 RMSEs 0.4689 PCC 0.8829 PCCs 0.8496 R2 0.7294 R2s 0.5731 Var 0.7370 Vars 0.6074 Peak 0.1851
Epoch 208|time: 0.09s|train_loss 0.00019421|val_loss 0.00020933
Epoch 209|time: 0.09s|train_loss 0.00019515|val_loss 0.00022290
Epoch 210|time: 0.09s|train_loss 0.00021279|val_loss 0.00030063
Epoch 211|time: 0.09s|train_loss 0.00028578|val_loss 0.00027943
Epoch 212|time: 0.09s|train_loss 0.00024482|val_loss 0.00024283
Epoch 213|time: 0.09s|train_loss 0.00023137|val_loss 0.00024135
Epoch 214|time: 0.09s|train_loss 0.00023416|val_loss 0.00023676
Epoch 215|time: 0.09s|train_loss 0.00024627|val_loss 0.00022678
Epoch 216|time: 0.09s|train_loss 0.00021102|val_loss 0.00023363
Epoch 217|time: 0.09s|train_loss 0.00020401|val_loss 0.00025342
Epoch 218|time: 0.09s|train_loss 0.00021250|val_loss 0.00021124
Epoch 219|time: 0.09s|train_loss 0.00021342|val_loss 0.00022169
Epoch 220|time: 0.09s|train_loss 0.00021493|val_loss 0.00023292
Epoch 221|time: 0.09s|train_loss 0.00021634|val_loss 0.00022130
Epoch 222|time: 0.09s|train_loss 0.00020601|val_loss 0.00023429
Epoch 223|time: 0.09s|train_loss 0.00019647|val_loss 0.00022522
Epoch 224|time: 0.09s|train_loss 0.00020715|val_loss 0.00022404
Epoch 225|time: 0.09s|train_loss 0.00019048|val_loss 0.00021033
Epoch 226|time: 0.09s|train_loss 0.00023308|val_loss 0.00025901
Epoch 227|time: 0.09s|train_loss 0.00029947|val_loss 0.00029678
Epoch 228|time: 0.09s|train_loss 0.00030488|val_loss 0.00024793
Epoch 229|time: 0.09s|train_loss 0.00029007|val_loss 0.00024354
Epoch 230|time: 0.09s|train_loss 0.00023964|val_loss 0.00027904
Epoch 231|time: 0.09s|train_loss 0.00026876|val_loss 0.00023538
Epoch 232|time: 0.09s|train_loss 0.00022930|val_loss 0.00023062
Epoch 233|time: 0.09s|train_loss 0.00027134|val_loss 0.00025290
Epoch 234|time: 0.09s|train_loss 0.00023147|val_loss 0.00023616
Epoch 235|time: 0.09s|train_loss 0.00023315|val_loss 0.00023824
Epoch 236|time: 0.09s|train_loss 0.00021246|val_loss 0.00023578
Epoch 237|time: 0.09s|train_loss 0.00021723|val_loss 0.00023624
Epoch 238|time: 0.09s|train_loss 0.00022084|val_loss 0.00024970
Epoch 239|time: 0.09s|train_loss 0.00023491|val_loss 0.00023092
Epoch 240|time: 0.09s|train_loss 0.00022657|val_loss 0.00026890
Epoch 241|time: 0.09s|train_loss 0.00022610|val_loss 0.00023326
Epoch 242|time: 0.09s|train_loss 0.00021933|val_loss 0.00023564
Epoch 243|time: 0.09s|train_loss 0.00020938|val_loss 0.00024006
Epoch 244|time: 0.09s|train_loss 0.00021464|val_loss 0.00022514
Epoch 245|time: 0.09s|train_loss 0.00021353|val_loss 0.00023539
Epoch 246|time: 0.09s|train_loss 0.00020422|val_loss 0.00023494
Epoch 247|time: 0.09s|train_loss 0.00021169|val_loss 0.00021412
Epoch 248|time: 0.09s|train_loss 0.00023310|val_loss 0.00023239
Epoch 249|time: 0.09s|train_loss 0.00021019|val_loss 0.00024996
Epoch 250|time: 0.09s|train_loss 0.00024419|val_loss 0.00022076
Epoch 251|time: 0.09s|train_loss 0.00021793|val_loss 0.00024002
Epoch 252|time: 0.09s|train_loss 0.00022042|val_loss 0.00022248
Epoch 253|time: 0.09s|train_loss 0.00020445|val_loss 0.00023427
Epoch 254|time: 0.09s|train_loss 0.00021882|val_loss 0.00022111
Epoch 255|time: 0.09s|train_loss 0.00023240|val_loss 0.00022203
Epoch 256|time: 0.09s|train_loss 0.00022075|val_loss 0.00029331
Epoch 257|time: 0.09s|train_loss 0.00025812|val_loss 0.00023371
Epoch 258|time: 0.09s|train_loss 0.00022045|val_loss 0.00023772
Epoch 259|time: 0.09s|train_loss 0.00025169|val_loss 0.00021758
Epoch 260|time: 0.09s|train_loss 0.00024491|val_loss 0.00022454
Epoch 261|time: 0.09s|train_loss 0.00019994|val_loss 0.00023055
Epoch 262|time: 0.09s|train_loss 0.00020456|val_loss 0.00021737
Epoch 263|time: 0.09s|train_loss 0.00020161|val_loss 0.00022480
Epoch 264|time: 0.09s|train_loss 0.00024056|val_loss 0.00024589
Epoch 265|time: 0.09s|train_loss 0.00021686|val_loss 0.00022218
Epoch 266|time: 0.09s|train_loss 0.00023095|val_loss 0.00020888
Epoch 267|time: 0.09s|train_loss 0.00021333|val_loss 0.00023453
Epoch 268|time: 0.09s|train_loss 0.00022753|val_loss 0.00026956
Epoch 269|time: 0.09s|train_loss 0.00022981|val_loss 0.00022683
Epoch 270|time: 0.09s|train_loss 0.00025649|val_loss 0.00021514
Epoch 271|time: 0.09s|train_loss 0.00026678|val_loss 0.00029544
Epoch 272|time: 0.09s|train_loss 0.00022025|val_loss 0.00022179
Epoch 273|time: 0.09s|train_loss 0.00025011|val_loss 0.00023907
Epoch 274|time: 0.09s|train_loss 0.00023816|val_loss 0.00026305
Epoch 275|time: 0.09s|train_loss 0.00021584|val_loss 0.00022457
Epoch 276|time: 0.09s|train_loss 0.00025490|val_loss 0.00022320
Epoch 277|time: 0.09s|train_loss 0.00026284|val_loss 0.00024137
Epoch 278|time: 0.09s|train_loss 0.00020446|val_loss 0.00023435
Epoch 279|time: 0.09s|train_loss 0.00024820|val_loss 0.00022523
Epoch 280|time: 0.09s|train_loss 0.00021321|val_loss 0.00023007
Epoch 281|time: 0.09s|train_loss 0.00020876|val_loss 0.00024840
Epoch 282|time: 0.09s|train_loss 0.00022196|val_loss 0.00022356
Epoch 283|time: 0.09s|train_loss 0.00021865|val_loss 0.00023118
Epoch 284|time: 0.09s|train_loss 0.00023801|val_loss 0.00023914
Epoch 285|time: 0.09s|train_loss 0.00022140|val_loss 0.00022327
Epoch 286|time: 0.09s|train_loss 0.00023442|val_loss 0.00024637
Epoch 287|time: 0.09s|train_loss 0.00022001|val_loss 0.00023421
Epoch 288|time: 0.09s|train_loss 0.00026474|val_loss 0.00023287
Epoch 289|time: 0.09s|train_loss 0.00020801|val_loss 0.00022531
Epoch 290|time: 0.09s|train_loss 0.00021339|val_loss 0.00022154
Epoch 291|time: 0.09s|train_loss 0.00022080|val_loss 0.00022139
Epoch 292|time: 0.09s|train_loss 0.00026680|val_loss 0.00021080
Epoch 293|time: 0.09s|train_loss 0.00024959|val_loss 0.00022053
Epoch 294|time: 0.09s|train_loss 0.00019886|val_loss 0.00024837
Epoch 295|time: 0.09s|train_loss 0.00022634|val_loss 0.00022943
Epoch 296|time: 0.09s|train_loss 0.00021180|val_loss 0.00023731
Epoch 297|time: 0.09s|train_loss 0.00020360|val_loss 0.00022712
Epoch 298|time: 0.09s|train_loss 0.00021077|val_loss 0.00020478
Best validation epoch: 298 Sat May 13 01:02:55 2023
TEST MAE 0.3271 std 0.1100 RMSE 0.5233 RMSEs 0.4980 PCC 0.8841 PCCs 0.8522 R2 0.6924 R2s 0.5110 Var 0.7150 Vars 0.5730 Peak 0.1976
Epoch 299|time: 0.09s|train_loss 0.00022218|val_loss 0.00021499
Epoch 300|time: 0.09s|train_loss 0.00019522|val_loss 0.00025647
Epoch 301|time: 0.09s|train_loss 0.00021427|val_loss 0.00021396
Epoch 302|time: 0.09s|train_loss 0.00022225|val_loss 0.00020818
Epoch 303|time: 0.09s|train_loss 0.00022865|val_loss 0.00021516
Epoch 304|time: 0.09s|train_loss 0.00021727|val_loss 0.00021774
Epoch 305|time: 0.09s|train_loss 0.00020828|val_loss 0.00023393
Epoch 306|time: 0.09s|train_loss 0.00021156|val_loss 0.00020351
Best validation epoch: 306 Sat May 13 01:02:56 2023
TEST MAE 0.3223 std 0.0954 RMSE 0.5024 RMSEs 0.4822 PCC 0.8813 PCCs 0.8423 R2 0.7165 R2s 0.5431 Var 0.7371 Vars 0.6038 Peak 0.1895
Epoch 307|time: 0.09s|train_loss 0.00020627|val_loss 0.00020304
Best validation epoch: 307 Sat May 13 01:02:56 2023
TEST MAE 0.3453 std 0.0930 RMSE 0.5224 RMSEs 0.5044 PCC 0.8692 PCCs 0.8185 R2 0.6935 R2s 0.4990 Var 0.7145 Vars 0.5591 Peak 0.2001
Epoch 308|time: 0.09s|train_loss 0.00022523|val_loss 0.00022036
Epoch 309|time: 0.09s|train_loss 0.00021588|val_loss 0.00020717
Epoch 310|time: 0.09s|train_loss 0.00021484|val_loss 0.00021191
Epoch 311|time: 0.09s|train_loss 0.00020566|val_loss 0.00025857
Epoch 312|time: 0.09s|train_loss 0.00020771|val_loss 0.00022161
Epoch 313|time: 0.09s|train_loss 0.00019915|val_loss 0.00020856
Epoch 314|time: 0.09s|train_loss 0.00020638|val_loss 0.00021001
Epoch 315|time: 0.09s|train_loss 0.00019955|val_loss 0.00025258
Epoch 316|time: 0.09s|train_loss 0.00025163|val_loss 0.00021169
Epoch 317|time: 0.09s|train_loss 0.00024057|val_loss 0.00025227
Epoch 318|time: 0.09s|train_loss 0.00020639|val_loss 0.00022604
Epoch 319|time: 0.09s|train_loss 0.00023731|val_loss 0.00021610
Epoch 320|time: 0.09s|train_loss 0.00020890|val_loss 0.00021830
Epoch 321|time: 0.09s|train_loss 0.00020219|val_loss 0.00024392
Epoch 322|time: 0.09s|train_loss 0.00021649|val_loss 0.00021007
Epoch 323|time: 0.09s|train_loss 0.00021190|val_loss 0.00021434
Epoch 324|time: 0.09s|train_loss 0.00021562|val_loss 0.00022320
Epoch 325|time: 0.09s|train_loss 0.00020314|val_loss 0.00022017
Epoch 326|time: 0.09s|train_loss 0.00020723|val_loss 0.00023372
Epoch 327|time: 0.09s|train_loss 0.00020136|val_loss 0.00022069
Epoch 328|time: 0.09s|train_loss 0.00022666|val_loss 0.00022453
Epoch 329|time: 0.09s|train_loss 0.00023914|val_loss 0.00020988
Epoch 330|time: 0.09s|train_loss 0.00024370|val_loss 0.00022589
Epoch 331|time: 0.09s|train_loss 0.00020115|val_loss 0.00022967
Epoch 332|time: 0.09s|train_loss 0.00019504|val_loss 0.00021337
Epoch 333|time: 0.09s|train_loss 0.00020546|val_loss 0.00021328
Epoch 334|time: 0.09s|train_loss 0.00020169|val_loss 0.00021239
Epoch 335|time: 0.09s|train_loss 0.00020780|val_loss 0.00021126
Epoch 336|time: 0.09s|train_loss 0.00020440|val_loss 0.00021893
Epoch 337|time: 0.09s|train_loss 0.00019744|val_loss 0.00020643
Epoch 338|time: 0.09s|train_loss 0.00020567|val_loss 0.00022031
Epoch 339|time: 0.09s|train_loss 0.00019481|val_loss 0.00021385
Epoch 340|time: 0.09s|train_loss 0.00022210|val_loss 0.00021512
Epoch 341|time: 0.09s|train_loss 0.00020525|val_loss 0.00022541
Epoch 342|time: 0.09s|train_loss 0.00019970|val_loss 0.00026247
Epoch 343|time: 0.09s|train_loss 0.00021924|val_loss 0.00021632
Epoch 344|time: 0.09s|train_loss 0.00022352|val_loss 0.00021010
Epoch 345|time: 0.09s|train_loss 0.00021844|val_loss 0.00023034
Epoch 346|time: 0.09s|train_loss 0.00020148|val_loss 0.00021421
Epoch 347|time: 0.09s|train_loss 0.00018850|val_loss 0.00020767
Epoch 348|time: 0.09s|train_loss 0.00018347|val_loss 0.00022146
Epoch 349|time: 0.09s|train_loss 0.00018443|val_loss 0.00022635
Epoch 350|time: 0.09s|train_loss 0.00018705|val_loss 0.00021760
Epoch 351|time: 0.09s|train_loss 0.00022790|val_loss 0.00021281
Epoch 352|time: 0.09s|train_loss 0.00022344|val_loss 0.00025066
Epoch 353|time: 0.09s|train_loss 0.00024585|val_loss 0.00022626
Epoch 354|time: 0.09s|train_loss 0.00023358|val_loss 0.00021989
Epoch 355|time: 0.09s|train_loss 0.00021695|val_loss 0.00022275
Epoch 356|time: 0.09s|train_loss 0.00021329|val_loss 0.00023099
Epoch 357|time: 0.09s|train_loss 0.00021139|val_loss 0.00021735
Epoch 358|time: 0.09s|train_loss 0.00021013|val_loss 0.00022030
Epoch 359|time: 0.09s|train_loss 0.00020056|val_loss 0.00021024
Epoch 360|time: 0.09s|train_loss 0.00020375|val_loss 0.00021423
Epoch 361|time: 0.09s|train_loss 0.00020756|val_loss 0.00024400
Epoch 362|time: 0.09s|train_loss 0.00023302|val_loss 0.00022511
Epoch 363|time: 0.09s|train_loss 0.00024127|val_loss 0.00025066
Epoch 364|time: 0.09s|train_loss 0.00022929|val_loss 0.00024006
Epoch 365|time: 0.09s|train_loss 0.00025347|val_loss 0.00022917
Epoch 366|time: 0.09s|train_loss 0.00026191|val_loss 0.00028002
Epoch 367|time: 0.09s|train_loss 0.00022261|val_loss 0.00023483
Epoch 368|time: 0.09s|train_loss 0.00022966|val_loss 0.00024991
Epoch 369|time: 0.09s|train_loss 0.00023642|val_loss 0.00021195
Epoch 370|time: 0.09s|train_loss 0.00021650|val_loss 0.00023445
Epoch 371|time: 0.09s|train_loss 0.00020439|val_loss 0.00022991
Epoch 372|time: 0.09s|train_loss 0.00020610|val_loss 0.00021957
Epoch 373|time: 0.09s|train_loss 0.00021770|val_loss 0.00027287
Epoch 374|time: 0.09s|train_loss 0.00025248|val_loss 0.00027746
Epoch 375|time: 0.09s|train_loss 0.00023702|val_loss 0.00026270
Epoch 376|time: 0.09s|train_loss 0.00021058|val_loss 0.00022506
Epoch 377|time: 0.09s|train_loss 0.00020485|val_loss 0.00022558
Epoch 378|time: 0.09s|train_loss 0.00019938|val_loss 0.00024881
Epoch 379|time: 0.09s|train_loss 0.00022828|val_loss 0.00021071
Epoch 380|time: 0.09s|train_loss 0.00019663|val_loss 0.00021279
Epoch 381|time: 0.09s|train_loss 0.00018546|val_loss 0.00024367
Epoch 382|time: 0.09s|train_loss 0.00020236|val_loss 0.00020565
Epoch 383|time: 0.09s|train_loss 0.00020844|val_loss 0.00020149
Best validation epoch: 383 Sat May 13 01:03:03 2023
TEST MAE 0.3146 std 0.0888 RMSE 0.5186 RMSEs 0.4981 PCC 0.8663 PCCs 0.8237 R2 0.6979 R2s 0.5098 Var 0.7030 Vars 0.5383 Peak 0.1973
Epoch 384|time: 0.09s|train_loss 0.00018533|val_loss 0.00021257
Epoch 385|time: 0.09s|train_loss 0.00020350|val_loss 0.00020767
Epoch 386|time: 0.09s|train_loss 0.00018526|val_loss 0.00023033
Epoch 387|time: 0.09s|train_loss 0.00020753|val_loss 0.00020976
Epoch 388|time: 0.09s|train_loss 0.00021473|val_loss 0.00022065
Epoch 389|time: 0.09s|train_loss 0.00019803|val_loss 0.00021396
Epoch 390|time: 0.09s|train_loss 0.00019504|val_loss 0.00020306
Epoch 391|time: 0.09s|train_loss 0.00019974|val_loss 0.00021696
Epoch 392|time: 0.09s|train_loss 0.00018393|val_loss 0.00021384
Epoch 393|time: 0.09s|train_loss 0.00018679|val_loss 0.00020367
Epoch 394|time: 0.09s|train_loss 0.00018664|val_loss 0.00021862
Epoch 395|time: 0.09s|train_loss 0.00019170|val_loss 0.00020438
Epoch 396|time: 0.09s|train_loss 0.00019369|val_loss 0.00022212
Epoch 397|time: 0.09s|train_loss 0.00021482|val_loss 0.00021017
Epoch 398|time: 0.09s|train_loss 0.00020194|val_loss 0.00022683
Epoch 399|time: 0.09s|train_loss 0.00024607|val_loss 0.00024025
Epoch 400|time: 0.09s|train_loss 0.00020811|val_loss 0.00023140
Epoch 401|time: 0.09s|train_loss 0.00019960|val_loss 0.00022760
Epoch 402|time: 0.09s|train_loss 0.00019236|val_loss 0.00021338
Epoch 403|time: 0.09s|train_loss 0.00020425|val_loss 0.00020553
Epoch 404|time: 0.09s|train_loss 0.00019283|val_loss 0.00020772
Epoch 405|time: 0.09s|train_loss 0.00023377|val_loss 0.00021864
Epoch 406|time: 0.09s|train_loss 0.00024707|val_loss 0.00022828
Epoch 407|time: 0.09s|train_loss 0.00020056|val_loss 0.00021484
Epoch 408|time: 0.09s|train_loss 0.00018922|val_loss 0.00021085
Epoch 409|time: 0.09s|train_loss 0.00018476|val_loss 0.00020877
Epoch 410|time: 0.09s|train_loss 0.00018151|val_loss 0.00021730
Epoch 411|time: 0.09s|train_loss 0.00019227|val_loss 0.00021153
Epoch 412|time: 0.09s|train_loss 0.00018046|val_loss 0.00021648
Epoch 413|time: 0.09s|train_loss 0.00017579|val_loss 0.00021829
Epoch 414|time: 0.09s|train_loss 0.00019623|val_loss 0.00021731
Epoch 415|time: 0.09s|train_loss 0.00017944|val_loss 0.00021743
Epoch 416|time: 0.09s|train_loss 0.00018826|val_loss 0.00020142
Best validation epoch: 416 Sat May 13 01:03:06 2023
TEST MAE 0.3851 std 0.1244 RMSE 0.6428 RMSEs 0.6116 PCC 0.8485 PCCs 0.8057 R2 0.5359 R2s 0.2392 Var 0.5747 Vars 0.3337 Peak 0.2449
Epoch 417|time: 0.09s|train_loss 0.00018300|val_loss 0.00022981
Epoch 418|time: 0.09s|train_loss 0.00018749|val_loss 0.00020937
Epoch 419|time: 0.09s|train_loss 0.00020142|val_loss 0.00021495
Epoch 420|time: 0.09s|train_loss 0.00021231|val_loss 0.00019991
Best validation epoch: 420 Sat May 13 01:03:06 2023
TEST MAE 0.3480 std 0.0939 RMSE 0.5506 RMSEs 0.5314 PCC 0.8439 PCCs 0.7858 R2 0.6594 R2s 0.4421 Var 0.6620 Vars 0.4627 Peak 0.2186
Epoch 421|time: 0.09s|train_loss 0.00024266|val_loss 0.00023649
Epoch 422|time: 0.09s|train_loss 0.00020137|val_loss 0.00022175
Epoch 423|time: 0.09s|train_loss 0.00021075|val_loss 0.00020425
Epoch 424|time: 0.09s|train_loss 0.00021678|val_loss 0.00022815
Epoch 425|time: 0.09s|train_loss 0.00022227|val_loss 0.00027900
Epoch 426|time: 0.09s|train_loss 0.00022082|val_loss 0.00022568
Epoch 427|time: 0.09s|train_loss 0.00018102|val_loss 0.00021491
Epoch 428|time: 0.09s|train_loss 0.00019444|val_loss 0.00020581
Epoch 429|time: 0.09s|train_loss 0.00020681|val_loss 0.00020923
Epoch 430|time: 0.09s|train_loss 0.00017736|val_loss 0.00021979
Epoch 431|time: 0.09s|train_loss 0.00018658|val_loss 0.00020843
Epoch 432|time: 0.09s|train_loss 0.00018755|val_loss 0.00021260
Epoch 433|time: 0.09s|train_loss 0.00019329|val_loss 0.00021940
Epoch 434|time: 0.09s|train_loss 0.00021897|val_loss 0.00021918
Epoch 435|time: 0.09s|train_loss 0.00019411|val_loss 0.00021587
Epoch 436|time: 0.09s|train_loss 0.00019994|val_loss 0.00020022
Epoch 437|time: 0.09s|train_loss 0.00020156|val_loss 0.00020812
Epoch 438|time: 0.09s|train_loss 0.00018202|val_loss 0.00022292
Epoch 439|time: 0.09s|train_loss 0.00018459|val_loss 0.00022877
Epoch 440|time: 0.09s|train_loss 0.00019280|val_loss 0.00020228
Epoch 441|time: 0.09s|train_loss 0.00017848|val_loss 0.00021492
Epoch 442|time: 0.09s|train_loss 0.00017841|val_loss 0.00020830
Epoch 443|time: 0.09s|train_loss 0.00019024|val_loss 0.00021918
Epoch 444|time: 0.09s|train_loss 0.00018388|val_loss 0.00021159
Epoch 445|time: 0.09s|train_loss 0.00018236|val_loss 0.00022418
Epoch 446|time: 0.09s|train_loss 0.00018253|val_loss 0.00020314
Epoch 447|time: 0.09s|train_loss 0.00017173|val_loss 0.00022093
Epoch 448|time: 0.09s|train_loss 0.00018744|val_loss 0.00020608
Epoch 449|time: 0.09s|train_loss 0.00019549|val_loss 0.00021044
Epoch 450|time: 0.09s|train_loss 0.00019161|val_loss 0.00023694
Epoch 451|time: 0.09s|train_loss 0.00018487|val_loss 0.00020704
Epoch 452|time: 0.09s|train_loss 0.00019228|val_loss 0.00021182
Epoch 453|time: 0.09s|train_loss 0.00018466|val_loss 0.00021467
Epoch 454|time: 0.09s|train_loss 0.00018168|val_loss 0.00020532
Epoch 455|time: 0.09s|train_loss 0.00019495|val_loss 0.00023576
Epoch 456|time: 0.09s|train_loss 0.00019688|val_loss 0.00021804
Epoch 457|time: 0.09s|train_loss 0.00019133|val_loss 0.00020563
Epoch 458|time: 0.09s|train_loss 0.00019466|val_loss 0.00020161
Epoch 459|time: 0.09s|train_loss 0.00025471|val_loss 0.00021577
Epoch 460|time: 0.09s|train_loss 0.00018957|val_loss 0.00025299
Epoch 461|time: 0.09s|train_loss 0.00019915|val_loss 0.00021200
Epoch 462|time: 0.09s|train_loss 0.00019740|val_loss 0.00020587
Epoch 463|time: 0.09s|train_loss 0.00018643|val_loss 0.00021224
Epoch 464|time: 0.09s|train_loss 0.00020183|val_loss 0.00022115
Epoch 465|time: 0.09s|train_loss 0.00020012|val_loss 0.00021008
Epoch 466|time: 0.09s|train_loss 0.00020006|val_loss 0.00022770
Epoch 467|time: 0.09s|train_loss 0.00019411|val_loss 0.00021408
Epoch 468|time: 0.09s|train_loss 0.00018181|val_loss 0.00020593
Epoch 469|time: 0.09s|train_loss 0.00018823|val_loss 0.00023182
Epoch 470|time: 0.09s|train_loss 0.00019181|val_loss 0.00021328
Epoch 471|time: 0.09s|train_loss 0.00018543|val_loss 0.00020522
Epoch 472|time: 0.09s|train_loss 0.00017538|val_loss 0.00021497
Epoch 473|time: 0.09s|train_loss 0.00017315|val_loss 0.00021986
Epoch 474|time: 0.09s|train_loss 0.00021425|val_loss 0.00023752
Epoch 475|time: 0.09s|train_loss 0.00020032|val_loss 0.00021035
Epoch 476|time: 0.09s|train_loss 0.00021309|val_loss 0.00021175
Epoch 477|time: 0.09s|train_loss 0.00022238|val_loss 0.00022190
Epoch 478|time: 0.09s|train_loss 0.00019687|val_loss 0.00020459
Epoch 479|time: 0.09s|train_loss 0.00019942|val_loss 0.00022340
Epoch 480|time: 0.09s|train_loss 0.00020641|val_loss 0.00023741
Epoch 481|time: 0.09s|train_loss 0.00022251|val_loss 0.00021533
Epoch 482|time: 0.09s|train_loss 0.00017662|val_loss 0.00021164
Epoch 483|time: 0.09s|train_loss 0.00020430|val_loss 0.00021197
Epoch 484|time: 0.09s|train_loss 0.00019810|val_loss 0.00021303
Epoch 485|time: 0.09s|train_loss 0.00019037|val_loss 0.00023649
Epoch 486|time: 0.09s|train_loss 0.00020344|val_loss 0.00021193
Epoch 487|time: 0.09s|train_loss 0.00019276|val_loss 0.00021247
Epoch 488|time: 0.09s|train_loss 0.00019430|val_loss 0.00020118
Epoch 489|time: 0.09s|train_loss 0.00018055|val_loss 0.00021677
Epoch 490|time: 0.09s|train_loss 0.00018524|val_loss 0.00021714
Epoch 491|time: 0.09s|train_loss 0.00018473|val_loss 0.00025255
Epoch 492|time: 0.09s|train_loss 0.00022123|val_loss 0.00021787
Epoch 493|time: 0.09s|train_loss 0.00020019|val_loss 0.00022893
Epoch 494|time: 0.09s|train_loss 0.00018565|val_loss 0.00021603
Epoch 495|time: 0.09s|train_loss 0.00019010|val_loss 0.00023615
Epoch 496|time: 0.09s|train_loss 0.00020222|val_loss 0.00021408
Epoch 497|time: 0.09s|train_loss 0.00017971|val_loss 0.00020310
Epoch 498|time: 0.09s|train_loss 0.00019522|val_loss 0.00022080
Epoch 499|time: 0.09s|train_loss 0.00020138|val_loss 0.00021701
Epoch 500|time: 0.09s|train_loss 0.00020081|val_loss 0.00021147
Epoch 501|time: 0.09s|train_loss 0.00022827|val_loss 0.00029207
Epoch 502|time: 0.09s|train_loss 0.00024925|val_loss 0.00023615
Epoch 503|time: 0.09s|train_loss 0.00021583|val_loss 0.00021080
Epoch 504|time: 0.09s|train_loss 0.00020886|val_loss 0.00021399
Epoch 505|time: 0.09s|train_loss 0.00020696|val_loss 0.00022446
Epoch 506|time: 0.09s|train_loss 0.00019291|val_loss 0.00020949
Epoch 507|time: 0.09s|train_loss 0.00019880|val_loss 0.00021799
Epoch 508|time: 0.09s|train_loss 0.00018717|val_loss 0.00020386
Epoch 509|time: 0.09s|train_loss 0.00019359|val_loss 0.00023335
Epoch 510|time: 0.09s|train_loss 0.00018239|val_loss 0.00020880
Epoch 511|time: 0.09s|train_loss 0.00017156|val_loss 0.00021355
Epoch 512|time: 0.09s|train_loss 0.00018105|val_loss 0.00020668
Epoch 513|time: 0.09s|train_loss 0.00019110|val_loss 0.00020465
Epoch 514|time: 0.09s|train_loss 0.00017630|val_loss 0.00022397
Epoch 515|time: 0.09s|train_loss 0.00018514|val_loss 0.00021671
Epoch 516|time: 0.09s|train_loss 0.00020825|val_loss 0.00021072
Epoch 517|time: 0.09s|train_loss 0.00025883|val_loss 0.00025274
Epoch 518|time: 0.09s|train_loss 0.00024743|val_loss 0.00038291
Epoch 519|time: 0.09s|train_loss 0.00022956|val_loss 0.00022050
Epoch 520|time: 0.09s|train_loss 0.00022577|val_loss 0.00021534
Epoch 521|time: 0.09s|train_loss 0.00024239|val_loss 0.00024040
Epoch 522|time: 0.09s|train_loss 0.00021975|val_loss 0.00021389
Epoch 523|time: 0.09s|train_loss 0.00019757|val_loss 0.00019800
Best validation epoch: 523 Sat May 13 01:03:16 2023
TEST MAE 0.3419 std 0.1001 RMSE 0.5600 RMSEs 0.5361 PCC 0.8578 PCCs 0.8159 R2 0.6477 R2s 0.4253 Var 0.6586 Vars 0.4669 Peak 0.2173
Epoch 524|time: 0.09s|train_loss 0.00019690|val_loss 0.00020461
Epoch 525|time: 0.09s|train_loss 0.00018470|val_loss 0.00021927
Epoch 526|time: 0.09s|train_loss 0.00018369|val_loss 0.00021075
Epoch 527|time: 0.09s|train_loss 0.00022656|val_loss 0.00020019
Epoch 528|time: 0.09s|train_loss 0.00017191|val_loss 0.00020327
Epoch 529|time: 0.09s|train_loss 0.00017478|val_loss 0.00023409
Epoch 530|time: 0.09s|train_loss 0.00022108|val_loss 0.00020668
Epoch 531|time: 0.09s|train_loss 0.00018812|val_loss 0.00021994
Epoch 532|time: 0.09s|train_loss 0.00017472|val_loss 0.00021458
Epoch 533|time: 0.09s|train_loss 0.00018325|val_loss 0.00019623
Best validation epoch: 533 Sat May 13 01:03:16 2023
TEST MAE 0.3679 std 0.1144 RMSE 0.6121 RMSEs 0.5830 PCC 0.8508 PCCs 0.8092 R2 0.5791 R2s 0.3115 Var 0.6172 Vars 0.4116 Peak 0.2317
Epoch 534|time: 0.09s|train_loss 0.00017330|val_loss 0.00021710
Epoch 535|time: 0.09s|train_loss 0.00018495|val_loss 0.00021820
Epoch 536|time: 0.09s|train_loss 0.00018127|val_loss 0.00020801
Epoch 537|time: 0.09s|train_loss 0.00017061|val_loss 0.00020948
Epoch 538|time: 0.09s|train_loss 0.00018453|val_loss 0.00021013
Epoch 539|time: 0.09s|train_loss 0.00018135|val_loss 0.00020568
Epoch 540|time: 0.09s|train_loss 0.00017262|val_loss 0.00020788
Epoch 541|time: 0.09s|train_loss 0.00017023|val_loss 0.00021390
Epoch 542|time: 0.09s|train_loss 0.00017228|val_loss 0.00020633
Epoch 543|time: 0.09s|train_loss 0.00019444|val_loss 0.00022738
Epoch 544|time: 0.09s|train_loss 0.00019246|val_loss 0.00020184
Epoch 545|time: 0.09s|train_loss 0.00020764|val_loss 0.00021137
Epoch 546|time: 0.09s|train_loss 0.00020011|val_loss 0.00022792
Epoch 547|time: 0.09s|train_loss 0.00020363|val_loss 0.00023803
Epoch 548|time: 0.09s|train_loss 0.00023031|val_loss 0.00022435
Epoch 549|time: 0.09s|train_loss 0.00027152|val_loss 0.00024004
Epoch 550|time: 0.09s|train_loss 0.00022769|val_loss 0.00031913
Epoch 551|time: 0.09s|train_loss 0.00023443|val_loss 0.00022623
Epoch 552|time: 0.09s|train_loss 0.00023963|val_loss 0.00024825
Epoch 553|time: 0.09s|train_loss 0.00020911|val_loss 0.00024750
Epoch 554|time: 0.09s|train_loss 0.00020759|val_loss 0.00022472
Epoch 555|time: 0.09s|train_loss 0.00019695|val_loss 0.00021924
Epoch 556|time: 0.09s|train_loss 0.00020496|val_loss 0.00020976
Epoch 557|time: 0.09s|train_loss 0.00019421|val_loss 0.00022707
Epoch 558|time: 0.09s|train_loss 0.00018949|val_loss 0.00020127
Epoch 559|time: 0.09s|train_loss 0.00019737|val_loss 0.00020189
Epoch 560|time: 0.09s|train_loss 0.00017660|val_loss 0.00022039
Epoch 561|time: 0.09s|train_loss 0.00018308|val_loss 0.00019940
Epoch 562|time: 0.09s|train_loss 0.00018188|val_loss 0.00021979
Epoch 563|time: 0.09s|train_loss 0.00018100|val_loss 0.00020961
Epoch 564|time: 0.09s|train_loss 0.00019407|val_loss 0.00020988
Epoch 565|time: 0.09s|train_loss 0.00019551|val_loss 0.00021263
Epoch 566|time: 0.09s|train_loss 0.00017940|val_loss 0.00022279
Epoch 567|time: 0.09s|train_loss 0.00017669|val_loss 0.00020388
Epoch 568|time: 0.09s|train_loss 0.00017569|val_loss 0.00020800
Epoch 569|time: 0.09s|train_loss 0.00019154|val_loss 0.00024710
Epoch 570|time: 0.09s|train_loss 0.00021318|val_loss 0.00022159
Epoch 571|time: 0.09s|train_loss 0.00020992|val_loss 0.00023639
Epoch 572|time: 0.09s|train_loss 0.00019865|val_loss 0.00025292
Epoch 573|time: 0.09s|train_loss 0.00021941|val_loss 0.00020605
Epoch 574|time: 0.09s|train_loss 0.00019543|val_loss 0.00020996
Epoch 575|time: 0.09s|train_loss 0.00021956|val_loss 0.00021841
Epoch 576|time: 0.09s|train_loss 0.00022043|val_loss 0.00021060
Epoch 577|time: 0.09s|train_loss 0.00018510|val_loss 0.00021494
Epoch 578|time: 0.09s|train_loss 0.00018006|val_loss 0.00020937
Epoch 579|time: 0.09s|train_loss 0.00018453|val_loss 0.00020775
Epoch 580|time: 0.09s|train_loss 0.00018856|val_loss 0.00020319
Epoch 581|time: 0.09s|train_loss 0.00019683|val_loss 0.00023462
Epoch 582|time: 0.09s|train_loss 0.00021428|val_loss 0.00021563
Epoch 583|time: 0.09s|train_loss 0.00018080|val_loss 0.00021189
Epoch 584|time: 0.09s|train_loss 0.00017836|val_loss 0.00020906
Epoch 585|time: 0.09s|train_loss 0.00018645|val_loss 0.00020129
Epoch 586|time: 0.09s|train_loss 0.00020643|val_loss 0.00023561
Epoch 587|time: 0.09s|train_loss 0.00018813|val_loss 0.00021185
Epoch 588|time: 0.09s|train_loss 0.00018518|val_loss 0.00020955
Epoch 589|time: 0.09s|train_loss 0.00023004|val_loss 0.00021891
Epoch 590|time: 0.09s|train_loss 0.00021001|val_loss 0.00024329
Epoch 591|time: 0.09s|train_loss 0.00024883|val_loss 0.00021047
Epoch 592|time: 0.09s|train_loss 0.00022912|val_loss 0.00028793
Epoch 593|time: 0.09s|train_loss 0.00022730|val_loss 0.00022335
Epoch 594|time: 0.09s|train_loss 0.00021659|val_loss 0.00020796
Epoch 595|time: 0.09s|train_loss 0.00017775|val_loss 0.00021028
Epoch 596|time: 0.09s|train_loss 0.00018034|val_loss 0.00021081
Epoch 597|time: 0.09s|train_loss 0.00018744|val_loss 0.00023107
Epoch 598|time: 0.09s|train_loss 0.00019261|val_loss 0.00020801
Epoch 599|time: 0.09s|train_loss 0.00018275|val_loss 0.00020305
Epoch 600|time: 0.09s|train_loss 0.00019962|val_loss 0.00021524
Epoch 601|time: 0.09s|train_loss 0.00019616|val_loss 0.00020349
Epoch 602|time: 0.09s|train_loss 0.00019040|val_loss 0.00021237
Epoch 603|time: 0.09s|train_loss 0.00020017|val_loss 0.00021421
Epoch 604|time: 0.09s|train_loss 0.00017710|val_loss 0.00020368
Epoch 605|time: 0.09s|train_loss 0.00018868|val_loss 0.00021267
Epoch 606|time: 0.09s|train_loss 0.00019138|val_loss 0.00026245
Epoch 607|time: 0.09s|train_loss 0.00021159|val_loss 0.00020792
Epoch 608|time: 0.09s|train_loss 0.00020227|val_loss 0.00021425
Epoch 609|time: 0.09s|train_loss 0.00018945|val_loss 0.00021518
Epoch 610|time: 0.09s|train_loss 0.00019149|val_loss 0.00021126
Epoch 611|time: 0.09s|train_loss 0.00019497|val_loss 0.00022097
Epoch 612|time: 0.09s|train_loss 0.00019303|val_loss 0.00024101
Epoch 613|time: 0.09s|train_loss 0.00019967|val_loss 0.00020639
Epoch 614|time: 0.09s|train_loss 0.00020747|val_loss 0.00020652
Epoch 615|time: 0.09s|train_loss 0.00019767|val_loss 0.00021437
Epoch 616|time: 0.09s|train_loss 0.00019737|val_loss 0.00020550
Epoch 617|time: 0.09s|train_loss 0.00019483|val_loss 0.00020750
Epoch 618|time: 0.09s|train_loss 0.00017376|val_loss 0.00023048
Epoch 619|time: 0.09s|train_loss 0.00020828|val_loss 0.00021849
Epoch 620|time: 0.09s|train_loss 0.00019140|val_loss 0.00021068
Epoch 621|time: 0.09s|train_loss 0.00018474|val_loss 0.00020951
Epoch 622|time: 0.09s|train_loss 0.00018971|val_loss 0.00022806
Epoch 623|time: 0.09s|train_loss 0.00018184|val_loss 0.00022915
Epoch 624|time: 0.09s|train_loss 0.00019361|val_loss 0.00020290
Epoch 625|time: 0.09s|train_loss 0.00019916|val_loss 0.00021822
Epoch 626|time: 0.09s|train_loss 0.00017439|val_loss 0.00022460
Epoch 627|time: 0.09s|train_loss 0.00017469|val_loss 0.00021866
Epoch 628|time: 0.09s|train_loss 0.00018118|val_loss 0.00020806
Epoch 629|time: 0.09s|train_loss 0.00016969|val_loss 0.00020767
Epoch 630|time: 0.09s|train_loss 0.00017080|val_loss 0.00022120
Epoch 631|time: 0.09s|train_loss 0.00017956|val_loss 0.00020937
Epoch 632|time: 0.09s|train_loss 0.00018080|val_loss 0.00022622
Epoch 633|time: 0.09s|train_loss 0.00019731|val_loss 0.00022338
Epoch 634|time: 0.09s|train_loss 0.00020404|val_loss 0.00021377
Epoch 635|time: 0.09s|train_loss 0.00017748|val_loss 0.00020528
Epoch 636|time: 0.09s|train_loss 0.00016866|val_loss 0.00020610
Epoch 637|time: 0.09s|train_loss 0.00017140|val_loss 0.00021300
Epoch 638|time: 0.09s|train_loss 0.00018667|val_loss 0.00021084
Epoch 639|time: 0.09s|train_loss 0.00021069|val_loss 0.00023327
Epoch 640|time: 0.09s|train_loss 0.00020812|val_loss 0.00025791
Epoch 641|time: 0.09s|train_loss 0.00020304|val_loss 0.00020910
Epoch 642|time: 0.09s|train_loss 0.00018571|val_loss 0.00020247
Epoch 643|time: 0.09s|train_loss 0.00020289|val_loss 0.00020840
Epoch 644|time: 0.09s|train_loss 0.00017425|val_loss 0.00020430
Epoch 645|time: 0.09s|train_loss 0.00017457|val_loss 0.00020522
Epoch 646|time: 0.09s|train_loss 0.00019563|val_loss 0.00020806
Epoch 647|time: 0.09s|train_loss 0.00018876|val_loss 0.00022986
Epoch 648|time: 0.09s|train_loss 0.00018656|val_loss 0.00020695
Epoch 649|time: 0.09s|train_loss 0.00018333|val_loss 0.00020870
Epoch 650|time: 0.09s|train_loss 0.00017533|val_loss 0.00020043
Epoch 651|time: 0.09s|train_loss 0.00019409|val_loss 0.00021903
Epoch 652|time: 0.09s|train_loss 0.00020016|val_loss 0.00022282
Epoch 653|time: 0.09s|train_loss 0.00017435|val_loss 0.00020271
Epoch 654|time: 0.09s|train_loss 0.00017840|val_loss 0.00020924
Epoch 655|time: 0.09s|train_loss 0.00017984|val_loss 0.00021300
Epoch 656|time: 0.09s|train_loss 0.00017330|val_loss 0.00021458
Epoch 657|time: 0.09s|train_loss 0.00017207|val_loss 0.00021831
Epoch 658|time: 0.09s|train_loss 0.00018399|val_loss 0.00021875
Epoch 659|time: 0.09s|train_loss 0.00020041|val_loss 0.00021347
Epoch 660|time: 0.09s|train_loss 0.00018065|val_loss 0.00020917
Epoch 661|time: 0.09s|train_loss 0.00017635|val_loss 0.00020776
Epoch 662|time: 0.09s|train_loss 0.00018503|val_loss 0.00023360
Epoch 663|time: 0.09s|train_loss 0.00018516|val_loss 0.00021331
Epoch 664|time: 0.09s|train_loss 0.00019957|val_loss 0.00021500
Epoch 665|time: 0.09s|train_loss 0.00020300|val_loss 0.00021733
Epoch 666|time: 0.09s|train_loss 0.00020274|val_loss 0.00020448
Epoch 667|time: 0.09s|train_loss 0.00017576|val_loss 0.00022119
Epoch 668|time: 0.09s|train_loss 0.00018342|val_loss 0.00020643
Epoch 669|time: 0.09s|train_loss 0.00017388|val_loss 0.00020924
Epoch 670|time: 0.09s|train_loss 0.00018205|val_loss 0.00020874
Epoch 671|time: 0.09s|train_loss 0.00017794|val_loss 0.00020906
Epoch 672|time: 0.09s|train_loss 0.00019973|val_loss 0.00021377
Epoch 673|time: 0.09s|train_loss 0.00018215|val_loss 0.00021723
Epoch 674|time: 0.09s|train_loss 0.00025543|val_loss 0.00023679
Epoch 675|time: 0.09s|train_loss 0.00021956|val_loss 0.00028521
Epoch 676|time: 0.09s|train_loss 0.00019079|val_loss 0.00023086
Epoch 677|time: 0.09s|train_loss 0.00020473|val_loss 0.00020821
Epoch 678|time: 0.09s|train_loss 0.00018009|val_loss 0.00021910
Epoch 679|time: 0.09s|train_loss 0.00019746|val_loss 0.00019967
Epoch 680|time: 0.09s|train_loss 0.00018761|val_loss 0.00020756
Epoch 681|time: 0.09s|train_loss 0.00017532|val_loss 0.00021888
Epoch 682|time: 0.09s|train_loss 0.00018575|val_loss 0.00020314
Epoch 683|time: 0.09s|train_loss 0.00021439|val_loss 0.00020929
Epoch 684|time: 0.09s|train_loss 0.00020996|val_loss 0.00020536
Epoch 685|time: 0.09s|train_loss 0.00021802|val_loss 0.00022294
Epoch 686|time: 0.09s|train_loss 0.00020733|val_loss 0.00021123
Epoch 687|time: 0.09s|train_loss 0.00020603|val_loss 0.00021816
Epoch 688|time: 0.09s|train_loss 0.00019841|val_loss 0.00020380
Epoch 689|time: 0.09s|train_loss 0.00017813|val_loss 0.00023549
Epoch 690|time: 0.09s|train_loss 0.00019595|val_loss 0.00020886
Epoch 691|time: 0.09s|train_loss 0.00018398|val_loss 0.00020544
Epoch 692|time: 0.09s|train_loss 0.00018981|val_loss 0.00021871
Epoch 693|time: 0.09s|train_loss 0.00018233|val_loss 0.00021184
Epoch 694|time: 0.09s|train_loss 0.00021855|val_loss 0.00020553
Epoch 695|time: 0.09s|train_loss 0.00021269|val_loss 0.00023138
Epoch 696|time: 0.09s|train_loss 0.00019794|val_loss 0.00021331
Epoch 697|time: 0.09s|train_loss 0.00020462|val_loss 0.00020185
Epoch 698|time: 0.09s|train_loss 0.00017965|val_loss 0.00022529
Epoch 699|time: 0.09s|train_loss 0.00017921|val_loss 0.00021102
Epoch 700|time: 0.09s|train_loss 0.00018638|val_loss 0.00020416
Epoch 701|time: 0.09s|train_loss 0.00017233|val_loss 0.00021228
Epoch 702|time: 0.09s|train_loss 0.00017346|val_loss 0.00020236
Epoch 703|time: 0.09s|train_loss 0.00018946|val_loss 0.00020198
Epoch 704|time: 0.09s|train_loss 0.00016878|val_loss 0.00021481
Epoch 705|time: 0.09s|train_loss 0.00018356|val_loss 0.00020249
Epoch 706|time: 0.09s|train_loss 0.00017886|val_loss 0.00021004
Epoch 707|time: 0.09s|train_loss 0.00017528|val_loss 0.00021864
Epoch 708|time: 0.09s|train_loss 0.00019740|val_loss 0.00020908
Epoch 709|time: 0.09s|train_loss 0.00017127|val_loss 0.00021970
Epoch 710|time: 0.09s|train_loss 0.00016932|val_loss 0.00020847
Epoch 711|time: 0.09s|train_loss 0.00017296|val_loss 0.00021022
Epoch 712|time: 0.09s|train_loss 0.00018298|val_loss 0.00021489
Epoch 713|time: 0.09s|train_loss 0.00018206|val_loss 0.00021752
Epoch 714|time: 0.09s|train_loss 0.00018402|val_loss 0.00021093
Epoch 715|time: 0.09s|train_loss 0.00020095|val_loss 0.00021240
Epoch 716|time: 0.09s|train_loss 0.00018627|val_loss 0.00020770
Epoch 717|time: 0.09s|train_loss 0.00016942|val_loss 0.00020641
Epoch 718|time: 0.09s|train_loss 0.00017244|val_loss 0.00020806
Epoch 719|time: 0.09s|train_loss 0.00016972|val_loss 0.00021104
Epoch 720|time: 0.09s|train_loss 0.00016926|val_loss 0.00020962
Epoch 721|time: 0.09s|train_loss 0.00017323|val_loss 0.00020889
Epoch 722|time: 0.09s|train_loss 0.00020275|val_loss 0.00021209
Epoch 723|time: 0.09s|train_loss 0.00018014|val_loss 0.00020760
Epoch 724|time: 0.09s|train_loss 0.00016953|val_loss 0.00021799
Epoch 725|time: 0.09s|train_loss 0.00017563|val_loss 0.00020528
Epoch 726|time: 0.09s|train_loss 0.00016654|val_loss 0.00021104
Epoch 727|time: 0.09s|train_loss 0.00018097|val_loss 0.00020591
Epoch 728|time: 0.09s|train_loss 0.00017705|val_loss 0.00021474
Epoch 729|time: 0.09s|train_loss 0.00021256|val_loss 0.00020504
Epoch 730|time: 0.09s|train_loss 0.00019345|val_loss 0.00020824
Epoch 731|time: 0.09s|train_loss 0.00017919|val_loss 0.00021227
Epoch 732|time: 0.09s|train_loss 0.00018409|val_loss 0.00021229
Epoch 733|time: 0.09s|train_loss 0.00019530|val_loss 0.00023222
Final evaluation
TEST MAE 0.3679 | std 0.1144 | RMSE 0.6121 | RMSEs 0.5830 | PCC 0.8508 | PCCs 0.8092 | R2 0.5791 | R2s 0.3115 | Var 0.6172 | Vars 0.4116 | Peak 0.2317
