--------Parameters--------
Namespace(batch=32, bi=False, check_point=1, cuda=False, dataset='us_hhs', dropout=0.2, epilambda=0.2, epochs=1500, gpu=3, hidsp=15, horizon=4, k=10, lamda=0.01, lr=0.01, model='cola_gnn', mylog=True, n_hidden=20, n_layer=1, patience=200, rnn_model='RNN', save_dir='save', seed=42, shuffle=False, sim_mat='us_hhs-adj', test=0.2, train=0.6, val=0.2, weight_decay=0.0005, window=20)
--------------------------
data shape (364, 10)
364 10
(364, 10)
size of train/val/test sets 195 73 73
#params: 2163
begin training
Epoch   1|time: 0.09s|train_loss 0.00128893|val_loss 0.00040209
Best validation epoch: 1 Sat May 13 01:04:00 2023
TEST MAE 0.4683 std 0.0888 RMSE 0.5686 RMSEs 0.5567 PCC 0.8362 PCCs 0.8044 R2 0.6368 R2s 0.4097 Var 0.6816 Vars 0.5622 Peak 0.1739
Epoch   2|time: 0.08s|train_loss 0.00033411|val_loss 0.00037485
Best validation epoch: 2 Sat May 13 01:04:00 2023
TEST MAE 0.4052 std 0.1067 RMSE 0.5707 RMSEs 0.5496 PCC 0.8228 PCCs 0.7594 R2 0.6341 R2s 0.4595 Var 0.6360 Vars 0.4901 Peak 0.2240
Epoch   3|time: 0.07s|train_loss 0.00030801|val_loss 0.00028537
Best validation epoch: 3 Sat May 13 01:04:00 2023
TEST MAE 0.3624 std 0.1368 RMSE 0.5820 RMSEs 0.5557 PCC 0.8685 PCCs 0.7986 R2 0.6194 R2s 0.4564 Var 0.7221 Vars 0.6126 Peak 0.2523
Epoch   4|time: 0.08s|train_loss 0.00029389|val_loss 0.00025081
Best validation epoch: 4 Sat May 13 01:04:00 2023
TEST MAE 0.2970 std 0.0821 RMSE 0.4697 RMSEs 0.4522 PCC 0.8748 PCCs 0.8110 R2 0.7521 R2s 0.6299 Var 0.7605 Vars 0.6504 Peak 0.1836
Epoch   5|time: 0.08s|train_loss 0.00026259|val_loss 0.00026287
Epoch   6|time: 0.08s|train_loss 0.00025608|val_loss 0.00025149
Epoch   7|time: 0.08s|train_loss 0.00027586|val_loss 0.00048047
Epoch   8|time: 0.08s|train_loss 0.00039930|val_loss 0.00035255
Epoch   9|time: 0.08s|train_loss 0.00037602|val_loss 0.00050079
Epoch  10|time: 0.08s|train_loss 0.00039334|val_loss 0.00043739
Epoch  11|time: 0.08s|train_loss 0.00036284|val_loss 0.00033003
Epoch  12|time: 0.08s|train_loss 0.00029872|val_loss 0.00029583
Epoch  13|time: 0.08s|train_loss 0.00030704|val_loss 0.00027908
Epoch  14|time: 0.08s|train_loss 0.00027962|val_loss 0.00025625
Epoch  15|time: 0.08s|train_loss 0.00029470|val_loss 0.00025649
Epoch  16|time: 0.08s|train_loss 0.00030400|val_loss 0.00027128
Epoch  17|time: 0.08s|train_loss 0.00025117|val_loss 0.00024607
Best validation epoch: 17 Sat May 13 01:04:01 2023
TEST MAE 0.2752 std 0.0835 RMSE 0.4325 RMSEs 0.4158 PCC 0.8930 PCCs 0.8443 R2 0.7898 R2s 0.6872 Var 0.7942 Vars 0.7023 Peak 0.1673
Epoch  18|time: 0.08s|train_loss 0.00029396|val_loss 0.00030980
Epoch  19|time: 0.08s|train_loss 0.00024050|val_loss 0.00024300
Best validation epoch: 19 Sat May 13 01:04:01 2023
TEST MAE 0.2788 std 0.0786 RMSE 0.4195 RMSEs 0.4054 PCC 0.8958 PCCs 0.8519 R2 0.8023 R2s 0.6972 Var 0.8025 Vars 0.7103 Peak 0.1602
Epoch  20|time: 0.08s|train_loss 0.00023847|val_loss 0.00030588
Epoch  21|time: 0.08s|train_loss 0.00027240|val_loss 0.00023835
Best validation epoch: 21 Sat May 13 01:04:02 2023
TEST MAE 0.2742 std 0.0798 RMSE 0.4071 RMSEs 0.3922 PCC 0.9040 PCCs 0.8691 R2 0.8138 R2s 0.7142 Var 0.8152 Vars 0.7330 Peak 0.1540
Epoch  22|time: 0.08s|train_loss 0.00026294|val_loss 0.00027234
Epoch  23|time: 0.08s|train_loss 0.00025329|val_loss 0.00025087
Epoch  24|time: 0.08s|train_loss 0.00022473|val_loss 0.00025923
Epoch  25|time: 0.08s|train_loss 0.00024214|val_loss 0.00027998
Epoch  26|time: 0.08s|train_loss 0.00026870|val_loss 0.00023463
Best validation epoch: 26 Sat May 13 01:04:02 2023
TEST MAE 0.2614 std 0.0822 RMSE 0.4031 RMSEs 0.3866 PCC 0.9053 PCCs 0.8709 R2 0.8175 R2s 0.7274 Var 0.8187 Vars 0.7380 Peak 0.1529
Epoch  27|time: 0.08s|train_loss 0.00026516|val_loss 0.00023077
Best validation epoch: 27 Sat May 13 01:04:02 2023
TEST MAE 0.2699 std 0.0784 RMSE 0.4112 RMSEs 0.3963 PCC 0.9010 PCCs 0.8625 R2 0.8101 R2s 0.7108 Var 0.8105 Vars 0.7213 Peak 0.1561
Epoch  28|time: 0.08s|train_loss 0.00024444|val_loss 0.00028139
Epoch  29|time: 0.08s|train_loss 0.00026958|val_loss 0.00023442
Epoch  30|time: 0.08s|train_loss 0.00025140|val_loss 0.00025236
Epoch  31|time: 0.08s|train_loss 0.00026697|val_loss 0.00029311
Epoch  32|time: 0.08s|train_loss 0.00029059|val_loss 0.00033945
Epoch  33|time: 0.08s|train_loss 0.00026291|val_loss 0.00033060
Epoch  34|time: 0.08s|train_loss 0.00027737|val_loss 0.00026531
Epoch  35|time: 0.08s|train_loss 0.00026353|val_loss 0.00023358
Epoch  36|time: 0.08s|train_loss 0.00024135|val_loss 0.00023779
Epoch  37|time: 0.08s|train_loss 0.00023188|val_loss 0.00029874
Epoch  38|time: 0.08s|train_loss 0.00025292|val_loss 0.00023194
Epoch  39|time: 0.08s|train_loss 0.00022574|val_loss 0.00023898
Epoch  40|time: 0.08s|train_loss 0.00023060|val_loss 0.00024239
Epoch  41|time: 0.08s|train_loss 0.00022715|val_loss 0.00023268
Epoch  42|time: 0.08s|train_loss 0.00023466|val_loss 0.00024923
Epoch  43|time: 0.08s|train_loss 0.00024502|val_loss 0.00023216
Epoch  44|time: 0.08s|train_loss 0.00025044|val_loss 0.00023813
Epoch  45|time: 0.08s|train_loss 0.00024976|val_loss 0.00027130
Epoch  46|time: 0.08s|train_loss 0.00028935|val_loss 0.00023086
Epoch  47|time: 0.08s|train_loss 0.00023128|val_loss 0.00028599
Epoch  48|time: 0.08s|train_loss 0.00033986|val_loss 0.00026128
Epoch  49|time: 0.08s|train_loss 0.00025351|val_loss 0.00023094
Epoch  50|time: 0.08s|train_loss 0.00028824|val_loss 0.00023820
Epoch  51|time: 0.08s|train_loss 0.00024725|val_loss 0.00028276
Epoch  52|time: 0.08s|train_loss 0.00029108|val_loss 0.00028525
Epoch  53|time: 0.08s|train_loss 0.00027628|val_loss 0.00022874
Best validation epoch: 53 Sat May 13 01:04:04 2023
TEST MAE 0.2649 std 0.0736 RMSE 0.4005 RMSEs 0.3856 PCC 0.9068 PCCs 0.8732 R2 0.8199 R2s 0.7208 Var 0.8205 Vars 0.7376 Peak 0.1508
Epoch  54|time: 0.08s|train_loss 0.00025623|val_loss 0.00023703
Epoch  55|time: 0.08s|train_loss 0.00026553|val_loss 0.00025938
Epoch  56|time: 0.08s|train_loss 0.00038003|val_loss 0.00027004
Epoch  57|time: 0.08s|train_loss 0.00030091|val_loss 0.00030374
Epoch  58|time: 0.08s|train_loss 0.00026224|val_loss 0.00033541
Epoch  59|time: 0.08s|train_loss 0.00024457|val_loss 0.00026658
Epoch  60|time: 0.08s|train_loss 0.00023034|val_loss 0.00026697
Epoch  61|time: 0.08s|train_loss 0.00022823|val_loss 0.00022758
Best validation epoch: 61 Sat May 13 01:04:05 2023
TEST MAE 0.2682 std 0.0771 RMSE 0.4062 RMSEs 0.3902 PCC 0.9076 PCCs 0.8795 R2 0.8147 R2s 0.7117 Var 0.8181 Vars 0.7390 Peak 0.1488
Epoch  62|time: 0.07s|train_loss 0.00022865|val_loss 0.00024754
Epoch  63|time: 0.11s|train_loss 0.00023912|val_loss 0.00022869
Epoch  64|time: 0.08s|train_loss 0.00022133|val_loss 0.00023961
Epoch  65|time: 0.08s|train_loss 0.00021074|val_loss 0.00024270
Epoch  66|time: 0.08s|train_loss 0.00022396|val_loss 0.00028114
Epoch  67|time: 0.08s|train_loss 0.00024261|val_loss 0.00024948
Epoch  68|time: 0.08s|train_loss 0.00024985|val_loss 0.00023393
Epoch  69|time: 0.08s|train_loss 0.00022994|val_loss 0.00023425
Epoch  70|time: 0.08s|train_loss 0.00026634|val_loss 0.00023185
Epoch  71|time: 0.08s|train_loss 0.00021198|val_loss 0.00024006
Epoch  72|time: 0.08s|train_loss 0.00021185|val_loss 0.00025289
Epoch  73|time: 0.08s|train_loss 0.00023859|val_loss 0.00023861
Epoch  74|time: 0.08s|train_loss 0.00021452|val_loss 0.00028293
Epoch  75|time: 0.08s|train_loss 0.00021839|val_loss 0.00025049
Epoch  76|time: 0.08s|train_loss 0.00024445|val_loss 0.00024081
Epoch  77|time: 0.08s|train_loss 0.00024562|val_loss 0.00023607
Epoch  78|time: 0.08s|train_loss 0.00024962|val_loss 0.00025018
Epoch  79|time: 0.08s|train_loss 0.00023170|val_loss 0.00025487
Epoch  80|time: 0.08s|train_loss 0.00022478|val_loss 0.00025060
Epoch  81|time: 0.08s|train_loss 0.00024335|val_loss 0.00023615
Epoch  82|time: 0.08s|train_loss 0.00021441|val_loss 0.00024629
Epoch  83|time: 0.08s|train_loss 0.00022607|val_loss 0.00028590
Epoch  84|time: 0.08s|train_loss 0.00022650|val_loss 0.00023650
Epoch  85|time: 0.08s|train_loss 0.00020542|val_loss 0.00025175
Epoch  86|time: 0.08s|train_loss 0.00022935|val_loss 0.00023747
Epoch  87|time: 0.08s|train_loss 0.00024730|val_loss 0.00022886
Epoch  88|time: 0.08s|train_loss 0.00021893|val_loss 0.00024595
Epoch  89|time: 0.08s|train_loss 0.00023919|val_loss 0.00026158
Epoch  90|time: 0.08s|train_loss 0.00023339|val_loss 0.00022399
Best validation epoch: 90 Sat May 13 01:04:07 2023
TEST MAE 0.2883 std 0.0744 RMSE 0.4386 RMSEs 0.4234 PCC 0.8920 PCCs 0.8485 R2 0.7839 R2s 0.6553 Var 0.7848 Vars 0.6686 Peak 0.1644
Epoch  91|time: 0.08s|train_loss 0.00020820|val_loss 0.00023344
Epoch  92|time: 0.08s|train_loss 0.00020656|val_loss 0.00026415
Epoch  93|time: 0.08s|train_loss 0.00023543|val_loss 0.00023431
Epoch  94|time: 0.08s|train_loss 0.00021705|val_loss 0.00023126
Epoch  95|time: 0.08s|train_loss 0.00022409|val_loss 0.00028511
Epoch  96|time: 0.08s|train_loss 0.00032157|val_loss 0.00024828
Epoch  97|time: 0.08s|train_loss 0.00022445|val_loss 0.00023921
Epoch  98|time: 0.08s|train_loss 0.00020085|val_loss 0.00024555
Epoch  99|time: 0.08s|train_loss 0.00021483|val_loss 0.00027362
Epoch 100|time: 0.08s|train_loss 0.00026277|val_loss 0.00032273
Epoch 101|time: 0.08s|train_loss 0.00024478|val_loss 0.00032063
Epoch 102|time: 0.08s|train_loss 0.00027543|val_loss 0.00025864
Epoch 103|time: 0.08s|train_loss 0.00023781|val_loss 0.00021933
Best validation epoch: 103 Sat May 13 01:04:08 2023
TEST MAE 0.3411 std 0.0847 RMSE 0.5158 RMSEs 0.4995 PCC 0.8577 PCCs 0.8014 R2 0.7012 R2s 0.5102 Var 0.7012 Vars 0.5205 Peak 0.1995
Epoch 104|time: 0.08s|train_loss 0.00021862|val_loss 0.00023187
Epoch 105|time: 0.08s|train_loss 0.00022083|val_loss 0.00023134
Epoch 106|time: 0.08s|train_loss 0.00021970|val_loss 0.00024078
Epoch 107|time: 0.08s|train_loss 0.00022043|val_loss 0.00022937
Epoch 108|time: 0.08s|train_loss 0.00022295|val_loss 0.00022472
Epoch 109|time: 0.08s|train_loss 0.00020918|val_loss 0.00023333
Epoch 110|time: 0.08s|train_loss 0.00022484|val_loss 0.00022103
Epoch 111|time: 0.08s|train_loss 0.00027490|val_loss 0.00024851
Epoch 112|time: 0.08s|train_loss 0.00023867|val_loss 0.00021994
Epoch 113|time: 0.08s|train_loss 0.00022629|val_loss 0.00025151
Epoch 114|time: 0.08s|train_loss 0.00024254|val_loss 0.00022935
Epoch 115|time: 0.08s|train_loss 0.00020727|val_loss 0.00022156
Epoch 116|time: 0.08s|train_loss 0.00021658|val_loss 0.00025101
Epoch 117|time: 0.08s|train_loss 0.00021560|val_loss 0.00025062
Epoch 118|time: 0.08s|train_loss 0.00024864|val_loss 0.00022574
Epoch 119|time: 0.08s|train_loss 0.00020635|val_loss 0.00022252
Epoch 120|time: 0.08s|train_loss 0.00020018|val_loss 0.00022242
Epoch 121|time: 0.08s|train_loss 0.00021461|val_loss 0.00022964
Epoch 122|time: 0.08s|train_loss 0.00024017|val_loss 0.00025146
Epoch 123|time: 0.08s|train_loss 0.00020572|val_loss 0.00022740
Epoch 124|time: 0.08s|train_loss 0.00020991|val_loss 0.00021746
Best validation epoch: 124 Sat May 13 01:04:10 2023
TEST MAE 0.3042 std 0.0868 RMSE 0.4916 RMSEs 0.4724 PCC 0.8653 PCCs 0.8131 R2 0.7285 R2s 0.5646 Var 0.7286 Vars 0.5765 Peak 0.1880
Epoch 125|time: 0.08s|train_loss 0.00021206|val_loss 0.00021896
Epoch 126|time: 0.08s|train_loss 0.00021003|val_loss 0.00022635
Epoch 127|time: 0.08s|train_loss 0.00020744|val_loss 0.00022833
Epoch 128|time: 0.08s|train_loss 0.00020505|val_loss 0.00025120
Epoch 129|time: 0.08s|train_loss 0.00021923|val_loss 0.00024332
Epoch 130|time: 0.08s|train_loss 0.00022318|val_loss 0.00024387
Epoch 131|time: 0.08s|train_loss 0.00026536|val_loss 0.00023938
Epoch 132|time: 0.08s|train_loss 0.00023974|val_loss 0.00024634
Epoch 133|time: 0.08s|train_loss 0.00021311|val_loss 0.00024092
Epoch 134|time: 0.08s|train_loss 0.00021505|val_loss 0.00025762
Epoch 135|time: 0.08s|train_loss 0.00023014|val_loss 0.00025553
Epoch 136|time: 0.08s|train_loss 0.00021116|val_loss 0.00024768
Epoch 137|time: 0.08s|train_loss 0.00023800|val_loss 0.00030156
Epoch 138|time: 0.08s|train_loss 0.00026960|val_loss 0.00024282
Epoch 139|time: 0.08s|train_loss 0.00024599|val_loss 0.00026900
Epoch 140|time: 0.08s|train_loss 0.00021911|val_loss 0.00028062
Epoch 141|time: 0.08s|train_loss 0.00023368|val_loss 0.00021320
Best validation epoch: 141 Sat May 13 01:04:11 2023
TEST MAE 0.3452 std 0.0984 RMSE 0.5510 RMSEs 0.5258 PCC 0.8669 PCCs 0.8268 R2 0.6590 R2s 0.4395 Var 0.6758 Vars 0.4909 Peak 0.2052
Epoch 142|time: 0.07s|train_loss 0.00021391|val_loss 0.00022850
Epoch 143|time: 0.08s|train_loss 0.00024534|val_loss 0.00024229
Epoch 144|time: 0.08s|train_loss 0.00019782|val_loss 0.00022588
Epoch 145|time: 0.08s|train_loss 0.00021550|val_loss 0.00023432
Epoch 146|time: 0.08s|train_loss 0.00028259|val_loss 0.00024878
Epoch 147|time: 0.08s|train_loss 0.00028793|val_loss 0.00025564
Epoch 148|time: 0.08s|train_loss 0.00021069|val_loss 0.00023772
Epoch 149|time: 0.08s|train_loss 0.00022038|val_loss 0.00025858
Epoch 150|time: 0.08s|train_loss 0.00021776|val_loss 0.00023873
Epoch 151|time: 0.08s|train_loss 0.00020704|val_loss 0.00024177
Epoch 152|time: 0.08s|train_loss 0.00021596|val_loss 0.00022805
Epoch 153|time: 0.08s|train_loss 0.00024312|val_loss 0.00022324
Epoch 154|time: 0.08s|train_loss 0.00024352|val_loss 0.00025549
Epoch 155|time: 0.08s|train_loss 0.00026219|val_loss 0.00023531
Epoch 156|time: 0.08s|train_loss 0.00025854|val_loss 0.00024120
Epoch 157|time: 0.08s|train_loss 0.00028869|val_loss 0.00028196
Epoch 158|time: 0.08s|train_loss 0.00025977|val_loss 0.00023694
Epoch 159|time: 0.07s|train_loss 0.00021747|val_loss 0.00021878
Epoch 160|time: 0.08s|train_loss 0.00020604|val_loss 0.00022583
Epoch 161|time: 0.08s|train_loss 0.00020588|val_loss 0.00021984
Epoch 162|time: 0.07s|train_loss 0.00021657|val_loss 0.00022330
Epoch 163|time: 0.08s|train_loss 0.00023259|val_loss 0.00024314
Epoch 164|time: 0.08s|train_loss 0.00023198|val_loss 0.00024921
Epoch 165|time: 0.08s|train_loss 0.00021306|val_loss 0.00022307
Epoch 166|time: 0.08s|train_loss 0.00026563|val_loss 0.00022358
Epoch 167|time: 0.08s|train_loss 0.00021400|val_loss 0.00022629
Epoch 168|time: 0.08s|train_loss 0.00022868|val_loss 0.00026007
Epoch 169|time: 0.08s|train_loss 0.00022341|val_loss 0.00023552
Epoch 170|time: 0.08s|train_loss 0.00020340|val_loss 0.00021394
Epoch 171|time: 0.08s|train_loss 0.00021103|val_loss 0.00021852
Epoch 172|time: 0.08s|train_loss 0.00020014|val_loss 0.00021961
Epoch 173|time: 0.08s|train_loss 0.00026057|val_loss 0.00024201
Epoch 174|time: 0.08s|train_loss 0.00025211|val_loss 0.00027124
Epoch 175|time: 0.08s|train_loss 0.00025876|val_loss 0.00026499
Epoch 176|time: 0.08s|train_loss 0.00025159|val_loss 0.00029590
Epoch 177|time: 0.08s|train_loss 0.00024180|val_loss 0.00032113
Epoch 178|time: 0.08s|train_loss 0.00029518|val_loss 0.00032055
Epoch 179|time: 0.08s|train_loss 0.00028355|val_loss 0.00023102
Epoch 180|time: 0.08s|train_loss 0.00022937|val_loss 0.00022922
Epoch 181|time: 0.08s|train_loss 0.00023818|val_loss 0.00028725
Epoch 182|time: 0.08s|train_loss 0.00023535|val_loss 0.00025355
Epoch 183|time: 0.08s|train_loss 0.00027224|val_loss 0.00034468
Epoch 184|time: 0.08s|train_loss 0.00025638|val_loss 0.00025659
Epoch 185|time: 0.08s|train_loss 0.00023877|val_loss 0.00024235
Epoch 186|time: 0.08s|train_loss 0.00025538|val_loss 0.00025346
Epoch 187|time: 0.08s|train_loss 0.00024298|val_loss 0.00024026
Epoch 188|time: 0.08s|train_loss 0.00025630|val_loss 0.00024765
Epoch 189|time: 0.08s|train_loss 0.00024662|val_loss 0.00025415
Epoch 190|time: 0.08s|train_loss 0.00028059|val_loss 0.00024191
Epoch 191|time: 0.08s|train_loss 0.00023286|val_loss 0.00024052
Epoch 192|time: 0.08s|train_loss 0.00021967|val_loss 0.00026247
Epoch 193|time: 0.08s|train_loss 0.00025181|val_loss 0.00024667
Epoch 194|time: 0.08s|train_loss 0.00023938|val_loss 0.00024388
Epoch 195|time: 0.08s|train_loss 0.00023224|val_loss 0.00024178
Epoch 196|time: 0.08s|train_loss 0.00024634|val_loss 0.00023984
Epoch 197|time: 0.08s|train_loss 0.00023191|val_loss 0.00023943
Epoch 198|time: 0.08s|train_loss 0.00022403|val_loss 0.00024977
Epoch 199|time: 0.08s|train_loss 0.00029608|val_loss 0.00022862
Epoch 200|time: 0.08s|train_loss 0.00028968|val_loss 0.00024575
Epoch 201|time: 0.08s|train_loss 0.00023524|val_loss 0.00025809
Epoch 202|time: 0.08s|train_loss 0.00024184|val_loss 0.00023462
Epoch 203|time: 0.08s|train_loss 0.00021681|val_loss 0.00021865
Epoch 204|time: 0.08s|train_loss 0.00022489|val_loss 0.00021563
Epoch 205|time: 0.08s|train_loss 0.00022345|val_loss 0.00022389
Epoch 206|time: 0.08s|train_loss 0.00021697|val_loss 0.00024112
Epoch 207|time: 0.08s|train_loss 0.00023986|val_loss 0.00024878
Epoch 208|time: 0.08s|train_loss 0.00021835|val_loss 0.00024873
Epoch 209|time: 0.08s|train_loss 0.00020006|val_loss 0.00025828
Epoch 210|time: 0.08s|train_loss 0.00027038|val_loss 0.00026539
Epoch 211|time: 0.08s|train_loss 0.00024692|val_loss 0.00021519
Epoch 212|time: 0.08s|train_loss 0.00021159|val_loss 0.00027031
Epoch 213|time: 0.08s|train_loss 0.00025477|val_loss 0.00024490
Epoch 214|time: 0.08s|train_loss 0.00021238|val_loss 0.00022122
Epoch 215|time: 0.08s|train_loss 0.00025986|val_loss 0.00023572
Epoch 216|time: 0.08s|train_loss 0.00023945|val_loss 0.00024402
Epoch 217|time: 0.08s|train_loss 0.00020302|val_loss 0.00022615
Epoch 218|time: 0.08s|train_loss 0.00020445|val_loss 0.00022563
Epoch 219|time: 0.08s|train_loss 0.00020394|val_loss 0.00022254
Epoch 220|time: 0.08s|train_loss 0.00022005|val_loss 0.00025334
Epoch 221|time: 0.08s|train_loss 0.00021161|val_loss 0.00023641
Epoch 222|time: 0.08s|train_loss 0.00027428|val_loss 0.00021067
Best validation epoch: 222 Sat May 13 01:04:17 2023
TEST MAE 0.3237 std 0.0844 RMSE 0.5166 RMSEs 0.4966 PCC 0.8590 PCCs 0.8099 R2 0.7002 R2s 0.5088 Var 0.7019 Vars 0.5302 Peak 0.1987
Epoch 223|time: 0.08s|train_loss 0.00020577|val_loss 0.00023421
Epoch 224|time: 0.08s|train_loss 0.00021238|val_loss 0.00023811
Epoch 225|time: 0.08s|train_loss 0.00023736|val_loss 0.00022421
Epoch 226|time: 0.08s|train_loss 0.00021690|val_loss 0.00022529
Epoch 227|time: 0.08s|train_loss 0.00029385|val_loss 0.00024556
Epoch 228|time: 0.08s|train_loss 0.00026214|val_loss 0.00022331
Epoch 229|time: 0.08s|train_loss 0.00025602|val_loss 0.00022056
Epoch 230|time: 0.08s|train_loss 0.00020442|val_loss 0.00023746
Epoch 231|time: 0.08s|train_loss 0.00024554|val_loss 0.00023263
Epoch 232|time: 0.08s|train_loss 0.00021819|val_loss 0.00025081
Epoch 233|time: 0.08s|train_loss 0.00022974|val_loss 0.00024679
Epoch 234|time: 0.08s|train_loss 0.00020461|val_loss 0.00021955
Epoch 235|time: 0.08s|train_loss 0.00019998|val_loss 0.00022788
Epoch 236|time: 0.08s|train_loss 0.00021329|val_loss 0.00023185
Epoch 237|time: 0.08s|train_loss 0.00019752|val_loss 0.00022735
Epoch 238|time: 0.08s|train_loss 0.00022305|val_loss 0.00023564
Epoch 239|time: 0.08s|train_loss 0.00020394|val_loss 0.00025728
Epoch 240|time: 0.08s|train_loss 0.00024701|val_loss 0.00024654
Epoch 241|time: 0.08s|train_loss 0.00023633|val_loss 0.00025351
Epoch 242|time: 0.08s|train_loss 0.00022444|val_loss 0.00023124
Epoch 243|time: 0.08s|train_loss 0.00024185|val_loss 0.00022961
Epoch 244|time: 0.08s|train_loss 0.00022801|val_loss 0.00025016
Epoch 245|time: 0.08s|train_loss 0.00023672|val_loss 0.00025583
Epoch 246|time: 0.08s|train_loss 0.00024265|val_loss 0.00023868
Epoch 247|time: 0.08s|train_loss 0.00025535|val_loss 0.00025036
Epoch 248|time: 0.08s|train_loss 0.00023108|val_loss 0.00023821
Epoch 249|time: 0.08s|train_loss 0.00025332|val_loss 0.00023008
Epoch 250|time: 0.08s|train_loss 0.00022331|val_loss 0.00022640
Epoch 251|time: 0.08s|train_loss 0.00020795|val_loss 0.00025378
Epoch 252|time: 0.08s|train_loss 0.00023940|val_loss 0.00023629
Epoch 253|time: 0.08s|train_loss 0.00026455|val_loss 0.00033393
Epoch 254|time: 0.08s|train_loss 0.00025012|val_loss 0.00024743
Epoch 255|time: 0.08s|train_loss 0.00024175|val_loss 0.00023926
Epoch 256|time: 0.08s|train_loss 0.00021775|val_loss 0.00023485
Epoch 257|time: 0.08s|train_loss 0.00021357|val_loss 0.00023249
Epoch 258|time: 0.08s|train_loss 0.00021842|val_loss 0.00024746
Epoch 259|time: 0.08s|train_loss 0.00021263|val_loss 0.00024324
Epoch 260|time: 0.08s|train_loss 0.00021774|val_loss 0.00023595
Epoch 261|time: 0.08s|train_loss 0.00023841|val_loss 0.00022888
Epoch 262|time: 0.08s|train_loss 0.00024482|val_loss 0.00022578
Epoch 263|time: 0.08s|train_loss 0.00021903|val_loss 0.00022137
Epoch 264|time: 0.08s|train_loss 0.00021509|val_loss 0.00021840
Epoch 265|time: 0.08s|train_loss 0.00023150|val_loss 0.00022349
Epoch 266|time: 0.08s|train_loss 0.00022673|val_loss 0.00023222
Epoch 267|time: 0.08s|train_loss 0.00021009|val_loss 0.00022027
Epoch 268|time: 0.08s|train_loss 0.00021136|val_loss 0.00023112
Epoch 269|time: 0.08s|train_loss 0.00020661|val_loss 0.00021185
Epoch 270|time: 0.08s|train_loss 0.00019297|val_loss 0.00022734
Epoch 271|time: 0.08s|train_loss 0.00022322|val_loss 0.00022898
Epoch 272|time: 0.08s|train_loss 0.00020224|val_loss 0.00022296
Epoch 273|time: 0.08s|train_loss 0.00021897|val_loss 0.00022581
Epoch 274|time: 0.08s|train_loss 0.00021278|val_loss 0.00021610
Epoch 275|time: 0.08s|train_loss 0.00021816|val_loss 0.00021440
Epoch 276|time: 0.08s|train_loss 0.00019519|val_loss 0.00022228
Epoch 277|time: 0.08s|train_loss 0.00019745|val_loss 0.00021761
Epoch 278|time: 0.08s|train_loss 0.00019041|val_loss 0.00022069
Epoch 279|time: 0.08s|train_loss 0.00021489|val_loss 0.00021521
Epoch 280|time: 0.08s|train_loss 0.00021622|val_loss 0.00021531
Epoch 281|time: 0.08s|train_loss 0.00021420|val_loss 0.00022240
Epoch 282|time: 0.08s|train_loss 0.00021449|val_loss 0.00025525
Epoch 283|time: 0.08s|train_loss 0.00020464|val_loss 0.00022506
Epoch 284|time: 0.08s|train_loss 0.00021192|val_loss 0.00023123
Epoch 285|time: 0.08s|train_loss 0.00022172|val_loss 0.00025594
Epoch 286|time: 0.08s|train_loss 0.00021804|val_loss 0.00023390
Epoch 287|time: 0.08s|train_loss 0.00021299|val_loss 0.00024805
Epoch 288|time: 0.08s|train_loss 0.00020091|val_loss 0.00020859
Best validation epoch: 288 Sat May 13 01:04:22 2023
TEST MAE 0.3400 std 0.0964 RMSE 0.5427 RMSEs 0.5197 PCC 0.8571 PCCs 0.8115 R2 0.6692 R2s 0.4585 Var 0.6712 Vars 0.4761 Peak 0.2145
Epoch 289|time: 0.08s|train_loss 0.00020574|val_loss 0.00022719
Epoch 290|time: 0.08s|train_loss 0.00021315|val_loss 0.00021791
Epoch 291|time: 0.08s|train_loss 0.00019595|val_loss 0.00021636
Epoch 292|time: 0.08s|train_loss 0.00020638|val_loss 0.00022108
Epoch 293|time: 0.08s|train_loss 0.00020808|val_loss 0.00023313
Epoch 294|time: 0.08s|train_loss 0.00023374|val_loss 0.00022270
Epoch 295|time: 0.08s|train_loss 0.00021501|val_loss 0.00026211
Epoch 296|time: 0.08s|train_loss 0.00024992|val_loss 0.00023647
Epoch 297|time: 0.08s|train_loss 0.00022809|val_loss 0.00021848
Epoch 298|time: 0.08s|train_loss 0.00020950|val_loss 0.00021383
Epoch 299|time: 0.08s|train_loss 0.00021006|val_loss 0.00023193
Epoch 300|time: 0.08s|train_loss 0.00021864|val_loss 0.00021279
Epoch 301|time: 0.08s|train_loss 0.00021348|val_loss 0.00022415
Epoch 302|time: 0.08s|train_loss 0.00020580|val_loss 0.00023044
Epoch 303|time: 0.08s|train_loss 0.00021506|val_loss 0.00023668
Epoch 304|time: 0.08s|train_loss 0.00021984|val_loss 0.00022470
Epoch 305|time: 0.08s|train_loss 0.00022005|val_loss 0.00022467
Epoch 306|time: 0.08s|train_loss 0.00021189|val_loss 0.00021437
Epoch 307|time: 0.08s|train_loss 0.00020047|val_loss 0.00022641
Epoch 308|time: 0.08s|train_loss 0.00020901|val_loss 0.00022724
Epoch 309|time: 0.08s|train_loss 0.00021177|val_loss 0.00022295
Epoch 310|time: 0.08s|train_loss 0.00024050|val_loss 0.00022739
Epoch 311|time: 0.08s|train_loss 0.00027068|val_loss 0.00024708
Epoch 312|time: 0.08s|train_loss 0.00023846|val_loss 0.00023853
Epoch 313|time: 0.08s|train_loss 0.00021873|val_loss 0.00024019
Epoch 314|time: 0.08s|train_loss 0.00022822|val_loss 0.00021679
Epoch 315|time: 0.08s|train_loss 0.00021205|val_loss 0.00020966
Epoch 316|time: 0.08s|train_loss 0.00023008|val_loss 0.00021855
Epoch 317|time: 0.08s|train_loss 0.00020799|val_loss 0.00021510
Epoch 318|time: 0.08s|train_loss 0.00020649|val_loss 0.00023547
Epoch 319|time: 0.08s|train_loss 0.00020520|val_loss 0.00021948
Epoch 320|time: 0.08s|train_loss 0.00021137|val_loss 0.00023905
Epoch 321|time: 0.08s|train_loss 0.00027316|val_loss 0.00021714
Epoch 322|time: 0.08s|train_loss 0.00023710|val_loss 0.00024917
Epoch 323|time: 0.08s|train_loss 0.00023949|val_loss 0.00023688
Epoch 324|time: 0.08s|train_loss 0.00021224|val_loss 0.00023170
Epoch 325|time: 0.08s|train_loss 0.00019638|val_loss 0.00021836
Epoch 326|time: 0.08s|train_loss 0.00020140|val_loss 0.00021685
Epoch 327|time: 0.08s|train_loss 0.00020380|val_loss 0.00021875
Epoch 328|time: 0.08s|train_loss 0.00020479|val_loss 0.00023140
Epoch 329|time: 0.08s|train_loss 0.00020543|val_loss 0.00022722
Epoch 330|time: 0.08s|train_loss 0.00021123|val_loss 0.00022077
Epoch 331|time: 0.08s|train_loss 0.00019464|val_loss 0.00023614
Epoch 332|time: 0.08s|train_loss 0.00020094|val_loss 0.00022058
Epoch 333|time: 0.08s|train_loss 0.00023621|val_loss 0.00021642
Epoch 334|time: 0.08s|train_loss 0.00029927|val_loss 0.00037694
Epoch 335|time: 0.08s|train_loss 0.00036479|val_loss 0.00024461
Epoch 336|time: 0.08s|train_loss 0.00022391|val_loss 0.00024516
Epoch 337|time: 0.08s|train_loss 0.00024440|val_loss 0.00024540
Epoch 338|time: 0.08s|train_loss 0.00020742|val_loss 0.00023826
Epoch 339|time: 0.08s|train_loss 0.00020206|val_loss 0.00023424
Epoch 340|time: 0.08s|train_loss 0.00022546|val_loss 0.00022523
Epoch 341|time: 0.08s|train_loss 0.00019748|val_loss 0.00022623
Epoch 342|time: 0.08s|train_loss 0.00019163|val_loss 0.00022418
Epoch 343|time: 0.08s|train_loss 0.00020450|val_loss 0.00022620
Epoch 344|time: 0.08s|train_loss 0.00020837|val_loss 0.00021724
Epoch 345|time: 0.08s|train_loss 0.00020676|val_loss 0.00023639
Epoch 346|time: 0.08s|train_loss 0.00020354|val_loss 0.00022632
Epoch 347|time: 0.08s|train_loss 0.00021616|val_loss 0.00021828
Epoch 348|time: 0.08s|train_loss 0.00020628|val_loss 0.00022827
Epoch 349|time: 0.08s|train_loss 0.00020183|val_loss 0.00025080
Epoch 350|time: 0.08s|train_loss 0.00021143|val_loss 0.00022997
Epoch 351|time: 0.08s|train_loss 0.00021143|val_loss 0.00022171
Epoch 352|time: 0.08s|train_loss 0.00020176|val_loss 0.00023697
Epoch 353|time: 0.08s|train_loss 0.00023177|val_loss 0.00022425
Epoch 354|time: 0.08s|train_loss 0.00020114|val_loss 0.00024326
Epoch 355|time: 0.08s|train_loss 0.00021149|val_loss 0.00027443
Epoch 356|time: 0.08s|train_loss 0.00023054|val_loss 0.00024886
Epoch 357|time: 0.08s|train_loss 0.00023786|val_loss 0.00023864
Epoch 358|time: 0.08s|train_loss 0.00023108|val_loss 0.00022568
Epoch 359|time: 0.08s|train_loss 0.00023163|val_loss 0.00020916
Epoch 360|time: 0.08s|train_loss 0.00021242|val_loss 0.00022659
Epoch 361|time: 0.08s|train_loss 0.00022753|val_loss 0.00022805
Epoch 362|time: 0.08s|train_loss 0.00022847|val_loss 0.00022592
Epoch 363|time: 0.08s|train_loss 0.00023597|val_loss 0.00024785
Epoch 364|time: 0.08s|train_loss 0.00023002|val_loss 0.00022374
Epoch 365|time: 0.08s|train_loss 0.00023981|val_loss 0.00025202
Epoch 366|time: 0.08s|train_loss 0.00022278|val_loss 0.00022696
Epoch 367|time: 0.08s|train_loss 0.00026593|val_loss 0.00022285
Epoch 368|time: 0.08s|train_loss 0.00021459|val_loss 0.00022810
Epoch 369|time: 0.08s|train_loss 0.00021894|val_loss 0.00023360
Epoch 370|time: 0.08s|train_loss 0.00020504|val_loss 0.00022384
Epoch 371|time: 0.08s|train_loss 0.00019193|val_loss 0.00021742
Epoch 372|time: 0.08s|train_loss 0.00021015|val_loss 0.00021666
Epoch 373|time: 0.08s|train_loss 0.00020610|val_loss 0.00022518
Epoch 374|time: 0.08s|train_loss 0.00023393|val_loss 0.00022763
Epoch 375|time: 0.08s|train_loss 0.00026528|val_loss 0.00023325
Epoch 376|time: 0.08s|train_loss 0.00020032|val_loss 0.00022989
Epoch 377|time: 0.08s|train_loss 0.00021823|val_loss 0.00022017
Epoch 378|time: 0.08s|train_loss 0.00023355|val_loss 0.00022392
Epoch 379|time: 0.08s|train_loss 0.00020716|val_loss 0.00022063
Epoch 380|time: 0.08s|train_loss 0.00023675|val_loss 0.00024145
Epoch 381|time: 0.08s|train_loss 0.00021990|val_loss 0.00025608
Epoch 382|time: 0.08s|train_loss 0.00022916|val_loss 0.00021375
Epoch 383|time: 0.08s|train_loss 0.00019191|val_loss 0.00022263
Epoch 384|time: 0.08s|train_loss 0.00021475|val_loss 0.00021521
Epoch 385|time: 0.08s|train_loss 0.00021050|val_loss 0.00021220
Epoch 386|time: 0.08s|train_loss 0.00020032|val_loss 0.00021720
Epoch 387|time: 0.08s|train_loss 0.00019212|val_loss 0.00021233
Epoch 388|time: 0.08s|train_loss 0.00019956|val_loss 0.00021658
Epoch 389|time: 0.08s|train_loss 0.00019993|val_loss 0.00021123
Epoch 390|time: 0.08s|train_loss 0.00021734|val_loss 0.00023091
Epoch 391|time: 0.08s|train_loss 0.00023037|val_loss 0.00021436
Epoch 392|time: 0.08s|train_loss 0.00022666|val_loss 0.00021379
Epoch 393|time: 0.08s|train_loss 0.00021483|val_loss 0.00022061
Epoch 394|time: 0.08s|train_loss 0.00019168|val_loss 0.00023176
Epoch 395|time: 0.08s|train_loss 0.00020852|val_loss 0.00022303
Epoch 396|time: 0.08s|train_loss 0.00020782|val_loss 0.00022868
Epoch 397|time: 0.08s|train_loss 0.00019480|val_loss 0.00022888
Epoch 398|time: 0.08s|train_loss 0.00020140|val_loss 0.00022307
Epoch 399|time: 0.08s|train_loss 0.00021001|val_loss 0.00022981
Epoch 400|time: 0.08s|train_loss 0.00022004|val_loss 0.00021421
Epoch 401|time: 0.08s|train_loss 0.00020099|val_loss 0.00022669
Epoch 402|time: 0.08s|train_loss 0.00020385|val_loss 0.00023171
Epoch 403|time: 0.08s|train_loss 0.00020968|val_loss 0.00021113
Epoch 404|time: 0.08s|train_loss 0.00019661|val_loss 0.00022245
Epoch 405|time: 0.08s|train_loss 0.00022455|val_loss 0.00022571
Epoch 406|time: 0.08s|train_loss 0.00020510|val_loss 0.00022181
Epoch 407|time: 0.08s|train_loss 0.00023931|val_loss 0.00025244
Epoch 408|time: 0.08s|train_loss 0.00033443|val_loss 0.00032508
Epoch 409|time: 0.08s|train_loss 0.00026065|val_loss 0.00024872
Epoch 410|time: 0.08s|train_loss 0.00034343|val_loss 0.00022322
Epoch 411|time: 0.08s|train_loss 0.00022204|val_loss 0.00028378
Epoch 412|time: 0.08s|train_loss 0.00024853|val_loss 0.00025815
Epoch 413|time: 0.08s|train_loss 0.00022884|val_loss 0.00021875
Epoch 414|time: 0.08s|train_loss 0.00021631|val_loss 0.00023801
Epoch 415|time: 0.08s|train_loss 0.00021142|val_loss 0.00021241
Epoch 416|time: 0.08s|train_loss 0.00019700|val_loss 0.00023335
Epoch 417|time: 0.08s|train_loss 0.00021822|val_loss 0.00023836
Epoch 418|time: 0.08s|train_loss 0.00020797|val_loss 0.00022926
Epoch 419|time: 0.08s|train_loss 0.00020520|val_loss 0.00022466
Epoch 420|time: 0.08s|train_loss 0.00021851|val_loss 0.00022451
Epoch 421|time: 0.08s|train_loss 0.00020323|val_loss 0.00023335
Epoch 422|time: 0.08s|train_loss 0.00022306|val_loss 0.00024665
Epoch 423|time: 0.08s|train_loss 0.00022608|val_loss 0.00023182
Epoch 424|time: 0.08s|train_loss 0.00021812|val_loss 0.00022847
Epoch 425|time: 0.08s|train_loss 0.00023760|val_loss 0.00023265
Epoch 426|time: 0.08s|train_loss 0.00023549|val_loss 0.00023491
Epoch 427|time: 0.08s|train_loss 0.00021700|val_loss 0.00026641
Epoch 428|time: 0.08s|train_loss 0.00020632|val_loss 0.00021862
Epoch 429|time: 0.08s|train_loss 0.00019859|val_loss 0.00022218
Epoch 430|time: 0.08s|train_loss 0.00020203|val_loss 0.00023236
Epoch 431|time: 0.08s|train_loss 0.00021475|val_loss 0.00022132
Epoch 432|time: 0.08s|train_loss 0.00022196|val_loss 0.00024345
Epoch 433|time: 0.08s|train_loss 0.00020327|val_loss 0.00022728
Epoch 434|time: 0.08s|train_loss 0.00020679|val_loss 0.00021973
Epoch 435|time: 0.08s|train_loss 0.00020838|val_loss 0.00022396
Epoch 436|time: 0.08s|train_loss 0.00023848|val_loss 0.00022519
Epoch 437|time: 0.08s|train_loss 0.00023150|val_loss 0.00022494
Epoch 438|time: 0.08s|train_loss 0.00021923|val_loss 0.00022050
Epoch 439|time: 0.08s|train_loss 0.00019307|val_loss 0.00021762
Epoch 440|time: 0.08s|train_loss 0.00021861|val_loss 0.00022508
Epoch 441|time: 0.07s|train_loss 0.00022148|val_loss 0.00021096
Epoch 442|time: 0.08s|train_loss 0.00022693|val_loss 0.00023807
Epoch 443|time: 0.08s|train_loss 0.00022454|val_loss 0.00027671
Epoch 444|time: 0.08s|train_loss 0.00019971|val_loss 0.00022618
Epoch 445|time: 0.08s|train_loss 0.00020622|val_loss 0.00023861
Epoch 446|time: 0.08s|train_loss 0.00022407|val_loss 0.00021697
Epoch 447|time: 0.08s|train_loss 0.00021580|val_loss 0.00021850
Epoch 448|time: 0.08s|train_loss 0.00022288|val_loss 0.00021351
Epoch 449|time: 0.08s|train_loss 0.00024712|val_loss 0.00023757
Epoch 450|time: 0.08s|train_loss 0.00020772|val_loss 0.00025436
Epoch 451|time: 0.08s|train_loss 0.00020758|val_loss 0.00021217
Epoch 452|time: 0.08s|train_loss 0.00024208|val_loss 0.00022452
Epoch 453|time: 0.08s|train_loss 0.00023899|val_loss 0.00022155
Epoch 454|time: 0.08s|train_loss 0.00022281|val_loss 0.00023328
Epoch 455|time: 0.08s|train_loss 0.00023443|val_loss 0.00024139
Epoch 456|time: 0.08s|train_loss 0.00025477|val_loss 0.00023333
Epoch 457|time: 0.08s|train_loss 0.00022476|val_loss 0.00022247
Epoch 458|time: 0.08s|train_loss 0.00023115|val_loss 0.00021910
Epoch 459|time: 0.08s|train_loss 0.00021718|val_loss 0.00025249
Epoch 460|time: 0.08s|train_loss 0.00020735|val_loss 0.00024415
Epoch 461|time: 0.08s|train_loss 0.00021005|val_loss 0.00021182
Epoch 462|time: 0.08s|train_loss 0.00022979|val_loss 0.00022500
Epoch 463|time: 0.08s|train_loss 0.00019784|val_loss 0.00022242
Epoch 464|time: 0.08s|train_loss 0.00020412|val_loss 0.00023789
Epoch 465|time: 0.08s|train_loss 0.00022574|val_loss 0.00022040
Epoch 466|time: 0.08s|train_loss 0.00020948|val_loss 0.00025264
Epoch 467|time: 0.08s|train_loss 0.00020602|val_loss 0.00021381
Epoch 468|time: 0.08s|train_loss 0.00019836|val_loss 0.00020969
Epoch 469|time: 0.08s|train_loss 0.00020812|val_loss 0.00022971
Epoch 470|time: 0.08s|train_loss 0.00020191|val_loss 0.00020789
Best validation epoch: 470 Sat May 13 01:04:37 2023
TEST MAE 0.3352 std 0.1063 RMSE 0.5613 RMSEs 0.5316 PCC 0.8620 PCCs 0.8330 R2 0.6461 R2s 0.4282 Var 0.6515 Vars 0.4591 Peak 0.2169
Epoch 471|time: 0.08s|train_loss 0.00022658|val_loss 0.00023910
Epoch 472|time: 0.08s|train_loss 0.00023455|val_loss 0.00022739
Epoch 473|time: 0.08s|train_loss 0.00020694|val_loss 0.00020983
Epoch 474|time: 0.08s|train_loss 0.00024640|val_loss 0.00022402
Epoch 475|time: 0.08s|train_loss 0.00028548|val_loss 0.00029849
Epoch 476|time: 0.08s|train_loss 0.00028584|val_loss 0.00023796
Epoch 477|time: 0.08s|train_loss 0.00024565|val_loss 0.00022602
Epoch 478|time: 0.08s|train_loss 0.00020977|val_loss 0.00021510
Epoch 479|time: 0.08s|train_loss 0.00022219|val_loss 0.00022579
Epoch 480|time: 0.08s|train_loss 0.00022394|val_loss 0.00023820
Epoch 481|time: 0.08s|train_loss 0.00023486|val_loss 0.00022993
Epoch 482|time: 0.08s|train_loss 0.00019689|val_loss 0.00021684
Epoch 483|time: 0.08s|train_loss 0.00019534|val_loss 0.00022224
Epoch 484|time: 0.08s|train_loss 0.00019607|val_loss 0.00021075
Epoch 485|time: 0.08s|train_loss 0.00021406|val_loss 0.00021449
Epoch 486|time: 0.08s|train_loss 0.00019653|val_loss 0.00021453
Epoch 487|time: 0.08s|train_loss 0.00019190|val_loss 0.00022954
Epoch 488|time: 0.08s|train_loss 0.00019825|val_loss 0.00021570
Epoch 489|time: 0.08s|train_loss 0.00019891|val_loss 0.00022953
Epoch 490|time: 0.08s|train_loss 0.00021293|val_loss 0.00021652
Epoch 491|time: 0.08s|train_loss 0.00020027|val_loss 0.00026473
Epoch 492|time: 0.08s|train_loss 0.00021179|val_loss 0.00021073
Epoch 493|time: 0.08s|train_loss 0.00024457|val_loss 0.00023346
Epoch 494|time: 0.08s|train_loss 0.00024352|val_loss 0.00021719
Epoch 495|time: 0.08s|train_loss 0.00019917|val_loss 0.00024092
Epoch 496|time: 0.08s|train_loss 0.00021100|val_loss 0.00021961
Epoch 497|time: 0.08s|train_loss 0.00026491|val_loss 0.00022006
Epoch 498|time: 0.08s|train_loss 0.00020032|val_loss 0.00024234
Epoch 499|time: 0.08s|train_loss 0.00021066|val_loss 0.00025109
Epoch 500|time: 0.08s|train_loss 0.00023993|val_loss 0.00026481
Epoch 501|time: 0.08s|train_loss 0.00021655|val_loss 0.00022064
Epoch 502|time: 0.08s|train_loss 0.00019531|val_loss 0.00021988
Epoch 503|time: 0.08s|train_loss 0.00022617|val_loss 0.00021825
Epoch 504|time: 0.09s|train_loss 0.00021388|val_loss 0.00021493
Epoch 505|time: 0.08s|train_loss 0.00021274|val_loss 0.00021380
Epoch 506|time: 0.08s|train_loss 0.00022300|val_loss 0.00023331
Epoch 507|time: 0.08s|train_loss 0.00024091|val_loss 0.00021441
Epoch 508|time: 0.08s|train_loss 0.00021100|val_loss 0.00022104
Epoch 509|time: 0.08s|train_loss 0.00019683|val_loss 0.00022213
Epoch 510|time: 0.08s|train_loss 0.00021321|val_loss 0.00022188
Epoch 511|time: 0.08s|train_loss 0.00022434|val_loss 0.00021070
Epoch 512|time: 0.08s|train_loss 0.00019380|val_loss 0.00021927
Epoch 513|time: 0.08s|train_loss 0.00025300|val_loss 0.00022404
Epoch 514|time: 0.08s|train_loss 0.00023203|val_loss 0.00022920
Epoch 515|time: 0.08s|train_loss 0.00024534|val_loss 0.00031221
Epoch 516|time: 0.08s|train_loss 0.00025591|val_loss 0.00025709
Epoch 517|time: 0.08s|train_loss 0.00027330|val_loss 0.00024585
Epoch 518|time: 0.08s|train_loss 0.00024384|val_loss 0.00025058
Epoch 519|time: 0.07s|train_loss 0.00026893|val_loss 0.00026608
Epoch 520|time: 0.08s|train_loss 0.00023898|val_loss 0.00025235
Epoch 521|time: 0.08s|train_loss 0.00024595|val_loss 0.00026605
Epoch 522|time: 0.08s|train_loss 0.00023044|val_loss 0.00024239
Epoch 523|time: 0.08s|train_loss 0.00022995|val_loss 0.00025187
Epoch 524|time: 0.08s|train_loss 0.00026422|val_loss 0.00024091
Epoch 525|time: 0.08s|train_loss 0.00027994|val_loss 0.00024462
Epoch 526|time: 0.08s|train_loss 0.00022139|val_loss 0.00027310
Epoch 527|time: 0.08s|train_loss 0.00022882|val_loss 0.00024335
Epoch 528|time: 0.08s|train_loss 0.00023046|val_loss 0.00024093
Epoch 529|time: 0.07s|train_loss 0.00022013|val_loss 0.00023789
Epoch 530|time: 0.08s|train_loss 0.00023427|val_loss 0.00023313
Epoch 531|time: 0.08s|train_loss 0.00023784|val_loss 0.00027029
Epoch 532|time: 0.08s|train_loss 0.00023075|val_loss 0.00023950
Epoch 533|time: 0.08s|train_loss 0.00023966|val_loss 0.00025102
Epoch 534|time: 0.08s|train_loss 0.00024001|val_loss 0.00023540
Epoch 535|time: 0.08s|train_loss 0.00020829|val_loss 0.00023351
Epoch 536|time: 0.08s|train_loss 0.00021749|val_loss 0.00023366
Epoch 537|time: 0.08s|train_loss 0.00023430|val_loss 0.00023503
Epoch 538|time: 0.08s|train_loss 0.00029350|val_loss 0.00028698
Epoch 539|time: 0.08s|train_loss 0.00026724|val_loss 0.00030247
Epoch 540|time: 0.08s|train_loss 0.00025805|val_loss 0.00029220
Epoch 541|time: 0.08s|train_loss 0.00026214|val_loss 0.00023708
Epoch 542|time: 0.08s|train_loss 0.00024361|val_loss 0.00024302
Epoch 543|time: 0.08s|train_loss 0.00023150|val_loss 0.00025744
Epoch 544|time: 0.08s|train_loss 0.00025743|val_loss 0.00022946
Epoch 545|time: 0.08s|train_loss 0.00025598|val_loss 0.00026011
Epoch 546|time: 0.08s|train_loss 0.00024965|val_loss 0.00022866
Epoch 547|time: 0.07s|train_loss 0.00025589|val_loss 0.00022695
Epoch 548|time: 0.08s|train_loss 0.00024108|val_loss 0.00024789
Epoch 549|time: 0.08s|train_loss 0.00023132|val_loss 0.00025896
Epoch 550|time: 0.08s|train_loss 0.00022606|val_loss 0.00022089
Epoch 551|time: 0.08s|train_loss 0.00022418|val_loss 0.00022050
Epoch 552|time: 0.08s|train_loss 0.00020581|val_loss 0.00023438
Epoch 553|time: 0.07s|train_loss 0.00021355|val_loss 0.00024061
Epoch 554|time: 0.08s|train_loss 0.00021600|val_loss 0.00022848
Epoch 555|time: 0.08s|train_loss 0.00020782|val_loss 0.00022048
Epoch 556|time: 0.08s|train_loss 0.00019953|val_loss 0.00023093
Epoch 557|time: 0.08s|train_loss 0.00021011|val_loss 0.00021739
Epoch 558|time: 0.08s|train_loss 0.00021557|val_loss 0.00022499
Epoch 559|time: 0.08s|train_loss 0.00020096|val_loss 0.00022843
Epoch 560|time: 0.08s|train_loss 0.00021300|val_loss 0.00021143
Epoch 561|time: 0.08s|train_loss 0.00020447|val_loss 0.00021630
Epoch 562|time: 0.08s|train_loss 0.00020382|val_loss 0.00023442
Epoch 563|time: 0.08s|train_loss 0.00023906|val_loss 0.00024663
Epoch 564|time: 0.08s|train_loss 0.00020887|val_loss 0.00024036
Epoch 565|time: 0.08s|train_loss 0.00021572|val_loss 0.00023882
Epoch 566|time: 0.08s|train_loss 0.00021621|val_loss 0.00022646
Epoch 567|time: 0.08s|train_loss 0.00022826|val_loss 0.00021642
Epoch 568|time: 0.08s|train_loss 0.00025458|val_loss 0.00022571
Epoch 569|time: 0.08s|train_loss 0.00020642|val_loss 0.00022067
Epoch 570|time: 0.08s|train_loss 0.00020361|val_loss 0.00021570
Epoch 571|time: 0.08s|train_loss 0.00020881|val_loss 0.00022157
Epoch 572|time: 0.08s|train_loss 0.00021201|val_loss 0.00023891
Epoch 573|time: 0.08s|train_loss 0.00020482|val_loss 0.00022191
Epoch 574|time: 0.08s|train_loss 0.00020983|val_loss 0.00022549
Epoch 575|time: 0.08s|train_loss 0.00020528|val_loss 0.00022637
Epoch 576|time: 0.08s|train_loss 0.00020343|val_loss 0.00021671
Epoch 577|time: 0.08s|train_loss 0.00019674|val_loss 0.00021384
Epoch 578|time: 0.08s|train_loss 0.00019152|val_loss 0.00022254
Epoch 579|time: 0.08s|train_loss 0.00020456|val_loss 0.00022946
Epoch 580|time: 0.08s|train_loss 0.00021493|val_loss 0.00022164
Epoch 581|time: 0.08s|train_loss 0.00020318|val_loss 0.00021478
Epoch 582|time: 0.08s|train_loss 0.00021049|val_loss 0.00022622
Epoch 583|time: 0.08s|train_loss 0.00020090|val_loss 0.00021746
Epoch 584|time: 0.08s|train_loss 0.00019827|val_loss 0.00021415
Epoch 585|time: 0.08s|train_loss 0.00021090|val_loss 0.00021657
Epoch 586|time: 0.08s|train_loss 0.00021653|val_loss 0.00021279
Epoch 587|time: 0.08s|train_loss 0.00023494|val_loss 0.00022050
Epoch 588|time: 0.08s|train_loss 0.00019529|val_loss 0.00021904
Epoch 589|time: 0.08s|train_loss 0.00021140|val_loss 0.00021626
Epoch 590|time: 0.08s|train_loss 0.00020079|val_loss 0.00020995
Epoch 591|time: 0.08s|train_loss 0.00018882|val_loss 0.00021482
Epoch 592|time: 0.08s|train_loss 0.00021728|val_loss 0.00021621
Epoch 593|time: 0.08s|train_loss 0.00020104|val_loss 0.00022629
Epoch 594|time: 0.08s|train_loss 0.00019785|val_loss 0.00021666
Epoch 595|time: 0.08s|train_loss 0.00019243|val_loss 0.00021497
Epoch 596|time: 0.08s|train_loss 0.00022468|val_loss 0.00022419
Epoch 597|time: 0.08s|train_loss 0.00019109|val_loss 0.00022577
Epoch 598|time: 0.08s|train_loss 0.00021492|val_loss 0.00024812
Epoch 599|time: 0.08s|train_loss 0.00020748|val_loss 0.00021975
Epoch 600|time: 0.08s|train_loss 0.00019845|val_loss 0.00022017
Epoch 601|time: 0.08s|train_loss 0.00026887|val_loss 0.00021052
Epoch 602|time: 0.08s|train_loss 0.00021947|val_loss 0.00023378
Epoch 603|time: 0.08s|train_loss 0.00024716|val_loss 0.00025463
Epoch 604|time: 0.08s|train_loss 0.00023545|val_loss 0.00022738
Epoch 605|time: 0.08s|train_loss 0.00022521|val_loss 0.00021306
Epoch 606|time: 0.08s|train_loss 0.00021897|val_loss 0.00022583
Epoch 607|time: 0.08s|train_loss 0.00020692|val_loss 0.00023346
Epoch 608|time: 0.08s|train_loss 0.00023093|val_loss 0.00022969
Epoch 609|time: 0.08s|train_loss 0.00023001|val_loss 0.00020975
Epoch 610|time: 0.08s|train_loss 0.00022141|val_loss 0.00024100
Epoch 611|time: 0.08s|train_loss 0.00020620|val_loss 0.00022276
Epoch 612|time: 0.08s|train_loss 0.00020234|val_loss 0.00021461
Epoch 613|time: 0.08s|train_loss 0.00021621|val_loss 0.00020925
Epoch 614|time: 0.08s|train_loss 0.00025706|val_loss 0.00021068
Epoch 615|time: 0.08s|train_loss 0.00020294|val_loss 0.00024037
Epoch 616|time: 0.08s|train_loss 0.00023733|val_loss 0.00023040
Epoch 617|time: 0.08s|train_loss 0.00026203|val_loss 0.00021252
Epoch 618|time: 0.08s|train_loss 0.00029794|val_loss 0.00032304
Epoch 619|time: 0.08s|train_loss 0.00030072|val_loss 0.00037878
Epoch 620|time: 0.08s|train_loss 0.00029739|val_loss 0.00025564
Epoch 621|time: 0.08s|train_loss 0.00032941|val_loss 0.00026940
Epoch 622|time: 0.08s|train_loss 0.00026457|val_loss 0.00024645
Epoch 623|time: 0.08s|train_loss 0.00024955|val_loss 0.00024144
Epoch 624|time: 0.08s|train_loss 0.00031744|val_loss 0.00025293
Epoch 625|time: 0.08s|train_loss 0.00024623|val_loss 0.00023963
Epoch 626|time: 0.08s|train_loss 0.00023513|val_loss 0.00025157
Epoch 627|time: 0.08s|train_loss 0.00024114|val_loss 0.00024209
Epoch 628|time: 0.08s|train_loss 0.00024113|val_loss 0.00024407
Epoch 629|time: 0.08s|train_loss 0.00023528|val_loss 0.00023819
Epoch 630|time: 0.08s|train_loss 0.00022091|val_loss 0.00026167
Epoch 631|time: 0.08s|train_loss 0.00024997|val_loss 0.00023533
Epoch 632|time: 0.07s|train_loss 0.00021574|val_loss 0.00023268
Epoch 633|time: 0.08s|train_loss 0.00020595|val_loss 0.00023038
Epoch 634|time: 0.08s|train_loss 0.00021560|val_loss 0.00022767
Epoch 635|time: 0.08s|train_loss 0.00022014|val_loss 0.00022582
Epoch 636|time: 0.08s|train_loss 0.00021521|val_loss 0.00024238
Epoch 637|time: 0.08s|train_loss 0.00021760|val_loss 0.00023556
Epoch 638|time: 0.08s|train_loss 0.00021291|val_loss 0.00023083
Epoch 639|time: 0.08s|train_loss 0.00022151|val_loss 0.00022691
Epoch 640|time: 0.08s|train_loss 0.00020358|val_loss 0.00022461
Epoch 641|time: 0.08s|train_loss 0.00022337|val_loss 0.00022411
Epoch 642|time: 0.08s|train_loss 0.00022254|val_loss 0.00022040
Epoch 643|time: 0.08s|train_loss 0.00020371|val_loss 0.00021887
Epoch 644|time: 0.08s|train_loss 0.00020155|val_loss 0.00022457
Epoch 645|time: 0.08s|train_loss 0.00020171|val_loss 0.00023754
Epoch 646|time: 0.08s|train_loss 0.00020673|val_loss 0.00021899
Epoch 647|time: 0.08s|train_loss 0.00020667|val_loss 0.00021784
Epoch 648|time: 0.08s|train_loss 0.00020474|val_loss 0.00021630
Epoch 649|time: 0.08s|train_loss 0.00022891|val_loss 0.00021899
Epoch 650|time: 0.08s|train_loss 0.00020648|val_loss 0.00021978
Epoch 651|time: 0.08s|train_loss 0.00020775|val_loss 0.00021284
Epoch 652|time: 0.08s|train_loss 0.00021051|val_loss 0.00022077
Epoch 653|time: 0.08s|train_loss 0.00023350|val_loss 0.00022469
Epoch 654|time: 0.08s|train_loss 0.00019656|val_loss 0.00021993
Epoch 655|time: 0.08s|train_loss 0.00019478|val_loss 0.00022076
Epoch 656|time: 0.08s|train_loss 0.00020671|val_loss 0.00021398
Epoch 657|time: 0.08s|train_loss 0.00019512|val_loss 0.00021482
Epoch 658|time: 0.08s|train_loss 0.00021055|val_loss 0.00021531
Epoch 659|time: 0.08s|train_loss 0.00022505|val_loss 0.00022069
Epoch 660|time: 0.08s|train_loss 0.00020919|val_loss 0.00022026
Epoch 661|time: 0.08s|train_loss 0.00021435|val_loss 0.00021798
Epoch 662|time: 0.08s|train_loss 0.00022334|val_loss 0.00021123
Epoch 663|time: 0.08s|train_loss 0.00021528|val_loss 0.00023120
Epoch 664|time: 0.08s|train_loss 0.00021305|val_loss 0.00024589
Epoch 665|time: 0.08s|train_loss 0.00021757|val_loss 0.00022402
Epoch 666|time: 0.08s|train_loss 0.00022383|val_loss 0.00021907
Epoch 667|time: 0.07s|train_loss 0.00021893|val_loss 0.00022269
Epoch 668|time: 0.08s|train_loss 0.00025123|val_loss 0.00024826
Epoch 669|time: 0.08s|train_loss 0.00032320|val_loss 0.00028314
Epoch 670|time: 0.08s|train_loss 0.00027830|val_loss 0.00025803
Final evaluation
TEST MAE 0.3352 | std 0.1063 | RMSE 0.5613 | RMSEs 0.5316 | PCC 0.8620 | PCCs 0.8330 | R2 0.6461 | R2s 0.4282 | Var 0.6515 | Vars 0.4591 | Peak 0.2169
