--------Parameters--------
Namespace(batch=32, bi=False, check_point=1, cuda=False, dataset='us_hhs', dropout=0.2, epilambda=0.2, epochs=1500, gpu=3, hidsp=15, horizon=1, k=10, lamda=0.01, lr=0.005, model='cola_gnn', mylog=True, n_hidden=20, n_layer=1, patience=200, rnn_model='RNN', save_dir='save', seed=42, shuffle=False, sim_mat='us_hhs-adj', test=0.2, train=0.6, val=0.2, weight_decay=0.0005, window=20)
--------------------------
data shape (364, 10)
364 10
(364, 10)
size of train/val/test sets 198 73 73
#params: 2163
begin training
Epoch   1|time: 0.09s|train_loss 0.00093838|val_loss 0.00062939
Best validation epoch: 1 Sat May 13 00:45:15 2023
TEST MAE 0.8496 std 0.2659 RMSE 0.9754 RMSEs 0.9333 PCC 0.9114 PCCs 0.9044 R2 -0.0687 R2s -0.5651 Var 0.7422 Vars 0.7488 Peak 0.4299
Epoch   2|time: 0.08s|train_loss 0.00037859|val_loss 0.00040732
Best validation epoch: 2 Sat May 13 00:45:15 2023
TEST MAE 0.5147 std 0.1622 RMSE 0.6333 RMSEs 0.6056 PCC 0.9363 PCCs 0.9177 R2 0.5495 R2s 0.3492 Var 0.8454 Vars 0.8224 Peak 0.2624
Epoch   3|time: 0.08s|train_loss 0.00023928|val_loss 0.00029660
Best validation epoch: 3 Sat May 13 00:45:15 2023
TEST MAE 0.3702 std 0.1074 RMSE 0.4820 RMSEs 0.4621 PCC 0.9431 PCCs 0.9234 R2 0.7390 R2s 0.6201 Var 0.8802 Vars 0.8459 Peak 0.1878
Epoch   4|time: 0.08s|train_loss 0.00023839|val_loss 0.00026418
Best validation epoch: 4 Sat May 13 00:45:15 2023
TEST MAE 0.3197 std 0.0879 RMSE 0.3978 RMSEs 0.3847 PCC 0.9420 PCCs 0.9268 R2 0.8222 R2s 0.7165 Var 0.8869 Vars 0.8538 Peak 0.1309
Epoch   5|time: 0.08s|train_loss 0.00019189|val_loss 0.00023128
Best validation epoch: 5 Sat May 13 00:45:15 2023
TEST MAE 0.2732 std 0.0744 RMSE 0.3561 RMSEs 0.3443 PCC 0.9466 PCCs 0.9294 R2 0.8576 R2s 0.7768 Var 0.8955 Vars 0.8591 Peak 0.1217
Epoch   6|time: 0.08s|train_loss 0.00016989|val_loss 0.00018120
Best validation epoch: 6 Sat May 13 00:45:15 2023
TEST MAE 0.2114 std 0.0592 RMSE 0.3025 RMSEs 0.2907 PCC 0.9505 PCCs 0.9316 R2 0.8972 R2s 0.8450 Var 0.9035 Vars 0.8638 Peak 0.1123
Epoch   7|time: 0.08s|train_loss 0.00016662|val_loss 0.00015663
Best validation epoch: 7 Sat May 13 00:45:16 2023
TEST MAE 0.1872 std 0.0545 RMSE 0.2858 RMSEs 0.2726 PCC 0.9531 PCCs 0.9335 R2 0.9082 R2s 0.8653 Var 0.9083 Vars 0.8680 Peak 0.1112
Epoch   8|time: 0.08s|train_loss 0.00014623|val_loss 0.00015393
Best validation epoch: 8 Sat May 13 00:45:16 2023
TEST MAE 0.1845 std 0.0542 RMSE 0.2838 RMSEs 0.2703 PCC 0.9545 PCCs 0.9351 R2 0.9095 R2s 0.8680 Var 0.9105 Vars 0.8710 Peak 0.1113
Epoch   9|time: 0.08s|train_loss 0.00017121|val_loss 0.00015373
Best validation epoch: 9 Sat May 13 00:45:16 2023
TEST MAE 0.1833 std 0.0534 RMSE 0.2790 RMSEs 0.2662 PCC 0.9556 PCCs 0.9364 R2 0.9126 R2s 0.8716 Var 0.9128 Vars 0.8738 Peak 0.1085
Epoch  10|time: 0.07s|train_loss 0.00013822|val_loss 0.00015235
Best validation epoch: 10 Sat May 13 00:45:16 2023
TEST MAE 0.1828 std 0.0523 RMSE 0.2751 RMSEs 0.2632 PCC 0.9566 PCCs 0.9375 R2 0.9150 R2s 0.8740 Var 0.9150 Vars 0.8761 Peak 0.1060
Epoch  11|time: 0.08s|train_loss 0.00013231|val_loss 0.00015656
Epoch  12|time: 0.08s|train_loss 0.00013778|val_loss 0.00016216
Epoch  13|time: 0.08s|train_loss 0.00013544|val_loss 0.00015295
Epoch  14|time: 0.08s|train_loss 0.00013877|val_loss 0.00015788
Epoch  15|time: 0.08s|train_loss 0.00013877|val_loss 0.00015492
Epoch  16|time: 0.08s|train_loss 0.00013091|val_loss 0.00014544
Best validation epoch: 16 Sat May 13 00:45:16 2023
TEST MAE 0.1759 std 0.0489 RMSE 0.2650 RMSEs 0.2540 PCC 0.9598 PCCs 0.9415 R2 0.9211 R2s 0.8822 Var 0.9211 Vars 0.8838 Peak 0.1022
Epoch  17|time: 0.08s|train_loss 0.00013056|val_loss 0.00016354
Epoch  18|time: 0.08s|train_loss 0.00014263|val_loss 0.00016933
Epoch  19|time: 0.08s|train_loss 0.00013255|val_loss 0.00014270
Best validation epoch: 19 Sat May 13 00:45:17 2023
TEST MAE 0.1752 std 0.0482 RMSE 0.2644 RMSEs 0.2535 PCC 0.9609 PCCs 0.9426 R2 0.9215 R2s 0.8826 Var 0.9234 Vars 0.8859 Peak 0.1038
Epoch  20|time: 0.08s|train_loss 0.00013062|val_loss 0.00016685
Epoch  21|time: 0.08s|train_loss 0.00013070|val_loss 0.00014271
Epoch  22|time: 0.08s|train_loss 0.00013990|val_loss 0.00016376
Epoch  23|time: 0.08s|train_loss 0.00013183|val_loss 0.00014100
Best validation epoch: 23 Sat May 13 00:45:17 2023
TEST MAE 0.1710 std 0.0468 RMSE 0.2592 RMSEs 0.2486 PCC 0.9618 PCCs 0.9437 R2 0.9246 R2s 0.8868 Var 0.9247 Vars 0.8881 Peak 0.1001
Epoch  24|time: 0.08s|train_loss 0.00012611|val_loss 0.00017604
Epoch  25|time: 0.08s|train_loss 0.00013625|val_loss 0.00015816
Epoch  26|time: 0.08s|train_loss 0.00014215|val_loss 0.00016256
Epoch  27|time: 0.08s|train_loss 0.00014569|val_loss 0.00018158
Epoch  28|time: 0.08s|train_loss 0.00015325|val_loss 0.00016824
Epoch  29|time: 0.08s|train_loss 0.00015445|val_loss 0.00014606
Epoch  30|time: 0.08s|train_loss 0.00013325|val_loss 0.00015929
Epoch  31|time: 0.08s|train_loss 0.00013652|val_loss 0.00013958
Best validation epoch: 31 Sat May 13 00:45:18 2023
TEST MAE 0.1699 std 0.0466 RMSE 0.2573 RMSEs 0.2471 PCC 0.9626 PCCs 0.9444 R2 0.9256 R2s 0.8878 Var 0.9264 Vars 0.8895 Peak 0.0998
Epoch  32|time: 0.08s|train_loss 0.00012660|val_loss 0.00015555
Epoch  33|time: 0.08s|train_loss 0.00013176|val_loss 0.00013988
Epoch  34|time: 0.08s|train_loss 0.00012655|val_loss 0.00014383
Epoch  35|time: 0.08s|train_loss 0.00012583|val_loss 0.00014078
Epoch  36|time: 0.08s|train_loss 0.00013255|val_loss 0.00014271
Epoch  37|time: 0.08s|train_loss 0.00014259|val_loss 0.00014248
Epoch  38|time: 0.08s|train_loss 0.00012518|val_loss 0.00016858
Epoch  39|time: 0.08s|train_loss 0.00014101|val_loss 0.00015873
Epoch  40|time: 0.08s|train_loss 0.00013665|val_loss 0.00014125
Epoch  41|time: 0.08s|train_loss 0.00012656|val_loss 0.00015104
Epoch  42|time: 0.08s|train_loss 0.00014001|val_loss 0.00017703
Epoch  43|time: 0.08s|train_loss 0.00014023|val_loss 0.00015541
Epoch  44|time: 0.08s|train_loss 0.00016045|val_loss 0.00016453
Epoch  45|time: 0.08s|train_loss 0.00013560|val_loss 0.00013915
Best validation epoch: 45 Sat May 13 00:45:19 2023
TEST MAE 0.1697 std 0.0454 RMSE 0.2548 RMSEs 0.2456 PCC 0.9631 PCCs 0.9447 R2 0.9271 R2s 0.8884 Var 0.9274 Vars 0.8893 Peak 0.0975
Epoch  46|time: 0.08s|train_loss 0.00014259|val_loss 0.00016103
Epoch  47|time: 0.08s|train_loss 0.00013166|val_loss 0.00014181
Epoch  48|time: 0.08s|train_loss 0.00012931|val_loss 0.00015079
Epoch  49|time: 0.08s|train_loss 0.00013349|val_loss 0.00015750
Epoch  50|time: 0.08s|train_loss 0.00012836|val_loss 0.00014326
Epoch  51|time: 0.08s|train_loss 0.00013091|val_loss 0.00014227
Epoch  52|time: 0.08s|train_loss 0.00013212|val_loss 0.00014204
Epoch  53|time: 0.08s|train_loss 0.00012668|val_loss 0.00014403
Epoch  54|time: 0.08s|train_loss 0.00013336|val_loss 0.00014605
Epoch  55|time: 0.08s|train_loss 0.00013346|val_loss 0.00013993
Epoch  56|time: 0.08s|train_loss 0.00013270|val_loss 0.00014215
Epoch  57|time: 0.08s|train_loss 0.00012889|val_loss 0.00014627
Epoch  58|time: 0.08s|train_loss 0.00013242|val_loss 0.00013899
Best validation epoch: 58 Sat May 13 00:45:20 2023
TEST MAE 0.1684 std 0.0460 RMSE 0.2554 RMSEs 0.2456 PCC 0.9634 PCCs 0.9450 R2 0.9267 R2s 0.8888 Var 0.9278 Vars 0.8909 Peak 0.0990
Epoch  59|time: 0.08s|train_loss 0.00012365|val_loss 0.00013936
Epoch  60|time: 0.08s|train_loss 0.00014406|val_loss 0.00015552
Epoch  61|time: 0.08s|train_loss 0.00013391|val_loss 0.00014269
Epoch  62|time: 0.08s|train_loss 0.00012958|val_loss 0.00013887
Best validation epoch: 62 Sat May 13 00:45:20 2023
TEST MAE 0.1708 std 0.0472 RMSE 0.2603 RMSEs 0.2500 PCC 0.9631 PCCs 0.9446 R2 0.9239 R2s 0.8854 Var 0.9265 Vars 0.8896 Peak 0.1027
Epoch  63|time: 0.07s|train_loss 0.00012636|val_loss 0.00013827
Best validation epoch: 63 Sat May 13 00:45:20 2023
TEST MAE 0.1703 std 0.0464 RMSE 0.2579 RMSEs 0.2480 PCC 0.9630 PCCs 0.9445 R2 0.9253 R2s 0.8868 Var 0.9271 Vars 0.8898 Peak 0.1008
Epoch  64|time: 0.08s|train_loss 0.00012824|val_loss 0.00013938
Epoch  65|time: 0.08s|train_loss 0.00012689|val_loss 0.00013807
Best validation epoch: 65 Sat May 13 00:45:20 2023
TEST MAE 0.1689 std 0.0465 RMSE 0.2570 RMSEs 0.2470 PCC 0.9631 PCCs 0.9447 R2 0.9258 R2s 0.8879 Var 0.9271 Vars 0.8903 Peak 0.1003
Epoch  66|time: 0.08s|train_loss 0.00012364|val_loss 0.00015054
Epoch  67|time: 0.08s|train_loss 0.00013042|val_loss 0.00013969
Epoch  68|time: 0.08s|train_loss 0.00012946|val_loss 0.00015554
Epoch  69|time: 0.08s|train_loss 0.00013233|val_loss 0.00014089
Epoch  70|time: 0.08s|train_loss 0.00014458|val_loss 0.00014792
Epoch  71|time: 0.08s|train_loss 0.00013003|val_loss 0.00017277
Epoch  72|time: 0.08s|train_loss 0.00013508|val_loss 0.00016018
Epoch  73|time: 0.08s|train_loss 0.00013763|val_loss 0.00015039
Epoch  74|time: 0.08s|train_loss 0.00014015|val_loss 0.00014065
Epoch  75|time: 0.08s|train_loss 0.00012661|val_loss 0.00015752
Epoch  76|time: 0.08s|train_loss 0.00013629|val_loss 0.00013959
Epoch  77|time: 0.08s|train_loss 0.00012979|val_loss 0.00014177
Epoch  78|time: 0.08s|train_loss 0.00013077|val_loss 0.00013873
Epoch  79|time: 0.08s|train_loss 0.00013770|val_loss 0.00014036
Epoch  80|time: 0.08s|train_loss 0.00012394|val_loss 0.00014459
Epoch  81|time: 0.08s|train_loss 0.00012551|val_loss 0.00013770
Best validation epoch: 81 Sat May 13 00:45:22 2023
TEST MAE 0.1690 std 0.0464 RMSE 0.2571 RMSEs 0.2471 PCC 0.9633 PCCs 0.9448 R2 0.9257 R2s 0.8877 Var 0.9273 Vars 0.8903 Peak 0.1003
Epoch  82|time: 0.08s|train_loss 0.00013654|val_loss 0.00017137
Epoch  83|time: 0.08s|train_loss 0.00014730|val_loss 0.00013864
Epoch  84|time: 0.08s|train_loss 0.00014204|val_loss 0.00016088
Epoch  85|time: 0.08s|train_loss 0.00013881|val_loss 0.00014805
Epoch  86|time: 0.08s|train_loss 0.00013737|val_loss 0.00016199
Epoch  87|time: 0.08s|train_loss 0.00014498|val_loss 0.00014563
Epoch  88|time: 0.08s|train_loss 0.00012838|val_loss 0.00014066
Epoch  89|time: 0.08s|train_loss 0.00013439|val_loss 0.00013885
Epoch  90|time: 0.08s|train_loss 0.00012972|val_loss 0.00014197
Epoch  91|time: 0.08s|train_loss 0.00012963|val_loss 0.00014961
Epoch  92|time: 0.08s|train_loss 0.00013417|val_loss 0.00014758
Epoch  93|time: 0.08s|train_loss 0.00013132|val_loss 0.00015363
Epoch  94|time: 0.08s|train_loss 0.00012830|val_loss 0.00014762
Epoch  95|time: 0.08s|train_loss 0.00013209|val_loss 0.00014398
Epoch  96|time: 0.08s|train_loss 0.00013910|val_loss 0.00014030
Epoch  97|time: 0.08s|train_loss 0.00012236|val_loss 0.00014016
Epoch  98|time: 0.08s|train_loss 0.00012859|val_loss 0.00013910
Epoch  99|time: 0.08s|train_loss 0.00012933|val_loss 0.00014304
Epoch 100|time: 0.08s|train_loss 0.00012872|val_loss 0.00014733
Epoch 101|time: 0.08s|train_loss 0.00014042|val_loss 0.00014592
Epoch 102|time: 0.08s|train_loss 0.00014045|val_loss 0.00013817
Epoch 103|time: 0.08s|train_loss 0.00014242|val_loss 0.00013889
Epoch 104|time: 0.08s|train_loss 0.00012715|val_loss 0.00013917
Epoch 105|time: 0.08s|train_loss 0.00012375|val_loss 0.00015075
Epoch 106|time: 0.08s|train_loss 0.00012767|val_loss 0.00014434
Epoch 107|time: 0.08s|train_loss 0.00012457|val_loss 0.00013820
Epoch 108|time: 0.08s|train_loss 0.00012287|val_loss 0.00014168
Epoch 109|time: 0.07s|train_loss 0.00012466|val_loss 0.00013796
Epoch 110|time: 0.08s|train_loss 0.00013123|val_loss 0.00016955
Epoch 111|time: 0.08s|train_loss 0.00014049|val_loss 0.00014005
Epoch 112|time: 0.08s|train_loss 0.00015451|val_loss 0.00013843
Epoch 113|time: 0.08s|train_loss 0.00014186|val_loss 0.00014361
Epoch 114|time: 0.08s|train_loss 0.00012960|val_loss 0.00014632
Epoch 115|time: 0.08s|train_loss 0.00012947|val_loss 0.00013802
Epoch 116|time: 0.08s|train_loss 0.00013285|val_loss 0.00014491
Epoch 117|time: 0.08s|train_loss 0.00012183|val_loss 0.00014089
Epoch 118|time: 0.08s|train_loss 0.00013626|val_loss 0.00014178
Epoch 119|time: 0.08s|train_loss 0.00015308|val_loss 0.00015512
Epoch 120|time: 0.08s|train_loss 0.00013570|val_loss 0.00014867
Epoch 121|time: 0.08s|train_loss 0.00013383|val_loss 0.00014153
Epoch 122|time: 0.08s|train_loss 0.00013792|val_loss 0.00015418
Epoch 123|time: 0.08s|train_loss 0.00016626|val_loss 0.00016956
Epoch 124|time: 0.08s|train_loss 0.00016307|val_loss 0.00014853
Epoch 125|time: 0.08s|train_loss 0.00013500|val_loss 0.00017962
Epoch 126|time: 0.08s|train_loss 0.00015078|val_loss 0.00014160
Epoch 127|time: 0.08s|train_loss 0.00015974|val_loss 0.00014547
Epoch 128|time: 0.08s|train_loss 0.00013599|val_loss 0.00018001
Epoch 129|time: 0.08s|train_loss 0.00014928|val_loss 0.00014400
Epoch 130|time: 0.08s|train_loss 0.00013637|val_loss 0.00013874
Epoch 131|time: 0.08s|train_loss 0.00013699|val_loss 0.00013865
Epoch 132|time: 0.08s|train_loss 0.00012384|val_loss 0.00014206
Epoch 133|time: 0.08s|train_loss 0.00012321|val_loss 0.00014181
Epoch 134|time: 0.08s|train_loss 0.00012886|val_loss 0.00014904
Epoch 135|time: 0.08s|train_loss 0.00012862|val_loss 0.00013876
Epoch 136|time: 0.08s|train_loss 0.00012340|val_loss 0.00013875
Epoch 137|time: 0.08s|train_loss 0.00013014|val_loss 0.00014002
Epoch 138|time: 0.08s|train_loss 0.00012022|val_loss 0.00013894
Epoch 139|time: 0.08s|train_loss 0.00012718|val_loss 0.00016050
Epoch 140|time: 0.07s|train_loss 0.00013132|val_loss 0.00014782
Epoch 141|time: 0.08s|train_loss 0.00012993|val_loss 0.00013948
Epoch 142|time: 0.08s|train_loss 0.00012763|val_loss 0.00017374
Epoch 143|time: 0.08s|train_loss 0.00013022|val_loss 0.00014178
Epoch 144|time: 0.08s|train_loss 0.00013475|val_loss 0.00013992
Epoch 145|time: 0.08s|train_loss 0.00012713|val_loss 0.00014321
Epoch 146|time: 0.08s|train_loss 0.00012777|val_loss 0.00015008
Epoch 147|time: 0.08s|train_loss 0.00012673|val_loss 0.00013723
Best validation epoch: 147 Sat May 13 00:45:27 2023
TEST MAE 0.1667 std 0.0445 RMSE 0.2512 RMSEs 0.2420 PCC 0.9639 PCCs 0.9460 R2 0.9291 R2s 0.8915 Var 0.9291 Vars 0.8927 Peak 0.0946
Epoch 148|time: 0.08s|train_loss 0.00012305|val_loss 0.00013732
Epoch 149|time: 0.08s|train_loss 0.00013258|val_loss 0.00013805
Epoch 150|time: 0.08s|train_loss 0.00012842|val_loss 0.00013748
Epoch 151|time: 0.08s|train_loss 0.00012662|val_loss 0.00015032
Epoch 152|time: 0.08s|train_loss 0.00012362|val_loss 0.00014964
Epoch 153|time: 0.08s|train_loss 0.00013230|val_loss 0.00014222
Epoch 154|time: 0.08s|train_loss 0.00012888|val_loss 0.00014561
Epoch 155|time: 0.08s|train_loss 0.00013526|val_loss 0.00014697
Epoch 156|time: 0.08s|train_loss 0.00013235|val_loss 0.00013842
Epoch 157|time: 0.08s|train_loss 0.00013644|val_loss 0.00014643
Epoch 158|time: 0.08s|train_loss 0.00013145|val_loss 0.00015721
Epoch 159|time: 0.08s|train_loss 0.00013547|val_loss 0.00013779
Epoch 160|time: 0.08s|train_loss 0.00012578|val_loss 0.00014809
Epoch 161|time: 0.08s|train_loss 0.00012311|val_loss 0.00014875
Epoch 162|time: 0.08s|train_loss 0.00012752|val_loss 0.00013800
Epoch 163|time: 0.08s|train_loss 0.00013933|val_loss 0.00013909
Epoch 164|time: 0.08s|train_loss 0.00012631|val_loss 0.00013757
Epoch 165|time: 0.08s|train_loss 0.00013002|val_loss 0.00015556
Epoch 166|time: 0.08s|train_loss 0.00013328|val_loss 0.00013809
Epoch 167|time: 0.08s|train_loss 0.00013107|val_loss 0.00015513
Epoch 168|time: 0.08s|train_loss 0.00014290|val_loss 0.00014274
Epoch 169|time: 0.08s|train_loss 0.00013978|val_loss 0.00014999
Epoch 170|time: 0.08s|train_loss 0.00013256|val_loss 0.00013641
Best validation epoch: 170 Sat May 13 00:45:28 2023
TEST MAE 0.1660 std 0.0449 RMSE 0.2517 RMSEs 0.2422 PCC 0.9641 PCCs 0.9461 R2 0.9288 R2s 0.8917 Var 0.9292 Vars 0.8930 Peak 0.0963
Epoch 171|time: 0.08s|train_loss 0.00013010|val_loss 0.00014232
Epoch 172|time: 0.08s|train_loss 0.00013117|val_loss 0.00013703
Epoch 173|time: 0.08s|train_loss 0.00013000|val_loss 0.00013915
Epoch 174|time: 0.08s|train_loss 0.00012626|val_loss 0.00013886
Epoch 175|time: 0.08s|train_loss 0.00012873|val_loss 0.00013778
Epoch 176|time: 0.08s|train_loss 0.00012195|val_loss 0.00013803
Epoch 177|time: 0.08s|train_loss 0.00013060|val_loss 0.00013730
Epoch 178|time: 0.08s|train_loss 0.00012176|val_loss 0.00013967
Epoch 179|time: 0.07s|train_loss 0.00012281|val_loss 0.00014341
Epoch 180|time: 0.08s|train_loss 0.00013315|val_loss 0.00013617
Best validation epoch: 180 Sat May 13 00:45:29 2023
TEST MAE 0.1660 std 0.0453 RMSE 0.2511 RMSEs 0.2416 PCC 0.9640 PCCs 0.9462 R2 0.9292 R2s 0.8921 Var 0.9293 Vars 0.8931 Peak 0.0955
Epoch 181|time: 0.08s|train_loss 0.00012449|val_loss 0.00014046
Epoch 182|time: 0.08s|train_loss 0.00012760|val_loss 0.00014950
Epoch 183|time: 0.08s|train_loss 0.00014389|val_loss 0.00014531
Epoch 184|time: 0.08s|train_loss 0.00012985|val_loss 0.00015789
Epoch 185|time: 0.07s|train_loss 0.00013339|val_loss 0.00015385
Epoch 186|time: 0.08s|train_loss 0.00013772|val_loss 0.00016743
Epoch 187|time: 0.08s|train_loss 0.00015523|val_loss 0.00015534
Epoch 188|time: 0.08s|train_loss 0.00013456|val_loss 0.00013803
Epoch 189|time: 0.08s|train_loss 0.00013265|val_loss 0.00014362
Epoch 190|time: 0.08s|train_loss 0.00013529|val_loss 0.00020347
Epoch 191|time: 0.08s|train_loss 0.00016134|val_loss 0.00016845
Epoch 192|time: 0.08s|train_loss 0.00013387|val_loss 0.00013743
Epoch 193|time: 0.08s|train_loss 0.00012705|val_loss 0.00014375
Epoch 194|time: 0.08s|train_loss 0.00012856|val_loss 0.00014476
Epoch 195|time: 0.08s|train_loss 0.00012981|val_loss 0.00013695
Epoch 196|time: 0.08s|train_loss 0.00012203|val_loss 0.00013979
Epoch 197|time: 0.08s|train_loss 0.00012567|val_loss 0.00013801
Epoch 198|time: 0.08s|train_loss 0.00013436|val_loss 0.00013715
Epoch 199|time: 0.08s|train_loss 0.00012535|val_loss 0.00014790
Epoch 200|time: 0.08s|train_loss 0.00012777|val_loss 0.00013710
Epoch 201|time: 0.08s|train_loss 0.00013282|val_loss 0.00015061
Epoch 202|time: 0.08s|train_loss 0.00013092|val_loss 0.00014025
Epoch 203|time: 0.08s|train_loss 0.00012974|val_loss 0.00013726
Epoch 204|time: 0.08s|train_loss 0.00012098|val_loss 0.00015502
Epoch 205|time: 0.08s|train_loss 0.00013878|val_loss 0.00020189
Epoch 206|time: 0.08s|train_loss 0.00014830|val_loss 0.00016139
Epoch 207|time: 0.08s|train_loss 0.00013133|val_loss 0.00015231
Epoch 208|time: 0.08s|train_loss 0.00013077|val_loss 0.00014337
Epoch 209|time: 0.08s|train_loss 0.00013177|val_loss 0.00014330
Epoch 210|time: 0.08s|train_loss 0.00013001|val_loss 0.00013762
Epoch 211|time: 0.08s|train_loss 0.00012547|val_loss 0.00015221
Epoch 212|time: 0.08s|train_loss 0.00012963|val_loss 0.00014811
Epoch 213|time: 0.08s|train_loss 0.00014087|val_loss 0.00013728
Epoch 214|time: 0.08s|train_loss 0.00014475|val_loss 0.00013797
Epoch 215|time: 0.08s|train_loss 0.00013888|val_loss 0.00016938
Epoch 216|time: 0.08s|train_loss 0.00013858|val_loss 0.00013646
Epoch 217|time: 0.08s|train_loss 0.00013273|val_loss 0.00014907
Epoch 218|time: 0.08s|train_loss 0.00013548|val_loss 0.00013764
Epoch 219|time: 0.08s|train_loss 0.00013625|val_loss 0.00013855
Epoch 220|time: 0.08s|train_loss 0.00012788|val_loss 0.00013644
Epoch 221|time: 0.08s|train_loss 0.00012473|val_loss 0.00013805
Epoch 222|time: 0.08s|train_loss 0.00014395|val_loss 0.00013913
Epoch 223|time: 0.08s|train_loss 0.00012120|val_loss 0.00013728
Epoch 224|time: 0.08s|train_loss 0.00012595|val_loss 0.00013711
Epoch 225|time: 0.08s|train_loss 0.00014362|val_loss 0.00013607
Best validation epoch: 225 Sat May 13 00:45:33 2023
TEST MAE 0.1649 std 0.0445 RMSE 0.2497 RMSEs 0.2402 PCC 0.9646 PCCs 0.9471 R2 0.9300 R2s 0.8934 Var 0.9301 Vars 0.8947 Peak 0.0944
Epoch 226|time: 0.08s|train_loss 0.00012240|val_loss 0.00013711
Epoch 227|time: 0.08s|train_loss 0.00012215|val_loss 0.00013682
Epoch 228|time: 0.08s|train_loss 0.00012232|val_loss 0.00014224
Epoch 229|time: 0.08s|train_loss 0.00012432|val_loss 0.00014225
Epoch 230|time: 0.08s|train_loss 0.00012617|val_loss 0.00013812
Epoch 231|time: 0.08s|train_loss 0.00012211|val_loss 0.00013826
Epoch 232|time: 0.08s|train_loss 0.00013931|val_loss 0.00015101
Epoch 233|time: 0.08s|train_loss 0.00013183|val_loss 0.00013746
Epoch 234|time: 0.08s|train_loss 0.00013300|val_loss 0.00013641
Epoch 235|time: 0.08s|train_loss 0.00012823|val_loss 0.00014216
Epoch 236|time: 0.08s|train_loss 0.00012898|val_loss 0.00013586
Best validation epoch: 236 Sat May 13 00:45:34 2023
TEST MAE 0.1650 std 0.0453 RMSE 0.2499 RMSEs 0.2403 PCC 0.9646 PCCs 0.9472 R2 0.9298 R2s 0.8935 Var 0.9303 Vars 0.8949 Peak 0.0949
Epoch 237|time: 0.07s|train_loss 0.00013123|val_loss 0.00013796
Epoch 238|time: 0.08s|train_loss 0.00012589|val_loss 0.00013532
Best validation epoch: 238 Sat May 13 00:45:34 2023
TEST MAE 0.1652 std 0.0445 RMSE 0.2491 RMSEs 0.2400 PCC 0.9646 PCCs 0.9471 R2 0.9303 R2s 0.8932 Var 0.9303 Vars 0.8941 Peak 0.0931
Epoch 239|time: 0.08s|train_loss 0.00012323|val_loss 0.00013590
Epoch 240|time: 0.08s|train_loss 0.00012175|val_loss 0.00013576
Epoch 241|time: 0.08s|train_loss 0.00012218|val_loss 0.00013534
Epoch 242|time: 0.08s|train_loss 0.00013110|val_loss 0.00015577
Epoch 243|time: 0.08s|train_loss 0.00013400|val_loss 0.00014060
Epoch 244|time: 0.08s|train_loss 0.00012311|val_loss 0.00013489
Best validation epoch: 244 Sat May 13 00:45:34 2023
TEST MAE 0.1645 std 0.0443 RMSE 0.2481 RMSEs 0.2391 PCC 0.9648 PCCs 0.9477 R2 0.9308 R2s 0.8940 Var 0.9308 Vars 0.8954 Peak 0.0921
Epoch 245|time: 0.08s|train_loss 0.00013136|val_loss 0.00013902
Epoch 246|time: 0.08s|train_loss 0.00013051|val_loss 0.00013751
Epoch 247|time: 0.08s|train_loss 0.00012302|val_loss 0.00013677
Epoch 248|time: 0.08s|train_loss 0.00012536|val_loss 0.00013598
Epoch 249|time: 0.08s|train_loss 0.00012732|val_loss 0.00014086
Epoch 250|time: 0.08s|train_loss 0.00012642|val_loss 0.00013624
Epoch 251|time: 0.08s|train_loss 0.00012818|val_loss 0.00013586
Epoch 252|time: 0.08s|train_loss 0.00012708|val_loss 0.00014497
Epoch 253|time: 0.08s|train_loss 0.00013193|val_loss 0.00014055
Epoch 254|time: 0.08s|train_loss 0.00012040|val_loss 0.00013771
Epoch 255|time: 0.08s|train_loss 0.00012483|val_loss 0.00014125
Epoch 256|time: 0.08s|train_loss 0.00012234|val_loss 0.00013814
Epoch 257|time: 0.08s|train_loss 0.00012802|val_loss 0.00013746
Epoch 258|time: 0.08s|train_loss 0.00014388|val_loss 0.00013469
Best validation epoch: 258 Sat May 13 00:45:35 2023
TEST MAE 0.1645 std 0.0449 RMSE 0.2489 RMSEs 0.2394 PCC 0.9646 PCCs 0.9476 R2 0.9304 R2s 0.8942 Var 0.9304 Vars 0.8955 Peak 0.0933
Epoch 259|time: 0.08s|train_loss 0.00012536|val_loss 0.00013603
Epoch 260|time: 0.08s|train_loss 0.00012376|val_loss 0.00013592
Epoch 261|time: 0.08s|train_loss 0.00012717|val_loss 0.00015841
Epoch 262|time: 0.08s|train_loss 0.00013490|val_loss 0.00014168
Epoch 263|time: 0.08s|train_loss 0.00012253|val_loss 0.00013720
Epoch 264|time: 0.08s|train_loss 0.00012454|val_loss 0.00014906
Epoch 265|time: 0.08s|train_loss 0.00012431|val_loss 0.00013882
Epoch 266|time: 0.08s|train_loss 0.00012475|val_loss 0.00013685
Epoch 267|time: 0.08s|train_loss 0.00012468|val_loss 0.00015348
Epoch 268|time: 0.08s|train_loss 0.00013542|val_loss 0.00014001
Epoch 269|time: 0.08s|train_loss 0.00012639|val_loss 0.00014303
Epoch 270|time: 0.08s|train_loss 0.00013327|val_loss 0.00013766
Epoch 271|time: 0.08s|train_loss 0.00012506|val_loss 0.00013855
Epoch 272|time: 0.08s|train_loss 0.00013092|val_loss 0.00013646
Epoch 273|time: 0.08s|train_loss 0.00012868|val_loss 0.00014269
Epoch 274|time: 0.08s|train_loss 0.00013567|val_loss 0.00013954
Epoch 275|time: 0.08s|train_loss 0.00012968|val_loss 0.00013771
Epoch 276|time: 0.08s|train_loss 0.00012553|val_loss 0.00014422
Epoch 277|time: 0.08s|train_loss 0.00012852|val_loss 0.00013621
Epoch 278|time: 0.08s|train_loss 0.00013330|val_loss 0.00013842
Epoch 279|time: 0.08s|train_loss 0.00012622|val_loss 0.00013528
Epoch 280|time: 0.08s|train_loss 0.00012144|val_loss 0.00013822
Epoch 281|time: 0.08s|train_loss 0.00012226|val_loss 0.00013633
Epoch 282|time: 0.08s|train_loss 0.00012233|val_loss 0.00015433
Epoch 283|time: 0.08s|train_loss 0.00013384|val_loss 0.00015812
Epoch 284|time: 0.08s|train_loss 0.00013488|val_loss 0.00013652
Epoch 285|time: 0.08s|train_loss 0.00012752|val_loss 0.00017153
Epoch 286|time: 0.08s|train_loss 0.00014895|val_loss 0.00014604
Epoch 287|time: 0.08s|train_loss 0.00012622|val_loss 0.00013494
Epoch 288|time: 0.08s|train_loss 0.00012138|val_loss 0.00016125
Epoch 289|time: 0.08s|train_loss 0.00013141|val_loss 0.00017177
Epoch 290|time: 0.08s|train_loss 0.00013874|val_loss 0.00015978
Epoch 291|time: 0.08s|train_loss 0.00013614|val_loss 0.00015065
Epoch 292|time: 0.08s|train_loss 0.00012948|val_loss 0.00013578
Epoch 293|time: 0.08s|train_loss 0.00013365|val_loss 0.00014298
Epoch 294|time: 0.08s|train_loss 0.00013123|val_loss 0.00015471
Epoch 295|time: 0.08s|train_loss 0.00013799|val_loss 0.00015349
Epoch 296|time: 0.08s|train_loss 0.00013427|val_loss 0.00013537
Epoch 297|time: 0.08s|train_loss 0.00012126|val_loss 0.00015719
Epoch 298|time: 0.08s|train_loss 0.00012254|val_loss 0.00015388
Epoch 299|time: 0.08s|train_loss 0.00013736|val_loss 0.00013901
Epoch 300|time: 0.08s|train_loss 0.00014811|val_loss 0.00013525
Epoch 301|time: 0.08s|train_loss 0.00013510|val_loss 0.00016911
Epoch 302|time: 0.08s|train_loss 0.00013788|val_loss 0.00014320
Epoch 303|time: 0.08s|train_loss 0.00013450|val_loss 0.00013822
Epoch 304|time: 0.08s|train_loss 0.00013043|val_loss 0.00013849
Epoch 305|time: 0.08s|train_loss 0.00012064|val_loss 0.00013566
Epoch 306|time: 0.08s|train_loss 0.00012093|val_loss 0.00015060
Epoch 307|time: 0.08s|train_loss 0.00012560|val_loss 0.00016514
Epoch 308|time: 0.08s|train_loss 0.00013079|val_loss 0.00014762
Epoch 309|time: 0.08s|train_loss 0.00013083|val_loss 0.00014310
Epoch 310|time: 0.08s|train_loss 0.00012761|val_loss 0.00013490
Epoch 311|time: 0.08s|train_loss 0.00012764|val_loss 0.00014900
Epoch 312|time: 0.08s|train_loss 0.00013399|val_loss 0.00013500
Epoch 313|time: 0.08s|train_loss 0.00012318|val_loss 0.00015056
Epoch 314|time: 0.08s|train_loss 0.00012901|val_loss 0.00013769
Epoch 315|time: 0.08s|train_loss 0.00012338|val_loss 0.00013693
Epoch 316|time: 0.08s|train_loss 0.00012323|val_loss 0.00014205
Epoch 317|time: 0.08s|train_loss 0.00016140|val_loss 0.00014802
Epoch 318|time: 0.08s|train_loss 0.00012716|val_loss 0.00013424
Best validation epoch: 318 Sat May 13 00:45:40 2023
TEST MAE 0.1628 std 0.0431 RMSE 0.2462 RMSEs 0.2372 PCC 0.9654 PCCs 0.9489 R2 0.9319 R2s 0.8956 Var 0.9320 Vars 0.8977 Peak 0.0904
Epoch 319|time: 0.08s|train_loss 0.00011999|val_loss 0.00013696
Epoch 320|time: 0.08s|train_loss 0.00011862|val_loss 0.00013445
Epoch 321|time: 0.08s|train_loss 0.00012474|val_loss 0.00013568
Epoch 322|time: 0.08s|train_loss 0.00014621|val_loss 0.00013633
Epoch 323|time: 0.08s|train_loss 0.00011950|val_loss 0.00013462
Epoch 324|time: 0.08s|train_loss 0.00012361|val_loss 0.00013574
Epoch 325|time: 0.08s|train_loss 0.00012026|val_loss 0.00013470
Epoch 326|time: 0.08s|train_loss 0.00013023|val_loss 0.00015170
Epoch 327|time: 0.08s|train_loss 0.00013199|val_loss 0.00014713
Epoch 328|time: 0.08s|train_loss 0.00013812|val_loss 0.00013485
Epoch 329|time: 0.08s|train_loss 0.00015013|val_loss 0.00014684
Epoch 330|time: 0.08s|train_loss 0.00012706|val_loss 0.00013921
Epoch 331|time: 0.08s|train_loss 0.00012018|val_loss 0.00013393
Best validation epoch: 331 Sat May 13 00:45:41 2023
TEST MAE 0.1627 std 0.0430 RMSE 0.2465 RMSEs 0.2374 PCC 0.9653 PCCs 0.9484 R2 0.9317 R2s 0.8958 Var 0.9318 Vars 0.8970 Peak 0.0919
Epoch 332|time: 0.08s|train_loss 0.00013818|val_loss 0.00013385
Best validation epoch: 332 Sat May 13 00:45:41 2023
TEST MAE 0.1635 std 0.0432 RMSE 0.2470 RMSEs 0.2379 PCC 0.9652 PCCs 0.9486 R2 0.9315 R2s 0.8952 Var 0.9316 Vars 0.8971 Peak 0.0911
Epoch 333|time: 0.08s|train_loss 0.00012191|val_loss 0.00013874
Epoch 334|time: 0.08s|train_loss 0.00012751|val_loss 0.00013386
Epoch 335|time: 0.08s|train_loss 0.00012989|val_loss 0.00014215
Epoch 336|time: 0.08s|train_loss 0.00012410|val_loss 0.00014338
Epoch 337|time: 0.08s|train_loss 0.00013501|val_loss 0.00013380
Best validation epoch: 337 Sat May 13 00:45:42 2023
TEST MAE 0.1634 std 0.0435 RMSE 0.2469 RMSEs 0.2378 PCC 0.9652 PCCs 0.9487 R2 0.9315 R2s 0.8954 Var 0.9316 Vars 0.8971 Peak 0.0906
Epoch 338|time: 0.08s|train_loss 0.00014238|val_loss 0.00013878
Epoch 339|time: 0.08s|train_loss 0.00012349|val_loss 0.00013601
Epoch 340|time: 0.08s|train_loss 0.00012018|val_loss 0.00013675
Epoch 341|time: 0.08s|train_loss 0.00012339|val_loss 0.00014779
Epoch 342|time: 0.08s|train_loss 0.00012824|val_loss 0.00014347
Epoch 343|time: 0.08s|train_loss 0.00012613|val_loss 0.00014366
Epoch 344|time: 0.08s|train_loss 0.00012125|val_loss 0.00013760
Epoch 345|time: 0.08s|train_loss 0.00012354|val_loss 0.00013343
Best validation epoch: 345 Sat May 13 00:45:42 2023
TEST MAE 0.1624 std 0.0440 RMSE 0.2463 RMSEs 0.2369 PCC 0.9654 PCCs 0.9489 R2 0.9319 R2s 0.8965 Var 0.9319 Vars 0.8975 Peak 0.0917
Epoch 346|time: 0.08s|train_loss 0.00012057|val_loss 0.00014089
Epoch 347|time: 0.08s|train_loss 0.00012876|val_loss 0.00013535
Epoch 348|time: 0.08s|train_loss 0.00012242|val_loss 0.00013431
Epoch 349|time: 0.08s|train_loss 0.00012514|val_loss 0.00013981
Epoch 350|time: 0.08s|train_loss 0.00012404|val_loss 0.00013949
Epoch 351|time: 0.08s|train_loss 0.00012461|val_loss 0.00013979
Epoch 352|time: 0.08s|train_loss 0.00013226|val_loss 0.00014381
Epoch 353|time: 0.08s|train_loss 0.00014951|val_loss 0.00013398
Epoch 354|time: 0.08s|train_loss 0.00013120|val_loss 0.00013368
Epoch 355|time: 0.08s|train_loss 0.00013068|val_loss 0.00014452
Epoch 356|time: 0.08s|train_loss 0.00012727|val_loss 0.00013312
Best validation epoch: 356 Sat May 13 00:45:43 2023
TEST MAE 0.1618 std 0.0426 RMSE 0.2458 RMSEs 0.2370 PCC 0.9658 PCCs 0.9495 R2 0.9321 R2s 0.8958 Var 0.9323 Vars 0.8975 Peak 0.0895
Epoch 357|time: 0.08s|train_loss 0.00013146|val_loss 0.00014325
Epoch 358|time: 0.08s|train_loss 0.00012920|val_loss 0.00014213
Epoch 359|time: 0.08s|train_loss 0.00013338|val_loss 0.00013918
Epoch 360|time: 0.08s|train_loss 0.00012413|val_loss 0.00015498
Epoch 361|time: 0.08s|train_loss 0.00012448|val_loss 0.00015700
Epoch 362|time: 0.08s|train_loss 0.00014424|val_loss 0.00013467
Epoch 363|time: 0.08s|train_loss 0.00014874|val_loss 0.00014990
Epoch 364|time: 0.08s|train_loss 0.00013407|val_loss 0.00013627
Epoch 365|time: 0.08s|train_loss 0.00011974|val_loss 0.00013701
Epoch 366|time: 0.08s|train_loss 0.00012816|val_loss 0.00013455
Epoch 367|time: 0.08s|train_loss 0.00012442|val_loss 0.00013411
Epoch 368|time: 0.08s|train_loss 0.00013542|val_loss 0.00013569
Epoch 369|time: 0.08s|train_loss 0.00012130|val_loss 0.00013734
Epoch 370|time: 0.08s|train_loss 0.00012336|val_loss 0.00013431
Epoch 371|time: 0.08s|train_loss 0.00012647|val_loss 0.00013841
Epoch 372|time: 0.08s|train_loss 0.00012074|val_loss 0.00013611
Epoch 373|time: 0.08s|train_loss 0.00012176|val_loss 0.00013342
Epoch 374|time: 0.08s|train_loss 0.00012170|val_loss 0.00013609
Epoch 375|time: 0.08s|train_loss 0.00012820|val_loss 0.00015244
Epoch 376|time: 0.08s|train_loss 0.00012582|val_loss 0.00013345
Epoch 377|time: 0.08s|train_loss 0.00012815|val_loss 0.00013441
Epoch 378|time: 0.08s|train_loss 0.00012288|val_loss 0.00013596
Epoch 379|time: 0.08s|train_loss 0.00012734|val_loss 0.00013431
Epoch 380|time: 0.08s|train_loss 0.00012751|val_loss 0.00013388
Epoch 381|time: 0.08s|train_loss 0.00012600|val_loss 0.00015407
Epoch 382|time: 0.08s|train_loss 0.00013047|val_loss 0.00015987
Epoch 383|time: 0.08s|train_loss 0.00012919|val_loss 0.00014050
Epoch 384|time: 0.08s|train_loss 0.00011966|val_loss 0.00013370
Epoch 385|time: 0.08s|train_loss 0.00012263|val_loss 0.00013884
Epoch 386|time: 0.08s|train_loss 0.00012462|val_loss 0.00013390
Epoch 387|time: 0.08s|train_loss 0.00012022|val_loss 0.00013234
Best validation epoch: 387 Sat May 13 00:45:46 2023
TEST MAE 0.1606 std 0.0426 RMSE 0.2442 RMSEs 0.2352 PCC 0.9660 PCCs 0.9501 R2 0.9330 R2s 0.8975 Var 0.9332 Vars 0.8995 Peak 0.0890
Epoch 388|time: 0.08s|train_loss 0.00013368|val_loss 0.00013206
Best validation epoch: 388 Sat May 13 00:45:46 2023
TEST MAE 0.1609 std 0.0429 RMSE 0.2446 RMSEs 0.2355 PCC 0.9659 PCCs 0.9498 R2 0.9328 R2s 0.8974 Var 0.9328 Vars 0.8988 Peak 0.0900
Epoch 389|time: 0.08s|train_loss 0.00012477|val_loss 0.00014040
Epoch 390|time: 0.08s|train_loss 0.00013223|val_loss 0.00013518
Epoch 391|time: 0.08s|train_loss 0.00013080|val_loss 0.00014031
Epoch 392|time: 0.08s|train_loss 0.00013524|val_loss 0.00013334
Epoch 393|time: 0.08s|train_loss 0.00012291|val_loss 0.00013583
Epoch 394|time: 0.08s|train_loss 0.00012214|val_loss 0.00013330
Epoch 395|time: 0.08s|train_loss 0.00011974|val_loss 0.00013452
Epoch 396|time: 0.08s|train_loss 0.00013848|val_loss 0.00013487
Epoch 397|time: 0.08s|train_loss 0.00011767|val_loss 0.00013430
Epoch 398|time: 0.08s|train_loss 0.00012221|val_loss 0.00013390
Epoch 399|time: 0.08s|train_loss 0.00012866|val_loss 0.00015655
Epoch 400|time: 0.08s|train_loss 0.00013756|val_loss 0.00013756
Epoch 401|time: 0.08s|train_loss 0.00013344|val_loss 0.00014028
Epoch 402|time: 0.08s|train_loss 0.00012969|val_loss 0.00013371
Epoch 403|time: 0.08s|train_loss 0.00011771|val_loss 0.00014001
Epoch 404|time: 0.08s|train_loss 0.00013080|val_loss 0.00014417
Epoch 405|time: 0.08s|train_loss 0.00012805|val_loss 0.00014436
Epoch 406|time: 0.08s|train_loss 0.00012802|val_loss 0.00013556
Epoch 407|time: 0.08s|train_loss 0.00013011|val_loss 0.00013987
Epoch 408|time: 0.08s|train_loss 0.00013344|val_loss 0.00013780
Epoch 409|time: 0.08s|train_loss 0.00013067|val_loss 0.00017791
Epoch 410|time: 0.08s|train_loss 0.00013851|val_loss 0.00013649
Epoch 411|time: 0.08s|train_loss 0.00012202|val_loss 0.00014689
Epoch 412|time: 0.08s|train_loss 0.00013893|val_loss 0.00013620
Epoch 413|time: 0.08s|train_loss 0.00012444|val_loss 0.00013878
Epoch 414|time: 0.08s|train_loss 0.00012249|val_loss 0.00014755
Epoch 415|time: 0.08s|train_loss 0.00012473|val_loss 0.00015437
Epoch 416|time: 0.08s|train_loss 0.00012847|val_loss 0.00014097
Epoch 417|time: 0.08s|train_loss 0.00012958|val_loss 0.00015184
Epoch 418|time: 0.08s|train_loss 0.00013639|val_loss 0.00013332
Epoch 419|time: 0.08s|train_loss 0.00011919|val_loss 0.00013185
Best validation epoch: 419 Sat May 13 00:45:48 2023
TEST MAE 0.1635 std 0.0424 RMSE 0.2489 RMSEs 0.2401 PCC 0.9658 PCCs 0.9506 R2 0.9304 R2s 0.8929 Var 0.9317 Vars 0.8975 Peak 0.0892
Epoch 420|time: 0.08s|train_loss 0.00012532|val_loss 0.00013385
Epoch 421|time: 0.08s|train_loss 0.00013189|val_loss 0.00013306
Epoch 422|time: 0.08s|train_loss 0.00011983|val_loss 0.00013115
Best validation epoch: 422 Sat May 13 00:45:48 2023
TEST MAE 0.1665 std 0.0432 RMSE 0.2531 RMSEs 0.2448 PCC 0.9660 PCCs 0.9509 R2 0.9280 R2s 0.8879 Var 0.9312 Vars 0.8963 Peak 0.0884
Epoch 423|time: 0.08s|train_loss 0.00012085|val_loss 0.00013241
Epoch 424|time: 0.08s|train_loss 0.00013229|val_loss 0.00013443
Epoch 425|time: 0.08s|train_loss 0.00013446|val_loss 0.00013143
Epoch 426|time: 0.08s|train_loss 0.00012399|val_loss 0.00013420
Epoch 427|time: 0.08s|train_loss 0.00012180|val_loss 0.00013832
Epoch 428|time: 0.08s|train_loss 0.00012218|val_loss 0.00013268
Epoch 429|time: 0.08s|train_loss 0.00012195|val_loss 0.00013519
Epoch 430|time: 0.08s|train_loss 0.00012043|val_loss 0.00013629
Epoch 431|time: 0.08s|train_loss 0.00012080|val_loss 0.00013127
Epoch 432|time: 0.08s|train_loss 0.00012361|val_loss 0.00013120
Epoch 433|time: 0.08s|train_loss 0.00012889|val_loss 0.00014198
Epoch 434|time: 0.08s|train_loss 0.00013581|val_loss 0.00014393
Epoch 435|time: 0.08s|train_loss 0.00013466|val_loss 0.00013469
Epoch 436|time: 0.08s|train_loss 0.00012209|val_loss 0.00013579
Epoch 437|time: 0.08s|train_loss 0.00012863|val_loss 0.00014176
Epoch 438|time: 0.08s|train_loss 0.00011852|val_loss 0.00013951
Epoch 439|time: 0.08s|train_loss 0.00012272|val_loss 0.00014342
Epoch 440|time: 0.08s|train_loss 0.00012243|val_loss 0.00013825
Epoch 441|time: 0.08s|train_loss 0.00014431|val_loss 0.00013302
Epoch 442|time: 0.08s|train_loss 0.00012443|val_loss 0.00013379
Epoch 443|time: 0.08s|train_loss 0.00012236|val_loss 0.00013425
Epoch 444|time: 0.08s|train_loss 0.00012130|val_loss 0.00013370
Epoch 445|time: 0.08s|train_loss 0.00012967|val_loss 0.00015159
Epoch 446|time: 0.08s|train_loss 0.00012636|val_loss 0.00015407
Epoch 447|time: 0.08s|train_loss 0.00013042|val_loss 0.00013611
Epoch 448|time: 0.08s|train_loss 0.00013075|val_loss 0.00015147
Epoch 449|time: 0.08s|train_loss 0.00013346|val_loss 0.00016194
Epoch 450|time: 0.08s|train_loss 0.00012835|val_loss 0.00013146
Epoch 451|time: 0.08s|train_loss 0.00012454|val_loss 0.00013601
Epoch 452|time: 0.08s|train_loss 0.00012139|val_loss 0.00013126
Epoch 453|time: 0.08s|train_loss 0.00012462|val_loss 0.00013489
Epoch 454|time: 0.08s|train_loss 0.00011726|val_loss 0.00013843
Epoch 455|time: 0.08s|train_loss 0.00012186|val_loss 0.00014522
Epoch 456|time: 0.08s|train_loss 0.00012744|val_loss 0.00015431
Epoch 457|time: 0.08s|train_loss 0.00013044|val_loss 0.00015348
Epoch 458|time: 0.08s|train_loss 0.00012990|val_loss 0.00014628
Epoch 459|time: 0.08s|train_loss 0.00012820|val_loss 0.00013733
Epoch 460|time: 0.08s|train_loss 0.00011916|val_loss 0.00013704
Epoch 461|time: 0.08s|train_loss 0.00012215|val_loss 0.00014065
Epoch 462|time: 0.08s|train_loss 0.00011599|val_loss 0.00013271
Epoch 463|time: 0.08s|train_loss 0.00012399|val_loss 0.00013230
Epoch 464|time: 0.08s|train_loss 0.00012591|val_loss 0.00013242
Epoch 465|time: 0.08s|train_loss 0.00012788|val_loss 0.00013223
Epoch 466|time: 0.08s|train_loss 0.00012973|val_loss 0.00014715
Epoch 467|time: 0.08s|train_loss 0.00013822|val_loss 0.00014543
Epoch 468|time: 0.08s|train_loss 0.00014627|val_loss 0.00013562
Epoch 469|time: 0.08s|train_loss 0.00013592|val_loss 0.00013285
Epoch 470|time: 0.08s|train_loss 0.00012126|val_loss 0.00013348
Epoch 471|time: 0.08s|train_loss 0.00011587|val_loss 0.00014045
Epoch 472|time: 0.08s|train_loss 0.00012118|val_loss 0.00013570
Epoch 473|time: 0.08s|train_loss 0.00011647|val_loss 0.00013261
Epoch 474|time: 0.08s|train_loss 0.00012233|val_loss 0.00013505
Epoch 475|time: 0.08s|train_loss 0.00012887|val_loss 0.00013410
Epoch 476|time: 0.08s|train_loss 0.00011970|val_loss 0.00013038
Best validation epoch: 476 Sat May 13 00:45:53 2023
TEST MAE 0.1658 std 0.0450 RMSE 0.2562 RMSEs 0.2469 PCC 0.9656 PCCs 0.9516 R2 0.9263 R2s 0.8871 Var 0.9280 Vars 0.8919 Peak 0.0917
Epoch 477|time: 0.07s|train_loss 0.00012335|val_loss 0.00013416
Epoch 478|time: 0.08s|train_loss 0.00012487|val_loss 0.00014294
Epoch 479|time: 0.08s|train_loss 0.00012730|val_loss 0.00013105
Epoch 480|time: 0.08s|train_loss 0.00012716|val_loss 0.00013870
Epoch 481|time: 0.08s|train_loss 0.00012413|val_loss 0.00014425
Epoch 482|time: 0.08s|train_loss 0.00013286|val_loss 0.00013377
Epoch 483|time: 0.08s|train_loss 0.00013766|val_loss 0.00013795
Epoch 484|time: 0.08s|train_loss 0.00013696|val_loss 0.00013923
Epoch 485|time: 0.08s|train_loss 0.00012489|val_loss 0.00013499
Epoch 486|time: 0.08s|train_loss 0.00012153|val_loss 0.00013019
Best validation epoch: 486 Sat May 13 00:45:53 2023
TEST MAE 0.1641 std 0.0437 RMSE 0.2545 RMSEs 0.2455 PCC 0.9656 PCCs 0.9515 R2 0.9272 R2s 0.8879 Var 0.9287 Vars 0.8927 Peak 0.0903
Epoch 487|time: 0.07s|train_loss 0.00011465|val_loss 0.00013556
Epoch 488|time: 0.08s|train_loss 0.00012281|val_loss 0.00015385
Epoch 489|time: 0.08s|train_loss 0.00013386|val_loss 0.00014146
Epoch 490|time: 0.08s|train_loss 0.00012868|val_loss 0.00013944
Epoch 491|time: 0.08s|train_loss 0.00011793|val_loss 0.00013537
Epoch 492|time: 0.08s|train_loss 0.00011958|val_loss 0.00013097
Epoch 493|time: 0.08s|train_loss 0.00011920|val_loss 0.00013555
Epoch 494|time: 0.08s|train_loss 0.00012670|val_loss 0.00012938
Best validation epoch: 494 Sat May 13 00:45:54 2023
TEST MAE 0.1594 std 0.0428 RMSE 0.2454 RMSEs 0.2364 PCC 0.9665 PCCs 0.9521 R2 0.9323 R2s 0.8966 Var 0.9329 Vars 0.8996 Peak 0.0879
Epoch 495|time: 0.07s|train_loss 0.00011943|val_loss 0.00013851
Epoch 496|time: 0.08s|train_loss 0.00012972|val_loss 0.00014711
Epoch 497|time: 0.08s|train_loss 0.00012339|val_loss 0.00017151
Epoch 498|time: 0.08s|train_loss 0.00012871|val_loss 0.00013963
Epoch 499|time: 0.08s|train_loss 0.00012806|val_loss 0.00013518
Epoch 500|time: 0.08s|train_loss 0.00013067|val_loss 0.00014533
Epoch 501|time: 0.08s|train_loss 0.00012957|val_loss 0.00013294
Epoch 502|time: 0.08s|train_loss 0.00012801|val_loss 0.00013165
Epoch 503|time: 0.08s|train_loss 0.00012515|val_loss 0.00014116
Epoch 504|time: 0.08s|train_loss 0.00012703|val_loss 0.00013949
Epoch 505|time: 0.08s|train_loss 0.00012734|val_loss 0.00013006
Epoch 506|time: 0.08s|train_loss 0.00012559|val_loss 0.00014214
Epoch 507|time: 0.08s|train_loss 0.00012540|val_loss 0.00013015
Epoch 508|time: 0.08s|train_loss 0.00012478|val_loss 0.00012972
Epoch 509|time: 0.08s|train_loss 0.00012485|val_loss 0.00013488
Epoch 510|time: 0.08s|train_loss 0.00012779|val_loss 0.00013129
Epoch 511|time: 0.08s|train_loss 0.00011556|val_loss 0.00013063
Epoch 512|time: 0.08s|train_loss 0.00011495|val_loss 0.00013163
Epoch 513|time: 0.08s|train_loss 0.00012810|val_loss 0.00013529
Epoch 514|time: 0.08s|train_loss 0.00012041|val_loss 0.00012828
Best validation epoch: 514 Sat May 13 00:45:56 2023
TEST MAE 0.1697 std 0.0467 RMSE 0.2660 RMSEs 0.2563 PCC 0.9649 PCCs 0.9522 R2 0.9205 R2s 0.8778 Var 0.9240 Vars 0.8865 Peak 0.0951
Epoch 515|time: 0.08s|train_loss 0.00012641|val_loss 0.00013217
Epoch 516|time: 0.08s|train_loss 0.00012012|val_loss 0.00013729
Epoch 517|time: 0.08s|train_loss 0.00012638|val_loss 0.00013594
Epoch 518|time: 0.08s|train_loss 0.00013275|val_loss 0.00012965
Epoch 519|time: 0.08s|train_loss 0.00012261|val_loss 0.00012963
Epoch 520|time: 0.08s|train_loss 0.00011559|val_loss 0.00012933
Epoch 521|time: 0.08s|train_loss 0.00011638|val_loss 0.00013118
Epoch 522|time: 0.08s|train_loss 0.00011944|val_loss 0.00013037
Epoch 523|time: 0.08s|train_loss 0.00012080|val_loss 0.00012899
Epoch 524|time: 0.08s|train_loss 0.00011994|val_loss 0.00013251
Epoch 525|time: 0.08s|train_loss 0.00011739|val_loss 0.00014360
Epoch 526|time: 0.08s|train_loss 0.00013348|val_loss 0.00013067
Epoch 527|time: 0.08s|train_loss 0.00012426|val_loss 0.00013806
Epoch 528|time: 0.08s|train_loss 0.00012074|val_loss 0.00013170
Epoch 529|time: 0.08s|train_loss 0.00011777|val_loss 0.00013324
Epoch 530|time: 0.08s|train_loss 0.00012943|val_loss 0.00013855
Epoch 531|time: 0.08s|train_loss 0.00014261|val_loss 0.00013178
Epoch 532|time: 0.08s|train_loss 0.00012237|val_loss 0.00013616
Epoch 533|time: 0.08s|train_loss 0.00012457|val_loss 0.00013485
Epoch 534|time: 0.08s|train_loss 0.00011995|val_loss 0.00013129
Epoch 535|time: 0.08s|train_loss 0.00012479|val_loss 0.00013325
Epoch 536|time: 0.08s|train_loss 0.00012755|val_loss 0.00013091
Epoch 537|time: 0.08s|train_loss 0.00011754|val_loss 0.00012993
Epoch 538|time: 0.08s|train_loss 0.00011395|val_loss 0.00013518
Epoch 539|time: 0.08s|train_loss 0.00011971|val_loss 0.00013709
Epoch 540|time: 0.08s|train_loss 0.00011655|val_loss 0.00013058
Epoch 541|time: 0.08s|train_loss 0.00011553|val_loss 0.00012865
Epoch 542|time: 0.08s|train_loss 0.00011528|val_loss 0.00013781
Epoch 543|time: 0.08s|train_loss 0.00012467|val_loss 0.00013095
Epoch 544|time: 0.08s|train_loss 0.00011617|val_loss 0.00012997
Epoch 545|time: 0.08s|train_loss 0.00012905|val_loss 0.00015049
Epoch 546|time: 0.08s|train_loss 0.00012479|val_loss 0.00012843
Epoch 547|time: 0.08s|train_loss 0.00011161|val_loss 0.00013417
Epoch 548|time: 0.08s|train_loss 0.00012191|val_loss 0.00013282
Epoch 549|time: 0.08s|train_loss 0.00012024|val_loss 0.00013378
Epoch 550|time: 0.08s|train_loss 0.00011409|val_loss 0.00013439
Epoch 551|time: 0.08s|train_loss 0.00012044|val_loss 0.00013298
Epoch 552|time: 0.08s|train_loss 0.00011490|val_loss 0.00013375
Epoch 553|time: 0.08s|train_loss 0.00012609|val_loss 0.00013211
Epoch 554|time: 0.08s|train_loss 0.00011784|val_loss 0.00013429
Epoch 555|time: 0.08s|train_loss 0.00012241|val_loss 0.00013061
Epoch 556|time: 0.08s|train_loss 0.00012304|val_loss 0.00013486
Epoch 557|time: 0.08s|train_loss 0.00011852|val_loss 0.00013475
Epoch 558|time: 0.08s|train_loss 0.00011780|val_loss 0.00012939
Epoch 559|time: 0.08s|train_loss 0.00011676|val_loss 0.00013406
Epoch 560|time: 0.08s|train_loss 0.00012294|val_loss 0.00012864
Epoch 561|time: 0.08s|train_loss 0.00012028|val_loss 0.00012916
Epoch 562|time: 0.08s|train_loss 0.00012401|val_loss 0.00013392
Epoch 563|time: 0.08s|train_loss 0.00011916|val_loss 0.00013579
Epoch 564|time: 0.08s|train_loss 0.00013142|val_loss 0.00017766
Epoch 565|time: 0.08s|train_loss 0.00013819|val_loss 0.00015180
Epoch 566|time: 0.08s|train_loss 0.00012462|val_loss 0.00013091
Epoch 567|time: 0.08s|train_loss 0.00012616|val_loss 0.00013737
Epoch 568|time: 0.08s|train_loss 0.00014440|val_loss 0.00013924
Epoch 569|time: 0.08s|train_loss 0.00013873|val_loss 0.00013243
Epoch 570|time: 0.08s|train_loss 0.00012695|val_loss 0.00013263
Epoch 571|time: 0.08s|train_loss 0.00011461|val_loss 0.00012724
Best validation epoch: 571 Sat May 13 00:46:00 2023
TEST MAE 0.1750 std 0.0484 RMSE 0.2762 RMSEs 0.2659 PCC 0.9632 PCCs 0.9512 R2 0.9143 R2s 0.8669 Var 0.9188 Vars 0.8788 Peak 0.1007
Epoch 572|time: 0.08s|train_loss 0.00011677|val_loss 0.00013101
Epoch 573|time: 0.08s|train_loss 0.00011360|val_loss 0.00013318
Epoch 574|time: 0.07s|train_loss 0.00011866|val_loss 0.00014012
Epoch 575|time: 0.08s|train_loss 0.00011871|val_loss 0.00014620
Epoch 576|time: 0.08s|train_loss 0.00013970|val_loss 0.00014037
Epoch 577|time: 0.08s|train_loss 0.00014549|val_loss 0.00014409
Epoch 578|time: 0.08s|train_loss 0.00014543|val_loss 0.00013742
Epoch 579|time: 0.08s|train_loss 0.00012934|val_loss 0.00012797
Epoch 580|time: 0.08s|train_loss 0.00011465|val_loss 0.00013374
Epoch 581|time: 0.08s|train_loss 0.00012318|val_loss 0.00014349
Epoch 582|time: 0.08s|train_loss 0.00011747|val_loss 0.00013499
Epoch 583|time: 0.08s|train_loss 0.00011674|val_loss 0.00012882
Epoch 584|time: 0.08s|train_loss 0.00012485|val_loss 0.00012829
Epoch 585|time: 0.08s|train_loss 0.00012683|val_loss 0.00013937
Epoch 586|time: 0.08s|train_loss 0.00012852|val_loss 0.00013820
Epoch 587|time: 0.08s|train_loss 0.00011980|val_loss 0.00013658
Epoch 588|time: 0.08s|train_loss 0.00011745|val_loss 0.00012820
Epoch 589|time: 0.08s|train_loss 0.00011497|val_loss 0.00012849
Epoch 590|time: 0.08s|train_loss 0.00011768|val_loss 0.00013184
Epoch 591|time: 0.08s|train_loss 0.00011602|val_loss 0.00013785
Epoch 592|time: 0.08s|train_loss 0.00012234|val_loss 0.00012896
Epoch 593|time: 0.08s|train_loss 0.00011920|val_loss 0.00012805
Epoch 594|time: 0.08s|train_loss 0.00011903|val_loss 0.00013322
Epoch 595|time: 0.08s|train_loss 0.00011553|val_loss 0.00012789
Epoch 596|time: 0.08s|train_loss 0.00011758|val_loss 0.00012928
Epoch 597|time: 0.08s|train_loss 0.00012181|val_loss 0.00013650
Epoch 598|time: 0.08s|train_loss 0.00011703|val_loss 0.00012774
Epoch 599|time: 0.08s|train_loss 0.00011923|val_loss 0.00013113
Epoch 600|time: 0.08s|train_loss 0.00012789|val_loss 0.00013143
Epoch 601|time: 0.08s|train_loss 0.00011542|val_loss 0.00013398
Epoch 602|time: 0.08s|train_loss 0.00012235|val_loss 0.00013080
Epoch 603|time: 0.08s|train_loss 0.00011310|val_loss 0.00014343
Epoch 604|time: 0.08s|train_loss 0.00012235|val_loss 0.00012863
Epoch 605|time: 0.08s|train_loss 0.00012054|val_loss 0.00013165
Epoch 606|time: 0.08s|train_loss 0.00012251|val_loss 0.00013035
Epoch 607|time: 0.08s|train_loss 0.00011838|val_loss 0.00012857
Epoch 608|time: 0.08s|train_loss 0.00012467|val_loss 0.00013861
Epoch 609|time: 0.08s|train_loss 0.00012200|val_loss 0.00013467
Epoch 610|time: 0.08s|train_loss 0.00011836|val_loss 0.00012905
Epoch 611|time: 0.08s|train_loss 0.00012259|val_loss 0.00012916
Epoch 612|time: 0.08s|train_loss 0.00012060|val_loss 0.00012815
Epoch 613|time: 0.08s|train_loss 0.00012054|val_loss 0.00012996
Epoch 614|time: 0.08s|train_loss 0.00011406|val_loss 0.00012849
Epoch 615|time: 0.08s|train_loss 0.00011052|val_loss 0.00012900
Epoch 616|time: 0.08s|train_loss 0.00011408|val_loss 0.00013106
Epoch 617|time: 0.08s|train_loss 0.00012082|val_loss 0.00013353
Epoch 618|time: 0.08s|train_loss 0.00012223|val_loss 0.00012976
Epoch 619|time: 0.08s|train_loss 0.00011087|val_loss 0.00013164
Epoch 620|time: 0.08s|train_loss 0.00012120|val_loss 0.00012869
Epoch 621|time: 0.08s|train_loss 0.00011840|val_loss 0.00013039
Epoch 622|time: 0.08s|train_loss 0.00011512|val_loss 0.00012824
Epoch 623|time: 0.08s|train_loss 0.00011397|val_loss 0.00012975
Epoch 624|time: 0.08s|train_loss 0.00011072|val_loss 0.00012815
Epoch 625|time: 0.08s|train_loss 0.00012316|val_loss 0.00012904
Epoch 626|time: 0.08s|train_loss 0.00011538|val_loss 0.00013031
Epoch 627|time: 0.08s|train_loss 0.00011575|val_loss 0.00013403
Epoch 628|time: 0.08s|train_loss 0.00012125|val_loss 0.00012872
Epoch 629|time: 0.08s|train_loss 0.00011832|val_loss 0.00012856
Epoch 630|time: 0.08s|train_loss 0.00011794|val_loss 0.00013726
Epoch 631|time: 0.08s|train_loss 0.00012375|val_loss 0.00013290
Epoch 632|time: 0.08s|train_loss 0.00012422|val_loss 0.00013598
Epoch 633|time: 0.08s|train_loss 0.00012206|val_loss 0.00013507
Epoch 634|time: 0.08s|train_loss 0.00011953|val_loss 0.00015210
Epoch 635|time: 0.08s|train_loss 0.00012040|val_loss 0.00013990
Epoch 636|time: 0.08s|train_loss 0.00011565|val_loss 0.00012995
Epoch 637|time: 0.08s|train_loss 0.00013460|val_loss 0.00013398
Epoch 638|time: 0.08s|train_loss 0.00011722|val_loss 0.00014050
Epoch 639|time: 0.08s|train_loss 0.00012241|val_loss 0.00013758
Epoch 640|time: 0.08s|train_loss 0.00011844|val_loss 0.00013904
Epoch 641|time: 0.08s|train_loss 0.00011844|val_loss 0.00014558
Epoch 642|time: 0.08s|train_loss 0.00011521|val_loss 0.00014704
Epoch 643|time: 0.08s|train_loss 0.00012396|val_loss 0.00014489
Epoch 644|time: 0.08s|train_loss 0.00012011|val_loss 0.00013200
Epoch 645|time: 0.08s|train_loss 0.00012302|val_loss 0.00013856
Epoch 646|time: 0.08s|train_loss 0.00011445|val_loss 0.00013235
Epoch 647|time: 0.08s|train_loss 0.00011383|val_loss 0.00012766
Epoch 648|time: 0.08s|train_loss 0.00012348|val_loss 0.00014279
Epoch 649|time: 0.08s|train_loss 0.00013353|val_loss 0.00013527
Epoch 650|time: 0.08s|train_loss 0.00013507|val_loss 0.00013451
Epoch 651|time: 0.08s|train_loss 0.00013308|val_loss 0.00014144
Epoch 652|time: 0.08s|train_loss 0.00011993|val_loss 0.00013461
Epoch 653|time: 0.08s|train_loss 0.00012138|val_loss 0.00012922
Epoch 654|time: 0.08s|train_loss 0.00013386|val_loss 0.00012854
Epoch 655|time: 0.08s|train_loss 0.00011500|val_loss 0.00013882
Epoch 656|time: 0.08s|train_loss 0.00012358|val_loss 0.00013326
Epoch 657|time: 0.08s|train_loss 0.00012267|val_loss 0.00012855
Epoch 658|time: 0.08s|train_loss 0.00011237|val_loss 0.00012774
Epoch 659|time: 0.08s|train_loss 0.00011927|val_loss 0.00013294
Epoch 660|time: 0.08s|train_loss 0.00011668|val_loss 0.00013284
Epoch 661|time: 0.08s|train_loss 0.00011257|val_loss 0.00012853
Epoch 662|time: 0.08s|train_loss 0.00011130|val_loss 0.00013528
Epoch 663|time: 0.08s|train_loss 0.00011687|val_loss 0.00013654
Epoch 664|time: 0.08s|train_loss 0.00011931|val_loss 0.00014558
Epoch 665|time: 0.08s|train_loss 0.00013189|val_loss 0.00014623
Epoch 666|time: 0.08s|train_loss 0.00012263|val_loss 0.00014341
Epoch 667|time: 0.08s|train_loss 0.00012540|val_loss 0.00013933
Epoch 668|time: 0.08s|train_loss 0.00011395|val_loss 0.00012948
Epoch 669|time: 0.08s|train_loss 0.00011527|val_loss 0.00013102
Epoch 670|time: 0.08s|train_loss 0.00011324|val_loss 0.00013138
Epoch 671|time: 0.08s|train_loss 0.00011664|val_loss 0.00012991
Epoch 672|time: 0.08s|train_loss 0.00011338|val_loss 0.00012832
Epoch 673|time: 0.08s|train_loss 0.00011452|val_loss 0.00012861
Epoch 674|time: 0.08s|train_loss 0.00012017|val_loss 0.00014187
Epoch 675|time: 0.08s|train_loss 0.00011626|val_loss 0.00015170
Epoch 676|time: 0.08s|train_loss 0.00012262|val_loss 0.00016267
Epoch 677|time: 0.08s|train_loss 0.00013227|val_loss 0.00013517
Epoch 678|time: 0.08s|train_loss 0.00012557|val_loss 0.00014402
Epoch 679|time: 0.08s|train_loss 0.00013016|val_loss 0.00013650
Epoch 680|time: 0.08s|train_loss 0.00013531|val_loss 0.00013888
Epoch 681|time: 0.08s|train_loss 0.00012140|val_loss 0.00012635
Best validation epoch: 681 Sat May 13 00:46:09 2023
TEST MAE 0.1710 std 0.0473 RMSE 0.2738 RMSEs 0.2627 PCC 0.9628 PCCs 0.9506 R2 0.9158 R2s 0.8720 Var 0.9180 Vars 0.8784 Peak 0.0993
Epoch 682|time: 0.08s|train_loss 0.00012040|val_loss 0.00013215
Epoch 683|time: 0.08s|train_loss 0.00012548|val_loss 0.00013009
Epoch 684|time: 0.08s|train_loss 0.00012263|val_loss 0.00012784
Epoch 685|time: 0.08s|train_loss 0.00012296|val_loss 0.00013848
Epoch 686|time: 0.08s|train_loss 0.00012165|val_loss 0.00012903
Epoch 687|time: 0.08s|train_loss 0.00012971|val_loss 0.00014289
Epoch 688|time: 0.08s|train_loss 0.00012323|val_loss 0.00012863
Epoch 689|time: 0.08s|train_loss 0.00012321|val_loss 0.00013052
Epoch 690|time: 0.08s|train_loss 0.00012518|val_loss 0.00012699
Epoch 691|time: 0.08s|train_loss 0.00011164|val_loss 0.00012782
Epoch 692|time: 0.08s|train_loss 0.00013179|val_loss 0.00013178
Epoch 693|time: 0.08s|train_loss 0.00012106|val_loss 0.00013958
Epoch 694|time: 0.08s|train_loss 0.00012221|val_loss 0.00016166
Epoch 695|time: 0.08s|train_loss 0.00013993|val_loss 0.00012793
Epoch 696|time: 0.08s|train_loss 0.00011648|val_loss 0.00012778
Epoch 697|time: 0.08s|train_loss 0.00011655|val_loss 0.00013236
Epoch 698|time: 0.08s|train_loss 0.00012651|val_loss 0.00013037
Epoch 699|time: 0.08s|train_loss 0.00012174|val_loss 0.00014098
Epoch 700|time: 0.08s|train_loss 0.00012016|val_loss 0.00014439
Epoch 701|time: 0.08s|train_loss 0.00011729|val_loss 0.00012730
Epoch 702|time: 0.08s|train_loss 0.00011401|val_loss 0.00012757
Epoch 703|time: 0.08s|train_loss 0.00011342|val_loss 0.00012842
Epoch 704|time: 0.08s|train_loss 0.00011303|val_loss 0.00012783
Epoch 705|time: 0.08s|train_loss 0.00011433|val_loss 0.00012621
Best validation epoch: 705 Sat May 13 00:46:10 2023
TEST MAE 0.1794 std 0.0507 RMSE 0.2886 RMSEs 0.2767 PCC 0.9618 PCCs 0.9496 R2 0.9064 R2s 0.8567 Var 0.9110 Vars 0.8674 Peak 0.1060
Epoch 706|time: 0.08s|train_loss 0.00011940|val_loss 0.00012991
Epoch 707|time: 0.08s|train_loss 0.00011983|val_loss 0.00013581
Epoch 708|time: 0.08s|train_loss 0.00011597|val_loss 0.00012711
Epoch 709|time: 0.08s|train_loss 0.00011688|val_loss 0.00012933
Epoch 710|time: 0.08s|train_loss 0.00012058|val_loss 0.00014242
Epoch 711|time: 0.08s|train_loss 0.00012868|val_loss 0.00013554
Epoch 712|time: 0.08s|train_loss 0.00011849|val_loss 0.00013116
Epoch 713|time: 0.08s|train_loss 0.00012183|val_loss 0.00013341
Epoch 714|time: 0.08s|train_loss 0.00011756|val_loss 0.00013614
Epoch 715|time: 0.08s|train_loss 0.00012079|val_loss 0.00013143
Epoch 716|time: 0.08s|train_loss 0.00012010|val_loss 0.00012821
Epoch 717|time: 0.08s|train_loss 0.00011605|val_loss 0.00013050
Epoch 718|time: 0.08s|train_loss 0.00011980|val_loss 0.00013044
Epoch 719|time: 0.08s|train_loss 0.00012353|val_loss 0.00012568
Best validation epoch: 719 Sat May 13 00:46:11 2023
TEST MAE 0.1755 std 0.0497 RMSE 0.2781 RMSEs 0.2664 PCC 0.9638 PCCs 0.9503 R2 0.9131 R2s 0.8681 Var 0.9164 Vars 0.8751 Peak 0.1019
Epoch 720|time: 0.08s|train_loss 0.00011887|val_loss 0.00013182
Epoch 721|time: 0.08s|train_loss 0.00012029|val_loss 0.00013812
Epoch 722|time: 0.08s|train_loss 0.00011852|val_loss 0.00012863
Epoch 723|time: 0.08s|train_loss 0.00011651|val_loss 0.00013234
Epoch 724|time: 0.08s|train_loss 0.00012368|val_loss 0.00012924
Epoch 725|time: 0.08s|train_loss 0.00013094|val_loss 0.00012941
Epoch 726|time: 0.08s|train_loss 0.00012442|val_loss 0.00012775
Epoch 727|time: 0.08s|train_loss 0.00012008|val_loss 0.00013950
Epoch 728|time: 0.08s|train_loss 0.00012172|val_loss 0.00013150
Epoch 729|time: 0.08s|train_loss 0.00011464|val_loss 0.00012835
Epoch 730|time: 0.08s|train_loss 0.00010760|val_loss 0.00012797
Epoch 731|time: 0.08s|train_loss 0.00011250|val_loss 0.00013080
Epoch 732|time: 0.08s|train_loss 0.00011556|val_loss 0.00014986
Epoch 733|time: 0.08s|train_loss 0.00012750|val_loss 0.00014402
Epoch 734|time: 0.07s|train_loss 0.00012746|val_loss 0.00013987
Epoch 735|time: 0.08s|train_loss 0.00011488|val_loss 0.00013045
Epoch 736|time: 0.08s|train_loss 0.00011742|val_loss 0.00013733
Epoch 737|time: 0.08s|train_loss 0.00011621|val_loss 0.00013429
Epoch 738|time: 0.08s|train_loss 0.00011002|val_loss 0.00012953
Epoch 739|time: 0.08s|train_loss 0.00011854|val_loss 0.00014461
Epoch 740|time: 0.08s|train_loss 0.00012432|val_loss 0.00013151
Epoch 741|time: 0.08s|train_loss 0.00011197|val_loss 0.00012886
Epoch 742|time: 0.08s|train_loss 0.00011143|val_loss 0.00012907
Epoch 743|time: 0.08s|train_loss 0.00011473|val_loss 0.00012690
Epoch 744|time: 0.08s|train_loss 0.00011027|val_loss 0.00012739
Epoch 745|time: 0.08s|train_loss 0.00011298|val_loss 0.00014066
Epoch 746|time: 0.08s|train_loss 0.00011347|val_loss 0.00013962
Epoch 747|time: 0.08s|train_loss 0.00011072|val_loss 0.00012870
Epoch 748|time: 0.08s|train_loss 0.00011502|val_loss 0.00013061
Epoch 749|time: 0.08s|train_loss 0.00012725|val_loss 0.00015619
Epoch 750|time: 0.08s|train_loss 0.00012179|val_loss 0.00013883
Epoch 751|time: 0.08s|train_loss 0.00012082|val_loss 0.00013023
Epoch 752|time: 0.08s|train_loss 0.00011772|val_loss 0.00012988
Epoch 753|time: 0.08s|train_loss 0.00012080|val_loss 0.00013377
Epoch 754|time: 0.08s|train_loss 0.00013385|val_loss 0.00013158
Epoch 755|time: 0.08s|train_loss 0.00012465|val_loss 0.00014973
Epoch 756|time: 0.08s|train_loss 0.00014884|val_loss 0.00012829
Epoch 757|time: 0.08s|train_loss 0.00012898|val_loss 0.00014414
Epoch 758|time: 0.08s|train_loss 0.00011905|val_loss 0.00014138
Epoch 759|time: 0.08s|train_loss 0.00012056|val_loss 0.00013992
Epoch 760|time: 0.08s|train_loss 0.00013036|val_loss 0.00012980
Epoch 761|time: 0.08s|train_loss 0.00012445|val_loss 0.00015373
Epoch 762|time: 0.08s|train_loss 0.00013014|val_loss 0.00013607
Epoch 763|time: 0.08s|train_loss 0.00013266|val_loss 0.00012860
Epoch 764|time: 0.08s|train_loss 0.00012112|val_loss 0.00013179
Epoch 765|time: 0.08s|train_loss 0.00011924|val_loss 0.00013546
Epoch 766|time: 0.08s|train_loss 0.00013376|val_loss 0.00012825
Epoch 767|time: 0.08s|train_loss 0.00012102|val_loss 0.00014020
Epoch 768|time: 0.08s|train_loss 0.00013029|val_loss 0.00012691
Epoch 769|time: 0.08s|train_loss 0.00011485|val_loss 0.00012850
Epoch 770|time: 0.08s|train_loss 0.00011275|val_loss 0.00012769
Epoch 771|time: 0.08s|train_loss 0.00012473|val_loss 0.00012999
Epoch 772|time: 0.08s|train_loss 0.00013931|val_loss 0.00012663
Epoch 773|time: 0.08s|train_loss 0.00012022|val_loss 0.00012893
Epoch 774|time: 0.08s|train_loss 0.00012630|val_loss 0.00013305
Epoch 775|time: 0.08s|train_loss 0.00011470|val_loss 0.00015879
Epoch 776|time: 0.07s|train_loss 0.00011726|val_loss 0.00013323
Epoch 777|time: 0.08s|train_loss 0.00011355|val_loss 0.00013228
Epoch 778|time: 0.08s|train_loss 0.00011050|val_loss 0.00012832
Epoch 779|time: 0.08s|train_loss 0.00011163|val_loss 0.00013243
Epoch 780|time: 0.08s|train_loss 0.00010960|val_loss 0.00013151
Epoch 781|time: 0.08s|train_loss 0.00011368|val_loss 0.00013094
Epoch 782|time: 0.08s|train_loss 0.00011663|val_loss 0.00012984
Epoch 783|time: 0.08s|train_loss 0.00011219|val_loss 0.00013056
Epoch 784|time: 0.08s|train_loss 0.00010866|val_loss 0.00012846
Epoch 785|time: 0.08s|train_loss 0.00011273|val_loss 0.00013633
Epoch 786|time: 0.08s|train_loss 0.00011790|val_loss 0.00013581
Epoch 787|time: 0.08s|train_loss 0.00011409|val_loss 0.00013179
Epoch 788|time: 0.08s|train_loss 0.00011253|val_loss 0.00012751
Epoch 789|time: 0.08s|train_loss 0.00010780|val_loss 0.00013005
Epoch 790|time: 0.08s|train_loss 0.00010987|val_loss 0.00012865
Epoch 791|time: 0.08s|train_loss 0.00011241|val_loss 0.00012692
Epoch 792|time: 0.08s|train_loss 0.00010956|val_loss 0.00013544
Epoch 793|time: 0.08s|train_loss 0.00013056|val_loss 0.00013126
Epoch 794|time: 0.08s|train_loss 0.00011032|val_loss 0.00012852
Epoch 795|time: 0.08s|train_loss 0.00012808|val_loss 0.00012795
Epoch 796|time: 0.08s|train_loss 0.00011011|val_loss 0.00012992
Epoch 797|time: 0.08s|train_loss 0.00011869|val_loss 0.00012657
Epoch 798|time: 0.08s|train_loss 0.00010607|val_loss 0.00012750
Epoch 799|time: 0.08s|train_loss 0.00012445|val_loss 0.00013153
Epoch 800|time: 0.08s|train_loss 0.00011818|val_loss 0.00013343
Epoch 801|time: 0.08s|train_loss 0.00011796|val_loss 0.00012560
Best validation epoch: 801 Sat May 13 00:46:18 2023
TEST MAE 0.1714 std 0.0490 RMSE 0.2744 RMSEs 0.2621 PCC 0.9613 PCCs 0.9487 R2 0.9154 R2s 0.8728 Var 0.9160 Vars 0.8755 Peak 0.1002
Epoch 802|time: 0.07s|train_loss 0.00011342|val_loss 0.00012976
Epoch 803|time: 0.08s|train_loss 0.00011628|val_loss 0.00012619
Epoch 804|time: 0.08s|train_loss 0.00011759|val_loss 0.00014133
Epoch 805|time: 0.08s|train_loss 0.00012069|val_loss 0.00013066
Epoch 806|time: 0.08s|train_loss 0.00011927|val_loss 0.00012489
Best validation epoch: 806 Sat May 13 00:46:18 2023
TEST MAE 0.1634 std 0.0498 RMSE 0.2532 RMSEs 0.2415 PCC 0.9635 PCCs 0.9490 R2 0.9280 R2s 0.8935 Var 0.9281 Vars 0.8950 Peak 0.0944
Epoch 807|time: 0.08s|train_loss 0.00012482|val_loss 0.00013064
Epoch 808|time: 0.08s|train_loss 0.00011614|val_loss 0.00012698
Epoch 809|time: 0.08s|train_loss 0.00010978|val_loss 0.00012551
Epoch 810|time: 0.08s|train_loss 0.00010725|val_loss 0.00012896
Epoch 811|time: 0.08s|train_loss 0.00011137|val_loss 0.00012862
Epoch 812|time: 0.08s|train_loss 0.00011383|val_loss 0.00012956
Epoch 813|time: 0.08s|train_loss 0.00012098|val_loss 0.00013099
Epoch 814|time: 0.08s|train_loss 0.00010837|val_loss 0.00012997
Epoch 815|time: 0.08s|train_loss 0.00011510|val_loss 0.00013116
Epoch 816|time: 0.08s|train_loss 0.00010883|val_loss 0.00013251
Epoch 817|time: 0.08s|train_loss 0.00011767|val_loss 0.00012821
Epoch 818|time: 0.08s|train_loss 0.00011855|val_loss 0.00012643
Epoch 819|time: 0.08s|train_loss 0.00011303|val_loss 0.00012832
Epoch 820|time: 0.08s|train_loss 0.00011284|val_loss 0.00013038
Epoch 821|time: 0.08s|train_loss 0.00011979|val_loss 0.00013094
Epoch 822|time: 0.08s|train_loss 0.00013143|val_loss 0.00014049
Epoch 823|time: 0.08s|train_loss 0.00011535|val_loss 0.00013206
Epoch 824|time: 0.08s|train_loss 0.00012447|val_loss 0.00012872
Epoch 825|time: 0.08s|train_loss 0.00011278|val_loss 0.00012788
Epoch 826|time: 0.08s|train_loss 0.00011759|val_loss 0.00012835
Epoch 827|time: 0.08s|train_loss 0.00011286|val_loss 0.00013330
Epoch 828|time: 0.08s|train_loss 0.00012106|val_loss 0.00012790
Epoch 829|time: 0.08s|train_loss 0.00010867|val_loss 0.00012676
Epoch 830|time: 0.08s|train_loss 0.00011775|val_loss 0.00013151
Epoch 831|time: 0.08s|train_loss 0.00010929|val_loss 0.00013073
Epoch 832|time: 0.08s|train_loss 0.00011618|val_loss 0.00012663
Epoch 833|time: 0.08s|train_loss 0.00011160|val_loss 0.00012806
Epoch 834|time: 0.08s|train_loss 0.00011780|val_loss 0.00012994
Epoch 835|time: 0.08s|train_loss 0.00011561|val_loss 0.00013236
Epoch 836|time: 0.08s|train_loss 0.00012559|val_loss 0.00013258
Epoch 837|time: 0.08s|train_loss 0.00012365|val_loss 0.00014311
Epoch 838|time: 0.08s|train_loss 0.00012101|val_loss 0.00014023
Epoch 839|time: 0.08s|train_loss 0.00011717|val_loss 0.00013242
Epoch 840|time: 0.08s|train_loss 0.00011731|val_loss 0.00013845
Epoch 841|time: 0.07s|train_loss 0.00010980|val_loss 0.00013006
Epoch 842|time: 0.08s|train_loss 0.00012016|val_loss 0.00012588
Epoch 843|time: 0.08s|train_loss 0.00011252|val_loss 0.00012684
Epoch 844|time: 0.08s|train_loss 0.00011236|val_loss 0.00012968
Epoch 845|time: 0.08s|train_loss 0.00011570|val_loss 0.00012799
Epoch 846|time: 0.08s|train_loss 0.00011904|val_loss 0.00012860
Epoch 847|time: 0.08s|train_loss 0.00011628|val_loss 0.00013561
Epoch 848|time: 0.08s|train_loss 0.00011117|val_loss 0.00013034
Epoch 849|time: 0.08s|train_loss 0.00011377|val_loss 0.00012874
Epoch 850|time: 0.08s|train_loss 0.00011222|val_loss 0.00012797
Epoch 851|time: 0.08s|train_loss 0.00011532|val_loss 0.00012890
Epoch 852|time: 0.08s|train_loss 0.00011962|val_loss 0.00012890
Epoch 853|time: 0.08s|train_loss 0.00011691|val_loss 0.00013138
Epoch 854|time: 0.08s|train_loss 0.00011813|val_loss 0.00013523
Epoch 855|time: 0.08s|train_loss 0.00011236|val_loss 0.00013342
Epoch 856|time: 0.08s|train_loss 0.00011171|val_loss 0.00013934
Epoch 857|time: 0.08s|train_loss 0.00011802|val_loss 0.00013969
Epoch 858|time: 0.08s|train_loss 0.00011655|val_loss 0.00013515
Epoch 859|time: 0.08s|train_loss 0.00012010|val_loss 0.00014314
Epoch 860|time: 0.08s|train_loss 0.00013457|val_loss 0.00013996
Epoch 861|time: 0.08s|train_loss 0.00012441|val_loss 0.00012937
Epoch 862|time: 0.08s|train_loss 0.00012763|val_loss 0.00013666
Epoch 863|time: 0.08s|train_loss 0.00011548|val_loss 0.00013534
Epoch 864|time: 0.07s|train_loss 0.00011309|val_loss 0.00012958
Epoch 865|time: 0.08s|train_loss 0.00011306|val_loss 0.00012604
Epoch 866|time: 0.08s|train_loss 0.00010884|val_loss 0.00012765
Epoch 867|time: 0.08s|train_loss 0.00010769|val_loss 0.00012856
Epoch 868|time: 0.07s|train_loss 0.00011128|val_loss 0.00013379
Epoch 869|time: 0.08s|train_loss 0.00010959|val_loss 0.00012742
Epoch 870|time: 0.08s|train_loss 0.00011615|val_loss 0.00013105
Epoch 871|time: 0.08s|train_loss 0.00011510|val_loss 0.00012614
Epoch 872|time: 0.08s|train_loss 0.00011072|val_loss 0.00012932
Epoch 873|time: 0.08s|train_loss 0.00012138|val_loss 0.00013777
Epoch 874|time: 0.08s|train_loss 0.00012078|val_loss 0.00012803
Epoch 875|time: 0.08s|train_loss 0.00011758|val_loss 0.00012924
Epoch 876|time: 0.08s|train_loss 0.00011336|val_loss 0.00012676
Epoch 877|time: 0.08s|train_loss 0.00011611|val_loss 0.00012948
Epoch 878|time: 0.08s|train_loss 0.00010762|val_loss 0.00012875
Epoch 879|time: 0.08s|train_loss 0.00010684|val_loss 0.00012793
Epoch 880|time: 0.08s|train_loss 0.00011103|val_loss 0.00013262
Epoch 881|time: 0.08s|train_loss 0.00011481|val_loss 0.00012941
Epoch 882|time: 0.08s|train_loss 0.00011064|val_loss 0.00012736
Epoch 883|time: 0.08s|train_loss 0.00011187|val_loss 0.00012593
Epoch 884|time: 0.08s|train_loss 0.00011377|val_loss 0.00013136
Epoch 885|time: 0.08s|train_loss 0.00011250|val_loss 0.00012809
Epoch 886|time: 0.08s|train_loss 0.00010979|val_loss 0.00013559
Epoch 887|time: 0.08s|train_loss 0.00010970|val_loss 0.00014103
Epoch 888|time: 0.08s|train_loss 0.00012308|val_loss 0.00013239
Epoch 889|time: 0.08s|train_loss 0.00010848|val_loss 0.00012798
Epoch 890|time: 0.08s|train_loss 0.00011007|val_loss 0.00012653
Epoch 891|time: 0.08s|train_loss 0.00010812|val_loss 0.00013144
Epoch 892|time: 0.08s|train_loss 0.00011475|val_loss 0.00014309
Epoch 893|time: 0.08s|train_loss 0.00012486|val_loss 0.00012905
Epoch 894|time: 0.08s|train_loss 0.00011310|val_loss 0.00013203
Epoch 895|time: 0.08s|train_loss 0.00011615|val_loss 0.00012818
Epoch 896|time: 0.08s|train_loss 0.00011525|val_loss 0.00012991
Epoch 897|time: 0.08s|train_loss 0.00010671|val_loss 0.00013329
Epoch 898|time: 0.08s|train_loss 0.00010924|val_loss 0.00013005
Epoch 899|time: 0.08s|train_loss 0.00011031|val_loss 0.00012720
Epoch 900|time: 0.08s|train_loss 0.00012686|val_loss 0.00013951
Epoch 901|time: 0.08s|train_loss 0.00012115|val_loss 0.00014408
Epoch 902|time: 0.08s|train_loss 0.00011264|val_loss 0.00013116
Epoch 903|time: 0.08s|train_loss 0.00011090|val_loss 0.00013146
Epoch 904|time: 0.07s|train_loss 0.00011685|val_loss 0.00013279
Epoch 905|time: 0.08s|train_loss 0.00012770|val_loss 0.00012811
Epoch 906|time: 0.08s|train_loss 0.00012238|val_loss 0.00013023
Epoch 907|time: 0.08s|train_loss 0.00012453|val_loss 0.00012906
Epoch 908|time: 0.08s|train_loss 0.00011958|val_loss 0.00014108
Epoch 909|time: 0.08s|train_loss 0.00011324|val_loss 0.00013245
Epoch 910|time: 0.08s|train_loss 0.00011023|val_loss 0.00012819
Epoch 911|time: 0.08s|train_loss 0.00012501|val_loss 0.00012608
Epoch 912|time: 0.08s|train_loss 0.00011908|val_loss 0.00013261
Epoch 913|time: 0.08s|train_loss 0.00012027|val_loss 0.00014484
Epoch 914|time: 0.08s|train_loss 0.00012819|val_loss 0.00012884
Epoch 915|time: 0.08s|train_loss 0.00012867|val_loss 0.00012829
Epoch 916|time: 0.08s|train_loss 0.00011325|val_loss 0.00013762
Epoch 917|time: 0.08s|train_loss 0.00011231|val_loss 0.00014336
Epoch 918|time: 0.08s|train_loss 0.00011493|val_loss 0.00014555
Epoch 919|time: 0.08s|train_loss 0.00012548|val_loss 0.00013426
Epoch 920|time: 0.08s|train_loss 0.00012017|val_loss 0.00012878
Epoch 921|time: 0.08s|train_loss 0.00011929|val_loss 0.00013867
Epoch 922|time: 0.08s|train_loss 0.00012179|val_loss 0.00013133
Epoch 923|time: 0.08s|train_loss 0.00010920|val_loss 0.00012781
Epoch 924|time: 0.08s|train_loss 0.00010389|val_loss 0.00012845
Epoch 925|time: 0.08s|train_loss 0.00010698|val_loss 0.00013149
Epoch 926|time: 0.08s|train_loss 0.00010861|val_loss 0.00013021
Epoch 927|time: 0.08s|train_loss 0.00011366|val_loss 0.00012715
Epoch 928|time: 0.08s|train_loss 0.00011319|val_loss 0.00012795
Epoch 929|time: 0.08s|train_loss 0.00011329|val_loss 0.00012549
Epoch 930|time: 0.08s|train_loss 0.00012309|val_loss 0.00012782
Epoch 931|time: 0.08s|train_loss 0.00011359|val_loss 0.00012829
Epoch 932|time: 0.08s|train_loss 0.00011039|val_loss 0.00012878
Epoch 933|time: 0.08s|train_loss 0.00011209|val_loss 0.00013075
Epoch 934|time: 0.08s|train_loss 0.00010586|val_loss 0.00013218
Epoch 935|time: 0.08s|train_loss 0.00010596|val_loss 0.00013043
Epoch 936|time: 0.08s|train_loss 0.00010969|val_loss 0.00013163
Epoch 937|time: 0.08s|train_loss 0.00011094|val_loss 0.00013392
Epoch 938|time: 0.08s|train_loss 0.00010704|val_loss 0.00012794
Epoch 939|time: 0.08s|train_loss 0.00010511|val_loss 0.00012716
Epoch 940|time: 0.08s|train_loss 0.00010691|val_loss 0.00013076
Epoch 941|time: 0.08s|train_loss 0.00010618|val_loss 0.00013376
Epoch 942|time: 0.08s|train_loss 0.00011162|val_loss 0.00012772
Epoch 943|time: 0.08s|train_loss 0.00011291|val_loss 0.00012920
Epoch 944|time: 0.08s|train_loss 0.00010884|val_loss 0.00013742
Epoch 945|time: 0.08s|train_loss 0.00011096|val_loss 0.00013704
Epoch 946|time: 0.08s|train_loss 0.00011115|val_loss 0.00012871
Epoch 947|time: 0.08s|train_loss 0.00010514|val_loss 0.00013262
Epoch 948|time: 0.08s|train_loss 0.00011114|val_loss 0.00012692
Epoch 949|time: 0.08s|train_loss 0.00010588|val_loss 0.00012797
Epoch 950|time: 0.08s|train_loss 0.00011030|val_loss 0.00012833
Epoch 951|time: 0.08s|train_loss 0.00010561|val_loss 0.00012687
Epoch 952|time: 0.08s|train_loss 0.00010978|val_loss 0.00012885
Epoch 953|time: 0.08s|train_loss 0.00010721|val_loss 0.00012707
Epoch 954|time: 0.08s|train_loss 0.00011107|val_loss 0.00012977
Epoch 955|time: 0.08s|train_loss 0.00011507|val_loss 0.00014270
Epoch 956|time: 0.08s|train_loss 0.00012630|val_loss 0.00016761
Epoch 957|time: 0.08s|train_loss 0.00013397|val_loss 0.00013544
Epoch 958|time: 0.08s|train_loss 0.00011603|val_loss 0.00013651
Epoch 959|time: 0.08s|train_loss 0.00011746|val_loss 0.00012805
Epoch 960|time: 0.08s|train_loss 0.00011955|val_loss 0.00012782
Epoch 961|time: 0.08s|train_loss 0.00010918|val_loss 0.00012973
Epoch 962|time: 0.08s|train_loss 0.00011829|val_loss 0.00012748
Epoch 963|time: 0.08s|train_loss 0.00010819|val_loss 0.00012813
Epoch 964|time: 0.08s|train_loss 0.00011436|val_loss 0.00013097
Epoch 965|time: 0.08s|train_loss 0.00011997|val_loss 0.00013422
Epoch 966|time: 0.08s|train_loss 0.00012258|val_loss 0.00014151
Epoch 967|time: 0.08s|train_loss 0.00011458|val_loss 0.00013195
Epoch 968|time: 0.08s|train_loss 0.00011177|val_loss 0.00013076
Epoch 969|time: 0.08s|train_loss 0.00011214|val_loss 0.00012526
Epoch 970|time: 0.08s|train_loss 0.00011244|val_loss 0.00013000
Epoch 971|time: 0.08s|train_loss 0.00011632|val_loss 0.00013623
Epoch 972|time: 0.08s|train_loss 0.00012100|val_loss 0.00012693
Epoch 973|time: 0.08s|train_loss 0.00010978|val_loss 0.00012914
Epoch 974|time: 0.08s|train_loss 0.00010806|val_loss 0.00012663
Epoch 975|time: 0.08s|train_loss 0.00010759|val_loss 0.00012995
Epoch 976|time: 0.08s|train_loss 0.00010917|val_loss 0.00013102
Epoch 977|time: 0.08s|train_loss 0.00010569|val_loss 0.00012666
Epoch 978|time: 0.08s|train_loss 0.00010874|val_loss 0.00013680
Epoch 979|time: 0.08s|train_loss 0.00010841|val_loss 0.00013384
Epoch 980|time: 0.08s|train_loss 0.00011124|val_loss 0.00013313
Epoch 981|time: 0.08s|train_loss 0.00012023|val_loss 0.00012782
Epoch 982|time: 0.08s|train_loss 0.00010987|val_loss 0.00014400
Epoch 983|time: 0.08s|train_loss 0.00012444|val_loss 0.00013035
Epoch 984|time: 0.08s|train_loss 0.00011552|val_loss 0.00015641
Epoch 985|time: 0.08s|train_loss 0.00012345|val_loss 0.00013903
Epoch 986|time: 0.08s|train_loss 0.00011384|val_loss 0.00014029
Epoch 987|time: 0.08s|train_loss 0.00011504|val_loss 0.00015112
Epoch 988|time: 0.08s|train_loss 0.00011773|val_loss 0.00013703
Epoch 989|time: 0.08s|train_loss 0.00011131|val_loss 0.00012896
Epoch 990|time: 0.08s|train_loss 0.00011474|val_loss 0.00013047
Epoch 991|time: 0.08s|train_loss 0.00011641|val_loss 0.00012713
Epoch 992|time: 0.08s|train_loss 0.00011201|val_loss 0.00013017
Epoch 993|time: 0.08s|train_loss 0.00010476|val_loss 0.00013081
Epoch 994|time: 0.08s|train_loss 0.00010990|val_loss 0.00013104
Epoch 995|time: 0.08s|train_loss 0.00011231|val_loss 0.00014726
Epoch 996|time: 0.08s|train_loss 0.00012074|val_loss 0.00014056
Epoch 997|time: 0.08s|train_loss 0.00011775|val_loss 0.00012934
Epoch 998|time: 0.08s|train_loss 0.00010652|val_loss 0.00012795
Epoch 999|time: 0.08s|train_loss 0.00010795|val_loss 0.00013033
Epoch 1000|time: 0.08s|train_loss 0.00011486|val_loss 0.00013275
Epoch 1001|time: 0.08s|train_loss 0.00010997|val_loss 0.00013467
Epoch 1002|time: 0.08s|train_loss 0.00011020|val_loss 0.00012806
Epoch 1003|time: 0.08s|train_loss 0.00010433|val_loss 0.00012923
Epoch 1004|time: 0.08s|train_loss 0.00010713|val_loss 0.00012817
Epoch 1005|time: 0.08s|train_loss 0.00011266|val_loss 0.00013540
Epoch 1006|time: 0.08s|train_loss 0.00011350|val_loss 0.00012943
Final evaluation
TEST MAE 0.1634 | std 0.0498 | RMSE 0.2532 | RMSEs 0.2415 | PCC 0.9635 | PCCs 0.9490 | R2 0.9280 | R2s 0.8935 | Var 0.9281 | Vars 0.8950 | Peak 0.0944
