--------Parameters--------
Namespace(batch=32, bi=False, check_point=1, cuda=False, dataset='us_hhs', dropout=0.2, epilambda=0.2, epochs=1500, gpu=3, hidsp=15, horizon=4, k=10, lamda=0.01, lr=0.005, model='cola_gnn', mylog=True, n_hidden=20, n_layer=1, patience=200, rnn_model='RNN', save_dir='save', seed=42, shuffle=False, sim_mat='us_hhs-adj', test=0.2, train=0.6, val=0.2, weight_decay=0.0005, window=20)
--------------------------
data shape (364, 10)
364 10
(364, 10)
size of train/val/test sets 195 73 73
#params: 2163
begin training
Epoch   1|time: 0.09s|train_loss 0.00110717|val_loss 0.00049282
Best validation epoch: 1 Sat May 13 01:01:25 2023
TEST MAE 0.8037 std 0.2356 RMSE 0.9991 RMSEs 0.9613 PCC 0.7711 PCCs 0.6932 R2 -0.1213 R2s -0.6668 Var 0.5811 Vars 0.4766 Peak 0.4322
Epoch   2|time: 0.07s|train_loss 0.00042185|val_loss 0.00031890
Best validation epoch: 2 Sat May 13 01:01:25 2023
TEST MAE 0.3804 std 0.1243 RMSE 0.5720 RMSEs 0.5453 PCC 0.8318 PCCs 0.7539 R2 0.6324 R2s 0.4760 Var 0.6611 Vars 0.5310 Peak 0.2468
Epoch   3|time: 0.07s|train_loss 0.00033377|val_loss 0.00039790
Epoch   4|time: 0.08s|train_loss 0.00034872|val_loss 0.00034312
Epoch   5|time: 0.08s|train_loss 0.00029158|val_loss 0.00030330
Best validation epoch: 5 Sat May 13 01:01:25 2023
TEST MAE 0.3461 std 0.0924 RMSE 0.4992 RMSEs 0.4805 PCC 0.8573 PCCs 0.7943 R2 0.7201 R2s 0.5827 Var 0.7204 Vars 0.6078 Peak 0.1968
Epoch   6|time: 0.08s|train_loss 0.00027208|val_loss 0.00026483
Best validation epoch: 6 Sat May 13 01:01:26 2023
TEST MAE 0.3068 std 0.0892 RMSE 0.4785 RMSEs 0.4589 PCC 0.8699 PCCs 0.8078 R2 0.7428 R2s 0.6207 Var 0.7482 Vars 0.6430 Peak 0.1940
Epoch   7|time: 0.07s|train_loss 0.00027459|val_loss 0.00030510
Epoch   8|time: 0.08s|train_loss 0.00031077|val_loss 0.00025949
Best validation epoch: 8 Sat May 13 01:01:26 2023
TEST MAE 0.2973 std 0.0802 RMSE 0.4584 RMSEs 0.4414 PCC 0.8784 PCCs 0.8193 R2 0.7639 R2s 0.6457 Var 0.7656 Vars 0.6624 Peak 0.1799
Epoch   9|time: 0.08s|train_loss 0.00029207|val_loss 0.00027773
Epoch  10|time: 0.08s|train_loss 0.00028377|val_loss 0.00025801
Best validation epoch: 10 Sat May 13 01:01:26 2023
TEST MAE 0.2991 std 0.0741 RMSE 0.4476 RMSEs 0.4326 PCC 0.8830 PCCs 0.8275 R2 0.7749 R2s 0.6563 Var 0.7749 Vars 0.6741 Peak 0.1707
Epoch  11|time: 0.07s|train_loss 0.00025531|val_loss 0.00026477
Epoch  12|time: 0.08s|train_loss 0.00027615|val_loss 0.00025423
Best validation epoch: 12 Sat May 13 01:01:26 2023
TEST MAE 0.2836 std 0.0876 RMSE 0.4621 RMSEs 0.4436 PCC 0.8857 PCCs 0.8294 R2 0.7601 R2s 0.6460 Var 0.7738 Vars 0.6732 Peak 0.1841
Epoch  13|time: 0.08s|train_loss 0.00025374|val_loss 0.00026898
Epoch  14|time: 0.08s|train_loss 0.00027097|val_loss 0.00025168
Best validation epoch: 14 Sat May 13 01:01:26 2023
TEST MAE 0.2860 std 0.0913 RMSE 0.4587 RMSEs 0.4398 PCC 0.8862 PCCs 0.8302 R2 0.7637 R2s 0.6528 Var 0.7818 Vars 0.6832 Peak 0.1836
Epoch  15|time: 0.08s|train_loss 0.00028345|val_loss 0.00024772
Best validation epoch: 15 Sat May 13 01:01:26 2023
TEST MAE 0.2800 std 0.0852 RMSE 0.4463 RMSEs 0.4289 PCC 0.8885 PCCs 0.8341 R2 0.7762 R2s 0.6676 Var 0.7876 Vars 0.6891 Peak 0.1760
Epoch  16|time: 0.07s|train_loss 0.00028337|val_loss 0.00025181
Epoch  17|time: 0.08s|train_loss 0.00024562|val_loss 0.00027951
Epoch  18|time: 0.08s|train_loss 0.00030137|val_loss 0.00025817
Epoch  19|time: 0.08s|train_loss 0.00024917|val_loss 0.00024418
Best validation epoch: 19 Sat May 13 01:01:27 2023
TEST MAE 0.2856 std 0.0791 RMSE 0.4244 RMSEs 0.4102 PCC 0.8932 PCCs 0.8448 R2 0.7977 R2s 0.6910 Var 0.7977 Vars 0.7021 Peak 0.1616
Epoch  20|time: 0.08s|train_loss 0.00023522|val_loss 0.00025185
Epoch  21|time: 0.08s|train_loss 0.00027065|val_loss 0.00024223
Best validation epoch: 21 Sat May 13 01:01:27 2023
TEST MAE 0.2770 std 0.0836 RMSE 0.4323 RMSEs 0.4160 PCC 0.8938 PCCs 0.8433 R2 0.7901 R2s 0.6866 Var 0.7983 Vars 0.7023 Peak 0.1674
Epoch  22|time: 0.07s|train_loss 0.00026253|val_loss 0.00025229
Epoch  23|time: 0.08s|train_loss 0.00025440|val_loss 0.00025124
Epoch  24|time: 0.08s|train_loss 0.00023052|val_loss 0.00026196
Epoch  25|time: 0.08s|train_loss 0.00023853|val_loss 0.00025431
Epoch  26|time: 0.08s|train_loss 0.00025532|val_loss 0.00024647
Epoch  27|time: 0.08s|train_loss 0.00022740|val_loss 0.00023952
Best validation epoch: 27 Sat May 13 01:01:27 2023
TEST MAE 0.2752 std 0.0828 RMSE 0.4253 RMSEs 0.4096 PCC 0.8968 PCCs 0.8500 R2 0.7968 R2s 0.6951 Var 0.8042 Vars 0.7087 Peak 0.1638
Epoch  28|time: 0.08s|train_loss 0.00023645|val_loss 0.00025203
Epoch  29|time: 0.08s|train_loss 0.00023594|val_loss 0.00025641
Epoch  30|time: 0.08s|train_loss 0.00023683|val_loss 0.00023853
Best validation epoch: 30 Sat May 13 01:01:28 2023
TEST MAE 0.2695 std 0.0827 RMSE 0.4104 RMSEs 0.3942 PCC 0.9007 PCCs 0.8596 R2 0.8108 R2s 0.7171 Var 0.8111 Vars 0.7257 Peak 0.1568
Epoch  31|time: 0.08s|train_loss 0.00024657|val_loss 0.00028483
Epoch  32|time: 0.08s|train_loss 0.00028895|val_loss 0.00028868
Epoch  33|time: 0.08s|train_loss 0.00030618|val_loss 0.00025903
Epoch  34|time: 0.08s|train_loss 0.00026245|val_loss 0.00026336
Epoch  35|time: 0.08s|train_loss 0.00025713|val_loss 0.00026527
Epoch  36|time: 0.08s|train_loss 0.00024185|val_loss 0.00024506
Epoch  37|time: 0.08s|train_loss 0.00022570|val_loss 0.00027707
Epoch  38|time: 0.08s|train_loss 0.00025069|val_loss 0.00023823
Best validation epoch: 38 Sat May 13 01:01:28 2023
TEST MAE 0.2874 std 0.0802 RMSE 0.4281 RMSEs 0.4140 PCC 0.8931 PCCs 0.8478 R2 0.7941 R2s 0.6849 Var 0.7961 Vars 0.6944 Peak 0.1622
Epoch  39|time: 0.08s|train_loss 0.00022722|val_loss 0.00025025
Epoch  40|time: 0.08s|train_loss 0.00022999|val_loss 0.00024470
Epoch  41|time: 0.07s|train_loss 0.00023132|val_loss 0.00026955
Epoch  42|time: 0.08s|train_loss 0.00024123|val_loss 0.00027262
Epoch  43|time: 0.08s|train_loss 0.00023748|val_loss 0.00029243
Epoch  44|time: 0.08s|train_loss 0.00025585|val_loss 0.00029069
Epoch  45|time: 0.08s|train_loss 0.00025467|val_loss 0.00024968
Epoch  46|time: 0.08s|train_loss 0.00023621|val_loss 0.00026194
Epoch  47|time: 0.08s|train_loss 0.00022489|val_loss 0.00025209
Epoch  48|time: 0.08s|train_loss 0.00031961|val_loss 0.00024923
Epoch  49|time: 0.08s|train_loss 0.00023421|val_loss 0.00026513
Epoch  50|time: 0.08s|train_loss 0.00027374|val_loss 0.00025271
Epoch  51|time: 0.08s|train_loss 0.00022891|val_loss 0.00024783
Epoch  52|time: 0.08s|train_loss 0.00024725|val_loss 0.00025567
Epoch  53|time: 0.08s|train_loss 0.00023747|val_loss 0.00025455
Epoch  54|time: 0.08s|train_loss 0.00024644|val_loss 0.00025725
Epoch  55|time: 0.08s|train_loss 0.00027533|val_loss 0.00024832
Epoch  56|time: 0.08s|train_loss 0.00034398|val_loss 0.00024116
Epoch  57|time: 0.08s|train_loss 0.00024179|val_loss 0.00025723
Epoch  58|time: 0.08s|train_loss 0.00024090|val_loss 0.00025216
Epoch  59|time: 0.08s|train_loss 0.00022859|val_loss 0.00024819
Epoch  60|time: 0.08s|train_loss 0.00022169|val_loss 0.00027121
Epoch  61|time: 0.08s|train_loss 0.00022068|val_loss 0.00024453
Epoch  62|time: 0.08s|train_loss 0.00022707|val_loss 0.00023905
Epoch  63|time: 0.11s|train_loss 0.00023555|val_loss 0.00023519
Best validation epoch: 63 Sat May 13 01:01:30 2023
TEST MAE 0.2688 std 0.0837 RMSE 0.4110 RMSEs 0.3955 PCC 0.9011 PCCs 0.8615 R2 0.8103 R2s 0.7131 Var 0.8106 Vars 0.7208 Peak 0.1567
Epoch  64|time: 0.08s|train_loss 0.00021647|val_loss 0.00026191
Epoch  65|time: 0.08s|train_loss 0.00021916|val_loss 0.00026598
Epoch  66|time: 0.08s|train_loss 0.00022019|val_loss 0.00028121
Epoch  67|time: 0.08s|train_loss 0.00022454|val_loss 0.00025957
Epoch  68|time: 0.08s|train_loss 0.00025475|val_loss 0.00024228
Epoch  69|time: 0.08s|train_loss 0.00022323|val_loss 0.00025383
Epoch  70|time: 0.08s|train_loss 0.00024613|val_loss 0.00023337
Best validation epoch: 70 Sat May 13 01:01:31 2023
TEST MAE 0.2831 std 0.0826 RMSE 0.4240 RMSEs 0.4095 PCC 0.8951 PCCs 0.8522 R2 0.7980 R2s 0.6894 Var 0.7980 Vars 0.6978 Peak 0.1618
Epoch  71|time: 0.08s|train_loss 0.00020918|val_loss 0.00025081
Epoch  72|time: 0.08s|train_loss 0.00021478|val_loss 0.00025896
Epoch  73|time: 0.08s|train_loss 0.00023621|val_loss 0.00024432
Epoch  74|time: 0.08s|train_loss 0.00022100|val_loss 0.00025181
Epoch  75|time: 0.08s|train_loss 0.00021120|val_loss 0.00024474
Epoch  76|time: 0.08s|train_loss 0.00023183|val_loss 0.00024739
Epoch  77|time: 0.08s|train_loss 0.00024429|val_loss 0.00023206
Best validation epoch: 77 Sat May 13 01:01:31 2023
TEST MAE 0.2732 std 0.0877 RMSE 0.4148 RMSEs 0.3972 PCC 0.9031 PCCs 0.8704 R2 0.8067 R2s 0.7082 Var 0.8077 Vars 0.7205 Peak 0.1555
Epoch  78|time: 0.08s|train_loss 0.00024056|val_loss 0.00023463
Epoch  79|time: 0.08s|train_loss 0.00022535|val_loss 0.00024731
Epoch  80|time: 0.08s|train_loss 0.00021841|val_loss 0.00023811
Epoch  81|time: 0.08s|train_loss 0.00023668|val_loss 0.00025656
Epoch  82|time: 0.08s|train_loss 0.00021862|val_loss 0.00024440
Epoch  83|time: 0.08s|train_loss 0.00021695|val_loss 0.00023545
Epoch  84|time: 0.08s|train_loss 0.00021251|val_loss 0.00025242
Epoch  85|time: 0.08s|train_loss 0.00022203|val_loss 0.00024227
Epoch  86|time: 0.08s|train_loss 0.00021459|val_loss 0.00023373
Epoch  87|time: 0.08s|train_loss 0.00024565|val_loss 0.00025784
Epoch  88|time: 0.08s|train_loss 0.00023307|val_loss 0.00026403
Epoch  89|time: 0.08s|train_loss 0.00024392|val_loss 0.00025571
Epoch  90|time: 0.08s|train_loss 0.00022019|val_loss 0.00024928
Epoch  91|time: 0.08s|train_loss 0.00023907|val_loss 0.00025103
Epoch  92|time: 0.08s|train_loss 0.00022248|val_loss 0.00024663
Epoch  93|time: 0.08s|train_loss 0.00023348|val_loss 0.00024486
Epoch  94|time: 0.08s|train_loss 0.00021160|val_loss 0.00026480
Epoch  95|time: 0.08s|train_loss 0.00023123|val_loss 0.00026488
Epoch  96|time: 0.08s|train_loss 0.00031606|val_loss 0.00029194
Epoch  97|time: 0.08s|train_loss 0.00022899|val_loss 0.00024515
Epoch  98|time: 0.08s|train_loss 0.00021210|val_loss 0.00026860
Epoch  99|time: 0.08s|train_loss 0.00024590|val_loss 0.00033632
Epoch 100|time: 0.08s|train_loss 0.00033849|val_loss 0.00029622
Epoch 101|time: 0.08s|train_loss 0.00027105|val_loss 0.00028976
Epoch 102|time: 0.08s|train_loss 0.00026127|val_loss 0.00036317
Epoch 103|time: 0.08s|train_loss 0.00030798|val_loss 0.00028377
Epoch 104|time: 0.08s|train_loss 0.00023004|val_loss 0.00025745
Epoch 105|time: 0.08s|train_loss 0.00022578|val_loss 0.00023440
Epoch 106|time: 0.08s|train_loss 0.00020438|val_loss 0.00023142
Best validation epoch: 106 Sat May 13 01:01:34 2023
TEST MAE 0.2735 std 0.0867 RMSE 0.4215 RMSEs 0.4046 PCC 0.8975 PCCs 0.8580 R2 0.8004 R2s 0.7017 Var 0.8042 Vars 0.7116 Peak 0.1609
Epoch 107|time: 0.07s|train_loss 0.00021133|val_loss 0.00024290
Epoch 108|time: 0.08s|train_loss 0.00022846|val_loss 0.00023498
Epoch 109|time: 0.08s|train_loss 0.00021334|val_loss 0.00023744
Epoch 110|time: 0.08s|train_loss 0.00024146|val_loss 0.00023948
Epoch 111|time: 0.08s|train_loss 0.00026286|val_loss 0.00024368
Epoch 112|time: 0.08s|train_loss 0.00023699|val_loss 0.00024736
Epoch 113|time: 0.08s|train_loss 0.00021303|val_loss 0.00024085
Epoch 114|time: 0.08s|train_loss 0.00022480|val_loss 0.00024161
Epoch 115|time: 0.08s|train_loss 0.00021315|val_loss 0.00023072
Best validation epoch: 115 Sat May 13 01:01:34 2023
TEST MAE 0.2772 std 0.0894 RMSE 0.4207 RMSEs 0.4027 PCC 0.9001 PCCs 0.8685 R2 0.8012 R2s 0.7013 Var 0.8014 Vars 0.7097 Peak 0.1564
Epoch 116|time: 0.08s|train_loss 0.00021620|val_loss 0.00024460
Epoch 117|time: 0.08s|train_loss 0.00021203|val_loss 0.00026471
Epoch 118|time: 0.08s|train_loss 0.00025894|val_loss 0.00022579
Best validation epoch: 118 Sat May 13 01:01:34 2023
TEST MAE 0.2844 std 0.0863 RMSE 0.4287 RMSEs 0.4116 PCC 0.8979 PCCs 0.8646 R2 0.7936 R2s 0.6846 Var 0.7936 Vars 0.6932 Peak 0.1587
Epoch 119|time: 0.08s|train_loss 0.00021859|val_loss 0.00023066
Epoch 120|time: 0.08s|train_loss 0.00020930|val_loss 0.00023934
Epoch 121|time: 0.08s|train_loss 0.00022766|val_loss 0.00027379
Epoch 122|time: 0.08s|train_loss 0.00026322|val_loss 0.00023051
Epoch 123|time: 0.08s|train_loss 0.00022050|val_loss 0.00023080
Epoch 124|time: 0.08s|train_loss 0.00020840|val_loss 0.00023683
Epoch 125|time: 0.08s|train_loss 0.00021743|val_loss 0.00023219
Epoch 126|time: 0.08s|train_loss 0.00021436|val_loss 0.00023179
Epoch 127|time: 0.08s|train_loss 0.00022115|val_loss 0.00024401
Epoch 128|time: 0.08s|train_loss 0.00020455|val_loss 0.00023808
Epoch 129|time: 0.08s|train_loss 0.00021720|val_loss 0.00023402
Epoch 130|time: 0.08s|train_loss 0.00021008|val_loss 0.00024233
Epoch 131|time: 0.08s|train_loss 0.00024114|val_loss 0.00023200
Epoch 132|time: 0.08s|train_loss 0.00024021|val_loss 0.00025146
Epoch 133|time: 0.08s|train_loss 0.00021321|val_loss 0.00024884
Epoch 134|time: 0.08s|train_loss 0.00021914|val_loss 0.00026600
Epoch 135|time: 0.08s|train_loss 0.00022569|val_loss 0.00026326
Epoch 136|time: 0.08s|train_loss 0.00022120|val_loss 0.00024704
Epoch 137|time: 0.08s|train_loss 0.00021958|val_loss 0.00029840
Epoch 138|time: 0.08s|train_loss 0.00025407|val_loss 0.00023676
Epoch 139|time: 0.08s|train_loss 0.00022151|val_loss 0.00023348
Epoch 140|time: 0.08s|train_loss 0.00021130|val_loss 0.00024830
Epoch 141|time: 0.08s|train_loss 0.00021983|val_loss 0.00024283
Epoch 142|time: 0.08s|train_loss 0.00021873|val_loss 0.00023504
Epoch 143|time: 0.08s|train_loss 0.00025327|val_loss 0.00026720
Epoch 144|time: 0.08s|train_loss 0.00021250|val_loss 0.00023058
Epoch 145|time: 0.08s|train_loss 0.00021069|val_loss 0.00022629
Epoch 146|time: 0.08s|train_loss 0.00023775|val_loss 0.00022639
Epoch 147|time: 0.08s|train_loss 0.00024012|val_loss 0.00023418
Epoch 148|time: 0.07s|train_loss 0.00019366|val_loss 0.00023934
Epoch 149|time: 0.08s|train_loss 0.00020256|val_loss 0.00023486
Epoch 150|time: 0.08s|train_loss 0.00019516|val_loss 0.00022887
Epoch 151|time: 0.08s|train_loss 0.00019164|val_loss 0.00022951
Epoch 152|time: 0.08s|train_loss 0.00021064|val_loss 0.00023012
Epoch 153|time: 0.08s|train_loss 0.00023305|val_loss 0.00022010
Best validation epoch: 153 Sat May 13 01:01:37 2023
TEST MAE 0.2868 std 0.0862 RMSE 0.4422 RMSEs 0.4255 PCC 0.8881 PCCs 0.8464 R2 0.7804 R2s 0.6614 Var 0.7804 Vars 0.6700 Peak 0.1635
Epoch 154|time: 0.08s|train_loss 0.00020810|val_loss 0.00023279
Epoch 155|time: 0.08s|train_loss 0.00024530|val_loss 0.00024357
Epoch 156|time: 0.08s|train_loss 0.00024704|val_loss 0.00024100
Epoch 157|time: 0.08s|train_loss 0.00023213|val_loss 0.00026630
Epoch 158|time: 0.08s|train_loss 0.00026761|val_loss 0.00023103
Epoch 159|time: 0.08s|train_loss 0.00023427|val_loss 0.00025718
Epoch 160|time: 0.08s|train_loss 0.00023205|val_loss 0.00022923
Epoch 161|time: 0.08s|train_loss 0.00021919|val_loss 0.00023029
Epoch 162|time: 0.08s|train_loss 0.00023550|val_loss 0.00026413
Epoch 163|time: 0.08s|train_loss 0.00026631|val_loss 0.00022777
Epoch 164|time: 0.08s|train_loss 0.00022125|val_loss 0.00029213
Epoch 165|time: 0.08s|train_loss 0.00021499|val_loss 0.00026486
Epoch 166|time: 0.08s|train_loss 0.00027357|val_loss 0.00023085
Epoch 167|time: 0.08s|train_loss 0.00021905|val_loss 0.00022168
Epoch 168|time: 0.08s|train_loss 0.00020849|val_loss 0.00024011
Epoch 169|time: 0.08s|train_loss 0.00021859|val_loss 0.00023978
Epoch 170|time: 0.08s|train_loss 0.00020083|val_loss 0.00022575
Epoch 171|time: 0.08s|train_loss 0.00020609|val_loss 0.00022846
Epoch 172|time: 0.08s|train_loss 0.00022181|val_loss 0.00025210
Epoch 173|time: 0.08s|train_loss 0.00027700|val_loss 0.00022478
Epoch 174|time: 0.08s|train_loss 0.00023473|val_loss 0.00023998
Epoch 175|time: 0.08s|train_loss 0.00022830|val_loss 0.00024882
Epoch 176|time: 0.08s|train_loss 0.00023395|val_loss 0.00027124
Epoch 177|time: 0.08s|train_loss 0.00022730|val_loss 0.00028587
Epoch 178|time: 0.08s|train_loss 0.00027168|val_loss 0.00029842
Epoch 179|time: 0.08s|train_loss 0.00027494|val_loss 0.00027732
Epoch 180|time: 0.08s|train_loss 0.00023374|val_loss 0.00023602
Epoch 181|time: 0.08s|train_loss 0.00021651|val_loss 0.00024428
Epoch 182|time: 0.08s|train_loss 0.00021483|val_loss 0.00025168
Epoch 183|time: 0.08s|train_loss 0.00021029|val_loss 0.00023033
Epoch 184|time: 0.08s|train_loss 0.00020239|val_loss 0.00021386
Best validation epoch: 184 Sat May 13 01:01:40 2023
TEST MAE 0.3226 std 0.1093 RMSE 0.5102 RMSEs 0.4848 PCC 0.8850 PCCs 0.8608 R2 0.7075 R2s 0.5351 Var 0.7213 Vars 0.5826 Peak 0.1877
Epoch 185|time: 0.07s|train_loss 0.00019761|val_loss 0.00023555
Epoch 186|time: 0.07s|train_loss 0.00022199|val_loss 0.00021898
Epoch 187|time: 0.08s|train_loss 0.00020420|val_loss 0.00023677
Epoch 188|time: 0.08s|train_loss 0.00020919|val_loss 0.00022988
Epoch 189|time: 0.08s|train_loss 0.00020103|val_loss 0.00023957
Epoch 190|time: 0.08s|train_loss 0.00025125|val_loss 0.00022763
Epoch 191|time: 0.08s|train_loss 0.00020585|val_loss 0.00022596
Epoch 192|time: 0.08s|train_loss 0.00019351|val_loss 0.00023376
Epoch 193|time: 0.08s|train_loss 0.00022482|val_loss 0.00023109
Epoch 194|time: 0.08s|train_loss 0.00021006|val_loss 0.00023912
Epoch 195|time: 0.08s|train_loss 0.00021831|val_loss 0.00023454
Epoch 196|time: 0.08s|train_loss 0.00022289|val_loss 0.00022483
Epoch 197|time: 0.08s|train_loss 0.00023235|val_loss 0.00023199
Epoch 198|time: 0.08s|train_loss 0.00026702|val_loss 0.00028079
Epoch 199|time: 0.08s|train_loss 0.00026505|val_loss 0.00028222
Epoch 200|time: 0.08s|train_loss 0.00026792|val_loss 0.00022140
Epoch 201|time: 0.08s|train_loss 0.00024254|val_loss 0.00028307
Epoch 202|time: 0.08s|train_loss 0.00023106|val_loss 0.00021556
Epoch 203|time: 0.08s|train_loss 0.00021213|val_loss 0.00022401
Epoch 204|time: 0.08s|train_loss 0.00024932|val_loss 0.00024623
Epoch 205|time: 0.08s|train_loss 0.00022025|val_loss 0.00024853
Epoch 206|time: 0.08s|train_loss 0.00020822|val_loss 0.00023323
Epoch 207|time: 0.08s|train_loss 0.00022526|val_loss 0.00022199
Epoch 208|time: 0.08s|train_loss 0.00020470|val_loss 0.00022100
Epoch 209|time: 0.08s|train_loss 0.00019627|val_loss 0.00021723
Epoch 210|time: 0.08s|train_loss 0.00023270|val_loss 0.00023721
Epoch 211|time: 0.08s|train_loss 0.00019599|val_loss 0.00021626
Epoch 212|time: 0.08s|train_loss 0.00018865|val_loss 0.00022852
Epoch 213|time: 0.08s|train_loss 0.00020327|val_loss 0.00022480
Epoch 214|time: 0.08s|train_loss 0.00019673|val_loss 0.00022911
Epoch 215|time: 0.08s|train_loss 0.00024002|val_loss 0.00022112
Epoch 216|time: 0.08s|train_loss 0.00021225|val_loss 0.00023214
Epoch 217|time: 0.08s|train_loss 0.00018621|val_loss 0.00022722
Epoch 218|time: 0.08s|train_loss 0.00018827|val_loss 0.00022057
Epoch 219|time: 0.08s|train_loss 0.00018647|val_loss 0.00021843
Epoch 220|time: 0.08s|train_loss 0.00020749|val_loss 0.00024614
Epoch 221|time: 0.08s|train_loss 0.00021745|val_loss 0.00021820
Epoch 222|time: 0.08s|train_loss 0.00027373|val_loss 0.00027464
Epoch 223|time: 0.08s|train_loss 0.00022717|val_loss 0.00026544
Epoch 224|time: 0.08s|train_loss 0.00020371|val_loss 0.00024898
Epoch 225|time: 0.08s|train_loss 0.00023331|val_loss 0.00021966
Epoch 226|time: 0.08s|train_loss 0.00018687|val_loss 0.00022505
Epoch 227|time: 0.08s|train_loss 0.00022960|val_loss 0.00022194
Epoch 228|time: 0.08s|train_loss 0.00023795|val_loss 0.00021917
Epoch 229|time: 0.08s|train_loss 0.00022024|val_loss 0.00024859
Epoch 230|time: 0.08s|train_loss 0.00021965|val_loss 0.00026836
Epoch 231|time: 0.08s|train_loss 0.00024585|val_loss 0.00025782
Epoch 232|time: 0.08s|train_loss 0.00022145|val_loss 0.00020805
Best validation epoch: 232 Sat May 13 01:01:43 2023
TEST MAE 0.3100 std 0.1033 RMSE 0.5200 RMSEs 0.4930 PCC 0.8795 PCCs 0.8518 R2 0.6963 R2s 0.5227 Var 0.7088 Vars 0.5644 Peak 0.1880
Epoch 233|time: 0.07s|train_loss 0.00021405|val_loss 0.00025769
Epoch 234|time: 0.08s|train_loss 0.00020144|val_loss 0.00022171
Epoch 235|time: 0.08s|train_loss 0.00018970|val_loss 0.00021828
Epoch 236|time: 0.08s|train_loss 0.00019571|val_loss 0.00021296
Epoch 237|time: 0.08s|train_loss 0.00018568|val_loss 0.00022219
Epoch 238|time: 0.08s|train_loss 0.00022652|val_loss 0.00021988
Epoch 239|time: 0.08s|train_loss 0.00019588|val_loss 0.00024286
Epoch 240|time: 0.08s|train_loss 0.00022464|val_loss 0.00022409
Epoch 241|time: 0.08s|train_loss 0.00020756|val_loss 0.00022595
Epoch 242|time: 0.08s|train_loss 0.00020300|val_loss 0.00021400
Epoch 243|time: 0.08s|train_loss 0.00021288|val_loss 0.00022162
Epoch 244|time: 0.08s|train_loss 0.00019819|val_loss 0.00023300
Epoch 245|time: 0.08s|train_loss 0.00019779|val_loss 0.00023177
Epoch 246|time: 0.08s|train_loss 0.00018682|val_loss 0.00021834
Epoch 247|time: 0.08s|train_loss 0.00020061|val_loss 0.00022434
Epoch 248|time: 0.08s|train_loss 0.00019697|val_loss 0.00021691
Epoch 249|time: 0.08s|train_loss 0.00022761|val_loss 0.00022530
Epoch 250|time: 0.08s|train_loss 0.00020018|val_loss 0.00023263
Epoch 251|time: 0.08s|train_loss 0.00019518|val_loss 0.00025291
Epoch 252|time: 0.07s|train_loss 0.00020670|val_loss 0.00023002
Epoch 253|time: 0.08s|train_loss 0.00023550|val_loss 0.00024144
Epoch 254|time: 0.08s|train_loss 0.00019959|val_loss 0.00022990
Epoch 255|time: 0.08s|train_loss 0.00021147|val_loss 0.00021732
Epoch 256|time: 0.08s|train_loss 0.00020155|val_loss 0.00022315
Epoch 257|time: 0.08s|train_loss 0.00019674|val_loss 0.00022447
Epoch 258|time: 0.08s|train_loss 0.00021110|val_loss 0.00022334
Epoch 259|time: 0.08s|train_loss 0.00018609|val_loss 0.00022659
Epoch 260|time: 0.08s|train_loss 0.00018456|val_loss 0.00022423
Epoch 261|time: 0.08s|train_loss 0.00022080|val_loss 0.00022219
Epoch 262|time: 0.08s|train_loss 0.00021659|val_loss 0.00021027
Epoch 263|time: 0.08s|train_loss 0.00019631|val_loss 0.00021242
Epoch 264|time: 0.08s|train_loss 0.00019573|val_loss 0.00021200
Epoch 265|time: 0.08s|train_loss 0.00020653|val_loss 0.00021093
Epoch 266|time: 0.08s|train_loss 0.00022268|val_loss 0.00022091
Epoch 267|time: 0.08s|train_loss 0.00019583|val_loss 0.00021626
Epoch 268|time: 0.08s|train_loss 0.00019249|val_loss 0.00021888
Epoch 269|time: 0.08s|train_loss 0.00019188|val_loss 0.00021540
Epoch 270|time: 0.08s|train_loss 0.00018378|val_loss 0.00021076
Epoch 271|time: 0.08s|train_loss 0.00021458|val_loss 0.00021385
Epoch 272|time: 0.09s|train_loss 0.00019056|val_loss 0.00022565
Epoch 273|time: 0.08s|train_loss 0.00019971|val_loss 0.00020957
Epoch 274|time: 0.08s|train_loss 0.00018628|val_loss 0.00021535
Epoch 275|time: 0.08s|train_loss 0.00019654|val_loss 0.00021708
Epoch 276|time: 0.08s|train_loss 0.00017784|val_loss 0.00022376
Epoch 277|time: 0.08s|train_loss 0.00018402|val_loss 0.00021161
Epoch 278|time: 0.08s|train_loss 0.00017727|val_loss 0.00021345
Epoch 279|time: 0.08s|train_loss 0.00019910|val_loss 0.00020962
Epoch 280|time: 0.08s|train_loss 0.00018782|val_loss 0.00020964
Epoch 281|time: 0.08s|train_loss 0.00018780|val_loss 0.00021414
Epoch 282|time: 0.08s|train_loss 0.00019695|val_loss 0.00021916
Epoch 283|time: 0.08s|train_loss 0.00018196|val_loss 0.00022457
Epoch 284|time: 0.08s|train_loss 0.00019010|val_loss 0.00025083
Epoch 285|time: 0.08s|train_loss 0.00021491|val_loss 0.00022132
Epoch 286|time: 0.08s|train_loss 0.00019140|val_loss 0.00021872
Epoch 287|time: 0.08s|train_loss 0.00018730|val_loss 0.00022146
Epoch 288|time: 0.08s|train_loss 0.00018598|val_loss 0.00025957
Epoch 289|time: 0.08s|train_loss 0.00020197|val_loss 0.00025053
Epoch 290|time: 0.08s|train_loss 0.00020608|val_loss 0.00024865
Epoch 291|time: 0.08s|train_loss 0.00019110|val_loss 0.00021858
Epoch 292|time: 0.08s|train_loss 0.00019212|val_loss 0.00021776
Epoch 293|time: 0.08s|train_loss 0.00019195|val_loss 0.00024310
Epoch 294|time: 0.08s|train_loss 0.00020769|val_loss 0.00022190
Epoch 295|time: 0.08s|train_loss 0.00019927|val_loss 0.00022305
Epoch 296|time: 0.07s|train_loss 0.00022352|val_loss 0.00022284
Epoch 297|time: 0.08s|train_loss 0.00020306|val_loss 0.00022216
Epoch 298|time: 0.08s|train_loss 0.00018192|val_loss 0.00021680
Epoch 299|time: 0.08s|train_loss 0.00018454|val_loss 0.00022652
Epoch 300|time: 0.08s|train_loss 0.00018553|val_loss 0.00023851
Epoch 301|time: 0.07s|train_loss 0.00018298|val_loss 0.00021929
Epoch 302|time: 0.07s|train_loss 0.00019034|val_loss 0.00021319
Epoch 303|time: 0.08s|train_loss 0.00018379|val_loss 0.00022908
Epoch 304|time: 0.08s|train_loss 0.00017870|val_loss 0.00023366
Epoch 305|time: 0.08s|train_loss 0.00019372|val_loss 0.00022248
Epoch 306|time: 0.08s|train_loss 0.00019535|val_loss 0.00021215
Epoch 307|time: 0.08s|train_loss 0.00018547|val_loss 0.00021630
Epoch 308|time: 0.08s|train_loss 0.00018844|val_loss 0.00021616
Epoch 309|time: 0.08s|train_loss 0.00019539|val_loss 0.00021499
Epoch 310|time: 0.08s|train_loss 0.00020119|val_loss 0.00022921
Epoch 311|time: 0.08s|train_loss 0.00020627|val_loss 0.00021807
Epoch 312|time: 0.08s|train_loss 0.00021153|val_loss 0.00022182
Epoch 313|time: 0.08s|train_loss 0.00018393|val_loss 0.00021237
Epoch 314|time: 0.08s|train_loss 0.00020646|val_loss 0.00021367
Epoch 315|time: 0.08s|train_loss 0.00019268|val_loss 0.00021099
Epoch 316|time: 0.08s|train_loss 0.00021222|val_loss 0.00023533
Epoch 317|time: 0.08s|train_loss 0.00019651|val_loss 0.00023152
Epoch 318|time: 0.08s|train_loss 0.00018826|val_loss 0.00021572
Epoch 319|time: 0.08s|train_loss 0.00017454|val_loss 0.00021179
Epoch 320|time: 0.08s|train_loss 0.00018735|val_loss 0.00020942
Epoch 321|time: 0.08s|train_loss 0.00022537|val_loss 0.00022089
Epoch 322|time: 0.08s|train_loss 0.00020318|val_loss 0.00021970
Epoch 323|time: 0.08s|train_loss 0.00022463|val_loss 0.00022646
Epoch 324|time: 0.08s|train_loss 0.00021355|val_loss 0.00024658
Epoch 325|time: 0.08s|train_loss 0.00021783|val_loss 0.00027276
Epoch 326|time: 0.08s|train_loss 0.00021470|val_loss 0.00024820
Epoch 327|time: 0.08s|train_loss 0.00021668|val_loss 0.00022726
Epoch 328|time: 0.08s|train_loss 0.00021209|val_loss 0.00022153
Epoch 329|time: 0.08s|train_loss 0.00019462|val_loss 0.00021854
Epoch 330|time: 0.08s|train_loss 0.00019431|val_loss 0.00022429
Epoch 331|time: 0.08s|train_loss 0.00018857|val_loss 0.00022691
Epoch 332|time: 0.08s|train_loss 0.00019090|val_loss 0.00021320
Epoch 333|time: 0.08s|train_loss 0.00021792|val_loss 0.00020836
Epoch 334|time: 0.08s|train_loss 0.00021023|val_loss 0.00021709
Epoch 335|time: 0.08s|train_loss 0.00023419|val_loss 0.00021799
Epoch 336|time: 0.08s|train_loss 0.00019665|val_loss 0.00021468
Epoch 337|time: 0.08s|train_loss 0.00020224|val_loss 0.00020986
Epoch 338|time: 0.08s|train_loss 0.00017784|val_loss 0.00021450
Epoch 339|time: 0.08s|train_loss 0.00018090|val_loss 0.00021635
Epoch 340|time: 0.08s|train_loss 0.00019704|val_loss 0.00020888
Epoch 341|time: 0.08s|train_loss 0.00017468|val_loss 0.00022183
Epoch 342|time: 0.08s|train_loss 0.00017700|val_loss 0.00021686
Epoch 343|time: 0.08s|train_loss 0.00019420|val_loss 0.00022558
Epoch 344|time: 0.08s|train_loss 0.00019737|val_loss 0.00023036
Epoch 345|time: 0.08s|train_loss 0.00018341|val_loss 0.00024898
Epoch 346|time: 0.08s|train_loss 0.00018616|val_loss 0.00022782
Epoch 347|time: 0.08s|train_loss 0.00018395|val_loss 0.00021653
Epoch 348|time: 0.08s|train_loss 0.00018712|val_loss 0.00021609
Epoch 349|time: 0.08s|train_loss 0.00018513|val_loss 0.00022255
Epoch 350|time: 0.08s|train_loss 0.00018083|val_loss 0.00021551
Epoch 351|time: 0.08s|train_loss 0.00018517|val_loss 0.00021289
Epoch 352|time: 0.08s|train_loss 0.00018773|val_loss 0.00021003
Epoch 353|time: 0.08s|train_loss 0.00020509|val_loss 0.00021360
Epoch 354|time: 0.08s|train_loss 0.00018463|val_loss 0.00021427
Epoch 355|time: 0.08s|train_loss 0.00019292|val_loss 0.00023068
Epoch 356|time: 0.08s|train_loss 0.00017539|val_loss 0.00022470
Epoch 357|time: 0.08s|train_loss 0.00017566|val_loss 0.00021571
Epoch 358|time: 0.08s|train_loss 0.00019017|val_loss 0.00022134
Epoch 359|time: 0.08s|train_loss 0.00019310|val_loss 0.00021134
Epoch 360|time: 0.08s|train_loss 0.00019209|val_loss 0.00022204
Epoch 361|time: 0.08s|train_loss 0.00019519|val_loss 0.00021433
Epoch 362|time: 0.07s|train_loss 0.00017888|val_loss 0.00021412
Epoch 363|time: 0.08s|train_loss 0.00019322|val_loss 0.00021542
Epoch 364|time: 0.08s|train_loss 0.00020071|val_loss 0.00021720
Epoch 365|time: 0.08s|train_loss 0.00019000|val_loss 0.00020872
Epoch 366|time: 0.08s|train_loss 0.00018274|val_loss 0.00021111
Epoch 367|time: 0.08s|train_loss 0.00022203|val_loss 0.00020688
Best validation epoch: 367 Sat May 13 01:01:54 2023
TEST MAE 0.3730 std 0.1378 RMSE 0.6331 RMSEs 0.5971 PCC 0.8418 PCCs 0.8103 R2 0.5498 R2s 0.2846 Var 0.5604 Vars 0.3241 Peak 0.2451
Epoch 368|time: 0.08s|train_loss 0.00019147|val_loss 0.00020769
Epoch 369|time: 0.08s|train_loss 0.00019234|val_loss 0.00021035
Epoch 370|time: 0.08s|train_loss 0.00018812|val_loss 0.00021414
Epoch 371|time: 0.08s|train_loss 0.00017769|val_loss 0.00020971
Epoch 372|time: 0.08s|train_loss 0.00019420|val_loss 0.00022019
Epoch 373|time: 0.08s|train_loss 0.00019565|val_loss 0.00020771
Epoch 374|time: 0.08s|train_loss 0.00021938|val_loss 0.00021328
Epoch 375|time: 0.08s|train_loss 0.00020295|val_loss 0.00022035
Epoch 376|time: 0.08s|train_loss 0.00019286|val_loss 0.00021356
Epoch 377|time: 0.08s|train_loss 0.00019814|val_loss 0.00022484
Epoch 378|time: 0.08s|train_loss 0.00020572|val_loss 0.00024664
Epoch 379|time: 0.08s|train_loss 0.00018593|val_loss 0.00021802
Epoch 380|time: 0.08s|train_loss 0.00020032|val_loss 0.00022028
Epoch 381|time: 0.08s|train_loss 0.00018945|val_loss 0.00021868
Epoch 382|time: 0.08s|train_loss 0.00019644|val_loss 0.00023189
Epoch 383|time: 0.08s|train_loss 0.00017213|val_loss 0.00020607
Best validation epoch: 383 Sat May 13 01:01:55 2023
TEST MAE 0.3422 std 0.1309 RMSE 0.5785 RMSEs 0.5463 PCC 0.8495 PCCs 0.8143 R2 0.6241 R2s 0.4102 Var 0.6292 Vars 0.4364 Peak 0.2233
Epoch 384|time: 0.07s|train_loss 0.00018589|val_loss 0.00021862
Epoch 385|time: 0.08s|train_loss 0.00018904|val_loss 0.00020744
Epoch 386|time: 0.08s|train_loss 0.00017461|val_loss 0.00020660
Epoch 387|time: 0.08s|train_loss 0.00017432|val_loss 0.00020830
Epoch 388|time: 0.08s|train_loss 0.00017758|val_loss 0.00021215
Epoch 389|time: 0.08s|train_loss 0.00017981|val_loss 0.00021172
Epoch 390|time: 0.08s|train_loss 0.00021289|val_loss 0.00022641
Epoch 391|time: 0.08s|train_loss 0.00020282|val_loss 0.00023668
Epoch 392|time: 0.08s|train_loss 0.00019823|val_loss 0.00026162
Epoch 393|time: 0.08s|train_loss 0.00020727|val_loss 0.00024076
Epoch 394|time: 0.08s|train_loss 0.00018682|val_loss 0.00022319
Epoch 395|time: 0.08s|train_loss 0.00020648|val_loss 0.00021824
Epoch 396|time: 0.07s|train_loss 0.00020653|val_loss 0.00021107
Epoch 397|time: 0.08s|train_loss 0.00018174|val_loss 0.00022342
Epoch 398|time: 0.08s|train_loss 0.00019548|val_loss 0.00022976
Epoch 399|time: 0.08s|train_loss 0.00020757|val_loss 0.00023728
Epoch 400|time: 0.08s|train_loss 0.00022760|val_loss 0.00026756
Epoch 401|time: 0.08s|train_loss 0.00020110|val_loss 0.00026209
Epoch 402|time: 0.08s|train_loss 0.00021336|val_loss 0.00021771
Epoch 403|time: 0.08s|train_loss 0.00025225|val_loss 0.00022636
Epoch 404|time: 0.08s|train_loss 0.00024066|val_loss 0.00022447
Epoch 405|time: 0.08s|train_loss 0.00022462|val_loss 0.00021919
Epoch 406|time: 0.08s|train_loss 0.00020139|val_loss 0.00022124
Epoch 407|time: 0.08s|train_loss 0.00020108|val_loss 0.00021408
Epoch 408|time: 0.08s|train_loss 0.00020120|val_loss 0.00020893
Epoch 409|time: 0.08s|train_loss 0.00018969|val_loss 0.00021343
Epoch 410|time: 0.08s|train_loss 0.00021668|val_loss 0.00020723
Epoch 411|time: 0.08s|train_loss 0.00018843|val_loss 0.00021695
Epoch 412|time: 0.08s|train_loss 0.00019980|val_loss 0.00021971
Epoch 413|time: 0.08s|train_loss 0.00021568|val_loss 0.00024319
Epoch 414|time: 0.07s|train_loss 0.00020477|val_loss 0.00022984
Epoch 415|time: 0.08s|train_loss 0.00020257|val_loss 0.00022034
Epoch 416|time: 0.08s|train_loss 0.00018470|val_loss 0.00020825
Epoch 417|time: 0.08s|train_loss 0.00018730|val_loss 0.00020396
Best validation epoch: 417 Sat May 13 01:01:58 2023
TEST MAE 0.3669 std 0.1277 RMSE 0.6138 RMSEs 0.5812 PCC 0.8545 PCCs 0.8221 R2 0.5768 R2s 0.3198 Var 0.6069 Vars 0.4012 Peak 0.2285
Epoch 418|time: 0.08s|train_loss 0.00017359|val_loss 0.00020985
Epoch 419|time: 0.08s|train_loss 0.00018789|val_loss 0.00022215
Epoch 420|time: 0.08s|train_loss 0.00022107|val_loss 0.00020868
Epoch 421|time: 0.08s|train_loss 0.00018784|val_loss 0.00020743
Epoch 422|time: 0.08s|train_loss 0.00018927|val_loss 0.00021240
Epoch 423|time: 0.08s|train_loss 0.00019189|val_loss 0.00024343
Epoch 424|time: 0.08s|train_loss 0.00017837|val_loss 0.00021011
Epoch 425|time: 0.08s|train_loss 0.00018760|val_loss 0.00020457
Epoch 426|time: 0.08s|train_loss 0.00019884|val_loss 0.00020513
Epoch 427|time: 0.08s|train_loss 0.00019072|val_loss 0.00024410
Epoch 428|time: 0.08s|train_loss 0.00017454|val_loss 0.00022594
Epoch 429|time: 0.08s|train_loss 0.00017779|val_loss 0.00020423
Epoch 430|time: 0.08s|train_loss 0.00018015|val_loss 0.00020715
Epoch 431|time: 0.08s|train_loss 0.00018967|val_loss 0.00022256
Epoch 432|time: 0.08s|train_loss 0.00021216|val_loss 0.00020811
Epoch 433|time: 0.08s|train_loss 0.00017350|val_loss 0.00021413
Epoch 434|time: 0.08s|train_loss 0.00017519|val_loss 0.00021572
Epoch 435|time: 0.08s|train_loss 0.00017957|val_loss 0.00020866
Epoch 436|time: 0.08s|train_loss 0.00020670|val_loss 0.00022786
Epoch 437|time: 0.08s|train_loss 0.00019071|val_loss 0.00023463
Epoch 438|time: 0.08s|train_loss 0.00020833|val_loss 0.00020927
Epoch 439|time: 0.08s|train_loss 0.00018330|val_loss 0.00020748
Epoch 440|time: 0.08s|train_loss 0.00018840|val_loss 0.00020888
Epoch 441|time: 0.08s|train_loss 0.00019970|val_loss 0.00021616
Epoch 442|time: 0.08s|train_loss 0.00022261|val_loss 0.00022197
Epoch 443|time: 0.08s|train_loss 0.00020694|val_loss 0.00020980
Epoch 444|time: 0.08s|train_loss 0.00018151|val_loss 0.00021964
Epoch 445|time: 0.08s|train_loss 0.00017570|val_loss 0.00021562
Epoch 446|time: 0.08s|train_loss 0.00020429|val_loss 0.00024445
Epoch 447|time: 0.08s|train_loss 0.00021693|val_loss 0.00021360
Epoch 448|time: 0.08s|train_loss 0.00019479|val_loss 0.00022941
Epoch 449|time: 0.08s|train_loss 0.00021576|val_loss 0.00021318
Epoch 450|time: 0.08s|train_loss 0.00021191|val_loss 0.00024813
Epoch 451|time: 0.08s|train_loss 0.00018869|val_loss 0.00021055
Epoch 452|time: 0.08s|train_loss 0.00021850|val_loss 0.00021069
Epoch 453|time: 0.08s|train_loss 0.00020586|val_loss 0.00021424
Epoch 454|time: 0.07s|train_loss 0.00019626|val_loss 0.00021550
Epoch 455|time: 0.08s|train_loss 0.00018299|val_loss 0.00021511
Epoch 456|time: 0.08s|train_loss 0.00017752|val_loss 0.00021978
Epoch 457|time: 0.08s|train_loss 0.00017390|val_loss 0.00021825
Epoch 458|time: 0.08s|train_loss 0.00018338|val_loss 0.00021012
Epoch 459|time: 0.08s|train_loss 0.00017991|val_loss 0.00021013
Epoch 460|time: 0.08s|train_loss 0.00017969|val_loss 0.00022302
Epoch 461|time: 0.08s|train_loss 0.00017657|val_loss 0.00021431
Epoch 462|time: 0.08s|train_loss 0.00019974|val_loss 0.00021085
Epoch 463|time: 0.08s|train_loss 0.00017951|val_loss 0.00021690
Epoch 464|time: 0.08s|train_loss 0.00018725|val_loss 0.00020910
Epoch 465|time: 0.08s|train_loss 0.00018622|val_loss 0.00020717
Epoch 466|time: 0.08s|train_loss 0.00017504|val_loss 0.00021451
Epoch 467|time: 0.08s|train_loss 0.00017726|val_loss 0.00021320
Epoch 468|time: 0.08s|train_loss 0.00017139|val_loss 0.00022044
Epoch 469|time: 0.08s|train_loss 0.00018306|val_loss 0.00021974
Epoch 470|time: 0.08s|train_loss 0.00016716|val_loss 0.00020950
Epoch 471|time: 0.08s|train_loss 0.00018947|val_loss 0.00021326
Epoch 472|time: 0.08s|train_loss 0.00022314|val_loss 0.00022882
Epoch 473|time: 0.08s|train_loss 0.00019975|val_loss 0.00022109
Epoch 474|time: 0.08s|train_loss 0.00024780|val_loss 0.00024537
Epoch 475|time: 0.08s|train_loss 0.00025961|val_loss 0.00023762
Epoch 476|time: 0.08s|train_loss 0.00024069|val_loss 0.00022045
Epoch 477|time: 0.08s|train_loss 0.00021235|val_loss 0.00025207
Epoch 478|time: 0.08s|train_loss 0.00021390|val_loss 0.00022612
Epoch 479|time: 0.08s|train_loss 0.00020538|val_loss 0.00021838
Epoch 480|time: 0.08s|train_loss 0.00021859|val_loss 0.00025311
Epoch 481|time: 0.08s|train_loss 0.00023341|val_loss 0.00022329
Epoch 482|time: 0.08s|train_loss 0.00019222|val_loss 0.00020520
Epoch 483|time: 0.08s|train_loss 0.00018578|val_loss 0.00022670
Epoch 484|time: 0.08s|train_loss 0.00018691|val_loss 0.00022172
Epoch 485|time: 0.08s|train_loss 0.00020055|val_loss 0.00020738
Epoch 486|time: 0.08s|train_loss 0.00018619|val_loss 0.00020693
Epoch 487|time: 0.08s|train_loss 0.00017970|val_loss 0.00021484
Epoch 488|time: 0.08s|train_loss 0.00017025|val_loss 0.00021097
Epoch 489|time: 0.08s|train_loss 0.00017301|val_loss 0.00020606
Epoch 490|time: 0.08s|train_loss 0.00018068|val_loss 0.00020977
Epoch 491|time: 0.08s|train_loss 0.00017777|val_loss 0.00022467
Epoch 492|time: 0.08s|train_loss 0.00017780|val_loss 0.00021249
Epoch 493|time: 0.08s|train_loss 0.00020766|val_loss 0.00021922
Epoch 494|time: 0.08s|train_loss 0.00020357|val_loss 0.00020705
Epoch 495|time: 0.08s|train_loss 0.00018992|val_loss 0.00020744
Epoch 496|time: 0.08s|train_loss 0.00018072|val_loss 0.00020745
Epoch 497|time: 0.08s|train_loss 0.00020220|val_loss 0.00021332
Epoch 498|time: 0.08s|train_loss 0.00020430|val_loss 0.00021441
Epoch 499|time: 0.08s|train_loss 0.00019620|val_loss 0.00022888
Epoch 500|time: 0.08s|train_loss 0.00021202|val_loss 0.00021656
Epoch 501|time: 0.08s|train_loss 0.00018231|val_loss 0.00021755
Epoch 502|time: 0.08s|train_loss 0.00017424|val_loss 0.00023155
Epoch 503|time: 0.08s|train_loss 0.00019031|val_loss 0.00020655
Epoch 504|time: 0.08s|train_loss 0.00019448|val_loss 0.00021788
Epoch 505|time: 0.08s|train_loss 0.00019043|val_loss 0.00022139
Epoch 506|time: 0.08s|train_loss 0.00019369|val_loss 0.00020957
Epoch 507|time: 0.08s|train_loss 0.00019913|val_loss 0.00020939
Epoch 508|time: 0.08s|train_loss 0.00019391|val_loss 0.00022343
Epoch 509|time: 0.08s|train_loss 0.00017949|val_loss 0.00022515
Epoch 510|time: 0.08s|train_loss 0.00019101|val_loss 0.00023127
Epoch 511|time: 0.08s|train_loss 0.00020463|val_loss 0.00020844
Epoch 512|time: 0.08s|train_loss 0.00017204|val_loss 0.00020981
Epoch 513|time: 0.08s|train_loss 0.00022252|val_loss 0.00022029
Epoch 514|time: 0.08s|train_loss 0.00020021|val_loss 0.00022087
Epoch 515|time: 0.08s|train_loss 0.00021167|val_loss 0.00024801
Epoch 516|time: 0.08s|train_loss 0.00021303|val_loss 0.00023166
Epoch 517|time: 0.08s|train_loss 0.00022781|val_loss 0.00023333
Epoch 518|time: 0.08s|train_loss 0.00018880|val_loss 0.00022789
Epoch 519|time: 0.08s|train_loss 0.00020428|val_loss 0.00021975
Epoch 520|time: 0.08s|train_loss 0.00017983|val_loss 0.00021556
Epoch 521|time: 0.08s|train_loss 0.00018723|val_loss 0.00020532
Epoch 522|time: 0.08s|train_loss 0.00016837|val_loss 0.00020504
Epoch 523|time: 0.08s|train_loss 0.00016994|val_loss 0.00021596
Epoch 524|time: 0.08s|train_loss 0.00017461|val_loss 0.00020826
Epoch 525|time: 0.08s|train_loss 0.00019117|val_loss 0.00020553
Epoch 526|time: 0.08s|train_loss 0.00017746|val_loss 0.00020962
Epoch 527|time: 0.08s|train_loss 0.00017005|val_loss 0.00022922
Epoch 528|time: 0.08s|train_loss 0.00017820|val_loss 0.00021251
Epoch 529|time: 0.08s|train_loss 0.00017653|val_loss 0.00023386
Epoch 530|time: 0.08s|train_loss 0.00020442|val_loss 0.00023397
Epoch 531|time: 0.08s|train_loss 0.00019083|val_loss 0.00021690
Epoch 532|time: 0.08s|train_loss 0.00017600|val_loss 0.00023695
Epoch 533|time: 0.08s|train_loss 0.00020434|val_loss 0.00020294
Best validation epoch: 533 Sat May 13 01:02:07 2023
TEST MAE 0.3609 std 0.1354 RMSE 0.6186 RMSEs 0.5835 PCC 0.8447 PCCs 0.8124 R2 0.5702 R2s 0.3208 Var 0.5848 Vars 0.3698 Peak 0.2387
Epoch 534|time: 0.08s|train_loss 0.00020089|val_loss 0.00021253
Epoch 535|time: 0.08s|train_loss 0.00018554|val_loss 0.00022117
Epoch 536|time: 0.08s|train_loss 0.00020230|val_loss 0.00021586
Epoch 537|time: 0.08s|train_loss 0.00019582|val_loss 0.00021643
Epoch 538|time: 0.08s|train_loss 0.00018533|val_loss 0.00021254
Epoch 539|time: 0.08s|train_loss 0.00017709|val_loss 0.00020239
Best validation epoch: 539 Sat May 13 01:02:07 2023
TEST MAE 0.4000 std 0.1375 RMSE 0.6664 RMSEs 0.6323 PCC 0.8278 PCCs 0.7862 R2 0.5011 R2s 0.1907 Var 0.5148 Vars 0.2368 Peak 0.2649
Epoch 540|time: 0.08s|train_loss 0.00017521|val_loss 0.00020374
Epoch 541|time: 0.08s|train_loss 0.00017834|val_loss 0.00023270
Epoch 542|time: 0.08s|train_loss 0.00018332|val_loss 0.00023695
Epoch 543|time: 0.08s|train_loss 0.00019718|val_loss 0.00021229
Epoch 544|time: 0.08s|train_loss 0.00020423|val_loss 0.00021203
Epoch 545|time: 0.08s|train_loss 0.00021076|val_loss 0.00021408
Epoch 546|time: 0.08s|train_loss 0.00020071|val_loss 0.00020725
Epoch 547|time: 0.08s|train_loss 0.00020847|val_loss 0.00020533
Epoch 548|time: 0.08s|train_loss 0.00019309|val_loss 0.00024706
Epoch 549|time: 0.08s|train_loss 0.00020332|val_loss 0.00022638
Epoch 550|time: 0.08s|train_loss 0.00019225|val_loss 0.00025556
Epoch 551|time: 0.08s|train_loss 0.00020148|val_loss 0.00023805
Epoch 552|time: 0.08s|train_loss 0.00020447|val_loss 0.00021380
Epoch 553|time: 0.08s|train_loss 0.00018298|val_loss 0.00020618
Epoch 554|time: 0.08s|train_loss 0.00019726|val_loss 0.00022029
Epoch 555|time: 0.08s|train_loss 0.00019950|val_loss 0.00022344
Epoch 556|time: 0.08s|train_loss 0.00019090|val_loss 0.00022020
Epoch 557|time: 0.08s|train_loss 0.00018989|val_loss 0.00021000
Epoch 558|time: 0.08s|train_loss 0.00018645|val_loss 0.00021301
Epoch 559|time: 0.08s|train_loss 0.00017811|val_loss 0.00021702
Epoch 560|time: 0.08s|train_loss 0.00017613|val_loss 0.00020767
Epoch 561|time: 0.08s|train_loss 0.00017771|val_loss 0.00022220
Epoch 562|time: 0.08s|train_loss 0.00018047|val_loss 0.00020920
Epoch 563|time: 0.08s|train_loss 0.00019505|val_loss 0.00020840
Epoch 564|time: 0.08s|train_loss 0.00017725|val_loss 0.00020934
Epoch 565|time: 0.08s|train_loss 0.00016953|val_loss 0.00020812
Epoch 566|time: 0.08s|train_loss 0.00016987|val_loss 0.00020819
Epoch 567|time: 0.08s|train_loss 0.00019010|val_loss 0.00020696
Epoch 568|time: 0.08s|train_loss 0.00019601|val_loss 0.00020683
Epoch 569|time: 0.08s|train_loss 0.00017695|val_loss 0.00020904
Epoch 570|time: 0.08s|train_loss 0.00017382|val_loss 0.00021715
Epoch 571|time: 0.08s|train_loss 0.00018003|val_loss 0.00020918
Epoch 572|time: 0.08s|train_loss 0.00018610|val_loss 0.00020077
Best validation epoch: 572 Sat May 13 01:02:10 2023
TEST MAE 0.3586 std 0.1269 RMSE 0.6060 RMSEs 0.5743 PCC 0.8447 PCCs 0.8060 R2 0.5874 R2s 0.3438 Var 0.6027 Vars 0.3933 Peak 0.2295
Epoch 573|time: 0.08s|train_loss 0.00018227|val_loss 0.00020184
Epoch 574|time: 0.08s|train_loss 0.00018058|val_loss 0.00020145
Epoch 575|time: 0.08s|train_loss 0.00017991|val_loss 0.00020545
Epoch 576|time: 0.08s|train_loss 0.00017482|val_loss 0.00021274
Epoch 577|time: 0.08s|train_loss 0.00017939|val_loss 0.00020470
Epoch 578|time: 0.08s|train_loss 0.00016689|val_loss 0.00023017
Epoch 579|time: 0.08s|train_loss 0.00018558|val_loss 0.00021376
Epoch 580|time: 0.08s|train_loss 0.00018889|val_loss 0.00020857
Epoch 581|time: 0.08s|train_loss 0.00017299|val_loss 0.00021443
Epoch 582|time: 0.08s|train_loss 0.00018462|val_loss 0.00020906
Epoch 583|time: 0.08s|train_loss 0.00017358|val_loss 0.00021966
Epoch 584|time: 0.08s|train_loss 0.00018258|val_loss 0.00023042
Epoch 585|time: 0.08s|train_loss 0.00017647|val_loss 0.00020819
Epoch 586|time: 0.08s|train_loss 0.00018369|val_loss 0.00020602
Epoch 587|time: 0.08s|train_loss 0.00017697|val_loss 0.00020796
Epoch 588|time: 0.08s|train_loss 0.00016651|val_loss 0.00020828
Epoch 589|time: 0.08s|train_loss 0.00018727|val_loss 0.00020679
Epoch 590|time: 0.08s|train_loss 0.00017218|val_loss 0.00020537
Epoch 591|time: 0.08s|train_loss 0.00016660|val_loss 0.00020513
Epoch 592|time: 0.08s|train_loss 0.00017765|val_loss 0.00020678
Epoch 593|time: 0.08s|train_loss 0.00017159|val_loss 0.00021188
Epoch 594|time: 0.08s|train_loss 0.00017165|val_loss 0.00021121
Epoch 595|time: 0.08s|train_loss 0.00017381|val_loss 0.00020794
Epoch 596|time: 0.08s|train_loss 0.00020061|val_loss 0.00020728
Epoch 597|time: 0.08s|train_loss 0.00016316|val_loss 0.00021224
Epoch 598|time: 0.08s|train_loss 0.00018876|val_loss 0.00023365
Epoch 599|time: 0.08s|train_loss 0.00017375|val_loss 0.00021487
Epoch 600|time: 0.08s|train_loss 0.00016964|val_loss 0.00020105
Epoch 601|time: 0.08s|train_loss 0.00019254|val_loss 0.00020368
Epoch 602|time: 0.08s|train_loss 0.00019352|val_loss 0.00021719
Epoch 603|time: 0.08s|train_loss 0.00020747|val_loss 0.00021353
Epoch 604|time: 0.08s|train_loss 0.00018976|val_loss 0.00020469
Epoch 605|time: 0.08s|train_loss 0.00018735|val_loss 0.00021689
Epoch 606|time: 0.08s|train_loss 0.00017218|val_loss 0.00021181
Epoch 607|time: 0.08s|train_loss 0.00016825|val_loss 0.00022652
Epoch 608|time: 0.08s|train_loss 0.00019241|val_loss 0.00021815
Epoch 609|time: 0.08s|train_loss 0.00018248|val_loss 0.00020809
Epoch 610|time: 0.08s|train_loss 0.00018339|val_loss 0.00021240
Epoch 611|time: 0.08s|train_loss 0.00018117|val_loss 0.00021294
Epoch 612|time: 0.08s|train_loss 0.00017852|val_loss 0.00023341
Epoch 613|time: 0.08s|train_loss 0.00020078|val_loss 0.00022991
Epoch 614|time: 0.08s|train_loss 0.00021809|val_loss 0.00020543
Epoch 615|time: 0.08s|train_loss 0.00018210|val_loss 0.00021318
Epoch 616|time: 0.08s|train_loss 0.00019397|val_loss 0.00021730
Epoch 617|time: 0.08s|train_loss 0.00022785|val_loss 0.00021309
Epoch 618|time: 0.08s|train_loss 0.00020416|val_loss 0.00023252
Epoch 619|time: 0.08s|train_loss 0.00025622|val_loss 0.00028069
Epoch 620|time: 0.08s|train_loss 0.00024469|val_loss 0.00022163
Epoch 621|time: 0.08s|train_loss 0.00026156|val_loss 0.00022291
Epoch 622|time: 0.08s|train_loss 0.00022940|val_loss 0.00024566
Epoch 623|time: 0.08s|train_loss 0.00021572|val_loss 0.00024031
Epoch 624|time: 0.08s|train_loss 0.00023311|val_loss 0.00022863
Epoch 625|time: 0.08s|train_loss 0.00019709|val_loss 0.00020710
Epoch 626|time: 0.08s|train_loss 0.00019207|val_loss 0.00021611
Epoch 627|time: 0.08s|train_loss 0.00018676|val_loss 0.00023565
Epoch 628|time: 0.08s|train_loss 0.00019661|val_loss 0.00022413
Epoch 629|time: 0.08s|train_loss 0.00021089|val_loss 0.00021961
Epoch 630|time: 0.08s|train_loss 0.00019979|val_loss 0.00022639
Epoch 631|time: 0.08s|train_loss 0.00022759|val_loss 0.00022126
Epoch 632|time: 0.08s|train_loss 0.00019861|val_loss 0.00023597
Epoch 633|time: 0.08s|train_loss 0.00020361|val_loss 0.00021189
Epoch 634|time: 0.08s|train_loss 0.00019697|val_loss 0.00020664
Epoch 635|time: 0.08s|train_loss 0.00018579|val_loss 0.00021463
Epoch 636|time: 0.08s|train_loss 0.00018734|val_loss 0.00023501
Epoch 637|time: 0.08s|train_loss 0.00018658|val_loss 0.00021783
Epoch 638|time: 0.08s|train_loss 0.00018523|val_loss 0.00021464
Epoch 639|time: 0.08s|train_loss 0.00019573|val_loss 0.00022290
Epoch 640|time: 0.08s|train_loss 0.00017969|val_loss 0.00021277
Epoch 641|time: 0.08s|train_loss 0.00018834|val_loss 0.00021152
Epoch 642|time: 0.08s|train_loss 0.00019588|val_loss 0.00020950
Epoch 643|time: 0.08s|train_loss 0.00017708|val_loss 0.00021120
Epoch 644|time: 0.08s|train_loss 0.00017852|val_loss 0.00020906
Epoch 645|time: 0.08s|train_loss 0.00017101|val_loss 0.00022025
Epoch 646|time: 0.08s|train_loss 0.00017576|val_loss 0.00022470
Epoch 647|time: 0.08s|train_loss 0.00019634|val_loss 0.00023015
Epoch 648|time: 0.08s|train_loss 0.00020278|val_loss 0.00021438
Epoch 649|time: 0.08s|train_loss 0.00021000|val_loss 0.00021747
Epoch 650|time: 0.08s|train_loss 0.00019119|val_loss 0.00022231
Epoch 651|time: 0.08s|train_loss 0.00018820|val_loss 0.00020549
Epoch 652|time: 0.08s|train_loss 0.00017793|val_loss 0.00022228
Epoch 653|time: 0.08s|train_loss 0.00019812|val_loss 0.00021051
Epoch 654|time: 0.08s|train_loss 0.00016791|val_loss 0.00021628
Epoch 655|time: 0.08s|train_loss 0.00016729|val_loss 0.00021568
Epoch 656|time: 0.08s|train_loss 0.00017717|val_loss 0.00021029
Epoch 657|time: 0.08s|train_loss 0.00016644|val_loss 0.00021202
Epoch 658|time: 0.08s|train_loss 0.00018726|val_loss 0.00021269
Epoch 659|time: 0.08s|train_loss 0.00018574|val_loss 0.00020949
Epoch 660|time: 0.08s|train_loss 0.00018587|val_loss 0.00021221
Epoch 661|time: 0.08s|train_loss 0.00018784|val_loss 0.00021108
Epoch 662|time: 0.08s|train_loss 0.00018695|val_loss 0.00021729
Epoch 663|time: 0.08s|train_loss 0.00017605|val_loss 0.00021099
Epoch 664|time: 0.08s|train_loss 0.00017180|val_loss 0.00020869
Epoch 665|time: 0.08s|train_loss 0.00017515|val_loss 0.00020701
Epoch 666|time: 0.08s|train_loss 0.00019467|val_loss 0.00022032
Epoch 667|time: 0.08s|train_loss 0.00021122|val_loss 0.00020932
Epoch 668|time: 0.08s|train_loss 0.00019603|val_loss 0.00024044
Epoch 669|time: 0.08s|train_loss 0.00021409|val_loss 0.00021275
Epoch 670|time: 0.08s|train_loss 0.00020968|val_loss 0.00021373
Epoch 671|time: 0.08s|train_loss 0.00019731|val_loss 0.00027272
Epoch 672|time: 0.08s|train_loss 0.00020076|val_loss 0.00026087
Epoch 673|time: 0.08s|train_loss 0.00023022|val_loss 0.00021941
Epoch 674|time: 0.08s|train_loss 0.00020084|val_loss 0.00021261
Epoch 675|time: 0.08s|train_loss 0.00018026|val_loss 0.00021120
Epoch 676|time: 0.08s|train_loss 0.00018866|val_loss 0.00020400
Epoch 677|time: 0.08s|train_loss 0.00017471|val_loss 0.00020385
Epoch 678|time: 0.08s|train_loss 0.00018530|val_loss 0.00021168
Epoch 679|time: 0.08s|train_loss 0.00018956|val_loss 0.00021100
Epoch 680|time: 0.08s|train_loss 0.00017755|val_loss 0.00020958
Epoch 681|time: 0.08s|train_loss 0.00019782|val_loss 0.00020780
Epoch 682|time: 0.08s|train_loss 0.00019731|val_loss 0.00021891
Epoch 683|time: 0.08s|train_loss 0.00021265|val_loss 0.00023210
Epoch 684|time: 0.08s|train_loss 0.00017102|val_loss 0.00020397
Epoch 685|time: 0.08s|train_loss 0.00017752|val_loss 0.00021057
Epoch 686|time: 0.08s|train_loss 0.00019339|val_loss 0.00020416
Epoch 687|time: 0.08s|train_loss 0.00017729|val_loss 0.00020647
Epoch 688|time: 0.08s|train_loss 0.00018981|val_loss 0.00020952
Epoch 689|time: 0.08s|train_loss 0.00017253|val_loss 0.00020703
Epoch 690|time: 0.08s|train_loss 0.00017603|val_loss 0.00020818
Epoch 691|time: 0.08s|train_loss 0.00016620|val_loss 0.00024005
Epoch 692|time: 0.08s|train_loss 0.00019030|val_loss 0.00020332
Epoch 693|time: 0.08s|train_loss 0.00017500|val_loss 0.00020508
Epoch 694|time: 0.08s|train_loss 0.00018445|val_loss 0.00021257
Epoch 695|time: 0.08s|train_loss 0.00019217|val_loss 0.00022584
Epoch 696|time: 0.08s|train_loss 0.00020710|val_loss 0.00020560
Epoch 697|time: 0.08s|train_loss 0.00018018|val_loss 0.00020790
Epoch 698|time: 0.08s|train_loss 0.00016879|val_loss 0.00020998
Epoch 699|time: 0.08s|train_loss 0.00019301|val_loss 0.00021099
Epoch 700|time: 0.08s|train_loss 0.00019835|val_loss 0.00021115
Epoch 701|time: 0.08s|train_loss 0.00019017|val_loss 0.00021096
Epoch 702|time: 0.08s|train_loss 0.00023295|val_loss 0.00021160
Epoch 703|time: 0.08s|train_loss 0.00018725|val_loss 0.00021017
Epoch 704|time: 0.08s|train_loss 0.00019458|val_loss 0.00021776
Epoch 705|time: 0.08s|train_loss 0.00019345|val_loss 0.00021129
Epoch 706|time: 0.08s|train_loss 0.00018041|val_loss 0.00022531
Epoch 707|time: 0.08s|train_loss 0.00017961|val_loss 0.00021313
Epoch 708|time: 0.08s|train_loss 0.00018113|val_loss 0.00022067
Epoch 709|time: 0.08s|train_loss 0.00021590|val_loss 0.00020956
Epoch 710|time: 0.08s|train_loss 0.00017606|val_loss 0.00021251
Epoch 711|time: 0.08s|train_loss 0.00017574|val_loss 0.00020647
Epoch 712|time: 0.08s|train_loss 0.00018259|val_loss 0.00022144
Epoch 713|time: 0.08s|train_loss 0.00017753|val_loss 0.00021460
Epoch 714|time: 0.08s|train_loss 0.00019103|val_loss 0.00021626
Epoch 715|time: 0.08s|train_loss 0.00018588|val_loss 0.00020188
Epoch 716|time: 0.08s|train_loss 0.00020921|val_loss 0.00021726
Epoch 717|time: 0.08s|train_loss 0.00018158|val_loss 0.00022389
Epoch 718|time: 0.08s|train_loss 0.00018791|val_loss 0.00020363
Epoch 719|time: 0.08s|train_loss 0.00017718|val_loss 0.00022206
Epoch 720|time: 0.08s|train_loss 0.00018068|val_loss 0.00022241
Epoch 721|time: 0.08s|train_loss 0.00020942|val_loss 0.00026015
Epoch 722|time: 0.08s|train_loss 0.00024566|val_loss 0.00025505
Epoch 723|time: 0.08s|train_loss 0.00024315|val_loss 0.00022961
Epoch 724|time: 0.08s|train_loss 0.00022714|val_loss 0.00024069
Epoch 725|time: 0.08s|train_loss 0.00022015|val_loss 0.00029332
Epoch 726|time: 0.08s|train_loss 0.00021776|val_loss 0.00023862
Epoch 727|time: 0.08s|train_loss 0.00023080|val_loss 0.00024078
Epoch 728|time: 0.08s|train_loss 0.00021431|val_loss 0.00022392
Epoch 729|time: 0.08s|train_loss 0.00020581|val_loss 0.00021031
Epoch 730|time: 0.08s|train_loss 0.00018793|val_loss 0.00024906
Epoch 731|time: 0.08s|train_loss 0.00020760|val_loss 0.00021063
Epoch 732|time: 0.08s|train_loss 0.00019349|val_loss 0.00020464
Epoch 733|time: 0.08s|train_loss 0.00016966|val_loss 0.00020834
Epoch 734|time: 0.08s|train_loss 0.00018310|val_loss 0.00020551
Epoch 735|time: 0.08s|train_loss 0.00018663|val_loss 0.00022548
Epoch 736|time: 0.08s|train_loss 0.00022242|val_loss 0.00025753
Epoch 737|time: 0.08s|train_loss 0.00020798|val_loss 0.00021482
Epoch 738|time: 0.08s|train_loss 0.00019676|val_loss 0.00022801
Epoch 739|time: 0.08s|train_loss 0.00018389|val_loss 0.00022368
Epoch 740|time: 0.08s|train_loss 0.00018011|val_loss 0.00020900
Epoch 741|time: 0.08s|train_loss 0.00017602|val_loss 0.00020561
Epoch 742|time: 0.08s|train_loss 0.00018231|val_loss 0.00020685
Epoch 743|time: 0.08s|train_loss 0.00019793|val_loss 0.00022559
Epoch 744|time: 0.08s|train_loss 0.00018061|val_loss 0.00023580
Epoch 745|time: 0.08s|train_loss 0.00018476|val_loss 0.00021098
Epoch 746|time: 0.08s|train_loss 0.00020049|val_loss 0.00020556
Epoch 747|time: 0.08s|train_loss 0.00019156|val_loss 0.00020728
Epoch 748|time: 0.08s|train_loss 0.00017997|val_loss 0.00021146
Epoch 749|time: 0.08s|train_loss 0.00018138|val_loss 0.00020883
Epoch 750|time: 0.08s|train_loss 0.00017932|val_loss 0.00021589
Epoch 751|time: 0.08s|train_loss 0.00020461|val_loss 0.00021444
Epoch 752|time: 0.08s|train_loss 0.00018409|val_loss 0.00020654
Epoch 753|time: 0.08s|train_loss 0.00017865|val_loss 0.00020533
Epoch 754|time: 0.08s|train_loss 0.00018194|val_loss 0.00021148
Epoch 755|time: 0.08s|train_loss 0.00017212|val_loss 0.00023700
Epoch 756|time: 0.08s|train_loss 0.00017803|val_loss 0.00020596
Epoch 757|time: 0.08s|train_loss 0.00016770|val_loss 0.00020966
Epoch 758|time: 0.08s|train_loss 0.00018328|val_loss 0.00020753
Epoch 759|time: 0.08s|train_loss 0.00018020|val_loss 0.00021258
Epoch 760|time: 0.08s|train_loss 0.00017842|val_loss 0.00020712
Epoch 761|time: 0.08s|train_loss 0.00018073|val_loss 0.00021956
Epoch 762|time: 0.08s|train_loss 0.00017649|val_loss 0.00021201
Epoch 763|time: 0.08s|train_loss 0.00019321|val_loss 0.00020668
Epoch 764|time: 0.08s|train_loss 0.00019658|val_loss 0.00021307
Epoch 765|time: 0.08s|train_loss 0.00018141|val_loss 0.00021454
Epoch 766|time: 0.08s|train_loss 0.00017599|val_loss 0.00022289
Epoch 767|time: 0.08s|train_loss 0.00019970|val_loss 0.00022068
Epoch 768|time: 0.08s|train_loss 0.00017280|val_loss 0.00020600
Epoch 769|time: 0.08s|train_loss 0.00018528|val_loss 0.00021880
Epoch 770|time: 0.08s|train_loss 0.00020121|val_loss 0.00020899
Epoch 771|time: 0.08s|train_loss 0.00018966|val_loss 0.00021847
Epoch 772|time: 0.08s|train_loss 0.00018031|val_loss 0.00021196
Final evaluation
TEST MAE 0.3586 | std 0.1269 | RMSE 0.6060 | RMSEs 0.5743 | PCC 0.8447 | PCCs 0.8060 | R2 0.5874 | R2s 0.3438 | Var 0.6027 | Vars 0.3933 | Peak 0.2295
