--------Parameters--------
Namespace(batch=32, bi=False, check_point=1, cuda=False, dataset='us_hhs', dropout=0.2, epilambda=0.2, epochs=1500, gpu=3, hidsp=15, horizon=2, k=10, lamda=0.01, lr=0.005, model='cola_gnn', mylog=True, n_hidden=30, n_layer=1, patience=200, rnn_model='RNN', save_dir='save', seed=42, shuffle=False, sim_mat='us_hhs-adj', test=0.2, train=0.6, val=0.2, weight_decay=0.0005, window=20)
--------------------------
data shape (364, 10)
364 10
(364, 10)
size of train/val/test sets 197 73 73
#params: 3623
begin training
Epoch   1|time: 0.11s|train_loss 0.00125433|val_loss 0.00086501
Best validation epoch: 1 Sat May 13 00:54:15 2023
TEST MAE 0.8957 std 0.2375 RMSE 1.1541 RMSEs 1.1219 PCC 0.5671 PCCs 0.4275 R2 -0.4962 R2s -1.4267 Var 0.0139 Vars -0.2931 Peak 0.4137
Epoch   2|time: 0.09s|train_loss 0.00047055|val_loss 0.00036619
Best validation epoch: 2 Sat May 13 00:54:15 2023
TEST MAE 0.3617 std 0.0815 RMSE 0.5061 RMSEs 0.4907 PCC 0.8444 PCCs 0.8028 R2 0.7123 R2s 0.5539 Var 0.7130 Vars 0.6286 Peak 0.1890
Epoch   3|time: 0.09s|train_loss 0.00039922|val_loss 0.00029283
Best validation epoch: 3 Sat May 13 00:54:15 2023
TEST MAE 0.3013 std 0.0747 RMSE 0.4400 RMSEs 0.4269 PCC 0.8877 PCCs 0.8549 R2 0.7825 R2s 0.6640 Var 0.7825 Vars 0.6983 Peak 0.1655
Epoch   4|time: 0.09s|train_loss 0.00030562|val_loss 0.00046900
Epoch   5|time: 0.09s|train_loss 0.00037507|val_loss 0.00025742
Best validation epoch: 5 Sat May 13 00:54:15 2023
TEST MAE 0.3286 std 0.0811 RMSE 0.4632 RMSEs 0.4482 PCC 0.8942 PCCs 0.8462 R2 0.7590 R2s 0.6305 Var 0.7987 Vars 0.7048 Peak 0.1740
Epoch   6|time: 0.09s|train_loss 0.00029744|val_loss 0.00028385
Epoch   7|time: 0.09s|train_loss 0.00026761|val_loss 0.00030927
Epoch   8|time: 0.09s|train_loss 0.00027923|val_loss 0.00023930
Best validation epoch: 8 Sat May 13 00:54:15 2023
TEST MAE 0.2641 std 0.0665 RMSE 0.4107 RMSEs 0.3974 PCC 0.9105 PCCs 0.8683 R2 0.8105 R2s 0.7112 Var 0.8187 Vars 0.7314 Peak 0.1591
Epoch   9|time: 0.09s|train_loss 0.00025108|val_loss 0.00020295
Best validation epoch: 9 Sat May 13 00:54:15 2023
TEST MAE 0.2461 std 0.0606 RMSE 0.3699 RMSEs 0.3584 PCC 0.9203 PCCs 0.8819 R2 0.8463 R2s 0.7633 Var 0.8469 Vars 0.7731 Peak 0.1361
Epoch  10|time: 0.09s|train_loss 0.00022178|val_loss 0.00027088
Epoch  11|time: 0.09s|train_loss 0.00022512|val_loss 0.00029225
Epoch  12|time: 0.09s|train_loss 0.00022870|val_loss 0.00020069
Best validation epoch: 12 Sat May 13 00:54:16 2023
TEST MAE 0.2764 std 0.0710 RMSE 0.3845 RMSEs 0.3731 PCC 0.9250 PCCs 0.8916 R2 0.8340 R2s 0.7416 Var 0.8515 Vars 0.7862 Peak 0.1404
Epoch  13|time: 0.09s|train_loss 0.00020653|val_loss 0.00020873
Epoch  14|time: 0.09s|train_loss 0.00020204|val_loss 0.00020111
Epoch  15|time: 0.09s|train_loss 0.00020253|val_loss 0.00021915
Epoch  16|time: 0.09s|train_loss 0.00021716|val_loss 0.00018840
Best validation epoch: 16 Sat May 13 00:54:16 2023
TEST MAE 0.2304 std 0.0602 RMSE 0.3583 RMSEs 0.3454 PCC 0.9263 PCCs 0.8916 R2 0.8558 R2s 0.7823 Var 0.8570 Vars 0.7884 Peak 0.1336
Epoch  17|time: 0.09s|train_loss 0.00021245|val_loss 0.00022478
Epoch  18|time: 0.09s|train_loss 0.00018658|val_loss 0.00018678
Best validation epoch: 18 Sat May 13 00:54:16 2023
TEST MAE 0.2311 std 0.0640 RMSE 0.3462 RMSEs 0.3329 PCC 0.9306 PCCs 0.8993 R2 0.8654 R2s 0.7982 Var 0.8660 Vars 0.8052 Peak 0.1313
Epoch  19|time: 0.09s|train_loss 0.00018366|val_loss 0.00018929
Epoch  20|time: 0.09s|train_loss 0.00018762|val_loss 0.00023644
Epoch  21|time: 0.09s|train_loss 0.00018468|val_loss 0.00023620
Epoch  22|time: 0.09s|train_loss 0.00018880|val_loss 0.00018156
Best validation epoch: 22 Sat May 13 00:54:17 2023
TEST MAE 0.2276 std 0.0634 RMSE 0.3450 RMSEs 0.3310 PCC 0.9308 PCCs 0.9001 R2 0.8663 R2s 0.8015 Var 0.8663 Vars 0.8059 Peak 0.1302
Epoch  23|time: 0.09s|train_loss 0.00019379|val_loss 0.00020397
Epoch  24|time: 0.09s|train_loss 0.00020331|val_loss 0.00019304
Epoch  25|time: 0.09s|train_loss 0.00018509|val_loss 0.00018172
Epoch  26|time: 0.09s|train_loss 0.00018829|val_loss 0.00018094
Best validation epoch: 26 Sat May 13 00:54:17 2023
TEST MAE 0.2166 std 0.0623 RMSE 0.3410 RMSEs 0.3267 PCC 0.9333 PCCs 0.9033 R2 0.8694 R2s 0.8070 Var 0.8704 Vars 0.8110 Peak 0.1325
Epoch  27|time: 0.09s|train_loss 0.00017193|val_loss 0.00017894
Best validation epoch: 27 Sat May 13 00:54:17 2023
TEST MAE 0.2188 std 0.0623 RMSE 0.3393 RMSEs 0.3248 PCC 0.9336 PCCs 0.9039 R2 0.8707 R2s 0.8094 Var 0.8715 Vars 0.8126 Peak 0.1320
Epoch  28|time: 0.09s|train_loss 0.00017168|val_loss 0.00020581
Epoch  29|time: 0.09s|train_loss 0.00017823|val_loss 0.00018524
Epoch  30|time: 0.09s|train_loss 0.00017517|val_loss 0.00017684
Best validation epoch: 30 Sat May 13 00:54:17 2023
TEST MAE 0.2198 std 0.0623 RMSE 0.3385 RMSEs 0.3247 PCC 0.9338 PCCs 0.9040 R2 0.8713 R2s 0.8093 Var 0.8718 Vars 0.8123 Peak 0.1296
Epoch  31|time: 0.09s|train_loss 0.00017288|val_loss 0.00020433
Epoch  32|time: 0.09s|train_loss 0.00018343|val_loss 0.00024227
Epoch  33|time: 0.09s|train_loss 0.00018790|val_loss 0.00018713
Epoch  34|time: 0.09s|train_loss 0.00017293|val_loss 0.00017888
Epoch  35|time: 0.09s|train_loss 0.00017943|val_loss 0.00026076
Epoch  36|time: 0.09s|train_loss 0.00018591|val_loss 0.00021184
Epoch  37|time: 0.09s|train_loss 0.00017159|val_loss 0.00018282
Epoch  38|time: 0.09s|train_loss 0.00017803|val_loss 0.00017655
Best validation epoch: 38 Sat May 13 00:54:18 2023
TEST MAE 0.2170 std 0.0610 RMSE 0.3351 RMSEs 0.3214 PCC 0.9350 PCCs 0.9051 R2 0.8739 R2s 0.8130 Var 0.8742 Vars 0.8154 Peak 0.1300
Epoch  39|time: 0.09s|train_loss 0.00017145|val_loss 0.00022129
Epoch  40|time: 0.09s|train_loss 0.00018306|val_loss 0.00029413
Epoch  41|time: 0.09s|train_loss 0.00021419|val_loss 0.00023678
Epoch  42|time: 0.09s|train_loss 0.00019560|val_loss 0.00020656
Epoch  43|time: 0.09s|train_loss 0.00021584|val_loss 0.00018671
Epoch  44|time: 0.09s|train_loss 0.00016406|val_loss 0.00019354
Epoch  45|time: 0.09s|train_loss 0.00016413|val_loss 0.00018381
Epoch  46|time: 0.09s|train_loss 0.00020321|val_loss 0.00017521
Best validation epoch: 46 Sat May 13 00:54:19 2023
TEST MAE 0.2166 std 0.0601 RMSE 0.3339 RMSEs 0.3207 PCC 0.9355 PCCs 0.9061 R2 0.8748 R2s 0.8135 Var 0.8748 Vars 0.8160 Peak 0.1284
Epoch  47|time: 0.09s|train_loss 0.00016891|val_loss 0.00017791
Epoch  48|time: 0.09s|train_loss 0.00017415|val_loss 0.00017628
Epoch  49|time: 0.09s|train_loss 0.00017185|val_loss 0.00017546
Epoch  50|time: 0.09s|train_loss 0.00016028|val_loss 0.00018104
Epoch  51|time: 0.09s|train_loss 0.00016679|val_loss 0.00018821
Epoch  52|time: 0.09s|train_loss 0.00017027|val_loss 0.00018145
Epoch  53|time: 0.09s|train_loss 0.00018843|val_loss 0.00019275
Epoch  54|time: 0.09s|train_loss 0.00019015|val_loss 0.00017754
Epoch  55|time: 0.09s|train_loss 0.00017284|val_loss 0.00018187
Epoch  56|time: 0.09s|train_loss 0.00017616|val_loss 0.00019222
Epoch  57|time: 0.09s|train_loss 0.00017307|val_loss 0.00019578
Epoch  58|time: 0.09s|train_loss 0.00017709|val_loss 0.00017554
Epoch  59|time: 0.09s|train_loss 0.00018368|val_loss 0.00018055
Epoch  60|time: 0.09s|train_loss 0.00017693|val_loss 0.00021102
Epoch  61|time: 0.09s|train_loss 0.00018869|val_loss 0.00021153
Epoch  62|time: 0.09s|train_loss 0.00018785|val_loss 0.00017689
Epoch  63|time: 0.12s|train_loss 0.00016094|val_loss 0.00017706
Epoch  64|time: 0.09s|train_loss 0.00017651|val_loss 0.00017750
Epoch  65|time: 0.09s|train_loss 0.00018394|val_loss 0.00017653
Epoch  66|time: 0.09s|train_loss 0.00016759|val_loss 0.00020620
Epoch  67|time: 0.09s|train_loss 0.00017640|val_loss 0.00021460
Epoch  68|time: 0.09s|train_loss 0.00018392|val_loss 0.00022612
Epoch  69|time: 0.09s|train_loss 0.00018834|val_loss 0.00023115
Epoch  70|time: 0.09s|train_loss 0.00019142|val_loss 0.00021437
Epoch  71|time: 0.09s|train_loss 0.00019804|val_loss 0.00021029
Epoch  72|time: 0.09s|train_loss 0.00018317|val_loss 0.00017756
Epoch  73|time: 0.09s|train_loss 0.00016723|val_loss 0.00017635
Epoch  74|time: 0.09s|train_loss 0.00018786|val_loss 0.00018903
Epoch  75|time: 0.09s|train_loss 0.00017794|val_loss 0.00017539
Epoch  76|time: 0.09s|train_loss 0.00016726|val_loss 0.00017586
Epoch  77|time: 0.09s|train_loss 0.00016694|val_loss 0.00019602
Epoch  78|time: 0.09s|train_loss 0.00019058|val_loss 0.00018341
Epoch  79|time: 0.09s|train_loss 0.00016619|val_loss 0.00018381
Epoch  80|time: 0.09s|train_loss 0.00016185|val_loss 0.00017836
Epoch  81|time: 0.09s|train_loss 0.00016689|val_loss 0.00017436
Best validation epoch: 81 Sat May 13 00:54:22 2023
TEST MAE 0.2146 std 0.0606 RMSE 0.3306 RMSEs 0.3173 PCC 0.9375 PCCs 0.9095 R2 0.8772 R2s 0.8172 Var 0.8778 Vars 0.8210 Peak 0.1246
Epoch  82|time: 0.09s|train_loss 0.00016465|val_loss 0.00017556
Epoch  83|time: 0.09s|train_loss 0.00016107|val_loss 0.00017464
Epoch  84|time: 0.09s|train_loss 0.00015848|val_loss 0.00017288
Best validation epoch: 84 Sat May 13 00:54:22 2023
TEST MAE 0.2122 std 0.0596 RMSE 0.3286 RMSEs 0.3152 PCC 0.9376 PCCs 0.9098 R2 0.8787 R2s 0.8200 Var 0.8787 Vars 0.8223 Peak 0.1247
Epoch  85|time: 0.09s|train_loss 0.00016215|val_loss 0.00017404
Epoch  86|time: 0.09s|train_loss 0.00016690|val_loss 0.00020152
Epoch  87|time: 0.09s|train_loss 0.00016970|val_loss 0.00019855
Epoch  88|time: 0.09s|train_loss 0.00017644|val_loss 0.00021935
Epoch  89|time: 0.09s|train_loss 0.00016522|val_loss 0.00018859
Epoch  90|time: 0.09s|train_loss 0.00017744|val_loss 0.00017446
Epoch  91|time: 0.09s|train_loss 0.00017018|val_loss 0.00017754
Epoch  92|time: 0.09s|train_loss 0.00015958|val_loss 0.00017564
Epoch  93|time: 0.09s|train_loss 0.00016186|val_loss 0.00017409
Epoch  94|time: 0.09s|train_loss 0.00019715|val_loss 0.00017453
Epoch  95|time: 0.09s|train_loss 0.00017013|val_loss 0.00017287
Best validation epoch: 95 Sat May 13 00:54:23 2023
TEST MAE 0.2146 std 0.0606 RMSE 0.3298 RMSEs 0.3163 PCC 0.9382 PCCs 0.9109 R2 0.8778 R2s 0.8185 Var 0.8783 Vars 0.8221 Peak 0.1238
Epoch  96|time: 0.09s|train_loss 0.00018051|val_loss 0.00017369
Epoch  97|time: 0.09s|train_loss 0.00015880|val_loss 0.00018156
Epoch  98|time: 0.09s|train_loss 0.00015451|val_loss 0.00017416
Epoch  99|time: 0.09s|train_loss 0.00016789|val_loss 0.00017640
Epoch 100|time: 0.09s|train_loss 0.00016551|val_loss 0.00017426
Epoch 101|time: 0.09s|train_loss 0.00017245|val_loss 0.00017474
Epoch 102|time: 0.09s|train_loss 0.00016355|val_loss 0.00018247
Epoch 103|time: 0.09s|train_loss 0.00019944|val_loss 0.00019623
Epoch 104|time: 0.09s|train_loss 0.00019462|val_loss 0.00019055
Epoch 105|time: 0.09s|train_loss 0.00018998|val_loss 0.00018917
Epoch 106|time: 0.09s|train_loss 0.00018676|val_loss 0.00020559
Epoch 107|time: 0.09s|train_loss 0.00019474|val_loss 0.00021405
Epoch 108|time: 0.09s|train_loss 0.00018455|val_loss 0.00018228
Epoch 109|time: 0.09s|train_loss 0.00017633|val_loss 0.00017671
Epoch 110|time: 0.09s|train_loss 0.00018154|val_loss 0.00017362
Epoch 111|time: 0.09s|train_loss 0.00016019|val_loss 0.00018242
Epoch 112|time: 0.09s|train_loss 0.00017520|val_loss 0.00017656
Epoch 113|time: 0.09s|train_loss 0.00019863|val_loss 0.00021234
Epoch 114|time: 0.09s|train_loss 0.00019216|val_loss 0.00017121
Best validation epoch: 114 Sat May 13 00:54:25 2023
TEST MAE 0.2149 std 0.0587 RMSE 0.3332 RMSEs 0.3200 PCC 0.9366 PCCs 0.9103 R2 0.8753 R2s 0.8137 Var 0.8760 Vars 0.8196 Peak 0.1232
Epoch 115|time: 0.09s|train_loss 0.00017105|val_loss 0.00017592
Epoch 116|time: 0.09s|train_loss 0.00017512|val_loss 0.00017724
Epoch 117|time: 0.09s|train_loss 0.00017280|val_loss 0.00017778
Epoch 118|time: 0.09s|train_loss 0.00016230|val_loss 0.00017505
Epoch 119|time: 0.09s|train_loss 0.00016471|val_loss 0.00017513
Epoch 120|time: 0.09s|train_loss 0.00015829|val_loss 0.00018312
Epoch 121|time: 0.09s|train_loss 0.00019444|val_loss 0.00017404
Epoch 122|time: 0.09s|train_loss 0.00018253|val_loss 0.00018476
Epoch 123|time: 0.09s|train_loss 0.00018766|val_loss 0.00017333
Epoch 124|time: 0.09s|train_loss 0.00019493|val_loss 0.00018298
Epoch 125|time: 0.09s|train_loss 0.00017239|val_loss 0.00017387
Epoch 126|time: 0.09s|train_loss 0.00016212|val_loss 0.00018112
Epoch 127|time: 0.09s|train_loss 0.00017789|val_loss 0.00017960
Epoch 128|time: 0.09s|train_loss 0.00017112|val_loss 0.00017752
Epoch 129|time: 0.09s|train_loss 0.00018190|val_loss 0.00018084
Epoch 130|time: 0.09s|train_loss 0.00018895|val_loss 0.00017793
Epoch 131|time: 0.09s|train_loss 0.00016616|val_loss 0.00017660
Epoch 132|time: 0.09s|train_loss 0.00016672|val_loss 0.00020463
Epoch 133|time: 0.09s|train_loss 0.00017401|val_loss 0.00020846
Epoch 134|time: 0.09s|train_loss 0.00016897|val_loss 0.00019497
Epoch 135|time: 0.09s|train_loss 0.00017557|val_loss 0.00019727
Epoch 136|time: 0.09s|train_loss 0.00017603|val_loss 0.00019461
Epoch 137|time: 0.09s|train_loss 0.00016599|val_loss 0.00020876
Epoch 138|time: 0.09s|train_loss 0.00016487|val_loss 0.00017159
Epoch 139|time: 0.09s|train_loss 0.00020727|val_loss 0.00017370
Epoch 140|time: 0.09s|train_loss 0.00019256|val_loss 0.00017136
Epoch 141|time: 0.09s|train_loss 0.00017489|val_loss 0.00018029
Epoch 142|time: 0.09s|train_loss 0.00017402|val_loss 0.00017410
Epoch 143|time: 0.09s|train_loss 0.00017536|val_loss 0.00017268
Epoch 144|time: 0.09s|train_loss 0.00016185|val_loss 0.00018131
Epoch 145|time: 0.09s|train_loss 0.00016503|val_loss 0.00018222
Epoch 146|time: 0.09s|train_loss 0.00016201|val_loss 0.00017452
Epoch 147|time: 0.09s|train_loss 0.00016179|val_loss 0.00017898
Epoch 148|time: 0.09s|train_loss 0.00016512|val_loss 0.00017323
Epoch 149|time: 0.09s|train_loss 0.00019033|val_loss 0.00018374
Epoch 150|time: 0.09s|train_loss 0.00018124|val_loss 0.00018447
Epoch 151|time: 0.09s|train_loss 0.00018801|val_loss 0.00017282
Epoch 152|time: 0.09s|train_loss 0.00015618|val_loss 0.00016884
Best validation epoch: 152 Sat May 13 00:54:28 2023
TEST MAE 0.2079 std 0.0578 RMSE 0.3277 RMSEs 0.3142 PCC 0.9378 PCCs 0.9120 R2 0.8793 R2s 0.8215 Var 0.8794 Vars 0.8250 Peak 0.1217
Epoch 153|time: 0.09s|train_loss 0.00015504|val_loss 0.00017134
Epoch 154|time: 0.09s|train_loss 0.00016566|val_loss 0.00017206
Epoch 155|time: 0.09s|train_loss 0.00016094|val_loss 0.00017241
Epoch 156|time: 0.09s|train_loss 0.00015821|val_loss 0.00017269
Epoch 157|time: 0.09s|train_loss 0.00017334|val_loss 0.00017095
Epoch 158|time: 0.09s|train_loss 0.00015892|val_loss 0.00017682
Epoch 159|time: 0.09s|train_loss 0.00016924|val_loss 0.00017795
Epoch 160|time: 0.09s|train_loss 0.00016456|val_loss 0.00017665
Epoch 161|time: 0.09s|train_loss 0.00016582|val_loss 0.00018253
Epoch 162|time: 0.09s|train_loss 0.00018942|val_loss 0.00017278
Epoch 163|time: 0.09s|train_loss 0.00017214|val_loss 0.00020974
Epoch 164|time: 0.09s|train_loss 0.00018242|val_loss 0.00018651
Epoch 165|time: 0.09s|train_loss 0.00016771|val_loss 0.00018727
Epoch 166|time: 0.09s|train_loss 0.00017382|val_loss 0.00017722
Epoch 167|time: 0.09s|train_loss 0.00017816|val_loss 0.00017105
Epoch 168|time: 0.09s|train_loss 0.00019002|val_loss 0.00022405
Epoch 169|time: 0.09s|train_loss 0.00020378|val_loss 0.00018245
Epoch 170|time: 0.09s|train_loss 0.00016423|val_loss 0.00019948
Epoch 171|time: 0.09s|train_loss 0.00017027|val_loss 0.00020727
Epoch 172|time: 0.09s|train_loss 0.00017049|val_loss 0.00017725
Epoch 173|time: 0.09s|train_loss 0.00017915|val_loss 0.00017356
Epoch 174|time: 0.09s|train_loss 0.00016614|val_loss 0.00018170
Epoch 175|time: 0.09s|train_loss 0.00017767|val_loss 0.00019020
Epoch 176|time: 0.09s|train_loss 0.00017492|val_loss 0.00018690
Epoch 177|time: 0.09s|train_loss 0.00017307|val_loss 0.00016962
Epoch 178|time: 0.09s|train_loss 0.00016358|val_loss 0.00017636
Epoch 179|time: 0.09s|train_loss 0.00018337|val_loss 0.00016975
Epoch 180|time: 0.09s|train_loss 0.00016632|val_loss 0.00017465
Epoch 181|time: 0.09s|train_loss 0.00016463|val_loss 0.00017876
Epoch 182|time: 0.09s|train_loss 0.00017361|val_loss 0.00023444
Epoch 183|time: 0.09s|train_loss 0.00019465|val_loss 0.00018310
Epoch 184|time: 0.09s|train_loss 0.00017140|val_loss 0.00016922
Epoch 185|time: 0.09s|train_loss 0.00016120|val_loss 0.00018147
Epoch 186|time: 0.09s|train_loss 0.00017659|val_loss 0.00018511
Epoch 187|time: 0.09s|train_loss 0.00017312|val_loss 0.00020120
Epoch 188|time: 0.09s|train_loss 0.00017268|val_loss 0.00018502
Epoch 189|time: 0.09s|train_loss 0.00015931|val_loss 0.00019440
Epoch 190|time: 0.09s|train_loss 0.00016498|val_loss 0.00019421
Epoch 191|time: 0.09s|train_loss 0.00019841|val_loss 0.00017206
Epoch 192|time: 0.09s|train_loss 0.00017201|val_loss 0.00016931
Epoch 193|time: 0.09s|train_loss 0.00016084|val_loss 0.00017811
Epoch 194|time: 0.09s|train_loss 0.00016180|val_loss 0.00017163
Epoch 195|time: 0.09s|train_loss 0.00017202|val_loss 0.00017687
Epoch 196|time: 0.09s|train_loss 0.00017765|val_loss 0.00017154
Epoch 197|time: 0.09s|train_loss 0.00017276|val_loss 0.00018919
Epoch 198|time: 0.09s|train_loss 0.00016114|val_loss 0.00017270
Epoch 199|time: 0.09s|train_loss 0.00016168|val_loss 0.00017044
Epoch 200|time: 0.09s|train_loss 0.00015768|val_loss 0.00018137
Epoch 201|time: 0.09s|train_loss 0.00015903|val_loss 0.00018086
Epoch 202|time: 0.09s|train_loss 0.00020555|val_loss 0.00019460
Epoch 203|time: 0.09s|train_loss 0.00016790|val_loss 0.00017862
Epoch 204|time: 0.09s|train_loss 0.00018054|val_loss 0.00017662
Epoch 205|time: 0.09s|train_loss 0.00015515|val_loss 0.00017652
Epoch 206|time: 0.09s|train_loss 0.00016509|val_loss 0.00017293
Epoch 207|time: 0.09s|train_loss 0.00016327|val_loss 0.00017227
Epoch 208|time: 0.09s|train_loss 0.00016637|val_loss 0.00016883
Best validation epoch: 208 Sat May 13 00:54:34 2023
TEST MAE 0.2138 std 0.0595 RMSE 0.3412 RMSEs 0.3275 PCC 0.9346 PCCs 0.9071 R2 0.8692 R2s 0.8037 Var 0.8698 Vars 0.8081 Peak 0.1245
Epoch 209|time: 0.09s|train_loss 0.00016112|val_loss 0.00016955
Epoch 210|time: 0.09s|train_loss 0.00015858|val_loss 0.00019844
Epoch 211|time: 0.09s|train_loss 0.00016545|val_loss 0.00018159
Epoch 212|time: 0.09s|train_loss 0.00016555|val_loss 0.00017999
Epoch 213|time: 0.09s|train_loss 0.00017252|val_loss 0.00017558
Epoch 214|time: 0.09s|train_loss 0.00017520|val_loss 0.00016864
Best validation epoch: 214 Sat May 13 00:54:34 2023
TEST MAE 0.2298 std 0.0675 RMSE 0.3545 RMSEs 0.3402 PCC 0.9349 PCCs 0.9078 R2 0.8588 R2s 0.7865 Var 0.8657 Vars 0.8037 Peak 0.1286
Epoch 215|time: 0.09s|train_loss 0.00016978|val_loss 0.00017291
Epoch 216|time: 0.09s|train_loss 0.00017345|val_loss 0.00020097
Epoch 217|time: 0.09s|train_loss 0.00017953|val_loss 0.00017514
Epoch 218|time: 0.09s|train_loss 0.00018173|val_loss 0.00017632
Epoch 219|time: 0.09s|train_loss 0.00018172|val_loss 0.00021202
Epoch 220|time: 0.09s|train_loss 0.00016814|val_loss 0.00019479
Epoch 221|time: 0.09s|train_loss 0.00018259|val_loss 0.00017167
Epoch 222|time: 0.09s|train_loss 0.00017321|val_loss 0.00018461
Epoch 223|time: 0.09s|train_loss 0.00016908|val_loss 0.00018586
Epoch 224|time: 0.09s|train_loss 0.00017548|val_loss 0.00017297
Epoch 225|time: 0.09s|train_loss 0.00017260|val_loss 0.00017049
Epoch 226|time: 0.09s|train_loss 0.00015499|val_loss 0.00016739
Best validation epoch: 226 Sat May 13 00:54:35 2023
TEST MAE 0.2239 std 0.0639 RMSE 0.3533 RMSEs 0.3390 PCC 0.9334 PCCs 0.9054 R2 0.8597 R2s 0.7886 Var 0.8639 Vars 0.8008 Peak 0.1295
Epoch 227|time: 0.09s|train_loss 0.00018199|val_loss 0.00018005
Epoch 228|time: 0.09s|train_loss 0.00016173|val_loss 0.00018567
Epoch 229|time: 0.09s|train_loss 0.00018964|val_loss 0.00016701
Best validation epoch: 229 Sat May 13 00:54:35 2023
TEST MAE 0.2355 std 0.0704 RMSE 0.3618 RMSEs 0.3467 PCC 0.9336 PCCs 0.9047 R2 0.8530 R2s 0.7780 Var 0.8622 Vars 0.7987 Peak 0.1304
Epoch 230|time: 0.09s|train_loss 0.00016664|val_loss 0.00016695
Best validation epoch: 230 Sat May 13 00:54:36 2023
TEST MAE 0.2252 std 0.0663 RMSE 0.3546 RMSEs 0.3398 PCC 0.9336 PCCs 0.9056 R2 0.8587 R2s 0.7880 Var 0.8631 Vars 0.7999 Peak 0.1301
Epoch 231|time: 0.09s|train_loss 0.00016175|val_loss 0.00017807
Epoch 232|time: 0.09s|train_loss 0.00017346|val_loss 0.00017324
Epoch 233|time: 0.09s|train_loss 0.00016223|val_loss 0.00017326
Epoch 234|time: 0.09s|train_loss 0.00016354|val_loss 0.00017862
Epoch 235|time: 0.09s|train_loss 0.00015808|val_loss 0.00017290
Epoch 236|time: 0.09s|train_loss 0.00015725|val_loss 0.00019437
Epoch 237|time: 0.09s|train_loss 0.00017149|val_loss 0.00018235
Epoch 238|time: 0.09s|train_loss 0.00017160|val_loss 0.00018304
Epoch 239|time: 0.09s|train_loss 0.00020709|val_loss 0.00017936
Epoch 240|time: 0.09s|train_loss 0.00017811|val_loss 0.00019887
Epoch 241|time: 0.09s|train_loss 0.00017179|val_loss 0.00019354
Epoch 242|time: 0.09s|train_loss 0.00016597|val_loss 0.00016536
Best validation epoch: 242 Sat May 13 00:54:37 2023
TEST MAE 0.2228 std 0.0633 RMSE 0.3523 RMSEs 0.3380 PCC 0.9319 PCCs 0.9029 R2 0.8606 R2s 0.7906 Var 0.8615 Vars 0.7954 Peak 0.1280
Epoch 243|time: 0.09s|train_loss 0.00016702|val_loss 0.00016691
Epoch 244|time: 0.09s|train_loss 0.00016889|val_loss 0.00020020
Epoch 245|time: 0.09s|train_loss 0.00017218|val_loss 0.00016447
Best validation epoch: 245 Sat May 13 00:54:37 2023
TEST MAE 0.2329 std 0.0734 RMSE 0.3721 RMSEs 0.3544 PCC 0.9317 PCCs 0.9048 R2 0.8445 R2s 0.7696 Var 0.8485 Vars 0.7797 Peak 0.1361
Epoch 246|time: 0.09s|train_loss 0.00016941|val_loss 0.00017979
Epoch 247|time: 0.09s|train_loss 0.00015759|val_loss 0.00018538
Epoch 248|time: 0.09s|train_loss 0.00015983|val_loss 0.00017215
Epoch 249|time: 0.09s|train_loss 0.00015534|val_loss 0.00017181
Epoch 250|time: 0.09s|train_loss 0.00016606|val_loss 0.00016386
Best validation epoch: 250 Sat May 13 00:54:37 2023
TEST MAE 0.2257 std 0.0641 RMSE 0.3589 RMSEs 0.3445 PCC 0.9303 PCCs 0.9004 R2 0.8553 R2s 0.7817 Var 0.8569 Vars 0.7878 Peak 0.1303
Epoch 251|time: 0.09s|train_loss 0.00015226|val_loss 0.00016482
Epoch 252|time: 0.09s|train_loss 0.00015331|val_loss 0.00017463
Epoch 253|time: 0.09s|train_loss 0.00016459|val_loss 0.00016784
Epoch 254|time: 0.09s|train_loss 0.00015643|val_loss 0.00017482
Epoch 255|time: 0.09s|train_loss 0.00016325|val_loss 0.00016291
Best validation epoch: 255 Sat May 13 00:54:38 2023
TEST MAE 0.2217 std 0.0600 RMSE 0.3562 RMSEs 0.3430 PCC 0.9276 PCCs 0.8959 R2 0.8575 R2s 0.7839 Var 0.8576 Vars 0.7876 Peak 0.1311
Epoch 256|time: 0.09s|train_loss 0.00016860|val_loss 0.00017144
Epoch 257|time: 0.09s|train_loss 0.00015353|val_loss 0.00018541
Epoch 258|time: 0.09s|train_loss 0.00019121|val_loss 0.00017763
Epoch 259|time: 0.09s|train_loss 0.00015982|val_loss 0.00017588
Epoch 260|time: 0.09s|train_loss 0.00016095|val_loss 0.00017593
Epoch 261|time: 0.09s|train_loss 0.00017783|val_loss 0.00019914
Epoch 262|time: 0.09s|train_loss 0.00016382|val_loss 0.00017387
Epoch 263|time: 0.09s|train_loss 0.00015895|val_loss 0.00017766
Epoch 264|time: 0.09s|train_loss 0.00017417|val_loss 0.00017962
Epoch 265|time: 0.09s|train_loss 0.00016112|val_loss 0.00017178
Epoch 266|time: 0.09s|train_loss 0.00016939|val_loss 0.00017755
Epoch 267|time: 0.09s|train_loss 0.00017416|val_loss 0.00016558
Epoch 268|time: 0.09s|train_loss 0.00015638|val_loss 0.00017603
Epoch 269|time: 0.09s|train_loss 0.00016021|val_loss 0.00018790
Epoch 270|time: 0.10s|train_loss 0.00015496|val_loss 0.00017541
Epoch 271|time: 0.09s|train_loss 0.00015446|val_loss 0.00016876
Epoch 272|time: 0.09s|train_loss 0.00016303|val_loss 0.00016717
Epoch 273|time: 0.09s|train_loss 0.00015519|val_loss 0.00017651
Epoch 274|time: 0.09s|train_loss 0.00017840|val_loss 0.00016721
Epoch 275|time: 0.09s|train_loss 0.00015757|val_loss 0.00017435
Epoch 276|time: 0.09s|train_loss 0.00018177|val_loss 0.00017487
Epoch 277|time: 0.09s|train_loss 0.00015160|val_loss 0.00016591
Epoch 278|time: 0.09s|train_loss 0.00015722|val_loss 0.00017539
Epoch 279|time: 0.09s|train_loss 0.00016365|val_loss 0.00015984
Best validation epoch: 279 Sat May 13 00:54:40 2023
TEST MAE 0.2453 std 0.0728 RMSE 0.3832 RMSEs 0.3681 PCC 0.9284 PCCs 0.9014 R2 0.8350 R2s 0.7451 Var 0.8463 Vars 0.7734 Peak 0.1389
Epoch 280|time: 0.09s|train_loss 0.00016926|val_loss 0.00017374
Epoch 281|time: 0.09s|train_loss 0.00017147|val_loss 0.00017012
Epoch 282|time: 0.09s|train_loss 0.00015730|val_loss 0.00016269
Epoch 283|time: 0.09s|train_loss 0.00016735|val_loss 0.00017006
Epoch 284|time: 0.09s|train_loss 0.00015755|val_loss 0.00017371
Epoch 285|time: 0.09s|train_loss 0.00016739|val_loss 0.00017729
Epoch 286|time: 0.09s|train_loss 0.00018631|val_loss 0.00016491
Epoch 287|time: 0.09s|train_loss 0.00018089|val_loss 0.00016261
Epoch 288|time: 0.09s|train_loss 0.00017757|val_loss 0.00017320
Epoch 289|time: 0.09s|train_loss 0.00016520|val_loss 0.00017638
Epoch 290|time: 0.09s|train_loss 0.00015842|val_loss 0.00016371
Epoch 291|time: 0.09s|train_loss 0.00015420|val_loss 0.00016630
Epoch 292|time: 0.09s|train_loss 0.00014782|val_loss 0.00016974
Epoch 293|time: 0.09s|train_loss 0.00015763|val_loss 0.00016465
Epoch 294|time: 0.09s|train_loss 0.00016356|val_loss 0.00016746
Epoch 295|time: 0.09s|train_loss 0.00017492|val_loss 0.00017851
Epoch 296|time: 0.09s|train_loss 0.00017694|val_loss 0.00017700
Epoch 297|time: 0.09s|train_loss 0.00016460|val_loss 0.00017863
Epoch 298|time: 0.09s|train_loss 0.00015687|val_loss 0.00018461
Epoch 299|time: 0.09s|train_loss 0.00016355|val_loss 0.00018136
Epoch 300|time: 0.09s|train_loss 0.00019020|val_loss 0.00016899
Epoch 301|time: 0.09s|train_loss 0.00016447|val_loss 0.00018309
Epoch 302|time: 0.09s|train_loss 0.00016608|val_loss 0.00019654
Epoch 303|time: 0.09s|train_loss 0.00017087|val_loss 0.00016790
Epoch 304|time: 0.09s|train_loss 0.00016805|val_loss 0.00016623
Epoch 305|time: 0.09s|train_loss 0.00015451|val_loss 0.00016927
Epoch 306|time: 0.09s|train_loss 0.00015676|val_loss 0.00016110
Epoch 307|time: 0.09s|train_loss 0.00018205|val_loss 0.00016966
Epoch 308|time: 0.09s|train_loss 0.00015690|val_loss 0.00016829
Epoch 309|time: 0.09s|train_loss 0.00018022|val_loss 0.00016528
Epoch 310|time: 0.09s|train_loss 0.00015642|val_loss 0.00016895
Epoch 311|time: 0.09s|train_loss 0.00016388|val_loss 0.00017156
Epoch 312|time: 0.09s|train_loss 0.00015506|val_loss 0.00017128
Epoch 313|time: 0.09s|train_loss 0.00015631|val_loss 0.00018357
Epoch 314|time: 0.09s|train_loss 0.00016929|val_loss 0.00016725
Epoch 315|time: 0.09s|train_loss 0.00015529|val_loss 0.00016665
Epoch 316|time: 0.09s|train_loss 0.00015676|val_loss 0.00016212
Epoch 317|time: 0.09s|train_loss 0.00015119|val_loss 0.00016636
Epoch 318|time: 0.09s|train_loss 0.00015683|val_loss 0.00016326
Epoch 319|time: 0.09s|train_loss 0.00015456|val_loss 0.00016338
Epoch 320|time: 0.09s|train_loss 0.00017674|val_loss 0.00017712
Epoch 321|time: 0.09s|train_loss 0.00016498|val_loss 0.00016744
Epoch 322|time: 0.09s|train_loss 0.00016413|val_loss 0.00017834
Epoch 323|time: 0.09s|train_loss 0.00016929|val_loss 0.00016967
Epoch 324|time: 0.09s|train_loss 0.00015617|val_loss 0.00017080
Epoch 325|time: 0.09s|train_loss 0.00016740|val_loss 0.00018600
Epoch 326|time: 0.09s|train_loss 0.00015442|val_loss 0.00016551
Epoch 327|time: 0.09s|train_loss 0.00016771|val_loss 0.00019437
Epoch 328|time: 0.09s|train_loss 0.00016857|val_loss 0.00016737
Epoch 329|time: 0.09s|train_loss 0.00017997|val_loss 0.00018246
Epoch 330|time: 0.09s|train_loss 0.00015289|val_loss 0.00019131
Epoch 331|time: 0.09s|train_loss 0.00015442|val_loss 0.00018700
Epoch 332|time: 0.09s|train_loss 0.00016626|val_loss 0.00016427
Epoch 333|time: 0.09s|train_loss 0.00017177|val_loss 0.00017096
Epoch 334|time: 0.09s|train_loss 0.00017927|val_loss 0.00017333
Epoch 335|time: 0.09s|train_loss 0.00016751|val_loss 0.00017786
Epoch 336|time: 0.09s|train_loss 0.00017391|val_loss 0.00016497
Epoch 337|time: 0.09s|train_loss 0.00016495|val_loss 0.00016601
Epoch 338|time: 0.09s|train_loss 0.00016894|val_loss 0.00018725
Epoch 339|time: 0.09s|train_loss 0.00016540|val_loss 0.00017098
Epoch 340|time: 0.09s|train_loss 0.00015656|val_loss 0.00016675
Epoch 341|time: 0.09s|train_loss 0.00015809|val_loss 0.00016144
Epoch 342|time: 0.09s|train_loss 0.00017580|val_loss 0.00016067
Epoch 343|time: 0.09s|train_loss 0.00015621|val_loss 0.00016992
Epoch 344|time: 0.09s|train_loss 0.00016662|val_loss 0.00020113
Epoch 345|time: 0.09s|train_loss 0.00017948|val_loss 0.00017087
Epoch 346|time: 0.09s|train_loss 0.00015790|val_loss 0.00016271
Epoch 347|time: 0.09s|train_loss 0.00015487|val_loss 0.00017194
Epoch 348|time: 0.09s|train_loss 0.00016275|val_loss 0.00018335
Epoch 349|time: 0.09s|train_loss 0.00015763|val_loss 0.00017225
Epoch 350|time: 0.09s|train_loss 0.00015368|val_loss 0.00017376
Epoch 351|time: 0.09s|train_loss 0.00015789|val_loss 0.00016733
Epoch 352|time: 0.09s|train_loss 0.00015139|val_loss 0.00015960
Best validation epoch: 352 Sat May 13 00:54:47 2023
TEST MAE 0.2346 std 0.0675 RMSE 0.3840 RMSEs 0.3684 PCC 0.9216 PCCs 0.8907 R2 0.8344 R2s 0.7477 Var 0.8369 Vars 0.7576 Peak 0.1422
Epoch 353|time: 0.09s|train_loss 0.00015206|val_loss 0.00016471
Epoch 354|time: 0.09s|train_loss 0.00015396|val_loss 0.00016234
Epoch 355|time: 0.09s|train_loss 0.00015460|val_loss 0.00017104
Epoch 356|time: 0.09s|train_loss 0.00015098|val_loss 0.00016399
Epoch 357|time: 0.09s|train_loss 0.00014936|val_loss 0.00016468
Epoch 358|time: 0.09s|train_loss 0.00015006|val_loss 0.00016274
Epoch 359|time: 0.09s|train_loss 0.00017209|val_loss 0.00017021
Epoch 360|time: 0.09s|train_loss 0.00015989|val_loss 0.00017449
Epoch 361|time: 0.09s|train_loss 0.00015847|val_loss 0.00018039
Epoch 362|time: 0.09s|train_loss 0.00017212|val_loss 0.00017293
Epoch 363|time: 0.09s|train_loss 0.00016556|val_loss 0.00018653
Epoch 364|time: 0.09s|train_loss 0.00015764|val_loss 0.00016733
Epoch 365|time: 0.09s|train_loss 0.00016156|val_loss 0.00016388
Epoch 366|time: 0.09s|train_loss 0.00014958|val_loss 0.00016317
Epoch 367|time: 0.09s|train_loss 0.00015532|val_loss 0.00017677
Epoch 368|time: 0.09s|train_loss 0.00015146|val_loss 0.00017615
Epoch 369|time: 0.09s|train_loss 0.00015845|val_loss 0.00020046
Epoch 370|time: 0.09s|train_loss 0.00017043|val_loss 0.00016966
Epoch 371|time: 0.09s|train_loss 0.00015680|val_loss 0.00016315
Epoch 372|time: 0.09s|train_loss 0.00015739|val_loss 0.00018721
Epoch 373|time: 0.09s|train_loss 0.00016179|val_loss 0.00017103
Epoch 374|time: 0.09s|train_loss 0.00016691|val_loss 0.00021222
Epoch 375|time: 0.09s|train_loss 0.00016516|val_loss 0.00017369
Epoch 376|time: 0.09s|train_loss 0.00015812|val_loss 0.00016297
Epoch 377|time: 0.09s|train_loss 0.00014453|val_loss 0.00016188
Epoch 378|time: 0.09s|train_loss 0.00014714|val_loss 0.00016154
Epoch 379|time: 0.09s|train_loss 0.00014637|val_loss 0.00016276
Epoch 380|time: 0.09s|train_loss 0.00015409|val_loss 0.00017315
Epoch 381|time: 0.09s|train_loss 0.00016842|val_loss 0.00016793
Epoch 382|time: 0.09s|train_loss 0.00015350|val_loss 0.00016297
Epoch 383|time: 0.09s|train_loss 0.00014691|val_loss 0.00017655
Epoch 384|time: 0.09s|train_loss 0.00015381|val_loss 0.00016547
Epoch 385|time: 0.09s|train_loss 0.00014828|val_loss 0.00016662
Epoch 386|time: 0.09s|train_loss 0.00015024|val_loss 0.00016549
Epoch 387|time: 0.09s|train_loss 0.00015619|val_loss 0.00016108
Epoch 388|time: 0.09s|train_loss 0.00014148|val_loss 0.00017829
Epoch 389|time: 0.09s|train_loss 0.00015195|val_loss 0.00016736
Epoch 390|time: 0.09s|train_loss 0.00014006|val_loss 0.00017519
Epoch 391|time: 0.09s|train_loss 0.00014618|val_loss 0.00017756
Epoch 392|time: 0.09s|train_loss 0.00015027|val_loss 0.00016427
Epoch 393|time: 0.09s|train_loss 0.00015837|val_loss 0.00017001
Epoch 394|time: 0.09s|train_loss 0.00015886|val_loss 0.00017048
Epoch 395|time: 0.09s|train_loss 0.00016094|val_loss 0.00017704
Epoch 396|time: 0.09s|train_loss 0.00018898|val_loss 0.00016597
Epoch 397|time: 0.09s|train_loss 0.00015166|val_loss 0.00018453
Epoch 398|time: 0.09s|train_loss 0.00015624|val_loss 0.00018508
Epoch 399|time: 0.09s|train_loss 0.00015946|val_loss 0.00016395
Epoch 400|time: 0.09s|train_loss 0.00014343|val_loss 0.00016049
Epoch 401|time: 0.09s|train_loss 0.00014698|val_loss 0.00016532
Epoch 402|time: 0.09s|train_loss 0.00015043|val_loss 0.00016285
Epoch 403|time: 0.09s|train_loss 0.00014568|val_loss 0.00016962
Epoch 404|time: 0.09s|train_loss 0.00015535|val_loss 0.00016425
Epoch 405|time: 0.09s|train_loss 0.00014599|val_loss 0.00016870
Epoch 406|time: 0.09s|train_loss 0.00016194|val_loss 0.00016615
Epoch 407|time: 0.09s|train_loss 0.00015319|val_loss 0.00016296
Epoch 408|time: 0.09s|train_loss 0.00018255|val_loss 0.00020552
Epoch 409|time: 0.09s|train_loss 0.00016283|val_loss 0.00016306
Epoch 410|time: 0.09s|train_loss 0.00014963|val_loss 0.00016204
Epoch 411|time: 0.09s|train_loss 0.00016752|val_loss 0.00016686
Epoch 412|time: 0.09s|train_loss 0.00014438|val_loss 0.00016460
Epoch 413|time: 0.09s|train_loss 0.00014729|val_loss 0.00017445
Epoch 414|time: 0.09s|train_loss 0.00014179|val_loss 0.00017204
Epoch 415|time: 0.09s|train_loss 0.00015107|val_loss 0.00018155
Epoch 416|time: 0.09s|train_loss 0.00015968|val_loss 0.00016467
Epoch 417|time: 0.09s|train_loss 0.00015759|val_loss 0.00016169
Epoch 418|time: 0.09s|train_loss 0.00015048|val_loss 0.00016427
Epoch 419|time: 0.09s|train_loss 0.00016705|val_loss 0.00017394
Epoch 420|time: 0.09s|train_loss 0.00019209|val_loss 0.00019964
Epoch 421|time: 0.09s|train_loss 0.00016572|val_loss 0.00017816
Epoch 422|time: 0.09s|train_loss 0.00017039|val_loss 0.00017925
Epoch 423|time: 0.09s|train_loss 0.00015559|val_loss 0.00016443
Epoch 424|time: 0.09s|train_loss 0.00015564|val_loss 0.00016389
Epoch 425|time: 0.09s|train_loss 0.00014753|val_loss 0.00016875
Epoch 426|time: 0.09s|train_loss 0.00014395|val_loss 0.00016976
Epoch 427|time: 0.09s|train_loss 0.00015332|val_loss 0.00016703
Epoch 428|time: 0.09s|train_loss 0.00015278|val_loss 0.00018801
Epoch 429|time: 0.09s|train_loss 0.00015663|val_loss 0.00017300
Epoch 430|time: 0.09s|train_loss 0.00016040|val_loss 0.00016818
Epoch 431|time: 0.09s|train_loss 0.00015569|val_loss 0.00020346
Epoch 432|time: 0.09s|train_loss 0.00017268|val_loss 0.00016566
Epoch 433|time: 0.09s|train_loss 0.00015413|val_loss 0.00017407
Epoch 434|time: 0.09s|train_loss 0.00015003|val_loss 0.00016735
Epoch 435|time: 0.09s|train_loss 0.00015291|val_loss 0.00016528
Epoch 436|time: 0.09s|train_loss 0.00015461|val_loss 0.00017787
Epoch 437|time: 0.09s|train_loss 0.00016483|val_loss 0.00019596
Epoch 438|time: 0.09s|train_loss 0.00017391|val_loss 0.00018131
Epoch 439|time: 0.09s|train_loss 0.00015693|val_loss 0.00017282
Epoch 440|time: 0.09s|train_loss 0.00016334|val_loss 0.00017215
Epoch 441|time: 0.09s|train_loss 0.00015373|val_loss 0.00017832
Epoch 442|time: 0.09s|train_loss 0.00014385|val_loss 0.00016804
Epoch 443|time: 0.09s|train_loss 0.00014191|val_loss 0.00016452
Epoch 444|time: 0.09s|train_loss 0.00015027|val_loss 0.00016694
Epoch 445|time: 0.09s|train_loss 0.00016488|val_loss 0.00018270
Epoch 446|time: 0.09s|train_loss 0.00015628|val_loss 0.00018579
Epoch 447|time: 0.09s|train_loss 0.00015938|val_loss 0.00016277
Epoch 448|time: 0.09s|train_loss 0.00014928|val_loss 0.00016417
Epoch 449|time: 0.09s|train_loss 0.00014237|val_loss 0.00015995
Epoch 450|time: 0.09s|train_loss 0.00015946|val_loss 0.00016495
Epoch 451|time: 0.09s|train_loss 0.00015683|val_loss 0.00017404
Epoch 452|time: 0.09s|train_loss 0.00015463|val_loss 0.00018355
Epoch 453|time: 0.09s|train_loss 0.00016579|val_loss 0.00017510
Epoch 454|time: 0.09s|train_loss 0.00016070|val_loss 0.00018036
Epoch 455|time: 0.09s|train_loss 0.00016672|val_loss 0.00017279
Epoch 456|time: 0.09s|train_loss 0.00016284|val_loss 0.00018193
Epoch 457|time: 0.09s|train_loss 0.00015425|val_loss 0.00018059
Epoch 458|time: 0.09s|train_loss 0.00015342|val_loss 0.00016757
Epoch 459|time: 0.09s|train_loss 0.00015283|val_loss 0.00016658
Epoch 460|time: 0.09s|train_loss 0.00014495|val_loss 0.00016867
Epoch 461|time: 0.09s|train_loss 0.00015330|val_loss 0.00016632
Epoch 462|time: 0.09s|train_loss 0.00015749|val_loss 0.00016402
Epoch 463|time: 0.09s|train_loss 0.00013916|val_loss 0.00016307
Epoch 464|time: 0.09s|train_loss 0.00016408|val_loss 0.00018429
Epoch 465|time: 0.09s|train_loss 0.00016748|val_loss 0.00016278
Epoch 466|time: 0.09s|train_loss 0.00015333|val_loss 0.00017397
Epoch 467|time: 0.09s|train_loss 0.00015384|val_loss 0.00016881
Epoch 468|time: 0.09s|train_loss 0.00014209|val_loss 0.00017576
Epoch 469|time: 0.09s|train_loss 0.00015841|val_loss 0.00017986
Epoch 470|time: 0.09s|train_loss 0.00015010|val_loss 0.00018367
Epoch 471|time: 0.09s|train_loss 0.00016168|val_loss 0.00018428
Epoch 472|time: 0.09s|train_loss 0.00016145|val_loss 0.00017666
Epoch 473|time: 0.09s|train_loss 0.00014867|val_loss 0.00016978
Epoch 474|time: 0.09s|train_loss 0.00014249|val_loss 0.00016543
Epoch 475|time: 0.09s|train_loss 0.00015374|val_loss 0.00017277
Epoch 476|time: 0.09s|train_loss 0.00014462|val_loss 0.00017132
Epoch 477|time: 0.09s|train_loss 0.00014960|val_loss 0.00016598
Epoch 478|time: 0.09s|train_loss 0.00014196|val_loss 0.00016387
Epoch 479|time: 0.09s|train_loss 0.00014195|val_loss 0.00016153
Epoch 480|time: 0.09s|train_loss 0.00014302|val_loss 0.00017438
Epoch 481|time: 0.09s|train_loss 0.00015621|val_loss 0.00016501
Epoch 482|time: 0.09s|train_loss 0.00013982|val_loss 0.00016536
Epoch 483|time: 0.09s|train_loss 0.00015321|val_loss 0.00016731
Epoch 484|time: 0.09s|train_loss 0.00013990|val_loss 0.00016417
Epoch 485|time: 0.09s|train_loss 0.00014605|val_loss 0.00016458
Epoch 486|time: 0.09s|train_loss 0.00014448|val_loss 0.00016730
Epoch 487|time: 0.09s|train_loss 0.00014884|val_loss 0.00016651
Epoch 488|time: 0.09s|train_loss 0.00015084|val_loss 0.00016911
Epoch 489|time: 0.09s|train_loss 0.00016479|val_loss 0.00019079
Epoch 490|time: 0.09s|train_loss 0.00015738|val_loss 0.00016805
Epoch 491|time: 0.09s|train_loss 0.00014234|val_loss 0.00017052
Epoch 492|time: 0.09s|train_loss 0.00015955|val_loss 0.00016251
Epoch 493|time: 0.09s|train_loss 0.00015660|val_loss 0.00016989
Epoch 494|time: 0.09s|train_loss 0.00013804|val_loss 0.00016556
Epoch 495|time: 0.09s|train_loss 0.00013972|val_loss 0.00017501
Epoch 496|time: 0.09s|train_loss 0.00015953|val_loss 0.00017077
Epoch 497|time: 0.09s|train_loss 0.00015641|val_loss 0.00016355
Epoch 498|time: 0.09s|train_loss 0.00014098|val_loss 0.00016732
Epoch 499|time: 0.09s|train_loss 0.00014697|val_loss 0.00017909
Epoch 500|time: 0.09s|train_loss 0.00015074|val_loss 0.00017209
Epoch 501|time: 0.09s|train_loss 0.00014240|val_loss 0.00016524
Epoch 502|time: 0.09s|train_loss 0.00014065|val_loss 0.00016529
Epoch 503|time: 0.09s|train_loss 0.00014321|val_loss 0.00017245
Epoch 504|time: 0.09s|train_loss 0.00015882|val_loss 0.00018248
Epoch 505|time: 0.09s|train_loss 0.00014692|val_loss 0.00016280
Epoch 506|time: 0.09s|train_loss 0.00014077|val_loss 0.00016818
Epoch 507|time: 0.09s|train_loss 0.00014443|val_loss 0.00016936
Epoch 508|time: 0.09s|train_loss 0.00015316|val_loss 0.00017777
Epoch 509|time: 0.09s|train_loss 0.00014588|val_loss 0.00017898
Epoch 510|time: 0.09s|train_loss 0.00014687|val_loss 0.00016836
Epoch 511|time: 0.09s|train_loss 0.00014790|val_loss 0.00016933
Epoch 512|time: 0.09s|train_loss 0.00014102|val_loss 0.00017417
Epoch 513|time: 0.09s|train_loss 0.00016909|val_loss 0.00017238
Epoch 514|time: 0.09s|train_loss 0.00014658|val_loss 0.00016864
Epoch 515|time: 0.09s|train_loss 0.00014779|val_loss 0.00017167
Epoch 516|time: 0.09s|train_loss 0.00015084|val_loss 0.00017581
Epoch 517|time: 0.09s|train_loss 0.00014781|val_loss 0.00018274
Epoch 518|time: 0.09s|train_loss 0.00014037|val_loss 0.00018821
Epoch 519|time: 0.09s|train_loss 0.00016718|val_loss 0.00016951
Epoch 520|time: 0.09s|train_loss 0.00015087|val_loss 0.00016183
Epoch 521|time: 0.09s|train_loss 0.00015751|val_loss 0.00016668
Epoch 522|time: 0.09s|train_loss 0.00014752|val_loss 0.00016724
Epoch 523|time: 0.09s|train_loss 0.00015303|val_loss 0.00016596
Epoch 524|time: 0.09s|train_loss 0.00013950|val_loss 0.00016376
Epoch 525|time: 0.09s|train_loss 0.00014318|val_loss 0.00016245
Epoch 526|time: 0.09s|train_loss 0.00014050|val_loss 0.00016289
Epoch 527|time: 0.09s|train_loss 0.00014876|val_loss 0.00017169
Epoch 528|time: 0.09s|train_loss 0.00014723|val_loss 0.00016904
Epoch 529|time: 0.09s|train_loss 0.00014113|val_loss 0.00017777
Epoch 530|time: 0.09s|train_loss 0.00014549|val_loss 0.00017039
Epoch 531|time: 0.09s|train_loss 0.00014311|val_loss 0.00018071
Epoch 532|time: 0.09s|train_loss 0.00014439|val_loss 0.00019295
Epoch 533|time: 0.09s|train_loss 0.00016474|val_loss 0.00018000
Epoch 534|time: 0.09s|train_loss 0.00014324|val_loss 0.00017629
Epoch 535|time: 0.09s|train_loss 0.00014047|val_loss 0.00016084
Epoch 536|time: 0.09s|train_loss 0.00015031|val_loss 0.00017167
Epoch 537|time: 0.09s|train_loss 0.00014274|val_loss 0.00016832
Epoch 538|time: 0.09s|train_loss 0.00014294|val_loss 0.00017042
Epoch 539|time: 0.09s|train_loss 0.00013654|val_loss 0.00018059
Epoch 540|time: 0.09s|train_loss 0.00014216|val_loss 0.00016494
Epoch 541|time: 0.09s|train_loss 0.00014357|val_loss 0.00017311
Epoch 542|time: 0.09s|train_loss 0.00014528|val_loss 0.00018278
Epoch 543|time: 0.09s|train_loss 0.00017251|val_loss 0.00016834
Epoch 544|time: 0.09s|train_loss 0.00015050|val_loss 0.00017451
Epoch 545|time: 0.09s|train_loss 0.00015964|val_loss 0.00017235
Epoch 546|time: 0.09s|train_loss 0.00015875|val_loss 0.00016410
Epoch 547|time: 0.09s|train_loss 0.00014332|val_loss 0.00016790
Epoch 548|time: 0.09s|train_loss 0.00013985|val_loss 0.00016560
Epoch 549|time: 0.09s|train_loss 0.00014250|val_loss 0.00017409
Epoch 550|time: 0.09s|train_loss 0.00014678|val_loss 0.00017646
Epoch 551|time: 0.09s|train_loss 0.00015223|val_loss 0.00016805
Epoch 552|time: 0.09s|train_loss 0.00014843|val_loss 0.00017343
Final evaluation
TEST MAE 0.2346 | std 0.0675 | RMSE 0.3840 | RMSEs 0.3684 | PCC 0.9216 | PCCs 0.8907 | R2 0.8344 | R2s 0.7477 | Var 0.8369 | Vars 0.7576 | Peak 0.1422
