--------Parameters--------
Namespace(batch=32, bi=False, check_point=1, cuda=False, dataset='us_hhs', dropout=0.2, epilambda=0.2, epochs=1500, gpu=3, hidsp=15, horizon=4, k=10, lamda=0.01, lr=0.001, model='cola_gnn', mylog=True, n_hidden=30, n_layer=1, patience=200, rnn_model='RNN', save_dir='save', seed=42, shuffle=False, sim_mat='us_hhs-adj', test=0.2, train=0.6, val=0.2, weight_decay=0.0005, window=20)
--------------------------
data shape (364, 10)
364 10
(364, 10)
size of train/val/test sets 195 73 73
#params: 3623
begin training
Epoch   1|time: 0.10s|train_loss 0.00165978|val_loss 0.00097934
Best validation epoch: 1 Sat May 13 00:59:10 2023
TEST MAE 0.9602 std 0.2230 RMSE 1.1983 RMSEs 1.1628 PCC -0.0795 PCCs -0.6941 R2 -0.6131 R2s -1.4974 Var -0.5656 Vars -1.0060 Peak 0.3686
Epoch   2|time: 0.09s|train_loss 0.00095041|val_loss 0.00094584
Best validation epoch: 2 Sat May 13 00:59:10 2023
TEST MAE 1.0270 std 0.2413 RMSE 1.1931 RMSEs 1.1618 PCC 0.3443 PCCs -0.3387 R2 -0.5990 R2s -1.7830 Var -0.0089 Vars -0.2058 Peak 0.2431
Epoch   3|time: 0.09s|train_loss 0.00062677|val_loss 0.00064038
Best validation epoch: 3 Sat May 13 00:59:10 2023
TEST MAE 0.8401 std 0.3523 RMSE 1.1713 RMSEs 1.1011 PCC 0.5103 PCCs 0.2284 R2 -0.5411 R2s -1.0967 Var 0.2130 Vars 0.0562 Peak 0.5785
Epoch   4|time: 0.09s|train_loss 0.00051550|val_loss 0.00044088
Best validation epoch: 4 Sat May 13 00:59:10 2023
TEST MAE 0.5039 std 0.1078 RMSE 0.6416 RMSEs 0.6287 PCC 0.7492 PCCs 0.6079 R2 0.5375 R2s 0.2633 Var 0.5582 Vars 0.3465 Peak 0.2144
Epoch   5|time: 0.09s|train_loss 0.00042942|val_loss 0.00040344
Best validation epoch: 5 Sat May 13 00:59:10 2023
TEST MAE 0.4047 std 0.1126 RMSE 0.5977 RMSEs 0.5830 PCC 0.7980 PCCs 0.6705 R2 0.5988 R2s 0.3721 Var 0.6339 Vars 0.4420 Peak 0.2555
Epoch   6|time: 0.09s|train_loss 0.00037058|val_loss 0.00038267
Best validation epoch: 6 Sat May 13 00:59:10 2023
TEST MAE 0.3567 std 0.1099 RMSE 0.5519 RMSEs 0.5312 PCC 0.8408 PCCs 0.7546 R2 0.6578 R2s 0.4912 Var 0.6949 Vars 0.5587 Peak 0.2337
Epoch   7|time: 0.09s|train_loss 0.00035761|val_loss 0.00034452
Best validation epoch: 7 Sat May 13 00:59:10 2023
TEST MAE 0.3234 std 0.0908 RMSE 0.5043 RMSEs 0.4880 PCC 0.8609 PCCs 0.7856 R2 0.7143 R2s 0.5637 Var 0.7301 Vars 0.5997 Peak 0.2047
Epoch   8|time: 0.09s|train_loss 0.00043286|val_loss 0.00032772
Best validation epoch: 8 Sat May 13 00:59:10 2023
TEST MAE 0.3374 std 0.0846 RMSE 0.4889 RMSEs 0.4775 PCC 0.8577 PCCs 0.7841 R2 0.7315 R2s 0.5755 Var 0.7318 Vars 0.5929 Peak 0.1788
Epoch   9|time: 0.09s|train_loss 0.00036288|val_loss 0.00032122
Best validation epoch: 9 Sat May 13 00:59:11 2023
TEST MAE 0.3146 std 0.0821 RMSE 0.4814 RMSEs 0.4696 PCC 0.8638 PCCs 0.7919 R2 0.7396 R2s 0.5892 Var 0.7416 Vars 0.6055 Peak 0.1825
Epoch  10|time: 0.09s|train_loss 0.00032021|val_loss 0.00037067
Epoch  11|time: 0.09s|train_loss 0.00033262|val_loss 0.00029520
Best validation epoch: 11 Sat May 13 00:59:11 2023
TEST MAE 0.3507 std 0.0812 RMSE 0.4733 RMSEs 0.4641 PCC 0.8740 PCCs 0.8084 R2 0.7484 R2s 0.5946 Var 0.7638 Vars 0.6454 Peak 0.1683
Epoch  12|time: 0.09s|train_loss 0.00031970|val_loss 0.00032336
Epoch  13|time: 0.09s|train_loss 0.00034043|val_loss 0.00030109
Epoch  14|time: 0.09s|train_loss 0.00035079|val_loss 0.00038233
Epoch  15|time: 0.09s|train_loss 0.00031326|val_loss 0.00027678
Best validation epoch: 15 Sat May 13 00:59:11 2023
TEST MAE 0.3324 std 0.0765 RMSE 0.4516 RMSEs 0.4425 PCC 0.8859 PCCs 0.8305 R2 0.7709 R2s 0.6307 Var 0.7847 Vars 0.6795 Peak 0.1637
Epoch  16|time: 0.09s|train_loss 0.00030620|val_loss 0.00042521
Epoch  17|time: 0.09s|train_loss 0.00035817|val_loss 0.00029218
Epoch  18|time: 0.09s|train_loss 0.00031351|val_loss 0.00031022
Epoch  19|time: 0.09s|train_loss 0.00031386|val_loss 0.00032012
Epoch  20|time: 0.09s|train_loss 0.00029460|val_loss 0.00026598
Best validation epoch: 20 Sat May 13 00:59:12 2023
TEST MAE 0.3135 std 0.0745 RMSE 0.4353 RMSEs 0.4255 PCC 0.8919 PCCs 0.8398 R2 0.7872 R2s 0.6594 Var 0.7946 Vars 0.6933 Peak 0.1596
Epoch  21|time: 0.09s|train_loss 0.00031050|val_loss 0.00033806
Epoch  22|time: 0.09s|train_loss 0.00028743|val_loss 0.00028257
Epoch  23|time: 0.09s|train_loss 0.00027083|val_loss 0.00028051
Epoch  24|time: 0.09s|train_loss 0.00028881|val_loss 0.00030052
Epoch  25|time: 0.09s|train_loss 0.00028854|val_loss 0.00026799
Epoch  26|time: 0.09s|train_loss 0.00030578|val_loss 0.00026106
Best validation epoch: 26 Sat May 13 00:59:12 2023
TEST MAE 0.2948 std 0.0773 RMSE 0.4255 RMSEs 0.4143 PCC 0.8931 PCCs 0.8423 R2 0.7966 R2s 0.6811 Var 0.7976 Vars 0.6972 Peak 0.1575
Epoch  27|time: 0.09s|train_loss 0.00026319|val_loss 0.00032773
Epoch  28|time: 0.09s|train_loss 0.00028862|val_loss 0.00028814
Epoch  29|time: 0.09s|train_loss 0.00027328|val_loss 0.00028207
Epoch  30|time: 0.09s|train_loss 0.00027132|val_loss 0.00026859
Epoch  31|time: 0.09s|train_loss 0.00029734|val_loss 0.00037432
Epoch  32|time: 0.09s|train_loss 0.00027397|val_loss 0.00027754
Epoch  33|time: 0.09s|train_loss 0.00028596|val_loss 0.00026397
Epoch  34|time: 0.09s|train_loss 0.00026790|val_loss 0.00030230
Epoch  35|time: 0.09s|train_loss 0.00029276|val_loss 0.00026141
Epoch  36|time: 0.09s|train_loss 0.00029975|val_loss 0.00026579
Epoch  37|time: 0.09s|train_loss 0.00030507|val_loss 0.00030027
Epoch  38|time: 0.09s|train_loss 0.00025276|val_loss 0.00029944
Epoch  39|time: 0.09s|train_loss 0.00025799|val_loss 0.00025712
Best validation epoch: 39 Sat May 13 00:59:13 2023
TEST MAE 0.2856 std 0.0815 RMSE 0.4169 RMSEs 0.4049 PCC 0.8982 PCCs 0.8504 R2 0.8048 R2s 0.6967 Var 0.8063 Vars 0.7094 Peak 0.1561
Epoch  40|time: 0.09s|train_loss 0.00029884|val_loss 0.00025496
Best validation epoch: 40 Sat May 13 00:59:13 2023
TEST MAE 0.2782 std 0.0791 RMSE 0.4126 RMSEs 0.4001 PCC 0.8995 PCCs 0.8525 R2 0.8088 R2s 0.7041 Var 0.8089 Vars 0.7134 Peak 0.1556
Epoch  41|time: 0.09s|train_loss 0.00028298|val_loss 0.00032036
Epoch  42|time: 0.09s|train_loss 0.00025864|val_loss 0.00030076
Epoch  43|time: 0.09s|train_loss 0.00028564|val_loss 0.00025625
Epoch  44|time: 0.09s|train_loss 0.00029158|val_loss 0.00025074
Best validation epoch: 44 Sat May 13 00:59:14 2023
TEST MAE 0.2821 std 0.0790 RMSE 0.4153 RMSEs 0.4026 PCC 0.8994 PCCs 0.8524 R2 0.8062 R2s 0.7000 Var 0.8067 Vars 0.7101 Peak 0.1563
Epoch  45|time: 0.09s|train_loss 0.00025811|val_loss 0.00032109
Epoch  46|time: 0.09s|train_loss 0.00026099|val_loss 0.00025366
Epoch  47|time: 0.09s|train_loss 0.00025810|val_loss 0.00026001
Epoch  48|time: 0.09s|train_loss 0.00025617|val_loss 0.00024360
Best validation epoch: 48 Sat May 13 00:59:14 2023
TEST MAE 0.2763 std 0.0790 RMSE 0.4136 RMSEs 0.4002 PCC 0.8989 PCCs 0.8540 R2 0.8079 R2s 0.7048 Var 0.8079 Vars 0.7156 Peak 0.1579
Epoch  49|time: 0.09s|train_loss 0.00025851|val_loss 0.00031043
Epoch  50|time: 0.09s|train_loss 0.00025830|val_loss 0.00024494
Epoch  51|time: 0.09s|train_loss 0.00025600|val_loss 0.00026686
Epoch  52|time: 0.09s|train_loss 0.00023809|val_loss 0.00025461
Epoch  53|time: 0.09s|train_loss 0.00027141|val_loss 0.00029032
Epoch  54|time: 0.09s|train_loss 0.00023894|val_loss 0.00024564
Epoch  55|time: 0.09s|train_loss 0.00028190|val_loss 0.00023995
Best validation epoch: 55 Sat May 13 00:59:15 2023
TEST MAE 0.2845 std 0.0800 RMSE 0.4153 RMSEs 0.4018 PCC 0.9015 PCCs 0.8591 R2 0.8062 R2s 0.7007 Var 0.8096 Vars 0.7196 Peak 0.1583
Epoch  56|time: 0.09s|train_loss 0.00024198|val_loss 0.00030856
Epoch  57|time: 0.09s|train_loss 0.00024213|val_loss 0.00024193
Epoch  58|time: 0.12s|train_loss 0.00023959|val_loss 0.00024632
Epoch  59|time: 0.09s|train_loss 0.00023565|val_loss 0.00024698
Epoch  60|time: 0.09s|train_loss 0.00023724|val_loss 0.00025814
Epoch  61|time: 0.09s|train_loss 0.00023170|val_loss 0.00024703
Epoch  62|time: 0.09s|train_loss 0.00023435|val_loss 0.00023981
Best validation epoch: 62 Sat May 13 00:59:15 2023
TEST MAE 0.2774 std 0.0812 RMSE 0.4108 RMSEs 0.3972 PCC 0.9006 PCCs 0.8554 R2 0.8105 R2s 0.7095 Var 0.8109 Vars 0.7194 Peak 0.1560
Epoch  63|time: 0.09s|train_loss 0.00023487|val_loss 0.00024239
Epoch  64|time: 0.09s|train_loss 0.00029554|val_loss 0.00028908
Epoch  65|time: 0.09s|train_loss 0.00024221|val_loss 0.00025413
Epoch  66|time: 0.09s|train_loss 0.00024235|val_loss 0.00024435
Epoch  67|time: 0.09s|train_loss 0.00023130|val_loss 0.00025978
Epoch  68|time: 0.09s|train_loss 0.00023334|val_loss 0.00024595
Epoch  69|time: 0.09s|train_loss 0.00028726|val_loss 0.00025100
Epoch  70|time: 0.09s|train_loss 0.00026170|val_loss 0.00034450
Epoch  71|time: 0.09s|train_loss 0.00026193|val_loss 0.00023820
Best validation epoch: 71 Sat May 13 00:59:16 2023
TEST MAE 0.2679 std 0.0830 RMSE 0.4071 RMSEs 0.3914 PCC 0.9037 PCCs 0.8636 R2 0.8138 R2s 0.7192 Var 0.8139 Vars 0.7266 Peak 0.1559
Epoch  72|time: 0.09s|train_loss 0.00024804|val_loss 0.00024336
Epoch  73|time: 0.09s|train_loss 0.00023175|val_loss 0.00024730
Epoch  74|time: 0.09s|train_loss 0.00024076|val_loss 0.00025992
Epoch  75|time: 0.09s|train_loss 0.00023471|val_loss 0.00025453
Epoch  76|time: 0.09s|train_loss 0.00023148|val_loss 0.00023506
Best validation epoch: 76 Sat May 13 00:59:17 2023
TEST MAE 0.2683 std 0.0819 RMSE 0.4077 RMSEs 0.3930 PCC 0.9030 PCCs 0.8598 R2 0.8133 R2s 0.7161 Var 0.8133 Vars 0.7230 Peak 0.1560
Epoch  77|time: 0.09s|train_loss 0.00027416|val_loss 0.00024451
Epoch  78|time: 0.09s|train_loss 0.00022876|val_loss 0.00026187
Epoch  79|time: 0.09s|train_loss 0.00021933|val_loss 0.00026538
Epoch  80|time: 0.09s|train_loss 0.00023731|val_loss 0.00023948
Epoch  81|time: 0.09s|train_loss 0.00024691|val_loss 0.00023210
Best validation epoch: 81 Sat May 13 00:59:17 2023
TEST MAE 0.2711 std 0.0822 RMSE 0.4103 RMSEs 0.3958 PCC 0.9016 PCCs 0.8577 R2 0.8109 R2s 0.7121 Var 0.8110 Vars 0.7183 Peak 0.1569
Epoch  82|time: 0.09s|train_loss 0.00022673|val_loss 0.00024137
Epoch  83|time: 0.09s|train_loss 0.00021978|val_loss 0.00024996
Epoch  84|time: 0.09s|train_loss 0.00023143|val_loss 0.00024623
Epoch  85|time: 0.09s|train_loss 0.00023821|val_loss 0.00024318
Epoch  86|time: 0.09s|train_loss 0.00024062|val_loss 0.00023387
Epoch  87|time: 0.09s|train_loss 0.00023617|val_loss 0.00023241
Epoch  88|time: 0.09s|train_loss 0.00025236|val_loss 0.00024122
Epoch  89|time: 0.09s|train_loss 0.00024578|val_loss 0.00024596
Epoch  90|time: 0.09s|train_loss 0.00021982|val_loss 0.00023720
Epoch  91|time: 0.09s|train_loss 0.00022534|val_loss 0.00025709
Epoch  92|time: 0.09s|train_loss 0.00023651|val_loss 0.00023486
Epoch  93|time: 0.09s|train_loss 0.00022783|val_loss 0.00024328
Epoch  94|time: 0.09s|train_loss 0.00022286|val_loss 0.00023452
Epoch  95|time: 0.09s|train_loss 0.00022825|val_loss 0.00023048
Best validation epoch: 95 Sat May 13 00:59:18 2023
TEST MAE 0.2652 std 0.0801 RMSE 0.4077 RMSEs 0.3937 PCC 0.9020 PCCs 0.8592 R2 0.8133 R2s 0.7155 Var 0.8134 Vars 0.7230 Peak 0.1571
Epoch  96|time: 0.09s|train_loss 0.00024073|val_loss 0.00023172
Epoch  97|time: 0.09s|train_loss 0.00022619|val_loss 0.00025522
Epoch  98|time: 0.09s|train_loss 0.00023103|val_loss 0.00024270
Epoch  99|time: 0.09s|train_loss 0.00023983|val_loss 0.00023339
Epoch 100|time: 0.09s|train_loss 0.00028561|val_loss 0.00024877
Epoch 101|time: 0.09s|train_loss 0.00023261|val_loss 0.00027303
Epoch 102|time: 0.09s|train_loss 0.00023009|val_loss 0.00025683
Epoch 103|time: 0.09s|train_loss 0.00024390|val_loss 0.00022832
Best validation epoch: 103 Sat May 13 00:59:19 2023
TEST MAE 0.2704 std 0.0806 RMSE 0.4100 RMSEs 0.3956 PCC 0.9010 PCCs 0.8602 R2 0.8111 R2s 0.7117 Var 0.8112 Vars 0.7227 Peak 0.1572
Epoch 104|time: 0.09s|train_loss 0.00022784|val_loss 0.00022820
Best validation epoch: 104 Sat May 13 00:59:19 2023
TEST MAE 0.2694 std 0.0835 RMSE 0.4151 RMSEs 0.4008 PCC 0.8992 PCCs 0.8527 R2 0.8064 R2s 0.7052 Var 0.8082 Vars 0.7121 Peak 0.1605
Epoch 105|time: 0.09s|train_loss 0.00022456|val_loss 0.00024244
Epoch 106|time: 0.09s|train_loss 0.00024600|val_loss 0.00022786
Best validation epoch: 106 Sat May 13 00:59:19 2023
TEST MAE 0.2657 std 0.0842 RMSE 0.4084 RMSEs 0.3929 PCC 0.9032 PCCs 0.8629 R2 0.8127 R2s 0.7164 Var 0.8130 Vars 0.7234 Peak 0.1575
Epoch 107|time: 0.09s|train_loss 0.00027834|val_loss 0.00022845
Epoch 108|time: 0.09s|train_loss 0.00022987|val_loss 0.00026179
Epoch 109|time: 0.09s|train_loss 0.00024707|val_loss 0.00023977
Epoch 110|time: 0.09s|train_loss 0.00024794|val_loss 0.00026593
Epoch 111|time: 0.09s|train_loss 0.00023865|val_loss 0.00024526
Epoch 112|time: 0.09s|train_loss 0.00029986|val_loss 0.00026176
Epoch 113|time: 0.09s|train_loss 0.00023175|val_loss 0.00023286
Epoch 114|time: 0.09s|train_loss 0.00029556|val_loss 0.00022933
Epoch 115|time: 0.09s|train_loss 0.00027158|val_loss 0.00023109
Epoch 116|time: 0.09s|train_loss 0.00026963|val_loss 0.00024532
Epoch 117|time: 0.09s|train_loss 0.00024288|val_loss 0.00027149
Epoch 118|time: 0.09s|train_loss 0.00023603|val_loss 0.00025575
Epoch 119|time: 0.09s|train_loss 0.00024215|val_loss 0.00024818
Epoch 120|time: 0.09s|train_loss 0.00022214|val_loss 0.00025618
Epoch 121|time: 0.09s|train_loss 0.00024583|val_loss 0.00022714
Best validation epoch: 121 Sat May 13 00:59:21 2023
TEST MAE 0.2819 std 0.0800 RMSE 0.4187 RMSEs 0.4049 PCC 0.9008 PCCs 0.8618 R2 0.8031 R2s 0.6918 Var 0.8069 Vars 0.7155 Peak 0.1601
Epoch 122|time: 0.09s|train_loss 0.00021602|val_loss 0.00023785
Epoch 123|time: 0.09s|train_loss 0.00026177|val_loss 0.00024166
Epoch 124|time: 0.09s|train_loss 0.00021284|val_loss 0.00023447
Epoch 125|time: 0.09s|train_loss 0.00023040|val_loss 0.00023345
Epoch 126|time: 0.09s|train_loss 0.00024029|val_loss 0.00023800
Epoch 127|time: 0.09s|train_loss 0.00021712|val_loss 0.00023481
Epoch 128|time: 0.09s|train_loss 0.00022309|val_loss 0.00023011
Epoch 129|time: 0.09s|train_loss 0.00024797|val_loss 0.00023525
Epoch 130|time: 0.09s|train_loss 0.00022022|val_loss 0.00026271
Epoch 131|time: 0.09s|train_loss 0.00024256|val_loss 0.00024872
Epoch 132|time: 0.09s|train_loss 0.00022652|val_loss 0.00027735
Epoch 133|time: 0.09s|train_loss 0.00022087|val_loss 0.00023004
Epoch 134|time: 0.09s|train_loss 0.00021329|val_loss 0.00023684
Epoch 135|time: 0.09s|train_loss 0.00021791|val_loss 0.00023662
Epoch 136|time: 0.09s|train_loss 0.00023108|val_loss 0.00022592
Best validation epoch: 136 Sat May 13 00:59:22 2023
TEST MAE 0.2608 std 0.0845 RMSE 0.4055 RMSEs 0.3902 PCC 0.9042 PCCs 0.8645 R2 0.8153 R2s 0.7204 Var 0.8160 Vars 0.7271 Peak 0.1564
Epoch 137|time: 0.09s|train_loss 0.00024406|val_loss 0.00023709
Epoch 138|time: 0.09s|train_loss 0.00021846|val_loss 0.00023025
Epoch 139|time: 0.09s|train_loss 0.00020769|val_loss 0.00022807
Epoch 140|time: 0.09s|train_loss 0.00023276|val_loss 0.00022839
Epoch 141|time: 0.09s|train_loss 0.00022321|val_loss 0.00025763
Epoch 142|time: 0.09s|train_loss 0.00025625|val_loss 0.00022885
Epoch 143|time: 0.09s|train_loss 0.00021501|val_loss 0.00023203
Epoch 144|time: 0.09s|train_loss 0.00023243|val_loss 0.00023631
Epoch 145|time: 0.09s|train_loss 0.00020880|val_loss 0.00023990
Epoch 146|time: 0.09s|train_loss 0.00020699|val_loss 0.00022572
Best validation epoch: 146 Sat May 13 00:59:23 2023
TEST MAE 0.2726 std 0.0859 RMSE 0.4149 RMSEs 0.3994 PCC 0.9025 PCCs 0.8607 R2 0.8066 R2s 0.7030 Var 0.8089 Vars 0.7157 Peak 0.1583
Epoch 147|time: 0.09s|train_loss 0.00023884|val_loss 0.00026197
Epoch 148|time: 0.09s|train_loss 0.00021150|val_loss 0.00022584
Epoch 149|time: 0.09s|train_loss 0.00025850|val_loss 0.00023666
Epoch 150|time: 0.09s|train_loss 0.00022818|val_loss 0.00027060
Epoch 151|time: 0.09s|train_loss 0.00024787|val_loss 0.00025210
Epoch 152|time: 0.09s|train_loss 0.00024768|val_loss 0.00022810
Epoch 153|time: 0.09s|train_loss 0.00022474|val_loss 0.00025835
Epoch 154|time: 0.09s|train_loss 0.00021383|val_loss 0.00022867
Epoch 155|time: 0.09s|train_loss 0.00020981|val_loss 0.00023123
Epoch 156|time: 0.09s|train_loss 0.00023077|val_loss 0.00022482
Best validation epoch: 156 Sat May 13 00:59:24 2023
TEST MAE 0.2628 std 0.0863 RMSE 0.4079 RMSEs 0.3917 PCC 0.9035 PCCs 0.8656 R2 0.8131 R2s 0.7175 Var 0.8131 Vars 0.7248 Peak 0.1574
Epoch 157|time: 0.09s|train_loss 0.00021959|val_loss 0.00024019
Epoch 158|time: 0.09s|train_loss 0.00023085|val_loss 0.00024097
Epoch 159|time: 0.09s|train_loss 0.00021536|val_loss 0.00023275
Epoch 160|time: 0.09s|train_loss 0.00023045|val_loss 0.00023804
Epoch 161|time: 0.09s|train_loss 0.00022165|val_loss 0.00024983
Epoch 162|time: 0.09s|train_loss 0.00022898|val_loss 0.00023710
Epoch 163|time: 0.09s|train_loss 0.00022797|val_loss 0.00023603
Epoch 164|time: 0.09s|train_loss 0.00020938|val_loss 0.00022976
Epoch 165|time: 0.09s|train_loss 0.00029350|val_loss 0.00025086
Epoch 166|time: 0.09s|train_loss 0.00022231|val_loss 0.00024878
Epoch 167|time: 0.09s|train_loss 0.00022440|val_loss 0.00022867
Epoch 168|time: 0.09s|train_loss 0.00021965|val_loss 0.00023266
Epoch 169|time: 0.09s|train_loss 0.00024347|val_loss 0.00023058
Epoch 170|time: 0.09s|train_loss 0.00025635|val_loss 0.00022738
Epoch 171|time: 0.09s|train_loss 0.00021433|val_loss 0.00025395
Epoch 172|time: 0.09s|train_loss 0.00024199|val_loss 0.00023755
Epoch 173|time: 0.09s|train_loss 0.00021734|val_loss 0.00022903
Epoch 174|time: 0.09s|train_loss 0.00021816|val_loss 0.00024425
Epoch 175|time: 0.09s|train_loss 0.00020550|val_loss 0.00023271
Epoch 176|time: 0.09s|train_loss 0.00021551|val_loss 0.00022601
Epoch 177|time: 0.09s|train_loss 0.00021114|val_loss 0.00023086
Epoch 178|time: 0.09s|train_loss 0.00022091|val_loss 0.00023214
Epoch 179|time: 0.09s|train_loss 0.00025989|val_loss 0.00023746
Epoch 180|time: 0.09s|train_loss 0.00022241|val_loss 0.00026126
Epoch 181|time: 0.09s|train_loss 0.00022336|val_loss 0.00022524
Epoch 182|time: 0.09s|train_loss 0.00020342|val_loss 0.00023256
Epoch 183|time: 0.09s|train_loss 0.00021629|val_loss 0.00023956
Epoch 184|time: 0.09s|train_loss 0.00020703|val_loss 0.00023302
Epoch 185|time: 0.09s|train_loss 0.00021094|val_loss 0.00022842
Epoch 186|time: 0.09s|train_loss 0.00021025|val_loss 0.00023374
Epoch 187|time: 0.09s|train_loss 0.00028028|val_loss 0.00022799
Epoch 188|time: 0.09s|train_loss 0.00021462|val_loss 0.00022744
Epoch 189|time: 0.09s|train_loss 0.00021302|val_loss 0.00023037
Epoch 190|time: 0.09s|train_loss 0.00022693|val_loss 0.00022804
Epoch 191|time: 0.09s|train_loss 0.00020760|val_loss 0.00023639
Epoch 192|time: 0.09s|train_loss 0.00020277|val_loss 0.00023130
Epoch 193|time: 0.09s|train_loss 0.00019826|val_loss 0.00023133
Epoch 194|time: 0.09s|train_loss 0.00020555|val_loss 0.00022363
Best validation epoch: 194 Sat May 13 00:59:27 2023
TEST MAE 0.2584 std 0.0863 RMSE 0.4064 RMSEs 0.3892 PCC 0.9047 PCCs 0.8684 R2 0.8144 R2s 0.7203 Var 0.8145 Vars 0.7273 Peak 0.1550
Epoch 195|time: 0.09s|train_loss 0.00024531|val_loss 0.00022744
Epoch 196|time: 0.09s|train_loss 0.00020662|val_loss 0.00023040
Epoch 197|time: 0.09s|train_loss 0.00020356|val_loss 0.00023254
Epoch 198|time: 0.09s|train_loss 0.00021507|val_loss 0.00026340
Epoch 199|time: 0.09s|train_loss 0.00023023|val_loss 0.00022979
Epoch 200|time: 0.09s|train_loss 0.00020738|val_loss 0.00023084
Epoch 201|time: 0.09s|train_loss 0.00020810|val_loss 0.00025047
Epoch 202|time: 0.09s|train_loss 0.00022530|val_loss 0.00022941
Epoch 203|time: 0.09s|train_loss 0.00021119|val_loss 0.00025411
Epoch 204|time: 0.09s|train_loss 0.00029019|val_loss 0.00023249
Epoch 205|time: 0.09s|train_loss 0.00020627|val_loss 0.00024239
Epoch 206|time: 0.09s|train_loss 0.00026117|val_loss 0.00024543
Epoch 207|time: 0.09s|train_loss 0.00020675|val_loss 0.00022608
Epoch 208|time: 0.09s|train_loss 0.00020225|val_loss 0.00022800
Epoch 209|time: 0.09s|train_loss 0.00020843|val_loss 0.00026482
Epoch 210|time: 0.09s|train_loss 0.00022466|val_loss 0.00024641
Epoch 211|time: 0.09s|train_loss 0.00023646|val_loss 0.00024238
Epoch 212|time: 0.09s|train_loss 0.00021592|val_loss 0.00024118
Epoch 213|time: 0.09s|train_loss 0.00020423|val_loss 0.00023040
Epoch 214|time: 0.09s|train_loss 0.00021658|val_loss 0.00022282
Best validation epoch: 214 Sat May 13 00:59:29 2023
TEST MAE 0.2656 std 0.0840 RMSE 0.4146 RMSEs 0.3986 PCC 0.9001 PCCs 0.8615 R2 0.8069 R2s 0.7048 Var 0.8069 Vars 0.7140 Peak 0.1603
Epoch 215|time: 0.09s|train_loss 0.00023661|val_loss 0.00022650
Epoch 216|time: 0.09s|train_loss 0.00020415|val_loss 0.00025449
Epoch 217|time: 0.09s|train_loss 0.00020974|val_loss 0.00023373
Epoch 218|time: 0.09s|train_loss 0.00021239|val_loss 0.00022521
Epoch 219|time: 0.09s|train_loss 0.00022363|val_loss 0.00023576
Epoch 220|time: 0.09s|train_loss 0.00020038|val_loss 0.00023223
Epoch 221|time: 0.09s|train_loss 0.00020859|val_loss 0.00022558
Epoch 222|time: 0.09s|train_loss 0.00020731|val_loss 0.00023127
Epoch 223|time: 0.09s|train_loss 0.00020290|val_loss 0.00023016
Epoch 224|time: 0.09s|train_loss 0.00022278|val_loss 0.00023723
Epoch 225|time: 0.09s|train_loss 0.00020260|val_loss 0.00023135
Epoch 226|time: 0.09s|train_loss 0.00023771|val_loss 0.00024342
Epoch 227|time: 0.09s|train_loss 0.00024531|val_loss 0.00026138
Epoch 228|time: 0.09s|train_loss 0.00026657|val_loss 0.00024482
Epoch 229|time: 0.09s|train_loss 0.00024141|val_loss 0.00022633
Epoch 230|time: 0.09s|train_loss 0.00021991|val_loss 0.00023834
Epoch 231|time: 0.09s|train_loss 0.00024222|val_loss 0.00023447
Epoch 232|time: 0.09s|train_loss 0.00020547|val_loss 0.00024048
Epoch 233|time: 0.09s|train_loss 0.00024619|val_loss 0.00025204
Epoch 234|time: 0.09s|train_loss 0.00020871|val_loss 0.00022917
Epoch 235|time: 0.09s|train_loss 0.00021539|val_loss 0.00023392
Epoch 236|time: 0.09s|train_loss 0.00019892|val_loss 0.00022776
Epoch 237|time: 0.09s|train_loss 0.00020859|val_loss 0.00022487
Epoch 238|time: 0.09s|train_loss 0.00020676|val_loss 0.00025147
Epoch 239|time: 0.09s|train_loss 0.00022107|val_loss 0.00023162
Epoch 240|time: 0.09s|train_loss 0.00020702|val_loss 0.00025031
Epoch 241|time: 0.09s|train_loss 0.00021277|val_loss 0.00022951
Epoch 242|time: 0.09s|train_loss 0.00021318|val_loss 0.00024326
Epoch 243|time: 0.09s|train_loss 0.00020390|val_loss 0.00024024
Epoch 244|time: 0.09s|train_loss 0.00021042|val_loss 0.00023020
Epoch 245|time: 0.09s|train_loss 0.00020796|val_loss 0.00023771
Epoch 246|time: 0.09s|train_loss 0.00019517|val_loss 0.00024055
Epoch 247|time: 0.09s|train_loss 0.00020466|val_loss 0.00022231
Best validation epoch: 247 Sat May 13 00:59:32 2023
TEST MAE 0.2726 std 0.0899 RMSE 0.4232 RMSEs 0.4053 PCC 0.8992 PCCs 0.8591 R2 0.7988 R2s 0.6930 Var 0.7992 Vars 0.7014 Peak 0.1609
Epoch 248|time: 0.09s|train_loss 0.00023106|val_loss 0.00023509
Epoch 249|time: 0.09s|train_loss 0.00020236|val_loss 0.00023781
Epoch 250|time: 0.09s|train_loss 0.00021657|val_loss 0.00022412
Epoch 251|time: 0.09s|train_loss 0.00020496|val_loss 0.00023089
Epoch 252|time: 0.09s|train_loss 0.00020120|val_loss 0.00022955
Epoch 253|time: 0.09s|train_loss 0.00020110|val_loss 0.00023362
Epoch 254|time: 0.09s|train_loss 0.00020643|val_loss 0.00022246
Epoch 255|time: 0.09s|train_loss 0.00022443|val_loss 0.00023131
Epoch 256|time: 0.09s|train_loss 0.00021324|val_loss 0.00025567
Epoch 257|time: 0.09s|train_loss 0.00024103|val_loss 0.00023594
Epoch 258|time: 0.09s|train_loss 0.00021326|val_loss 0.00024033
Epoch 259|time: 0.09s|train_loss 0.00024831|val_loss 0.00022961
Epoch 260|time: 0.09s|train_loss 0.00023412|val_loss 0.00022826
Epoch 261|time: 0.09s|train_loss 0.00020213|val_loss 0.00023114
Epoch 262|time: 0.09s|train_loss 0.00020000|val_loss 0.00022378
Epoch 263|time: 0.09s|train_loss 0.00019606|val_loss 0.00022559
Epoch 264|time: 0.09s|train_loss 0.00023328|val_loss 0.00024749
Epoch 265|time: 0.09s|train_loss 0.00020418|val_loss 0.00021775
Best validation epoch: 265 Sat May 13 00:59:34 2023
TEST MAE 0.2787 std 0.0932 RMSE 0.4292 RMSEs 0.4114 PCC 0.8950 PCCs 0.8546 R2 0.7930 R2s 0.6847 Var 0.7931 Vars 0.6929 Peak 0.1646
Epoch 266|time: 0.09s|train_loss 0.00022280|val_loss 0.00022149
Epoch 267|time: 0.09s|train_loss 0.00021311|val_loss 0.00023605
Epoch 268|time: 0.09s|train_loss 0.00023399|val_loss 0.00024001
Epoch 269|time: 0.09s|train_loss 0.00020641|val_loss 0.00022791
Epoch 270|time: 0.09s|train_loss 0.00023804|val_loss 0.00022423
Epoch 271|time: 0.09s|train_loss 0.00023114|val_loss 0.00028287
Epoch 272|time: 0.09s|train_loss 0.00021284|val_loss 0.00023034
Epoch 273|time: 0.09s|train_loss 0.00027130|val_loss 0.00022838
Epoch 274|time: 0.09s|train_loss 0.00022882|val_loss 0.00028408
Epoch 275|time: 0.09s|train_loss 0.00022489|val_loss 0.00024439
Epoch 276|time: 0.09s|train_loss 0.00025864|val_loss 0.00024749
Epoch 277|time: 0.09s|train_loss 0.00024108|val_loss 0.00022500
Epoch 278|time: 0.09s|train_loss 0.00020199|val_loss 0.00022827
Epoch 279|time: 0.09s|train_loss 0.00022744|val_loss 0.00023558
Epoch 280|time: 0.09s|train_loss 0.00020693|val_loss 0.00023210
Epoch 281|time: 0.09s|train_loss 0.00019669|val_loss 0.00023801
Epoch 282|time: 0.09s|train_loss 0.00022718|val_loss 0.00022815
Epoch 283|time: 0.09s|train_loss 0.00022296|val_loss 0.00026503
Epoch 284|time: 0.09s|train_loss 0.00025009|val_loss 0.00022981
Epoch 285|time: 0.09s|train_loss 0.00021107|val_loss 0.00023809
Epoch 286|time: 0.09s|train_loss 0.00023005|val_loss 0.00022363
Epoch 287|time: 0.09s|train_loss 0.00021103|val_loss 0.00028453
Epoch 288|time: 0.09s|train_loss 0.00026888|val_loss 0.00023565
Epoch 289|time: 0.09s|train_loss 0.00021474|val_loss 0.00023849
Epoch 290|time: 0.09s|train_loss 0.00021986|val_loss 0.00023293
Epoch 291|time: 0.09s|train_loss 0.00022409|val_loss 0.00022480
Epoch 292|time: 0.09s|train_loss 0.00027554|val_loss 0.00022853
Epoch 293|time: 0.09s|train_loss 0.00025504|val_loss 0.00024357
Epoch 294|time: 0.09s|train_loss 0.00020303|val_loss 0.00022146
Epoch 295|time: 0.09s|train_loss 0.00022380|val_loss 0.00022238
Epoch 296|time: 0.09s|train_loss 0.00021140|val_loss 0.00025535
Epoch 297|time: 0.09s|train_loss 0.00020115|val_loss 0.00023167
Epoch 298|time: 0.09s|train_loss 0.00022250|val_loss 0.00023647
Epoch 299|time: 0.09s|train_loss 0.00022882|val_loss 0.00022279
Epoch 300|time: 0.09s|train_loss 0.00019445|val_loss 0.00022607
Epoch 301|time: 0.09s|train_loss 0.00020824|val_loss 0.00023281
Epoch 302|time: 0.09s|train_loss 0.00021312|val_loss 0.00022928
Epoch 303|time: 0.09s|train_loss 0.00021081|val_loss 0.00023134
Epoch 304|time: 0.09s|train_loss 0.00021316|val_loss 0.00022903
Epoch 305|time: 0.09s|train_loss 0.00020975|val_loss 0.00023106
Epoch 306|time: 0.09s|train_loss 0.00021351|val_loss 0.00023415
Epoch 307|time: 0.09s|train_loss 0.00020444|val_loss 0.00022586
Epoch 308|time: 0.09s|train_loss 0.00022275|val_loss 0.00022103
Epoch 309|time: 0.09s|train_loss 0.00021990|val_loss 0.00022461
Epoch 310|time: 0.09s|train_loss 0.00020500|val_loss 0.00023412
Epoch 311|time: 0.09s|train_loss 0.00021178|val_loss 0.00022219
Epoch 312|time: 0.09s|train_loss 0.00020267|val_loss 0.00021991
Epoch 313|time: 0.09s|train_loss 0.00020062|val_loss 0.00022670
Epoch 314|time: 0.09s|train_loss 0.00021090|val_loss 0.00022502
Epoch 315|time: 0.09s|train_loss 0.00020103|val_loss 0.00023183
Epoch 316|time: 0.09s|train_loss 0.00024545|val_loss 0.00021540
Best validation epoch: 316 Sat May 13 00:59:38 2023
TEST MAE 0.2990 std 0.0930 RMSE 0.4614 RMSEs 0.4428 PCC 0.8833 PCCs 0.8367 R2 0.7608 R2s 0.6281 Var 0.7614 Vars 0.6379 Peak 0.1791
Epoch 317|time: 0.09s|train_loss 0.00020558|val_loss 0.00023381
Epoch 318|time: 0.09s|train_loss 0.00019342|val_loss 0.00022099
Epoch 319|time: 0.09s|train_loss 0.00023156|val_loss 0.00022921
Epoch 320|time: 0.09s|train_loss 0.00020252|val_loss 0.00025250
Epoch 321|time: 0.09s|train_loss 0.00021280|val_loss 0.00022463
Epoch 322|time: 0.09s|train_loss 0.00021166|val_loss 0.00022206
Epoch 323|time: 0.09s|train_loss 0.00020979|val_loss 0.00025265
Epoch 324|time: 0.09s|train_loss 0.00023161|val_loss 0.00023671
Epoch 325|time: 0.09s|train_loss 0.00021201|val_loss 0.00024483
Epoch 326|time: 0.09s|train_loss 0.00020772|val_loss 0.00022679
Epoch 327|time: 0.09s|train_loss 0.00018364|val_loss 0.00022800
Epoch 328|time: 0.09s|train_loss 0.00022791|val_loss 0.00022186
Epoch 329|time: 0.09s|train_loss 0.00021842|val_loss 0.00022321
Epoch 330|time: 0.09s|train_loss 0.00022739|val_loss 0.00022193
Epoch 331|time: 0.09s|train_loss 0.00020059|val_loss 0.00023670
Epoch 332|time: 0.09s|train_loss 0.00019517|val_loss 0.00021931
Epoch 333|time: 0.09s|train_loss 0.00019808|val_loss 0.00023547
Epoch 334|time: 0.09s|train_loss 0.00020230|val_loss 0.00022555
Epoch 335|time: 0.09s|train_loss 0.00020841|val_loss 0.00022413
Epoch 336|time: 0.09s|train_loss 0.00021077|val_loss 0.00023816
Epoch 337|time: 0.09s|train_loss 0.00019994|val_loss 0.00022399
Epoch 338|time: 0.09s|train_loss 0.00019774|val_loss 0.00022330
Epoch 339|time: 0.09s|train_loss 0.00018810|val_loss 0.00022529
Epoch 340|time: 0.09s|train_loss 0.00021127|val_loss 0.00022093
Epoch 341|time: 0.09s|train_loss 0.00020706|val_loss 0.00025694
Epoch 342|time: 0.09s|train_loss 0.00021126|val_loss 0.00023197
Epoch 343|time: 0.09s|train_loss 0.00020921|val_loss 0.00023040
Epoch 344|time: 0.09s|train_loss 0.00022095|val_loss 0.00023198
Epoch 345|time: 0.09s|train_loss 0.00021335|val_loss 0.00021935
Epoch 346|time: 0.09s|train_loss 0.00019919|val_loss 0.00022132
Epoch 347|time: 0.09s|train_loss 0.00019871|val_loss 0.00022818
Epoch 348|time: 0.09s|train_loss 0.00019149|val_loss 0.00022027
Epoch 349|time: 0.09s|train_loss 0.00019298|val_loss 0.00021744
Epoch 350|time: 0.09s|train_loss 0.00019248|val_loss 0.00022420
Epoch 351|time: 0.09s|train_loss 0.00022904|val_loss 0.00022415
Epoch 352|time: 0.09s|train_loss 0.00020510|val_loss 0.00025446
Epoch 353|time: 0.09s|train_loss 0.00023076|val_loss 0.00022312
Epoch 354|time: 0.09s|train_loss 0.00028177|val_loss 0.00021788
Epoch 355|time: 0.09s|train_loss 0.00022004|val_loss 0.00026661
Epoch 356|time: 0.09s|train_loss 0.00023238|val_loss 0.00022880
Epoch 357|time: 0.09s|train_loss 0.00020965|val_loss 0.00023587
Epoch 358|time: 0.09s|train_loss 0.00021318|val_loss 0.00022949
Epoch 359|time: 0.09s|train_loss 0.00020488|val_loss 0.00022318
Epoch 360|time: 0.09s|train_loss 0.00019801|val_loss 0.00024414
Epoch 361|time: 0.09s|train_loss 0.00020964|val_loss 0.00022232
Epoch 362|time: 0.09s|train_loss 0.00020672|val_loss 0.00022514
Epoch 363|time: 0.09s|train_loss 0.00020703|val_loss 0.00024011
Epoch 364|time: 0.09s|train_loss 0.00019881|val_loss 0.00022746
Epoch 365|time: 0.09s|train_loss 0.00022100|val_loss 0.00023662
Epoch 366|time: 0.09s|train_loss 0.00022584|val_loss 0.00024002
Epoch 367|time: 0.09s|train_loss 0.00020230|val_loss 0.00022622
Epoch 368|time: 0.09s|train_loss 0.00019495|val_loss 0.00021487
Best validation epoch: 368 Sat May 13 00:59:43 2023
TEST MAE 0.3007 std 0.0916 RMSE 0.4689 RMSEs 0.4512 PCC 0.8761 PCCs 0.8260 R2 0.7531 R2s 0.6164 Var 0.7545 Vars 0.6240 Peak 0.1872
Epoch 369|time: 0.09s|train_loss 0.00021404|val_loss 0.00021509
Epoch 370|time: 0.09s|train_loss 0.00019941|val_loss 0.00024233
Epoch 371|time: 0.09s|train_loss 0.00019578|val_loss 0.00022863
Epoch 372|time: 0.09s|train_loss 0.00019994|val_loss 0.00021810
Epoch 373|time: 0.09s|train_loss 0.00021408|val_loss 0.00026313
Epoch 374|time: 0.09s|train_loss 0.00025641|val_loss 0.00027027
Epoch 375|time: 0.09s|train_loss 0.00024737|val_loss 0.00025272
Epoch 376|time: 0.09s|train_loss 0.00022574|val_loss 0.00023962
Epoch 377|time: 0.09s|train_loss 0.00019907|val_loss 0.00022963
Epoch 378|time: 0.09s|train_loss 0.00021097|val_loss 0.00026776
Epoch 379|time: 0.09s|train_loss 0.00023419|val_loss 0.00024318
Epoch 380|time: 0.09s|train_loss 0.00021227|val_loss 0.00023968
Epoch 381|time: 0.09s|train_loss 0.00019820|val_loss 0.00022338
Epoch 382|time: 0.09s|train_loss 0.00019967|val_loss 0.00021850
Epoch 383|time: 0.09s|train_loss 0.00020490|val_loss 0.00022552
Epoch 384|time: 0.09s|train_loss 0.00018834|val_loss 0.00023717
Epoch 385|time: 0.09s|train_loss 0.00020684|val_loss 0.00022874
Epoch 386|time: 0.09s|train_loss 0.00021009|val_loss 0.00026914
Epoch 387|time: 0.09s|train_loss 0.00023629|val_loss 0.00024725
Epoch 388|time: 0.09s|train_loss 0.00025672|val_loss 0.00029133
Epoch 389|time: 0.09s|train_loss 0.00023370|val_loss 0.00023434
Epoch 390|time: 0.09s|train_loss 0.00021059|val_loss 0.00023852
Epoch 391|time: 0.09s|train_loss 0.00020613|val_loss 0.00021334
Best validation epoch: 391 Sat May 13 00:59:45 2023
TEST MAE 0.3214 std 0.0940 RMSE 0.4909 RMSEs 0.4738 PCC 0.8673 PCCs 0.8095 R2 0.7292 R2s 0.5696 Var 0.7293 Vars 0.5779 Peak 0.1969
Epoch 392|time: 0.09s|train_loss 0.00018924|val_loss 0.00023426
Epoch 393|time: 0.09s|train_loss 0.00019223|val_loss 0.00022491
Epoch 394|time: 0.09s|train_loss 0.00019435|val_loss 0.00025211
Epoch 395|time: 0.09s|train_loss 0.00020338|val_loss 0.00022633
Epoch 396|time: 0.09s|train_loss 0.00022123|val_loss 0.00022700
Epoch 397|time: 0.09s|train_loss 0.00021308|val_loss 0.00022042
Epoch 398|time: 0.09s|train_loss 0.00021311|val_loss 0.00021448
Epoch 399|time: 0.09s|train_loss 0.00021203|val_loss 0.00022141
Epoch 400|time: 0.09s|train_loss 0.00018471|val_loss 0.00022565
Epoch 401|time: 0.09s|train_loss 0.00018986|val_loss 0.00023827
Epoch 402|time: 0.09s|train_loss 0.00019147|val_loss 0.00021639
Epoch 403|time: 0.09s|train_loss 0.00019573|val_loss 0.00022465
Epoch 404|time: 0.09s|train_loss 0.00019145|val_loss 0.00021084
Best validation epoch: 404 Sat May 13 00:59:46 2023
TEST MAE 0.3114 std 0.0961 RMSE 0.4847 RMSEs 0.4658 PCC 0.8711 PCCs 0.8182 R2 0.7361 R2s 0.5860 Var 0.7361 Vars 0.5930 Peak 0.1929
Epoch 405|time: 0.09s|train_loss 0.00026996|val_loss 0.00021991
Epoch 406|time: 0.09s|train_loss 0.00021043|val_loss 0.00024727
Epoch 407|time: 0.09s|train_loss 0.00019382|val_loss 0.00022790
Epoch 408|time: 0.09s|train_loss 0.00019575|val_loss 0.00023295
Epoch 409|time: 0.09s|train_loss 0.00018887|val_loss 0.00022000
Epoch 410|time: 0.09s|train_loss 0.00019228|val_loss 0.00023170
Epoch 411|time: 0.09s|train_loss 0.00019807|val_loss 0.00021470
Epoch 412|time: 0.09s|train_loss 0.00019967|val_loss 0.00021602
Epoch 413|time: 0.09s|train_loss 0.00018416|val_loss 0.00022866
Epoch 414|time: 0.09s|train_loss 0.00020454|val_loss 0.00021413
Epoch 415|time: 0.09s|train_loss 0.00018904|val_loss 0.00023826
Epoch 416|time: 0.09s|train_loss 0.00019652|val_loss 0.00021540
Epoch 417|time: 0.09s|train_loss 0.00018914|val_loss 0.00023306
Epoch 418|time: 0.09s|train_loss 0.00019313|val_loss 0.00021511
Epoch 419|time: 0.09s|train_loss 0.00020186|val_loss 0.00022652
Epoch 420|time: 0.09s|train_loss 0.00020554|val_loss 0.00021873
Epoch 421|time: 0.09s|train_loss 0.00020663|val_loss 0.00022056
Epoch 422|time: 0.09s|train_loss 0.00018225|val_loss 0.00021973
Epoch 423|time: 0.09s|train_loss 0.00018801|val_loss 0.00021255
Epoch 424|time: 0.09s|train_loss 0.00021089|val_loss 0.00021313
Epoch 425|time: 0.09s|train_loss 0.00019670|val_loss 0.00022505
Epoch 426|time: 0.09s|train_loss 0.00021237|val_loss 0.00021444
Epoch 427|time: 0.09s|train_loss 0.00018192|val_loss 0.00023180
Epoch 428|time: 0.09s|train_loss 0.00020240|val_loss 0.00021359
Epoch 429|time: 0.09s|train_loss 0.00020924|val_loss 0.00022230
Epoch 430|time: 0.09s|train_loss 0.00018165|val_loss 0.00021669
Epoch 431|time: 0.09s|train_loss 0.00019179|val_loss 0.00022432
Epoch 432|time: 0.09s|train_loss 0.00019900|val_loss 0.00021505
Epoch 433|time: 0.09s|train_loss 0.00018193|val_loss 0.00022797
Epoch 434|time: 0.09s|train_loss 0.00022275|val_loss 0.00021162
Epoch 435|time: 0.09s|train_loss 0.00020670|val_loss 0.00021929
Epoch 436|time: 0.09s|train_loss 0.00020232|val_loss 0.00022994
Epoch 437|time: 0.09s|train_loss 0.00020780|val_loss 0.00021092
Epoch 438|time: 0.09s|train_loss 0.00018822|val_loss 0.00023883
Epoch 439|time: 0.09s|train_loss 0.00019783|val_loss 0.00021606
Epoch 440|time: 0.09s|train_loss 0.00019810|val_loss 0.00021937
Epoch 441|time: 0.09s|train_loss 0.00018672|val_loss 0.00022417
Epoch 442|time: 0.09s|train_loss 0.00018495|val_loss 0.00021356
Epoch 443|time: 0.09s|train_loss 0.00019767|val_loss 0.00025291
Epoch 444|time: 0.09s|train_loss 0.00020849|val_loss 0.00021921
Epoch 445|time: 0.09s|train_loss 0.00018776|val_loss 0.00021694
Epoch 446|time: 0.09s|train_loss 0.00017975|val_loss 0.00021961
Epoch 447|time: 0.09s|train_loss 0.00018028|val_loss 0.00021108
Epoch 448|time: 0.09s|train_loss 0.00019650|val_loss 0.00021887
Epoch 449|time: 0.09s|train_loss 0.00019325|val_loss 0.00022107
Epoch 450|time: 0.09s|train_loss 0.00020255|val_loss 0.00021333
Epoch 451|time: 0.09s|train_loss 0.00018446|val_loss 0.00022231
Epoch 452|time: 0.09s|train_loss 0.00018952|val_loss 0.00020908
Best validation epoch: 452 Sat May 13 00:59:51 2023
TEST MAE 0.3475 std 0.1032 RMSE 0.5419 RMSEs 0.5195 PCC 0.8547 PCCs 0.7961 R2 0.6702 R2s 0.4720 Var 0.6748 Vars 0.4917 Peak 0.2169
Epoch 453|time: 0.09s|train_loss 0.00018807|val_loss 0.00022466
Epoch 454|time: 0.09s|train_loss 0.00018331|val_loss 0.00021958
Epoch 455|time: 0.09s|train_loss 0.00019393|val_loss 0.00020565
Best validation epoch: 455 Sat May 13 00:59:51 2023
TEST MAE 0.3166 std 0.0885 RMSE 0.4966 RMSEs 0.4795 PCC 0.8625 PCCs 0.8020 R2 0.7230 R2s 0.5581 Var 0.7230 Vars 0.5655 Peak 0.2009
Epoch 456|time: 0.09s|train_loss 0.00020750|val_loss 0.00021414
Epoch 457|time: 0.09s|train_loss 0.00017856|val_loss 0.00021866
Epoch 458|time: 0.09s|train_loss 0.00019006|val_loss 0.00021541
Epoch 459|time: 0.09s|train_loss 0.00024149|val_loss 0.00020602
Epoch 460|time: 0.09s|train_loss 0.00018480|val_loss 0.00022082
Epoch 461|time: 0.09s|train_loss 0.00019457|val_loss 0.00021707
Epoch 462|time: 0.09s|train_loss 0.00018794|val_loss 0.00021647
Epoch 463|time: 0.09s|train_loss 0.00018676|val_loss 0.00022910
Epoch 464|time: 0.09s|train_loss 0.00019830|val_loss 0.00021945
Epoch 465|time: 0.09s|train_loss 0.00019123|val_loss 0.00021030
Epoch 466|time: 0.09s|train_loss 0.00019503|val_loss 0.00022991
Epoch 467|time: 0.09s|train_loss 0.00018926|val_loss 0.00020675
Epoch 468|time: 0.09s|train_loss 0.00017710|val_loss 0.00021159
Epoch 469|time: 0.09s|train_loss 0.00018663|val_loss 0.00021804
Epoch 470|time: 0.09s|train_loss 0.00018304|val_loss 0.00020742
Epoch 471|time: 0.09s|train_loss 0.00018342|val_loss 0.00022834
Epoch 472|time: 0.09s|train_loss 0.00018289|val_loss 0.00022141
Epoch 473|time: 0.09s|train_loss 0.00018036|val_loss 0.00022110
Epoch 474|time: 0.09s|train_loss 0.00021097|val_loss 0.00023467
Epoch 475|time: 0.09s|train_loss 0.00018594|val_loss 0.00020637
Epoch 476|time: 0.09s|train_loss 0.00019207|val_loss 0.00022448
Epoch 477|time: 0.09s|train_loss 0.00019921|val_loss 0.00020729
Epoch 478|time: 0.09s|train_loss 0.00017999|val_loss 0.00020578
Epoch 479|time: 0.09s|train_loss 0.00019069|val_loss 0.00020413
Best validation epoch: 479 Sat May 13 00:59:53 2023
TEST MAE 0.3461 std 0.1046 RMSE 0.5297 RMSEs 0.5089 PCC 0.8558 PCCs 0.7949 R2 0.6848 R2s 0.5032 Var 0.6863 Vars 0.5145 Peak 0.2160
Epoch 480|time: 0.09s|train_loss 0.00018604|val_loss 0.00021546
Epoch 481|time: 0.09s|train_loss 0.00020180|val_loss 0.00021192
Epoch 482|time: 0.09s|train_loss 0.00017805|val_loss 0.00020843
Epoch 483|time: 0.09s|train_loss 0.00019974|val_loss 0.00021530
Epoch 484|time: 0.09s|train_loss 0.00020273|val_loss 0.00021028
Epoch 485|time: 0.09s|train_loss 0.00018639|val_loss 0.00022848
Epoch 486|time: 0.09s|train_loss 0.00020064|val_loss 0.00021427
Epoch 487|time: 0.09s|train_loss 0.00018724|val_loss 0.00021454
Epoch 488|time: 0.09s|train_loss 0.00018903|val_loss 0.00023573
Epoch 489|time: 0.09s|train_loss 0.00019287|val_loss 0.00021491
Epoch 490|time: 0.09s|train_loss 0.00020730|val_loss 0.00023369
Epoch 491|time: 0.09s|train_loss 0.00019264|val_loss 0.00021866
Epoch 492|time: 0.09s|train_loss 0.00018471|val_loss 0.00020480
Epoch 493|time: 0.09s|train_loss 0.00018896|val_loss 0.00022289
Epoch 494|time: 0.09s|train_loss 0.00017777|val_loss 0.00020520
Epoch 495|time: 0.09s|train_loss 0.00018400|val_loss 0.00020901
Epoch 496|time: 0.09s|train_loss 0.00018665|val_loss 0.00020198
Best validation epoch: 496 Sat May 13 00:59:55 2023
TEST MAE 0.3303 std 0.0972 RMSE 0.5165 RMSEs 0.4968 PCC 0.8538 PCCs 0.7940 R2 0.7003 R2s 0.5272 Var 0.7003 Vars 0.5363 Peak 0.2101
Epoch 497|time: 0.09s|train_loss 0.00018790|val_loss 0.00021626
Epoch 498|time: 0.09s|train_loss 0.00019882|val_loss 0.00020958
Epoch 499|time: 0.09s|train_loss 0.00019856|val_loss 0.00020807
Epoch 500|time: 0.09s|train_loss 0.00018808|val_loss 0.00023670
Epoch 501|time: 0.09s|train_loss 0.00020827|val_loss 0.00020691
Epoch 502|time: 0.09s|train_loss 0.00017961|val_loss 0.00021500
Epoch 503|time: 0.09s|train_loss 0.00018030|val_loss 0.00020423
Epoch 504|time: 0.09s|train_loss 0.00018748|val_loss 0.00020245
Epoch 505|time: 0.09s|train_loss 0.00021444|val_loss 0.00020456
Epoch 506|time: 0.09s|train_loss 0.00019742|val_loss 0.00022570
Epoch 507|time: 0.09s|train_loss 0.00019818|val_loss 0.00020998
Epoch 508|time: 0.09s|train_loss 0.00018737|val_loss 0.00020760
Epoch 509|time: 0.09s|train_loss 0.00019431|val_loss 0.00024280
Epoch 510|time: 0.09s|train_loss 0.00018941|val_loss 0.00020662
Epoch 511|time: 0.09s|train_loss 0.00017442|val_loss 0.00021031
Epoch 512|time: 0.09s|train_loss 0.00018140|val_loss 0.00022409
Epoch 513|time: 0.09s|train_loss 0.00019371|val_loss 0.00020921
Epoch 514|time: 0.09s|train_loss 0.00018051|val_loss 0.00022760
Epoch 515|time: 0.09s|train_loss 0.00018643|val_loss 0.00020179
Best validation epoch: 515 Sat May 13 00:59:56 2023
TEST MAE 0.3415 std 0.0999 RMSE 0.5284 RMSEs 0.5080 PCC 0.8524 PCCs 0.7887 R2 0.6863 R2s 0.5023 Var 0.6876 Vars 0.5132 Peak 0.2164
Epoch 516|time: 0.09s|train_loss 0.00018651|val_loss 0.00020969
Epoch 517|time: 0.09s|train_loss 0.00019280|val_loss 0.00021046
Epoch 518|time: 0.09s|train_loss 0.00019346|val_loss 0.00022875
Epoch 519|time: 0.09s|train_loss 0.00017560|val_loss 0.00020554
Epoch 520|time: 0.09s|train_loss 0.00018509|val_loss 0.00020081
Best validation epoch: 520 Sat May 13 00:59:57 2023
TEST MAE 0.3789 std 0.1101 RMSE 0.5767 RMSEs 0.5554 PCC 0.8311 PCCs 0.7628 R2 0.6264 R2s 0.4019 Var 0.6268 Vars 0.4123 Peak 0.2405
Epoch 521|time: 0.09s|train_loss 0.00021149|val_loss 0.00021228
Epoch 522|time: 0.09s|train_loss 0.00018510|val_loss 0.00020666
Epoch 523|time: 0.09s|train_loss 0.00018739|val_loss 0.00019994
Best validation epoch: 523 Sat May 13 00:59:57 2023
TEST MAE 0.3581 std 0.1089 RMSE 0.5572 RMSEs 0.5346 PCC 0.8384 PCCs 0.7673 R2 0.6512 R2s 0.4540 Var 0.6526 Vars 0.4656 Peak 0.2291
Epoch 524|time: 0.09s|train_loss 0.00019163|val_loss 0.00020738
Epoch 525|time: 0.09s|train_loss 0.00017373|val_loss 0.00021163
Epoch 526|time: 0.09s|train_loss 0.00017821|val_loss 0.00020847
Epoch 527|time: 0.09s|train_loss 0.00021800|val_loss 0.00021133
Epoch 528|time: 0.09s|train_loss 0.00016695|val_loss 0.00020586
Epoch 529|time: 0.09s|train_loss 0.00018617|val_loss 0.00022629
Epoch 530|time: 0.09s|train_loss 0.00022163|val_loss 0.00021949
Epoch 531|time: 0.09s|train_loss 0.00020415|val_loss 0.00023811
Epoch 532|time: 0.09s|train_loss 0.00019372|val_loss 0.00022185
Epoch 533|time: 0.09s|train_loss 0.00019542|val_loss 0.00021078
Epoch 534|time: 0.09s|train_loss 0.00018390|val_loss 0.00023214
Epoch 535|time: 0.09s|train_loss 0.00017876|val_loss 0.00020598
Epoch 536|time: 0.09s|train_loss 0.00017758|val_loss 0.00020526
Epoch 537|time: 0.09s|train_loss 0.00017605|val_loss 0.00022045
Epoch 538|time: 0.09s|train_loss 0.00018519|val_loss 0.00020872
Epoch 539|time: 0.09s|train_loss 0.00018331|val_loss 0.00024510
Epoch 540|time: 0.09s|train_loss 0.00019154|val_loss 0.00020488
Epoch 541|time: 0.09s|train_loss 0.00017451|val_loss 0.00020469
Epoch 542|time: 0.09s|train_loss 0.00018270|val_loss 0.00021215
Epoch 543|time: 0.09s|train_loss 0.00018381|val_loss 0.00020253
Epoch 544|time: 0.09s|train_loss 0.00017821|val_loss 0.00020352
Epoch 545|time: 0.09s|train_loss 0.00018875|val_loss 0.00020431
Epoch 546|time: 0.09s|train_loss 0.00018829|val_loss 0.00021713
Epoch 547|time: 0.09s|train_loss 0.00016894|val_loss 0.00019737
Best validation epoch: 547 Sat May 13 00:59:59 2023
TEST MAE 0.3452 std 0.1062 RMSE 0.5323 RMSEs 0.5100 PCC 0.8501 PCCs 0.7903 R2 0.6817 R2s 0.5036 Var 0.6823 Vars 0.5101 Peak 0.2183
Epoch 548|time: 0.09s|train_loss 0.00017550|val_loss 0.00022323
Epoch 549|time: 0.09s|train_loss 0.00021938|val_loss 0.00019778
Epoch 550|time: 0.09s|train_loss 0.00018840|val_loss 0.00022070
Epoch 551|time: 0.09s|train_loss 0.00019530|val_loss 0.00020724
Epoch 552|time: 0.09s|train_loss 0.00019356|val_loss 0.00020535
Epoch 553|time: 0.09s|train_loss 0.00018136|val_loss 0.00021020
Epoch 554|time: 0.09s|train_loss 0.00019032|val_loss 0.00021677
Epoch 555|time: 0.09s|train_loss 0.00019182|val_loss 0.00020757
Epoch 556|time: 0.09s|train_loss 0.00020126|val_loss 0.00020416
Epoch 557|time: 0.09s|train_loss 0.00020129|val_loss 0.00022371
Epoch 558|time: 0.09s|train_loss 0.00018832|val_loss 0.00020127
Epoch 559|time: 0.09s|train_loss 0.00020053|val_loss 0.00021142
Epoch 560|time: 0.09s|train_loss 0.00016997|val_loss 0.00021558
Epoch 561|time: 0.09s|train_loss 0.00017733|val_loss 0.00019986
Epoch 562|time: 0.09s|train_loss 0.00017636|val_loss 0.00021696
Epoch 563|time: 0.09s|train_loss 0.00017934|val_loss 0.00020155
Epoch 564|time: 0.09s|train_loss 0.00018247|val_loss 0.00021131
Epoch 565|time: 0.09s|train_loss 0.00017677|val_loss 0.00021052
Epoch 566|time: 0.09s|train_loss 0.00017379|val_loss 0.00020416
Epoch 567|time: 0.09s|train_loss 0.00018217|val_loss 0.00021869
Epoch 568|time: 0.09s|train_loss 0.00017843|val_loss 0.00021647
Epoch 569|time: 0.09s|train_loss 0.00018104|val_loss 0.00020073
Epoch 570|time: 0.09s|train_loss 0.00018896|val_loss 0.00020843
Epoch 571|time: 0.09s|train_loss 0.00020010|val_loss 0.00023995
Epoch 572|time: 0.09s|train_loss 0.00018512|val_loss 0.00020850
Epoch 573|time: 0.09s|train_loss 0.00019803|val_loss 0.00021174
Epoch 574|time: 0.09s|train_loss 0.00017948|val_loss 0.00021441
Epoch 575|time: 0.09s|train_loss 0.00019093|val_loss 0.00019753
Epoch 576|time: 0.09s|train_loss 0.00020471|val_loss 0.00022570
Epoch 577|time: 0.09s|train_loss 0.00018168|val_loss 0.00020736
Epoch 578|time: 0.09s|train_loss 0.00017191|val_loss 0.00021436
Epoch 579|time: 0.09s|train_loss 0.00018304|val_loss 0.00022131
Epoch 580|time: 0.09s|train_loss 0.00019227|val_loss 0.00021370
Epoch 581|time: 0.09s|train_loss 0.00021718|val_loss 0.00022094
Epoch 582|time: 0.09s|train_loss 0.00021531|val_loss 0.00023653
Epoch 583|time: 0.09s|train_loss 0.00019382|val_loss 0.00022773
Epoch 584|time: 0.09s|train_loss 0.00019012|val_loss 0.00020947
Epoch 585|time: 0.09s|train_loss 0.00019658|val_loss 0.00022488
Epoch 586|time: 0.09s|train_loss 0.00021352|val_loss 0.00021869
Epoch 587|time: 0.09s|train_loss 0.00017774|val_loss 0.00023508
Epoch 588|time: 0.09s|train_loss 0.00018643|val_loss 0.00020546
Epoch 589|time: 0.09s|train_loss 0.00023404|val_loss 0.00020512
Epoch 590|time: 0.09s|train_loss 0.00018257|val_loss 0.00023196
Epoch 591|time: 0.09s|train_loss 0.00021582|val_loss 0.00021762
Epoch 592|time: 0.09s|train_loss 0.00022651|val_loss 0.00027430
Epoch 593|time: 0.09s|train_loss 0.00023255|val_loss 0.00025427
Epoch 594|time: 0.09s|train_loss 0.00021874|val_loss 0.00025083
Epoch 595|time: 0.09s|train_loss 0.00019776|val_loss 0.00021695
Epoch 596|time: 0.09s|train_loss 0.00017824|val_loss 0.00022226
Epoch 597|time: 0.09s|train_loss 0.00017360|val_loss 0.00020655
Epoch 598|time: 0.09s|train_loss 0.00017789|val_loss 0.00020226
Epoch 599|time: 0.09s|train_loss 0.00018280|val_loss 0.00021327
Epoch 600|time: 0.09s|train_loss 0.00018826|val_loss 0.00020407
Epoch 601|time: 0.09s|train_loss 0.00018087|val_loss 0.00020445
Epoch 602|time: 0.09s|train_loss 0.00017272|val_loss 0.00022770
Epoch 603|time: 0.09s|train_loss 0.00019024|val_loss 0.00020111
Epoch 604|time: 0.09s|train_loss 0.00017656|val_loss 0.00020682
Epoch 605|time: 0.09s|train_loss 0.00018674|val_loss 0.00020828
Epoch 606|time: 0.09s|train_loss 0.00018455|val_loss 0.00020357
Epoch 607|time: 0.09s|train_loss 0.00018663|val_loss 0.00020186
Epoch 608|time: 0.09s|train_loss 0.00018057|val_loss 0.00020474
Epoch 609|time: 0.09s|train_loss 0.00017418|val_loss 0.00021837
Epoch 610|time: 0.09s|train_loss 0.00018904|val_loss 0.00020842
Epoch 611|time: 0.09s|train_loss 0.00018283|val_loss 0.00020885
Epoch 612|time: 0.09s|train_loss 0.00019795|val_loss 0.00020631
Epoch 613|time: 0.09s|train_loss 0.00016943|val_loss 0.00021882
Epoch 614|time: 0.09s|train_loss 0.00019770|val_loss 0.00020608
Epoch 615|time: 0.09s|train_loss 0.00019834|val_loss 0.00021240
Epoch 616|time: 0.09s|train_loss 0.00019886|val_loss 0.00020019
Epoch 617|time: 0.09s|train_loss 0.00019222|val_loss 0.00021774
Epoch 618|time: 0.09s|train_loss 0.00017398|val_loss 0.00020581
Epoch 619|time: 0.09s|train_loss 0.00018562|val_loss 0.00021461
Epoch 620|time: 0.09s|train_loss 0.00018336|val_loss 0.00021267
Epoch 621|time: 0.09s|train_loss 0.00017285|val_loss 0.00019938
Epoch 622|time: 0.09s|train_loss 0.00017144|val_loss 0.00021217
Epoch 623|time: 0.09s|train_loss 0.00016844|val_loss 0.00019996
Epoch 624|time: 0.09s|train_loss 0.00018483|val_loss 0.00020539
Epoch 625|time: 0.09s|train_loss 0.00020892|val_loss 0.00020808
Epoch 626|time: 0.09s|train_loss 0.00018505|val_loss 0.00022580
Epoch 627|time: 0.09s|train_loss 0.00017527|val_loss 0.00020428
Epoch 628|time: 0.09s|train_loss 0.00017286|val_loss 0.00020755
Epoch 629|time: 0.09s|train_loss 0.00017161|val_loss 0.00021200
Epoch 630|time: 0.09s|train_loss 0.00016812|val_loss 0.00020160
Epoch 631|time: 0.09s|train_loss 0.00017928|val_loss 0.00020585
Epoch 632|time: 0.09s|train_loss 0.00018374|val_loss 0.00021406
Epoch 633|time: 0.09s|train_loss 0.00019728|val_loss 0.00020823
Epoch 634|time: 0.09s|train_loss 0.00020276|val_loss 0.00022530
Epoch 635|time: 0.09s|train_loss 0.00017092|val_loss 0.00019477
Best validation epoch: 635 Sat May 13 01:00:07 2023
TEST MAE 0.3666 std 0.1096 RMSE 0.5762 RMSEs 0.5528 PCC 0.8262 PCCs 0.7575 R2 0.6271 R2s 0.4133 Var 0.6271 Vars 0.4223 Peak 0.2381
Epoch 636|time: 0.09s|train_loss 0.00016706|val_loss 0.00020848
Epoch 637|time: 0.09s|train_loss 0.00016572|val_loss 0.00021199
Epoch 638|time: 0.09s|train_loss 0.00018025|val_loss 0.00021472
Epoch 639|time: 0.09s|train_loss 0.00019117|val_loss 0.00021868
Epoch 640|time: 0.09s|train_loss 0.00017783|val_loss 0.00021210
Epoch 641|time: 0.09s|train_loss 0.00017201|val_loss 0.00019694
Epoch 642|time: 0.09s|train_loss 0.00017183|val_loss 0.00020238
Epoch 643|time: 0.09s|train_loss 0.00019204|val_loss 0.00020656
Epoch 644|time: 0.09s|train_loss 0.00016987|val_loss 0.00020024
Epoch 645|time: 0.09s|train_loss 0.00018144|val_loss 0.00020363
Epoch 646|time: 0.09s|train_loss 0.00019384|val_loss 0.00021040
Epoch 647|time: 0.09s|train_loss 0.00018311|val_loss 0.00020359
Epoch 648|time: 0.09s|train_loss 0.00019655|val_loss 0.00022561
Epoch 649|time: 0.09s|train_loss 0.00019878|val_loss 0.00021567
Epoch 650|time: 0.09s|train_loss 0.00021577|val_loss 0.00026776
Epoch 651|time: 0.09s|train_loss 0.00018936|val_loss 0.00021186
Epoch 652|time: 0.09s|train_loss 0.00020187|val_loss 0.00022929
Epoch 653|time: 0.09s|train_loss 0.00017626|val_loss 0.00020421
Epoch 654|time: 0.09s|train_loss 0.00017806|val_loss 0.00021190
Epoch 655|time: 0.09s|train_loss 0.00018156|val_loss 0.00020449
Epoch 656|time: 0.09s|train_loss 0.00017129|val_loss 0.00020286
Epoch 657|time: 0.09s|train_loss 0.00017387|val_loss 0.00020789
Epoch 658|time: 0.09s|train_loss 0.00017646|val_loss 0.00023451
Epoch 659|time: 0.09s|train_loss 0.00023633|val_loss 0.00020410
Epoch 660|time: 0.09s|train_loss 0.00019012|val_loss 0.00024349
Epoch 661|time: 0.09s|train_loss 0.00018506|val_loss 0.00020058
Epoch 662|time: 0.09s|train_loss 0.00016894|val_loss 0.00020109
Epoch 663|time: 0.09s|train_loss 0.00016701|val_loss 0.00020727
Epoch 664|time: 0.09s|train_loss 0.00018206|val_loss 0.00021326
Epoch 665|time: 0.09s|train_loss 0.00017466|val_loss 0.00020071
Epoch 666|time: 0.09s|train_loss 0.00016950|val_loss 0.00021048
Epoch 667|time: 0.09s|train_loss 0.00016561|val_loss 0.00019452
Best validation epoch: 667 Sat May 13 01:00:10 2023
TEST MAE 0.3426 std 0.1040 RMSE 0.5431 RMSEs 0.5192 PCC 0.8532 PCCs 0.7942 R2 0.6687 R2s 0.4820 Var 0.6747 Vars 0.5050 Peak 0.2162
Epoch 668|time: 0.09s|train_loss 0.00017737|val_loss 0.00020392
Epoch 669|time: 0.09s|train_loss 0.00016729|val_loss 0.00020719
Epoch 670|time: 0.09s|train_loss 0.00016713|val_loss 0.00020194
Epoch 671|time: 0.09s|train_loss 0.00016590|val_loss 0.00019901
Epoch 672|time: 0.09s|train_loss 0.00017735|val_loss 0.00020677
Epoch 673|time: 0.09s|train_loss 0.00018859|val_loss 0.00020278
Epoch 674|time: 0.09s|train_loss 0.00022214|val_loss 0.00021381
Epoch 675|time: 0.09s|train_loss 0.00018113|val_loss 0.00022388
Epoch 676|time: 0.09s|train_loss 0.00017525|val_loss 0.00020538
Epoch 677|time: 0.09s|train_loss 0.00016623|val_loss 0.00020466
Epoch 678|time: 0.09s|train_loss 0.00016169|val_loss 0.00020124
Epoch 679|time: 0.09s|train_loss 0.00017454|val_loss 0.00019599
Epoch 680|time: 0.09s|train_loss 0.00018044|val_loss 0.00020403
Epoch 681|time: 0.09s|train_loss 0.00016521|val_loss 0.00020824
Epoch 682|time: 0.09s|train_loss 0.00017530|val_loss 0.00020384
Epoch 683|time: 0.09s|train_loss 0.00018334|val_loss 0.00022144
Epoch 684|time: 0.09s|train_loss 0.00017975|val_loss 0.00021431
Epoch 685|time: 0.09s|train_loss 0.00017973|val_loss 0.00020465
Epoch 686|time: 0.09s|train_loss 0.00017886|val_loss 0.00020262
Epoch 687|time: 0.09s|train_loss 0.00017500|val_loss 0.00019535
Epoch 688|time: 0.09s|train_loss 0.00016923|val_loss 0.00020183
Epoch 689|time: 0.09s|train_loss 0.00016318|val_loss 0.00022337
Epoch 690|time: 0.09s|train_loss 0.00018203|val_loss 0.00020394
Epoch 691|time: 0.09s|train_loss 0.00016420|val_loss 0.00020917
Epoch 692|time: 0.09s|train_loss 0.00016559|val_loss 0.00020673
Epoch 693|time: 0.09s|train_loss 0.00015999|val_loss 0.00020270
Epoch 694|time: 0.09s|train_loss 0.00017378|val_loss 0.00020142
Epoch 695|time: 0.09s|train_loss 0.00018562|val_loss 0.00020237
Epoch 696|time: 0.09s|train_loss 0.00016719|val_loss 0.00020341
Epoch 697|time: 0.09s|train_loss 0.00018284|val_loss 0.00021361
Epoch 698|time: 0.09s|train_loss 0.00016760|val_loss 0.00020260
Epoch 699|time: 0.09s|train_loss 0.00016770|val_loss 0.00020796
Epoch 700|time: 0.09s|train_loss 0.00017365|val_loss 0.00020354
Epoch 701|time: 0.09s|train_loss 0.00016617|val_loss 0.00020315
Epoch 702|time: 0.09s|train_loss 0.00016315|val_loss 0.00020402
Epoch 703|time: 0.09s|train_loss 0.00017868|val_loss 0.00021008
Epoch 704|time: 0.09s|train_loss 0.00015943|val_loss 0.00020814
Epoch 705|time: 0.09s|train_loss 0.00017685|val_loss 0.00020913
Epoch 706|time: 0.09s|train_loss 0.00018016|val_loss 0.00019782
Epoch 707|time: 0.09s|train_loss 0.00017264|val_loss 0.00020565
Epoch 708|time: 0.09s|train_loss 0.00018687|val_loss 0.00021164
Epoch 709|time: 0.09s|train_loss 0.00016605|val_loss 0.00019778
Epoch 710|time: 0.09s|train_loss 0.00016220|val_loss 0.00021028
Epoch 711|time: 0.09s|train_loss 0.00017143|val_loss 0.00019645
Epoch 712|time: 0.09s|train_loss 0.00017095|val_loss 0.00021633
Epoch 713|time: 0.09s|train_loss 0.00017414|val_loss 0.00019526
Epoch 714|time: 0.09s|train_loss 0.00017576|val_loss 0.00021545
Epoch 715|time: 0.09s|train_loss 0.00020230|val_loss 0.00020897
Epoch 716|time: 0.09s|train_loss 0.00018687|val_loss 0.00021435
Epoch 717|time: 0.09s|train_loss 0.00017813|val_loss 0.00020762
Epoch 718|time: 0.09s|train_loss 0.00017610|val_loss 0.00021643
Epoch 719|time: 0.09s|train_loss 0.00016847|val_loss 0.00019887
Epoch 720|time: 0.09s|train_loss 0.00016751|val_loss 0.00019700
Epoch 721|time: 0.09s|train_loss 0.00016624|val_loss 0.00020164
Epoch 722|time: 0.09s|train_loss 0.00018203|val_loss 0.00020319
Epoch 723|time: 0.09s|train_loss 0.00015931|val_loss 0.00019491
Epoch 724|time: 0.09s|train_loss 0.00016150|val_loss 0.00019523
Epoch 725|time: 0.09s|train_loss 0.00016238|val_loss 0.00020102
Epoch 726|time: 0.09s|train_loss 0.00016100|val_loss 0.00019741
Epoch 727|time: 0.09s|train_loss 0.00016733|val_loss 0.00020254
Epoch 728|time: 0.09s|train_loss 0.00017206|val_loss 0.00020954
Epoch 729|time: 0.09s|train_loss 0.00019700|val_loss 0.00020036
Epoch 730|time: 0.09s|train_loss 0.00018316|val_loss 0.00022924
Epoch 731|time: 0.09s|train_loss 0.00017473|val_loss 0.00020359
Epoch 732|time: 0.09s|train_loss 0.00018742|val_loss 0.00022373
Epoch 733|time: 0.09s|train_loss 0.00020172|val_loss 0.00020588
Epoch 734|time: 0.09s|train_loss 0.00017622|val_loss 0.00019624
Epoch 735|time: 0.09s|train_loss 0.00016720|val_loss 0.00019280
Best validation epoch: 735 Sat May 13 01:00:16 2023
TEST MAE 0.3757 std 0.1199 RMSE 0.6003 RMSEs 0.5727 PCC 0.8307 PCCs 0.7682 R2 0.5952 R2s 0.3631 Var 0.5992 Vars 0.3832 Peak 0.2466
Epoch 736|time: 0.09s|train_loss 0.00018655|val_loss 0.00020853
Epoch 737|time: 0.09s|train_loss 0.00016992|val_loss 0.00020063
Epoch 738|time: 0.09s|train_loss 0.00017845|val_loss 0.00019574
Epoch 739|time: 0.09s|train_loss 0.00016512|val_loss 0.00020075
Epoch 740|time: 0.09s|train_loss 0.00016264|val_loss 0.00019949
Epoch 741|time: 0.09s|train_loss 0.00016640|val_loss 0.00020804
Epoch 742|time: 0.09s|train_loss 0.00018539|val_loss 0.00020391
Epoch 743|time: 0.09s|train_loss 0.00017139|val_loss 0.00019876
Epoch 744|time: 0.09s|train_loss 0.00019752|val_loss 0.00019665
Epoch 745|time: 0.09s|train_loss 0.00019077|val_loss 0.00022181
Epoch 746|time: 0.09s|train_loss 0.00019089|val_loss 0.00021445
Epoch 747|time: 0.09s|train_loss 0.00019262|val_loss 0.00022141
Epoch 748|time: 0.09s|train_loss 0.00017076|val_loss 0.00020350
Epoch 749|time: 0.09s|train_loss 0.00016886|val_loss 0.00020176
Epoch 750|time: 0.09s|train_loss 0.00021008|val_loss 0.00020311
Epoch 751|time: 0.09s|train_loss 0.00018047|val_loss 0.00020707
Epoch 752|time: 0.09s|train_loss 0.00019623|val_loss 0.00019715
Epoch 753|time: 0.09s|train_loss 0.00018004|val_loss 0.00021148
Epoch 754|time: 0.09s|train_loss 0.00019234|val_loss 0.00021619
Epoch 755|time: 0.09s|train_loss 0.00017527|val_loss 0.00020812
Epoch 756|time: 0.09s|train_loss 0.00015965|val_loss 0.00020193
Epoch 757|time: 0.09s|train_loss 0.00016790|val_loss 0.00020166
Epoch 758|time: 0.09s|train_loss 0.00017335|val_loss 0.00021251
Epoch 759|time: 0.09s|train_loss 0.00016890|val_loss 0.00024196
Epoch 760|time: 0.09s|train_loss 0.00019294|val_loss 0.00020423
Epoch 761|time: 0.09s|train_loss 0.00018199|val_loss 0.00021558
Epoch 762|time: 0.09s|train_loss 0.00017566|val_loss 0.00020581
Epoch 763|time: 0.09s|train_loss 0.00018417|val_loss 0.00020629
Epoch 764|time: 0.09s|train_loss 0.00016356|val_loss 0.00019954
Epoch 765|time: 0.09s|train_loss 0.00019720|val_loss 0.00020583
Epoch 766|time: 0.09s|train_loss 0.00017821|val_loss 0.00019709
Epoch 767|time: 0.09s|train_loss 0.00017140|val_loss 0.00020876
Epoch 768|time: 0.09s|train_loss 0.00017186|val_loss 0.00023056
Epoch 769|time: 0.09s|train_loss 0.00016693|val_loss 0.00020194
Epoch 770|time: 0.09s|train_loss 0.00016307|val_loss 0.00021587
Epoch 771|time: 0.09s|train_loss 0.00017316|val_loss 0.00019208
Best validation epoch: 771 Sat May 13 01:00:19 2023
TEST MAE 0.3482 std 0.1042 RMSE 0.5534 RMSEs 0.5304 PCC 0.8469 PCCs 0.7839 R2 0.6560 R2s 0.4613 Var 0.6588 Vars 0.4762 Peak 0.2276
Epoch 772|time: 0.09s|train_loss 0.00017209|val_loss 0.00020600
Epoch 773|time: 0.09s|train_loss 0.00015884|val_loss 0.00019273
Epoch 774|time: 0.09s|train_loss 0.00019692|val_loss 0.00020452
Epoch 775|time: 0.09s|train_loss 0.00017049|val_loss 0.00020542
Epoch 776|time: 0.09s|train_loss 0.00017419|val_loss 0.00019222
Epoch 777|time: 0.09s|train_loss 0.00016741|val_loss 0.00020643
Epoch 778|time: 0.09s|train_loss 0.00017439|val_loss 0.00019745
Epoch 779|time: 0.09s|train_loss 0.00017059|val_loss 0.00021012
Epoch 780|time: 0.09s|train_loss 0.00017472|val_loss 0.00019473
Epoch 781|time: 0.09s|train_loss 0.00016394|val_loss 0.00019391
Epoch 782|time: 0.09s|train_loss 0.00019047|val_loss 0.00020013
Epoch 783|time: 0.09s|train_loss 0.00018291|val_loss 0.00022865
Epoch 784|time: 0.09s|train_loss 0.00023848|val_loss 0.00023864
Epoch 785|time: 0.09s|train_loss 0.00021322|val_loss 0.00026632
Epoch 786|time: 0.09s|train_loss 0.00019653|val_loss 0.00021080
Epoch 787|time: 0.09s|train_loss 0.00018514|val_loss 0.00020235
Epoch 788|time: 0.09s|train_loss 0.00017690|val_loss 0.00020983
Epoch 789|time: 0.09s|train_loss 0.00017835|val_loss 0.00020152
Epoch 790|time: 0.09s|train_loss 0.00016757|val_loss 0.00020040
Epoch 791|time: 0.09s|train_loss 0.00017738|val_loss 0.00024404
Epoch 792|time: 0.09s|train_loss 0.00018436|val_loss 0.00019940
Epoch 793|time: 0.09s|train_loss 0.00016948|val_loss 0.00020757
Epoch 794|time: 0.09s|train_loss 0.00017770|val_loss 0.00020241
Epoch 795|time: 0.09s|train_loss 0.00017864|val_loss 0.00020614
Epoch 796|time: 0.09s|train_loss 0.00016046|val_loss 0.00020144
Epoch 797|time: 0.09s|train_loss 0.00017134|val_loss 0.00020145
Epoch 798|time: 0.09s|train_loss 0.00017562|val_loss 0.00020439
Epoch 799|time: 0.09s|train_loss 0.00018428|val_loss 0.00023091
Epoch 800|time: 0.09s|train_loss 0.00017769|val_loss 0.00020460
Epoch 801|time: 0.09s|train_loss 0.00017257|val_loss 0.00021832
Epoch 802|time: 0.09s|train_loss 0.00016916|val_loss 0.00019572
Epoch 803|time: 0.09s|train_loss 0.00016550|val_loss 0.00020705
Epoch 804|time: 0.09s|train_loss 0.00018145|val_loss 0.00020504
Epoch 805|time: 0.09s|train_loss 0.00015982|val_loss 0.00019994
Epoch 806|time: 0.09s|train_loss 0.00017085|val_loss 0.00020756
Epoch 807|time: 0.09s|train_loss 0.00017056|val_loss 0.00019894
Epoch 808|time: 0.09s|train_loss 0.00016200|val_loss 0.00019987
Epoch 809|time: 0.09s|train_loss 0.00016953|val_loss 0.00021368
Epoch 810|time: 0.09s|train_loss 0.00017147|val_loss 0.00019679
Epoch 811|time: 0.09s|train_loss 0.00016358|val_loss 0.00021572
Epoch 812|time: 0.09s|train_loss 0.00017995|val_loss 0.00019757
Epoch 813|time: 0.09s|train_loss 0.00019264|val_loss 0.00020516
Epoch 814|time: 0.09s|train_loss 0.00018428|val_loss 0.00021235
Epoch 815|time: 0.09s|train_loss 0.00018509|val_loss 0.00021249
Epoch 816|time: 0.09s|train_loss 0.00018296|val_loss 0.00019494
Epoch 817|time: 0.09s|train_loss 0.00017266|val_loss 0.00020241
Epoch 818|time: 0.09s|train_loss 0.00018956|val_loss 0.00020317
Epoch 819|time: 0.09s|train_loss 0.00016333|val_loss 0.00021061
Epoch 820|time: 0.09s|train_loss 0.00016437|val_loss 0.00020123
Epoch 821|time: 0.09s|train_loss 0.00016162|val_loss 0.00019699
Epoch 822|time: 0.09s|train_loss 0.00016232|val_loss 0.00021450
Epoch 823|time: 0.09s|train_loss 0.00016476|val_loss 0.00019250
Epoch 824|time: 0.09s|train_loss 0.00016751|val_loss 0.00019750
Epoch 825|time: 0.09s|train_loss 0.00016738|val_loss 0.00019521
Epoch 826|time: 0.09s|train_loss 0.00016390|val_loss 0.00020101
Epoch 827|time: 0.09s|train_loss 0.00017809|val_loss 0.00020975
Epoch 828|time: 0.09s|train_loss 0.00016429|val_loss 0.00019419
Epoch 829|time: 0.09s|train_loss 0.00015279|val_loss 0.00019492
Epoch 830|time: 0.09s|train_loss 0.00019352|val_loss 0.00019696
Epoch 831|time: 0.09s|train_loss 0.00018090|val_loss 0.00019945
Epoch 832|time: 0.09s|train_loss 0.00016996|val_loss 0.00019595
Epoch 833|time: 0.09s|train_loss 0.00015998|val_loss 0.00019707
Epoch 834|time: 0.09s|train_loss 0.00018068|val_loss 0.00019063
Best validation epoch: 834 Sat May 13 01:00:25 2023
TEST MAE 0.3440 std 0.1054 RMSE 0.5431 RMSEs 0.5203 PCC 0.8487 PCCs 0.7898 R2 0.6687 R2s 0.4835 Var 0.6690 Vars 0.4920 Peak 0.2244
Epoch 835|time: 0.09s|train_loss 0.00015687|val_loss 0.00020131
Epoch 836|time: 0.09s|train_loss 0.00015877|val_loss 0.00020090
Epoch 837|time: 0.09s|train_loss 0.00017416|val_loss 0.00020216
Epoch 838|time: 0.09s|train_loss 0.00017695|val_loss 0.00020903
Epoch 839|time: 0.09s|train_loss 0.00016258|val_loss 0.00020323
Epoch 840|time: 0.09s|train_loss 0.00020071|val_loss 0.00020182
Epoch 841|time: 0.09s|train_loss 0.00019687|val_loss 0.00022251
Epoch 842|time: 0.09s|train_loss 0.00018727|val_loss 0.00021746
Epoch 843|time: 0.09s|train_loss 0.00018254|val_loss 0.00023068
Epoch 844|time: 0.09s|train_loss 0.00016768|val_loss 0.00020318
Epoch 845|time: 0.09s|train_loss 0.00016515|val_loss 0.00020308
Epoch 846|time: 0.09s|train_loss 0.00018174|val_loss 0.00021293
Epoch 847|time: 0.09s|train_loss 0.00019070|val_loss 0.00021649
Epoch 848|time: 0.09s|train_loss 0.00016857|val_loss 0.00020395
Epoch 849|time: 0.09s|train_loss 0.00019444|val_loss 0.00021924
Epoch 850|time: 0.09s|train_loss 0.00017185|val_loss 0.00020493
Epoch 851|time: 0.09s|train_loss 0.00019991|val_loss 0.00019594
Epoch 852|time: 0.09s|train_loss 0.00019889|val_loss 0.00020048
Epoch 853|time: 0.09s|train_loss 0.00016237|val_loss 0.00020201
Epoch 854|time: 0.09s|train_loss 0.00016214|val_loss 0.00019700
Epoch 855|time: 0.09s|train_loss 0.00016868|val_loss 0.00020248
Epoch 856|time: 0.09s|train_loss 0.00016134|val_loss 0.00019448
Epoch 857|time: 0.09s|train_loss 0.00017331|val_loss 0.00020895
Epoch 858|time: 0.09s|train_loss 0.00016081|val_loss 0.00019785
Epoch 859|time: 0.09s|train_loss 0.00016408|val_loss 0.00020460
Epoch 860|time: 0.09s|train_loss 0.00016387|val_loss 0.00019520
Epoch 861|time: 0.09s|train_loss 0.00015760|val_loss 0.00020424
Epoch 862|time: 0.09s|train_loss 0.00016974|val_loss 0.00020522
Epoch 863|time: 0.09s|train_loss 0.00017098|val_loss 0.00021773
Epoch 864|time: 0.09s|train_loss 0.00017648|val_loss 0.00022069
Epoch 865|time: 0.09s|train_loss 0.00018369|val_loss 0.00019887
Epoch 866|time: 0.09s|train_loss 0.00016634|val_loss 0.00020781
Epoch 867|time: 0.09s|train_loss 0.00017718|val_loss 0.00018935
Best validation epoch: 867 Sat May 13 01:00:28 2023
TEST MAE 0.3982 std 0.1204 RMSE 0.6243 RMSEs 0.5990 PCC 0.8320 PCCs 0.7701 R2 0.5622 R2s 0.3094 Var 0.5785 Vars 0.3548 Peak 0.2562
Epoch 868|time: 0.09s|train_loss 0.00018346|val_loss 0.00020838
Epoch 869|time: 0.09s|train_loss 0.00017601|val_loss 0.00021008
Epoch 870|time: 0.09s|train_loss 0.00016990|val_loss 0.00020260
Epoch 871|time: 0.09s|train_loss 0.00016363|val_loss 0.00020491
Epoch 872|time: 0.09s|train_loss 0.00015989|val_loss 0.00022250
Epoch 873|time: 0.09s|train_loss 0.00018347|val_loss 0.00021907
Epoch 874|time: 0.09s|train_loss 0.00017802|val_loss 0.00021966
Epoch 875|time: 0.09s|train_loss 0.00018548|val_loss 0.00020041
Epoch 876|time: 0.09s|train_loss 0.00016993|val_loss 0.00020000
Epoch 877|time: 0.09s|train_loss 0.00016350|val_loss 0.00022934
Epoch 878|time: 0.09s|train_loss 0.00017877|val_loss 0.00019451
Epoch 879|time: 0.09s|train_loss 0.00017017|val_loss 0.00020607
Epoch 880|time: 0.09s|train_loss 0.00017044|val_loss 0.00019722
Epoch 881|time: 0.09s|train_loss 0.00017256|val_loss 0.00020447
Epoch 882|time: 0.09s|train_loss 0.00016059|val_loss 0.00020045
Epoch 883|time: 0.09s|train_loss 0.00015388|val_loss 0.00020106
Epoch 884|time: 0.09s|train_loss 0.00017362|val_loss 0.00020084
Epoch 885|time: 0.09s|train_loss 0.00016395|val_loss 0.00019240
Epoch 886|time: 0.09s|train_loss 0.00016766|val_loss 0.00022191
Epoch 887|time: 0.09s|train_loss 0.00017544|val_loss 0.00019565
Epoch 888|time: 0.09s|train_loss 0.00016465|val_loss 0.00020836
Epoch 889|time: 0.09s|train_loss 0.00016934|val_loss 0.00022098
Epoch 890|time: 0.09s|train_loss 0.00018428|val_loss 0.00020790
Epoch 891|time: 0.09s|train_loss 0.00016189|val_loss 0.00020057
Epoch 892|time: 0.09s|train_loss 0.00018120|val_loss 0.00022061
Epoch 893|time: 0.09s|train_loss 0.00019754|val_loss 0.00021100
Epoch 894|time: 0.09s|train_loss 0.00017902|val_loss 0.00022057
Epoch 895|time: 0.09s|train_loss 0.00017161|val_loss 0.00020718
Epoch 896|time: 0.09s|train_loss 0.00020016|val_loss 0.00020611
Epoch 897|time: 0.09s|train_loss 0.00016953|val_loss 0.00020831
Epoch 898|time: 0.09s|train_loss 0.00018451|val_loss 0.00020720
Epoch 899|time: 0.09s|train_loss 0.00017683|val_loss 0.00019768
Epoch 900|time: 0.09s|train_loss 0.00016000|val_loss 0.00020736
Epoch 901|time: 0.09s|train_loss 0.00016066|val_loss 0.00020557
Epoch 902|time: 0.09s|train_loss 0.00015545|val_loss 0.00020538
Epoch 903|time: 0.09s|train_loss 0.00016974|val_loss 0.00019535
Epoch 904|time: 0.09s|train_loss 0.00020403|val_loss 0.00020632
Epoch 905|time: 0.09s|train_loss 0.00015834|val_loss 0.00020508
Epoch 906|time: 0.09s|train_loss 0.00015398|val_loss 0.00020161
Epoch 907|time: 0.09s|train_loss 0.00017795|val_loss 0.00019968
Epoch 908|time: 0.09s|train_loss 0.00017382|val_loss 0.00020676
Epoch 909|time: 0.09s|train_loss 0.00017247|val_loss 0.00020200
Epoch 910|time: 0.09s|train_loss 0.00017138|val_loss 0.00019660
Epoch 911|time: 0.09s|train_loss 0.00017383|val_loss 0.00020827
Epoch 912|time: 0.09s|train_loss 0.00016451|val_loss 0.00019933
Epoch 913|time: 0.09s|train_loss 0.00016045|val_loss 0.00020075
Epoch 914|time: 0.09s|train_loss 0.00015930|val_loss 0.00020810
Epoch 915|time: 0.09s|train_loss 0.00018034|val_loss 0.00019638
Epoch 916|time: 0.09s|train_loss 0.00016073|val_loss 0.00019788
Epoch 917|time: 0.09s|train_loss 0.00016515|val_loss 0.00019809
Epoch 918|time: 0.09s|train_loss 0.00014979|val_loss 0.00020350
Epoch 919|time: 0.09s|train_loss 0.00015277|val_loss 0.00019329
Epoch 920|time: 0.09s|train_loss 0.00017204|val_loss 0.00019367
Epoch 921|time: 0.09s|train_loss 0.00017582|val_loss 0.00020816
Epoch 922|time: 0.09s|train_loss 0.00018494|val_loss 0.00021559
Epoch 923|time: 0.09s|train_loss 0.00018279|val_loss 0.00021190
Epoch 924|time: 0.09s|train_loss 0.00017072|val_loss 0.00021626
Epoch 925|time: 0.09s|train_loss 0.00016405|val_loss 0.00021170
Epoch 926|time: 0.09s|train_loss 0.00017328|val_loss 0.00019536
Epoch 927|time: 0.09s|train_loss 0.00015982|val_loss 0.00021685
Epoch 928|time: 0.09s|train_loss 0.00016252|val_loss 0.00019883
Epoch 929|time: 0.09s|train_loss 0.00015406|val_loss 0.00021057
Epoch 930|time: 0.09s|train_loss 0.00016303|val_loss 0.00019078
Epoch 931|time: 0.09s|train_loss 0.00016152|val_loss 0.00019899
Epoch 932|time: 0.09s|train_loss 0.00015602|val_loss 0.00021025
Epoch 933|time: 0.09s|train_loss 0.00017934|val_loss 0.00021469
Epoch 934|time: 0.09s|train_loss 0.00017630|val_loss 0.00021079
Epoch 935|time: 0.09s|train_loss 0.00016468|val_loss 0.00019366
Epoch 936|time: 0.09s|train_loss 0.00020708|val_loss 0.00023288
Epoch 937|time: 0.09s|train_loss 0.00016182|val_loss 0.00019642
Epoch 938|time: 0.09s|train_loss 0.00016374|val_loss 0.00020589
Epoch 939|time: 0.09s|train_loss 0.00016366|val_loss 0.00019789
Epoch 940|time: 0.09s|train_loss 0.00017405|val_loss 0.00020583
Epoch 941|time: 0.09s|train_loss 0.00016252|val_loss 0.00019972
Epoch 942|time: 0.09s|train_loss 0.00016223|val_loss 0.00020055
Epoch 943|time: 0.09s|train_loss 0.00019763|val_loss 0.00019548
Epoch 944|time: 0.09s|train_loss 0.00016300|val_loss 0.00020832
Epoch 945|time: 0.09s|train_loss 0.00017920|val_loss 0.00020109
Epoch 946|time: 0.09s|train_loss 0.00016999|val_loss 0.00021646
Epoch 947|time: 0.09s|train_loss 0.00016402|val_loss 0.00019584
Epoch 948|time: 0.09s|train_loss 0.00015715|val_loss 0.00021279
Epoch 949|time: 0.09s|train_loss 0.00015878|val_loss 0.00021021
Epoch 950|time: 0.09s|train_loss 0.00015773|val_loss 0.00019408
Epoch 951|time: 0.09s|train_loss 0.00016088|val_loss 0.00019627
Epoch 952|time: 0.09s|train_loss 0.00015505|val_loss 0.00021137
Epoch 953|time: 0.09s|train_loss 0.00016403|val_loss 0.00020324
Epoch 954|time: 0.09s|train_loss 0.00015926|val_loss 0.00020563
Epoch 955|time: 0.09s|train_loss 0.00016591|val_loss 0.00020196
Epoch 956|time: 0.09s|train_loss 0.00017632|val_loss 0.00020687
Epoch 957|time: 0.09s|train_loss 0.00015324|val_loss 0.00019686
Epoch 958|time: 0.09s|train_loss 0.00016435|val_loss 0.00019878
Epoch 959|time: 0.09s|train_loss 0.00015178|val_loss 0.00019993
Epoch 960|time: 0.09s|train_loss 0.00016271|val_loss 0.00020703
Epoch 961|time: 0.09s|train_loss 0.00016819|val_loss 0.00020355
Epoch 962|time: 0.09s|train_loss 0.00015438|val_loss 0.00020483
Epoch 963|time: 0.09s|train_loss 0.00015981|val_loss 0.00019133
Epoch 964|time: 0.09s|train_loss 0.00017213|val_loss 0.00019707
Epoch 965|time: 0.09s|train_loss 0.00015327|val_loss 0.00020097
Epoch 966|time: 0.09s|train_loss 0.00016097|val_loss 0.00020505
Epoch 967|time: 0.09s|train_loss 0.00016438|val_loss 0.00019521
Epoch 968|time: 0.09s|train_loss 0.00017447|val_loss 0.00019427
Epoch 969|time: 0.09s|train_loss 0.00016396|val_loss 0.00020954
Epoch 970|time: 0.09s|train_loss 0.00016009|val_loss 0.00019821
Epoch 971|time: 0.09s|train_loss 0.00015538|val_loss 0.00020842
Epoch 972|time: 0.09s|train_loss 0.00016910|val_loss 0.00019620
Epoch 973|time: 0.09s|train_loss 0.00018236|val_loss 0.00021749
Epoch 974|time: 0.09s|train_loss 0.00017798|val_loss 0.00019614
Epoch 975|time: 0.09s|train_loss 0.00015975|val_loss 0.00019789
Epoch 976|time: 0.09s|train_loss 0.00016631|val_loss 0.00019954
Epoch 977|time: 0.09s|train_loss 0.00016234|val_loss 0.00020197
Epoch 978|time: 0.09s|train_loss 0.00016389|val_loss 0.00019615
Epoch 979|time: 0.09s|train_loss 0.00016014|val_loss 0.00020058
Epoch 980|time: 0.09s|train_loss 0.00016050|val_loss 0.00020328
Epoch 981|time: 0.09s|train_loss 0.00016529|val_loss 0.00020962
Epoch 982|time: 0.09s|train_loss 0.00016168|val_loss 0.00019857
Epoch 983|time: 0.09s|train_loss 0.00015560|val_loss 0.00020871
Epoch 984|time: 0.09s|train_loss 0.00017483|val_loss 0.00019931
Epoch 985|time: 0.09s|train_loss 0.00016061|val_loss 0.00019495
Epoch 986|time: 0.09s|train_loss 0.00015603|val_loss 0.00020374
Epoch 987|time: 0.09s|train_loss 0.00017184|val_loss 0.00020070
Epoch 988|time: 0.09s|train_loss 0.00015261|val_loss 0.00020883
Epoch 989|time: 0.09s|train_loss 0.00015462|val_loss 0.00021011
Epoch 990|time: 0.09s|train_loss 0.00016292|val_loss 0.00020160
Epoch 991|time: 0.09s|train_loss 0.00016038|val_loss 0.00020059
Epoch 992|time: 0.09s|train_loss 0.00015452|val_loss 0.00019733
Epoch 993|time: 0.09s|train_loss 0.00016097|val_loss 0.00019835
Epoch 994|time: 0.09s|train_loss 0.00016863|val_loss 0.00020144
Epoch 995|time: 0.09s|train_loss 0.00016695|val_loss 0.00019816
Epoch 996|time: 0.09s|train_loss 0.00015771|val_loss 0.00021338
Epoch 997|time: 0.09s|train_loss 0.00017013|val_loss 0.00019847
Epoch 998|time: 0.09s|train_loss 0.00017127|val_loss 0.00020447
Epoch 999|time: 0.09s|train_loss 0.00015847|val_loss 0.00020640
Epoch 1000|time: 0.09s|train_loss 0.00016501|val_loss 0.00019196
Epoch 1001|time: 0.09s|train_loss 0.00015622|val_loss 0.00021285
Epoch 1002|time: 0.09s|train_loss 0.00015578|val_loss 0.00019830
Epoch 1003|time: 0.09s|train_loss 0.00015482|val_loss 0.00019746
Epoch 1004|time: 0.09s|train_loss 0.00015840|val_loss 0.00020022
Epoch 1005|time: 0.09s|train_loss 0.00016957|val_loss 0.00020061
Epoch 1006|time: 0.09s|train_loss 0.00017268|val_loss 0.00020346
Epoch 1007|time: 0.09s|train_loss 0.00015387|val_loss 0.00019843
Epoch 1008|time: 0.09s|train_loss 0.00015078|val_loss 0.00020154
Epoch 1009|time: 0.09s|train_loss 0.00016464|val_loss 0.00019974
Epoch 1010|time: 0.09s|train_loss 0.00015147|val_loss 0.00020358
Epoch 1011|time: 0.09s|train_loss 0.00015834|val_loss 0.00019693
Epoch 1012|time: 0.09s|train_loss 0.00017317|val_loss 0.00019706
Epoch 1013|time: 0.09s|train_loss 0.00017384|val_loss 0.00021215
Epoch 1014|time: 0.09s|train_loss 0.00018727|val_loss 0.00020160
Epoch 1015|time: 0.09s|train_loss 0.00016043|val_loss 0.00020437
Epoch 1016|time: 0.09s|train_loss 0.00017444|val_loss 0.00019638
Epoch 1017|time: 0.09s|train_loss 0.00017931|val_loss 0.00020853
Epoch 1018|time: 0.09s|train_loss 0.00016621|val_loss 0.00020848
Epoch 1019|time: 0.09s|train_loss 0.00016551|val_loss 0.00020689
Epoch 1020|time: 0.09s|train_loss 0.00019060|val_loss 0.00020552
Epoch 1021|time: 0.09s|train_loss 0.00016569|val_loss 0.00019270
Epoch 1022|time: 0.09s|train_loss 0.00017157|val_loss 0.00021348
Epoch 1023|time: 0.09s|train_loss 0.00016502|val_loss 0.00020520
Epoch 1024|time: 0.09s|train_loss 0.00015579|val_loss 0.00019937
Epoch 1025|time: 0.09s|train_loss 0.00016365|val_loss 0.00019889
Epoch 1026|time: 0.09s|train_loss 0.00015781|val_loss 0.00020103
Epoch 1027|time: 0.09s|train_loss 0.00015458|val_loss 0.00019186
Epoch 1028|time: 0.09s|train_loss 0.00016512|val_loss 0.00020182
Epoch 1029|time: 0.09s|train_loss 0.00015157|val_loss 0.00019820
Epoch 1030|time: 0.09s|train_loss 0.00015057|val_loss 0.00020069
Epoch 1031|time: 0.09s|train_loss 0.00015840|val_loss 0.00019903
Epoch 1032|time: 0.09s|train_loss 0.00015093|val_loss 0.00020303
Epoch 1033|time: 0.09s|train_loss 0.00015433|val_loss 0.00019730
Epoch 1034|time: 0.09s|train_loss 0.00016252|val_loss 0.00019594
Epoch 1035|time: 0.09s|train_loss 0.00015305|val_loss 0.00021159
Epoch 1036|time: 0.09s|train_loss 0.00015764|val_loss 0.00020594
Epoch 1037|time: 0.09s|train_loss 0.00015914|val_loss 0.00020371
Epoch 1038|time: 0.09s|train_loss 0.00015538|val_loss 0.00019831
Epoch 1039|time: 0.09s|train_loss 0.00016050|val_loss 0.00020006
Epoch 1040|time: 0.09s|train_loss 0.00015692|val_loss 0.00020368
Epoch 1041|time: 0.09s|train_loss 0.00015476|val_loss 0.00019562
Epoch 1042|time: 0.09s|train_loss 0.00015494|val_loss 0.00020330
Epoch 1043|time: 0.09s|train_loss 0.00015967|val_loss 0.00019770
Epoch 1044|time: 0.09s|train_loss 0.00015684|val_loss 0.00019685
Epoch 1045|time: 0.09s|train_loss 0.00015599|val_loss 0.00019739
Epoch 1046|time: 0.09s|train_loss 0.00016065|val_loss 0.00020549
Epoch 1047|time: 0.09s|train_loss 0.00015110|val_loss 0.00019315
Epoch 1048|time: 0.09s|train_loss 0.00014881|val_loss 0.00020364
Epoch 1049|time: 0.09s|train_loss 0.00014950|val_loss 0.00019642
Epoch 1050|time: 0.09s|train_loss 0.00015068|val_loss 0.00021152
Epoch 1051|time: 0.09s|train_loss 0.00016674|val_loss 0.00020004
Epoch 1052|time: 0.09s|train_loss 0.00017596|val_loss 0.00020349
Epoch 1053|time: 0.09s|train_loss 0.00015272|val_loss 0.00021930
Epoch 1054|time: 0.09s|train_loss 0.00018319|val_loss 0.00020335
Epoch 1055|time: 0.09s|train_loss 0.00015191|val_loss 0.00019088
Epoch 1056|time: 0.09s|train_loss 0.00021486|val_loss 0.00019874
Epoch 1057|time: 0.09s|train_loss 0.00020198|val_loss 0.00024087
Epoch 1058|time: 0.09s|train_loss 0.00019135|val_loss 0.00019513
Epoch 1059|time: 0.09s|train_loss 0.00017510|val_loss 0.00020000
Epoch 1060|time: 0.09s|train_loss 0.00016054|val_loss 0.00022428
Epoch 1061|time: 0.09s|train_loss 0.00016012|val_loss 0.00019577
Epoch 1062|time: 0.09s|train_loss 0.00015949|val_loss 0.00021174
Epoch 1063|time: 0.09s|train_loss 0.00017090|val_loss 0.00020587
Epoch 1064|time: 0.09s|train_loss 0.00017821|val_loss 0.00021054
Epoch 1065|time: 0.09s|train_loss 0.00016516|val_loss 0.00019382
Epoch 1066|time: 0.09s|train_loss 0.00015893|val_loss 0.00020065
Epoch 1067|time: 0.09s|train_loss 0.00017785|val_loss 0.00020552
Final evaluation
TEST MAE 0.3982 | std 0.1204 | RMSE 0.6243 | RMSEs 0.5990 | PCC 0.8320 | PCCs 0.7701 | R2 0.5622 | R2s 0.3094 | Var 0.5785 | Vars 0.3548 | Peak 0.2562
