--------Parameters--------
Namespace(batch=32, bi=False, check_point=1, cuda=False, dataset='us_hhs', dropout=0.2, epilambda=0.2, epochs=1500, gpu=3, hidsp=15, horizon=4, k=10, lamda=0.01, lr=0.001, model='cola_gnn', mylog=True, n_hidden=10, n_layer=1, patience=200, rnn_model='RNN', save_dir='save', seed=42, shuffle=False, sim_mat='us_hhs-adj', test=0.2, train=0.6, val=0.2, weight_decay=0.0005, window=20)
--------------------------
data shape (364, 10)
364 10
(364, 10)
size of train/val/test sets 195 73 73
#params: 1103
begin training
Epoch   1|time: 0.08s|train_loss 0.00097628|val_loss 0.00088000
Best validation epoch: 1 Sat May 13 00:57:07 2023
TEST MAE 0.8854 std 0.2734 RMSE 1.1443 RMSEs 1.0929 PCC 0.0487 PCCs -0.3474 R2 -0.4710 R2s -1.1205 Var -0.4375 Vars -0.9799 Peak 0.4601
Epoch   2|time: 0.06s|train_loss 0.00064151|val_loss 0.00068172
Best validation epoch: 2 Sat May 13 00:57:07 2023
TEST MAE 0.6814 std 0.2479 RMSE 0.9420 RMSEs 0.8885 PCC 0.3170 PCCs 0.0232 R2 0.0032 R2s -0.3786 Var 0.0347 Vars -0.2008 Peak 0.3753
Epoch   3|time: 0.06s|train_loss 0.00054561|val_loss 0.00053378
Best validation epoch: 3 Sat May 13 00:57:07 2023
TEST MAE 0.6065 std 0.2934 RMSE 0.9146 RMSEs 0.8349 PCC 0.5296 PCCs 0.4318 R2 0.0603 R2s -0.1945 Var 0.2763 Vars 0.1945 Peak 0.4104
Epoch   4|time: 0.06s|train_loss 0.00049891|val_loss 0.00050437
Best validation epoch: 4 Sat May 13 00:57:08 2023
TEST MAE 0.5065 std 0.1782 RMSE 0.7344 RMSEs 0.6857 PCC 0.6411 PCCs 0.5969 R2 0.3942 R2s 0.1774 Var 0.4062 Vars 0.3410 Peak 0.2834
Epoch   5|time: 0.06s|train_loss 0.00043913|val_loss 0.00047083
Best validation epoch: 5 Sat May 13 00:57:08 2023
TEST MAE 0.4665 std 0.2055 RMSE 0.7155 RMSEs 0.6559 PCC 0.7013 PCCs 0.6794 R2 0.4249 R2s 0.2571 Var 0.4776 Vars 0.4357 Peak 0.2901
Epoch   6|time: 0.06s|train_loss 0.00042792|val_loss 0.00045927
Best validation epoch: 6 Sat May 13 00:57:08 2023
TEST MAE 0.4417 std 0.2022 RMSE 0.6856 RMSEs 0.6271 PCC 0.7386 PCCs 0.7205 R2 0.4720 R2s 0.3215 Var 0.5289 Vars 0.4910 Peak 0.2778
Epoch   7|time: 0.06s|train_loss 0.00044139|val_loss 0.00042693
Best validation epoch: 7 Sat May 13 00:57:08 2023
TEST MAE 0.4269 std 0.1389 RMSE 0.6202 RMSEs 0.5819 PCC 0.7640 PCCs 0.7413 R2 0.5679 R2s 0.4029 Var 0.5722 Vars 0.5179 Peak 0.2394
Epoch   8|time: 0.06s|train_loss 0.00043158|val_loss 0.00041039
Best validation epoch: 8 Sat May 13 00:57:08 2023
TEST MAE 0.3933 std 0.1517 RMSE 0.6037 RMSEs 0.5623 PCC 0.7939 PCCs 0.7607 R2 0.5906 R2s 0.4494 Var 0.6129 Vars 0.5466 Peak 0.2422
Epoch   9|time: 0.06s|train_loss 0.00036911|val_loss 0.00038815
Best validation epoch: 9 Sat May 13 00:57:08 2023
TEST MAE 0.3658 std 0.1249 RMSE 0.5639 RMSEs 0.5364 PCC 0.8281 PCCs 0.7610 R2 0.6428 R2s 0.4899 Var 0.6692 Vars 0.5525 Peak 0.2328
Epoch  10|time: 0.06s|train_loss 0.00038888|val_loss 0.00037442
Best validation epoch: 10 Sat May 13 00:57:08 2023
TEST MAE 0.3520 std 0.1129 RMSE 0.5329 RMSEs 0.5075 PCC 0.8373 PCCs 0.7822 R2 0.6810 R2s 0.5414 Var 0.6901 Vars 0.5895 Peak 0.2107
Epoch  11|time: 0.06s|train_loss 0.00033578|val_loss 0.00037434
Best validation epoch: 11 Sat May 13 00:57:08 2023
TEST MAE 0.3397 std 0.1131 RMSE 0.5196 RMSEs 0.4942 PCC 0.8477 PCCs 0.7962 R2 0.6967 R2s 0.5661 Var 0.7094 Vars 0.6149 Peak 0.2047
Epoch  12|time: 0.06s|train_loss 0.00033771|val_loss 0.00036673
Best validation epoch: 12 Sat May 13 00:57:08 2023
TEST MAE 0.3225 std 0.0960 RMSE 0.5027 RMSEs 0.4838 PCC 0.8641 PCCs 0.7985 R2 0.7161 R2s 0.5765 Var 0.7361 Vars 0.6172 Peak 0.2007
Epoch  13|time: 0.06s|train_loss 0.00032909|val_loss 0.00035593
Best validation epoch: 13 Sat May 13 00:57:08 2023
TEST MAE 0.3151 std 0.0936 RMSE 0.5035 RMSEs 0.4842 PCC 0.8687 PCCs 0.8064 R2 0.7152 R2s 0.5756 Var 0.7381 Vars 0.6203 Peak 0.2017
Epoch  14|time: 0.06s|train_loss 0.00035373|val_loss 0.00034809
Best validation epoch: 14 Sat May 13 00:57:08 2023
TEST MAE 0.3125 std 0.0970 RMSE 0.5059 RMSEs 0.4848 PCC 0.8710 PCCs 0.8144 R2 0.7125 R2s 0.5767 Var 0.7370 Vars 0.6262 Peak 0.2022
Epoch  15|time: 0.06s|train_loss 0.00028902|val_loss 0.00032184
Best validation epoch: 15 Sat May 13 00:57:08 2023
TEST MAE 0.3125 std 0.0828 RMSE 0.4810 RMSEs 0.4628 PCC 0.8712 PCCs 0.8186 R2 0.7401 R2s 0.6107 Var 0.7452 Vars 0.6396 Peak 0.1848
Epoch  16|time: 0.06s|train_loss 0.00029086|val_loss 0.00033161
Epoch  17|time: 0.06s|train_loss 0.00029077|val_loss 0.00032114
Best validation epoch: 17 Sat May 13 00:57:08 2023
TEST MAE 0.3122 std 0.1049 RMSE 0.4957 RMSEs 0.4715 PCC 0.8719 PCCs 0.8246 R2 0.7239 R2s 0.6043 Var 0.7462 Vars 0.6552 Peak 0.1940
Epoch  18|time: 0.06s|train_loss 0.00033556|val_loss 0.00030379
Best validation epoch: 18 Sat May 13 00:57:09 2023
TEST MAE 0.3020 std 0.0827 RMSE 0.4674 RMSEs 0.4504 PCC 0.8777 PCCs 0.8227 R2 0.7546 R2s 0.6310 Var 0.7628 Vars 0.6562 Peak 0.1789
Epoch  19|time: 0.06s|train_loss 0.00030562|val_loss 0.00031868
Epoch  20|time: 0.06s|train_loss 0.00030483|val_loss 0.00031408
Epoch  21|time: 0.06s|train_loss 0.00033310|val_loss 0.00030572
Epoch  22|time: 0.06s|train_loss 0.00027335|val_loss 0.00031582
Epoch  23|time: 0.06s|train_loss 0.00027465|val_loss 0.00029277
Best validation epoch: 23 Sat May 13 00:57:09 2023
TEST MAE 0.2924 std 0.0731 RMSE 0.4540 RMSEs 0.4397 PCC 0.8833 PCCs 0.8282 R2 0.7684 R2s 0.6455 Var 0.7750 Vars 0.6647 Peak 0.1699
Epoch  24|time: 0.06s|train_loss 0.00028459|val_loss 0.00029255
Best validation epoch: 24 Sat May 13 00:57:09 2023
TEST MAE 0.2949 std 0.0808 RMSE 0.4501 RMSEs 0.4337 PCC 0.8831 PCCs 0.8370 R2 0.7724 R2s 0.6581 Var 0.7765 Vars 0.6829 Peak 0.1679
Epoch  25|time: 0.06s|train_loss 0.00029828|val_loss 0.00030776
Epoch  26|time: 0.07s|train_loss 0.00030520|val_loss 0.00028487
Best validation epoch: 26 Sat May 13 00:57:09 2023
TEST MAE 0.2967 std 0.0792 RMSE 0.4445 RMSEs 0.4291 PCC 0.8844 PCCs 0.8394 R2 0.7780 R2s 0.6646 Var 0.7795 Vars 0.6867 Peak 0.1652
Epoch  27|time: 0.06s|train_loss 0.00037280|val_loss 0.00029127
Epoch  28|time: 0.06s|train_loss 0.00026584|val_loss 0.00030600
Epoch  29|time: 0.06s|train_loss 0.00026405|val_loss 0.00029282
Epoch  30|time: 0.06s|train_loss 0.00028195|val_loss 0.00028057
Best validation epoch: 30 Sat May 13 00:57:09 2023
TEST MAE 0.2878 std 0.0812 RMSE 0.4409 RMSEs 0.4255 PCC 0.8888 PCCs 0.8403 R2 0.7817 R2s 0.6708 Var 0.7888 Vars 0.6907 Peak 0.1651
Epoch  31|time: 0.06s|train_loss 0.00027333|val_loss 0.00028517
Epoch  32|time: 0.06s|train_loss 0.00027497|val_loss 0.00028012
Best validation epoch: 32 Sat May 13 00:57:10 2023
TEST MAE 0.2842 std 0.0794 RMSE 0.4365 RMSEs 0.4218 PCC 0.8907 PCCs 0.8433 R2 0.7860 R2s 0.6762 Var 0.7928 Vars 0.6954 Peak 0.1632
Epoch  33|time: 0.06s|train_loss 0.00026054|val_loss 0.00027386
Best validation epoch: 33 Sat May 13 00:57:10 2023
TEST MAE 0.2898 std 0.0824 RMSE 0.4322 RMSEs 0.4176 PCC 0.8896 PCCs 0.8454 R2 0.7902 R2s 0.6817 Var 0.7914 Vars 0.6977 Peak 0.1603
Epoch  34|time: 0.06s|train_loss 0.00026904|val_loss 0.00029358
Epoch  35|time: 0.06s|train_loss 0.00027508|val_loss 0.00027225
Best validation epoch: 35 Sat May 13 00:57:10 2023
TEST MAE 0.2939 std 0.0762 RMSE 0.4319 RMSEs 0.4183 PCC 0.8898 PCCs 0.8460 R2 0.7905 R2s 0.6791 Var 0.7906 Vars 0.6973 Peak 0.1599
Epoch  36|time: 0.06s|train_loss 0.00025353|val_loss 0.00030113
Epoch  37|time: 0.06s|train_loss 0.00025779|val_loss 0.00026451
Best validation epoch: 37 Sat May 13 00:57:10 2023
TEST MAE 0.2909 std 0.0787 RMSE 0.4268 RMSEs 0.4137 PCC 0.8919 PCCs 0.8466 R2 0.7954 R2s 0.6857 Var 0.7954 Vars 0.7000 Peak 0.1581
Epoch  38|time: 0.06s|train_loss 0.00025726|val_loss 0.00028895
Epoch  39|time: 0.06s|train_loss 0.00025599|val_loss 0.00027095
Epoch  40|time: 0.06s|train_loss 0.00025566|val_loss 0.00030062
Epoch  41|time: 0.06s|train_loss 0.00029250|val_loss 0.00026150
Best validation epoch: 41 Sat May 13 00:57:10 2023
TEST MAE 0.2968 std 0.0793 RMSE 0.4262 RMSEs 0.4133 PCC 0.8935 PCCs 0.8516 R2 0.7960 R2s 0.6838 Var 0.7978 Vars 0.7076 Peak 0.1588
Epoch  42|time: 0.06s|train_loss 0.00026716|val_loss 0.00031453
Epoch  43|time: 0.06s|train_loss 0.00025985|val_loss 0.00027408
Epoch  44|time: 0.06s|train_loss 0.00026162|val_loss 0.00028550
Epoch  45|time: 0.06s|train_loss 0.00026510|val_loss 0.00026031
Best validation epoch: 45 Sat May 13 00:57:10 2023
TEST MAE 0.2834 std 0.0857 RMSE 0.4248 RMSEs 0.4095 PCC 0.8935 PCCs 0.8527 R2 0.7973 R2s 0.6955 Var 0.7982 Vars 0.7096 Peak 0.1592
Epoch  46|time: 0.06s|train_loss 0.00027333|val_loss 0.00028241
Epoch  47|time: 0.06s|train_loss 0.00024586|val_loss 0.00027636
Epoch  48|time: 0.06s|train_loss 0.00024230|val_loss 0.00026322
Epoch  49|time: 0.06s|train_loss 0.00029856|val_loss 0.00025832
Best validation epoch: 49 Sat May 13 00:57:11 2023
TEST MAE 0.2799 std 0.0832 RMSE 0.4226 RMSEs 0.4085 PCC 0.8953 PCCs 0.8508 R2 0.7994 R2s 0.6960 Var 0.8016 Vars 0.7070 Peak 0.1590
Epoch  50|time: 0.06s|train_loss 0.00024675|val_loss 0.00027103
Epoch  51|time: 0.06s|train_loss 0.00026558|val_loss 0.00025459
Best validation epoch: 51 Sat May 13 00:57:11 2023
TEST MAE 0.2808 std 0.0867 RMSE 0.4205 RMSEs 0.4053 PCC 0.8958 PCCs 0.8550 R2 0.8014 R2s 0.7013 Var 0.8021 Vars 0.7132 Peak 0.1586
Epoch  52|time: 0.06s|train_loss 0.00030118|val_loss 0.00025899
Epoch  53|time: 0.06s|train_loss 0.00024668|val_loss 0.00026034
Epoch  54|time: 0.06s|train_loss 0.00024951|val_loss 0.00025368
Best validation epoch: 54 Sat May 13 00:57:11 2023
TEST MAE 0.2803 std 0.0872 RMSE 0.4190 RMSEs 0.4043 PCC 0.8968 PCCs 0.8550 R2 0.8027 R2s 0.7023 Var 0.8035 Vars 0.7125 Peak 0.1579
Epoch  55|time: 0.06s|train_loss 0.00027882|val_loss 0.00025686
Epoch  56|time: 0.06s|train_loss 0.00026870|val_loss 0.00026016
Epoch  57|time: 0.06s|train_loss 0.00024427|val_loss 0.00025887
Epoch  58|time: 0.10s|train_loss 0.00024418|val_loss 0.00025442
Epoch  59|time: 0.06s|train_loss 0.00025669|val_loss 0.00025230
Best validation epoch: 59 Sat May 13 00:57:11 2023
TEST MAE 0.2800 std 0.0859 RMSE 0.4195 RMSEs 0.4050 PCC 0.8970 PCCs 0.8531 R2 0.8023 R2s 0.7000 Var 0.8032 Vars 0.7086 Peak 0.1581
Epoch  60|time: 0.06s|train_loss 0.00027758|val_loss 0.00026080
Epoch  61|time: 0.06s|train_loss 0.00029499|val_loss 0.00025120
Best validation epoch: 61 Sat May 13 00:57:12 2023
TEST MAE 0.2831 std 0.0892 RMSE 0.4192 RMSEs 0.4035 PCC 0.8968 PCCs 0.8593 R2 0.8026 R2s 0.7031 Var 0.8027 Vars 0.7173 Peak 0.1594
Epoch  62|time: 0.06s|train_loss 0.00025116|val_loss 0.00027186
Epoch  63|time: 0.06s|train_loss 0.00024020|val_loss 0.00025408
Epoch  64|time: 0.06s|train_loss 0.00023574|val_loss 0.00025027
Best validation epoch: 64 Sat May 13 00:57:12 2023
TEST MAE 0.2782 std 0.0879 RMSE 0.4180 RMSEs 0.4025 PCC 0.8978 PCCs 0.8576 R2 0.8038 R2s 0.7046 Var 0.8040 Vars 0.7148 Peak 0.1587
Epoch  65|time: 0.06s|train_loss 0.00023703|val_loss 0.00027681
Epoch  66|time: 0.06s|train_loss 0.00023464|val_loss 0.00025089
Epoch  67|time: 0.06s|train_loss 0.00023166|val_loss 0.00026860
Epoch  68|time: 0.06s|train_loss 0.00023502|val_loss 0.00024732
Best validation epoch: 68 Sat May 13 00:57:12 2023
TEST MAE 0.2780 std 0.0886 RMSE 0.4173 RMSEs 0.4020 PCC 0.8977 PCCs 0.8566 R2 0.8044 R2s 0.7059 Var 0.8050 Vars 0.7151 Peak 0.1589
Epoch  69|time: 0.06s|train_loss 0.00024515|val_loss 0.00025272
Epoch  70|time: 0.06s|train_loss 0.00025766|val_loss 0.00025291
Epoch  71|time: 0.06s|train_loss 0.00023526|val_loss 0.00025682
Epoch  72|time: 0.06s|train_loss 0.00023652|val_loss 0.00025331
Epoch  73|time: 0.06s|train_loss 0.00025058|val_loss 0.00024410
Best validation epoch: 73 Sat May 13 00:57:12 2023
TEST MAE 0.2763 std 0.0881 RMSE 0.4153 RMSEs 0.4002 PCC 0.8988 PCCs 0.8580 R2 0.8063 R2s 0.7086 Var 0.8069 Vars 0.7175 Peak 0.1579
Epoch  74|time: 0.06s|train_loss 0.00025315|val_loss 0.00026750
Epoch  75|time: 0.06s|train_loss 0.00024046|val_loss 0.00025151
Epoch  76|time: 0.06s|train_loss 0.00027706|val_loss 0.00024407
Best validation epoch: 76 Sat May 13 00:57:13 2023
TEST MAE 0.2770 std 0.0914 RMSE 0.4152 RMSEs 0.3990 PCC 0.8986 PCCs 0.8598 R2 0.8063 R2s 0.7114 Var 0.8065 Vars 0.7206 Peak 0.1580
Epoch  77|time: 0.06s|train_loss 0.00033299|val_loss 0.00024862
Epoch  78|time: 0.06s|train_loss 0.00026354|val_loss 0.00028688
Epoch  79|time: 0.06s|train_loss 0.00025675|val_loss 0.00024863
Epoch  80|time: 0.06s|train_loss 0.00026051|val_loss 0.00027207
Epoch  81|time: 0.06s|train_loss 0.00023961|val_loss 0.00024809
Epoch  82|time: 0.06s|train_loss 0.00025034|val_loss 0.00024849
Epoch  83|time: 0.07s|train_loss 0.00030945|val_loss 0.00023970
Best validation epoch: 83 Sat May 13 00:57:13 2023
TEST MAE 0.2812 std 0.0929 RMSE 0.4155 RMSEs 0.3990 PCC 0.8998 PCCs 0.8629 R2 0.8060 R2s 0.7102 Var 0.8064 Vars 0.7221 Peak 0.1581
Epoch  84|time: 0.06s|train_loss 0.00025971|val_loss 0.00026026
Epoch  85|time: 0.06s|train_loss 0.00023777|val_loss 0.00026404
Epoch  86|time: 0.07s|train_loss 0.00022343|val_loss 0.00024429
Epoch  87|time: 0.06s|train_loss 0.00024080|val_loss 0.00026402
Epoch  88|time: 0.06s|train_loss 0.00023625|val_loss 0.00024998
Epoch  89|time: 0.06s|train_loss 0.00026135|val_loss 0.00025777
Epoch  90|time: 0.07s|train_loss 0.00025098|val_loss 0.00024455
Epoch  91|time: 0.06s|train_loss 0.00023223|val_loss 0.00026331
Epoch  92|time: 0.06s|train_loss 0.00024053|val_loss 0.00024648
Epoch  93|time: 0.06s|train_loss 0.00022925|val_loss 0.00026415
Epoch  94|time: 0.06s|train_loss 0.00022876|val_loss 0.00024268
Epoch  95|time: 0.06s|train_loss 0.00025179|val_loss 0.00025296
Epoch  96|time: 0.06s|train_loss 0.00023708|val_loss 0.00027220
Epoch  97|time: 0.07s|train_loss 0.00022810|val_loss 0.00024529
Epoch  98|time: 0.06s|train_loss 0.00022666|val_loss 0.00026510
Epoch  99|time: 0.07s|train_loss 0.00024496|val_loss 0.00023981
Epoch 100|time: 0.06s|train_loss 0.00023817|val_loss 0.00025565
Epoch 101|time: 0.06s|train_loss 0.00025870|val_loss 0.00024952
Epoch 102|time: 0.06s|train_loss 0.00028254|val_loss 0.00025055
Epoch 103|time: 0.06s|train_loss 0.00024715|val_loss 0.00025463
Epoch 104|time: 0.06s|train_loss 0.00023167|val_loss 0.00024510
Epoch 105|time: 0.06s|train_loss 0.00022228|val_loss 0.00025936
Epoch 106|time: 0.06s|train_loss 0.00024566|val_loss 0.00024752
Epoch 107|time: 0.06s|train_loss 0.00024306|val_loss 0.00024462
Epoch 108|time: 0.06s|train_loss 0.00023655|val_loss 0.00025469
Epoch 109|time: 0.06s|train_loss 0.00027096|val_loss 0.00024078
Epoch 110|time: 0.06s|train_loss 0.00022792|val_loss 0.00024408
Epoch 111|time: 0.06s|train_loss 0.00023757|val_loss 0.00024341
Epoch 112|time: 0.06s|train_loss 0.00024911|val_loss 0.00026413
Epoch 113|time: 0.06s|train_loss 0.00023032|val_loss 0.00024102
Epoch 114|time: 0.07s|train_loss 0.00023050|val_loss 0.00026306
Epoch 115|time: 0.06s|train_loss 0.00023188|val_loss 0.00024171
Epoch 116|time: 0.06s|train_loss 0.00023715|val_loss 0.00024451
Epoch 117|time: 0.06s|train_loss 0.00027190|val_loss 0.00029958
Epoch 118|time: 0.07s|train_loss 0.00023698|val_loss 0.00023718
Best validation epoch: 118 Sat May 13 00:57:15 2023
TEST MAE 0.2959 std 0.0979 RMSE 0.4285 RMSEs 0.4100 PCC 0.8980 PCCs 0.8644 R2 0.7938 R2s 0.6927 Var 0.8000 Vars 0.7201 Peak 0.1628
Epoch 119|time: 0.06s|train_loss 0.00023119|val_loss 0.00024941
Epoch 120|time: 0.07s|train_loss 0.00027259|val_loss 0.00025394
Epoch 121|time: 0.07s|train_loss 0.00024481|val_loss 0.00024404
Epoch 122|time: 0.06s|train_loss 0.00023386|val_loss 0.00024184
Epoch 123|time: 0.06s|train_loss 0.00023240|val_loss 0.00025298
Epoch 124|time: 0.06s|train_loss 0.00025454|val_loss 0.00023879
Epoch 125|time: 0.06s|train_loss 0.00022689|val_loss 0.00026283
Epoch 126|time: 0.06s|train_loss 0.00024669|val_loss 0.00023842
Epoch 127|time: 0.07s|train_loss 0.00026834|val_loss 0.00028072
Epoch 128|time: 0.06s|train_loss 0.00023217|val_loss 0.00024319
Epoch 129|time: 0.06s|train_loss 0.00023042|val_loss 0.00027685
Epoch 130|time: 0.06s|train_loss 0.00024936|val_loss 0.00023756
Epoch 131|time: 0.06s|train_loss 0.00021725|val_loss 0.00024665
Epoch 132|time: 0.06s|train_loss 0.00025757|val_loss 0.00023922
Epoch 133|time: 0.06s|train_loss 0.00022229|val_loss 0.00023899
Epoch 134|time: 0.07s|train_loss 0.00025288|val_loss 0.00026628
Epoch 135|time: 0.06s|train_loss 0.00029325|val_loss 0.00023542
Best validation epoch: 135 Sat May 13 00:57:16 2023
TEST MAE 0.2926 std 0.0990 RMSE 0.4261 RMSEs 0.4072 PCC 0.8996 PCCs 0.8640 R2 0.7961 R2s 0.6971 Var 0.8013 Vars 0.7186 Peak 0.1611
Epoch 136|time: 0.06s|train_loss 0.00025787|val_loss 0.00028605
Epoch 137|time: 0.06s|train_loss 0.00024405|val_loss 0.00023095
Best validation epoch: 137 Sat May 13 00:57:17 2023
TEST MAE 0.2845 std 0.0991 RMSE 0.4258 RMSEs 0.4058 PCC 0.9017 PCCs 0.8685 R2 0.7963 R2s 0.6971 Var 0.8005 Vars 0.7173 Peak 0.1629
Epoch 138|time: 0.06s|train_loss 0.00022921|val_loss 0.00025507
Epoch 139|time: 0.06s|train_loss 0.00022778|val_loss 0.00025530
Epoch 140|time: 0.07s|train_loss 0.00026981|val_loss 0.00023777
Epoch 141|time: 0.06s|train_loss 0.00022927|val_loss 0.00025658
Epoch 142|time: 0.06s|train_loss 0.00023023|val_loss 0.00024966
Epoch 143|time: 0.06s|train_loss 0.00022407|val_loss 0.00024055
Epoch 144|time: 0.07s|train_loss 0.00024310|val_loss 0.00024226
Epoch 145|time: 0.06s|train_loss 0.00024360|val_loss 0.00025094
Epoch 146|time: 0.06s|train_loss 0.00022104|val_loss 0.00023633
Epoch 147|time: 0.06s|train_loss 0.00023500|val_loss 0.00023929
Epoch 148|time: 0.06s|train_loss 0.00024884|val_loss 0.00024043
Epoch 149|time: 0.06s|train_loss 0.00023587|val_loss 0.00025775
Epoch 150|time: 0.06s|train_loss 0.00021691|val_loss 0.00024773
Epoch 151|time: 0.06s|train_loss 0.00029381|val_loss 0.00023875
Epoch 152|time: 0.06s|train_loss 0.00027342|val_loss 0.00027993
Epoch 153|time: 0.06s|train_loss 0.00024189|val_loss 0.00022928
Best validation epoch: 153 Sat May 13 00:57:18 2023
TEST MAE 0.2964 std 0.1058 RMSE 0.4453 RMSEs 0.4210 PCC 0.9033 PCCs 0.8711 R2 0.7773 R2s 0.6720 Var 0.7925 Vars 0.7107 Peak 0.1690
Epoch 154|time: 0.06s|train_loss 0.00022884|val_loss 0.00026138
Epoch 155|time: 0.06s|train_loss 0.00024338|val_loss 0.00023862
Epoch 156|time: 0.06s|train_loss 0.00023718|val_loss 0.00023973
Epoch 157|time: 0.06s|train_loss 0.00023100|val_loss 0.00023516
Epoch 158|time: 0.07s|train_loss 0.00023469|val_loss 0.00025033
Epoch 159|time: 0.06s|train_loss 0.00022771|val_loss 0.00023976
Epoch 160|time: 0.06s|train_loss 0.00021358|val_loss 0.00023684
Epoch 161|time: 0.06s|train_loss 0.00023886|val_loss 0.00025286
Epoch 162|time: 0.06s|train_loss 0.00026276|val_loss 0.00023421
Epoch 163|time: 0.06s|train_loss 0.00026376|val_loss 0.00027405
Epoch 164|time: 0.06s|train_loss 0.00024598|val_loss 0.00023149
Epoch 165|time: 0.06s|train_loss 0.00021500|val_loss 0.00025720
Epoch 166|time: 0.06s|train_loss 0.00022529|val_loss 0.00024317
Epoch 167|time: 0.06s|train_loss 0.00021848|val_loss 0.00026487
Epoch 168|time: 0.06s|train_loss 0.00021625|val_loss 0.00022862
Best validation epoch: 168 Sat May 13 00:57:19 2023
TEST MAE 0.2822 std 0.0955 RMSE 0.4240 RMSEs 0.4035 PCC 0.9038 PCCs 0.8715 R2 0.7980 R2s 0.7003 Var 0.8056 Vars 0.7263 Peak 0.1620
Epoch 169|time: 0.06s|train_loss 0.00022144|val_loss 0.00028105
Epoch 170|time: 0.06s|train_loss 0.00022190|val_loss 0.00023612
Epoch 171|time: 0.06s|train_loss 0.00022052|val_loss 0.00024613
Epoch 172|time: 0.07s|train_loss 0.00021290|val_loss 0.00023507
Epoch 173|time: 0.06s|train_loss 0.00024941|val_loss 0.00023404
Epoch 174|time: 0.06s|train_loss 0.00026154|val_loss 0.00024909
Epoch 175|time: 0.06s|train_loss 0.00024190|val_loss 0.00024124
Epoch 176|time: 0.06s|train_loss 0.00024376|val_loss 0.00024392
Epoch 177|time: 0.06s|train_loss 0.00022564|val_loss 0.00024110
Epoch 178|time: 0.06s|train_loss 0.00021830|val_loss 0.00023346
Epoch 179|time: 0.07s|train_loss 0.00024285|val_loss 0.00026189
Epoch 180|time: 0.06s|train_loss 0.00021681|val_loss 0.00023418
Epoch 181|time: 0.06s|train_loss 0.00024862|val_loss 0.00025458
Epoch 182|time: 0.06s|train_loss 0.00022576|val_loss 0.00023401
Epoch 183|time: 0.06s|train_loss 0.00021807|val_loss 0.00024533
Epoch 184|time: 0.06s|train_loss 0.00021147|val_loss 0.00023359
Epoch 185|time: 0.06s|train_loss 0.00021931|val_loss 0.00024544
Epoch 186|time: 0.06s|train_loss 0.00020734|val_loss 0.00023481
Epoch 187|time: 0.06s|train_loss 0.00022999|val_loss 0.00024118
Epoch 188|time: 0.06s|train_loss 0.00024153|val_loss 0.00023420
Epoch 189|time: 0.07s|train_loss 0.00022281|val_loss 0.00025396
Epoch 190|time: 0.07s|train_loss 0.00023740|val_loss 0.00024006
Epoch 191|time: 0.07s|train_loss 0.00020496|val_loss 0.00023527
Epoch 192|time: 0.06s|train_loss 0.00023193|val_loss 0.00024124
Epoch 193|time: 0.07s|train_loss 0.00022620|val_loss 0.00023247
Epoch 194|time: 0.06s|train_loss 0.00024086|val_loss 0.00023768
Epoch 195|time: 0.06s|train_loss 0.00021920|val_loss 0.00025365
Epoch 196|time: 0.06s|train_loss 0.00023718|val_loss 0.00023084
Epoch 197|time: 0.06s|train_loss 0.00024644|val_loss 0.00024824
Epoch 198|time: 0.06s|train_loss 0.00022346|val_loss 0.00023200
Epoch 199|time: 0.06s|train_loss 0.00022231|val_loss 0.00024558
Epoch 200|time: 0.06s|train_loss 0.00022410|val_loss 0.00024562
Epoch 201|time: 0.06s|train_loss 0.00023404|val_loss 0.00023434
Epoch 202|time: 0.07s|train_loss 0.00022126|val_loss 0.00023343
Epoch 203|time: 0.06s|train_loss 0.00025610|val_loss 0.00024733
Epoch 204|time: 0.06s|train_loss 0.00032819|val_loss 0.00023319
Epoch 205|time: 0.07s|train_loss 0.00023433|val_loss 0.00026815
Epoch 206|time: 0.06s|train_loss 0.00022326|val_loss 0.00023130
Epoch 207|time: 0.06s|train_loss 0.00021529|val_loss 0.00026515
Epoch 208|time: 0.06s|train_loss 0.00029510|val_loss 0.00023133
Epoch 209|time: 0.06s|train_loss 0.00023219|val_loss 0.00026950
Epoch 210|time: 0.06s|train_loss 0.00021525|val_loss 0.00023233
Epoch 211|time: 0.06s|train_loss 0.00022075|val_loss 0.00023128
Epoch 212|time: 0.06s|train_loss 0.00023365|val_loss 0.00027489
Epoch 213|time: 0.06s|train_loss 0.00024838|val_loss 0.00022971
Epoch 214|time: 0.06s|train_loss 0.00024142|val_loss 0.00024118
Epoch 215|time: 0.06s|train_loss 0.00022277|val_loss 0.00023819
Epoch 216|time: 0.06s|train_loss 0.00021883|val_loss 0.00023302
Epoch 217|time: 0.07s|train_loss 0.00021955|val_loss 0.00024334
Epoch 218|time: 0.06s|train_loss 0.00022057|val_loss 0.00023198
Epoch 219|time: 0.06s|train_loss 0.00022934|val_loss 0.00024388
Epoch 220|time: 0.06s|train_loss 0.00021292|val_loss 0.00023223
Epoch 221|time: 0.06s|train_loss 0.00021345|val_loss 0.00022982
Epoch 222|time: 0.06s|train_loss 0.00022408|val_loss 0.00024425
Epoch 223|time: 0.06s|train_loss 0.00021158|val_loss 0.00023372
Epoch 224|time: 0.06s|train_loss 0.00022270|val_loss 0.00024655
Epoch 225|time: 0.07s|train_loss 0.00024309|val_loss 0.00023951
Epoch 226|time: 0.06s|train_loss 0.00023288|val_loss 0.00023110
Epoch 227|time: 0.06s|train_loss 0.00022553|val_loss 0.00026809
Epoch 228|time: 0.06s|train_loss 0.00023030|val_loss 0.00023100
Epoch 229|time: 0.06s|train_loss 0.00021679|val_loss 0.00023950
Epoch 230|time: 0.06s|train_loss 0.00023099|val_loss 0.00023994
Epoch 231|time: 0.06s|train_loss 0.00027193|val_loss 0.00022603
Best validation epoch: 231 Sat May 13 00:57:23 2023
TEST MAE 0.2846 std 0.1079 RMSE 0.4366 RMSEs 0.4126 PCC 0.9036 PCCs 0.8730 R2 0.7859 R2s 0.6841 Var 0.7953 Vars 0.7125 Peak 0.1646
Epoch 232|time: 0.06s|train_loss 0.00022884|val_loss 0.00028009
Epoch 233|time: 0.06s|train_loss 0.00022891|val_loss 0.00022649
Epoch 234|time: 0.06s|train_loss 0.00025814|val_loss 0.00024618
Epoch 235|time: 0.06s|train_loss 0.00024414|val_loss 0.00025049
Epoch 236|time: 0.07s|train_loss 0.00023561|val_loss 0.00023639
Epoch 237|time: 0.07s|train_loss 0.00022393|val_loss 0.00024105
Epoch 238|time: 0.06s|train_loss 0.00022404|val_loss 0.00023516
Epoch 239|time: 0.06s|train_loss 0.00023356|val_loss 0.00023496
Epoch 240|time: 0.06s|train_loss 0.00022433|val_loss 0.00025075
Epoch 241|time: 0.06s|train_loss 0.00020906|val_loss 0.00023157
Epoch 242|time: 0.06s|train_loss 0.00026384|val_loss 0.00023020
Epoch 243|time: 0.06s|train_loss 0.00022221|val_loss 0.00024964
Epoch 244|time: 0.06s|train_loss 0.00021068|val_loss 0.00023430
Epoch 245|time: 0.06s|train_loss 0.00023382|val_loss 0.00024143
Epoch 246|time: 0.06s|train_loss 0.00022565|val_loss 0.00023998
Epoch 247|time: 0.06s|train_loss 0.00022427|val_loss 0.00023105
Epoch 248|time: 0.07s|train_loss 0.00025426|val_loss 0.00023660
Epoch 249|time: 0.06s|train_loss 0.00021621|val_loss 0.00023311
Epoch 250|time: 0.06s|train_loss 0.00023764|val_loss 0.00022701
Epoch 251|time: 0.06s|train_loss 0.00024469|val_loss 0.00025129
Epoch 252|time: 0.06s|train_loss 0.00024097|val_loss 0.00022802
Epoch 253|time: 0.06s|train_loss 0.00024140|val_loss 0.00025866
Epoch 254|time: 0.06s|train_loss 0.00023339|val_loss 0.00023781
Epoch 255|time: 0.06s|train_loss 0.00021512|val_loss 0.00023291
Epoch 256|time: 0.06s|train_loss 0.00022153|val_loss 0.00024901
Epoch 257|time: 0.06s|train_loss 0.00022685|val_loss 0.00022825
Epoch 258|time: 0.06s|train_loss 0.00026334|val_loss 0.00023021
Epoch 259|time: 0.06s|train_loss 0.00022024|val_loss 0.00025120
Epoch 260|time: 0.06s|train_loss 0.00021148|val_loss 0.00022799
Epoch 261|time: 0.06s|train_loss 0.00021167|val_loss 0.00024023
Epoch 262|time: 0.06s|train_loss 0.00021917|val_loss 0.00023870
Epoch 263|time: 0.06s|train_loss 0.00022140|val_loss 0.00023100
Epoch 264|time: 0.07s|train_loss 0.00023632|val_loss 0.00024114
Epoch 265|time: 0.06s|train_loss 0.00022750|val_loss 0.00023226
Epoch 266|time: 0.06s|train_loss 0.00022683|val_loss 0.00023679
Epoch 267|time: 0.06s|train_loss 0.00024634|val_loss 0.00023058
Epoch 268|time: 0.06s|train_loss 0.00022335|val_loss 0.00027761
Epoch 269|time: 0.06s|train_loss 0.00025868|val_loss 0.00022931
Epoch 270|time: 0.06s|train_loss 0.00024470|val_loss 0.00026034
Epoch 271|time: 0.06s|train_loss 0.00024432|val_loss 0.00023248
Epoch 272|time: 0.06s|train_loss 0.00024610|val_loss 0.00023352
Epoch 273|time: 0.06s|train_loss 0.00025212|val_loss 0.00024177
Epoch 274|time: 0.06s|train_loss 0.00025718|val_loss 0.00022768
Epoch 275|time: 0.06s|train_loss 0.00023359|val_loss 0.00023309
Epoch 276|time: 0.06s|train_loss 0.00022531|val_loss 0.00022904
Epoch 277|time: 0.06s|train_loss 0.00024939|val_loss 0.00023156
Epoch 278|time: 0.06s|train_loss 0.00021359|val_loss 0.00025330
Epoch 279|time: 0.06s|train_loss 0.00027038|val_loss 0.00022930
Epoch 280|time: 0.06s|train_loss 0.00023929|val_loss 0.00025181
Epoch 281|time: 0.06s|train_loss 0.00023805|val_loss 0.00023652
Epoch 282|time: 0.06s|train_loss 0.00025489|val_loss 0.00023967
Epoch 283|time: 0.06s|train_loss 0.00021212|val_loss 0.00023617
Epoch 284|time: 0.06s|train_loss 0.00023199|val_loss 0.00024187
Epoch 285|time: 0.06s|train_loss 0.00022656|val_loss 0.00023138
Epoch 286|time: 0.06s|train_loss 0.00029076|val_loss 0.00023209
Epoch 287|time: 0.06s|train_loss 0.00020517|val_loss 0.00024589
Epoch 288|time: 0.06s|train_loss 0.00021095|val_loss 0.00023262
Epoch 289|time: 0.06s|train_loss 0.00021093|val_loss 0.00023352
Epoch 290|time: 0.06s|train_loss 0.00023742|val_loss 0.00022933
Epoch 291|time: 0.06s|train_loss 0.00021053|val_loss 0.00024242
Epoch 292|time: 0.06s|train_loss 0.00022117|val_loss 0.00023209
Epoch 293|time: 0.06s|train_loss 0.00021637|val_loss 0.00023215
Epoch 294|time: 0.06s|train_loss 0.00023588|val_loss 0.00023481
Epoch 295|time: 0.06s|train_loss 0.00022021|val_loss 0.00023114
Epoch 296|time: 0.06s|train_loss 0.00020695|val_loss 0.00022750
Epoch 297|time: 0.06s|train_loss 0.00020708|val_loss 0.00022736
Epoch 298|time: 0.06s|train_loss 0.00021040|val_loss 0.00022947
Epoch 299|time: 0.06s|train_loss 0.00023147|val_loss 0.00023027
Epoch 300|time: 0.06s|train_loss 0.00024070|val_loss 0.00022716
Epoch 301|time: 0.06s|train_loss 0.00022356|val_loss 0.00023265
Epoch 302|time: 0.06s|train_loss 0.00020993|val_loss 0.00023247
Epoch 303|time: 0.06s|train_loss 0.00021683|val_loss 0.00023904
Epoch 304|time: 0.06s|train_loss 0.00021104|val_loss 0.00022530
Best validation epoch: 304 Sat May 13 00:57:27 2023
TEST MAE 0.2734 std 0.1043 RMSE 0.4218 RMSEs 0.4000 PCC 0.9029 PCCs 0.8714 R2 0.8002 R2s 0.7052 Var 0.8033 Vars 0.7202 Peak 0.1598
Epoch 305|time: 0.06s|train_loss 0.00021580|val_loss 0.00025433
Epoch 306|time: 0.06s|train_loss 0.00023658|val_loss 0.00022529
Best validation epoch: 306 Sat May 13 00:57:28 2023
TEST MAE 0.2654 std 0.1024 RMSE 0.4162 RMSEs 0.3938 PCC 0.9055 PCCs 0.8745 R2 0.8055 R2s 0.7151 Var 0.8079 Vars 0.7270 Peak 0.1565
Epoch 307|time: 0.06s|train_loss 0.00025119|val_loss 0.00022708
Epoch 308|time: 0.06s|train_loss 0.00020685|val_loss 0.00024194
Epoch 309|time: 0.06s|train_loss 0.00022580|val_loss 0.00022074
Best validation epoch: 309 Sat May 13 00:57:28 2023
TEST MAE 0.2735 std 0.1064 RMSE 0.4272 RMSEs 0.4036 PCC 0.9024 PCCs 0.8750 R2 0.7950 R2s 0.6994 Var 0.7982 Vars 0.7171 Peak 0.1618
Epoch 310|time: 0.06s|train_loss 0.00020381|val_loss 0.00025269
Epoch 311|time: 0.06s|train_loss 0.00022470|val_loss 0.00022561
Epoch 312|time: 0.06s|train_loss 0.00020625|val_loss 0.00023737
Epoch 313|time: 0.06s|train_loss 0.00020778|val_loss 0.00022171
Epoch 314|time: 0.06s|train_loss 0.00024031|val_loss 0.00022602
Epoch 315|time: 0.06s|train_loss 0.00028872|val_loss 0.00023615
Epoch 316|time: 0.06s|train_loss 0.00020992|val_loss 0.00022010
Best validation epoch: 316 Sat May 13 00:57:28 2023
TEST MAE 0.2721 std 0.1069 RMSE 0.4269 RMSEs 0.4033 PCC 0.9022 PCCs 0.8724 R2 0.7953 R2s 0.7001 Var 0.7974 Vars 0.7128 Peak 0.1622
Epoch 317|time: 0.06s|train_loss 0.00021698|val_loss 0.00022962
Epoch 318|time: 0.06s|train_loss 0.00022145|val_loss 0.00022252
Epoch 319|time: 0.06s|train_loss 0.00020861|val_loss 0.00026127
Epoch 320|time: 0.06s|train_loss 0.00022895|val_loss 0.00022097
Epoch 321|time: 0.07s|train_loss 0.00020790|val_loss 0.00024266
Epoch 322|time: 0.06s|train_loss 0.00024100|val_loss 0.00023210
Epoch 323|time: 0.06s|train_loss 0.00020928|val_loss 0.00022569
Epoch 324|time: 0.06s|train_loss 0.00021138|val_loss 0.00023194
Epoch 325|time: 0.07s|train_loss 0.00024867|val_loss 0.00022159
Epoch 326|time: 0.06s|train_loss 0.00022910|val_loss 0.00027435
Epoch 327|time: 0.06s|train_loss 0.00026395|val_loss 0.00022692
Epoch 328|time: 0.06s|train_loss 0.00023333|val_loss 0.00027745
Epoch 329|time: 0.06s|train_loss 0.00021973|val_loss 0.00021940
Best validation epoch: 329 Sat May 13 00:57:29 2023
TEST MAE 0.2903 std 0.1141 RMSE 0.4520 RMSEs 0.4250 PCC 0.9022 PCCs 0.8725 R2 0.7705 R2s 0.6603 Var 0.7852 Vars 0.6983 Peak 0.1697
Epoch 330|time: 0.06s|train_loss 0.00021860|val_loss 0.00025794
Epoch 331|time: 0.06s|train_loss 0.00020884|val_loss 0.00022668
Epoch 332|time: 0.06s|train_loss 0.00021867|val_loss 0.00023605
Epoch 333|time: 0.06s|train_loss 0.00025052|val_loss 0.00022380
Epoch 334|time: 0.06s|train_loss 0.00025249|val_loss 0.00024153
Epoch 335|time: 0.06s|train_loss 0.00020236|val_loss 0.00022105
Epoch 336|time: 0.06s|train_loss 0.00020595|val_loss 0.00022308
Epoch 337|time: 0.06s|train_loss 0.00020436|val_loss 0.00023627
Epoch 338|time: 0.06s|train_loss 0.00020503|val_loss 0.00022090
Epoch 339|time: 0.06s|train_loss 0.00019828|val_loss 0.00023253
Epoch 340|time: 0.07s|train_loss 0.00021899|val_loss 0.00022651
Epoch 341|time: 0.06s|train_loss 0.00020421|val_loss 0.00022452
Epoch 342|time: 0.06s|train_loss 0.00024990|val_loss 0.00023126
Epoch 343|time: 0.06s|train_loss 0.00020322|val_loss 0.00023413
Epoch 344|time: 0.06s|train_loss 0.00021221|val_loss 0.00022032
Epoch 345|time: 0.06s|train_loss 0.00020977|val_loss 0.00024548
Epoch 346|time: 0.06s|train_loss 0.00020908|val_loss 0.00022523
Epoch 347|time: 0.06s|train_loss 0.00022177|val_loss 0.00023372
Epoch 348|time: 0.06s|train_loss 0.00021888|val_loss 0.00023299
Epoch 349|time: 0.06s|train_loss 0.00021599|val_loss 0.00022799
Epoch 350|time: 0.06s|train_loss 0.00021889|val_loss 0.00024946
Epoch 351|time: 0.06s|train_loss 0.00020830|val_loss 0.00022776
Epoch 352|time: 0.06s|train_loss 0.00020719|val_loss 0.00022266
Epoch 353|time: 0.06s|train_loss 0.00020647|val_loss 0.00023051
Epoch 354|time: 0.06s|train_loss 0.00021252|val_loss 0.00023352
Epoch 355|time: 0.06s|train_loss 0.00021004|val_loss 0.00021966
Epoch 356|time: 0.06s|train_loss 0.00020917|val_loss 0.00023093
Epoch 357|time: 0.06s|train_loss 0.00021586|val_loss 0.00022730
Epoch 358|time: 0.06s|train_loss 0.00020127|val_loss 0.00021997
Epoch 359|time: 0.06s|train_loss 0.00020790|val_loss 0.00024096
Epoch 360|time: 0.06s|train_loss 0.00020748|val_loss 0.00021922
Best validation epoch: 360 Sat May 13 00:57:31 2023
TEST MAE 0.2752 std 0.0929 RMSE 0.4206 RMSEs 0.4020 PCC 0.9008 PCCs 0.8665 R2 0.8013 R2s 0.7005 Var 0.8046 Vars 0.7171 Peak 0.1596
Epoch 361|time: 0.06s|train_loss 0.00021610|val_loss 0.00024855
Epoch 362|time: 0.06s|train_loss 0.00021227|val_loss 0.00022670
Epoch 363|time: 0.06s|train_loss 0.00020538|val_loss 0.00023381
Epoch 364|time: 0.06s|train_loss 0.00022376|val_loss 0.00022348
Epoch 365|time: 0.06s|train_loss 0.00021370|val_loss 0.00021844
Best validation epoch: 365 Sat May 13 00:57:31 2023
TEST MAE 0.2712 std 0.1075 RMSE 0.4310 RMSEs 0.4061 PCC 0.9024 PCCs 0.8735 R2 0.7913 R2s 0.6946 Var 0.7932 Vars 0.7065 Peak 0.1622
Epoch 366|time: 0.06s|train_loss 0.00022051|val_loss 0.00021474
Best validation epoch: 366 Sat May 13 00:57:32 2023
TEST MAE 0.2718 std 0.1028 RMSE 0.4273 RMSEs 0.4036 PCC 0.9033 PCCs 0.8730 R2 0.7949 R2s 0.6984 Var 0.7995 Vars 0.7156 Peak 0.1604
Epoch 367|time: 0.06s|train_loss 0.00020704|val_loss 0.00025223
Epoch 368|time: 0.06s|train_loss 0.00021672|val_loss 0.00021786
Epoch 369|time: 0.07s|train_loss 0.00021035|val_loss 0.00023710
Epoch 370|time: 0.06s|train_loss 0.00024292|val_loss 0.00022231
Epoch 371|time: 0.06s|train_loss 0.00020551|val_loss 0.00022150
Epoch 372|time: 0.06s|train_loss 0.00025776|val_loss 0.00024031
Epoch 373|time: 0.06s|train_loss 0.00023067|val_loss 0.00022392
Epoch 374|time: 0.06s|train_loss 0.00020108|val_loss 0.00022977
Epoch 375|time: 0.07s|train_loss 0.00023127|val_loss 0.00022761
Epoch 376|time: 0.06s|train_loss 0.00024991|val_loss 0.00022271
Epoch 377|time: 0.06s|train_loss 0.00021488|val_loss 0.00025376
Epoch 378|time: 0.06s|train_loss 0.00020789|val_loss 0.00021637
Epoch 379|time: 0.06s|train_loss 0.00020610|val_loss 0.00023440
Epoch 380|time: 0.07s|train_loss 0.00021308|val_loss 0.00022137
Epoch 381|time: 0.06s|train_loss 0.00021603|val_loss 0.00022172
Epoch 382|time: 0.06s|train_loss 0.00020963|val_loss 0.00022067
Epoch 383|time: 0.06s|train_loss 0.00022427|val_loss 0.00022121
Epoch 384|time: 0.06s|train_loss 0.00021337|val_loss 0.00022845
Epoch 385|time: 0.06s|train_loss 0.00022048|val_loss 0.00022303
Epoch 386|time: 0.06s|train_loss 0.00021328|val_loss 0.00021924
Epoch 387|time: 0.06s|train_loss 0.00022432|val_loss 0.00024746
Epoch 388|time: 0.06s|train_loss 0.00022240|val_loss 0.00022727
Epoch 389|time: 0.06s|train_loss 0.00022592|val_loss 0.00023322
Epoch 390|time: 0.06s|train_loss 0.00021358|val_loss 0.00023844
Epoch 391|time: 0.06s|train_loss 0.00020606|val_loss 0.00021419
Best validation epoch: 391 Sat May 13 00:57:33 2023
TEST MAE 0.2654 std 0.0986 RMSE 0.4234 RMSEs 0.4004 PCC 0.9038 PCCs 0.8751 R2 0.7987 R2s 0.7023 Var 0.8018 Vars 0.7187 Peak 0.1576
Epoch 392|time: 0.06s|train_loss 0.00022775|val_loss 0.00024029
Epoch 393|time: 0.06s|train_loss 0.00022044|val_loss 0.00021701
Epoch 394|time: 0.06s|train_loss 0.00021940|val_loss 0.00022342
Epoch 395|time: 0.06s|train_loss 0.00020257|val_loss 0.00022351
Epoch 396|time: 0.06s|train_loss 0.00019728|val_loss 0.00021855
Epoch 397|time: 0.07s|train_loss 0.00019616|val_loss 0.00022484
Epoch 398|time: 0.06s|train_loss 0.00019469|val_loss 0.00022331
Epoch 399|time: 0.06s|train_loss 0.00021698|val_loss 0.00021313
Best validation epoch: 399 Sat May 13 00:57:34 2023
TEST MAE 0.2756 std 0.1047 RMSE 0.4353 RMSEs 0.4110 PCC 0.9014 PCCs 0.8721 R2 0.7871 R2s 0.6837 Var 0.7926 Vars 0.7056 Peak 0.1638
Epoch 400|time: 0.06s|train_loss 0.00020023|val_loss 0.00025143
Epoch 401|time: 0.07s|train_loss 0.00020311|val_loss 0.00021358
Epoch 402|time: 0.07s|train_loss 0.00020456|val_loss 0.00025610
Epoch 403|time: 0.06s|train_loss 0.00021667|val_loss 0.00021484
Epoch 404|time: 0.06s|train_loss 0.00021290|val_loss 0.00022744
Epoch 405|time: 0.07s|train_loss 0.00024036|val_loss 0.00021436
Epoch 406|time: 0.06s|train_loss 0.00020135|val_loss 0.00023998
Epoch 407|time: 0.06s|train_loss 0.00020724|val_loss 0.00022011
Epoch 408|time: 0.06s|train_loss 0.00021656|val_loss 0.00022704
Epoch 409|time: 0.06s|train_loss 0.00021633|val_loss 0.00021419
Epoch 410|time: 0.07s|train_loss 0.00020809|val_loss 0.00024430
Epoch 411|time: 0.06s|train_loss 0.00021803|val_loss 0.00021506
Epoch 412|time: 0.07s|train_loss 0.00021167|val_loss 0.00021907
Epoch 413|time: 0.06s|train_loss 0.00022660|val_loss 0.00023319
Epoch 414|time: 0.06s|train_loss 0.00020437|val_loss 0.00021490
Epoch 415|time: 0.06s|train_loss 0.00024144|val_loss 0.00022475
Epoch 416|time: 0.06s|train_loss 0.00024951|val_loss 0.00021430
Epoch 417|time: 0.06s|train_loss 0.00022623|val_loss 0.00023684
Epoch 418|time: 0.06s|train_loss 0.00019795|val_loss 0.00021367
Epoch 419|time: 0.06s|train_loss 0.00020087|val_loss 0.00023253
Epoch 420|time: 0.06s|train_loss 0.00023027|val_loss 0.00022486
Epoch 421|time: 0.06s|train_loss 0.00020869|val_loss 0.00022021
Epoch 422|time: 0.06s|train_loss 0.00021723|val_loss 0.00024164
Epoch 423|time: 0.06s|train_loss 0.00019610|val_loss 0.00022175
Epoch 424|time: 0.06s|train_loss 0.00022292|val_loss 0.00021982
Epoch 425|time: 0.06s|train_loss 0.00022121|val_loss 0.00025298
Epoch 426|time: 0.06s|train_loss 0.00023748|val_loss 0.00022428
Epoch 427|time: 0.06s|train_loss 0.00022507|val_loss 0.00025052
Epoch 428|time: 0.06s|train_loss 0.00019840|val_loss 0.00021526
Epoch 429|time: 0.06s|train_loss 0.00021197|val_loss 0.00023875
Epoch 430|time: 0.06s|train_loss 0.00023283|val_loss 0.00022017
Epoch 431|time: 0.06s|train_loss 0.00021901|val_loss 0.00025345
Epoch 432|time: 0.07s|train_loss 0.00021387|val_loss 0.00021605
Epoch 433|time: 0.06s|train_loss 0.00022019|val_loss 0.00023440
Epoch 434|time: 0.06s|train_loss 0.00020443|val_loss 0.00022057
Epoch 435|time: 0.06s|train_loss 0.00022355|val_loss 0.00021953
Epoch 436|time: 0.06s|train_loss 0.00021736|val_loss 0.00021394
Epoch 437|time: 0.06s|train_loss 0.00022336|val_loss 0.00021947
Epoch 438|time: 0.06s|train_loss 0.00019629|val_loss 0.00021756
Epoch 439|time: 0.06s|train_loss 0.00021772|val_loss 0.00021736
Epoch 440|time: 0.06s|train_loss 0.00022802|val_loss 0.00026740
Epoch 441|time: 0.06s|train_loss 0.00022926|val_loss 0.00022509
Epoch 442|time: 0.06s|train_loss 0.00025602|val_loss 0.00022393
Epoch 443|time: 0.06s|train_loss 0.00021437|val_loss 0.00024066
Epoch 444|time: 0.06s|train_loss 0.00023027|val_loss 0.00021345
Epoch 445|time: 0.06s|train_loss 0.00020710|val_loss 0.00022692
Epoch 446|time: 0.06s|train_loss 0.00020021|val_loss 0.00022003
Epoch 447|time: 0.06s|train_loss 0.00022877|val_loss 0.00021278
Best validation epoch: 447 Sat May 13 00:57:37 2023
TEST MAE 0.2878 std 0.1146 RMSE 0.4573 RMSEs 0.4289 PCC 0.9012 PCCs 0.8734 R2 0.7651 R2s 0.6509 Var 0.7766 Vars 0.6827 Peak 0.1686
Epoch 448|time: 0.06s|train_loss 0.00021097|val_loss 0.00024617
Epoch 449|time: 0.06s|train_loss 0.00021423|val_loss 0.00021207
Best validation epoch: 449 Sat May 13 00:57:37 2023
TEST MAE 0.2865 std 0.0988 RMSE 0.4458 RMSEs 0.4237 PCC 0.8970 PCCs 0.8624 R2 0.7767 R2s 0.6591 Var 0.7842 Vars 0.6851 Peak 0.1677
Epoch 450|time: 0.06s|train_loss 0.00019319|val_loss 0.00024113
Epoch 451|time: 0.06s|train_loss 0.00020248|val_loss 0.00021254
Epoch 452|time: 0.06s|train_loss 0.00021710|val_loss 0.00022137
Epoch 453|time: 0.06s|train_loss 0.00019448|val_loss 0.00022245
Epoch 454|time: 0.06s|train_loss 0.00022592|val_loss 0.00021543
Epoch 455|time: 0.06s|train_loss 0.00019671|val_loss 0.00022400
Epoch 456|time: 0.06s|train_loss 0.00019287|val_loss 0.00021403
Epoch 457|time: 0.06s|train_loss 0.00020022|val_loss 0.00022396
Epoch 458|time: 0.06s|train_loss 0.00020624|val_loss 0.00021836
Epoch 459|time: 0.06s|train_loss 0.00022984|val_loss 0.00021530
Epoch 460|time: 0.06s|train_loss 0.00021026|val_loss 0.00024699
Epoch 461|time: 0.06s|train_loss 0.00024134|val_loss 0.00020986
Best validation epoch: 461 Sat May 13 00:57:38 2023
TEST MAE 0.3471 std 0.1412 RMSE 0.5480 RMSEs 0.5100 PCC 0.8993 PCCs 0.8744 R2 0.6626 R2s 0.4918 Var 0.7221 Vars 0.6140 Peak 0.2012
Epoch 462|time: 0.06s|train_loss 0.00025911|val_loss 0.00027619
Epoch 463|time: 0.06s|train_loss 0.00022426|val_loss 0.00021888
Epoch 464|time: 0.06s|train_loss 0.00023056|val_loss 0.00022532
Epoch 465|time: 0.06s|train_loss 0.00021403|val_loss 0.00022309
Epoch 466|time: 0.06s|train_loss 0.00019978|val_loss 0.00021805
Epoch 467|time: 0.06s|train_loss 0.00021303|val_loss 0.00022253
Epoch 468|time: 0.06s|train_loss 0.00019790|val_loss 0.00022125
Epoch 469|time: 0.06s|train_loss 0.00020911|val_loss 0.00021402
Epoch 470|time: 0.06s|train_loss 0.00020070|val_loss 0.00021216
Epoch 471|time: 0.06s|train_loss 0.00024111|val_loss 0.00021363
Epoch 472|time: 0.06s|train_loss 0.00024685|val_loss 0.00024229
Epoch 473|time: 0.06s|train_loss 0.00020030|val_loss 0.00021285
Epoch 474|time: 0.06s|train_loss 0.00020293|val_loss 0.00022654
Epoch 475|time: 0.06s|train_loss 0.00025473|val_loss 0.00021046
Epoch 476|time: 0.07s|train_loss 0.00020950|val_loss 0.00022561
Epoch 477|time: 0.06s|train_loss 0.00020253|val_loss 0.00021247
Epoch 478|time: 0.06s|train_loss 0.00019285|val_loss 0.00023593
Epoch 479|time: 0.06s|train_loss 0.00021651|val_loss 0.00021347
Epoch 480|time: 0.06s|train_loss 0.00021885|val_loss 0.00021810
Epoch 481|time: 0.06s|train_loss 0.00018981|val_loss 0.00022312
Epoch 482|time: 0.06s|train_loss 0.00020369|val_loss 0.00021015
Epoch 483|time: 0.06s|train_loss 0.00019766|val_loss 0.00022970
Epoch 484|time: 0.06s|train_loss 0.00020151|val_loss 0.00021300
Epoch 485|time: 0.06s|train_loss 0.00020751|val_loss 0.00021612
Epoch 486|time: 0.06s|train_loss 0.00021860|val_loss 0.00021339
Epoch 487|time: 0.06s|train_loss 0.00021513|val_loss 0.00021981
Epoch 488|time: 0.07s|train_loss 0.00019766|val_loss 0.00021944
Epoch 489|time: 0.06s|train_loss 0.00019502|val_loss 0.00021551
Epoch 490|time: 0.06s|train_loss 0.00019272|val_loss 0.00021666
Epoch 491|time: 0.06s|train_loss 0.00021775|val_loss 0.00021855
Epoch 492|time: 0.06s|train_loss 0.00019812|val_loss 0.00022974
Epoch 493|time: 0.07s|train_loss 0.00020227|val_loss 0.00021710
Epoch 494|time: 0.06s|train_loss 0.00019198|val_loss 0.00021558
Epoch 495|time: 0.06s|train_loss 0.00020305|val_loss 0.00021830
Epoch 496|time: 0.06s|train_loss 0.00019654|val_loss 0.00021512
Epoch 497|time: 0.06s|train_loss 0.00021645|val_loss 0.00021548
Epoch 498|time: 0.06s|train_loss 0.00019816|val_loss 0.00022155
Epoch 499|time: 0.06s|train_loss 0.00021229|val_loss 0.00020768
Best validation epoch: 499 Sat May 13 00:57:40 2023
TEST MAE 0.2985 std 0.1092 RMSE 0.4813 RMSEs 0.4552 PCC 0.8880 PCCs 0.8548 R2 0.7398 R2s 0.6001 Var 0.7475 Vars 0.6285 Peak 0.1826
Epoch 500|time: 0.06s|train_loss 0.00020138|val_loss 0.00022612
Epoch 501|time: 0.06s|train_loss 0.00019535|val_loss 0.00021563
Epoch 502|time: 0.07s|train_loss 0.00019991|val_loss 0.00022144
Epoch 503|time: 0.06s|train_loss 0.00021194|val_loss 0.00022025
Epoch 504|time: 0.06s|train_loss 0.00019511|val_loss 0.00022375
Epoch 505|time: 0.06s|train_loss 0.00020374|val_loss 0.00021510
Epoch 506|time: 0.06s|train_loss 0.00020159|val_loss 0.00021249
Epoch 507|time: 0.06s|train_loss 0.00018979|val_loss 0.00021063
Epoch 508|time: 0.06s|train_loss 0.00021911|val_loss 0.00021618
Epoch 509|time: 0.06s|train_loss 0.00019883|val_loss 0.00025216
Epoch 510|time: 0.06s|train_loss 0.00024215|val_loss 0.00020790
Epoch 511|time: 0.06s|train_loss 0.00022936|val_loss 0.00023115
Epoch 512|time: 0.06s|train_loss 0.00019545|val_loss 0.00020788
Epoch 513|time: 0.06s|train_loss 0.00019455|val_loss 0.00023480
Epoch 514|time: 0.06s|train_loss 0.00019303|val_loss 0.00021883
Epoch 515|time: 0.06s|train_loss 0.00023352|val_loss 0.00020649
Best validation epoch: 515 Sat May 13 00:57:41 2023
TEST MAE 0.3254 std 0.1182 RMSE 0.5121 RMSEs 0.4826 PCC 0.8883 PCCs 0.8512 R2 0.7054 R2s 0.5468 Var 0.7342 Vars 0.6123 Peak 0.1891
Epoch 516|time: 0.06s|train_loss 0.00021302|val_loss 0.00027031
Epoch 517|time: 0.06s|train_loss 0.00022549|val_loss 0.00021664
Epoch 518|time: 0.06s|train_loss 0.00021672|val_loss 0.00024153
Epoch 519|time: 0.06s|train_loss 0.00021336|val_loss 0.00020853
Epoch 520|time: 0.06s|train_loss 0.00019263|val_loss 0.00021608
Epoch 521|time: 0.06s|train_loss 0.00019525|val_loss 0.00021797
Epoch 522|time: 0.06s|train_loss 0.00021954|val_loss 0.00020852
Epoch 523|time: 0.07s|train_loss 0.00020446|val_loss 0.00025268
Epoch 524|time: 0.06s|train_loss 0.00024124|val_loss 0.00020874
Epoch 525|time: 0.07s|train_loss 0.00022344|val_loss 0.00023287
Epoch 526|time: 0.06s|train_loss 0.00019005|val_loss 0.00021029
Epoch 527|time: 0.06s|train_loss 0.00021065|val_loss 0.00021211
Epoch 528|time: 0.06s|train_loss 0.00020620|val_loss 0.00021540
Epoch 529|time: 0.06s|train_loss 0.00019442|val_loss 0.00020950
Epoch 530|time: 0.06s|train_loss 0.00021593|val_loss 0.00023324
Epoch 531|time: 0.06s|train_loss 0.00020888|val_loss 0.00020800
Epoch 532|time: 0.06s|train_loss 0.00020387|val_loss 0.00024724
Epoch 533|time: 0.06s|train_loss 0.00020916|val_loss 0.00020802
Epoch 534|time: 0.06s|train_loss 0.00020978|val_loss 0.00021174
Epoch 535|time: 0.06s|train_loss 0.00019847|val_loss 0.00022814
Epoch 536|time: 0.06s|train_loss 0.00019628|val_loss 0.00020348
Best validation epoch: 536 Sat May 13 00:57:43 2023
TEST MAE 0.3186 std 0.1137 RMSE 0.5083 RMSEs 0.4803 PCC 0.8851 PCCs 0.8490 R2 0.7098 R2s 0.5492 Var 0.7299 Vars 0.6016 Peak 0.1913
Epoch 537|time: 0.06s|train_loss 0.00022196|val_loss 0.00022081
Epoch 538|time: 0.06s|train_loss 0.00019320|val_loss 0.00021613
Epoch 539|time: 0.06s|train_loss 0.00019331|val_loss 0.00020800
Epoch 540|time: 0.06s|train_loss 0.00018588|val_loss 0.00021830
Epoch 541|time: 0.06s|train_loss 0.00019076|val_loss 0.00021420
Epoch 542|time: 0.06s|train_loss 0.00021751|val_loss 0.00020546
Epoch 543|time: 0.06s|train_loss 0.00021775|val_loss 0.00022150
Epoch 544|time: 0.06s|train_loss 0.00021411|val_loss 0.00021711
Epoch 545|time: 0.06s|train_loss 0.00019033|val_loss 0.00021382
Epoch 546|time: 0.06s|train_loss 0.00018614|val_loss 0.00022498
Epoch 547|time: 0.06s|train_loss 0.00019913|val_loss 0.00020948
Epoch 548|time: 0.07s|train_loss 0.00019880|val_loss 0.00020995
Epoch 549|time: 0.06s|train_loss 0.00018695|val_loss 0.00022219
Epoch 550|time: 0.06s|train_loss 0.00020501|val_loss 0.00020615
Epoch 551|time: 0.06s|train_loss 0.00019644|val_loss 0.00021285
Epoch 552|time: 0.06s|train_loss 0.00020624|val_loss 0.00021739
Epoch 553|time: 0.07s|train_loss 0.00018751|val_loss 0.00022065
Epoch 554|time: 0.06s|train_loss 0.00021702|val_loss 0.00020667
Epoch 555|time: 0.06s|train_loss 0.00022303|val_loss 0.00024866
Epoch 556|time: 0.06s|train_loss 0.00020084|val_loss 0.00021009
Epoch 557|time: 0.06s|train_loss 0.00021616|val_loss 0.00023473
Epoch 558|time: 0.07s|train_loss 0.00020725|val_loss 0.00020628
Epoch 559|time: 0.06s|train_loss 0.00018485|val_loss 0.00022139
Epoch 560|time: 0.06s|train_loss 0.00018962|val_loss 0.00021758
Epoch 561|time: 0.06s|train_loss 0.00021815|val_loss 0.00020593
Epoch 562|time: 0.06s|train_loss 0.00020875|val_loss 0.00027709
Epoch 563|time: 0.06s|train_loss 0.00022300|val_loss 0.00021883
Epoch 564|time: 0.06s|train_loss 0.00021981|val_loss 0.00023651
Epoch 565|time: 0.06s|train_loss 0.00020351|val_loss 0.00020654
Epoch 566|time: 0.06s|train_loss 0.00022868|val_loss 0.00024621
Epoch 567|time: 0.06s|train_loss 0.00021627|val_loss 0.00021417
Epoch 568|time: 0.06s|train_loss 0.00020499|val_loss 0.00025004
Epoch 569|time: 0.06s|train_loss 0.00022441|val_loss 0.00020744
Epoch 570|time: 0.06s|train_loss 0.00022431|val_loss 0.00021621
Epoch 571|time: 0.07s|train_loss 0.00020423|val_loss 0.00022232
Epoch 572|time: 0.06s|train_loss 0.00022019|val_loss 0.00021574
Epoch 573|time: 0.06s|train_loss 0.00023871|val_loss 0.00024322
Epoch 574|time: 0.06s|train_loss 0.00021459|val_loss 0.00021190
Epoch 575|time: 0.06s|train_loss 0.00020157|val_loss 0.00021720
Epoch 576|time: 0.06s|train_loss 0.00019185|val_loss 0.00021657
Epoch 577|time: 0.06s|train_loss 0.00020689|val_loss 0.00021109
Epoch 578|time: 0.06s|train_loss 0.00019682|val_loss 0.00021738
Epoch 579|time: 0.07s|train_loss 0.00020251|val_loss 0.00020769
Epoch 580|time: 0.06s|train_loss 0.00019708|val_loss 0.00023890
Epoch 581|time: 0.07s|train_loss 0.00019876|val_loss 0.00020773
Epoch 582|time: 0.07s|train_loss 0.00021115|val_loss 0.00022036
Epoch 583|time: 0.07s|train_loss 0.00020188|val_loss 0.00021028
Epoch 584|time: 0.07s|train_loss 0.00018045|val_loss 0.00021647
Epoch 585|time: 0.07s|train_loss 0.00019413|val_loss 0.00020678
Epoch 586|time: 0.06s|train_loss 0.00019741|val_loss 0.00020816
Epoch 587|time: 0.06s|train_loss 0.00019530|val_loss 0.00020774
Epoch 588|time: 0.06s|train_loss 0.00018884|val_loss 0.00021225
Epoch 589|time: 0.06s|train_loss 0.00018870|val_loss 0.00020881
Epoch 590|time: 0.06s|train_loss 0.00019813|val_loss 0.00021069
Epoch 591|time: 0.06s|train_loss 0.00019522|val_loss 0.00020566
Epoch 592|time: 0.06s|train_loss 0.00019112|val_loss 0.00021550
Epoch 593|time: 0.06s|train_loss 0.00020831|val_loss 0.00021275
Epoch 594|time: 0.06s|train_loss 0.00018346|val_loss 0.00020702
Epoch 595|time: 0.06s|train_loss 0.00020894|val_loss 0.00021812
Epoch 596|time: 0.06s|train_loss 0.00019293|val_loss 0.00020631
Epoch 597|time: 0.06s|train_loss 0.00019819|val_loss 0.00020569
Epoch 598|time: 0.06s|train_loss 0.00019537|val_loss 0.00022235
Epoch 599|time: 0.06s|train_loss 0.00023363|val_loss 0.00020274
Best validation epoch: 599 Sat May 13 00:57:47 2023
TEST MAE 0.3298 std 0.1040 RMSE 0.5121 RMSEs 0.4882 PCC 0.8759 PCCs 0.8284 R2 0.7054 R2s 0.5344 Var 0.7235 Vars 0.5825 Peak 0.1969
Epoch 600|time: 0.06s|train_loss 0.00019532|val_loss 0.00023435
Epoch 601|time: 0.06s|train_loss 0.00018865|val_loss 0.00020705
Epoch 602|time: 0.06s|train_loss 0.00018453|val_loss 0.00020795
Epoch 603|time: 0.06s|train_loss 0.00020097|val_loss 0.00020793
Epoch 604|time: 0.06s|train_loss 0.00018414|val_loss 0.00020897
Epoch 605|time: 0.06s|train_loss 0.00019129|val_loss 0.00021214
Epoch 606|time: 0.06s|train_loss 0.00020460|val_loss 0.00020764
Epoch 607|time: 0.06s|train_loss 0.00020514|val_loss 0.00021781
Epoch 608|time: 0.06s|train_loss 0.00021849|val_loss 0.00020449
Epoch 609|time: 0.07s|train_loss 0.00020094|val_loss 0.00020705
Epoch 610|time: 0.06s|train_loss 0.00018997|val_loss 0.00021161
Epoch 611|time: 0.06s|train_loss 0.00020115|val_loss 0.00020957
Epoch 612|time: 0.06s|train_loss 0.00018963|val_loss 0.00020364
Epoch 613|time: 0.06s|train_loss 0.00022699|val_loss 0.00020555
Epoch 614|time: 0.06s|train_loss 0.00019132|val_loss 0.00022144
Epoch 615|time: 0.06s|train_loss 0.00019626|val_loss 0.00020459
Epoch 616|time: 0.06s|train_loss 0.00020275|val_loss 0.00020825
Epoch 617|time: 0.06s|train_loss 0.00018726|val_loss 0.00021588
Epoch 618|time: 0.06s|train_loss 0.00020346|val_loss 0.00020333
Epoch 619|time: 0.06s|train_loss 0.00019436|val_loss 0.00021621
Epoch 620|time: 0.06s|train_loss 0.00018568|val_loss 0.00020761
Epoch 621|time: 0.06s|train_loss 0.00018333|val_loss 0.00020487
Epoch 622|time: 0.06s|train_loss 0.00019026|val_loss 0.00021618
Epoch 623|time: 0.06s|train_loss 0.00019074|val_loss 0.00020489
Epoch 624|time: 0.06s|train_loss 0.00018953|val_loss 0.00021571
Epoch 625|time: 0.06s|train_loss 0.00020839|val_loss 0.00020709
Epoch 626|time: 0.06s|train_loss 0.00018527|val_loss 0.00022348
Epoch 627|time: 0.06s|train_loss 0.00019789|val_loss 0.00020332
Epoch 628|time: 0.06s|train_loss 0.00018981|val_loss 0.00021056
Epoch 629|time: 0.06s|train_loss 0.00019945|val_loss 0.00020721
Epoch 630|time: 0.06s|train_loss 0.00022051|val_loss 0.00020639
Epoch 631|time: 0.06s|train_loss 0.00019003|val_loss 0.00023307
Epoch 632|time: 0.06s|train_loss 0.00019860|val_loss 0.00020404
Epoch 633|time: 0.06s|train_loss 0.00020743|val_loss 0.00022599
Epoch 634|time: 0.06s|train_loss 0.00018927|val_loss 0.00020637
Epoch 635|time: 0.06s|train_loss 0.00018159|val_loss 0.00020882
Epoch 636|time: 0.06s|train_loss 0.00018041|val_loss 0.00020846
Epoch 637|time: 0.06s|train_loss 0.00019051|val_loss 0.00021114
Epoch 638|time: 0.06s|train_loss 0.00018120|val_loss 0.00020459
Epoch 639|time: 0.06s|train_loss 0.00018076|val_loss 0.00020672
Epoch 640|time: 0.06s|train_loss 0.00019197|val_loss 0.00021127
Epoch 641|time: 0.06s|train_loss 0.00020731|val_loss 0.00020228
Best validation epoch: 641 Sat May 13 00:57:49 2023
TEST MAE 0.3539 std 0.1299 RMSE 0.5747 RMSEs 0.5414 PCC 0.8710 PCCs 0.8306 R2 0.6290 R2s 0.4184 Var 0.6576 Vars 0.4860 Peak 0.2219
Epoch 642|time: 0.06s|train_loss 0.00018961|val_loss 0.00021989
Epoch 643|time: 0.06s|train_loss 0.00018535|val_loss 0.00020432
Epoch 644|time: 0.06s|train_loss 0.00019189|val_loss 0.00021999
Epoch 645|time: 0.06s|train_loss 0.00018478|val_loss 0.00020606
Epoch 646|time: 0.06s|train_loss 0.00019276|val_loss 0.00020667
Epoch 647|time: 0.06s|train_loss 0.00018169|val_loss 0.00020605
Epoch 648|time: 0.06s|train_loss 0.00022202|val_loss 0.00020363
Epoch 649|time: 0.06s|train_loss 0.00019685|val_loss 0.00023246
Epoch 650|time: 0.06s|train_loss 0.00019343|val_loss 0.00020686
Epoch 651|time: 0.06s|train_loss 0.00019308|val_loss 0.00022378
Epoch 652|time: 0.06s|train_loss 0.00018242|val_loss 0.00020445
Epoch 653|time: 0.06s|train_loss 0.00020447|val_loss 0.00021201
Epoch 654|time: 0.06s|train_loss 0.00021334|val_loss 0.00021500
Epoch 655|time: 0.06s|train_loss 0.00020875|val_loss 0.00020370
Epoch 656|time: 0.06s|train_loss 0.00019282|val_loss 0.00021341
Epoch 657|time: 0.06s|train_loss 0.00018672|val_loss 0.00021303
Epoch 658|time: 0.06s|train_loss 0.00021339|val_loss 0.00020344
Epoch 659|time: 0.06s|train_loss 0.00020212|val_loss 0.00022762
Epoch 660|time: 0.06s|train_loss 0.00018800|val_loss 0.00020394
Epoch 661|time: 0.06s|train_loss 0.00026213|val_loss 0.00020927
Epoch 662|time: 0.06s|train_loss 0.00020188|val_loss 0.00020469
Epoch 663|time: 0.06s|train_loss 0.00019829|val_loss 0.00022205
Epoch 664|time: 0.06s|train_loss 0.00019161|val_loss 0.00020329
Epoch 665|time: 0.06s|train_loss 0.00019775|val_loss 0.00020534
Epoch 666|time: 0.06s|train_loss 0.00018131|val_loss 0.00022119
Epoch 667|time: 0.06s|train_loss 0.00018371|val_loss 0.00020146
Best validation epoch: 667 Sat May 13 00:57:51 2023
TEST MAE 0.3466 std 0.1313 RMSE 0.5735 RMSEs 0.5385 PCC 0.8779 PCCs 0.8430 R2 0.6306 R2s 0.4258 Var 0.6657 Vars 0.5057 Peak 0.2152
Epoch 668|time: 0.06s|train_loss 0.00018912|val_loss 0.00022235
Epoch 669|time: 0.06s|train_loss 0.00019154|val_loss 0.00020190
Epoch 670|time: 0.06s|train_loss 0.00022086|val_loss 0.00023020
Epoch 671|time: 0.06s|train_loss 0.00019555|val_loss 0.00022171
Epoch 672|time: 0.06s|train_loss 0.00020449|val_loss 0.00022114
Epoch 673|time: 0.06s|train_loss 0.00021216|val_loss 0.00021031
Epoch 674|time: 0.06s|train_loss 0.00018613|val_loss 0.00020686
Epoch 675|time: 0.06s|train_loss 0.00024098|val_loss 0.00020109
Best validation epoch: 675 Sat May 13 00:57:52 2023
TEST MAE 0.3638 std 0.1334 RMSE 0.5905 RMSEs 0.5571 PCC 0.8721 PCCs 0.8379 R2 0.6083 R2s 0.3770 Var 0.6445 Vars 0.4660 Peak 0.2246
Epoch 676|time: 0.06s|train_loss 0.00021852|val_loss 0.00025782
Epoch 677|time: 0.06s|train_loss 0.00020983|val_loss 0.00021303
Epoch 678|time: 0.06s|train_loss 0.00019819|val_loss 0.00023336
Epoch 679|time: 0.06s|train_loss 0.00018153|val_loss 0.00020146
Epoch 680|time: 0.06s|train_loss 0.00020620|val_loss 0.00023110
Epoch 681|time: 0.06s|train_loss 0.00019823|val_loss 0.00020120
Epoch 682|time: 0.06s|train_loss 0.00019044|val_loss 0.00021464
Epoch 683|time: 0.06s|train_loss 0.00018547|val_loss 0.00020426
Epoch 684|time: 0.06s|train_loss 0.00020431|val_loss 0.00022629
Epoch 685|time: 0.06s|train_loss 0.00021733|val_loss 0.00020743
Epoch 686|time: 0.06s|train_loss 0.00020236|val_loss 0.00023243
Epoch 687|time: 0.06s|train_loss 0.00019914|val_loss 0.00020150
Epoch 688|time: 0.06s|train_loss 0.00019380|val_loss 0.00020759
Epoch 689|time: 0.06s|train_loss 0.00018066|val_loss 0.00020970
Epoch 690|time: 0.06s|train_loss 0.00018465|val_loss 0.00021174
Epoch 691|time: 0.06s|train_loss 0.00020333|val_loss 0.00020406
Epoch 692|time: 0.06s|train_loss 0.00018355|val_loss 0.00021135
Epoch 693|time: 0.06s|train_loss 0.00018270|val_loss 0.00021814
Epoch 694|time: 0.06s|train_loss 0.00019558|val_loss 0.00020371
Epoch 695|time: 0.06s|train_loss 0.00018598|val_loss 0.00022693
Epoch 696|time: 0.06s|train_loss 0.00022453|val_loss 0.00020625
Epoch 697|time: 0.06s|train_loss 0.00021814|val_loss 0.00020961
Epoch 698|time: 0.06s|train_loss 0.00021228|val_loss 0.00024257
Epoch 699|time: 0.06s|train_loss 0.00020463|val_loss 0.00020171
Epoch 700|time: 0.06s|train_loss 0.00019243|val_loss 0.00023626
Epoch 701|time: 0.06s|train_loss 0.00019885|val_loss 0.00020164
Epoch 702|time: 0.06s|train_loss 0.00018989|val_loss 0.00021250
Epoch 703|time: 0.06s|train_loss 0.00017915|val_loss 0.00020889
Epoch 704|time: 0.06s|train_loss 0.00019089|val_loss 0.00021032
Epoch 705|time: 0.06s|train_loss 0.00018073|val_loss 0.00020521
Epoch 706|time: 0.06s|train_loss 0.00019358|val_loss 0.00020603
Epoch 707|time: 0.06s|train_loss 0.00018614|val_loss 0.00021120
Epoch 708|time: 0.06s|train_loss 0.00019160|val_loss 0.00020745
Epoch 709|time: 0.06s|train_loss 0.00018859|val_loss 0.00021058
Epoch 710|time: 0.06s|train_loss 0.00018812|val_loss 0.00021110
Epoch 711|time: 0.06s|train_loss 0.00020066|val_loss 0.00020860
Epoch 712|time: 0.06s|train_loss 0.00019755|val_loss 0.00021610
Epoch 713|time: 0.06s|train_loss 0.00018732|val_loss 0.00020341
Epoch 714|time: 0.06s|train_loss 0.00020111|val_loss 0.00022292
Epoch 715|time: 0.06s|train_loss 0.00021865|val_loss 0.00020353
Epoch 716|time: 0.06s|train_loss 0.00019941|val_loss 0.00020573
Epoch 717|time: 0.06s|train_loss 0.00020423|val_loss 0.00021933
Epoch 718|time: 0.06s|train_loss 0.00020756|val_loss 0.00020059
Best validation epoch: 718 Sat May 13 00:57:54 2023
TEST MAE 0.3632 std 0.1276 RMSE 0.5814 RMSEs 0.5493 PCC 0.8690 PCCs 0.8255 R2 0.6203 R2s 0.4010 Var 0.6573 Vars 0.4848 Peak 0.2229
Epoch 719|time: 0.06s|train_loss 0.00018977|val_loss 0.00021693
Epoch 720|time: 0.06s|train_loss 0.00018785|val_loss 0.00020291
Epoch 721|time: 0.06s|train_loss 0.00018906|val_loss 0.00020704
Epoch 722|time: 0.06s|train_loss 0.00017900|val_loss 0.00020843
Epoch 723|time: 0.06s|train_loss 0.00017577|val_loss 0.00021260
Epoch 724|time: 0.06s|train_loss 0.00018368|val_loss 0.00020556
Epoch 725|time: 0.06s|train_loss 0.00018042|val_loss 0.00020500
Epoch 726|time: 0.06s|train_loss 0.00019543|val_loss 0.00020743
Epoch 727|time: 0.06s|train_loss 0.00017724|val_loss 0.00020662
Epoch 728|time: 0.06s|train_loss 0.00017772|val_loss 0.00020974
Epoch 729|time: 0.06s|train_loss 0.00017783|val_loss 0.00020504
Epoch 730|time: 0.06s|train_loss 0.00018978|val_loss 0.00020790
Epoch 731|time: 0.06s|train_loss 0.00018361|val_loss 0.00021106
Epoch 732|time: 0.06s|train_loss 0.00018929|val_loss 0.00020296
Epoch 733|time: 0.06s|train_loss 0.00019203|val_loss 0.00021388
Epoch 734|time: 0.06s|train_loss 0.00019882|val_loss 0.00020016
Best validation epoch: 734 Sat May 13 00:57:55 2023
TEST MAE 0.3652 std 0.1302 RMSE 0.5975 RMSEs 0.5643 PCC 0.8648 PCCs 0.8247 R2 0.5990 R2s 0.3619 Var 0.6339 Vars 0.4460 Peak 0.2303
Epoch 735|time: 0.06s|train_loss 0.00017833|val_loss 0.00021846
Epoch 736|time: 0.06s|train_loss 0.00017533|val_loss 0.00020074
Epoch 737|time: 0.06s|train_loss 0.00019721|val_loss 0.00022995
Epoch 738|time: 0.06s|train_loss 0.00018114|val_loss 0.00020021
Epoch 739|time: 0.06s|train_loss 0.00019711|val_loss 0.00021821
Epoch 740|time: 0.06s|train_loss 0.00018884|val_loss 0.00020097
Epoch 741|time: 0.06s|train_loss 0.00020584|val_loss 0.00020627
Epoch 742|time: 0.06s|train_loss 0.00017222|val_loss 0.00021142
Epoch 743|time: 0.06s|train_loss 0.00021744|val_loss 0.00020129
Epoch 744|time: 0.06s|train_loss 0.00017927|val_loss 0.00021442
Epoch 745|time: 0.06s|train_loss 0.00018295|val_loss 0.00020212
Epoch 746|time: 0.06s|train_loss 0.00018704|val_loss 0.00020260
Epoch 747|time: 0.06s|train_loss 0.00018381|val_loss 0.00021675
Epoch 748|time: 0.06s|train_loss 0.00018663|val_loss 0.00020340
Epoch 749|time: 0.06s|train_loss 0.00018284|val_loss 0.00020605
Epoch 750|time: 0.06s|train_loss 0.00019838|val_loss 0.00020572
Epoch 751|time: 0.06s|train_loss 0.00020148|val_loss 0.00020440
Epoch 752|time: 0.06s|train_loss 0.00018253|val_loss 0.00021145
Epoch 753|time: 0.06s|train_loss 0.00018393|val_loss 0.00020438
Epoch 754|time: 0.06s|train_loss 0.00018757|val_loss 0.00021756
Epoch 755|time: 0.06s|train_loss 0.00017958|val_loss 0.00020212
Epoch 756|time: 0.06s|train_loss 0.00020824|val_loss 0.00020252
Epoch 757|time: 0.06s|train_loss 0.00017735|val_loss 0.00021697
Epoch 758|time: 0.06s|train_loss 0.00018766|val_loss 0.00020073
Epoch 759|time: 0.06s|train_loss 0.00017360|val_loss 0.00020835
Epoch 760|time: 0.06s|train_loss 0.00017531|val_loss 0.00021023
Epoch 761|time: 0.06s|train_loss 0.00020215|val_loss 0.00020156
Epoch 762|time: 0.06s|train_loss 0.00018791|val_loss 0.00022644
Epoch 763|time: 0.06s|train_loss 0.00021458|val_loss 0.00020287
Epoch 764|time: 0.06s|train_loss 0.00018147|val_loss 0.00020840
Epoch 765|time: 0.06s|train_loss 0.00020291|val_loss 0.00020336
Epoch 766|time: 0.06s|train_loss 0.00019532|val_loss 0.00022679
Epoch 767|time: 0.06s|train_loss 0.00021365|val_loss 0.00020580
Epoch 768|time: 0.06s|train_loss 0.00019859|val_loss 0.00025610
Epoch 769|time: 0.06s|train_loss 0.00020359|val_loss 0.00020271
Epoch 770|time: 0.06s|train_loss 0.00018294|val_loss 0.00022932
Epoch 771|time: 0.06s|train_loss 0.00018561|val_loss 0.00020690
Epoch 772|time: 0.07s|train_loss 0.00018389|val_loss 0.00020429
Epoch 773|time: 0.07s|train_loss 0.00018379|val_loss 0.00020333
Epoch 774|time: 0.06s|train_loss 0.00017498|val_loss 0.00020879
Epoch 775|time: 0.06s|train_loss 0.00017579|val_loss 0.00020022
Epoch 776|time: 0.06s|train_loss 0.00021187|val_loss 0.00021168
Epoch 777|time: 0.06s|train_loss 0.00020489|val_loss 0.00022095
Epoch 778|time: 0.06s|train_loss 0.00021128|val_loss 0.00020508
Epoch 779|time: 0.06s|train_loss 0.00019004|val_loss 0.00021861
Epoch 780|time: 0.06s|train_loss 0.00019225|val_loss 0.00020200
Epoch 781|time: 0.06s|train_loss 0.00018379|val_loss 0.00021225
Epoch 782|time: 0.06s|train_loss 0.00018313|val_loss 0.00020566
Epoch 783|time: 0.06s|train_loss 0.00019018|val_loss 0.00021193
Epoch 784|time: 0.06s|train_loss 0.00018131|val_loss 0.00020402
Epoch 785|time: 0.06s|train_loss 0.00018363|val_loss 0.00020695
Epoch 786|time: 0.06s|train_loss 0.00019524|val_loss 0.00020275
Epoch 787|time: 0.06s|train_loss 0.00021196|val_loss 0.00020475
Epoch 788|time: 0.06s|train_loss 0.00017872|val_loss 0.00020833
Epoch 789|time: 0.06s|train_loss 0.00018297|val_loss 0.00020060
Epoch 790|time: 0.06s|train_loss 0.00019077|val_loss 0.00020850
Epoch 791|time: 0.06s|train_loss 0.00018990|val_loss 0.00020907
Epoch 792|time: 0.06s|train_loss 0.00020429|val_loss 0.00020252
Epoch 793|time: 0.06s|train_loss 0.00018155|val_loss 0.00022966
Epoch 794|time: 0.06s|train_loss 0.00017480|val_loss 0.00020027
Epoch 795|time: 0.06s|train_loss 0.00017899|val_loss 0.00020652
Epoch 796|time: 0.06s|train_loss 0.00018658|val_loss 0.00021542
Epoch 797|time: 0.06s|train_loss 0.00018564|val_loss 0.00020466
Epoch 798|time: 0.06s|train_loss 0.00018663|val_loss 0.00021363
Epoch 799|time: 0.06s|train_loss 0.00018068|val_loss 0.00020585
Epoch 800|time: 0.06s|train_loss 0.00017881|val_loss 0.00020359
Epoch 801|time: 0.06s|train_loss 0.00022211|val_loss 0.00020137
Epoch 802|time: 0.06s|train_loss 0.00021267|val_loss 0.00024662
Epoch 803|time: 0.06s|train_loss 0.00019644|val_loss 0.00020348
Epoch 804|time: 0.06s|train_loss 0.00021049|val_loss 0.00021472
Epoch 805|time: 0.06s|train_loss 0.00018406|val_loss 0.00020837
Epoch 806|time: 0.06s|train_loss 0.00021124|val_loss 0.00020273
Epoch 807|time: 0.06s|train_loss 0.00020165|val_loss 0.00023180
Epoch 808|time: 0.06s|train_loss 0.00018519|val_loss 0.00020022
Epoch 809|time: 0.06s|train_loss 0.00017866|val_loss 0.00021689
Epoch 810|time: 0.06s|train_loss 0.00019218|val_loss 0.00021275
Epoch 811|time: 0.06s|train_loss 0.00018637|val_loss 0.00020303
Epoch 812|time: 0.06s|train_loss 0.00017795|val_loss 0.00022108
Epoch 813|time: 0.06s|train_loss 0.00018520|val_loss 0.00020326
Epoch 814|time: 0.06s|train_loss 0.00017998|val_loss 0.00020502
Epoch 815|time: 0.06s|train_loss 0.00017217|val_loss 0.00020190
Epoch 816|time: 0.06s|train_loss 0.00019587|val_loss 0.00020853
Epoch 817|time: 0.06s|train_loss 0.00018279|val_loss 0.00020042
Epoch 818|time: 0.06s|train_loss 0.00018488|val_loss 0.00021991
Epoch 819|time: 0.06s|train_loss 0.00019130|val_loss 0.00020106
Epoch 820|time: 0.06s|train_loss 0.00018209|val_loss 0.00020187
Epoch 821|time: 0.06s|train_loss 0.00018848|val_loss 0.00020593
Epoch 822|time: 0.06s|train_loss 0.00017487|val_loss 0.00020673
Epoch 823|time: 0.06s|train_loss 0.00017777|val_loss 0.00020162
Epoch 824|time: 0.06s|train_loss 0.00019392|val_loss 0.00021036
Epoch 825|time: 0.06s|train_loss 0.00018632|val_loss 0.00020189
Epoch 826|time: 0.06s|train_loss 0.00021987|val_loss 0.00021070
Epoch 827|time: 0.06s|train_loss 0.00019307|val_loss 0.00021205
Epoch 828|time: 0.06s|train_loss 0.00018975|val_loss 0.00020286
Epoch 829|time: 0.06s|train_loss 0.00017771|val_loss 0.00022417
Epoch 830|time: 0.06s|train_loss 0.00018484|val_loss 0.00020204
Epoch 831|time: 0.06s|train_loss 0.00020177|val_loss 0.00020644
Epoch 832|time: 0.06s|train_loss 0.00017255|val_loss 0.00020373
Epoch 833|time: 0.06s|train_loss 0.00018986|val_loss 0.00019883
Best validation epoch: 833 Sat May 13 00:58:02 2023
TEST MAE 0.3780 std 0.1333 RMSE 0.6291 RMSEs 0.5947 PCC 0.8572 PCCs 0.8184 R2 0.5554 R2s 0.2874 Var 0.5901 Vars 0.3740 Peak 0.2439
Epoch 834|time: 0.06s|train_loss 0.00019516|val_loss 0.00020707
Epoch 835|time: 0.06s|train_loss 0.00019378|val_loss 0.00020273
Epoch 836|time: 0.06s|train_loss 0.00017054|val_loss 0.00021118
Epoch 837|time: 0.06s|train_loss 0.00017784|val_loss 0.00020026
Epoch 838|time: 0.06s|train_loss 0.00021169|val_loss 0.00020087
Epoch 839|time: 0.06s|train_loss 0.00018538|val_loss 0.00020632
Epoch 840|time: 0.06s|train_loss 0.00019582|val_loss 0.00022619
Epoch 841|time: 0.06s|train_loss 0.00019149|val_loss 0.00020206
Epoch 842|time: 0.06s|train_loss 0.00021043|val_loss 0.00021650
Epoch 843|time: 0.06s|train_loss 0.00017791|val_loss 0.00019882
Best validation epoch: 843 Sat May 13 00:58:02 2023
TEST MAE 0.3893 std 0.1371 RMSE 0.6471 RMSEs 0.6111 PCC 0.8572 PCCs 0.8179 R2 0.5297 R2s 0.2444 Var 0.5771 Vars 0.3547 Peak 0.2490
Epoch 844|time: 0.06s|train_loss 0.00018664|val_loss 0.00021258
Epoch 845|time: 0.06s|train_loss 0.00017561|val_loss 0.00021027
Epoch 846|time: 0.06s|train_loss 0.00020498|val_loss 0.00020280
Epoch 847|time: 0.06s|train_loss 0.00017591|val_loss 0.00020272
Epoch 848|time: 0.06s|train_loss 0.00017923|val_loss 0.00021529
Epoch 849|time: 0.06s|train_loss 0.00017630|val_loss 0.00020175
Epoch 850|time: 0.06s|train_loss 0.00018483|val_loss 0.00020985
Epoch 851|time: 0.06s|train_loss 0.00019595|val_loss 0.00020984
Epoch 852|time: 0.06s|train_loss 0.00017473|val_loss 0.00019990
Epoch 853|time: 0.06s|train_loss 0.00019869|val_loss 0.00021184
Epoch 854|time: 0.06s|train_loss 0.00021746|val_loss 0.00020845
Epoch 855|time: 0.06s|train_loss 0.00019948|val_loss 0.00020089
Epoch 856|time: 0.06s|train_loss 0.00018606|val_loss 0.00021201
Epoch 857|time: 0.06s|train_loss 0.00018323|val_loss 0.00020267
Epoch 858|time: 0.06s|train_loss 0.00017331|val_loss 0.00021604
Epoch 859|time: 0.06s|train_loss 0.00020500|val_loss 0.00020052
Epoch 860|time: 0.06s|train_loss 0.00018776|val_loss 0.00020402
Epoch 861|time: 0.06s|train_loss 0.00018012|val_loss 0.00020288
Epoch 862|time: 0.06s|train_loss 0.00017871|val_loss 0.00019942
Epoch 863|time: 0.06s|train_loss 0.00017215|val_loss 0.00020654
Epoch 864|time: 0.06s|train_loss 0.00018010|val_loss 0.00020882
Epoch 865|time: 0.06s|train_loss 0.00020095|val_loss 0.00020216
Epoch 866|time: 0.06s|train_loss 0.00017855|val_loss 0.00021330
Epoch 867|time: 0.06s|train_loss 0.00019881|val_loss 0.00020010
Epoch 868|time: 0.06s|train_loss 0.00021945|val_loss 0.00020183
Epoch 869|time: 0.06s|train_loss 0.00019341|val_loss 0.00022872
Epoch 870|time: 0.06s|train_loss 0.00018067|val_loss 0.00020102
Epoch 871|time: 0.06s|train_loss 0.00020460|val_loss 0.00022087
Epoch 872|time: 0.06s|train_loss 0.00018552|val_loss 0.00020521
Epoch 873|time: 0.06s|train_loss 0.00018620|val_loss 0.00020123
Epoch 874|time: 0.06s|train_loss 0.00018568|val_loss 0.00022994
Epoch 875|time: 0.06s|train_loss 0.00018720|val_loss 0.00020547
Epoch 876|time: 0.06s|train_loss 0.00018137|val_loss 0.00022352
Epoch 877|time: 0.06s|train_loss 0.00018058|val_loss 0.00020384
Epoch 878|time: 0.06s|train_loss 0.00017921|val_loss 0.00022071
Epoch 879|time: 0.06s|train_loss 0.00017854|val_loss 0.00020002
Epoch 880|time: 0.06s|train_loss 0.00020567|val_loss 0.00021597
Epoch 881|time: 0.06s|train_loss 0.00017094|val_loss 0.00019912
Epoch 882|time: 0.06s|train_loss 0.00017351|val_loss 0.00020308
Epoch 883|time: 0.06s|train_loss 0.00019040|val_loss 0.00020694
Epoch 884|time: 0.06s|train_loss 0.00019881|val_loss 0.00020776
Epoch 885|time: 0.06s|train_loss 0.00019636|val_loss 0.00020198
Epoch 886|time: 0.06s|train_loss 0.00019931|val_loss 0.00023838
Epoch 887|time: 0.06s|train_loss 0.00019203|val_loss 0.00020184
Epoch 888|time: 0.06s|train_loss 0.00019370|val_loss 0.00021333
Epoch 889|time: 0.06s|train_loss 0.00021209|val_loss 0.00020343
Epoch 890|time: 0.06s|train_loss 0.00017608|val_loss 0.00020603
Epoch 891|time: 0.06s|train_loss 0.00020508|val_loss 0.00020336
Epoch 892|time: 0.06s|train_loss 0.00020343|val_loss 0.00019790
Best validation epoch: 892 Sat May 13 00:58:06 2023
TEST MAE 0.3714 std 0.1275 RMSE 0.6199 RMSEs 0.5873 PCC 0.8543 PCCs 0.8142 R2 0.5683 R2s 0.3063 Var 0.5994 Vars 0.3875 Peak 0.2408
Epoch 893|time: 0.06s|train_loss 0.00017748|val_loss 0.00021905
Epoch 894|time: 0.06s|train_loss 0.00018497|val_loss 0.00019948
Epoch 895|time: 0.06s|train_loss 0.00018412|val_loss 0.00019961
Epoch 896|time: 0.06s|train_loss 0.00019424|val_loss 0.00024076
Epoch 897|time: 0.06s|train_loss 0.00019107|val_loss 0.00019854
Epoch 898|time: 0.06s|train_loss 0.00018584|val_loss 0.00021400
Epoch 899|time: 0.06s|train_loss 0.00017434|val_loss 0.00020112
Epoch 900|time: 0.06s|train_loss 0.00017784|val_loss 0.00020144
Epoch 901|time: 0.06s|train_loss 0.00020915|val_loss 0.00020368
Epoch 902|time: 0.06s|train_loss 0.00017701|val_loss 0.00020903
Epoch 903|time: 0.06s|train_loss 0.00018743|val_loss 0.00020325
Epoch 904|time: 0.06s|train_loss 0.00017523|val_loss 0.00020110
Epoch 905|time: 0.06s|train_loss 0.00017464|val_loss 0.00020963
Epoch 906|time: 0.06s|train_loss 0.00017125|val_loss 0.00020173
Epoch 907|time: 0.06s|train_loss 0.00017487|val_loss 0.00020460
Epoch 908|time: 0.06s|train_loss 0.00019186|val_loss 0.00020689
Epoch 909|time: 0.06s|train_loss 0.00019773|val_loss 0.00020536
Epoch 910|time: 0.06s|train_loss 0.00020469|val_loss 0.00019934
Epoch 911|time: 0.06s|train_loss 0.00018845|val_loss 0.00020091
Epoch 912|time: 0.06s|train_loss 0.00016978|val_loss 0.00022093
Epoch 913|time: 0.06s|train_loss 0.00020847|val_loss 0.00020273
Epoch 914|time: 0.06s|train_loss 0.00018327|val_loss 0.00020877
Epoch 915|time: 0.06s|train_loss 0.00019524|val_loss 0.00020913
Epoch 916|time: 0.06s|train_loss 0.00019088|val_loss 0.00022429
Epoch 917|time: 0.06s|train_loss 0.00019381|val_loss 0.00020440
Epoch 918|time: 0.06s|train_loss 0.00018686|val_loss 0.00020863
Epoch 919|time: 0.06s|train_loss 0.00017954|val_loss 0.00019994
Epoch 920|time: 0.06s|train_loss 0.00017797|val_loss 0.00022167
Epoch 921|time: 0.06s|train_loss 0.00018592|val_loss 0.00019825
Epoch 922|time: 0.06s|train_loss 0.00018112|val_loss 0.00020155
Epoch 923|time: 0.06s|train_loss 0.00018960|val_loss 0.00020770
Epoch 924|time: 0.06s|train_loss 0.00018359|val_loss 0.00019943
Epoch 925|time: 0.06s|train_loss 0.00021652|val_loss 0.00024576
Epoch 926|time: 0.06s|train_loss 0.00020150|val_loss 0.00021359
Epoch 927|time: 0.06s|train_loss 0.00018628|val_loss 0.00022486
Epoch 928|time: 0.06s|train_loss 0.00018842|val_loss 0.00020216
Epoch 929|time: 0.06s|train_loss 0.00017917|val_loss 0.00022466
Epoch 930|time: 0.06s|train_loss 0.00018403|val_loss 0.00020122
Epoch 931|time: 0.06s|train_loss 0.00017986|val_loss 0.00020728
Epoch 932|time: 0.06s|train_loss 0.00019527|val_loss 0.00019761
Best validation epoch: 932 Sat May 13 00:58:08 2023
TEST MAE 0.3620 std 0.1253 RMSE 0.5969 RMSEs 0.5644 PCC 0.8612 PCCs 0.8160 R2 0.5998 R2s 0.3712 Var 0.6274 Vars 0.4380 Peak 0.2314
Epoch 933|time: 0.06s|train_loss 0.00017493|val_loss 0.00020483
Epoch 934|time: 0.06s|train_loss 0.00017669|val_loss 0.00021088
Epoch 935|time: 0.06s|train_loss 0.00019542|val_loss 0.00020029
Epoch 936|time: 0.06s|train_loss 0.00018909|val_loss 0.00020293
Epoch 937|time: 0.06s|train_loss 0.00018316|val_loss 0.00020579
Epoch 938|time: 0.06s|train_loss 0.00017701|val_loss 0.00020099
Epoch 939|time: 0.06s|train_loss 0.00017980|val_loss 0.00020996
Epoch 940|time: 0.06s|train_loss 0.00017911|val_loss 0.00020764
Epoch 941|time: 0.06s|train_loss 0.00017722|val_loss 0.00020008
Epoch 942|time: 0.06s|train_loss 0.00019496|val_loss 0.00021718
Epoch 943|time: 0.06s|train_loss 0.00019144|val_loss 0.00020167
Epoch 944|time: 0.06s|train_loss 0.00018741|val_loss 0.00020117
Epoch 945|time: 0.06s|train_loss 0.00017278|val_loss 0.00021082
Epoch 946|time: 0.06s|train_loss 0.00018809|val_loss 0.00020133
Epoch 947|time: 0.06s|train_loss 0.00019297|val_loss 0.00020149
Epoch 948|time: 0.06s|train_loss 0.00017470|val_loss 0.00021731
Epoch 949|time: 0.06s|train_loss 0.00019736|val_loss 0.00020153
Epoch 950|time: 0.06s|train_loss 0.00018298|val_loss 0.00020080
Epoch 951|time: 0.06s|train_loss 0.00017499|val_loss 0.00021909
Epoch 952|time: 0.06s|train_loss 0.00017749|val_loss 0.00020282
Epoch 953|time: 0.06s|train_loss 0.00019520|val_loss 0.00021268
Epoch 954|time: 0.06s|train_loss 0.00019921|val_loss 0.00021159
Epoch 955|time: 0.06s|train_loss 0.00019981|val_loss 0.00020223
Epoch 956|time: 0.06s|train_loss 0.00017890|val_loss 0.00020394
Epoch 957|time: 0.06s|train_loss 0.00018075|val_loss 0.00020177
Epoch 958|time: 0.06s|train_loss 0.00017616|val_loss 0.00020011
Epoch 959|time: 0.06s|train_loss 0.00019794|val_loss 0.00020827
Epoch 960|time: 0.06s|train_loss 0.00017618|val_loss 0.00020901
Epoch 961|time: 0.06s|train_loss 0.00018864|val_loss 0.00020058
Epoch 962|time: 0.06s|train_loss 0.00020279|val_loss 0.00020455
Epoch 963|time: 0.06s|train_loss 0.00018133|val_loss 0.00020594
Epoch 964|time: 0.06s|train_loss 0.00017409|val_loss 0.00020173
Epoch 965|time: 0.06s|train_loss 0.00017803|val_loss 0.00020263
Epoch 966|time: 0.06s|train_loss 0.00017853|val_loss 0.00019995
Epoch 967|time: 0.06s|train_loss 0.00017336|val_loss 0.00020274
Epoch 968|time: 0.06s|train_loss 0.00018835|val_loss 0.00021416
Epoch 969|time: 0.06s|train_loss 0.00020451|val_loss 0.00020302
Epoch 970|time: 0.06s|train_loss 0.00017841|val_loss 0.00021745
Epoch 971|time: 0.06s|train_loss 0.00018092|val_loss 0.00020549
Epoch 972|time: 0.06s|train_loss 0.00020747|val_loss 0.00020362
Epoch 973|time: 0.06s|train_loss 0.00016982|val_loss 0.00020432
Epoch 974|time: 0.06s|train_loss 0.00019955|val_loss 0.00019993
Epoch 975|time: 0.06s|train_loss 0.00017796|val_loss 0.00020808
Epoch 976|time: 0.06s|train_loss 0.00018105|val_loss 0.00020361
Epoch 977|time: 0.06s|train_loss 0.00018828|val_loss 0.00020350
Epoch 978|time: 0.06s|train_loss 0.00018544|val_loss 0.00020429
Epoch 979|time: 0.06s|train_loss 0.00017995|val_loss 0.00020132
Epoch 980|time: 0.06s|train_loss 0.00017961|val_loss 0.00020721
Epoch 981|time: 0.06s|train_loss 0.00019678|val_loss 0.00020513
Epoch 982|time: 0.06s|train_loss 0.00017929|val_loss 0.00020154
Epoch 983|time: 0.06s|train_loss 0.00018663|val_loss 0.00020663
Epoch 984|time: 0.06s|train_loss 0.00019141|val_loss 0.00021478
Epoch 985|time: 0.06s|train_loss 0.00018635|val_loss 0.00020189
Epoch 986|time: 0.06s|train_loss 0.00018177|val_loss 0.00021552
Epoch 987|time: 0.06s|train_loss 0.00017531|val_loss 0.00021016
Epoch 988|time: 0.06s|train_loss 0.00019403|val_loss 0.00019919
Epoch 989|time: 0.06s|train_loss 0.00020020|val_loss 0.00022684
Epoch 990|time: 0.06s|train_loss 0.00018392|val_loss 0.00020409
Epoch 991|time: 0.06s|train_loss 0.00018314|val_loss 0.00023230
Epoch 992|time: 0.06s|train_loss 0.00018828|val_loss 0.00020478
Epoch 993|time: 0.06s|train_loss 0.00018514|val_loss 0.00023192
Epoch 994|time: 0.06s|train_loss 0.00017703|val_loss 0.00020325
Epoch 995|time: 0.06s|train_loss 0.00019227|val_loss 0.00021629
Epoch 996|time: 0.06s|train_loss 0.00019890|val_loss 0.00021080
Epoch 997|time: 0.06s|train_loss 0.00017716|val_loss 0.00019924
Epoch 998|time: 0.06s|train_loss 0.00017106|val_loss 0.00020750
Epoch 999|time: 0.06s|train_loss 0.00017562|val_loss 0.00020129
Epoch 1000|time: 0.06s|train_loss 0.00016622|val_loss 0.00020767
Epoch 1001|time: 0.06s|train_loss 0.00017563|val_loss 0.00020283
Epoch 1002|time: 0.06s|train_loss 0.00020688|val_loss 0.00020056
Epoch 1003|time: 0.06s|train_loss 0.00018446|val_loss 0.00020761
Epoch 1004|time: 0.06s|train_loss 0.00019156|val_loss 0.00020847
Epoch 1005|time: 0.06s|train_loss 0.00019334|val_loss 0.00020040
Epoch 1006|time: 0.06s|train_loss 0.00018105|val_loss 0.00021546
Epoch 1007|time: 0.06s|train_loss 0.00020303|val_loss 0.00019824
Epoch 1008|time: 0.06s|train_loss 0.00019428|val_loss 0.00020077
Epoch 1009|time: 0.06s|train_loss 0.00020165|val_loss 0.00022099
Epoch 1010|time: 0.06s|train_loss 0.00017655|val_loss 0.00020066
Epoch 1011|time: 0.06s|train_loss 0.00017190|val_loss 0.00021078
Epoch 1012|time: 0.06s|train_loss 0.00018641|val_loss 0.00020382
Epoch 1013|time: 0.06s|train_loss 0.00018548|val_loss 0.00020240
Epoch 1014|time: 0.06s|train_loss 0.00018390|val_loss 0.00020728
Epoch 1015|time: 0.06s|train_loss 0.00018021|val_loss 0.00020212
Epoch 1016|time: 0.06s|train_loss 0.00016481|val_loss 0.00020597
Epoch 1017|time: 0.06s|train_loss 0.00018517|val_loss 0.00020143
Epoch 1018|time: 0.06s|train_loss 0.00017452|val_loss 0.00020352
Epoch 1019|time: 0.06s|train_loss 0.00017108|val_loss 0.00020033
Epoch 1020|time: 0.06s|train_loss 0.00017741|val_loss 0.00020521
Epoch 1021|time: 0.06s|train_loss 0.00016857|val_loss 0.00019766
Epoch 1022|time: 0.06s|train_loss 0.00019395|val_loss 0.00021203
Epoch 1023|time: 0.06s|train_loss 0.00018379|val_loss 0.00020622
Epoch 1024|time: 0.06s|train_loss 0.00018649|val_loss 0.00020209
Epoch 1025|time: 0.06s|train_loss 0.00017548|val_loss 0.00020618
Epoch 1026|time: 0.06s|train_loss 0.00017199|val_loss 0.00019769
Epoch 1027|time: 0.06s|train_loss 0.00017301|val_loss 0.00020168
Epoch 1028|time: 0.06s|train_loss 0.00016849|val_loss 0.00021243
Epoch 1029|time: 0.06s|train_loss 0.00018949|val_loss 0.00019973
Epoch 1030|time: 0.06s|train_loss 0.00017336|val_loss 0.00020718
Epoch 1031|time: 0.06s|train_loss 0.00017237|val_loss 0.00019955
Epoch 1032|time: 0.06s|train_loss 0.00018556|val_loss 0.00020504
Epoch 1033|time: 0.06s|train_loss 0.00018346|val_loss 0.00020400
Epoch 1034|time: 0.06s|train_loss 0.00017778|val_loss 0.00019907
Epoch 1035|time: 0.06s|train_loss 0.00017251|val_loss 0.00020919
Epoch 1036|time: 0.06s|train_loss 0.00016779|val_loss 0.00020112
Epoch 1037|time: 0.06s|train_loss 0.00017198|val_loss 0.00020758
Epoch 1038|time: 0.06s|train_loss 0.00017744|val_loss 0.00020146
Epoch 1039|time: 0.06s|train_loss 0.00019110|val_loss 0.00020142
Epoch 1040|time: 0.06s|train_loss 0.00017824|val_loss 0.00020942
Epoch 1041|time: 0.06s|train_loss 0.00017248|val_loss 0.00020009
Epoch 1042|time: 0.06s|train_loss 0.00016388|val_loss 0.00021479
Epoch 1043|time: 0.06s|train_loss 0.00018436|val_loss 0.00020216
Epoch 1044|time: 0.06s|train_loss 0.00017967|val_loss 0.00022255
Epoch 1045|time: 0.06s|train_loss 0.00019690|val_loss 0.00020227
Epoch 1046|time: 0.06s|train_loss 0.00023309|val_loss 0.00019969
Epoch 1047|time: 0.06s|train_loss 0.00018905|val_loss 0.00022313
Epoch 1048|time: 0.06s|train_loss 0.00017497|val_loss 0.00019966
Epoch 1049|time: 0.06s|train_loss 0.00019724|val_loss 0.00020556
Epoch 1050|time: 0.06s|train_loss 0.00021318|val_loss 0.00026058
Epoch 1051|time: 0.06s|train_loss 0.00022692|val_loss 0.00021801
Epoch 1052|time: 0.06s|train_loss 0.00019480|val_loss 0.00024538
Epoch 1053|time: 0.06s|train_loss 0.00019062|val_loss 0.00020160
Epoch 1054|time: 0.06s|train_loss 0.00018263|val_loss 0.00022592
Epoch 1055|time: 0.06s|train_loss 0.00019816|val_loss 0.00020670
Epoch 1056|time: 0.06s|train_loss 0.00023602|val_loss 0.00021638
Epoch 1057|time: 0.06s|train_loss 0.00017477|val_loss 0.00020111
Epoch 1058|time: 0.06s|train_loss 0.00017253|val_loss 0.00020270
Epoch 1059|time: 0.06s|train_loss 0.00017594|val_loss 0.00020733
Epoch 1060|time: 0.06s|train_loss 0.00017361|val_loss 0.00020369
Epoch 1061|time: 0.06s|train_loss 0.00019118|val_loss 0.00020180
Epoch 1062|time: 0.06s|train_loss 0.00019856|val_loss 0.00021031
Epoch 1063|time: 0.06s|train_loss 0.00019849|val_loss 0.00021635
Epoch 1064|time: 0.06s|train_loss 0.00022581|val_loss 0.00021127
Epoch 1065|time: 0.06s|train_loss 0.00018526|val_loss 0.00021399
Epoch 1066|time: 0.06s|train_loss 0.00017290|val_loss 0.00020158
Epoch 1067|time: 0.06s|train_loss 0.00018562|val_loss 0.00020209
Epoch 1068|time: 0.06s|train_loss 0.00017188|val_loss 0.00020441
Epoch 1069|time: 0.06s|train_loss 0.00019139|val_loss 0.00020069
Epoch 1070|time: 0.06s|train_loss 0.00018719|val_loss 0.00022622
Epoch 1071|time: 0.06s|train_loss 0.00019463|val_loss 0.00020288
Epoch 1072|time: 0.06s|train_loss 0.00017953|val_loss 0.00021237
Epoch 1073|time: 0.06s|train_loss 0.00017574|val_loss 0.00020172
Epoch 1074|time: 0.06s|train_loss 0.00017523|val_loss 0.00020296
Epoch 1075|time: 0.06s|train_loss 0.00017832|val_loss 0.00019897
Epoch 1076|time: 0.06s|train_loss 0.00017255|val_loss 0.00020308
Epoch 1077|time: 0.06s|train_loss 0.00019216|val_loss 0.00019891
Epoch 1078|time: 0.06s|train_loss 0.00017492|val_loss 0.00021141
Epoch 1079|time: 0.06s|train_loss 0.00019037|val_loss 0.00019995
Epoch 1080|time: 0.06s|train_loss 0.00018415|val_loss 0.00020112
Epoch 1081|time: 0.06s|train_loss 0.00017088|val_loss 0.00021144
Epoch 1082|time: 0.06s|train_loss 0.00017115|val_loss 0.00020022
Epoch 1083|time: 0.06s|train_loss 0.00019422|val_loss 0.00021194
Epoch 1084|time: 0.06s|train_loss 0.00017973|val_loss 0.00020019
Epoch 1085|time: 0.06s|train_loss 0.00018175|val_loss 0.00021097
Epoch 1086|time: 0.06s|train_loss 0.00016878|val_loss 0.00020402
Epoch 1087|time: 0.06s|train_loss 0.00017272|val_loss 0.00019976
Epoch 1088|time: 0.06s|train_loss 0.00017398|val_loss 0.00020090
Epoch 1089|time: 0.06s|train_loss 0.00016944|val_loss 0.00020573
Epoch 1090|time: 0.06s|train_loss 0.00018837|val_loss 0.00020155
Epoch 1091|time: 0.06s|train_loss 0.00018201|val_loss 0.00020118
Epoch 1092|time: 0.06s|train_loss 0.00017596|val_loss 0.00021794
Epoch 1093|time: 0.06s|train_loss 0.00019019|val_loss 0.00020736
Epoch 1094|time: 0.06s|train_loss 0.00019481|val_loss 0.00022572
Epoch 1095|time: 0.06s|train_loss 0.00018219|val_loss 0.00020000
Epoch 1096|time: 0.06s|train_loss 0.00021297|val_loss 0.00020773
Epoch 1097|time: 0.06s|train_loss 0.00018171|val_loss 0.00021078
Epoch 1098|time: 0.06s|train_loss 0.00016810|val_loss 0.00020036
Epoch 1099|time: 0.06s|train_loss 0.00020676|val_loss 0.00020074
Epoch 1100|time: 0.06s|train_loss 0.00018298|val_loss 0.00020895
Epoch 1101|time: 0.06s|train_loss 0.00019110|val_loss 0.00020128
Epoch 1102|time: 0.06s|train_loss 0.00017802|val_loss 0.00021463
Epoch 1103|time: 0.06s|train_loss 0.00017613|val_loss 0.00020331
Epoch 1104|time: 0.06s|train_loss 0.00020913|val_loss 0.00020148
Epoch 1105|time: 0.06s|train_loss 0.00017265|val_loss 0.00022290
Epoch 1106|time: 0.06s|train_loss 0.00017571|val_loss 0.00020226
Epoch 1107|time: 0.06s|train_loss 0.00018518|val_loss 0.00020825
Epoch 1108|time: 0.06s|train_loss 0.00017458|val_loss 0.00019942
Epoch 1109|time: 0.06s|train_loss 0.00018690|val_loss 0.00020730
Epoch 1110|time: 0.06s|train_loss 0.00017742|val_loss 0.00020476
Epoch 1111|time: 0.06s|train_loss 0.00017724|val_loss 0.00020388
Epoch 1112|time: 0.06s|train_loss 0.00017978|val_loss 0.00019849
Epoch 1113|time: 0.06s|train_loss 0.00018401|val_loss 0.00021844
Epoch 1114|time: 0.06s|train_loss 0.00018632|val_loss 0.00020574
Epoch 1115|time: 0.06s|train_loss 0.00018464|val_loss 0.00022261
Epoch 1116|time: 0.06s|train_loss 0.00017799|val_loss 0.00020155
Epoch 1117|time: 0.06s|train_loss 0.00017648|val_loss 0.00020798
Epoch 1118|time: 0.06s|train_loss 0.00018079|val_loss 0.00020080
Epoch 1119|time: 0.06s|train_loss 0.00017209|val_loss 0.00020637
Epoch 1120|time: 0.06s|train_loss 0.00017460|val_loss 0.00020564
Epoch 1121|time: 0.06s|train_loss 0.00020526|val_loss 0.00020253
Epoch 1122|time: 0.06s|train_loss 0.00017569|val_loss 0.00021338
Epoch 1123|time: 0.06s|train_loss 0.00018518|val_loss 0.00020081
Epoch 1124|time: 0.06s|train_loss 0.00017228|val_loss 0.00020976
Epoch 1125|time: 0.06s|train_loss 0.00016672|val_loss 0.00020134
Epoch 1126|time: 0.06s|train_loss 0.00018060|val_loss 0.00021153
Epoch 1127|time: 0.06s|train_loss 0.00018096|val_loss 0.00020117
Epoch 1128|time: 0.06s|train_loss 0.00016760|val_loss 0.00020590
Epoch 1129|time: 0.06s|train_loss 0.00016608|val_loss 0.00020430
Epoch 1130|time: 0.06s|train_loss 0.00016507|val_loss 0.00020068
Epoch 1131|time: 0.06s|train_loss 0.00017080|val_loss 0.00020917
Epoch 1132|time: 0.06s|train_loss 0.00016492|val_loss 0.00020132
Final evaluation
TEST MAE 0.3620 | std 0.1253 | RMSE 0.5969 | RMSEs 0.5644 | PCC 0.8612 | PCCs 0.8160 | R2 0.5998 | R2s 0.3712 | Var 0.6274 | Vars 0.4380 | Peak 0.2314
