--------Parameters--------
Namespace(batch=32, bi=False, check_point=1, cuda=False, dataset='us_hhs', dropout=0.2, epilambda=0.2, epochs=1500, gpu=3, hidsp=15, horizon=4, k=10, lamda=0.01, lr=0.005, model='cola_gnn', mylog=True, n_hidden=10, n_layer=1, patience=200, rnn_model='RNN', save_dir='save', seed=42, shuffle=False, sim_mat='us_hhs-adj', test=0.2, train=0.6, val=0.2, weight_decay=0.0005, window=20)
--------------------------
data shape (364, 10)
364 10
(364, 10)
size of train/val/test sets 195 73 73
#params: 1103
begin training
Epoch   1|time: 0.08s|train_loss 0.00078782|val_loss 0.00068725
Best validation epoch: 1 Sat May 13 01:00:48 2023
TEST MAE 0.9341 std 0.4122 RMSE 1.2102 RMSEs 1.1173 PCC 0.5441 PCCs 0.5357 R2 -0.6453 R2s -1.1484 Var 0.2822 Vars 0.2839 Peak 0.5561
Epoch   2|time: 0.06s|train_loss 0.00050438|val_loss 0.00062276
Best validation epoch: 2 Sat May 13 01:00:48 2023
TEST MAE 0.6163 std 0.3369 RMSE 0.8644 RMSEs 0.7842 PCC 0.7450 PCCs 0.7525 R2 0.1606 R2s -0.0570 Var 0.5407 Vars 0.5482 Peak 0.3541
Epoch   3|time: 0.06s|train_loss 0.00047882|val_loss 0.00043082
Best validation epoch: 3 Sat May 13 01:00:48 2023
TEST MAE 0.5220 std 0.1275 RMSE 0.6436 RMSEs 0.6255 PCC 0.7930 PCCs 0.7679 R2 0.5347 R2s 0.2243 Var 0.6279 Vars 0.5747 Peak 0.2041
Epoch   4|time: 0.06s|train_loss 0.00039549|val_loss 0.00037698
Best validation epoch: 4 Sat May 13 01:00:48 2023
TEST MAE 0.3818 std 0.1388 RMSE 0.5851 RMSEs 0.5566 PCC 0.8087 PCCs 0.7309 R2 0.6154 R2s 0.4532 Var 0.6514 Vars 0.5213 Peak 0.2349
Epoch   5|time: 0.06s|train_loss 0.00033804|val_loss 0.00035620
Best validation epoch: 5 Sat May 13 01:00:48 2023
TEST MAE 0.3676 std 0.1475 RMSE 0.5852 RMSEs 0.5517 PCC 0.8322 PCCs 0.7699 R2 0.6153 R2s 0.4663 Var 0.6795 Vars 0.5732 Peak 0.2374
Epoch   6|time: 0.06s|train_loss 0.00030754|val_loss 0.00031885
Best validation epoch: 6 Sat May 13 01:00:48 2023
TEST MAE 0.3485 std 0.1023 RMSE 0.5183 RMSEs 0.4942 PCC 0.8447 PCCs 0.7990 R2 0.6982 R2s 0.5645 Var 0.6997 Vars 0.6057 Peak 0.1982
Epoch   7|time: 0.06s|train_loss 0.00033967|val_loss 0.00029822
Best validation epoch: 7 Sat May 13 01:00:48 2023
TEST MAE 0.3434 std 0.0772 RMSE 0.4804 RMSEs 0.4662 PCC 0.8631 PCCs 0.8082 R2 0.7407 R2s 0.6013 Var 0.7438 Vars 0.6355 Peak 0.1745
Epoch   8|time: 0.06s|train_loss 0.00036932|val_loss 0.00037375
Epoch   9|time: 0.06s|train_loss 0.00029495|val_loss 0.00030210
Epoch  10|time: 0.06s|train_loss 0.00032402|val_loss 0.00028962
Best validation epoch: 10 Sat May 13 01:00:48 2023
TEST MAE 0.3119 std 0.0980 RMSE 0.4868 RMSEs 0.4653 PCC 0.8684 PCCs 0.8180 R2 0.7338 R2s 0.6132 Var 0.7428 Vars 0.6425 Peak 0.1863
Epoch  11|time: 0.06s|train_loss 0.00027589|val_loss 0.00029863
Epoch  12|time: 0.06s|train_loss 0.00027245|val_loss 0.00030484
Epoch  13|time: 0.06s|train_loss 0.00028149|val_loss 0.00027146
Best validation epoch: 13 Sat May 13 01:00:49 2023
TEST MAE 0.3212 std 0.0890 RMSE 0.4982 RMSEs 0.4807 PCC 0.8662 PCCs 0.8041 R2 0.7212 R2s 0.5813 Var 0.7331 Vars 0.6124 Peak 0.1920
Epoch  14|time: 0.06s|train_loss 0.00031109|val_loss 0.00026401
Best validation epoch: 14 Sat May 13 01:00:49 2023
TEST MAE 0.3141 std 0.0816 RMSE 0.4755 RMSEs 0.4607 PCC 0.8713 PCCs 0.8083 R2 0.7460 R2s 0.6122 Var 0.7515 Vars 0.6308 Peak 0.1781
Epoch  15|time: 0.06s|train_loss 0.00024807|val_loss 0.00026472
Epoch  16|time: 0.06s|train_loss 0.00024768|val_loss 0.00025569
Best validation epoch: 16 Sat May 13 01:00:49 2023
TEST MAE 0.2981 std 0.0826 RMSE 0.4433 RMSEs 0.4293 PCC 0.8834 PCCs 0.8323 R2 0.7793 R2s 0.6630 Var 0.7802 Vars 0.6768 Peak 0.1658
Epoch  17|time: 0.06s|train_loss 0.00026401|val_loss 0.00027231
Epoch  18|time: 0.06s|train_loss 0.00029705|val_loss 0.00028141
Epoch  19|time: 0.06s|train_loss 0.00027356|val_loss 0.00026329
Epoch  20|time: 0.06s|train_loss 0.00027285|val_loss 0.00029510
Epoch  21|time: 0.06s|train_loss 0.00030054|val_loss 0.00026900
Epoch  22|time: 0.06s|train_loss 0.00024403|val_loss 0.00027785
Epoch  23|time: 0.06s|train_loss 0.00026391|val_loss 0.00025853
Epoch  24|time: 0.06s|train_loss 0.00026170|val_loss 0.00026550
Epoch  25|time: 0.06s|train_loss 0.00027270|val_loss 0.00025496
Best validation epoch: 25 Sat May 13 01:00:49 2023
TEST MAE 0.2791 std 0.0874 RMSE 0.4320 RMSEs 0.4146 PCC 0.8917 PCCs 0.8525 R2 0.7903 R2s 0.6908 Var 0.7940 Vars 0.7097 Peak 0.1635
Epoch  26|time: 0.06s|train_loss 0.00027882|val_loss 0.00026493
Epoch  27|time: 0.06s|train_loss 0.00033354|val_loss 0.00024314
Best validation epoch: 27 Sat May 13 01:00:49 2023
TEST MAE 0.3140 std 0.0979 RMSE 0.4483 RMSEs 0.4300 PCC 0.8939 PCCs 0.8537 R2 0.7742 R2s 0.6596 Var 0.7849 Vars 0.6919 Peak 0.1682
Epoch  28|time: 0.06s|train_loss 0.00025975|val_loss 0.00028618
Epoch  29|time: 0.06s|train_loss 0.00023755|val_loss 0.00027801
Epoch  30|time: 0.06s|train_loss 0.00026913|val_loss 0.00025049
Epoch  31|time: 0.06s|train_loss 0.00024768|val_loss 0.00024232
Best validation epoch: 31 Sat May 13 01:00:50 2023
TEST MAE 0.2756 std 0.0902 RMSE 0.4168 RMSEs 0.4012 PCC 0.8981 PCCs 0.8558 R2 0.8048 R2s 0.7062 Var 0.8049 Vars 0.7134 Peak 0.1598
Epoch  32|time: 0.06s|train_loss 0.00024628|val_loss 0.00025300
Epoch  33|time: 0.06s|train_loss 0.00023561|val_loss 0.00025909
Epoch  34|time: 0.06s|train_loss 0.00024012|val_loss 0.00027627
Epoch  35|time: 0.06s|train_loss 0.00024587|val_loss 0.00024269
Epoch  36|time: 0.06s|train_loss 0.00022597|val_loss 0.00025935
Epoch  37|time: 0.06s|train_loss 0.00023838|val_loss 0.00024604
Epoch  38|time: 0.06s|train_loss 0.00024371|val_loss 0.00024885
Epoch  39|time: 0.06s|train_loss 0.00024425|val_loss 0.00023914
Best validation epoch: 39 Sat May 13 01:00:50 2023
TEST MAE 0.2821 std 0.0937 RMSE 0.4187 RMSEs 0.4009 PCC 0.9002 PCCs 0.8634 R2 0.8030 R2s 0.7070 Var 0.8054 Vars 0.7216 Peak 0.1598
Epoch  40|time: 0.06s|train_loss 0.00023076|val_loss 0.00023472
Best validation epoch: 40 Sat May 13 01:00:50 2023
TEST MAE 0.3045 std 0.0939 RMSE 0.4405 RMSEs 0.4218 PCC 0.9007 PCCs 0.8633 R2 0.7820 R2s 0.6700 Var 0.7973 Vars 0.7109 Peak 0.1653
Epoch  41|time: 0.06s|train_loss 0.00027319|val_loss 0.00024342
Epoch  42|time: 0.06s|train_loss 0.00026161|val_loss 0.00024694
Epoch  43|time: 0.06s|train_loss 0.00022706|val_loss 0.00025351
Epoch  44|time: 0.06s|train_loss 0.00023237|val_loss 0.00024149
Epoch  45|time: 0.06s|train_loss 0.00024757|val_loss 0.00025622
Epoch  46|time: 0.06s|train_loss 0.00025509|val_loss 0.00026272
Epoch  47|time: 0.06s|train_loss 0.00023567|val_loss 0.00028060
Epoch  48|time: 0.06s|train_loss 0.00022952|val_loss 0.00027842
Epoch  49|time: 0.06s|train_loss 0.00027713|val_loss 0.00024177
Epoch  50|time: 0.06s|train_loss 0.00022777|val_loss 0.00023410
Best validation epoch: 50 Sat May 13 01:00:51 2023
TEST MAE 0.2780 std 0.1017 RMSE 0.4237 RMSEs 0.4024 PCC 0.9015 PCCs 0.8668 R2 0.7984 R2s 0.7052 Var 0.7992 Vars 0.7138 Peak 0.1622
Epoch  51|time: 0.06s|train_loss 0.00024792|val_loss 0.00023648
Epoch  52|time: 0.07s|train_loss 0.00028073|val_loss 0.00025143
Epoch  53|time: 0.06s|train_loss 0.00023945|val_loss 0.00023060
Best validation epoch: 53 Sat May 13 01:00:51 2023
TEST MAE 0.2906 std 0.1084 RMSE 0.4378 RMSEs 0.4143 PCC 0.9017 PCCs 0.8648 R2 0.7847 R2s 0.6851 Var 0.7891 Vars 0.6989 Peak 0.1654
Epoch  54|time: 0.06s|train_loss 0.00024874|val_loss 0.00030295
Epoch  55|time: 0.06s|train_loss 0.00028167|val_loss 0.00024753
Epoch  56|time: 0.06s|train_loss 0.00025278|val_loss 0.00022828
Best validation epoch: 56 Sat May 13 01:00:51 2023
TEST MAE 0.2764 std 0.0883 RMSE 0.4138 RMSEs 0.3985 PCC 0.9002 PCCs 0.8586 R2 0.8076 R2s 0.7091 Var 0.8077 Vars 0.7168 Peak 0.1576
Epoch  57|time: 0.06s|train_loss 0.00022967|val_loss 0.00024665
Epoch  58|time: 0.06s|train_loss 0.00023393|val_loss 0.00023125
Epoch  59|time: 0.06s|train_loss 0.00023858|val_loss 0.00023624
Epoch  60|time: 0.09s|train_loss 0.00026376|val_loss 0.00022878
Epoch  61|time: 0.06s|train_loss 0.00026939|val_loss 0.00023626
Epoch  62|time: 0.06s|train_loss 0.00024345|val_loss 0.00024442
Epoch  63|time: 0.06s|train_loss 0.00021737|val_loss 0.00024348
Epoch  64|time: 0.06s|train_loss 0.00021937|val_loss 0.00022894
Epoch  65|time: 0.06s|train_loss 0.00021760|val_loss 0.00025788
Epoch  66|time: 0.06s|train_loss 0.00021585|val_loss 0.00026444
Epoch  67|time: 0.06s|train_loss 0.00021634|val_loss 0.00026199
Epoch  68|time: 0.06s|train_loss 0.00023173|val_loss 0.00024644
Epoch  69|time: 0.06s|train_loss 0.00022810|val_loss 0.00023554
Epoch  70|time: 0.06s|train_loss 0.00024131|val_loss 0.00023694
Epoch  71|time: 0.06s|train_loss 0.00023237|val_loss 0.00022670
Best validation epoch: 71 Sat May 13 01:00:52 2023
TEST MAE 0.2692 std 0.0905 RMSE 0.4105 RMSEs 0.3926 PCC 0.9027 PCCs 0.8674 R2 0.8107 R2s 0.7201 Var 0.8114 Vars 0.7305 Peak 0.1561
Epoch  72|time: 0.06s|train_loss 0.00022363|val_loss 0.00028662
Epoch  73|time: 0.06s|train_loss 0.00023560|val_loss 0.00024740
Epoch  74|time: 0.06s|train_loss 0.00023887|val_loss 0.00024529
Epoch  75|time: 0.06s|train_loss 0.00024037|val_loss 0.00024436
Epoch  76|time: 0.06s|train_loss 0.00026342|val_loss 0.00025967
Epoch  77|time: 0.06s|train_loss 0.00033569|val_loss 0.00026223
Epoch  78|time: 0.06s|train_loss 0.00028263|val_loss 0.00035732
Epoch  79|time: 0.06s|train_loss 0.00028211|val_loss 0.00025172
Epoch  80|time: 0.06s|train_loss 0.00024450|val_loss 0.00024867
Epoch  81|time: 0.06s|train_loss 0.00023964|val_loss 0.00023472
Epoch  82|time: 0.06s|train_loss 0.00024310|val_loss 0.00028923
Epoch  83|time: 0.06s|train_loss 0.00029405|val_loss 0.00025611
Epoch  84|time: 0.06s|train_loss 0.00025112|val_loss 0.00022985
Epoch  85|time: 0.06s|train_loss 0.00023893|val_loss 0.00028254
Epoch  86|time: 0.06s|train_loss 0.00022140|val_loss 0.00024348
Epoch  87|time: 0.06s|train_loss 0.00022830|val_loss 0.00022779
Epoch  88|time: 0.06s|train_loss 0.00021938|val_loss 0.00023658
Epoch  89|time: 0.06s|train_loss 0.00024227|val_loss 0.00023320
Epoch  90|time: 0.06s|train_loss 0.00023870|val_loss 0.00024418
Epoch  91|time: 0.06s|train_loss 0.00023316|val_loss 0.00022495
Best validation epoch: 91 Sat May 13 01:00:54 2023
TEST MAE 0.2751 std 0.0931 RMSE 0.4198 RMSEs 0.4005 PCC 0.9030 PCCs 0.8717 R2 0.8020 R2s 0.7047 Var 0.8044 Vars 0.7213 Peak 0.1596
Epoch  92|time: 0.06s|train_loss 0.00022272|val_loss 0.00024457
Epoch  93|time: 0.06s|train_loss 0.00021645|val_loss 0.00025132
Epoch  94|time: 0.06s|train_loss 0.00022046|val_loss 0.00022482
Best validation epoch: 94 Sat May 13 01:00:54 2023
TEST MAE 0.2722 std 0.0931 RMSE 0.4191 RMSEs 0.3997 PCC 0.9010 PCCs 0.8682 R2 0.8027 R2s 0.7095 Var 0.8027 Vars 0.7176 Peak 0.1588
Epoch  95|time: 0.06s|train_loss 0.00023631|val_loss 0.00022867
Epoch  96|time: 0.06s|train_loss 0.00023163|val_loss 0.00025259
Epoch  97|time: 0.06s|train_loss 0.00025290|val_loss 0.00029222
Epoch  98|time: 0.06s|train_loss 0.00022878|val_loss 0.00025853
Epoch  99|time: 0.06s|train_loss 0.00023835|val_loss 0.00023123
Epoch 100|time: 0.06s|train_loss 0.00022334|val_loss 0.00023417
Epoch 101|time: 0.06s|train_loss 0.00024722|val_loss 0.00022816
Epoch 102|time: 0.06s|train_loss 0.00027336|val_loss 0.00025041
Epoch 103|time: 0.06s|train_loss 0.00023326|val_loss 0.00023835
Epoch 104|time: 0.06s|train_loss 0.00023038|val_loss 0.00023290
Epoch 105|time: 0.06s|train_loss 0.00022047|val_loss 0.00022995
Epoch 106|time: 0.06s|train_loss 0.00023428|val_loss 0.00024482
Epoch 107|time: 0.06s|train_loss 0.00023444|val_loss 0.00024736
Epoch 108|time: 0.06s|train_loss 0.00022269|val_loss 0.00023500
Epoch 109|time: 0.06s|train_loss 0.00025696|val_loss 0.00022934
Epoch 110|time: 0.06s|train_loss 0.00021336|val_loss 0.00022596
Epoch 111|time: 0.06s|train_loss 0.00022554|val_loss 0.00022126
Best validation epoch: 111 Sat May 13 01:00:55 2023
TEST MAE 0.2745 std 0.0990 RMSE 0.4258 RMSEs 0.4033 PCC 0.9032 PCCs 0.8733 R2 0.7963 R2s 0.7017 Var 0.8004 Vars 0.7198 Peak 0.1602
Epoch 112|time: 0.06s|train_loss 0.00023444|val_loss 0.00024673
Epoch 113|time: 0.06s|train_loss 0.00022346|val_loss 0.00023755
Epoch 114|time: 0.06s|train_loss 0.00021914|val_loss 0.00022709
Epoch 115|time: 0.06s|train_loss 0.00021795|val_loss 0.00022503
Epoch 116|time: 0.06s|train_loss 0.00022232|val_loss 0.00022583
Epoch 117|time: 0.06s|train_loss 0.00024799|val_loss 0.00022496
Epoch 118|time: 0.06s|train_loss 0.00022290|val_loss 0.00023465
Epoch 119|time: 0.06s|train_loss 0.00021134|val_loss 0.00022745
Epoch 120|time: 0.06s|train_loss 0.00024938|val_loss 0.00024261
Epoch 121|time: 0.06s|train_loss 0.00022875|val_loss 0.00024789
Epoch 122|time: 0.06s|train_loss 0.00024355|val_loss 0.00022821
Epoch 123|time: 0.06s|train_loss 0.00024520|val_loss 0.00022950
Epoch 124|time: 0.06s|train_loss 0.00026200|val_loss 0.00023536
Epoch 125|time: 0.06s|train_loss 0.00023439|val_loss 0.00029544
Epoch 126|time: 0.06s|train_loss 0.00024911|val_loss 0.00024832
Epoch 127|time: 0.06s|train_loss 0.00027424|val_loss 0.00023099
Epoch 128|time: 0.06s|train_loss 0.00023211|val_loss 0.00024349
Epoch 129|time: 0.06s|train_loss 0.00021480|val_loss 0.00024973
Epoch 130|time: 0.06s|train_loss 0.00023586|val_loss 0.00024235
Epoch 131|time: 0.06s|train_loss 0.00020530|val_loss 0.00022323
Epoch 132|time: 0.06s|train_loss 0.00023819|val_loss 0.00022062
Best validation epoch: 132 Sat May 13 01:00:56 2023
TEST MAE 0.2725 std 0.0973 RMSE 0.4239 RMSEs 0.4041 PCC 0.9006 PCCs 0.8675 R2 0.7982 R2s 0.7007 Var 0.7993 Vars 0.7117 Peak 0.1603
Epoch 133|time: 0.06s|train_loss 0.00021133|val_loss 0.00022273
Epoch 134|time: 0.06s|train_loss 0.00023919|val_loss 0.00023262
Epoch 135|time: 0.06s|train_loss 0.00026635|val_loss 0.00021571
Best validation epoch: 135 Sat May 13 01:00:57 2023
TEST MAE 0.2952 std 0.1034 RMSE 0.4510 RMSEs 0.4274 PCC 0.9014 PCCs 0.8710 R2 0.7715 R2s 0.6597 Var 0.7857 Vars 0.6968 Peak 0.1700
Epoch 136|time: 0.06s|train_loss 0.00025616|val_loss 0.00026262
Epoch 137|time: 0.06s|train_loss 0.00023362|val_loss 0.00024376
Epoch 138|time: 0.06s|train_loss 0.00022800|val_loss 0.00023310
Epoch 139|time: 0.06s|train_loss 0.00021675|val_loss 0.00023382
Epoch 140|time: 0.06s|train_loss 0.00024740|val_loss 0.00028042
Epoch 141|time: 0.06s|train_loss 0.00023572|val_loss 0.00024454
Epoch 142|time: 0.06s|train_loss 0.00022945|val_loss 0.00021738
Epoch 143|time: 0.06s|train_loss 0.00023292|val_loss 0.00024412
Epoch 144|time: 0.06s|train_loss 0.00023808|val_loss 0.00023037
Epoch 145|time: 0.06s|train_loss 0.00022648|val_loss 0.00021767
Epoch 146|time: 0.06s|train_loss 0.00020194|val_loss 0.00023231
Epoch 147|time: 0.06s|train_loss 0.00022738|val_loss 0.00022259
Epoch 148|time: 0.06s|train_loss 0.00023428|val_loss 0.00022233
Epoch 149|time: 0.06s|train_loss 0.00022141|val_loss 0.00024240
Epoch 150|time: 0.06s|train_loss 0.00021009|val_loss 0.00022889
Epoch 151|time: 0.06s|train_loss 0.00028011|val_loss 0.00024828
Epoch 152|time: 0.06s|train_loss 0.00030346|val_loss 0.00033040
Epoch 153|time: 0.06s|train_loss 0.00024169|val_loss 0.00022762
Epoch 154|time: 0.06s|train_loss 0.00021821|val_loss 0.00023049
Epoch 155|time: 0.06s|train_loss 0.00022878|val_loss 0.00023084
Epoch 156|time: 0.07s|train_loss 0.00021493|val_loss 0.00021579
Epoch 157|time: 0.06s|train_loss 0.00021967|val_loss 0.00022885
Epoch 158|time: 0.07s|train_loss 0.00022683|val_loss 0.00023718
Epoch 159|time: 0.06s|train_loss 0.00021267|val_loss 0.00021648
Epoch 160|time: 0.06s|train_loss 0.00019922|val_loss 0.00021281
Best validation epoch: 160 Sat May 13 01:00:58 2023
TEST MAE 0.2778 std 0.0990 RMSE 0.4407 RMSEs 0.4169 PCC 0.9008 PCCs 0.8722 R2 0.7819 R2s 0.6785 Var 0.7867 Vars 0.6983 Peak 0.1667
Epoch 161|time: 0.06s|train_loss 0.00021987|val_loss 0.00022868
Epoch 162|time: 0.06s|train_loss 0.00023204|val_loss 0.00021678
Epoch 163|time: 0.06s|train_loss 0.00022559|val_loss 0.00022822
Epoch 164|time: 0.06s|train_loss 0.00023145|val_loss 0.00022027
Epoch 165|time: 0.06s|train_loss 0.00020693|val_loss 0.00021243
Best validation epoch: 165 Sat May 13 01:00:58 2023
TEST MAE 0.3044 std 0.1077 RMSE 0.4713 RMSEs 0.4490 PCC 0.8917 PCCs 0.8606 R2 0.7505 R2s 0.6172 Var 0.7560 Vars 0.6411 Peak 0.1796
Epoch 166|time: 0.06s|train_loss 0.00021794|val_loss 0.00021738
Epoch 167|time: 0.06s|train_loss 0.00020967|val_loss 0.00022079
Epoch 168|time: 0.06s|train_loss 0.00020266|val_loss 0.00022195
Epoch 169|time: 0.06s|train_loss 0.00020486|val_loss 0.00022144
Epoch 170|time: 0.06s|train_loss 0.00020268|val_loss 0.00022282
Epoch 171|time: 0.06s|train_loss 0.00020724|val_loss 0.00026103
Epoch 172|time: 0.06s|train_loss 0.00022121|val_loss 0.00022992
Epoch 173|time: 0.06s|train_loss 0.00025110|val_loss 0.00021197
Best validation epoch: 173 Sat May 13 01:00:59 2023
TEST MAE 0.3050 std 0.1198 RMSE 0.4815 RMSEs 0.4508 PCC 0.9005 PCCs 0.8783 R2 0.7396 R2s 0.6148 Var 0.7539 Vars 0.6547 Peak 0.1821
Epoch 174|time: 0.06s|train_loss 0.00024691|val_loss 0.00025013
Epoch 175|time: 0.06s|train_loss 0.00023626|val_loss 0.00021869
Epoch 176|time: 0.06s|train_loss 0.00022702|val_loss 0.00021746
Epoch 177|time: 0.06s|train_loss 0.00021123|val_loss 0.00022042
Epoch 178|time: 0.06s|train_loss 0.00020050|val_loss 0.00021086
Best validation epoch: 178 Sat May 13 01:00:59 2023
TEST MAE 0.2892 std 0.1070 RMSE 0.4640 RMSEs 0.4366 PCC 0.8998 PCCs 0.8759 R2 0.7582 R2s 0.6407 Var 0.7718 Vars 0.6809 Peak 0.1756
Epoch 179|time: 0.06s|train_loss 0.00021748|val_loss 0.00024117
Epoch 180|time: 0.06s|train_loss 0.00019956|val_loss 0.00022015
Epoch 181|time: 0.06s|train_loss 0.00024634|val_loss 0.00021589
Epoch 182|time: 0.06s|train_loss 0.00021786|val_loss 0.00022584
Epoch 183|time: 0.06s|train_loss 0.00020424|val_loss 0.00021100
Epoch 184|time: 0.06s|train_loss 0.00020465|val_loss 0.00021976
Epoch 185|time: 0.06s|train_loss 0.00020461|val_loss 0.00021091
Epoch 186|time: 0.06s|train_loss 0.00019649|val_loss 0.00021018
Best validation epoch: 186 Sat May 13 01:01:00 2023
TEST MAE 0.2853 std 0.1005 RMSE 0.4483 RMSEs 0.4255 PCC 0.9002 PCCs 0.8694 R2 0.7742 R2s 0.6591 Var 0.7811 Vars 0.6832 Peak 0.1679
Epoch 187|time: 0.06s|train_loss 0.00021563|val_loss 0.00021447
Epoch 188|time: 0.06s|train_loss 0.00021883|val_loss 0.00020743
Best validation epoch: 188 Sat May 13 01:01:00 2023
TEST MAE 0.3048 std 0.1086 RMSE 0.4747 RMSEs 0.4497 PCC 0.8992 PCCs 0.8736 R2 0.7469 R2s 0.6109 Var 0.7673 Vars 0.6669 Peak 0.1797
Epoch 189|time: 0.06s|train_loss 0.00023668|val_loss 0.00030430
Epoch 190|time: 0.06s|train_loss 0.00025396|val_loss 0.00023056
Epoch 191|time: 0.06s|train_loss 0.00021663|val_loss 0.00022619
Epoch 192|time: 0.06s|train_loss 0.00022175|val_loss 0.00020966
Epoch 193|time: 0.06s|train_loss 0.00022582|val_loss 0.00022674
Epoch 194|time: 0.06s|train_loss 0.00024424|val_loss 0.00021616
Epoch 195|time: 0.06s|train_loss 0.00021513|val_loss 0.00022351
Epoch 196|time: 0.06s|train_loss 0.00021427|val_loss 0.00022204
Epoch 197|time: 0.06s|train_loss 0.00023523|val_loss 0.00022424
Epoch 198|time: 0.06s|train_loss 0.00021588|val_loss 0.00020874
Epoch 199|time: 0.06s|train_loss 0.00020831|val_loss 0.00021406
Epoch 200|time: 0.06s|train_loss 0.00021274|val_loss 0.00022566
Epoch 201|time: 0.06s|train_loss 0.00021335|val_loss 0.00022822
Epoch 202|time: 0.06s|train_loss 0.00020407|val_loss 0.00020913
Epoch 203|time: 0.06s|train_loss 0.00025967|val_loss 0.00022478
Epoch 204|time: 0.06s|train_loss 0.00029360|val_loss 0.00021884
Epoch 205|time: 0.06s|train_loss 0.00023050|val_loss 0.00026053
Epoch 206|time: 0.06s|train_loss 0.00020595|val_loss 0.00022287
Epoch 207|time: 0.06s|train_loss 0.00021365|val_loss 0.00021552
Epoch 208|time: 0.06s|train_loss 0.00024713|val_loss 0.00020206
Best validation epoch: 208 Sat May 13 01:01:01 2023
TEST MAE 0.4555 std 0.1632 RMSE 0.6731 RMSEs 0.6357 PCC 0.8837 PCCs 0.8641 R2 0.4910 R2s 0.1675 Var 0.6297 Vars 0.4600 Peak 0.2601
Epoch 209|time: 0.06s|train_loss 0.00023654|val_loss 0.00023781
Epoch 210|time: 0.06s|train_loss 0.00020469|val_loss 0.00023397
Epoch 211|time: 0.06s|train_loss 0.00020627|val_loss 0.00020733
Epoch 212|time: 0.06s|train_loss 0.00022363|val_loss 0.00023496
Epoch 213|time: 0.06s|train_loss 0.00021422|val_loss 0.00022795
Epoch 214|time: 0.06s|train_loss 0.00023108|val_loss 0.00022263
Epoch 215|time: 0.06s|train_loss 0.00022799|val_loss 0.00032618
Epoch 216|time: 0.06s|train_loss 0.00023287|val_loss 0.00022448
Epoch 217|time: 0.06s|train_loss 0.00023329|val_loss 0.00021049
Epoch 218|time: 0.06s|train_loss 0.00022370|val_loss 0.00027533
Epoch 219|time: 0.06s|train_loss 0.00022973|val_loss 0.00022499
Epoch 220|time: 0.06s|train_loss 0.00022193|val_loss 0.00023197
Epoch 221|time: 0.06s|train_loss 0.00019986|val_loss 0.00020575
Epoch 222|time: 0.06s|train_loss 0.00021291|val_loss 0.00020951
Epoch 223|time: 0.06s|train_loss 0.00019918|val_loss 0.00022042
Epoch 224|time: 0.06s|train_loss 0.00020642|val_loss 0.00020425
Epoch 225|time: 0.06s|train_loss 0.00022451|val_loss 0.00021096
Epoch 226|time: 0.06s|train_loss 0.00021726|val_loss 0.00022275
Epoch 227|time: 0.06s|train_loss 0.00020352|val_loss 0.00023182
Epoch 228|time: 0.06s|train_loss 0.00021079|val_loss 0.00021446
Epoch 229|time: 0.06s|train_loss 0.00021017|val_loss 0.00020768
Epoch 230|time: 0.06s|train_loss 0.00020545|val_loss 0.00022074
Epoch 231|time: 0.06s|train_loss 0.00022681|val_loss 0.00021373
Epoch 232|time: 0.06s|train_loss 0.00024254|val_loss 0.00026422
Epoch 233|time: 0.06s|train_loss 0.00022023|val_loss 0.00024470
Epoch 234|time: 0.06s|train_loss 0.00021806|val_loss 0.00021010
Epoch 235|time: 0.06s|train_loss 0.00021857|val_loss 0.00022598
Epoch 236|time: 0.06s|train_loss 0.00021712|val_loss 0.00021983
Epoch 237|time: 0.06s|train_loss 0.00020174|val_loss 0.00020757
Epoch 238|time: 0.06s|train_loss 0.00021404|val_loss 0.00020654
Epoch 239|time: 0.06s|train_loss 0.00020147|val_loss 0.00024345
Epoch 240|time: 0.06s|train_loss 0.00023001|val_loss 0.00021369
Epoch 241|time: 0.06s|train_loss 0.00020222|val_loss 0.00021734
Epoch 242|time: 0.06s|train_loss 0.00024719|val_loss 0.00021215
Epoch 243|time: 0.06s|train_loss 0.00021255|val_loss 0.00024845
Epoch 244|time: 0.06s|train_loss 0.00020772|val_loss 0.00021170
Epoch 245|time: 0.06s|train_loss 0.00022288|val_loss 0.00021795
Epoch 246|time: 0.06s|train_loss 0.00019312|val_loss 0.00022609
Epoch 247|time: 0.06s|train_loss 0.00021181|val_loss 0.00021925
Epoch 248|time: 0.06s|train_loss 0.00022074|val_loss 0.00020819
Epoch 249|time: 0.06s|train_loss 0.00021064|val_loss 0.00021423
Epoch 250|time: 0.06s|train_loss 0.00022984|val_loss 0.00022991
Epoch 251|time: 0.06s|train_loss 0.00023030|val_loss 0.00020416
Epoch 252|time: 0.06s|train_loss 0.00022054|val_loss 0.00021039
Epoch 253|time: 0.06s|train_loss 0.00022107|val_loss 0.00023152
Epoch 254|time: 0.06s|train_loss 0.00022086|val_loss 0.00023060
Epoch 255|time: 0.06s|train_loss 0.00022886|val_loss 0.00025067
Epoch 256|time: 0.06s|train_loss 0.00022427|val_loss 0.00027062
Epoch 257|time: 0.06s|train_loss 0.00022448|val_loss 0.00021325
Epoch 258|time: 0.06s|train_loss 0.00025168|val_loss 0.00022926
Epoch 259|time: 0.06s|train_loss 0.00021599|val_loss 0.00027162
Epoch 260|time: 0.06s|train_loss 0.00020640|val_loss 0.00021309
Epoch 261|time: 0.06s|train_loss 0.00020120|val_loss 0.00021793
Epoch 262|time: 0.06s|train_loss 0.00020432|val_loss 0.00022440
Epoch 263|time: 0.06s|train_loss 0.00021100|val_loss 0.00021442
Epoch 264|time: 0.06s|train_loss 0.00022502|val_loss 0.00022579
Epoch 265|time: 0.06s|train_loss 0.00021863|val_loss 0.00021082
Epoch 266|time: 0.06s|train_loss 0.00021402|val_loss 0.00022512
Epoch 267|time: 0.06s|train_loss 0.00022244|val_loss 0.00020882
Epoch 268|time: 0.06s|train_loss 0.00019957|val_loss 0.00026560
Epoch 269|time: 0.06s|train_loss 0.00022705|val_loss 0.00020527
Epoch 270|time: 0.06s|train_loss 0.00022532|val_loss 0.00021242
Epoch 271|time: 0.06s|train_loss 0.00021370|val_loss 0.00023988
Epoch 272|time: 0.06s|train_loss 0.00020468|val_loss 0.00021591
Epoch 273|time: 0.06s|train_loss 0.00022254|val_loss 0.00022780
Epoch 274|time: 0.06s|train_loss 0.00021427|val_loss 0.00021446
Epoch 275|time: 0.06s|train_loss 0.00020489|val_loss 0.00021505
Epoch 276|time: 0.06s|train_loss 0.00020371|val_loss 0.00021315
Epoch 277|time: 0.06s|train_loss 0.00022851|val_loss 0.00022290
Epoch 278|time: 0.06s|train_loss 0.00019993|val_loss 0.00021560
Epoch 279|time: 0.06s|train_loss 0.00024273|val_loss 0.00021308
Epoch 280|time: 0.06s|train_loss 0.00023688|val_loss 0.00027804
Epoch 281|time: 0.06s|train_loss 0.00026349|val_loss 0.00028010
Epoch 282|time: 0.06s|train_loss 0.00028824|val_loss 0.00024475
Epoch 283|time: 0.06s|train_loss 0.00021020|val_loss 0.00023460
Epoch 284|time: 0.06s|train_loss 0.00021173|val_loss 0.00022204
Epoch 285|time: 0.06s|train_loss 0.00021028|val_loss 0.00021470
Epoch 286|time: 0.06s|train_loss 0.00023259|val_loss 0.00020256
Epoch 287|time: 0.06s|train_loss 0.00018870|val_loss 0.00022356
Epoch 288|time: 0.06s|train_loss 0.00019719|val_loss 0.00021443
Epoch 289|time: 0.06s|train_loss 0.00019721|val_loss 0.00021771
Epoch 290|time: 0.06s|train_loss 0.00021807|val_loss 0.00022842
Epoch 291|time: 0.06s|train_loss 0.00019707|val_loss 0.00021928
Epoch 292|time: 0.06s|train_loss 0.00020080|val_loss 0.00024378
Epoch 293|time: 0.06s|train_loss 0.00021429|val_loss 0.00021603
Epoch 294|time: 0.06s|train_loss 0.00022418|val_loss 0.00021779
Epoch 295|time: 0.06s|train_loss 0.00021351|val_loss 0.00022189
Epoch 296|time: 0.06s|train_loss 0.00020220|val_loss 0.00020792
Epoch 297|time: 0.06s|train_loss 0.00019935|val_loss 0.00022634
Epoch 298|time: 0.06s|train_loss 0.00019329|val_loss 0.00020574
Epoch 299|time: 0.06s|train_loss 0.00021214|val_loss 0.00021448
Epoch 300|time: 0.06s|train_loss 0.00020236|val_loss 0.00020576
Epoch 301|time: 0.06s|train_loss 0.00019280|val_loss 0.00021354
Epoch 302|time: 0.06s|train_loss 0.00018749|val_loss 0.00020671
Epoch 303|time: 0.06s|train_loss 0.00019864|val_loss 0.00022268
Epoch 304|time: 0.06s|train_loss 0.00019634|val_loss 0.00020556
Epoch 305|time: 0.06s|train_loss 0.00019742|val_loss 0.00020825
Epoch 306|time: 0.06s|train_loss 0.00021246|val_loss 0.00021535
Epoch 307|time: 0.06s|train_loss 0.00019934|val_loss 0.00020263
Epoch 308|time: 0.06s|train_loss 0.00018403|val_loss 0.00021036
Epoch 309|time: 0.06s|train_loss 0.00020228|val_loss 0.00021215
Epoch 310|time: 0.06s|train_loss 0.00018520|val_loss 0.00020933
Epoch 311|time: 0.06s|train_loss 0.00019404|val_loss 0.00020800
Epoch 312|time: 0.06s|train_loss 0.00018348|val_loss 0.00020737
Epoch 313|time: 0.06s|train_loss 0.00018743|val_loss 0.00020339
Epoch 314|time: 0.06s|train_loss 0.00022354|val_loss 0.00020184
Best validation epoch: 314 Sat May 13 01:01:08 2023
TEST MAE 0.3619 std 0.1080 RMSE 0.5544 RMSEs 0.5310 PCC 0.8682 PCCs 0.8212 R2 0.6547 R2s 0.4410 Var 0.6897 Vars 0.5281 Peak 0.2017
Epoch 315|time: 0.06s|train_loss 0.00022447|val_loss 0.00021750
Epoch 316|time: 0.06s|train_loss 0.00020257|val_loss 0.00021042
Epoch 317|time: 0.06s|train_loss 0.00020873|val_loss 0.00021333
Epoch 318|time: 0.06s|train_loss 0.00019504|val_loss 0.00020671
Epoch 319|time: 0.06s|train_loss 0.00019660|val_loss 0.00021926
Epoch 320|time: 0.06s|train_loss 0.00021660|val_loss 0.00023523
Epoch 321|time: 0.06s|train_loss 0.00020134|val_loss 0.00020516
Epoch 322|time: 0.06s|train_loss 0.00021238|val_loss 0.00024108
Epoch 323|time: 0.06s|train_loss 0.00019917|val_loss 0.00021442
Epoch 324|time: 0.06s|train_loss 0.00019335|val_loss 0.00021654
Epoch 325|time: 0.06s|train_loss 0.00021005|val_loss 0.00021702
Epoch 326|time: 0.06s|train_loss 0.00021016|val_loss 0.00025260
Epoch 327|time: 0.06s|train_loss 0.00023607|val_loss 0.00022441
Epoch 328|time: 0.06s|train_loss 0.00024819|val_loss 0.00025968
Epoch 329|time: 0.06s|train_loss 0.00021849|val_loss 0.00021017
Epoch 330|time: 0.06s|train_loss 0.00019980|val_loss 0.00020546
Epoch 331|time: 0.06s|train_loss 0.00018916|val_loss 0.00022816
Epoch 332|time: 0.06s|train_loss 0.00021315|val_loss 0.00022377
Epoch 333|time: 0.06s|train_loss 0.00022872|val_loss 0.00021124
Epoch 334|time: 0.06s|train_loss 0.00023752|val_loss 0.00023893
Epoch 335|time: 0.06s|train_loss 0.00021382|val_loss 0.00023664
Epoch 336|time: 0.06s|train_loss 0.00021155|val_loss 0.00020760
Epoch 337|time: 0.06s|train_loss 0.00019053|val_loss 0.00023229
Epoch 338|time: 0.06s|train_loss 0.00019252|val_loss 0.00021107
Epoch 339|time: 0.06s|train_loss 0.00018634|val_loss 0.00020460
Epoch 340|time: 0.06s|train_loss 0.00020502|val_loss 0.00021460
Epoch 341|time: 0.06s|train_loss 0.00018746|val_loss 0.00020659
Epoch 342|time: 0.06s|train_loss 0.00021050|val_loss 0.00021194
Epoch 343|time: 0.06s|train_loss 0.00018153|val_loss 0.00021206
Epoch 344|time: 0.06s|train_loss 0.00019457|val_loss 0.00020459
Epoch 345|time: 0.06s|train_loss 0.00019467|val_loss 0.00020439
Epoch 346|time: 0.06s|train_loss 0.00019648|val_loss 0.00021061
Epoch 347|time: 0.06s|train_loss 0.00021241|val_loss 0.00020656
Epoch 348|time: 0.06s|train_loss 0.00019732|val_loss 0.00023514
Epoch 349|time: 0.06s|train_loss 0.00023188|val_loss 0.00025908
Epoch 350|time: 0.06s|train_loss 0.00023922|val_loss 0.00022760
Epoch 351|time: 0.06s|train_loss 0.00021413|val_loss 0.00023379
Epoch 352|time: 0.06s|train_loss 0.00020904|val_loss 0.00020105
Best validation epoch: 352 Sat May 13 01:01:10 2023
TEST MAE 0.3316 std 0.1004 RMSE 0.5200 RMSEs 0.4960 PCC 0.8839 PCCs 0.8525 R2 0.6963 R2s 0.5163 Var 0.7297 Vars 0.6048 Peak 0.1820
Epoch 353|time: 0.06s|train_loss 0.00019282|val_loss 0.00020149
Epoch 354|time: 0.06s|train_loss 0.00020689|val_loss 0.00022831
Epoch 355|time: 0.06s|train_loss 0.00020913|val_loss 0.00021481
Epoch 356|time: 0.06s|train_loss 0.00019586|val_loss 0.00020273
Epoch 357|time: 0.06s|train_loss 0.00020903|val_loss 0.00022691
Epoch 358|time: 0.06s|train_loss 0.00018544|val_loss 0.00020264
Epoch 359|time: 0.06s|train_loss 0.00019091|val_loss 0.00020117
Epoch 360|time: 0.06s|train_loss 0.00019153|val_loss 0.00021030
Epoch 361|time: 0.06s|train_loss 0.00019923|val_loss 0.00022440
Epoch 362|time: 0.06s|train_loss 0.00018644|val_loss 0.00020244
Epoch 363|time: 0.06s|train_loss 0.00018184|val_loss 0.00021270
Epoch 364|time: 0.06s|train_loss 0.00020752|val_loss 0.00022223
Epoch 365|time: 0.06s|train_loss 0.00021233|val_loss 0.00021116
Epoch 366|time: 0.06s|train_loss 0.00021330|val_loss 0.00020418
Epoch 367|time: 0.06s|train_loss 0.00021596|val_loss 0.00027656
Epoch 368|time: 0.06s|train_loss 0.00021728|val_loss 0.00022247
Epoch 369|time: 0.06s|train_loss 0.00019657|val_loss 0.00021013
Epoch 370|time: 0.06s|train_loss 0.00021757|val_loss 0.00022036
Epoch 371|time: 0.06s|train_loss 0.00018833|val_loss 0.00020400
Epoch 372|time: 0.06s|train_loss 0.00023845|val_loss 0.00020379
Epoch 373|time: 0.06s|train_loss 0.00021267|val_loss 0.00022221
Epoch 374|time: 0.06s|train_loss 0.00019612|val_loss 0.00020898
Epoch 375|time: 0.06s|train_loss 0.00021073|val_loss 0.00020618
Epoch 376|time: 0.06s|train_loss 0.00022021|val_loss 0.00020516
Epoch 377|time: 0.06s|train_loss 0.00020240|val_loss 0.00024155
Epoch 378|time: 0.06s|train_loss 0.00019690|val_loss 0.00020984
Epoch 379|time: 0.06s|train_loss 0.00018581|val_loss 0.00021060
Epoch 380|time: 0.06s|train_loss 0.00019320|val_loss 0.00021309
Epoch 381|time: 0.06s|train_loss 0.00020047|val_loss 0.00022514
Epoch 382|time: 0.06s|train_loss 0.00019622|val_loss 0.00020963
Epoch 383|time: 0.06s|train_loss 0.00020983|val_loss 0.00022441
Epoch 384|time: 0.06s|train_loss 0.00019737|val_loss 0.00020848
Epoch 385|time: 0.06s|train_loss 0.00020584|val_loss 0.00020664
Epoch 386|time: 0.06s|train_loss 0.00019904|val_loss 0.00020294
Epoch 387|time: 0.06s|train_loss 0.00020491|val_loss 0.00022297
Epoch 388|time: 0.06s|train_loss 0.00020574|val_loss 0.00021107
Epoch 389|time: 0.06s|train_loss 0.00020105|val_loss 0.00021039
Epoch 390|time: 0.06s|train_loss 0.00018911|val_loss 0.00020876
Epoch 391|time: 0.06s|train_loss 0.00018669|val_loss 0.00020551
Epoch 392|time: 0.06s|train_loss 0.00020667|val_loss 0.00020453
Epoch 393|time: 0.06s|train_loss 0.00019591|val_loss 0.00020451
Epoch 394|time: 0.06s|train_loss 0.00021240|val_loss 0.00020726
Epoch 395|time: 0.06s|train_loss 0.00018733|val_loss 0.00022111
Epoch 396|time: 0.06s|train_loss 0.00018648|val_loss 0.00020744
Epoch 397|time: 0.06s|train_loss 0.00019300|val_loss 0.00020171
Epoch 398|time: 0.06s|train_loss 0.00018406|val_loss 0.00020618
Epoch 399|time: 0.06s|train_loss 0.00020485|val_loss 0.00022862
Epoch 400|time: 0.06s|train_loss 0.00018367|val_loss 0.00020728
Epoch 401|time: 0.06s|train_loss 0.00018178|val_loss 0.00020473
Epoch 402|time: 0.06s|train_loss 0.00018872|val_loss 0.00022443
Epoch 403|time: 0.06s|train_loss 0.00020282|val_loss 0.00023368
Epoch 404|time: 0.06s|train_loss 0.00020950|val_loss 0.00020946
Epoch 405|time: 0.06s|train_loss 0.00024522|val_loss 0.00020389
Epoch 406|time: 0.06s|train_loss 0.00020968|val_loss 0.00027745
Epoch 407|time: 0.06s|train_loss 0.00022273|val_loss 0.00023331
Epoch 408|time: 0.06s|train_loss 0.00021483|val_loss 0.00022589
Epoch 409|time: 0.06s|train_loss 0.00020411|val_loss 0.00021093
Epoch 410|time: 0.06s|train_loss 0.00018381|val_loss 0.00020892
Epoch 411|time: 0.06s|train_loss 0.00019870|val_loss 0.00021132
Epoch 412|time: 0.06s|train_loss 0.00019482|val_loss 0.00020835
Epoch 413|time: 0.06s|train_loss 0.00020064|val_loss 0.00020891
Epoch 414|time: 0.06s|train_loss 0.00018374|val_loss 0.00020506
Epoch 415|time: 0.06s|train_loss 0.00022060|val_loss 0.00020268
Epoch 416|time: 0.06s|train_loss 0.00024998|val_loss 0.00023227
Epoch 417|time: 0.06s|train_loss 0.00022362|val_loss 0.00021079
Epoch 418|time: 0.06s|train_loss 0.00019441|val_loss 0.00020819
Epoch 419|time: 0.06s|train_loss 0.00019580|val_loss 0.00020825
Epoch 420|time: 0.06s|train_loss 0.00021525|val_loss 0.00020835
Epoch 421|time: 0.06s|train_loss 0.00019687|val_loss 0.00021940
Epoch 422|time: 0.06s|train_loss 0.00020497|val_loss 0.00021900
Epoch 423|time: 0.06s|train_loss 0.00018742|val_loss 0.00021856
Epoch 424|time: 0.06s|train_loss 0.00020783|val_loss 0.00021794
Epoch 425|time: 0.06s|train_loss 0.00020705|val_loss 0.00024879
Epoch 426|time: 0.06s|train_loss 0.00020712|val_loss 0.00020842
Epoch 427|time: 0.06s|train_loss 0.00020172|val_loss 0.00021151
Epoch 428|time: 0.06s|train_loss 0.00019427|val_loss 0.00024047
Epoch 429|time: 0.06s|train_loss 0.00020149|val_loss 0.00021787
Epoch 430|time: 0.06s|train_loss 0.00020125|val_loss 0.00021516
Epoch 431|time: 0.06s|train_loss 0.00021944|val_loss 0.00024184
Epoch 432|time: 0.06s|train_loss 0.00019923|val_loss 0.00020690
Epoch 433|time: 0.06s|train_loss 0.00020415|val_loss 0.00024160
Epoch 434|time: 0.06s|train_loss 0.00019658|val_loss 0.00020864
Epoch 435|time: 0.06s|train_loss 0.00021571|val_loss 0.00020870
Epoch 436|time: 0.06s|train_loss 0.00020579|val_loss 0.00020721
Epoch 437|time: 0.06s|train_loss 0.00020590|val_loss 0.00021629
Epoch 438|time: 0.06s|train_loss 0.00018763|val_loss 0.00021180
Epoch 439|time: 0.06s|train_loss 0.00019646|val_loss 0.00022319
Epoch 440|time: 0.06s|train_loss 0.00020232|val_loss 0.00026191
Epoch 441|time: 0.06s|train_loss 0.00024060|val_loss 0.00024408
Epoch 442|time: 0.06s|train_loss 0.00026537|val_loss 0.00020719
Epoch 443|time: 0.06s|train_loss 0.00020934|val_loss 0.00027109
Epoch 444|time: 0.06s|train_loss 0.00021266|val_loss 0.00021438
Epoch 445|time: 0.06s|train_loss 0.00019438|val_loss 0.00021369
Epoch 446|time: 0.06s|train_loss 0.00019005|val_loss 0.00023061
Epoch 447|time: 0.06s|train_loss 0.00022254|val_loss 0.00022327
Epoch 448|time: 0.06s|train_loss 0.00020105|val_loss 0.00023240
Epoch 449|time: 0.06s|train_loss 0.00019829|val_loss 0.00020728
Epoch 450|time: 0.06s|train_loss 0.00017742|val_loss 0.00021497
Epoch 451|time: 0.06s|train_loss 0.00018316|val_loss 0.00020640
Epoch 452|time: 0.06s|train_loss 0.00019191|val_loss 0.00020486
Epoch 453|time: 0.06s|train_loss 0.00017692|val_loss 0.00022612
Epoch 454|time: 0.06s|train_loss 0.00021085|val_loss 0.00020931
Epoch 455|time: 0.06s|train_loss 0.00019537|val_loss 0.00022217
Epoch 456|time: 0.06s|train_loss 0.00019385|val_loss 0.00021106
Epoch 457|time: 0.06s|train_loss 0.00018872|val_loss 0.00020410
Epoch 458|time: 0.06s|train_loss 0.00019469|val_loss 0.00021233
Epoch 459|time: 0.06s|train_loss 0.00019872|val_loss 0.00020482
Epoch 460|time: 0.06s|train_loss 0.00019846|val_loss 0.00022381
Epoch 461|time: 0.06s|train_loss 0.00022623|val_loss 0.00020621
Epoch 462|time: 0.06s|train_loss 0.00022689|val_loss 0.00020972
Epoch 463|time: 0.06s|train_loss 0.00019377|val_loss 0.00020567
Epoch 464|time: 0.06s|train_loss 0.00019681|val_loss 0.00020649
Epoch 465|time: 0.06s|train_loss 0.00019320|val_loss 0.00020858
Epoch 466|time: 0.06s|train_loss 0.00018562|val_loss 0.00021010
Epoch 467|time: 0.06s|train_loss 0.00019966|val_loss 0.00021567
Epoch 468|time: 0.06s|train_loss 0.00019095|val_loss 0.00021491
Epoch 469|time: 0.06s|train_loss 0.00020301|val_loss 0.00021298
Epoch 470|time: 0.06s|train_loss 0.00019050|val_loss 0.00020470
Epoch 471|time: 0.06s|train_loss 0.00023635|val_loss 0.00020221
Epoch 472|time: 0.06s|train_loss 0.00026131|val_loss 0.00026920
Epoch 473|time: 0.06s|train_loss 0.00019875|val_loss 0.00021480
Epoch 474|time: 0.06s|train_loss 0.00019415|val_loss 0.00021022
Epoch 475|time: 0.06s|train_loss 0.00022326|val_loss 0.00020642
Epoch 476|time: 0.06s|train_loss 0.00019923|val_loss 0.00021131
Epoch 477|time: 0.06s|train_loss 0.00019990|val_loss 0.00020581
Epoch 478|time: 0.06s|train_loss 0.00017943|val_loss 0.00022134
Epoch 479|time: 0.06s|train_loss 0.00020681|val_loss 0.00020832
Epoch 480|time: 0.06s|train_loss 0.00020105|val_loss 0.00020379
Epoch 481|time: 0.06s|train_loss 0.00017610|val_loss 0.00021215
Epoch 482|time: 0.06s|train_loss 0.00018947|val_loss 0.00021439
Epoch 483|time: 0.06s|train_loss 0.00018041|val_loss 0.00020370
Epoch 484|time: 0.06s|train_loss 0.00019102|val_loss 0.00021274
Epoch 485|time: 0.06s|train_loss 0.00019710|val_loss 0.00020529
Epoch 486|time: 0.06s|train_loss 0.00019378|val_loss 0.00020238
Epoch 487|time: 0.06s|train_loss 0.00020816|val_loss 0.00022028
Epoch 488|time: 0.06s|train_loss 0.00018903|val_loss 0.00020957
Epoch 489|time: 0.06s|train_loss 0.00018466|val_loss 0.00020251
Epoch 490|time: 0.06s|train_loss 0.00018663|val_loss 0.00021328
Epoch 491|time: 0.06s|train_loss 0.00019937|val_loss 0.00022380
Epoch 492|time: 0.06s|train_loss 0.00018806|val_loss 0.00020700
Epoch 493|time: 0.06s|train_loss 0.00018235|val_loss 0.00020820
Epoch 494|time: 0.06s|train_loss 0.00017807|val_loss 0.00020880
Epoch 495|time: 0.06s|train_loss 0.00018977|val_loss 0.00021728
Epoch 496|time: 0.06s|train_loss 0.00018641|val_loss 0.00020482
Epoch 497|time: 0.06s|train_loss 0.00020419|val_loss 0.00021255
Epoch 498|time: 0.06s|train_loss 0.00019428|val_loss 0.00021425
Epoch 499|time: 0.06s|train_loss 0.00020880|val_loss 0.00020408
Epoch 500|time: 0.06s|train_loss 0.00018961|val_loss 0.00020571
Epoch 501|time: 0.06s|train_loss 0.00017879|val_loss 0.00021252
Epoch 502|time: 0.06s|train_loss 0.00018468|val_loss 0.00021088
Epoch 503|time: 0.06s|train_loss 0.00019723|val_loss 0.00020309
Epoch 504|time: 0.06s|train_loss 0.00019273|val_loss 0.00023327
Epoch 505|time: 0.06s|train_loss 0.00020254|val_loss 0.00020483
Epoch 506|time: 0.06s|train_loss 0.00020083|val_loss 0.00020734
Epoch 507|time: 0.06s|train_loss 0.00019377|val_loss 0.00021866
Epoch 508|time: 0.06s|train_loss 0.00020308|val_loss 0.00020415
Epoch 509|time: 0.06s|train_loss 0.00017916|val_loss 0.00022816
Epoch 510|time: 0.06s|train_loss 0.00021293|val_loss 0.00020558
Epoch 511|time: 0.06s|train_loss 0.00021185|val_loss 0.00023800
Epoch 512|time: 0.06s|train_loss 0.00019138|val_loss 0.00021228
Epoch 513|time: 0.06s|train_loss 0.00019205|val_loss 0.00021376
Epoch 514|time: 0.06s|train_loss 0.00018866|val_loss 0.00022221
Epoch 515|time: 0.06s|train_loss 0.00022742|val_loss 0.00020871
Epoch 516|time: 0.06s|train_loss 0.00019935|val_loss 0.00021039
Epoch 517|time: 0.06s|train_loss 0.00019857|val_loss 0.00021712
Epoch 518|time: 0.06s|train_loss 0.00019698|val_loss 0.00021361
Epoch 519|time: 0.06s|train_loss 0.00018666|val_loss 0.00021444
Epoch 520|time: 0.06s|train_loss 0.00018586|val_loss 0.00020465
Epoch 521|time: 0.06s|train_loss 0.00018890|val_loss 0.00021781
Epoch 522|time: 0.06s|train_loss 0.00019732|val_loss 0.00020308
Epoch 523|time: 0.06s|train_loss 0.00018109|val_loss 0.00020634
Epoch 524|time: 0.06s|train_loss 0.00021495|val_loss 0.00021392
Epoch 525|time: 0.06s|train_loss 0.00022154|val_loss 0.00021335
Epoch 526|time: 0.06s|train_loss 0.00018681|val_loss 0.00020802
Epoch 527|time: 0.06s|train_loss 0.00020130|val_loss 0.00020337
Epoch 528|time: 0.06s|train_loss 0.00018950|val_loss 0.00021252
Epoch 529|time: 0.06s|train_loss 0.00018683|val_loss 0.00021754
Epoch 530|time: 0.06s|train_loss 0.00021050|val_loss 0.00020781
Epoch 531|time: 0.06s|train_loss 0.00019588|val_loss 0.00020855
Epoch 532|time: 0.06s|train_loss 0.00018884|val_loss 0.00021722
Epoch 533|time: 0.06s|train_loss 0.00019553|val_loss 0.00020821
Epoch 534|time: 0.06s|train_loss 0.00019989|val_loss 0.00020554
Epoch 535|time: 0.06s|train_loss 0.00019715|val_loss 0.00023409
Epoch 536|time: 0.06s|train_loss 0.00019833|val_loss 0.00020240
Epoch 537|time: 0.06s|train_loss 0.00019879|val_loss 0.00020251
Epoch 538|time: 0.06s|train_loss 0.00018799|val_loss 0.00023306
Epoch 539|time: 0.06s|train_loss 0.00019269|val_loss 0.00020626
Epoch 540|time: 0.06s|train_loss 0.00018169|val_loss 0.00020720
Epoch 541|time: 0.06s|train_loss 0.00018417|val_loss 0.00021654
Epoch 542|time: 0.06s|train_loss 0.00019986|val_loss 0.00020394
Epoch 543|time: 0.06s|train_loss 0.00021263|val_loss 0.00021309
Epoch 544|time: 0.06s|train_loss 0.00020332|val_loss 0.00021046
Epoch 545|time: 0.06s|train_loss 0.00017776|val_loss 0.00020812
Epoch 546|time: 0.06s|train_loss 0.00017585|val_loss 0.00021253
Epoch 547|time: 0.06s|train_loss 0.00018725|val_loss 0.00020680
Epoch 548|time: 0.06s|train_loss 0.00018711|val_loss 0.00020563
Epoch 549|time: 0.06s|train_loss 0.00018658|val_loss 0.00021802
Epoch 550|time: 0.06s|train_loss 0.00019833|val_loss 0.00020640
Epoch 551|time: 0.06s|train_loss 0.00019434|val_loss 0.00020770
Epoch 552|time: 0.06s|train_loss 0.00019621|val_loss 0.00021740
Final evaluation
TEST MAE 0.3316 | std 0.1004 | RMSE 0.5200 | RMSEs 0.4960 | PCC 0.8839 | PCCs 0.8525 | R2 0.6963 | R2s 0.5163 | Var 0.7297 | Vars 0.6048 | Peak 0.1820
