--------Parameters--------
Namespace(batch=32, bi=False, check_point=1, cuda=False, dataset='us_hhs', dropout=0.2, epilambda=0.2, epochs=1500, gpu=3, hidsp=15, horizon=4, k=10, lamda=0.01, lr=0.01, model='cola_gnn', mylog=True, n_hidden=30, n_layer=1, patience=200, rnn_model='RNN', save_dir='save', seed=42, shuffle=False, sim_mat='us_hhs-adj', test=0.2, train=0.6, val=0.2, weight_decay=0.0005, window=20)
--------------------------
data shape (364, 10)
364 10
(364, 10)
size of train/val/test sets 195 73 73
#params: 3623
begin training
Epoch   1|time: 0.10s|train_loss 0.00108605|val_loss 0.00099621
Best validation epoch: 1 Sat May 13 01:04:54 2023
TEST MAE 0.9964 std 0.2682 RMSE 1.1451 RMSEs 1.1089 PCC 0.7397 PCCs 0.6195 R2 -0.4730 R2s -1.4715 Var 0.4823 Vars 0.3658 Peak 0.2841
Epoch   2|time: 0.09s|train_loss 0.00057937|val_loss 0.00038690
Best validation epoch: 2 Sat May 13 01:04:54 2023
TEST MAE 0.3512 std 0.0815 RMSE 0.5447 RMSEs 0.5326 PCC 0.8382 PCCs 0.7329 R2 0.6667 R2s 0.4594 Var 0.7026 Vars 0.5319 Peak 0.2125
Epoch   3|time: 0.09s|train_loss 0.00036578|val_loss 0.00037179
Best validation epoch: 3 Sat May 13 01:04:54 2023
TEST MAE 0.3466 std 0.0724 RMSE 0.4962 RMSEs 0.4861 PCC 0.8534 PCCs 0.7707 R2 0.7234 R2s 0.5572 Var 0.7253 Vars 0.5788 Peak 0.1800
Epoch   4|time: 0.09s|train_loss 0.00032560|val_loss 0.00038872
Epoch   5|time: 0.09s|train_loss 0.00036050|val_loss 0.00029269
Best validation epoch: 5 Sat May 13 01:04:54 2023
TEST MAE 0.3353 std 0.1028 RMSE 0.5193 RMSEs 0.4980 PCC 0.8789 PCCs 0.8174 R2 0.6970 R2s 0.5577 Var 0.7616 Vars 0.6576 Peak 0.2056
Epoch   6|time: 0.09s|train_loss 0.00029165|val_loss 0.00051502
Epoch   7|time: 0.09s|train_loss 0.00033656|val_loss 0.00035997
Epoch   8|time: 0.09s|train_loss 0.00037172|val_loss 0.00029234
Best validation epoch: 8 Sat May 13 01:04:55 2023
TEST MAE 0.3112 std 0.0770 RMSE 0.4788 RMSEs 0.4663 PCC 0.8861 PCCs 0.8188 R2 0.7425 R2s 0.5955 Var 0.7850 Vars 0.6645 Peak 0.1869
Epoch   9|time: 0.09s|train_loss 0.00028870|val_loss 0.00024331
Best validation epoch: 9 Sat May 13 01:04:55 2023
TEST MAE 0.2922 std 0.0742 RMSE 0.4358 RMSEs 0.4235 PCC 0.8874 PCCs 0.8269 R2 0.7867 R2s 0.6676 Var 0.7875 Vars 0.6752 Peak 0.1649
Epoch  10|time: 0.09s|train_loss 0.00024347|val_loss 0.00024858
Epoch  11|time: 0.09s|train_loss 0.00023064|val_loss 0.00024502
Epoch  12|time: 0.09s|train_loss 0.00023411|val_loss 0.00025225
Epoch  13|time: 0.09s|train_loss 0.00024005|val_loss 0.00026065
Epoch  14|time: 0.09s|train_loss 0.00027518|val_loss 0.00030264
Epoch  15|time: 0.09s|train_loss 0.00025051|val_loss 0.00029479
Epoch  16|time: 0.09s|train_loss 0.00025461|val_loss 0.00033338
Epoch  17|time: 0.09s|train_loss 0.00025878|val_loss 0.00037526
Epoch  18|time: 0.09s|train_loss 0.00027074|val_loss 0.00034036
Epoch  19|time: 0.09s|train_loss 0.00027692|val_loss 0.00028235
Epoch  20|time: 0.09s|train_loss 0.00026395|val_loss 0.00025755
Epoch  21|time: 0.09s|train_loss 0.00027928|val_loss 0.00024806
Epoch  22|time: 0.09s|train_loss 0.00024845|val_loss 0.00024975
Epoch  23|time: 0.09s|train_loss 0.00022776|val_loss 0.00024583
Epoch  24|time: 0.09s|train_loss 0.00026087|val_loss 0.00024629
Epoch  25|time: 0.09s|train_loss 0.00023601|val_loss 0.00027003
Epoch  26|time: 0.09s|train_loss 0.00026870|val_loss 0.00023404
Best validation epoch: 26 Sat May 13 01:04:56 2023
TEST MAE 0.2783 std 0.0764 RMSE 0.4262 RMSEs 0.4132 PCC 0.8935 PCCs 0.8419 R2 0.7959 R2s 0.6862 Var 0.7983 Vars 0.6961 Peak 0.1643
Epoch  27|time: 0.09s|train_loss 0.00022743|val_loss 0.00030246
Epoch  28|time: 0.09s|train_loss 0.00025901|val_loss 0.00025056
Epoch  29|time: 0.09s|train_loss 0.00022356|val_loss 0.00026527
Epoch  30|time: 0.09s|train_loss 0.00023149|val_loss 0.00023868
Epoch  31|time: 0.09s|train_loss 0.00023414|val_loss 0.00024977
Epoch  32|time: 0.09s|train_loss 0.00022540|val_loss 0.00023524
Epoch  33|time: 0.09s|train_loss 0.00024232|val_loss 0.00023060
Best validation epoch: 33 Sat May 13 01:04:57 2023
TEST MAE 0.2727 std 0.0766 RMSE 0.4148 RMSEs 0.4016 PCC 0.8986 PCCs 0.8540 R2 0.8067 R2s 0.7024 Var 0.8068 Vars 0.7117 Peak 0.1601
Epoch  34|time: 0.09s|train_loss 0.00025520|val_loss 0.00024853
Epoch  35|time: 0.09s|train_loss 0.00027197|val_loss 0.00025031
Epoch  36|time: 0.09s|train_loss 0.00025723|val_loss 0.00024455
Epoch  37|time: 0.09s|train_loss 0.00026856|val_loss 0.00025903
Epoch  38|time: 0.09s|train_loss 0.00024786|val_loss 0.00028464
Epoch  39|time: 0.09s|train_loss 0.00025656|val_loss 0.00022739
Best validation epoch: 39 Sat May 13 01:04:58 2023
TEST MAE 0.2883 std 0.0840 RMSE 0.4293 RMSEs 0.4153 PCC 0.8954 PCCs 0.8458 R2 0.7930 R2s 0.6798 Var 0.7954 Vars 0.6920 Peak 0.1633
Epoch  40|time: 0.09s|train_loss 0.00027150|val_loss 0.00024704
Epoch  41|time: 0.09s|train_loss 0.00025077|val_loss 0.00024261
Epoch  42|time: 0.09s|train_loss 0.00024884|val_loss 0.00023800
Epoch  43|time: 0.09s|train_loss 0.00023647|val_loss 0.00022810
Epoch  44|time: 0.09s|train_loss 0.00026744|val_loss 0.00023220
Epoch  45|time: 0.09s|train_loss 0.00027342|val_loss 0.00023030
Epoch  46|time: 0.09s|train_loss 0.00024284|val_loss 0.00025464
Epoch  47|time: 0.09s|train_loss 0.00023311|val_loss 0.00030884
Epoch  48|time: 0.09s|train_loss 0.00026477|val_loss 0.00024056
Epoch  49|time: 0.09s|train_loss 0.00023366|val_loss 0.00023015
Epoch  50|time: 0.09s|train_loss 0.00025898|val_loss 0.00024129
Epoch  51|time: 0.09s|train_loss 0.00028426|val_loss 0.00022001
Best validation epoch: 51 Sat May 13 01:04:59 2023
TEST MAE 0.3032 std 0.0821 RMSE 0.4431 RMSEs 0.4298 PCC 0.8899 PCCs 0.8418 R2 0.7795 R2s 0.6546 Var 0.7849 Vars 0.6785 Peak 0.1672
Epoch  52|time: 0.09s|train_loss 0.00026881|val_loss 0.00023859
Epoch  53|time: 0.09s|train_loss 0.00027924|val_loss 0.00025059
Epoch  54|time: 0.09s|train_loss 0.00022383|val_loss 0.00025868
Epoch  55|time: 0.09s|train_loss 0.00026494|val_loss 0.00024117
Epoch  56|time: 0.09s|train_loss 0.00023371|val_loss 0.00025749
Epoch  57|time: 0.09s|train_loss 0.00022909|val_loss 0.00023971
Epoch  58|time: 0.09s|train_loss 0.00022381|val_loss 0.00023051
Epoch  59|time: 0.09s|train_loss 0.00021772|val_loss 0.00022835
Epoch  60|time: 0.09s|train_loss 0.00021334|val_loss 0.00023605
Epoch  61|time: 0.09s|train_loss 0.00022355|val_loss 0.00027248
Epoch  62|time: 0.09s|train_loss 0.00022712|val_loss 0.00023931
Epoch  63|time: 0.12s|train_loss 0.00021731|val_loss 0.00022221
Epoch  64|time: 0.09s|train_loss 0.00026388|val_loss 0.00024187
Epoch  65|time: 0.09s|train_loss 0.00026731|val_loss 0.00023741
Epoch  66|time: 0.09s|train_loss 0.00024318|val_loss 0.00024253
Epoch  67|time: 0.09s|train_loss 0.00024302|val_loss 0.00028919
Epoch  68|time: 0.09s|train_loss 0.00023413|val_loss 0.00028865
Epoch  69|time: 0.09s|train_loss 0.00028293|val_loss 0.00022631
Epoch  70|time: 0.09s|train_loss 0.00023447|val_loss 0.00024594
Epoch  71|time: 0.09s|train_loss 0.00023561|val_loss 0.00023335
Epoch  72|time: 0.09s|train_loss 0.00024587|val_loss 0.00027785
Epoch  73|time: 0.09s|train_loss 0.00022797|val_loss 0.00027013
Epoch  74|time: 0.09s|train_loss 0.00023497|val_loss 0.00027604
Epoch  75|time: 0.09s|train_loss 0.00023666|val_loss 0.00024003
Epoch  76|time: 0.09s|train_loss 0.00022616|val_loss 0.00022331
Epoch  77|time: 0.09s|train_loss 0.00025409|val_loss 0.00022443
Epoch  78|time: 0.09s|train_loss 0.00022221|val_loss 0.00021992
Best validation epoch: 78 Sat May 13 01:05:01 2023
TEST MAE 0.3183 std 0.0881 RMSE 0.4683 RMSEs 0.4525 PCC 0.8901 PCCs 0.8457 R2 0.7537 R2s 0.6073 Var 0.7739 Vars 0.6626 Peak 0.1760
Epoch  79|time: 0.09s|train_loss 0.00021357|val_loss 0.00024213
Epoch  80|time: 0.09s|train_loss 0.00022270|val_loss 0.00024791
Epoch  81|time: 0.09s|train_loss 0.00023759|val_loss 0.00027161
Epoch  82|time: 0.09s|train_loss 0.00025091|val_loss 0.00022951
Epoch  83|time: 0.09s|train_loss 0.00021328|val_loss 0.00023816
Epoch  84|time: 0.09s|train_loss 0.00022855|val_loss 0.00024786
Epoch  85|time: 0.09s|train_loss 0.00024300|val_loss 0.00027780
Epoch  86|time: 0.09s|train_loss 0.00024028|val_loss 0.00027716
Epoch  87|time: 0.09s|train_loss 0.00024214|val_loss 0.00030055
Epoch  88|time: 0.09s|train_loss 0.00026270|val_loss 0.00029218
Epoch  89|time: 0.09s|train_loss 0.00025587|val_loss 0.00026400
Epoch  90|time: 0.09s|train_loss 0.00022288|val_loss 0.00024110
Epoch  91|time: 0.09s|train_loss 0.00022101|val_loss 0.00024626
Epoch  92|time: 0.09s|train_loss 0.00023629|val_loss 0.00023501
Epoch  93|time: 0.09s|train_loss 0.00021285|val_loss 0.00025427
Epoch  94|time: 0.09s|train_loss 0.00022275|val_loss 0.00025872
Epoch  95|time: 0.09s|train_loss 0.00022961|val_loss 0.00026594
Epoch  96|time: 0.09s|train_loss 0.00025417|val_loss 0.00022655
Epoch  97|time: 0.09s|train_loss 0.00021510|val_loss 0.00025125
Epoch  98|time: 0.09s|train_loss 0.00022297|val_loss 0.00024760
Epoch  99|time: 0.09s|train_loss 0.00022440|val_loss 0.00027848
Epoch 100|time: 0.09s|train_loss 0.00027090|val_loss 0.00023508
Epoch 101|time: 0.09s|train_loss 0.00021245|val_loss 0.00023861
Epoch 102|time: 0.09s|train_loss 0.00021328|val_loss 0.00024407
Epoch 103|time: 0.09s|train_loss 0.00022210|val_loss 0.00022622
Epoch 104|time: 0.09s|train_loss 0.00022077|val_loss 0.00024459
Epoch 105|time: 0.09s|train_loss 0.00022438|val_loss 0.00024505
Epoch 106|time: 0.09s|train_loss 0.00024531|val_loss 0.00022931
Epoch 107|time: 0.09s|train_loss 0.00027260|val_loss 0.00021575
Best validation epoch: 107 Sat May 13 01:05:04 2023
TEST MAE 0.3091 std 0.0805 RMSE 0.4648 RMSEs 0.4510 PCC 0.8838 PCCs 0.8415 R2 0.7573 R2s 0.6073 Var 0.7650 Vars 0.6453 Peak 0.1797
Epoch 108|time: 0.09s|train_loss 0.00025551|val_loss 0.00023734
Epoch 109|time: 0.09s|train_loss 0.00029310|val_loss 0.00023825
Epoch 110|time: 0.09s|train_loss 0.00024725|val_loss 0.00026128
Epoch 111|time: 0.09s|train_loss 0.00023626|val_loss 0.00025073
Epoch 112|time: 0.09s|train_loss 0.00028078|val_loss 0.00023134
Epoch 113|time: 0.09s|train_loss 0.00024839|val_loss 0.00023625
Epoch 114|time: 0.09s|train_loss 0.00029101|val_loss 0.00025814
Epoch 115|time: 0.09s|train_loss 0.00028860|val_loss 0.00022753
Epoch 116|time: 0.09s|train_loss 0.00028229|val_loss 0.00023007
Epoch 117|time: 0.09s|train_loss 0.00024515|val_loss 0.00026878
Epoch 118|time: 0.09s|train_loss 0.00023623|val_loss 0.00026634
Epoch 119|time: 0.09s|train_loss 0.00025423|val_loss 0.00026941
Epoch 120|time: 0.09s|train_loss 0.00024924|val_loss 0.00025622
Epoch 121|time: 0.09s|train_loss 0.00025795|val_loss 0.00023238
Epoch 122|time: 0.09s|train_loss 0.00023277|val_loss 0.00023892
Epoch 123|time: 0.09s|train_loss 0.00025381|val_loss 0.00022537
Epoch 124|time: 0.09s|train_loss 0.00021363|val_loss 0.00022314
Epoch 125|time: 0.09s|train_loss 0.00023005|val_loss 0.00024480
Epoch 126|time: 0.09s|train_loss 0.00023800|val_loss 0.00023194
Epoch 127|time: 0.09s|train_loss 0.00022189|val_loss 0.00031205
Epoch 128|time: 0.09s|train_loss 0.00027352|val_loss 0.00023744
Epoch 129|time: 0.09s|train_loss 0.00024967|val_loss 0.00024342
Epoch 130|time: 0.09s|train_loss 0.00026381|val_loss 0.00025713
Epoch 131|time: 0.09s|train_loss 0.00024666|val_loss 0.00023039
Epoch 132|time: 0.09s|train_loss 0.00023018|val_loss 0.00028204
Epoch 133|time: 0.09s|train_loss 0.00022633|val_loss 0.00023990
Epoch 134|time: 0.09s|train_loss 0.00022121|val_loss 0.00023790
Epoch 135|time: 0.09s|train_loss 0.00022055|val_loss 0.00022580
Epoch 136|time: 0.09s|train_loss 0.00023681|val_loss 0.00023416
Epoch 137|time: 0.09s|train_loss 0.00025220|val_loss 0.00022389
Epoch 138|time: 0.09s|train_loss 0.00020933|val_loss 0.00022462
Epoch 139|time: 0.09s|train_loss 0.00020922|val_loss 0.00021697
Epoch 140|time: 0.09s|train_loss 0.00022969|val_loss 0.00021699
Epoch 141|time: 0.09s|train_loss 0.00021647|val_loss 0.00022948
Epoch 142|time: 0.09s|train_loss 0.00026774|val_loss 0.00022304
Epoch 143|time: 0.09s|train_loss 0.00023066|val_loss 0.00024774
Epoch 144|time: 0.09s|train_loss 0.00024854|val_loss 0.00023725
Epoch 145|time: 0.09s|train_loss 0.00021635|val_loss 0.00025902
Epoch 146|time: 0.09s|train_loss 0.00021342|val_loss 0.00023035
Epoch 147|time: 0.09s|train_loss 0.00023601|val_loss 0.00022728
Epoch 148|time: 0.09s|train_loss 0.00020583|val_loss 0.00021704
Epoch 149|time: 0.09s|train_loss 0.00024411|val_loss 0.00021568
Best validation epoch: 149 Sat May 13 01:05:08 2023
TEST MAE 0.3080 std 0.0814 RMSE 0.4604 RMSEs 0.4447 PCC 0.8939 PCCs 0.8558 R2 0.7619 R2s 0.6155 Var 0.7817 Vars 0.6756 Peak 0.1717
Epoch 150|time: 0.09s|train_loss 0.00023064|val_loss 0.00030299
Epoch 151|time: 0.09s|train_loss 0.00026595|val_loss 0.00021702
Epoch 152|time: 0.09s|train_loss 0.00022437|val_loss 0.00022477
Epoch 153|time: 0.09s|train_loss 0.00024410|val_loss 0.00025326
Epoch 154|time: 0.09s|train_loss 0.00024320|val_loss 0.00027919
Epoch 155|time: 0.09s|train_loss 0.00022052|val_loss 0.00030679
Epoch 156|time: 0.09s|train_loss 0.00025614|val_loss 0.00022010
Epoch 157|time: 0.09s|train_loss 0.00022905|val_loss 0.00022674
Epoch 158|time: 0.09s|train_loss 0.00025386|val_loss 0.00022460
Epoch 159|time: 0.09s|train_loss 0.00021569|val_loss 0.00024868
Epoch 160|time: 0.09s|train_loss 0.00024430|val_loss 0.00021991
Epoch 161|time: 0.09s|train_loss 0.00024205|val_loss 0.00025220
Epoch 162|time: 0.09s|train_loss 0.00023511|val_loss 0.00024501
Epoch 163|time: 0.09s|train_loss 0.00025505|val_loss 0.00023168
Epoch 164|time: 0.09s|train_loss 0.00022016|val_loss 0.00023259
Epoch 165|time: 0.09s|train_loss 0.00028837|val_loss 0.00022293
Epoch 166|time: 0.09s|train_loss 0.00023225|val_loss 0.00021537
Best validation epoch: 166 Sat May 13 01:05:09 2023
TEST MAE 0.3080 std 0.0808 RMSE 0.4675 RMSEs 0.4528 PCC 0.8782 PCCs 0.8253 R2 0.7545 R2s 0.6135 Var 0.7556 Vars 0.6264 Peak 0.1837
Epoch 167|time: 0.09s|train_loss 0.00021749|val_loss 0.00023302
Epoch 168|time: 0.09s|train_loss 0.00023141|val_loss 0.00029420
Epoch 169|time: 0.09s|train_loss 0.00025225|val_loss 0.00021890
Epoch 170|time: 0.09s|train_loss 0.00024324|val_loss 0.00022378
Epoch 171|time: 0.09s|train_loss 0.00022387|val_loss 0.00022689
Epoch 172|time: 0.09s|train_loss 0.00024331|val_loss 0.00023460
Epoch 173|time: 0.09s|train_loss 0.00021419|val_loss 0.00023343
Epoch 174|time: 0.09s|train_loss 0.00022585|val_loss 0.00024182
Epoch 175|time: 0.09s|train_loss 0.00022811|val_loss 0.00022686
Epoch 176|time: 0.09s|train_loss 0.00024792|val_loss 0.00021240
Best validation epoch: 176 Sat May 13 01:05:10 2023
TEST MAE 0.3247 std 0.0944 RMSE 0.4875 RMSEs 0.4692 PCC 0.8837 PCCs 0.8392 R2 0.7331 R2s 0.5736 Var 0.7476 Vars 0.6176 Peak 0.1820
Epoch 177|time: 0.09s|train_loss 0.00021897|val_loss 0.00024460
Epoch 178|time: 0.09s|train_loss 0.00024612|val_loss 0.00022806
Epoch 179|time: 0.09s|train_loss 0.00026690|val_loss 0.00022784
Epoch 180|time: 0.09s|train_loss 0.00022882|val_loss 0.00021898
Epoch 181|time: 0.09s|train_loss 0.00022316|val_loss 0.00022209
Epoch 182|time: 0.09s|train_loss 0.00020612|val_loss 0.00023386
Epoch 183|time: 0.09s|train_loss 0.00021667|val_loss 0.00023250
Epoch 184|time: 0.09s|train_loss 0.00022059|val_loss 0.00022375
Epoch 185|time: 0.09s|train_loss 0.00020824|val_loss 0.00022387
Epoch 186|time: 0.09s|train_loss 0.00021328|val_loss 0.00022736
Epoch 187|time: 0.09s|train_loss 0.00029502|val_loss 0.00021723
Epoch 188|time: 0.09s|train_loss 0.00021987|val_loss 0.00023288
Epoch 189|time: 0.09s|train_loss 0.00021540|val_loss 0.00022693
Epoch 190|time: 0.09s|train_loss 0.00022973|val_loss 0.00021309
Epoch 191|time: 0.09s|train_loss 0.00021411|val_loss 0.00021206
Best validation epoch: 191 Sat May 13 01:05:11 2023
TEST MAE 0.3135 std 0.0790 RMSE 0.4796 RMSEs 0.4664 PCC 0.8660 PCCs 0.8002 R2 0.7417 R2s 0.5932 Var 0.7418 Vars 0.6015 Peak 0.1899
Epoch 192|time: 0.09s|train_loss 0.00020110|val_loss 0.00021245
Epoch 193|time: 0.09s|train_loss 0.00019787|val_loss 0.00021765
Epoch 194|time: 0.09s|train_loss 0.00020093|val_loss 0.00022754
Epoch 195|time: 0.09s|train_loss 0.00022442|val_loss 0.00020939
Best validation epoch: 195 Sat May 13 01:05:12 2023
TEST MAE 0.3106 std 0.1088 RMSE 0.5008 RMSEs 0.4726 PCC 0.8953 PCCs 0.8623 R2 0.7183 R2s 0.5704 Var 0.7453 Vars 0.6322 Peak 0.1841
Epoch 196|time: 0.09s|train_loss 0.00021702|val_loss 0.00021019
Epoch 197|time: 0.09s|train_loss 0.00020043|val_loss 0.00021543
Epoch 198|time: 0.09s|train_loss 0.00021633|val_loss 0.00022938
Epoch 199|time: 0.09s|train_loss 0.00022370|val_loss 0.00022955
Epoch 200|time: 0.09s|train_loss 0.00020167|val_loss 0.00020717
Best validation epoch: 200 Sat May 13 01:05:12 2023
TEST MAE 0.3205 std 0.0906 RMSE 0.4968 RMSEs 0.4788 PCC 0.8696 PCCs 0.8173 R2 0.7227 R2s 0.5660 Var 0.7232 Vars 0.5754 Peak 0.1967
Epoch 201|time: 0.09s|train_loss 0.00019869|val_loss 0.00021269
Epoch 202|time: 0.09s|train_loss 0.00021372|val_loss 0.00020765
Epoch 203|time: 0.09s|train_loss 0.00020519|val_loss 0.00021736
Epoch 204|time: 0.09s|train_loss 0.00024165|val_loss 0.00025673
Epoch 205|time: 0.09s|train_loss 0.00027606|val_loss 0.00027516
Epoch 206|time: 0.09s|train_loss 0.00028478|val_loss 0.00025611
Epoch 207|time: 0.09s|train_loss 0.00021674|val_loss 0.00021869
Epoch 208|time: 0.09s|train_loss 0.00019866|val_loss 0.00020693
Best validation epoch: 208 Sat May 13 01:05:13 2023
TEST MAE 0.3400 std 0.0858 RMSE 0.5276 RMSEs 0.5133 PCC 0.8465 PCCs 0.7867 R2 0.6873 R2s 0.4915 Var 0.6874 Vars 0.5090 Peak 0.2179
Epoch 209|time: 0.09s|train_loss 0.00021040|val_loss 0.00020987
Epoch 210|time: 0.09s|train_loss 0.00022031|val_loss 0.00028771
Epoch 211|time: 0.09s|train_loss 0.00025105|val_loss 0.00021424
Epoch 212|time: 0.09s|train_loss 0.00021525|val_loss 0.00021194
Epoch 213|time: 0.09s|train_loss 0.00021045|val_loss 0.00022548
Epoch 214|time: 0.09s|train_loss 0.00022747|val_loss 0.00021074
Epoch 215|time: 0.09s|train_loss 0.00021672|val_loss 0.00022079
Epoch 216|time: 0.09s|train_loss 0.00021316|val_loss 0.00021709
Epoch 217|time: 0.09s|train_loss 0.00021353|val_loss 0.00027410
Epoch 218|time: 0.09s|train_loss 0.00022758|val_loss 0.00023380
Epoch 219|time: 0.09s|train_loss 0.00021787|val_loss 0.00021801
Epoch 220|time: 0.09s|train_loss 0.00019244|val_loss 0.00021387
Epoch 221|time: 0.09s|train_loss 0.00020388|val_loss 0.00021098
Epoch 222|time: 0.09s|train_loss 0.00019256|val_loss 0.00020598
Best validation epoch: 222 Sat May 13 01:05:14 2023
TEST MAE 0.3145 std 0.0911 RMSE 0.5048 RMSEs 0.4849 PCC 0.8718 PCCs 0.8287 R2 0.7137 R2s 0.5469 Var 0.7165 Vars 0.5663 Peak 0.1953
Epoch 223|time: 0.09s|train_loss 0.00019715|val_loss 0.00020424
Best validation epoch: 223 Sat May 13 01:05:14 2023
TEST MAE 0.3176 std 0.0794 RMSE 0.5011 RMSEs 0.4873 PCC 0.8543 PCCs 0.7874 R2 0.7180 R2s 0.5499 Var 0.7182 Vars 0.5628 Peak 0.2019
Epoch 224|time: 0.09s|train_loss 0.00021012|val_loss 0.00021186
Epoch 225|time: 0.09s|train_loss 0.00021363|val_loss 0.00021906
Epoch 226|time: 0.09s|train_loss 0.00022588|val_loss 0.00025738
Epoch 227|time: 0.09s|train_loss 0.00026758|val_loss 0.00025967
Epoch 228|time: 0.09s|train_loss 0.00026786|val_loss 0.00022244
Epoch 229|time: 0.09s|train_loss 0.00027271|val_loss 0.00026293
Epoch 230|time: 0.09s|train_loss 0.00026542|val_loss 0.00026683
Epoch 231|time: 0.09s|train_loss 0.00025752|val_loss 0.00027338
Epoch 232|time: 0.09s|train_loss 0.00025593|val_loss 0.00024835
Epoch 233|time: 0.09s|train_loss 0.00029953|val_loss 0.00022001
Epoch 234|time: 0.09s|train_loss 0.00022468|val_loss 0.00023816
Epoch 235|time: 0.09s|train_loss 0.00024453|val_loss 0.00024860
Epoch 236|time: 0.09s|train_loss 0.00022154|val_loss 0.00022124
Epoch 237|time: 0.09s|train_loss 0.00020898|val_loss 0.00021977
Epoch 238|time: 0.09s|train_loss 0.00021619|val_loss 0.00023113
Epoch 239|time: 0.09s|train_loss 0.00022039|val_loss 0.00022323
Epoch 240|time: 0.09s|train_loss 0.00020988|val_loss 0.00022581
Epoch 241|time: 0.09s|train_loss 0.00021951|val_loss 0.00022697
Epoch 242|time: 0.09s|train_loss 0.00022235|val_loss 0.00024335
Epoch 243|time: 0.09s|train_loss 0.00020364|val_loss 0.00023065
Epoch 244|time: 0.09s|train_loss 0.00020516|val_loss 0.00022568
Epoch 245|time: 0.09s|train_loss 0.00021163|val_loss 0.00022896
Epoch 246|time: 0.09s|train_loss 0.00020679|val_loss 0.00022190
Epoch 247|time: 0.09s|train_loss 0.00021676|val_loss 0.00021186
Epoch 248|time: 0.09s|train_loss 0.00024962|val_loss 0.00021880
Epoch 249|time: 0.09s|train_loss 0.00022750|val_loss 0.00023444
Epoch 250|time: 0.09s|train_loss 0.00024877|val_loss 0.00022659
Epoch 251|time: 0.09s|train_loss 0.00022625|val_loss 0.00023037
Epoch 252|time: 0.09s|train_loss 0.00021697|val_loss 0.00021714
Epoch 253|time: 0.09s|train_loss 0.00021393|val_loss 0.00021334
Epoch 254|time: 0.09s|train_loss 0.00021614|val_loss 0.00021932
Epoch 255|time: 0.09s|train_loss 0.00022428|val_loss 0.00020752
Epoch 256|time: 0.09s|train_loss 0.00021064|val_loss 0.00023717
Epoch 257|time: 0.09s|train_loss 0.00026495|val_loss 0.00023552
Epoch 258|time: 0.09s|train_loss 0.00023398|val_loss 0.00022306
Epoch 259|time: 0.09s|train_loss 0.00024802|val_loss 0.00021962
Epoch 260|time: 0.09s|train_loss 0.00023394|val_loss 0.00021114
Epoch 261|time: 0.09s|train_loss 0.00020736|val_loss 0.00021025
Epoch 262|time: 0.09s|train_loss 0.00020988|val_loss 0.00020475
Epoch 263|time: 0.09s|train_loss 0.00020565|val_loss 0.00021744
Epoch 264|time: 0.09s|train_loss 0.00023469|val_loss 0.00022866
Epoch 265|time: 0.09s|train_loss 0.00021934|val_loss 0.00022758
Epoch 266|time: 0.09s|train_loss 0.00024481|val_loss 0.00021365
Epoch 267|time: 0.09s|train_loss 0.00022262|val_loss 0.00020229
Best validation epoch: 267 Sat May 13 01:05:18 2023
TEST MAE 0.3329 std 0.0861 RMSE 0.5029 RMSEs 0.4871 PCC 0.8640 PCCs 0.8125 R2 0.7159 R2s 0.5435 Var 0.7177 Vars 0.5622 Peak 0.1945
Epoch 268|time: 0.09s|train_loss 0.00020773|val_loss 0.00022886
Epoch 269|time: 0.09s|train_loss 0.00021489|val_loss 0.00021214
Epoch 270|time: 0.09s|train_loss 0.00020567|val_loss 0.00023943
Epoch 271|time: 0.09s|train_loss 0.00025827|val_loss 0.00022938
Epoch 272|time: 0.09s|train_loss 0.00020824|val_loss 0.00023960
Epoch 273|time: 0.09s|train_loss 0.00024778|val_loss 0.00021115
Epoch 274|time: 0.09s|train_loss 0.00021310|val_loss 0.00022264
Epoch 275|time: 0.09s|train_loss 0.00022412|val_loss 0.00022856
Epoch 276|time: 0.09s|train_loss 0.00024634|val_loss 0.00023093
Epoch 277|time: 0.09s|train_loss 0.00028736|val_loss 0.00026194
Epoch 278|time: 0.09s|train_loss 0.00024262|val_loss 0.00027046
Epoch 279|time: 0.09s|train_loss 0.00023962|val_loss 0.00023627
Epoch 280|time: 0.09s|train_loss 0.00024831|val_loss 0.00026814
Epoch 281|time: 0.09s|train_loss 0.00022272|val_loss 0.00021546
Epoch 282|time: 0.09s|train_loss 0.00022066|val_loss 0.00020727
Epoch 283|time: 0.09s|train_loss 0.00023599|val_loss 0.00022038
Epoch 284|time: 0.09s|train_loss 0.00023354|val_loss 0.00021581
Epoch 285|time: 0.09s|train_loss 0.00019808|val_loss 0.00021179
Epoch 286|time: 0.09s|train_loss 0.00021177|val_loss 0.00022550
Epoch 287|time: 0.09s|train_loss 0.00020854|val_loss 0.00023555
Epoch 288|time: 0.09s|train_loss 0.00026913|val_loss 0.00021561
Epoch 289|time: 0.09s|train_loss 0.00022133|val_loss 0.00025274
Epoch 290|time: 0.09s|train_loss 0.00025122|val_loss 0.00022251
Epoch 291|time: 0.09s|train_loss 0.00023202|val_loss 0.00023114
Epoch 292|time: 0.09s|train_loss 0.00024401|val_loss 0.00020281
Epoch 293|time: 0.09s|train_loss 0.00024664|val_loss 0.00021436
Epoch 294|time: 0.09s|train_loss 0.00022312|val_loss 0.00029017
Epoch 295|time: 0.09s|train_loss 0.00024757|val_loss 0.00021273
Epoch 296|time: 0.09s|train_loss 0.00021219|val_loss 0.00019997
Best validation epoch: 296 Sat May 13 01:05:21 2023
TEST MAE 0.3403 std 0.0878 RMSE 0.5425 RMSEs 0.5244 PCC 0.8522 PCCs 0.8019 R2 0.6694 R2s 0.4576 Var 0.6786 Vars 0.5009 Peak 0.2146
Epoch 297|time: 0.09s|train_loss 0.00020243|val_loss 0.00020466
Epoch 298|time: 0.09s|train_loss 0.00021505|val_loss 0.00021530
Epoch 299|time: 0.09s|train_loss 0.00021923|val_loss 0.00020522
Epoch 300|time: 0.09s|train_loss 0.00020389|val_loss 0.00023109
Epoch 301|time: 0.09s|train_loss 0.00021697|val_loss 0.00022315
Epoch 302|time: 0.09s|train_loss 0.00021017|val_loss 0.00020742
Epoch 303|time: 0.09s|train_loss 0.00021123|val_loss 0.00020806
Epoch 304|time: 0.09s|train_loss 0.00020716|val_loss 0.00020838
Epoch 305|time: 0.09s|train_loss 0.00019261|val_loss 0.00021001
Epoch 306|time: 0.09s|train_loss 0.00020243|val_loss 0.00020284
Epoch 307|time: 0.09s|train_loss 0.00020431|val_loss 0.00020834
Epoch 308|time: 0.09s|train_loss 0.00021102|val_loss 0.00020494
Epoch 309|time: 0.09s|train_loss 0.00021905|val_loss 0.00022634
Epoch 310|time: 0.09s|train_loss 0.00019239|val_loss 0.00020639
Epoch 311|time: 0.09s|train_loss 0.00020109|val_loss 0.00020423
Epoch 312|time: 0.09s|train_loss 0.00018933|val_loss 0.00019997
Epoch 313|time: 0.09s|train_loss 0.00018803|val_loss 0.00020486
Epoch 314|time: 0.09s|train_loss 0.00018938|val_loss 0.00020081
Epoch 315|time: 0.09s|train_loss 0.00019028|val_loss 0.00020363
Epoch 316|time: 0.09s|train_loss 0.00021805|val_loss 0.00021478
Epoch 317|time: 0.09s|train_loss 0.00020429|val_loss 0.00023029
Epoch 318|time: 0.09s|train_loss 0.00019923|val_loss 0.00020385
Epoch 319|time: 0.09s|train_loss 0.00019406|val_loss 0.00020354
Epoch 320|time: 0.09s|train_loss 0.00019040|val_loss 0.00020126
Epoch 321|time: 0.09s|train_loss 0.00018994|val_loss 0.00021940
Epoch 322|time: 0.09s|train_loss 0.00019651|val_loss 0.00020874
Epoch 323|time: 0.09s|train_loss 0.00019567|val_loss 0.00021075
Epoch 324|time: 0.09s|train_loss 0.00019656|val_loss 0.00020153
Epoch 325|time: 0.09s|train_loss 0.00018086|val_loss 0.00020608
Epoch 326|time: 0.09s|train_loss 0.00018852|val_loss 0.00020428
Epoch 327|time: 0.09s|train_loss 0.00017841|val_loss 0.00021527
Epoch 328|time: 0.09s|train_loss 0.00020655|val_loss 0.00024158
Epoch 329|time: 0.09s|train_loss 0.00022167|val_loss 0.00021162
Epoch 330|time: 0.09s|train_loss 0.00022485|val_loss 0.00022657
Epoch 331|time: 0.09s|train_loss 0.00027716|val_loss 0.00023278
Epoch 332|time: 0.09s|train_loss 0.00021833|val_loss 0.00023255
Epoch 333|time: 0.09s|train_loss 0.00021644|val_loss 0.00021531
Epoch 334|time: 0.09s|train_loss 0.00020773|val_loss 0.00020382
Epoch 335|time: 0.09s|train_loss 0.00020665|val_loss 0.00021072
Epoch 336|time: 0.09s|train_loss 0.00021283|val_loss 0.00020214
Epoch 337|time: 0.09s|train_loss 0.00019014|val_loss 0.00019850
Best validation epoch: 337 Sat May 13 01:05:25 2023
TEST MAE 0.3362 std 0.0882 RMSE 0.5351 RMSEs 0.5169 PCC 0.8544 PCCs 0.8045 R2 0.6783 R2s 0.4718 Var 0.6847 Vars 0.5051 Peak 0.2135
Epoch 338|time: 0.09s|train_loss 0.00020035|val_loss 0.00019900
Epoch 339|time: 0.09s|train_loss 0.00019695|val_loss 0.00020192
Epoch 340|time: 0.09s|train_loss 0.00021729|val_loss 0.00019888
Epoch 341|time: 0.09s|train_loss 0.00020619|val_loss 0.00020576
Epoch 342|time: 0.09s|train_loss 0.00019764|val_loss 0.00026235
Epoch 343|time: 0.09s|train_loss 0.00021714|val_loss 0.00020566
Epoch 344|time: 0.09s|train_loss 0.00022552|val_loss 0.00022604
Epoch 345|time: 0.09s|train_loss 0.00021849|val_loss 0.00021547
Epoch 346|time: 0.09s|train_loss 0.00020640|val_loss 0.00020636
Epoch 347|time: 0.09s|train_loss 0.00019966|val_loss 0.00019322
Best validation epoch: 347 Sat May 13 01:05:25 2023
TEST MAE 0.3616 std 0.0950 RMSE 0.5696 RMSEs 0.5504 PCC 0.8486 PCCs 0.8064 R2 0.6356 R2s 0.3842 Var 0.6507 Vars 0.4452 Peak 0.2248
Epoch 348|time: 0.09s|train_loss 0.00018965|val_loss 0.00020286
Epoch 349|time: 0.09s|train_loss 0.00019075|val_loss 0.00020798
Epoch 350|time: 0.09s|train_loss 0.00018996|val_loss 0.00020654
Epoch 351|time: 0.09s|train_loss 0.00021549|val_loss 0.00020185
Epoch 352|time: 0.09s|train_loss 0.00022731|val_loss 0.00021223
Epoch 353|time: 0.09s|train_loss 0.00024368|val_loss 0.00023696
Epoch 354|time: 0.09s|train_loss 0.00025105|val_loss 0.00021294
Epoch 355|time: 0.09s|train_loss 0.00024201|val_loss 0.00021826
Epoch 356|time: 0.09s|train_loss 0.00023095|val_loss 0.00021984
Epoch 357|time: 0.09s|train_loss 0.00021023|val_loss 0.00024697
Epoch 358|time: 0.09s|train_loss 0.00020621|val_loss 0.00024827
Epoch 359|time: 0.09s|train_loss 0.00021681|val_loss 0.00020612
Epoch 360|time: 0.09s|train_loss 0.00020511|val_loss 0.00020296
Epoch 361|time: 0.09s|train_loss 0.00020396|val_loss 0.00022074
Epoch 362|time: 0.09s|train_loss 0.00021665|val_loss 0.00020534
Epoch 363|time: 0.09s|train_loss 0.00023498|val_loss 0.00021965
Epoch 364|time: 0.09s|train_loss 0.00021964|val_loss 0.00021994
Epoch 365|time: 0.09s|train_loss 0.00021298|val_loss 0.00020878
Epoch 366|time: 0.09s|train_loss 0.00023313|val_loss 0.00022515
Epoch 367|time: 0.09s|train_loss 0.00020612|val_loss 0.00021612
Epoch 368|time: 0.09s|train_loss 0.00019255|val_loss 0.00021092
Epoch 369|time: 0.09s|train_loss 0.00021021|val_loss 0.00020384
Epoch 370|time: 0.09s|train_loss 0.00018422|val_loss 0.00020340
Epoch 371|time: 0.09s|train_loss 0.00018696|val_loss 0.00020318
Epoch 372|time: 0.09s|train_loss 0.00019222|val_loss 0.00020736
Epoch 373|time: 0.09s|train_loss 0.00019667|val_loss 0.00021906
Epoch 374|time: 0.09s|train_loss 0.00022976|val_loss 0.00023001
Epoch 375|time: 0.09s|train_loss 0.00024641|val_loss 0.00021244
Epoch 376|time: 0.09s|train_loss 0.00023817|val_loss 0.00027043
Epoch 377|time: 0.09s|train_loss 0.00023257|val_loss 0.00023222
Epoch 378|time: 0.09s|train_loss 0.00020122|val_loss 0.00022108
Epoch 379|time: 0.09s|train_loss 0.00024075|val_loss 0.00021307
Epoch 380|time: 0.09s|train_loss 0.00021124|val_loss 0.00024192
Epoch 381|time: 0.09s|train_loss 0.00019881|val_loss 0.00022871
Epoch 382|time: 0.09s|train_loss 0.00021584|val_loss 0.00021280
Epoch 383|time: 0.09s|train_loss 0.00024476|val_loss 0.00023710
Epoch 384|time: 0.09s|train_loss 0.00021751|val_loss 0.00023024
Epoch 385|time: 0.09s|train_loss 0.00024633|val_loss 0.00021356
Epoch 386|time: 0.09s|train_loss 0.00024271|val_loss 0.00026235
Epoch 387|time: 0.09s|train_loss 0.00024028|val_loss 0.00022014
Epoch 388|time: 0.09s|train_loss 0.00031013|val_loss 0.00025872
Epoch 389|time: 0.09s|train_loss 0.00022989|val_loss 0.00027945
Epoch 390|time: 0.09s|train_loss 0.00023991|val_loss 0.00030425
Epoch 391|time: 0.09s|train_loss 0.00025625|val_loss 0.00021777
Epoch 392|time: 0.09s|train_loss 0.00020294|val_loss 0.00021162
Epoch 393|time: 0.09s|train_loss 0.00020112|val_loss 0.00023136
Epoch 394|time: 0.09s|train_loss 0.00021188|val_loss 0.00020954
Epoch 395|time: 0.09s|train_loss 0.00019264|val_loss 0.00021171
Epoch 396|time: 0.09s|train_loss 0.00021503|val_loss 0.00020370
Epoch 397|time: 0.09s|train_loss 0.00022811|val_loss 0.00021392
Epoch 398|time: 0.09s|train_loss 0.00019957|val_loss 0.00020676
Epoch 399|time: 0.09s|train_loss 0.00021892|val_loss 0.00021640
Epoch 400|time: 0.09s|train_loss 0.00019724|val_loss 0.00020815
Epoch 401|time: 0.09s|train_loss 0.00019153|val_loss 0.00021247
Epoch 402|time: 0.09s|train_loss 0.00019567|val_loss 0.00020848
Epoch 403|time: 0.09s|train_loss 0.00019966|val_loss 0.00021312
Epoch 404|time: 0.09s|train_loss 0.00020387|val_loss 0.00020680
Epoch 405|time: 0.09s|train_loss 0.00023310|val_loss 0.00021212
Epoch 406|time: 0.09s|train_loss 0.00028172|val_loss 0.00023279
Epoch 407|time: 0.09s|train_loss 0.00023400|val_loss 0.00022044
Epoch 408|time: 0.09s|train_loss 0.00022835|val_loss 0.00020133
Epoch 409|time: 0.09s|train_loss 0.00019576|val_loss 0.00021259
Epoch 410|time: 0.09s|train_loss 0.00019679|val_loss 0.00023332
Epoch 411|time: 0.09s|train_loss 0.00020429|val_loss 0.00020308
Epoch 412|time: 0.09s|train_loss 0.00019217|val_loss 0.00020403
Epoch 413|time: 0.09s|train_loss 0.00019756|val_loss 0.00022095
Epoch 414|time: 0.09s|train_loss 0.00021629|val_loss 0.00020778
Epoch 415|time: 0.09s|train_loss 0.00019369|val_loss 0.00020358
Epoch 416|time: 0.09s|train_loss 0.00019027|val_loss 0.00020070
Epoch 417|time: 0.09s|train_loss 0.00018670|val_loss 0.00020232
Epoch 418|time: 0.09s|train_loss 0.00018497|val_loss 0.00020118
Epoch 419|time: 0.09s|train_loss 0.00018910|val_loss 0.00020065
Epoch 420|time: 0.09s|train_loss 0.00018844|val_loss 0.00020090
Epoch 421|time: 0.09s|train_loss 0.00020916|val_loss 0.00020438
Epoch 422|time: 0.09s|train_loss 0.00019517|val_loss 0.00022367
Epoch 423|time: 0.09s|train_loss 0.00018627|val_loss 0.00020725
Epoch 424|time: 0.09s|train_loss 0.00019935|val_loss 0.00020998
Epoch 425|time: 0.09s|train_loss 0.00019765|val_loss 0.00022013
Epoch 426|time: 0.09s|train_loss 0.00021363|val_loss 0.00021807
Epoch 427|time: 0.09s|train_loss 0.00017863|val_loss 0.00021716
Epoch 428|time: 0.09s|train_loss 0.00020217|val_loss 0.00020071
Epoch 429|time: 0.09s|train_loss 0.00021171|val_loss 0.00020192
Epoch 430|time: 0.09s|train_loss 0.00019625|val_loss 0.00020510
Epoch 431|time: 0.09s|train_loss 0.00019704|val_loss 0.00020413
Epoch 432|time: 0.09s|train_loss 0.00020742|val_loss 0.00020111
Epoch 433|time: 0.09s|train_loss 0.00019664|val_loss 0.00023040
Epoch 434|time: 0.09s|train_loss 0.00023559|val_loss 0.00022242
Epoch 435|time: 0.09s|train_loss 0.00023177|val_loss 0.00023029
Epoch 436|time: 0.09s|train_loss 0.00022646|val_loss 0.00023126
Epoch 437|time: 0.09s|train_loss 0.00021828|val_loss 0.00020785
Epoch 438|time: 0.09s|train_loss 0.00018991|val_loss 0.00022189
Epoch 439|time: 0.09s|train_loss 0.00019594|val_loss 0.00021374
Epoch 440|time: 0.09s|train_loss 0.00020712|val_loss 0.00020871
Epoch 441|time: 0.09s|train_loss 0.00019741|val_loss 0.00022141
Epoch 442|time: 0.09s|train_loss 0.00019448|val_loss 0.00019998
Epoch 443|time: 0.09s|train_loss 0.00020235|val_loss 0.00020374
Epoch 444|time: 0.09s|train_loss 0.00019636|val_loss 0.00020799
Epoch 445|time: 0.09s|train_loss 0.00019457|val_loss 0.00021201
Epoch 446|time: 0.09s|train_loss 0.00018564|val_loss 0.00022296
Epoch 447|time: 0.09s|train_loss 0.00018451|val_loss 0.00020320
Epoch 448|time: 0.09s|train_loss 0.00019709|val_loss 0.00020877
Epoch 449|time: 0.09s|train_loss 0.00018963|val_loss 0.00020396
Epoch 450|time: 0.09s|train_loss 0.00019348|val_loss 0.00021264
Epoch 451|time: 0.09s|train_loss 0.00018585|val_loss 0.00022004
Epoch 452|time: 0.09s|train_loss 0.00019788|val_loss 0.00020033
Epoch 453|time: 0.09s|train_loss 0.00018308|val_loss 0.00020207
Epoch 454|time: 0.09s|train_loss 0.00018452|val_loss 0.00020118
Epoch 455|time: 0.09s|train_loss 0.00019781|val_loss 0.00020757
Epoch 456|time: 0.09s|train_loss 0.00019733|val_loss 0.00021920
Epoch 457|time: 0.09s|train_loss 0.00017841|val_loss 0.00020607
Epoch 458|time: 0.09s|train_loss 0.00019455|val_loss 0.00020225
Epoch 459|time: 0.09s|train_loss 0.00024107|val_loss 0.00020291
Epoch 460|time: 0.09s|train_loss 0.00019400|val_loss 0.00021704
Epoch 461|time: 0.09s|train_loss 0.00020455|val_loss 0.00023234
Epoch 462|time: 0.09s|train_loss 0.00021993|val_loss 0.00022631
Epoch 463|time: 0.09s|train_loss 0.00019607|val_loss 0.00020146
Epoch 464|time: 0.09s|train_loss 0.00020714|val_loss 0.00021178
Epoch 465|time: 0.09s|train_loss 0.00023121|val_loss 0.00021455
Epoch 466|time: 0.09s|train_loss 0.00021768|val_loss 0.00023261
Epoch 467|time: 0.09s|train_loss 0.00022036|val_loss 0.00021000
Epoch 468|time: 0.09s|train_loss 0.00020413|val_loss 0.00023862
Epoch 469|time: 0.09s|train_loss 0.00021525|val_loss 0.00021081
Epoch 470|time: 0.09s|train_loss 0.00020020|val_loss 0.00020304
Epoch 471|time: 0.09s|train_loss 0.00019635|val_loss 0.00019883
Epoch 472|time: 0.09s|train_loss 0.00018739|val_loss 0.00021412
Epoch 473|time: 0.09s|train_loss 0.00018616|val_loss 0.00020641
Epoch 474|time: 0.09s|train_loss 0.00021101|val_loss 0.00022065
Epoch 475|time: 0.09s|train_loss 0.00022537|val_loss 0.00024465
Epoch 476|time: 0.09s|train_loss 0.00025641|val_loss 0.00023901
Epoch 477|time: 0.09s|train_loss 0.00024154|val_loss 0.00023817
Epoch 478|time: 0.09s|train_loss 0.00021859|val_loss 0.00026480
Epoch 479|time: 0.09s|train_loss 0.00026453|val_loss 0.00023158
Epoch 480|time: 0.09s|train_loss 0.00021753|val_loss 0.00021503
Epoch 481|time: 0.09s|train_loss 0.00024228|val_loss 0.00023041
Epoch 482|time: 0.09s|train_loss 0.00020823|val_loss 0.00026045
Epoch 483|time: 0.09s|train_loss 0.00025924|val_loss 0.00021711
Epoch 484|time: 0.09s|train_loss 0.00024496|val_loss 0.00024097
Epoch 485|time: 0.09s|train_loss 0.00022220|val_loss 0.00022378
Epoch 486|time: 0.09s|train_loss 0.00022363|val_loss 0.00022538
Epoch 487|time: 0.09s|train_loss 0.00020313|val_loss 0.00021009
Epoch 488|time: 0.09s|train_loss 0.00021414|val_loss 0.00021316
Epoch 489|time: 0.09s|train_loss 0.00019996|val_loss 0.00021120
Epoch 490|time: 0.09s|train_loss 0.00021827|val_loss 0.00020506
Epoch 491|time: 0.09s|train_loss 0.00020477|val_loss 0.00023195
Epoch 492|time: 0.09s|train_loss 0.00020452|val_loss 0.00021156
Epoch 493|time: 0.09s|train_loss 0.00019880|val_loss 0.00020554
Epoch 494|time: 0.09s|train_loss 0.00018790|val_loss 0.00020187
Epoch 495|time: 0.09s|train_loss 0.00019357|val_loss 0.00020708
Epoch 496|time: 0.09s|train_loss 0.00020758|val_loss 0.00020114
Epoch 497|time: 0.09s|train_loss 0.00018659|val_loss 0.00020433
Epoch 498|time: 0.09s|train_loss 0.00020338|val_loss 0.00020345
Epoch 499|time: 0.09s|train_loss 0.00020387|val_loss 0.00020131
Epoch 500|time: 0.09s|train_loss 0.00018318|val_loss 0.00020106
Epoch 501|time: 0.09s|train_loss 0.00021427|val_loss 0.00021579
Epoch 502|time: 0.09s|train_loss 0.00023666|val_loss 0.00023545
Epoch 503|time: 0.09s|train_loss 0.00022161|val_loss 0.00024195
Epoch 504|time: 0.09s|train_loss 0.00023736|val_loss 0.00021164
Epoch 505|time: 0.09s|train_loss 0.00023343|val_loss 0.00020106
Epoch 506|time: 0.09s|train_loss 0.00023144|val_loss 0.00020419
Epoch 507|time: 0.09s|train_loss 0.00022503|val_loss 0.00021106
Epoch 508|time: 0.09s|train_loss 0.00021912|val_loss 0.00022483
Epoch 509|time: 0.09s|train_loss 0.00023244|val_loss 0.00022361
Epoch 510|time: 0.09s|train_loss 0.00020697|val_loss 0.00023553
Epoch 511|time: 0.09s|train_loss 0.00019282|val_loss 0.00020951
Epoch 512|time: 0.09s|train_loss 0.00018746|val_loss 0.00020333
Epoch 513|time: 0.09s|train_loss 0.00019326|val_loss 0.00019998
Epoch 514|time: 0.09s|train_loss 0.00018286|val_loss 0.00019791
Epoch 515|time: 0.09s|train_loss 0.00019161|val_loss 0.00021267
Epoch 516|time: 0.09s|train_loss 0.00020273|val_loss 0.00020766
Epoch 517|time: 0.09s|train_loss 0.00026021|val_loss 0.00026327
Epoch 518|time: 0.09s|train_loss 0.00026509|val_loss 0.00033589
Epoch 519|time: 0.09s|train_loss 0.00022544|val_loss 0.00020768
Epoch 520|time: 0.09s|train_loss 0.00022248|val_loss 0.00019854
Epoch 521|time: 0.09s|train_loss 0.00023767|val_loss 0.00020248
Epoch 522|time: 0.09s|train_loss 0.00020061|val_loss 0.00021324
Epoch 523|time: 0.09s|train_loss 0.00019646|val_loss 0.00021470
Epoch 524|time: 0.09s|train_loss 0.00020302|val_loss 0.00020162
Epoch 525|time: 0.09s|train_loss 0.00018172|val_loss 0.00019895
Epoch 526|time: 0.09s|train_loss 0.00018058|val_loss 0.00020021
Epoch 527|time: 0.09s|train_loss 0.00022569|val_loss 0.00020036
Epoch 528|time: 0.09s|train_loss 0.00017694|val_loss 0.00020022
Epoch 529|time: 0.09s|train_loss 0.00018103|val_loss 0.00021213
Epoch 530|time: 0.09s|train_loss 0.00021994|val_loss 0.00020208
Epoch 531|time: 0.09s|train_loss 0.00021500|val_loss 0.00023385
Epoch 532|time: 0.09s|train_loss 0.00022086|val_loss 0.00022484
Epoch 533|time: 0.09s|train_loss 0.00020650|val_loss 0.00020742
Epoch 534|time: 0.09s|train_loss 0.00020106|val_loss 0.00020954
Epoch 535|time: 0.09s|train_loss 0.00019656|val_loss 0.00021171
Epoch 536|time: 0.09s|train_loss 0.00019283|val_loss 0.00019894
Epoch 537|time: 0.09s|train_loss 0.00018158|val_loss 0.00020765
Epoch 538|time: 0.09s|train_loss 0.00019603|val_loss 0.00020349
Epoch 539|time: 0.09s|train_loss 0.00018537|val_loss 0.00019940
Epoch 540|time: 0.09s|train_loss 0.00018624|val_loss 0.00020294
Epoch 541|time: 0.09s|train_loss 0.00017459|val_loss 0.00019898
Epoch 542|time: 0.09s|train_loss 0.00018095|val_loss 0.00020594
Epoch 543|time: 0.09s|train_loss 0.00019848|val_loss 0.00020630
Epoch 544|time: 0.09s|train_loss 0.00020561|val_loss 0.00020537
Epoch 545|time: 0.09s|train_loss 0.00021455|val_loss 0.00019685
Epoch 546|time: 0.09s|train_loss 0.00019983|val_loss 0.00020559
Epoch 547|time: 0.09s|train_loss 0.00018583|val_loss 0.00020262
Final evaluation
TEST MAE 0.3616 | std 0.0950 | RMSE 0.5696 | RMSEs 0.5504 | PCC 0.8486 | PCCs 0.8064 | R2 0.6356 | R2s 0.3842 | Var 0.6507 | Vars 0.4452 | Peak 0.2248
