--------Parameters--------
Namespace(batch=32, bi=False, check_point=1, cuda=False, dataset='us_hhs', dropout=0.2, epilambda=0.2, epochs=1500, gpu=3, hidsp=15, horizon=2, k=10, lamda=0.01, lr=0.005, model='cola_gnn', mylog=True, n_hidden=20, n_layer=1, patience=200, rnn_model='RNN', save_dir='save', seed=42, shuffle=False, sim_mat='us_hhs-adj', test=0.2, train=0.6, val=0.2, weight_decay=0.0005, window=20)
--------------------------
data shape (364, 10)
364 10
(364, 10)
size of train/val/test sets 197 73 73
#params: 2163
begin training
Epoch   1|time: 0.09s|train_loss 0.00127573|val_loss 0.00082726
Best validation epoch: 1 Sat May 13 00:53:25 2023
TEST MAE 0.9649 std 0.2905 RMSE 1.0885 RMSEs 1.0474 PCC 0.8721 PCCs 0.8636 R2 -0.3310 R2s -1.0026 Var 0.7144 Vars 0.7110 Peak 0.4645
Epoch   2|time: 0.08s|train_loss 0.00043678|val_loss 0.00027704
Best validation epoch: 2 Sat May 13 00:53:25 2023
TEST MAE 0.3412 std 0.0685 RMSE 0.4555 RMSEs 0.4417 PCC 0.8966 PCCs 0.8817 R2 0.7669 R2s 0.6407 Var 0.7717 Vars 0.6867 Peak 0.1551
Epoch   3|time: 0.08s|train_loss 0.00030893|val_loss 0.00036227
Epoch   4|time: 0.08s|train_loss 0.00030624|val_loss 0.00019407
Best validation epoch: 4 Sat May 13 00:53:25 2023
TEST MAE 0.2429 std 0.0739 RMSE 0.3874 RMSEs 0.3696 PCC 0.9206 PCCs 0.8873 R2 0.8314 R2s 0.7558 Var 0.8357 Vars 0.7686 Peak 0.1505
Epoch   5|time: 0.08s|train_loss 0.00024607|val_loss 0.00021333
Epoch   6|time: 0.08s|train_loss 0.00019189|val_loss 0.00022752
Epoch   7|time: 0.08s|train_loss 0.00019804|val_loss 0.00026611
Epoch   8|time: 0.08s|train_loss 0.00020532|val_loss 0.00018370
Best validation epoch: 8 Sat May 13 00:53:26 2023
TEST MAE 0.2389 std 0.0689 RMSE 0.3804 RMSEs 0.3651 PCC 0.9217 PCCs 0.8851 R2 0.8374 R2s 0.7601 Var 0.8431 Vars 0.7721 Peak 0.1462
Epoch   9|time: 0.08s|train_loss 0.00019529|val_loss 0.00018635
Epoch  10|time: 0.08s|train_loss 0.00018834|val_loss 0.00018329
Best validation epoch: 10 Sat May 13 00:53:26 2023
TEST MAE 0.2285 std 0.0709 RMSE 0.3679 RMSEs 0.3513 PCC 0.9283 PCCs 0.8959 R2 0.8480 R2s 0.7791 Var 0.8566 Vars 0.7940 Peak 0.1430
Epoch  11|time: 0.08s|train_loss 0.00018842|val_loss 0.00018599
Epoch  12|time: 0.08s|train_loss 0.00018001|val_loss 0.00017898
Best validation epoch: 12 Sat May 13 00:53:26 2023
TEST MAE 0.2251 std 0.0631 RMSE 0.3519 RMSEs 0.3373 PCC 0.9296 PCCs 0.8986 R2 0.8609 R2s 0.7942 Var 0.8618 Vars 0.8002 Peak 0.1328
Epoch  13|time: 0.08s|train_loss 0.00018975|val_loss 0.00018165
Epoch  14|time: 0.08s|train_loss 0.00017477|val_loss 0.00018105
Epoch  15|time: 0.08s|train_loss 0.00019383|val_loss 0.00020154
Epoch  16|time: 0.07s|train_loss 0.00018067|val_loss 0.00021358
Epoch  17|time: 0.08s|train_loss 0.00020011|val_loss 0.00020214
Epoch  18|time: 0.08s|train_loss 0.00017640|val_loss 0.00017862
Best validation epoch: 18 Sat May 13 00:53:26 2023
TEST MAE 0.2140 std 0.0646 RMSE 0.3388 RMSEs 0.3229 PCC 0.9348 PCCs 0.9074 R2 0.8710 R2s 0.8124 Var 0.8728 Vars 0.8179 Peak 0.1296
Epoch  19|time: 0.07s|train_loss 0.00017409|val_loss 0.00018740
Epoch  20|time: 0.08s|train_loss 0.00017503|val_loss 0.00024861
Epoch  21|time: 0.08s|train_loss 0.00019020|val_loss 0.00021876
Epoch  22|time: 0.08s|train_loss 0.00018327|val_loss 0.00019913
Epoch  23|time: 0.08s|train_loss 0.00018381|val_loss 0.00018242
Epoch  24|time: 0.08s|train_loss 0.00017415|val_loss 0.00017738
Best validation epoch: 24 Sat May 13 00:53:27 2023
TEST MAE 0.2155 std 0.0608 RMSE 0.3387 RMSEs 0.3242 PCC 0.9344 PCCs 0.9056 R2 0.8711 R2s 0.8100 Var 0.8724 Vars 0.8144 Peak 0.1280
Epoch  25|time: 0.08s|train_loss 0.00017360|val_loss 0.00020170
Epoch  26|time: 0.08s|train_loss 0.00017444|val_loss 0.00019489
Epoch  27|time: 0.08s|train_loss 0.00017359|val_loss 0.00018227
Epoch  28|time: 0.08s|train_loss 0.00017360|val_loss 0.00020135
Epoch  29|time: 0.08s|train_loss 0.00016901|val_loss 0.00019508
Epoch  30|time: 0.08s|train_loss 0.00018366|val_loss 0.00019375
Epoch  31|time: 0.08s|train_loss 0.00018297|val_loss 0.00019866
Epoch  32|time: 0.08s|train_loss 0.00017760|val_loss 0.00018142
Epoch  33|time: 0.08s|train_loss 0.00018280|val_loss 0.00019015
Epoch  34|time: 0.08s|train_loss 0.00019067|val_loss 0.00018009
Epoch  35|time: 0.07s|train_loss 0.00018518|val_loss 0.00022447
Epoch  36|time: 0.08s|train_loss 0.00018614|val_loss 0.00020454
Epoch  37|time: 0.08s|train_loss 0.00016864|val_loss 0.00018012
Epoch  38|time: 0.08s|train_loss 0.00020523|val_loss 0.00020271
Epoch  39|time: 0.08s|train_loss 0.00017102|val_loss 0.00020136
Epoch  40|time: 0.08s|train_loss 0.00016415|val_loss 0.00018225
Epoch  41|time: 0.08s|train_loss 0.00018660|val_loss 0.00018528
Epoch  42|time: 0.08s|train_loss 0.00019059|val_loss 0.00018090
Epoch  43|time: 0.08s|train_loss 0.00016421|val_loss 0.00022615
Epoch  44|time: 0.08s|train_loss 0.00019347|val_loss 0.00023332
Epoch  45|time: 0.08s|train_loss 0.00019591|val_loss 0.00019986
Epoch  46|time: 0.08s|train_loss 0.00020587|val_loss 0.00017655
Best validation epoch: 46 Sat May 13 00:53:29 2023
TEST MAE 0.2255 std 0.0560 RMSE 0.3412 RMSEs 0.3291 PCC 0.9344 PCCs 0.9068 R2 0.8692 R2s 0.8005 Var 0.8722 Vars 0.8125 Peak 0.1217
Epoch  47|time: 0.07s|train_loss 0.00017665|val_loss 0.00018428
Epoch  48|time: 0.08s|train_loss 0.00016652|val_loss 0.00019606
Epoch  49|time: 0.08s|train_loss 0.00019260|val_loss 0.00019434
Epoch  50|time: 0.08s|train_loss 0.00018807|val_loss 0.00017909
Epoch  51|time: 0.08s|train_loss 0.00017816|val_loss 0.00017857
Epoch  52|time: 0.08s|train_loss 0.00016370|val_loss 0.00018195
Epoch  53|time: 0.08s|train_loss 0.00016629|val_loss 0.00020484
Epoch  54|time: 0.08s|train_loss 0.00017755|val_loss 0.00021569
Epoch  55|time: 0.08s|train_loss 0.00019145|val_loss 0.00020185
Epoch  56|time: 0.08s|train_loss 0.00017166|val_loss 0.00018388
Epoch  57|time: 0.07s|train_loss 0.00016759|val_loss 0.00017560
Best validation epoch: 57 Sat May 13 00:53:29 2023
TEST MAE 0.2119 std 0.0612 RMSE 0.3336 RMSEs 0.3189 PCC 0.9361 PCCs 0.9094 R2 0.8750 R2s 0.8168 Var 0.8762 Vars 0.8208 Peak 0.1272
Epoch  58|time: 0.08s|train_loss 0.00016692|val_loss 0.00019150
Epoch  59|time: 0.08s|train_loss 0.00017189|val_loss 0.00018370
Epoch  60|time: 0.08s|train_loss 0.00016862|val_loss 0.00017623
Epoch  61|time: 0.08s|train_loss 0.00016827|val_loss 0.00019701
Epoch  62|time: 0.07s|train_loss 0.00021059|val_loss 0.00017639
Epoch  63|time: 0.11s|train_loss 0.00017605|val_loss 0.00017785
Epoch  64|time: 0.08s|train_loss 0.00017255|val_loss 0.00018056
Epoch  65|time: 0.08s|train_loss 0.00017417|val_loss 0.00020829
Epoch  66|time: 0.08s|train_loss 0.00018451|val_loss 0.00022302
Epoch  67|time: 0.08s|train_loss 0.00017143|val_loss 0.00020653
Epoch  68|time: 0.07s|train_loss 0.00017271|val_loss 0.00018085
Epoch  69|time: 0.08s|train_loss 0.00016079|val_loss 0.00017705
Epoch  70|time: 0.07s|train_loss 0.00015558|val_loss 0.00018039
Epoch  71|time: 0.08s|train_loss 0.00017302|val_loss 0.00018167
Epoch  72|time: 0.08s|train_loss 0.00015725|val_loss 0.00017643
Epoch  73|time: 0.08s|train_loss 0.00015958|val_loss 0.00018754
Epoch  74|time: 0.08s|train_loss 0.00017132|val_loss 0.00024580
Epoch  75|time: 0.07s|train_loss 0.00018541|val_loss 0.00022723
Epoch  76|time: 0.08s|train_loss 0.00019049|val_loss 0.00022729
Epoch  77|time: 0.08s|train_loss 0.00018256|val_loss 0.00017725
Epoch  78|time: 0.08s|train_loss 0.00017122|val_loss 0.00017726
Epoch  79|time: 0.08s|train_loss 0.00016425|val_loss 0.00019096
Epoch  80|time: 0.08s|train_loss 0.00016404|val_loss 0.00018272
Epoch  81|time: 0.08s|train_loss 0.00017364|val_loss 0.00018195
Epoch  82|time: 0.08s|train_loss 0.00017148|val_loss 0.00018718
Epoch  83|time: 0.08s|train_loss 0.00015824|val_loss 0.00017530
Best validation epoch: 83 Sat May 13 00:53:32 2023
TEST MAE 0.2101 std 0.0601 RMSE 0.3288 RMSEs 0.3143 PCC 0.9374 PCCs 0.9122 R2 0.8785 R2s 0.8213 Var 0.8785 Vars 0.8248 Peak 0.1214
Epoch  84|time: 0.07s|train_loss 0.00019980|val_loss 0.00019718
Epoch  85|time: 0.07s|train_loss 0.00017647|val_loss 0.00018027
Epoch  86|time: 0.08s|train_loss 0.00016798|val_loss 0.00018781
Epoch  87|time: 0.08s|train_loss 0.00017876|val_loss 0.00018163
Epoch  88|time: 0.08s|train_loss 0.00017623|val_loss 0.00017911
Epoch  89|time: 0.08s|train_loss 0.00015853|val_loss 0.00018271
Epoch  90|time: 0.08s|train_loss 0.00019967|val_loss 0.00020434
Epoch  91|time: 0.08s|train_loss 0.00016951|val_loss 0.00019206
Epoch  92|time: 0.08s|train_loss 0.00016135|val_loss 0.00017468
Best validation epoch: 92 Sat May 13 00:53:32 2023
TEST MAE 0.2085 std 0.0590 RMSE 0.3285 RMSEs 0.3140 PCC 0.9377 PCCs 0.9122 R2 0.8788 R2s 0.8219 Var 0.8792 Vars 0.8248 Peak 0.1226
Epoch  93|time: 0.07s|train_loss 0.00016626|val_loss 0.00017635
Epoch  94|time: 0.08s|train_loss 0.00016620|val_loss 0.00017952
Epoch  95|time: 0.08s|train_loss 0.00015702|val_loss 0.00018030
Epoch  96|time: 0.08s|train_loss 0.00016746|val_loss 0.00019033
Epoch  97|time: 0.08s|train_loss 0.00015929|val_loss 0.00021024
Epoch  98|time: 0.07s|train_loss 0.00018632|val_loss 0.00022758
Epoch  99|time: 0.08s|train_loss 0.00017897|val_loss 0.00023371
Epoch 100|time: 0.08s|train_loss 0.00018768|val_loss 0.00020178
Epoch 101|time: 0.08s|train_loss 0.00018244|val_loss 0.00017593
Epoch 102|time: 0.07s|train_loss 0.00016922|val_loss 0.00017506
Epoch 103|time: 0.08s|train_loss 0.00018554|val_loss 0.00018608
Epoch 104|time: 0.08s|train_loss 0.00015536|val_loss 0.00017516
Epoch 105|time: 0.08s|train_loss 0.00016455|val_loss 0.00018061
Epoch 106|time: 0.08s|train_loss 0.00017664|val_loss 0.00017914
Epoch 107|time: 0.08s|train_loss 0.00017521|val_loss 0.00017800
Epoch 108|time: 0.08s|train_loss 0.00017184|val_loss 0.00021146
Epoch 109|time: 0.08s|train_loss 0.00017139|val_loss 0.00020994
Epoch 110|time: 0.08s|train_loss 0.00018254|val_loss 0.00021634
Epoch 111|time: 0.08s|train_loss 0.00017652|val_loss 0.00019915
Epoch 112|time: 0.08s|train_loss 0.00016219|val_loss 0.00020782
Epoch 113|time: 0.08s|train_loss 0.00017570|val_loss 0.00018715
Epoch 114|time: 0.08s|train_loss 0.00016085|val_loss 0.00018454
Epoch 115|time: 0.08s|train_loss 0.00017003|val_loss 0.00017750
Epoch 116|time: 0.08s|train_loss 0.00016081|val_loss 0.00017777
Epoch 117|time: 0.08s|train_loss 0.00015694|val_loss 0.00017685
Epoch 118|time: 0.08s|train_loss 0.00015193|val_loss 0.00017507
Epoch 119|time: 0.08s|train_loss 0.00015116|val_loss 0.00017650
Epoch 120|time: 0.08s|train_loss 0.00017473|val_loss 0.00019574
Epoch 121|time: 0.08s|train_loss 0.00017999|val_loss 0.00019143
Epoch 122|time: 0.08s|train_loss 0.00017850|val_loss 0.00018422
Epoch 123|time: 0.08s|train_loss 0.00016598|val_loss 0.00018494
Epoch 124|time: 0.08s|train_loss 0.00015970|val_loss 0.00020515
Epoch 125|time: 0.08s|train_loss 0.00016822|val_loss 0.00018330
Epoch 126|time: 0.08s|train_loss 0.00015451|val_loss 0.00017981
Epoch 127|time: 0.08s|train_loss 0.00017531|val_loss 0.00022317
Epoch 128|time: 0.08s|train_loss 0.00018057|val_loss 0.00022581
Epoch 129|time: 0.08s|train_loss 0.00017913|val_loss 0.00019674
Epoch 130|time: 0.08s|train_loss 0.00016470|val_loss 0.00017660
Epoch 131|time: 0.08s|train_loss 0.00016415|val_loss 0.00017569
Epoch 132|time: 0.08s|train_loss 0.00015949|val_loss 0.00017498
Epoch 133|time: 0.08s|train_loss 0.00015817|val_loss 0.00017597
Epoch 134|time: 0.08s|train_loss 0.00015544|val_loss 0.00018341
Epoch 135|time: 0.08s|train_loss 0.00016016|val_loss 0.00019523
Epoch 136|time: 0.08s|train_loss 0.00016886|val_loss 0.00022642
Epoch 137|time: 0.08s|train_loss 0.00018454|val_loss 0.00018971
Epoch 138|time: 0.08s|train_loss 0.00016739|val_loss 0.00017435
Best validation epoch: 138 Sat May 13 00:53:36 2023
TEST MAE 0.2060 std 0.0662 RMSE 0.3250 RMSEs 0.3082 PCC 0.9402 PCCs 0.9203 R2 0.8813 R2s 0.8293 Var 0.8816 Vars 0.8326 Peak 0.1212
Epoch 139|time: 0.08s|train_loss 0.00016561|val_loss 0.00017445
Epoch 140|time: 0.08s|train_loss 0.00016096|val_loss 0.00017165
Best validation epoch: 140 Sat May 13 00:53:36 2023
TEST MAE 0.2088 std 0.0593 RMSE 0.3295 RMSEs 0.3154 PCC 0.9374 PCCs 0.9134 R2 0.8780 R2s 0.8191 Var 0.8783 Vars 0.8250 Peak 0.1200
Epoch 141|time: 0.08s|train_loss 0.00014968|val_loss 0.00017187
Epoch 142|time: 0.08s|train_loss 0.00016223|val_loss 0.00019188
Epoch 143|time: 0.08s|train_loss 0.00017526|val_loss 0.00017763
Epoch 144|time: 0.08s|train_loss 0.00016984|val_loss 0.00017681
Epoch 145|time: 0.08s|train_loss 0.00016500|val_loss 0.00017011
Best validation epoch: 145 Sat May 13 00:53:36 2023
TEST MAE 0.2062 std 0.0617 RMSE 0.3263 RMSEs 0.3110 PCC 0.9397 PCCs 0.9176 R2 0.8804 R2s 0.8251 Var 0.8804 Vars 0.8285 Peak 0.1188
Epoch 146|time: 0.07s|train_loss 0.00015331|val_loss 0.00017898
Epoch 147|time: 0.08s|train_loss 0.00015295|val_loss 0.00019546
Epoch 148|time: 0.08s|train_loss 0.00016155|val_loss 0.00019437
Epoch 149|time: 0.08s|train_loss 0.00017128|val_loss 0.00017262
Epoch 150|time: 0.08s|train_loss 0.00015199|val_loss 0.00017343
Epoch 151|time: 0.08s|train_loss 0.00016204|val_loss 0.00017197
Epoch 152|time: 0.08s|train_loss 0.00015401|val_loss 0.00017539
Epoch 153|time: 0.08s|train_loss 0.00016425|val_loss 0.00017693
Epoch 154|time: 0.08s|train_loss 0.00016826|val_loss 0.00018728
Epoch 155|time: 0.08s|train_loss 0.00016905|val_loss 0.00018575
Epoch 156|time: 0.08s|train_loss 0.00016051|val_loss 0.00017286
Epoch 157|time: 0.08s|train_loss 0.00019350|val_loss 0.00017727
Epoch 158|time: 0.08s|train_loss 0.00016403|val_loss 0.00017032
Epoch 159|time: 0.08s|train_loss 0.00016354|val_loss 0.00016861
Best validation epoch: 159 Sat May 13 00:53:37 2023
TEST MAE 0.2077 std 0.0639 RMSE 0.3290 RMSEs 0.3135 PCC 0.9381 PCCs 0.9160 R2 0.8784 R2s 0.8222 Var 0.8784 Vars 0.8261 Peak 0.1215
Epoch 160|time: 0.08s|train_loss 0.00015495|val_loss 0.00017468
Epoch 161|time: 0.08s|train_loss 0.00015812|val_loss 0.00017016
Epoch 162|time: 0.08s|train_loss 0.00016194|val_loss 0.00019168
Epoch 163|time: 0.08s|train_loss 0.00014906|val_loss 0.00018129
Epoch 164|time: 0.08s|train_loss 0.00017417|val_loss 0.00019470
Epoch 165|time: 0.08s|train_loss 0.00017540|val_loss 0.00017787
Epoch 166|time: 0.08s|train_loss 0.00016464|val_loss 0.00017954
Epoch 167|time: 0.08s|train_loss 0.00015709|val_loss 0.00019310
Epoch 168|time: 0.08s|train_loss 0.00015812|val_loss 0.00018169
Epoch 169|time: 0.08s|train_loss 0.00016134|val_loss 0.00019357
Epoch 170|time: 0.08s|train_loss 0.00017166|val_loss 0.00018361
Epoch 171|time: 0.08s|train_loss 0.00015922|val_loss 0.00017759
Epoch 172|time: 0.08s|train_loss 0.00015656|val_loss 0.00017384
Epoch 173|time: 0.08s|train_loss 0.00014832|val_loss 0.00018649
Epoch 174|time: 0.08s|train_loss 0.00016343|val_loss 0.00017234
Epoch 175|time: 0.08s|train_loss 0.00016431|val_loss 0.00017183
Epoch 176|time: 0.08s|train_loss 0.00015435|val_loss 0.00018679
Epoch 177|time: 0.08s|train_loss 0.00017137|val_loss 0.00018499
Epoch 178|time: 0.07s|train_loss 0.00015729|val_loss 0.00018541
Epoch 179|time: 0.08s|train_loss 0.00016688|val_loss 0.00017402
Epoch 180|time: 0.08s|train_loss 0.00015910|val_loss 0.00016783
Best validation epoch: 180 Sat May 13 00:53:39 2023
TEST MAE 0.2280 std 0.0666 RMSE 0.3596 RMSEs 0.3437 PCC 0.9362 PCCs 0.9168 R2 0.8547 R2s 0.7802 Var 0.8634 Vars 0.8043 Peak 0.1309
Epoch 181|time: 0.07s|train_loss 0.00016190|val_loss 0.00017269
Epoch 182|time: 0.08s|train_loss 0.00016691|val_loss 0.00018507
Epoch 183|time: 0.07s|train_loss 0.00016644|val_loss 0.00017009
Epoch 184|time: 0.08s|train_loss 0.00015807|val_loss 0.00018024
Epoch 185|time: 0.08s|train_loss 0.00016344|val_loss 0.00017210
Epoch 186|time: 0.08s|train_loss 0.00015537|val_loss 0.00017008
Epoch 187|time: 0.08s|train_loss 0.00014817|val_loss 0.00018289
Epoch 188|time: 0.07s|train_loss 0.00016170|val_loss 0.00022247
Epoch 189|time: 0.08s|train_loss 0.00018980|val_loss 0.00018623
Epoch 190|time: 0.08s|train_loss 0.00015266|val_loss 0.00017153
Epoch 191|time: 0.08s|train_loss 0.00017305|val_loss 0.00017580
Epoch 192|time: 0.08s|train_loss 0.00015663|val_loss 0.00019741
Epoch 193|time: 0.08s|train_loss 0.00016526|val_loss 0.00018416
Epoch 194|time: 0.08s|train_loss 0.00015621|val_loss 0.00018825
Epoch 195|time: 0.07s|train_loss 0.00016544|val_loss 0.00021492
Epoch 196|time: 0.08s|train_loss 0.00017110|val_loss 0.00022677
Epoch 197|time: 0.08s|train_loss 0.00019087|val_loss 0.00019696
Epoch 198|time: 0.08s|train_loss 0.00017404|val_loss 0.00017181
Epoch 199|time: 0.08s|train_loss 0.00015948|val_loss 0.00017123
Epoch 200|time: 0.08s|train_loss 0.00018089|val_loss 0.00017022
Epoch 201|time: 0.08s|train_loss 0.00015621|val_loss 0.00019163
Epoch 202|time: 0.08s|train_loss 0.00017479|val_loss 0.00018522
Epoch 203|time: 0.08s|train_loss 0.00016702|val_loss 0.00017512
Epoch 204|time: 0.08s|train_loss 0.00016638|val_loss 0.00017589
Epoch 205|time: 0.08s|train_loss 0.00016140|val_loss 0.00016591
Best validation epoch: 205 Sat May 13 00:53:41 2023
TEST MAE 0.2243 std 0.0683 RMSE 0.3600 RMSEs 0.3434 PCC 0.9344 PCCs 0.9135 R2 0.8544 R2s 0.7832 Var 0.8591 Vars 0.7974 Peak 0.1328
Epoch 206|time: 0.08s|train_loss 0.00015575|val_loss 0.00017875
Epoch 207|time: 0.08s|train_loss 0.00015069|val_loss 0.00018618
Epoch 208|time: 0.08s|train_loss 0.00015383|val_loss 0.00019256
Epoch 209|time: 0.08s|train_loss 0.00016263|val_loss 0.00019471
Epoch 210|time: 0.08s|train_loss 0.00015610|val_loss 0.00017436
Epoch 211|time: 0.07s|train_loss 0.00014848|val_loss 0.00016922
Epoch 212|time: 0.08s|train_loss 0.00015932|val_loss 0.00018167
Epoch 213|time: 0.08s|train_loss 0.00015591|val_loss 0.00016686
Epoch 214|time: 0.08s|train_loss 0.00019813|val_loss 0.00017433
Epoch 215|time: 0.08s|train_loss 0.00015339|val_loss 0.00017423
Epoch 216|time: 0.08s|train_loss 0.00014807|val_loss 0.00018863
Epoch 217|time: 0.08s|train_loss 0.00015278|val_loss 0.00018546
Epoch 218|time: 0.08s|train_loss 0.00015524|val_loss 0.00018059
Epoch 219|time: 0.08s|train_loss 0.00014584|val_loss 0.00017408
Epoch 220|time: 0.08s|train_loss 0.00014046|val_loss 0.00016978
Epoch 221|time: 0.07s|train_loss 0.00014375|val_loss 0.00018472
Epoch 222|time: 0.08s|train_loss 0.00015662|val_loss 0.00017302
Epoch 223|time: 0.08s|train_loss 0.00016250|val_loss 0.00016776
Epoch 224|time: 0.08s|train_loss 0.00015252|val_loss 0.00017860
Epoch 225|time: 0.08s|train_loss 0.00015493|val_loss 0.00017796
Epoch 226|time: 0.08s|train_loss 0.00015636|val_loss 0.00016790
Epoch 227|time: 0.08s|train_loss 0.00015907|val_loss 0.00019725
Epoch 228|time: 0.08s|train_loss 0.00015625|val_loss 0.00021500
Epoch 229|time: 0.07s|train_loss 0.00016792|val_loss 0.00019547
Epoch 230|time: 0.08s|train_loss 0.00016381|val_loss 0.00016519
Best validation epoch: 230 Sat May 13 00:53:43 2023
TEST MAE 0.2245 std 0.0664 RMSE 0.3709 RMSEs 0.3548 PCC 0.9278 PCCs 0.9046 R2 0.8455 R2s 0.7664 Var 0.8467 Vars 0.7740 Peak 0.1333
Epoch 231|time: 0.08s|train_loss 0.00015069|val_loss 0.00016716
Epoch 232|time: 0.08s|train_loss 0.00016060|val_loss 0.00017017
Epoch 233|time: 0.08s|train_loss 0.00015169|val_loss 0.00017993
Epoch 234|time: 0.08s|train_loss 0.00014962|val_loss 0.00016647
Epoch 235|time: 0.08s|train_loss 0.00016418|val_loss 0.00016471
Best validation epoch: 235 Sat May 13 00:53:43 2023
TEST MAE 0.2288 std 0.0576 RMSE 0.3729 RMSEs 0.3606 PCC 0.9195 PCCs 0.8834 R2 0.8438 R2s 0.7594 Var 0.8438 Vars 0.7633 Peak 0.1391
Epoch 236|time: 0.07s|train_loss 0.00014606|val_loss 0.00018275
Epoch 237|time: 0.08s|train_loss 0.00015784|val_loss 0.00016640
Epoch 238|time: 0.08s|train_loss 0.00016462|val_loss 0.00017470
Epoch 239|time: 0.08s|train_loss 0.00016552|val_loss 0.00017676
Epoch 240|time: 0.08s|train_loss 0.00017745|val_loss 0.00017631
Epoch 241|time: 0.08s|train_loss 0.00016399|val_loss 0.00017871
Epoch 242|time: 0.08s|train_loss 0.00015681|val_loss 0.00017455
Epoch 243|time: 0.08s|train_loss 0.00016176|val_loss 0.00021608
Epoch 244|time: 0.07s|train_loss 0.00017974|val_loss 0.00016970
Epoch 245|time: 0.08s|train_loss 0.00014990|val_loss 0.00018156
Epoch 246|time: 0.08s|train_loss 0.00014983|val_loss 0.00017636
Epoch 247|time: 0.08s|train_loss 0.00014957|val_loss 0.00016713
Epoch 248|time: 0.07s|train_loss 0.00015035|val_loss 0.00017676
Epoch 249|time: 0.08s|train_loss 0.00014610|val_loss 0.00017900
Epoch 250|time: 0.08s|train_loss 0.00014535|val_loss 0.00017921
Epoch 251|time: 0.08s|train_loss 0.00015841|val_loss 0.00018059
Epoch 252|time: 0.08s|train_loss 0.00015648|val_loss 0.00018421
Epoch 253|time: 0.07s|train_loss 0.00014545|val_loss 0.00017234
Epoch 254|time: 0.08s|train_loss 0.00016779|val_loss 0.00017014
Epoch 255|time: 0.08s|train_loss 0.00015320|val_loss 0.00016597
Epoch 256|time: 0.08s|train_loss 0.00017255|val_loss 0.00019482
Epoch 257|time: 0.08s|train_loss 0.00015917|val_loss 0.00016618
Epoch 258|time: 0.08s|train_loss 0.00016207|val_loss 0.00016372
Best validation epoch: 258 Sat May 13 00:53:45 2023
TEST MAE 0.2345 std 0.0612 RMSE 0.3796 RMSEs 0.3670 PCC 0.9173 PCCs 0.8810 R2 0.8382 R2s 0.7481 Var 0.8391 Vars 0.7563 Peak 0.1396
Epoch 259|time: 0.07s|train_loss 0.00015333|val_loss 0.00016708
Epoch 260|time: 0.08s|train_loss 0.00015546|val_loss 0.00016494
Epoch 261|time: 0.08s|train_loss 0.00014576|val_loss 0.00016419
Epoch 262|time: 0.08s|train_loss 0.00013925|val_loss 0.00016487
Epoch 263|time: 0.08s|train_loss 0.00013748|val_loss 0.00019586
Epoch 264|time: 0.08s|train_loss 0.00015450|val_loss 0.00017874
Epoch 265|time: 0.08s|train_loss 0.00014806|val_loss 0.00017030
Epoch 266|time: 0.08s|train_loss 0.00015860|val_loss 0.00016985
Epoch 267|time: 0.07s|train_loss 0.00015324|val_loss 0.00016735
Epoch 268|time: 0.08s|train_loss 0.00014679|val_loss 0.00019480
Epoch 269|time: 0.18s|train_loss 0.00015208|val_loss 0.00017101
Epoch 270|time: 0.08s|train_loss 0.00015554|val_loss 0.00016731
Epoch 271|time: 0.08s|train_loss 0.00015491|val_loss 0.00020389
Epoch 272|time: 0.08s|train_loss 0.00016185|val_loss 0.00016875
Epoch 273|time: 0.08s|train_loss 0.00014308|val_loss 0.00017851
Epoch 274|time: 0.08s|train_loss 0.00014322|val_loss 0.00018373
Epoch 275|time: 0.08s|train_loss 0.00014023|val_loss 0.00019239
Epoch 276|time: 0.08s|train_loss 0.00015847|val_loss 0.00017726
Epoch 277|time: 0.08s|train_loss 0.00016250|val_loss 0.00017146
Epoch 278|time: 0.08s|train_loss 0.00018094|val_loss 0.00017392
Epoch 279|time: 0.08s|train_loss 0.00015565|val_loss 0.00021060
Epoch 280|time: 0.08s|train_loss 0.00015010|val_loss 0.00021626
Epoch 281|time: 0.08s|train_loss 0.00015680|val_loss 0.00017727
Epoch 282|time: 0.08s|train_loss 0.00015096|val_loss 0.00016527
Epoch 283|time: 0.07s|train_loss 0.00014659|val_loss 0.00016078
Best validation epoch: 283 Sat May 13 00:53:47 2023
TEST MAE 0.2252 std 0.0657 RMSE 0.3705 RMSEs 0.3562 PCC 0.9214 PCCs 0.8895 R2 0.8458 R2s 0.7655 Var 0.8459 Vars 0.7704 Peak 0.1382
Epoch 284|time: 0.07s|train_loss 0.00014285|val_loss 0.00016377
Epoch 285|time: 0.08s|train_loss 0.00013689|val_loss 0.00016825
Epoch 286|time: 0.08s|train_loss 0.00013771|val_loss 0.00016370
Epoch 287|time: 0.08s|train_loss 0.00014706|val_loss 0.00016383
Epoch 288|time: 0.08s|train_loss 0.00013591|val_loss 0.00017048
Epoch 289|time: 0.07s|train_loss 0.00015228|val_loss 0.00016242
Epoch 290|time: 0.08s|train_loss 0.00015255|val_loss 0.00017707
Epoch 291|time: 0.07s|train_loss 0.00016046|val_loss 0.00018976
Epoch 292|time: 0.07s|train_loss 0.00014956|val_loss 0.00018718
Epoch 293|time: 0.08s|train_loss 0.00014313|val_loss 0.00018003
Epoch 294|time: 0.07s|train_loss 0.00015718|val_loss 0.00016875
Epoch 295|time: 0.08s|train_loss 0.00015200|val_loss 0.00018100
Epoch 296|time: 0.08s|train_loss 0.00015912|val_loss 0.00016930
Epoch 297|time: 0.08s|train_loss 0.00016022|val_loss 0.00016067
Best validation epoch: 297 Sat May 13 00:53:48 2023
TEST MAE 0.2392 std 0.0699 RMSE 0.3911 RMSEs 0.3742 PCC 0.9248 PCCs 0.9002 R2 0.8281 R2s 0.7373 Var 0.8376 Vars 0.7634 Peak 0.1396
Epoch 298|time: 0.08s|train_loss 0.00016701|val_loss 0.00019354
Epoch 299|time: 0.08s|train_loss 0.00017581|val_loss 0.00016332
Epoch 300|time: 0.07s|train_loss 0.00016661|val_loss 0.00018721
Epoch 301|time: 0.08s|train_loss 0.00016571|val_loss 0.00018356
Epoch 302|time: 0.08s|train_loss 0.00017485|val_loss 0.00018711
Epoch 303|time: 0.08s|train_loss 0.00019249|val_loss 0.00019041
Epoch 304|time: 0.08s|train_loss 0.00017372|val_loss 0.00018651
Epoch 305|time: 0.07s|train_loss 0.00017096|val_loss 0.00018611
Epoch 306|time: 0.08s|train_loss 0.00017082|val_loss 0.00018823
Epoch 307|time: 0.08s|train_loss 0.00018908|val_loss 0.00019027
Epoch 308|time: 0.08s|train_loss 0.00016114|val_loss 0.00018127
Epoch 309|time: 0.07s|train_loss 0.00017611|val_loss 0.00018660
Epoch 310|time: 0.08s|train_loss 0.00016087|val_loss 0.00018698
Epoch 311|time: 0.08s|train_loss 0.00015390|val_loss 0.00017630
Epoch 312|time: 0.08s|train_loss 0.00015686|val_loss 0.00017274
Epoch 313|time: 0.08s|train_loss 0.00015490|val_loss 0.00017698
Epoch 314|time: 0.07s|train_loss 0.00015130|val_loss 0.00017288
Epoch 315|time: 0.08s|train_loss 0.00015945|val_loss 0.00017025
Epoch 316|time: 0.07s|train_loss 0.00016176|val_loss 0.00018626
Epoch 317|time: 0.08s|train_loss 0.00015989|val_loss 0.00017813
Epoch 318|time: 0.08s|train_loss 0.00017291|val_loss 0.00021406
Epoch 319|time: 0.08s|train_loss 0.00019007|val_loss 0.00021265
Epoch 320|time: 0.08s|train_loss 0.00017113|val_loss 0.00018111
Epoch 321|time: 0.08s|train_loss 0.00019068|val_loss 0.00017574
Epoch 322|time: 0.08s|train_loss 0.00016998|val_loss 0.00018184
Epoch 323|time: 0.07s|train_loss 0.00017886|val_loss 0.00018144
Epoch 324|time: 0.08s|train_loss 0.00015552|val_loss 0.00016920
Epoch 325|time: 0.08s|train_loss 0.00015452|val_loss 0.00016801
Epoch 326|time: 0.08s|train_loss 0.00015557|val_loss 0.00017002
Epoch 327|time: 0.08s|train_loss 0.00015833|val_loss 0.00016685
Epoch 328|time: 0.08s|train_loss 0.00016136|val_loss 0.00016779
Epoch 329|time: 0.08s|train_loss 0.00014601|val_loss 0.00017958
Epoch 330|time: 0.08s|train_loss 0.00014623|val_loss 0.00016410
Epoch 331|time: 0.08s|train_loss 0.00014463|val_loss 0.00017643
Epoch 332|time: 0.08s|train_loss 0.00014687|val_loss 0.00017391
Epoch 333|time: 0.08s|train_loss 0.00015962|val_loss 0.00016527
Epoch 334|time: 0.08s|train_loss 0.00016595|val_loss 0.00019633
Epoch 335|time: 0.08s|train_loss 0.00016209|val_loss 0.00016743
Epoch 336|time: 0.08s|train_loss 0.00014853|val_loss 0.00018760
Epoch 337|time: 0.07s|train_loss 0.00014688|val_loss 0.00017012
Epoch 338|time: 0.08s|train_loss 0.00015277|val_loss 0.00017038
Epoch 339|time: 0.08s|train_loss 0.00015127|val_loss 0.00016583
Epoch 340|time: 0.08s|train_loss 0.00014250|val_loss 0.00017690
Epoch 341|time: 0.08s|train_loss 0.00014551|val_loss 0.00018112
Epoch 342|time: 0.08s|train_loss 0.00015033|val_loss 0.00018775
Epoch 343|time: 0.08s|train_loss 0.00014246|val_loss 0.00016232
Epoch 344|time: 0.08s|train_loss 0.00013478|val_loss 0.00017232
Epoch 345|time: 0.08s|train_loss 0.00013975|val_loss 0.00016892
Epoch 346|time: 0.08s|train_loss 0.00014535|val_loss 0.00016803
Epoch 347|time: 0.08s|train_loss 0.00013872|val_loss 0.00017272
Epoch 348|time: 0.08s|train_loss 0.00016195|val_loss 0.00016560
Epoch 349|time: 0.08s|train_loss 0.00017142|val_loss 0.00017428
Epoch 350|time: 0.08s|train_loss 0.00014822|val_loss 0.00017210
Epoch 351|time: 0.07s|train_loss 0.00014693|val_loss 0.00016743
Epoch 352|time: 0.08s|train_loss 0.00015387|val_loss 0.00016718
Epoch 353|time: 0.08s|train_loss 0.00014532|val_loss 0.00017509
Epoch 354|time: 0.08s|train_loss 0.00014955|val_loss 0.00016564
Epoch 355|time: 0.08s|train_loss 0.00014951|val_loss 0.00017387
Epoch 356|time: 0.08s|train_loss 0.00014703|val_loss 0.00018197
Epoch 357|time: 0.08s|train_loss 0.00015139|val_loss 0.00018057
Epoch 358|time: 0.08s|train_loss 0.00015982|val_loss 0.00019560
Epoch 359|time: 0.08s|train_loss 0.00015575|val_loss 0.00016534
Epoch 360|time: 0.08s|train_loss 0.00015214|val_loss 0.00016737
Epoch 361|time: 0.08s|train_loss 0.00016041|val_loss 0.00018171
Epoch 362|time: 0.08s|train_loss 0.00016035|val_loss 0.00017729
Epoch 363|time: 0.08s|train_loss 0.00016169|val_loss 0.00016426
Epoch 364|time: 0.08s|train_loss 0.00015306|val_loss 0.00018511
Epoch 365|time: 0.08s|train_loss 0.00014994|val_loss 0.00016857
Epoch 366|time: 0.08s|train_loss 0.00014082|val_loss 0.00016990
Epoch 367|time: 0.08s|train_loss 0.00014232|val_loss 0.00016933
Epoch 368|time: 0.08s|train_loss 0.00013977|val_loss 0.00016737
Epoch 369|time: 0.08s|train_loss 0.00015651|val_loss 0.00017200
Epoch 370|time: 0.08s|train_loss 0.00014629|val_loss 0.00018154
Epoch 371|time: 0.08s|train_loss 0.00015462|val_loss 0.00021122
Epoch 372|time: 0.08s|train_loss 0.00016995|val_loss 0.00017655
Epoch 373|time: 0.08s|train_loss 0.00016090|val_loss 0.00016094
Epoch 374|time: 0.08s|train_loss 0.00015107|val_loss 0.00016106
Epoch 375|time: 0.08s|train_loss 0.00015118|val_loss 0.00017709
Epoch 376|time: 0.08s|train_loss 0.00014449|val_loss 0.00016593
Epoch 377|time: 0.08s|train_loss 0.00015162|val_loss 0.00016403
Epoch 378|time: 0.07s|train_loss 0.00014300|val_loss 0.00016443
Epoch 379|time: 0.07s|train_loss 0.00014552|val_loss 0.00018731
Epoch 380|time: 0.07s|train_loss 0.00016328|val_loss 0.00019611
Epoch 381|time: 0.08s|train_loss 0.00016770|val_loss 0.00021105
Epoch 382|time: 0.08s|train_loss 0.00017462|val_loss 0.00016197
Epoch 383|time: 0.08s|train_loss 0.00015448|val_loss 0.00016754
Epoch 384|time: 0.08s|train_loss 0.00014721|val_loss 0.00019072
Epoch 385|time: 0.08s|train_loss 0.00015572|val_loss 0.00017381
Epoch 386|time: 0.08s|train_loss 0.00015604|val_loss 0.00016510
Epoch 387|time: 0.08s|train_loss 0.00015045|val_loss 0.00016458
Epoch 388|time: 0.08s|train_loss 0.00014778|val_loss 0.00016288
Epoch 389|time: 0.08s|train_loss 0.00013674|val_loss 0.00016733
Epoch 390|time: 0.08s|train_loss 0.00014706|val_loss 0.00016472
Epoch 391|time: 0.08s|train_loss 0.00014050|val_loss 0.00016499
Epoch 392|time: 0.08s|train_loss 0.00014910|val_loss 0.00016550
Epoch 393|time: 0.08s|train_loss 0.00016428|val_loss 0.00016552
Epoch 394|time: 0.07s|train_loss 0.00014187|val_loss 0.00017420
Epoch 395|time: 0.08s|train_loss 0.00014736|val_loss 0.00016437
Epoch 396|time: 0.08s|train_loss 0.00015584|val_loss 0.00016859
Epoch 397|time: 0.08s|train_loss 0.00013626|val_loss 0.00016270
Epoch 398|time: 0.08s|train_loss 0.00014171|val_loss 0.00016280
Epoch 399|time: 0.08s|train_loss 0.00014232|val_loss 0.00016379
Epoch 400|time: 0.08s|train_loss 0.00014731|val_loss 0.00016049
Best validation epoch: 400 Sat May 13 00:53:56 2023
TEST MAE 0.2322 std 0.0737 RMSE 0.3837 RMSEs 0.3663 PCC 0.9218 PCCs 0.8971 R2 0.8346 R2s 0.7518 Var 0.8370 Vars 0.7637 Peak 0.1433
Epoch 401|time: 0.08s|train_loss 0.00014919|val_loss 0.00016090
Epoch 402|time: 0.08s|train_loss 0.00015651|val_loss 0.00017963
Epoch 403|time: 0.08s|train_loss 0.00016022|val_loss 0.00017419
Epoch 404|time: 0.08s|train_loss 0.00014956|val_loss 0.00016461
Epoch 405|time: 0.08s|train_loss 0.00013791|val_loss 0.00016082
Epoch 406|time: 0.07s|train_loss 0.00013751|val_loss 0.00016451
Epoch 407|time: 0.08s|train_loss 0.00014672|val_loss 0.00016748
Epoch 408|time: 0.08s|train_loss 0.00014335|val_loss 0.00016547
Epoch 409|time: 0.08s|train_loss 0.00014085|val_loss 0.00016309
Epoch 410|time: 0.08s|train_loss 0.00013902|val_loss 0.00016768
Epoch 411|time: 0.08s|train_loss 0.00013680|val_loss 0.00016282
Epoch 412|time: 0.08s|train_loss 0.00013737|val_loss 0.00016700
Epoch 413|time: 0.07s|train_loss 0.00014400|val_loss 0.00016032
Best validation epoch: 413 Sat May 13 00:53:57 2023
TEST MAE 0.2507 std 0.0699 RMSE 0.4350 RMSEs 0.4167 PCC 0.9117 PCCs 0.8835 R2 0.7874 R2s 0.6646 Var 0.7984 Vars 0.6954 Peak 0.1539
Epoch 414|time: 0.08s|train_loss 0.00013904|val_loss 0.00016119
Epoch 415|time: 0.08s|train_loss 0.00013279|val_loss 0.00016003
Best validation epoch: 415 Sat May 13 00:53:57 2023
TEST MAE 0.2482 std 0.0707 RMSE 0.4277 RMSEs 0.4093 PCC 0.9148 PCCs 0.8884 R2 0.7945 R2s 0.6783 Var 0.8038 Vars 0.7048 Peak 0.1525
Epoch 416|time: 0.07s|train_loss 0.00015250|val_loss 0.00017592
Epoch 417|time: 0.08s|train_loss 0.00016055|val_loss 0.00016434
Epoch 418|time: 0.08s|train_loss 0.00015067|val_loss 0.00016680
Epoch 419|time: 0.08s|train_loss 0.00014890|val_loss 0.00016014
Epoch 420|time: 0.08s|train_loss 0.00013373|val_loss 0.00016605
Epoch 421|time: 0.07s|train_loss 0.00013367|val_loss 0.00016110
Epoch 422|time: 0.08s|train_loss 0.00014952|val_loss 0.00016484
Epoch 423|time: 0.08s|train_loss 0.00015364|val_loss 0.00017167
Epoch 424|time: 0.08s|train_loss 0.00014822|val_loss 0.00016614
Epoch 425|time: 0.07s|train_loss 0.00017066|val_loss 0.00019737
Epoch 426|time: 0.08s|train_loss 0.00015810|val_loss 0.00017023
Epoch 427|time: 0.08s|train_loss 0.00014558|val_loss 0.00016137
Epoch 428|time: 0.08s|train_loss 0.00016519|val_loss 0.00018778
Epoch 429|time: 0.08s|train_loss 0.00016838|val_loss 0.00017518
Epoch 430|time: 0.08s|train_loss 0.00014798|val_loss 0.00016142
Epoch 431|time: 0.08s|train_loss 0.00013668|val_loss 0.00016470
Epoch 432|time: 0.08s|train_loss 0.00013960|val_loss 0.00016115
Epoch 433|time: 0.08s|train_loss 0.00013623|val_loss 0.00016161
Epoch 434|time: 0.08s|train_loss 0.00014110|val_loss 0.00016507
Epoch 435|time: 0.08s|train_loss 0.00014437|val_loss 0.00016258
Epoch 436|time: 0.08s|train_loss 0.00013666|val_loss 0.00016779
Epoch 437|time: 0.07s|train_loss 0.00014455|val_loss 0.00016209
Epoch 438|time: 0.07s|train_loss 0.00014052|val_loss 0.00016357
Epoch 439|time: 0.08s|train_loss 0.00014077|val_loss 0.00017101
Epoch 440|time: 0.07s|train_loss 0.00014699|val_loss 0.00016437
Epoch 441|time: 0.08s|train_loss 0.00014762|val_loss 0.00018248
Epoch 442|time: 0.08s|train_loss 0.00015563|val_loss 0.00018081
Epoch 443|time: 0.08s|train_loss 0.00015177|val_loss 0.00016389
Epoch 444|time: 0.08s|train_loss 0.00014322|val_loss 0.00016698
Epoch 445|time: 0.08s|train_loss 0.00014062|val_loss 0.00016356
Epoch 446|time: 0.08s|train_loss 0.00013677|val_loss 0.00017292
Epoch 447|time: 0.08s|train_loss 0.00013501|val_loss 0.00016370
Epoch 448|time: 0.08s|train_loss 0.00014245|val_loss 0.00016706
Epoch 449|time: 0.08s|train_loss 0.00013637|val_loss 0.00016751
Epoch 450|time: 0.08s|train_loss 0.00014918|val_loss 0.00016752
Epoch 451|time: 0.08s|train_loss 0.00013807|val_loss 0.00016478
Epoch 452|time: 0.08s|train_loss 0.00014312|val_loss 0.00016721
Epoch 453|time: 0.08s|train_loss 0.00013389|val_loss 0.00016698
Epoch 454|time: 0.08s|train_loss 0.00015358|val_loss 0.00016048
Epoch 455|time: 0.08s|train_loss 0.00013670|val_loss 0.00016400
Epoch 456|time: 0.08s|train_loss 0.00014143|val_loss 0.00016474
Epoch 457|time: 0.08s|train_loss 0.00017335|val_loss 0.00018725
Epoch 458|time: 0.08s|train_loss 0.00015851|val_loss 0.00017593
Epoch 459|time: 0.08s|train_loss 0.00015945|val_loss 0.00017134
Epoch 460|time: 0.08s|train_loss 0.00015101|val_loss 0.00016120
Epoch 461|time: 0.08s|train_loss 0.00014322|val_loss 0.00017495
Epoch 462|time: 0.08s|train_loss 0.00014578|val_loss 0.00017171
Epoch 463|time: 0.07s|train_loss 0.00014275|val_loss 0.00017191
Epoch 464|time: 0.08s|train_loss 0.00014892|val_loss 0.00016552
Epoch 465|time: 0.08s|train_loss 0.00015184|val_loss 0.00017810
Epoch 466|time: 0.08s|train_loss 0.00014498|val_loss 0.00016943
Epoch 467|time: 0.08s|train_loss 0.00015056|val_loss 0.00016168
Epoch 468|time: 0.08s|train_loss 0.00015338|val_loss 0.00016320
Epoch 469|time: 0.08s|train_loss 0.00015691|val_loss 0.00016275
Epoch 470|time: 0.08s|train_loss 0.00014056|val_loss 0.00017048
Epoch 471|time: 0.08s|train_loss 0.00015438|val_loss 0.00017231
Epoch 472|time: 0.07s|train_loss 0.00015618|val_loss 0.00017229
Epoch 473|time: 0.08s|train_loss 0.00014698|val_loss 0.00016472
Epoch 474|time: 0.08s|train_loss 0.00014018|val_loss 0.00016434
Epoch 475|time: 0.07s|train_loss 0.00015890|val_loss 0.00016729
Epoch 476|time: 0.08s|train_loss 0.00015993|val_loss 0.00016422
Epoch 477|time: 0.08s|train_loss 0.00014480|val_loss 0.00016521
Epoch 478|time: 0.08s|train_loss 0.00015308|val_loss 0.00016502
Epoch 479|time: 0.08s|train_loss 0.00014821|val_loss 0.00017113
Epoch 480|time: 0.08s|train_loss 0.00015037|val_loss 0.00016094
Epoch 481|time: 0.08s|train_loss 0.00014489|val_loss 0.00016098
Epoch 482|time: 0.08s|train_loss 0.00014367|val_loss 0.00016486
Epoch 483|time: 0.08s|train_loss 0.00013996|val_loss 0.00016015
Epoch 484|time: 0.08s|train_loss 0.00014389|val_loss 0.00016852
Epoch 485|time: 0.08s|train_loss 0.00014591|val_loss 0.00017260
Epoch 486|time: 0.07s|train_loss 0.00014899|val_loss 0.00017752
Epoch 487|time: 0.07s|train_loss 0.00014464|val_loss 0.00016437
Epoch 488|time: 0.08s|train_loss 0.00014763|val_loss 0.00016757
Epoch 489|time: 0.07s|train_loss 0.00015692|val_loss 0.00016597
Epoch 490|time: 0.08s|train_loss 0.00015266|val_loss 0.00017601
Epoch 491|time: 0.08s|train_loss 0.00015413|val_loss 0.00016744
Epoch 492|time: 0.08s|train_loss 0.00013787|val_loss 0.00016890
Epoch 493|time: 0.08s|train_loss 0.00015017|val_loss 0.00016633
Epoch 494|time: 0.08s|train_loss 0.00015071|val_loss 0.00016158
Epoch 495|time: 0.08s|train_loss 0.00013983|val_loss 0.00016259
Epoch 496|time: 0.08s|train_loss 0.00014365|val_loss 0.00016323
Epoch 497|time: 0.08s|train_loss 0.00014557|val_loss 0.00017641
Epoch 498|time: 0.08s|train_loss 0.00014567|val_loss 0.00016831
Epoch 499|time: 0.08s|train_loss 0.00013994|val_loss 0.00016350
Epoch 500|time: 0.08s|train_loss 0.00013636|val_loss 0.00016563
Epoch 501|time: 0.08s|train_loss 0.00013727|val_loss 0.00016391
Epoch 502|time: 0.08s|train_loss 0.00013609|val_loss 0.00016103
Epoch 503|time: 0.08s|train_loss 0.00013350|val_loss 0.00016181
Epoch 504|time: 0.08s|train_loss 0.00013346|val_loss 0.00017288
Epoch 505|time: 0.08s|train_loss 0.00015289|val_loss 0.00016301
Epoch 506|time: 0.07s|train_loss 0.00014079|val_loss 0.00016200
Epoch 507|time: 0.07s|train_loss 0.00013711|val_loss 0.00016145
Epoch 508|time: 0.08s|train_loss 0.00014452|val_loss 0.00016114
Epoch 509|time: 0.08s|train_loss 0.00013986|val_loss 0.00016409
Epoch 510|time: 0.07s|train_loss 0.00013787|val_loss 0.00016254
Epoch 511|time: 0.08s|train_loss 0.00013643|val_loss 0.00016400
Epoch 512|time: 0.08s|train_loss 0.00014393|val_loss 0.00016546
Epoch 513|time: 0.08s|train_loss 0.00016400|val_loss 0.00017308
Epoch 514|time: 0.08s|train_loss 0.00016397|val_loss 0.00018902
Epoch 515|time: 0.08s|train_loss 0.00016972|val_loss 0.00016244
Epoch 516|time: 0.08s|train_loss 0.00015597|val_loss 0.00017686
Epoch 517|time: 0.08s|train_loss 0.00015731|val_loss 0.00017717
Epoch 518|time: 0.08s|train_loss 0.00015284|val_loss 0.00020138
Epoch 519|time: 0.08s|train_loss 0.00016427|val_loss 0.00016251
Epoch 520|time: 0.08s|train_loss 0.00014540|val_loss 0.00016881
Epoch 521|time: 0.07s|train_loss 0.00014129|val_loss 0.00016174
Epoch 522|time: 0.08s|train_loss 0.00013556|val_loss 0.00016221
Epoch 523|time: 0.07s|train_loss 0.00013667|val_loss 0.00016497
Epoch 524|time: 0.08s|train_loss 0.00013694|val_loss 0.00017457
Epoch 525|time: 0.07s|train_loss 0.00013607|val_loss 0.00016296
Epoch 526|time: 0.08s|train_loss 0.00014185|val_loss 0.00016582
Epoch 527|time: 0.08s|train_loss 0.00013501|val_loss 0.00016322
Epoch 528|time: 0.08s|train_loss 0.00013458|val_loss 0.00016191
Epoch 529|time: 0.08s|train_loss 0.00014135|val_loss 0.00016154
Epoch 530|time: 0.08s|train_loss 0.00013444|val_loss 0.00016345
Epoch 531|time: 0.08s|train_loss 0.00013753|val_loss 0.00016505
Epoch 532|time: 0.08s|train_loss 0.00014317|val_loss 0.00016327
Epoch 533|time: 0.08s|train_loss 0.00014065|val_loss 0.00016061
Epoch 534|time: 0.07s|train_loss 0.00015275|val_loss 0.00016176
Epoch 535|time: 0.07s|train_loss 0.00015504|val_loss 0.00016210
Epoch 536|time: 0.08s|train_loss 0.00014972|val_loss 0.00016264
Epoch 537|time: 0.08s|train_loss 0.00015362|val_loss 0.00016296
Epoch 538|time: 0.08s|train_loss 0.00014122|val_loss 0.00016979
Epoch 539|time: 0.08s|train_loss 0.00014839|val_loss 0.00016309
Epoch 540|time: 0.08s|train_loss 0.00014052|val_loss 0.00016151
Epoch 541|time: 0.08s|train_loss 0.00014844|val_loss 0.00016398
Epoch 542|time: 0.08s|train_loss 0.00013980|val_loss 0.00018208
Epoch 543|time: 0.08s|train_loss 0.00013715|val_loss 0.00018511
Epoch 544|time: 0.07s|train_loss 0.00013910|val_loss 0.00017530
Epoch 545|time: 0.08s|train_loss 0.00014721|val_loss 0.00016534
Epoch 546|time: 0.08s|train_loss 0.00013804|val_loss 0.00016199
Epoch 547|time: 0.08s|train_loss 0.00014531|val_loss 0.00016281
Epoch 548|time: 0.07s|train_loss 0.00014420|val_loss 0.00016504
Epoch 549|time: 0.08s|train_loss 0.00013458|val_loss 0.00016297
Epoch 550|time: 0.08s|train_loss 0.00013263|val_loss 0.00016143
Epoch 551|time: 0.08s|train_loss 0.00014163|val_loss 0.00016145
Epoch 552|time: 0.08s|train_loss 0.00014831|val_loss 0.00017615
Epoch 553|time: 0.08s|train_loss 0.00015060|val_loss 0.00016634
Epoch 554|time: 0.08s|train_loss 0.00015269|val_loss 0.00016521
Epoch 555|time: 0.07s|train_loss 0.00013819|val_loss 0.00016587
Epoch 556|time: 0.08s|train_loss 0.00014851|val_loss 0.00016716
Epoch 557|time: 0.07s|train_loss 0.00013577|val_loss 0.00016431
Epoch 558|time: 0.08s|train_loss 0.00014230|val_loss 0.00016383
Epoch 559|time: 0.08s|train_loss 0.00013457|val_loss 0.00016282
Epoch 560|time: 0.07s|train_loss 0.00013487|val_loss 0.00016051
Epoch 561|time: 0.08s|train_loss 0.00015148|val_loss 0.00017252
Epoch 562|time: 0.08s|train_loss 0.00013756|val_loss 0.00016467
Epoch 563|time: 0.08s|train_loss 0.00013440|val_loss 0.00016077
Epoch 564|time: 0.08s|train_loss 0.00014338|val_loss 0.00016303
Epoch 565|time: 0.07s|train_loss 0.00014379|val_loss 0.00017544
Epoch 566|time: 0.08s|train_loss 0.00014040|val_loss 0.00016300
Epoch 567|time: 0.07s|train_loss 0.00013830|val_loss 0.00016390
Epoch 568|time: 0.08s|train_loss 0.00014753|val_loss 0.00016567
Epoch 569|time: 0.08s|train_loss 0.00015052|val_loss 0.00018306
Epoch 570|time: 0.07s|train_loss 0.00014976|val_loss 0.00017661
Epoch 571|time: 0.08s|train_loss 0.00014370|val_loss 0.00018714
Epoch 572|time: 0.08s|train_loss 0.00014798|val_loss 0.00017765
Epoch 573|time: 0.08s|train_loss 0.00015541|val_loss 0.00016728
Epoch 574|time: 0.08s|train_loss 0.00014195|val_loss 0.00016705
Epoch 575|time: 0.07s|train_loss 0.00013686|val_loss 0.00016446
Epoch 576|time: 0.08s|train_loss 0.00014469|val_loss 0.00016635
Epoch 577|time: 0.08s|train_loss 0.00014202|val_loss 0.00016128
Epoch 578|time: 0.08s|train_loss 0.00014592|val_loss 0.00016157
Epoch 579|time: 0.08s|train_loss 0.00013668|val_loss 0.00016443
Epoch 580|time: 0.08s|train_loss 0.00014843|val_loss 0.00016985
Epoch 581|time: 0.08s|train_loss 0.00014136|val_loss 0.00016474
Epoch 582|time: 0.08s|train_loss 0.00014892|val_loss 0.00016941
Epoch 583|time: 0.08s|train_loss 0.00015027|val_loss 0.00016257
Epoch 584|time: 0.07s|train_loss 0.00013138|val_loss 0.00016353
Epoch 585|time: 0.08s|train_loss 0.00013635|val_loss 0.00016364
Epoch 586|time: 0.08s|train_loss 0.00013533|val_loss 0.00016109
Epoch 587|time: 0.08s|train_loss 0.00013455|val_loss 0.00016024
Epoch 588|time: 0.08s|train_loss 0.00013727|val_loss 0.00016293
Epoch 589|time: 0.08s|train_loss 0.00014046|val_loss 0.00016033
Epoch 590|time: 0.07s|train_loss 0.00014628|val_loss 0.00017117
Epoch 591|time: 0.07s|train_loss 0.00014186|val_loss 0.00017564
Epoch 592|time: 0.08s|train_loss 0.00013933|val_loss 0.00016117
Epoch 593|time: 0.07s|train_loss 0.00014856|val_loss 0.00016785
Epoch 594|time: 0.08s|train_loss 0.00014693|val_loss 0.00016222
Epoch 595|time: 0.08s|train_loss 0.00013483|val_loss 0.00016425
Epoch 596|time: 0.08s|train_loss 0.00014434|val_loss 0.00017093
Epoch 597|time: 0.08s|train_loss 0.00013292|val_loss 0.00016903
Epoch 598|time: 0.08s|train_loss 0.00014404|val_loss 0.00016798
Epoch 599|time: 0.08s|train_loss 0.00014532|val_loss 0.00017465
Epoch 600|time: 0.08s|train_loss 0.00014508|val_loss 0.00017091
Epoch 601|time: 0.07s|train_loss 0.00014441|val_loss 0.00016549
Epoch 602|time: 0.08s|train_loss 0.00014280|val_loss 0.00016240
Epoch 603|time: 0.08s|train_loss 0.00014416|val_loss 0.00017375
Epoch 604|time: 0.08s|train_loss 0.00014484|val_loss 0.00016322
Epoch 605|time: 0.08s|train_loss 0.00013846|val_loss 0.00016165
Epoch 606|time: 0.07s|train_loss 0.00013939|val_loss 0.00017795
Epoch 607|time: 0.08s|train_loss 0.00013877|val_loss 0.00016888
Epoch 608|time: 0.08s|train_loss 0.00014589|val_loss 0.00016405
Epoch 609|time: 0.08s|train_loss 0.00013384|val_loss 0.00017705
Epoch 610|time: 0.08s|train_loss 0.00013945|val_loss 0.00016546
Epoch 611|time: 0.08s|train_loss 0.00013349|val_loss 0.00016288
Epoch 612|time: 0.08s|train_loss 0.00014545|val_loss 0.00018137
Epoch 613|time: 0.08s|train_loss 0.00015130|val_loss 0.00016901
Epoch 614|time: 0.08s|train_loss 0.00014087|val_loss 0.00017945
Epoch 615|time: 0.08s|train_loss 0.00014462|val_loss 0.00019458
Final evaluation
TEST MAE 0.2482 | std 0.0707 | RMSE 0.4277 | RMSEs 0.4093 | PCC 0.9148 | PCCs 0.8884 | R2 0.7945 | R2s 0.6783 | Var 0.8038 | Vars 0.7048 | Peak 0.1525
