--------Parameters--------
Namespace(batch=32, bi=False, check_point=1, cuda=False, dataset='us_hhs', dropout=0.2, epilambda=0.2, epochs=1500, gpu=3, hidsp=15, horizon=2, k=10, lamda=0.01, lr=0.001, model='cola_gnn', mylog=True, n_hidden=20, n_layer=1, patience=200, rnn_model='RNN', save_dir='save', seed=42, shuffle=False, sim_mat='us_hhs-adj', test=0.2, train=0.6, val=0.2, weight_decay=0.0005, window=20)
--------------------------
data shape (364, 10)
364 10
(364, 10)
size of train/val/test sets 197 73 73
#params: 2163
begin training
Epoch   1|time: 0.09s|train_loss 0.00237099|val_loss 0.00125793
Best validation epoch: 1 Sat May 13 00:50:18 2023
TEST MAE 1.7937 std 0.5562 RMSE 1.9652 RMSEs 1.8809 PCC 0.5302 PCCs 0.7261 R2 -3.3382 R2s -5.5523 Var 0.2758 Vars 0.4517 Peak 0.8596
Epoch   2|time: 0.08s|train_loss 0.00059469|val_loss 0.00041395
Best validation epoch: 2 Sat May 13 00:50:18 2023
TEST MAE 0.5297 std 0.1671 RMSE 0.7342 RMSEs 0.6995 PCC 0.8762 PCCs 0.8380 R2 0.3945 R2s 0.0559 Var 0.6219 Vars 0.4876 Peak 0.2854
Epoch   3|time: 0.07s|train_loss 0.00033005|val_loss 0.00030468
Best validation epoch: 3 Sat May 13 00:50:18 2023
TEST MAE 0.3903 std 0.1530 RMSE 0.6199 RMSEs 0.5817 PCC 0.8564 PCCs 0.8110 R2 0.5684 R2s 0.4151 Var 0.6591 Vars 0.5575 Peak 0.2811
Epoch   4|time: 0.08s|train_loss 0.00030634|val_loss 0.00029709
Best validation epoch: 4 Sat May 13 00:50:18 2023
TEST MAE 0.3452 std 0.1272 RMSE 0.5471 RMSEs 0.5133 PCC 0.8714 PCCs 0.8422 R2 0.6637 R2s 0.5432 Var 0.6997 Vars 0.6086 Peak 0.2359
Epoch   5|time: 0.07s|train_loss 0.00028232|val_loss 0.00027098
Best validation epoch: 5 Sat May 13 00:50:18 2023
TEST MAE 0.3171 std 0.1144 RMSE 0.5071 RMSEs 0.4769 PCC 0.8812 PCCs 0.8436 R2 0.7112 R2s 0.6047 Var 0.7339 Vars 0.6498 Peak 0.2123
Epoch   6|time: 0.07s|train_loss 0.00022989|val_loss 0.00024230
Best validation epoch: 6 Sat May 13 00:50:18 2023
TEST MAE 0.3060 std 0.1165 RMSE 0.5037 RMSEs 0.4738 PCC 0.8875 PCCs 0.8405 R2 0.7150 R2s 0.6101 Var 0.7577 Vars 0.6785 Peak 0.2152
Epoch   7|time: 0.08s|train_loss 0.00022528|val_loss 0.00023553
Best validation epoch: 7 Sat May 13 00:50:18 2023
TEST MAE 0.2893 std 0.1051 RMSE 0.4742 RMSEs 0.4472 PCC 0.8899 PCCs 0.8419 R2 0.7474 R2s 0.6509 Var 0.7734 Vars 0.6946 Peak 0.1996
Epoch   8|time: 0.08s|train_loss 0.00021060|val_loss 0.00022683
Best validation epoch: 8 Sat May 13 00:50:18 2023
TEST MAE 0.2782 std 0.1001 RMSE 0.4570 RMSEs 0.4312 PCC 0.8966 PCCs 0.8525 R2 0.7654 R2s 0.6746 Var 0.7866 Vars 0.7116 Peak 0.1896
Epoch   9|time: 0.07s|train_loss 0.00020906|val_loss 0.00021702
Best validation epoch: 9 Sat May 13 00:50:19 2023
TEST MAE 0.2734 std 0.0997 RMSE 0.4504 RMSEs 0.4250 PCC 0.9008 PCCs 0.8584 R2 0.7721 R2s 0.6836 Var 0.7958 Vars 0.7234 Peak 0.1865
Epoch  10|time: 0.08s|train_loss 0.00020055|val_loss 0.00021448
Best validation epoch: 10 Sat May 13 00:50:19 2023
TEST MAE 0.2652 std 0.0929 RMSE 0.4340 RMSEs 0.4101 PCC 0.9033 PCCs 0.8630 R2 0.7884 R2s 0.7041 Var 0.8026 Vars 0.7314 Peak 0.1763
Epoch  11|time: 0.08s|train_loss 0.00020718|val_loss 0.00021607
Epoch  12|time: 0.08s|train_loss 0.00020753|val_loss 0.00021197
Best validation epoch: 12 Sat May 13 00:50:19 2023
TEST MAE 0.2761 std 0.1005 RMSE 0.4462 RMSEs 0.4220 PCC 0.9080 PCCs 0.8678 R2 0.7764 R2s 0.6877 Var 0.8130 Vars 0.7445 Peak 0.1844
Epoch  13|time: 0.08s|train_loss 0.00021703|val_loss 0.00020858
Best validation epoch: 13 Sat May 13 00:50:19 2023
TEST MAE 0.2535 std 0.0805 RMSE 0.4082 RMSEs 0.3877 PCC 0.9085 PCCs 0.8695 R2 0.8128 R2s 0.7328 Var 0.8176 Vars 0.7473 Peak 0.1613
Epoch  14|time: 0.08s|train_loss 0.00019947|val_loss 0.00020359
Best validation epoch: 14 Sat May 13 00:50:19 2023
TEST MAE 0.2511 std 0.0815 RMSE 0.4070 RMSEs 0.3865 PCC 0.9100 PCCs 0.8707 R2 0.8139 R2s 0.7346 Var 0.8213 Vars 0.7509 Peak 0.1620
Epoch  15|time: 0.07s|train_loss 0.00022123|val_loss 0.00020127
Best validation epoch: 15 Sat May 13 00:50:19 2023
TEST MAE 0.2516 std 0.0838 RMSE 0.4090 RMSEs 0.3885 PCC 0.9113 PCCs 0.8714 R2 0.8121 R2s 0.7323 Var 0.8243 Vars 0.7536 Peak 0.1645
Epoch  16|time: 0.07s|train_loss 0.00018989|val_loss 0.00020011
Best validation epoch: 16 Sat May 13 00:50:19 2023
TEST MAE 0.2483 std 0.0806 RMSE 0.4021 RMSEs 0.3824 PCC 0.9123 PCCs 0.8729 R2 0.8184 R2s 0.7399 Var 0.8268 Vars 0.7562 Peak 0.1605
Epoch  17|time: 0.07s|train_loss 0.00020780|val_loss 0.00020189
Epoch  18|time: 0.08s|train_loss 0.00019411|val_loss 0.00020859
Epoch  19|time: 0.08s|train_loss 0.00019619|val_loss 0.00022238
Epoch  20|time: 0.08s|train_loss 0.00018792|val_loss 0.00019985
Best validation epoch: 20 Sat May 13 00:50:19 2023
TEST MAE 0.2518 std 0.0842 RMSE 0.4098 RMSEs 0.3898 PCC 0.9138 PCCs 0.8739 R2 0.8114 R2s 0.7306 Var 0.8288 Vars 0.7578 Peak 0.1666
Epoch  21|time: 0.07s|train_loss 0.00018220|val_loss 0.00019883
Best validation epoch: 21 Sat May 13 00:50:20 2023
TEST MAE 0.2477 std 0.0812 RMSE 0.4028 RMSEs 0.3831 PCC 0.9137 PCCs 0.8740 R2 0.8178 R2s 0.7392 Var 0.8290 Vars 0.7578 Peak 0.1627
Epoch  22|time: 0.07s|train_loss 0.00018698|val_loss 0.00019972
Epoch  23|time: 0.08s|train_loss 0.00019896|val_loss 0.00019799
Best validation epoch: 23 Sat May 13 00:50:20 2023
TEST MAE 0.2476 std 0.0814 RMSE 0.4025 RMSEs 0.3831 PCC 0.9136 PCCs 0.8734 R2 0.8180 R2s 0.7392 Var 0.8292 Vars 0.7573 Peak 0.1629
Epoch  24|time: 0.07s|train_loss 0.00019435|val_loss 0.00019758
Best validation epoch: 24 Sat May 13 00:50:20 2023
TEST MAE 0.2463 std 0.0812 RMSE 0.4011 RMSEs 0.3818 PCC 0.9146 PCCs 0.8749 R2 0.8193 R2s 0.7410 Var 0.8304 Vars 0.7591 Peak 0.1623
Epoch  25|time: 0.07s|train_loss 0.00019571|val_loss 0.00020592
Epoch  26|time: 0.08s|train_loss 0.00019276|val_loss 0.00021828
Epoch  27|time: 0.08s|train_loss 0.00018836|val_loss 0.00019966
Epoch  28|time: 0.08s|train_loss 0.00018957|val_loss 0.00019923
Epoch  29|time: 0.08s|train_loss 0.00017908|val_loss 0.00019930
Epoch  30|time: 0.07s|train_loss 0.00020050|val_loss 0.00021440
Epoch  31|time: 0.08s|train_loss 0.00019523|val_loss 0.00019700
Best validation epoch: 31 Sat May 13 00:50:20 2023
TEST MAE 0.2415 std 0.0798 RMSE 0.3946 RMSEs 0.3756 PCC 0.9188 PCCs 0.8813 R2 0.8251 R2s 0.7490 Var 0.8380 Vars 0.7693 Peak 0.1595
Epoch  32|time: 0.07s|train_loss 0.00018681|val_loss 0.00019651
Best validation epoch: 32 Sat May 13 00:50:20 2023
TEST MAE 0.2390 std 0.0776 RMSE 0.3896 RMSEs 0.3708 PCC 0.9193 PCCs 0.8825 R2 0.8295 R2s 0.7551 Var 0.8390 Vars 0.7706 Peak 0.1564
Epoch  33|time: 0.08s|train_loss 0.00019740|val_loss 0.00020188
Epoch  34|time: 0.08s|train_loss 0.00018304|val_loss 0.00019838
Epoch  35|time: 0.08s|train_loss 0.00017562|val_loss 0.00019533
Best validation epoch: 35 Sat May 13 00:50:21 2023
TEST MAE 0.2385 std 0.0736 RMSE 0.3805 RMSEs 0.3632 PCC 0.9181 PCCs 0.8796 R2 0.8374 R2s 0.7634 Var 0.8403 Vars 0.7699 Peak 0.1511
Epoch  36|time: 0.07s|train_loss 0.00018092|val_loss 0.00019479
Best validation epoch: 36 Sat May 13 00:50:21 2023
TEST MAE 0.2383 std 0.0744 RMSE 0.3807 RMSEs 0.3633 PCC 0.9185 PCCs 0.8803 R2 0.8372 R2s 0.7635 Var 0.8408 Vars 0.7707 Peak 0.1518
Epoch  37|time: 0.07s|train_loss 0.00017717|val_loss 0.00020210
Epoch  38|time: 0.08s|train_loss 0.00021918|val_loss 0.00020371
Epoch  39|time: 0.08s|train_loss 0.00018798|val_loss 0.00019268
Best validation epoch: 39 Sat May 13 00:50:21 2023
TEST MAE 0.2380 std 0.0789 RMSE 0.3808 RMSEs 0.3629 PCC 0.9188 PCCs 0.8823 R2 0.8371 R2s 0.7653 Var 0.8429 Vars 0.7749 Peak 0.1548
Epoch  40|time: 0.07s|train_loss 0.00018168|val_loss 0.00021116
Epoch  41|time: 0.07s|train_loss 0.00020529|val_loss 0.00021273
Epoch  42|time: 0.08s|train_loss 0.00021907|val_loss 0.00019361
Epoch  43|time: 0.08s|train_loss 0.00018066|val_loss 0.00019379
Epoch  44|time: 0.07s|train_loss 0.00017952|val_loss 0.00019099
Best validation epoch: 44 Sat May 13 00:50:21 2023
TEST MAE 0.2325 std 0.0773 RMSE 0.3576 RMSEs 0.3411 PCC 0.9281 PCCs 0.8992 R2 0.8564 R2s 0.7908 Var 0.8579 Vars 0.7976 Peak 0.1383
Epoch  45|time: 0.08s|train_loss 0.00018925|val_loss 0.00018601
Best validation epoch: 45 Sat May 13 00:50:22 2023
TEST MAE 0.2281 std 0.0726 RMSE 0.3639 RMSEs 0.3465 PCC 0.9340 PCCs 0.9087 R2 0.8512 R2s 0.7827 Var 0.8535 Vars 0.7904 Peak 0.1348
Epoch  46|time: 0.08s|train_loss 0.00019826|val_loss 0.00019884
Epoch  47|time: 0.08s|train_loss 0.00018885|val_loss 0.00019115
Epoch  48|time: 0.08s|train_loss 0.00017438|val_loss 0.00019037
Epoch  49|time: 0.08s|train_loss 0.00020323|val_loss 0.00019162
Epoch  50|time: 0.07s|train_loss 0.00019321|val_loss 0.00018994
Epoch  51|time: 0.07s|train_loss 0.00018226|val_loss 0.00018373
Best validation epoch: 51 Sat May 13 00:50:22 2023
TEST MAE 0.2280 std 0.0758 RMSE 0.3561 RMSEs 0.3398 PCC 0.9294 PCCs 0.9005 R2 0.8575 R2s 0.7939 Var 0.8625 Vars 0.8025 Peak 0.1444
Epoch  52|time: 0.07s|train_loss 0.00017275|val_loss 0.00017968
Best validation epoch: 52 Sat May 13 00:50:22 2023
TEST MAE 0.2252 std 0.0747 RMSE 0.3552 RMSEs 0.3382 PCC 0.9311 PCCs 0.9038 R2 0.8583 R2s 0.7947 Var 0.8587 Vars 0.7971 Peak 0.1401
Epoch  53|time: 0.08s|train_loss 0.00016576|val_loss 0.00018616
Epoch  54|time: 0.08s|train_loss 0.00017455|val_loss 0.00018654
Epoch  55|time: 0.08s|train_loss 0.00018877|val_loss 0.00018608
Epoch  56|time: 0.08s|train_loss 0.00017434|val_loss 0.00018686
Epoch  57|time: 0.08s|train_loss 0.00016981|val_loss 0.00018110
Epoch  58|time: 0.11s|train_loss 0.00017135|val_loss 0.00018225
Epoch  59|time: 0.08s|train_loss 0.00016353|val_loss 0.00018680
Epoch  60|time: 0.08s|train_loss 0.00016952|val_loss 0.00017908
Best validation epoch: 60 Sat May 13 00:50:23 2023
TEST MAE 0.2174 std 0.0668 RMSE 0.3465 RMSEs 0.3314 PCC 0.9330 PCCs 0.9050 R2 0.8651 R2s 0.8023 Var 0.8654 Vars 0.8057 Peak 0.1302
Epoch  61|time: 0.08s|train_loss 0.00016631|val_loss 0.00017644
Best validation epoch: 61 Sat May 13 00:50:23 2023
TEST MAE 0.2182 std 0.0669 RMSE 0.3469 RMSEs 0.3315 PCC 0.9333 PCCs 0.9062 R2 0.8649 R2s 0.8025 Var 0.8653 Vars 0.8051 Peak 0.1325
Epoch  62|time: 0.08s|train_loss 0.00019910|val_loss 0.00017645
Epoch  63|time: 0.08s|train_loss 0.00018162|val_loss 0.00018920
Epoch  64|time: 0.08s|train_loss 0.00017579|val_loss 0.00018542
Epoch  65|time: 0.08s|train_loss 0.00016680|val_loss 0.00017768
Epoch  66|time: 0.07s|train_loss 0.00016897|val_loss 0.00018359
Epoch  67|time: 0.07s|train_loss 0.00016001|val_loss 0.00018076
Epoch  68|time: 0.08s|train_loss 0.00017574|val_loss 0.00019083
Epoch  69|time: 0.08s|train_loss 0.00016888|val_loss 0.00018909
Epoch  70|time: 0.08s|train_loss 0.00016096|val_loss 0.00017864
Epoch  71|time: 0.09s|train_loss 0.00017972|val_loss 0.00018029
Epoch  72|time: 0.07s|train_loss 0.00015852|val_loss 0.00017834
Epoch  73|time: 0.08s|train_loss 0.00016194|val_loss 0.00017839
Epoch  74|time: 0.08s|train_loss 0.00016680|val_loss 0.00017921
Epoch  75|time: 0.08s|train_loss 0.00017135|val_loss 0.00017765
Epoch  76|time: 0.08s|train_loss 0.00016773|val_loss 0.00017924
Epoch  77|time: 0.07s|train_loss 0.00015934|val_loss 0.00017621
Best validation epoch: 77 Sat May 13 00:50:24 2023
TEST MAE 0.2171 std 0.0654 RMSE 0.3448 RMSEs 0.3304 PCC 0.9318 PCCs 0.9036 R2 0.8664 R2s 0.8044 Var 0.8669 Vars 0.8074 Peak 0.1319
Epoch  78|time: 0.07s|train_loss 0.00016616|val_loss 0.00019637
Epoch  79|time: 0.08s|train_loss 0.00017310|val_loss 0.00017795
Epoch  80|time: 0.08s|train_loss 0.00016384|val_loss 0.00018245
Epoch  81|time: 0.07s|train_loss 0.00017652|val_loss 0.00018683
Epoch  82|time: 0.07s|train_loss 0.00017732|val_loss 0.00017969
Epoch  83|time: 0.07s|train_loss 0.00016255|val_loss 0.00018654
Epoch  84|time: 0.07s|train_loss 0.00020240|val_loss 0.00017527
Best validation epoch: 84 Sat May 13 00:50:25 2023
TEST MAE 0.2208 std 0.0694 RMSE 0.3485 RMSEs 0.3330 PCC 0.9323 PCCs 0.9058 R2 0.8636 R2s 0.8017 Var 0.8653 Vars 0.8060 Peak 0.1345
Epoch  85|time: 0.07s|train_loss 0.00017323|val_loss 0.00017917
Epoch  86|time: 0.08s|train_loss 0.00016358|val_loss 0.00017773
Epoch  87|time: 0.07s|train_loss 0.00017266|val_loss 0.00017913
Epoch  88|time: 0.07s|train_loss 0.00017875|val_loss 0.00018123
Epoch  89|time: 0.08s|train_loss 0.00016658|val_loss 0.00019412
Epoch  90|time: 0.08s|train_loss 0.00020374|val_loss 0.00017593
Epoch  91|time: 0.08s|train_loss 0.00016484|val_loss 0.00017886
Epoch  92|time: 0.08s|train_loss 0.00015863|val_loss 0.00018176
Epoch  93|time: 0.07s|train_loss 0.00017630|val_loss 0.00017685
Epoch  94|time: 0.08s|train_loss 0.00016256|val_loss 0.00017515
Best validation epoch: 94 Sat May 13 00:50:25 2023
TEST MAE 0.2225 std 0.0665 RMSE 0.3530 RMSEs 0.3379 PCC 0.9312 PCCs 0.9031 R2 0.8600 R2s 0.7950 Var 0.8616 Vars 0.7990 Peak 0.1334
Epoch  95|time: 0.07s|train_loss 0.00015556|val_loss 0.00018112
Epoch  96|time: 0.08s|train_loss 0.00016785|val_loss 0.00018711
Epoch  97|time: 0.07s|train_loss 0.00016447|val_loss 0.00018167
Epoch  98|time: 0.07s|train_loss 0.00018045|val_loss 0.00018154
Epoch  99|time: 0.07s|train_loss 0.00017466|val_loss 0.00018198
Epoch 100|time: 0.08s|train_loss 0.00017111|val_loss 0.00017736
Epoch 101|time: 0.07s|train_loss 0.00016804|val_loss 0.00018089
Epoch 102|time: 0.08s|train_loss 0.00016268|val_loss 0.00017466
Best validation epoch: 102 Sat May 13 00:50:26 2023
TEST MAE 0.2167 std 0.0666 RMSE 0.3448 RMSEs 0.3300 PCC 0.9321 PCCs 0.9040 R2 0.8665 R2s 0.8055 Var 0.8678 Vars 0.8092 Peak 0.1332
Epoch 103|time: 0.08s|train_loss 0.00017958|val_loss 0.00017853
Epoch 104|time: 0.08s|train_loss 0.00016144|val_loss 0.00017682
Epoch 105|time: 0.08s|train_loss 0.00016790|val_loss 0.00017994
Epoch 106|time: 0.08s|train_loss 0.00016944|val_loss 0.00017486
Epoch 107|time: 0.07s|train_loss 0.00017439|val_loss 0.00018287
Epoch 108|time: 0.08s|train_loss 0.00016422|val_loss 0.00017726
Epoch 109|time: 0.08s|train_loss 0.00015935|val_loss 0.00017814
Epoch 110|time: 0.08s|train_loss 0.00017450|val_loss 0.00018065
Epoch 111|time: 0.08s|train_loss 0.00016459|val_loss 0.00018010
Epoch 112|time: 0.08s|train_loss 0.00015800|val_loss 0.00017629
Epoch 113|time: 0.08s|train_loss 0.00017126|val_loss 0.00018205
Epoch 114|time: 0.08s|train_loss 0.00016136|val_loss 0.00017475
Epoch 115|time: 0.08s|train_loss 0.00016325|val_loss 0.00018088
Epoch 116|time: 0.08s|train_loss 0.00016390|val_loss 0.00017930
Epoch 117|time: 0.08s|train_loss 0.00016070|val_loss 0.00017494
Epoch 118|time: 0.07s|train_loss 0.00015269|val_loss 0.00017496
Epoch 119|time: 0.08s|train_loss 0.00015180|val_loss 0.00017625
Epoch 120|time: 0.08s|train_loss 0.00016472|val_loss 0.00018079
Epoch 121|time: 0.07s|train_loss 0.00016976|val_loss 0.00017641
Epoch 122|time: 0.08s|train_loss 0.00015798|val_loss 0.00017779
Epoch 123|time: 0.08s|train_loss 0.00016450|val_loss 0.00017760
Epoch 124|time: 0.07s|train_loss 0.00015721|val_loss 0.00017644
Epoch 125|time: 0.08s|train_loss 0.00016779|val_loss 0.00019324
Epoch 126|time: 0.07s|train_loss 0.00016227|val_loss 0.00018046
Epoch 127|time: 0.08s|train_loss 0.00017435|val_loss 0.00017589
Epoch 128|time: 0.08s|train_loss 0.00015428|val_loss 0.00018132
Epoch 129|time: 0.08s|train_loss 0.00017579|val_loss 0.00018263
Epoch 130|time: 0.08s|train_loss 0.00015823|val_loss 0.00017420
Best validation epoch: 130 Sat May 13 00:50:28 2023
TEST MAE 0.2213 std 0.0684 RMSE 0.3633 RMSEs 0.3464 PCC 0.9292 PCCs 0.9011 R2 0.8517 R2s 0.7833 Var 0.8527 Vars 0.7884 Peak 0.1316
Epoch 131|time: 0.07s|train_loss 0.00015487|val_loss 0.00017721
Epoch 132|time: 0.07s|train_loss 0.00015248|val_loss 0.00017602
Epoch 133|time: 0.08s|train_loss 0.00015867|val_loss 0.00017663
Epoch 134|time: 0.08s|train_loss 0.00015252|val_loss 0.00017680
Epoch 135|time: 0.07s|train_loss 0.00015238|val_loss 0.00017486
Epoch 136|time: 0.08s|train_loss 0.00015105|val_loss 0.00017864
Epoch 137|time: 0.08s|train_loss 0.00017199|val_loss 0.00017761
Epoch 138|time: 0.08s|train_loss 0.00016037|val_loss 0.00017607
Epoch 139|time: 0.08s|train_loss 0.00016641|val_loss 0.00017699
Epoch 140|time: 0.08s|train_loss 0.00015846|val_loss 0.00018109
Epoch 141|time: 0.08s|train_loss 0.00015274|val_loss 0.00018570
Epoch 142|time: 0.08s|train_loss 0.00016213|val_loss 0.00017775
Epoch 143|time: 0.08s|train_loss 0.00016586|val_loss 0.00017426
Epoch 144|time: 0.07s|train_loss 0.00015735|val_loss 0.00018070
Epoch 145|time: 0.07s|train_loss 0.00015950|val_loss 0.00017810
Epoch 146|time: 0.08s|train_loss 0.00015323|val_loss 0.00017605
Epoch 147|time: 0.08s|train_loss 0.00015073|val_loss 0.00017464
Epoch 148|time: 0.07s|train_loss 0.00015623|val_loss 0.00017428
Epoch 149|time: 0.08s|train_loss 0.00017011|val_loss 0.00017550
Epoch 150|time: 0.08s|train_loss 0.00015334|val_loss 0.00017719
Epoch 151|time: 0.07s|train_loss 0.00016498|val_loss 0.00017453
Epoch 152|time: 0.08s|train_loss 0.00015737|val_loss 0.00017406
Best validation epoch: 152 Sat May 13 00:50:30 2023
TEST MAE 0.2211 std 0.0683 RMSE 0.3603 RMSEs 0.3442 PCC 0.9274 PCCs 0.8984 R2 0.8542 R2s 0.7874 Var 0.8543 Vars 0.7898 Peak 0.1338
Epoch 153|time: 0.07s|train_loss 0.00016590|val_loss 0.00019002
Epoch 154|time: 0.08s|train_loss 0.00016782|val_loss 0.00017451
Epoch 155|time: 0.07s|train_loss 0.00015287|val_loss 0.00017827
Epoch 156|time: 0.07s|train_loss 0.00015305|val_loss 0.00018179
Epoch 157|time: 0.07s|train_loss 0.00018194|val_loss 0.00017453
Epoch 158|time: 0.08s|train_loss 0.00016358|val_loss 0.00017575
Epoch 159|time: 0.08s|train_loss 0.00015998|val_loss 0.00017894
Epoch 160|time: 0.07s|train_loss 0.00016036|val_loss 0.00017555
Epoch 161|time: 0.07s|train_loss 0.00015065|val_loss 0.00017650
Epoch 162|time: 0.08s|train_loss 0.00015488|val_loss 0.00017352
Best validation epoch: 162 Sat May 13 00:50:31 2023
TEST MAE 0.2172 std 0.0702 RMSE 0.3503 RMSEs 0.3338 PCC 0.9306 PCCs 0.9039 R2 0.8622 R2s 0.8016 Var 0.8625 Vars 0.8041 Peak 0.1334
Epoch 163|time: 0.08s|train_loss 0.00015229|val_loss 0.00017431
Epoch 164|time: 0.08s|train_loss 0.00016295|val_loss 0.00017833
Epoch 165|time: 0.08s|train_loss 0.00016378|val_loss 0.00017385
Epoch 166|time: 0.08s|train_loss 0.00016236|val_loss 0.00017623
Epoch 167|time: 0.08s|train_loss 0.00015282|val_loss 0.00017765
Epoch 168|time: 0.08s|train_loss 0.00015492|val_loss 0.00017401
Epoch 169|time: 0.08s|train_loss 0.00015959|val_loss 0.00017720
Epoch 170|time: 0.07s|train_loss 0.00016846|val_loss 0.00017660
Epoch 171|time: 0.08s|train_loss 0.00015020|val_loss 0.00018111
Epoch 172|time: 0.08s|train_loss 0.00016005|val_loss 0.00017856
Epoch 173|time: 0.08s|train_loss 0.00015506|val_loss 0.00017870
Epoch 174|time: 0.08s|train_loss 0.00016469|val_loss 0.00017823
Epoch 175|time: 0.08s|train_loss 0.00016837|val_loss 0.00017944
Epoch 176|time: 0.08s|train_loss 0.00015950|val_loss 0.00018785
Epoch 177|time: 0.07s|train_loss 0.00017269|val_loss 0.00018439
Epoch 178|time: 0.08s|train_loss 0.00016563|val_loss 0.00017636
Epoch 179|time: 0.08s|train_loss 0.00016311|val_loss 0.00017146
Best validation epoch: 179 Sat May 13 00:50:32 2023
TEST MAE 0.2189 std 0.0721 RMSE 0.3467 RMSEs 0.3298 PCC 0.9323 PCCs 0.9066 R2 0.8649 R2s 0.8071 Var 0.8667 Vars 0.8111 Peak 0.1358
Epoch 180|time: 0.07s|train_loss 0.00015483|val_loss 0.00017216
Epoch 181|time: 0.08s|train_loss 0.00015734|val_loss 0.00017444
Epoch 182|time: 0.08s|train_loss 0.00015707|val_loss 0.00018010
Epoch 183|time: 0.08s|train_loss 0.00015953|val_loss 0.00018246
Epoch 184|time: 0.08s|train_loss 0.00015884|val_loss 0.00017311
Epoch 185|time: 0.07s|train_loss 0.00015975|val_loss 0.00017512
Epoch 186|time: 0.07s|train_loss 0.00016062|val_loss 0.00017428
Epoch 187|time: 0.07s|train_loss 0.00015123|val_loss 0.00017454
Epoch 188|time: 0.08s|train_loss 0.00017280|val_loss 0.00017111
Best validation epoch: 188 Sat May 13 00:50:33 2023
TEST MAE 0.2216 std 0.0712 RMSE 0.3522 RMSEs 0.3360 PCC 0.9302 PCCs 0.9027 R2 0.8606 R2s 0.7994 Var 0.8642 Vars 0.8059 Peak 0.1379
Epoch 189|time: 0.07s|train_loss 0.00017029|val_loss 0.00018769
Epoch 190|time: 0.08s|train_loss 0.00015889|val_loss 0.00017959
Epoch 191|time: 0.08s|train_loss 0.00017293|val_loss 0.00017427
Epoch 192|time: 0.07s|train_loss 0.00015896|val_loss 0.00017318
Epoch 193|time: 0.08s|train_loss 0.00015907|val_loss 0.00017549
Epoch 194|time: 0.08s|train_loss 0.00015035|val_loss 0.00017307
Epoch 195|time: 0.08s|train_loss 0.00016148|val_loss 0.00018157
Epoch 196|time: 0.08s|train_loss 0.00016746|val_loss 0.00017999
Epoch 197|time: 0.08s|train_loss 0.00019112|val_loss 0.00018544
Epoch 198|time: 0.08s|train_loss 0.00016647|val_loss 0.00016896
Best validation epoch: 198 Sat May 13 00:50:33 2023
TEST MAE 0.2302 std 0.0788 RMSE 0.3859 RMSEs 0.3638 PCC 0.9275 PCCs 0.9034 R2 0.8327 R2s 0.7625 Var 0.8335 Vars 0.7666 Peak 0.1409
Epoch 199|time: 0.07s|train_loss 0.00016232|val_loss 0.00017247
Epoch 200|time: 0.07s|train_loss 0.00017947|val_loss 0.00017256
Epoch 201|time: 0.08s|train_loss 0.00016002|val_loss 0.00017043
Epoch 202|time: 0.07s|train_loss 0.00016850|val_loss 0.00017143
Epoch 203|time: 0.08s|train_loss 0.00016062|val_loss 0.00017313
Epoch 204|time: 0.07s|train_loss 0.00016551|val_loss 0.00017530
Epoch 205|time: 0.08s|train_loss 0.00016596|val_loss 0.00017574
Epoch 206|time: 0.07s|train_loss 0.00016476|val_loss 0.00019945
Epoch 207|time: 0.08s|train_loss 0.00015891|val_loss 0.00017745
Epoch 208|time: 0.07s|train_loss 0.00016560|val_loss 0.00017288
Epoch 209|time: 0.08s|train_loss 0.00015796|val_loss 0.00017491
Epoch 210|time: 0.08s|train_loss 0.00015906|val_loss 0.00017280
Epoch 211|time: 0.08s|train_loss 0.00015262|val_loss 0.00017408
Epoch 212|time: 0.07s|train_loss 0.00016104|val_loss 0.00017179
Epoch 213|time: 0.08s|train_loss 0.00015323|val_loss 0.00018689
Epoch 214|time: 0.08s|train_loss 0.00018711|val_loss 0.00019222
Epoch 215|time: 0.08s|train_loss 0.00016424|val_loss 0.00021167
Epoch 216|time: 0.08s|train_loss 0.00016383|val_loss 0.00018358
Epoch 217|time: 0.07s|train_loss 0.00016927|val_loss 0.00019190
Epoch 218|time: 0.08s|train_loss 0.00015780|val_loss 0.00018797
Epoch 219|time: 0.07s|train_loss 0.00014746|val_loss 0.00017329
Epoch 220|time: 0.08s|train_loss 0.00014526|val_loss 0.00017403
Epoch 221|time: 0.07s|train_loss 0.00016092|val_loss 0.00018017
Epoch 222|time: 0.08s|train_loss 0.00015430|val_loss 0.00017948
Epoch 223|time: 0.08s|train_loss 0.00015605|val_loss 0.00017200
Epoch 224|time: 0.08s|train_loss 0.00015382|val_loss 0.00018920
Epoch 225|time: 0.08s|train_loss 0.00016318|val_loss 0.00018646
Epoch 226|time: 0.08s|train_loss 0.00015334|val_loss 0.00017173
Epoch 227|time: 0.08s|train_loss 0.00015665|val_loss 0.00017098
Epoch 228|time: 0.08s|train_loss 0.00014456|val_loss 0.00017755
Epoch 229|time: 0.08s|train_loss 0.00015795|val_loss 0.00017839
Epoch 230|time: 0.08s|train_loss 0.00016756|val_loss 0.00017615
Epoch 231|time: 0.07s|train_loss 0.00015910|val_loss 0.00018163
Epoch 232|time: 0.08s|train_loss 0.00017624|val_loss 0.00017846
Epoch 233|time: 0.07s|train_loss 0.00016042|val_loss 0.00018458
Epoch 234|time: 0.08s|train_loss 0.00016058|val_loss 0.00017760
Epoch 235|time: 0.07s|train_loss 0.00016377|val_loss 0.00017898
Epoch 236|time: 0.08s|train_loss 0.00015111|val_loss 0.00017521
Epoch 237|time: 0.08s|train_loss 0.00015591|val_loss 0.00017332
Epoch 238|time: 0.07s|train_loss 0.00014881|val_loss 0.00017419
Epoch 239|time: 0.08s|train_loss 0.00015301|val_loss 0.00017086
Epoch 240|time: 0.07s|train_loss 0.00016197|val_loss 0.00018198
Epoch 241|time: 0.08s|train_loss 0.00016130|val_loss 0.00017442
Epoch 242|time: 0.07s|train_loss 0.00015184|val_loss 0.00017407
Epoch 243|time: 0.07s|train_loss 0.00015170|val_loss 0.00017612
Epoch 244|time: 0.07s|train_loss 0.00015739|val_loss 0.00018986
Epoch 245|time: 0.07s|train_loss 0.00016228|val_loss 0.00017591
Epoch 246|time: 0.08s|train_loss 0.00015620|val_loss 0.00017347
Epoch 247|time: 0.07s|train_loss 0.00015187|val_loss 0.00016999
Epoch 248|time: 0.08s|train_loss 0.00015536|val_loss 0.00017053
Epoch 249|time: 0.07s|train_loss 0.00014771|val_loss 0.00017200
Epoch 250|time: 0.08s|train_loss 0.00014700|val_loss 0.00017546
Epoch 251|time: 0.08s|train_loss 0.00015149|val_loss 0.00017530
Epoch 252|time: 0.08s|train_loss 0.00016600|val_loss 0.00017759
Epoch 253|time: 0.08s|train_loss 0.00015177|val_loss 0.00017115
Epoch 254|time: 0.08s|train_loss 0.00017290|val_loss 0.00018509
Epoch 255|time: 0.08s|train_loss 0.00015992|val_loss 0.00017380
Epoch 256|time: 0.08s|train_loss 0.00017851|val_loss 0.00019900
Epoch 257|time: 0.08s|train_loss 0.00016314|val_loss 0.00017551
Epoch 258|time: 0.08s|train_loss 0.00018003|val_loss 0.00018670
Epoch 259|time: 0.07s|train_loss 0.00016744|val_loss 0.00018044
Epoch 260|time: 0.08s|train_loss 0.00016156|val_loss 0.00016663
Best validation epoch: 260 Sat May 13 00:50:38 2023
TEST MAE 0.2236 std 0.0728 RMSE 0.3826 RMSEs 0.3622 PCC 0.9251 PCCs 0.8973 R2 0.8355 R2s 0.7636 Var 0.8375 Vars 0.7700 Peak 0.1361
Epoch 261|time: 0.08s|train_loss 0.00016784|val_loss 0.00017605
Epoch 262|time: 0.07s|train_loss 0.00015425|val_loss 0.00018181
Epoch 263|time: 0.08s|train_loss 0.00015514|val_loss 0.00017119
Epoch 264|time: 0.08s|train_loss 0.00015615|val_loss 0.00017798
Epoch 265|time: 0.08s|train_loss 0.00016330|val_loss 0.00019309
Epoch 266|time: 0.08s|train_loss 0.00015898|val_loss 0.00017543
Epoch 267|time: 0.07s|train_loss 0.00016229|val_loss 0.00018028
Epoch 268|time: 0.08s|train_loss 0.00015553|val_loss 0.00018983
Epoch 269|time: 0.08s|train_loss 0.00015687|val_loss 0.00017558
Epoch 270|time: 0.07s|train_loss 0.00015810|val_loss 0.00016795
Epoch 271|time: 0.08s|train_loss 0.00015658|val_loss 0.00018325
Epoch 272|time: 0.07s|train_loss 0.00016329|val_loss 0.00017940
Epoch 273|time: 0.08s|train_loss 0.00016578|val_loss 0.00019102
Epoch 274|time: 0.08s|train_loss 0.00015400|val_loss 0.00017290
Epoch 275|time: 0.07s|train_loss 0.00014442|val_loss 0.00017624
Epoch 276|time: 0.08s|train_loss 0.00016055|val_loss 0.00016764
Epoch 277|time: 0.08s|train_loss 0.00015432|val_loss 0.00017294
Epoch 278|time: 0.08s|train_loss 0.00015572|val_loss 0.00017705
Epoch 279|time: 0.08s|train_loss 0.00014999|val_loss 0.00017092
Epoch 280|time: 0.07s|train_loss 0.00014465|val_loss 0.00017332
Epoch 281|time: 0.08s|train_loss 0.00015425|val_loss 0.00017105
Epoch 282|time: 0.07s|train_loss 0.00015446|val_loss 0.00018068
Epoch 283|time: 0.08s|train_loss 0.00016066|val_loss 0.00017645
Epoch 284|time: 0.08s|train_loss 0.00015541|val_loss 0.00018075
Epoch 285|time: 0.07s|train_loss 0.00015171|val_loss 0.00017899
Epoch 286|time: 0.08s|train_loss 0.00015766|val_loss 0.00020016
Epoch 287|time: 0.08s|train_loss 0.00016868|val_loss 0.00017741
Epoch 288|time: 0.08s|train_loss 0.00015361|val_loss 0.00017558
Epoch 289|time: 0.08s|train_loss 0.00017481|val_loss 0.00016893
Epoch 290|time: 0.07s|train_loss 0.00015893|val_loss 0.00017981
Epoch 291|time: 0.08s|train_loss 0.00015436|val_loss 0.00017175
Epoch 292|time: 0.07s|train_loss 0.00014370|val_loss 0.00017288
Epoch 293|time: 0.08s|train_loss 0.00014797|val_loss 0.00016869
Epoch 294|time: 0.08s|train_loss 0.00015446|val_loss 0.00016866
Epoch 295|time: 0.08s|train_loss 0.00015249|val_loss 0.00017245
Epoch 296|time: 0.08s|train_loss 0.00015398|val_loss 0.00017141
Epoch 297|time: 0.07s|train_loss 0.00015951|val_loss 0.00017123
Epoch 298|time: 0.08s|train_loss 0.00016944|val_loss 0.00018699
Epoch 299|time: 0.08s|train_loss 0.00016059|val_loss 0.00020526
Epoch 300|time: 0.08s|train_loss 0.00016095|val_loss 0.00017890
Epoch 301|time: 0.08s|train_loss 0.00015340|val_loss 0.00016952
Epoch 302|time: 0.08s|train_loss 0.00014864|val_loss 0.00017397
Epoch 303|time: 0.08s|train_loss 0.00016034|val_loss 0.00017346
Epoch 304|time: 0.08s|train_loss 0.00015488|val_loss 0.00017725
Epoch 305|time: 0.07s|train_loss 0.00015149|val_loss 0.00017058
Epoch 306|time: 0.07s|train_loss 0.00014967|val_loss 0.00017583
Epoch 307|time: 0.08s|train_loss 0.00016669|val_loss 0.00016854
Epoch 308|time: 0.08s|train_loss 0.00015192|val_loss 0.00016971
Epoch 309|time: 0.07s|train_loss 0.00016643|val_loss 0.00017851
Epoch 310|time: 0.07s|train_loss 0.00015997|val_loss 0.00017895
Epoch 311|time: 0.07s|train_loss 0.00015108|val_loss 0.00017531
Epoch 312|time: 0.08s|train_loss 0.00016164|val_loss 0.00017323
Epoch 313|time: 0.08s|train_loss 0.00015402|val_loss 0.00018137
Epoch 314|time: 0.07s|train_loss 0.00014814|val_loss 0.00017170
Epoch 315|time: 0.07s|train_loss 0.00015466|val_loss 0.00016947
Epoch 316|time: 0.08s|train_loss 0.00015110|val_loss 0.00017387
Epoch 317|time: 0.07s|train_loss 0.00015151|val_loss 0.00017546
Epoch 318|time: 0.08s|train_loss 0.00016016|val_loss 0.00017337
Epoch 319|time: 0.08s|train_loss 0.00015345|val_loss 0.00017246
Epoch 320|time: 0.08s|train_loss 0.00014670|val_loss 0.00017249
Epoch 321|time: 0.07s|train_loss 0.00016258|val_loss 0.00017804
Epoch 322|time: 0.08s|train_loss 0.00015052|val_loss 0.00017833
Epoch 323|time: 0.08s|train_loss 0.00016274|val_loss 0.00017386
Epoch 324|time: 0.08s|train_loss 0.00014884|val_loss 0.00017505
Epoch 325|time: 0.08s|train_loss 0.00014443|val_loss 0.00016903
Epoch 326|time: 0.07s|train_loss 0.00016000|val_loss 0.00016912
Epoch 327|time: 0.08s|train_loss 0.00015986|val_loss 0.00016906
Epoch 328|time: 0.07s|train_loss 0.00015524|val_loss 0.00017255
Epoch 329|time: 0.08s|train_loss 0.00014439|val_loss 0.00017168
Epoch 330|time: 0.08s|train_loss 0.00014483|val_loss 0.00016923
Epoch 331|time: 0.08s|train_loss 0.00014437|val_loss 0.00017208
Epoch 332|time: 0.07s|train_loss 0.00014882|val_loss 0.00017117
Epoch 333|time: 0.08s|train_loss 0.00015749|val_loss 0.00016958
Epoch 334|time: 0.08s|train_loss 0.00016025|val_loss 0.00017296
Epoch 335|time: 0.08s|train_loss 0.00014830|val_loss 0.00017004
Epoch 336|time: 0.08s|train_loss 0.00014969|val_loss 0.00018586
Epoch 337|time: 0.08s|train_loss 0.00015268|val_loss 0.00017909
Epoch 338|time: 0.08s|train_loss 0.00016400|val_loss 0.00017403
Epoch 339|time: 0.08s|train_loss 0.00015940|val_loss 0.00020917
Epoch 340|time: 0.08s|train_loss 0.00016246|val_loss 0.00017341
Epoch 341|time: 0.08s|train_loss 0.00016426|val_loss 0.00018813
Epoch 342|time: 0.07s|train_loss 0.00015818|val_loss 0.00017764
Epoch 343|time: 0.08s|train_loss 0.00015386|val_loss 0.00016784
Epoch 344|time: 0.07s|train_loss 0.00014616|val_loss 0.00017411
Epoch 345|time: 0.08s|train_loss 0.00014560|val_loss 0.00016939
Epoch 346|time: 0.07s|train_loss 0.00015061|val_loss 0.00017034
Epoch 347|time: 0.08s|train_loss 0.00014294|val_loss 0.00018520
Epoch 348|time: 0.08s|train_loss 0.00014989|val_loss 0.00016968
Epoch 349|time: 0.08s|train_loss 0.00015762|val_loss 0.00017081
Epoch 350|time: 0.08s|train_loss 0.00015309|val_loss 0.00017663
Epoch 351|time: 0.08s|train_loss 0.00014417|val_loss 0.00017411
Epoch 352|time: 0.08s|train_loss 0.00015677|val_loss 0.00017490
Epoch 353|time: 0.07s|train_loss 0.00014676|val_loss 0.00017014
Epoch 354|time: 0.07s|train_loss 0.00014982|val_loss 0.00018062
Epoch 355|time: 0.08s|train_loss 0.00014746|val_loss 0.00016921
Epoch 356|time: 0.08s|train_loss 0.00014123|val_loss 0.00017138
Epoch 357|time: 0.08s|train_loss 0.00014749|val_loss 0.00017077
Epoch 358|time: 0.08s|train_loss 0.00015380|val_loss 0.00019630
Epoch 359|time: 0.07s|train_loss 0.00016428|val_loss 0.00018325
Epoch 360|time: 0.08s|train_loss 0.00015993|val_loss 0.00017428
Epoch 361|time: 0.08s|train_loss 0.00014683|val_loss 0.00017113
Epoch 362|time: 0.08s|train_loss 0.00014495|val_loss 0.00017142
Epoch 363|time: 0.08s|train_loss 0.00014820|val_loss 0.00017104
Epoch 364|time: 0.07s|train_loss 0.00015610|val_loss 0.00017769
Epoch 365|time: 0.08s|train_loss 0.00014416|val_loss 0.00018270
Epoch 366|time: 0.08s|train_loss 0.00014274|val_loss 0.00016811
Epoch 367|time: 0.07s|train_loss 0.00014841|val_loss 0.00017192
Epoch 368|time: 0.08s|train_loss 0.00014457|val_loss 0.00017632
Epoch 369|time: 0.07s|train_loss 0.00017391|val_loss 0.00017399
Epoch 370|time: 0.08s|train_loss 0.00015203|val_loss 0.00017838
Epoch 371|time: 0.08s|train_loss 0.00015143|val_loss 0.00016944
Epoch 372|time: 0.08s|train_loss 0.00015026|val_loss 0.00017212
Epoch 373|time: 0.08s|train_loss 0.00017615|val_loss 0.00016834
Epoch 374|time: 0.08s|train_loss 0.00015310|val_loss 0.00016751
Epoch 375|time: 0.08s|train_loss 0.00015019|val_loss 0.00017078
Epoch 376|time: 0.08s|train_loss 0.00014870|val_loss 0.00017466
Epoch 377|time: 0.08s|train_loss 0.00015233|val_loss 0.00017471
Epoch 378|time: 0.08s|train_loss 0.00015279|val_loss 0.00018067
Epoch 379|time: 0.08s|train_loss 0.00015214|val_loss 0.00017244
Epoch 380|time: 0.07s|train_loss 0.00017474|val_loss 0.00016796
Epoch 381|time: 0.07s|train_loss 0.00015466|val_loss 0.00016579
Best validation epoch: 381 Sat May 13 00:50:47 2023
TEST MAE 0.2256 std 0.0773 RMSE 0.3686 RMSEs 0.3475 PCC 0.9287 PCCs 0.9052 R2 0.8473 R2s 0.7846 Var 0.8477 Vars 0.7864 Peak 0.1400
Epoch 382|time: 0.08s|train_loss 0.00015052|val_loss 0.00017002
Epoch 383|time: 0.07s|train_loss 0.00015300|val_loss 0.00017285
Epoch 384|time: 0.08s|train_loss 0.00015068|val_loss 0.00017463
Epoch 385|time: 0.07s|train_loss 0.00014723|val_loss 0.00016844
Epoch 386|time: 0.08s|train_loss 0.00015581|val_loss 0.00017278
Epoch 387|time: 0.07s|train_loss 0.00014822|val_loss 0.00017357
Epoch 388|time: 0.08s|train_loss 0.00015853|val_loss 0.00018514
Epoch 389|time: 0.08s|train_loss 0.00014710|val_loss 0.00018844
Epoch 390|time: 0.07s|train_loss 0.00015264|val_loss 0.00017352
Epoch 391|time: 0.08s|train_loss 0.00014847|val_loss 0.00016846
Epoch 392|time: 0.07s|train_loss 0.00015680|val_loss 0.00017883
Epoch 393|time: 0.08s|train_loss 0.00017421|val_loss 0.00016582
Epoch 394|time: 0.08s|train_loss 0.00014500|val_loss 0.00016921
Epoch 395|time: 0.08s|train_loss 0.00014431|val_loss 0.00017013
Epoch 396|time: 0.08s|train_loss 0.00015142|val_loss 0.00017488
Epoch 397|time: 0.08s|train_loss 0.00014290|val_loss 0.00017260
Epoch 398|time: 0.07s|train_loss 0.00015002|val_loss 0.00017546
Epoch 399|time: 0.08s|train_loss 0.00015120|val_loss 0.00016860
Epoch 400|time: 0.08s|train_loss 0.00015118|val_loss 0.00016904
Epoch 401|time: 0.07s|train_loss 0.00015706|val_loss 0.00016720
Epoch 402|time: 0.07s|train_loss 0.00015343|val_loss 0.00018674
Epoch 403|time: 0.08s|train_loss 0.00015601|val_loss 0.00017590
Epoch 404|time: 0.07s|train_loss 0.00014716|val_loss 0.00017311
Epoch 405|time: 0.08s|train_loss 0.00014059|val_loss 0.00016849
Epoch 406|time: 0.08s|train_loss 0.00013941|val_loss 0.00017080
Epoch 407|time: 0.08s|train_loss 0.00014869|val_loss 0.00017027
Epoch 408|time: 0.08s|train_loss 0.00014563|val_loss 0.00016929
Epoch 409|time: 0.07s|train_loss 0.00014434|val_loss 0.00017013
Epoch 410|time: 0.08s|train_loss 0.00014346|val_loss 0.00017491
Epoch 411|time: 0.08s|train_loss 0.00014670|val_loss 0.00017047
Epoch 412|time: 0.07s|train_loss 0.00014380|val_loss 0.00016923
Epoch 413|time: 0.08s|train_loss 0.00014758|val_loss 0.00017017
Epoch 414|time: 0.07s|train_loss 0.00014515|val_loss 0.00017478
Epoch 415|time: 0.08s|train_loss 0.00014064|val_loss 0.00016706
Epoch 416|time: 0.08s|train_loss 0.00016306|val_loss 0.00017017
Epoch 417|time: 0.08s|train_loss 0.00014977|val_loss 0.00016738
Epoch 418|time: 0.08s|train_loss 0.00016367|val_loss 0.00016410
Best validation epoch: 418 Sat May 13 00:50:50 2023
TEST MAE 0.2164 std 0.0716 RMSE 0.3521 RMSEs 0.3335 PCC 0.9307 PCCs 0.9052 R2 0.8608 R2s 0.8021 Var 0.8614 Vars 0.8042 Peak 0.1336
Epoch 419|time: 0.07s|train_loss 0.00014871|val_loss 0.00017159
Epoch 420|time: 0.08s|train_loss 0.00014782|val_loss 0.00017015
Epoch 421|time: 0.08s|train_loss 0.00014306|val_loss 0.00017087
Epoch 422|time: 0.07s|train_loss 0.00015447|val_loss 0.00016942
Epoch 423|time: 0.07s|train_loss 0.00015997|val_loss 0.00017637
Epoch 424|time: 0.08s|train_loss 0.00016304|val_loss 0.00019868
Epoch 425|time: 0.07s|train_loss 0.00015361|val_loss 0.00017593
Epoch 426|time: 0.08s|train_loss 0.00014769|val_loss 0.00018076
Epoch 427|time: 0.08s|train_loss 0.00015224|val_loss 0.00017008
Epoch 428|time: 0.08s|train_loss 0.00015770|val_loss 0.00017296
Epoch 429|time: 0.08s|train_loss 0.00016145|val_loss 0.00017801
Epoch 430|time: 0.07s|train_loss 0.00014977|val_loss 0.00016564
Epoch 431|time: 0.07s|train_loss 0.00014027|val_loss 0.00017188
Epoch 432|time: 0.08s|train_loss 0.00014286|val_loss 0.00017140
Epoch 433|time: 0.08s|train_loss 0.00014105|val_loss 0.00017103
Epoch 434|time: 0.07s|train_loss 0.00014912|val_loss 0.00018445
Epoch 435|time: 0.08s|train_loss 0.00015983|val_loss 0.00018671
Epoch 436|time: 0.08s|train_loss 0.00014965|val_loss 0.00016908
Epoch 437|time: 0.07s|train_loss 0.00014262|val_loss 0.00017114
Epoch 438|time: 0.07s|train_loss 0.00014316|val_loss 0.00016849
Epoch 439|time: 0.08s|train_loss 0.00014272|val_loss 0.00016997
Epoch 440|time: 0.07s|train_loss 0.00015323|val_loss 0.00016835
Epoch 441|time: 0.08s|train_loss 0.00014234|val_loss 0.00017388
Epoch 442|time: 0.08s|train_loss 0.00014459|val_loss 0.00016885
Epoch 443|time: 0.08s|train_loss 0.00014721|val_loss 0.00017192
Epoch 444|time: 0.08s|train_loss 0.00015005|val_loss 0.00016744
Epoch 445|time: 0.08s|train_loss 0.00014220|val_loss 0.00017306
Epoch 446|time: 0.08s|train_loss 0.00014271|val_loss 0.00017205
Epoch 447|time: 0.08s|train_loss 0.00013812|val_loss 0.00017243
Epoch 448|time: 0.07s|train_loss 0.00015312|val_loss 0.00016865
Epoch 449|time: 0.08s|train_loss 0.00014600|val_loss 0.00017587
Epoch 450|time: 0.07s|train_loss 0.00014582|val_loss 0.00017239
Epoch 451|time: 0.08s|train_loss 0.00014106|val_loss 0.00016855
Epoch 452|time: 0.08s|train_loss 0.00014902|val_loss 0.00017151
Epoch 453|time: 0.08s|train_loss 0.00013996|val_loss 0.00017108
Epoch 454|time: 0.08s|train_loss 0.00016309|val_loss 0.00017451
Epoch 455|time: 0.07s|train_loss 0.00014633|val_loss 0.00016974
Epoch 456|time: 0.08s|train_loss 0.00014330|val_loss 0.00016844
Epoch 457|time: 0.08s|train_loss 0.00017840|val_loss 0.00017147
Epoch 458|time: 0.08s|train_loss 0.00014305|val_loss 0.00017158
Epoch 459|time: 0.08s|train_loss 0.00014049|val_loss 0.00016705
Epoch 460|time: 0.08s|train_loss 0.00014203|val_loss 0.00017366
Epoch 461|time: 0.08s|train_loss 0.00014700|val_loss 0.00017929
Epoch 462|time: 0.08s|train_loss 0.00014532|val_loss 0.00016855
Epoch 463|time: 0.07s|train_loss 0.00014155|val_loss 0.00017127
Epoch 464|time: 0.08s|train_loss 0.00014836|val_loss 0.00017673
Epoch 465|time: 0.08s|train_loss 0.00014819|val_loss 0.00017543
Epoch 466|time: 0.07s|train_loss 0.00013438|val_loss 0.00017221
Epoch 467|time: 0.07s|train_loss 0.00014506|val_loss 0.00017237
Epoch 468|time: 0.07s|train_loss 0.00015171|val_loss 0.00016895
Epoch 469|time: 0.08s|train_loss 0.00014814|val_loss 0.00017162
Epoch 470|time: 0.07s|train_loss 0.00013990|val_loss 0.00017644
Epoch 471|time: 0.08s|train_loss 0.00016401|val_loss 0.00016943
Epoch 472|time: 0.07s|train_loss 0.00014348|val_loss 0.00016934
Epoch 473|time: 0.08s|train_loss 0.00015208|val_loss 0.00017116
Epoch 474|time: 0.08s|train_loss 0.00014646|val_loss 0.00016721
Epoch 475|time: 0.07s|train_loss 0.00015193|val_loss 0.00018008
Epoch 476|time: 0.07s|train_loss 0.00014929|val_loss 0.00017618
Epoch 477|time: 0.07s|train_loss 0.00015550|val_loss 0.00016922
Epoch 478|time: 0.07s|train_loss 0.00015218|val_loss 0.00016992
Epoch 479|time: 0.08s|train_loss 0.00016410|val_loss 0.00016843
Epoch 480|time: 0.07s|train_loss 0.00014343|val_loss 0.00017028
Epoch 481|time: 0.07s|train_loss 0.00014189|val_loss 0.00017351
Epoch 482|time: 0.08s|train_loss 0.00014611|val_loss 0.00016787
Epoch 483|time: 0.08s|train_loss 0.00014627|val_loss 0.00017412
Epoch 484|time: 0.08s|train_loss 0.00015644|val_loss 0.00016836
Epoch 485|time: 0.07s|train_loss 0.00016607|val_loss 0.00019361
Epoch 486|time: 0.08s|train_loss 0.00015463|val_loss 0.00017988
Epoch 487|time: 0.08s|train_loss 0.00014057|val_loss 0.00017006
Epoch 488|time: 0.08s|train_loss 0.00014007|val_loss 0.00016856
Epoch 489|time: 0.07s|train_loss 0.00014440|val_loss 0.00017715
Epoch 490|time: 0.08s|train_loss 0.00014463|val_loss 0.00016889
Epoch 491|time: 0.07s|train_loss 0.00014169|val_loss 0.00017070
Epoch 492|time: 0.08s|train_loss 0.00013151|val_loss 0.00017182
Epoch 493|time: 0.08s|train_loss 0.00014200|val_loss 0.00016971
Epoch 494|time: 0.08s|train_loss 0.00013922|val_loss 0.00017132
Epoch 495|time: 0.08s|train_loss 0.00013899|val_loss 0.00017239
Epoch 496|time: 0.08s|train_loss 0.00014655|val_loss 0.00016828
Epoch 497|time: 0.08s|train_loss 0.00015809|val_loss 0.00017401
Epoch 498|time: 0.08s|train_loss 0.00014068|val_loss 0.00016882
Epoch 499|time: 0.08s|train_loss 0.00014187|val_loss 0.00016773
Epoch 500|time: 0.08s|train_loss 0.00013852|val_loss 0.00017049
Epoch 501|time: 0.08s|train_loss 0.00013729|val_loss 0.00016933
Epoch 502|time: 0.07s|train_loss 0.00013984|val_loss 0.00016749
Epoch 503|time: 0.08s|train_loss 0.00013735|val_loss 0.00016812
Epoch 504|time: 0.07s|train_loss 0.00013759|val_loss 0.00016971
Epoch 505|time: 0.07s|train_loss 0.00014879|val_loss 0.00016930
Epoch 506|time: 0.07s|train_loss 0.00014408|val_loss 0.00017659
Epoch 507|time: 0.07s|train_loss 0.00014127|val_loss 0.00017298
Epoch 508|time: 0.08s|train_loss 0.00016448|val_loss 0.00017546
Epoch 509|time: 0.08s|train_loss 0.00014989|val_loss 0.00017218
Epoch 510|time: 0.08s|train_loss 0.00015142|val_loss 0.00017321
Epoch 511|time: 0.07s|train_loss 0.00015016|val_loss 0.00019100
Epoch 512|time: 0.07s|train_loss 0.00014767|val_loss 0.00017016
Epoch 513|time: 0.08s|train_loss 0.00016119|val_loss 0.00017181
Epoch 514|time: 0.08s|train_loss 0.00016430|val_loss 0.00017555
Epoch 515|time: 0.07s|train_loss 0.00015227|val_loss 0.00018881
Epoch 516|time: 0.07s|train_loss 0.00014351|val_loss 0.00017209
Epoch 517|time: 0.07s|train_loss 0.00015771|val_loss 0.00016882
Epoch 518|time: 0.08s|train_loss 0.00014793|val_loss 0.00019355
Epoch 519|time: 0.07s|train_loss 0.00016478|val_loss 0.00018899
Epoch 520|time: 0.08s|train_loss 0.00014843|val_loss 0.00017968
Epoch 521|time: 0.08s|train_loss 0.00015199|val_loss 0.00018050
Epoch 522|time: 0.08s|train_loss 0.00015253|val_loss 0.00017207
Epoch 523|time: 0.08s|train_loss 0.00014556|val_loss 0.00017062
Epoch 524|time: 0.08s|train_loss 0.00014047|val_loss 0.00017840
Epoch 525|time: 0.07s|train_loss 0.00013731|val_loss 0.00017095
Epoch 526|time: 0.08s|train_loss 0.00014891|val_loss 0.00016912
Epoch 527|time: 0.08s|train_loss 0.00013363|val_loss 0.00017561
Epoch 528|time: 0.07s|train_loss 0.00013763|val_loss 0.00016709
Epoch 529|time: 0.07s|train_loss 0.00014807|val_loss 0.00016810
Epoch 530|time: 0.08s|train_loss 0.00013897|val_loss 0.00017229
Epoch 531|time: 0.08s|train_loss 0.00013544|val_loss 0.00017048
Epoch 532|time: 0.08s|train_loss 0.00014178|val_loss 0.00017106
Epoch 533|time: 0.08s|train_loss 0.00015174|val_loss 0.00018348
Epoch 534|time: 0.08s|train_loss 0.00015382|val_loss 0.00017814
Epoch 535|time: 0.08s|train_loss 0.00014606|val_loss 0.00017483
Epoch 536|time: 0.08s|train_loss 0.00015075|val_loss 0.00018160
Epoch 537|time: 0.07s|train_loss 0.00015448|val_loss 0.00016900
Epoch 538|time: 0.08s|train_loss 0.00013590|val_loss 0.00017227
Epoch 539|time: 0.08s|train_loss 0.00014179|val_loss 0.00017319
Epoch 540|time: 0.08s|train_loss 0.00013794|val_loss 0.00017530
Epoch 541|time: 0.08s|train_loss 0.00014511|val_loss 0.00017237
Epoch 542|time: 0.08s|train_loss 0.00014034|val_loss 0.00018063
Epoch 543|time: 0.07s|train_loss 0.00013959|val_loss 0.00016843
Epoch 544|time: 0.07s|train_loss 0.00013748|val_loss 0.00017099
Epoch 545|time: 0.07s|train_loss 0.00013866|val_loss 0.00017695
Epoch 546|time: 0.08s|train_loss 0.00013743|val_loss 0.00016892
Epoch 547|time: 0.07s|train_loss 0.00014022|val_loss 0.00017140
Epoch 548|time: 0.08s|train_loss 0.00014466|val_loss 0.00017172
Epoch 549|time: 0.08s|train_loss 0.00013803|val_loss 0.00016861
Epoch 550|time: 0.08s|train_loss 0.00013362|val_loss 0.00017771
Epoch 551|time: 0.08s|train_loss 0.00014683|val_loss 0.00017251
Epoch 552|time: 0.08s|train_loss 0.00013617|val_loss 0.00016976
Epoch 553|time: 0.08s|train_loss 0.00013742|val_loss 0.00017769
Epoch 554|time: 0.07s|train_loss 0.00015067|val_loss 0.00017008
Epoch 555|time: 0.08s|train_loss 0.00013849|val_loss 0.00016865
Epoch 556|time: 0.07s|train_loss 0.00014414|val_loss 0.00017637
Epoch 557|time: 0.07s|train_loss 0.00013475|val_loss 0.00016748
Epoch 558|time: 0.08s|train_loss 0.00013648|val_loss 0.00017020
Epoch 559|time: 0.07s|train_loss 0.00013272|val_loss 0.00017953
Epoch 560|time: 0.08s|train_loss 0.00013469|val_loss 0.00016937
Epoch 561|time: 0.08s|train_loss 0.00015344|val_loss 0.00017245
Epoch 562|time: 0.08s|train_loss 0.00013664|val_loss 0.00018114
Epoch 563|time: 0.08s|train_loss 0.00013605|val_loss 0.00018095
Epoch 564|time: 0.08s|train_loss 0.00016023|val_loss 0.00016808
Epoch 565|time: 0.08s|train_loss 0.00014730|val_loss 0.00016655
Epoch 566|time: 0.08s|train_loss 0.00014802|val_loss 0.00017578
Epoch 567|time: 0.08s|train_loss 0.00014356|val_loss 0.00017928
Epoch 568|time: 0.08s|train_loss 0.00015212|val_loss 0.00017367
Epoch 569|time: 0.08s|train_loss 0.00016562|val_loss 0.00019495
Epoch 570|time: 0.07s|train_loss 0.00016640|val_loss 0.00018226
Epoch 571|time: 0.08s|train_loss 0.00015179|val_loss 0.00016684
Epoch 572|time: 0.08s|train_loss 0.00014519|val_loss 0.00017104
Epoch 573|time: 0.08s|train_loss 0.00014252|val_loss 0.00017323
Epoch 574|time: 0.07s|train_loss 0.00013066|val_loss 0.00016931
Epoch 575|time: 0.07s|train_loss 0.00013126|val_loss 0.00017144
Epoch 576|time: 0.08s|train_loss 0.00014017|val_loss 0.00017828
Epoch 577|time: 0.08s|train_loss 0.00014325|val_loss 0.00017092
Epoch 578|time: 0.08s|train_loss 0.00015176|val_loss 0.00016871
Epoch 579|time: 0.08s|train_loss 0.00013587|val_loss 0.00017317
Epoch 580|time: 0.07s|train_loss 0.00014314|val_loss 0.00017050
Epoch 581|time: 0.08s|train_loss 0.00013381|val_loss 0.00017079
Epoch 582|time: 0.08s|train_loss 0.00014474|val_loss 0.00017313
Epoch 583|time: 0.07s|train_loss 0.00016089|val_loss 0.00017121
Epoch 584|time: 0.08s|train_loss 0.00014229|val_loss 0.00019287
Epoch 585|time: 0.08s|train_loss 0.00015282|val_loss 0.00017058
Epoch 586|time: 0.08s|train_loss 0.00013437|val_loss 0.00017307
Epoch 587|time: 0.08s|train_loss 0.00013574|val_loss 0.00017095
Epoch 588|time: 0.07s|train_loss 0.00014688|val_loss 0.00017195
Epoch 589|time: 0.08s|train_loss 0.00013903|val_loss 0.00017649
Epoch 590|time: 0.08s|train_loss 0.00014868|val_loss 0.00018980
Epoch 591|time: 0.07s|train_loss 0.00015678|val_loss 0.00019087
Epoch 592|time: 0.08s|train_loss 0.00013948|val_loss 0.00018013
Epoch 593|time: 0.08s|train_loss 0.00015259|val_loss 0.00016457
Epoch 594|time: 0.07s|train_loss 0.00014831|val_loss 0.00018677
Epoch 595|time: 0.08s|train_loss 0.00014938|val_loss 0.00018867
Epoch 596|time: 0.08s|train_loss 0.00015111|val_loss 0.00017380
Epoch 597|time: 0.08s|train_loss 0.00013712|val_loss 0.00017227
Epoch 598|time: 0.08s|train_loss 0.00013353|val_loss 0.00017142
Epoch 599|time: 0.08s|train_loss 0.00014121|val_loss 0.00017559
Epoch 600|time: 0.08s|train_loss 0.00013362|val_loss 0.00017287
Epoch 601|time: 0.08s|train_loss 0.00013997|val_loss 0.00017159
Epoch 602|time: 0.08s|train_loss 0.00013354|val_loss 0.00016877
Epoch 603|time: 0.07s|train_loss 0.00013943|val_loss 0.00016855
Epoch 604|time: 0.07s|train_loss 0.00013630|val_loss 0.00017133
Epoch 605|time: 0.07s|train_loss 0.00013603|val_loss 0.00017308
Epoch 606|time: 0.08s|train_loss 0.00013928|val_loss 0.00017523
Epoch 607|time: 0.08s|train_loss 0.00013427|val_loss 0.00017399
Epoch 608|time: 0.07s|train_loss 0.00014852|val_loss 0.00017032
Epoch 609|time: 0.08s|train_loss 0.00013335|val_loss 0.00017778
Epoch 610|time: 0.08s|train_loss 0.00014603|val_loss 0.00016829
Epoch 611|time: 0.08s|train_loss 0.00013359|val_loss 0.00017197
Epoch 612|time: 0.08s|train_loss 0.00014327|val_loss 0.00017570
Epoch 613|time: 0.08s|train_loss 0.00014161|val_loss 0.00017358
Epoch 614|time: 0.08s|train_loss 0.00014787|val_loss 0.00017396
Epoch 615|time: 0.08s|train_loss 0.00014140|val_loss 0.00017308
Epoch 616|time: 0.07s|train_loss 0.00014985|val_loss 0.00018357
Epoch 617|time: 0.08s|train_loss 0.00015080|val_loss 0.00018341
Epoch 618|time: 0.08s|train_loss 0.00015308|val_loss 0.00016558
Final evaluation
TEST MAE 0.2164 | std 0.0716 | RMSE 0.3521 | RMSEs 0.3335 | PCC 0.9307 | PCCs 0.9052 | R2 0.8608 | R2s 0.8021 | Var 0.8614 | Vars 0.8042 | Peak 0.1336
